# D = 0, E = 1, I = 1, P = 1, R = -1, n = 2000, N = 1, P = 1, w = 1, a = 0.0001, b = 10000, e = 1, f = 1, g = 100, h = 0.01, r = 30763, s = 1, S = 0, x = 10, m = 100, Z = 1, z = 0, T = 1, t = 1
# 6143 tokens in 266 sentences
#
# It	Temp	Time	-logP	-logPcorpus	-logPrior	tables	same	changed	reject	default_pya	(parent pym pyn pya pyb)*
0	1	0.85187	24662.7	24548.9	113.764	1873	0	266	0	0.0001 Colloc0 1873 2651 0.0001 10000
10	1	11.8952	19460.5	19448.9	11.6245	595	32	234	2	0.0001 Colloc0 595 2665 0.131226 182.452
20	1	22.2526	18956.5	18945	11.5104	524	53	213	4	0.0001 Colloc0 524 2654 0.0536029 175.112
30	1	32.643	18656.4	18645.5	10.9775	516	56	210	4	0.0001 Colloc0 516 2610 0.103481 142.338
40	1	43.2284	18481.2	18470.3	10.9013	524	68	198	2	0.0001 Colloc0 524 2570 0.122712 137.87
50	1	54.0948	18321.5	18309.7	11.7884	513	72	194	3	0.0001 Colloc0 513 2572 0.000668081 193.183
60	1	64.9021	18235.4	18224.2	11.2416	514	83	183	2	0.0001 Colloc0 514 2551 0.0653887 158.255
70	1	75.6385	18157.5	18146.1	11.3647	490	78	188	2	0.0001 Colloc0 490 2558 0.0898191 165.896
80	1	86.0129	18187.4	18176.2	11.2595	508	81	185	0	0.0001 Colloc0 508 2530 0.134161 159.353
90	1	96.9293	18061.1	18050.3	10.8013	493	76	190	2	0.0001 Colloc0 493 2529 0.132255 132.102
100	1	107.616	18092.7	18081.9	10.7228	506	69	197	3	0.0001 Colloc0 506 2536 0.177463 127.65
110	1	117.995	18040.7	18029	11.7245	490	76	190	1	0.0001 Colloc0 490 2536 0.0730809 188.978
120	1	128.925	18065.5	18054.3	11.2405	513	75	191	3	0.0001 Colloc0 513 2516 0.0791542 158.182
130	1	139.983	18159.1	18147.7	11.4486	514	63	203	2	0.0001 Colloc0 514 2531 0.0706419 171.178
140	1	151.185	17998	17986.9	11.0332	518	69	197	3	0.0001 Colloc0 518 2511 0.117481 145.639
150	1	162.355	17964.4	17953.1	11.347	508	67	199	1	0.0001 Colloc0 508 2496 0.0303438 164.786
160	1	172.794	17737.2	17725.8	11.3952	482	92	174	1	0.0001 Colloc0 482 2439 0.0850164 167.805
170	1	183.167	17658	17647	10.9367	457	89	177	0	0.0001 Colloc0 457 2460 0.065311 139.939
180	1	193.756	17722.1	17711.2	10.8779	496	93	173	1	0.0001 Colloc0 496 2424 0.114111 136.514
190	1	204.366	17631.4	17620.6	10.7679	497	101	165	0	0.0001 Colloc0 497 2429 0.110001 130.198
200	1	215.191	17707.1	17695.5	11.594	479	88	178	2	0.0001 Colloc0 479 2461 0.0236166 180.482
210	1	226.118	17677.4	17666.1	11.3414	504	94	172	2	0.0001 Colloc0 504 2435 0.087495 164.438
220	1	237.189	17654.6	17643.7	10.8994	474	91	175	0	0.0001 Colloc0 474 2433 0.148854 137.759
230	1	248.137	17528	17517.1	10.9224	474	106	160	3	0.0001 Colloc0 474 2430 0.0620456 139.1
240	1	259.002	17764.2	17754	10.172	481	72	194	4	0.0001 Colloc0 481 2435 0.17026 98.3657
250	1	270.141	17639.4	17628.1	11.2752	489	71	195	2	0.0001 Colloc0 489 2442 0.0599508 160.325
260	1	281.267	17708.8	17697.8	11.0558	502	80	186	1	0.0001 Colloc0 502 2440 0.0794649 146.986
270	1	292.484	17586.6	17575.5	11.103	486	83	183	1	0.0001 Colloc0 486 2424 0.0863317 149.814
280	1	302.854	17656.9	17646.3	10.6427	490	91	175	2	0.0001 Colloc0 490 2422 0.139797 123.169
290	1	312.985	17668	17656.5	11.5208	487	90	176	1	0.0001 Colloc0 487 2425 0.0576314 175.778
300	1	323.661	17623.3	17612.6	10.7497	499	94	172	1	0.0001 Colloc0 499 2408 0.168543 129.168
310	1	335.051	17620.4	17610.7	9.68497	502	90	176	0	0.0001 Colloc0 502 2412 0.28932 75.6536
320	1	346.188	17554.8	17543.9	10.9399	493	89	177	1	0.0001 Colloc0 493 2427 0.183938 140.125
330	1	357.264	17663.4	17653.1	10.3054	485	79	187	0	0.0001 Colloc0 485 2414 0.201059 105.126
340	1	367.944	17667.3	17657.1	10.205	479	76	190	3	0.0001 Colloc0 479 2451 0.190161 100.018
350	1	378.22	17652.1	17641.1	11.0185	470	86	180	0	0.0001 Colloc0 470 2436 0.032429 144.764
360	1	388.871	17629.7	17618.4	11.3271	467	91	175	1	0.0001 Colloc0 467 2450 0.032693 163.548
370	1	400.017	17711.2	17700.3	10.8844	485	86	180	2	0.0001 Colloc0 485 2454 0.145285 136.887
380	1	410.819	17612.1	17601.1	11.0178	462	85	181	2	0.0001 Colloc0 462 2447 0.0571749 144.724
390	1	421.114	17573.1	17562.3	10.8249	477	90	176	1	0.0001 Colloc0 477 2433 0.110462 133.456
400	1	432.105	17423.3	17412.5	10.8493	470	98	168	3	0.0001 Colloc0 470 2439 0.0909961 134.858
410	1	443.157	17608.8	17597.6	11.2524	468	88	178	2	0.0001 Colloc0 468 2460 0.0489828 158.916
420	1	454.275	17575.9	17565.4	10.49	493	89	177	0	0.0001 Colloc0 493 2433 0.188891 114.836
430	1	465.319	17619	17608.2	10.7987	477	94	172	2	0.0001 Colloc0 477 2427 0.103429 131.953
440	1	476.543	17586.5	17575.3	11.2299	468	91	175	3	0.0001 Colloc0 468 2424 0.0463089 157.53
450	1	487.542	17564.3	17553.8	10.537	455	96	170	3	0.0001 Colloc0 455 2442 0.107202 117.372
460	1	497.774	17680.9	17670.2	10.6914	486	77	189	4	0.0001 Colloc0 486 2445 0.112367 125.883
470	1	508.451	17529.7	17519.3	10.39	462	102	164	1	0.0001 Colloc0 462 2419 0.200971 109.528
480	1	519.586	17565.3	17554.2	11.079	471	85	181	2	0.0001 Colloc0 471 2416 0.0663174 148.375
490	1	530.764	17586.1	17574.8	11.3485	472	84	182	2	0.0001 Colloc0 472 2410 0.0494412 164.883
500	1	541.712	17517.4	17507.2	10.1672	475	93	173	1	0.0001 Colloc0 475 2413 0.22161 98.1287
510	1	552.305	17484.1	17473.8	10.2529	478	95	171	1	0.0001 Colloc0 478 2419 0.213993 102.44
520	1	562.747	17475	17464.2	10.7882	466	98	168	0	0.0001 Colloc0 466 2405 0.087391 131.353
530	1	573.835	17442.6	17432	10.6477	461	104	162	0	0.0001 Colloc0 461 2412 0.143842 123.452
540	1	584.427	17557.6	17547	10.6347	493	83	183	1	0.0001 Colloc0 493 2414 0.162808 122.728
550	1	595.154	17514.6	17504.3	10.2897	475	94	172	1	0.0001 Colloc0 475 2399 0.172289 104.318
560	1	605.416	17593.5	17582.5	10.9387	484	86	180	1	0.0001 Colloc0 484 2419 0.10861 140.055
570	1	615.719	17481.5	17470.8	10.6753	483	95	171	1	0.0001 Colloc0 483 2407 0.163532 124.984
580	1	626.478	17582	17571.1	10.8924	477	95	171	1	0.0001 Colloc0 477 2430 0.126942 137.352
590	1	637.682	17426.8	17416	10.8245	471	106	160	2	0.0001 Colloc0 471 2410 0.176052 133.429
600	1	648.602	17570.4	17559.1	11.321	493	84	182	1	0.0001 Colloc0 493 2414 0.0753318 163.168
610	1	659.684	17454.8	17444.2	10.5784	467	108	158	0	0.0001 Colloc0 467 2404 0.117484 119.628
620	1	670.803	17410.9	17400.3	10.6182	483	105	161	0	0.0001 Colloc0 483 2391 0.175682 121.816
630	1	681.968	17453.4	17442.9	10.4979	470	97	169	1	0.0001 Colloc0 470 2409 0.177949 115.263
640	1	693.048	17537.5	17526.4	11.0328	482	104	162	0	0.0001 Colloc0 482 2412 0.0831858 145.615
650	1	704.211	17509.7	17499.2	10.5223	478	91	175	0	0.0001 Colloc0 478 2419 0.171942 116.578
660	1	715.351	17531.9	17521.5	10.4807	471	95	171	3	0.0001 Colloc0 471 2423 0.148556 114.338
670	1	725.867	17565.2	17553.9	11.2886	477	98	168	0	0.0001 Colloc0 477 2381 0.117312 161.153
680	1	736.906	17514.3	17503.9	10.4332	475	86	180	0	0.0001 Colloc0 475 2409 0.17124 111.805
690	1	747.737	17459.8	17448.7	11.0335	480	100	166	1	0.0001 Colloc0 480 2393 0.107894 145.656
700	1	758.716	17521.2	17510.4	10.8311	485	101	165	1	0.0001 Colloc0 485 2386 0.150752 133.812
710	1	769.858	17400.4	17389.6	10.8238	484	111	155	0	0.0001 Colloc0 484 2379 0.144733 133.391
720	1	781.121	17474.2	17463.4	10.757	476	103	163	1	0.0001 Colloc0 476 2418 0.11202 129.578
730	1	792.276	17462.4	17451.3	11.0369	480	100	166	1	0.0001 Colloc0 480 2399 0.112619 145.859
740	1	803.415	17518	17507.2	10.7816	490	109	157	1	0.0001 Colloc0 490 2397 0.123614 130.976
750	1	814.169	17423	17412.8	10.1377	472	98	168	2	0.0001 Colloc0 472 2407 0.219713 96.6644
760	1	825.31	17475.7	17464.8	10.8507	483	91	175	1	0.0001 Colloc0 483 2402 0.147998 134.936
770	1	836.267	17636.6	17625.2	11.421	491	69	197	1	0.0001 Colloc0 491 2402 0.0308366 169.433
780	1	847.472	17639.7	17629.3	10.3488	502	84	182	2	0.0001 Colloc0 502 2399 0.248935 107.374
790	1	858.625	17520.7	17509.8	10.9277	464	95	171	1	0.0001 Colloc0 464 2405 0.0612489 139.41
800	1	869.816	17645.5	17635	10.5442	487	72	194	3	0.0001 Colloc0 487 2394 0.185387 117.764
810	1	880.572	17582.4	17571.4	11.038	477	83	183	3	0.0001 Colloc0 477 2397 0.0949056 145.921
820	1	891.096	17570	17559.2	10.8061	482	81	185	1	0.0001 Colloc0 482 2391 0.126491 132.375
830	1	902.251	17640.1	17628.9	11.2851	480	79	187	0	0.0001 Colloc0 480 2413 0.0496684 160.94
840	1	913.241	17527.3	17516.5	10.8079	472	84	182	2	0.0001 Colloc0 472 2425 0.108704 132.48
850	1	924.194	17556.1	17545.5	10.6497	480	89	177	1	0.0001 Colloc0 480 2414 0.155091 123.561
860	1	935.113	17493.7	17483.4	10.2994	472	96	170	0	0.0001 Colloc0 472 2381 0.221618 104.816
870	1	946.288	17541.1	17530.5	10.5565	471	85	181	1	0.0001 Colloc0 471 2388 0.136993 118.434
880	1	957.469	17560.3	17549.2	11.1523	472	77	189	2	0.0001 Colloc0 472 2391 0.137726 152.797
890	1	968.093	17549	17538.5	10.4975	471	74	192	1	0.0001 Colloc0 471 2374 0.140464 115.239
900	1	979.035	17662.2	17651.4	10.7375	482	68	198	1	0.0001 Colloc0 482 2399 0.119173 128.476
910	1	989.989	17794.3	17783.2	11.1081	492	68	198	3	0.0001 Colloc0 492 2414 0.102103 150.122
920	1	1000.87	17574.7	17564.2	10.5198	474	73	193	1	0.0001 Colloc0 474 2395 0.202701 116.443
930	1	1011.99	17605.4	17594.4	11.0295	486	73	193	2	0.0001 Colloc0 486 2427 0.106636 145.414
940	1	1022.57	17478.2	17467.4	10.8095	489	97	169	2	0.0001 Colloc0 489 2388 0.116116 132.574
950	1	1033.59	17390.1	17380.1	10.0291	462	108	158	2	0.0001 Colloc0 462 2415 0.174951 91.3727
960	1	1044.74	17488	17477.2	10.8756	463	93	173	0	0.0001 Colloc0 463 2440 0.0957022 136.379
970	1	1055.62	17440.3	17429.2	11.0538	463	102	164	1	0.0001 Colloc0 463 2412 0.0170104 146.866
980	1	1066.23	17466.1	17454.4	11.7138	476	105	161	1	0.0001 Colloc0 476 2393 0.044785 188.277
990	1	1076.5	17546.9	17536.1	10.85	496	97	169	1	0.0001 Colloc0 496 2397 0.122637 134.901
1000	1	1086.7	17555.7	17545.3	10.472	472	92	174	2	0.0001 Colloc0 472 2380 0.159743 113.875
1010	1	1097.11	17461	17449.9	11.0987	477	96	170	0	0.0001 Colloc0 477 2400 0.118133 149.556
1020	1	1108.1	17433.5	17422.8	10.6445	471	92	174	0	0.0001 Colloc0 471 2375 0.166162 123.273
1030	1	1118.55	17447	17436.7	10.2837	476	95	171	3	0.0001 Colloc0 476 2416 0.199189 104.012
1040	1	1129.34	17450.1	17438.6	11.5369	465	94	172	0	0.0001 Colloc0 465 2374 0.0114342 176.809
1050	1	1140.74	17565.1	17553.9	11.2095	488	92	174	0	0.0001 Colloc0 488 2401 0.0559011 156.284
1060	1	1151.83	17530.7	17519.7	11.0262	481	99	167	1	0.0001 Colloc0 481 2391 0.0534486 145.218
1070	1	1162.54	17484.6	17473.2	11.3515	474	94	172	2	0.0001 Colloc0 474 2378 0.0624671 165.068
1080	1	1172.81	17633.2	17622.1	11.0311	489	79	187	1	0.0001 Colloc0 489 2388 0.0976479 145.512
1090	1	1183.51	17507.3	17496	11.3074	477	86	180	2	0.0001 Colloc0 477 2402 0.0423359 162.318
1100	1	1194.66	17517	17505.7	11.2462	478	84	182	1	0.0001 Colloc0 478 2402 0.0749577 158.533
1110	1	1205.37	17507.7	17497.2	10.5309	490	96	170	1	0.0001 Colloc0 490 2374 0.173238 117.042
1120	1	1216.63	17331.1	17320.1	10.9138	480	113	153	2	0.0001 Colloc0 480 2371 0.116973 138.601
1130	1	1227.79	17505.4	17494.6	10.7401	490	98	168	1	0.0001 Colloc0 490 2369 0.150341 128.622
1140	1	1238.93	17497	17486.3	10.6485	469	86	180	2	0.0001 Colloc0 469 2396 0.144897 123.494
1150	1	1250.09	17607.1	17595.5	11.5266	495	82	184	2	0.0001 Colloc0 495 2372 0.0381934 176.145
1160	1	1261.02	17481.9	17471.4	10.5257	485	97	169	0	0.0001 Colloc0 485 2358 0.173887 116.76
1170	1	1271.69	17415.3	17404.6	10.7759	486	97	169	0	0.0001 Colloc0 486 2368 0.180149 130.651
1180	1	1282.81	17338.8	17328.4	10.3428	460	99	167	3	0.0001 Colloc0 460 2356 0.149166 107.061
1190	1	1293.92	17503.8	17493	10.8084	492	93	173	3	0.0001 Colloc0 492 2357 0.145526 132.509
1200	1	1305.04	17358	17347.2	10.8298	469	113	153	2	0.0001 Colloc0 469 2360 0.133707 133.734
1210	1	1316.13	17440.1	17429.3	10.8073	467	90	176	1	0.0001 Colloc0 467 2377 0.141665 132.443
1220	1	1327.08	17531.7	17520.2	11.4643	461	90	176	4	0.0001 Colloc0 461 2388 0.0245607 172.173
1230	1	1338.02	17540.6	17529.6	10.9854	465	99	167	2	0.0001 Colloc0 465 2384 0.0938861 142.802
1240	1	1349.19	17523.8	17512.4	11.3974	480	95	171	2	0.0001 Colloc0 480 2352 0.0304293 167.945
1250	1	1360.33	17491.8	17481	10.7668	486	95	171	1	0.0001 Colloc0 486 2374 0.151846 130.139
1260	1	1370.93	17515.9	17504.7	11.1896	489	94	172	1	0.0001 Colloc0 489 2380 0.058061 155.063
1270	1	1381.36	17552.8	17542	10.7694	470	88	178	0	0.0001 Colloc0 470 2392 0.145319 130.285
1280	1	1391.68	17538.5	17527.6	10.8235	497	88	178	1	0.0001 Colloc0 497 2382 0.152448 133.371
1290	1	1402.69	17455.4	17444.3	11.1717	473	101	165	0	0.0001 Colloc0 473 2390 0.0605978 153.972
1300	1	1413.32	17491	17479.4	11.569	476	104	162	0	0.0001 Colloc0 476 2391 0.0297195 178.871
1310	1	1424.12	17345.9	17334.9	11.0124	471	114	152	1	0.0001 Colloc0 471 2367 0.0838021 144.4
1320	1	1434.7	17462.3	17451.1	11.1459	498	97	169	0	0.0001 Colloc0 498 2376 0.106978 152.41
1330	1	1445.63	17382.7	17371.8	10.9183	481	98	168	0	0.0001 Colloc0 481 2347 0.134205 138.863
1340	1	1456.77	17405	17394.2	10.7544	476	103	163	0	0.0001 Colloc0 476 2375 0.155832 129.434
1350	1	1467.79	17413.8	17402.8	10.9791	475	102	164	0	0.0001 Colloc0 475 2398 0.127043 142.43
1360	1	1478.91	17512.4	17501.9	10.4689	486	89	177	2	0.0001 Colloc0 486 2404 0.198525 113.707
1370	1	1490.03	17368.4	17357.2	11.1938	475	102	164	0	0.0001 Colloc0 475 2372 0.122397 155.324
1380	1	1501.19	17476.2	17465.4	10.8076	490	99	167	1	0.0001 Colloc0 490 2386 0.14249 132.464
1390	1	1512.31	17529.7	17519.6	10.1342	493	92	174	1	0.0001 Colloc0 493 2382 0.230586 96.4916
1400	1	1523.15	17414.7	17404.4	10.2622	489	98	168	2	0.0001 Colloc0 489 2369 0.18756 102.912
1410	1	1534.38	17511.6	17500.9	10.7029	472	92	174	4	0.0001 Colloc0 472 2382 0.140407 126.53
1420	1	1545.39	17468.8	17458.6	10.226	483	93	173	0	0.0001 Colloc0 483 2374 0.246692 101.076
1430	1	1556.12	17397.4	17386.7	10.6775	459	115	151	2	0.0001 Colloc0 459 2367 0.122102 125.106
1440	1	1567.1	17420.5	17410.8	9.75464	468	111	155	0	0.0001 Colloc0 468 2372 0.229628 78.7054
1450	1	1578.29	17402.7	17391.8	10.8668	467	107	159	1	0.0001 Colloc0 467 2366 0.134234 135.872
1460	1	1588.86	17337.5	17327	10.5749	453	113	153	4	0.0001 Colloc0 453 2400 0.140336 119.438
1470	1	1599.88	17504.4	17493.4	10.9233	495	105	161	1	0.0001 Colloc0 495 2388 0.141335 139.152
1480	1	1611	17362.7	17351.8	10.905	466	106	160	0	0.0001 Colloc0 466 2369 0.100476 138.089
1490	1	1622.19	17451.3	17440.4	10.9508	477	104	162	0	0.0001 Colloc0 477 2395 0.0918705 140.767
1500	1	1633.06	17368.3	17357.3	11.0045	463	116	150	1	0.0001 Colloc0 463 2400 0.0531332 143.933
1510	1	1644.16	17397.6	17386.6	11.0373	479	102	164	0	0.0001 Colloc0 479 2389 0.0981674 145.881
1520	1	1655.19	17426.2	17415.5	10.6848	481	96	170	2	0.0001 Colloc0 481 2395 0.156248 125.514
1530	1	1666.11	17473.4	17462.8	10.5982	489	103	163	1	0.0001 Colloc0 489 2395 0.165262 120.718
1540	1	1677.04	17393.3	17382.9	10.4589	478	116	150	1	0.0001 Colloc0 478 2390 0.158543 113.173
1550	1	1688.15	17504.2	17493.6	10.5585	474	93	173	0	0.0001 Colloc0 474 2382 0.117646 118.542
1560	1	1699.39	17453.7	17442.3	11.405	466	94	172	2	0.0001 Colloc0 466 2392 0.026028 168.426
1570	1	1710.57	17532.6	17522.2	10.3297	487	100	166	0	0.0001 Colloc0 487 2396 0.202317 106.382
1580	1	1721.75	17477.4	17465.9	11.5	479	95	171	1	0.0001 Colloc0 479 2395 0.0578432 174.447
1590	1	1732.68	17490.9	17480.2	10.7791	471	100	166	1	0.0001 Colloc0 471 2414 0.116777 130.836
1600	1	1743.58	17480.5	17469.5	11.0093	474	95	171	0	0.0001 Colloc0 474 2399 0.0798296 144.214
1610	1	1754.82	17437.8	17427.2	10.5357	464	102	164	2	0.0001 Colloc0 464 2390 0.151189 117.303
1620	1	1766.04	17586.4	17574.9	11.5283	492	78	188	0	0.0001 Colloc0 492 2383 0.0450681 176.255
1630	1	1777.23	17562.1	17552.1	9.98434	478	92	174	0	0.0001 Colloc0 478 2400 0.245312 89.2397
1640	1	1788.14	17516.5	17505.8	10.6572	472	86	180	2	0.0001 Colloc0 472 2408 0.155334 123.98
1650	1	1798.96	17503.4	17493	10.3481	475	80	186	2	0.0001 Colloc0 475 2390 0.192593 107.336
1660	1	1810.07	17678	17667.4	10.5637	509	88	178	0	0.0001 Colloc0 509 2406 0.184646 118.828
1670	1	1821.12	17611.8	17601.3	10.498	498	86	180	0	0.0001 Colloc0 498 2411 0.1484 115.267
1680	1	1831.56	17445.6	17434.9	10.6313	482	90	176	2	0.0001 Colloc0 482 2357 0.120929 122.54
1690	1	1842.14	17469.2	17458.1	11.141	467	100	166	2	0.0001 Colloc0 467 2393 0.0563496 152.109
1700	1	1852.41	17415.3	17404.4	10.8294	473	106	160	3	0.0001 Colloc0 473 2388 0.115222 133.713
1710	1	1862.79	17470.4	17459.5	10.9342	472	95	171	2	0.0001 Colloc0 472 2394 0.0820713 139.794
1720	1	1873.08	17316.1	17305.2	10.923	470	100	166	1	0.0001 Colloc0 470 2381 0.14883 139.14
1730	1	1883.5	17556.6	17546.2	10.497	509	102	164	2	0.0001 Colloc0 509 2366 0.187157 115.216
1740	1	1894.09	17392.4	17381.4	11.0207	475	101	165	4	0.0001 Colloc0 475 2363 0.123163 144.893
1750	1	1904.46	17391.7	17380.8	10.8354	454	84	182	1	0.0001 Colloc0 454 2356 0.153007 134.057
1760	1	1914.8	17430	17420.3	9.77845	472	92	174	2	0.0001 Colloc0 472 2390 0.228125 79.7638
1770	1	1925.08	17558.3	17547.6	10.724	474	78	188	1	0.0001 Colloc0 474 2410 0.117352 127.717
1780	1	1936.13	17676.6	17665.9	10.6729	471	78	188	1	0.0001 Colloc0 471 2398 0.148353 124.851
1790	1	1947.07	17735.8	17725	10.8804	486	71	195	1	0.0001 Colloc0 486 2391 0.103175 136.655
1800	1	1957.41	17554.3	17543.5	10.8622	465	85	181	0	0.0001 Colloc0 465 2378 0.0945508 135.603
1810	1	1967.74	17513.1	17502.1	11.0346	460	81	185	0	0.0001 Colloc0 460 2416 0.0231241 145.719
1820	1	1978.43	17544.2	17533.4	10.7976	474	86	180	0	0.0001 Colloc0 474 2406 0.12004 131.894
1830	1	1989.27	17369.3	17358.1	11.1465	452	102	164	0	0.0001 Colloc0 452 2371 0.0585045 152.444
1840	1	2000.27	17518.3	17507.6	10.7835	478	85	181	3	0.0001 Colloc0 478 2408 0.134296 131.086
1850	1	2011.23	17651.7	17640.1	11.6131	497	74	192	2	0.0001 Colloc0 497 2385 0.0891176 181.715
1860	1	2022.3	17444.6	17433.4	11.1958	486	101	165	3	0.0001 Colloc0 486 2332 0.101394 155.445
1870	1	2032.76	17510.6	17499.6	11.0371	475	100	166	5	0.0001 Colloc0 475 2363 0.0935853 145.867
1880	1	2043.82	17514.1	17503.2	10.862	492	91	175	5	0.0001 Colloc0 492 2391 0.147011 135.59
1890	1	2054.72	17396	17385.1	10.8814	473	88	178	1	0.0001 Colloc0 473 2355 0.0991994 136.713
1900	1	2065.44	17510.6	17499.4	11.2089	488	99	167	1	0.0001 Colloc0 488 2354 0.0931663 156.245
1910	1	2076.28	17504.8	17494.1	10.6789	483	104	162	2	0.0001 Colloc0 483 2384 0.119306 125.187
1920	1	2086.96	17447.8	17436.6	11.2002	469	97	169	2	0.0001 Colloc0 469 2374 0.054381 155.712
1930	1	2097.67	17467.1	17456.6	10.4676	487	91	175	0	0.0001 Colloc0 487 2353 0.168076 113.64
1940	1	2108.05	17425.1	17414.1	10.9818	470	103	163	0	0.0001 Colloc0 470 2370 0.0660363 142.592
1950	1	2118.47	17500.9	17489.7	11.2015	495	101	165	1	0.0001 Colloc0 495 2369 0.106999 155.794
1960	1	2129.12	17452.3	17441.3	11.0367	488	97	169	2	0.0001 Colloc0 488 2362 0.148604 145.846
1970	1	2139.93	17474.1	17463.6	10.5048	492	95	171	0	0.0001 Colloc0 492 2380 0.177767 115.633
1980	1	2150.57	17414.2	17404.2	9.97848	468	107	159	0	0.0001 Colloc0 468 2352 0.243984 88.962
1990	1	2161.41	17485.1	17474.4	10.6274	477	104	162	1	0.0001 Colloc0 477 2364 0.147071 122.328
2000	1	2172.08	17411.3	17401.3	10.0903	466	102	164	1	0.0001 Colloc0 466 2370 0.215561 94.3388
