# D = 0, E = 1, I = 1, P = 1, R = -1, n = 2000, N = 1, P = 1, w = 1, a = 0.0001, b = 10000, e = 1, f = 1, g = 100, h = 0.01, r = 29117, s = 1, S = 0, x = 10, m = 100, Z = 1, z = 0, T = 1, t = 1
# 6143 tokens in 266 sentences
#
# It	Temp	Time	-logP	-logPcorpus	-logPrior	tables	same	changed	reject	default_pya	(parent pym pyn pya pyb)*
0	1	0.85287	24143.5	24029.7	113.764	1569	0	266	0	0.0001 Colloc0 1569 2242 0.0001 10000
10	1	11.9462	19180.2	19167.9	12.323	589	36	230	1	0.0001 Colloc0 589 2552 0.0170685 229.568
20	1	22.8135	18547	18535.8	11.2101	536	61	205	0	0.0001 Colloc0 536 2516 0.120952 156.319
30	1	34.1468	18410.2	18399.9	10.394	534	72	194	0	0.0001 Colloc0 534 2523 0.200867 109.735
40	1	45.2961	18483.2	18471.5	11.6824	525	61	205	1	0.0001 Colloc0 525 2544 0.0418863 186.218
50	1	56.3394	18290.8	18280.5	10.2354	512	81	185	4	0.0001 Colloc0 512 2505 0.228717 101.553
60	1	66.9008	18351.5	18341.3	10.1911	518	64	202	3	0.0001 Colloc0 518 2526 0.231383 99.3225
70	1	77.6592	18248.1	18238	10.1563	520	63	203	1	0.0001 Colloc0 520 2508 0.254361 97.5836
80	1	88.7515	18106.5	18095.3	11.1796	484	81	185	0	0.0001 Colloc0 484 2532 0.046878 154.454
90	1	99.8998	18008.7	17998	10.6555	482	92	174	2	0.0001 Colloc0 482 2521 0.158015 123.883
100	1	111.115	18076.4	18065.6	10.782	500	84	182	4	0.0001 Colloc0 500 2547 0.126685 131
110	1	122.083	18027.9	18016.8	11.1262	487	79	187	2	0.0001 Colloc0 487 2500 0.0779053 151.216
120	1	133.211	17847.4	17837	10.3812	486	89	177	2	0.0001 Colloc0 486 2483 0.22875 109.063
130	1	144.38	17926.5	17915.6	10.8648	476	87	179	1	0.0001 Colloc0 476 2526 0.0694848 135.751
140	1	155.614	18000.6	17990.1	10.5099	502	85	181	1	0.0001 Colloc0 502 2501 0.135946 115.909
150	1	166.89	18140	18129	11.0021	512	72	194	3	0.0001 Colloc0 512 2528 0.133216 143.792
160	1	177.959	17965.4	17954.8	10.6087	490	77	189	0	0.0001 Colloc0 490 2498 0.154998 121.295
170	1	189.011	17968.2	17957	11.1782	473	87	179	3	0.0001 Colloc0 473 2516 0.0733215 154.369
180	1	200.125	18195	18184	10.9222	491	72	194	2	0.0001 Colloc0 491 2507 0.0534286 139.089
190	1	210.636	18067	18056.9	10.0836	477	77	189	2	0.0001 Colloc0 477 2529 0.201139 94.0108
200	1	221.986	18015.5	18005.4	10.1442	499	76	190	2	0.0001 Colloc0 499 2494 0.235903 96.9876
210	1	233.086	18002	17990.9	11.1137	491	79	187	3	0.0001 Colloc0 491 2510 0.114555 150.462
220	1	244.272	17933.5	17922.8	10.7105	485	76	190	1	0.0001 Colloc0 485 2510 0.151721 126.958
230	1	255.145	18055.7	18045.1	10.5627	477	69	197	0	0.0001 Colloc0 477 2541 0.144053 118.774
240	1	265.568	18028.2	18016.8	11.425	481	64	202	1	0.0001 Colloc0 481 2508 0.0219588 169.688
250	1	276.707	17944.8	17934.4	10.4354	481	69	197	3	0.0001 Colloc0 481 2478 0.170737 111.921
260	1	287.799	17903.4	17892.2	11.1219	483	80	186	0	0.0001 Colloc0 483 2478 0.0555766 150.953
270	1	298.961	17964	17953.3	10.6765	508	74	192	3	0.0001 Colloc0 508 2529 0.189127 125.051
280	1	309.899	17839.8	17828.9	10.9499	480	94	172	2	0.0001 Colloc0 480 2499 0.123449 140.711
290	1	320.765	17913.3	17902.1	11.1964	478	88	178	2	0.0001 Colloc0 478 2506 0.0979886 155.483
300	1	331.717	17942.9	17931.8	11.1199	485	95	171	0	0.0001 Colloc0 485 2508 0.0742245 150.837
310	1	342.764	17947	17936.4	10.6707	504	78	188	1	0.0001 Colloc0 504 2497 0.231726 124.732
320	1	353.725	17697	17685.8	11.1453	461	95	171	2	0.0001 Colloc0 461 2492 0.0644262 152.369
330	1	364.877	17640.5	17629.9	10.5753	470	107	159	0	0.0001 Colloc0 470 2502 0.147727 119.46
340	1	376.123	17750.9	17740.4	10.5883	467	102	164	2	0.0001 Colloc0 467 2516 0.144553 120.173
350	1	387.344	17763.4	17752.7	10.6898	488	104	162	0	0.0001 Colloc0 488 2473 0.151855 125.797
360	1	398.053	17829.5	17818.6	10.8051	471	83	183	1	0.0001 Colloc0 471 2495 0.118199 132.32
370	1	408.882	17878.7	17868.4	10.3122	466	82	184	0	0.0001 Colloc0 466 2481 0.160917 105.474
380	1	419.92	17877.7	17867.2	10.5511	493	78	188	0	0.0001 Colloc0 493 2506 0.152011 118.138
390	1	430.99	17769.7	17758.9	10.8572	475	80	186	1	0.0001 Colloc0 475 2512 0.0916421 135.315
400	1	442.107	17871.5	17860.5	11.0368	479	85	181	0	0.0001 Colloc0 479 2500 0.100534 145.848
410	1	453.293	17788.6	17777.5	11.0784	484	95	171	0	0.0001 Colloc0 484 2473 0.126304 148.338
420	1	464.677	17899.3	17887.9	11.4533	470	83	183	0	0.0001 Colloc0 470 2494 0.0224161 171.476
430	1	475.801	17926.9	17915.7	11.2711	478	86	180	5	0.0001 Colloc0 478 2501 0.0405306 160.073
440	1	486.847	17787.4	17776	11.3615	470	85	181	2	0.0001 Colloc0 470 2501 0.00796617 165.69
450	1	497.343	17951.1	17940	11.0561	480	84	182	2	0.0001 Colloc0 480 2508 0.0812147 147.005
460	1	508.409	17874.2	17863	11.1501	472	87	179	4	0.0001 Colloc0 472 2493 0.0407464 152.66
470	1	519.335	17819.3	17808.8	10.4591	465	88	178	1	0.0001 Colloc0 465 2485 0.117299 113.183
480	1	530.295	17875.6	17864.3	11.3066	493	81	185	0	0.0001 Colloc0 493 2494 0.0831657 162.267
490	1	541.109	17940.9	17930.1	10.8146	490	80	186	1	0.0001 Colloc0 490 2495 0.118255 132.864
500	1	552.168	17863.7	17853.6	10.1783	456	82	184	0	0.0001 Colloc0 456 2526 0.175571 98.6783
510	1	563.178	17955.6	17944.7	10.8215	481	68	198	3	0.0001 Colloc0 481 2468 0.0841379 133.258
520	1	574.403	17849.2	17838.4	10.7473	485	81	185	3	0.0001 Colloc0 485 2472 0.12374 129.032
530	1	585.68	17942.9	17932.4	10.5539	504	79	187	2	0.0001 Colloc0 504 2497 0.183042 118.293
540	1	596.804	17873.9	17862.9	10.9992	464	74	192	0	0.0001 Colloc0 464 2490 0.114056 143.618
550	1	607.84	17861.8	17850.9	10.8286	481	75	191	2	0.0001 Colloc0 481 2496 0.120303 133.668
560	1	618.291	17794.2	17784.1	10.1523	476	85	181	0	0.0001 Colloc0 476 2513 0.224683 97.3854
570	1	629.345	17793.6	17783.6	10.0408	476	96	170	0	0.0001 Colloc0 476 2527 0.259956 91.9358
580	1	640.638	17746.6	17735.8	10.8104	451	81	185	0	0.0001 Colloc0 451 2492 0.0724176 132.621
590	1	651.053	17824.3	17813.2	11.0549	463	73	193	1	0.0001 Colloc0 463 2485 0.0477062 146.929
600	1	661.412	17906.1	17895.4	10.7112	459	79	187	1	0.0001 Colloc0 459 2513 0.157247 126.996
610	1	672.302	17936.6	17925.8	10.7826	485	86	180	2	0.0001 Colloc0 485 2515 0.158056 131.035
620	1	683.486	18005	17993.6	11.4047	480	83	183	1	0.0001 Colloc0 480 2534 0.00921763 168.403
630	1	694.467	17968.4	17957.9	10.5265	468	80	186	4	0.0001 Colloc0 468 2502 0.148393 116.807
640	1	705.599	17856.1	17845.3	10.8048	464	88	178	0	0.0001 Colloc0 464 2520 0.0742543 132.303
650	1	716.607	17839.1	17828.7	10.4184	462	94	172	0	0.0001 Colloc0 462 2497 0.125666 111.022
660	1	727.612	17889.6	17879.1	10.421	488	78	188	1	0.0001 Colloc0 488 2496 0.18528 111.163
670	1	738.644	17773.5	17762.7	10.8256	466	93	173	1	0.0001 Colloc0 466 2476 0.0831542 133.495
680	1	749.85	17918.5	17907.7	10.8285	490	85	181	1	0.0001 Colloc0 490 2505 0.137296 133.661
690	1	760.67	18005.1	17994.5	10.611	493	79	187	1	0.0001 Colloc0 493 2518 0.157037 121.423
700	1	770.948	17811.7	17800.8	10.9081	477	89	177	1	0.0001 Colloc0 477 2503 0.101193 138.269
710	1	782.101	17811.7	17801.1	10.6375	482	76	190	2	0.0001 Colloc0 482 2495 0.168046 122.883
720	1	792.724	17815.7	17804.8	10.8905	469	65	201	1	0.0001 Colloc0 469 2475 0.0929407 137.241
730	1	803.791	17790.8	17781.1	9.757	467	98	168	3	0.0001 Colloc0 467 2471 0.254153 78.8101
740	1	815.067	17803.1	17792.5	10.6192	486	84	182	1	0.0001 Colloc0 486 2458 0.164012 121.87
750	1	825.767	17731.4	17721.2	10.1663	463	98	168	0	0.0001 Colloc0 463 2496 0.167598 98.0834
760	1	836.98	17783.8	17773.1	10.6413	493	89	177	1	0.0001 Colloc0 493 2478 0.196559 123.092
770	1	848.027	17721.9	17712	9.94146	464	85	181	2	0.0001 Colloc0 464 2489 0.250628 87.2189
780	1	859.362	17715.4	17705.3	10.1233	480	99	167	1	0.0001 Colloc0 480 2480 0.20504 95.9529
790	1	870.548	17786	17775.4	10.6736	476	91	175	0	0.0001 Colloc0 476 2474 0.101383 124.888
800	1	881.704	17756.3	17745.8	10.5023	468	80	186	1	0.0001 Colloc0 468 2469 0.148887 115.502
810	1	892.613	17763.3	17753.1	10.2132	490	90	176	2	0.0001 Colloc0 490 2445 0.218088 100.43
820	1	903.678	17581.5	17571	10.51	466	111	155	3	0.0001 Colloc0 466 2426 0.167431 115.913
830	1	914.855	17617	17606.4	10.6024	475	98	168	1	0.0001 Colloc0 475 2445 0.212377 120.946
840	1	925.971	17659.8	17649.7	10.1508	486	105	161	1	0.0001 Colloc0 486 2456 0.229009 97.3147
850	1	936.946	17835.5	17824.7	10.7343	492	77	189	1	0.0001 Colloc0 492 2458 0.157713 128.298
860	1	948.137	17837	17826.2	10.8197	480	80	186	0	0.0001 Colloc0 480 2487 0.125652 133.158
870	1	959.255	17815.1	17803.7	11.3536	462	77	189	1	0.0001 Colloc0 462 2481 0.010162 165.2
880	1	970.302	17837.2	17826.4	10.7956	477	75	191	1	0.0001 Colloc0 477 2446 0.161349 131.778
890	1	981.433	17831.6	17820.9	10.7046	494	83	183	6	0.0001 Colloc0 494 2467 0.151976 126.624
900	1	992.568	17795	17784.3	10.7809	481	80	186	2	0.0001 Colloc0 481 2460 0.155873 130.938
910	1	1003.64	17880.3	17869	11.2937	485	84	182	1	0.0001 Colloc0 485 2472 0.0961274 161.471
920	1	1014.74	17788.7	17778.7	10.005	493	82	184	5	0.0001 Colloc0 493 2445 0.23562 90.2241
930	1	1025.89	17730.4	17719.4	11.0054	462	90	176	1	0.0001 Colloc0 462 2464 0.0743049 143.985
940	1	1037.08	17807	17796	11.0684	475	87	179	1	0.0001 Colloc0 475 2468 0.0719613 147.74
950	1	1048.3	17688.6	17678.4	10.2314	458	98	168	0	0.0001 Colloc0 458 2488 0.169715 101.35
960	1	1059.39	17782.3	17771	11.2969	466	86	180	0	0.0001 Colloc0 466 2470 0.0617887 161.668
970	1	1070.23	17765.5	17755.2	10.3048	454	92	174	2	0.0001 Colloc0 454 2488 0.189815 105.097
980	1	1080.59	17753.6	17742.6	10.9707	473	86	180	1	0.0001 Colloc0 473 2464 0.108259 141.938
990	1	1090.92	17676.8	17666.2	10.6026	476	88	178	0	0.0001 Colloc0 476 2437 0.140355 120.957
1000	1	1101.67	17671.9	17662.1	9.83293	467	79	187	0	0.0001 Colloc0 467 2450 0.224127 82.2152
1010	1	1112.63	17706.7	17695.8	10.882	468	81	185	2	0.0001 Colloc0 468 2449 0.0890754 136.748
1020	1	1123.79	17758.8	17748.5	10.3108	506	73	193	1	0.0001 Colloc0 506 2423 0.233766 105.404
1030	1	1135.11	17778.7	17767.5	11.1939	475	78	188	2	0.0001 Colloc0 475 2421 0.110985 155.327
1040	1	1145.84	17779.6	17768.4	11.2061	464	85	181	1	0.0001 Colloc0 464 2457 0.052352 156.072
1050	1	1156.73	17729.5	17719	10.4741	469	88	178	2	0.0001 Colloc0 469 2459 0.147046 113.987
1060	1	1167.97	17598.6	17588.7	9.81751	490	88	178	0	0.0001 Colloc0 490 2417 0.291431 81.5173
1070	1	1179.59	17565.5	17555.2	10.2393	482	96	170	1	0.0001 Colloc0 482 2444 0.221175 101.749
1080	1	1190.76	17723.1	17712.5	10.5614	489	82	184	2	0.0001 Colloc0 489 2471 0.155066 118.702
1090	1	1201.78	17637.7	17626.9	10.7352	454	88	178	2	0.0001 Colloc0 454 2447 0.0972648 128.348
1100	1	1212.86	17725.3	17714.6	10.7292	490	83	183	1	0.0001 Colloc0 490 2451 0.15012 128.008
1110	1	1223.89	17681.2	17670.3	10.9473	453	81	185	0	0.0001 Colloc0 453 2433 0.0700959 140.557
1120	1	1235.06	17520.2	17509.7	10.5312	469	98	168	1	0.0001 Colloc0 469 2431 0.180893 117.058
1130	1	1246.29	17670.6	17659.7	10.975	487	80	186	1	0.0001 Colloc0 487 2415 0.0969336 142.189
1140	1	1257.45	17703.6	17692.7	10.9108	484	83	183	4	0.0001 Colloc0 484 2430 0.159603 138.426
1150	1	1268.21	17616.5	17605.7	10.7608	467	85	181	2	0.0001 Colloc0 467 2448 0.134365 129.794
1160	1	1279.34	17762	17750.8	11.1814	467	80	186	0	0.0001 Colloc0 467 2441 0.0685626 154.566
1170	1	1290.36	17803.9	17793.3	10.6334	483	80	186	2	0.0001 Colloc0 483 2443 0.162749 122.657
1180	1	1301.51	17603	17592.6	10.3241	471	92	174	0	0.0001 Colloc0 471 2443 0.166797 106.09
1190	1	1312.64	17612.7	17602.6	10.166	480	87	179	0	0.0001 Colloc0 480 2432 0.238021 98.0669
1200	1	1323.16	17574.8	17564.1	10.7062	467	84	182	3	0.0001 Colloc0 467 2431 0.105714 126.714
1210	1	1333.68	17652.7	17642.4	10.3286	484	86	180	1	0.0001 Colloc0 484 2439 0.214951 106.326
1220	1	1344.13	17642.9	17631.7	11.1834	469	95	171	0	0.0001 Colloc0 469 2437 0.088957 154.686
1230	1	1355.11	17616.5	17605.6	10.9375	471	90	176	0	0.0001 Colloc0 471 2439 0.119231 139.985
1240	1	1366.23	17607.6	17596.3	11.2529	469	94	172	2	0.0001 Colloc0 469 2420 0.0827986 158.946
1250	1	1376.81	17776.5	17765.6	10.8342	484	79	187	0	0.0001 Colloc0 484 2435 0.107118 133.99
1260	1	1388	17652.2	17641.6	10.599	474	97	169	2	0.0001 Colloc0 474 2441 0.144551 120.762
1270	1	1399.14	17734.1	17723.9	10.1613	495	92	174	2	0.0001 Colloc0 495 2439 0.195774 97.8356
1280	1	1410.25	17689	17678.1	10.9054	464	83	183	0	0.0001 Colloc0 464 2427 0.0816588 138.112
1290	1	1421.53	17554.5	17543.9	10.5819	462	86	180	0	0.0001 Colloc0 462 2387 0.142112 119.821
1300	1	1432.53	17524.7	17513.7	11.0837	478	108	158	1	0.0001 Colloc0 478 2423 0.107554 148.652
1310	1	1442.87	17564.8	17554.1	10.6617	463	100	166	1	0.0001 Colloc0 463 2423 0.133496 124.226
1320	1	1453.15	17651.5	17640.8	10.7483	482	86	180	2	0.0001 Colloc0 482 2429 0.141664 129.088
1330	1	1463.49	17542.8	17532.8	10.0506	488	99	167	1	0.0001 Colloc0 488 2417 0.225336 92.4075
1340	1	1474.54	17559.4	17548.2	11.1575	464	96	170	0	0.0001 Colloc0 464 2427 0.105967 153.112
1350	1	1485.81	17549	17538.4	10.6575	471	91	175	2	0.0001 Colloc0 471 2415 0.121837 123.993
1360	1	1496.92	17587.8	17577.2	10.5056	503	86	180	2	0.0001 Colloc0 503 2418 0.222772 115.675
1370	1	1508.02	17680.2	17669.8	10.4386	488	94	172	3	0.0001 Colloc0 488 2413 0.192534 112.091
1380	1	1519.3	17657.8	17647.5	10.3152	473	86	180	1	0.0001 Colloc0 473 2449 0.17757 105.631
1390	1	1530.4	17599.7	17589.6	10.0938	466	82	184	2	0.0001 Colloc0 466 2416 0.22045 94.5066
1400	1	1541.5	17534.7	17524.3	10.4019	475	103	163	1	0.0001 Colloc0 475 2419 0.198575 110.152
1410	1	1552.74	17487.6	17476.6	10.987	469	100	166	1	0.0001 Colloc0 469 2414 0.130487 142.898
1420	1	1563.99	17654.7	17644.7	10.0441	472	79	187	0	0.0001 Colloc0 472 2441 0.197664 92.0951
1430	1	1575.09	17572.5	17562.5	10.0624	489	93	173	2	0.0001 Colloc0 489 2419 0.236779 92.9812
1440	1	1586.05	17638	17627.4	10.6753	498	87	179	1	0.0001 Colloc0 498 2378 0.197491 124.986
1450	1	1597.27	17627.1	17616	11.0768	483	89	177	1	0.0001 Colloc0 483 2406 0.0680066 148.239
1460	1	1608.25	17539.9	17529.7	10.1308	479	99	167	2	0.0001 Colloc0 479 2408 0.22092 96.3244
1470	1	1619.2	17525.4	17514.5	10.878	492	99	167	2	0.0001 Colloc0 492 2392 0.149549 136.518
1480	1	1630.19	17597.6	17586.4	11.2201	480	86	180	1	0.0001 Colloc0 480 2393 0.045379 156.93
1490	1	1641.12	17630.9	17619.5	11.4616	473	91	175	0	0.0001 Colloc0 473 2445 0.00350991 172.002
1500	1	1652.23	17546	17535.3	10.6976	472	101	165	2	0.0001 Colloc0 472 2418 0.116619 126.231
1510	1	1662.83	17521.7	17511.2	10.4731	470	94	172	1	0.0001 Colloc0 470 2424 0.181106 113.93
1520	1	1673.7	17595.4	17585.4	10.0059	484	92	174	2	0.0001 Colloc0 484 2432 0.23655 90.2658
1530	1	1684.78	17525.6	17515.1	10.5261	470	96	170	1	0.0001 Colloc0 470 2444 0.149782 116.786
1540	1	1695.81	17526.1	17515.1	10.9851	461	100	166	0	0.0001 Colloc0 461 2429 0.0662439 142.787
1550	1	1706.82	17617.3	17606.3	10.9739	477	95	171	1	0.0001 Colloc0 477 2431 0.106468 142.122
1560	1	1717.91	17671.2	17660	11.2294	486	87	179	0	0.0001 Colloc0 486 2445 0.0845854 157.502
1570	1	1729.09	17770.4	17759.9	10.4426	493	81	185	0	0.0001 Colloc0 493 2430 0.196697 112.304
1580	1	1739.84	17665	17653.9	11.1534	478	78	188	1	0.0001 Colloc0 478 2415 0.0897519 152.861
1590	1	1751.06	17715.6	17704	11.6404	482	90	176	1	0.0001 Colloc0 482 2429 0.0334534 183.484
1600	1	1762.1	17528.2	17517.8	10.3715	474	97	169	1	0.0001 Colloc0 474 2398 0.203348 108.557
1610	1	1772.75	17566.9	17555.9	11.036	474	96	170	2	0.0001 Colloc0 474 2400 0.109434 145.802
1620	1	1783.25	17607.1	17596.8	10.2995	484	93	173	2	0.0001 Colloc0 484 2419 0.242441 104.823
1630	1	1794.28	17629.2	17618.3	10.8838	480	83	183	2	0.0001 Colloc0 480 2416 0.117226 136.852
1640	1	1804.59	17727	17716.5	10.4605	479	82	184	1	0.0001 Colloc0 479 2426 0.155154 113.257
1650	1	1815.05	17651.6	17641.1	10.5541	495	91	175	1	0.0001 Colloc0 495 2417 0.169582 118.307
1660	1	1825.49	17613.2	17602.2	11.0449	473	83	183	1	0.0001 Colloc0 473 2410 0.116891 146.333
1670	1	1836.28	17676.1	17665.1	11.0083	465	84	182	5	0.0001 Colloc0 465 2418 0.09325 144.159
1680	1	1846.9	17658.8	17647.6	11.1872	485	85	181	1	0.0001 Colloc0 485 2446 0.108331 154.921
1690	1	1857.64	17638.5	17627.1	11.3963	463	82	184	0	0.0001 Colloc0 463 2451 0.0155389 167.879
1700	1	1868.73	17591.2	17581.1	10.1084	483	92	174	3	0.0001 Colloc0 483 2407 0.207261 95.2234
1710	1	1879.89	17474.4	17463.7	10.6203	466	89	177	2	0.0001 Colloc0 466 2387 0.174022 121.931
1720	1	1891.01	17509.3	17498.4	10.9526	470	101	165	4	0.0001 Colloc0 470 2406 0.10468 140.873
1730	1	1902.16	17572.4	17561.6	10.8287	487	92	174	3	0.0001 Colloc0 487 2389 0.168157 133.674
1740	1	1913.35	17669	17658.5	10.4972	487	80	186	1	0.0001 Colloc0 487 2406 0.183829 115.222
1750	1	1924.39	17620.8	17610.2	10.6144	478	80	186	2	0.0001 Colloc0 478 2416 0.147556 121.608
1760	1	1935.42	17570.2	17559	11.2631	474	85	181	3	0.0001 Colloc0 474 2406 0.0902118 159.578
1770	1	1946.53	17491.8	17481.3	10.4956	473	78	188	2	0.0001 Colloc0 473 2386 0.152723 115.14
1780	1	1957.49	17466.8	17457	9.8584	473	107	159	2	0.0001 Colloc0 473 2389 0.243792 83.375
1790	1	1968.38	17486.2	17475.6	10.6015	472	71	195	2	0.0001 Colloc0 472 2371 0.206005 120.9
1800	1	1979.42	17699.8	17689.5	10.2794	469	76	190	1	0.0001 Colloc0 469 2438 0.204359 103.79
1810	1	1990.01	17576.6	17566.4	10.1172	460	74	192	0	0.0001 Colloc0 460 2394 0.21685 95.6534
1820	1	2001.1	17470.7	17460.4	10.257	485	87	179	3	0.0001 Colloc0 485 2401 0.241451 102.647
1830	1	2011.75	17555	17544.5	10.5829	467	85	181	1	0.0001 Colloc0 467 2408 0.161356 119.875
1840	1	2022.46	17511.6	17500.8	10.7396	469	87	179	2	0.0001 Colloc0 469 2384 0.152908 128.599
1850	1	2033.47	17494.1	17483.4	10.6654	464	93	173	1	0.0001 Colloc0 464 2400 0.122732 124.434
1860	1	2044.55	17530	17519.2	10.7761	478	89	177	1	0.0001 Colloc0 478 2383 0.109887 130.665
1870	1	2055.55	17572.6	17562.3	10.3096	485	80	186	0	0.0001 Colloc0 485 2397 0.198402 105.341
1880	1	2066.66	17588.2	17577.3	10.9291	487	77	189	1	0.0001 Colloc0 487 2392 0.146452 139.49
1890	1	2077.56	17457.2	17446.1	11.1015	462	93	173	1	0.0001 Colloc0 462 2395 0.064282 149.727
1900	1	2088.44	17663.1	17651.8	11.2595	482	92	174	0	0.0001 Colloc0 482 2425 0.123354 159.355
1910	1	2099.33	17545.3	17534.4	10.9569	483	89	177	4	0.0001 Colloc0 483 2405 0.152344 141.122
1920	1	2109.92	17535.2	17524.6	10.6384	471	84	182	0	0.0001 Colloc0 471 2409 0.136053 122.936
1930	1	2120.34	17538.4	17527.7	10.7516	471	96	170	0	0.0001 Colloc0 471 2388 0.0666277 129.276
1940	1	2130.83	17489.2	17478.5	10.6763	458	98	168	1	0.0001 Colloc0 458 2398 0.0820449 125.038
1950	1	2141.28	17387.8	17376.4	11.3692	451	99	167	1	0.0001 Colloc0 451 2406 0.0169718 166.178
1960	1	2152.04	17366.5	17356	10.4833	465	120	146	0	0.0001 Colloc0 465 2398 0.174913 114.48
1970	1	2162.49	17513	17502.4	10.6592	489	82	184	0	0.0001 Colloc0 489 2366 0.158696 124.088
1980	1	2172.99	17507.7	17497	10.7191	481	100	166	1	0.0001 Colloc0 481 2393 0.146365 127.443
1990	1	2183	17440.2	17429.7	10.5044	462	87	179	0	0.0001 Colloc0 462 2390 0.169942 115.613
2000	1	2192.96	17554.1	17543.6	10.4095	498	93	173	0	0.0001 Colloc0 498 2386 0.226114 110.551
