# D = 0, E = 1, I = 1, P = 1, R = -1, n = 2000, N = 1, P = 1, w = 1, a = 0.0001, b = 10000, e = 1, f = 1, g = 100, h = 0.01, r = 12921, s = 1, S = 0, x = 10, m = 100, Z = 1, z = 0, T = 1, t = 1
# 9751 tokens in 824 sentences
#
# It	Temp	Time	-logP	-logPcorpus	-logPrior	tables	same	changed	reject	default_pya	(parent pym pyn pya pyb)*
0	1	0.738887	37895.3	37781.5	113.764	2877	0	824	0	0.0001 Colloc0 2877 4939 0.0001 10000
10	1	11.0823	28317	28305	11.944	623	305	519	3	0.0001 Colloc0 623 3982 0.00407309 203.565
20	1	19.943	27593.6	27582.4	11.2262	530	354	470	3	0.0001 Colloc0 530 3945 0.0475055 157.307
30	1	29.1116	27316.1	27304.9	11.221	507	398	426	2	0.0001 Colloc0 507 3923 0.0298096 156.986
40	1	38.1672	27157.9	27146.9	11.0354	519	382	442	1	0.0001 Colloc0 519 3877 0.0355023 145.766
50	1	46.8739	27059	27047.8	11.1906	509	389	435	1	0.0001 Colloc0 509 3892 0.00287362 155.124
60	1	55.8135	26952.3	26941.1	11.2749	514	434	390	3	0.0001 Colloc0 514 3894 0.0446348 160.306
70	1	64.8861	26700.1	26689.1	11.0283	497	467	357	3	0.0001 Colloc0 497 3882 0.00390099 145.344
80	1	73.9748	26716.4	26705.7	10.6814	486	437	387	1	0.0001 Colloc0 486 3850 0.0168179 125.325
90	1	83.0154	26666.5	26655.8	10.7254	518	455	369	1	0.0001 Colloc0 518 3837 0.0571245 127.792
100	1	92.114	26356	26345	10.9901	479	525	299	1	0.0001 Colloc0 479 3824 0.0136938 143.082
110	1	101.257	26723.8	26712.8	11.0135	500	451	373	2	0.0001 Colloc0 500 3849 0.00208086 144.469
120	1	110.395	26591.9	26581	10.9112	520	496	328	1	0.0001 Colloc0 520 3825 0.0190164 138.446
130	1	119.384	26527.5	26516.7	10.7631	501	459	365	4	0.0001 Colloc0 501 3802 0.0519537 129.928
140	1	128.552	26479.4	26468.5	10.9073	495	471	353	2	0.0001 Colloc0 495 3812 0.0315633 138.218
150	1	137.771	26644.7	26633.7	11.0088	486	419	405	1	0.0001 Colloc0 486 3842 0.0147766 144.186
160	1	146.909	26596.6	26585.3	11.2722	498	439	385	2	0.0001 Colloc0 498 3794 0.000495151 160.14
170	1	155.786	26679.8	26668.5	11.3237	499	440	384	2	0.0001 Colloc0 499 3805 0.0108642 163.33
180	1	164.967	26431.2	26420.7	10.5367	504	468	356	2	0.0001 Colloc0 504 3776 0.0564067 117.358
190	1	173.992	26483.3	26472.5	10.8439	515	465	359	3	0.0001 Colloc0 515 3788 0.0382818 134.548
200	1	183.074	26316.3	26305.4	10.9626	502	482	342	1	0.0001 Colloc0 502 3781 0.0421614 141.46
210	1	192.111	26312.7	26302.3	10.3882	480	469	355	2	0.0001 Colloc0 480 3769 0.0711202 109.434
220	1	201.13	26157.3	26146.6	10.7197	478	504	320	1	0.0001 Colloc0 478 3761 0.0359784 127.476
230	1	210.162	26285.2	26274.4	10.8144	476	451	373	2	0.0001 Colloc0 476 3766 0.0370155 132.851
240	1	219.151	26321.1	26310.4	10.7428	503	454	370	2	0.0001 Colloc0 503 3752 0.0797686 128.779
250	1	228.264	26317.7	26306.7	10.9923	497	459	365	1	0.0001 Colloc0 497 3772 0.0288973 143.211
260	1	236.86	26366.3	26355.6	10.6741	508	428	396	4	0.0001 Colloc0 508 3757 0.0508047 124.92
270	1	245.62	26300.3	26289.6	10.6695	478	456	368	2	0.0001 Colloc0 478 3777 0.0669293 124.662
280	1	254.659	26183.7	26172.9	10.8399	499	492	332	1	0.0001 Colloc0 499 3750 0.0396011 134.316
290	1	263.677	26285.6	26274.3	11.2932	492	459	365	2	0.0001 Colloc0 492 3755 0.00884207 161.438
300	1	272.667	26264.7	26254.1	10.6153	498	456	368	1	0.0001 Colloc0 498 3749 0.0708829 121.658
310	1	281.448	26270	26259	10.9361	501	471	353	3	0.0001 Colloc0 501 3746 0.0335609 139.905
320	1	290.646	26232.4	26221.2	11.1493	501	485	339	3	0.0001 Colloc0 501 3736 0.0350396 152.611
330	1	299.856	26222.8	26212.3	10.559	499	494	330	1	0.0001 Colloc0 499 3762 0.0960643 118.57
340	1	309.08	26103.4	26093	10.4143	496	502	322	1	0.0001 Colloc0 496 3741 0.0946946 110.808
350	1	317.962	26178.2	26167.2	10.9469	494	507	317	1	0.0001 Colloc0 494 3741 0.0276513 140.539
360	1	327.104	26197.8	26187	10.8807	491	471	353	2	0.0001 Colloc0 491 3739 0.0706874 136.675
370	1	336.229	26153.8	26143.1	10.6616	476	447	377	2	0.0001 Colloc0 476 3744 0.0270158 124.221
380	1	344.853	26195.2	26184.6	10.597	496	468	356	1	0.0001 Colloc0 496 3726 0.0669954 120.648
390	1	353.497	26286.5	26275.8	10.7297	486	430	394	2	0.0001 Colloc0 486 3736 0.0373553 128.038
400	1	362.187	26283.8	26273	10.8057	493	440	384	3	0.0001 Colloc0 493 3729 0.0249123 132.354
410	1	371.273	26169.9	26159.1	10.7791	489	470	354	2	0.0001 Colloc0 489 3735 0.000322629 130.838
420	1	380.392	26262.4	26251.4	11.0444	516	487	337	2	0.0001 Colloc0 516 3759 0.0365969 146.301
430	1	389.5	26082.9	26071.7	11.1475	501	534	290	1	0.0001 Colloc0 501 3715 0.0363229 152.507
440	1	398.598	25945.3	25934.4	10.8818	479	542	282	3	0.0001 Colloc0 479 3716 0.0273546 136.736
450	1	407.692	25805.7	25795	10.691	496	565	259	2	0.0001 Colloc0 496 3697 0.0702544 125.863
460	1	416.76	25773.8	25763.1	10.7772	488	558	266	1	0.0001 Colloc0 488 3677 0.0278788 130.726
470	1	425.685	25892.1	25881.4	10.7305	501	528	296	3	0.0001 Colloc0 501 3672 0.0545981 128.082
480	1	434.285	25857.2	25846.6	10.5994	502	498	326	2	0.0001 Colloc0 502 3653 0.0876503 120.784
490	1	443.021	25786.7	25775.6	11.0493	494	528	296	1	0.0001 Colloc0 494 3679 0.0252106 146.593
500	1	451.605	25710.3	25699.3	10.9496	491	510	314	2	0.0001 Colloc0 491 3659 0.0172399 140.692
510	1	460.149	25618.1	25607.5	10.5565	481	542	282	2	0.0001 Colloc0 481 3674 0.0541904 118.437
520	1	468.796	25675.1	25664.6	10.5541	483	534	290	2	0.0001 Colloc0 483 3665 0.0929652 118.304
530	1	477.311	25553.5	25542.6	10.978	487	573	251	1	0.0001 Colloc0 487 3655 0.0257618 142.364
540	1	486.001	25516.4	25505.4	11.0683	475	597	227	1	0.0001 Colloc0 475 3684 0.0158672 147.732
550	1	494.793	25597.8	25587	10.8354	479	563	261	2	0.0001 Colloc0 479 3677 0.0568246 134.056
560	1	503.827	25703.1	25692.2	10.8804	483	513	311	1	0.0001 Colloc0 483 3643 0.0398364 136.654
570	1	512.955	25672.6	25661.6	10.9796	479	523	301	3	0.0001 Colloc0 479 3639 0.020916 142.457
580	1	522.044	25817.9	25807	10.9025	483	505	319	2	0.0001 Colloc0 483 3654 0.00738961 137.941
590	1	531.298	25617.1	25606.2	10.9551	483	513	311	2	0.0001 Colloc0 483 3624 0.0553054 141.018
600	1	540.404	25623.2	25613.1	10.103	481	524	300	1	0.0001 Colloc0 481 3650 0.0994046 94.9598
610	1	549.61	25494.4	25483.5	10.902	478	564	260	1	0.0001 Colloc0 478 3632 0.0524149 137.912
620	1	558.776	25354.6	25344.2	10.4339	477	628	196	2	0.0001 Colloc0 477 3627 0.102843 111.845
630	1	567.856	25390.1	25378.9	11.1474	476	612	212	2	0.0001 Colloc0 476 3631 0.0107903 152.496
640	1	576.89	25330.2	25319.6	10.521	464	609	215	2	0.0001 Colloc0 464 3637 0.0693285 116.507
650	1	585.903	25398.8	25388.3	10.5561	469	603	221	2	0.0001 Colloc0 469 3639 0.115767 118.413
660	1	594.91	25570.9	25560.1	10.8071	486	560	264	2	0.0001 Colloc0 486 3633 0.00819921 132.436
670	1	603.951	25492.4	25481.5	10.904	468	573	251	2	0.0001 Colloc0 468 3628 0.0213894 138.03
680	1	613.024	25430	25419.3	10.7143	453	585	239	2	0.0001 Colloc0 453 3639 0.0199123 127.168
690	1	622.141	25536.3	25525.5	10.8585	479	575	249	1	0.0001 Colloc0 479 3624 0.0360177 135.387
700	1	631.217	25609.9	25598.8	11.0709	474	556	268	1	0.0001 Colloc0 474 3636 0.0305243 147.887
710	1	639.995	25465.9	25454.8	11.1275	466	554	270	3	0.0001 Colloc0 466 3614 0.000978123 151.295
720	1	648.93	25463.1	25452.2	10.833	471	571	253	1	0.0001 Colloc0 471 3620 0.0564961 133.918
730	1	657.991	25613.4	25602.1	11.2841	485	522	302	1	0.0001 Colloc0 485 3618 0.00528891 160.873
740	1	667.111	25554.8	25543.8	10.9447	471	548	276	0	0.0001 Colloc0 471 3641 0.0147938 140.405
750	1	675.909	25527	25516.4	10.6144	489	545	279	2	0.0001 Colloc0 489 3637 0.0991914 121.609
760	1	685.015	25446.2	25435.1	11.1449	486	572	252	1	0.0001 Colloc0 486 3629 0.0270808 152.347
770	1	693.991	25568.7	25557.8	10.833	489	550	274	1	0.0001 Colloc0 489 3634 0.0421037 133.918
780	1	703.143	25403.9	25393	10.8866	467	570	254	1	0.0001 Colloc0 467 3615 0.0154486 137.017
790	1	712.1	25471.4	25460.7	10.7622	472	559	265	0	0.0001 Colloc0 472 3636 0.0158058 129.875
800	1	721.04	25395.7	25384.8	10.9732	481	593	231	1	0.0001 Colloc0 481 3631 0.0243131 142.085
810	1	730.065	25583.7	25572.8	10.9643	481	537	287	2	0.0001 Colloc0 481 3641 0.0198401 141.56
820	1	739.012	25572.1	25561.3	10.8294	474	535	289	1	0.0001 Colloc0 474 3628 0.0327865 133.715
830	1	747.983	25570.1	25559.1	10.9486	477	533	291	0	0.0001 Colloc0 477 3620 7.92707e-05 140.636
840	1	756.981	25622.6	25611.7	10.8253	483	534	290	2	0.0001 Colloc0 483 3635 0.0577336 133.478
850	1	765.92	25484.6	25473.3	11.2484	485	565	259	2	0.0001 Colloc0 485 3636 0.00757251 158.668
860	1	774.896	25467.4	25456.9	10.4799	484	574	250	2	0.0001 Colloc0 484 3617 0.100567 114.296
870	1	783.869	25441.4	25430.5	10.9295	473	556	268	1	0.0001 Colloc0 473 3623 0.0121373 139.514
880	1	793.052	25525.3	25514.8	10.5476	485	551	273	0	0.0001 Colloc0 485 3618 0.0885407 117.948
890	1	802.127	25529.8	25519.3	10.5231	473	535	289	0	0.0001 Colloc0 473 3624 0.0534346 116.62
900	1	811.09	25566.8	25556.1	10.7115	474	552	272	2	0.0001 Colloc0 474 3646 0.0426218 127.012
910	1	820.188	25512.9	25502.1	10.8122	486	543	281	2	0.0001 Colloc0 486 3632 0.0945335 132.727
920	1	829.354	25433.5	25423.2	10.3103	467	546	278	1	0.0001 Colloc0 467 3623 0.114406 105.378
930	1	838.392	25273	25262.2	10.8152	486	597	227	2	0.0001 Colloc0 486 3549 0.0681146 132.898
940	1	847.603	25170.9	25159.9	10.9684	467	590	234	1	0.0001 Colloc0 467 3544 0.0090693 141.798
950	1	856.7	25244.1	25233.1	11.0013	488	602	222	1	0.0001 Colloc0 488 3543 0.0185512 143.745
960	1	865.347	25161	25150.4	10.5726	490	603	221	0	0.0001 Colloc0 490 3543 0.0792632 119.311
970	1	873.915	25192.9	25182	10.9283	475	614	210	0	0.0001 Colloc0 475 3555 0.0250274 139.448
980	1	882.762	25130.9	25120.3	10.6267	474	619	205	0	0.0001 Colloc0 474 3531 0.0938546 122.285
990	1	891.861	25152.3	25141.5	10.7998	478	638	186	0	0.0001 Colloc0 478 3540 0.0803482 132.018
1000	1	900.98	25251.7	25240.9	10.8822	489	602	222	1	0.0001 Colloc0 489 3565 0.0560371 136.762
1010	1	910.025	25189.3	25178.4	10.9003	478	607	217	2	0.0001 Colloc0 478 3556 0.0209109 137.812
1020	1	918.864	25181.7	25171.4	10.2463	486	618	206	0	0.0001 Colloc0 486 3542 0.0827666 102.106
1030	1	927.949	25118.1	25106.9	11.2762	464	625	199	1	0.0001 Colloc0 464 3546 0.000570083 160.383
1040	1	937.032	25196.1	25185.2	10.9135	485	619	205	1	0.0001 Colloc0 485 3539 0.0937362 138.581
1050	1	946.003	25170.1	25159.3	10.8564	481	635	189	1	0.0001 Colloc0 481 3541 0.0042223 135.271
1060	1	954.993	25167.9	25156.8	11.0567	476	622	202	1	0.0001 Colloc0 476 3532 0.00349368 147.036
1070	1	963.927	25118.4	25107.5	10.867	471	623	201	1	0.0001 Colloc0 471 3525 0.0455199 135.881
1080	1	973.004	25110.8	25099.7	11.1018	477	636	188	0	0.0001 Colloc0 477 3508 0.0128618 149.745
1090	1	982.043	25104.6	25094	10.6013	486	624	200	0	0.0001 Colloc0 486 3533 0.082302 120.888
1100	1	991.034	25126.1	25115	11.1245	474	629	195	0	0.0001 Colloc0 474 3529 0.0155228 151.113
1110	1	1000.11	25084	25073.4	10.5903	473	628	196	0	0.0001 Colloc0 473 3529 0.0661419 120.281
1120	1	1009.23	25106.7	25096.3	10.426	481	617	207	0	0.0001 Colloc0 481 3524 0.152257 111.426
1130	1	1018.43	25269.6	25258.9	10.782	498	596	228	1	0.0001 Colloc0 498 3538 0.06026 131.003
1140	1	1027.6	25071.9	25061	10.8544	477	625	199	1	0.0001 Colloc0 477 3527 0.0110215 135.153
1150	1	1036.44	25175.7	25164.6	11.0629	483	616	208	1	0.0001 Colloc0 483 3533 0.0087201 147.41
1160	1	1045.5	25019.4	25008.7	10.625	455	643	181	3	0.0001 Colloc0 455 3535 0.0565368 122.193
1170	1	1054.52	25171.4	25160.5	10.8748	475	604	220	3	0.0001 Colloc0 475 3540 0.0449483 136.334
1180	1	1063.57	25163.3	25152.7	10.5926	485	616	208	1	0.0001 Colloc0 485 3535 0.137771 120.407
1190	1	1072.58	25128.8	25118	10.8331	491	612	212	1	0.0001 Colloc0 491 3516 0.0813173 133.927
1200	1	1081.62	25161.1	25150.4	10.7004	483	587	237	0	0.0001 Colloc0 483 3505 0.0883537 126.391
1210	1	1090.59	25240.5	25229.7	10.7569	475	567	257	1	0.0001 Colloc0 475 3542 0.0120508 129.577
1220	1	1099.41	25248.3	25237.2	11.0865	483	567	257	0	0.0001 Colloc0 483 3534 0.000416317 148.822
1230	1	1108.52	25137	25126.5	10.5129	484	606	218	2	0.0001 Colloc0 484 3529 0.0603698 116.07
1240	1	1117.65	25258.7	25247.6	11.1008	483	590	234	1	0.0001 Colloc0 483 3526 0.0086374 149.684
1250	1	1126.34	25093	25082.4	10.6007	483	609	215	2	0.0001 Colloc0 483 3523 0.0645069 120.854
1260	1	1134.88	25124.7	25114	10.7202	484	600	224	1	0.0001 Colloc0 484 3504 0.0648179 127.503
1270	1	1143.44	25118.9	25108.4	10.5297	476	595	229	2	0.0001 Colloc0 476 3505 0.0648696 116.977
1280	1	1152.22	25157.9	25147.2	10.7802	492	601	223	1	0.0001 Colloc0 492 3504 0.0802817 130.897
1290	1	1161.04	25152.1	25141	11.0328	493	600	224	1	0.0001 Colloc0 493 3511 0.0205794 145.61
1300	1	1169.97	25152.3	25141.4	10.9146	486	597	227	1	0.0001 Colloc0 486 3503 0.0329483 138.644
1310	1	1179.1	25156.8	25145.7	11.0926	489	611	213	1	0.0001 Colloc0 489 3503 0.00170681 149.191
1320	1	1187.93	25116.8	25106.1	10.6941	494	604	220	0	0.0001 Colloc0 494 3515 0.0706502 126.035
1330	1	1196.92	25009.1	24998.2	10.942	468	631	193	1	0.0001 Colloc0 468 3520 0.00376424 140.25
1340	1	1205.75	25089.6	25078.7	10.9692	475	592	232	0	0.0001 Colloc0 475 3520 0.0194973 141.847
1350	1	1214.9	25239.4	25228.5	10.8775	481	593	231	2	0.0001 Colloc0 481 3516 0.00638563 136.487
1360	1	1223.94	25286.5	25275.5	10.9577	487	584	240	1	0.0001 Colloc0 487 3535 0.0543709 141.169
1370	1	1232.95	25114.5	25103.6	10.8611	466	614	210	2	0.0001 Colloc0 466 3520 0.0125616 135.539
1380	1	1241.83	25112.3	25101.5	10.8172	479	598	226	2	0.0001 Colloc0 479 3528 0.0417763 133.011
1390	1	1250.75	25071.3	25060.6	10.6814	468	607	217	1	0.0001 Colloc0 468 3530 0.0434322 125.326
1400	1	1259.8	25088	25077	10.9738	477	613	211	0	0.0001 Colloc0 477 3528 0.0240043 142.119
1410	1	1268.85	25264.2	25253.3	10.8278	480	563	261	0	0.0001 Colloc0 480 3537 0.0698462 133.62
1420	1	1277.84	25248.1	25237.5	10.6492	497	563	261	2	0.0001 Colloc0 497 3516 0.108242 123.532
1430	1	1286.72	25108.3	25097.6	10.6873	477	609	215	2	0.0001 Colloc0 477 3516 0.0776873 125.655
1440	1	1295.79	25241.4	25230.6	10.7704	484	568	256	2	0.0001 Colloc0 484 3529 0.0790144 130.341
1450	1	1304.73	25054.5	25043.5	11.0027	481	601	223	1	0.0001 Colloc0 481 3499 0.00554568 143.824
1460	1	1313.82	25073.4	25062.4	10.9789	483	572	252	1	0.0001 Colloc0 483 3505 0.023644 142.417
1470	1	1322.73	24967.9	24957	10.8633	477	630	194	1	0.0001 Colloc0 477 3487 0.0157542 135.665
1480	1	1331.69	25025.4	25014.3	11.1597	472	609	215	1	0.0001 Colloc0 472 3518 0.00777331 153.242
1490	1	1340.72	25087.3	25076	11.2757	480	587	237	1	0.0001 Colloc0 480 3505 0.0295337 160.358
1500	1	1349.86	25062.1	25051.1	11.0176	480	582	242	2	0.0001 Colloc0 480 3518 0.0337149 144.707
1510	1	1358.96	25123.6	25112.7	10.8292	481	571	253	3	0.0001 Colloc0 481 3513 0.0410087 133.702
1520	1	1367.93	25091.9	25081.1	10.7464	482	592	232	2	0.0001 Colloc0 482 3517 0.0934709 128.978
1530	1	1376.99	25070.1	25058.9	11.1457	481	597	227	2	0.0001 Colloc0 481 3517 0.0120022 152.395
1540	1	1385.97	25112.2	25101.4	10.8051	490	596	228	1	0.0001 Colloc0 490 3525 0.0486104 132.321
1550	1	1395.01	25067.3	25056	11.3078	478	598	226	0	0.0001 Colloc0 478 3497 0.00312593 162.347
1560	1	1404.06	24907.9	24897.7	10.1638	473	634	190	1	0.0001 Colloc0 473 3505 0.137335 97.9557
1570	1	1412.96	25008.5	24997.4	11.0497	487	642	182	0	0.0001 Colloc0 487 3504 0.0195918 146.618
1580	1	1422.02	25074.7	25063.3	11.3965	501	615	209	2	0.0001 Colloc0 501 3521 0.00920482 167.887
1590	1	1430.96	25002.3	24991.5	10.8186	482	607	217	1	0.0001 Colloc0 482 3489 0.0655525 133.091
1600	1	1439.96	25106.3	25095.8	10.5311	504	580	244	0	0.0001 Colloc0 504 3501 0.109875 117.058
1610	1	1448.75	25012.2	25001.5	10.7335	493	614	210	1	0.0001 Colloc0 493 3490 0.0880043 128.25
1620	1	1457.71	25030.8	25020.3	10.4877	487	615	209	0	0.0001 Colloc0 487 3516 0.0788775 114.717
1630	1	1466.73	25023.9	25013.2	10.7267	492	599	225	2	0.0001 Colloc0 492 3504 0.0932717 127.867
1640	1	1475.7	25076.9	25066.8	10.1438	496	603	221	2	0.0001 Colloc0 496 3524 0.107368 96.9645
1650	1	1484.29	25011.5	25000.9	10.5028	474	589	235	1	0.0001 Colloc0 474 3488 0.0538987 115.526
1660	1	1493.14	25031.8	25021.1	10.7508	488	598	226	1	0.0001 Colloc0 488 3487 0.104943 129.229
1670	1	1502.02	25023.3	25012.6	10.708	474	601	223	1	0.0001 Colloc0 474 3489 0.0501717 126.813
1680	1	1510.9	24993.9	24982.7	11.2268	467	603	221	0	0.0001 Colloc0 467 3486 0.00550051 157.343
1690	1	1520.02	25058.3	25047.6	10.7295	490	601	223	3	0.0001 Colloc0 490 3490 0.0630447 128.026
1700	1	1528.89	25083.7	25073	10.7161	493	561	263	1	0.0001 Colloc0 493 3474 0.0439694 127.27
1710	1	1537.81	25019.1	25008.5	10.6855	492	593	231	1	0.0001 Colloc0 492 3497 0.0599961 125.556
1720	1	1546.89	24938.1	24928	10.0801	484	624	200	0	0.0001 Colloc0 484 3478 0.196839 93.8373
1730	1	1555.98	24878.1	24868	10.0566	485	652	172	0	0.0001 Colloc0 485 3483 0.141255 92.7018
1740	1	1565.04	24933.9	24923	10.933	483	641	183	0	0.0001 Colloc0 483 3496 0.0701208 139.722
1750	1	1573.99	25024.7	25013.7	10.9419	490	583	241	1	0.0001 Colloc0 490 3495 0.0384193 140.241
1760	1	1582.77	25009.1	24999	10.1223	488	606	218	0	0.0001 Colloc0 488 3479 0.144364 95.907
1770	1	1591.35	24961.1	24950	11.1388	480	615	209	1	0.0001 Colloc0 480 3478 0.0261383 151.978
1780	1	1600.08	24992.8	24981.7	11.0476	495	619	205	1	0.0001 Colloc0 495 3480 0.0606397 146.495
1790	1	1608.99	24902.2	24891.3	10.9326	480	618	206	1	0.0001 Colloc0 480 3475 0.0254878 139.696
1800	1	1617.83	24971.7	24961.1	10.6619	486	628	196	3	0.0001 Colloc0 486 3491 0.0592485 124.24
1810	1	1626.68	24817.9	24807.4	10.4779	472	652	172	2	0.0001 Colloc0 472 3456 0.0748166 114.187
1820	1	1635.47	25004.6	24993.8	10.7739	486	597	227	3	0.0001 Colloc0 486 3474 0.0290665 130.542
1830	1	1644.34	25024.1	25013.6	10.5676	495	603	221	0	0.0001 Colloc0 495 3487 0.0815298 119.042
1840	1	1653.23	24967.7	24957	10.779	487	621	203	3	0.0001 Colloc0 487 3482 0.0791285 130.828
1850	1	1662.04	25066.8	25055.4	11.3202	493	565	259	1	0.0001 Colloc0 493 3475 0.0120143 163.117
1860	1	1670.67	25025.3	25014.2	11.1093	486	592	232	1	0.0001 Colloc0 486 3483 0.00116029 150.194
1870	1	1679.69	25003	24992	11.0359	488	614	210	2	0.0001 Colloc0 488 3487 0.000411674 145.796
1880	1	1688.64	24933.2	24922.1	11.1131	478	598	226	0	0.0001 Colloc0 478 3474 0.000817164 150.421
1890	1	1697.5	24914.2	24903.2	11.032	470	618	206	2	0.0001 Colloc0 470 3475 0.00665649 145.562
1900	1	1706.53	25041.7	25030.7	11.0425	491	603	221	2	0.0001 Colloc0 491 3491 0.0369144 146.192
1910	1	1715.43	24987.2	24976.3	10.8634	475	614	210	1	0.0001 Colloc0 475 3491 0.0248681 135.673
1920	1	1724.32	24939.5	24928.6	10.9289	483	620	204	0	0.0001 Colloc0 483 3475 0.00896529 139.483
1930	1	1733.22	25129.6	25118.8	10.7888	493	587	237	0	0.0001 Colloc0 493 3476 0.0629447 131.388
1940	1	1742.3	25071	25060.2	10.8122	488	582	242	1	0.0001 Colloc0 488 3482 0.0508852 132.724
1950	1	1750.91	24999	24988.3	10.744	480	617	207	1	0.0001 Colloc0 480 3490 0.043747 128.845
1960	1	1759.63	24963.2	24952.4	10.7938	483	616	208	1	0.0001 Colloc0 483 3474 0.0448243 131.675
1970	1	1768.51	25031.3	25020.5	10.8221	494	599	225	2	0.0001 Colloc0 494 3471 0.0270355 133.294
1980	1	1777.28	24921.7	24910.8	10.9221	476	586	238	0	0.0001 Colloc0 476 3472 0.0607338 139.084
1990	1	1785.91	24925.9	24915.4	10.5708	483	609	215	1	0.0001 Colloc0 483 3475 0.0830933 119.215
2000	1	1794.66	24991.7	24980.9	10.8332	482	603	221	1	0.0001 Colloc0 482 3478 0.0253059 133.93
