# D = 0, E = 1, I = 1, P = 1, R = -1, n = 2000, N = 1, P = 1, w = 1, a = 0.0001, b = 10000, e = 1, f = 1, g = 100, h = 0.01, r = 3747, s = 1, S = 0, x = 10, m = 100, Z = 1, z = 0, T = 1, t = 1
# 9751 tokens in 824 sentences
#
# It	Temp	Time	-logP	-logPcorpus	-logPrior	tables	same	changed	reject	default_pya	(parent pym pyn pya pyb)*
0	1	0.734888	34182.1	34068.3	113.764	1924	0	824	0	0.0001 Colloc0 1924 3515 0.0001 10000
10	1	11.0163	27150.2	27138	12.1685	621	363	461	5	0.0001 Colloc0 621 3493 0.00714319 218.847
20	1	20.4849	26806.1	26794.5	11.5386	577	420	404	2	0.0001 Colloc0 577 3518 0.0112057 176.915
30	1	29.9634	26627.8	26616.6	11.266	549	413	411	1	0.0001 Colloc0 549 3514 0.0490527 159.757
40	1	39.597	26658.4	26646.8	11.564	575	442	382	2	0.0001 Colloc0 575 3526 0.01597 178.546
50	1	48.8846	26416.6	26404.7	11.9834	561	462	362	3	0.0001 Colloc0 561 3515 0.00843545 206.224
60	1	58.0642	26451	26439.5	11.5038	552	441	383	0	0.0001 Colloc0 552 3531 0.0372842 174.691
70	1	67.6927	26027.6	26016	11.5348	545	516	308	0	0.0001 Colloc0 545 3493 0.0261254 176.673
80	1	77.4942	26032.8	26021.3	11.5039	523	524	300	0	0.0001 Colloc0 523 3502 0.0139601 174.694
90	1	87.1727	25965.1	25953.7	11.388	524	504	320	0	0.0001 Colloc0 524 3515 0.0182984 167.354
100	1	96.7643	25866.6	25855.5	11.0633	515	522	302	0	0.0001 Colloc0 515 3501 0.0511109 147.431
110	1	106.438	25935.7	25924.2	11.5151	523	495	329	0	0.0001 Colloc0 523 3461 0.00157903 175.408
120	1	115.898	25995	25983.7	11.3849	527	494	330	0	0.0001 Colloc0 527 3495 0.0281698 167.16
130	1	125.72	25908.5	25897.4	11.1142	536	489	335	1	0.0001 Colloc0 536 3472 0.0156765 150.488
140	1	135.059	25875.5	25864.4	11.127	524	523	301	1	0.0001 Colloc0 524 3498 0.0525628 151.262
150	1	144.156	25801.4	25789.9	11.4878	519	514	310	0	0.0001 Colloc0 519 3491 0.0530162 173.67
160	1	153.618	25737	25725.3	11.7777	527	529	295	1	0.0001 Colloc0 527 3456 0.000454557 192.475
170	1	163.006	25534.6	25523.5	11.0212	507	576	248	0	0.0001 Colloc0 507 3460 0.0365312 144.925
180	1	172.666	25527.5	25516.4	11.0974	516	555	269	4	0.0001 Colloc0 516 3430 0.0416373 149.481
190	1	182.187	25609	25597.5	11.4986	519	524	300	2	0.0001 Colloc0 519 3446 0.0103669 174.358
200	1	191.57	25583.8	25572.8	10.9582	505	539	285	1	0.0001 Colloc0 505 3445 0.0360084 141.198
210	1	201.044	25575.2	25564	11.1829	520	533	291	3	0.0001 Colloc0 520 3452 0.0308333 154.657
220	1	210.672	25646.6	25635.5	11.0254	511	519	305	1	0.0001 Colloc0 511 3451 0.0432806 145.172
230	1	220.259	25590.4	25579.2	11.2254	509	539	285	4	0.0001 Colloc0 509 3459 0.0109057 157.257
240	1	229.797	25678.2	25667.1	11.1403	504	506	318	0	0.0001 Colloc0 504 3464 0.0129976 152.066
250	1	239.108	25592.2	25581.1	11.1061	509	518	306	1	0.0001 Colloc0 509 3476 0.0409643 150.002
260	1	248.681	25458	25447.2	10.7798	500	554	270	1	0.0001 Colloc0 500 3472 0.0702416 130.879
270	1	257.917	25365.7	25354.9	10.8104	495	544	280	1	0.0001 Colloc0 495 3429 0.0432216 132.624
280	1	267.501	25370.6	25359.4	11.2355	508	564	260	2	0.0001 Colloc0 508 3416 0.00797432 157.874
290	1	276.725	25318.1	25306.7	11.3437	501	554	270	2	0.0001 Colloc0 501 3404 0.0207981 164.578
300	1	286.282	25345.1	25333.8	11.2642	509	536	288	1	0.0001 Colloc0 509 3412 0.0467437 159.643
310	1	295.711	25457.4	25446.5	10.9117	508	545	279	0	0.0001 Colloc0 508 3423 0.0477765 138.476
320	1	305.381	25258.9	25247.6	11.342	499	559	265	0	0.0001 Colloc0 499 3399 0.0170927 164.475
330	1	314.897	25376.2	25365.1	11.1355	499	546	278	1	0.0001 Colloc0 499 3418 0.0111165 151.775
340	1	324.119	25398.4	25387	11.3996	509	515	309	4	0.0001 Colloc0 509 3423 0.0243551 168.083
350	1	333.613	25347.9	25336.7	11.218	493	531	293	2	0.0001 Colloc0 493 3433 0.00129199 156.801
360	1	343.1	25152.9	25141.8	11.0814	497	579	245	0	0.0001 Colloc0 497 3395 0.00619252 148.517
370	1	352.624	25149.5	25138.5	11.033	501	566	258	0	0.0001 Colloc0 501 3384 0.0596763 145.625
380	1	362.199	25207.8	25196.6	11.2681	502	564	260	4	0.0001 Colloc0 502 3396 0.0317449 159.883
390	1	371.845	25281.3	25270.2	11.1567	498	553	271	1	0.0001 Colloc0 498 3384 0.0186999 153.061
400	1	381.488	25148.4	25137.3	11.1633	500	571	253	1	0.0001 Colloc0 500 3372 0.0114286 153.462
410	1	391.13	25177.8	25166.6	11.1855	507	573	251	1	0.0001 Colloc0 507 3368 0.00712386 154.815
420	1	400.271	25198.6	25187.6	10.9754	531	546	278	0	0.0001 Colloc0 531 3353 0.0592435 142.21
430	1	409.481	25043.8	25032.7	11.0735	498	595	229	2	0.0001 Colloc0 498 3338 0.0382838 148.044
440	1	418.928	25156.4	25145.1	11.2682	522	585	239	1	0.0001 Colloc0 522 3352 0.0100408 159.895
450	1	428.675	25026.9	25015.6	11.3129	513	604	220	0	0.0001 Colloc0 513 3345 0.0775378 162.659
460	1	437.788	25101.8	25090.5	11.3795	501	581	243	4	0.0001 Colloc0 501 3361 0.00206163 166.821
470	1	447.09	25292.6	25281.4	11.1698	518	568	256	2	0.0001 Colloc0 518 3387 0.0213778 153.856
480	1	456.653	25108.8	25097.4	11.3145	513	575	249	1	0.0001 Colloc0 513 3363 0.0458275 162.763
490	1	465.785	24959.9	24948.7	11.203	508	607	217	0	0.0001 Colloc0 508 3345 0.0571874 155.886
500	1	474.834	25169.5	25158.2	11.2707	527	565	259	2	0.0001 Colloc0 527 3357 0.024158 160.049
510	1	483.964	25020.1	25009.1	11.0013	491	570	254	2	0.0001 Colloc0 491 3332 0.0144469 143.744
520	1	493.298	25082.3	25071	11.3655	507	569	255	1	0.0001 Colloc0 507 3340 0.00422377 165.943
530	1	502.512	25068.7	25057.2	11.4943	508	568	256	3	0.0001 Colloc0 508 3333 0.0288639 174.081
540	1	512.15	25050.5	25039.6	10.8639	516	562	262	0	0.0001 Colloc0 516 3326 0.105871 135.704
550	1	521.819	25103.5	25092.1	11.3534	511	554	270	2	0.0001 Colloc0 511 3338 0.0206091 165.186
560	1	531.634	24976.8	24965.2	11.5151	513	594	230	1	0.0001 Colloc0 513 3328 0.00814502 175.409
570	1	541.236	24884.9	24873.6	11.2348	503	601	223	3	0.0001 Colloc0 503 3327 0.0410274 157.837
580	1	550.691	24838.4	24827.3	11.1404	516	595	229	3	0.0001 Colloc0 516 3314 0.0733526 152.077
590	1	560.081	24923.1	24911.9	11.1284	506	580	244	1	0.0001 Colloc0 506 3325 0.0522398 151.348
600	1	569.247	24950.6	24939.2	11.3752	503	570	254	1	0.0001 Colloc0 503 3338 0.0102564 166.55
610	1	578.349	24963.9	24952.7	11.1439	502	568	256	2	0.0001 Colloc0 502 3334 0.0252964 152.284
620	1	587.405	24860.1	24849.1	11.0061	493	600	224	2	0.0001 Colloc0 493 3317 0.0465439 144.025
630	1	596.746	24793.8	24782.7	11.0293	499	632	192	0	0.0001 Colloc0 499 3341 0.0290671 145.405
640	1	606.391	24946.8	24935.9	10.958	510	576	248	0	0.0001 Colloc0 510 3328 0.0358428 141.186
650	1	616.036	24898.3	24887	11.3463	499	565	259	1	0.0001 Colloc0 499 3320 0.0240247 164.742
660	1	625.541	24933.2	24922	11.2001	507	586	238	0	0.0001 Colloc0 507 3331 0.00905458 155.705
670	1	635.312	24724.9	24713.8	11.1776	498	622	202	1	0.0001 Colloc0 498 3302 0.0248637 154.332
680	1	644.66	24797.4	24786.6	10.7557	503	618	206	2	0.0001 Colloc0 503 3307 0.0639799 129.51
690	1	653.911	24934.1	24922.7	11.3803	510	581	243	0	0.0001 Colloc0 510 3324 0.00985323 166.871
700	1	663.548	24931.7	24920.5	11.1993	508	599	225	1	0.0001 Colloc0 508 3335 0.00166875 155.661
710	1	672.69	24877.5	24866.3	11.1688	501	594	230	0	0.0001 Colloc0 501 3322 0.0163946 153.797
720	1	682.127	24914.7	24903.7	11.0261	492	577	247	0	0.0001 Colloc0 492 3338 0.012243 145.217
730	1	691.78	24900.9	24889.6	11.3694	506	565	259	1	0.0001 Colloc0 506 3317 0.0146392 166.185
740	1	701.233	24901.8	24890.6	11.2349	504	578	246	2	0.0001 Colloc0 504 3323 0.0268124 157.838
750	1	710.772	24896.6	24885.4	11.2384	501	587	237	1	0.0001 Colloc0 501 3316 0.0455208 158.055
760	1	720.51	24813.6	24802.3	11.2505	487	611	213	0	0.0001 Colloc0 487 3339 0.00564758 158.799
770	1	730.237	24953.4	24942	11.4541	517	585	239	0	0.0001 Colloc0 517 3349 0.0411764 171.524
780	1	739.83	24764.6	24753.5	11.1014	497	594	230	2	0.0001 Colloc0 497 3318 0.00214758 149.717
790	1	749.652	24936.3	24925.2	11.0786	520	578	246	1	0.0001 Colloc0 520 3325 0.0667667 148.352
800	1	759.072	24855.5	24844.4	11.1073	497	598	226	0	0.0001 Colloc0 497 3337 0.0499399 150.074
810	1	768.346	24824.4	24813.1	11.327	501	600	224	1	0.0001 Colloc0 501 3320 0.0126891 163.54
820	1	777.786	24876.5	24865.1	11.3912	516	581	243	1	0.0001 Colloc0 516 3344 0.00149737 167.555
830	1	787.466	24722.1	24711.4	10.736	508	624	200	1	0.0001 Colloc0 508 3280 0.0790651 128.391
840	1	797.037	24715.6	24704.4	11.2497	501	637	187	1	0.0001 Colloc0 501 3306 0.0263126 158.75
850	1	806.476	24633	24622.7	10.3085	487	641	183	1	0.0001 Colloc0 487 3292 0.149518 105.288
860	1	815.824	24724.9	24713.6	11.2468	502	627	197	1	0.0001 Colloc0 502 3299 0.00170033 158.569
870	1	825.528	24794	24783.3	10.6367	514	593	231	1	0.0001 Colloc0 514 3305 0.103563 122.837
880	1	835.366	24772.9	24761.6	11.2541	496	584	240	1	0.0001 Colloc0 496 3304 0.0117036 159.02
890	1	844.939	24757.6	24746.5	11.1477	496	593	231	0	0.0001 Colloc0 496 3303 0.0106066 152.519
900	1	854.632	24763.8	24752.5	11.2415	500	587	237	1	0.0001 Colloc0 500 3307 0.00135422 158.246
910	1	864.451	24697.5	24686.6	10.9044	491	602	222	2	0.0001 Colloc0 491 3293 0.0253911 138.051
920	1	874.189	24921.4	24910.3	11.0995	496	581	243	0	0.0001 Colloc0 496 3309 0.00514742 149.604
930	1	883.597	24767.4	24756	11.4388	493	601	223	3	0.0001 Colloc0 493 3295 0.00647771 170.56
940	1	893.279	24847.2	24836	11.2596	516	585	239	1	0.0001 Colloc0 516 3288 0.00254344 159.362
950	1	902.743	24796.1	24785.3	10.8687	517	597	227	2	0.0001 Colloc0 517 3295 0.0942735 135.982
960	1	912.564	24842.1	24831.1	11.0642	520	575	249	2	0.0001 Colloc0 520 3296 0.0466502 147.487
970	1	922.448	24682.9	24671.8	11.0993	502	616	208	0	0.0001 Colloc0 502 3269 0.0424391 149.591
980	1	931.817	24730.1	24718.7	11.3788	507	607	217	1	0.0001 Colloc0 507 3283 0.00189024 166.776
990	1	941.446	24571.9	24560.7	11.1832	489	662	162	2	0.0001 Colloc0 489 3273 0.00666686 154.678
1000	1	951.308	24723.6	24712.6	11.0328	511	616	208	0	0.0001 Colloc0 511 3287 0.0767795 145.612
1010	1	960.805	24793	24781.9	11.1184	507	618	206	2	0.0001 Colloc0 507 3292 0.044802 150.744
1020	1	970.296	24715.9	24704.7	11.1392	501	599	225	2	0.0001 Colloc0 501 3286 0.028034 152.001
1030	1	979.965	24768.2	24756.9	11.2645	502	598	226	1	0.0001 Colloc0 502 3299 0.0100902 159.66
1040	1	989.421	24793	24782	11.0208	501	583	241	4	0.0001 Colloc0 501 3300 0.0568209 144.897
1050	1	998.504	24828	24816.5	11.4527	506	594	230	2	0.0001 Colloc0 506 3288 0.00148902 171.441
1060	1	1008.34	24793.7	24782.2	11.4093	508	598	226	2	0.0001 Colloc0 508 3291 0.00907367 168.694
1070	1	1018.04	24822.4	24811.1	11.2054	501	610	214	0	0.0001 Colloc0 501 3284 0.00721128 156.029
1080	1	1027.88	24729.2	24718.1	11.116	501	590	234	0	0.0001 Colloc0 501 3263 0.009192 150.6
1090	1	1037.48	24683	24672.1	10.9228	489	615	209	0	0.0001 Colloc0 489 3287 0.0220991 139.128
1100	1	1047.13	24676.7	24665.6	11.1283	500	610	214	2	0.0001 Colloc0 500 3296 0.0441124 151.344
1110	1	1056.75	24848.3	24837.3	11.0282	514	594	230	1	0.0001 Colloc0 514 3299 0.0452548 145.337
1120	1	1065.83	24874.4	24863.5	10.8813	509	573	251	3	0.0001 Colloc0 509 3293 0.0624265 136.711
1130	1	1075.18	24781.6	24770.7	10.9647	524	574	250	2	0.0001 Colloc0 524 3290 0.0501464 141.583
1140	1	1085.08	24660.4	24649.4	10.9809	496	616	208	1	0.0001 Colloc0 496 3284 0.0539509 142.537
1150	1	1094.77	24714.8	24704	10.7899	484	592	232	1	0.0001 Colloc0 484 3292 0.0486058 131.45
1160	1	1104.23	24717.4	24706.1	11.2718	502	602	222	0	0.0001 Colloc0 502 3286 0.0148812 160.113
1170	1	1113.83	24696.4	24685	11.3459	504	600	224	1	0.0001 Colloc0 504 3288 0.0233485 164.715
1180	1	1123.44	24787.9	24777	10.8688	492	552	272	2	0.0001 Colloc0 492 3288 0.0476073 135.984
1190	1	1133.2	24807.1	24796	11.0966	514	581	243	2	0.0001 Colloc0 514 3295 0.0367282 149.431
1200	1	1142.46	24741.8	24730.5	11.2806	502	610	214	0	0.0001 Colloc0 502 3307 0.0138032 160.657
1210	1	1152.18	24706.7	24696	10.7548	496	616	208	1	0.0001 Colloc0 496 3312 0.0967257 129.457
1220	1	1161.81	24601.3	24590.4	10.8856	485	622	202	0	0.0001 Colloc0 485 3284 0.0360054 136.96
1230	1	1171.53	24627.8	24616.7	11.0855	490	631	193	0	0.0001 Colloc0 490 3284 0.0156857 148.762
1240	1	1180.99	24667	24655.9	11.0893	507	615	209	1	0.0001 Colloc0 507 3282 0.0384837 148.99
1250	1	1190.72	24653.1	24641.9	11.1365	495	628	196	2	0.0001 Colloc0 495 3302 0.0093101 151.836
1260	1	1200.44	24707.3	24696	11.2395	497	611	213	0	0.0001 Colloc0 497 3291 0.00698236 158.12
1270	1	1210.02	24819.4	24808.1	11.2411	505	564	260	2	0.0001 Colloc0 505 3306 0.00326911 158.221
1280	1	1219.7	24729.5	24718.6	10.896	494	589	235	1	0.0001 Colloc0 494 3289 0.0691274 137.566
1290	1	1229.37	24819.1	24807.6	11.4481	510	588	236	2	0.0001 Colloc0 510 3297 0.0464975 171.146
1300	1	1239.1	24742.4	24731.3	11.0422	505	592	232	1	0.0001 Colloc0 505 3288 0.049921 146.173
1310	1	1248.94	24654.3	24642.9	11.374	507	642	182	1	0.0001 Colloc0 507 3306 0.0143064 166.474
1320	1	1258.45	24739.8	24728.1	11.6998	522	590	234	1	0.0001 Colloc0 522 3287 0.00105663 187.355
1330	1	1267.96	24622.1	24610.7	11.403	499	633	191	2	0.0001 Colloc0 499 3266 0.00585006 168.299
1340	1	1277.73	24771.3	24760.1	11.254	504	582	242	0	0.0001 Colloc0 504 3291 0.00167825 159.013
1350	1	1287.2	24609.2	24598.4	10.8261	498	631	193	2	0.0001 Colloc0 498 3272 0.0568004 133.521
1360	1	1296.88	24632.7	24621.1	11.5808	506	598	226	2	0.0001 Colloc0 506 3293 0.0183703 179.627
1370	1	1306.53	24533.4	24522.2	11.2268	490	653	171	1	0.0001 Colloc0 490 3308 0.0380897 157.344
1380	1	1315.87	24642.7	24631.9	10.7906	503	614	210	0	0.0001 Colloc0 503 3276 0.0879313 131.491
1390	1	1325.52	24616.1	24604.7	11.3575	499	640	184	0	0.0001 Colloc0 499 3276 0.0248356 165.441
1400	1	1335.2	24559.1	24548.1	10.9589	484	681	143	1	0.0001 Colloc0 484 3290 0.0571924 141.239
1410	1	1344.91	24543.5	24532.3	11.1429	500	651	173	0	0.0001 Colloc0 500 3273 0.0351683 152.224
1420	1	1354.16	24536.3	24524.9	11.3549	504	651	173	3	0.0001 Colloc0 504 3281 0.00180916 165.279
1430	1	1363.7	24577.3	24566.5	10.8081	499	637	187	0	0.0001 Colloc0 499 3297 0.0638359 132.49
1440	1	1373.11	24640.8	24629.9	10.9209	509	625	199	2	0.0001 Colloc0 509 3298 0.076489 139.014
1450	1	1382.6	24622	24611	11.0176	495	622	202	2	0.0001 Colloc0 495 3294 0.0235764 144.708
1460	1	1392.02	24594.8	24584	10.832	491	621	203	2	0.0001 Colloc0 491 3297 0.0913 133.864
1470	1	1401.61	24717.2	24706.1	11.1629	508	594	230	1	0.0001 Colloc0 508 3293 0.0338371 153.439
1480	1	1411.34	24572.5	24561.6	10.8229	481	625	199	1	0.0001 Colloc0 481 3283 0.0773696 133.342
1490	1	1421.01	24620.2	24609	11.2038	503	616	208	2	0.0001 Colloc0 503 3279 0.0032873 155.934
1500	1	1430.6	24688.8	24677.6	11.2234	495	594	230	0	0.0001 Colloc0 495 3309 0.00610306 157.134
1510	1	1440.39	24694.8	24683.3	11.4781	514	617	207	0	0.0001 Colloc0 514 3283 0.0287357 173.054
1520	1	1450.02	24697.7	24686.7	10.9927	505	600	224	2	0.0001 Colloc0 505 3288 0.0564309 143.235
1530	1	1459.67	24657.8	24646.6	11.2551	508	619	205	1	0.0001 Colloc0 508 3276 0.0152878 159.081
1540	1	1469.32	24642	24631.1	10.9062	488	609	215	1	0.0001 Colloc0 488 3293 0.0515366 138.155
1550	1	1478.51	24708.4	24697.2	11.2126	494	605	219	1	0.0001 Colloc0 494 3298 0.000359989 156.473
1560	1	1488.06	24737.4	24726.2	11.256	507	579	245	1	0.0001 Colloc0 507 3296 0.0190351 159.138
1570	1	1497.53	24689.7	24678.4	11.3199	509	588	236	0	0.0001 Colloc0 509 3285 0.0178274 163.095
1580	1	1507.06	24634.2	24622.9	11.2409	499	623	201	0	0.0001 Colloc0 499 3290 0.0147042 158.208
1590	1	1516.36	24644.5	24633.2	11.3389	497	607	217	0	0.0001 Colloc0 497 3296 0.0281711 164.284
1600	1	1525.39	24647.2	24636	11.237	508	595	229	1	0.0001 Colloc0 508 3277 0.0162206 157.967
1610	1	1534.76	24569.7	24558.5	11.1688	499	613	211	1	0.0001 Colloc0 499 3276 0.0262266 153.799
1620	1	1544.27	24549.8	24538.7	11.0608	489	604	220	2	0.0001 Colloc0 489 3268 0.0157008 147.281
1630	1	1553.62	24574.3	24563.1	11.1479	496	613	211	1	0.0001 Colloc0 496 3276 0.0314671 152.528
1640	1	1562.98	24620	24609	10.9819	487	605	219	1	0.0001 Colloc0 487 3297 0.0644353 142.597
1650	1	1572.35	24584.4	24573.4	10.9542	485	618	206	0	0.0001 Colloc0 485 3281 0.0122833 140.966
1660	1	1581.65	24733	24721.6	11.4045	503	591	233	2	0.0001 Colloc0 503 3275 0.0142373 168.395
1670	1	1591.13	24669.2	24658.1	11.0514	498	622	202	1	0.0001 Colloc0 498 3265 0.0218503 146.721
1680	1	1600.84	24709.1	24697.9	11.2187	517	611	213	1	0.0001 Colloc0 517 3273 0.0412544 156.846
1690	1	1610.12	24681.1	24670	11.0119	513	598	226	0	0.0001 Colloc0 513 3270 0.0497629 144.371
1700	1	1619.14	24533.2	24522.2	10.9714	490	636	188	0	0.0001 Colloc0 490 3267 0.0531533 141.975
1710	1	1628.54	24623.4	24612.4	10.9662	496	606	218	0	0.0001 Colloc0 496 3279 0.0192107 141.67
1720	1	1638.03	24585.1	24574.2	10.817	492	639	185	2	0.0001 Colloc0 492 3277 0.0385335 133
1730	1	1647.23	24458.4	24447.8	10.6441	491	658	166	0	0.0001 Colloc0 491 3262 0.0930925 123.248
1740	1	1656.53	24527.7	24516.8	10.8499	486	635	189	0	0.0001 Colloc0 486 3264 0.0460098 134.896
1750	1	1665.77	24523.1	24511.9	11.2329	488	632	192	3	0.0001 Colloc0 488 3282 0.0116143 157.718
1760	1	1674.94	24611.6	24600.3	11.3156	499	607	217	2	0.0001 Colloc0 499 3275 0.000735704 162.832
1770	1	1684.53	24661.5	24650.5	11.0067	504	583	241	2	0.0001 Colloc0 504 3284 0.0545064 144.062
1780	1	1693.72	24730.2	24718.8	11.4058	516	572	252	3	0.0001 Colloc0 516 3270 0.00900093 168.476
1790	1	1703.05	24681	24669.7	11.3451	489	578	246	2	0.0001 Colloc0 489 3283 0.0029652 164.667
1800	1	1712.26	24653.9	24643	10.8637	501	579	245	2	0.0001 Colloc0 501 3259 0.0720604 135.688
1810	1	1721.72	24569.8	24558.5	11.3114	507	607	217	0	0.0001 Colloc0 507 3250 0.00402263 162.57
1820	1	1730.96	24603.1	24591.8	11.3296	499	593	231	1	0.0001 Colloc0 499 3267 0.0305571 163.702
1830	1	1740.11	24609.7	24598.6	11.0913	493	591	233	1	0.0001 Colloc0 493 3268 0.0290521 149.11
1840	1	1749.34	24575.4	24564.2	11.1564	493	616	208	1	0.0001 Colloc0 493 3277 0.0248332 153.045
1850	1	1758.94	24569.1	24558.3	10.8384	513	636	188	2	0.0001 Colloc0 513 3274 0.0907065 134.233
1860	1	1768.65	24518.7	24507.8	10.8961	484	656	168	1	0.0001 Colloc0 484 3282 0.0169988 137.569
1870	1	1778.11	24527.7	24516.6	11.1092	494	646	178	0	0.0001 Colloc0 494 3275 0.0163343 150.189
1880	1	1787.55	24442.7	24431.3	11.3867	494	661	163	1	0.0001 Colloc0 494 3258 0.0595205 167.271
1890	1	1796.96	24474.3	24462.9	11.4104	493	675	149	1	0.0001 Colloc0 493 3272 0.0161062 168.762
1900	1	1806.37	24499.1	24488.2	10.9725	488	656	168	1	0.0001 Colloc0 488 3274 0.0290314 142.042
1910	1	1815.84	24513.8	24502.4	11.4378	508	640	184	1	0.0001 Colloc0 508 3247 0.0499214 170.494
1920	1	1824.92	24539.3	24528.5	10.8071	502	646	178	3	0.0001 Colloc0 502 3249 0.0668226 132.437
1930	1	1833.9	24599.3	24588.5	10.8273	498	623	201	0	0.0001 Colloc0 498 3269 0.0256058 133.592
1940	1	1843.13	24545.3	24534.5	10.7986	503	645	179	0	0.0001 Colloc0 503 3264 0.0493689 131.947
1950	1	1852.43	24599.9	24588.7	11.128	510	610	214	3	0.0001 Colloc0 510 3273 0.0482135 151.321
1960	1	1861.54	24553.1	24542	11.0325	496	623	201	0	0.0001 Colloc0 496 3265 0.0175624 145.594
1970	1	1870.73	24469.4	24458.2	11.1839	491	641	183	2	0.0001 Colloc0 491 3260 0.0192971 154.716
1980	1	1880.24	24459.2	24448.4	10.8882	485	639	185	2	0.0001 Colloc0 485 3262 0.07691 137.112
1990	1	1889.32	24498	24487	10.9594	492	649	175	1	0.0001 Colloc0 492 3254 0.0530633 141.272
2000	1	1898.33	24505.3	24494.4	10.9031	488	653	171	1	0.0001 Colloc0 488 3266 0.0837676 137.976
