# D = 0, E = 1, I = 1, P = 1, R = -1, n = 2000, N = 1, P = 1, w = 1, a = 0.0001, b = 10000, e = 1, f = 1, g = 100, h = 0.01, r = 5899, s = 1, S = 0, x = 10, m = 100, Z = 1, z = 0, T = 1, t = 1
# 9751 tokens in 824 sentences
#
# It	Temp	Time	-logP	-logPcorpus	-logPrior	tables	same	changed	reject	default_pya	(parent pym pyn pya pyb)*
0	1	0.697893	33367.6	33253.8	113.764	1704	0	824	0	0.0001 Colloc0 1704 3308 0.0001 10000
10	1	9.97948	26877.5	26865.6	11.8672	620	348	476	3	0.0001 Colloc0 620 3428 0.0232625 198.42
20	1	19.2331	26138.2	26126.7	11.5025	545	467	357	3	0.0001 Colloc0 545 3440 0.00744278 174.607
30	1	28.6146	25792.6	25781.5	11.079	530	524	300	2	0.0001 Colloc0 530 3423 0.0533938 148.375
40	1	37.7143	25653.4	25642.2	11.1641	535	552	272	3	0.0001 Colloc0 535 3399 0.0542115 153.514
50	1	46.8509	25587.7	25576.4	11.2918	531	560	264	3	0.0001 Colloc0 531 3415 0.00571355 161.354
60	1	55.9745	25649	25637.6	11.3351	534	560	264	1	0.0001 Colloc0 534 3396 0.0418786 164.041
70	1	65.0141	25577.5	25566.2	11.2351	529	562	262	3	0.0001 Colloc0 529 3418 0.00115774 157.854
80	1	74.1237	25678.6	25667.2	11.4972	548	544	280	3	0.0001 Colloc0 548 3389 0.0262313 174.267
90	1	83.3653	25636.9	25625.4	11.5672	541	508	316	2	0.0001 Colloc0 541 3372 0.00967502 178.753
100	1	92.6749	25661.5	25649.7	11.7597	552	529	295	3	0.0001 Colloc0 552 3371 0.0133347 191.294
110	1	101.941	25506.3	25495	11.257	512	554	270	2	0.0001 Colloc0 512 3397 0.00519838 159.2
120	1	111.131	25602.1	25590.6	11.5046	547	539	285	1	0.0001 Colloc0 547 3387 0.00336218 174.74
130	1	120.243	25495.4	25483.7	11.7163	530	564	260	1	0.0001 Colloc0 530 3382 0.00497507 188.441
140	1	129.436	25366.8	25355.6	11.1862	536	571	253	1	0.0001 Colloc0 536 3387 0.02617 154.859
150	1	138.523	25338.9	25327.5	11.3845	526	555	269	1	0.0001 Colloc0 526 3375 0.0272003 167.134
160	1	147.604	25287.7	25276.2	11.4761	524	553	271	1	0.0001 Colloc0 524 3368 0.00468205 172.923
170	1	156.752	25355.2	25343.7	11.4799	533	547	277	2	0.0001 Colloc0 533 3356 0.0101822 173.166
180	1	165.974	25413.4	25401.7	11.6031	551	552	272	1	0.0001 Colloc0 551 3368 0.0156569 181.069
190	1	175.216	25392.3	25380.9	11.3525	545	541	283	1	0.0001 Colloc0 545 3365 0.0554034 165.13
200	1	184.429	25318.3	25306.8	11.4215	527	551	273	1	0.0001 Colloc0 527 3349 0.00101759 169.464
210	1	193.512	25356.8	25345.4	11.3246	537	529	295	2	0.0001 Colloc0 537 3352 0.0319955 163.388
220	1	202.717	25379.9	25368.4	11.5205	517	537	287	1	0.0001 Colloc0 517 3369 0.0123569 175.754
230	1	211.766	25318.4	25307.5	10.8376	527	545	279	3	0.0001 Colloc0 527 3342 0.0624618 134.183
240	1	220.418	25381.6	25370.2	11.3472	529	553	271	1	0.0001 Colloc0 529 3373 0.00582303 164.8
250	1	229.02	25256.1	25244.4	11.6847	530	556	268	2	0.0001 Colloc0 530 3326 0.0175059 186.368
260	1	238.033	25215.8	25204.5	11.2446	522	560	264	3	0.0001 Colloc0 522 3336 0.0193907 158.436
270	1	247.327	25207.6	25196.3	11.3557	529	575	249	2	0.0001 Colloc0 529 3330 0.0264686 165.328
280	1	256.428	25317.6	25306.4	11.2783	522	553	271	3	0.0001 Colloc0 522 3347 0.023413 160.516
290	1	265.74	25277.6	25266.1	11.5604	532	548	276	1	0.0001 Colloc0 532 3306 0.0146388 178.313
300	1	274.874	25273.3	25261.7	11.5884	553	561	263	1	0.0001 Colloc0 553 3329 0.0426431 180.116
310	1	284.085	25276.7	25265.3	11.3941	526	537	287	2	0.0001 Colloc0 526 3338 0.0456492 167.742
320	1	293.214	25305.1	25293.7	11.3484	539	544	280	2	0.0001 Colloc0 539 3345 0.000488194 164.875
330	1	302.315	25158.1	25147	11.0357	527	596	228	2	0.0001 Colloc0 527 3312 0.0718338 145.783
340	1	311.43	25231.8	25220.2	11.528	534	565	259	1	0.0001 Colloc0 534 3332 0.00597967 176.237
350	1	320.508	25184.6	25173.3	11.2355	533	587	237	2	0.0001 Colloc0 533 3335 0.0732921 157.88
360	1	329.752	25259.5	25248.2	11.3612	526	560	264	1	0.0001 Colloc0 526 3369 0.0411304 165.674
370	1	338.907	25106.3	25094.9	11.3978	502	589	235	1	0.0001 Colloc0 502 3350 0.00660498 167.971
380	1	348.101	25214.7	25203.6	11.1399	511	552	272	1	0.0001 Colloc0 511 3356 0.0355412 152.045
390	1	357.38	25146.1	25134.8	11.312	532	557	267	1	0.0001 Colloc0 532 3333 0.018007 162.603
400	1	366.626	25136.6	25125.3	11.3168	508	561	263	2	0.0001 Colloc0 508 3333 0.00368365 162.903
410	1	375.85	25128.4	25117.3	11.0804	525	564	260	1	0.0001 Colloc0 525 3335 0.0763043 148.457
420	1	384.961	25188.2	25176.9	11.316	525	579	245	3	0.0001 Colloc0 525 3326 0.00530408 162.854
430	1	394.285	25106.2	25095.2	11.0086	528	586	238	1	0.0001 Colloc0 528 3324 0.077398 144.178
440	1	403.542	25077.5	25066	11.5019	515	595	229	1	0.0001 Colloc0 515 3313 0.0030474 174.568
450	1	412.561	25008	24997	11.065	518	606	218	2	0.0001 Colloc0 518 3325 0.0277025 147.533
460	1	421.784	24994.2	24982.8	11.3713	517	618	206	3	0.0001 Colloc0 517 3331 0.0466126 166.305
470	1	430.869	25154.1	25142.8	11.361	517	564	260	1	0.0001 Colloc0 517 3344 0.0313154 165.663
480	1	440.099	25244.4	25233.1	11.2741	526	537	287	1	0.0001 Colloc0 526 3343 0.0115708 160.258
490	1	449.285	25098.1	25086.9	11.1945	516	574	250	3	0.0001 Colloc0 516 3323 0.000566961 155.364
500	1	458.378	25215.6	25203.8	11.7555	530	561	263	4	0.0001 Colloc0 530 3336 0.000567651 191.013
510	1	467.557	25181	25169.4	11.6378	529	544	280	2	0.0001 Colloc0 529 3349 0.00720122 183.314
520	1	476.749	25159.2	25148.2	11.0135	514	566	258	2	0.0001 Colloc0 514 3325 0.0632326 144.466
530	1	485.914	25117.5	25105.8	11.6825	534	569	255	3	0.0001 Colloc0 534 3334 0.0140231 186.229
540	1	495.097	25127.7	25116.2	11.4479	531	566	258	2	0.0001 Colloc0 531 3329 0.0101594 171.132
550	1	504.241	25077.4	25066.1	11.3685	521	604	220	3	0.0001 Colloc0 521 3347 0.0264266 166.13
560	1	513.439	24950.3	24939.1	11.2249	504	639	185	3	0.0001 Colloc0 504 3335 0.0242528 157.226
570	1	522.499	25073	25061.8	11.2671	503	602	222	2	0.0001 Colloc0 503 3361 0.0120634 159.821
580	1	531.537	25103.6	25092.1	11.4382	514	595	229	3	0.0001 Colloc0 514 3338 0.0195539 170.518
590	1	540.627	25225.8	25214.2	11.539	531	548	276	3	0.0001 Colloc0 531 3335 0.00436928 176.941
600	1	549.667	25107.7	25096.6	11.1236	526	593	231	1	0.0001 Colloc0 526 3333 0.0513825 151.057
610	1	558.916	24951	24939.9	11.0335	520	628	196	1	0.0001 Colloc0 520 3327 0.0534945 145.653
620	1	568.057	25114.5	25103.2	11.3192	518	597	227	3	0.0001 Colloc0 518 3333 0.00434603 163.054
630	1	577.2	25083.9	25072.3	11.6477	531	570	254	2	0.0001 Colloc0 531 3318 0.0176549 183.961
640	1	586.37	25025.4	25014	11.3202	513	588	236	5	0.0001 Colloc0 513 3315 0.0215012 163.115
650	1	595.555	25136	25124.2	11.8093	525	554	270	1	0.0001 Colloc0 525 3310 0.0115256 194.572
660	1	604.716	25162.5	25150.9	11.5935	531	547	277	1	0.0001 Colloc0 531 3315 0.0324927 180.448
670	1	613.944	25159	25147.9	11.0737	518	553	271	5	0.0001 Colloc0 518 3325 0.0368767 148.055
680	1	623.196	25155.8	25144.2	11.6346	531	548	276	3	0.0001 Colloc0 531 3333 0.0139291 183.106
690	1	632.395	25002.4	24991.4	11.002	520	559	265	3	0.0001 Colloc0 520 3305 0.0566662 143.784
700	1	641.498	24913.7	24902.3	11.4209	512	576	248	1	0.0001 Colloc0 512 3288 0.0612929 169.428
710	1	650.692	24928.8	24917.5	11.2709	510	553	271	1	0.0001 Colloc0 510 3295 0.0111843 160.061
720	1	659.779	24818.4	24807.1	11.3224	507	611	213	2	0.0001 Colloc0 507 3292 0.00292034 163.252
730	1	668.995	24785.2	24773.8	11.3965	518	618	206	4	0.0001 Colloc0 518 3277 0.00917856 167.89
740	1	678.14	24887.2	24875.7	11.4721	523	604	220	1	0.0001 Colloc0 523 3280 0.00159968 172.671
750	1	687.25	24798.8	24788	10.8616	509	590	234	5	0.0001 Colloc0 509 3293 0.0923838 135.567
760	1	696.022	24933.1	24921.7	11.3549	509	566	258	3	0.0001 Colloc0 509 3299 0.0101335 165.282
770	1	704.635	24863	24851.8	11.173	505	572	252	1	0.0001 Colloc0 505 3293 0.0127208 154.052
780	1	713.605	24951.9	24940.6	11.312	513	567	257	1	0.0001 Colloc0 513 3302 0.00561706 162.607
790	1	722.379	24910.6	24899.2	11.4328	507	560	264	2	0.0001 Colloc0 507 3287 0.0269114 170.177
800	1	731.475	24767.7	24756.7	11.0755	498	584	240	4	0.0001 Colloc0 498 3276 0.0409446 148.164
810	1	740.577	24889.7	24878.5	11.2305	508	566	258	2	0.0001 Colloc0 508 3291 0.0343023 157.57
820	1	749.728	24843.3	24832	11.2752	518	579	245	2	0.0001 Colloc0 518 3279 0.0191612 160.322
830	1	758.978	24834.3	24823.3	10.961	506	570	254	3	0.0001 Colloc0 506 3277 0.0564343 141.367
840	1	768.087	25006.5	24995.2	11.2978	514	556	268	2	0.0001 Colloc0 514 3296 0.0310262 161.724
850	1	776.957	24815.1	24803.9	11.1913	501	602	222	4	0.0001 Colloc0 501 3278 0.0273319 155.169
860	1	785.62	24826.1	24814.8	11.3446	516	592	232	2	0.0001 Colloc0 516 3295 0.00244202 164.634
870	1	794.817	24868.6	24857.6	10.9355	510	598	226	1	0.0001 Colloc0 510 3304 0.0547712 139.87
880	1	804.207	24838.5	24827.5	11.0457	506	578	246	1	0.0001 Colloc0 506 3277 0.00961976 146.379
890	1	812.918	24832.7	24821.6	11.1304	500	588	236	2	0.0001 Colloc0 500 3284 0.0137953 151.471
900	1	821.678	24914.7	24903.2	11.4733	517	553	271	2	0.0001 Colloc0 517 3272 0.00138698 172.749
910	1	830.739	24919.6	24908.7	10.9166	514	562	262	1	0.0001 Colloc0 514 3270 0.0712788 138.762
920	1	839.781	24934.1	24922.8	11.372	509	572	252	2	0.0001 Colloc0 509 3286 0.0122243 166.352
930	1	848.881	24949.9	24938.8	11.1189	510	548	276	3	0.0001 Colloc0 510 3296 0.0305145 150.774
940	1	857.957	24977.5	24966.3	11.1739	515	565	259	1	0.0001 Colloc0 515 3299 0.0625934 154.111
950	1	867.171	25043.7	25032.4	11.3911	520	542	282	2	0.0001 Colloc0 520 3293 0.00439915 167.549
960	1	876.298	24884.6	24873.7	10.8714	516	590	234	2	0.0001 Colloc0 516 3288 0.0806002 136.137
970	1	885.424	24742.3	24731.2	11.1654	502	612	212	2	0.0001 Colloc0 502 3297 0.00281318 153.592
980	1	894.553	24648.1	24636.8	11.3098	501	636	188	2	0.0001 Colloc0 501 3278 0.025109 162.47
990	1	903.759	24708.5	24697.4	11.0923	503	615	209	3	0.0001 Colloc0 503 3274 0.0396959 149.173
1000	1	912.607	24692.6	24681.2	11.4026	499	608	216	1	0.0001 Colloc0 499 3272 0.0022951 168.271
1010	1	921.5	24765.1	24753.7	11.3396	508	592	232	3	0.0001 Colloc0 508 3277 0.0333336 164.327
1020	1	930.071	24843.9	24832.4	11.488	515	573	251	3	0.0001 Colloc0 515 3291 0.00212611 173.679
1030	1	938.756	24847	24835.7	11.2462	510	566	258	3	0.0001 Colloc0 510 3288 0.0139959 158.537
1040	1	947.896	24871.1	24859.3	11.7968	526	564	260	3	0.0001 Colloc0 526 3253 0.0342849 193.741
1050	1	957.235	24898.9	24887.5	11.4294	512	564	260	1	0.0001 Colloc0 512 3282 0.0157599 169.961
1060	1	966.413	24932.7	24921.4	11.3381	521	558	266	2	0.0001 Colloc0 521 3295 0.00731747 164.23
1070	1	975.539	24844.8	24833.6	11.1829	516	572	252	1	0.0001 Colloc0 516 3255 0.00559358 154.657
1080	1	984.328	24743.1	24732.1	10.9044	489	601	223	1	0.0001 Colloc0 489 3271 0.0543969 138.054
1090	1	993.306	24825	24813.6	11.3518	504	579	245	1	0.0001 Colloc0 504 3273 0.0130216 165.086
1100	1	1002.39	24908.6	24897.2	11.4371	517	552	272	1	0.0001 Colloc0 517 3285 0.00905123 170.449
1110	1	1011.48	24884.5	24873.2	11.3809	523	570	254	2	0.0001 Colloc0 523 3274 0.0110833 166.91
1120	1	1020.61	24913.1	24901.9	11.2423	512	576	248	2	0.0001 Colloc0 512 3285 0.0233829 158.296
1130	1	1029.49	24878.7	24867.5	11.1588	531	569	255	3	0.0001 Colloc0 531 3267 0.0863636 153.191
1140	1	1038.34	24767.8	24757.2	10.6499	512	601	223	1	0.0001 Colloc0 512 3252 0.0753972 123.572
1150	1	1047.44	24872.3	24860.5	11.7494	518	569	255	1	0.0001 Colloc0 518 3240 0.000674512 190.61
1160	1	1056.53	24812	24800.4	11.5662	509	571	253	4	0.0001 Colloc0 509 3265 0.000846399 178.687
1170	1	1065.18	24843.8	24832.6	11.1989	512	596	228	3	0.0001 Colloc0 512 3269 0.0302363 155.636
1180	1	1074.09	24871.8	24860.5	11.376	525	566	258	2	0.0001 Colloc0 525 3253 0.00517709 166.602
1190	1	1082.97	24743.9	24733.3	10.6258	502	592	232	2	0.0001 Colloc0 502 3265 0.101986 122.238
1200	1	1091.92	24838.7	24827.3	11.397	508	576	248	2	0.0001 Colloc0 508 3270 0.00856881 167.922
1210	1	1101.11	24853.2	24841.9	11.2867	521	578	246	4	0.0001 Colloc0 521 3251 0.0164051 161.033
1220	1	1110.23	24860.1	24848.8	11.3111	521	563	261	1	0.0001 Colloc0 521 3284 0.00502818 162.552
1230	1	1119.44	24815	24803.3	11.6212	511	586	238	2	0.0001 Colloc0 511 3282 0.00619641 182.239
1240	1	1128.59	24722.1	24710.9	11.1959	502	619	205	1	0.0001 Colloc0 502 3267 0.0266132 155.452
1250	1	1137.68	24720.7	24709.8	10.9333	505	585	239	3	0.0001 Colloc0 505 3266 0.025622 139.737
1260	1	1146.67	24681.1	24669.9	11.1998	491	625	199	3	0.0001 Colloc0 491 3290 0.0200758 155.691
1270	1	1155.66	24808.2	24796.8	11.3763	504	575	249	1	0.0001 Colloc0 504 3270 0.00243043 166.618
1280	1	1164.57	24762	24750.5	11.4574	506	583	241	3	0.0001 Colloc0 506 3274 0.0137709 171.737
1290	1	1173.75	24802.3	24791.3	11.0622	506	576	248	1	0.0001 Colloc0 506 3270 0.0462214 147.37
1300	1	1182.91	24880.1	24868.4	11.6336	511	562	262	1	0.0001 Colloc0 511 3280 0.0168488 183.045
1310	1	1191.69	24886.1	24874.7	11.4406	518	572	252	2	0.0001 Colloc0 518 3262 0.00661802 170.669
1320	1	1200.56	24872.9	24861.8	11.061	508	568	256	2	0.0001 Colloc0 508 3287 0.0222191 147.294
1330	1	1209.49	24799.6	24788.3	11.3299	500	578	246	2	0.0001 Colloc0 500 3267 0.0222854 163.717
1340	1	1218.7	24740.4	24729.1	11.2577	497	596	228	3	0.0001 Colloc0 497 3290 0.0122267 159.241
1350	1	1227.79	24678.9	24667.8	11.07	493	594	230	1	0.0001 Colloc0 493 3277 0.00914959 147.835
1360	1	1236.94	24746.3	24735.3	10.9534	500	588	236	3	0.0001 Colloc0 500 3285 0.0108958 140.916
1370	1	1246.04	24763.3	24752.2	11.0635	504	595	229	2	0.0001 Colloc0 504 3278 0.028308 147.444
1380	1	1254.96	24756.9	24745.7	11.2208	503	597	227	3	0.0001 Colloc0 503 3282 0.0340908 156.973
1390	1	1263.98	24869.7	24858.3	11.4037	513	565	259	3	0.0001 Colloc0 513 3281 0.00256284 168.344
1400	1	1272.74	24749.2	24737.9	11.3652	498	590	234	1	0.0001 Colloc0 498 3264 0.0315146 165.924
1410	1	1281.42	24830.3	24819	11.3112	509	553	271	3	0.0001 Colloc0 509 3277 0.0154171 162.559
1420	1	1290.34	24805	24794	11.0124	514	576	248	1	0.0001 Colloc0 514 3276 0.0287301 144.401
1430	1	1299.2	24782.2	24771	11.1366	512	592	232	1	0.0001 Colloc0 512 3280 0.0314888 151.842
1440	1	1308.07	24675	24663.7	11.2593	502	614	210	2	0.0001 Colloc0 502 3270 0.00935969 159.341
1450	1	1317.08	24837.9	24826.3	11.5821	503	566	258	2	0.0001 Colloc0 503 3275 0.00394475 179.714
1460	1	1326.08	24782.1	24770.8	11.2266	502	578	246	2	0.0001 Colloc0 502 3247 0.00452298 157.333
1470	1	1335.19	24670.8	24659.6	11.1488	511	626	198	3	0.0001 Colloc0 511 3260 0.0479312 152.586
1480	1	1344.23	24755.2	24743.5	11.7096	516	597	227	1	0.0001 Colloc0 516 3264 0.0100079 187.996
1490	1	1353.34	24665.7	24654.2	11.4302	504	613	211	3	0.0001 Colloc0 504 3251 0.000579366 170.016
1500	1	1362.42	24776.2	24764.9	11.2601	525	609	215	3	0.0001 Colloc0 525 3265 0.0460864 159.393
1510	1	1371.48	24896.6	24885.1	11.4662	519	542	282	1	0.0001 Colloc0 519 3265 0.00667096 172.295
1520	1	1380.68	24774.5	24763.4	11.1759	520	586	238	3	0.0001 Colloc0 520 3271 0.00273714 154.231
1530	1	1389.71	24810.9	24799.2	11.7131	518	590	234	2	0.0001 Colloc0 518 3254 0.010857 188.231
1540	1	1398.71	24685.5	24674.1	11.3537	530	581	243	1	0.0001 Colloc0 530 3235 0.0243442 165.205
1550	1	1407.66	24705.4	24694.3	11.0974	521	606	218	4	0.0001 Colloc0 521 3268 0.0352342 149.482
1560	1	1416.44	24759.9	24748.5	11.4185	528	592	232	4	0.0001 Colloc0 528 3234 0.0090588 169.273
1570	1	1425.41	24860.7	24849.2	11.5407	539	568	256	1	0.0001 Colloc0 539 3261 0.00810364 177.053
1580	1	1434.58	24762.6	24751.5	11.0839	516	599	225	2	0.0001 Colloc0 516 3276 0.00838275 148.667
1590	1	1443.64	24681.1	24669.7	11.3988	514	603	221	2	0.0001 Colloc0 514 3233 0.0090012 168.031
1600	1	1452.6	24816.4	24804.7	11.6223	521	573	251	2	0.0001 Colloc0 521 3241 0.0169232 182.314
1610	1	1461.79	24843.7	24832.2	11.4421	519	564	260	1	0.0001 Colloc0 519 3242 0.014339 170.764
1620	1	1470.56	24766.6	24755	11.5534	505	586	238	4	0.0001 Colloc0 505 3254 0.0118744 177.867
1630	1	1479.22	24895.3	24883.9	11.3251	526	561	263	1	0.0001 Colloc0 526 3266 0.0332274 163.418
1640	1	1487.8	24666.8	24655.9	10.9276	517	601	223	1	0.0001 Colloc0 517 3229 0.118949 139.405
1650	1	1496.81	24626	24614.7	11.3228	499	613	211	1	0.0001 Colloc0 499 3242 0.0208185 163.275
1660	1	1505.66	24603	24591.6	11.4152	510	634	190	2	0.0001 Colloc0 510 3240 0.00876306 169.067
1670	1	1514.62	24495.6	24484.4	11.1946	495	656	168	1	0.0001 Colloc0 495 3257 0.00767178 155.372
1680	1	1523.61	24632.9	24621.6	11.2815	502	630	194	2	0.0001 Colloc0 502 3254 0.0392307 160.716
1690	1	1532.67	24559.9	24548.8	11.0557	496	633	191	2	0.0001 Colloc0 496 3252 0.00919351 146.98
1700	1	1541.85	24668.8	24657.4	11.4598	507	602	222	3	0.0001 Colloc0 507 3262 0.00629903 171.888
1710	1	1550.89	24754.4	24743.1	11.26	509	598	226	2	0.0001 Colloc0 509 3267 0.026302 159.387
1720	1	1559.97	24849.5	24838.4	11.1356	518	556	268	2	0.0001 Colloc0 518 3274 0.0403618 151.786
1730	1	1569	24872.8	24861	11.7867	539	554	270	3	0.0001 Colloc0 539 3259 0.00651495 193.073
1740	1	1578.04	24652.6	24641.3	11.2748	513	621	203	2	0.0001 Colloc0 513 3236 0.00695258 160.302
1750	1	1586.98	24717.6	24706.6	10.9864	501	587	237	2	0.0001 Colloc0 501 3265 0.0288329 142.859
1760	1	1595.95	24730.6	24719.9	10.699	514	580	244	4	0.0001 Colloc0 514 3259 0.079865 126.308
1770	1	1605.13	24767.5	24756	11.4794	516	592	232	1	0.0001 Colloc0 516 3270 0.00130959 173.133
1780	1	1613.89	24869.8	24858.3	11.5474	510	559	265	1	0.0001 Colloc0 510 3286 0.00580326 177.48
1790	1	1622.89	24685.1	24673.9	11.2667	508	606	218	3	0.0001 Colloc0 508 3262 0.0209838 159.799
1800	1	1631.99	24688	24677.1	10.8554	512	599	225	1	0.0001 Colloc0 512 3250 0.0704777 135.208
1810	1	1641.15	24722.8	24711.6	11.1107	516	592	232	2	0.0001 Colloc0 516 3262 0.00273792 150.28
1820	1	1650.17	24687.1	24675.6	11.4781	512	634	190	2	0.0001 Colloc0 512 3268 0.0208732 173.055
1830	1	1659.12	24683.8	24672.6	11.1906	506	608	216	2	0.0001 Colloc0 506 3263 0.0692679 155.127
1840	1	1667.99	24671	24659.8	11.1955	515	602	222	1	0.0001 Colloc0 515 3253 0.00593905 155.425
1850	1	1676.88	24770.8	24759.5	11.2765	521	599	225	2	0.0001 Colloc0 521 3249 0.00401259 160.407
1860	1	1685.54	24724.6	24713.4	11.2405	513	605	219	3	0.0001 Colloc0 513 3247 0.0496767 158.187
1870	1	1694.68	24724.6	24713.1	11.5347	505	590	234	3	0.0001 Colloc0 505 3246 0.012225 176.668
1880	1	1703.76	24727.2	24716.2	10.9365	513	568	256	3	0.0001 Colloc0 513 3252 0.0699397 139.927
1890	1	1712.66	24690.6	24679.4	11.2365	501	602	222	1	0.0001 Colloc0 501 3256 0.0253513 157.938
1900	1	1721.79	24699.5	24688.5	11.0561	507	580	244	1	0.0001 Colloc0 507 3270 0.0234051 147.002
1910	1	1730.72	24793.9	24782.9	10.9353	522	578	246	3	0.0001 Colloc0 522 3251 0.0923228 139.857
1920	1	1739.52	24678.4	24667.4	10.9699	507	617	207	3	0.0001 Colloc0 507 3256 0.0372801 141.889
1930	1	1748.31	24701.4	24690.3	11.104	511	604	220	3	0.0001 Colloc0 511 3248 0.0416518 149.878
1940	1	1757.27	24622.1	24610.8	11.2454	506	624	200	2	0.0001 Colloc0 506 3266 0.0395916 158.486
1950	1	1766.26	24741.4	24730.4	10.992	500	598	226	1	0.0001 Colloc0 500 3262 0.0299557 143.195
1960	1	1775.31	24678.1	24667.3	10.8047	496	598	226	2	0.0001 Colloc0 496 3240 0.0791603 132.298
1970	1	1784.36	24692.2	24680.9	11.3028	508	610	214	1	0.0001 Colloc0 508 3260 0.00104121 162.033
1980	1	1793.33	24595.4	24584	11.3624	508	626	198	3	0.0001 Colloc0 508 3243 0.0393345 165.752
1990	1	1802.05	24690.6	24679.4	11.241	517	610	214	2	0.0001 Colloc0 517 3266 0.0500963 158.214
2000	1	1810.86	24721.7	24710.3	11.4477	498	584	240	1	0.0001 Colloc0 498 3268 0.0235044 171.119
