# D = 0, E = 1, I = 1, P = 1, R = -1, n = 2000, N = 1, P = 1, w = 1, a = 0.0001, b = 10000, e = 1, f = 1, g = 100, h = 0.01, r = 19533, s = 1, S = 0, x = 10, m = 100, Z = 1, z = 0, T = 1, t = 1
# 9751 tokens in 824 sentences
#
# It	Temp	Time	-logP	-logPcorpus	-logPrior	tables	same	changed	reject	default_pya	(parent pym pyn pya pyb)*
0	1	0.716891	36134.7	36020.9	113.764	2422	0	824	0	0.0001 Colloc0 2422 4290 0.0001 10000
10	1	10.6924	28687.2	28675	12.1801	664	252	572	3	0.0001 Colloc0 664 3886 0.0109573 219.649
20	1	20.043	27999.7	27988.3	11.444	554	282	542	3	0.0001 Colloc0 554 3903 0.0102001 170.889
30	1	29.3295	27670.5	27658.7	11.7225	552	309	515	4	0.0001 Colloc0 552 3886 0.0183289 188.848
40	1	38.5451	27419.9	27408.6	11.2743	539	340	484	2	0.0001 Colloc0 539 3835 0.044679 160.271
50	1	47.8137	27079.9	27069	10.9424	522	358	466	3	0.0001 Colloc0 522 3843 0.0557675 140.272
60	1	57.0623	27121.2	27110.5	10.6966	540	352	472	1	0.0001 Colloc0 540 3822 0.153339 126.175
70	1	66.096	26584.1	26573.4	10.7553	495	462	362	1	0.0001 Colloc0 495 3846 0.0658115 129.486
80	1	75.2736	26920.7	26909.8	10.9065	519	427	397	1	0.0001 Colloc0 519 3845 0.0683924 138.171
90	1	84.4292	26689.9	26678.9	11.0438	508	423	401	1	0.0001 Colloc0 508 3793 0.0517738 146.267
100	1	93.5438	26752.7	26741.8	10.8852	503	445	379	1	0.0001 Colloc0 503 3805 0.038702 136.935
110	1	102.171	26589.7	26578.4	11.2956	502	444	380	2	0.0001 Colloc0 502 3828 0.0147532 161.59
120	1	110.928	26467.8	26456.9	10.8317	493	491	333	1	0.0001 Colloc0 493 3822 0.0419843 133.847
130	1	119.903	26505.3	26494.4	10.8432	498	464	360	2	0.0001 Colloc0 498 3816 0.0519148 134.508
140	1	128.786	26463.4	26452.5	10.9699	511	482	342	4	0.0001 Colloc0 511 3796 0.0468707 141.89
150	1	138.051	26608.2	26597	11.1355	512	450	374	2	0.0001 Colloc0 512 3803 0.0170879 151.775
160	1	147.141	26587	26576.2	10.8563	516	440	384	2	0.0001 Colloc0 516 3789 0.0940378 135.264
170	1	156.306	26324.9	26313.7	11.1863	504	513	311	2	0.0001 Colloc0 504 3743 0.00490766 154.866
180	1	165.475	26265.9	26255.1	10.8601	495	488	336	0	0.0001 Colloc0 495 3755 0.0472165 135.484
190	1	174.631	26274.9	26264	10.9601	497	509	315	1	0.0001 Colloc0 497 3751 0.0929309 141.31
200	1	183.818	26302.8	26292.1	10.7244	502	484	340	2	0.0001 Colloc0 502 3756 0.114274 127.74
210	1	192.987	26340.3	26329.6	10.7454	509	479	345	3	0.0001 Colloc0 509 3752 0.0835206 128.925
220	1	202.146	26263.1	26252.1	11.0634	502	490	334	1	0.0001 Colloc0 502 3741 0.0343109 147.437
230	1	211.321	26295.8	26285	10.7468	514	478	346	1	0.0001 Colloc0 514 3731 0.0679971 129.004
240	1	220.586	26219.1	26208	11.0618	502	494	330	3	0.0001 Colloc0 502 3752 0.0345052 147.346
250	1	229.716	26050.5	26039.7	10.7722	489	535	289	0	0.0001 Colloc0 489 3745 0.09537 130.445
260	1	238.439	26083.3	26072.6	10.7268	496	502	322	1	0.0001 Colloc0 496 3735 0.0602716 127.873
270	1	247.046	25961.7	25950.9	10.8414	478	533	291	2	0.0001 Colloc0 478 3719 0.0229975 134.402
280	1	255.757	26016.7	26006.1	10.6463	510	498	326	0	0.0001 Colloc0 510 3705 0.0573692 123.372
290	1	264.626	25899.8	25889.1	10.7398	482	517	307	2	0.0001 Colloc0 482 3710 0.067161 128.609
300	1	273.9	26096.9	26086	10.9045	508	490	334	1	0.0001 Colloc0 508 3710 0.0468785 138.056
310	1	282.763	25994	25983.1	10.8304	498	510	314	2	0.0001 Colloc0 498 3706 0.0481216 133.769
320	1	291.891	26094.6	26083.8	10.8541	503	482	342	3	0.0001 Colloc0 503 3718 0.0340035 135.135
330	1	301.08	25962.4	25951.7	10.6662	498	500	324	3	0.0001 Colloc0 498 3704 0.0694006 124.477
340	1	310.127	25941.3	25930.7	10.6128	503	496	328	3	0.0001 Colloc0 503 3689 0.0514934 121.519
350	1	319.135	26007.6	25997.1	10.5616	502	516	308	1	0.0001 Colloc0 502 3703 0.0782598 118.712
360	1	328.223	25899.2	25888.4	10.8191	491	518	306	1	0.0001 Colloc0 491 3698 0.0568181 133.123
370	1	337.271	25938.1	25927.1	11.0199	491	483	341	2	0.0001 Colloc0 491 3695 0.0298644 144.844
380	1	346.382	26035.3	26024	11.2744	490	501	323	1	0.0001 Colloc0 490 3690 0.000491908 160.276
390	1	355.627	25908.9	25897.7	11.1407	499	494	330	2	0.0001 Colloc0 499 3670 0.00380817 152.092
400	1	364.808	25950.2	25939.8	10.4787	501	488	336	1	0.0001 Colloc0 501 3679 0.0852398 114.234
410	1	373.852	25861.9	25851.3	10.6436	498	524	300	1	0.0001 Colloc0 498 3667 0.09389 123.223
420	1	382.397	25748.5	25737.6	10.9856	483	529	295	1	0.0001 Colloc0 483 3659 0.0141143 142.814
430	1	391.213	25993.1	25982.7	10.4774	503	488	336	0	0.0001 Colloc0 503 3683 0.0984305 114.165
440	1	400.175	25810.9	25799.9	10.9643	494	527	297	0	0.0001 Colloc0 494 3659 0.0331701 141.558
450	1	409.324	25771.3	25760.1	11.1866	479	507	317	0	0.0001 Colloc0 479 3676 0.0064498 154.882
460	1	418.4	25816.5	25805.6	10.9757	496	527	297	0	0.0001 Colloc0 496 3652 0.0175597 142.227
470	1	427.352	25763.5	25752.8	10.6828	485	504	320	1	0.0001 Colloc0 485 3661 0.0608769 125.402
480	1	436.497	25870.9	25859.9	10.9729	494	500	324	2	0.0001 Colloc0 494 3654 0.00742916 142.066
490	1	445.727	25821.8	25810.6	11.16	492	509	315	2	0.0001 Colloc0 492 3671 0.00746074 153.262
500	1	455.027	26104.2	26093.1	11.0982	507	467	357	1	0.0001 Colloc0 507 3653 0.0401128 149.527
510	1	463.985	25896.1	25885.3	10.781	492	482	342	0	0.0001 Colloc0 492 3648 0.0322888 130.944
520	1	472.612	25885.2	25874.8	10.4305	496	485	339	0	0.0001 Colloc0 496 3658 0.105312 111.661
530	1	481.312	25912.9	25902.1	10.806	494	474	350	0	0.0001 Colloc0 494 3640 0.0541264 132.372
540	1	489.907	26078.3	26067.2	11.0237	500	453	371	0	0.0001 Colloc0 500 3679 0.0299492 145.071
550	1	498.589	25939.7	25928.7	10.985	495	480	344	2	0.0001 Colloc0 495 3651 0.0383425 142.779
560	1	507.231	25894.1	25883	11.0732	516	509	315	2	0.0001 Colloc0 516 3643 0.0511933 148.027
570	1	515.886	25797	25786.1	10.8618	513	506	318	1	0.0001 Colloc0 513 3624 0.0674449 135.579
580	1	524.549	25890.3	25879.4	10.9259	505	460	364	1	0.0001 Colloc0 505 3629 0.0468531 139.308
590	1	533.545	25773.7	25762.3	11.4353	491	473	351	1	0.0001 Colloc0 491 3628 0.0112848 170.334
600	1	542.753	25473.2	25462.5	10.7077	484	542	282	1	0.0001 Colloc0 484 3585 0.0650357 126.799
610	1	551.935	25472.9	25462.1	10.8534	496	578	246	0	0.0001 Colloc0 496 3580 0.0816249 135.097
620	1	560.588	25573.1	25562.1	11.0098	507	558	266	0	0.0001 Colloc0 507 3590 0.0397414 144.249
630	1	569.25	25520.6	25509.5	11.0712	495	522	302	0	0.0001 Colloc0 495 3586 0.0445671 147.905
640	1	578.473	25585.9	25574.8	11.1069	503	533	291	1	0.0001 Colloc0 503 3571 0.0554142 150.049
650	1	587.683	25647.5	25636.5	11.0343	507	509	315	1	0.0001 Colloc0 507 3569 0.0745763 145.703
660	1	596.715	25448.8	25438.1	10.6517	494	534	290	2	0.0001 Colloc0 494 3557 0.0832703 123.673
670	1	605.788	25434	25423.5	10.589	488	552	272	2	0.0001 Colloc0 488 3554 0.0615317 120.209
680	1	614.97	25607.6	25597.1	10.5384	505	529	295	0	0.0001 Colloc0 505 3573 0.0981656 117.45
690	1	624.149	25526.7	25516.2	10.5297	502	534	290	2	0.0001 Colloc0 502 3563 0.097643 116.98
700	1	633.284	25369.1	25358.8	10.3006	484	575	249	3	0.0001 Colloc0 484 3527 0.128192 104.879
710	1	642.431	25525.5	25514.3	11.1463	509	531	293	1	0.0001 Colloc0 509 3559 0.014606 152.431
720	1	651.379	25440.6	25429.9	10.6195	484	541	283	2	0.0001 Colloc0 484 3552 0.0522844 121.889
730	1	660.046	25612.6	25601.3	11.2698	501	532	292	2	0.0001 Colloc0 501 3581 0.0255964 159.99
740	1	668.615	25466.7	25455.7	10.9353	484	549	275	0	0.0001 Colloc0 484 3566 0.042049 139.858
750	1	677.152	25622.3	25611.1	11.2071	513	535	289	1	0.0001 Colloc0 513 3566 0.0286785 156.133
760	1	685.904	25472.9	25462.4	10.4426	499	552	272	4	0.0001 Colloc0 499 3548 0.120481 112.305
770	1	694.575	25375.9	25365.4	10.4797	484	561	263	2	0.0001 Colloc0 484 3569 0.108911 114.283
780	1	703.248	25426.5	25415.8	10.6871	490	570	254	1	0.0001 Colloc0 490 3557 0.0713918 125.645
790	1	712.165	25505.3	25495.2	10.0905	497	532	292	0	0.0001 Colloc0 497 3555 0.175931 94.3447
800	1	721.305	25458.2	25447.4	10.8001	499	548	276	2	0.0001 Colloc0 499 3559 0.0685998 132.032
810	1	730.492	25544.5	25533.7	10.8015	500	539	285	1	0.0001 Colloc0 500 3571 0.0645177 132.112
820	1	739.497	25496.6	25485.7	10.9317	501	548	276	1	0.0001 Colloc0 501 3557 0.047135 139.643
830	1	748.521	25504.4	25493.4	11.0291	505	553	271	1	0.0001 Colloc0 505 3530 0.0383494 145.391
840	1	757.157	25427.4	25416.5	10.9742	503	554	270	2	0.0001 Colloc0 503 3543 0.0402564 142.143
850	1	765.828	25361.8	25350.4	11.4582	507	573	251	0	0.0001 Colloc0 507 3538 0.00233089 171.787
860	1	775.14	25258.7	25247.9	10.8572	476	580	244	0	0.0001 Colloc0 476 3541 0.0402041 135.315
870	1	784.214	25271	25260.1	10.9566	490	570	254	1	0.0001 Colloc0 490 3543 0.0273549 141.103
880	1	793.446	25285.2	25274.5	10.666	489	568	256	1	0.0001 Colloc0 489 3536 0.0535215 124.465
890	1	802.485	25268.5	25257.5	11.0083	487	577	247	1	0.0001 Colloc0 487 3526 0.0262575 144.156
900	1	811.052	25392	25381.5	10.4582	496	538	286	1	0.0001 Colloc0 496 3536 0.0699499 113.137
910	1	819.574	25449.2	25438.1	11.0474	503	527	297	0	0.0001 Colloc0 503 3527 0.0800662 146.482
920	1	828.287	25362.3	25351.7	10.6139	490	552	272	1	0.0001 Colloc0 490 3546 0.0560176 121.581
930	1	837.264	25294.8	25284	10.8484	477	555	269	0	0.0001 Colloc0 477 3562 0.0496534 134.806
940	1	846.296	25379.7	25369	10.7791	498	555	269	2	0.0001 Colloc0 498 3521 0.0733058 130.838
950	1	855.36	25330.2	25319.4	10.8023	486	547	277	2	0.0001 Colloc0 486 3543 0.056286 132.161
960	1	864.423	25301.6	25291.1	10.5677	479	582	242	1	0.0001 Colloc0 479 3547 0.0491356 119.045
970	1	873.424	25373.5	25362.5	11.0111	485	558	266	0	0.0001 Colloc0 485 3556 0.0444724 144.323
980	1	882.453	25206.3	25195.5	10.8094	493	579	245	1	0.0001 Colloc0 493 3548 0.0833903 132.567
990	1	891.613	25406.8	25396.2	10.5337	492	542	282	3	0.0001 Colloc0 492 3550 0.101177 117.194
1000	1	900.657	25198.8	25188	10.8065	489	575	249	1	0.0001 Colloc0 489 3521 0.058368 132.398
1010	1	909.832	25187.6	25176.6	10.9492	491	584	240	3	0.0001 Colloc0 491 3534 0.0350383 140.673
1020	1	918.485	25235.5	25224.9	10.6063	503	563	261	2	0.0001 Colloc0 503 3512 0.123679 121.161
1030	1	927.015	25232.9	25222.2	10.7286	490	565	259	0	0.0001 Colloc0 490 3518 0.0269028 127.975
1040	1	935.688	25193.2	25182.2	10.9412	487	567	257	3	0.0001 Colloc0 487 3519 0.0823304 140.205
1050	1	944.312	25290.5	25279.3	11.1691	498	544	280	1	0.0001 Colloc0 498 3508 0.0110926 153.815
1060	1	953.389	25122.8	25112.2	10.5997	481	569	255	0	0.0001 Colloc0 481 3507 0.10151 120.797
1070	1	962.27	25166	25155.3	10.7214	492	578	246	0	0.0001 Colloc0 492 3498 0.0750681 127.571
1080	1	971.419	25138.4	25127.5	10.8933	499	578	246	3	0.0001 Colloc0 499 3512 0.0689016 137.403
1090	1	980.488	25133.1	25122.4	10.6689	499	605	219	1	0.0001 Colloc0 499 3527 0.111765 124.628
1100	1	989.452	25110.5	25099.8	10.7716	484	584	240	2	0.0001 Colloc0 484 3482 0.0293461 130.408
1110	1	998.629	25087.4	25076.6	10.7952	488	610	214	1	0.0001 Colloc0 488 3487 0.036103 131.754
1120	1	1007.67	25159.9	25148.9	11.0198	498	581	243	2	0.0001 Colloc0 498 3472 0.0317853 144.838
1130	1	1016.59	25206	25195.4	10.6716	485	549	275	3	0.0001 Colloc0 485 3496 0.0661708 124.781
1140	1	1025.56	25268.9	25257.7	11.1015	503	545	279	3	0.0001 Colloc0 503 3499 0.0232509 149.728
1150	1	1034.62	25116.6	25106	10.6368	503	584	240	1	0.0001 Colloc0 503 3482 0.088511 122.845
1160	1	1043.8	25125.3	25114.6	10.6429	491	597	227	2	0.0001 Colloc0 491 3489 0.0803141 123.182
1170	1	1052.83	25265.1	25253.8	11.2704	493	529	295	2	0.0001 Colloc0 493 3505 0.0036462 160.03
1180	1	1061.59	25130.8	25119.6	11.2214	487	555	269	4	0.0001 Colloc0 487 3487 0.0376357 157.009
1190	1	1070.71	25211.1	25200	11.0681	506	546	278	3	0.0001 Colloc0 506 3480 0.0140278 147.722
1200	1	1079.9	25067.6	25057	10.6359	478	554	270	0	0.0001 Colloc0 478 3484 0.00219929 122.794
1210	1	1088.6	25039.7	25028.8	10.9574	478	552	272	0	0.0001 Colloc0 478 3466 0.0229727 141.15
1220	1	1097.16	25106.3	25095.3	11.0274	472	567	257	1	0.0001 Colloc0 472 3495 0.0269323 145.293
1230	1	1105.7	25083.7	25072.9	10.8019	480	566	258	0	0.0001 Colloc0 480 3491 0.0451636 132.135
1240	1	1114.71	25031.4	25020.9	10.5221	490	604	220	0	0.0001 Colloc0 490 3492 0.0985843 116.567
1250	1	1123.46	24976.3	24965.3	11.0476	480	579	245	0	0.0001 Colloc0 480 3473 0.0254827 146.496
1260	1	1132.2	25053.3	25042.2	11.1085	494	575	249	2	0.0001 Colloc0 494 3493 0.028286 150.148
1270	1	1141.14	25069	25057.9	11.1638	480	559	265	0	0.0001 Colloc0 480 3483 0.0127796 153.492
1280	1	1149.78	24979.7	24968.9	10.7489	483	580	244	3	0.0001 Colloc0 483 3473 0.051981 129.124
1290	1	1158.39	24898	24887	11.0087	485	613	211	0	0.0001 Colloc0 485 3474 0.0376462 144.179
1300	1	1167.5	24966.6	24955.8	10.7432	484	604	220	0	0.0001 Colloc0 484 3479 0.0668191 128.801
1310	1	1176.55	25029.1	25018.2	10.8534	486	599	225	0	0.0001 Colloc0 486 3487 0.0458167 135.098
1320	1	1185.68	24869.8	24858.6	11.241	478	618	206	0	0.0001 Colloc0 478 3470 0.0160137 158.218
1330	1	1194.75	24953	24942.5	10.503	490	596	228	1	0.0001 Colloc0 490 3464 0.101588 115.536
1340	1	1203.9	24829.1	24818.1	11.0116	482	620	204	1	0.0001 Colloc0 482 3432 0.0134284 144.353
1350	1	1212.78	24903.6	24893	10.607	481	596	228	0	0.0001 Colloc0 481 3440 0.0696155 121.198
1360	1	1221.67	24871.7	24860.8	10.9206	476	621	203	0	0.0001 Colloc0 476 3460 0.00476753 138.999
1370	1	1230.77	24864.8	24854	10.8194	488	607	217	2	0.0001 Colloc0 488 3436 0.0558314 133.137
1380	1	1240.03	24968	24957.4	10.6912	482	592	232	1	0.0001 Colloc0 482 3465 0.0952539 125.872
1390	1	1248.76	25028.9	25018.5	10.4002	502	569	255	0	0.0001 Colloc0 502 3444 0.151648 110.065
1400	1	1257.42	24928.9	24917.8	11.0896	482	580	244	3	0.0001 Colloc0 482 3455 0.00433375 149.01
1410	1	1266.15	24872	24861.1	10.8718	475	607	217	0	0.0001 Colloc0 475 3421 0.0375556 136.157
1420	1	1274.76	24941.5	24930.5	11.0843	490	585	239	2	0.0001 Colloc0 490 3427 0.0225427 148.691
1430	1	1283.61	24925.8	24915	10.8245	492	602	222	1	0.0001 Colloc0 492 3433 0.10399 133.433
1440	1	1292.86	24952.1	24941.5	10.6451	479	575	249	0	0.0001 Colloc0 479 3444 0.0486461 123.306
1450	1	1301.98	25010.4	24999.4	11.0693	491	560	264	2	0.0001 Colloc0 491 3438 0.0421497 147.794
1460	1	1310.88	25047.1	25036	11.0843	491	560	264	1	0.0001 Colloc0 491 3446 0.00244577 148.693
1470	1	1319.8	24807.3	24796.7	10.5297	484	619	205	2	0.0001 Colloc0 484 3418 0.0889548 116.977
1480	1	1329.05	24784.7	24773.9	10.7179	488	619	205	0	0.0001 Colloc0 488 3414 0.0654743 127.374
1490	1	1337.84	24868.2	24857.4	10.8007	494	637	187	0	0.0001 Colloc0 494 3443 0.0425029 132.07
1500	1	1346.81	24851.3	24840.7	10.6142	487	599	225	0	0.0001 Colloc0 487 3428 0.0652745 121.595
1510	1	1355.6	24832.7	24821.8	10.8898	484	613	211	0	0.0001 Colloc0 484 3425 0.0659725 137.202
1520	1	1364.34	24844.1	24833.3	10.7858	491	602	222	0	0.0001 Colloc0 491 3432 0.034121 131.216
1530	1	1373.11	24851.9	24841	10.9496	480	586	238	0	0.0001 Colloc0 480 3421 0.0511587 140.693
1540	1	1382.19	24874.8	24863.6	11.1973	490	627	197	1	0.0001 Colloc0 490 3444 0.0626297 155.534
1550	1	1391.31	24922.5	24912	10.5252	487	584	240	1	0.0001 Colloc0 487 3431 0.0508057 116.733
1560	1	1400.28	24908.7	24897.7	10.9803	491	569	255	0	0.0001 Colloc0 491 3426 0.0178718 142.5
1570	1	1409.13	24867.5	24856.6	10.8604	474	581	243	0	0.0001 Colloc0 474 3426 0.0472033 135.499
1580	1	1417.73	24770	24759.6	10.4783	475	625	199	1	0.0001 Colloc0 475 3421 0.0825311 114.212
1590	1	1426.3	24694.1	24683.4	10.6301	472	622	202	1	0.0001 Colloc0 472 3409 0.0890366 122.474
1600	1	1434.87	24731.5	24720.8	10.6851	474	612	212	2	0.0001 Colloc0 474 3431 0.0824523 125.535
1610	1	1443.85	24685.8	24674.8	10.9707	478	617	207	2	0.0001 Colloc0 478 3395 0.0100283 141.934
1620	1	1452.79	24755.5	24744.4	11.0698	466	584	240	0	0.0001 Colloc0 466 3430 0.0104441 147.822
1630	1	1461.78	24846.8	24835.8	10.9705	495	584	240	0	0.0001 Colloc0 495 3426 0.0393363 141.921
1640	1	1470.92	24825.4	24814.6	10.74	480	579	245	0	0.0001 Colloc0 480 3410 0.0321145 128.617
1650	1	1479.75	24882.6	24871.8	10.7731	491	600	224	1	0.0001 Colloc0 491 3424 0.0235552 130.495
1660	1	1488.33	24846.2	24835.4	10.8127	485	591	233	0	0.0001 Colloc0 485 3421 0.034848 132.753
1670	1	1496.84	24900.8	24889.8	10.9734	481	567	257	0	0.0001 Colloc0 481 3421 0.0858883 142.094
1680	1	1505.37	24829.3	24818.3	10.9415	478	594	230	0	0.0001 Colloc0 478 3430 0.0031461 140.217
1690	1	1514.15	24881.5	24870.3	11.1737	484	577	247	1	0.0001 Colloc0 484 3445 0.0274335 154.094
1700	1	1523.21	24786.8	24775.4	11.3508	488	603	221	1	0.0001 Colloc0 488 3414 0.00987339 165.026
1710	1	1532.12	24683.4	24672.5	10.9169	467	612	212	0	0.0001 Colloc0 467 3414 0.00123098 138.778
1720	1	1541.16	24688.9	24678	10.872	487	648	176	1	0.0001 Colloc0 487 3405 0.00271684 136.168
1730	1	1550.18	24675.7	24664.8	10.9063	482	647	177	0	0.0001 Colloc0 482 3419 0.0595438 138.16
1740	1	1559.18	24754	24743.1	10.8519	485	609	215	1	0.0001 Colloc0 485 3417 0.109932 135.007
1750	1	1568.25	24760.9	24750	10.9267	481	608	216	0	0.0001 Colloc0 481 3409 0.0475337 139.354
1760	1	1576.84	24901	24890.3	10.7254	497	562	262	0	0.0001 Colloc0 497 3413 0.133659 127.795
1770	1	1585.74	24822.6	24811.4	11.1737	485	594	230	0	0.0001 Colloc0 485 3423 0.0486071 154.097
1780	1	1594.77	24790.7	24779.7	11.0086	494	588	236	1	0.0001 Colloc0 494 3396 0.0421897 144.177
1790	1	1603.74	24730.2	24719.1	11.1029	483	603	221	1	0.0001 Colloc0 483 3391 0.00818666 149.808
1800	1	1612.88	24758.6	24747.9	10.6301	491	605	219	0	0.0001 Colloc0 491 3395 0.089469 122.475
1810	1	1622.04	24820.3	24809	11.3025	505	590	234	1	0.0001 Colloc0 505 3409 0.0393824 162.016
1820	1	1630.91	24765.6	24755	10.6458	490	601	223	1	0.0001 Colloc0 490 3425 0.0867725 123.343
1830	1	1639.77	24755.9	24745	10.8846	476	603	221	0	0.0001 Colloc0 476 3420 0.0176414 136.899
1840	1	1648.67	24802.7	24792	10.6772	489	611	213	1	0.0001 Colloc0 489 3422 0.0747034 125.094
1850	1	1657.52	24841.6	24830.6	11.023	487	602	222	2	0.0001 Colloc0 487 3410 0.00720222 145.031
1860	1	1666.39	24788.4	24777.3	11.1432	493	600	224	0	0.0001 Colloc0 493 3403 0.0383458 152.243
1870	1	1675.36	24707.3	24696.4	10.9209	487	622	202	1	0.0001 Colloc0 487 3385 0.0398997 139.017
1880	1	1684.37	24854.8	24843.8	10.9773	500	589	235	1	0.0001 Colloc0 500 3388 0.0593145 142.327
1890	1	1693.15	24590.6	24579.6	10.9916	478	655	169	1	0.0001 Colloc0 478 3380 0.0320255 143.168
1900	1	1702.06	24667.3	24656.6	10.777	476	634	190	0	0.0001 Colloc0 476 3386 0.0183703 130.717
1910	1	1711.11	24831.1	24820.5	10.6467	501	606	218	0	0.0001 Colloc0 501 3405 0.0610619 123.393
1920	1	1720.15	24763.3	24752.5	10.8142	488	588	236	1	0.0001 Colloc0 488 3387 0.0378837 132.838
1930	1	1729.02	24585.3	24574.8	10.4776	469	644	180	1	0.0001 Colloc0 469 3389 0.0761454 114.172
1940	1	1737.93	24730.3	24719.5	10.8042	478	611	213	0	0.0001 Colloc0 478 3414 0.0477445 132.271
1950	1	1746.8	24836.5	24825.2	11.3073	493	601	223	1	0.0001 Colloc0 493 3428 0.0159302 162.312
1960	1	1755.58	24708	24696.6	11.364	491	605	219	1	0.0001 Colloc0 491 3397 0.0215803 165.849
1970	1	1764.41	24733.4	24722.8	10.657	481	595	229	0	0.0001 Colloc0 481 3405 0.0854399 123.967
1980	1	1773.2	24763.9	24753	10.9302	489	608	216	2	0.0001 Colloc0 489 3389 0.0350274 139.557
1990	1	1781.94	24779.1	24768.3	10.8379	486	584	240	1	0.0001 Colloc0 486 3392 0.0415623 134.201
2000	1	1790.93	24790.9	24779.7	11.1595	490	595	229	2	0.0001 Colloc0 490 3387 0.00650186 153.236
