# D = 0, E = 1, I = 1, P = 1, R = -1, n = 2000, N = 1, P = 1, w = 1, a = 0.0001, b = 10000, e = 1, f = 1, g = 100, h = 0.01, r = 11281, s = 1, S = 0, x = 10, m = 100, Z = 1, z = 0, T = 1, t = 1
# 9751 tokens in 824 sentences
#
# It	Temp	Time	-logP	-logPcorpus	-logPrior	tables	same	changed	reject	default_pya	(parent pym pyn pya pyb)*
0	1	0.743886	35081.3	34967.5	113.764	2256	0	824	0	0.0001 Colloc0 2256 4099 0.0001 10000
10	1	11.1673	27789.7	27777.9	11.8707	639	328	496	6	0.0001 Colloc0 639 3713 0.0296202 198.656
20	1	20.5019	26818.3	26806.6	11.7074	557	398	426	3	0.0001 Colloc0 557 3668 0.00181199 187.855
30	1	29.6615	26725.1	26713.6	11.4936	544	424	400	4	0.0001 Colloc0 544 3682 0.00102674 174.035
40	1	38.9881	26511.8	26500.7	11.0962	543	450	374	2	0.0001 Colloc0 543 3644 0.0427067 149.407
50	1	47.9297	26389.2	26377.9	11.3336	526	455	369	4	0.0001 Colloc0 526 3647 0.00761578 163.952
60	1	57.0023	26299.9	26288.6	11.2849	535	483	341	2	0.0001 Colloc0 535 3639 0.019459 160.925
70	1	65.855	26113.4	26102.4	10.9793	524	527	297	5	0.0001 Colloc0 524 3638 0.0382289 142.444
80	1	74.8476	26347.8	26336.7	11.0563	534	454	370	3	0.0001 Colloc0 534 3651 0.0742873 147.012
90	1	83.9782	26091	26079.7	11.2207	507	497	327	3	0.0001 Colloc0 507 3632 0.0730917 156.971
100	1	92.5899	26117.6	26106.4	11.1882	520	509	315	1	0.0001 Colloc0 520 3615 0.00484691 154.981
110	1	101.262	26067.5	26056.2	11.2985	515	498	326	3	0.0001 Colloc0 515 3605 0.0324021 161.766
120	1	110.229	25997.4	25986.3	11.1317	519	510	314	3	0.0001 Colloc0 519 3587 0.028708 151.545
130	1	119.345	25862.3	25851.1	11.2122	510	535	289	2	0.0001 Colloc0 510 3590 0.0490226 156.446
140	1	128.532	26058.3	26046.9	11.4141	537	479	345	4	0.0001 Colloc0 537 3596 0.0223978 169.001
150	1	137.648	25947.3	25936.1	11.2146	510	509	315	2	0.0001 Colloc0 510 3603 0.0211344 156.592
160	1	146.773	25967.6	25956.4	11.1587	521	513	311	2	0.0001 Colloc0 521 3614 0.00243686 153.182
170	1	155.932	25953.1	25941.9	11.2078	504	475	349	3	0.0001 Colloc0 504 3599 0.00778336 156.181
180	1	165.107	25778.8	25767.9	10.9512	508	540	284	2	0.0001 Colloc0 508 3571 0.0612692 140.787
190	1	174.201	25811.7	25800.8	10.9518	507	533	291	1	0.0001 Colloc0 507 3589 0.0343934 140.824
200	1	183.087	25850	25839.1	10.9013	499	519	305	2	0.0001 Colloc0 499 3605 0.0541512 137.868
210	1	191.952	25724.6	25713.5	11.103	503	531	293	1	0.0001 Colloc0 503 3589 0.0555964 149.818
220	1	201.25	25938.6	25927.5	11.1412	514	503	321	2	0.0001 Colloc0 514 3594 0.0300367 152.122
230	1	210.373	25857.9	25846.6	11.2679	518	526	298	1	0.0001 Colloc0 518 3574 0.0240376 159.875
240	1	219.452	25782.5	25771.9	10.5242	517	523	301	2	0.0001 Colloc0 517 3540 0.127061 116.681
250	1	228.643	25862.9	25851.5	11.4413	524	517	307	3	0.0001 Colloc0 524 3566 0.00103671 170.717
260	1	237.862	25775.6	25764.4	11.2042	507	526	298	1	0.0001 Colloc0 507 3566 0.00178291 155.96
270	1	247.021	25604.5	25593.3	11.2364	499	536	288	2	0.0001 Colloc0 499 3546 0.0159349 157.932
280	1	255.839	25682	25670.5	11.5633	507	554	270	2	0.0001 Colloc0 507 3566 0.00291176 178.5
290	1	264.467	25826	25814.6	11.4886	515	525	299	1	0.0001 Colloc0 515 3548 0.00480904 173.719
300	1	273.275	25817.2	25805.8	11.3082	520	529	295	2	0.0001 Colloc0 520 3563 0.0349621 162.37
310	1	282.072	25683.6	25672.4	11.1775	499	529	295	1	0.0001 Colloc0 499 3552 0.0429868 154.326
320	1	291.165	25697.2	25686.3	10.9136	508	532	292	2	0.0001 Colloc0 508 3559 0.0547189 138.588
330	1	300.255	25655.7	25644.5	11.1879	514	535	289	1	0.0001 Colloc0 514 3549 0.0265731 154.959
340	1	309.418	25548.4	25537.4	11.0251	499	579	245	2	0.0001 Colloc0 499 3538 0.0285489 145.157
350	1	318.569	25660.2	25649.2	11.0366	495	543	281	2	0.0001 Colloc0 495 3538 0.0464407 145.838
360	1	327.651	25618.8	25607.5	11.3382	506	534	290	4	0.0001 Colloc0 506 3528 0.00150134 164.239
370	1	336.526	25654.9	25643.6	11.3054	504	524	300	2	0.0001 Colloc0 504 3522 0.0114257 162.198
380	1	345.671	25520.3	25509.2	11.1791	495	559	265	2	0.0001 Colloc0 495 3515 0.00377654 154.426
390	1	354.789	25534.9	25523.7	11.1894	501	573	251	1	0.0001 Colloc0 501 3513 0.00526215 155.054
400	1	363.619	25626	25614.9	11.1811	521	551	273	1	0.0001 Colloc0 521 3514 0.0233825 154.547
410	1	372.63	25597.4	25586.2	11.1258	517	527	297	2	0.0001 Colloc0 517 3505 0.030708 151.188
420	1	381.707	25545.7	25534.6	11.0504	514	525	299	3	0.0001 Colloc0 514 3492 0.043363 146.66
430	1	390.848	25625.4	25614.3	11.0498	520	522	302	2	0.0001 Colloc0 520 3492 0.024829 146.626
440	1	399.862	25520.4	25509.4	11.0016	508	537	287	1	0.0001 Colloc0 508 3503 0.0510702 143.761
450	1	408.818	25542.9	25531.7	11.1556	507	543	281	1	0.0001 Colloc0 507 3517 0.0230191 152.996
460	1	417.93	25519.9	25508.8	11.1373	510	543	281	2	0.0001 Colloc0 510 3501 0.0291258 151.889
470	1	427.12	25543.7	25532.6	11.0789	508	529	295	1	0.0001 Colloc0 508 3516 0.0288822 148.369
480	1	436.17	25515.9	25504.9	10.9686	497	536	288	1	0.0001 Colloc0 497 3497 0.0288621 141.809
490	1	445.249	25624.1	25613.6	10.5427	512	523	301	1	0.0001 Colloc0 512 3536 0.13233 117.684
500	1	454.326	25402.2	25391.1	11.1617	505	558	266	1	0.0001 Colloc0 505 3480 0.00799754 153.366
510	1	463.442	25411.4	25400	11.3796	514	568	256	3	0.0001 Colloc0 514 3466 0.00443975 166.825
520	1	472.53	25373.4	25362.2	11.2648	505	583	241	1	0.0001 Colloc0 505 3471 0.018391 159.682
530	1	481.653	25418.5	25407.3	11.1996	508	568	256	1	0.0001 Colloc0 508 3469 0.0858116 155.675
540	1	490.844	25449.9	25438.8	11.1188	520	560	264	1	0.0001 Colloc0 520 3464 0.0461684 150.771
550	1	500.249	25485.7	25474.7	10.9947	514	553	271	2	0.0001 Colloc0 514 3452 0.0483825 143.354
560	1	509.452	25525.1	25513.8	11.2485	517	536	288	2	0.0001 Colloc0 517 3465 0.0201346 158.68
570	1	518.536	25386.2	25375	11.2701	505	566	258	2	0.0001 Colloc0 505 3467 0.0146743 160.01
580	1	527.833	25449.3	25437.9	11.4204	527	552	272	1	0.0001 Colloc0 527 3463 0.0144815 169.396
590	1	536.999	25393.8	25382.7	11.1517	513	589	235	2	0.0001 Colloc0 513 3457 0.0443151 152.758
600	1	546.165	25414.2	25402.9	11.2683	516	560	264	2	0.0001 Colloc0 516 3464 0.0275814 159.895
610	1	555.161	25349.1	25337.9	11.1923	510	548	276	3	0.0001 Colloc0 510 3462 0.0287604 155.234
620	1	564.105	25308.8	25297.9	10.9021	505	566	258	3	0.0001 Colloc0 505 3450 0.0629769 137.92
630	1	572.643	25374.6	25363.5	11.1693	499	567	257	1	0.0001 Colloc0 499 3484 0.0200633 153.827
640	1	581.26	25315.1	25304.1	11.0229	503	561	263	2	0.0001 Colloc0 503 3483 0.00646817 145.024
650	1	590.526	25363.2	25351.9	11.3647	508	563	261	1	0.0001 Colloc0 508 3461 0.00758475 165.894
660	1	599.734	25272	25260.9	11.1499	497	560	264	2	0.0001 Colloc0 497 3468 0.000360883 152.65
670	1	608.882	25342.6	25332.1	10.5676	499	546	278	2	0.0001 Colloc0 499 3461 0.0884826 119.039
680	1	617.898	25288.3	25277.2	11.0797	487	568	256	2	0.0001 Colloc0 487 3485 0.0332247 148.417
690	1	627.003	25330.9	25319.8	11.0819	504	542	282	3	0.0001 Colloc0 504 3465 0.0137674 148.55
700	1	635.873	25381.1	25369.8	11.2141	514	545	279	3	0.0001 Colloc0 514 3474 0.0300432 156.565
710	1	644.477	25382.5	25371.3	11.2032	504	525	299	3	0.0001 Colloc0 504 3463 0.0212395 155.9
720	1	653.295	25262.2	25251.2	10.9816	501	578	246	2	0.0001 Colloc0 501 3476 0.063857 142.578
730	1	662.411	25294.3	25283	11.2574	507	588	236	2	0.0001 Colloc0 507 3494 0.00349777 159.222
740	1	671.476	25318	25307.1	10.9586	496	560	264	1	0.0001 Colloc0 496 3490 0.0327493 141.223
750	1	680.574	25246.8	25235.5	11.2648	493	569	255	1	0.0001 Colloc0 493 3500 0.000613239 159.683
760	1	689.533	25200.1	25188.8	11.2488	482	583	241	2	0.0001 Colloc0 482 3489 0.0493483 158.693
770	1	698.61	25319.6	25308.7	10.9791	496	538	286	1	0.0001 Colloc0 496 3489 0.0170045 142.431
780	1	707.457	25397.8	25386.8	10.9321	501	527	297	4	0.0001 Colloc0 501 3492 0.0135132 139.67
790	1	716.483	25332.6	25321.6	10.9965	492	555	269	4	0.0001 Colloc0 492 3498 0.0153494 143.457
800	1	725.444	25374.7	25363.7	10.9391	491	537	287	4	0.0001 Colloc0 491 3506 0.0183488 140.077
810	1	734.437	25219.3	25208.3	10.9522	509	582	242	3	0.0001 Colloc0 509 3489 0.0578167 140.848
820	1	743.539	25228	25217	11.0089	495	574	250	4	0.0001 Colloc0 495 3500 0.0196507 144.192
830	1	752.608	25171	25160.2	10.807	494	589	235	1	0.0001 Colloc0 494 3488 0.069265 132.429
840	1	761.548	25208.9	25197.9	11.0432	488	569	255	1	0.0001 Colloc0 488 3479 0.00991508 146.233
850	1	770.159	25222.3	25211.5	10.8509	483	562	262	2	0.0001 Colloc0 483 3484 0.0112419 134.95
860	1	778.671	25154	25143	10.9747	481	575	249	2	0.0001 Colloc0 481 3514 0.0180349 142.173
870	1	787.254	25175.8	25164.7	11.0959	487	573	251	1	0.0001 Colloc0 487 3472 0.000681427 149.388
880	1	796.165	25223.3	25211.9	11.3619	493	554	270	3	0.0001 Colloc0 493 3487 0.00198361 165.718
890	1	805.202	25340.8	25329.7	11.1378	513	524	300	1	0.0001 Colloc0 513 3475 0.0118943 151.915
900	1	813.944	25205.6	25194.6	11.0195	498	572	252	2	0.0001 Colloc0 498 3483 0.0162287 144.819
910	1	823.037	25238.3	25227.6	10.6864	481	559	265	1	0.0001 Colloc0 481 3493 0.0593187 125.606
920	1	832.037	25354.4	25343.3	11.076	498	521	303	3	0.0001 Colloc0 498 3482 0.0188318 148.193
930	1	841.104	25129.9	25118.7	11.2143	479	568	256	1	0.0001 Colloc0 479 3475 0.00792473 156.576
940	1	850.13	25123.5	25112.5	11.0729	487	592	232	1	0.0001 Colloc0 487 3472 0.0137294 148.008
950	1	859.242	25212.5	25201.7	10.8536	477	569	255	3	0.0001 Colloc0 477 3478 0.0267836 135.104
960	1	868.32	25203.8	25192.6	11.2417	485	557	267	3	0.0001 Colloc0 485 3480 0.00139202 158.259
970	1	877.507	25295.8	25284.5	11.3133	496	554	270	2	0.0001 Colloc0 496 3497 0.00787529 162.688
980	1	886.457	25358.8	25347.4	11.3164	497	530	294	2	0.0001 Colloc0 497 3488 0.00102722 162.878
990	1	895.502	25192.1	25180.8	11.2822	490	570	254	2	0.0001 Colloc0 490 3483 0.0177485 160.755
1000	1	904.627	25143.3	25132.7	10.6228	501	591	233	1	0.0001 Colloc0 501 3463 0.0699228 122.069
1010	1	913.925	25214.6	25203.8	10.7913	498	584	240	1	0.0001 Colloc0 498 3475 0.0900445 131.532
1020	1	923.008	25123.9	25113.3	10.5752	485	575	249	2	0.0001 Colloc0 485 3481 0.0686739 119.456
1030	1	932.011	25104.7	25093.6	11.1175	476	606	218	1	0.0001 Colloc0 476 3487 0.00908918 150.69
1040	1	941.049	25141.6	25130.5	11.0392	481	590	234	1	0.0001 Colloc0 481 3489 0.0108001 145.996
1050	1	950.094	25144.4	25133.2	11.2392	493	584	240	2	0.0001 Colloc0 493 3482 0.0169811 158.105
1060	1	959.292	25117.4	25106.3	11.0627	483	594	230	1	0.0001 Colloc0 483 3495 0.00499034 147.399
1070	1	968.423	25355.4	25344	11.3958	495	521	303	2	0.0001 Colloc0 495 3515 0.00471374 167.845
1080	1	977.255	25313.6	25303.1	10.5182	484	536	288	2	0.0001 Colloc0 484 3498 0.0606835 116.357
1090	1	986.246	25242.4	25231.2	11.1462	504	563	261	1	0.0001 Colloc0 504 3488 0.0719711 152.427
1100	1	995.261	25138.2	25127.1	11.1288	486	573	251	2	0.0001 Colloc0 486 3470 0.0108067 151.37
1110	1	1004.18	25128.3	25117.3	10.986	470	559	265	1	0.0001 Colloc0 470 3492 0.00927723 142.839
1120	1	1013.38	25130.6	25120	10.6928	482	566	258	2	0.0001 Colloc0 482 3492 0.0586148 125.964
1130	1	1022.54	25212.9	25202.1	10.8148	479	557	267	3	0.0001 Colloc0 479 3475 0.0584117 132.873
1140	1	1031.39	25103.4	25092.2	11.1276	483	579	245	3	0.0001 Colloc0 483 3477 0.000741322 151.297
1150	1	1040.37	25146.6	25135.5	11.0442	480	590	234	1	0.0001 Colloc0 480 3494 0.0226532 146.292
1160	1	1049.44	25126.3	25115.7	10.6576	484	582	242	3	0.0001 Colloc0 484 3482 0.0459748 124.002
1170	1	1058.27	25235.1	25224.3	10.797	499	549	275	1	0.0001 Colloc0 499 3492 0.093043 131.857
1180	1	1066.81	25165.5	25154.3	11.1751	491	587	237	2	0.0001 Colloc0 491 3479 0.0223555 154.18
1190	1	1075.5	25205.4	25194.3	11.117	485	555	269	2	0.0001 Colloc0 485 3472 0.0011392 150.662
1200	1	1084.21	25138.1	25127.1	10.9675	486	567	257	1	0.0001 Colloc0 486 3454 0.00526191 141.745
1210	1	1092.76	25208.5	25197.4	11.1489	500	554	270	1	0.0001 Colloc0 500 3447 0.010058 152.59
1220	1	1101.37	25163.4	25152.4	11.0741	493	545	279	1	0.0001 Colloc0 493 3444 0.0297037 148.077
1230	1	1110.3	25204.7	25193.7	10.9615	512	571	253	1	0.0001 Colloc0 512 3455 0.0386644 141.393
1240	1	1119.4	25143.9	25133.1	10.8191	496	576	248	2	0.0001 Colloc0 496 3426 0.061141 133.12
1250	1	1128.46	25013.4	25002.4	10.9549	488	609	215	1	0.0001 Colloc0 488 3431 0.0629747 141.009
1260	1	1137.53	25158	25146.6	11.4002	501	595	229	2	0.0001 Colloc0 501 3448 0.0138932 168.124
1270	1	1146.67	25116.2	25105.1	11.1214	500	576	248	1	0.0001 Colloc0 500 3447 0.0257102 150.922
1280	1	1155.72	25115.2	25103.9	11.326	499	584	240	1	0.0001 Colloc0 499 3434 0.00413049 163.478
1290	1	1164.8	25135.5	25124.3	11.2451	505	587	237	1	0.0001 Colloc0 505 3460 0.0452142 158.469
1300	1	1173.67	25013.9	25002.8	11.0976	498	591	233	2	0.0001 Colloc0 498 3434 0.0198674 149.489
1310	1	1182.52	25086	25074.8	11.2219	507	590	234	1	0.0001 Colloc0 507 3444 0.00347489 157.04
1320	1	1191.67	25092	25080.8	11.1589	511	597	227	1	0.0001 Colloc0 511 3447 0.0566329 153.196
1330	1	1200.84	25030.8	25020	10.7683	488	607	217	2	0.0001 Colloc0 488 3472 0.0428216 130.225
1340	1	1209.76	25009.7	24998.6	11.0998	478	587	237	4	0.0001 Colloc0 478 3444 0.019214 149.624
1350	1	1218.25	25023.2	25012	11.1792	488	602	222	3	0.0001 Colloc0 488 3456 0.0100862 154.429
1360	1	1227.17	24999.8	24988.8	10.9542	479	586	238	3	0.0001 Colloc0 479 3459 0.0458948 140.965
1370	1	1236.31	25068.9	25058	10.886	479	589	235	2	0.0001 Colloc0 479 3436 0.0226337 136.983
1380	1	1245.25	25110.2	25099.4	10.7521	494	549	275	2	0.0001 Colloc0 494 3444 0.0747159 129.302
1390	1	1253.84	25072.9	25061.9	10.9392	484	545	279	2	0.0001 Colloc0 484 3446 0.00381145 140.086
1400	1	1262.82	25070.2	25058.9	11.3439	494	575	249	1	0.0001 Colloc0 494 3455 0.00260818 164.592
1410	1	1271.8	25141.6	25130.4	11.1247	491	552	272	1	0.0001 Colloc0 491 3444 0.0168944 151.125
1420	1	1280.49	24964.4	24953.3	11.064	485	592	232	1	0.0001 Colloc0 485 3458 0.00458109 147.474
1430	1	1289.52	25144.4	25133.3	11.1011	504	543	281	3	0.0001 Colloc0 504 3464 0.00837222 149.701
1440	1	1298.52	25086.1	25075.1	10.9715	480	563	261	3	0.0001 Colloc0 480 3465 0.0488506 141.98
1450	1	1307.55	25001.4	24990.6	10.7915	486	580	244	2	0.0001 Colloc0 486 3455 0.0490671 131.545
1460	1	1316.74	24968.3	24957.5	10.7566	483	566	258	1	0.0001 Colloc0 483 3436 0.0514377 129.559
1470	1	1325.76	24987.1	24976	11.1291	490	580	244	3	0.0001 Colloc0 490 3443 0.00769577 151.393
1480	1	1334.71	24978.5	24967	11.5583	492	596	228	1	0.0001 Colloc0 492 3436 0.00932561 178.177
1490	1	1343.72	24957.5	24946.1	11.4941	496	592	232	1	0.0001 Colloc0 496 3433 0.00621495 174.073
1500	1	1352.85	24836.9	24825.9	10.9326	476	641	183	2	0.0001 Colloc0 476 3425 0.0150647 139.696
1510	1	1361.7	25034.1	25023	11.0941	489	571	253	1	0.0001 Colloc0 489 3434 0.0156654 149.281
1520	1	1370.9	24891.1	24880.5	10.5693	474	595	229	1	0.0001 Colloc0 474 3432 0.052708 119.134
1530	1	1380.06	25034.5	25023.3	11.1587	485	584	240	1	0.0001 Colloc0 485 3446 0.0124235 153.182
1540	1	1389.08	25001.1	24990.1	11.0431	495	592	232	3	0.0001 Colloc0 495 3441 0.0108144 146.225
1550	1	1398.3	25008.2	24997.1	11.1008	486	584	240	2	0.0001 Colloc0 486 3430 0.00199503 149.682
1560	1	1407.39	25116.5	25105.4	11.0681	502	577	247	1	0.0001 Colloc0 502 3416 0.0163805 147.72
1570	1	1416.19	24928.4	24917.4	11.0111	475	613	211	1	0.0001 Colloc0 475 3421 0.00958641 144.325
1580	1	1425	25011.5	25000.5	11.0182	494	573	251	3	0.0001 Colloc0 494 3434 0.0244956 144.744
1590	1	1433.93	25016.2	25005	11.164	491	563	261	1	0.0001 Colloc0 491 3430 0.0136905 153.505
1600	1	1442.77	25081.9	25070.7	11.2058	500	563	261	1	0.0001 Colloc0 500 3421 0.0174671 156.055
1610	1	1451.48	24993	24981.9	11.1178	490	592	232	3	0.0001 Colloc0 490 3427 0.0198287 150.705
1620	1	1460.49	25102.4	25091.4	11.0355	501	568	256	1	0.0001 Colloc0 501 3418 0.00970749 145.774
1630	1	1469.58	25054.6	25043.5	11.0659	508	562	262	3	0.0001 Colloc0 508 3394 0.033491 147.587
1640	1	1478.33	25057.5	25046.3	11.1502	506	549	275	3	0.0001 Colloc0 506 3399 0.0102919 152.666
1650	1	1487.14	24968.4	24957.2	11.172	496	562	262	1	0.0001 Colloc0 496 3387 0.0166763 153.993
1660	1	1496.05	24911.2	24900.3	10.9113	494	591	233	2	0.0001 Colloc0 494 3384 0.0653366 138.457
1670	1	1504.8	24962	24951.1	10.8375	488	582	242	1	0.0001 Colloc0 488 3387 0.0637003 134.178
1680	1	1513.62	24981.7	24970.4	11.3415	496	565	259	1	0.0001 Colloc0 496 3400 0.00203046 164.444
1690	1	1522.84	25133.1	25121.9	11.1437	502	556	268	2	0.0001 Colloc0 502 3404 0.0258274 152.276
1700	1	1532	25073	25061.8	11.2043	495	531	293	2	0.0001 Colloc0 495 3382 0.0179497 155.963
1710	1	1541.08	24999.2	24988	11.2259	487	550	274	1	0.0001 Colloc0 487 3394 0.0193594 157.289
1720	1	1550.15	24999.6	24988.6	10.9569	493	590	234	1	0.0001 Colloc0 493 3405 0.0694147 141.124
1730	1	1559.08	24963.7	24952.8	10.9656	499	575	249	2	0.0001 Colloc0 499 3401 0.0398305 141.637
1740	1	1568.05	24959.9	24948.7	11.1879	481	553	271	1	0.0001 Colloc0 481 3376 0.00836527 154.963
1750	1	1576.61	24856.4	24845.5	10.887	477	575	249	1	0.0001 Colloc0 477 3384 0.00696406 137.042
1760	1	1585.61	24799.6	24788.6	10.933	482	592	232	4	0.0001 Colloc0 482 3366 0.00913132 139.72
1770	1	1594.34	24848	24836.8	11.2295	491	593	231	2	0.0001 Colloc0 491 3383 0.00936972 157.506
1780	1	1603.23	24811.9	24800.8	11.0838	498	600	224	2	0.0001 Colloc0 498 3387 0.0397063 148.661
1790	1	1612.3	24927.3	24916	11.2826	498	576	248	1	0.0001 Colloc0 498 3380 0.0276889 160.78
1800	1	1621.42	24966.4	24955.2	11.268	498	564	260	1	0.0001 Colloc0 498 3370 0.0169143 159.878
1810	1	1630.49	24858.6	24847.5	11.0671	488	580	244	2	0.0001 Colloc0 488 3367 0.0389095 147.658
1820	1	1639.38	25076.7	25065.4	11.2789	514	526	298	3	0.0001 Colloc0 514 3395 0.0210136 160.552
1830	1	1648.48	25042.7	25031.2	11.5258	508	556	268	1	0.0001 Colloc0 508 3383 0.000897512 176.092
1840	1	1657.58	25010.6	24999.7	10.9395	501	529	295	2	0.0001 Colloc0 501 3367 0.0649984 140.101
1850	1	1666.5	24912.3	24901.2	11.1104	498	558	266	1	0.0001 Colloc0 498 3363 0.0146434 150.259
1860	1	1675.57	24882.6	24871.4	11.1758	490	565	259	2	0.0001 Colloc0 490 3376 0.00738682 154.226
1870	1	1684.19	24893.1	24882	11.1492	490	607	217	2	0.0001 Colloc0 490 3397 0.0207004 152.61
1880	1	1693.07	24812.1	24800.8	11.2458	493	608	216	1	0.0001 Colloc0 493 3370 0.0505917 158.512
1890	1	1702.19	24977.3	24966	11.3267	511	565	259	2	0.0001 Colloc0 511 3370 0.0117322 163.519
1900	1	1711.25	24893.9	24883	10.9629	496	573	251	1	0.0001 Colloc0 496 3372 0.0364148 141.478
1910	1	1720.23	24784.6	24773.5	11.075	480	599	225	1	0.0001 Colloc0 480 3379 0.0404042 148.134
1920	1	1729.1	24923.4	24912	11.3048	495	562	262	1	0.0001 Colloc0 495 3382 0.0128091 162.158
1930	1	1737.89	24940.1	24929	11.1351	498	539	285	1	0.0001 Colloc0 498 3381 0.00163407 151.753
1940	1	1746.88	24808.8	24797.6	11.2325	484	588	236	1	0.0001 Colloc0 484 3365 0.0138901 157.692
1950	1	1755.77	24868.9	24857.9	10.988	491	585	239	1	0.0001 Colloc0 491 3382 0.02255 142.958
1960	1	1764.68	24792.9	24782.1	10.8152	482	614	210	2	0.0001 Colloc0 482 3368 0.0229507 132.899
1970	1	1773.61	24800.2	24789.2	11.0866	489	617	207	1	0.0001 Colloc0 489 3373 0.0689414 148.831
1980	1	1782.42	24829	24817.6	11.3608	493	614	210	1	0.0001 Colloc0 493 3370 0.00851487 165.652
1990	1	1790.8	24873.1	24861.9	11.2547	493	575	249	2	0.0001 Colloc0 493 3373 0.0239551 159.059
2000	1	1799.26	24846.1	24835	11.0769	497	590	234	2	0.0001 Colloc0 497 3349 0.0305159 148.246
