# D = 0, E = 1, I = 1, P = 1, R = -1, n = 2000, N = 1, P = 1, w = 1, a = 0.0001, b = 10000, e = 1, f = 1, g = 100, h = 0.01, r = 20716, s = 1, S = 0, x = 10, m = 100, Z = 1, z = 0, T = 1, t = 1
# 9751 tokens in 824 sentences
#
# It	Temp	Time	-logP	-logPcorpus	-logPrior	tables	same	changed	reject	default_pya	(parent pym pyn pya pyb)*
0	1	0.71789	32794	32680.2	113.764	1457	0	824	0	0.0001 Colloc0 1457 2821 0.0001 10000
10	1	10.4864	26736.3	26724	12.2921	652	414	410	4	0.0001 Colloc0 652 3260 0.0155269 227.409
20	1	20.2779	26255	26243	12.035	604	507	317	2	0.0001 Colloc0 604 3301 0.00677602 209.717
30	1	30.1694	26152.5	26140.5	11.953	614	522	302	2	0.0001 Colloc0 614 3277 0.00648839 204.172
40	1	40.0279	25988.2	25976.1	12.0423	572	536	288	1	0.0001 Colloc0 572 3300 0.00636538 210.212
50	1	49.7634	25939.8	25927.7	12.1349	572	540	284	4	0.0001 Colloc0 572 3306 2.62997e-05 216.538
60	1	58.8171	25869.5	25857.9	11.5911	582	564	260	2	0.0001 Colloc0 582 3307 0.0535073 180.294
70	1	68.1076	25702.8	25691.1	11.6905	567	591	233	1	0.0001 Colloc0 567 3300 0.0302121 186.749
80	1	77.6922	25748	25736.5	11.4746	556	585	239	2	0.0001 Colloc0 556 3296 0.021551 172.832
90	1	87.2707	25669.1	25656.9	12.1214	570	552	272	3	0.0001 Colloc0 570 3290 0.018148 215.609
100	1	96.4393	25724.9	25713.6	11.305	562	524	300	2	0.0001 Colloc0 562 3318 0.0827469 162.173
110	1	105.899	25706.5	25694.6	11.8265	573	562	262	2	0.0001 Colloc0 573 3310 0.00149686 195.709
120	1	115.618	25628.4	25617.3	11.0571	564	584	240	4	0.0001 Colloc0 564 3292 0.0976905 147.063
130	1	125.424	25648.9	25637.1	11.7958	564	565	259	2	0.0001 Colloc0 564 3306 0.0059157 193.675
140	1	135.342	25622.5	25611	11.5563	558	565	259	1	0.0001 Colloc0 558 3299 0.0345456 178.052
150	1	144.936	25588.1	25576.4	11.7335	567	589	235	4	0.0001 Colloc0 567 3294 0.0401707 189.569
160	1	154.798	25504.9	25493.5	11.3647	556	585	239	3	0.0001 Colloc0 556 3282 0.0293604 165.891
170	1	164.154	25484.1	25472.3	11.8056	545	573	251	1	0.0001 Colloc0 545 3295 0.00462901 194.322
180	1	173.69	25508.5	25496.9	11.6138	546	564	260	2	0.0001 Colloc0 546 3299 0.0109238 181.763
190	1	183.059	25437.6	25426	11.6203	546	573	251	2	0.0001 Colloc0 546 3299 0.0532041 182.183
200	1	192.768	25419.9	25408.4	11.5383	537	579	245	2	0.0001 Colloc0 537 3302 0.0172659 176.893
210	1	202.634	25376.2	25364.8	11.3405	526	580	244	2	0.0001 Colloc0 526 3322 0.0162391 164.379
220	1	212.439	25469.8	25458.1	11.6528	547	570	254	2	0.0001 Colloc0 547 3298 0.0301512 184.294
230	1	221.948	25405.8	25394.3	11.464	536	583	241	1	0.0001 Colloc0 536 3306 0.049379 172.154
240	1	231.484	25540.2	25529.2	11.0443	551	561	263	1	0.0001 Colloc0 551 3300 0.0795809 146.299
250	1	240.952	25434.8	25423.4	11.3812	551	574	250	1	0.0001 Colloc0 551 3273 0.0380045 166.931
260	1	250.652	25450.6	25438.8	11.7778	543	541	283	1	0.0001 Colloc0 543 3299 0.00145385 192.483
270	1	260.301	25355.8	25343.9	11.9173	554	576	248	1	0.0001 Colloc0 554 3281 0.00551736 201.771
280	1	270.064	25356.6	25345.4	11.1791	536	593	231	1	0.0001 Colloc0 536 3293 0.0537682 154.426
290	1	279.662	25531.9	25520.1	11.7231	554	552	272	2	0.0001 Colloc0 554 3297 0.0546932 188.886
300	1	289.393	25455.6	25444.1	11.514	547	554	270	1	0.0001 Colloc0 547 3301 0.0584451 175.341
310	1	298.735	25392.9	25381.2	11.6135	544	559	265	4	0.0001 Colloc0 544 3282 0.0058615 181.742
320	1	308.457	25256	25244.5	11.4881	537	575	249	3	0.0001 Colloc0 537 3258 0.0450591 173.689
330	1	318.15	25321.7	25310.4	11.3073	545	589	235	2	0.0001 Colloc0 545 3286 0.0376231 162.316
340	1	327.819	25428.5	25416.6	11.9447	563	555	269	1	0.0001 Colloc0 563 3278 0.0274495 203.609
350	1	337.359	25251.8	25240.4	11.4658	539	579	245	1	0.0001 Colloc0 539 3244 0.0146286 172.267
360	1	346.432	25266	25254.1	11.8339	553	574	250	1	0.0001 Colloc0 553 3226 0.00712558 196.203
370	1	355.731	25155.8	25144.2	11.5507	530	608	216	2	0.0001 Colloc0 530 3231 0.0528167 177.691
380	1	365.261	25090.4	25079	11.3844	555	609	215	4	0.0001 Colloc0 555 3230 0.0298484 167.13
390	1	374.874	25196	25184.3	11.6058	544	585	239	1	0.0001 Colloc0 544 3228 0.0142564 181.245
400	1	384.216	25303.5	25291.7	11.8721	556	556	268	1	0.0001 Colloc0 556 3232 0.0112426 198.744
410	1	393.883	25189.3	25178.7	10.6486	537	561	263	1	0.0001 Colloc0 537 3217 0.16058 123.501
420	1	403.58	25245.9	25234.1	11.7873	563	574	250	2	0.0001 Colloc0 563 3214 0.0088531 193.116
430	1	413.257	25270	25258.1	11.8884	558	560	264	2	0.0001 Colloc0 558 3223 0.00521183 199.835
440	1	422.925	25269.8	25258.2	11.6107	556	554	270	2	0.0001 Colloc0 556 3216 0.00979499 181.558
450	1	432.707	25071.6	25060.8	10.7259	527	620	204	3	0.0001 Colloc0 527 3224 0.0739195 127.822
460	1	442.476	25147.9	25136.6	11.3101	549	596	228	2	0.0001 Colloc0 549 3220 0.0251786 162.484
470	1	452.253	25317.3	25305.8	11.5197	552	550	274	2	0.0001 Colloc0 552 3221 0.00708764 175.703
480	1	461.901	25183.2	25172.2	11.0397	539	578	246	2	0.0001 Colloc0 539 3216 0.0835427 146.022
490	1	471.497	25149.7	25138.3	11.423	533	570	254	2	0.0001 Colloc0 533 3217 0.0357466 169.558
500	1	481.18	25178.7	25167.3	11.4378	530	583	241	1	0.0001 Colloc0 530 3226 0.0123596 170.497
510	1	490.901	25041.8	25030.7	11.0777	535	619	205	2	0.0001 Colloc0 535 3213 0.0702967 148.296
520	1	500.605	25225.5	25214.1	11.3985	544	560	264	2	0.0001 Colloc0 544 3218 0.00848599 168.017
530	1	510.265	25170.8	25159.2	11.6421	550	585	239	3	0.0001 Colloc0 550 3202 0.0297276 183.595
540	1	519.662	25201.9	25189.9	12.0201	565	576	248	1	0.0001 Colloc0 565 3195 0.0027651 208.704
550	1	529.044	25071.2	25059.7	11.526	519	602	222	2	0.0001 Colloc0 519 3200 0.00371926 176.109
560	1	538.755	25088.3	25076.9	11.4311	540	586	238	1	0.0001 Colloc0 540 3211 0.0476173 170.068
570	1	548.514	25008.5	24997.1	11.3757	516	601	223	1	0.0001 Colloc0 516 3204 0.0160928 166.585
580	1	558.359	25170.3	25158.7	11.5992	532	552	272	2	0.0001 Colloc0 532 3211 0.0435065 180.818
590	1	567.951	25065	25053.5	11.4728	532	608	216	1	0.0001 Colloc0 532 3206 0.00998845 172.713
600	1	577.501	25163.9	25152.6	11.3895	543	597	227	2	0.0001 Colloc0 543 3229 0.0446973 167.45
610	1	587.416	25034	25023.1	10.9498	547	623	201	2	0.0001 Colloc0 547 3219 0.0801467 140.709
620	1	597.284	25133.8	25122.3	11.4375	558	599	225	3	0.0001 Colloc0 558 3211 0.0605631 170.474
630	1	607.176	25199.8	25188.5	11.3614	549	575	249	1	0.0001 Colloc0 549 3220 0.0603017 165.688
640	1	616.894	25166.2	25154.5	11.6719	542	578	246	1	0.0001 Colloc0 542 3185 0.0128797 185.535
650	1	626.681	25244.5	25232.8	11.7081	551	578	246	2	0.0001 Colloc0 551 3222 0.0041209 187.9
660	1	636.436	25064.2	25052.6	11.6058	525	607	217	2	0.0001 Colloc0 525 3202 0.00334853 181.24
670	1	645.737	25029.9	25018.6	11.279	535	611	213	3	0.0001 Colloc0 535 3187 0.051728 160.557
680	1	654.918	25149.9	25138.4	11.5591	547	582	242	1	0.0001 Colloc0 547 3216 0.00336867 178.233
690	1	664.041	25202.9	25191.1	11.856	551	551	273	3	0.0001 Colloc0 551 3192 0.00573439 197.674
700	1	673.366	25149.9	25138.1	11.8151	551	571	253	3	0.0001 Colloc0 551 3200 0.00659701 194.955
710	1	682.673	25235.7	25224.2	11.5522	546	551	273	2	0.0001 Colloc0 546 3211 0.0341529 177.786
720	1	692.383	25087.9	25076.3	11.6198	533	603	221	2	0.0001 Colloc0 533 3189 0.0290515 182.147
730	1	701.726	25172.5	25160.9	11.5413	549	583	241	1	0.0001 Colloc0 549 3193 0.0357558 177.087
740	1	711.171	25122.8	25111.7	11.122	555	583	241	2	0.0001 Colloc0 555 3187 0.0651875 150.961
750	1	720.351	25028.5	25017	11.5756	528	619	205	4	0.0001 Colloc0 528 3189 0.0180565 179.292
760	1	729.761	25069	25057.3	11.6596	534	608	216	3	0.0001 Colloc0 534 3174 0.0020603 184.736
770	1	739.413	25095.1	25083.9	11.1671	528	594	230	2	0.0001 Colloc0 528 3199 0.0567633 153.697
780	1	749.133	25142.7	25131.5	11.1949	529	593	231	1	0.0001 Colloc0 529 3225 0.0818023 155.39
790	1	758.942	25202.1	25190.1	12.0232	550	558	266	1	0.0001 Colloc0 550 3193 0.00101664 208.918
800	1	768.766	25181	25169.6	11.3779	555	558	266	1	0.0001 Colloc0 555 3198 0.0551506 166.72
810	1	778.617	25111.4	25100.3	11.1058	547	581	243	1	0.0001 Colloc0 547 3182 0.064635 149.984
820	1	787.937	25165.8	25154.3	11.528	548	573	251	1	0.0001 Colloc0 548 3196 0.00841994 176.239
830	1	797.328	25131.6	25120.1	11.4249	537	589	235	2	0.0001 Colloc0 537 3208 0.044939 169.676
840	1	807.032	25251.7	25239.8	11.9431	548	555	269	3	0.0001 Colloc0 548 3208 0.0025025 203.501
850	1	816.662	25154	25142.8	11.1753	537	558	266	3	0.0001 Colloc0 537 3208 0.039843 154.195
860	1	826.272	25155	25143.6	11.4117	548	589	235	1	0.0001 Colloc0 548 3192 0.0124311 168.845
870	1	835.899	25221.1	25209.3	11.7178	538	564	260	2	0.0001 Colloc0 538 3197 0.0261402 188.536
880	1	845.53	25136.7	25125.3	11.4004	543	574	250	3	0.0001 Colloc0 543 3202 0.0293809 168.136
890	1	855.332	25150.4	25138.9	11.5114	548	595	229	2	0.0001 Colloc0 548 3195 0.0214096 175.174
900	1	865.017	25160.3	25148.8	11.4908	520	570	254	2	0.0001 Colloc0 520 3222 0.00196466 173.86
910	1	874.604	25176.1	25164.6	11.4501	529	579	245	2	0.0001 Colloc0 529 3210 0.0200456 171.275
920	1	884.289	25191.3	25179.7	11.5645	536	553	271	2	0.0001 Colloc0 536 3186 0.0520242 178.579
930	1	893.575	25178.5	25166.6	11.9216	544	573	251	2	0.0001 Colloc0 544 3202 0.00424282 202.056
940	1	903.045	25254.8	25242.8	11.9749	562	537	287	2	0.0001 Colloc0 562 3191 0.018007 205.649
950	1	912.809	25188.9	25177.6	11.3065	548	581	243	1	0.0001 Colloc0 548 3194 0.0554656 162.263
960	1	922.61	25149.4	25137.9	11.5055	535	570	254	1	0.0001 Colloc0 535 3209 0.0354476 174.798
970	1	932.344	25026.6	25015.4	11.1703	537	594	230	2	0.0001 Colloc0 537 3187 0.0588342 153.891
980	1	941.837	25111.2	25099.6	11.6167	534	592	232	1	0.0001 Colloc0 534 3173 0.0166756 181.945
990	1	951.523	25142.5	25130.8	11.7673	538	572	252	3	0.0001 Colloc0 538 3187 0.000101673 191.794
1000	1	960.976	25173.4	25162.2	11.2629	547	571	253	2	0.0001 Colloc0 547 3186 0.0575935 159.563
1010	1	970.656	25063.9	25052.3	11.6202	542	595	229	1	0.0001 Colloc0 542 3184 0.0114446 182.172
1020	1	980.307	25065.2	25053.5	11.7155	543	591	233	2	0.0001 Colloc0 543 3195 0.0158516 188.387
1030	1	990.038	25077.6	25066.2	11.4586	527	601	223	2	0.0001 Colloc0 527 3204 0.00803023 171.812
1040	1	999.112	25128.8	25117.4	11.325	540	575	249	2	0.0001 Colloc0 540 3191 0.0550293 163.412
1050	1	1008.23	25046.1	25034.5	11.5935	548	581	243	3	0.0001 Colloc0 548 3171 0.0151361 180.449
1060	1	1017.65	25082.7	25071.3	11.3204	547	584	240	4	0.0001 Colloc0 547 3172 0.0132983 163.128
1070	1	1027.32	25042.9	25031.3	11.5296	529	604	220	5	0.0001 Colloc0 529 3189 0.00575177 176.339
1080	1	1036.74	25147.1	25135.9	11.2492	549	580	244	1	0.0001 Colloc0 549 3169 0.0484925 158.719
1090	1	1046.45	25208.8	25197	11.8086	533	546	278	1	0.0001 Colloc0 533 3217 0.00848552 194.523
1100	1	1055.87	25024.2	25013	11.1356	525	581	243	4	0.0001 Colloc0 525 3182 0.00683621 151.784
1110	1	1065.15	25069.4	25058.1	11.2852	534	571	253	2	0.0001 Colloc0 534 3204 0.0330913 160.945
1120	1	1074.69	25106.1	25094.7	11.4004	544	566	258	1	0.0001 Colloc0 544 3188 0.0544182 168.135
1130	1	1084.25	25210.7	25199	11.7234	550	536	288	1	0.0001 Colloc0 550 3204 0.00201807 188.901
1140	1	1093.38	25010	24998.5	11.5118	527	597	227	3	0.0001 Colloc0 527 3196 0.0187745 175.201
1150	1	1103.24	25065.4	25053.9	11.512	523	586	238	3	0.0001 Colloc0 523 3201 0.00184076 175.214
1160	1	1112.97	25235.9	25224	11.8825	541	543	281	1	0.0001 Colloc0 541 3221 0.0149635 199.439
1170	1	1122.45	25155.8	25144.4	11.454	546	573	251	2	0.0001 Colloc0 546 3216 0.0404348 171.518
1180	1	1132.26	25015.6	25004.2	11.4476	535	555	269	4	0.0001 Colloc0 535 3191 0.00859452 171.113
1190	1	1141.97	25072	25060.7	11.307	520	573	251	3	0.0001 Colloc0 520 3220 0.000923432 162.297
1200	1	1151.73	24979.2	24968	11.2509	524	590	234	2	0.0001 Colloc0 524 3196 0.0085942 158.823
1210	1	1161.46	24952.5	24941.2	11.2848	529	577	247	1	0.0001 Colloc0 529 3193 0.0043068 160.921
1220	1	1170.65	24986.7	24975.1	11.6566	524	570	254	1	0.0001 Colloc0 524 3193 0.00530865 184.537
1230	1	1180.02	24913.1	24901.7	11.4489	525	593	231	3	0.0001 Colloc0 525 3185 0.0239295 171.199
1240	1	1189.67	25044.2	25032.6	11.5093	533	584	240	2	0.0001 Colloc0 533 3209 0.00847447 175.041
1250	1	1199.29	25031.9	25020.4	11.5073	534	562	262	2	0.0001 Colloc0 534 3209 0.00148526 174.914
1260	1	1208.98	25125.1	25113.3	11.8013	550	556	268	2	0.0001 Colloc0 550 3198 0.0222062 194.039
1270	1	1218.11	25149.6	25138.5	11.1664	544	568	256	1	0.0001 Colloc0 544 3186 0.0411662 153.653
1280	1	1227.2	25109	25097.3	11.654	531	569	255	1	0.0001 Colloc0 531 3192 0.00688143 184.369
1290	1	1237.01	24963.3	24951.9	11.4558	537	593	231	1	0.0001 Colloc0 537 3171 0.00342243 171.633
1300	1	1246.48	25071.5	25060	11.4957	539	568	256	2	0.0001 Colloc0 539 3186 0.00300944 174.175
1310	1	1255.56	25030.8	25019.4	11.3796	544	587	237	1	0.0001 Colloc0 544 3171 0.00649089 166.825
1320	1	1265.06	25122.9	25111.5	11.4247	544	536	288	1	0.0001 Colloc0 544 3185 0.0723393 169.668
1330	1	1274.4	25084.3	25072.9	11.3901	540	567	257	2	0.0001 Colloc0 540 3185 0.00466285 167.485
1340	1	1283.72	24981.6	24970.2	11.3449	545	594	230	1	0.0001 Colloc0 545 3159 0.0470374 164.653
1350	1	1293.35	24943.1	24931.7	11.4093	528	612	212	1	0.0001 Colloc0 528 3186 0.0100088 168.698
1360	1	1303.01	25020.9	25009.4	11.4658	536	584	240	2	0.0001 Colloc0 536 3176 0.0258612 172.268
1370	1	1312.63	25051.2	25039.8	11.4817	523	566	258	1	0.0001 Colloc0 523 3183 0.0182425 173.28
1380	1	1322.27	24945.2	24934.1	11.0849	519	607	217	1	0.0001 Colloc0 519 3197 0.042981 148.726
1390	1	1331.97	25009	24997.3	11.674	519	571	253	1	0.0001 Colloc0 519 3174 0.0118812 185.67
1400	1	1341.25	25066.1	25054.7	11.4649	541	572	252	2	0.0001 Colloc0 541 3167 0.0292163 172.214
1410	1	1350.54	24952.7	24941.2	11.5016	532	598	226	2	0.0001 Colloc0 532 3183 0.00842057 174.55
1420	1	1360	24963.7	24952.3	11.4222	536	587	237	3	0.0001 Colloc0 536 3162 0.0186245 169.511
1430	1	1369.85	25056.1	25044.7	11.3585	542	551	273	2	0.0001 Colloc0 542 3184 0.0154519 165.503
1440	1	1379.53	25068	25056.7	11.2699	551	565	259	2	0.0001 Colloc0 551 3183 0.0787605 159.999
1450	1	1389.26	25054.6	25043	11.5192	536	564	260	3	0.0001 Colloc0 536 3188 0.0313051 175.67
1460	1	1398.98	25106.9	25095.8	11.1094	547	558	266	2	0.0001 Colloc0 547 3184 0.0661604 150.201
1470	1	1408.72	25036.5	25025	11.5588	546	593	231	5	0.0001 Colloc0 546 3200 0.0344113 178.211
1480	1	1418.34	24969	24957.7	11.3238	529	610	214	3	0.0001 Colloc0 529 3165 0.0160365 163.338
1490	1	1427.76	25041.1	25029.9	11.1572	539	577	247	3	0.0001 Colloc0 539 3193 0.0591794 153.091
1500	1	1437.27	25117.5	25106.2	11.3636	542	556	268	1	0.0001 Colloc0 542 3192 0.0389388 165.825
1510	1	1447.02	25014.1	25002.9	11.1289	532	582	242	2	0.0001 Colloc0 532 3185 0.0461098 151.38
1520	1	1456.44	25079.7	25068.2	11.5797	526	541	283	2	0.0001 Colloc0 526 3173 0.0131899 179.56
1530	1	1465.89	25109	25097.5	11.4588	539	569	255	2	0.0001 Colloc0 539 3184 0.0237631 171.824
1540	1	1475.16	25084.6	25072.8	11.822	539	558	266	4	0.0001 Colloc0 539 3167 0.00840711 195.411
1550	1	1484.41	25012.9	25001.3	11.5987	532	594	230	3	0.0001 Colloc0 532 3182 0.018014 180.782
1560	1	1493.84	24992.2	24980.5	11.6609	539	581	243	1	0.0001 Colloc0 539 3182 0.00833201 184.816
1570	1	1503.57	25122.9	25111.4	11.4657	545	560	264	2	0.0001 Colloc0 545 3198 0.00625129 172.264
1580	1	1513.14	25014.4	25003.2	11.1386	528	587	237	3	0.0001 Colloc0 528 3203 0.0525362 151.967
1590	1	1522.91	25046.4	25035	11.3838	537	575	249	2	0.0001 Colloc0 537 3179 0.0309049 167.09
1600	1	1532.27	24993.5	24981.7	11.7369	533	586	238	2	0.0001 Colloc0 533 3190 0.0114198 189.789
1610	1	1541.99	25033.6	25022.3	11.3584	542	563	261	2	0.0001 Colloc0 542 3189 0.0250548 165.501
1620	1	1551.67	24958.8	24947.6	11.1876	521	582	242	5	0.0001 Colloc0 521 3194 0.0370853 154.944
1630	1	1561.03	25088.8	25077	11.7624	549	553	271	1	0.0001 Colloc0 549 3213 0.0152291 191.467
1640	1	1570.66	25129.9	25118.2	11.7709	547	570	254	2	0.0001 Colloc0 547 3199 0.0104346 192.029
1650	1	1579.9	24939.3	24927.8	11.484	522	623	201	1	0.0001 Colloc0 522 3179 0.0168937 173.425
1660	1	1588.88	25041.8	25030.6	11.1922	526	594	230	1	0.0001 Colloc0 526 3199 0.0457615 155.223
1670	1	1598.16	25004.4	24992.8	11.6428	533	590	234	3	0.0001 Colloc0 533 3199 0.0181689 183.638
1680	1	1607.69	25015.8	25004.3	11.4605	533	587	237	3	0.0001 Colloc0 533 3190 0.00418871 171.934
1690	1	1616.58	24990	24978.3	11.6729	525	585	239	2	0.0001 Colloc0 525 3203 0.000191672 185.599
1700	1	1625.77	25146.2	25134.8	11.4747	540	537	287	2	0.0001 Colloc0 540 3186 0.0454201 172.836
1710	1	1635.48	25002.7	24991	11.7345	540	575	249	1	0.0001 Colloc0 540 3189 0.0136341 189.634
1720	1	1644.53	25029.2	25017.9	11.3241	542	579	245	2	0.0001 Colloc0 542 3169 0.0145233 163.36
1730	1	1653.56	25005.2	24993.6	11.5854	540	582	242	2	0.0001 Colloc0 540 3185 0.0137462 179.922
1740	1	1662.91	25065.1	25053.4	11.6425	533	583	241	1	0.0001 Colloc0 533 3221 0.0132098 183.624
1750	1	1672.29	25068.2	25056.6	11.6196	543	574	250	2	0.0001 Colloc0 543 3183 0.0184663 182.134
1760	1	1681.49	24892.6	24880.9	11.6445	526	633	191	2	0.0001 Colloc0 526 3186 0.0381533 183.75
1770	1	1691.06	25039.7	25028.1	11.6574	533	568	256	2	0.0001 Colloc0 533 3188 0.000446533 184.594
1780	1	1700.37	25054.8	25043.3	11.4335	531	556	268	3	0.0001 Colloc0 531 3194 0.00364211 170.223
1790	1	1709.57	25006.3	24994.8	11.546	530	577	247	2	0.0001 Colloc0 530 3167 0.0155118 177.388
1800	1	1719.03	25026.1	25014.8	11.3202	524	560	264	1	0.0001 Colloc0 524 3178 0.0521367 163.114
1810	1	1728.54	25014.1	25002.6	11.4886	528	567	257	1	0.0001 Colloc0 528 3204 0.008527 173.723
1820	1	1737.81	25023.5	25011.7	11.8283	545	561	263	3	0.0001 Colloc0 545 3202 0.0176509 195.832
1830	1	1747.11	25106.2	25094.6	11.6016	547	556	268	1	0.0001 Colloc0 547 3202 0.0108695 180.974
1840	1	1756.39	25078.3	25066.8	11.5553	531	546	278	1	0.0001 Colloc0 531 3196 0.0127425 177.987
1850	1	1765.7	25077.6	25066.1	11.4456	542	563	261	1	0.0001 Colloc0 542 3216 0.0057313 170.99
1860	1	1775.22	24974.6	24962.8	11.7503	547	610	214	2	0.0001 Colloc0 547 3196 0.0216616 190.669
1870	1	1784.63	25001.5	24990.2	11.2817	528	585	239	2	0.0001 Colloc0 528 3211 0.0834374 160.724
1880	1	1793.75	25024.2	25012.7	11.5631	535	570	254	3	0.0001 Colloc0 535 3198 0.0120594 178.491
1890	1	1802.98	24988.3	24976.5	11.8109	524	592	232	4	0.0001 Colloc0 524 3191 0.00581716 194.676
1900	1	1812.25	24919	24907.5	11.5074	534	599	225	2	0.0001 Colloc0 534 3191 0.00199899 174.921
1910	1	1821.3	24899.5	24887.7	11.7917	535	615	209	2	0.0001 Colloc0 535 3195 0.00229924 193.402
1920	1	1830.54	24893.5	24882	11.502	526	595	229	1	0.0001 Colloc0 526 3188 0.0181802 174.576
1930	1	1839.8	24955.6	24944.3	11.3288	512	590	234	2	0.0001 Colloc0 512 3216 0.0514034 163.652
1940	1	1849.09	24898.6	24886.8	11.7794	527	600	224	3	0.0001 Colloc0 527 3191 0.00980755 192.591
1950	1	1858.3	24922.7	24911.5	11.1744	536	599	225	3	0.0001 Colloc0 536 3179 0.0539209 154.141
1960	1	1867.68	25014.7	25003.3	11.3316	538	574	250	1	0.0001 Colloc0 538 3190 0.0218134 163.826
1970	1	1877.11	24888.7	24877.2	11.4489	517	598	226	2	0.0001 Colloc0 517 3184 0.0167948 171.197
1980	1	1886.54	24920.1	24908.8	11.3491	529	604	220	1	0.0001 Colloc0 529 3185 0.0347102 164.918
1990	1	1895.96	24925.2	24913.7	11.5007	530	603	221	2	0.0001 Colloc0 530 3202 0.00885336 174.49
2000	1	1905.31	25099.7	25087.9	11.7291	551	559	265	2	0.0001 Colloc0 551 3202 0.0426043 189.281
