# D = 0, E = 1, I = 1, P = 1, R = -1, n = 2000, N = 1, P = 1, w = 1, a = 0.0001, b = 10000, e = 1, f = 1, g = 100, h = 0.01, r = 24281, s = 1, S = 0, x = 10, m = 100, Z = 1, z = 0, T = 1, t = 1
# 5710 tokens in 266 sentences
#
# It	Temp	Time	-logP	-logPcorpus	-logPrior	tables	same	changed	reject	default_pya	(parent pym pyn pya pyb)*
0	1	0.755885	23323.8	23210	113.764	1925	0	266	0	0.0001 Colloc0 1925 2635 0.0001 10000
10	1	11.1953	18466.2	18454.1	12.1954	609	38	228	4	0.0001 Colloc0 609 2470 0.0242748 220.702
20	1	21.2148	18029.1	18017.3	11.7695	541	45	221	3	0.0001 Colloc0 541 2478 0.0475089 191.935
30	1	30.6473	17775.1	17763.3	11.792	525	57	209	6	0.0001 Colloc0 525 2440 0.0409356 193.426
40	1	39.9309	17770.5	17758.3	12.117	530	53	213	4	0.0001 Colloc0 530 2442 0.0243196 215.308
50	1	49.6055	17624.1	17612.4	11.6421	512	64	202	3	0.0001 Colloc0 512 2421 0.0312529 183.594
60	1	59.5549	17425.2	17413.8	11.4404	515	68	198	6	0.0001 Colloc0 515 2384 0.0889098 170.662
70	1	69.3455	17486	17474.5	11.428	513	73	193	5	0.0001 Colloc0 513 2413 0.110064 169.873
80	1	79.3099	17327.4	17316.3	11.1216	514	74	192	2	0.0001 Colloc0 514 2350 0.11962 150.94
90	1	89.2204	17359.2	17347.9	11.2949	506	61	205	2	0.0001 Colloc0 506 2393 0.0785172 161.544
100	1	98.723	17309.9	17298.7	11.2456	484	68	198	4	0.0001 Colloc0 484 2373 0.0283614 158.5
110	1	108.027	17197.3	17186.1	11.157	495	74	192	1	0.0001 Colloc0 495 2352 0.116831 153.084
120	1	117.359	17343.6	17331.7	11.8968	526	68	198	2	0.0001 Colloc0 526 2377 0.0324373 200.399
130	1	127.153	17260.6	17248.9	11.6294	503	78	188	1	0.0001 Colloc0 503 2376 0.0290929 182.774
140	1	137.021	17158.4	17147.3	11.0447	509	77	189	1	0.0001 Colloc0 509 2355 0.133236 146.319
150	1	146.793	17331.8	17319.8	12.0042	522	72	194	5	0.0001 Colloc0 522 2345 0.0146636 207.631
160	1	156.675	17295	17283.6	11.4001	510	75	191	3	0.0001 Colloc0 510 2375 0.0843243 168.118
170	1	166.448	17146.9	17135.3	11.6146	503	89	177	3	0.0001 Colloc0 503 2349 0.0220548 181.813
180	1	175.746	17078.9	17067.3	11.5779	485	81	185	2	0.0001 Colloc0 485 2332 0.0119254 179.439
190	1	185.171	17292.9	17281.1	11.7603	504	69	197	2	0.0001 Colloc0 504 2367 0.0358728 191.333
200	1	195.231	17202.1	17190.1	12.0706	516	67	199	5	0.0001 Colloc0 516 2347 0.0438676 212.138
210	1	204.85	17127.3	17117	10.2901	524	67	199	1	0.0001 Colloc0 524 2329 0.221986 104.34
220	1	214.114	17077	17066.1	10.9351	472	74	192	2	0.0001 Colloc0 472 2358 0.0631404 139.842
230	1	223.886	17073.6	17062.3	11.2829	471	79	187	3	0.0001 Colloc0 471 2358 0.0534422 160.8
240	1	233.571	17183.5	17172	11.4149	487	72	194	3	0.0001 Colloc0 487 2362 0.0110068 169.047
250	1	243.045	17121.1	17109.8	11.2841	494	76	190	4	0.0001 Colloc0 494 2360 0.0800595 160.877
260	1	252.819	17079.2	17068.8	10.402	512	79	187	4	0.0001 Colloc0 512 2327 0.184136 110.158
270	1	262.399	17075.3	17064	11.2809	484	79	187	4	0.0001 Colloc0 484 2329 0.0641921 160.675
280	1	271.628	17063	17051.8	11.2415	503	77	189	3	0.0001 Colloc0 503 2339 0.0699697 158.245
290	1	281.61	17133.4	17121.6	11.7726	509	81	185	2	0.0001 Colloc0 509 2347 0.0140256 192.14
300	1	291.359	17108.5	17097.3	11.2458	500	77	189	3	0.0001 Colloc0 500 2335 0.0948711 158.51
310	1	301.17	17158.3	17146.6	11.744	488	79	187	3	0.0001 Colloc0 488 2386 0.00146939 190.256
320	1	311.106	17108.3	17096.9	11.3257	477	75	191	3	0.0001 Colloc0 477 2360 0.03343 163.461
330	1	320.857	17172.6	17161.1	11.5522	493	69	197	4	0.0001 Colloc0 493 2380 0.0547575 177.789
340	1	330.78	17105.5	17093.9	11.5791	480	74	192	4	0.0001 Colloc0 480 2372 0.0132734 179.518
350	1	340.576	17135	17123.6	11.3868	480	78	188	6	0.0001 Colloc0 480 2358 0.0854839 167.282
360	1	350.379	17182.7	17171.1	11.5803	506	76	190	1	0.0001 Colloc0 506 2360 0.0605434 179.597
370	1	359.798	17196.8	17185.4	11.3926	487	67	199	2	0.0001 Colloc0 487 2365 0.0321989 167.646
380	1	369.68	17311	17299.7	11.3333	511	70	196	3	0.0001 Colloc0 511 2386 0.0550523 163.931
390	1	379.572	17140.1	17128.7	11.3836	490	78	188	2	0.0001 Colloc0 490 2371 0.0490403 167.08
400	1	389.419	17118.3	17107.5	10.7846	485	77	189	4	0.0001 Colloc0 485 2385 0.188738 131.152
410	1	398.899	17196.1	17184.8	11.3836	478	64	202	3	0.0001 Colloc0 478 2391 0.0631408 167.078
420	1	408.29	17075	17064.1	10.9386	479	80	186	2	0.0001 Colloc0 479 2350 0.100917 140.05
430	1	418.024	17122.7	17111.9	10.7646	491	73	193	3	0.0001 Colloc0 491 2348 0.118197 130.013
440	1	428.019	17142.8	17132.1	10.6506	494	82	184	2	0.0001 Colloc0 494 2377 0.172722 123.609
450	1	437.879	17135.4	17123.9	11.4458	481	72	194	2	0.0001 Colloc0 481 2363 0.0577334 171.004
460	1	447.678	16943.6	16932.6	10.9895	490	93	173	4	0.0001 Colloc0 490 2353 0.177835 143.043
470	1	457.277	16991.6	16979.9	11.7529	487	82	184	3	0.0001 Colloc0 487 2344 0.0134586 190.846
480	1	467.061	17190.2	17178.8	11.341	503	71	195	2	0.0001 Colloc0 503 2357 0.0629693 164.412
490	1	476.825	17061.1	17049.8	11.2675	488	72	194	3	0.0001 Colloc0 488 2350 0.0537015 159.846
500	1	486.654	17099.8	17088.6	11.1807	500	77	189	6	0.0001 Colloc0 500 2362 0.127655 154.523
510	1	496.255	17124.8	17113.7	11.0225	483	73	193	4	0.0001 Colloc0 483 2329 0.073993 145.002
520	1	505.798	17114.1	17102.7	11.4223	514	68	198	2	0.0001 Colloc0 514 2365 0.0629493 169.517
530	1	515.572	17003.6	16991.9	11.6578	477	74	192	4	0.0001 Colloc0 477 2340 0.00662206 184.62
540	1	525.383	17072.2	17060.6	11.6125	491	72	194	4	0.0001 Colloc0 491 2345 0.0338538 181.676
550	1	535.304	17094.8	17083.1	11.6942	493	67	199	4	0.0001 Colloc0 493 2331 0.0349607 186.994
560	1	545.394	17151.4	17140.3	11.128	503	74	192	4	0.0001 Colloc0 503 2358 0.101902 151.321
570	1	555.244	17058.2	17046.8	11.4125	492	77	189	4	0.0001 Colloc0 492 2353 0.0520371 168.895
580	1	564.511	17221.9	17210.5	11.3306	503	75	191	4	0.0001 Colloc0 503 2358 0.0551707 163.764
590	1	574.337	17239.9	17228	11.865	516	63	203	5	0.0001 Colloc0 516 2364 0.026517 198.271
600	1	584.257	17077.5	17066.5	10.9207	498	78	188	4	0.0001 Colloc0 498 2333 0.146702 139.004
610	1	594.171	17109.1	17098.2	10.9731	490	72	194	5	0.0001 Colloc0 490 2326 0.137431 142.075
620	1	603.647	17060.3	17048.9	11.3968	504	65	201	2	0.0001 Colloc0 504 2338 0.0925219 167.908
630	1	613.268	17290.5	17278.6	11.9162	533	71	195	5	0.0001 Colloc0 533 2349 0.0366456 201.698
640	1	623.131	17084.2	17072.7	11.4889	488	70	196	2	0.0001 Colloc0 488 2312 0.046463 173.739
650	1	632.277	17190.8	17179.5	11.2722	519	70	196	5	0.0001 Colloc0 519 2344 0.0983961 160.137
660	1	642.037	17026.9	17015.6	11.2382	478	72	194	3	0.0001 Colloc0 478 2322 0.0587343 158.041
670	1	651.986	17163.9	17152.6	11.2891	515	65	201	2	0.0001 Colloc0 515 2309 0.112348 161.183
680	1	661.936	17117.7	17106	11.7223	507	74	192	7	0.0001 Colloc0 507 2351 0.0604524 188.83
690	1	671.779	17001.7	16990.3	11.4125	506	70	196	7	0.0001 Colloc0 506 2325 0.123725 168.895
700	1	681.59	16985.1	16973.6	11.464	495	77	189	2	0.0001 Colloc0 495 2309 0.0952533 172.157
710	1	691.541	17073.5	17062.5	11.0396	503	61	205	1	0.0001 Colloc0 503 2334 0.165343 146.019
720	1	701.457	17003.3	16992	11.2657	491	74	192	5	0.0001 Colloc0 491 2298 0.0855397 159.739
730	1	711.223	17152.5	17140.9	11.5286	516	80	186	3	0.0001 Colloc0 516 2314 0.0969148 176.276
740	1	720.925	17037.9	17026.8	11.1034	523	70	196	3	0.0001 Colloc0 523 2313 0.152385 149.838
750	1	730.753	16902.7	16891.8	10.8773	471	79	187	3	0.0001 Colloc0 471 2306 0.122124 136.475
760	1	740.455	17049.8	17038.5	11.274	502	75	191	1	0.0001 Colloc0 502 2334 0.117627 160.249
770	1	749.993	17074	17062.3	11.6633	505	68	198	1	0.0001 Colloc0 505 2332 0.0573449 184.975
780	1	759.879	17039.7	17028.2	11.5551	505	75	191	4	0.0001 Colloc0 505 2331 0.0681472 177.973
790	1	769.051	16989.5	16977.9	11.5874	480	68	198	7	0.0001 Colloc0 480 2320 0.00750689 180.057
800	1	778.46	17030.5	17020.3	10.114	501	77	189	2	0.0001 Colloc0 501 2359 0.239387 95.4983
810	1	788.075	16979.3	16968	11.289	500	74	192	4	0.0001 Colloc0 500 2347 0.0766306 161.175
820	1	797.834	16872.8	16862.5	10.2888	494	81	185	6	0.0001 Colloc0 494 2277 0.258055 104.273
830	1	807.142	17045.2	17034.3	10.9383	511	76	190	3	0.0001 Colloc0 511 2290 0.154216 140.034
840	1	816.366	17010.8	17000.1	10.6994	513	78	188	1	0.0001 Colloc0 513 2315 0.145352 126.331
850	1	825.802	16992	16981.5	10.5481	483	78	188	1	0.0001 Colloc0 483 2341 0.144683 117.978
860	1	835.744	16974.6	16963.9	10.7274	493	73	193	2	0.0001 Colloc0 493 2314 0.136809 127.907
870	1	845.549	16936	16924.9	11.1188	498	79	187	4	0.0001 Colloc0 498 2324 0.122195 150.771
880	1	855.553	16876.8	16865.6	11.2815	495	87	179	3	0.0001 Colloc0 495 2299 0.086527 160.716
890	1	865.623	16997.7	16987	10.7731	499	72	194	1	0.0001 Colloc0 499 2322 0.195105 130.492
900	1	875.563	16945.6	16934.6	10.9767	499	78	188	3	0.0001 Colloc0 499 2299 0.0867395 142.292
910	1	885.638	16958.7	16947.3	11.4429	496	79	187	4	0.0001 Colloc0 496 2311 0.0735458 170.817
920	1	895.57	16900.8	16889.7	11.0716	512	78	188	0	0.0001 Colloc0 512 2319 0.158237 147.928
930	1	905.356	16953.6	16942.6	10.9574	498	75	191	5	0.0001 Colloc0 498 2339 0.0877969 141.152
940	1	915.036	16898.6	16887.1	11.4476	512	82	184	1	0.0001 Colloc0 512 2313 0.117068 171.115
950	1	924.342	16890.2	16879.2	11.0398	494	81	185	1	0.0001 Colloc0 494 2318 0.110009 146.027
960	1	933.964	16788.2	16777.5	10.7975	486	96	170	1	0.0001 Colloc0 486 2304 0.177244 131.884
970	1	943.948	16781.2	16770.6	10.6523	506	96	170	3	0.0001 Colloc0 506 2314 0.221239 123.704
980	1	953.884	16960.4	16949.1	11.2575	505	69	197	1	0.0001 Colloc0 505 2329 0.091167 159.23
990	1	963.755	16848.3	16837.6	10.7337	502	84	182	4	0.0001 Colloc0 502 2289 0.1969 128.262
1000	1	973.754	16780.4	16769.6	10.7827	497	78	188	4	0.0001 Colloc0 497 2297 0.212382 131.043
1010	1	983.623	17003.4	16992.3	11.0701	502	82	184	2	0.0001 Colloc0 502 2341 0.119566 147.841
1020	1	993.422	16889.4	16878.4	11.033	492	85	181	3	0.0001 Colloc0 492 2299 0.110601 145.623
1030	1	1003.36	16806.5	16795.4	11.0909	499	79	187	1	0.0001 Colloc0 499 2284 0.176883 149.086
1040	1	1013.32	16919	16908.9	10.1183	498	86	180	1	0.0001 Colloc0 498 2356 0.227207 95.7076
1050	1	1023.2	16824.2	16812.6	11.5581	477	80	186	4	0.0001 Colloc0 477 2345 0.0345743 178.17
1060	1	1033.16	16856.2	16845	11.1358	489	77	189	4	0.0001 Colloc0 489 2288 0.120602 151.798
1070	1	1042.75	16867.3	16857.4	9.94385	497	82	184	1	0.0001 Colloc0 497 2290 0.244346 87.331
1080	1	1052.11	16823.7	16813	10.6987	486	84	182	4	0.0001 Colloc0 486 2332 0.135321 126.295
1090	1	1061.97	16768.8	16757.5	11.3391	490	94	172	5	0.0001 Colloc0 490 2286 0.114301 164.292
1100	1	1071.77	16992.6	16982.1	10.5208	512	79	187	0	0.0001 Colloc0 512 2286 0.180581 116.497
1110	1	1081.67	16846	16835.3	10.7471	486	85	181	2	0.0001 Colloc0 486 2291 0.148089 129.02
1120	1	1091.81	16909.9	16899.2	10.6426	511	79	187	3	0.0001 Colloc0 511 2311 0.202786 123.167
1130	1	1101.6	16867.3	16855.8	11.4919	491	74	192	3	0.0001 Colloc0 491 2315 0.0860474 173.93
1140	1	1111.1	16879.7	16869.1	10.6301	499	82	184	2	0.0001 Colloc0 499 2286 0.221696 122.475
1150	1	1120.99	16889.2	16878.5	10.6575	509	84	182	0	0.0001 Colloc0 509 2274 0.21468 123.996
1160	1	1130.81	16765	16755.2	9.79667	496	86	180	2	0.0001 Colloc0 496 2271 0.270335 80.5793
1170	1	1140.16	16829.8	16819	10.7698	487	78	188	4	0.0001 Colloc0 487 2314 0.12212 130.307
1180	1	1149.69	16811.1	16799.9	11.215	490	77	189	1	0.0001 Colloc0 490 2319 0.0701199 156.622
1190	1	1159.62	16862.5	16850.7	11.8071	504	75	191	0	0.0001 Colloc0 504 2294 0.0632383 194.426
1200	1	1169.2	16990.5	16979.1	11.3532	499	65	201	3	0.0001 Colloc0 499 2321 0.146002 165.171
1210	1	1179.12	16807.2	16796.4	10.7938	509	91	175	3	0.0001 Colloc0 509 2254 0.181072 131.673
1220	1	1188.41	16900.4	16889.2	11.1624	513	85	181	1	0.0001 Colloc0 513 2282 0.130801 153.408
1230	1	1197.97	16898.3	16887.5	10.8435	506	80	186	2	0.0001 Colloc0 506 2303 0.168138 134.522
1240	1	1207.39	16774.3	16763.2	11.0521	501	90	176	2	0.0001 Colloc0 501 2277 0.152362 146.761
1250	1	1216.64	16838.9	16827.3	11.5456	496	86	180	4	0.0001 Colloc0 496 2309 0.0584858 177.367
1260	1	1226.75	16773	16762.2	10.837	494	87	179	1	0.0001 Colloc0 494 2292 0.14108 134.149
1270	1	1236.71	16787.2	16776.5	10.7144	508	94	172	4	0.0001 Colloc0 508 2309 0.163104 127.174
1280	1	1246.65	16923.5	16912.9	10.5881	500	72	194	2	0.0001 Colloc0 500 2307 0.146455 120.162
1290	1	1256.48	16846.4	16835	11.3245	473	85	181	2	0.0001 Colloc0 473 2300 0.0430378 163.383
1300	1	1265.64	16805.2	16794	11.1965	487	87	179	3	0.0001 Colloc0 487 2285 0.0675036 155.485
1310	1	1275.35	16860.1	16848.4	11.692	495	82	184	1	0.0001 Colloc0 495 2261 0.0251967 186.85
1320	1	1285.26	16900.8	16889.2	11.5142	502	82	184	3	0.0001 Colloc0 502 2298 0.077832 175.353
1330	1	1295.09	16743.4	16732.7	10.6408	485	87	179	3	0.0001 Colloc0 485 2276 0.171188 123.069
1340	1	1304.92	16956.8	16945.5	11.2537	519	80	186	1	0.0001 Colloc0 519 2327 0.105113 158.998
1350	1	1314.75	16844.5	16833.9	10.6143	498	85	181	3	0.0001 Colloc0 498 2292 0.172482 121.6
1360	1	1324.53	16937.9	16926.6	11.2916	494	80	186	3	0.0001 Colloc0 494 2317 0.0705194 161.342
1370	1	1334.27	16802	16791.3	10.7042	481	83	183	3	0.0001 Colloc0 481 2299 0.189472 126.604
1380	1	1344.25	16758.4	16748	10.3297	475	88	178	4	0.0001 Colloc0 475 2273 0.237142 106.382
1390	1	1354.2	16853.9	16842.2	11.7044	502	77	189	3	0.0001 Colloc0 502 2256 0.0729242 187.656
1400	1	1364.07	16775.5	16764.2	11.342	496	91	175	0	0.0001 Colloc0 496 2277 0.0706557 164.475
1410	1	1373.84	16842	16830.6	11.4422	505	84	182	0	0.0001 Colloc0 505 2278 0.0862943 170.773
1420	1	1383.21	16772.6	16761.2	11.3554	496	86	180	2	0.0001 Colloc0 496 2264 0.133821 165.311
1430	1	1392.68	16781.2	16770.1	11.0953	482	82	184	2	0.0001 Colloc0 482 2310 0.106783 149.355
1440	1	1402.31	16865.3	16854.1	11.1874	502	85	181	3	0.0001 Colloc0 502 2291 0.12541 154.93
1450	1	1412.05	16835.3	16824.6	10.6929	491	81	185	3	0.0001 Colloc0 491 2302 0.188224 125.968
1460	1	1421.88	16755.8	16744.6	11.1468	476	98	168	1	0.0001 Colloc0 476 2278 0.0886321 152.461
1470	1	1431.87	16773.4	16762.5	10.9583	504	81	185	1	0.0001 Colloc0 504 2256 0.18458 141.203
1480	1	1441.86	16822.3	16811.2	11.129	491	83	183	0	0.0001 Colloc0 491 2286 0.0803322 151.387
1490	1	1451.73	16786	16775.1	10.8706	498	88	178	1	0.0001 Colloc0 498 2300 0.156567 136.092
1500	1	1461.4	16799.4	16788.4	10.9566	499	82	184	4	0.0001 Colloc0 499 2275 0.145357 141.103
1510	1	1471.35	16789.8	16779.2	10.6515	484	82	184	2	0.0001 Colloc0 484 2285 0.144223 123.658
1520	1	1481.18	16868.8	16857.5	11.2339	501	84	182	1	0.0001 Colloc0 501 2291 0.101633 157.779
1530	1	1490.94	16751.6	16741	10.6413	491	92	174	0	0.0001 Colloc0 491 2325 0.187243 123.094
1540	1	1500.79	16822	16810.6	11.4629	489	80	186	3	0.0001 Colloc0 489 2319 0.0133838 172.088
1550	1	1510.7	16839.3	16828	11.2366	473	91	175	1	0.0001 Colloc0 473 2291 0.0829252 157.947
1560	1	1520.36	16641.2	16630.9	10.259	489	104	162	2	0.0001 Colloc0 489 2242 0.199301 102.749
1570	1	1530.09	16794.6	16783.5	11.1014	495	92	174	4	0.0001 Colloc0 495 2267 0.136642 149.72
1580	1	1539.98	16763.6	16752.8	10.7404	476	88	178	3	0.0001 Colloc0 476 2262 0.178071 128.64
1590	1	1549.86	16706.1	16696.1	9.96741	484	85	181	3	0.0001 Colloc0 484 2229 0.283707 88.4391
1600	1	1559.8	16775.5	16764.9	10.6332	495	83	183	5	0.0001 Colloc0 495 2263 0.182315 122.644
1610	1	1569.38	16845.5	16834.6	10.8794	494	84	182	2	0.0001 Colloc0 494 2280 0.118238 136.601
1620	1	1579.15	16781.9	16771	10.8875	502	82	184	3	0.0001 Colloc0 502 2286 0.120238 137.07
1630	1	1588.66	16846	16835.1	10.8401	514	82	184	3	0.0001 Colloc0 514 2267 0.162169 134.327
1640	1	1598.71	16850.5	16839.4	11.0805	499	86	180	2	0.0001 Colloc0 499 2274 0.134493 148.466
1650	1	1608.49	16804.4	16793.8	10.6517	498	83	183	0	0.0001 Colloc0 498 2273 0.191198 123.672
1660	1	1618.51	16790.2	16779.3	10.8384	505	76	190	2	0.0001 Colloc0 505 2250 0.15661 134.23
1670	1	1628.51	16819.1	16808.2	10.8422	506	80	186	3	0.0001 Colloc0 506 2271 0.184263 134.448
1680	1	1638.58	16854.9	16844.1	10.7569	508	80	186	2	0.0001 Colloc0 508 2266 0.184274 129.578
1690	1	1648.37	16859.2	16848.6	10.6083	510	77	189	3	0.0001 Colloc0 510 2303 0.212261 121.271
1700	1	1658.27	16781.9	16770.4	11.4169	481	95	171	3	0.0001 Colloc0 481 2330 0.0610748 169.173
1710	1	1668.02	16859.4	16848.2	11.1374	482	87	179	1	0.0001 Colloc0 482 2317 0.127959 151.892
1720	1	1678.06	16845	16834.2	10.8136	501	83	183	1	0.0001 Colloc0 501 2292 0.145163 132.807
1730	1	1688.11	16823.9	16812.6	11.2725	490	82	184	2	0.0001 Colloc0 490 2323 0.0504428 160.159
1740	1	1698.22	16762.5	16751.6	10.8891	501	95	171	1	0.0001 Colloc0 501 2289 0.15541 137.161
1750	1	1708.2	16779.1	16768.2	10.9021	497	81	185	2	0.0001 Colloc0 497 2263 0.152411 137.915
1760	1	1718.11	16868.7	16857.3	11.4266	503	80	186	3	0.0001 Colloc0 503 2282 0.0994621 169.788
1770	1	1727.84	16924.7	16913.5	11.2367	520	72	194	3	0.0001 Colloc0 520 2276 0.199452 157.948
1780	1	1737.94	16705.2	16694.6	10.6486	481	89	177	0	0.0001 Colloc0 481 2271 0.181901 123.498
1790	1	1747.86	16791.4	16780.7	10.686	500	90	176	2	0.0001 Colloc0 500 2291 0.202528 125.585
1800	1	1757.87	16694.8	16684.4	10.404	482	90	176	2	0.0001 Colloc0 482 2300 0.155926 110.261
1810	1	1767.8	16879.8	16869.2	10.6096	500	73	193	1	0.0001 Colloc0 500 2289 0.221256 121.342
1820	1	1777.8	16798.1	16787.7	10.3621	486	75	191	3	0.0001 Colloc0 486 2284 0.183612 108.064
1830	1	1787.08	16826.5	16815.7	10.8156	509	80	186	2	0.0001 Colloc0 509 2296 0.195385 132.922
1840	1	1796.39	16758.1	16747.6	10.4488	512	87	179	1	0.0001 Colloc0 512 2261 0.303924 112.636
1850	1	1806.03	16684.1	16673.1	10.9764	489	90	176	1	0.0001 Colloc0 489 2257 0.119947 142.27
1860	1	1816.12	16736.8	16726.4	10.4089	509	97	169	2	0.0001 Colloc0 509 2273 0.295895 110.519
1870	1	1826.2	16840	16829	10.9886	507	82	184	3	0.0001 Colloc0 507 2292 0.128633 142.989
1880	1	1836.2	16833	16822.5	10.5893	501	76	190	2	0.0001 Colloc0 501 2277 0.196301 120.225
1890	1	1846.24	16772.3	16761.9	10.3756	497	84	182	1	0.0001 Colloc0 497 2276 0.265431 108.77
1900	1	1856.24	16709.8	16699.2	10.6279	492	77	189	1	0.0001 Colloc0 492 2283 0.192773 122.355
1910	1	1865.59	16754.6	16743.1	11.5397	482	98	168	1	0.0001 Colloc0 482 2305 0.0778062 176.985
1920	1	1875.05	16868.1	16857.7	10.4618	525	87	179	2	0.0001 Colloc0 525 2282 0.284369 113.327
1930	1	1884.89	16690.2	16679.4	10.7091	472	86	180	1	0.0001 Colloc0 472 2304 0.115547 126.877
1940	1	1894.23	16904.6	16893.7	10.8804	511	73	193	1	0.0001 Colloc0 511 2306 0.134535 136.658
1950	1	1904.31	16772.3	16761.3	10.9969	478	83	183	1	0.0001 Colloc0 478 2285 0.136111 143.481
1960	1	1914.26	16831.4	16820.5	10.8532	484	78	188	1	0.0001 Colloc0 484 2286 0.148985 135.083
1970	1	1924.12	16800.3	16789.5	10.7275	496	83	183	3	0.0001 Colloc0 496 2301 0.186172 127.915
1980	1	1934.17	16907.8	16897.3	10.5039	496	72	194	2	0.0001 Colloc0 496 2296 0.21716 115.586
1990	1	1943.89	16855.5	16844.4	11.0844	491	83	183	3	0.0001 Colloc0 491 2306 0.113702 148.696
2000	1	1953.58	16796.9	16786	10.849	492	87	179	2	0.0001 Colloc0 492 2286 0.155049 134.839
