# D = 0, E = 1, I = 1, P = 1, R = -1, n = 2000, N = 1, P = 1, w = 1, a = 0.0001, b = 10000, e = 1, f = 1, g = 100, h = 0.01, r = 17980, s = 1, S = 0, x = 10, m = 100, Z = 1, z = 0, T = 1, t = 1
# 5710 tokens in 266 sentences
#
# It	Temp	Time	-logP	-logPcorpus	-logPrior	tables	same	changed	reject	default_pya	(parent pym pyn pya pyb)*
0	1	0.753885	23280.3	23166.5	113.764	1996	0	266	0	0.0001 Colloc0 1996 2684 0.0001 10000
10	1	10.7834	18781	18769.1	11.8623	624	30	236	3	0.0001 Colloc0 624 2519 0.139778 198.092
20	1	20.4199	18214.1	18202.6	11.4684	552	33	233	2	0.0001 Colloc0 552 2504 0.116081 172.437
30	1	29.6675	18031.3	18019.6	11.6976	520	42	224	1	0.0001 Colloc0 520 2500 0.048987 187.217
40	1	39.671	17841.4	17830.1	11.2831	501	43	223	2	0.0001 Colloc0 501 2513 0.0584654 160.814
50	1	49.3485	17725.2	17714	11.1669	496	53	213	2	0.0001 Colloc0 496 2530 0.106704 153.685
60	1	59.333	17606.9	17595.6	11.3011	493	57	209	5	0.0001 Colloc0 493 2498 0.035803 161.928
70	1	68.5586	17448.8	17437.5	11.3177	476	58	208	4	0.0001 Colloc0 476 2503 0.073254 162.962
80	1	77.9312	17611.8	17601.3	10.4966	499	59	207	2	0.0001 Colloc0 499 2504 0.162745 115.194
90	1	87.7767	17739.3	17728.7	10.6551	492	49	217	2	0.0001 Colloc0 492 2538 0.0842665 123.862
100	1	97.6352	17627.7	17616.6	11.0994	495	56	210	2	0.0001 Colloc0 495 2504 0.115233 149.602
110	1	107.563	17468	17456.9	11.1207	481	72	194	0	0.0001 Colloc0 481 2474 0.0739087 150.882
120	1	117.516	17627.8	17616.2	11.6096	496	52	214	0	0.0001 Colloc0 496 2479 0.0307424 181.487
130	1	127.271	17595.9	17585.1	10.7604	490	53	213	2	0.0001 Colloc0 490 2508 0.123948 129.773
140	1	137.109	17542.3	17531.4	10.9067	502	53	213	1	0.0001 Colloc0 502 2452 0.15226 138.187
150	1	147.02	17363.4	17352.6	10.8181	493	59	207	1	0.0001 Colloc0 493 2425 0.121121 133.067
160	1	156.961	17338.7	17327.3	11.3465	478	64	202	3	0.0001 Colloc0 478 2433 0.0466944 164.754
170	1	166.818	17404.9	17394.1	10.8835	505	58	208	2	0.0001 Colloc0 505 2447 0.143538 136.838
180	1	176.471	17311	17299.7	11.306	471	74	192	1	0.0001 Colloc0 471 2437 0.0225855 162.23
190	1	186.382	17460.8	17449.7	11.094	517	64	202	4	0.0001 Colloc0 517 2470 0.124746 149.277
200	1	195.594	17427.8	17417	10.8646	481	59	207	3	0.0001 Colloc0 481 2442 0.128918 135.741
210	1	205.443	17442.9	17431.2	11.6769	503	63	203	2	0.0001 Colloc0 503 2425 0.0304367 185.859
220	1	215.185	17500.6	17489	11.6095	510	60	206	2	0.0001 Colloc0 510 2469 0.0450437 181.48
230	1	224.731	17386.5	17375.4	11.1661	492	66	200	1	0.0001 Colloc0 492 2426 0.0735926 153.637
240	1	234.391	17206.8	17195.3	11.4355	476	64	202	3	0.0001 Colloc0 476 2425 0.0588475 170.348
250	1	244.319	17381.6	17370.5	11.1201	493	67	199	2	0.0001 Colloc0 493 2421 0.0792152 150.847
260	1	254.136	17345.2	17334.2	10.9315	511	61	205	5	0.0001 Colloc0 511 2405 0.14737 139.636
270	1	264.189	17379	17367.4	11.6522	501	62	204	2	0.0001 Colloc0 501 2419 0.0119818 184.249
280	1	274.015	17319.3	17308.1	11.1294	498	71	195	3	0.0001 Colloc0 498 2405 0.0392298 151.41
290	1	283.932	17406.4	17394.7	11.7063	513	53	213	3	0.0001 Colloc0 513 2374 0.0176392 187.782
300	1	293.731	17414.3	17402.7	11.6628	508	55	211	2	0.0001 Colloc0 508 2399 0.00198169 184.941
310	1	303.65	17368.9	17357.2	11.7032	502	68	198	2	0.0001 Colloc0 502 2401 0.0500964 187.579
320	1	313.484	17400.7	17389.2	11.4839	502	70	196	8	0.0001 Colloc0 502 2428 0.0284778 173.423
330	1	323.401	17223.7	17212.8	10.8353	493	72	194	1	0.0001 Colloc0 493 2364 0.125544 134.051
340	1	333.184	17236.7	17225.4	11.3049	507	67	199	3	0.0001 Colloc0 507 2367 0.0591455 162.163
350	1	342.757	17200.9	17189.7	11.1399	501	66	200	1	0.0001 Colloc0 501 2346 0.0852621 152.047
360	1	352.554	17164.4	17152.9	11.4915	490	66	200	3	0.0001 Colloc0 490 2357 0.0415007 173.903
370	1	362.131	17318.1	17307	11.1144	501	51	215	1	0.0001 Colloc0 501 2345 0.097442 150.503
380	1	371.608	17365.7	17354.4	11.3559	499	63	203	2	0.0001 Colloc0 499 2385 0.0685572 165.341
390	1	381.082	17392.2	17381.8	10.3927	511	51	215	2	0.0001 Colloc0 511 2364 0.203047 109.667
400	1	390.411	17376.7	17365.4	11.3213	502	54	212	1	0.0001 Colloc0 502 2368 0.070891 163.183
410	1	400.191	17337.1	17325.5	11.6066	518	58	208	2	0.0001 Colloc0 518 2366 0.0770668 181.292
420	1	409.963	17182.6	17170.7	11.817	493	64	202	3	0.0001 Colloc0 493 2368 0.0274985 195.079
430	1	419.906	17164.7	17153.2	11.5209	524	69	197	4	0.0001 Colloc0 524 2339 0.050506 175.782
440	1	429.723	17031.8	17020.1	11.6925	489	85	181	3	0.0001 Colloc0 489 2306 0.0359318 186.877
450	1	439.933	17190.2	17179.2	10.9626	498	64	202	1	0.0001 Colloc0 498 2351 0.110425 141.459
460	1	449.901	17164.1	17152.6	11.4272	530	66	200	2	0.0001 Colloc0 530 2340 0.0873122 169.827
470	1	459.853	17077.5	17066.4	11.16	493	67	199	1	0.0001 Colloc0 493 2312 0.10669 153.261
480	1	469.735	17044.6	17033.7	10.9369	498	87	179	1	0.0001 Colloc0 498 2336 0.137683 139.949
490	1	479.422	17024.8	17014	10.865	463	83	183	1	0.0001 Colloc0 463 2361 0.0414875 135.763
500	1	488.941	17153.7	17143	10.6179	500	73	193	4	0.0001 Colloc0 500 2373 0.172287 121.799
510	1	498.498	17162.5	17151	11.4781	500	66	200	3	0.0001 Colloc0 500 2349 0.0980093 173.053
520	1	508.548	17156.4	17144.8	11.5468	518	60	206	1	0.0001 Colloc0 518 2356 0.0772001 177.439
530	1	518.48	17084.3	17073.2	11.0733	487	68	198	4	0.0001 Colloc0 487 2339 0.0381882 148.034
540	1	528.282	17032.6	17021.3	11.3855	468	83	183	2	0.0001 Colloc0 468 2374 0.0293485 167.196
550	1	538.133	17059.2	17048	11.2222	477	81	185	0	0.0001 Colloc0 477 2346 0.100502 157.06
560	1	548.023	17167.3	17156	11.3233	477	64	202	1	0.0001 Colloc0 477 2387 0.0568355 163.306
570	1	557.754	17128.9	17118.1	10.7852	490	59	207	2	0.0001 Colloc0 490 2369 0.139448 131.184
580	1	567.514	17097.5	17086.2	11.3331	483	56	210	5	0.0001 Colloc0 483 2328 0.0530938 163.918
590	1	577.359	17015.9	17004.5	11.3927	491	66	200	3	0.0001 Colloc0 491 2350 0.0526677 167.654
600	1	587.3	17147.4	17136.2	11.192	494	59	207	2	0.0001 Colloc0 494 2356 0.131137 155.21
610	1	597.106	17048.7	17037.4	11.2767	462	67	199	2	0.0001 Colloc0 462 2364 0.000557957 160.417
620	1	606.456	17007.1	16996.4	10.7293	495	77	189	3	0.0001 Colloc0 495 2329 0.19023 128.015
630	1	616.302	17167.9	17156.5	11.386	528	67	199	1	0.0001 Colloc0 528 2334 0.110227 167.23
640	1	626.077	16928.4	16916.4	11.947	488	82	184	4	0.0001 Colloc0 488 2286 0.0109699 203.765
650	1	635.759	17105.8	17094.1	11.6147	517	79	187	4	0.0001 Colloc0 517 2347 0.10736 181.822
660	1	645.612	16935.4	16924.2	11.1688	481	83	183	2	0.0001 Colloc0 481 2318 0.114014 153.796
670	1	655.287	17041.3	17030.4	10.8995	489	68	198	5	0.0001 Colloc0 489 2332 0.127192 137.766
680	1	665.161	17065.4	17053.7	11.7177	508	78	188	1	0.0001 Colloc0 508 2335 0.0354945 188.527
690	1	675.016	17050.2	17038.8	11.3272	494	77	189	2	0.0001 Colloc0 494 2340 0.0881916 163.549
700	1	684.736	16966.6	16955.6	10.9853	486	75	191	3	0.0001 Colloc0 486 2312 0.151458 142.796
710	1	694.058	17025.1	17014.3	10.7838	496	64	202	7	0.0001 Colloc0 496 2350 0.12662 131.104
720	1	703.959	17000.5	16989.4	11.0292	504	81	185	2	0.0001 Colloc0 504 2314 0.128669 145.398
730	1	713.82	17015.6	17004.4	11.1668	502	68	198	1	0.0001 Colloc0 502 2300 0.0799327 153.678
740	1	723.621	17158	17146.7	11.2293	521	57	209	2	0.0001 Colloc0 521 2329 0.0927492 157.498
750	1	733.406	16980.9	16969.7	11.1567	487	76	190	1	0.0001 Colloc0 487 2327 0.0495743 153.061
760	1	743.165	17066.4	17054.6	11.7951	492	80	186	3	0.0001 Colloc0 492 2347 0.00717967 193.626
770	1	752.948	17010.3	16998.7	11.5835	510	82	184	2	0.0001 Colloc0 510 2327 0.056392 179.802
780	1	762.464	16890.1	16879.2	10.9213	502	86	180	3	0.0001 Colloc0 502 2325 0.182141 139.039
790	1	772.333	16954.5	16943.7	10.8535	487	72	194	1	0.0001 Colloc0 487 2319 0.0879894 135.1
800	1	782.342	17043.9	17032.8	11.0589	496	70	196	2	0.0001 Colloc0 496 2353 0.0995213 147.167
810	1	792.008	17009	16997.6	11.4117	496	81	185	0	0.0001 Colloc0 496 2342 0.0603303 168.846
820	1	807.102	17134.6	17124	10.5915	508	76	190	3	0.0001 Colloc0 508 2346 0.170818 120.349
830	1	816.994	16937.1	16926	11.0515	482	80	186	2	0.0001 Colloc0 482 2310 0.0916105 146.729
840	1	826.952	16997.2	16985.8	11.3428	485	73	193	4	0.0001 Colloc0 485 2328 0.0936803 164.525
850	1	836.762	16946.9	16936.3	10.5842	503	86	180	3	0.0001 Colloc0 503 2320 0.218977 119.946
860	1	846.526	16907.4	16896.1	11.2385	484	93	173	4	0.0001 Colloc0 484 2314 0.0773454 158.059
870	1	856.255	16905.5	16894.2	11.3454	487	79	187	1	0.0001 Colloc0 487 2297 0.0689683 164.689
880	1	866.062	17005.2	16994.2	10.9563	491	80	186	2	0.0001 Colloc0 491 2316 0.0883634 141.09
890	1	876.111	17018.4	17007.3	11.0706	512	70	196	4	0.0001 Colloc0 512 2322 0.147438 147.867
900	1	885.739	17126.6	17115.2	11.46	499	68	198	2	0.0001 Colloc0 499 2329 0.0518534 171.903
910	1	895.567	16997.7	16986.3	11.3782	492	79	187	2	0.0001 Colloc0 492 2321 0.0661317 166.742
920	1	905.497	17085.3	17074.1	11.1645	517	63	203	2	0.0001 Colloc0 517 2345 0.0931094 153.536
930	1	915.466	17049.6	17038.4	11.1608	504	72	194	2	0.0001 Colloc0 504 2327 0.0950339 153.313
940	1	925.47	17086.6	17076	10.563	498	72	194	2	0.0001 Colloc0 498 2355 0.224257 118.787
950	1	935.471	17127	17115.3	11.6556	527	73	193	2	0.0001 Colloc0 527 2348 0.0166121 184.475
960	1	945.312	17018.9	17007.7	11.2015	507	75	191	1	0.0001 Colloc0 507 2325 0.115457 155.791
970	1	954.743	17000	16989	11.0421	498	69	197	4	0.0001 Colloc0 498 2349 0.111271 146.167
980	1	963.946	16930.7	16919.1	11.611	473	93	173	5	0.0001 Colloc0 473 2349 0.0239903 181.58
990	1	973.839	17076.8	17065.9	10.9507	499	76	190	3	0.0001 Colloc0 499 2373 0.0947772 140.76
1000	1	983.372	17085.1	17073.6	11.4484	513	62	204	3	0.0001 Colloc0 513 2336 0.0341987 171.163
1010	1	992.849	16998.5	16987.3	11.1911	489	67	199	0	0.0001 Colloc0 489 2335 0.111904 155.156
1020	1	1002.35	17009.7	16998.7	11.0434	471	60	206	1	0.0001 Colloc0 471 2351 0.0913445 146.243
1030	1	1012.3	16854.3	16843.5	10.8107	485	81	185	3	0.0001 Colloc0 485 2305 0.132982 132.643
1040	1	1022.19	16957.4	16945.9	11.4872	506	77	189	7	0.0001 Colloc0 506 2327 0.0519681 173.632
1050	1	1031.99	16847.3	16836.4	10.9754	493	95	171	1	0.0001 Colloc0 493 2305 0.139574 142.213
1060	1	1041.44	16906.4	16895.3	11.146	484	82	184	0	0.0001 Colloc0 484 2290 0.0978526 152.415
1070	1	1051.26	16832.5	16821.8	10.6498	496	83	183	2	0.0001 Colloc0 496 2293 0.186442 123.564
1080	1	1061.17	16838.2	16827.2	11.0723	471	93	173	0	0.0001 Colloc0 471 2296 0.116212 147.971
1090	1	1070.9	16954.6	16942.8	11.7795	498	81	185	3	0.0001 Colloc0 498 2341 0.0319651 192.598
1100	1	1080.64	16941.2	16930	11.1334	509	78	188	3	0.0001 Colloc0 509 2317 0.151433 151.651
1110	1	1090.36	16910.3	16898.7	11.6565	489	76	190	6	0.0001 Colloc0 489 2325 0.0463838 184.53
1120	1	1100.23	16878	16866.3	11.6957	499	86	180	3	0.0001 Colloc0 499 2313 0.0272829 187.093
1130	1	1110.13	17009.2	16997.4	11.7326	498	70	196	3	0.0001 Colloc0 498 2319 0.0448769 189.511
1140	1	1119.98	16996.9	16985.3	11.5645	503	74	192	3	0.0001 Colloc0 503 2293 0.0796317 178.578
1150	1	1129.81	16938.5	16926.7	11.7976	484	73	193	2	0.0001 Colloc0 484 2319 0.000326636 193.796
1160	1	1139.61	16909.5	16898.8	10.6804	503	83	183	1	0.0001 Colloc0 503 2282 0.186269 125.272
1170	1	1149.27	16867.5	16857	10.5368	505	78	188	2	0.0001 Colloc0 505 2282 0.186285 117.361
1180	1	1158.86	16923	16911.8	11.1503	497	86	180	1	0.0001 Colloc0 497 2303 0.0778063 152.675
1190	1	1168.8	16984	16972.9	11.1292	504	79	187	2	0.0001 Colloc0 504 2314 0.111974 151.396
1200	1	1178.51	16875.6	16864.3	11.277	508	81	185	2	0.0001 Colloc0 508 2269 0.107419 160.435
1210	1	1188.4	16897.1	16885.8	11.2493	516	83	183	3	0.0001 Colloc0 516 2285 0.126734 158.727
1220	1	1198.06	16937.3	16926	11.2914	499	83	183	0	0.0001 Colloc0 499 2268 0.0966076 161.326
1230	1	1208.07	16785.8	16774.6	11.1883	489	93	173	0	0.0001 Colloc0 489 2265 0.10629 154.987
1240	1	1217.9	16789.5	16777.9	11.6069	479	83	183	0	0.0001 Colloc0 479 2243 0.0179109 181.316
1250	1	1227.79	16909.8	16898.5	11.3434	522	92	174	4	0.0001 Colloc0 522 2294 0.102985 164.559
1260	1	1237.03	16934	16923.2	10.7727	501	88	178	2	0.0001 Colloc0 501 2280 0.130837 130.474
1270	1	1246.33	16819.4	16808	11.4007	489	96	170	2	0.0001 Colloc0 489 2247 0.0688178 168.154
1280	1	1255.62	16750.1	16738.9	11.2537	498	98	168	3	0.0001 Colloc0 498 2248 0.0961037 158.999
1290	1	1265.29	16832.1	16821.5	10.6321	500	77	189	4	0.0001 Colloc0 500 2238 0.194636 122.584
1300	1	1275.29	16809.3	16798.5	10.8102	499	81	185	4	0.0001 Colloc0 499 2244 0.171392 132.614
1310	1	1285.22	16916.4	16905.1	11.2889	507	78	188	1	0.0001 Colloc0 507 2282 0.103373 161.17
1320	1	1295.03	16895.7	16884.4	11.3182	504	85	181	3	0.0001 Colloc0 504 2276 0.107486 162.993
1330	1	1304.94	16877.4	16866	11.4082	479	80	186	2	0.0001 Colloc0 479 2284 0.038805 168.624
1340	1	1314.82	16902	16890	11.9658	487	71	195	4	0.0001 Colloc0 487 2310 0.0230664 205.034
1350	1	1324.48	16957.1	16946.1	11.0301	514	69	197	3	0.0001 Colloc0 514 2281 0.142646 145.449
1360	1	1334.38	17009.6	16998	11.5141	511	81	185	2	0.0001 Colloc0 511 2326 0.0782947 175.345
1370	1	1344.06	16891.2	16879.8	11.3676	481	83	183	1	0.0001 Colloc0 481 2303 0.0551582 166.078
1380	1	1353.25	16929.6	16918.5	11.0287	495	81	185	2	0.0001 Colloc0 495 2305 0.136057 145.367
1390	1	1362.98	16906.4	16894.6	11.8075	495	82	184	2	0.0001 Colloc0 495 2284 0.0182605 194.45
1400	1	1372.82	16763.7	16752.8	10.8929	483	86	180	2	0.0001 Colloc0 483 2281 0.127449 137.381
1410	1	1382.78	16890.4	16879	11.3496	483	82	184	4	0.0001 Colloc0 483 2311 0.0853958 164.948
1420	1	1392.58	16816.2	16805.1	11.0988	490	78	188	5	0.0001 Colloc0 490 2289 0.0855746 149.563
1430	1	1402.18	16875.9	16864.6	11.2368	490	73	193	2	0.0001 Colloc0 490 2299 0.0897684 157.956
1440	1	1411.63	16880.7	16869.1	11.5805	499	74	192	0	0.0001 Colloc0 499 2291 0.0240481 179.61
1450	1	1421.61	16827.6	16816.3	11.3189	494	85	181	2	0.0001 Colloc0 494 2298 0.0970505 163.032
1460	1	1431.41	16833.6	16822.4	11.235	506	93	173	3	0.0001 Colloc0 506 2306 0.150826 157.844
1470	1	1441.38	16737.5	16726.5	10.9521	473	79	187	1	0.0001 Colloc0 473 2288 0.089413 140.841
1480	1	1451.22	16756.3	16744.8	11.4371	471	86	180	2	0.0001 Colloc0 471 2296 0.00898455 170.453
1490	1	1461.19	16902	16891.1	10.8698	496	76	190	3	0.0001 Colloc0 496 2297 0.138293 136.041
1500	1	1471.2	16870.4	16859.8	10.5237	488	78	188	1	0.0001 Colloc0 488 2302 0.168044 116.657
1510	1	1481.1	16795.2	16784.4	10.8424	490	85	181	3	0.0001 Colloc0 490 2303 0.150482 134.458
1520	1	1490.98	16817.2	16806.6	10.6013	509	77	189	5	0.0001 Colloc0 509 2299 0.21393 120.889
1530	1	1500.89	16802.4	16790.9	11.4399	480	86	180	5	0.0001 Colloc0 480 2286 0.0767482 170.627
1540	1	1510.79	16898.9	16887.9	10.9819	487	75	191	2	0.0001 Colloc0 487 2308 0.139974 142.594
1550	1	1520.47	16806.6	16795.8	10.8061	490	81	185	4	0.0001 Colloc0 490 2266 0.140919 132.375
1560	1	1529.7	16862.2	16851.5	10.7496	487	80	186	2	0.0001 Colloc0 487 2321 0.151251 129.164
1570	1	1539.23	16852.7	16842.1	10.5489	497	77	189	3	0.0001 Colloc0 497 2298 0.207701 118.021
1580	1	1549.22	16794.7	16784.4	10.2384	478	88	178	1	0.0001 Colloc0 478 2296 0.217065 101.702
1590	1	1559.11	16911.6	16900.6	11.0451	498	72	194	1	0.0001 Colloc0 498 2325 0.138874 146.344
1600	1	1568.63	16851.2	16840.1	11.0505	495	71	195	3	0.0001 Colloc0 495 2285 0.0943903 146.667
1610	1	1578.35	16765.2	16753.8	11.4084	506	84	182	4	0.0001 Colloc0 506 2257 0.103329 168.636
1620	1	1587.76	16856.5	16845.1	11.3946	508	75	191	1	0.0001 Colloc0 508 2297 0.0816732 167.77
1630	1	1597.52	16809.4	16798	11.4005	480	89	177	3	0.0001 Colloc0 480 2306 0.0460155 168.143
1640	1	1607.33	16682.5	16671.2	11.2233	471	82	184	1	0.0001 Colloc0 471 2280 0.0568034 157.127
1650	1	1617.09	16861.9	16850.5	11.4054	494	77	189	3	0.0001 Colloc0 494 2296 0.0388437 168.452
1660	1	1626.74	16822	16810.6	11.404	485	76	190	1	0.0001 Colloc0 485 2284 0.0435217 168.359
1670	1	1636.58	16774.9	16763.9	11.0328	495	86	180	1	0.0001 Colloc0 495 2252 0.119568 145.613
1680	1	1646.53	16668.8	16657.4	11.4377	485	95	171	2	0.0001 Colloc0 485 2234 0.0596387 170.49
1690	1	1656.05	16801.1	16790.1	10.9385	491	81	185	2	0.0001 Colloc0 491 2267 0.134392 140.041
1700	1	1665.24	16811.2	16800.2	10.9988	494	76	190	3	0.0001 Colloc0 494 2256 0.119624 143.595
1710	1	1674.46	16801.7	16790.4	11.3023	491	73	193	0	0.0001 Colloc0 491 2280 0.110958 162.004
1720	1	1684.23	16774.7	16763.3	11.3332	486	89	177	0	0.0001 Colloc0 486 2278 0.0825884 163.923
1730	1	1694.08	16700.2	16689.4	10.8314	488	79	187	1	0.0001 Colloc0 488 2271 0.132149 133.828
1740	1	1703.91	16817.2	16806.2	11.0728	480	81	185	5	0.0001 Colloc0 480 2287 0.0780045 148.001
1750	1	1713.64	16784.7	16774.1	10.5443	496	81	185	2	0.0001 Colloc0 496 2274 0.145561 117.769
1760	1	1723.57	16823.3	16812.5	10.8602	507	75	191	2	0.0001 Colloc0 507 2281 0.191635 135.488
1770	1	1733.6	16830.8	16819.4	11.3298	487	77	189	3	0.0001 Colloc0 487 2275 0.0526793 163.716
1780	1	1743.63	16922.2	16911	11.1788	509	84	182	2	0.0001 Colloc0 509 2291 0.124345 154.409
1790	1	1753.65	16763.3	16752.2	11.0697	483	92	174	4	0.0001 Colloc0 483 2264 0.0964174 147.814
1800	1	1763.46	16876.4	16865	11.3553	511	73	193	3	0.0001 Colloc0 511 2285 0.0475688 165.307
1810	1	1773.26	16724.3	16713.3	11.0689	493	82	184	2	0.0001 Colloc0 493 2254 0.154198 147.767
1820	1	1783.13	16773.9	16762.8	11.1829	504	78	188	3	0.0001 Colloc0 504 2262 0.173572 154.655
1830	1	1793.04	16667.3	16656.1	11.2707	496	91	175	6	0.0001 Colloc0 496 2222 0.127156 160.045
1840	1	1802.98	16797.1	16786.4	10.6642	497	84	182	1	0.0001 Colloc0 497 2257 0.16547 124.367
1850	1	1812.73	16791.9	16781.5	10.4045	498	85	181	1	0.0001 Colloc0 498 2248 0.191532 110.288
1860	1	1822.59	16774.3	16762.5	11.8377	500	79	187	4	0.0001 Colloc0 500 2258 0.0527574 196.455
1870	1	1831.79	16748.8	16737.4	11.3897	501	90	176	1	0.0001 Colloc0 501 2253 0.0802509 167.464
1880	1	1841.67	16725	16713.5	11.4888	491	78	188	1	0.0001 Colloc0 491 2265 0.0252203 173.734
1890	1	1851.61	16774	16764.2	9.82972	501	89	177	0	0.0001 Colloc0 501 2266 0.303766 82.0695
1900	1	1861.59	16673.6	16662.7	10.9708	480	92	174	2	0.0001 Colloc0 480 2261 0.133641 141.942
1910	1	1871.51	16647.5	16636.3	11.1621	479	105	161	2	0.0001 Colloc0 479 2266 0.0592868 153.391
1920	1	1881.45	16765	16754.1	10.873	493	87	179	2	0.0001 Colloc0 493 2276 0.12343 136.229
1930	1	1891.1	16810.8	16799.6	11.2272	498	87	179	0	0.0001 Colloc0 498 2302 0.0851451 157.369
1940	1	1901.1	16760.7	16749.8	10.883	502	78	188	3	0.0001 Colloc0 502 2268 0.146201 136.807
1950	1	1911.11	16808	16796.7	11.301	500	79	187	2	0.0001 Colloc0 500 2265 0.0821587 161.925
1960	1	1921.08	16761.3	16750.5	10.7906	493	70	196	2	0.0001 Colloc0 493 2262 0.212009 131.489
1970	1	1931.29	16835.1	16823.9	11.2373	499	80	186	3	0.0001 Colloc0 499 2290 0.167686 157.985
1980	1	1941.11	16737.5	16726	11.5135	499	75	191	4	0.0001 Colloc0 499 2234 0.116349 175.309
1990	1	1951.03	16746.8	16735.6	11.2339	484	83	183	1	0.0001 Colloc0 484 2269 0.0852511 157.776
2000	1	1960.85	16729.2	16718	11.152	479	77	189	0	0.0001 Colloc0 479 2276 0.0692926 152.776
