# D = 0, E = 1, I = 1, P = 1, R = -1, n = 2000, N = 1, P = 1, w = 1, a = 0.0001, b = 10000, e = 1, f = 1, g = 100, h = 0.01, r = 147, s = 1, S = 0, x = 10, m = 100, Z = 1, z = 0, T = 1, t = 1
# 5710 tokens in 266 sentences
#
# It	Temp	Time	-logP	-logPcorpus	-logPrior	tables	same	changed	reject	default_pya	(parent pym pyn pya pyb)*
0	1	0.761884	23786.1	23672.3	113.764	2192	0	266	0	0.0001 Colloc0 2192 3049 0.0001 10000
10	1	11.3453	18570.1	18558.2	11.8437	624	33	233	2	0.0001 Colloc0 624 2525 0.148401 196.852
20	1	21.1988	18223.3	18211.7	11.6016	523	34	232	0	0.0001 Colloc0 523 2565 0.0214574 180.971
30	1	30.9903	17872.2	17861	11.1714	501	44	222	2	0.0001 Colloc0 501 2548 0.0622028 153.958
40	1	40.8368	17800.5	17789.1	11.403	504	52	214	4	0.0001 Colloc0 504 2539 0.0197417 168.301
50	1	50.4793	17666.6	17655.9	10.7583	489	50	216	2	0.0001 Colloc0 489 2506 0.140505 129.657
60	1	60.3048	17638.7	17627	11.7129	475	50	216	4	0.0001 Colloc0 475 2499 0.014715 188.213
70	1	70.2343	17578	17567	10.9693	502	59	207	5	0.0001 Colloc0 502 2459 0.129052 141.851
80	1	79.7009	17490.1	17479.1	11.0262	482	69	197	5	0.0001 Colloc0 482 2505 0.0483981 145.222
90	1	89.4324	17506.9	17495.9	10.9239	518	63	203	2	0.0001 Colloc0 518 2511 0.155432 139.19
100	1	98.813	17443.4	17432.1	11.3619	501	67	199	2	0.0001 Colloc0 501 2492 0.011986 165.716
110	1	108.548	17434.7	17423.6	11.0872	496	63	203	1	0.0001 Colloc0 496 2461 0.0576659 148.867
120	1	118.39	17447.8	17436.2	11.6131	494	55	211	1	0.0001 Colloc0 494 2471 0.0135668 181.718
130	1	128.246	17478.9	17467.4	11.4526	518	52	214	4	0.0001 Colloc0 518 2437 0.109718 171.43
140	1	138.093	17369.4	17358.1	11.2438	497	73	193	3	0.0001 Colloc0 497 2440 0.0791033 158.387
150	1	147.896	17351.3	17340.5	10.7954	479	61	205	2	0.0001 Colloc0 479 2459 0.156043 131.766
160	1	157.521	17438.6	17427	11.5804	505	67	199	2	0.0001 Colloc0 505 2466 0.0123541 179.602
170	1	167.356	17312.1	17301.3	10.8214	507	70	196	3	0.0001 Colloc0 507 2450 0.162329 133.251
180	1	176.984	17353.7	17342.3	11.404	513	69	197	2	0.0001 Colloc0 513 2426 0.112337 168.364
190	1	186.82	17186	17175.4	10.5815	479	64	202	1	0.0001 Colloc0 479 2415 0.123431 119.8
200	1	196.569	17285.6	17274.7	10.9062	489	66	200	6	0.0001 Colloc0 489 2427 0.133976 138.155
210	1	206.236	17236.8	17225.8	10.9556	507	65	201	4	0.0001 Colloc0 507 2417 0.136561 141.044
220	1	216.124	17268.7	17257.6	11.1315	492	71	195	3	0.0001 Colloc0 492 2414 0.0747365 151.538
230	1	225.62	17313.1	17301.9	11.1891	489	68	198	1	0.0001 Colloc0 489 2448 0.109888 155.038
240	1	235.352	17165.5	17154.4	11.0737	486	57	209	2	0.0001 Colloc0 486 2386 0.0541676 148.053
250	1	245.301	17164.3	17152.7	11.5339	501	78	188	2	0.0001 Colloc0 501 2396 0.0576182 176.615
260	1	255.01	17200.2	17189.9	10.2809	491	65	201	1	0.0001 Colloc0 491 2405 0.205852 103.867
270	1	264.919	17158.6	17148	10.6388	477	76	190	2	0.0001 Colloc0 477 2410 0.131207 122.956
280	1	274.299	17304.5	17293.1	11.3725	503	63	203	4	0.0001 Colloc0 503 2456 0.112852 166.383
290	1	283.986	17116.3	17105.4	10.9176	478	76	190	0	0.0001 Colloc0 478 2420 0.0838324 138.82
300	1	293.441	17153.5	17142.2	11.343	482	72	194	2	0.0001 Colloc0 482 2399 0.0588393 164.538
310	1	302.777	17150.9	17139.4	11.4978	490	76	190	2	0.0001 Colloc0 490 2386 0.00640289 174.308
320	1	312.027	17200.7	17190.3	10.4729	489	67	199	1	0.0001 Colloc0 489 2409 0.154055 113.92
330	1	321.426	17090.7	17079.7	11.0434	516	68	198	2	0.0001 Colloc0 516 2364 0.146912 146.246
340	1	331.364	17094.1	17083.2	10.9813	509	68	198	1	0.0001 Colloc0 509 2371 0.168347 142.563
350	1	341.381	16964.1	16953.4	10.7533	493	89	177	3	0.0001 Colloc0 493 2346 0.205011 129.371
360	1	351.412	17049.7	17038.9	10.8448	502	82	184	3	0.0001 Colloc0 502 2361 0.205674 134.599
370	1	361.475	16980.8	16970.2	10.6696	498	92	174	3	0.0001 Colloc0 498 2348 0.158066 124.669
380	1	371.414	17118	17106.7	11.3891	498	64	202	1	0.0001 Colloc0 498 2354 0.0332676 167.425
390	1	381.142	17138.5	17127.2	11.3165	501	78	188	1	0.0001 Colloc0 501 2379 0.0473295 162.886
400	1	390.925	17051.3	17039.8	11.4564	477	64	202	1	0.0001 Colloc0 477 2409 0.0151504 171.671
410	1	400.701	17117.3	17105.8	11.4864	497	64	202	2	0.0001 Colloc0 497 2346 0.0561179 173.581
420	1	410.503	16967.3	16957	10.3399	499	80	186	3	0.0001 Colloc0 499 2353 0.236672 106.911
430	1	420.335	16918.9	16907.9	11.0653	486	80	186	1	0.0001 Colloc0 486 2360 0.0987232 147.55
440	1	430.127	16817.3	16806.5	10.8062	471	97	169	1	0.0001 Colloc0 471 2357 0.134013 132.38
450	1	440.036	16751.9	16741	10.8964	478	103	163	2	0.0001 Colloc0 478 2325 0.105684 137.585
460	1	449.633	16968	16956.2	11.7792	506	73	193	0	0.0001 Colloc0 506 2349 0.0511701 192.575
470	1	458.861	17007.2	16996.5	10.7243	490	73	193	4	0.0001 Colloc0 490 2347 0.129915 127.733
480	1	468.29	17018.9	17008.1	10.8186	490	76	190	3	0.0001 Colloc0 490 2338 0.125679 133.095
490	1	477.957	16860.1	16849	11.1158	480	82	184	2	0.0001 Colloc0 480 2334 0.0697429 150.589
500	1	487.777	16888.6	16877.9	10.7181	498	81	185	5	0.0001 Colloc0 498 2314 0.159285 127.382
510	1	497.42	16825	16814.2	10.8461	477	84	182	4	0.0001 Colloc0 477 2331 0.17685 134.676
520	1	506.759	16793	16781.7	11.3481	482	91	175	2	0.0001 Colloc0 482 2333 0.0794646 164.853
530	1	516.698	16769.9	16759.2	10.6655	469	93	173	4	0.0001 Colloc0 469 2315 0.109168 124.441
540	1	526.045	16723.2	16712.4	10.8455	480	100	166	2	0.0001 Colloc0 480 2306 0.121093 134.641
550	1	536.07	16824.9	16814	10.9475	486	82	184	0	0.0001 Colloc0 486 2319 0.161628 140.573
560	1	545.682	16899.7	16889.4	10.344	504	87	179	5	0.0001 Colloc0 504 2309 0.270808 107.124
570	1	555.278	16914.1	16902.9	11.1765	498	78	188	1	0.0001 Colloc0 498 2333 0.0734399 154.265
580	1	565.071	16851	16840.4	10.683	501	86	180	1	0.0001 Colloc0 501 2304 0.172637 125.416
590	1	574.813	16935.3	16925	10.3578	506	84	182	0	0.0001 Colloc0 506 2314 0.217601 107.842
600	1	584.721	16921.1	16910	11.0847	515	75	191	6	0.0001 Colloc0 515 2309 0.121682 148.715
610	1	594.63	16907.3	16896.3	11.0274	503	78	188	0	0.0001 Colloc0 503 2309 0.18139 145.294
620	1	604.311	16919.1	16908.5	10.5517	484	90	176	3	0.0001 Colloc0 484 2316 0.152841 118.176
630	1	614.071	16933.8	16923.2	10.6074	490	75	191	3	0.0001 Colloc0 490 2323 0.169541 121.221
640	1	624	16887	16875.8	11.2213	481	99	167	3	0.0001 Colloc0 481 2347 0.0594195 157.004
650	1	633.504	16825.7	16814.6	11.135	490	89	177	5	0.0001 Colloc0 490 2304 0.0872642 151.748
660	1	642.858	16855.9	16844.8	11.1324	497	89	177	0	0.0001 Colloc0 497 2294 0.0921841 151.588
670	1	652.828	17016.6	17005.4	11.2637	509	79	187	3	0.0001 Colloc0 509 2344 0.108562 159.616
680	1	662.676	16977.3	16966.1	11.2414	484	79	187	1	0.0001 Colloc0 484 2323 0.034162 158.241
690	1	672.668	16922.4	16911.8	10.6891	485	83	183	0	0.0001 Colloc0 485 2329 0.140161 125.754
700	1	682.323	16886.2	16875.6	10.5915	489	81	185	4	0.0001 Colloc0 489 2300 0.164137 120.348
710	1	691.989	16958.2	16947.7	10.4807	501	74	192	2	0.0001 Colloc0 501 2340 0.188659 114.341
720	1	701.934	17009.5	16998.5	10.9992	501	79	187	1	0.0001 Colloc0 501 2326 0.105309 143.619
730	1	711.516	16814.5	16803.5	11.0081	501	83	183	1	0.0001 Colloc0 501 2297 0.140253 144.144
740	1	721.207	16830.5	16818.9	11.6571	488	79	187	2	0.0001 Colloc0 488 2307 0.0463788 184.569
750	1	731.137	16820.1	16809.8	10.337	475	84	182	3	0.0001 Colloc0 475 2314 0.199247 106.76
760	1	740.722	16901.4	16890.2	11.1994	504	83	183	3	0.0001 Colloc0 504 2306 0.104751 155.662
770	1	750.664	16961	16950.1	10.9228	523	73	193	3	0.0001 Colloc0 523 2307 0.168622 139.126
780	1	760.45	16965.9	16954.3	11.6542	484	77	189	3	0.0001 Colloc0 484 2342 0.0124648 184.381
790	1	770.353	16821.1	16810.4	10.6949	505	74	192	3	0.0001 Colloc0 505 2302 0.186367 126.084
800	1	780.31	16921.9	16911.9	10.0669	511	73	193	2	0.0001 Colloc0 511 2287 0.242361 93.2008
810	1	790.054	16822.3	16811.6	10.6542	490	79	187	2	0.0001 Colloc0 490 2313 0.125553 123.809
820	1	799.559	16833.3	16822.3	10.9753	471	89	177	2	0.0001 Colloc0 471 2327 0.13379 142.206
830	1	808.997	16882.7	16872.1	10.5988	490	78	188	0	0.0001 Colloc0 490 2356 0.154634 120.75
840	1	818.929	16864.1	16853.7	10.4513	507	77	189	2	0.0001 Colloc0 507 2324 0.214711 112.768
850	1	828.779	16823.9	16813.6	10.3042	490	80	186	2	0.0001 Colloc0 490 2299 0.233864 105.062
860	1	838.549	16825.9	16814.8	11.149	492	80	186	3	0.0001 Colloc0 492 2308 0.0869155 152.598
870	1	848.293	16944.2	16933.3	10.8147	512	78	188	0	0.0001 Colloc0 512 2309 0.155094 132.868
880	1	858.157	16769.8	16759	10.8463	490	94	172	4	0.0001 Colloc0 490 2303 0.169787 134.683
890	1	867.914	16844.6	16834.4	10.1817	489	81	185	2	0.0001 Colloc0 489 2294 0.206794 98.8522
900	1	877.667	17013.5	17002.6	10.9565	510	68	198	1	0.0001 Colloc0 510 2312 0.127883 141.098
910	1	887.153	16901.1	16890.2	10.9112	507	79	187	4	0.0001 Colloc0 507 2289 0.14231 138.448
920	1	896.649	16801.7	16790.9	10.7237	499	79	187	1	0.0001 Colloc0 499 2300 0.176223 127.698
930	1	906.397	16889.7	16878.5	11.1407	489	73	193	2	0.0001 Colloc0 489 2323 0.130811 152.09
940	1	916.417	16788.3	16777.3	11.0435	485	77	189	1	0.0001 Colloc0 485 2305 0.104279 146.253
950	1	926.292	16797.8	16787.3	10.5582	496	94	172	2	0.0001 Colloc0 496 2312 0.199322 118.527
960	1	936.303	16754.9	16744.5	10.4303	493	84	182	5	0.0001 Colloc0 493 2281 0.196448 111.653
970	1	946.301	16835.8	16825.1	10.7037	513	77	189	0	0.0001 Colloc0 513 2282 0.222601 126.573
980	1	956.286	16889.2	16877.8	11.3826	527	81	185	5	0.0001 Colloc0 527 2281 0.17588 167.014
990	1	966.039	16828.3	16817.8	10.5388	509	73	193	2	0.0001 Colloc0 509 2273 0.184331 117.473
1000	1	975.696	16851.3	16839.8	11.4418	507	82	184	3	0.0001 Colloc0 507 2304 0.0363294 170.749
1010	1	985.408	16851.3	16840.7	10.5788	511	76	190	1	0.0001 Colloc0 511 2319 0.229512 119.652
1020	1	995.304	16837.4	16826.8	10.6543	497	70	196	2	0.0001 Colloc0 497 2275 0.192783 123.815
1030	1	1004.8	16807.9	16796.4	11.4773	496	85	181	1	0.0001 Colloc0 496 2280 0.0438048 173.003
1040	1	1014.8	16824.7	16813.2	11.5113	506	75	191	2	0.0001 Colloc0 506 2265 0.0214896 175.169
1050	1	1024.75	16655	16643.6	11.3366	463	91	175	1	0.0001 Colloc0 463 2268 0.0462274 164.137
1060	1	1034.66	16685	16674.5	10.5662	493	92	174	4	0.0001 Colloc0 493 2289 0.168451 118.964
1070	1	1044.52	16894.8	16883.7	11.0738	528	85	181	1	0.0001 Colloc0 528 2309 0.17751 148.064
1080	1	1054.34	16830.9	16820.2	10.673	524	80	186	1	0.0001 Colloc0 524 2292 0.277149 124.857
1090	1	1064.04	16768.8	16757.9	10.9266	503	85	181	1	0.0001 Colloc0 503 2285 0.166021 139.346
1100	1	1073.83	16783.8	16773.3	10.5195	506	82	184	4	0.0001 Colloc0 506 2299 0.237781 116.43
1110	1	1083.56	16743.9	16733.1	10.7217	495	92	174	0	0.0001 Colloc0 495 2282 0.125192 127.584
1120	1	1093.46	16883.5	16873.1	10.4792	502	79	187	3	0.0001 Colloc0 502 2302 0.239841 114.26
1130	1	1103.26	16836.8	16826.1	10.712	526	76	190	3	0.0001 Colloc0 526 2264 0.23612 127.039
1140	1	1112.59	16799.9	16788.8	11.0677	505	79	187	1	0.0001 Colloc0 505 2309 0.129289 147.698
1150	1	1122.1	16824.6	16814.1	10.4118	509	79	187	1	0.0001 Colloc0 509 2274 0.174819 110.675
1160	1	1132.05	16712.7	16702	10.7438	480	91	175	4	0.0001 Colloc0 480 2304 0.0845915 128.836
1170	1	1141.47	16837.3	16826.6	10.6829	492	86	180	1	0.0001 Colloc0 492 2299 0.158393 125.412
1180	1	1150.96	16795.1	16784.6	10.5529	481	71	195	3	0.0001 Colloc0 481 2302 0.15779 118.24
1190	1	1160.86	16800.4	16788.9	11.5091	498	79	187	4	0.0001 Colloc0 498 2295 0.0553543 175.027
1200	1	1170.69	16744	16733	10.9841	455	92	174	1	0.0001 Colloc0 455 2328 0.0791641 142.726
1210	1	1180.26	16864.1	16852.9	11.2111	493	75	191	4	0.0001 Colloc0 493 2317 0.113502 156.377
1220	1	1190.18	16982.2	16970.6	11.5902	503	73	193	4	0.0001 Colloc0 503 2305 0.0657996 180.234
1230	1	1200.12	16867.9	16857	10.972	493	68	198	1	0.0001 Colloc0 493 2281 0.135162 142.014
1240	1	1210.05	16901	16889.7	11.2987	509	79	187	3	0.0001 Colloc0 509 2275 0.112416 161.782
1250	1	1219.95	16890.4	16879.8	10.573	512	53	213	2	0.0001 Colloc0 512 2265 0.224396 119.332
1260	1	1229.78	16966.8	16955.7	11.0445	491	60	206	1	0.0001 Colloc0 491 2304 0.056947 146.313
1270	1	1239.2	16849.5	16838.2	11.2802	477	75	191	2	0.0001 Colloc0 477 2299 0.0427846 160.633
1280	1	1249.08	16866.2	16855.1	11.0425	494	76	190	4	0.0001 Colloc0 494 2280 0.114796 146.192
1290	1	1258.9	16865.8	16855.1	10.6799	511	69	197	2	0.0001 Colloc0 511 2281 0.217258 125.244
1300	1	1268.72	16725.7	16714.6	11.0956	487	94	172	3	0.0001 Colloc0 487 2318 0.123616 149.373
1310	1	1278.21	16761.5	16750.4	11.1583	507	84	182	1	0.0001 Colloc0 507 2282 0.170849 153.157
1320	1	1287.65	16741.7	16730.1	11.5872	497	90	176	0	0.0001 Colloc0 497 2286 0.0649675 180.039
1330	1	1297.4	16775.4	16764.7	10.7295	499	77	189	1	0.0001 Colloc0 499 2266 0.165364 128.026
1340	1	1307.43	16865.5	16854.6	10.8784	494	81	185	3	0.0001 Colloc0 494 2308 0.151951 136.541
1350	1	1317.15	16727.7	16716.8	10.8843	472	91	175	2	0.0001 Colloc0 472 2305 0.132042 136.882
1360	1	1326.86	16839.6	16828.9	10.6947	512	69	197	5	0.0001 Colloc0 512 2284 0.203708 126.07
1370	1	1336.36	16839.5	16828.2	11.3035	491	82	184	2	0.0001 Colloc0 491 2298 0.0812612 162.079
1380	1	1346.14	16845.6	16834.5	11.0644	495	89	177	1	0.0001 Colloc0 495 2302 0.0903177 147.496
1390	1	1355.97	16723.9	16713	10.8532	471	88	178	0	0.0001 Colloc0 471 2320 0.146952 135.085
1400	1	1365.57	16779.3	16767.9	11.3998	472	84	182	1	0.0001 Colloc0 472 2327 0.0201379 168.096
1410	1	1374.76	16681	16670.9	10.1318	469	102	164	2	0.0001 Colloc0 469 2299 0.232347 96.3706
1420	1	1384.73	16833.4	16822.5	10.8905	511	81	185	2	0.0001 Colloc0 511 2351 0.142818 137.243
1430	1	1394.48	16760.3	16749.5	10.8264	489	81	185	3	0.0001 Colloc0 489 2303 0.140761 133.541
1440	1	1404.32	16826.3	16816	10.3422	507	86	180	3	0.0001 Colloc0 507 2268 0.225006 107.027
1450	1	1413.97	16781	16770.3	10.7256	476	79	187	3	0.0001 Colloc0 476 2311 0.186118 127.807
1460	1	1423.52	16846.3	16835.5	10.8427	499	82	184	2	0.0001 Colloc0 499 2310 0.160783 134.479
1470	1	1433.45	16745.2	16734.8	10.4258	506	79	187	5	0.0001 Colloc0 506 2282 0.265178 111.414
1480	1	1443.47	16734.4	16723.7	10.6943	486	89	177	4	0.0001 Colloc0 486 2296 0.153926 126.047
1490	1	1453.31	16731.9	16721.5	10.4346	493	85	181	3	0.0001 Colloc0 493 2277 0.212121 111.88
1500	1	1463.34	16635.3	16624.4	10.8976	478	87	179	4	0.0001 Colloc0 478 2271 0.124869 137.656
1510	1	1472.9	16948.7	16937.6	11.1035	499	75	191	3	0.0001 Colloc0 499 2290 0.103045 149.845
1520	1	1482.64	16804.9	16794	10.8831	494	81	185	5	0.0001 Colloc0 494 2301 0.165513 136.812
1530	1	1492.16	16743.9	16732.6	11.3403	471	88	178	3	0.0001 Colloc0 471 2273 0.0728885 164.369
1540	1	1501.52	16687.6	16676.8	10.7623	477	83	183	3	0.0001 Colloc0 477 2277 0.184741 129.88
1550	1	1511.44	16782.6	16771.5	11.14	499	68	198	1	0.0001 Colloc0 499 2264 0.0834254 152.053
1560	1	1520.96	16782.8	16771.5	11.2979	472	81	185	2	0.0001 Colloc0 472 2273 0.0824161 161.733
1570	1	1530.4	16860.8	16850.4	10.4006	525	68	198	2	0.0001 Colloc0 525 2259 0.293628 110.083
1580	1	1540.17	16734.8	16724.2	10.5403	477	76	190	4	0.0001 Colloc0 477 2299 0.162386 117.551
1590	1	1550.1	16684.1	16673.1	11.0807	497	94	172	3	0.0001 Colloc0 497 2284 0.0818964 148.478
1600	1	1560	16637	16626.3	10.7093	482	100	166	3	0.0001 Colloc0 482 2277 0.17785 126.887
1610	1	1569.76	16792.9	16783.1	9.81521	512	90	176	1	0.0001 Colloc0 512 2305 0.314662 81.4134
1620	1	1579.08	16742.6	16731	11.6298	489	85	181	2	0.0001 Colloc0 489 2281 0.0532182 182.798
1630	1	1589.08	16667.5	16656.8	10.7579	487	99	167	3	0.0001 Colloc0 487 2272 0.124237 129.634
1640	1	1598.84	16659.6	16648.4	11.1961	495	87	179	3	0.0001 Colloc0 495 2220 0.106757 155.463
1650	1	1608.87	16605.2	16594.4	10.7748	494	89	177	2	0.0001 Colloc0 494 2254 0.220843 130.59
1660	1	1618.49	16750.3	16739.4	10.8876	505	81	185	2	0.0001 Colloc0 505 2255 0.14185 137.077
1670	1	1628.08	16657.3	16646.8	10.5432	505	86	180	0	0.0001 Colloc0 505 2227 0.23403 117.714
1680	1	1637.8	16704.5	16693.7	10.8617	500	88	178	1	0.0001 Colloc0 500 2218 0.176897 135.573
1690	1	1647.68	16633.7	16622.8	10.8844	497	97	169	1	0.0001 Colloc0 497 2272 0.133571 136.891
1700	1	1657.25	16733.1	16721.9	11.1153	500	86	180	2	0.0001 Colloc0 500 2270 0.115631 150.557
1710	1	1666.83	16728.6	16717.7	10.9762	506	85	181	4	0.0001 Colloc0 506 2263 0.190051 142.26
1720	1	1676.24	16751.7	16741	10.6712	482	87	179	2	0.0001 Colloc0 482 2287 0.115789 124.758
1730	1	1685.91	16735.5	16724.3	11.1853	499	82	184	3	0.0001 Colloc0 499 2270 0.112398 154.806
1740	1	1695.8	16664.6	16653.2	11.4478	484	96	170	2	0.0001 Colloc0 484 2260 0.0508522 171.125
1750	1	1705.54	16775.4	16763.9	11.4913	489	76	190	3	0.0001 Colloc0 489 2289 0.0584662 173.894
1760	1	1715.39	16759.6	16748.2	11.3319	495	82	184	2	0.0001 Colloc0 495 2241 0.0687477 163.843
1770	1	1725.26	16692.7	16681.8	10.8389	488	82	184	1	0.0001 Colloc0 488 2230 0.145789 134.258
1780	1	1735.08	16616.1	16605.2	10.9298	479	98	168	1	0.0001 Colloc0 479 2264 0.0990555 139.532
1790	1	1744.92	16760.5	16749.4	11.091	484	81	185	3	0.0001 Colloc0 484 2259 0.0906343 149.093
1800	1	1754.82	16662.7	16651.8	10.8475	488	89	177	0	0.0001 Colloc0 488 2266 0.15365 134.753
1810	1	1764.91	16645.2	16634.6	10.6349	480	97	169	1	0.0001 Colloc0 480 2272 0.172582 122.74
1820	1	1774.77	16586.3	16575.5	10.8045	471	83	183	2	0.0001 Colloc0 471 2260 0.131202 132.285
1830	1	1784.51	16705.9	16694.4	11.4207	484	90	176	3	0.0001 Colloc0 484 2275 0.0721778 169.415
1840	1	1794.41	16762.3	16751.5	10.7746	478	86	180	3	0.0001 Colloc0 478 2247 0.14198 130.578
1850	1	1804.26	16733.2	16722.3	10.9392	494	81	185	3	0.0001 Colloc0 494 2281 0.13959 140.084
1860	1	1813.94	16832.2	16821.3	10.9294	500	75	191	5	0.0001 Colloc0 500 2295 0.120564 139.511
1870	1	1823.63	16686.8	16675.5	11.3599	519	87	179	1	0.0001 Colloc0 519 2252 0.097611 165.595
1880	1	1833.58	16665.5	16655.1	10.3833	484	88	178	2	0.0001 Colloc0 484 2279 0.219292 109.177
1890	1	1843.5	16859	16848.1	10.9111	496	77	189	1	0.0001 Colloc0 496 2297 0.100708 138.443
1900	1	1853.22	16644	16633.3	10.7336	489	87	179	2	0.0001 Colloc0 489 2239 0.153969 128.26
1910	1	1863.07	16669	16658.3	10.7089	490	103	163	2	0.0001 Colloc0 490 2238 0.196695 126.869
1920	1	1872.6	16719.4	16708.7	10.7557	486	93	173	3	0.0001 Colloc0 486 2250 0.147775 129.507
1930	1	1882.01	16733.7	16722.4	11.2818	510	98	168	3	0.0001 Colloc0 510 2279 0.128375 160.735
1940	1	1891.98	16554.9	16544	10.9639	485	92	174	1	0.0001 Colloc0 485 2259 0.204112 141.537
1950	1	1901.58	16671	16659	11.9327	496	89	177	0	0.0001 Colloc0 496 2264 0.0311355 202.801
1960	1	1911.56	16696.8	16686.4	10.393	489	86	180	0	0.0001 Colloc0 489 2267 0.176931 109.685
1970	1	1921.43	16661	16650	11.054	495	83	183	1	0.0001 Colloc0 495 2259 0.159221 146.878
1980	1	1931.49	16763	16751.7	11.3464	503	86	180	0	0.0001 Colloc0 503 2242 0.142277 164.75
1990	1	1940.99	16685.6	16674.8	10.7631	505	84	182	2	0.0001 Colloc0 505 2271 0.213943 129.929
2000	1	1950.61	16603.2	16592.4	10.7811	476	107	159	2	0.0001 Colloc0 476 2264 0.137828 130.951
