# D = 0, E = 1, I = 1, P = 1, R = -1, n = 2000, N = 1, P = 1, w = 1, a = 0.0001, b = 10000, e = 1, f = 1, g = 100, h = 0.01, r = 26276, s = 1, S = 0, x = 10, m = 100, Z = 1, z = 0, T = 1, t = 1
# 8312 tokens in 824 sentences
#
# It	Temp	Time	-logP	-logPcorpus	-logPrior	tables	same	changed	reject	default_pya	(parent pym pyn pya pyb)*
0	1	0.604908	32714.8	32601.1	113.764	2633	0	824	0	0.0001 Colloc0 2633 4296 0.0001 10000
10	1	9.68953	24311.8	24300.4	11.3763	560	341	483	0	0.0001 Colloc0 560 3386 0.0687765 166.62
20	1	17.3624	23724.7	23713.5	11.2465	502	446	378	2	0.0001 Colloc0 502 3366 0.0493908 158.551
30	1	24.9882	23677.5	23666.6	10.9432	507	430	394	1	0.0001 Colloc0 507 3323 0.0568463 140.318
40	1	32.702	23499.1	23488.5	10.6506	488	474	350	0	0.0001 Colloc0 488 3355 0.0979142 123.608
50	1	40.0399	23196.2	23184.9	11.3142	483	520	304	3	0.0001 Colloc0 483 3328 0.00161886 162.741
60	1	47.6078	23201	23189.9	11.0369	473	507	317	5	0.0001 Colloc0 473 3307 0.0188336 145.858
70	1	55.1546	23107.1	23096.5	10.6094	468	520	304	3	0.0001 Colloc0 468 3303 0.0652823 121.331
80	1	62.7785	22967.3	22956.7	10.654	469	532	292	3	0.0001 Colloc0 469 3279 0.0629843 123.797
90	1	70.3793	22841.6	22830.8	10.7556	444	563	261	3	0.0001 Colloc0 444 3295 0.0188906 129.501
100	1	77.6052	22765.4	22754.7	10.66	456	566	258	3	0.0001 Colloc0 456 3271 0.0874825 124.132
110	1	84.8741	22807.8	22797	10.7748	451	554	270	1	0.0001 Colloc0 451 3259 0.0118471 130.591
120	1	92.2	22910.2	22899.4	10.7672	469	503	321	2	0.0001 Colloc0 469 3239 0.00990669 130.159
130	1	99.2779	22825	22814	10.9407	454	531	293	1	0.0001 Colloc0 454 3252 0.00525527 140.174
140	1	106.537	22679.2	22668.4	10.7905	450	542	282	4	0.0001 Colloc0 450 3236 0.0201033 131.485
150	1	113.808	22763.9	22752.9	10.9902	445	522	302	1	0.0001 Colloc0 445 3230 0.00270635 143.085
160	1	121.311	22687.8	22676.9	10.8823	457	538	286	1	0.0001 Colloc0 457 3233 0.0217969 136.766
170	1	128.625	22569.3	22558.5	10.8062	442	570	254	1	0.0001 Colloc0 442 3213 0.00115206 132.381
180	1	136.106	22640.3	22629.4	10.8971	462	533	291	2	0.0001 Colloc0 462 3204 0.0693246 137.629
190	1	143.49	22580.2	22569.2	11.0025	455	534	290	2	0.0001 Colloc0 455 3190 0.0197478 143.812
200	1	150.755	22461.2	22450.1	11.1162	442	560	264	2	0.0001 Colloc0 442 3177 0.00747179 150.609
210	1	158.302	22654.7	22644.1	10.683	476	526	298	2	0.0001 Colloc0 476 3180 0.0711692 125.416
220	1	165.803	22478.9	22468.1	10.7647	447	552	272	4	0.0001 Colloc0 447 3174 0.0350776 130.017
230	1	173.154	22508.4	22497.6	10.7381	453	539	285	1	0.0001 Colloc0 453 3169 0.0269084 128.509
240	1	180.423	22565.2	22554.4	10.7902	457	533	291	2	0.0001 Colloc0 457 3171 0.0459549 131.469
250	1	187.836	22517.6	22507	10.5935	461	563	261	1	0.0001 Colloc0 461 3178 0.0720016 120.461
260	1	195.282	22464	22453.3	10.6353	454	565	259	1	0.0001 Colloc0 454 3186 0.0497466 122.76
270	1	202.853	22440.4	22429.3	11.1176	458	566	258	2	0.0001 Colloc0 458 3160 0.00160712 150.694
280	1	210.404	22422.2	22411.4	10.715	465	564	260	0	0.0001 Colloc0 465 3163 0.0855126 127.207
290	1	217.813	22385.3	22374.6	10.7571	457	583	241	1	0.0001 Colloc0 457 3124 0.101041 129.587
300	1	225.345	22413.5	22402.3	11.2236	465	559	265	1	0.0001 Colloc0 465 3133 0.0266589 157.145
310	1	232.764	22380.2	22369.3	10.9027	456	585	239	1	0.0001 Colloc0 456 3142 0.0259951 137.955
320	1	240.126	22381.3	22370.2	11.1113	459	563	261	0	0.0001 Colloc0 459 3127 0.0467628 150.313
330	1	247.613	22297.6	22286.8	10.8799	448	577	247	1	0.0001 Colloc0 448 3120 0.0291986 136.631
340	1	254.921	22255	22244.4	10.6957	445	633	191	0	0.0001 Colloc0 445 3136 0.0448353 126.124
350	1	262.459	22357.8	22347	10.7971	456	566	258	4	0.0001 Colloc0 456 3143 0.00510154 131.864
360	1	269.59	22396.4	22385.8	10.6682	449	577	247	0	0.0001 Colloc0 449 3146 0.033997 124.587
370	1	276.939	22333.7	22323.1	10.5734	464	571	253	3	0.0001 Colloc0 464 3120 0.0744227 119.355
380	1	284.017	22429.9	22419.9	10.0077	467	567	257	2	0.0001 Colloc0 467 3135 0.168752 90.3525
390	1	291.16	22275.1	22264.4	10.643	447	593	231	0	0.0001 Colloc0 447 3137 0.0289113 123.191
400	1	298.218	22262.9	22252	10.9469	440	608	216	1	0.0001 Colloc0 440 3138 0.00644306 140.539
410	1	305.694	22366	22355.1	10.9256	451	581	243	1	0.0001 Colloc0 451 3150 0.0242194 139.29
420	1	313.166	22362.5	22351.7	10.8125	451	587	237	1	0.0001 Colloc0 451 3148 0.0210127 132.746
430	1	320.356	22091.3	22080.6	10.7215	439	629	195	2	0.0001 Colloc0 439 3122 0.0467665 127.577
440	1	327.817	22299.9	22289.1	10.7894	454	559	265	1	0.0001 Colloc0 454 3137 0.0397004 131.423
450	1	335.202	22194.2	22183.3	10.8607	445	578	246	1	0.0001 Colloc0 445 3133 0.0169095 135.515
460	1	342.733	22185.1	22174.7	10.4159	456	614	210	0	0.0001 Colloc0 456 3120 0.121468 110.89
470	1	350.256	22201.7	22190.8	10.8763	457	604	220	1	0.0001 Colloc0 457 3145 0.023967 136.421
480	1	357.656	22281.2	22270.2	10.9227	456	558	266	0	0.0001 Colloc0 456 3123 0.00594018 139.12
490	1	365.178	22185.9	22175.3	10.6037	440	599	225	2	0.0001 Colloc0 440 3117 0.0321922 121.02
500	1	372.637	22218.1	22207.1	10.9798	455	624	200	2	0.0001 Colloc0 455 3145 0.0657104 142.47
510	1	380.076	22220	22209.5	10.4749	469	609	215	1	0.0001 Colloc0 469 3133 0.141456 114.027
520	1	387.269	22344.3	22333.6	10.682	481	571	253	0	0.0001 Colloc0 481 3126 0.0723394 125.359
530	1	394.465	22230.9	22220.1	10.7378	475	588	236	2	0.0001 Colloc0 475 3099 0.0285912 128.492
540	1	402.017	22264.4	22253.4	11.0033	458	578	246	1	0.0001 Colloc0 458 3118 0.0200357 143.863
550	1	409.615	22184.8	22173.8	11.0213	457	598	226	0	0.0001 Colloc0 457 3104 0.0213696 144.931
560	1	416.698	22218	22207.5	10.5117	456	584	240	1	0.0001 Colloc0 456 3092 0.0564954 116.007
570	1	423.98	22146.1	22135.2	10.9147	452	593	231	2	0.0001 Colloc0 452 3088 0.000877373 138.653
580	1	431.525	22255.9	22245	10.8578	462	554	270	2	0.0001 Colloc0 462 3109 0.0429828 135.348
590	1	439.117	22199.3	22188.5	10.7831	453	584	240	2	0.0001 Colloc0 453 3104 0.0236633 131.066
600	1	446.734	22119.9	22109.4	10.4875	460	630	194	2	0.0001 Colloc0 460 3095 0.0902148 114.702
610	1	454.09	22177.2	22166.2	10.9712	464	607	217	1	0.0001 Colloc0 464 3114 0.00700095 141.964
620	1	461.602	22214.7	22203.8	10.8372	460	588	236	2	0.0001 Colloc0 460 3086 0.0525991 134.159
630	1	469.119	22237.2	22226	11.1165	457	579	245	2	0.0001 Colloc0 457 3110 0.0140546 150.628
640	1	476.652	22111.1	22100	11.14	451	598	226	2	0.0001 Colloc0 451 3106 0.010497 152.051
650	1	483.752	22070.3	22059.5	10.8588	449	611	213	2	0.0001 Colloc0 449 3096 0.0133834 135.404
660	1	491.183	22163.6	22152.7	10.9385	457	593	231	1	0.0001 Colloc0 457 3094 0.0420081 140.042
670	1	498.451	22198.1	22187.1	11.0122	455	589	235	1	0.0001 Colloc0 455 3083 0.00194979 144.391
680	1	505.91	22098.9	22088	10.9559	451	598	226	2	0.0001 Colloc0 451 3118 0.0351465 141.067
690	1	513.428	22193.5	22182.4	11.109	475	589	235	1	0.0001 Colloc0 475 3097 0.0258769 150.178
700	1	520.935	22160.9	22150.2	10.7233	461	604	220	3	0.0001 Colloc0 461 3109 0.0295932 127.678
710	1	528.329	22246.9	22235.9	11.0246	462	551	273	3	0.0001 Colloc0 462 3092 0.031669 145.126
720	1	535.491	22240.6	22229.9	10.6303	459	578	246	0	0.0001 Colloc0 459 3108 0.0868768 122.485
730	1	542.883	22237.3	22226.3	10.9747	461	567	257	2	0.0001 Colloc0 461 3093 0.02902 142.173
740	1	550.499	22103.6	22093	10.6465	466	590	234	1	0.0001 Colloc0 466 3073 0.0674572 123.384
750	1	557.828	22219.4	22208.7	10.6896	465	559	265	2	0.0001 Colloc0 465 3094 0.0377607 125.786
760	1	565.106	22153.5	22142.7	10.7525	471	572	252	1	0.0001 Colloc0 471 3076 0.0619584 129.325
770	1	572.421	22064	22053.3	10.6401	460	618	206	2	0.0001 Colloc0 460 3080 0.0624656 123.03
780	1	579.829	22195	22184.1	10.9507	460	576	248	2	0.0001 Colloc0 460 3094 0.0121302 140.758
790	1	587.259	22006.1	21995.1	11.0042	451	591	233	0	0.0001 Colloc0 451 3054 0.00330277 143.912
800	1	594.882	22009.2	21998.5	10.6627	450	605	219	2	0.0001 Colloc0 450 3060 0.0627169 124.281
810	1	602.3	21980.7	21970.2	10.5278	451	615	209	1	0.0001 Colloc0 451 3071 0.0701329 116.875
820	1	609.696	22127.3	22116.8	10.4159	466	570	254	4	0.0001 Colloc0 466 3083 0.110015 110.892
830	1	617.193	22000.8	21990.1	10.7344	452	606	218	3	0.0001 Colloc0 452 3058 0.0598521 128.301
840	1	624.782	22055.4	22044.9	10.5032	457	581	243	3	0.0001 Colloc0 457 3067 0.111506 115.55
850	1	632.083	21988	21977	10.9098	456	605	219	2	0.0001 Colloc0 456 3077 0.0509386 138.368
860	1	639.228	21914.7	21904.2	10.5703	449	625	199	1	0.0001 Colloc0 449 3053 0.0568389 119.186
870	1	646.742	22002.6	21991.5	11.1206	443	571	253	2	0.0001 Colloc0 443 3058 0.00479552 150.878
880	1	654.042	21957.3	21946.4	10.8837	457	616	208	0	0.0001 Colloc0 457 3082 0.0467574 136.851
890	1	661.987	21977	21966.5	10.522	445	597	227	2	0.0001 Colloc0 445 3081 0.0768253 116.563
900	1	669.409	21980.4	21969.4	10.9538	454	596	228	2	0.0001 Colloc0 454 3066 0.0201536 140.941
910	1	676.699	22078.4	22067.6	10.7858	456	595	229	2	0.0001 Colloc0 456 3089 0.0170036 131.216
920	1	684.269	21946.1	21935.9	10.2195	450	611	213	2	0.0001 Colloc0 450 3064 0.0772386 100.747
930	1	691.462	21925	21914.1	10.9009	445	607	217	4	0.0001 Colloc0 445 3073 0.0482864 137.851
940	1	698.775	21999.2	21988.5	10.7047	448	593	231	1	0.0001 Colloc0 448 3062 0.0558778 126.629
950	1	706.035	21894.6	21884	10.6142	440	620	204	2	0.0001 Colloc0 440 3049 0.069947 121.599
960	1	713.604	21925.4	21914.4	11.0009	463	597	227	3	0.0001 Colloc0 463 3053 0.0606804 143.721
970	1	721.08	22021.6	22010.8	10.8179	451	575	249	3	0.0001 Colloc0 451 3069 0.0231651 133.052
980	1	728.551	21990.1	21979	11.0334	455	596	228	2	0.0001 Colloc0 455 3062 0.0200027 145.645
990	1	735.84	22006	21994.8	11.2118	465	582	242	2	0.0001 Colloc0 465 3052 8.59887e-05 156.421
1000	1	743.439	21989.8	21979	10.7354	463	583	241	0	0.0001 Colloc0 463 3033 0.0669402 128.356
1010	1	750.996	21939.1	21928.2	10.886	457	604	220	2	0.0001 Colloc0 457 3039 0.0107843 136.982
1020	1	758.38	22093.4	22082.4	11.0032	458	574	250	3	0.0001 Colloc0 458 3046 0.0201798 143.856
1030	1	765.871	22064.2	22053.2	10.9176	462	563	261	2	0.0001 Colloc0 462 3054 0.0703475 138.821
1040	1	773.41	22108.4	22097.6	10.8317	476	574	250	2	0.0001 Colloc0 476 3069 0.0353841 133.843
1050	1	780.956	21979	21968.2	10.7552	465	597	227	1	0.0001 Colloc0 465 3048 0.045226 129.476
1060	1	788.487	21884.1	21873.2	10.8188	443	614	210	1	0.0001 Colloc0 443 3038 0.0570353 133.104
1070	1	796.022	21938.3	21927.6	10.7388	448	609	215	1	0.0001 Colloc0 448 3046 0.0583665 128.55
1080	1	803.557	21799.4	21788.5	10.9501	440	620	204	1	0.0001 Colloc0 440 3036 0.0276979 140.726
1090	1	810.722	21830.3	21820.3	10.0117	454	617	207	1	0.0001 Colloc0 454 3021 0.144173 90.5394
1100	1	817.868	21841.9	21831.1	10.7293	450	608	216	2	0.0001 Colloc0 450 3038 0.0336059 128.016
1110	1	824.989	21883.2	21872.7	10.5272	453	628	196	3	0.0001 Colloc0 453 3034 0.0855697 116.844
1120	1	832.04	21927.9	21917.4	10.5349	450	593	231	1	0.0001 Colloc0 450 3026 0.0533483 117.259
1130	1	838.993	22040.3	22029.2	11.0808	473	555	269	2	0.0001 Colloc0 473 3041 0.0323612 148.48
1140	1	846.517	21967.6	21956.8	10.8398	454	594	230	1	0.0001 Colloc0 454 3027 0.00483747 134.31
1150	1	853.981	21959.6	21948.8	10.7131	465	591	233	1	0.0001 Colloc0 465 3043 0.0627356 127.102
1160	1	861.618	21820.6	21809.8	10.7372	460	618	206	0	0.0001 Colloc0 460 3029 0.0590145 128.46
1170	1	869.172	21853.5	21842.8	10.6957	457	608	216	0	0.0001 Colloc0 457 3026 0.0529872 126.127
1180	1	876.818	21882.2	21871.4	10.8377	460	615	209	0	0.0001 Colloc0 460 3032 0.0552765 134.189
1190	1	884.352	21809.4	21798.3	11.0869	452	619	205	0	0.0001 Colloc0 452 3025 0.01298 148.848
1200	1	891.865	21813.2	21802.5	10.7377	450	605	219	2	0.0001 Colloc0 450 3021 0.0157464 128.488
1210	1	899.352	21804.4	21793	11.3426	457	613	211	1	0.0001 Colloc0 457 3015 0.00762797 164.511
1220	1	906.956	21893.1	21882.2	10.8248	471	606	218	2	0.0001 Colloc0 471 3012 0.0509014 133.449
1230	1	914.537	21911.1	21900	11.098	477	583	241	1	0.0001 Colloc0 477 3024 0.108563 149.513
1240	1	922.155	21796.4	21785.1	11.2604	462	611	213	4	0.0001 Colloc0 462 3015 0.00534423 159.41
1250	1	929.657	21899.4	21888.7	10.7584	471	593	231	1	0.0001 Colloc0 471 3008 0.0337523 129.659
1260	1	937.235	21786.1	21775.1	10.9934	442	623	201	2	0.0001 Colloc0 442 3002 0.00505862 143.273
1270	1	944.933	21819.5	21808.8	10.6934	457	601	223	1	0.0001 Colloc0 457 3008 0.0703965 125.998
1280	1	952.576	21860.7	21849.9	10.7428	467	619	205	2	0.0001 Colloc0 467 3019 0.0432266 128.779
1290	1	959.99	21728.5	21717.3	11.1702	440	632	192	1	0.0001 Colloc0 440 3005 0.00819915 153.884
1300	1	967.557	21771.2	21760.5	10.7407	455	622	202	3	0.0001 Colloc0 455 3019 0.0465269 128.656
1310	1	975.213	21744.6	21734.1	10.4915	448	647	177	1	0.0001 Colloc0 448 3007 0.0791819 114.917
1320	1	982.894	21771.6	21760.6	10.9695	453	620	204	2	0.0001 Colloc0 453 3000 0.0354084 141.864
1330	1	990.525	21845.8	21834.6	11.1868	469	601	223	1	0.0001 Colloc0 469 3021 0.0170349 154.893
1340	1	998.066	21796.8	21786	10.7714	459	600	224	0	0.0001 Colloc0 459 3004 0.0604506 130.398
1350	1	1005.58	21803.5	21793.1	10.3513	456	615	209	1	0.0001 Colloc0 456 3009 0.131227 107.502
1360	1	1012.99	21708.1	21697.1	10.9364	440	651	173	1	0.0001 Colloc0 440 3015 0.0398606 139.918
1370	1	1020.49	21871.8	21860.6	11.1767	457	611	213	0	0.0001 Colloc0 457 3005 0.0371294 154.282
1380	1	1027.97	21835.9	21825.3	10.5808	461	611	213	0	0.0001 Colloc0 461 3005 0.101393 119.763
1390	1	1035.49	21795.9	21785.4	10.5275	456	613	211	3	0.0001 Colloc0 456 2995 0.0938437 116.86
1400	1	1043.14	21853	21842	10.9963	458	603	221	3	0.0001 Colloc0 458 3014 0.0223125 143.445
1410	1	1050.68	21812.6	21802.2	10.4553	447	609	215	1	0.0001 Colloc0 447 3008 0.104927 112.981
1420	1	1058.15	21764.4	21754.3	10.1141	467	618	206	2	0.0001 Colloc0 467 3002 0.116852 95.5034
1430	1	1065.69	21829.5	21818.9	10.5358	448	608	216	0	0.0001 Colloc0 448 3013 0.0713378 117.309
1440	1	1073.24	21762.7	21751.6	11.1175	443	629	195	1	0.0001 Colloc0 443 2998 0.0127657 150.692
1450	1	1080.73	21867.2	21856.2	10.9795	467	611	213	0	0.0001 Colloc0 467 3008 0.0251661 142.456
1460	1	1088.27	21798.9	21787.9	10.944	456	627	197	1	0.0001 Colloc0 456 3005 0.00861404 140.368
1470	1	1095.72	21716.2	21705.3	10.8141	448	651	173	0	0.0001 Colloc0 448 2985 0.0187778 132.836
1480	1	1103.34	21782.5	21771.7	10.7836	449	639	185	1	0.0001 Colloc0 449 3000 0.0664402 131.092
1490	1	1110.59	21734.8	21723.8	11.0115	452	630	194	0	0.0001 Colloc0 452 2999 0.00135967 144.344
1500	1	1117.97	21838.1	21827.2	10.9148	471	606	218	2	0.0001 Colloc0 471 2974 0.0353348 138.66
1510	1	1125.41	21812.7	21802	10.6684	454	621	203	0	0.0001 Colloc0 454 2991 0.0510351 124.601
1520	1	1132.91	21742.7	21732.1	10.5856	444	631	193	1	0.0001 Colloc0 444 2990 0.0752557 120.024
1530	1	1140.45	21831.1	21820.3	10.7834	472	594	230	0	0.0001 Colloc0 472 2994 0.0541511 131.078
1540	1	1148.04	21844.3	21833.8	10.4919	462	604	220	3	0.0001 Colloc0 462 2993 0.104016 114.939
1550	1	1155.58	21733.7	21723	10.7492	460	646	178	1	0.0001 Colloc0 460 2991 0.0645661 129.14
1560	1	1162.74	21791.9	21781.3	10.6927	464	621	203	1	0.0001 Colloc0 464 3000 0.051205 125.958
1570	1	1170.01	21771	21760.1	10.925	453	602	222	0	0.0001 Colloc0 453 2982 0.0216455 139.254
1580	1	1177.52	21717.7	21706.5	11.1487	449	613	211	1	0.0001 Colloc0 449 2998 0.0189894 152.576
1590	1	1184.93	21781.5	21770.4	11.1428	465	600	224	1	0.0001 Colloc0 465 2977 0.0114465 152.218
1600	1	1192.41	21753.3	21742.4	10.907	448	611	213	0	0.0001 Colloc0 448 2980 0.0145743 138.205
1610	1	1199.82	21714.7	21704.3	10.4015	454	617	207	1	0.0001 Colloc0 454 2995 0.109539 110.132
1620	1	1207.33	21761.7	21751	10.7521	457	596	228	2	0.0001 Colloc0 457 2990 0.0726903 129.303
1630	1	1214.85	21793.7	21782.5	11.1704	459	600	224	2	0.0001 Colloc0 459 2991 0.0126166 153.894
1640	1	1221.95	21696.4	21685.7	10.7086	450	622	202	1	0.0001 Colloc0 450 2985 0.0319302 126.849
1650	1	1229.02	21761.4	21751.1	10.309	468	615	209	2	0.0001 Colloc0 468 2994 0.142425 105.313
1660	1	1236.18	21780.8	21770.3	10.5682	460	597	227	2	0.0001 Colloc0 460 2986 0.103638 119.075
1670	1	1243.73	21703.5	21692.9	10.6316	447	611	213	2	0.0001 Colloc0 447 2960 0.0400857 122.557
1680	1	1250.97	21803.7	21793.3	10.343	460	596	228	0	0.0001 Colloc0 460 2992 0.110819 107.072
1690	1	1258.61	21856.8	21845.9	10.8937	482	579	245	0	0.0001 Colloc0 482 2983 0.071006 137.428
1700	1	1266.07	21610.5	21599.5	11.0242	448	649	175	1	0.0001 Colloc0 448 2974 0.0129249 145.099
1710	1	1273.49	21725.9	21715	10.9744	455	613	211	3	0.0001 Colloc0 455 2978 0.0428365 142.154
1720	1	1280.68	21752.2	21741.1	11.1033	461	599	225	0	0.0001 Colloc0 461 2969 0.00166208 149.832
1730	1	1288.11	21774.1	21763.3	10.7583	469	602	222	2	0.0001 Colloc0 469 2972 0.0517346 129.655
1740	1	1295.48	21768.4	21757.5	10.9003	458	612	212	0	0.0001 Colloc0 458 2975 0.0558893 137.814
1750	1	1302.72	21719	21708.2	10.7422	449	608	216	2	0.0001 Colloc0 449 2970 0.0597096 128.741
1760	1	1310.18	21716.8	21706.3	10.5867	460	623	201	1	0.0001 Colloc0 460 2967 0.0891053 120.084
1770	1	1317.67	21795.7	21784.8	10.8304	464	576	248	0	0.0001 Colloc0 464 2998 0.0404108 133.77
1780	1	1324.8	21706.6	21695.7	10.8951	472	648	176	0	0.0001 Colloc0 472 2966 0.0649335 137.512
1790	1	1332.41	21738.8	21727.9	10.9282	448	620	204	1	0.0001 Colloc0 448 2982 0.024922 139.442
1800	1	1339.67	21753	21742.4	10.6249	461	614	210	1	0.0001 Colloc0 461 2975 0.113333 122.187
1810	1	1346.86	21561.4	21550.5	10.9025	451	652	172	1	0.0001 Colloc0 451 2974 0.0144375 137.942
1820	1	1354.23	21642.3	21631.1	11.1424	456	608	216	1	0.0001 Colloc0 456 2975 0.0168114 152.194
1830	1	1361.93	21662.4	21651.6	10.7871	453	621	203	1	0.0001 Colloc0 453 2982 0.0487818 131.293
1840	1	1369.37	21678.2	21667.2	11.0495	473	624	200	0	0.0001 Colloc0 473 2960 0.0317199 146.611
1850	1	1376.52	21674.7	21663.6	11.1587	451	613	211	1	0.0001 Colloc0 451 2985 0.00247523 153.182
1860	1	1383.87	21780.4	21769.9	10.5074	485	581	243	3	0.0001 Colloc0 485 2956 0.141935 115.776
1870	1	1391.43	21657.8	21646.9	10.9707	455	633	191	2	0.0001 Colloc0 455 2963 0.00369825 141.933
1880	1	1398.92	21666.4	21655.2	11.2194	466	605	219	2	0.0001 Colloc0 466 2949 0.0156141 156.889
1890	1	1406.49	21655.9	21644.8	11.1911	462	606	218	0	0.0001 Colloc0 462 2969 0.0111073 155.159
1900	1	1414.1	21695.7	21684.9	10.7422	459	595	229	1	0.0001 Colloc0 459 2958 0.0618245 128.742
1910	1	1421.64	21680.4	21669.5	10.9313	474	615	209	2	0.0001 Colloc0 474 2954 0.0791035 139.62
1920	1	1429.02	21608.1	21597.2	10.8409	461	629	195	1	0.0001 Colloc0 461 2962 0.027455 134.373
1930	1	1436.47	21636.8	21625.9	10.9347	455	634	190	2	0.0001 Colloc0 455 2969 0.00202274 139.82
1940	1	1443.93	21549.9	21539.3	10.609	455	646	178	3	0.0001 Colloc0 455 2962 0.0862939 121.311
1950	1	1451.43	21670.6	21659.3	11.2777	468	617	207	0	0.0001 Colloc0 468 2974 0.00923801 160.477
1960	1	1458.92	21680.7	21670.5	10.2054	455	619	205	2	0.0001 Colloc0 455 2966 0.125351 100.036
1970	1	1466.62	21706.3	21695.3	10.9782	456	593	231	0	0.0001 Colloc0 456 2953 0.0874979 142.38
1980	1	1474.14	21612.5	21601.4	11.171	449	622	202	0	0.0001 Colloc0 449 2957 0.00276054 153.93
1990	1	1481.56	21556.1	21545.1	11.0637	451	642	182	0	0.0001 Colloc0 451 2943 0.00322281 147.458
2000	1	1489	21569.2	21558.6	10.5971	445	633	191	0	0.0001 Colloc0 445 2950 0.0497232 120.654
