# D = 0, E = 1, I = 1, P = 1, R = -1, n = 2000, N = 1, P = 1, w = 1, a = 0.0001, b = 10000, e = 1, f = 1, g = 100, h = 0.01, r = 28749, s = 1, S = 0, x = 10, m = 100, Z = 1, z = 0, T = 1, t = 1
# 122465 tokens in 11336 sentences
#
# It	Temp	Time	-logP	-logPcorpus	-logPrior	tables	same	changed	reject	default_pya	(parent pym pyn pya pyb)*
0	1	11.6242	395935	395821	113.764	9203	0	11336	0	0.0001 Colloc0 9203 49857 0.0001 10000
10	1	165.883	335486	335469	16.0657	2354	3545	7791	6	0.0001 Colloc0 2354 45883 0.00350054 522.43
20	1	282.191	326832	326817	14.4773	1856	3888	7448	5	0.0001 Colloc0 1856 45378 0.00994787 392.021
30	1	396.041	322199	322185	13.7396	1699	4195	7141	7	0.0001 Colloc0 1699 45207 0.0145266 334.082
40	1	507.61	317351	317337	13.8243	1632	4486	6850	7	0.0001 Colloc0 1632 44754 0.00272267 340.631
50	1	618.763	314703	314690	13.3168	1582	4773	6563	9	0.0001 Colloc0 1582 44587 0.0104769 301.843
60	1	730.896	313294	313281	13.4381	1611	5106	6230	8	0.0001 Colloc0 1611 44478 0.0258423 311.016
70	1	842.669	311811	311798	13.4906	1561	5217	6119	7	0.0001 Colloc0 1561 44429 0.00604108 314.998
80	1	954.871	310707	310694	13.1489	1595	5187	6149	8	0.0001 Colloc0 1595 44238 0.0159544 289.271
90	1	1066.53	308835	308822	12.9772	1548	5407	5929	7	0.0001 Colloc0 1548 44100 0.0236213 276.55
100	1	1177.56	306585	306572	13.4275	1563	5436	5900	4	0.0001 Colloc0 1563 43829 0.0075866 310.21
110	1	1288.4	305785	305772	13.4169	1537	5638	5698	6	0.0001 Colloc0 1537 43834 0.00139714 309.409
120	1	1399.74	304320	304307	12.9991	1522	5751	5585	6	0.0001 Colloc0 1522 43829 0.0316145 278.16
130	1	1510.42	303785	303772	13.2466	1506	5861	5475	4	0.0001 Colloc0 1506 43791 0.00791861 296.571
140	1	1620.63	302550	302536	13.4471	1492	5950	5386	6	0.0001 Colloc0 1492 43707 0.000993859 311.692
150	1	1731.98	301190	301177	13.3549	1499	6213	5123	5	0.0001 Colloc0 1499 43585 0.0125548 304.718
160	1	1843.58	300343	300330	12.8014	1505	6327	5009	3	0.0001 Colloc0 1505 43571 0.0298191 263.684
170	1	1954.61	300086	300073	13.0593	1474	6362	4974	4	0.0001 Colloc0 1474 43521 0.0122647 282.611
180	1	2065.4	299088	299075	12.6945	1465	6404	4932	7	0.0001 Colloc0 1465 43374 0.0310629 255.948
190	1	2175.47	298346	298333	13.3223	1528	6429	4907	5	0.0001 Colloc0 1528 43241 0.0244822 302.258
200	1	2286.87	298458	298445	12.761	1496	6507	4829	7	0.0001 Colloc0 1496 43281 0.0315567 260.755
210	1	2398.22	296986	296973	12.6924	1520	6659	4677	5	0.0001 Colloc0 1520 43119 0.0561585 255.795
220	1	2508.48	297143	297130	13.0132	1505	6662	4674	7	0.0001 Colloc0 1505 43152 0.013417 279.205
230	1	2618.7	295648	295636	12.6598	1482	6858	4478	6	0.0001 Colloc0 1482 43070 0.0437823 253.448
240	1	2729.85	295320	295307	12.9911	1451	6807	4529	6	0.0001 Colloc0 1451 43146 0.0102609 277.578
250	1	2840.8	295067	295054	12.7357	1469	6984	4352	7	0.0001 Colloc0 1469 43104 0.0381821 258.92
260	1	2951.42	294966	294954	12.5839	1472	6876	4460	6	0.0001 Colloc0 1472 43117 0.0523298 248.003
270	1	3060.6	294533	294521	12.4814	1500	6980	4356	8	0.0001 Colloc0 1500 43033 0.0618486 240.713
280	1	3171.17	294631	294618	13.0389	1475	6888	4448	6	0.0001 Colloc0 1475 43000 0.0186207 281.104
290	1	3281.3	294429	294417	12.7479	1475	6896	4440	8	0.0001 Colloc0 1475 42952 0.0340609 259.806
300	1	3389.65	293696	293684	12.699	1483	7080	4256	6	0.0001 Colloc0 1483 42955 0.0414418 256.269
310	1	3495.72	293677	293664	12.5531	1461	7182	4154	6	0.0001 Colloc0 1461 42960 0.0428736 245.81
320	1	3603.71	293247	293234	12.6101	1494	7437	3899	7	0.0001 Colloc0 1494 42921 0.0518678 249.878
330	1	3708.74	292848	292835	13.0599	1481	7365	3971	6	0.0001 Colloc0 1481 42872 0.01291 282.657
340	1	3819.03	293646	293633	12.7991	1499	7140	4196	6	0.0001 Colloc0 1499 42876 0.0473561 263.521
350	1	3930.09	292746	292734	12.6049	1500	7332	4004	6	0.0001 Colloc0 1500 42858 0.054158 249.509
360	1	4040.05	292853	292841	12.4203	1494	7395	3941	9	0.0001 Colloc0 1494 42931 0.0794629 236.395
370	1	4149.98	292040	292028	12.4497	1491	7573	3763	8	0.0001 Colloc0 1491 42831 0.0671644 238.466
380	1	4259.65	291882	291870	12.4084	1478	7560	3776	6	0.0001 Colloc0 1478 42810 0.0520088 235.554
390	1	4369.5	292012	291999	12.8806	1483	7505	3831	6	0.0001 Colloc0 1483 42776 0.0241936 269.462
400	1	4479.26	291626	291613	12.8142	1463	7411	3925	6	0.0001 Colloc0 1463 42724 0.040022 264.616
410	1	4589.26	291901	291888	13.1243	1469	7285	4051	6	0.0001 Colloc0 1469 42684 0.00475741 287.437
420	1	4699.6	292304	292291	12.5039	1502	7155	4181	6	0.0001 Colloc0 1502 42658 0.0705524 242.305
430	1	4807.53	292545	292532	12.9023	1493	7098	4238	5	0.0001 Colloc0 1493 42664 0.026774 271.046
440	1	4917.35	292131	292118	12.9638	1484	7121	4215	5	0.0001 Colloc0 1484 42658 0.0409432 275.562
450	1	5027.21	291617	291605	12.6373	1494	7446	3890	5	0.0001 Colloc0 1494 42527 0.062304 251.83
460	1	5137.41	291766	291753	13.3262	1491	7260	4076	6	0.0001 Colloc0 1491 42477 0.0113817 302.553
470	1	5247.46	290259	290246	12.9838	1523	7392	3944	6	0.0001 Colloc0 1523 42322 0.0287685 277.034
480	1	5357.81	289558	289545	12.677	1469	7505	3831	6	0.0001 Colloc0 1469 42363 0.030878 254.684
490	1	5467.65	289743	289730	12.6814	1486	7596	3740	6	0.0001 Colloc0 1486 42389 0.0445489 255.002
500	1	5575.18	289644	289632	12.5672	1486	7602	3734	5	0.0001 Colloc0 1486 42378 0.0425983 246.813
510	1	5679.29	288682	288669	12.6528	1463	7701	3635	9	0.0001 Colloc0 1463 42239 0.0469059 252.945
520	1	5785.9	289086	289073	12.6306	1477	7586	3750	5	0.0001 Colloc0 1477 42262 0.0521638 251.351
530	1	5895.78	288312	288299	12.7761	1450	7806	3530	8	0.0001 Colloc0 1450 42282 0.0314511 261.845
540	1	6003.48	288113	288100	12.8259	1469	7884	3452	4	0.0001 Colloc0 1469 42263 0.048863 265.471
550	1	6112.08	288170	288157	12.8015	1472	7784	3552	4	0.0001 Colloc0 1472 42152 0.0389531 263.692
560	1	6221.68	288428	288415	12.4804	1467	7526	3810	4	0.0001 Colloc0 1467 42122 0.0592454 240.643
570	1	6331.03	287967	287954	12.8088	1477	7570	3766	5	0.0001 Colloc0 1477 42070 0.049083 264.221
580	1	6439.12	287566	287553	13.132	1469	7527	3809	4	0.0001 Colloc0 1469 41977 0.00428029 288.013
590	1	6547.64	287365	287352	12.8152	1459	7599	3737	5	0.0001 Colloc0 1459 41932 0.0303894 264.689
600	1	6657	287352	287339	13.0417	1498	7625	3711	4	0.0001 Colloc0 1498 41906 0.0352383 281.313
610	1	6766.67	287689	287676	13.4857	1483	7532	3804	4	0.0001 Colloc0 1483 41845 0.00177224 314.626
620	1	6872.64	287873	287860	13.05	1498	7505	3831	6	0.0001 Colloc0 1498 41827 0.024542 281.926
630	1	6978.24	288004	287991	13.1406	1507	7510	3826	7	0.0001 Colloc0 1507 41824 0.0200661 288.652
640	1	7083.7	287882	287869	12.9966	1502	7558	3778	6	0.0001 Colloc0 1502 41807 0.0327235 277.982
650	1	7189.59	288070	288057	12.9458	1497	7538	3798	4	0.0001 Colloc0 1497 41831 0.023733 274.237
660	1	7295.42	288062	288049	12.9147	1479	7525	3811	5	0.0001 Colloc0 1479 41818 0.0269833 271.956
670	1	7399.26	287687	287674	12.9983	1474	7514	3822	5	0.0001 Colloc0 1474 41825 0.0264349 278.106
680	1	7508.55	287682	287669	12.8913	1513	7466	3870	5	0.0001 Colloc0 1513 41777 0.0393052 270.241
690	1	7617.33	287007	286994	12.3081	1505	7825	3511	5	0.0001 Colloc0 1505 41745 0.0654865 228.525
700	1	7726.7	287368	287356	12.8056	1504	7830	3506	3	0.0001 Colloc0 1504 41733 0.0478546 263.992
710	1	7836.65	287382	287369	12.4355	1497	7672	3664	4	0.0001 Colloc0 1497 41725 0.0590638 237.468
720	1	7947.39	287483	287470	13.1828	1498	7607	3729	4	0.0001 Colloc0 1498 41736 0.00795398 291.795
730	1	8055.4	287552	287539	13.2334	1481	7667	3669	5	0.0001 Colloc0 1481 41758 0.000630789 295.578
740	1	8160.48	287500	287487	12.8077	1501	7578	3758	5	0.0001 Colloc0 1501 41666 0.0359639 264.146
750	1	8268.58	287344	287331	13.0584	1488	7654	3682	5	0.0001 Colloc0 1488 41652 0.0401905 282.544
760	1	8379.02	287034	287021	12.8977	1486	7623	3713	5	0.0001 Colloc0 1486 41672 0.0309102 270.711
770	1	8489.44	286842	286829	12.9879	1490	7750	3586	4	0.0001 Colloc0 1490 41667 0.02941 277.341
780	1	8597.55	287074	287061	12.9158	1502	7721	3615	4	0.0001 Colloc0 1502 41694 0.037127 272.037
790	1	8702.04	286782	286768	13.191	1528	7785	3551	6	0.0001 Colloc0 1528 41677 0.0286999 292.41
800	1	8810.84	286972	286959	13.284	1501	7831	3505	5	0.0001 Colloc0 1501 41673 0.00268444 299.381
810	1	8920.15	286470	286458	12.7957	1498	7827	3509	5	0.0001 Colloc0 1498 41653 0.0303926 263.273
820	1	9028.88	286740	286728	12.7894	1516	7922	3414	5	0.0001 Colloc0 1516 41581 0.0376539 262.814
830	1	9132.73	286088	286075	13.2301	1509	7897	3439	3	0.0001 Colloc0 1509 41568 0.00327233 295.333
840	1	9237.11	285894	285881	13.008	1504	8027	3309	4	0.0001 Colloc0 1504 41584 0.0281266 278.822
850	1	9341.5	286194	286181	13.1373	1492	7873	3463	4	0.0001 Colloc0 1492 41599 0.00430299 288.407
860	1	9446.03	286176	286164	12.3993	1513	7959	3377	6	0.0001 Colloc0 1513 41581 0.0747547 234.911
870	1	9551.27	286001	285989	12.6232	1511	7995	3341	5	0.0001 Colloc0 1511 41555 0.0428682 250.818
880	1	9659.46	286209	286195	13.2133	1503	7980	3356	4	0.0001 Colloc0 1503 41629 0.0280444 294.08
890	1	9766.63	285656	285643	12.7646	1503	7958	3378	7	0.0001 Colloc0 1503 41514 0.0361375 261.013
900	1	9875.44	283471	283458	12.9601	1484	8064	3272	6	0.0001 Colloc0 1484 41186 0.0261645 275.295
910	1	9985.01	283303	283291	12.6509	1501	8010	3326	5	0.0001 Colloc0 1501 41186 0.0395579 252.805
920	1	10093.3	282878	282864	13.1001	1519	8183	3153	5	0.0001 Colloc0 1519 41184 0.0313086 285.636
930	1	10203.6	282384	282371	12.9504	1497	8336	3000	5	0.0001 Colloc0 1497 41146 0.0407799 274.577
940	1	10311.7	281467	281455	12.6606	1454	8522	2814	8	0.0001 Colloc0 1454 41122 0.0256706 253.503
950	1	10421.4	282024	282011	12.7436	1489	8401	2935	6	0.0001 Colloc0 1489 41098 0.0521694 259.491
960	1	10529.8	281833	281820	12.9293	1502	8468	2868	6	0.0001 Colloc0 1502 41075 0.0466495 273.029
970	1	10635.6	281405	281392	13.1777	1491	8558	2778	6	0.0001 Colloc0 1491 41066 0.0295796 291.417
980	1	10740.3	281935	281923	12.7444	1503	8329	3007	6	0.0001 Colloc0 1503 41034 0.0492324 259.548
990	1	10849	281684	281670	13.1863	1488	8252	3084	6	0.0001 Colloc0 1488 40984 0.00229151 292.058
1000	1	10957.1	281841	281828	12.8292	1498	8290	3046	8	0.0001 Colloc0 1498 41016 0.0362877 265.709
1010	1	11066	281789	281776	12.4639	1488	8238	3098	5	0.0001 Colloc0 1488 41016 0.0577311 239.474
1020	1	11175.8	281355	281342	13.2115	1488	8263	3073	5	0.0001 Colloc0 1488 41008 0.0187569 293.943
1030	1	11284.2	281068	281056	12.5902	1478	8294	3042	4	0.0001 Colloc0 1478 40975 0.0456483 248.452
1040	1	11392.5	281622	281609	12.904	1494	8081	3255	7	0.0001 Colloc0 1494 41005 0.035864 271.174
1050	1	11497.2	281518	281506	12.6369	1515	8026	3310	4	0.0001 Colloc0 1515 40944 0.055663 251.803
1060	1	11601.6	281162	281150	12.7466	1492	8192	3144	8	0.0001 Colloc0 1492 40978 0.0335175 259.713
1070	1	11706.8	280700	280687	12.6189	1481	8302	3034	4	0.0001 Colloc0 1481 40901 0.057326 250.509
1080	1	11815.2	280678	280665	13.2222	1492	8408	2928	5	0.0001 Colloc0 1492 40880 0.0186521 294.741
1090	1	11925.4	281013	280999	13.0415	1524	8364	2972	5	0.0001 Colloc0 1524 40899 0.033704 281.293
1100	1	12034.8	280751	280738	12.8614	1490	8493	2843	4	0.0001 Colloc0 1490 40914 0.0307832 268.059
1110	1	12144.7	280775	280762	13.0513	1489	8338	2998	4	0.0001 Colloc0 1489 40871 0.00646286 282.022
1120	1	12255.2	280740	280728	12.5195	1491	8404	2932	4	0.0001 Colloc0 1491 40819 0.0633794 243.415
1130	1	12365.3	280842	280828	13.1293	1496	8274	3062	4	0.0001 Colloc0 1496 40838 0.0329227 287.813
1140	1	12475.2	281099	281086	13.0836	1510	8244	3092	5	0.0001 Colloc0 1510 40834 0.0335627 284.414
1150	1	12586.3	280636	280623	13.0315	1503	8356	2980	5	0.0001 Colloc0 1503 40823 0.0380326 280.559
1160	1	12695.3	281056	281043	13.0966	1503	8350	2986	5	0.0001 Colloc0 1503 40873 0.02014 285.381
1170	1	12799.1	280742	280729	12.5525	1499	8507	2829	5	0.0001 Colloc0 1499 40851 0.0628562 245.767
1180	1	12902.4	280731	280719	12.6213	1503	8418	2918	6	0.0001 Colloc0 1503 40787 0.0495712 250.682
1190	1	13010.4	280125	280113	12.6223	1491	8515	2821	4	0.0001 Colloc0 1491 40839 0.0619123 250.752
1200	1	13121.1	280178	280165	12.652	1480	8574	2762	7	0.0001 Colloc0 1480 40858 0.0472688 252.889
1210	1	13231	280679	280666	12.8767	1501	8472	2864	5	0.0001 Colloc0 1501 40813 0.0313055 269.178
1220	1	13340.5	280760	280747	12.7549	1527	8495	2841	3	0.0001 Colloc0 1527 40787 0.0435613 260.31
1230	1	13449.2	280741	280728	13.0446	1515	8424	2912	5	0.0001 Colloc0 1515 40792 0.0246626 281.528
1240	1	13559.4	280397	280384	13.2794	1510	8306	3030	4	0.0001 Colloc0 1510 40818 0.0114282 299.029
1250	1	13669.5	280321	280308	13.1438	1504	8464	2872	5	0.0001 Colloc0 1504 40812 0.00579683 288.886
1260	1	13780.4	279870	279857	12.6336	1509	8383	2953	3	0.0001 Colloc0 1509 40830 0.0662542 251.564
1270	1	13891.3	280193	280180	12.9267	1517	8298	3038	8	0.0001 Colloc0 1517 40836 0.0434927 272.837
1280	1	14001.7	280170	280157	13.1065	1501	8321	3015	8	0.0001 Colloc0 1501 40887 0.0184162 286.111
1290	1	14111.5	279033	279021	12.6759	1489	8590	2746	4	0.0001 Colloc0 1489 40835 0.0287244 254.602
1300	1	14222.1	278630	278617	12.7879	1520	8662	2674	4	0.0001 Colloc0 1520 40835 0.0552466 262.708
1310	1	14332.5	279135	279122	12.8079	1510	8496	2840	4	0.0001 Colloc0 1510 40843 0.0474019 264.16
1320	1	14441.9	279097	279084	13.0267	1482	8501	2835	5	0.0001 Colloc0 1482 40864 0.036189 280.202
1330	1	14550.8	279012	278999	12.5453	1492	8623	2713	6	0.0001 Colloc0 1492 40869 0.054732 245.253
1340	1	14665.2	278883	278871	12.682	1481	8616	2720	4	0.0001 Colloc0 1481 40843 0.0514042 255.047
1350	1	14774	279206	279192	13.0747	1462	8483	2853	4	0.0001 Colloc0 1462 40895 0.00952005 283.753
1360	1	14884.2	279104	279091	13.0009	1491	8555	2781	4	0.0001 Colloc0 1491 40896 0.0273004 278.299
1370	1	14995.1	279157	279144	12.593	1485	8574	2762	6	0.0001 Colloc0 1485 40817 0.0582314 248.657
1380	1	15102.9	279329	279316	13.1514	1502	8556	2780	4	0.0001 Colloc0 1502 40835 0.0276887 289.455
1390	1	15211	279159	279146	12.9377	1481	8450	2886	4	0.0001 Colloc0 1481 40814 0.0448319 273.642
1400	1	15315.6	279393	279380	12.6699	1505	8260	3076	4	0.0001 Colloc0 1505 40820 0.0664026 254.172
1410	1	15424.4	279160	279147	12.6119	1481	8256	3080	6	0.0001 Colloc0 1481 40808 0.0635767 250.011
1420	1	15529.5	278751	278738	12.4878	1467	8405	2931	5	0.0001 Colloc0 1467 40806 0.0555769 241.163
1430	1	15634.6	279203	279190	12.9699	1505	8412	2924	7	0.0001 Colloc0 1505 40771 0.042286 276.015
1440	1	15744	279334	279321	13.0166	1502	8296	3040	4	0.0001 Colloc0 1502 40775 0.0345692 279.456
1450	1	15853.5	278889	278876	12.7754	1486	8381	2955	2	0.0001 Colloc0 1486 40744 0.0547376 261.795
1460	1	15962.2	278808	278795	12.6662	1490	8496	2840	2	0.0001 Colloc0 1490 40742 0.0686264 253.906
1470	1	16072.2	278761	278748	13.2481	1478	8334	3002	2	0.0001 Colloc0 1478 40747 0.0132569 296.686
1480	1	16177	278433	278420	13.0821	1464	8509	2827	6	0.0001 Colloc0 1464 40753 0.0190814 284.301
1490	1	16281.9	278408	278395	12.8623	1472	8379	2957	4	0.0001 Colloc0 1472 40744 0.0385347 268.123
1500	1	16391.2	278914	278901	12.593	1489	8394	2942	1	0.0001 Colloc0 1489 40738 0.0567211 248.653
1510	1	16501.2	278984	278971	13.0432	1492	8258	3078	3	0.0001 Colloc0 1492 40710 0.0465041 281.42
1520	1	16612.4	279316	279303	13.0266	1492	8129	3207	1	0.0001 Colloc0 1492 40700 0.0255431 280.194
1530	1	16722.5	279345	279332	12.7305	1495	8126	3210	5	0.0001 Colloc0 1495 40753 0.0482277 258.546
1540	1	16829	278672	278659	12.975	1480	8463	2873	3	0.0001 Colloc0 1480 40716 0.0302972 276.39
1550	1	16936.5	278592	278579	12.8591	1503	8375	2961	2	0.0001 Colloc0 1503 40675 0.0372663 267.891
1560	1	17046.1	278009	277996	12.7849	1488	8564	2772	3	0.0001 Colloc0 1488 40662 0.0426886 262.489
1570	1	17157.1	278461	278448	13.115	1480	8497	2839	4	0.0001 Colloc0 1480 40672 0.0411404 286.745
1580	1	17267	278134	278122	12.2945	1489	8425	2911	5	0.0001 Colloc0 1489 40629 0.063944 227.573
1590	1	17377.5	278036	278023	12.4824	1481	8494	2842	2	0.0001 Colloc0 1481 40649 0.0550597 240.78
1600	1	17488.6	278365	278353	12.6342	1500	8394	2942	2	0.0001 Colloc0 1500 40617 0.0507633 251.604
1610	1	17598.4	278624	278611	12.4916	1491	8288	3048	2	0.0001 Colloc0 1491 40642 0.0694585 241.434
1620	1	17708.7	279049	279036	12.7416	1502	8132	3204	4	0.0001 Colloc0 1502 40638 0.0381022 259.348
1630	1	17818.7	278847	278834	13.1518	1495	8274	3062	4	0.0001 Colloc0 1495 40620 0.00209794 289.484
1640	1	17927.6	278800	278787	12.8863	1495	8271	3065	2	0.0001 Colloc0 1495 40641 0.0498977 269.875
1650	1	18035.8	278985	278973	12.5923	1478	8105	3231	4	0.0001 Colloc0 1478 40631 0.0479789 248.607
1660	1	18139.7	278411	278399	12.3998	1480	8170	3166	2	0.0001 Colloc0 1480 40605 0.0612715 234.946
1670	1	18249.7	278643	278630	12.4722	1511	8158	3178	4	0.0001 Colloc0 1511 40548 0.0533805 240.06
1680	1	18355.2	278283	278270	12.5651	1494	8368	2968	2	0.0001 Colloc0 1494 40524 0.0595799 246.662
1690	1	18464.5	277485	277472	12.5538	1494	8420	2916	3	0.0001 Colloc0 1494 40509 0.0563948 245.859
1700	1	18573.7	277258	277244	13.1521	1491	8505	2831	1	0.0001 Colloc0 1491 40489 0.0202143 289.504
1710	1	18682.2	276294	276281	12.4679	1486	8899	2437	5	0.0001 Colloc0 1486 40456 0.0741714 239.757
1720	1	18792.7	276319	276307	12.7584	1502	8979	2357	3	0.0001 Colloc0 1502 40472 0.0601666 260.567
1730	1	18903.1	276648	276635	12.9883	1513	8865	2471	5	0.0001 Colloc0 1513 40460 0.044565 277.365
1740	1	19009.3	276412	276399	12.7029	1472	8861	2475	3	0.0001 Colloc0 1472 40460 0.0441914 256.55
1750	1	19117.2	277035	277022	12.7044	1492	8792	2544	4	0.0001 Colloc0 1492 40475 0.0634027 256.661
1760	1	19226.1	277005	276993	12.7525	1497	8608	2728	3	0.0001 Colloc0 1497 40437 0.0338192 260.135
1770	1	19337.2	276871	276858	12.802	1497	8710	2626	3	0.0001 Colloc0 1497 40467 0.0533571 263.728
1780	1	19444.3	276759	276746	12.8017	1510	8764	2572	2	0.0001 Colloc0 1510 40425 0.0361253 263.704
1790	1	19554.6	277215	277203	12.168	1498	8560	2776	1	0.0001 Colloc0 1498 40455 0.095252 218.814
1800	1	19665.1	276839	276826	12.5236	1501	8720	2616	2	0.0001 Colloc0 1501 40434 0.0593956 243.705
1810	1	19773.2	277246	277234	12.6799	1526	8615	2721	3	0.0001 Colloc0 1526 40434 0.0609364 254.894
1820	1	19879.4	277314	277302	12.6414	1492	8487	2849	2	0.0001 Colloc0 1492 40450 0.0545862 252.125
1830	1	19988.5	277137	277124	12.968	1485	8536	2800	2	0.0001 Colloc0 1485 40434 0.0441839 275.871
1840	1	20096.1	276741	276728	12.6533	1495	8544	2792	2	0.0001 Colloc0 1495 40382 0.0511649 252.979
1850	1	20203.9	276862	276849	12.9813	1512	8486	2850	4	0.0001 Colloc0 1512 40369 0.0420047 276.852
1860	1	20311.4	276836	276822	13.1649	1516	8463	2873	2	0.0001 Colloc0 1516 40349 0.0301016 290.459
1870	1	20418.8	276409	276396	12.3022	1519	8551	2785	1	0.0001 Colloc0 1519 40311 0.0840388 228.112
1880	1	20528.3	276671	276658	13.0649	1529	8399	2937	3	0.0001 Colloc0 1529 40317 0.0436427 283.025
1890	1	20638.1	276481	276468	13.1647	1488	8408	2928	2	0.0001 Colloc0 1488 40306 0.0241199 290.445
1900	1	20747.8	276022	276009	12.686	1483	8546	2790	3	0.0001 Colloc0 1483 40307 0.0464084 255.336
1910	1	20857.1	276458	276446	12.2851	1488	8436	2900	4	0.0001 Colloc0 1488 40338 0.0754965 226.918
1920	1	20964.4	276263	276250	13.0977	1477	8488	2848	5	0.0001 Colloc0 1477 40333 0.0448078 285.463
1930	1	21074.5	276612	276599	12.9228	1501	8486	2850	3	0.0001 Colloc0 1501 40321 0.0203703 272.554
1940	1	21181.4	276344	276332	12.2164	1507	8424	2912	3	0.0001 Colloc0 1507 40315 0.0801332 222.15
1950	1	21291.7	276630	276618	12.7899	1503	8371	2965	3	0.0001 Colloc0 1503 40275 0.0579699 262.85
1960	1	21399.6	276541	276528	12.2717	1502	8324	3012	4	0.0001 Colloc0 1502 40286 0.0815399 225.989
1970	1	21506.8	276692	276679	12.7495	1512	8318	3018	2	0.0001 Colloc0 1512 40276 0.0600939 259.917
1980	1	21611	276952	276939	12.1889	1515	8153	3183	3	0.0001 Colloc0 1515 40260 0.090624 220.257
1990	1	21715.7	276656	276643	12.6652	1481	8331	3005	2	0.0001 Colloc0 1481 40276 0.0397524 253.835
2000	1	21821.3	276453	276441	12.7993	1503	8470	2866	2	0.0001 Colloc0 1503 40234 0.0443982 263.536
