# D = 0, E = 1, I = 1, P = 1, R = -1, n = 2000, N = 1, P = 1, w = 1, a = 0.0001, b = 10000, e = 1, f = 1, g = 100, h = 0.01, r = 29027, s = 1, S = 0, x = 10, m = 100, Z = 1, z = 0, T = 1, t = 1
# 122465 tokens in 11336 sentences
#
# It	Temp	Time	-logP	-logPcorpus	-logPrior	tables	same	changed	reject	default_pya	(parent pym pyn pya pyb)*
0	1	10.4684	373748	373635	113.764	8112	0	11336	0	0.0001 Colloc0 8112 46975 0.0001 10000
10	1	141.286	320558	320544	14.8836	2206	3990	7346	10	0.0001 Colloc0 2206 43983 0.038044 424.717
20	1	255.128	312363	312349	14.1302	1819	4476	6860	8	0.0001 Colloc0 1819 43704 0.00249477 364.512
30	1	368.502	309436	309422	13.7038	1689	4760	6576	9	0.0001 Colloc0 1689 43684 0.00373831 331.321
40	1	479.316	308124	308110	13.6002	1667	4825	6511	10	0.0001 Colloc0 1667 43530 0.0121468 323.369
50	1	588.632	306622	306608	13.7425	1633	5058	6278	10	0.0001 Colloc0 1633 43520 0.00814597 334.302
60	1	695.116	305326	305313	13.4127	1631	5118	6218	11	0.0001 Colloc0 1631 43443 0.00871992 309.09
70	1	806.211	302737	302724	13.3586	1575	5373	5963	9	0.0001 Colloc0 1575 43340 0.0211503 304.994
80	1	917.265	301434	301421	13.0633	1567	5466	5870	8	0.0001 Colloc0 1567 43182 0.024138 282.909
90	1	1028.74	300949	300935	13.273	1579	5640	5696	10	0.0001 Colloc0 1579 43221 0.032684 298.552
100	1	1139.95	300093	300080	13.259	1585	5691	5645	7	0.0001 Colloc0 1585 43123 0.0273985 297.502
110	1	1248.68	297613	297600	13.1558	1573	5819	5517	8	0.0001 Colloc0 1573 42860 0.0402005 289.783
120	1	1359	296674	296661	12.8785	1564	5896	5440	10	0.0001 Colloc0 1564 42768 0.0428392 269.304
130	1	1464.91	295416	295403	12.807	1529	6060	5276	8	0.0001 Colloc0 1529 42700 0.037124 264.094
140	1	1571.29	296127	296115	12.7839	1570	5890	5446	13	0.0001 Colloc0 1570 42711 0.074784 262.411
150	1	1677.54	294735	294722	13.0361	1501	6134	5202	9	0.0001 Colloc0 1501 42664 0.00557396 280.898
160	1	1787.37	294466	294453	13.2121	1530	6211	5125	8	0.0001 Colloc0 1530 42618 0.0205586 293.988
170	1	1898.05	294141	294128	12.7531	1533	6352	4984	7	0.0001 Colloc0 1533 42598 0.0602309 260.183
180	1	2006.36	293842	293829	13.1007	1531	6390	4946	12	0.0001 Colloc0 1531 42570 0.00989936 285.683
190	1	2115.87	294476	294462	13.1859	1567	6355	4981	9	0.0001 Colloc0 1567 42583 0.044184 292.03
200	1	2222.29	293715	293703	12.4615	1581	6380	4956	8	0.0001 Colloc0 1581 42497 0.0745414 239.302
210	1	2334.48	292277	292264	13.2537	1531	6642	4694	10	0.0001 Colloc0 1531 42488 0.0239186 297.102
220	1	2445.61	291636	291623	13.3121	1579	6860	4476	10	0.0001 Colloc0 1579 42386 0.0207114 301.493
230	1	2555.76	291388	291375	13.199	1581	6991	4345	8	0.0001 Colloc0 1581 42343 0.0358911 293.009
240	1	2666.93	290943	290930	12.918	1556	6916	4420	7	0.0001 Colloc0 1556 42305 0.0386037 272.202
250	1	2774.88	291620	291606	13.3513	1577	6773	4563	9	0.0001 Colloc0 1577 42329 0.0272297 304.446
260	1	2882.75	291842	291829	12.8634	1597	6646	4690	8	0.0001 Colloc0 1597 42237 0.0750757 268.204
270	1	2994.14	291665	291652	12.9159	1580	6605	4731	9	0.0001 Colloc0 1580 42196 0.0560888 272.043
280	1	3102.19	291272	291260	12.6736	1611	6581	4755	8	0.0001 Colloc0 1611 42147 0.0629467 254.436
290	1	3212.19	290121	290108	13.0994	1563	6729	4607	6	0.0001 Colloc0 1563 42008 0.0327107 285.584
300	1	3320.32	290122	290109	12.967	1584	6674	4662	7	0.0001 Colloc0 1584 41967 0.0569254 275.802
310	1	3428.06	289271	289257	13.3827	1556	6955	4381	8	0.0001 Colloc0 1556 41944 0.017943 306.82
320	1	3532.07	289883	289871	12.7928	1564	6804	4532	9	0.0001 Colloc0 1564 41961 0.0543336 263.062
330	1	3636.01	290296	290282	13.1683	1588	6792	4544	7	0.0001 Colloc0 1588 41918 0.0435459 290.715
340	1	3741.49	290234	290221	13.2273	1568	6654	4682	7	0.0001 Colloc0 1568 41886 0.0249982 295.123
350	1	3852.21	290153	290140	13.4088	1605	6704	4632	7	0.0001 Colloc0 1605 41863 0.0320351 308.793
360	1	3963.08	289315	289302	13.1694	1596	6807	4529	7	0.0001 Colloc0 1596 41796 0.0406767 290.799
370	1	4068.8	289423	289410	12.8133	1596	6894	4442	6	0.0001 Colloc0 1596 41826 0.0602885 264.551
380	1	4178.82	289485	289472	13.0841	1591	6788	4548	8	0.0001 Colloc0 1591 41735 0.0599088 284.452
390	1	4288.69	288833	288820	12.8763	1639	6847	4489	7	0.0001 Colloc0 1639 41644 0.065908 269.148
400	1	4395.78	287773	287760	12.8781	1594	6982	4354	7	0.0001 Colloc0 1594 41519 0.045048 269.28
410	1	4507.06	287356	287343	13.1209	1609	7068	4268	8	0.0001 Colloc0 1609 41415 0.0383937 287.182
420	1	4618.32	287459	287445	13.4037	1613	6998	4338	7	0.0001 Colloc0 1613 41356 0.0235691 308.403
430	1	4724.33	287888	287875	13.1184	1628	6830	4506	8	0.0001 Colloc0 1628 41336 0.048171 287.002
440	1	4835.1	287282	287269	13.1437	1593	6935	4401	11	0.0001 Colloc0 1593 41346 0.0386054 288.884
450	1	4944.86	286046	286033	13.1076	1607	7222	4114	8	0.0001 Colloc0 1607 41308 0.0553285 286.193
460	1	5056.49	286233	286220	13.2204	1571	7192	4144	9	0.0001 Colloc0 1571 41315 0.0371453 294.605
470	1	5165.59	285648	285634	13.3481	1598	7228	4108	11	0.0001 Colloc0 1598 41277 0.0342114 304.205
480	1	5274.15	285777	285764	13.3071	1577	7198	4138	7	0.0001 Colloc0 1577 41229 0.030048 301.117
490	1	5384.84	285559	285546	12.5341	1595	7172	4164	6	0.0001 Colloc0 1595 41210 0.0879387 244.456
500	1	5490.37	285937	285924	12.865	1624	7094	4242	8	0.0001 Colloc0 1624 41222 0.0644921 268.322
510	1	5598.06	285609	285597	12.872	1604	7122	4214	9	0.0001 Colloc0 1604 41193 0.051784 268.83
520	1	5706.28	285761	285748	13.1434	1585	7229	4107	13	0.0001 Colloc0 1585 41281 0.0327714 288.86
530	1	5817.48	284835	284823	12.5207	1590	7296	4040	8	0.0001 Colloc0 1590 41190 0.0883074 243.504
540	1	5926.79	284568	284556	12.8464	1587	7400	3936	7	0.0001 Colloc0 1587 41177 0.0566365 266.961
550	1	6037.35	284403	284390	12.9433	1569	7411	3925	7	0.0001 Colloc0 1569 41161 0.0679615 274.053
560	1	6144.99	284022	284009	12.828	1581	7492	3844	8	0.0001 Colloc0 1581 41162 0.061999 265.622
570	1	6251.99	284685	284671	13.4669	1585	7343	3993	8	0.0001 Colloc0 1585 41135 0.0227157 313.198
580	1	6360.08	284030	284017	13.4822	1583	7352	3984	8	0.0001 Colloc0 1583 41096 0.0362628 314.364
590	1	6467.78	283682	283669	12.8436	1601	7563	3773	6	0.0001 Colloc0 1601 41074 0.0658582 266.756
600	1	6575.99	283301	283288	12.6549	1586	7720	3616	7	0.0001 Colloc0 1586 41032 0.0686742 253.098
610	1	6684.27	282787	282773	13.2102	1572	7719	3617	8	0.0001 Colloc0 1572 41037 0.0309938 293.847
620	1	6792.79	282691	282678	13.0232	1609	7843	3493	8	0.0001 Colloc0 1609 40953 0.0587293 279.94
630	1	6903.26	282215	282202	12.9772	1575	7879	3457	6	0.0001 Colloc0 1575 40914 0.0486718 276.547
640	1	7014.64	282211	282199	12.5428	1612	7847	3489	7	0.0001 Colloc0 1612 40851 0.0882726 245.076
650	1	7122.36	282452	282440	12.766	1581	7766	3570	8	0.0001 Colloc0 1581 40824 0.0532241 261.115
660	1	7230.93	282122	282109	13.0038	1557	7730	3606	7	0.0001 Colloc0 1557 40809 0.0575218 278.512
670	1	7340.79	282475	282462	12.5561	1558	7655	3681	9	0.0001 Colloc0 1558 40865 0.0661246 246.019
680	1	7448.94	282684	282671	12.8414	1594	7721	3615	7	0.0001 Colloc0 1594 40833 0.0563684 266.596
690	1	7556.37	282762	282749	12.9095	1592	7618	3718	11	0.0001 Colloc0 1592 40817 0.0548936 271.577
700	1	7664.16	282854	282841	13.3559	1569	7707	3629	8	0.0001 Colloc0 1569 40842 0.0300135 304.796
710	1	7770.64	282467	282455	12.4509	1556	7767	3569	8	0.0001 Colloc0 1556 40852 0.0940921 238.555
720	1	7879.6	282486	282473	13.015	1586	7749	3587	8	0.0001 Colloc0 1586 40851 0.0665803 279.334
730	1	7987.86	282630	282617	13.0128	1593	7664	3672	8	0.0001 Colloc0 1593 40833 0.0480488 279.174
740	1	8095.69	282791	282777	13.3371	1592	7651	3685	7	0.0001 Colloc0 1592 40833 0.0311672 303.377
750	1	8203.95	281736	281723	13.324	1584	8004	3332	9	0.0001 Colloc0 1584 40795 0.0301895 302.386
760	1	8312.85	281884	281872	12.5031	1604	7923	3413	11	0.0001 Colloc0 1604 40799 0.0723979 242.253
770	1	8420.79	282043	282030	12.9119	1597	7825	3511	11	0.0001 Colloc0 1597 40814 0.0702099 271.75
780	1	8527.93	281901	281887	13.3087	1590	7842	3494	9	0.0001 Colloc0 1590 40788 0.0419882 301.234
790	1	8637.28	282224	282211	13.0361	1625	7721	3615	9	0.0001 Colloc0 1625 40777 0.0574111 280.893
800	1	8748.76	281943	281930	12.882	1608	7786	3550	8	0.0001 Colloc0 1608 40788 0.0437497 269.564
810	1	8855.72	281648	281635	12.9451	1600	7924	3412	7	0.0001 Colloc0 1600 40755 0.0689572 274.191
820	1	8961.22	281252	281239	13.0139	1627	7928	3408	7	0.0001 Colloc0 1627 40708 0.0631109 279.255
830	1	9070.47	280677	280664	12.567	1603	7916	3420	8	0.0001 Colloc0 1603 40640 0.0684761 246.796
840	1	9178.49	280488	280475	12.5865	1573	7921	3415	7	0.0001 Colloc0 1573 40621 0.0806544 248.191
850	1	9288.03	280935	280923	12.4093	1609	7807	3529	7	0.0001 Colloc0 1609 40624 0.0994349 235.621
860	1	9396.7	280587	280573	13.2435	1592	7970	3366	8	0.0001 Colloc0 1592 40616 0.0491327 296.34
870	1	9505.34	280416	280403	12.9409	1595	8013	3323	9	0.0001 Colloc0 1595 40615 0.0668525 273.878
880	1	9614.6	280700	280687	13.2446	1597	8079	3257	9	0.0001 Colloc0 1597 40659 0.0577751 296.421
890	1	9723.59	280447	280433	13.4217	1579	8094	3242	9	0.0001 Colloc0 1579 40658 0.0256036 309.766
900	1	9830.11	280262	280249	12.9264	1590	8081	3255	7	0.0001 Colloc0 1590 40595 0.0530614 272.819
910	1	9940.29	280458	280445	12.6342	1588	7917	3419	8	0.0001 Colloc0 1588 40619 0.0640487 251.61
920	1	10049.6	280358	280345	13.3169	1579	8013	3323	8	0.0001 Colloc0 1579 40606 0.0328935 301.854
930	1	10158.9	280375	280362	13.4531	1580	7923	3413	6	0.0001 Colloc0 1580 40521 0.0246187 312.155
940	1	10268.8	280457	280444	13.4738	1578	7801	3535	8	0.0001 Colloc0 1578 40545 0.0113204 313.726
950	1	10374.7	280713	280700	13.3901	1578	7824	3512	11	0.0001 Colloc0 1578 40567 0.0316185 307.375
960	1	10483.6	281168	281155	12.6615	1603	7778	3558	7	0.0001 Colloc0 1603 40560 0.0831496 253.567
970	1	10593.6	281046	281033	13.0118	1597	7626	3710	9	0.0001 Colloc0 1597 40500 0.0475302 279.104
980	1	10703.3	280798	280785	12.756	1582	7743	3593	7	0.0001 Colloc0 1582 40467 0.0577874 260.39
990	1	10812.7	280802	280788	13.6434	1613	7857	3479	7	0.0001 Colloc0 1613 40476 0.0263049 326.682
1000	1	10924.3	280755	280742	13.1266	1595	7830	3506	8	0.0001 Colloc0 1595 40495 0.0383692 287.608
1010	1	11033.7	279465	279452	13.0808	1576	8147	3189	7	0.0001 Colloc0 1576 40423 0.0446674 284.208
1020	1	11143.6	279075	279062	12.3165	1579	8220	3116	9	0.0001 Colloc0 1579 40417 0.0743373 229.108
