# D = 0, E = 1, I = 1, P = 1, R = -1, n = 2000, N = 1, P = 1, w = 1, a = 0.0001, b = 10000, e = 1, f = 1, g = 100, h = 0.01, r = 7000, s = 1, S = 0, x = 10, m = 100, Z = 1, z = 0, T = 1, t = 1
# 122465 tokens in 11336 sentences
#
# It	Temp	Time	-logP	-logPcorpus	-logPrior	tables	same	changed	reject	default_pya	(parent pym pyn pya pyb)*
0	1	10.4014	366401	366287	113.764	7828	0	11336	0	0.0001 Colloc0 7828 46055 0.0001 10000
10	1	142.179	318661	318647	14.2703	2263	4425	6911	5	0.0001 Colloc0 2263 43732 0.0825803 375.56
20	1	257.912	312375	312361	14.2414	1833	4992	6344	7	0.0001 Colloc0 1833 43633 0.0238963 373.276
30	1	367.766	307599	307585	14.0071	1694	5386	5950	5	0.0001 Colloc0 1694 43291 0.00385494 354.859
40	1	480.952	305997	305983	13.9472	1692	5512	5824	6	0.0001 Colloc0 1692 43225 0.00515322 350.181
50	1	593.236	304264	304250	13.7409	1635	5580	5756	6	0.0001 Colloc0 1635 43116 0.00607872 334.178
60	1	705.382	302734	302721	12.9238	1623	5775	5561	3	0.0001 Colloc0 1623 43048 0.0614199 272.628
70	1	818.255	301516	301503	13.3772	1599	5936	5400	4	0.0001 Colloc0 1599 42922 0.00989815 306.401
80	1	930.825	300026	300012	13.3546	1594	6157	5179	2	0.0001 Colloc0 1594 42809 0.0129171 304.698
90	1	1043.27	299002	298988	13.3207	1618	6289	5047	2	0.0001 Colloc0 1618 42760 0.0246022 302.138
100	1	1155.71	297469	297456	12.8922	1586	6573	4763	6	0.0001 Colloc0 1586 42616 0.0433651 270.311
110	1	1264.93	296064	296051	13.0806	1557	6664	4672	5	0.0001 Colloc0 1557 42526 0.0374293 284.19
120	1	1373.77	295024	295011	13.0742	1553	6690	4646	5	0.0001 Colloc0 1553 42439 0.0346486 283.718
130	1	1485.68	294699	294686	13.3754	1574	6750	4586	2	0.0001 Colloc0 1574 42398 0.0110548 306.263
140	1	1597.05	293811	293798	13.3201	1574	6976	4360	5	0.0001 Colloc0 1574 42275 0.00800897 302.095
150	1	1708.54	293668	293655	13.0485	1583	6935	4401	5	0.0001 Colloc0 1583 42295 0.028487 281.815
160	1	1820.64	293360	293347	12.7238	1607	7111	4225	7	0.0001 Colloc0 1607 42269 0.0634354 258.063
170	1	1933.22	292601	292588	13.3654	1584	7250	4086	11	0.0001 Colloc0 1584 42218 0.017282 305.509
180	1	2044.24	292317	292304	13.0997	1579	7196	4140	8	0.0001 Colloc0 1579 42105 0.0364301 285.611
190	1	2155.93	292246	292233	12.9329	1590	7254	4082	7	0.0001 Colloc0 1590 42085 0.0612609 273.295
200	1	2262.87	291514	291501	13.1021	1556	7101	4235	8	0.0001 Colloc0 1556 41981 0.0175156 285.79
210	1	2372.72	292003	291990	13.133	1547	7024	4312	4	0.0001 Colloc0 1547 41980 0.0316242 288.083
220	1	2481.87	292116	292103	12.7242	1617	7108	4228	4	0.0001 Colloc0 1617 41981 0.0700247 258.091
230	1	2591.88	291313	291299	13.4354	1576	7206	4130	1	0.0001 Colloc0 1576 41974 0.00799769 310.807
240	1	2699.4	290258	290245	13.0443	1563	7422	3914	2	0.0001 Colloc0 1563 41939 0.0371663 281.504
250	1	2809.22	290741	290729	12.7215	1620	7301	4035	2	0.0001 Colloc0 1620 41890 0.0628287 257.897
260	1	2920.46	291231	291218	13.4064	1602	7250	4086	2	0.0001 Colloc0 1602 41886 0.0205233 308.611
270	1	3031.68	290794	290781	13.0722	1584	7508	3828	3	0.0001 Colloc0 1584 41920 0.0280688 283.567
280	1	3142.89	290245	290232	12.7161	1604	7487	3849	4	0.0001 Colloc0 1604 41869 0.0686762 257.501
290	1	3248.56	290256	290243	12.9633	1583	7433	3903	3	0.0001 Colloc0 1583 41852 0.0549487 275.528
300	1	3353.07	290152	290138	13.5275	1585	7307	4029	2	0.0001 Colloc0 1585 41857 0.0181059 317.809
310	1	3457.24	289612	289599	13.3532	1580	7322	4014	2	0.0001 Colloc0 1580 41774 0.0552847 304.59
320	1	3567.71	289455	289441	13.8175	1566	7294	4042	3	0.0001 Colloc0 1566 41772 0.0089553 340.099
330	1	3679.15	288990	288977	13.1326	1568	7438	3898	4	0.0001 Colloc0 1568 41731 0.0505675 288.058
340	1	3791.4	288543	288530	12.6565	1588	7577	3759	3	0.0001 Colloc0 1588 41732 0.0566131 253.213
350	1	3902.09	287734	287721	12.9748	1555	7635	3701	2	0.0001 Colloc0 1555 41698 0.0532594 276.37
360	1	4005.78	287040	287027	12.6772	1568	7734	3602	3	0.0001 Colloc0 1568 41577 0.0733406 254.696
370	1	4108.47	287308	287294	13.3	1575	7653	3683	3	0.0001 Colloc0 1575 41522 0.0211739 300.579
380	1	4218.65	287040	287026	13.3616	1554	7632	3704	5	0.0001 Colloc0 1554 41495 0.027337 305.224
390	1	4329.2	286839	286826	13.2891	1549	7737	3599	6	0.0001 Colloc0 1549 41549 0.0165163 299.762
400	1	4439.88	287394	287381	13.0779	1589	7589	3747	3	0.0001 Colloc0 1589 41486 0.0392806 283.993
410	1	4550.56	287135	287122	13.1813	1573	7653	3683	4	0.0001 Colloc0 1573 41437 0.0336897 291.687
420	1	4661.74	287515	287502	13.4088	1601	7605	3731	6	0.0001 Colloc0 1601 41426 0.0303734 308.795
430	1	4771.76	287027	287015	12.4097	1575	7647	3689	4	0.0001 Colloc0 1575 41435 0.066177 235.643
440	1	4882.83	286918	286905	13.0535	1591	7680	3656	5	0.0001 Colloc0 1591 41436 0.0404485 282.182
450	1	4993.11	284615	284602	12.6945	1538	8026	3310	5	0.0001 Colloc0 1538 41248 0.062942 255.944
460	1	5102.96	284756	284743	12.7321	1565	7776	3560	5	0.0001 Colloc0 1565 41244 0.0761759 258.661
470	1	5209.16	284558	284545	12.9867	1536	7807	3529	4	0.0001 Colloc0 1536 41240 0.0431806 277.252
480	1	5314.56	284102	284089	13.0326	1533	7900	3436	6	0.0001 Colloc0 1533 41235 0.0337473 280.637
490	1	5423.55	284158	284145	13.0371	1561	7911	3425	6	0.0001 Colloc0 1561 41227 0.0447757 280.969
500	1	5533.6	283990	283977	12.8847	1551	7934	3402	4	0.0001 Colloc0 1551 41197 0.0619929 269.764
510	1	5642.85	283521	283509	12.9005	1539	8002	3334	4	0.0001 Colloc0 1539 41115 0.0493197 270.92
520	1	5753.19	284007	283994	12.7126	1562	7708	3628	4	0.0001 Colloc0 1562 41092 0.0735562 257.253
530	1	5864.06	284320	284308	12.5171	1557	7728	3608	4	0.0001 Colloc0 1557 41074 0.070111 243.243
540	1	5971.54	283485	283472	12.9367	1549	7874	3462	4	0.0001 Colloc0 1549 41068 0.0452348 273.57
550	1	6074.81	282666	282654	12.493	1546	8213	3123	6	0.0001 Colloc0 1546 41036 0.0927101 241.533
560	1	6182.71	282599	282587	12.7614	1553	8167	3169	6	0.0001 Colloc0 1553 41020 0.0758618 260.781
570	1	6292.35	283067	283054	12.8327	1541	8039	3297	3	0.0001 Colloc0 1541 41047 0.0522902 265.961
580	1	6396.1	283249	283236	12.8552	1560	7974	3362	5	0.0001 Colloc0 1560 40999 0.0516875 267.604
590	1	6506.18	283284	283271	13.3044	1510	7785	3551	6	0.0001 Colloc0 1510 40983 0.0143463 300.908
600	1	6616.86	283409	283396	12.9621	1579	7792	3544	6	0.0001 Colloc0 1579 40972 0.0517693 275.441
610	1	6728.09	283560	283547	12.847	1567	7806	3530	5	0.0001 Colloc0 1567 40969 0.0569521 267.008
620	1	6837.81	283354	283341	13.1413	1580	7840	3496	5	0.0001 Colloc0 1580 40932 0.0525775 288.703
630	1	6946.49	282781	282768	13.1169	1564	8044	3292	4	0.0001 Colloc0 1564 40893 0.0396846 286.889
640	1	7055.8	282456	282443	12.9305	1554	7930	3406	5	0.0001 Colloc0 1554 40818 0.0330682 273.12
650	1	7165.8	281625	281612	12.8107	1528	8211	3125	6	0.0001 Colloc0 1528 40843 0.0444922 264.364
660	1	7274.95	282176	282163	13.5025	1556	8104	3232	5	0.0001 Colloc0 1556 40825 0.00803515 315.909
670	1	7384.87	281320	281307	13.0129	1550	8199	3137	5	0.0001 Colloc0 1550 40768 0.0496412 279.179
680	1	7494.31	281260	281247	12.7571	1557	8192	3144	7	0.0001 Colloc0 1557 40759 0.0630567 260.471
690	1	7604.2	280946	280934	12.9235	1552	8343	2993	6	0.0001 Colloc0 1552 40783 0.0445689 272.604
700	1	7715.47	280778	280766	12.659	1544	8402	2934	6	0.0001 Colloc0 1544 40769 0.0637668 253.392
710	1	7825.82	279950	279937	12.7482	1529	8432	2904	4	0.0001 Colloc0 1529 40685 0.0656635 259.828
720	1	7937.07	279975	279962	12.7455	1533	8397	2939	3	0.0001 Colloc0 1533 40681 0.0716767 259.628
730	1	8043.68	280433	280420	12.2095	1552	8250	3086	3	0.0001 Colloc0 1552 40693 0.110479 221.674
740	1	8148.21	279719	279706	13.016	1544	8374	2962	3	0.0001 Colloc0 1544 40534 0.042637 279.41
750	1	8255.43	279625	279613	12.4767	1533	8350	2986	3	0.0001 Colloc0 1533 40519 0.0636114 240.375
760	1	8361.92	278929	278916	12.7445	1540	8471	2865	5	0.0001 Colloc0 1540 40471 0.0745785 259.56
770	1	8471.63	279033	279020	12.4311	1549	8488	2848	3	0.0001 Colloc0 1549 40476 0.0927568 237.158
780	1	8581.19	278837	278824	12.9012	1535	8528	2808	4	0.0001 Colloc0 1535 40462 0.0486235 270.966
790	1	8690.29	279162	279149	12.849	1537	8416	2920	5	0.0001 Colloc0 1537 40485 0.0565202 267.155
800	1	8800.44	279306	279293	12.746	1555	8276	3060	4	0.0001 Colloc0 1555 40488 0.0738465 259.664
810	1	8911.16	278638	278625	12.7125	1521	8451	2885	2	0.0001 Colloc0 1521 40473 0.0514577 257.245
820	1	9020.4	278292	278279	13.0231	1515	8612	2724	4	0.0001 Colloc0 1515 40453 0.0488799 279.938
830	1	9131.12	278727	278714	12.6466	1527	8481	2855	3	0.0001 Colloc0 1527 40476 0.0678004 252.497
840	1	9242.18	278514	278501	12.7599	1564	8576	2760	4	0.0001 Colloc0 1564 40445 0.0754343 260.672
850	1	9349.98	278600	278587	12.9773	1528	8548	2788	3	0.0001 Colloc0 1528 40452 0.0500113 276.555
860	1	9460.22	278046	278033	12.5199	1516	8645	2691	4	0.0001 Colloc0 1516 40435 0.0771435 243.444
870	1	9568.91	278029	278016	13.0802	1515	8624	2712	6	0.0001 Colloc0 1515 40415 0.035232 284.16
880	1	9679.83	278299	278286	12.5853	1524	8579	2757	2	0.0001 Colloc0 1524 40379 0.0609183 248.109
890	1	9786.12	278317	278304	12.9891	1526	8537	2799	4	0.0001 Colloc0 1526 40441 0.0423316 277.424
900	1	9894.52	278199	278186	12.7499	1523	8500	2836	3	0.0001 Colloc0 1523 40410 0.0705519 259.947
910	1	10003.3	277778	277765	12.5019	1523	8546	2790	2	0.0001 Colloc0 1523 40385 0.0817225 242.164
920	1	10108.5	278232	278219	12.6457	1544	8481	2855	6	0.0001 Colloc0 1544 40356 0.0811419 252.433
930	1	10216.9	277755	277742	13.1312	1532	8677	2659	3	0.0001 Colloc0 1532 40392 0.0386362 287.949
940	1	10326.4	277763	277751	12.453	1556	8761	2575	2	0.0001 Colloc0 1556 40364 0.0819655 238.704
950	1	10436.6	278092	278079	12.7923	1551	8675	2661	3	0.0001 Colloc0 1551 40405 0.0563259 263.025
960	1	10546.3	277287	277274	12.7853	1527	8834	2502	2	0.0001 Colloc0 1527 40387 0.0610449 262.513
970	1	10655.4	277578	277566	12.0994	1516	8794	2542	4	0.0001 Colloc0 1516 40329 0.102018 214.106
980	1	10760.2	277125	277112	12.5873	1530	8967	2369	2	0.0001 Colloc0 1530 40327 0.0795616 248.245
990	1	10866.7	276820	276807	12.6581	1535	9059	2277	4	0.0001 Colloc0 1535 40358 0.0449762 253.327
1000	1	10977.1	276911	276898	12.9811	1507	8929	2407	2	0.0001 Colloc0 1507 40350 0.0449534 276.837
1010	1	11081.2	277339	277327	12.5381	1540	8746	2590	2	0.0001 Colloc0 1540 40274 0.0707848 244.741
1020	1	11185.9	277218	277205	12.9703	1514	8924	2412	3	0.0001 Colloc0 1514 40346 0.0463111 276.043
1030	1	11296.8	277226	277213	12.6126	1524	8847	2489	4	0.0001 Colloc0 1524 40336 0.0619257 250.062
1040	1	11406.5	277375	277363	12.254	1552	8702	2634	3	0.0001 Colloc0 1552 40296 0.0945997 224.762
1050	1	11516.4	277120	277108	12.8295	1533	8742	2594	4	0.0001 Colloc0 1533 40287 0.045685 265.731
1060	1	11626	276968	276956	12.3466	1535	8869	2467	3	0.0001 Colloc0 1535 40316 0.0821854 231.218
1070	1	11734.8	276987	276974	12.8494	1528	8800	2536	6	0.0001 Colloc0 1528 40290 0.0477122 267.183
1080	1	11843.4	276760	276747	12.7148	1535	8862	2474	3	0.0001 Colloc0 1535 40260 0.0605965 257.407
1090	1	11953	277078	277066	12.6034	1530	8703	2633	5	0.0001 Colloc0 1530 40271 0.0861466 249.399
1100	1	12060.9	277323	277311	12.434	1539	8698	2638	3	0.0001 Colloc0 1539 40299 0.0764222 237.359
1110	1	12170.7	277229	277216	12.8646	1531	8705	2631	3	0.0001 Colloc0 1531 40275 0.0556289 268.293
1120	1	12280.6	277323	277310	12.5342	1554	8714	2622	3	0.0001 Colloc0 1554 40217 0.0921566 244.463
1130	1	12390.8	277512	277500	12.4096	1553	8720	2616	2	0.0001 Colloc0 1553 40182 0.0860678 235.641
1140	1	12500.8	277138	277125	12.6914	1521	8776	2560	2	0.0001 Colloc0 1521 40189 0.0558869 255.725
1150	1	12604.5	277103	277090	12.6952	1564	8913	2423	2	0.0001 Colloc0 1564 40247 0.061302 255.997
1160	1	12712.6	276775	276762	12.4552	1546	8958	2378	4	0.0001 Colloc0 1546 40231 0.0839257 238.857
1170	1	12823.8	276787	276774	12.5177	1532	8862	2474	5	0.0001 Colloc0 1532 40185 0.0840035 243.288
1180	1	12934.5	276855	276842	13.1262	1548	9000	2336	4	0.0001 Colloc0 1548 40216 0.0488986 287.581
1190	1	13041.6	276767	276754	12.9684	1513	9094	2242	3	0.0001 Colloc0 1513 40254 0.0318848 275.9
1200	1	13144.7	276322	276309	12.7224	1518	9219	2117	4	0.0001 Colloc0 1518 40216 0.0525572 257.957
1210	1	13247.8	276304	276292	12.6514	1506	9216	2120	4	0.0001 Colloc0 1506 40215 0.0508145 252.843
1220	1	13350.2	276423	276411	12.4564	1520	9115	2221	5	0.0001 Colloc0 1520 40194 0.0799553 238.942
1230	1	13452.3	276697	276684	13.1358	1534	9080	2256	4	0.0001 Colloc0 1534 40235 0.0220347 288.292
1240	1	13554.8	276602	276589	12.7072	1535	9095	2241	5	0.0001 Colloc0 1535 40214 0.0516359 256.861
1250	1	13663.8	277023	277010	13.4206	1549	9048	2288	2	0.0001 Colloc0 1549 40210 0.021077 309.689
1260	1	13774.5	276617	276604	12.878	1533	9124	2212	6	0.0001 Colloc0 1533 40233 0.043166 269.271
1270	1	13881.8	276704	276691	13.2405	1521	9089	2247	2	0.0001 Colloc0 1521 40220 0.0272931 296.113
1280	1	13989.3	276991	276978	13.066	1531	8988	2348	4	0.0001 Colloc0 1531 40186 0.0369681 283.106
1290	1	14099.4	276126	276113	12.5807	1524	9127	2209	3	0.0001 Colloc0 1524 40145 0.0682724 247.777
1300	1	14205.2	276225	276212	12.9637	1550	9146	2190	4	0.0001 Colloc0 1550 40137 0.0473499 275.554
1310	1	14315.7	275677	275665	12.5549	1558	9180	2156	2	0.0001 Colloc0 1558 40108 0.0843018 245.938
1320	1	14425.8	275697	275684	12.9791	1516	9197	2139	5	0.0001 Colloc0 1516 40109 0.0415789 276.689
1330	1	14528.2	275268	275255	12.9012	1520	9349	1987	3	0.0001 Colloc0 1520 40078 0.0469736 270.968
1340	1	14631.1	275050	275038	12.6007	1514	9340	1996	2	0.0001 Colloc0 1514 40071 0.0823077 249.207
1350	1	14741.6	275414	275401	12.8603	1509	9184	2152	2	0.0001 Colloc0 1509 40107 0.0367161 267.979
1360	1	14849.9	275585	275573	12.755	1521	9187	2149	3	0.0001 Colloc0 1521 40103 0.0461292 260.318
1370	1	14959	276031	276018	12.9894	1527	9049	2287	2	0.0001 Colloc0 1527 40133 0.0333306 277.45
1380	1	15069.1	276023	276010	12.9578	1523	9018	2318	4	0.0001 Colloc0 1523 40048 0.0274094 275.125
1390	1	15177.8	275877	275864	12.9449	1499	9130	2206	4	0.0001 Colloc0 1499 40083 0.045702 274.177
1400	1	15287.1	276039	276026	12.7097	1550	8988	2348	2	0.0001 Colloc0 1550 40074 0.0757499 257.043
1410	1	15397.6	275844	275831	12.8755	1531	9044	2292	3	0.0001 Colloc0 1531 40059 0.0497818 269.087
1420	1	15503.7	275636	275623	12.6681	1552	9120	2216	3	0.0001 Colloc0 1552 40038 0.0743987 254.044
1430	1	15613.1	275333	275320	12.8746	1521	9311	2025	3	0.0001 Colloc0 1521 40095 0.0290338 269.024
1440	1	15721.5	275361	275348	12.9191	1509	9220	2116	3	0.0001 Colloc0 1509 40062 0.0379847 272.281
1450	1	15825.2	275819	275806	12.2398	1539	8996	2340	6	0.0001 Colloc0 1539 40033 0.0966108 223.775
1460	1	15933.2	276067	276054	12.2924	1553	9067	2269	4	0.0001 Colloc0 1553 40063 0.102163 227.427
1470	1	16035.9	276431	276419	12.7483	1537	8813	2523	5	0.0001 Colloc0 1537 40031 0.055832 259.834
1480	1	16141	276460	276447	13.0432	1546	8849	2487	5	0.0001 Colloc0 1546 40029 0.036634 281.421
1490	1	16251.4	277208	277195	13.0336	1551	8635	2701	3	0.0001 Colloc0 1551 40033 0.0541928 280.713
1500	1	16362	276783	276771	12.2447	1550	8676	2660	8	0.0001 Colloc0 1550 40020 0.0956874 224.115
1510	1	16470.5	276153	276140	12.6572	1535	8861	2475	3	0.0001 Colloc0 1535 39954 0.04623 253.257
1520	1	16573.6	276416	276403	13.0853	1546	8692	2644	3	0.0001 Colloc0 1546 39928 0.05043 284.54
1530	1	16680.6	275473	275460	12.8457	1516	8990	2346	2	0.0001 Colloc0 1516 39924 0.0386758 266.912
1540	1	16790.5	275507	275493	13.2898	1549	9029	2307	4	0.0001 Colloc0 1549 39886 0.0199299 299.811
1550	1	16900.9	275474	275461	13.3705	1521	9048	2288	2	0.0001 Colloc0 1521 39923 0.016761 305.897
1560	1	17010.5	275670	275658	12.4	1532	9019	2317	4	0.0001 Colloc0 1532 39929 0.0849293 234.965
1570	1	17119	276223	276210	13.0484	1538	8923	2413	5	0.0001 Colloc0 1538 39942 0.0321096 281.805
1580	1	17228.4	276421	276408	13.2239	1582	8785	2551	3	0.0001 Colloc0 1582 39917 0.0390293 294.868
1590	1	17338.4	275920	275907	13.0462	1559	8879	2457	4	0.0001 Colloc0 1559 39829 0.0349716 281.645
1600	1	17441	276122	276109	12.4979	1570	8889	2447	6	0.0001 Colloc0 1570 39804 0.0673793 241.879
1610	1	17543.4	275619	275607	12.832	1569	9042	2294	5	0.0001 Colloc0 1569 39833 0.0618458 265.914
1620	1	17651.1	275485	275473	12.6401	1538	9000	2336	7	0.0001 Colloc0 1538 39801 0.0517102 252.028
1630	1	17758.9	275846	275833	12.8929	1532	8965	2371	4	0.0001 Colloc0 1532 39866 0.0399177 270.364
1640	1	17867.7	275547	275533	13.2165	1540	8993	2343	4	0.0001 Colloc0 1540 39826 0.016976 294.314
1650	1	17976.6	275525	275512	12.7685	1561	9025	2311	6	0.0001 Colloc0 1561 39806 0.0653023 261.3
1660	1	18085.9	275280	275267	13.1767	1543	9085	2251	5	0.0001 Colloc0 1543 39826 0.0386355 291.342
1670	1	18196.5	274990	274978	12.5959	1548	9121	2215	4	0.0001 Colloc0 1548 39775 0.0764025 248.862
1680	1	18307.2	275012	274999	12.6925	1555	9170	2166	3	0.0001 Colloc0 1555 39788 0.0778915 255.805
1690	1	18417.6	274595	274582	12.8942	1522	9275	2061	5	0.0001 Colloc0 1522 39799 0.0555588 270.455
1700	1	18528.1	274625	274613	12.5801	1536	9318	2018	3	0.0001 Colloc0 1536 39763 0.0669209 247.731
1710	1	18640.4	274589	274576	12.7976	1551	9249	2087	3	0.0001 Colloc0 1551 39785 0.080441 263.412
1720	1	18747.2	274662	274650	12.7118	1535	9241	2095	5	0.0001 Colloc0 1535 39770 0.0527573 257.194
1730	1	18850	274879	274866	12.9989	1537	9145	2191	2	0.0001 Colloc0 1537 39780 0.0379583 278.148
1740	1	18953	274955	274942	13.239	1514	9094	2242	4	0.0001 Colloc0 1514 39774 0.00969378 296.001
1750	1	19064.4	275294	275281	12.8308	1552	9080	2256	3	0.0001 Colloc0 1552 39760 0.0595976 265.827
1760	1	19176.2	275115	275102	12.9162	1559	9109	2227	2	0.0001 Colloc0 1559 39783 0.0492584 272.065
1770	1	19287.3	274788	274775	12.9216	1523	9160	2176	5	0.0001 Colloc0 1523 39781 0.0423856 272.467
1780	1	19397.5	274980	274966	13.1401	1539	9089	2247	2	0.0001 Colloc0 1539 39763 0.0453818 288.616
1790	1	19508.5	274838	274826	12.5435	1540	9170	2166	5	0.0001 Colloc0 1540 39778 0.0648981 245.125
1800	1	19618.3	274447	274434	13.1935	1520	9265	2071	3	0.0001 Colloc0 1520 39788 0.0249935 292.6
1810	1	19729.1	274379	274366	12.8399	1524	9264	2072	5	0.0001 Colloc0 1524 39807 0.0532316 266.489
1820	1	19838.8	274642	274629	12.9857	1542	9207	2129	3	0.0001 Colloc0 1542 39803 0.0373806 277.175
1830	1	19941.4	274855	274842	12.8831	1531	9184	2152	2	0.0001 Colloc0 1531 39760 0.0483863 269.642
1840	1	20048.7	274332	274320	12.7315	1555	9318	2018	3	0.0001 Colloc0 1555 39746 0.0652676 258.621
1850	1	20157	274295	274282	12.7223	1536	9336	2000	5	0.0001 Colloc0 1536 39770 0.057253 257.951
1860	1	20265.6	274214	274201	12.9688	1523	9332	2004	4	0.0001 Colloc0 1523 39738 0.0430034 275.93
1870	1	20375.8	274488	274475	13.1464	1542	9294	2042	5	0.0001 Colloc0 1542 39687 0.0418403 289.084
1880	1	20479.2	274374	274361	12.8886	1537	9267	2069	4	0.0001 Colloc0 1537 39658 0.035616 270.049
1890	1	20588.8	274424	274411	12.8606	1545	9204	2132	4	0.0001 Colloc0 1545 39633 0.0471948 267.997
1900	1	20698.7	274350	274337	12.8426	1551	9249	2087	5	0.0001 Colloc0 1551 39592 0.0572314 266.686
1910	1	20808.4	273844	273832	12.6911	1546	9353	1983	4	0.0001 Colloc0 1546 39584 0.071101 255.697
1920	1	20918.8	273998	273985	12.693	1529	9322	2014	4	0.0001 Colloc0 1529 39528 0.0535612 255.84
1930	1	21027.2	274073	274060	13.2574	1565	9224	2112	5	0.0001 Colloc0 1565 39554 0.04635 297.384
1940	1	21138.9	274028	274015	12.6931	1560	9220	2116	6	0.0001 Colloc0 1560 39560 0.067131 255.846
1950	1	21243.4	273489	273476	13.2143	1525	9366	1970	4	0.0001 Colloc0 1525 39508 0.0234313 294.154
1960	1	21352	273599	273586	13.0745	1527	9353	1983	6	0.0001 Colloc0 1527 39530 0.0389478 283.737
1970	1	21463.3	273659	273647	12.236	1545	9381	1955	5	0.0001 Colloc0 1545 39546 0.0906536 223.509
1980	1	21573.1	273754	273741	13.076	1530	9320	2016	3	0.0001 Colloc0 1530 39569 0.0285719 283.853
1990	1	21680.5	273797	273785	12.7952	1543	9297	2039	6	0.0001 Colloc0 1543 39560 0.0686806 263.232
2000	1	21788.8	273411	273398	13.0202	1530	9402	1934	6	0.0001 Colloc0 1530 39576 0.035601 279.719
