# D = 0, E = 1, I = 1, P = 1, R = -1, n = 2000, N = 1, P = 1, w = 1, a = 0.0001, b = 10000, e = 1, f = 1, g = 100, h = 0.01, r = 7969, s = 1, S = 0, x = 10, m = 100, Z = 1, z = 0, T = 1, t = 1
# 122465 tokens in 11336 sentences
#
# It	Temp	Time	-logP	-logPcorpus	-logPrior	tables	same	changed	reject	default_pya	(parent pym pyn pya pyb)*
0	1	11.3333	398071	397958	113.764	9305	0	11336	0	0.0001 Colloc0 9305 50253 0.0001 10000
10	1	156.554	332222	332209	13.6111	2379	3899	7437	7	0.0001 Colloc0 2379 45609 0.116978 324.204
20	1	274.151	325520	325505	14.5987	1880	4462	6874	3	0.0001 Colloc0 1880 45396 0.00359961 401.734
30	1	384.951	319718	319704	14.0693	1752	4660	6676	6	0.0001 Colloc0 1752 44974 0.0127309 359.726
40	1	497.751	317452	317438	13.653	1673	4970	6366	4	0.0001 Colloc0 1673 44879 0.0100402 327.419
50	1	608.357	314456	314442	13.717	1709	5209	6127	4	0.0001 Colloc0 1709 44710 0.0280815 332.34
60	1	718.755	312240	312226	13.2112	1650	5410	5926	5	0.0001 Colloc0 1650 44520 0.0341814 293.917
70	1	826.429	309804	309790	13.1473	1599	5653	5683	6	0.0001 Colloc0 1599 44336 0.0140115 289.15
80	1	937.874	307891	307878	13.3232	1595	6051	5285	8	0.0001 Colloc0 1595 44244 0.0177852 302.331
90	1	1051.17	307404	307390	13.3662	1624	5998	5338	5	0.0001 Colloc0 1624 44172 0.0192925 305.574
100	1	1164.15	304614	304601	13.3014	1564	6448	4888	4	0.0001 Colloc0 1564 44097 0.0237368 300.686
110	1	1276.35	301612	301599	13.0916	1537	6653	4683	7	0.0001 Colloc0 1537 43816 0.017747 285.007
120	1	1387.84	300536	300523	13.1641	1561	6819	4517	5	0.0001 Colloc0 1561 43660 0.0263645 290.399
130	1	1499.46	299340	299327	12.3578	1572	6975	4361	4	0.0001 Colloc0 1572 43567 0.0783031 231.997
140	1	1608.67	298078	298064	13.0408	1567	7205	4131	7	0.0001 Colloc0 1567 43418 0.0390274 281.242
150	1	1717.65	297656	297643	12.7651	1566	7134	4202	8	0.0001 Colloc0 1566 43365 0.0556655 261.047
160	1	1823.3	296762	296749	13.23	1540	7424	3912	5	0.0001 Colloc0 1540 43366 0.0213931 295.33
170	1	1933.29	296036	296023	12.5741	1523	7603	3733	7	0.0001 Colloc0 1523 43303 0.055456 247.307
180	1	2039.52	295741	295729	12.3558	1545	7688	3648	6	0.0001 Colloc0 1545 43295 0.0902504 231.86
190	1	2145.14	294987	294975	12.7919	1557	7845	3491	7	0.0001 Colloc0 1557 43222 0.0516761 262.996
200	1	2255.6	294878	294865	12.8793	1559	7785	3551	4	0.0001 Colloc0 1559 43191 0.0426892 269.369
210	1	2361.63	294306	294294	12.5026	1546	7916	3420	6	0.0001 Colloc0 1546 43128 0.0640586 242.218
220	1	2470.2	294380	294367	13.1013	1555	7966	3370	4	0.0001 Colloc0 1555 43094 0.0344757 285.731
230	1	2580.13	294286	294273	12.8004	1554	7922	3414	7	0.0001 Colloc0 1554 43115 0.0669252 263.612
240	1	2689.1	294033	294020	12.6632	1543	7971	3365	8	0.0001 Colloc0 1543 43112 0.0573821 253.693
250	1	2797.19	293923	293911	12.7261	1540	7992	3344	7	0.0001 Colloc0 1540 43043 0.0797482 258.226
260	1	2906.53	293418	293405	12.8491	1540	8109	3227	7	0.0001 Colloc0 1540 43079 0.0708837 267.163
270	1	3018.23	292847	292834	12.7532	1515	8166	3170	7	0.0001 Colloc0 1515 43062 0.050615 260.186
280	1	3125.92	292820	292808	12.3291	1525	8068	3268	7	0.0001 Colloc0 1525 42935 0.0794849 229.991
290	1	3234.76	289632	289619	12.8348	1512	8321	3015	7	0.0001 Colloc0 1512 42580 0.0276349 266.119
300	1	3342.46	289354	289341	13.0119	1520	8407	2929	6	0.0001 Colloc0 1520 42526 0.032028 279.108
310	1	3453.23	289231	289218	12.4914	1525	8344	2992	7	0.0001 Colloc0 1525 42470 0.060502 241.419
320	1	3562.8	289013	289001	12.3752	1521	8294	3042	7	0.0001 Colloc0 1521 42395 0.0740257 233.222
330	1	3672.5	288796	288783	12.9476	1495	8109	3227	5	0.0001 Colloc0 1495 42394 0.0352201 274.376
340	1	3777.6	288203	288190	12.7116	1486	8310	3026	6	0.0001 Colloc0 1486 42379 0.0594545 257.179
350	1	3885.09	287524	287511	12.9642	1487	8288	3048	8	0.0001 Colloc0 1487 42302 0.023553 275.59
360	1	3992.58	286807	286794	12.5815	1491	8407	2929	5	0.0001 Colloc0 1491 42267 0.0633723 247.835
370	1	4101.87	286740	286727	12.6226	1490	8466	2870	5	0.0001 Colloc0 1490 42260 0.0545517 250.772
380	1	4209.86	286052	286039	12.9842	1506	8609	2727	7	0.0001 Colloc0 1506 42135 0.0464134 277.068
390	1	4317.62	285781	285769	12.3142	1475	8696	2640	8	0.0001 Colloc0 1475 42159 0.0657918 228.948
400	1	4426.36	285929	285917	12.813	1489	8690	2646	9	0.0001 Colloc0 1489 42165 0.0379412 264.533
410	1	4535.71	286306	286293	12.7565	1511	8524	2812	6	0.0001 Colloc0 1511 42100 0.058215 260.427
420	1	4645.38	285875	285862	12.8332	1491	8654	2682	7	0.0001 Colloc0 1491 42089 0.0292172 266.001
430	1	4755.28	286192	286180	12.4279	1492	8450	2886	7	0.0001 Colloc0 1492 42068 0.0804062 236.927
440	1	4864.38	286533	286521	12.1767	1527	8265	3071	7	0.0001 Colloc0 1527 41994 0.0956721 219.413
450	1	4972.66	286020	286008	12.6148	1508	8396	2940	6	0.0001 Colloc0 1508 42002 0.0627028 250.217
460	1	5081.36	286150	286137	12.7704	1492	8341	2995	6	0.0001 Colloc0 1492 42003 0.0334418 261.436
470	1	5190.96	285619	285607	12.2871	1499	8454	2882	5	0.0001 Colloc0 1499 42014 0.0895651 227.062
480	1	5294.59	285853	285840	12.6935	1492	8308	3028	7	0.0001 Colloc0 1492 41972 0.0608357 255.875
490	1	5404.56	286028	286016	12.4456	1506	8330	3006	7	0.0001 Colloc0 1506 41965 0.0730918 238.177
500	1	5514.48	286096	286083	12.7755	1504	8254	3082	8	0.0001 Colloc0 1504 41936 0.0429005 261.803
510	1	5619.92	285566	285554	12.5284	1519	8344	2992	6	0.0001 Colloc0 1519 41878 0.0672193 244.047
520	1	5725.75	285949	285936	12.4004	1514	8307	3029	7	0.0001 Colloc0 1514 41907 0.076011 234.99
530	1	5833.76	285728	285716	12.6405	1504	8386	2950	6	0.0001 Colloc0 1504 41865 0.0581966 252.057
540	1	5939.7	285341	285328	12.6644	1513	8468	2868	6	0.0001 Colloc0 1513 41848 0.0716428 253.779
550	1	6050.49	284893	284880	12.5548	1538	8581	2755	6	0.0001 Colloc0 1538 41797 0.0691682 245.925
560	1	6155.25	284363	284351	12.3405	1509	8598	2738	8	0.0001 Colloc0 1509 41741 0.0792407 230.787
570	1	6259.67	284130	284117	12.8705	1499	8704	2632	5	0.0001 Colloc0 1499 41750 0.0342894 268.722
580	1	6366.93	283627	283615	12.4071	1482	8800	2536	5	0.0001 Colloc0 1482 41729 0.0723769 235.464
590	1	6477.17	284085	284073	12.2197	1517	8634	2702	6	0.0001 Colloc0 1517 41756 0.0788417 222.385
600	1	6583.51	282800	282787	12.5982	1492	9106	2230	7	0.0001 Colloc0 1492 41721 0.036387 249.024
610	1	6693.92	282971	282959	12.4256	1530	9009	2327	5	0.0001 Colloc0 1530 41682 0.0790121 236.767
620	1	6802.89	282901	282889	12.768	1498	9037	2299	6	0.0001 Colloc0 1498 41687 0.0512108 261.263
630	1	6911.02	282617	282605	12.3851	1503	8985	2351	5	0.0001 Colloc0 1503 41609 0.0856127 233.916
640	1	7020.46	280643	280631	12.0804	1474	9166	2170	7	0.0001 Colloc0 1474 41565 0.0934806 212.811
650	1	7130.25	280510	280498	12.4135	1516	9190	2146	7	0.0001 Colloc0 1516 41495 0.105691 235.911
660	1	7239.35	280738	280726	12.6746	1503	9075	2261	5	0.0001 Colloc0 1503 41459 0.0637838 254.508
670	1	7348.23	281032	281020	12.3145	1508	9083	2253	6	0.0001 Colloc0 1508 41432 0.0897844 228.974
680	1	7458.26	280646	280635	11.8069	1523	9073	2263	5	0.0001 Colloc0 1523 41392 0.115145 194.407
690	1	7568.07	280682	280670	12.0163	1505	9090	2246	7	0.0001 Colloc0 1505 41435 0.126922 208.447
700	1	7674.76	281231	281219	12.0753	1521	8946	2390	4	0.0001 Colloc0 1521 41408 0.0986939 212.457
710	1	7784.53	281129	281117	12.5046	1495	8988	2348	5	0.0001 Colloc0 1495 41399 0.0668461 242.359
720	1	7894.56	281057	281045	12.7786	1499	8987	2349	5	0.0001 Colloc0 1499 41442 0.0402198 262.033
730	1	8004.06	281026	281014	12.5352	1526	8960	2376	6	0.0001 Colloc0 1526 41353 0.0649831 244.533
740	1	8109.41	281311	281298	12.8944	1517	8976	2360	5	0.0001 Colloc0 1517 41340 0.0639571 270.471
750	1	8215.7	281226	281214	12.6871	1499	8880	2456	4	0.0001 Colloc0 1499 41373 0.0641562 255.416
760	1	8322.24	281347	281335	12.5796	1493	8910	2426	5	0.0001 Colloc0 1493 41385 0.0622741 247.699
770	1	8431.71	280787	280774	12.6135	1511	8963	2373	5	0.0001 Colloc0 1511 41356 0.0632929 250.123
780	1	8538.63	280429	280417	11.991	1501	9135	2201	5	0.0001 Colloc0 1501 41374 0.0978917 206.732
790	1	8646.38	280336	280324	12.3478	1495	9187	2149	5	0.0001 Colloc0 1495 41338 0.0709728 231.303
800	1	8750.39	280303	280291	12.0645	1506	9291	2045	5	0.0001 Colloc0 1506 41355 0.0917649 211.724
810	1	8859.3	280515	280502	12.8433	1507	9124	2212	6	0.0001 Colloc0 1507 41313 0.0450919 266.737
820	1	8969.45	280391	280379	12.3275	1500	9161	2175	4	0.0001 Colloc0 1500 41288 0.0788862 229.88
830	1	9075.83	280777	280765	12.5089	1513	9166	2170	5	0.0001 Colloc0 1513 41299 0.0706758 242.663
840	1	9181.14	280622	280610	12.3305	1499	9175	2161	5	0.0001 Colloc0 1499 41283 0.0991266 230.089
850	1	9291.06	279766	279754	12.5149	1496	9333	2003	6	0.0001 Colloc0 1496 41223 0.0547636 243.086
860	1	9399.66	279551	279539	12.2042	1510	9319	2017	5	0.0001 Colloc0 1510 41221 0.09651 221.312
870	1	9509.39	279584	279572	12.5011	1493	9386	1950	5	0.0001 Colloc0 1493 41245 0.0691994 242.111
880	1	9620.06	279436	279424	12.5111	1511	9456	1880	5	0.0001 Colloc0 1511 41231 0.0684212 242.816
890	1	9728.94	279587	279575	12.6584	1505	9474	1862	4	0.0001 Colloc0 1505 41234 0.0672287 253.347
900	1	9839.57	279523	279510	12.3764	1502	9467	1869	5	0.0001 Colloc0 1502 41221 0.0828809 233.306
910	1	9946.43	279476	279464	12.3733	1497	9430	1906	6	0.0001 Colloc0 1497 41196 0.0785741 233.086
920	1	10056	279871	279859	12.4748	1535	9310	2026	4	0.0001 Colloc0 1535 41166 0.0724811 240.242
930	1	10163.9	279313	279300	12.5071	1513	9357	1979	6	0.0001 Colloc0 1513 41186 0.069596 242.532
940	1	10271.6	279680	279667	12.3715	1530	9295	2041	5	0.0001 Colloc0 1530 41130 0.0803767 232.961
950	1	10377.6	279392	279380	12.4929	1498	9315	2021	4	0.0001 Colloc0 1498 41142 0.0817949 241.526
960	1	10486.8	279303	279290	12.6141	1514	9379	1957	5	0.0001 Colloc0 1514 41109 0.06825 250.169
970	1	10596.7	278924	278912	12.5872	1491	9489	1847	6	0.0001 Colloc0 1491 41103 0.0462065 248.243
980	1	10706.6	278948	278935	12.6835	1495	9475	1861	7	0.0001 Colloc0 1495 41119 0.0621402 255.152
990	1	10814.7	279376	279364	12.5555	1513	9360	1976	9	0.0001 Colloc0 1513 41071 0.0783475 245.98
1000	1	10924.2	278703	278690	12.2754	1512	9500	1836	5	0.0001 Colloc0 1512 41040 0.0856887 226.249
