# D = 0, E = 1, I = 1, P = 1, R = -1, n = 2000, N = 1, P = 1, w = 1, a = 0.0001, b = 10000, e = 1, f = 1, g = 100, h = 0.01, r = 19451, s = 1, S = 0, x = 10, m = 100, Z = 1, z = 0, T = 1, t = 1
# 122465 tokens in 11336 sentences
#
# It	Temp	Time	-logP	-logPcorpus	-logPrior	tables	same	changed	reject	default_pya	(parent pym pyn pya pyb)*
0	1	10.3864	376732	376619	113.764	7999	0	11336	0	0.0001 Colloc0 7999 46807 0.0001 10000
10	1	135.958	319769	319754	15.2597	2167	4382	6954	10	0.0001 Colloc0 2167 43752 0.0232878 455.417
20	1	251.709	311798	311785	13.8895	1794	5010	6326	8	0.0001 Colloc0 1794 43404 0.0294382 345.689
30	1	366.266	308719	308705	13.7544	1718	5407	5929	8	0.0001 Colloc0 1718 43322 0.00779667 335.221
40	1	474.347	305974	305960	13.8706	1657	5771	5565	9	0.0001 Colloc0 1657 43214 0.00249103 344.216
50	1	583.572	303178	303164	13.1344	1641	6160	5176	10	0.0001 Colloc0 1641 43081 0.0400343 288.187
60	1	695.617	302377	302364	13.3615	1638	6166	5170	6	0.0001 Colloc0 1638 43024 0.000793856 305.213
70	1	805.577	300336	300323	13.583	1632	6536	4800	8	0.0001 Colloc0 1632 42906 0.0181843 322.049
80	1	914.858	299811	299797	13.4346	1597	6600	4736	7	0.0001 Colloc0 1597 42877 0.0215784 310.747
90	1	1023.9	298980	298967	13.2732	1565	6802	4534	7	0.0001 Colloc0 1565 42871 0.0212839 298.565
100	1	1136.77	298781	298768	13.1898	1572	6755	4581	6	0.0001 Colloc0 1572 42900 0.0269326 292.32
110	1	1248.12	298012	297999	13.0087	1559	6824	4512	8	0.0001 Colloc0 1559 42782 0.0353272 278.87
120	1	1357.03	298067	298054	13.3797	1560	6879	4457	5	0.0001 Colloc0 1560 42832 0.0088116 306.589
130	1	1468.32	297295	297282	13.1626	1567	7033	4303	7	0.0001 Colloc0 1567 42771 0.0343016 290.288
140	1	1579.69	297547	297534	13.1794	1578	7074	4262	8	0.0001 Colloc0 1578 42758 0.0236851 291.542
150	1	1690.89	297184	297171	12.9436	1542	7012	4324	7	0.0001 Colloc0 1542 42728 0.0237387 274.082
160	1	1803.47	296626	296613	13.332	1561	7222	4114	9	0.0001 Colloc0 1561 42708 0.0163828 302.99
170	1	1914.84	296327	296313	13.5821	1569	7319	4017	10	0.0001 Colloc0 1569 42673 0.00685048 321.979
180	1	2022.78	295983	295969	13.6206	1549	7285	4051	9	0.0001 Colloc0 1549 42634 0.00359085 324.932
190	1	2129.33	295193	295181	12.7164	1555	7368	3968	11	0.0001 Colloc0 1555 42609 0.0608584 257.525
200	1	2238.71	294586	294573	12.7763	1536	7317	4019	6	0.0001 Colloc0 1536 42592 0.0335048 261.866
210	1	2349.63	294627	294614	13.1923	1541	7314	4022	11	0.0001 Colloc0 1541 42519 0.00741791 292.507
220	1	2460.77	295408	295394	13.4901	1560	7292	4044	8	0.0001 Colloc0 1560 42556 0.0100279 314.965
230	1	2572.95	294414	294401	13.1783	1559	7439	3897	8	0.0001 Colloc0 1559 42511 0.026279 291.463
240	1	2684.68	292986	292973	12.7488	1544	7596	3740	6	0.0001 Colloc0 1544 42401 0.0477179 259.873
250	1	2792.34	292277	292265	12.943	1552	7751	3585	6	0.0001 Colloc0 1552 42346 0.0383988 274.033
260	1	2903.32	291819	291806	13.2837	1559	7867	3469	7	0.0001 Colloc0 1559 42278 0.0187909 299.357
270	1	3011.64	292351	292338	12.8603	1575	7849	3487	5	0.0001 Colloc0 1575 42301 0.0416554 267.979
280	1	3122.95	292190	292177	13.1833	1579	7882	3454	7	0.0001 Colloc0 1579 42303 0.037359 291.832
290	1	3231.97	291517	291504	13.3076	1539	7881	3455	7	0.0001 Colloc0 1539 42157 0.0115993 301.155
300	1	3343.23	290923	290911	12.8422	1548	7893	3443	6	0.0001 Colloc0 1548 42111 0.0519645 266.66
310	1	3453.34	290818	290805	13.3438	1536	7876	3460	7	0.0001 Colloc0 1536 42087 0.0103984 303.877
320	1	3560.95	290979	290966	13.255	1566	7948	3388	6	0.0001 Colloc0 1566 42092 0.0304466 297.204
330	1	3668.59	290750	290737	12.6965	1547	7895	3441	8	0.0001 Colloc0 1547 42105 0.0625453 256.087
340	1	3778.12	290541	290528	13.0477	1544	7816	3520	8	0.0001 Colloc0 1544 42095 0.0381542 281.753
350	1	3888.65	290051	290037	13.3852	1570	7965	3371	6	0.0001 Colloc0 1570 42012 0.019328 307.008
360	1	3998.4	290416	290402	13.5583	1559	7843	3493	7	0.0001 Colloc0 1559 42005 0.00205774 320.164
370	1	4105.78	290062	290050	12.9917	1558	7896	3440	7	0.0001 Colloc0 1558 41968 0.0409191 277.619
380	1	4209.92	289816	289803	12.8771	1565	7987	3349	6	0.0001 Colloc0 1565 41934 0.0447458 269.203
390	1	4317.75	289485	289472	12.9607	1557	8166	3170	9	0.0001 Colloc0 1557 41900 0.0394515 275.335
400	1	4428.85	289102	289089	12.575	1568	8272	3064	8	0.0001 Colloc0 1568 41880 0.0625757 247.368
410	1	4535.57	288690	288677	13.1927	1513	8244	3092	5	0.0001 Colloc0 1513 41842 0.0153496 292.534
420	1	4639.71	288656	288643	13.1452	1533	8138	3198	6	0.0001 Colloc0 1533 41830 0.0370654 288.991
430	1	4745.69	287875	287862	12.9222	1546	8192	3144	5	0.0001 Colloc0 1546 41761 0.0685605 272.508
440	1	4854.88	285328	285315	12.8265	1489	8515	2821	6	0.0001 Colloc0 1489 41677 0.0413993 265.511
450	1	4965.34	285509	285496	12.8783	1540	8571	2765	7	0.0001 Colloc0 1540 41657 0.0468075 269.294
460	1	5074.69	284833	284821	12.8675	1520	8738	2598	7	0.0001 Colloc0 1520 41620 0.0431387 268.504
470	1	5185.15	284986	284973	13.0885	1508	8666	2670	7	0.0001 Colloc0 1508 41594 0.0255964 284.781
480	1	5296.52	284591	284578	12.7449	1515	8683	2653	5	0.0001 Colloc0 1515 41555 0.05408 259.589
490	1	5404.72	284518	284506	12.296	1542	8703	2633	6	0.0001 Colloc0 1542 41524 0.0899813 227.684
500	1	5513.13	284233	284220	12.5448	1549	8703	2633	6	0.0001 Colloc0 1549 41442 0.0747596 245.218
510	1	5623.11	284422	284409	13.0622	1552	8682	2654	7	0.0001 Colloc0 1552 41387 0.0376673 282.826
520	1	5729.06	283846	283833	12.516	1536	8869	2467	7	0.0001 Colloc0 1536 41391 0.0748451 243.169
530	1	5834.68	283452	283439	13.0596	1547	9016	2320	6	0.0001 Colloc0 1547 41363 0.0360764 282.635
540	1	5942.23	283212	283199	12.935	1535	9079	2257	5	0.0001 Colloc0 1535 41364 0.035134 273.449
550	1	6051.11	283411	283398	12.4358	1535	8973	2363	4	0.0001 Colloc0 1535 41363 0.0778513 237.487
560	1	6160.36	283329	283316	12.9693	1533	9101	2235	5	0.0001 Colloc0 1533 41353 0.0448779 275.97
570	1	6266.24	283136	283123	12.8461	1531	9041	2295	5	0.0001 Colloc0 1531 41317 0.0481991 266.941
580	1	6370.99	283099	283086	12.5328	1535	9020	2316	7	0.0001 Colloc0 1535 41282 0.0687571 244.361
590	1	6479.85	283697	283685	12.6652	1576	9014	2322	7	0.0001 Colloc0 1576 41298 0.0736705 253.836
600	1	6585.54	283486	283474	12.6317	1573	9014	2322	6	0.0001 Colloc0 1573 41286 0.0782745 251.43
610	1	6694.73	284323	284310	12.6612	1552	8730	2606	5	0.0001 Colloc0 1552 41319 0.0564329 253.549
620	1	6803.74	283767	283754	12.8951	1553	8847	2489	4	0.0001 Colloc0 1553 41255 0.0565681 270.523
630	1	6912.58	283249	283237	12.4946	1524	8958	2378	5	0.0001 Colloc0 1524 41256 0.0716256 241.648
640	1	7022.55	283130	283117	13.0726	1562	9036	2300	8	0.0001 Colloc0 1562 41229 0.0474367 283.601
650	1	7132.77	283311	283298	13.1275	1526	8948	2388	4	0.0001 Colloc0 1526 41271 0.0272936 287.676
660	1	7240.89	280926	280914	12.4972	1532	9000	2336	6	0.0001 Colloc0 1532 40895 0.0602158 241.831
670	1	7345.84	280493	280481	12.6162	1532	9112	2224	5	0.0001 Colloc0 1532 40897 0.0599332 250.32
680	1	7455.17	280658	280646	12.4967	1571	9071	2265	7	0.0001 Colloc0 1571 40913 0.0815535 241.794
690	1	7562.4	280555	280542	12.9565	1537	9029	2307	7	0.0001 Colloc0 1537 40891 0.0349753 275.025
700	1	7669.91	280083	280070	12.7868	1542	9269	2067	5	0.0001 Colloc0 1542 40870 0.0763672 262.628
710	1	7777.12	280121	280108	12.8806	1530	9203	2133	6	0.0001 Colloc0 1530 40889 0.0571922 269.462
720	1	7885.83	279867	279854	12.546	1527	9137	2199	6	0.0001 Colloc0 1527 40853 0.0701461 245.301
730	1	7995.02	280118	280105	12.8339	1515	9133	2203	8	0.0001 Colloc0 1515 40855 0.054813 266.05
740	1	8103.56	280014	280001	12.8696	1511	9147	2189	4	0.0001 Colloc0 1511 40887 0.0314887 268.656
750	1	8212.81	280023	280010	12.497	1514	9164	2172	5	0.0001 Colloc0 1514 40810 0.0926582 241.819
760	1	8321.42	280295	280282	12.9967	1527	9018	2318	7	0.0001 Colloc0 1527 40821 0.0300994 277.989
770	1	8429.02	280116	280102	13.0811	1532	9074	2262	4	0.0001 Colloc0 1532 40788 0.0357445 284.229
780	1	8538.59	279773	279761	12.3083	1509	9077	2259	7	0.0001 Colloc0 1509 40768 0.0747618 228.541
790	1	8648.98	279493	279481	12.573	1502	9214	2122	6	0.0001 Colloc0 1502 40758 0.0732626 247.225
800	1	8759.01	279410	279398	12.5838	1516	9228	2108	7	0.0001 Colloc0 1516 40763 0.0773598 247.995
810	1	8869.33	279166	279153	13.0349	1518	9206	2130	7	0.0001 Colloc0 1518 40730 0.0371524 280.808
820	1	8979.04	279320	279307	12.8314	1521	9214	2122	4	0.0001 Colloc0 1521 40771 0.0392405 265.872
830	1	9087.85	279329	279316	12.9608	1539	9287	2049	8	0.0001 Colloc0 1539 40761 0.0302939 275.344
840	1	9197.64	279389	279377	12.6419	1536	9256	2080	7	0.0001 Colloc0 1536 40755 0.0549503 252.16
850	1	9306.92	279399	279387	12.8129	1537	9256	2080	8	0.0001 Colloc0 1537 40743 0.0580022 264.524
860	1	9416.32	279695	279682	13.0037	1518	9080	2256	8	0.0001 Colloc0 1518 40743 0.038529 278.501
870	1	9526.54	279713	279700	12.7563	1521	9032	2304	10	0.0001 Colloc0 1521 40747 0.0519492 260.409
880	1	9633.9	279364	279351	12.4449	1526	8940	2396	5	0.0001 Colloc0 1526 40679 0.0739995 238.131
890	1	9739.41	278873	278860	12.4813	1509	9074	2262	6	0.0001 Colloc0 1509 40707 0.0640256 240.702
900	1	9842.84	278712	278699	12.8228	1510	9152	2184	6	0.0001 Colloc0 1510 40658 0.0520105 265.239
910	1	9946.12	279023	279010	13.1227	1514	9181	2155	6	0.0001 Colloc0 1514 40698 0.042036 287.315
920	1	10052.5	278682	278669	12.8955	1511	9331	2005	7	0.0001 Colloc0 1511 40654 0.0411674 270.549
930	1	10156.9	278914	278902	12.7141	1526	9219	2117	6	0.0001 Colloc0 1526 40635 0.0551769 257.362
940	1	10264.7	278722	278710	12.7898	1532	9249	2087	6	0.0001 Colloc0 1532 40631 0.0642155 262.842
950	1	10372.4	279164	279151	12.4766	1530	9116	2220	6	0.0001 Colloc0 1530 40619 0.0791243 240.368
960	1	10480.8	279606	279593	13.0563	1546	9037	2299	6	0.0001 Colloc0 1546 40617 0.049961 282.388
970	1	10589.1	279649	279636	12.7939	1536	9029	2307	6	0.0001 Colloc0 1536 40579 0.0593483 263.143
980	1	10699.3	279628	279616	12.6185	1551	8981	2355	5	0.0001 Colloc0 1551 40609 0.0641152 250.485
990	1	10806	279484	279471	13.1202	1529	9047	2289	9	0.0001 Colloc0 1529 40623 0.0338418 287.134
1000	1	10909.7	279559	279545	13.2713	1541	8855	2481	8	0.0001 Colloc0 1541 40585 0.0159398 298.424
1010	1	11013.1	279246	279233	12.8353	1546	8922	2414	7	0.0001 Colloc0 1546 40490 0.0574998 266.154
1020	1	11118.5	278722	278709	12.7424	1524	9049	2287	10	0.0001 Colloc0 1524 40553 0.0630808 259.409
1030	1	11223.9	278603	278590	12.67	1526	8930	2406	9	0.0001 Colloc0 1526 40511 0.0558282 254.18
1040	1	11334.4	278555	278543	12.2491	1531	9031	2305	5	0.0001 Colloc0 1531 40513 0.0816968 224.419
1050	1	11443	278181	278168	12.694	1521	9169	2167	7	0.0001 Colloc0 1521 40553 0.0715478 255.91
1060	1	11552.1	278112	278099	12.6456	1538	9269	2067	11	0.0001 Colloc0 1538 40532 0.0533704 252.426
1070	1	11662.4	278186	278173	13.1284	1506	9253	2083	5	0.0001 Colloc0 1506 40533 0.0387766 287.741
1080	1	11770.3	278565	278552	12.4929	1548	9138	2198	7	0.0001 Colloc0 1548 40547 0.0736603 241.527
1090	1	11875.6	278833	278821	12.7352	1532	9053	2283	7	0.0001 Colloc0 1532 40517 0.0563493 258.888
1100	1	11983.8	278352	278339	12.9806	1545	9146	2190	5	0.0001 Colloc0 1545 40452 0.040973 276.803
1110	1	12093.3	278492	278480	12.4857	1556	9119	2217	5	0.0001 Colloc0 1556 40523 0.0835281 241.017
1120	1	12203.1	278421	278408	12.8496	1521	9121	2215	5	0.0001 Colloc0 1521 40510 0.0461463 267.193
1130	1	12313.1	278145	278132	12.9397	1520	9241	2095	6	0.0001 Colloc0 1520 40489 0.0467105 273.789
1140	1	12422.3	277969	277956	12.76	1520	9224	2112	5	0.0001 Colloc0 1520 40472 0.0601142 260.68
1150	1	12531.2	277911	277898	12.8883	1531	9264	2072	6	0.0001 Colloc0 1531 40503 0.0332414 270.027
1160	1	12641	277795	277782	12.5404	1526	9258	2078	5	0.0001 Colloc0 1526 40517 0.0786238 244.902
1170	1	12749.8	277824	277811	13.1256	1512	9137	2199	6	0.0001 Colloc0 1512 40425 0.0299299 287.532
1180	1	12859.8	277588	277576	12.6332	1517	9218	2118	5	0.0001 Colloc0 1517 40413 0.0734055 251.535
1190	1	12968.4	277399	277386	12.8356	1528	9346	1990	6	0.0001 Colloc0 1528 40441 0.041846 266.175
1200	1	13075.2	277583	277570	12.9361	1530	9298	2038	6	0.0001 Colloc0 1530 40441 0.0553118 273.53
1210	1	13184.4	277582	277570	12.5434	1536	9395	1941	6	0.0001 Colloc0 1536 40460 0.0688517 245.114
1220	1	13293.3	277182	277169	12.8245	1519	9525	1811	5	0.0001 Colloc0 1519 40411 0.0588053 265.367
1230	1	13402	276875	276863	12.4221	1542	9632	1704	6	0.0001 Colloc0 1542 40366 0.0846756 236.521
1240	1	13512.2	277362	277349	12.8566	1538	9516	1820	7	0.0001 Colloc0 1538 40402 0.0512941 267.709
1250	1	13622.6	277258	277246	12.4601	1523	9528	1808	5	0.0001 Colloc0 1523 40372 0.0856119 239.2
1260	1	13733.7	277814	277802	12.5188	1532	9258	2078	6	0.0001 Colloc0 1532 40369 0.0707032 243.364
1270	1	13844.5	277802	277789	12.7438	1532	9195	2141	7	0.0001 Colloc0 1532 40372 0.0539448 259.51
1280	1	13953.8	277981	277968	13.12	1519	9129	2207	6	0.0001 Colloc0 1519 40356 0.0245744 287.118
1290	1	14060	277965	277952	12.8172	1530	9112	2224	8	0.0001 Colloc0 1530 40333 0.0605138 264.835
1300	1	14168.2	278100	278087	12.7737	1577	9095	2241	6	0.0001 Colloc0 1577 40321 0.0537173 261.671
1310	1	14275.9	277675	277663	12.4842	1548	9154	2182	5	0.0001 Colloc0 1548 40354 0.079359 240.907
1320	1	14383.2	277468	277456	12.6684	1521	9254	2082	7	0.0001 Colloc0 1521 40338 0.076777 254.064
1330	1	14492.8	277721	277709	12.7453	1553	9238	2098	8	0.0001 Colloc0 1553 40340 0.0570718 259.614
1340	1	14602.1	277492	277479	13.0318	1528	9388	1948	8	0.0001 Colloc0 1528 40354 0.0439418 280.577
1350	1	14711.7	277852	277840	12.348	1540	9226	2110	5	0.0001 Colloc0 1540 40366 0.0876952 231.315
1360	1	14819.8	277721	277708	12.8816	1521	9117	2219	9	0.0001 Colloc0 1521 40358 0.0463323 269.538
1370	1	14929.5	277873	277860	12.6897	1534	9121	2215	8	0.0001 Colloc0 1534 40342 0.0560782 255.602
1380	1	15038.2	277448	277435	12.7698	1533	9333	2003	6	0.0001 Colloc0 1533 40356 0.0431692 261.388
1390	1	15147.1	277751	277738	12.8653	1537	9209	2127	4	0.0001 Colloc0 1537 40352 0.0584845 268.341
1400	1	15256.8	277768	277755	12.8039	1552	9228	2108	7	0.0001 Colloc0 1552 40320 0.0604185 263.87
1410	1	15361.2	277950	277937	12.9374	1557	9107	2229	7	0.0001 Colloc0 1557 40299 0.0433438 273.623
1420	1	15468.1	277935	277922	12.7808	1550	9078	2258	5	0.0001 Colloc0 1550 40360 0.0539076 262.192
1430	1	15577.5	277970	277957	12.5719	1550	9168	2168	5	0.0001 Colloc0 1550 40356 0.0691167 247.147
1440	1	15684.7	278419	278406	13.2899	1560	9040	2296	5	0.0001 Colloc0 1560 40354 0.0294157 299.823
1450	1	15794.7	277933	277920	12.6674	1539	9126	2210	7	0.0001 Colloc0 1539 40332 0.0491291 253.995
1460	1	15904.2	278030	278017	12.7251	1566	9136	2200	6	0.0001 Colloc0 1566 40313 0.0728087 258.152
1470	1	16012.4	277715	277703	12.7996	1520	9143	2193	5	0.0001 Colloc0 1520 40305 0.0218054 263.558
1480	1	16116.7	277797	277784	12.891	1527	9092	2244	6	0.0001 Colloc0 1527 40300 0.0346612 270.221
1490	1	16221.4	277814	277802	12.8968	1542	9085	2251	6	0.0001 Colloc0 1542 40295 0.0586676 270.649
1500	1	16329.3	277736	277723	12.6459	1548	9020	2316	8	0.0001 Colloc0 1548 40289 0.0839422 252.445
1510	1	16439.3	277415	277402	13.2256	1531	9056	2280	6	0.0001 Colloc0 1531 40264 0.0309045 294.995
1520	1	16549.1	278106	278093	12.8348	1561	8981	2355	5	0.0001 Colloc0 1561 40283 0.0563618 266.114
1530	1	16654.6	278497	278484	13.2251	1555	8868	2468	4	0.0001 Colloc0 1555 40281 0.0416117 294.958
1540	1	16758	278569	278556	12.7088	1556	8864	2472	5	0.0001 Colloc0 1556 40292 0.0660463 256.975
1550	1	16861.7	277884	277871	13.0772	1550	9066	2270	7	0.0001 Colloc0 1550 40237 0.0544002 283.939
1560	1	16971.8	278286	278273	12.8464	1556	9053	2283	5	0.0001 Colloc0 1556 40239 0.0594517 266.962
1570	1	17081.6	278143	278130	13.1258	1565	9013	2323	5	0.0001 Colloc0 1565 40194 0.0386611 287.55
1580	1	17191	277888	277876	12.2532	1560	8996	2340	4	0.0001 Colloc0 1560 40204 0.090268 224.705
1590	1	17300.1	277407	277394	12.2888	1542	9108	2228	4	0.0001 Colloc0 1542 40194 0.0877876 227.176
1600	1	17407.3	277311	277299	12.7179	1540	9155	2181	4	0.0001 Colloc0 1540 40187 0.0521413 257.631
1610	1	17514.6	277217	277204	13.0938	1538	9186	2150	7	0.0001 Colloc0 1538 40213 0.0310317 285.175
1620	1	17620.2	277075	277062	12.4506	1535	9126	2210	6	0.0001 Colloc0 1535 40167 0.0703189 238.529
1630	1	17723.8	277000	276987	12.9349	1548	9158	2178	7	0.0001 Colloc0 1548 40155 0.0478692 273.438
1640	1	17828.3	277409	277396	12.644	1528	9061	2275	7	0.0001 Colloc0 1528 40163 0.070105 252.309
1650	1	17933.1	278197	278184	12.5186	1566	8895	2441	5	0.0001 Colloc0 1566 40183 0.0855805 243.349
1660	1	18037.5	278057	278043	13.1614	1558	8720	2616	6	0.0001 Colloc0 1558 40133 0.0400295 290.198
1670	1	18141	278112	278099	12.7179	1578	8745	2591	6	0.0001 Colloc0 1578 40123 0.0689992 257.638
1680	1	18250.6	277503	277490	12.4948	1546	8908	2428	6	0.0001 Colloc0 1546 40099 0.0820792 241.658
1690	1	18354.4	277854	277842	12.6668	1573	8785	2551	7	0.0001 Colloc0 1573 40094 0.068667 253.952
1700	1	18461.9	277807	277795	12.5937	1561	8765	2571	6	0.0001 Colloc0 1561 40128 0.0805528 248.705
1710	1	18571.5	277982	277969	12.8342	1546	8651	2685	7	0.0001 Colloc0 1546 40097 0.0499122 266.075
1720	1	18681.1	277465	277452	12.6186	1546	8692	2644	6	0.0001 Colloc0 1546 40056 0.0496826 250.487
1730	1	18784.9	277564	277552	12.5897	1565	8766	2570	9	0.0001 Colloc0 1565 40102 0.0816081 248.418
1740	1	18893.9	277595	277582	12.448	1569	8798	2538	6	0.0001 Colloc0 1569 40054 0.0677421 238.348
1750	1	18998.7	277715	277702	12.754	1572	8749	2587	6	0.0001 Colloc0 1572 40065 0.0539792 260.249
1760	1	19107.6	277411	277399	12.5323	1554	8774	2562	7	0.0001 Colloc0 1554 40016 0.069929 244.326
1770	1	19216.8	277249	277236	13.3396	1540	8756	2580	5	0.0001 Colloc0 1540 40016 0.0263448 303.564
1780	1	19326.2	277319	277306	12.8712	1563	8909	2427	6	0.0001 Colloc0 1563 40003 0.0585511 268.773
1790	1	19433.6	277319	277306	12.831	1557	8950	2386	5	0.0001 Colloc0 1557 40010 0.0626645 265.842
1800	1	19544.8	277082	277069	13.1232	1550	8997	2339	7	0.0001 Colloc0 1550 40042 0.0326001 287.358
1810	1	19651.6	276650	276637	13.2618	1534	9082	2254	7	0.0001 Colloc0 1534 39969 0.0198464 297.709
1820	1	19761.6	276384	276371	12.815	1530	9303	2033	6	0.0001 Colloc0 1530 40015 0.058659 264.675
1830	1	19870.3	276697	276684	12.2725	1553	9127	2209	6	0.0001 Colloc0 1553 40015 0.0905535 226.042
1840	1	19977.2	276492	276480	12.7811	1535	9224	2112	5	0.0001 Colloc0 1535 40007 0.0538181 262.209
1850	1	20084.9	276734	276722	12.1887	1553	9091	2245	7	0.0001 Colloc0 1553 39994 0.111213 220.237
1860	1	20193.1	276717	276705	12.5935	1543	9178	2158	5	0.0001 Colloc0 1543 39949 0.0666157 248.694
1870	1	20303.6	277093	277081	12.7907	1564	9147	2189	4	0.0001 Colloc0 1564 39989 0.0588721 262.911
1880	1	20411.8	277145	277132	13.2087	1569	9028	2308	4	0.0001 Colloc0 1569 39990 0.0455489 293.734
1890	1	20520.6	276848	276834	13.1619	1547	9068	2268	4	0.0001 Colloc0 1547 39982 0.0323456 290.238
1900	1	20629.3	276636	276623	13.0239	1554	9168	2168	5	0.0001 Colloc0 1554 39963 0.0452576 279.994
1910	1	20737.7	276902	276889	12.6858	1586	9193	2143	5	0.0001 Colloc0 1586 39943 0.0879329 255.322
1920	1	20846.2	277002	276990	12.7454	1573	9100	2236	5	0.0001 Colloc0 1573 39943 0.0578331 259.624
1930	1	20953	276881	276869	12.6048	1571	9065	2271	6	0.0001 Colloc0 1571 39946 0.0783072 249.498
1940	1	21061.1	276815	276803	12.5943	1565	9011	2325	5	0.0001 Colloc0 1565 39955 0.069911 248.746
1950	1	21168.8	276995	276982	12.7365	1573	8987	2349	6	0.0001 Colloc0 1573 39976 0.0690389 258.978
1960	1	21274.8	277193	277180	12.5486	1576	8939	2397	6	0.0001 Colloc0 1576 39958 0.0704859 245.486
1970	1	21383	276955	276942	12.5669	1544	8969	2367	4	0.0001 Colloc0 1544 39943 0.0830587 246.793
1980	1	21487.9	276781	276768	13.0583	1553	9098	2238	4	0.0001 Colloc0 1553 39955 0.0459027 282.537
1990	1	21595.6	276606	276593	13.0329	1539	9097	2239	7	0.0001 Colloc0 1539 39955 0.0404387 280.661
2000	1	21705.2	276580	276568	12.587	1552	9120	2216	5	0.0001 Colloc0 1552 39942 0.0804532 248.23
