# D = 0, E = 1, I = 1, P = 1, R = -1, n = 2000, N = 1, P = 1, w = 1, a = 0.0001, b = 10000, e = 1, f = 1, g = 100, h = 0.01, r = 24753, s = 1, S = 0, x = 10, m = 100, Z = 1, z = 0, T = 1, t = 1
# 122465 tokens in 11336 sentences
#
# It	Temp	Time	-logP	-logPcorpus	-logPrior	tables	same	changed	reject	default_pya	(parent pym pyn pya pyb)*
0	1	12.6591	448719	448605	113.764	11283	0	11336	0	0.0001 Colloc0 11283 56922 0.0001 10000
10	1	159.435	353365	353350	14.4187	2544	2842	8494	8	0.0001 Colloc0 2544 48963 0.112771 387.347
20	1	272.688	342673	342659	14.1552	1840	3174	8162	4	0.0001 Colloc0 1840 48368 0.00207529 366.477
30	1	384.261	333958	333945	13.7297	1651	3642	7694	9	0.0001 Colloc0 1651 47630 0.000980341 333.314
40	1	490.644	329272	329258	13.3578	1580	3868	7468	6	0.0001 Colloc0 1580 47350 0.00770368 304.935
50	1	601.42	325390	325377	13.1958	1531	4203	7133	8	0.0001 Colloc0 1531 47118 0.00438191 292.772
60	1	713.895	323300	323287	13.1046	1495	4246	7090	5	0.0001 Colloc0 1495 46959 0.00232279 285.974
70	1	821.759	321194	321181	12.6885	1499	4384	6952	6	0.0001 Colloc0 1499 46904 0.0289582 255.513
80	1	930.813	318539	318526	13.0642	1473	4673	6663	6	0.0001 Colloc0 1473 46642 0.0121845 282.976
90	1	1041.31	316891	316878	13.186	1494	4759	6577	7	0.0001 Colloc0 1494 46464 0.0119811 292.039
100	1	1150.12	314424	314411	13.1183	1467	5167	6169	7	0.0001 Colloc0 1467 46371 0.00105392 286.994
110	1	1261.37	314139	314126	12.8476	1490	5189	6147	7	0.0001 Colloc0 1490 46287 0.0219137 267.051
120	1	1370.07	312540	312527	12.9437	1491	5285	6051	8	0.0001 Colloc0 1491 46193 0.0291513 274.083
130	1	1480.34	311489	311476	12.8708	1447	5385	5951	7	0.0001 Colloc0 1447 46092 0.00350081 268.746
140	1	1591.36	311458	311446	12.912	1458	5290	6046	4	0.0001 Colloc0 1458 45964 0.00125198 271.763
150	1	1700.8	310546	310533	12.6354	1475	5438	5898	7	0.0001 Colloc0 1475 45950 0.0453452 251.692
160	1	1811.42	308657	308644	12.3927	1464	5741	5595	9	0.0001 Colloc0 1464 45839 0.0575148 234.453
170	1	1922.39	307652	307640	12.4426	1472	5927	5409	5	0.0001 Colloc0 1472 45812 0.0510374 237.964
180	1	2033.44	306914	306902	12.3027	1432	6078	5258	7	0.0001 Colloc0 1432 45815 0.0574406 228.146
190	1	2144.93	304908	304896	12.045	1443	6466	4870	7	0.0001 Colloc0 1443 45725 0.0568015 210.397
200	1	2257.28	304776	304764	12.7157	1432	6716	4620	6	0.0001 Colloc0 1432 45737 0.0508468 257.476
210	1	2365.87	304052	304040	12.3369	1429	6696	4640	6	0.0001 Colloc0 1429 45693 0.051944 230.535
220	1	2475.67	304118	304105	12.8405	1455	6544	4792	5	0.0001 Colloc0 1455 45577 0.0320913 266.53
230	1	2586.41	304709	304697	12.3647	1454	6390	4946	5	0.0001 Colloc0 1454 45583 0.0677115 232.483
240	1	2696.44	305316	305303	12.7134	1468	6287	5049	6	0.0001 Colloc0 1468 45579 0.0481565 257.312
250	1	2807.85	303590	303578	12.5422	1459	6463	4873	7	0.0001 Colloc0 1459 45327 0.0386553 245.029
260	1	2916.9	302718	302706	12.1128	1423	6525	4811	6	0.0001 Colloc0 1423 45342 0.0728117 215.02
270	1	3027.13	303606	303594	12.7588	1429	6380	4956	5	0.0001 Colloc0 1429 45351 0.0232705 260.591
280	1	3133.26	302983	302970	12.436	1435	6416	4920	9	0.0001 Colloc0 1435 45317 0.0465721 237.499
290	1	3240.22	302705	302692	12.7087	1433	6390	4946	7	0.0001 Colloc0 1433 45195 0.0367642 256.969
300	1	3346.37	301512	301500	12.1191	1439	6284	5052	6	0.0001 Colloc0 1439 45075 0.0812212 215.458
310	1	3457.07	301644	301631	12.527	1448	6337	4999	7	0.0001 Colloc0 1448 45049 0.0540953 243.946
320	1	3567.68	300937	300924	12.6114	1414	6356	4980	8	0.0001 Colloc0 1414 45017 0.0321968 249.976
330	1	3677.4	300661	300649	12.5578	1411	6343	4993	7	0.0001 Colloc0 1411 44905 0.0299796 246.142
340	1	3788.19	300952	300940	12.5066	1450	6453	4883	7	0.0001 Colloc0 1450 44926 0.0619013 242.496
350	1	3897.14	299743	299731	12.4604	1432	6720	4616	8	0.0001 Colloc0 1432 44887 0.0649742 239.221
360	1	4002.52	296540	296528	12.1204	1465	7091	4245	9	0.0001 Colloc0 1465 44456 0.0945544 215.545
370	1	4108.68	296410	296398	12.0178	1453	7115	4221	6	0.0001 Colloc0 1453 44415 0.0764339 208.549
380	1	4219.53	296710	296698	12.5988	1461	7116	4220	7	0.0001 Colloc0 1461 44436 0.0411898 249.071
390	1	4329.52	296510	296497	12.4548	1459	7163	4173	7	0.0001 Colloc0 1459 44349 0.0475302 238.828
400	1	4438.9	296522	296510	12.2951	1454	7086	4250	8	0.0001 Colloc0 1454 44306 0.0565572 227.618
410	1	4546.85	296357	296345	12.4395	1464	7104	4232	9	0.0001 Colloc0 1464 44313 0.0508888 237.745
420	1	4656.08	295706	295693	12.5869	1439	7217	4119	9	0.0001 Colloc0 1439 44218 0.047214 248.22
430	1	4767.07	295163	295151	11.9706	1450	7270	4066	8	0.0001 Colloc0 1450 44195 0.0787888 205.357
440	1	4876.58	295178	295165	12.1871	1475	7332	4004	8	0.0001 Colloc0 1475 44167 0.0754273 220.131
450	1	4987.51	294917	294904	12.6834	1453	7363	3973	9	0.0001 Colloc0 1453 44182 0.0365434 255.142
460	1	5097.24	293935	293923	12.2534	1477	7542	3794	8	0.0001 Colloc0 1477 44053 0.0824233 224.719
470	1	5207.52	293077	293065	12.1045	1475	7616	3720	9	0.0001 Colloc0 1475 43993 0.100002 214.455
480	1	5317.02	292942	292930	12.36	1474	7687	3649	9	0.0001 Colloc0 1474 43935 0.0686392 232.153
490	1	5426.31	292541	292529	12.2239	1464	7796	3540	12	0.0001 Colloc0 1464 43951 0.0706688 222.675
500	1	5536.95	292158	292145	12.8503	1461	7916	3420	9	0.0001 Colloc0 1461 43915 0.0399293 267.249
510	1	5642.75	292868	292855	12.6498	1478	7800	3536	9	0.0001 Colloc0 1478 43944 0.0379994 252.728
520	1	5747.05	293029	293017	12.3835	1496	7615	3721	7	0.0001 Colloc0 1496 43853 0.0690282 233.804
530	1	5856.2	293216	293204	11.8521	1504	7590	3746	12	0.0001 Colloc0 1504 43911 0.11786 197.414
540	1	5964.98	291960	291947	12.3549	1476	7884	3452	8	0.0001 Colloc0 1476 43849 0.0877254 231.799
550	1	6075.19	292422	292410	12.5329	1481	7889	3447	9	0.0001 Colloc0 1481 43783 0.0741977 244.369
560	1	6185.89	291203	291190	12.7637	1450	7888	3448	8	0.0001 Colloc0 1450 43662 0.0348519 260.947
570	1	6296.48	289759	289747	12.2136	1479	8059	3277	8	0.0001 Colloc0 1479 43596 0.0843828 221.963
580	1	6406.93	289567	289555	12.1269	1479	8144	3192	8	0.0001 Colloc0 1479 43546 0.0944172 215.99
590	1	6516.8	289568	289556	12.0173	1456	8270	3066	10	0.0001 Colloc0 1456 43536 0.0900914 208.515
600	1	6626.3	289693	289681	12.157	1516	8237	3099	8	0.0001 Colloc0 1516 43520 0.109551 218.059
610	1	6732.52	289690	289678	12.3247	1515	8236	3100	10	0.0001 Colloc0 1515 43493 0.0885053 229.686
620	1	6843	289479	289467	12.7918	1473	8240	3096	9	0.0001 Colloc0 1473 43495 0.0442062 262.989
630	1	6952.66	289832	289820	12.1679	1498	8199	3137	7	0.0001 Colloc0 1498 43493 0.0944984 218.804
640	1	7061.13	289738	289725	12.4014	1470	8144	3192	7	0.0001 Colloc0 1470 43504 0.0612041 235.061
650	1	7170.12	289394	289382	12.4788	1471	8001	3335	10	0.0001 Colloc0 1471 43365 0.0691972 240.527
660	1	7280.58	289709	289697	12.0519	1500	8011	3325	10	0.0001 Colloc0 1500 43347 0.0927973 210.865
670	1	7390.41	289113	289100	12.3681	1501	8163	3173	7	0.0001 Colloc0 1501 43324 0.0698072 232.722
680	1	7499.95	289443	289431	12.6335	1480	7930	3406	9	0.0001 Colloc0 1480 43279 0.0519449 251.561
690	1	7603.44	289438	289426	12.5002	1486	7980	3356	7	0.0001 Colloc0 1486 43232 0.0682845 242.046
700	1	7709.81	288877	288865	11.9014	1486	8215	3121	7	0.0001 Colloc0 1486 43235 0.118527 200.705
710	1	7816.8	288750	288737	12.7714	1496	8233	3103	9	0.0001 Colloc0 1496 43242 0.0448805 261.506
720	1	7926.92	289457	289445	12.1078	1505	8129	3207	7	0.0001 Colloc0 1505 43262 0.0915948 214.682
730	1	8037.38	290057	290044	12.7422	1498	7844	3492	8	0.0001 Colloc0 1498 43206 0.0418377 259.388
740	1	8147	290125	290113	12.3599	1505	7581	3755	11	0.0001 Colloc0 1505 43174 0.0872546 232.147
750	1	8257.17	289502	289490	12.3163	1483	7662	3674	7	0.0001 Colloc0 1483 43220 0.0859164 229.098
760	1	8366.72	289272	289260	12.0013	1469	7879	3457	9	0.0001 Colloc0 1469 43201 0.0866727 207.431
770	1	8476.22	289329	289316	12.6503	1519	8072	3264	9	0.0001 Colloc0 1519 43186 0.0577827 252.761
780	1	8584.07	288980	288968	12.488	1510	8094	3242	7	0.0001 Colloc0 1510 43051 0.0762645 241.176
790	1	8692.73	289764	289752	12.4154	1522	7851	3485	9	0.0001 Colloc0 1522 43120 0.0722284 236.047
800	1	8803.06	289555	289542	12.6997	1508	7967	3369	8	0.0001 Colloc0 1508 43126 0.0525637 256.317
810	1	8911.06	289094	289082	12.1666	1513	7977	3359	6	0.0001 Colloc0 1513 43114 0.0854851 218.72
820	1	9018.2	288865	288853	12.2188	1510	7918	3418	8	0.0001 Colloc0 1510 43070 0.102724 222.319
830	1	9128.15	289004	288992	11.9096	1470	7959	3377	10	0.0001 Colloc0 1470 43072 0.103582 201.257
840	1	9237.87	289198	289185	12.5608	1476	7791	3545	9	0.0001 Colloc0 1476 43100 0.0565141 246.354
850	1	9345.21	288590	288578	12.2251	1499	8095	3241	7	0.0001 Colloc0 1499 43085 0.0795309 222.756
860	1	9456.03	288973	288961	12.4481	1522	8008	3328	6	0.0001 Colloc0 1522 43035 0.0856782 238.357
870	1	9566.4	289036	289023	12.465	1505	7793	3543	10	0.0001 Colloc0 1505 43021 0.0600495 239.548
880	1	9676.83	288599	288586	12.7727	1489	7879	3457	7	0.0001 Colloc0 1489 43027 0.0397395 261.602
890	1	9786.19	289134	289122	12.345	1509	7811	3525	8	0.0001 Colloc0 1509 42968 0.0859288 231.105
900	1	9896.84	289239	289226	12.391	1517	7812	3524	6	0.0001 Colloc0 1517 42986 0.086928 234.329
910	1	10007.7	288662	288650	12.1261	1523	8048	3288	8	0.0001 Colloc0 1523 43000 0.108352 215.934
920	1	10118.4	288600	288588	12.0274	1517	8261	3075	6	0.0001 Colloc0 1517 43017 0.10845 209.2
930	1	10227.1	287929	287917	12.3981	1477	8379	2957	8	0.0001 Colloc0 1477 42969 0.0647522 234.828
940	1	10335.3	287888	287875	12.2045	1524	8436	2900	8	0.0001 Colloc0 1524 42957 0.0947651 221.333
950	1	10441.6	287239	287226	12.3749	1493	8530	2806	7	0.0001 Colloc0 1493 42924 0.0832187 233.2
960	1	10547.6	286827	286814	12.3542	1505	8639	2697	6	0.0001 Colloc0 1505 42930 0.087795 231.745
970	1	10657.6	286553	286541	12.2362	1496	8746	2590	8	0.0001 Colloc0 1496 42867 0.0776208 223.526
980	1	10766.7	286935	286923	12.2846	1503	8697	2639	9	0.0001 Colloc0 1503 42854 0.0595642 226.885
990	1	10876.9	287088	287076	12.2074	1481	8608	2728	10	0.0001 Colloc0 1481 42846 0.0867638 221.534
1000	1	10987.9	287216	287204	12.2639	1523	8531	2805	7	0.0001 Colloc0 1523 42852 0.0708131 225.45
1010	1	11098.7	287260	287248	12.3758	1516	8653	2683	7	0.0001 Colloc0 1516 42837 0.0777807 233.263
