# D = 0, E = 1, I = 1, P = 1, R = -1, n = 2000, N = 1, P = 1, w = 1, a = 0.0001, b = 10000, e = 1, f = 1, g = 100, h = 0.01, r = 2902, s = 1, S = 0, x = 10, m = 100, Z = 1, z = 0, T = 1, t = 1
# 122465 tokens in 11336 sentences
#
# It	Temp	Time	-logP	-logPcorpus	-logPrior	tables	same	changed	reject	default_pya	(parent pym pyn pya pyb)*
0	1	11.7832	410535	410421	113.764	10033	0	11336	0	0.0001 Colloc0 10033 52283 0.0001 10000
10	1	172.051	343435	343420	14.7856	2513	3461	7875	8	0.0001 Colloc0 2513 47442 0.0929348 416.781
20	1	289.813	335557	335543	14.257	1882	3864	7472	10	0.0001 Colloc0 1882 47049 0.000930275 374.509
30	1	406.08	328941	328927	13.7739	1708	4156	7180	10	0.0001 Colloc0 1708 46674 0.00488338 336.729
40	1	519.773	325958	325945	13.5973	1691	4609	6727	6	0.0001 Colloc0 1691 46544 0.0198492 323.147
50	1	629.104	322161	322147	13.6166	1627	4898	6438	8	0.0001 Colloc0 1627 46310 0.0247787 324.621
60	1	739.185	319514	319501	13.0552	1628	5082	6254	7	0.0001 Colloc0 1628 46057 0.0306517 282.308
70	1	844.385	316910	316896	13.4004	1586	5341	5995	6	0.0001 Colloc0 1586 45813 0.00763406 308.159
80	1	953.252	314899	314886	13.6638	1568	5344	5992	7	0.0001 Colloc0 1568 45561 0.00215395 328.241
90	1	1058.16	313073	313060	13.4356	1561	5521	5815	8	0.0001 Colloc0 1561 45397 0.00762604 310.822
100	1	1167.27	310817	310804	13.0513	1553	5657	5679	8	0.0001 Colloc0 1553 45290 0.0449358 282.02
110	1	1279.03	309801	309788	13.0122	1570	5795	5541	8	0.0001 Colloc0 1570 45152 0.0453682 279.128
120	1	1388.07	309293	309281	12.7783	1586	5830	5506	5	0.0001 Colloc0 1586 45037 0.0708087 262.005
130	1	1496.62	307643	307630	13.2412	1574	5988	5348	7	0.0001 Colloc0 1574 44916 0.0304169 296.165
140	1	1605.79	306119	306106	13.0549	1519	6233	5103	6	0.0001 Colloc0 1519 44846 0.0321941 282.287
150	1	1715.29	304636	304623	12.7852	1509	6655	4681	9	0.0001 Colloc0 1509 44781 0.0366321 262.512
160	1	1826.18	304052	304039	12.3731	1529	6562	4774	7	0.0001 Colloc0 1529 44734 0.0603787 233.074
170	1	1938.57	304213	304200	13.0922	1540	6518	4818	10	0.0001 Colloc0 1540 44685 0.0258519 285.052
180	1	2050.86	302852	302839	12.7506	1493	6601	4735	7	0.0001 Colloc0 1493 44594 0.0402225 259.999
190	1	2159.21	302303	302290	13.0032	1495	6760	4576	7	0.0001 Colloc0 1495 44531 0.0191937 278.468
200	1	2269.67	301048	301035	12.5726	1501	6893	4443	10	0.0001 Colloc0 1501 44401 0.0450868 247.197
210	1	2380.58	300835	300822	12.8926	1531	6942	4394	6	0.0001 Colloc0 1531 44359 0.0475803 270.341
220	1	2486.81	300054	300041	13.026	1491	7119	4217	7	0.0001 Colloc0 1491 44340 0.0324865 280.147
230	1	2595.51	298624	298612	12.8302	1517	7015	4321	5	0.0001 Colloc0 1517 44116 0.0546178 265.779
240	1	2707.24	298560	298548	12.7364	1535	7199	4137	9	0.0001 Colloc0 1535 44154 0.0471776 258.97
250	1	2818.34	298487	298474	12.5284	1525	7022	4314	5	0.0001 Colloc0 1525 44028 0.0501512 244.044
260	1	2928.72	298599	298587	12.293	1545	6953	4383	9	0.0001 Colloc0 1545 43977 0.0755037 227.469
270	1	3038.07	297962	297950	12.9019	1559	7069	4267	6	0.0001 Colloc0 1559 43885 0.0401213 271.019
280	1	3146.47	297158	297145	13.1913	1536	7216	4120	8	0.0001 Colloc0 1536 43848 0.021178 292.43
290	1	3252.27	297871	297858	13.0545	1554	7118	4218	10	0.0001 Colloc0 1554 43864 0.015179 282.257
300	1	3363.51	298080	298067	13.0432	1576	6923	4413	8	0.0001 Colloc0 1576 43795 0.0450389 281.422
310	1	3472.26	296653	296640	12.9625	1544	7087	4249	6	0.0001 Colloc0 1544 43651 0.0354912 275.471
320	1	3580.99	295194	295181	12.7353	1526	6873	4463	9	0.0001 Colloc0 1526 43334 0.0438403 258.892
330	1	3688.46	293234	293222	12.7234	1512	7415	3921	10	0.0001 Colloc0 1512 43234 0.056618 258.032
340	1	3798.34	292956	292944	12.1361	1554	7478	3858	10	0.0001 Colloc0 1554 43197 0.0914099 216.617
350	1	3905.63	292441	292428	12.3527	1528	7501	3835	10	0.0001 Colloc0 1528 43118 0.0753198 231.643
360	1	4011.56	291834	291821	12.7617	1487	7639	3697	8	0.0001 Colloc0 1487 43079 0.0508409 260.807
370	1	4121	291513	291501	12.578	1508	7704	3632	8	0.0001 Colloc0 1508 43014 0.0481994 247.581
380	1	4232.54	291378	291365	13.112	1527	7632	3704	8	0.0001 Colloc0 1527 42983 0.0419218 286.521
390	1	4342.93	291579	291566	12.8835	1508	7459	3877	9	0.0001 Colloc0 1508 42941 0.0277556 269.675
400	1	4454.2	290367	290355	12.3952	1525	7516	3820	10	0.0001 Colloc0 1525 42741 0.0808285 234.624
410	1	4565.99	290218	290206	12.3929	1545	7628	3708	7	0.0001 Colloc0 1545 42722 0.085513 234.464
420	1	4676.28	289667	289654	12.8863	1495	7647	3689	8	0.0001 Colloc0 1495 42640 0.0278359 269.88
430	1	4787.42	289883	289870	12.3114	1522	7519	3817	10	0.0001 Colloc0 1522 42648 0.0673988 228.756
440	1	4894.8	289470	289457	13.1781	1507	7622	3714	12	0.0001 Colloc0 1507 42631 0.011899 291.444
450	1	5000.89	289523	289510	12.6931	1531	7665	3671	8	0.0001 Colloc0 1531 42606 0.0575066 255.845
460	1	5106.3	289297	289285	12.6615	1494	7574	3762	11	0.0001 Colloc0 1494 42568 0.0346499 253.57
470	1	5210.67	288645	288633	12.3155	1489	7912	3424	8	0.0001 Colloc0 1489 42576 0.0728295 229.039
480	1	5319.33	288125	288112	12.6932	1496	8162	3174	7	0.0001 Colloc0 1496 42515 0.0383306 255.853
490	1	5428.64	287235	287222	12.8872	1486	8258	3078	10	0.0001 Colloc0 1486 42454 0.0349573 269.946
500	1	5537.6	287969	287956	12.7409	1513	8053	3283	8	0.0001 Colloc0 1513 42491 0.0476738 259.298
510	1	5645.72	288557	288544	13.0029	1513	7886	3450	11	0.0001 Colloc0 1513 42482 0.0386009 278.446
520	1	5756.02	288361	288348	13.2061	1536	7971	3365	13	0.0001 Colloc0 1536 42434 0.0374425 293.539
530	1	5867.28	288079	288067	12.6892	1507	8124	3212	9	0.0001 Colloc0 1507 42441 0.0506533 255.563
540	1	5975.85	287783	287771	12.2436	1521	8277	3059	11	0.0001 Colloc0 1521 42438 0.0770542 224.036
550	1	6083.01	288346	288333	12.5615	1550	8106	3230	11	0.0001 Colloc0 1550 42412 0.0647196 246.404
560	1	6190.3	287795	287782	12.265	1551	8175	3161	10	0.0001 Colloc0 1551 42367 0.0814579 225.526
570	1	6301.26	286989	286976	12.5996	1513	8326	3010	8	0.0001 Colloc0 1513 42350 0.0589319 249.125
580	1	6411.72	286082	286069	13.0477	1512	8700	2636	8	0.0001 Colloc0 1512 42314 0.0466778 281.758
590	1	6518.17	285590	285577	12.99	1506	8759	2577	7	0.0001 Colloc0 1506 42243 0.0185598 277.493
600	1	6627.71	285945	285932	12.3787	1537	8740	2596	8	0.0001 Colloc0 1537 42255 0.08019 233.468
610	1	6738.33	285546	285533	12.5481	1530	8784	2552	9	0.0001 Colloc0 1530 42196 0.0655502 245.452
620	1	6846.24	285281	285268	12.5781	1534	8851	2485	10	0.0001 Colloc0 1534 42215 0.0643922 247.587
630	1	6956.09	284782	284769	13.121	1518	8962	2374	9	0.0001 Colloc0 1518 42192 0.0379687 287.191
640	1	7066.43	284920	284908	12.4327	1515	8806	2530	10	0.0001 Colloc0 1515 42119 0.0712005 237.269
650	1	7175.34	284974	284962	12.6149	1517	8643	2693	7	0.0001 Colloc0 1517 42039 0.0609876 250.227
660	1	7286.03	285489	285477	12.6217	1523	8508	2828	10	0.0001 Colloc0 1523 42019 0.0632187 250.712
670	1	7396.38	285299	285286	13.0352	1526	8474	2862	8	0.0001 Colloc0 1526 41979 0.028665 280.833
680	1	7505.33	285320	285308	12.6476	1550	8625	2711	9	0.0001 Colloc0 1550 41956 0.0751865 252.571
690	1	7612.01	285092	285079	12.8	1538	8507	2829	9	0.0001 Colloc0 1538 41919 0.047936 263.581
700	1	7719.45	284813	284800	12.8007	1523	8399	2937	11	0.0001 Colloc0 1523 41877 0.0629079 263.633
710	1	7827.81	284051	284038	13.0685	1503	8603	2733	12	0.0001 Colloc0 1503 41861 0.0173617 283.293
720	1	7935.27	283754	283741	12.6207	1527	8861	2475	8	0.0001 Colloc0 1527 41828 0.0751176 250.636
730	1	8044.64	284574	284561	12.5979	1498	8604	2732	8	0.0001 Colloc0 1498 41859 0.0582422 249.004
740	1	8151.37	284777	284764	12.941	1547	8508	2828	11	0.0001 Colloc0 1547 41811 0.0397658 273.885
750	1	8261.49	284290	284278	12.2753	1559	8658	2678	13	0.0001 Colloc0 1559 41802 0.0916758 226.236
760	1	8370.56	284280	284268	12.4309	1570	8699	2637	11	0.0001 Colloc0 1570 41721 0.0881186 237.142
770	1	8478.86	283956	283943	12.9212	1575	8731	2605	12	0.0001 Colloc0 1575 41723 0.0541375 272.435
780	1	8589.34	283759	283746	12.8346	1541	8730	2606	8	0.0001 Colloc0 1541 41676 0.0567232 266.105
790	1	8699.68	283296	283283	12.7378	1536	8798	2538	8	0.0001 Colloc0 1536 41617 0.0608836 259.074
800	1	8810.39	282301	282288	12.9936	1550	8994	2342	10	0.0001 Colloc0 1550 41526 0.0562481 277.758
810	1	8916.61	282410	282398	12.1828	1540	8966	2370	11	0.0001 Colloc0 1540 41595 0.098077 219.83
820	1	9021.85	282078	282066	12.4986	1525	9046	2290	10	0.0001 Colloc0 1525 41551 0.063925 241.931
830	1	9128.95	282483	282471	12.451	1524	8939	2397	8	0.0001 Colloc0 1524 41533 0.0798135 238.56
840	1	9238.15	282219	282207	12.354	1532	8971	2365	7	0.0001 Colloc0 1532 41516 0.0637815 231.733
850	1	9346.06	282492	282480	12.542	1566	8999	2337	9	0.0001 Colloc0 1566 41512 0.0782111 245.017
860	1	9453.12	282252	282239	12.4342	1538	8919	2417	9	0.0001 Colloc0 1538 41504 0.0814681 237.376
870	1	9559.69	282536	282523	12.3048	1549	8848	2488	7	0.0001 Colloc0 1549 41480 0.0887072 228.292
880	1	9669.17	283005	282992	12.372	1549	8651	2685	8	0.0001 Colloc0 1549 41479 0.0840102 232.999
890	1	9777.16	282955	282942	12.2425	1543	8669	2667	11	0.0001 Colloc0 1543 41510 0.0900603 223.958
900	1	9887.39	282792	282779	12.7409	1556	8760	2576	8	0.0001 Colloc0 1556 41436 0.0762356 259.298
910	1	9997.26	282459	282446	12.5199	1551	8899	2437	8	0.0001 Colloc0 1551 41394 0.0618825 243.443
920	1	10107	282615	282603	12.6934	1563	8772	2564	8	0.0001 Colloc0 1563 41407 0.0746804 255.869
930	1	10215.6	282027	282014	12.7831	1546	8917	2419	9	0.0001 Colloc0 1546 41376 0.0758989 262.356
940	1	10325.6	282227	282215	12.8963	1541	8766	2570	8	0.0001 Colloc0 1541 41371 0.0523244 270.607
950	1	10436.6	282286	282273	12.6056	1542	8653	2683	8	0.0001 Colloc0 1542 41379 0.0617873 249.557
960	1	10543	281903	281891	12.8887	1555	8733	2603	11	0.0001 Colloc0 1555 41343 0.0504368 270.055
970	1	10653.2	282281	282268	12.7292	1560	8686	2650	8	0.0001 Colloc0 1560 41320 0.0658884 258.448
980	1	10761.5	282243	282231	12.6192	1541	8602	2734	7	0.0001 Colloc0 1541 41320 0.0557749 250.529
990	1	10872.1	282138	282125	12.7233	1548	8638	2698	9	0.0001 Colloc0 1548 41322 0.0605223 258.024
1000	1	10979	282380	282368	12.6136	1537	8677	2659	9	0.0001 Colloc0 1537 41314 0.0680359 250.129
