# D = 0, E = 1, I = 1, P = 1, R = -1, n = 2000, N = 1, P = 1, w = 1, a = 0.0001, b = 10000, e = 1, f = 1, g = 100, h = 0.01, r = 24681, s = 1, S = 0, x = 10, m = 100, Z = 1, z = 0, T = 1, t = 1
# 125805 tokens in 11336 sentences
#
# It	Temp	Time	-logP	-logPcorpus	-logPrior	tables	same	changed	reject	default_pya	(parent pym pyn pya pyb)*
0	1	14.6398	493310	493197	113.764	12653	0	11336	0	0.0001 Colloc0 12653 61055 0.0001 10000
10	1	199.949	381664	381648	15.4862	3212	2880	8456	9	0.0001 Colloc0 3212 51185 0.146749 474.091
20	1	345.625	368041	368026	15.7204	2358	3308	8028	9	0.0001 Colloc0 2358 50367 0.0144495 493.533
30	1	487.73	362005	361990	14.5469	2176	3526	7810	8	0.0001 Colloc0 2176 49912 0.0383641 397.585
40	1	625.99	356503	356488	14.6591	2128	3817	7519	10	0.0001 Colloc0 2128 49524 0.0412386 406.585
50	1	764.201	352451	352437	13.6251	2130	3954	7382	5	0.0001 Colloc0 2130 49097 0.093819 325.271
60	1	902.243	348983	348969	14.0298	2109	4230	7106	9	0.0001 Colloc0 2109 48764 0.0706511 356.632
70	1	1040.14	346776	346762	13.7307	2026	4355	6981	6	0.0001 Colloc0 2026 48591 0.0711617 333.395
80	1	1174.95	342075	342062	13.8013	2052	4598	6738	5	0.0001 Colloc0 2052 48012 0.0849213 338.847
90	1	1313.3	340254	340240	13.7781	1998	4754	6582	8	0.0001 Colloc0 1998 47783 0.0670085 337.054
100	1	1452.1	337817	337803	13.9014	2043	4933	6403	10	0.0001 Colloc0 2043 47447 0.0844325 346.614
110	1	1584.55	336855	336841	13.6504	2046	5117	6219	6	0.0001 Colloc0 2046 47332 0.0873301 327.219
120	1	1718.63	334683	334669	13.8356	2032	5343	5993	4	0.0001 Colloc0 2032 47122 0.0741358 341.504
130	1	1853.47	332835	332822	13.2811	2005	5638	5698	5	0.0001 Colloc0 2005 46967 0.104433 299.16
140	1	1990.42	331456	331443	13.32	2066	5622	5714	4	0.0001 Colloc0 2066 46740 0.112784 302.085
150	1	2115.69	329773	329760	13.0569	2055	5921	5415	6	0.0001 Colloc0 2055 46561 0.139152 282.435
160	1	2250.38	327839	327826	13.2536	2038	6072	5264	6	0.0001 Colloc0 2038 46431 0.108052 297.097
170	1	2386.4	326952	326938	13.532	2019	6171	5165	5	0.0001 Colloc0 2019 46306 0.0935957 318.154
180	1	2523.62	326566	326553	12.9111	2039	6088	5248	10	0.0001 Colloc0 2039 46241 0.120976 271.693
190	1	2660.38	326020	326006	13.217	2020	6216	5120	4	0.0001 Colloc0 2020 46257 0.119879 294.352
200	1	2795.76	324951	324938	12.8654	2059	6359	4977	6	0.0001 Colloc0 2059 45998 0.141388 268.349
210	1	2926.52	324731	324717	13.4272	2105	6337	4999	9	0.0001 Colloc0 2105 45877 0.113609 310.184
220	1	3064.48	323845	323832	12.8363	2089	6358	4978	7	0.0001 Colloc0 2089 45800 0.146668 266.227
230	1	3200.42	323017	323003	13.1313	2055	6496	4840	6	0.0001 Colloc0 2055 45708 0.121019 287.956
240	1	3337.54	322947	322935	12.6062	2079	6461	4875	5	0.0001 Colloc0 2079 45660 0.145501 249.6
250	1	3473.76	322267	322254	12.7776	2089	6598	4738	6	0.0001 Colloc0 2089 45590 0.148361 261.955
260	1	3609.25	322043	322030	12.9785	2097	6611	4725	7	0.0001 Colloc0 2097 45585 0.150297 276.649
270	1	3743.92	321346	321334	12.5238	2090	6630	4706	5	0.0001 Colloc0 2090 45500 0.16247 243.719
280	1	3881.02	320894	320881	13.1357	2074	6515	4821	7	0.0001 Colloc0 2074 45415 0.131698 288.283
290	1	4017.03	320847	320834	13.0525	2042	6475	4861	7	0.0001 Colloc0 2042 45446 0.133914 282.111
300	1	4151.75	320459	320446	12.9791	2104	6609	4727	8	0.0001 Colloc0 2104 45348 0.136604 276.687
310	1	4289.43	319341	319328	12.9103	2097	6842	4494	6	0.0001 Colloc0 2097 45192 0.156416 271.637
320	1	4425.18	319532	319519	12.9619	2145	6786	4550	5	0.0001 Colloc0 2145 45148 0.151115 275.421
330	1	4561.78	318919	318906	12.9894	2115	6827	4509	8	0.0001 Colloc0 2115 45067 0.154021 277.448
340	1	4688.84	318486	318472	13.2479	2106	6779	4557	5	0.0001 Colloc0 2106 45051 0.135227 296.667
350	1	4819.14	318361	318348	13.2309	2090	6858	4478	5	0.0001 Colloc0 2090 45005 0.13655 295.392
360	1	4954.79	318749	318737	12.3856	2127	6784	4552	6	0.0001 Colloc0 2127 45024 0.174614 233.954
370	1	5091.43	317787	317774	13.4073	2106	6991	4345	8	0.0001 Colloc0 2106 44956 0.12687 308.68
380	1	5227.52	317584	317571	12.4764	2129	6989	4347	6	0.0001 Colloc0 2129 44931 0.190553 240.36
390	1	5362.48	317185	317172	12.9351	2075	6914	4422	5	0.0001 Colloc0 2075 44933 0.141219 273.453
400	1	5498.95	317478	317465	13.2028	2129	6930	4406	8	0.0001 Colloc0 2129 44898 0.140933 293.293
410	1	5631.38	317740	317727	12.9892	2118	6861	4475	6	0.0001 Colloc0 2118 44910 0.157763 277.43
420	1	5760.84	317387	317373	13.5818	2122	7079	4257	5	0.0001 Colloc0 2122 44828 0.110888 321.956
430	1	5888.01	317251	317238	12.9135	2162	7060	4276	5	0.0001 Colloc0 2162 44846 0.164074 271.868
440	1	6022.23	316313	316301	12.6143	2148	7173	4163	5	0.0001 Colloc0 2148 44684 0.172681 250.182
450	1	6145.45	315615	315601	13.1361	2112	7326	4010	4	0.0001 Colloc0 2112 44632 0.14714 288.314
460	1	6274.93	314706	314693	13.0467	2149	7382	3954	5	0.0001 Colloc0 2149 44613 0.15759 281.679
470	1	6412.14	315054	315041	12.4784	2144	7362	3974	5	0.0001 Colloc0 2144 44625 0.190188 240.5
480	1	6549.12	314759	314747	12.7331	2147	7343	3993	5	0.0001 Colloc0 2147 44544 0.164931 258.736
490	1	6684.98	314644	314631	13.2295	2136	7399	3937	5	0.0001 Colloc0 2136 44513 0.144757 295.287
500	1	6820.35	313951	313937	13.2707	2120	7437	3899	6	0.0001 Colloc0 2120 44532 0.128527 298.376
510	1	6955.22	314427	314414	13.4308	2141	7497	3839	5	0.0001 Colloc0 2141 44519 0.135604 310.459
520	1	7090.79	314424	314412	12.5675	2135	7351	3985	5	0.0001 Colloc0 2135 44485 0.176287 246.837
530	1	7227.13	314809	314796	13.1596	2103	7177	4159	6	0.0001 Colloc0 2103 44482 0.134717 290.064
540	1	7362.28	315088	315075	12.7942	2149	7119	4217	6	0.0001 Colloc0 2149 44436 0.172198 263.159
550	1	7485.17	314572	314559	13.0068	2153	7262	4074	4	0.0001 Colloc0 2153 44376 0.161204 278.732
560	1	7608.73	314820	314807	13.0608	2135	7116	4220	6	0.0001 Colloc0 2135 44325 0.157119 282.726
570	1	7743.03	315249	315236	13.1051	2125	7118	4218	7	0.0001 Colloc0 2125 44352 0.1423 286.007
580	1	7879.99	314375	314362	12.5105	2170	7251	4085	3	0.0001 Colloc0 2170 44287 0.177955 242.778
590	1	8016.85	314662	314649	13.1042	2157	7043	4293	4	0.0001 Colloc0 2157 44257 0.157269 285.945
600	1	8150.69	313726	313713	13.0324	2118	7185	4151	5	0.0001 Colloc0 2118 44255 0.148044 280.624
610	1	8278.61	313757	313744	13.1399	2146	7437	3899	3	0.0001 Colloc0 2146 44247 0.16118 288.598
620	1	8416.32	313771	313758	13.3207	2150	7312	4024	5	0.0001 Colloc0 2150 44229 0.142427 302.141
630	1	8553.97	313549	313536	13.0165	2167	7326	4010	6	0.0001 Colloc0 2167 44195 0.146083 279.448
640	1	8680.77	313031	313019	12.5439	2152	7379	3957	6	0.0001 Colloc0 2152 44155 0.171194 245.153
650	1	8803.92	312836	312823	12.6938	2145	7538	3798	5	0.0001 Colloc0 2145 44152 0.170257 255.894
660	1	8939.86	312550	312538	12.5656	2147	7663	3673	6	0.0001 Colloc0 2147 44190 0.184399 246.7
670	1	9075.4	312518	312505	13.0162	2108	7701	3635	3	0.0001 Colloc0 2108 44159 0.137159 279.426
680	1	9210.65	312348	312335	12.9196	2111	7587	3749	6	0.0001 Colloc0 2111 44160 0.15767 272.316
690	1	9335.49	312527	312514	12.9645	2143	7642	3694	5	0.0001 Colloc0 2143 44132 0.16392 275.618
700	1	9459.88	312714	312701	13.174	2144	7494	3842	4	0.0001 Colloc0 2144 44063 0.14647 291.137
710	1	9589.31	312340	312327	12.368	2176	7648	3688	4	0.0001 Colloc0 2176 44099 0.196563 232.712
720	1	9725.2	312482	312469	12.6915	2145	7493	3843	3	0.0001 Colloc0 2145 44084 0.176552 255.731
730	1	9852.26	312601	312588	12.6768	2138	7452	3884	6	0.0001 Colloc0 2138 44079 0.175908 254.673
740	1	9988.71	312764	312751	12.6422	2139	7518	3818	5	0.0001 Colloc0 2139 44060 0.166819 252.179
750	1	10125.7	312981	312968	13.2667	2186	7344	3992	4	0.0001 Colloc0 2186 44047 0.144195 298.082
760	1	10259.3	312474	312461	13.1996	2176	7450	3886	6	0.0001 Colloc0 2176 43967 0.150761 293.05
770	1	10389.5	312372	312360	12.8702	2197	7481	3855	2	0.0001 Colloc0 2197 43940 0.181225 268.704
780	1	10519.9	312308	312296	12.3968	2175	7504	3832	2	0.0001 Colloc0 2175 43936 0.202035 234.738
790	1	10647.9	311745	311732	12.6856	2141	7555	3781	2	0.0001 Colloc0 2141 43967 0.161055 255.305
800	1	10770.8	311469	311456	12.8863	2140	7648	3688	3	0.0001 Colloc0 2140 43870 0.168371 269.875
810	1	10899.4	311688	311675	12.9845	2178	7602	3734	4	0.0001 Colloc0 2178 43892 0.15582 277.091
820	1	11029.9	311503	311491	12.8259	2151	7726	3610	3	0.0001 Colloc0 2151 43840 0.166395 265.469
830	1	11166.4	310429	310417	11.9909	2156	7868	3468	5	0.0001 Colloc0 2156 43815 0.211518 206.731
840	1	11303	309992	309979	12.4273	2152	7998	3338	3	0.0001 Colloc0 2152 43781 0.186924 236.89
850	1	11439.4	310104	310091	12.8405	2174	7999	3337	6	0.0001 Colloc0 2174 43759 0.170856 266.535
860	1	11575.8	310014	310002	12.6017	2151	7939	3397	2	0.0001 Colloc0 2151 43762 0.185419 249.279
870	1	11710.9	310259	310246	13.194	2173	7846	3490	6	0.0001 Colloc0 2173 43668 0.162615 292.63
880	1	11847.8	310036	310023	12.8301	2159	7810	3526	3	0.0001 Colloc0 2159 43672 0.165146 265.774
890	1	11983.9	309590	309577	12.3934	2114	7964	3372	3	0.0001 Colloc0 2114 43711 0.179354 234.496
900	1	12119.8	309881	309868	12.8803	2147	7863	3473	3	0.0001 Colloc0 2147 43685 0.161525 269.439
910	1	12251.9	309827	309815	12.7804	2182	7922	3414	2	0.0001 Colloc0 2182 43622 0.172651 262.161
920	1	12375.7	310008	309995	12.9591	2184	7844	3492	4	0.0001 Colloc0 2184 43660 0.175665 275.217
930	1	12503.9	309993	309981	12.4503	2171	7861	3475	2	0.0001 Colloc0 2171 43605 0.187814 238.507
940	1	12635.8	309833	309820	12.7141	2144	7900	3436	2	0.0001 Colloc0 2144 43597 0.164479 257.363
950	1	12759.1	309790	309777	13.0482	2175	7860	3476	4	0.0001 Colloc0 2175 43572 0.162434 281.79
960	1	12890.9	309555	309542	12.9269	2170	8076	3260	4	0.0001 Colloc0 2170 43565 0.170049 272.854
970	1	13027.3	309424	309411	13.4514	2150	8079	3257	4	0.0001 Colloc0 2150 43537 0.140282 312.02
980	1	13163.5	309725	309712	13.0728	2176	7955	3381	3	0.0001 Colloc0 2176 43495 0.159161 283.613
990	1	13289.9	309527	309514	12.7834	2175	7945	3391	2	0.0001 Colloc0 2175 43514 0.169268 262.378
1000	1	13418.5	310052	310039	12.9923	2152	7794	3542	3	0.0001 Colloc0 2152 43490 0.160966 277.66
1010	1	13553.2	310356	310344	12.7453	2189	7714	3622	7	0.0001 Colloc0 2189 43494 0.182056 259.614
1020	1	13676.8	310741	310729	12.4337	2184	7616	3720	5	0.0001 Colloc0 2184 43488 0.170551 237.338
1030	1	13813.5	311049	311036	13.0544	2191	7564	3772	2	0.0001 Colloc0 2191 43546 0.167809 282.248
1040	1	13950.1	310844	310831	13.0639	2189	7547	3789	3	0.0001 Colloc0 2189 43499 0.156369 282.957
1050	1	14086.8	310213	310200	12.7713	2172	7753	3583	5	0.0001 Colloc0 2172 43468 0.163237 261.499
1060	1	14222.8	309896	309884	12.7524	2161	7666	3670	3	0.0001 Colloc0 2161 43499 0.167568 260.129
1070	1	14358.5	309706	309693	13.0571	2178	7835	3501	5	0.0001 Colloc0 2178 43439 0.14683 282.451
1080	1	14495.4	309779	309766	12.2353	2167	7701	3635	3	0.0001 Colloc0 2167 43398 0.191468 223.462
1090	1	14632.2	309831	309818	13.435	2160	7780	3556	1	0.0001 Colloc0 2160 43420 0.141108 310.778
1100	1	14769.6	309872	309858	13.0771	2168	7758	3578	3	0.0001 Colloc0 2168 43433 0.14937 283.93
1110	1	14904.1	309723	309710	12.9746	2171	7773	3563	5	0.0001 Colloc0 2171 43467 0.142427 276.359
1120	1	15040.4	309812	309799	13.2094	2185	7762	3574	3	0.0001 Colloc0 2185 43403 0.152382 293.783
1130	1	15174.5	309813	309800	12.4991	2194	7754	3582	3	0.0001 Colloc0 2194 43405 0.195421 241.969
1140	1	15305	310044	310031	12.6701	2219	7744	3592	2	0.0001 Colloc0 2219 43446 0.196488 254.185
1150	1	15428.6	309546	309533	13.6974	2202	7950	3386	4	0.0001 Colloc0 2202 43442 0.135315 330.829
1160	1	15551.5	309998	309985	13.2855	2230	7823	3513	3	0.0001 Colloc0 2230 43350 0.156666 299.488
1170	1	15685.2	309857	309843	13.3234	2213	7825	3511	5	0.0001 Colloc0 2213 43390 0.152558 302.346
1180	1	15813.6	309615	309602	13.0654	2163	7821	3515	3	0.0001 Colloc0 2163 43376 0.159285 283.063
1190	1	15937	309422	309410	12.6244	2153	7804	3532	2	0.0001 Colloc0 2153 43359 0.181508 250.908
1200	1	16067	309109	309096	13.1314	2174	7958	3378	2	0.0001 Colloc0 2174 43299 0.150289 287.964
1210	1	16200.2	308320	308307	13.4022	2159	8220	3116	1	0.0001 Colloc0 2159 43306 0.156411 308.291
1220	1	16337.6	308402	308389	13.264	2181	8111	3225	1	0.0001 Colloc0 2181 43284 0.156722 297.876
1230	1	16474.5	308626	308614	12.8302	2188	8206	3130	1	0.0001 Colloc0 2188 43301 0.180562 265.779
1240	1	16610.7	309272	309259	12.6683	2176	7972	3364	4	0.0001 Colloc0 2176 43354 0.157539 254.058
1250	1	16744	308974	308961	13.025	2178	8016	3320	4	0.0001 Colloc0 2178 43338 0.156318 280.078
1260	1	16879.2	309119	309106	13.0412	2181	7880	3456	4	0.0001 Colloc0 2181 43268 0.146314 281.274
1270	1	17014.4	309242	309228	13.5095	2199	7857	3479	3	0.0001 Colloc0 2199 43260 0.151053 316.442
1280	1	17150.7	308464	308451	12.7454	2186	8212	3124	2	0.0001 Colloc0 2186 43303 0.177242 259.621
1290	1	17288	308681	308667	13.2572	2194	8257	3079	2	0.0001 Colloc0 2194 43279 0.153467 297.363
1300	1	17424.2	308621	308607	13.3191	2211	8240	3096	2	0.0001 Colloc0 2211 43247 0.150827 302.021
1310	1	17561	308292	308279	12.8476	2167	8291	3045	1	0.0001 Colloc0 2167 43148 0.155901 267.049
1320	1	17695.8	307295	307282	13.1985	2178	8536	2800	4	0.0001 Colloc0 2178 43125 0.156981 292.97
1330	1	17831.8	307800	307787	13.4915	2199	8390	2946	1	0.0001 Colloc0 2199 43183 0.147449 315.072
1340	1	17968.1	307481	307468	12.7463	2224	8428	2908	1	0.0001 Colloc0 2224 43054 0.179641 259.689
1350	1	18102.9	306924	306911	12.9612	2196	8602	2734	3	0.0001 Colloc0 2196 43086 0.157185 275.374
1360	1	18237.9	306358	306345	13.2195	2184	8752	2584	3	0.0001 Colloc0 2184 43023 0.161733 294.542
1370	1	18364.9	306393	306381	12.6757	2240	8662	2674	2	0.0001 Colloc0 2240 43002 0.186404 254.59
1380	1	18488.5	306242	306229	13.1998	2196	8681	2655	3	0.0001 Colloc0 2196 42985 0.163131 293.064
1390	1	18616.2	306445	306432	13.0395	2163	8701	2635	2	0.0001 Colloc0 2163 42973 0.155172 281.147
1400	1	18755.2	306950	306937	13.3182	2180	8544	2792	1	0.0001 Colloc0 2180 43014 0.140195 301.953
1410	1	18893	306911	306898	13.1081	2177	8536	2800	2	0.0001 Colloc0 2177 43031 0.154882 286.231
1420	1	19021	306749	306736	13.2022	2181	8446	2890	1	0.0001 Colloc0 2181 42973 0.173078 293.246
1430	1	19148.1	306505	306492	12.4717	2209	8593	2743	1	0.0001 Colloc0 2209 42997 0.179016 240.026
1440	1	19285.7	306304	306291	12.7516	2205	8769	2567	1	0.0001 Colloc0 2205 42980 0.185154 260.074
1450	1	19422.3	306070	306057	13.425	2171	8885	2451	1	0.0001 Colloc0 2171 42973 0.144118 310.02
1460	1	19551.8	306077	306064	12.9161	2223	8911	2425	1	0.0001 Colloc0 2223 42964 0.168529 272.063
1470	1	19681.3	305710	305698	12.4872	2181	8934	2402	2	0.0001 Colloc0 2181 42982 0.190944 241.125
1480	1	19810.9	305416	305403	12.8255	2190	8983	2353	2	0.0001 Colloc0 2190 42973 0.168624 265.436
1490	1	19939.8	305721	305708	13.1488	2232	9035	2301	1	0.0001 Colloc0 2232 42980 0.16198 289.262
1500	1	20078.6	305248	305236	12.8933	2209	9133	2203	2	0.0001 Colloc0 2209 42965 0.177304 270.389
1510	1	20211.8	304749	304736	13.0742	2188	9253	2083	3	0.0001 Colloc0 2188 42898 0.161668 283.714
1520	1	20348.8	304752	304739	13.2426	2194	9291	2045	4	0.0001 Colloc0 2194 42895 0.146911 296.271
1530	1	20483.3	305563	305550	12.706	2217	9141	2195	4	0.0001 Colloc0 2217 42971 0.187141 256.772
1540	1	20619.3	304748	304735	13.3458	2174	9129	2207	4	0.0001 Colloc0 2174 42870 0.157314 304.03
1550	1	20755.2	304782	304770	12.7088	2206	9166	2170	3	0.0001 Colloc0 2206 42868 0.197499 256.976
1560	1	20890.4	304711	304698	13.3962	2203	9127	2209	1	0.0001 Colloc0 2203 42823 0.153673 307.842
1570	1	21023.6	304748	304735	13.1241	2182	9111	2225	2	0.0001 Colloc0 2182 42824 0.166728 287.426
1580	1	21150.8	304387	304374	12.786	2211	9204	2132	2	0.0001 Colloc0 2211 42760 0.178775 262.57
1590	1	21281.3	304518	304505	12.4484	2191	9087	2249	3	0.0001 Colloc0 2191 42748 0.186967 238.378
1600	1	21415.3	304654	304641	13.1912	2193	9031	2305	2	0.0001 Colloc0 2193 42681 0.159425 292.422
1610	1	21552.3	304734	304721	12.776	2210	8836	2500	1	0.0001 Colloc0 2210 42651 0.175306 261.843
1620	1	21683.2	305531	305518	13.1369	2211	8700	2636	2	0.0001 Colloc0 2211 42657 0.171263 288.373
1630	1	21817	304939	304926	12.9884	2193	8900	2436	3	0.0001 Colloc0 2193 42679 0.162782 277.372
1640	1	21950	305035	305022	13.0067	2194	8893	2443	2	0.0001 Colloc0 2194 42697 0.172204 278.723
1650	1	22079.6	304499	304486	13.009	2193	8960	2376	2	0.0001 Colloc0 2193 42645 0.161889 278.895
1660	1	22213.5	304337	304325	12.7991	2191	9065	2271	3	0.0001 Colloc0 2191 42665 0.17436 263.516
1670	1	22337.5	304459	304447	12.4492	2198	9024	2312	1	0.0001 Colloc0 2198 42616 0.189821 238.434
1680	1	22459.4	304689	304676	12.6874	2217	9014	2322	3	0.0001 Colloc0 2217 42642 0.178088 255.433
1690	1	22587.4	304460	304446	13.3021	2172	9061	2275	1	0.0001 Colloc0 2172 42661 0.151203 300.736
1700	1	22719.4	304338	304326	12.6957	2189	9114	2222	3	0.0001 Colloc0 2189 42656 0.170977 256.033
1710	1	22843.5	304496	304483	12.9783	2162	9009	2327	1	0.0001 Colloc0 2162 42649 0.162593 276.63
1720	1	22971.7	304488	304475	12.5297	2219	8962	2374	3	0.0001 Colloc0 2219 42611 0.197172 244.141
1730	1	23095.7	305181	305167	13.7243	2236	8895	2441	2	0.0001 Colloc0 2236 42567 0.144313 332.903
1740	1	23224.4	305059	305046	12.7483	2237	8844	2492	1	0.0001 Colloc0 2237 42548 0.18171 259.835
1750	1	23356	305330	305317	13.1762	2262	8781	2555	1	0.0001 Colloc0 2262 42558 0.165464 291.304
1760	1	23486	304708	304695	13.0368	2207	8794	2542	5	0.0001 Colloc0 2207 42503 0.150645 280.946
1770	1	23616.9	304744	304731	13.0961	2207	8814	2522	1	0.0001 Colloc0 2207 42476 0.163555 285.339
1780	1	23748.3	304071	304058	12.9581	2201	8849	2487	2	0.0001 Colloc0 2201 42423 0.165384 275.142
1790	1	23876.8	304004	303991	13.5898	2162	8938	2398	2	0.0001 Colloc0 2162 42513 0.127175 322.57
1800	1	24005.1	303869	303856	13.1669	2186	9033	2303	2	0.0001 Colloc0 2186 42440 0.143247 290.609
1810	1	24136.2	303561	303549	12.4232	2191	9070	2266	3	0.0001 Colloc0 2191 42439 0.190569 236.594
1820	1	24260.1	303442	303429	13.1378	2182	9128	2208	3	0.0001 Colloc0 2182 42388 0.144985 288.445
1830	1	24384.9	303169	303156	13.165	2182	9160	2176	2	0.0001 Colloc0 2182 42385 0.156095 290.466
1840	1	24511.3	303272	303259	13.433	2186	9138	2198	2	0.0001 Colloc0 2186 42410 0.14362 310.626
1850	1	24641.3	303036	303023	13.1049	2187	9267	2069	3	0.0001 Colloc0 2187 42413 0.153889 285.993
1860	1	24765.7	302559	302546	12.9665	2169	9399	1937	2	0.0001 Colloc0 2169 42357 0.163841 275.761
1870	1	24891.4	302499	302486	12.849	2173	9413	1923	1	0.0001 Colloc0 2173 42363 0.166133 267.153
1880	1	25018	302671	302658	12.9269	2186	9286	2050	2	0.0001 Colloc0 2186 42402 0.173588 272.851
1890	1	25145	303097	303084	12.5315	2217	9149	2187	3	0.0001 Colloc0 2217 42402 0.18718 244.267
1900	1	25271.3	303244	303231	13.0237	2207	9223	2113	1	0.0001 Colloc0 2207 42344 0.157387 279.982
1910	1	25398	303276	303263	13.1106	2202	9108	2228	2	0.0001 Colloc0 2202 42331 0.15915 286.418
1920	1	25525.7	303723	303710	12.9911	2209	9034	2302	1	0.0001 Colloc0 2209 42413 0.173309 277.572
1930	1	25653.5	303885	303872	13.0511	2222	8998	2338	4	0.0001 Colloc0 2222 42415 0.169624 282.003
1940	1	25779.4	302413	302401	12.4749	2181	9219	2117	1	0.0001 Colloc0 2181 42298 0.185861 240.25
1950	1	25905.3	302711	302697	13.2663	2167	9067	2269	2	0.0001 Colloc0 2167 42297 0.150173 298.05
1960	1	26025.8	302613	302600	13.0616	2188	9131	2205	3	0.0001 Colloc0 2188 42221 0.166045 282.781
1970	1	26147.3	302620	302606	13.3277	2178	9090	2246	3	0.0001 Colloc0 2178 42250 0.145944 302.669
1980	1	26267.4	302723	302710	13.1947	2179	9022	2314	2	0.0001 Colloc0 2179 42219 0.155321 292.689
1990	1	26385.2	302747	302734	13.2126	2165	8949	2387	1	0.0001 Colloc0 2165 42276 0.150761 294.021
2000	1	26503.2	302446	302433	13.1098	2208	9101	2235	3	0.0001 Colloc0 2208 42197 0.158696 286.356
