# D = 0, E = 1, I = 1, P = 1, R = -1, n = 2000, N = 1, P = 1, w = 1, a = 0.0001, b = 10000, e = 1, f = 1, g = 100, h = 0.01, r = 21147, s = 1, S = 0, x = 10, m = 100, Z = 1, z = 0, T = 1, t = 1
# 125805 tokens in 11336 sentences
#
# It	Temp	Time	-logP	-logPcorpus	-logPrior	tables	same	changed	reject	default_pya	(parent pym pyn pya pyb)*
0	1	13.7879	463336	463223	113.764	11381	0	11336	0	0.0001 Colloc0 11381 56770 0.0001 10000
10	1	194.769	371125	371109	15.7543	3046	3433	7903	7	0.0001 Colloc0 3046 49042 0.118766 496.351
20	1	331.076	361270	361254	15.9628	2372	3769	7567	5	0.0001 Colloc0 2372 48541 0.00612631 513.79
30	1	459.016	355553	355538	15.1655	2271	4033	7303	9	0.0001 Colloc0 2271 48208 0.0251855 447.687
40	1	589.856	352162	352146	15.2415	2174	4168	7168	6	0.0001 Colloc0 2174 47960 0.00263812 453.919
50	1	719.565	346183	346169	14.3456	2149	4503	6833	5	0.0001 Colloc0 2149 47574 0.0669075 381.533
60	1	847.015	344196	344182	14.4544	2124	4803	6533	5	0.0001 Colloc0 2124 47474 0.0509278 390.194
70	1	983.719	342403	342389	14.0223	2135	4912	6424	8	0.0001 Colloc0 2135 47218 0.0943414 356.044
80	1	1114.33	341504	341490	13.5952	2154	4948	6388	7	0.0001 Colloc0 2154 47076 0.0943842 322.987
90	1	1250.68	339009	338995	13.3801	2129	5164	6172	9	0.0001 Colloc0 2129 46905 0.116746 306.622
100	1	1382.61	337257	337243	14.2165	2068	5403	5933	6	0.0001 Colloc0 2068 46802 0.0606744 371.31
110	1	1519.62	335950	335936	13.6887	2111	5558	5778	4	0.0001 Colloc0 2111 46684 0.0884331 330.162
120	1	1660.56	335350	335337	13.3757	2128	5632	5704	4	0.0001 Colloc0 2128 46585 0.123023 306.286
130	1	1790.53	333767	333754	13.4099	2143	5744	5592	4	0.0001 Colloc0 2143 46529 0.127576 308.872
140	1	1920.7	334276	334263	13.5301	2180	5884	5452	7	0.0001 Colloc0 2180 46456 0.123375 318.013
150	1	2051.59	333059	333046	13.3465	2141	6007	5329	6	0.0001 Colloc0 2141 46366 0.125306 304.088
160	1	2183.19	331888	331874	13.7191	2158	6150	5186	6	0.0001 Colloc0 2158 46268 0.108102 332.501
170	1	2319.19	331233	331220	13.2489	2144	6229	5107	6	0.0001 Colloc0 2144 46211 0.126692 296.74
180	1	2448.79	330845	330831	13.7289	2154	6210	5126	7	0.0001 Colloc0 2154 46129 0.0993557 333.257
190	1	2586.1	330117	330104	13.2794	2131	6227	5109	7	0.0001 Colloc0 2131 46052 0.123023 299.034
200	1	2719.61	329496	329483	13.4848	2093	6208	5128	9	0.0001 Colloc0 2093 45911 0.11072 314.561
210	1	2855.05	329333	329320	13.2697	2184	6280	5056	5	0.0001 Colloc0 2184 45818 0.132394 298.303
220	1	2991.01	326005	325992	13.4147	2156	6523	4813	6	0.0001 Colloc0 2156 45413 0.1227 309.236
230	1	3127.07	326049	326036	13.6303	2148	6507	4829	8	0.0001 Colloc0 2148 45444 0.118862 325.67
240	1	3262.71	325190	325177	13.161	2125	6619	4717	9	0.0001 Colloc0 2125 45432 0.136707 290.17
250	1	3393.13	324887	324873	13.9528	2112	6549	4787	6	0.0001 Colloc0 2112 45308 0.0901369 350.621
260	1	3526.99	324562	324548	13.6148	2118	6458	4878	5	0.0001 Colloc0 2118 45291 0.0939196 324.487
270	1	3659.16	324039	324025	13.5652	2120	6598	4738	6	0.0001 Colloc0 2120 45167 0.0962967 320.691
280	1	3796.69	323770	323756	13.4274	2163	6627	4709	5	0.0001 Colloc0 2163 45141 0.117678 310.203
290	1	3933.39	324015	324001	13.4457	2180	6614	4722	4	0.0001 Colloc0 2180 45105 0.133792 311.592
300	1	4067.28	322327	322313	13.8529	2106	6803	4533	6	0.0001 Colloc0 2106 45078 0.0900307 342.848
310	1	4201.24	321617	321604	12.5464	2158	6959	4377	6	0.0001 Colloc0 2158 44953 0.183195 245.332
320	1	4335.66	321730	321717	13.3019	2104	6836	4500	5	0.0001 Colloc0 2104 44984 0.124111 300.72
330	1	4469.13	321405	321392	13.1608	2104	6878	4458	6	0.0001 Colloc0 2104 44918 0.131121 290.155
340	1	4604.19	321174	321161	12.7584	2147	6879	4457	6	0.0001 Colloc0 2147 44814 0.164547 260.562
350	1	4729.77	319857	319844	13.1674	2127	7185	4151	6	0.0001 Colloc0 2127 44854 0.142543 290.644
360	1	4863.9	319744	319731	13.2176	2116	7202	4134	7	0.0001 Colloc0 2116 44700 0.128427 294.395
370	1	4998.01	319957	319943	13.5833	2121	7070	4266	7	0.0001 Colloc0 2121 44734 0.10721 322.073
380	1	5129.36	319684	319670	13.7387	2171	7254	4082	7	0.0001 Colloc0 2171 44692 0.120224 334.013
390	1	5259.96	319004	318990	13.165	2166	7348	3988	5	0.0001 Colloc0 2166 44590 0.150196 290.47
400	1	5396.62	318323	318310	13.367	2163	7502	3834	6	0.0001 Colloc0 2163 44586 0.122581 305.634
410	1	5529.09	317212	317199	13.0231	2126	7581	3755	5	0.0001 Colloc0 2126 44472 0.147129 279.936
420	1	5658.69	316962	316949	13.2407	2154	7583	3753	6	0.0001 Colloc0 2154 44414 0.128955 296.13
430	1	5795.85	316614	316601	12.9921	2121	7585	3751	7	0.0001 Colloc0 2121 44446 0.149356 277.649
440	1	5933.57	316818	316805	12.7161	2132	7587	3749	8	0.0001 Colloc0 2132 44361 0.156496 257.507
450	1	6067.96	317339	317326	13.5276	2128	7528	3808	7	0.0001 Colloc0 2128 44348 0.128501 317.817
460	1	6203.64	317143	317130	13.2201	2160	7492	3844	8	0.0001 Colloc0 2160 44346 0.12213 294.583
470	1	6334.77	316790	316776	13.2493	2171	7407	3929	6	0.0001 Colloc0 2171 44256 0.134046 296.776
480	1	6470.58	316381	316368	13.4456	2118	7502	3834	6	0.0001 Colloc0 2118 44351 0.121831 311.583
490	1	6607.52	316215	316202	13.4015	2126	7595	3741	5	0.0001 Colloc0 2126 44311 0.106329 308.237
500	1	6732.56	315908	315895	13.4637	2120	7751	3585	6	0.0001 Colloc0 2120 44356 0.131125 312.96
510	1	6864.97	315027	315014	12.9994	2124	7881	3455	4	0.0001 Colloc0 2124 44276 0.15417 278.183
520	1	7000.54	314745	314732	12.9677	2127	7788	3548	5	0.0001 Colloc0 2127 44126 0.137192 275.848
530	1	7139.04	314343	314330	13.1152	2131	7618	3718	7	0.0001 Colloc0 2131 44077 0.150827 286.762
540	1	7275.8	314089	314076	12.8603	2165	7798	3538	5	0.0001 Colloc0 2165 44089 0.169533 267.977
550	1	7408.52	313619	313606	13.2469	2120	7719	3617	5	0.0001 Colloc0 2120 43940 0.137802 296.591
560	1	7542.16	313322	313308	13.3739	2159	7933	3403	6	0.0001 Colloc0 2159 43892 0.142313 306.156
570	1	7675.37	312904	312891	13.0604	2168	8061	3275	6	0.0001 Colloc0 2168 43927 0.134515 282.692
580	1	7804.41	311799	311786	12.6276	2117	8351	2985	3	0.0001 Colloc0 2117 43919 0.164647 251.132
590	1	7940.76	311108	311095	13.3257	2109	8584	2752	2	0.0001 Colloc0 2109 43950 0.143093 302.517
600	1	8074.55	311468	311454	13.5555	2106	8587	2749	4	0.0001 Colloc0 2106 43884 0.119602 319.949
610	1	8207.75	310811	310798	13.5205	2120	8782	2554	3	0.0001 Colloc0 2120 43873 0.134905 317.281
620	1	8341.3	310761	310748	12.7724	2096	8691	2645	4	0.0001 Colloc0 2096 43862 0.166803 261.579
630	1	8474.98	310848	310835	13.3461	2159	8608	2728	3	0.0001 Colloc0 2159 43762 0.149272 304.055
640	1	8610.36	311262	311249	13.3165	2119	8548	2788	4	0.0001 Colloc0 2119 43804 0.128328 301.825
650	1	8743.16	310736	310723	12.8618	2123	8669	2667	2	0.0001 Colloc0 2123 43726 0.15478 268.085
660	1	8877.79	310823	310810	13.1896	2158	8639	2697	5	0.0001 Colloc0 2158 43709 0.127418 292.308
670	1	9010.99	309827	309814	13.3083	2111	8796	2540	4	0.0001 Colloc0 2111 43672 0.131771 301.208
680	1	9144.22	309766	309753	13.0466	2149	8877	2459	5	0.0001 Colloc0 2149 43638 0.146853 281.672
690	1	9277.82	309741	309727	13.2788	2144	8896	2440	3	0.0001 Colloc0 2144 43654 0.137472 298.989
700	1	9415.48	310199	310187	12.3748	2181	8738	2598	4	0.0001 Colloc0 2181 43643 0.195587 233.194
710	1	9553.54	309683	309670	12.988	2121	8732	2604	3	0.0001 Colloc0 2121 43562 0.143119 277.344
720	1	9689.65	309426	309413	13.2973	2126	8768	2568	5	0.0001 Colloc0 2126 43524 0.155453 300.381
730	1	9825.82	309726	309713	13.3827	2170	8723	2613	6	0.0001 Colloc0 2170 43580 0.140324 306.821
740	1	9963.18	309968	309955	13.2857	2128	8670	2666	3	0.0001 Colloc0 2128 43565 0.145659 299.504
750	1	10099.4	309805	309792	13.0936	2108	8732	2604	4	0.0001 Colloc0 2108 43546 0.145942 285.157
760	1	10230.1	309345	309332	13.0615	2117	8725	2611	3	0.0001 Colloc0 2117 43513 0.146639 282.777
770	1	10364.4	309448	309435	13.1411	2098	8657	2679	5	0.0001 Colloc0 2098 43545 0.129981 288.688
780	1	10502.4	309767	309753	13.3831	2126	8633	2703	4	0.0001 Colloc0 2126 43528 0.128448 306.848
790	1	10638.9	309330	309317	13.1518	2121	8696	2640	3	0.0001 Colloc0 2121 43464 0.144298 289.487
800	1	10765	309496	309483	13.4759	2112	8673	2663	5	0.0001 Colloc0 2112 43485 0.111501 313.882
810	1	10902.5	309568	309554	13.6901	2121	8638	2698	7	0.0001 Colloc0 2121 43482 0.119207 330.266
820	1	11038.6	309332	309319	12.954	2128	8709	2627	5	0.0001 Colloc0 2128 43488 0.147847 274.845
830	1	11175.5	309207	309194	13.1835	2114	8736	2600	6	0.0001 Colloc0 2114 43519 0.14486 291.851
