# D = 0, E = 1, I = 1, P = 1, R = -1, n = 2000, N = 1, P = 1, w = 1, a = 0.0001, b = 10000, e = 1, f = 1, g = 100, h = 0.01, r = 12224, s = 1, S = 0, x = 10, m = 100, Z = 1, z = 0, T = 1, t = 1
# 125805 tokens in 11336 sentences
#
# It	Temp	Time	-logP	-logPcorpus	-logPrior	tables	same	changed	reject	default_pya	(parent pym pyn pya pyb)*
0	1	13.5979	461326	461212	113.764	11343	0	11336	0	0.0001 Colloc0 11343 56590 0.0001 10000
10	1	193.257	374790	374773	16.0856	3062	3355	7981	3	0.0001 Colloc0 3062 49553 0.101531 524.1
20	1	324.252	365371	365355	15.8522	2379	3615	7721	6	0.0001 Colloc0 2379 49037 0.0066255 504.531
30	1	463.777	359391	359375	15.3742	2260	3893	7443	6	0.0001 Colloc0 2260 48654 0.0165026 464.84
40	1	601.017	355615	355600	15.2247	2180	4203	7133	7	0.0001 Colloc0 2180 48314 0.0276472 452.542
50	1	738.183	350954	350939	15.2157	2116	4281	7055	4	0.0001 Colloc0 2116 47944 0.0164628 451.806
60	1	868.062	348022	348007	14.4401	2067	4409	6927	8	0.0001 Colloc0 2067 47624 0.0320012 389.048
70	1	1002.77	344473	344459	13.8818	2105	4598	6738	6	0.0001 Colloc0 2105 47300 0.0877861 345.09
80	1	1139.45	341782	341768	14.4293	2049	4800	6536	3	0.0001 Colloc0 2049 47137 0.0264689 388.187
90	1	1275.61	340321	340307	14.1994	2045	4899	6437	6	0.0001 Colloc0 2045 47040 0.0442643 369.96
100	1	1405.69	338597	338583	14.0462	2067	5015	6321	4	0.0001 Colloc0 2067 46918 0.0646548 357.918
110	1	1532.55	338693	338680	13.3687	2141	5004	6332	5	0.0001 Colloc0 2141 46824 0.113652 305.762
120	1	1667.34	336992	336979	13.2724	2072	5178	6158	6	0.0001 Colloc0 2072 46686 0.121657 298.509
130	1	1801.54	335492	335479	13.5085	2069	5333	6003	6	0.0001 Colloc0 2069 46517 0.105063 316.361
140	1	1935.32	334014	334000	13.8339	2060	5548	5788	5	0.0001 Colloc0 2060 46423 0.071315 341.373
150	1	2063.69	333736	333722	13.9759	2079	5454	5882	4	0.0001 Colloc0 2079 46381 0.0775492 352.417
160	1	2198.66	332108	332094	13.712	2115	5634	5702	4	0.0001 Colloc0 2115 46278 0.0967503 331.95
170	1	2329.38	330860	330846	13.8694	2085	5712	5624	2	0.0001 Colloc0 2085 46192 0.0847963 344.129
180	1	2466.81	330244	330231	13.5426	2095	5714	5622	3	0.0001 Colloc0 2095 46172 0.0913199 318.965
190	1	2599.59	329501	329487	13.1752	2057	5857	5479	4	0.0001 Colloc0 2057 46140 0.132264 291.227
200	1	2732.44	328400	328386	13.951	2122	5931	5405	4	0.0001 Colloc0 2122 45902 0.0959408 350.474
210	1	2868.3	328578	328564	13.6431	2082	5820	5516	5	0.0001 Colloc0 2082 45879 0.10966 326.658
220	1	3002.56	327763	327749	13.7255	2089	5958	5378	2	0.0001 Colloc0 2089 45737 0.0982454 332.99
230	1	3132.08	327400	327387	13.5275	2122	6035	5301	3	0.0001 Colloc0 2122 45648 0.129654 317.811
240	1	3257.49	326932	326919	13.3633	2127	6078	5258	3	0.0001 Colloc0 2127 45703 0.124022 305.354
250	1	3391.78	326376	326362	13.1965	2112	6058	5278	5	0.0001 Colloc0 2112 45557 0.136293 292.823
260	1	3525.19	326031	326018	13.2384	2069	6120	5216	2	0.0001 Colloc0 2069 45523 0.117983 295.954
270	1	3660.12	325291	325278	13.4071	2085	6238	5098	2	0.0001 Colloc0 2085 45410 0.119124 308.665
280	1	3793.19	324010	323997	13.5211	2058	6322	5014	3	0.0001 Colloc0 2058 45299 0.0926294 317.325
290	1	3921.84	323419	323405	14.2847	2099	6476	4860	3	0.0001 Colloc0 2099 45146 0.0697981 376.706
300	1	4058.5	322883	322869	13.5978	2122	6544	4792	3	0.0001 Colloc0 2122 45088 0.115936 323.18
310	1	4195.27	322147	322133	13.6619	2096	6608	4728	2	0.0001 Colloc0 2096 44938 0.111338 328.101
320	1	4329.46	321227	321213	13.4749	2096	6881	4455	2	0.0001 Colloc0 2096 44972 0.118806 313.806
330	1	4466.15	320038	320025	13.5451	2089	7022	4314	6	0.0001 Colloc0 2089 44931 0.116071 319.158
340	1	4599.65	319787	319774	13.2357	2091	6902	4434	4	0.0001 Colloc0 2091 44834 0.131811 295.753
350	1	4733.23	318941	318927	13.4715	2085	7065	4271	3	0.0001 Colloc0 2085 44806 0.122575 313.55
360	1	4867.23	318443	318429	13.6965	2088	7178	4158	2	0.0001 Colloc0 2088 44730 0.103596 330.756
370	1	5002.35	317515	317502	12.9796	2078	7314	4022	1	0.0001 Colloc0 2078 44665 0.130893 276.727
380	1	5136.85	317505	317491	13.5655	2116	7350	3986	3	0.0001 Colloc0 2116 44604 0.109726 320.716
390	1	5269.48	317378	317364	13.9956	2125	7323	4013	3	0.0001 Colloc0 2125 44565 0.0805287 353.955
400	1	5402.55	316713	316700	12.9684	2086	7476	3860	2	0.0001 Colloc0 2086 44583 0.142659 275.899
410	1	5536.74	316586	316573	13.3634	2113	7480	3856	3	0.0001 Colloc0 2113 44503 0.127383 305.363
420	1	5664.67	316220	316207	13.4592	2154	7299	4037	1	0.0001 Colloc0 2154 44399 0.128464 312.612
430	1	5794.39	315937	315924	12.8038	2152	7262	4074	3	0.0001 Colloc0 2152 44298 0.179089 263.859
440	1	5928.14	315711	315698	12.9435	2144	7485	3851	4	0.0001 Colloc0 2144 44311 0.133796 274.068
450	1	6062.17	315912	315899	12.7322	2174	7373	3963	1	0.0001 Colloc0 2174 44244 0.162235 258.666
460	1	6198.45	315486	315473	13.1376	2160	7450	3886	2	0.0001 Colloc0 2160 44230 0.155393 288.426
470	1	6335.93	315152	315138	13.4416	2158	7438	3898	3	0.0001 Colloc0 2158 44199 0.120574 311.277
480	1	6471.23	313539	313525	13.6531	2107	7575	3761	4	0.0001 Colloc0 2107 44033 0.109714 327.422
490	1	6596.19	313454	313441	13.1219	2141	7749	3587	5	0.0001 Colloc0 2141 44015 0.136514 287.26
500	1	6728.33	313151	313138	13.1338	2128	7684	3652	4	0.0001 Colloc0 2128 43920 0.147287 288.145
510	1	6861.9	312720	312707	12.9406	2145	7916	3420	4	0.0001 Colloc0 2145 43939 0.156454 273.858
520	1	6993.46	313031	313018	12.8315	2169	7906	3430	6	0.0001 Colloc0 2169 43887 0.171099 265.879
530	1	7120.92	311813	311800	12.8948	2107	8035	3301	1	0.0001 Colloc0 2107 43812 0.148426 270.499
540	1	7255.68	311475	311462	13.4341	2171	7908	3428	3	0.0001 Colloc0 2171 43704 0.124284 310.71
550	1	7390.66	309851	309838	13.4595	2101	7986	3350	5	0.0001 Colloc0 2101 43548 0.113596 312.635
560	1	7520.43	309405	309392	13.1643	2098	8042	3294	4	0.0001 Colloc0 2098 43516 0.134652 290.417
570	1	7650.84	309028	309015	13.014	2120	8306	3030	4	0.0001 Colloc0 2120 43486 0.134405 279.263
580	1	7778.87	309347	309333	13.6407	2125	8225	3111	0	0.0001 Colloc0 2125 43510 0.115312 326.471
590	1	7906.56	309179	309165	13.6028	2125	8175	3161	1	0.0001 Colloc0 2125 43462 0.121584 323.569
600	1	8034.12	308749	308736	13.1274	2127	8262	3074	4	0.0001 Colloc0 2127 43425 0.136778 287.669
610	1	8168.73	308322	308309	13.1488	2136	8387	2949	1	0.0001 Colloc0 2136 43333 0.158794 289.262
620	1	8301.76	307491	307478	12.8138	2112	8644	2692	1	0.0001 Colloc0 2112 43341 0.154877 264.591
630	1	8432.8	307531	307518	13.335	2110	8597	2739	2	0.0001 Colloc0 2110 43355 0.122974 303.219
640	1	8563.6	306965	306952	12.7398	2112	8813	2523	0	0.0001 Colloc0 2112 43341 0.159093 259.221
650	1	8702.03	306833	306820	13.3736	2091	8809	2527	0	0.0001 Colloc0 2091 43394 0.122686 306.132
660	1	8836.37	306339	306326	13.4992	2103	8856	2480	0	0.0001 Colloc0 2103 43308 0.135535 315.654
670	1	8968.43	306246	306234	12.658	2120	8894	2442	2	0.0001 Colloc0 2120 43274 0.186921 253.315
680	1	9103.73	306977	306964	12.769	2115	8758	2578	2	0.0001 Colloc0 2115 43329 0.165438 261.33
690	1	9235.48	306992	306979	12.8185	2117	8751	2585	1	0.0001 Colloc0 2117 43292 0.17534 264.927
700	1	9370.1	307753	307740	13.3831	2116	8622	2714	1	0.0001 Colloc0 2116 43372 0.126513 306.847
710	1	9505.59	306830	306817	12.9792	2114	8775	2561	0	0.0001 Colloc0 2114 43254 0.167583 276.699
720	1	9639.67	306980	306967	12.84	2116	8750	2586	3	0.0001 Colloc0 2116 43280 0.148219 266.496
730	1	9767.05	306446	306433	13.0214	2098	8820	2516	2	0.0001 Colloc0 2098 43219 0.148845 279.807
740	1	9899.5	306829	306815	13.3947	2085	8715	2621	2	0.0001 Colloc0 2085 43212 0.129409 307.724
750	1	10031.1	306045	306032	12.5394	2113	8668	2668	1	0.0001 Colloc0 2113 42928 0.172973 244.833
760	1	10163.5	305977	305963	13.2004	2076	8801	2535	1	0.0001 Colloc0 2076 42891 0.127046 293.111
770	1	10294.8	305424	305411	13.3715	2105	8919	2417	2	0.0001 Colloc0 2105 42863 0.13222 305.969
780	1	10424.9	306062	306049	12.8505	2129	8750	2586	1	0.0001 Colloc0 2129 42886 0.155381 267.262
790	1	10557.6	305847	305834	13.0321	2113	8802	2534	0	0.0001 Colloc0 2113 42844 0.13646 280.603
800	1	10689.5	305538	305525	13.2914	2133	8886	2450	2	0.0001 Colloc0 2133 42796 0.151354 299.937
810	1	10822.7	305729	305716	13.1535	2147	8809	2527	0	0.0001 Colloc0 2147 42835 0.149821 289.614
820	1	10951.6	306079	306066	13.027	2138	8720	2616	1	0.0001 Colloc0 2138 42862 0.153128 280.22
830	1	11087.6	305782	305769	13.2414	2119	8715	2621	0	0.0001 Colloc0 2119 42801 0.131184 296.183
