# D = 0, E = 1, I = 1, P = 1, R = -1, n = 2000, N = 1, P = 1, w = 1, a = 0.0001, b = 10000, e = 1, f = 1, g = 100, h = 0.01, r = 8987, s = 1, S = 0, x = 10, m = 100, Z = 1, z = 0, T = 1, t = 1
# 125805 tokens in 11336 sentences
#
# It	Temp	Time	-logP	-logPcorpus	-logPrior	tables	same	changed	reject	default_pya	(parent pym pyn pya pyb)*
0	1	13.9989	463432	463318	113.764	11597	0	11336	0	0.0001 Colloc0 11597 57196 0.0001 10000
10	1	183.781	372459	372444	15.3026	3130	3450	7886	3	0.0001 Colloc0 3130 49368 0.145724 458.941
20	1	315.332	362640	362625	15.4902	2412	3862	7474	2	0.0001 Colloc0 2412 48858 0.0308833 474.416
30	1	443.591	356998	356982	15.3269	2207	4202	7134	5	0.0001 Colloc0 2207 48651 0.00685896 460.943
40	1	579.668	354120	354105	15.4501	2125	4262	7074	4	0.0001 Colloc0 2125 48456 0.00292207 471.1
50	1	718.828	350866	350851	14.6189	2144	4361	6975	2	0.0001 Colloc0 2144 48223 0.0474519 403.352
60	1	852.05	343541	343527	14.598	2128	4773	6563	1	0.0001 Colloc0 2128 47494 0.0751028 401.675
70	1	988.278	340338	340323	14.4761	2113	5015	6321	3	0.0001 Colloc0 2113 47187 0.0528433 391.926
80	1	1127.27	338315	338302	13.568	2144	5209	6127	2	0.0001 Colloc0 2144 46933 0.0958083 320.901
90	1	1263.7	334789	334775	14.4581	2114	5450	5886	3	0.0001 Colloc0 2114 46579 0.0644239 390.484
100	1	1394.11	332883	332869	13.7729	2081	5603	5733	2	0.0001 Colloc0 2081 46465 0.0866062 336.653
110	1	1531.2	331836	331822	13.6913	2112	5633	5703	0	0.0001 Colloc0 2112 46348 0.0848304 330.362
120	1	1668.65	330184	330170	13.6511	2152	5891	5445	1	0.0001 Colloc0 2152 46079 0.111682 327.269
130	1	1802.6	329588	329574	13.61	2075	5943	5393	1	0.0001 Colloc0 2075 46002 0.096365 324.114
140	1	1940.46	328418	328403	14.4358	2088	6001	5335	2	0.0001 Colloc0 2088 45927 0.0471408 388.71
150	1	2077.89	327811	327797	13.6915	2052	6090	5246	2	0.0001 Colloc0 2052 45898 0.0798465 330.373
160	1	2214.53	327094	327080	14.237	2088	6106	5230	3	0.0001 Colloc0 2088 45689 0.0609843 372.932
170	1	2351.11	326542	326529	13.3889	2096	6109	5227	0	0.0001 Colloc0 2096 45662 0.120691 307.283
180	1	2488.92	324856	324842	14.0411	2066	6302	5034	4	0.0001 Colloc0 2066 45492 0.0756574 357.516
190	1	2622.17	325219	325205	13.5972	2055	6215	5121	3	0.0001 Colloc0 2055 45449 0.0951958 323.135
200	1	2758.29	324412	324399	13.8544	2094	6350	4986	4	0.0001 Colloc0 2094 45394 0.0836214 342.963
210	1	2891.75	323866	323852	13.3705	2113	6521	4815	0	0.0001 Colloc0 2113 45333 0.128505 305.895
220	1	3017.03	322948	322934	13.2223	2095	6540	4796	3	0.0001 Colloc0 2095 45235 0.141357 294.747
230	1	3141.66	322239	322226	13.0351	2093	6679	4657	3	0.0001 Colloc0 2093 45206 0.140079 280.822
240	1	3270.82	322013	322000	13.6627	2075	6724	4612	2	0.0001 Colloc0 2075 45189 0.110042 328.156
250	1	3403.27	321496	321483	13.1655	2071	6763	4573	0	0.0001 Colloc0 2071 45133 0.133824 290.504
260	1	3530.18	319513	319500	12.8976	2082	6977	4359	2	0.0001 Colloc0 2082 44868 0.150263 270.705
270	1	3666.36	320027	320014	13.3276	2066	6910	4426	2	0.0001 Colloc0 2066 44949 0.113715 302.661
280	1	3798.44	319549	319536	12.9323	2076	6986	4350	1	0.0001 Colloc0 2076 44855 0.140702 273.25
290	1	3921.91	318357	318344	12.9802	2041	6980	4356	1	0.0001 Colloc0 2041 44804 0.127618 276.773
300	1	4045.35	318392	318378	13.4563	2102	6989	4347	2	0.0001 Colloc0 2102 44669 0.120357 312.396
310	1	4170.92	318141	318129	12.6232	2080	7142	4194	4	0.0001 Colloc0 2080 44646 0.166689 250.818
320	1	4296.57	317454	317441	13.0967	2129	7103	4233	3	0.0001 Colloc0 2129 44519 0.154154 285.388
330	1	4433.2	317279	317266	13.4331	2066	7128	4208	0	0.0001 Colloc0 2066 44554 0.120847 310.631
340	1	4568.6	316443	316430	13.0453	2049	7195	4141	1	0.0001 Colloc0 2049 44515 0.130262 281.576
350	1	4696.33	316728	316715	13.2136	2046	7220	4116	2	0.0001 Colloc0 2046 44519 0.115885 294.098
360	1	4822.92	316093	316079	13.7747	2077	7256	4080	2	0.0001 Colloc0 2077 44396 0.124926 336.789
370	1	4959.43	316281	316267	13.1862	2096	7165	4171	2	0.0001 Colloc0 2096 44386 0.154527 292.048
380	1	5093.32	315990	315977	13.0984	2060	7142	4194	3	0.0001 Colloc0 2060 44318 0.132169 285.513
390	1	5226.06	316421	316408	13.1696	2098	7054	4282	5	0.0001 Colloc0 2098 44286 0.120872 290.81
400	1	5360.27	315514	315501	13.4945	2038	7084	4252	2	0.0001 Colloc0 2038 44174 0.104514 315.297
410	1	5495.54	315377	315364	13.0434	2093	7116	4220	2	0.0001 Colloc0 2093 44134 0.140977 281.436
420	1	5631.82	315725	315712	12.9904	2101	7075	4261	1	0.0001 Colloc0 2101 44205 0.135822 277.524
430	1	5767.62	315427	315413	13.2867	2117	7193	4143	3	0.0001 Colloc0 2117 44144 0.12584 299.581
440	1	5904.77	315927	315913	13.3334	2107	6942	4394	1	0.0001 Colloc0 2107 44075 0.126392 303.097
450	1	6040.84	315573	315560	13.2229	2088	6984	4352	3	0.0001 Colloc0 2088 44039 0.11748 294.797
460	1	6177.38	315672	315658	13.3179	2114	6841	4495	3	0.0001 Colloc0 2114 43964 0.128042 301.927
470	1	6313.76	316166	316153	13.0667	2114	6889	4447	1	0.0001 Colloc0 2114 43979 0.142988 283.164
480	1	6448.2	315592	315579	13.1182	2089	6888	4448	2	0.0001 Colloc0 2089 43980 0.134281 286.987
490	1	6571.96	315349	315336	13.054	2105	6899	4437	2	0.0001 Colloc0 2105 43978 0.140617 282.22
500	1	6707.63	315321	315308	13.2517	2091	6900	4436	3	0.0001 Colloc0 2091 43932 0.130913 296.956
510	1	6843.89	315099	315085	13.3621	2089	6846	4490	2	0.0001 Colloc0 2089 43939 0.122867 305.258
520	1	6981.37	315223	315210	12.8574	2139	6836	4500	3	0.0001 Colloc0 2139 43886 0.147764 267.762
530	1	7118.35	314434	314420	13.7546	2114	6987	4349	2	0.0001 Colloc0 2114 43809 0.106414 335.237
540	1	7254.8	313776	313763	12.7868	2129	7140	4196	1	0.0001 Colloc0 2129 43740 0.172425 262.626
550	1	7390.99	313472	313459	13.1556	2094	7234	4102	4	0.0001 Colloc0 2094 43742 0.127381 289.766
560	1	7526.57	313487	313473	13.6047	2111	7177	4159	3	0.0001 Colloc0 2111 43745 0.122864 323.709
570	1	7662.34	313270	313257	12.598	2096	7263	4073	2	0.0001 Colloc0 2096 43733 0.149733 249.013
580	1	7794.74	313211	313197	13.5843	2089	7294	4042	3	0.0001 Colloc0 2089 43728 0.119787 322.152
590	1	7924.84	313483	313470	13.0126	2153	7298	4038	4	0.0001 Colloc0 2153 43684 0.151004 279.157
600	1	8060.86	313771	313758	13.0796	2125	7222	4114	4	0.0001 Colloc0 2125 43716 0.138136 284.115
610	1	8196.95	313314	313301	13.3362	2119	7317	4019	3	0.0001 Colloc0 2119 43657 0.138132 303.304
620	1	8330.92	311963	311951	12.6885	2098	7364	3972	1	0.0001 Colloc0 2098 43543 0.157777 255.512
630	1	8464.19	311300	311286	13.7338	2072	7541	3795	5	0.0001 Colloc0 2072 43454 0.100805 333.631
640	1	8598.63	311425	311412	12.9667	2146	7536	3800	4	0.0001 Colloc0 2146 43458 0.144142 275.781
650	1	8734	311074	311060	13.1312	2146	7679	3657	3	0.0001 Colloc0 2146 43390 0.13867 287.953
660	1	8868.42	310979	310965	13.2767	2142	7654	3682	3	0.0001 Colloc0 2142 43424 0.119795 298.83
670	1	8993.25	310995	310982	13.1125	2136	7552	3784	4	0.0001 Colloc0 2136 43335 0.134835 286.558
680	1	9122.24	311171	311157	13.4113	2150	7400	3936	3	0.0001 Colloc0 2150 43247 0.129883 308.979
690	1	9252.06	311061	311048	13.2975	2139	7408	3928	5	0.0001 Colloc0 2139 43222 0.148539 300.393
700	1	9388.03	311107	311093	13.2287	2170	7464	3872	2	0.0001 Colloc0 2170 43167 0.147682 295.23
710	1	9523.48	310679	310666	12.9767	2157	7665	3671	2	0.0001 Colloc0 2157 43261 0.148696 276.511
720	1	9652.04	309210	309197	12.8436	2133	7812	3524	4	0.0001 Colloc0 2133 43123 0.179092 266.759
730	1	9783.6	309107	309094	13.4887	2132	7795	3541	5	0.0001 Colloc0 2132 43140 0.127447 314.855
740	1	9917.68	308887	308874	12.9856	2115	7964	3372	4	0.0001 Colloc0 2115 43143 0.158103 277.165
750	1	10052.1	308385	308372	12.964	2118	8183	3153	2	0.0001 Colloc0 2118 43176 0.153565 275.577
760	1	10186.9	308749	308736	13.2447	2121	8053	3283	3	0.0001 Colloc0 2121 43126 0.144189 296.431
770	1	10320.7	307517	307505	12.847	2120	8028	3308	5	0.0001 Colloc0 2120 42936 0.154466 267.008
780	1	10455.6	307868	307855	13.2707	2157	7998	3338	3	0.0001 Colloc0 2157 42934 0.147485 298.381
790	1	10592.6	308170	308157	13.5113	2123	7861	3475	4	0.0001 Colloc0 2123 42897 0.115396 316.58
800	1	10728.3	307537	307523	13.4586	2125	7869	3467	5	0.0001 Colloc0 2125 42830 0.118057 312.568
810	1	10864.2	307560	307546	13.0374	2146	7960	3376	6	0.0001 Colloc0 2146 42841 0.153491 280.996
820	1	11000.8	307331	307318	13.5431	2170	8022	3314	5	0.0001 Colloc0 2170 42796 0.146718 318.999
830	1	11135.1	307238	307224	13.218	2149	8211	3125	3	0.0001 Colloc0 2149 42808 0.137907 294.425
840	1	11265.7	306450	306436	13.0193	2177	8237	3099	6	0.0001 Colloc0 2177 42762 0.153096 279.655
850	1	11401.5	306327	306314	13.3638	2152	8225	3111	2	0.0001 Colloc0 2152 42715 0.143808 305.392
860	1	11533.1	306532	306519	13.1514	2148	8178	3158	2	0.0001 Colloc0 2148 42792 0.142848 289.458
870	1	11655.9	306356	306343	13.4275	2141	8155	3181	3	0.0001 Colloc0 2141 42716 0.131062 310.212
880	1	11778.8	306830	306817	13.0657	2159	7887	3449	2	0.0001 Colloc0 2159 42734 0.147192 283.085
890	1	11907.7	307048	307035	13.3721	2132	7804	3532	7	0.0001 Colloc0 2132 42751 0.131674 306.015
900	1	12032.7	306986	306972	13.1575	2148	7890	3446	7	0.0001 Colloc0 2148 42721 0.150254 289.908
910	1	12165.9	307097	307085	12.8066	2151	7927	3409	5	0.0001 Colloc0 2151 42682 0.168606 264.066
920	1	12293.9	307066	307052	13.079	2155	7835	3501	2	0.0001 Colloc0 2155 42635 0.155812 284.073
930	1	12430.8	307479	307465	13.9561	2166	7737	3599	3	0.0001 Colloc0 2166 42661 0.124116 350.873
940	1	12567.9	307394	307381	13.2691	2171	7725	3611	4	0.0001 Colloc0 2171 42659 0.140274 298.259
950	1	12702.8	307273	307259	13.8004	2163	7696	3640	4	0.0001 Colloc0 2163 42562 0.110945 338.778
960	1	12837.8	307289	307276	13.1836	2150	7631	3705	5	0.0001 Colloc0 2150 42569 0.150961 291.855
970	1	12970.9	307325	307312	13.0041	2169	7706	3630	2	0.0001 Colloc0 2169 42616 0.146098 278.532
980	1	13105.4	307757	307743	13.6649	2160	7637	3699	3	0.0001 Colloc0 2160 42611 0.120794 328.326
990	1	13241.7	307608	307594	13.7175	2160	7637	3699	3	0.0001 Colloc0 2160 42569 0.111822 332.374
1000	1	13377.4	306977	306963	13.3595	2136	7590	3746	2	0.0001 Colloc0 2136 42484 0.125118 305.065
1010	1	13513.1	306895	306882	13.0477	2158	7592	3744	6	0.0001 Colloc0 2158 42497 0.152234 281.755
1020	1	13648.7	306733	306720	13.051	2178	7734	3602	3	0.0001 Colloc0 2178 42500 0.162155 281.999
1030	1	13783.9	306818	306805	13.744	2191	7701	3635	5	0.0001 Colloc0 2191 42472 0.124147 334.416
1040	1	13917.1	306918	306904	13.2499	2145	7650	3686	6	0.0001 Colloc0 2145 42554 0.13183 296.815
1050	1	14054.9	306641	306627	13.5708	2148	7745	3591	5	0.0001 Colloc0 2148 42465 0.121451 321.118
1060	1	14190.5	306527	306514	13.0506	2175	7676	3660	3	0.0001 Colloc0 2175 42488 0.166129 281.969
1070	1	14327.1	306325	306312	13.2336	2147	7705	3631	3	0.0001 Colloc0 2147 42444 0.138832 295.597
1080	1	14464.3	306637	306624	12.9872	2174	7757	3579	4	0.0001 Colloc0 2174 42459 0.151511 277.285
1090	1	14600.4	307468	307454	14.04	2193	7639	3697	4	0.0001 Colloc0 2193 42419 0.0978687 357.43
1100	1	14735.7	307340	307327	13.5762	2191	7541	3795	6	0.0001 Colloc0 2191 42444 0.146424 321.53
1110	1	14872.1	306919	306905	13.249	2189	7570	3766	3	0.0001 Colloc0 2189 42440 0.153721 296.751
1120	1	15007.5	306979	306966	13.3187	2174	7599	3737	4	0.0001 Colloc0 2174 42378 0.148201 301.987
1130	1	15143.8	306657	306644	13.1181	2162	7749	3587	2	0.0001 Colloc0 2162 42408 0.152427 286.974
1140	1	15280.1	306623	306609	13.2642	2194	7705	3631	5	0.0001 Colloc0 2194 42430 0.150618 297.89
1150	1	15415.6	305866	305852	13.4034	2143	7774	3562	4	0.0001 Colloc0 2143 42399 0.119295 308.384
1160	1	15551.8	306616	306602	13.3298	2110	7608	3728	4	0.0001 Colloc0 2110 42437 0.124957 302.824
1170	1	15685.3	306560	306547	13.3641	2170	7643	3693	5	0.0001 Colloc0 2170 42374 0.133352 305.411
1180	1	15820.9	306355	306342	13.0526	2180	7640	3696	5	0.0001 Colloc0 2180 42370 0.163318 282.114
1190	1	15955.6	306591	306577	13.6611	2167	7579	3757	5	0.0001 Colloc0 2167 42366 0.122335 328.035
1200	1	16090.2	306202	306189	13.0767	2172	7747	3589	4	0.0001 Colloc0 2172 42368 0.150393 283.906
1210	1	16223.3	305882	305869	12.9468	2167	7880	3456	4	0.0001 Colloc0 2167 42293 0.163214 274.317
1220	1	16358.5	305432	305419	13.2829	2164	7982	3354	4	0.0001 Colloc0 2164 42287 0.139295 299.291
1230	1	16493	305528	305514	13.6185	2181	8056	3280	2	0.0001 Colloc0 2181 42302 0.118695 324.766
1240	1	16623.9	305395	305381	13.4619	2151	8081	3255	3	0.0001 Colloc0 2151 42305 0.131615 312.819
1250	1	16758.9	305093	305079	13.3839	2202	8203	3133	3	0.0001 Colloc0 2202 42264 0.140757 306.912
1260	1	16893.6	305027	305014	12.9606	2168	8328	3008	3	0.0001 Colloc0 2168 42338 0.154102 275.331
1270	1	17029.7	304782	304769	12.9635	2150	8246	3090	4	0.0001 Colloc0 2150 42284 0.163058 275.545
1280	1	17166	304763	304750	13.2181	2193	8336	3000	3	0.0001 Colloc0 2193 42276 0.154588 294.439
1290	1	17302.3	304890	304877	13.1865	2197	8318	3018	4	0.0001 Colloc0 2197 42266 0.159523 292.074
1300	1	17429.9	305536	305523	13.0824	2175	7938	3398	3	0.0001 Colloc0 2175 42243 0.164679 284.328
1310	1	17564.7	305645	305632	13.0599	2199	7984	3352	2	0.0001 Colloc0 2199 42234 0.154191 282.659
1320	1	17692.9	305812	305799	13.0644	2224	7997	3339	2	0.0001 Colloc0 2224 42246 0.15805 282.991
1330	1	17816.2	305931	305918	13.1286	2179	8025	3311	3	0.0001 Colloc0 2179 42314 0.143044 287.755
1340	1	17939.5	305484	305470	13.6852	2188	8124	3212	4	0.0001 Colloc0 2188 42249 0.12562 329.887
1350	1	18064.1	305484	305471	12.9301	2190	8120	3216	2	0.0001 Colloc0 2190 42228 0.175204 273.091
1360	1	18197.8	305624	305610	13.7138	2222	8144	3192	3	0.0001 Colloc0 2222 42252 0.132679 332.091
1370	1	18334.6	305181	305168	13.3065	2175	8214	3122	3	0.0001 Colloc0 2175 42212 0.141264 301.069
1380	1	18470.1	304541	304528	12.9902	2220	8247	3089	5	0.0001 Colloc0 2220 42058 0.162758 277.508
1390	1	18593.5	304602	304589	13.4484	2208	8197	3139	3	0.0001 Colloc0 2208 42120 0.137036 311.792
1400	1	18722.8	304715	304701	13.5532	2198	8368	2968	1	0.0001 Colloc0 2198 42151 0.142388 319.771
1410	1	18860.5	304154	304140	13.8211	2178	8461	2875	1	0.0001 Colloc0 2178 42087 0.112145 340.377
1420	1	18996.7	304592	304579	13.3709	2204	8444	2892	3	0.0001 Colloc0 2204 42107 0.147579 305.925
1430	1	19133.7	304621	304608	13.1854	2212	8470	2866	4	0.0001 Colloc0 2212 42092 0.138377 291.991
1440	1	19269.6	304412	304398	13.4184	2219	8541	2795	3	0.0001 Colloc0 2219 42089 0.127806 309.517
1450	1	19402.7	304365	304352	12.9559	2196	8567	2769	3	0.0001 Colloc0 2196 42145 0.168315 274.979
1460	1	19531.8	304355	304341	13.5742	2204	8453	2883	2	0.0001 Colloc0 2204 42126 0.133572 321.378
1470	1	19662.2	304091	304077	13.0304	2166	8522	2814	4	0.0001 Colloc0 2166 42096 0.152294 280.476
1480	1	19799	304020	304007	13.2089	2207	8537	2799	4	0.0001 Colloc0 2207 42064 0.15239 293.745
1490	1	19935.2	303875	303862	13.4619	2185	8613	2723	2	0.0001 Colloc0 2185 42002 0.140838 312.818
1500	1	20069.6	304212	304199	13.4304	2225	8442	2894	2	0.0001 Colloc0 2225 42026 0.141177 310.432
1510	1	20196	303901	303887	13.6356	2200	8523	2813	2	0.0001 Colloc0 2200 42021 0.127966 326.077
1520	1	20318	304167	304153	13.3391	2220	8503	2833	2	0.0001 Colloc0 2220 42052 0.155245 303.527
1530	1	20440.4	304204	304190	13.2989	2239	8486	2850	2	0.0001 Colloc0 2239 42039 0.161839 300.5
1540	1	20563.2	304247	304234	13.169	2226	8479	2857	2	0.0001 Colloc0 2226 42024 0.165625 290.767
1550	1	20692.5	303674	303661	12.9554	2222	8634	2702	2	0.0001 Colloc0 2222 42013 0.172679 274.945
1560	1	20826.9	303395	303382	13.4308	2185	8746	2590	3	0.0001 Colloc0 2185 42016 0.140339 310.459
1570	1	20954.4	303331	303317	13.312	2198	8646	2690	3	0.0001 Colloc0 2198 41975 0.130993 301.484
1580	1	21079.8	303162	303149	13.3719	2185	8722	2614	1	0.0001 Colloc0 2185 41950 0.132865 306
1590	1	21205.7	303124	303111	13.3691	2222	8769	2567	1	0.0001 Colloc0 2222 41894 0.151152 305.787
1600	1	21341.5	303116	303103	13.7566	2219	8807	2529	2	0.0001 Colloc0 2219 41909 0.134937 335.395
1610	1	21476.2	302932	302919	13.1369	2185	8755	2581	1	0.0001 Colloc0 2185 41906 0.159037 288.379
1620	1	21612.1	303074	303060	14.1833	2192	8782	2554	2	0.0001 Colloc0 2192 41895 0.106761 368.687
1630	1	21745.5	303491	303478	13.6278	2200	8680	2656	3	0.0001 Colloc0 2200 41916 0.11859 325.478
1640	1	21871.8	303975	303962	13.5501	2183	8437	2899	3	0.0001 Colloc0 2183 41936 0.141087 319.54
1650	1	21994.7	304052	304038	13.7338	2225	8400	2936	5	0.0001 Colloc0 2225 41923 0.117814 333.636
1660	1	22119.2	303707	303693	13.7477	2204	8506	2830	3	0.0001 Colloc0 2204 41879 0.118109 334.705
1670	1	22251.7	303209	303196	13.2417	2215	8718	2618	2	0.0001 Colloc0 2215 41915 0.145793 296.2
1680	1	22387.1	303140	303126	14.1199	2209	8705	2631	3	0.0001 Colloc0 2209 41874 0.11406 363.701
1690	1	22518.4	302732	302719	13.4142	2196	8721	2615	6	0.0001 Colloc0 2196 41871 0.14836 309.205
1700	1	22649.5	303067	303053	14.1056	2187	8703	2633	4	0.0001 Colloc0 2187 41852 0.106903 362.574
1710	1	22773.4	303190	303177	13.6047	2193	8687	2649	3	0.0001 Colloc0 2193 41897 0.133124 323.711
1720	1	22905.4	303167	303153	13.4857	2212	8668	2668	3	0.0001 Colloc0 2212 41874 0.144883 314.63
1730	1	23037.8	302703	302689	13.6473	2230	8734	2602	3	0.0001 Colloc0 2230 41844 0.142109 326.979
1740	1	23165.6	302823	302810	13.5154	2188	8681	2655	3	0.0001 Colloc0 2188 41856 0.137609 316.889
1750	1	23294.3	303118	303105	13.7387	2171	8614	2722	3	0.0001 Colloc0 2171 41911 0.110974 334.007
1760	1	23417.8	303081	303068	13.4275	2210	8506	2830	5	0.0001 Colloc0 2210 41852 0.145728 310.207
1770	1	23542.2	302392	302378	13.3533	2191	8631	2705	2	0.0001 Colloc0 2191 41757 0.150576 304.6
1780	1	23671.1	302220	302207	13.5157	2235	8793	2543	1	0.0001 Colloc0 2235 41698 0.154621 316.916
1790	1	23798.2	302474	302460	13.5698	2190	8668	2668	5	0.0001 Colloc0 2190 41724 0.133959 321.042
1800	1	23924.6	302495	302482	13.287	2215	8618	2718	3	0.0001 Colloc0 2215 41698 0.158238 299.604
1810	1	24045.8	302135	302122	12.4262	2210	8548	2788	3	0.0001 Colloc0 2210 41687 0.194849 236.809
1820	1	24199	302283	302270	13.042	2160	8456	2880	5	0.0001 Colloc0 2160 41743 0.151591 281.329
1830	1	24319.3	303016	303002	13.3743	2208	8191	3145	4	0.0001 Colloc0 2208 41702 0.139411 306.179
1840	1	24440.9	302807	302793	13.6744	2209	8340	2996	2	0.0001 Colloc0 2209 41668 0.130356 329.059
1850	1	24568.9	302621	302609	12.563	2208	8390	2946	2	0.0001 Colloc0 2208 41683 0.191202 246.511
1860	1	24698.3	302868	302854	13.613	2217	8317	3019	2	0.0001 Colloc0 2217 41668 0.136709 324.345
1870	1	24825.6	303357	303344	12.9849	2213	8156	3180	4	0.0001 Colloc0 2213 41692 0.16504 277.115
1880	1	24949.2	303343	303330	13.3734	2199	8056	3280	4	0.0001 Colloc0 2199 41652 0.13594 306.113
1890	1	25076.1	303323	303310	13.0881	2221	8086	3250	4	0.0001 Colloc0 2221 41645 0.162001 284.745
1900	1	25207.3	303112	303098	14.0285	2219	8083	3253	3	0.0001 Colloc0 2219 41615 0.125453 356.53
1910	1	25338	303052	303038	13.8591	2203	8098	3238	4	0.0001 Colloc0 2203 41634 0.13229 343.328
1920	1	25467.6	302765	302752	13.6237	2182	8194	3142	5	0.0001 Colloc0 2182 41619 0.119568 325.165
1930	1	25596.5	302439	302426	13.4603	2207	8392	2944	5	0.0001 Colloc0 2207 41579 0.135745 312.695
1940	1	25724.6	302516	302502	13.9762	2209	8277	3059	4	0.0001 Colloc0 2209 41580 0.105594 352.442
1950	1	25854.4	302237	302223	13.4223	2198	8340	2996	4	0.0001 Colloc0 2198 41540 0.146514 309.818
1960	1	25983.5	302474	302461	13.0619	2204	8343	2993	3	0.0001 Colloc0 2204 41563 0.163499 282.805
1970	1	26110.3	302685	302672	13.4591	2246	8302	3034	4	0.0001 Colloc0 2246 41544 0.150568 312.606
1980	1	26236	302254	302241	13.1858	2209	8454	2882	6	0.0001 Colloc0 2209 41509 0.146609 292.023
1990	1	26359.7	302311	302298	13.3303	2211	8448	2888	5	0.0001 Colloc0 2211 41594 0.152404 302.865
2000	1	26480	302434	302420	13.6305	2195	8277	3059	3	0.0001 Colloc0 2195 41564 0.140588 325.688
