# D = 0, E = 1, I = 1, P = 1, R = -1, n = 2000, N = 1, P = 1, w = 1, a = 0.0001, b = 10000, e = 1, f = 1, g = 100, h = 0.01, r = 10525, s = 1, S = 0, x = 10, m = 100, Z = 1, z = 0, T = 1, t = 1
# 125805 tokens in 11336 sentences
#
# It	Temp	Time	-logP	-logPcorpus	-logPrior	tables	same	changed	reject	default_pya	(parent pym pyn pya pyb)*
0	1	14.5318	484915	484801	113.764	12455	0	11336	0	0.0001 Colloc0 12455 59737 0.0001 10000
10	1	215.847	380907	380891	15.7516	3111	3114	8222	8	0.0001 Colloc0 3111 50642 0.109726 496.127
20	1	361.273	369525	369509	15.765	2308	3451	7885	5	0.0001 Colloc0 2308 49995 0.0046127 497.245
30	1	495.59	365584	365569	15.4222	2263	3742	7594	6	0.0001 Colloc0 2263 49738 0.00563185 468.798
40	1	635.747	360728	360713	15.3595	2199	3900	7436	3	0.0001 Colloc0 2199 49342 0.0168266 463.63
50	1	775.753	355739	355724	14.7714	2122	4267	7069	4	0.0001 Colloc0 2122 49001 0.0237152 415.632
60	1	910.479	353976	353962	14.5146	2129	4325	7011	6	0.0001 Colloc0 2129 48817 0.0418875 395
70	1	1036.66	352052	352037	14.5052	2088	4450	6886	5	0.0001 Colloc0 2088 48662 0.054454 394.246
80	1	1166.87	349248	349233	14.4568	2105	4610	6726	5	0.0001 Colloc0 2105 48485 0.0438136 390.384
90	1	1302.29	347935	347921	13.8696	2103	4791	6545	8	0.0001 Colloc0 2103 48323 0.0808469 344.143
100	1	1431.95	345882	345868	13.5455	2105	4867	6469	7	0.0001 Colloc0 2105 48174 0.0917844 319.185
110	1	1561.41	343318	343304	14.0585	2080	5069	6267	5	0.0001 Colloc0 2080 47945 0.0694528 358.884
120	1	1697.93	341505	341491	13.4303	2134	5193	6143	5	0.0001 Colloc0 2134 47705 0.117149 310.421
130	1	1826.1	339727	339713	13.77	2129	5307	6029	5	0.0001 Colloc0 2129 47522 0.0903943 336.43
140	1	1963.06	338218	338204	13.6114	2122	5381	5955	3	0.0001 Colloc0 2122 47373 0.108513 324.222
150	1	2098	337048	337035	13.6025	2120	5528	5808	4	0.0001 Colloc0 2120 47251 0.113294 323.542
160	1	2228.41	335323	335310	13.1848	2108	5700	5636	6	0.0001 Colloc0 2108 47010 0.128471 291.947
170	1	2360.41	332691	332677	13.4034	2130	5801	5535	5	0.0001 Colloc0 2130 46699 0.111576 308.386
180	1	2492.99	331425	331411	13.6619	2085	6154	5182	4	0.0001 Colloc0 2085 46586 0.0906095 328.098
190	1	2623.74	330287	330273	13.2522	2164	6229	5107	3	0.0001 Colloc0 2164 46383 0.140371 296.99
200	1	2758.8	329476	329463	13.3146	2121	6205	5131	4	0.0001 Colloc0 2121 46284 0.117668 301.683
210	1	2892.48	329078	329064	13.8463	2131	6316	5020	5	0.0001 Colloc0 2131 46204 0.101671 342.331
220	1	3029.94	327710	327696	13.3832	2121	6436	4900	6	0.0001 Colloc0 2121 46022 0.128465 306.856
230	1	3164.05	326647	326634	13.2623	2136	6468	4868	5	0.0001 Colloc0 2136 45850 0.116228 297.746
240	1	3299.15	325028	325015	13.5208	2096	6523	4813	4	0.0001 Colloc0 2096 45675 0.101375 317.302
250	1	3432.93	324388	324375	13.0567	2090	6551	4785	4	0.0001 Colloc0 2090 45684 0.150946 282.42
260	1	3568.15	323386	323372	13.5657	2073	6671	4665	3	0.0001 Colloc0 2073 45485 0.110991 320.728
270	1	3700.78	323190	323176	13.4706	2076	6603	4733	4	0.0001 Colloc0 2076 45448 0.116361 313.482
280	1	3827.42	322624	322611	13.0388	2117	6768	4568	5	0.0001 Colloc0 2117 45395 0.139059 281.097
290	1	3962.84	321524	321511	13.218	2099	6911	4425	5	0.0001 Colloc0 2099 45381 0.12619 294.43
300	1	4097.71	321461	321448	13.25	2072	6888	4448	4	0.0001 Colloc0 2072 45314 0.112203 296.828
310	1	4232.26	320775	320762	13.2368	2096	7235	4101	8	0.0001 Colloc0 2096 45290 0.126417 295.835
320	1	4363.34	320977	320964	13.1814	2122	7090	4246	5	0.0001 Colloc0 2122 45281 0.127715 291.695
330	1	4496.3	320801	320787	13.2444	2093	7241	4095	5	0.0001 Colloc0 2093 45275 0.132225 296.408
340	1	4625.81	320479	320466	13.2014	2152	7241	4095	5	0.0001 Colloc0 2152 45216 0.150315 293.183
350	1	4762.8	320597	320585	12.773	2127	7247	4089	6	0.0001 Colloc0 2127 45199 0.156822 261.624
360	1	4896.61	319964	319951	12.6463	2101	7248	4088	4	0.0001 Colloc0 2101 45196 0.161078 252.48
370	1	5032.39	319229	319216	13.2505	2071	7226	4110	6	0.0001 Colloc0 2071 45052 0.125631 296.863
380	1	5165.18	318042	318029	12.5098	2098	7323	4013	6	0.0001 Colloc0 2098 44907 0.165376 242.725
390	1	5291.69	318187	318174	12.8161	2101	7294	4042	4	0.0001 Colloc0 2101 44959 0.158043 264.754
400	1	5423.84	318169	318156	12.851	2129	7414	3922	6	0.0001 Colloc0 2129 44964 0.162035 267.301
410	1	5557.03	317400	317387	12.5833	2085	7581	3755	4	0.0001 Colloc0 2085 44862 0.154647 247.962
420	1	5689.22	317187	317174	13.4051	2081	7678	3658	7	0.0001 Colloc0 2081 44895 0.113815 308.511
430	1	5823.46	317035	317022	13.4487	2086	7682	3654	4	0.0001 Colloc0 2086 44779 0.118029 311.817
440	1	5952.62	316655	316642	13.2962	2112	7974	3362	5	0.0001 Colloc0 2112 44735 0.125094 300.293
450	1	6085.91	316311	316297	13.1643	2065	7787	3549	4	0.0001 Colloc0 2065 44680 0.117877 290.414
460	1	6218.32	315547	315534	13.2122	2092	7533	3803	9	0.0001 Colloc0 2092 44426 0.125292 293.993
470	1	6357.32	314733	314721	12.7025	2118	7854	3482	6	0.0001 Colloc0 2118 44400 0.157747 256.526
480	1	6482.7	314949	314937	12.5584	2139	7806	3530	4	0.0001 Colloc0 2139 44247 0.186119 246.185
490	1	6613.59	315230	315217	13.0858	2126	7818	3518	3	0.0001 Colloc0 2126 44276 0.153486 284.574
500	1	6749.26	315029	315016	12.8436	2131	7753	3583	5	0.0001 Colloc0 2131 44259 0.144037 266.761
510	1	6879.53	314583	314570	12.8877	2165	7860	3476	4	0.0001 Colloc0 2165 44207 0.151298 269.98
520	1	7011.06	314164	314151	12.8244	2115	7770	3566	4	0.0001 Colloc0 2115 44183 0.156818 265.357
530	1	7146.46	314804	314791	13.1502	2111	7670	3666	6	0.0001 Colloc0 2111 44225 0.143905 289.366
540	1	7275.71	313926	313913	13.0061	2094	7798	3538	8	0.0001 Colloc0 2094 44193 0.165107 278.681
550	1	7409.36	312935	312922	13.2002	2134	7885	3451	3	0.0001 Colloc0 2134 44101 0.13934 293.1
560	1	7544.41	312955	312942	12.9525	2171	7996	3340	4	0.0001 Colloc0 2171 44037 0.161093 274.73
570	1	7678.15	312518	312505	12.7238	2116	8029	3307	5	0.0001 Colloc0 2116 44038 0.168305 258.063
580	1	7812.59	311249	311236	13.2218	2132	8355	2981	4	0.0001 Colloc0 2132 43875 0.140705 294.715
590	1	7947.29	311847	311834	12.9408	2118	8198	3138	4	0.0001 Colloc0 2118 43896 0.15785 273.871
600	1	8080.9	311723	311710	13.2031	2102	8238	3098	5	0.0001 Colloc0 2102 43905 0.131081 293.314
610	1	8215.09	311136	311123	13.2519	2140	8418	2918	4	0.0001 Colloc0 2140 43856 0.155043 296.965
620	1	8346.25	311216	311203	13.2036	2144	8422	2914	5	0.0001 Colloc0 2144 43871 0.14148 293.352
630	1	8475.53	310748	310735	12.5736	2128	8516	2820	6	0.0001 Colloc0 2128 43872 0.170878 247.271
640	1	8608.94	310723	310710	13.1812	2151	8540	2796	4	0.0001 Colloc0 2151 43867 0.146904 291.678
650	1	8736.24	310470	310457	13.4574	2126	8547	2789	6	0.0001 Colloc0 2126 43838 0.119402 312.481
660	1	8868.35	310649	310636	13.0552	2120	8402	2934	8	0.0001 Colloc0 2120 43811 0.13986 282.308
670	1	8998.74	310848	310835	13.1189	2143	8430	2906	7	0.0001 Colloc0 2143 43768 0.156238 287.034
680	1	9133.98	309718	309705	12.9246	2135	8760	2576	5	0.0001 Colloc0 2135 43718 0.159173 272.686
690	1	9265.85	310481	310468	12.6854	2138	8571	2765	6	0.0001 Colloc0 2138 43722 0.175291 255.287
700	1	9399.67	310350	310337	13.0435	2126	8488	2848	7	0.0001 Colloc0 2126 43672 0.149606 281.444
710	1	9533.63	310930	310917	12.8319	2142	8231	3105	5	0.0001 Colloc0 2142 43713 0.163562 265.906
720	1	9667.15	311096	311083	13.1411	2129	8189	3147	5	0.0001 Colloc0 2129 43718 0.154774 288.688
730	1	9796.11	310722	310709	13.4338	2162	8242	3094	5	0.0001 Colloc0 2162 43658 0.141594 310.69
740	1	9929.34	310050	310037	12.7126	2145	8603	2733	6	0.0001 Colloc0 2145 43662 0.163854 257.251
750	1	10059.1	310149	310136	12.9308	2150	8321	3015	7	0.0001 Colloc0 2150 43585 0.169213 273.136
760	1	10195.1	310421	310408	12.8306	2184	8361	2975	5	0.0001 Colloc0 2184 43593 0.175304 265.811
770	1	10329.9	310540	310527	12.7438	2175	8259	3077	5	0.0001 Colloc0 2175 43531 0.173184 259.508
780	1	10461	310598	310584	13.4079	2179	8309	3027	6	0.0001 Colloc0 2179 43561 0.121343 308.723
790	1	10591.6	310069	310057	12.6143	2138	8366	2970	6	0.0001 Colloc0 2138 43528 0.171662 250.182
800	1	10725	310566	310553	13.1059	2168	8207	3129	6	0.0001 Colloc0 2168 43540 0.134647 286.069
810	1	10860.7	310926	310913	13.0829	2145	8078	3258	5	0.0001 Colloc0 2145 43546 0.152663 284.362
820	1	10994.8	310534	310521	12.9951	2147	8053	3283	4	0.0001 Colloc0 2147 43538 0.141934 277.869
830	1	11128.4	309943	309929	13.2401	2112	8294	3042	5	0.0001 Colloc0 2112 43488 0.153199 296.081
