# D = 0, E = 1, I = 1, P = 1, R = -1, n = 2000, N = 1, P = 1, w = 1, a = 0.0001, b = 10000, e = 1, f = 1, g = 100, h = 0.01, r = 3190, s = 1, S = 0, x = 10, m = 100, Z = 1, z = 0, T = 1, t = 1
# 125805 tokens in 11336 sentences
#
# It	Temp	Time	-logP	-logPcorpus	-logPrior	tables	same	changed	reject	default_pya	(parent pym pyn pya pyb)*
0	1	14.6058	493807	493694	113.764	12520	0	11336	0	0.0001 Colloc0 12520 60387 0.0001 10000
10	1	196.407	390773	390756	16.2027	3245	2788	8548	8	0.0001 Colloc0 3245 51666 0.125802 533.967
20	1	335.446	380180	380164	15.8079	2384	3123	8213	6	0.0001 Colloc0 2384 51338 0.00791513 500.825
30	1	476.221	373515	373499	15.3789	2223	3481	7855	3	0.0001 Colloc0 2223 51109 0.00288831 465.229
40	1	616.081	367294	367279	14.8078	2163	3763	7573	3	0.0001 Colloc0 2163 50617 0.0388053 418.576
50	1	752.616	363761	363746	14.9367	2100	3929	7407	3	0.0001 Colloc0 2100 50365 0.0172784 429.024
60	1	890.744	361921	361906	14.5447	2101	3991	7345	1	0.0001 Colloc0 2101 50128 0.0439504 397.403
70	1	1026.03	357880	357866	14.2103	2075	4375	6961	2	0.0001 Colloc0 2075 49885 0.0508392 370.818
80	1	1164.54	356692	356678	14.4348	2022	4473	6863	8	0.0001 Colloc0 2022 49839 0.018474 388.629
90	1	1302.77	353461	353448	13.1844	2063	4718	6618	7	0.0001 Colloc0 2063 49619 0.101336 291.919
100	1	1441.22	351647	351633	14.1304	2047	4752	6584	5	0.0001 Colloc0 2047 49432 0.046285 364.529
110	1	1579.33	350583	350570	13.3843	2126	4881	6455	9	0.0001 Colloc0 2126 49235 0.10261 306.941
120	1	1716.71	347291	347277	13.9129	2030	5074	6262	5	0.0001 Colloc0 2030 48962 0.0651734 347.511
130	1	1853.7	347376	347362	13.6489	2077	5060	6276	4	0.0001 Colloc0 2077 48890 0.0913134 327.103
140	1	1990.53	346915	346901	13.8549	2071	5082	6254	4	0.0001 Colloc0 2071 48788 0.0860663 342.999
150	1	2128.17	346615	346601	14.0663	2116	5167	6169	6	0.0001 Colloc0 2116 48568 0.079569 359.496
160	1	2265.44	343206	343192	13.7177	2108	5283	6053	3	0.0001 Colloc0 2108 48236 0.0892195 332.392
170	1	2404.17	342152	342139	13.3766	2079	5393	5943	6	0.0001 Colloc0 2079 48139 0.101839 306.354
180	1	2542.65	341191	341178	12.9828	2092	5392	5944	2	0.0001 Colloc0 2092 48122 0.13001 276.963
190	1	2680.58	340036	340022	13.7451	2066	5522	5814	4	0.0001 Colloc0 2066 47997 0.0867456 334.501
200	1	2817.44	339690	339677	13.457	2123	5460	5876	4	0.0001 Colloc0 2123 47838 0.0961518 312.446
210	1	2950.79	339398	339385	13.3523	2108	5477	5859	2	0.0001 Colloc0 2108 47771 0.125424 304.52
220	1	3086.48	337463	337450	13.1383	2107	5681	5655	5	0.0001 Colloc0 2107 47601 0.11886 288.482
230	1	3217.02	338161	338148	13.0829	2145	5496	5840	2	0.0001 Colloc0 2145 47588 0.119972 284.364
240	1	3355.81	335860	335847	13.6578	2092	5769	5567	2	0.0001 Colloc0 2092 47351 0.0873784 327.787
250	1	3486.41	335223	335210	13.4862	2160	5685	5651	4	0.0001 Colloc0 2160 47081 0.117265 314.665
260	1	3613.2	334523	334510	12.9252	2108	5732	5604	3	0.0001 Colloc0 2108 46991 0.133735 272.731
270	1	3743.12	333684	333671	13.1447	2096	5811	5525	1	0.0001 Colloc0 2096 46965 0.134202 288.957
280	1	3881.23	333401	333388	13.0018	2093	5744	5592	2	0.0001 Colloc0 2093 46909 0.130572 278.361
290	1	4011.62	333301	333288	13.3172	2105	5787	5549	1	0.0001 Colloc0 2105 46812 0.128323 301.876
300	1	4140.98	333356	333342	13.3392	2151	5830	5506	3	0.0001 Colloc0 2151 46790 0.129765 303.53
310	1	4278.63	333335	333321	13.6872	2165	5687	5649	4	0.0001 Colloc0 2165 46761 0.120508 330.045
320	1	4411.63	331875	331862	13.0937	2094	5907	5429	1	0.0001 Colloc0 2094 46688 0.132121 285.166
330	1	4548.34	329131	329118	13.0092	2090	6189	5147	2	0.0001 Colloc0 2090 46511 0.139164 278.908
340	1	4685.23	328665	328652	12.7013	2123	6279	5057	3	0.0001 Colloc0 2123 46518 0.149352 256.433
350	1	4821.77	328023	328010	13.1106	2102	6402	4934	3	0.0001 Colloc0 2102 46451 0.150859 286.422
360	1	4958.65	327074	327061	13.3615	2055	6451	4885	3	0.0001 Colloc0 2055 46401 0.124363 305.214
370	1	5083.76	327246	327233	13.7528	2108	6372	4964	3	0.0001 Colloc0 2108 46273 0.115326 335.098
380	1	5211.79	325498	325485	13.2912	2058	6414	4922	4	0.0001 Colloc0 2058 46195 0.113653 299.923
390	1	5348.4	325186	325173	13.3373	2053	6583	4753	3	0.0001 Colloc0 2053 46211 0.109463 303.392
400	1	5483.84	325158	325145	12.9637	2070	6653	4683	3	0.0001 Colloc0 2070 46170 0.140518 275.559
410	1	5615.11	324925	324912	12.8088	2078	6798	4538	3	0.0001 Colloc0 2078 46139 0.14412 264.225
420	1	5742.6	323802	323789	12.9716	2062	6753	4583	1	0.0001 Colloc0 2062 45974 0.13685 276.141
430	1	5878.22	323784	323771	12.804	2068	6840	4496	4	0.0001 Colloc0 2068 45979 0.139208 263.871
440	1	6006.87	323318	323305	12.9291	2075	6912	4424	3	0.0001 Colloc0 2075 45905 0.157126 273.011
450	1	6135.79	322927	322914	13.2054	2073	6947	4389	2	0.0001 Colloc0 2073 45838 0.138465 293.485
460	1	6259.05	322875	322862	12.3728	2125	6816	4520	1	0.0001 Colloc0 2125 45756 0.184163 233.053
470	1	6392.35	318992	318979	13.0311	2066	7246	4090	1	0.0001 Colloc0 2066 45335 0.153299 280.526
480	1	6527.04	319347	319334	12.9815	2102	7193	4143	3	0.0001 Colloc0 2102 45275 0.149338 276.868
490	1	6660.99	318933	318919	13.3982	2080	7183	4153	3	0.0001 Colloc0 2080 45160 0.132928 307.994
500	1	6796.94	319360	319347	12.6609	2120	7063	4273	4	0.0001 Colloc0 2120 45177 0.16074 253.526
510	1	6934.17	318183	318170	12.9368	2077	7111	4225	5	0.0001 Colloc0 2077 45089 0.150401 273.579
520	1	7069.76	318242	318230	12.7513	2102	7057	4279	4	0.0001 Colloc0 2102 45151 0.172345 260.05
530	1	7206.37	318188	318175	13.2248	2108	6956	4380	3	0.0001 Colloc0 2108 45016 0.152792 294.939
540	1	7343.01	318871	318858	12.8405	2100	6824	4512	3	0.0001 Colloc0 2100 45045 0.152352 266.529
550	1	7478.29	319016	319003	12.7152	2126	6865	4471	4	0.0001 Colloc0 2126 44965 0.157354 257.439
560	1	7614.19	318237	318224	13.1148	2087	6927	4409	2	0.0001 Colloc0 2087 44942 0.137718 286.735
570	1	7750.05	317127	317114	13.0174	2055	7070	4266	3	0.0001 Colloc0 2055 44913 0.134905 279.512
580	1	7884.72	317629	317617	12.566	2106	7086	4250	2	0.0001 Colloc0 2106 44879 0.171825 246.727
590	1	8020.6	316760	316747	12.7964	2125	7182	4154	1	0.0001 Colloc0 2125 44726 0.164145 263.321
600	1	8156.48	317064	317051	12.5154	2145	7092	4244	2	0.0001 Colloc0 2145 44711 0.176604 243.121
610	1	8292.64	317217	317205	12.2179	2154	7135	4201	2	0.0001 Colloc0 2154 44684 0.189262 222.261
620	1	8424.92	317020	317007	12.7963	2139	7114	4222	4	0.0001 Colloc0 2139 44676 0.161286 263.318
630	1	8561.18	317092	317078	13.326	2134	7198	4138	2	0.0001 Colloc0 2134 44698 0.142988 302.535
640	1	8697.49	316578	316565	12.7445	2125	7442	3894	5	0.0001 Colloc0 2125 44672 0.155772 259.56
650	1	8834.21	316379	316366	13.5505	2092	7397	3939	4	0.0001 Colloc0 2092 44638 0.121076 319.567
660	1	8965.97	316328	316315	12.9686	2109	7314	4022	4	0.0001 Colloc0 2109 44672 0.148088 275.921
670	1	9094.7	316406	316393	12.8176	2158	7345	3991	1	0.0001 Colloc0 2158 44624 0.166136 264.866
680	1	9225.31	315595	315582	13.2158	2148	7541	3795	3	0.0001 Colloc0 2148 44591 0.146424 294.267
690	1	9361.4	315110	315097	12.8047	2150	7504	3832	3	0.0001 Colloc0 2150 44573 0.164854 263.928
700	1	9493.99	315138	315125	12.8426	2122	7469	3867	1	0.0001 Colloc0 2122 44582 0.16875 266.688
710	1	9617.72	316089	316076	13.0168	2167	7264	4072	4	0.0001 Colloc0 2167 44587 0.156803 279.473
720	1	9743.15	315623	315610	13.4661	2140	7446	3890	3	0.0001 Colloc0 2140 44562 0.127402 313.137
730	1	9878.87	314689	314676	12.6832	2165	7590	3746	2	0.0001 Colloc0 2165 44386 0.168834 255.134
740	1	10013.2	314492	314479	12.9632	2126	7636	3700	2	0.0001 Colloc0 2126 44367 0.138907 275.517
750	1	10149	314971	314959	12.653	2128	7488	3848	1	0.0001 Colloc0 2128 44379 0.158325 252.954
760	1	10284.9	315135	315122	13.2642	2154	7456	3880	1	0.0001 Colloc0 2154 44345 0.142635 297.887
770	1	10407.7	314962	314948	13.3656	2131	7481	3855	5	0.0001 Colloc0 2131 44342 0.1303 305.525
780	1	10540.8	314055	314043	12.6403	2148	7620	3716	1	0.0001 Colloc0 2148 44267 0.174125 252.047
790	1	10676.6	313592	313579	13.1328	2113	7648	3688	2	0.0001 Colloc0 2113 44166 0.13809 288.07
800	1	10809.7	313482	313469	13.1112	2124	7644	3692	2	0.0001 Colloc0 2124 44117 0.155021 286.465
810	1	10945	314143	314129	13.1408	2142	7465	3871	1	0.0001 Colloc0 2142 44119 0.136278 288.667
820	1	11074.5	313970	313957	12.7813	2149	7479	3857	4	0.0001 Colloc0 2149 44098 0.177162 262.226
830	1	11205.3	313759	313746	12.8494	2151	7571	3765	3	0.0001 Colloc0 2151 44064 0.164944 267.179
840	1	11336.1	313294	313281	12.9879	2191	7695	3641	4	0.0001 Colloc0 2191 44021 0.161984 277.336
850	1	11470.7	312767	312754	12.9682	2167	7905	3431	2	0.0001 Colloc0 2167 44031 0.154439 275.888
860	1	11605.1	313143	313130	13.4265	2150	7871	3465	3	0.0001 Colloc0 2150 44029 0.135122 310.134
870	1	11736.1	312945	312932	13.1807	2166	7998	3338	3	0.0001 Colloc0 2166 44011 0.147593 291.637
880	1	11872.9	312537	312523	13.5715	2168	8175	3161	4	0.0001 Colloc0 2168 44002 0.127714 321.174
890	1	12009.3	312734	312721	13.1494	2176	8123	3213	2	0.0001 Colloc0 2176 44011 0.157972 289.309
900	1	12135.5	312314	312301	12.8675	2151	8125	3211	1	0.0001 Colloc0 2151 43946 0.160935 268.5
910	1	12258.8	312209	312196	12.775	2168	8240	3096	2	0.0001 Colloc0 2168 43972 0.166601 261.771
920	1	12382.4	312148	312134	13.3304	2154	8152	3184	3	0.0001 Colloc0 2154 43918 0.135927 302.872
930	1	12518	312117	312104	13.4643	2156	8080	3256	2	0.0001 Colloc0 2156 43962 0.121942 313
940	1	12654.6	312579	312566	13.5068	2148	7999	3337	1	0.0001 Colloc0 2148 43961 0.133721 316.234
950	1	12790.9	311939	311927	12.3787	2145	8036	3300	3	0.0001 Colloc0 2145 43890 0.193715 233.463
960	1	12926	312466	312452	13.4333	2156	8055	3281	2	0.0001 Colloc0 2156 43959 0.143371 310.646
970	1	13050.6	312192	312179	12.6904	2159	8154	3182	2	0.0001 Colloc0 2159 43878 0.184034 255.652
980	1	13179.1	312035	312022	13.1134	2190	8194	3142	6	0.0001 Colloc0 2190 43919 0.149827 286.625
990	1	13310.4	311883	311871	12.6468	2184	8201	3135	3	0.0001 Colloc0 2184 43873 0.181963 252.514
1000	1	13434.5	311623	311611	12.559	2178	8136	3200	1	0.0001 Colloc0 2178 43875 0.172684 246.228
1010	1	13557.8	311527	311514	12.8223	2185	8318	3018	3	0.0001 Colloc0 2185 43856 0.172563 265.208
1020	1	13685.2	311499	311487	12.8128	2205	8142	3194	1	0.0001 Colloc0 2205 43806 0.181493 264.512
1030	1	13812	311312	311298	13.6031	2170	8271	3065	1	0.0001 Colloc0 2170 43755 0.121669 323.59
1040	1	13938.4	311426	311413	13.1701	2178	8272	3064	2	0.0001 Colloc0 2178 43796 0.156373 290.851
1050	1	14062.6	310456	310443	12.9807	2172	8271	3065	3	0.0001 Colloc0 2172 43724 0.172918 276.808
1060	1	14197.8	310725	310712	12.7435	2196	8298	3038	2	0.0001 Colloc0 2196 43685 0.18923 259.489
1070	1	14333.7	310621	310608	12.7197	2155	8163	3173	3	0.0001 Colloc0 2155 43765 0.168105 257.768
1080	1	14465	309808	309795	13.2435	2155	8279	3057	4	0.0001 Colloc0 2155 43613 0.147543 296.336
1090	1	14601.9	309566	309553	13.2231	2151	8443	2893	3	0.0001 Colloc0 2151 43622 0.145057 294.814
1100	1	14739.3	309923	309909	13.3589	2154	8397	2939	2	0.0001 Colloc0 2154 43566 0.144281 305.02
1110	1	14868.3	309270	309257	12.6686	2145	8697	2639	3	0.0001 Colloc0 2145 43615 0.165328 254.079
1120	1	15006.1	308966	308953	12.8275	2201	8643	2693	1	0.0001 Colloc0 2201 43517 0.176316 265.586
1130	1	15143	308652	308639	13.1525	2160	8650	2686	1	0.0001 Colloc0 2160 43465 0.147781 289.538
1140	1	15279.9	308230	308217	12.6473	2146	8736	2600	1	0.0001 Colloc0 2146 43407 0.17014 252.547
1150	1	15416.4	308573	308560	12.7637	2158	8582	2754	3	0.0001 Colloc0 2158 43448 0.175546 260.949
1160	1	15553.1	309167	309154	12.8846	2174	8445	2891	2	0.0001 Colloc0 2174 43414 0.178305 269.753
1170	1	15689.7	308890	308877	12.7257	2133	8415	2921	6	0.0001 Colloc0 2133 43464 0.163749 258.201
1180	1	15825.5	309342	309329	12.6545	2177	8312	3024	2	0.0001 Colloc0 2177 43470 0.190734 253.068
1190	1	15960.7	309035	309022	13.0991	2168	8451	2885	1	0.0001 Colloc0 2168 43443 0.159584 285.565
1200	1	16097	305913	305901	12.8005	2144	9004	2332	2	0.0001 Colloc0 2144 43286 0.178974 263.622
1210	1	16231.3	306000	305988	12.2922	2132	9089	2247	3	0.0001 Colloc0 2132 43300 0.17541 227.416
1220	1	16355.5	305584	305572	12.4826	2147	9143	2193	3	0.0001 Colloc0 2147 43222 0.188421 240.796
1230	1	16492.3	306170	306158	12.8646	2161	9034	2302	1	0.0001 Colloc0 2161 43218 0.175146 268.294
1240	1	16623.8	305935	305922	12.5495	2172	9142	2194	1	0.0001 Colloc0 2172 43237 0.187824 245.548
1250	1	16752.8	305547	305534	12.7105	2151	9284	2052	2	0.0001 Colloc0 2151 43211 0.173716 257.102
1260	1	16894.1	305216	305203	13.3228	2138	9345	1991	2	0.0001 Colloc0 2138 43188 0.137539 302.294
1270	1	17030	305665	305652	13.0502	2155	9141	2195	2	0.0001 Colloc0 2155 43182 0.14798 281.94
1280	1	17165.6	305712	305699	13.2926	2162	9108	2228	2	0.0001 Colloc0 2162 43188 0.153892 300.027
1290	1	17301.2	305713	305700	13.1457	2191	9105	2231	2	0.0001 Colloc0 2191 43193 0.164559 289.032
1300	1	17428.9	305271	305258	12.876	2151	9121	2215	3	0.0001 Colloc0 2151 43190 0.159138 269.128
1310	1	17551.6	305743	305730	12.9052	2145	9052	2284	3	0.0001 Colloc0 2145 43194 0.153617 271.262
1320	1	17674.5	305325	305313	12.5253	2116	9118	2218	2	0.0001 Colloc0 2116 43128 0.172314 243.828
1330	1	17805.7	305803	305790	13.0472	2135	8958	2378	4	0.0001 Colloc0 2135 43162 0.168307 281.715
1340	1	17941.1	305539	305527	12.8306	2177	9028	2308	2	0.0001 Colloc0 2177 43090 0.167677 265.81
1350	1	18068.9	305290	305277	13.2612	2178	8923	2413	3	0.0001 Colloc0 2178 42951 0.152977 297.667
1360	1	18198.3	305252	305239	12.6608	2164	9006	2330	2	0.0001 Colloc0 2164 42963 0.170014 253.519
1370	1	18332.5	304425	304412	12.8253	2167	9258	2078	3	0.0001 Colloc0 2167 42952 0.172456 265.427
1380	1	18462.4	304697	304684	13.1154	2167	9171	2165	3	0.0001 Colloc0 2167 42949 0.174218 286.776
1390	1	18586.4	305261	305248	12.7444	2194	8818	2518	2	0.0001 Colloc0 2194 42949 0.181395 259.551
1400	1	18718	305786	305772	13.2587	2200	8693	2643	3	0.0001 Colloc0 2200 42961 0.148357 297.478
1410	1	18850.9	305435	305422	12.6301	2186	8723	2613	2	0.0001 Colloc0 2186 42948 0.194214 251.312
1420	1	18979.2	305306	305294	12.4299	2162	8848	2488	3	0.0001 Colloc0 2162 42972 0.187707 237.073
1430	1	19117.7	305462	305449	12.5065	2173	8789	2547	2	0.0001 Colloc0 2173 42938 0.187833 242.493
1440	1	19253.2	306034	306021	13.0444	2174	8501	2835	3	0.0001 Colloc0 2174 42930 0.16101 281.509
1450	1	19385.8	305807	305794	12.8777	2195	8672	2664	2	0.0001 Colloc0 2195 42935 0.165467 269.246
1460	1	19516.1	305960	305946	13.5513	2158	8665	2671	2	0.0001 Colloc0 2158 42934 0.127705 319.626
1470	1	19654.6	305731	305718	13.2199	2179	8675	2661	3	0.0001 Colloc0 2179 42946 0.160269 294.568
1480	1	19785	305427	305414	12.9242	2168	8738	2598	4	0.0001 Colloc0 2168 42938 0.160345 272.654
1490	1	19919.9	305082	305069	13.1866	2147	8903	2433	1	0.0001 Colloc0 2147 42958 0.149364 292.078
1500	1	20052.8	304848	304835	12.6294	2177	8997	2339	1	0.0001 Colloc0 2177 42927 0.182376 251.26
1510	1	20187.1	304812	304798	13.35	2166	9075	2261	2	0.0001 Colloc0 2166 42928 0.160983 304.35
1520	1	20321.8	305135	305121	13.2534	2206	9070	2266	2	0.0001 Colloc0 2206 42851 0.146379 297.079
1530	1	20456.3	304849	304836	12.9479	2189	9102	2234	1	0.0001 Colloc0 2189 42896 0.16645 274.391
1540	1	20592	304650	304637	12.751	2210	9135	2201	1	0.0001 Colloc0 2210 42864 0.188026 260.027
1550	1	20728.3	304989	304977	12.7287	2189	9048	2288	3	0.0001 Colloc0 2189 42842 0.188291 258.418
1560	1	20864.7	304616	304603	12.9447	2182	9122	2214	1	0.0001 Colloc0 2182 42878 0.176254 274.156
1570	1	21002.3	304290	304278	12.6759	2183	9210	2126	2	0.0001 Colloc0 2183 42858 0.181682 254.608
1580	1	21136.5	303760	303747	13.1574	2172	9383	1953	3	0.0001 Colloc0 2172 42860 0.158019 289.904
1590	1	21267.9	303863	303850	13.0058	2175	9359	1977	1	0.0001 Colloc0 2175 42850 0.176187 278.655
1600	1	21395.8	303918	303905	13.2417	2150	9325	2011	1	0.0001 Colloc0 2150 42812 0.146294 296.203
1610	1	21531.9	304086	304073	13.1513	2205	9381	1955	1	0.0001 Colloc0 2205 42844 0.155183 289.446
1620	1	21659.7	304314	304300	13.3336	2146	9221	2115	2	0.0001 Colloc0 2146 42885 0.133797 303.111
1630	1	21793.3	304270	304257	12.4442	2228	9301	2035	5	0.0001 Colloc0 2228 42854 0.190221 238.078
1640	1	21925.7	304010	303997	12.3855	2197	9316	2020	3	0.0001 Colloc0 2197 42835 0.189308 233.943
1650	1	22058.9	304454	304442	12.889	2197	9070	2266	2	0.0001 Colloc0 2197 42803 0.175293 270.075
1660	1	22191.6	304702	304689	12.5356	2180	8952	2384	1	0.0001 Colloc0 2180 42767 0.179316 244.563
1670	1	22316.8	304857	304844	13.3431	2186	8924	2412	2	0.0001 Colloc0 2186 42764 0.164384 303.827
1680	1	22448.7	304990	304977	12.6397	2186	8900	2436	5	0.0001 Colloc0 2186 42801 0.17428 252.001
1690	1	22581.5	304419	304406	12.8729	2180	9028	2308	4	0.0001 Colloc0 2180 42762 0.178219 268.897
1700	1	22713.6	304459	304446	12.933	2193	9051	2285	2	0.0001 Colloc0 2193 42760 0.178666 273.297
1710	1	22846	304778	304766	12.76	2190	8914	2422	4	0.0001 Colloc0 2190 42744 0.172249 260.678
1720	1	22971.2	305578	305565	13.1662	2210	8697	2639	1	0.0001 Colloc0 2210 42810 0.165859 290.558
1730	1	23104.7	305361	305348	13.0147	2200	8759	2577	4	0.0001 Colloc0 2200 42709 0.167396 279.317
1740	1	23234.2	305579	305565	13.4841	2216	8822	2514	2	0.0001 Colloc0 2216 42750 0.139121 314.505
1750	1	23362.3	305001	304989	12.8339	2216	8797	2539	2	0.0001 Colloc0 2216 42729 0.188491 266.053
1760	1	23495	305082	305069	13.1319	2173	8886	2450	3	0.0001 Colloc0 2173 42766 0.156442 288.002
1770	1	23627.1	305391	305377	13.3739	2193	8668	2668	2	0.0001 Colloc0 2193 42786 0.159912 306.151
1780	1	23756.8	305004	304991	12.9258	2203	8673	2663	2	0.0001 Colloc0 2203 42702 0.155369 272.771
1790	1	23882.2	304900	304887	13.3395	2178	8627	2709	2	0.0001 Colloc0 2178 42706 0.147107 303.559
1800	1	24011.6	305089	305075	13.3096	2173	8654	2682	2	0.0001 Colloc0 2173 42694 0.149057 301.304
1810	1	24139.3	304890	304877	12.9721	2203	8753	2583	3	0.0001 Colloc0 2203 42698 0.15744 276.173
1820	1	24271.9	304429	304416	12.8394	2207	8862	2474	4	0.0001 Colloc0 2207 42618 0.167454 266.454
1830	1	24396.7	304466	304454	12.9243	2177	8913	2423	2	0.0001 Colloc0 2177 42645 0.169988 272.66
1840	1	24523.4	304851	304838	13.3464	2203	8708	2628	2	0.0001 Colloc0 2203 42670 0.154403 304.076
1850	1	24654.8	304738	304725	13.3431	2204	8795	2541	3	0.0001 Colloc0 2204 42696 0.157193 303.827
1860	1	24783.9	304522	304509	13.3176	2190	8924	2412	3	0.0001 Colloc0 2190 42672 0.148678 301.908
1870	1	24909.8	304276	304263	13.283	2194	8973	2363	1	0.0001 Colloc0 2194 42633 0.143899 299.302
1880	1	25033.3	303979	303966	13.332	2189	9038	2298	4	0.0001 Colloc0 2189 42647 0.137153 302.993
1890	1	25154.1	303538	303525	12.7942	2167	9128	2208	6	0.0001 Colloc0 2167 42559 0.160802 263.161
1900	1	25276.5	304126	304113	13.0725	2186	9002	2334	3	0.0001 Colloc0 2186 42618 0.162031 283.594
1910	1	25401.4	304268	304255	12.9406	2179	8921	2415	3	0.0001 Colloc0 2179 42629 0.165824 273.855
1920	1	25530.4	303406	303393	12.9044	2217	9036	2300	1	0.0001 Colloc0 2217 42454 0.166363 271.203
1930	1	25661.7	302562	302548	13.2561	2174	9289	2047	2	0.0001 Colloc0 2174 42423 0.156068 297.285
1940	1	25789.4	303123	303110	12.9026	2203	9212	2124	3	0.0001 Colloc0 2203 42413 0.175765 271.07
1950	1	25913.5	302490	302478	12.3882	2196	9352	1984	1	0.0001 Colloc0 2196 42404 0.19108 234.133
1960	1	26038.4	302728	302715	12.9292	2200	9294	2042	4	0.0001 Colloc0 2200 42393 0.173351 273.019
1970	1	26163.7	302678	302666	12.5918	2189	9350	1986	1	0.0001 Colloc0 2189 42425 0.185985 248.567
1980	1	26285.9	303244	303231	13.0615	2203	9170	2166	1	0.0001 Colloc0 2203 42432 0.181132 282.775
1990	1	26403.7	303351	303339	12.859	2180	9105	2231	1	0.0001 Colloc0 2180 42477 0.18019 267.883
2000	1	26523.9	303617	303604	13.1653	2191	9019	2317	3	0.0001 Colloc0 2191 42425 0.131664 290.49
