# D = 0, E = 1, I = 1, P = 1, R = -1, n = 2000, N = 1, P = 1, w = 1, a = 0.0001, b = 10000, e = 1, f = 1, g = 100, h = 0.01, r = 6534, s = 1, S = 0, x = 10, m = 100, Z = 1, z = 0, T = 1, t = 1
# 125805 tokens in 11336 sentences
#
# It	Temp	Time	-logP	-logPcorpus	-logPrior	tables	same	changed	reject	default_pya	(parent pym pyn pya pyb)*
0	1	14.0279	465010	464896	113.764	11644	0	11336	0	0.0001 Colloc0 11644 57302 0.0001 10000
10	1	201.084	376647	376631	16.2575	3081	2940	8396	5	0.0001 Colloc0 3081 49796 0.106121 538.589
20	1	346.925	364372	364356	15.9533	2373	3244	8092	1	0.0001 Colloc0 2373 49146 0.0024236 512.991
30	1	485.753	356226	356211	15.0081	2238	3551	7785	6	0.0001 Colloc0 2238 48510 0.0228102 434.838
40	1	625.126	350802	350787	14.6619	2102	3967	7369	3	0.0001 Colloc0 2102 48185 0.0405589 406.807
50	1	762.821	347434	347420	14.015	2163	4247	7089	1	0.0001 Colloc0 2163 47915 0.0871762 355.477
60	1	893.18	345211	345196	14.2606	2149	4501	6835	1	0.0001 Colloc0 2149 47706 0.0804503 374.794
70	1	1027.52	342445	342431	13.898	2093	4653	6683	1	0.0001 Colloc0 2093 47509 0.0707472 346.353
80	1	1163.84	341177	341164	13.8426	2110	4859	6477	3	0.0001 Colloc0 2110 47338 0.0949691 342.046
90	1	1301.21	338627	338614	13.7291	2116	4932	6404	3	0.0001 Colloc0 2116 47071 0.0870426 333.267
100	1	1435.69	335361	335347	13.4146	2118	5175	6161	2	0.0001 Colloc0 2118 46696 0.115102 309.231
110	1	1573.71	334732	334718	13.3809	2142	5160	6176	4	0.0001 Colloc0 2142 46595 0.113403 306.68
120	1	1710.47	332689	332676	13.3185	2068	5271	6065	2	0.0001 Colloc0 2068 46497 0.11539 301.971
130	1	1843.83	332096	332082	13.7389	2090	5444	5892	2	0.0001 Colloc0 2090 46365 0.10961 334.028
140	1	1976.74	329342	329329	13.2745	2101	5652	5684	5	0.0001 Colloc0 2101 46046 0.124067 298.663
150	1	2113.06	329062	329049	13.2521	2089	5677	5659	1	0.0001 Colloc0 2089 45893 0.112921 296.985
160	1	2248.66	329021	329007	13.2111	2105	5634	5702	3	0.0001 Colloc0 2105 45938 0.12992 293.909
170	1	2374.93	327585	327571	13.5261	2079	5843	5493	1	0.0001 Colloc0 2079 45758 0.102142 317.702
180	1	2508.71	327469	327456	13.7161	2083	5879	5457	4	0.0001 Colloc0 2083 45700 0.103152 332.265
190	1	2642.41	326497	326484	13.2896	2099	5935	5401	1	0.0001 Colloc0 2099 45550 0.126545 299.795
200	1	2778.7	325328	325315	13.0884	2120	5991	5345	3	0.0001 Colloc0 2120 45452 0.13292 284.773
210	1	2915.36	324450	324436	13.6743	2108	6048	5288	3	0.0001 Colloc0 2108 45326 0.115176 329.052
220	1	3049.69	323456	323443	12.6717	2089	6110	5226	3	0.0001 Colloc0 2089 45320 0.172254 254.302
230	1	3180.79	323586	323574	12.5953	2103	6185	5151	2	0.0001 Colloc0 2103 45293 0.15815 248.823
240	1	3317.38	322965	322952	13.2742	2078	6147	5189	2	0.0001 Colloc0 2078 45236 0.123151 298.638
250	1	3445.41	322531	322518	13.324	2110	6266	5070	4	0.0001 Colloc0 2110 45199 0.130725 302.387
260	1	3580.53	322166	322153	13.1557	2097	6341	4995	2	0.0001 Colloc0 2097 45135 0.130068 289.774
270	1	3716.56	322617	322604	13.4247	2086	6174	5162	2	0.0001 Colloc0 2086 45165 0.111449 309.999
280	1	3847.09	322177	322164	13.059	2125	6239	5097	2	0.0001 Colloc0 2125 45043 0.147436 282.588
290	1	3970.61	321773	321760	13.3609	2088	6275	5061	1	0.0001 Colloc0 2088 45041 0.129796 305.169
300	1	4100.52	321712	321699	13.3094	2121	6282	5054	1	0.0001 Colloc0 2121 44945 0.134411 301.288
310	1	4225.05	320752	320739	13.2713	2142	6360	4976	4	0.0001 Colloc0 2142 44938 0.14357 298.423
320	1	4348.02	319466	319453	13.1127	2082	6579	4757	1	0.0001 Colloc0 2082 44821 0.125755 286.575
330	1	4482.95	319209	319196	13.0371	2095	6641	4695	0	0.0001 Colloc0 2095 44734 0.12799 280.967
340	1	4611.35	318616	318603	12.9771	2115	6710	4626	4	0.0001 Colloc0 2115 44671 0.143585 276.545
350	1	4747.82	318225	318212	13.1391	2110	6709	4627	1	0.0001 Colloc0 2110 44685 0.136496 288.537
360	1	4884.52	318199	318186	13.1346	2115	6796	4540	1	0.0001 Colloc0 2115 44636 0.135385 288.207
370	1	5020.46	317559	317546	13.0803	2116	6810	4526	1	0.0001 Colloc0 2116 44532 0.141101 284.169
380	1	5152.57	317397	317384	13.0264	2113	6616	4720	0	0.0001 Colloc0 2113 44448 0.141931 280.178
390	1	5282.54	317592	317579	13.0476	2130	6667	4669	3	0.0001 Colloc0 2130 44485 0.141026 281.743
400	1	5416.83	317637	317624	13.0768	2093	6675	4661	1	0.0001 Colloc0 2093 44387 0.130265 283.911
410	1	5550.64	317868	317854	13.3322	2131	6566	4770	1	0.0001 Colloc0 2131 44376 0.126536 303.006
420	1	5686.34	317473	317459	13.4322	2098	6605	4731	2	0.0001 Colloc0 2098 44321 0.108852 310.565
430	1	5820.18	316141	316128	12.6084	2118	6986	4350	1	0.0001 Colloc0 2118 44276 0.18258 249.76
440	1	5952.83	315804	315792	12.7033	2119	7048	4288	0	0.0001 Colloc0 2119 44246 0.15777 256.581
450	1	6087.6	315768	315755	12.9042	2143	7001	4335	2	0.0001 Colloc0 2143 44237 0.161222 271.189
460	1	6211.68	316030	316017	13.2025	2129	6940	4396	4	0.0001 Colloc0 2129 44220 0.137975 293.267
470	1	6334.85	315518	315505	13.0668	2135	7207	4129	3	0.0001 Colloc0 2135 44186 0.148662 283.17
480	1	6459.18	315396	315383	13.4771	2131	7130	4206	2	0.0001 Colloc0 2131 44144 0.122221 313.975
490	1	6593.71	315383	315370	13.2129	2155	7133	4203	0	0.0001 Colloc0 2155 44124 0.152111 294.05
500	1	6730.27	315257	315244	13.1923	2142	7095	4241	3	0.0001 Colloc0 2142 44117 0.138324 292.508
510	1	6866.72	314964	314952	12.8082	2115	7200	4136	2	0.0001 Colloc0 2115 44151 0.157925 264.184
520	1	7002.25	313676	313663	13.1235	2130	7436	3900	3	0.0001 Colloc0 2130 44132 0.135193 287.378
530	1	7125.68	313948	313935	12.7742	2122	7399	3937	1	0.0001 Colloc0 2122 44095 0.168443 261.707
540	1	7258.74	312671	312658	13.0904	2116	7631	3705	1	0.0001 Colloc0 2116 43947 0.14757 284.917
550	1	7393.24	313081	313067	13.6349	2140	7552	3784	3	0.0001 Colloc0 2140 43964 0.112666 326.029
560	1	7527.37	312589	312576	13.0411	2127	7554	3782	3	0.0001 Colloc0 2127 43869 0.150902 281.267
570	1	7663.26	312253	312240	13.2738	2112	7696	3640	4	0.0001 Colloc0 2112 43872 0.127668 298.613
580	1	7790.64	311793	311780	13.2189	2126	7693	3643	3	0.0001 Colloc0 2126 43774 0.135485 294.496
590	1	7919.59	312804	312791	13.2016	2133	7386	3950	4	0.0001 Colloc0 2133 43790 0.135219 293.203
600	1	8055.42	312320	312307	13.1898	2139	7418	3918	2	0.0001 Colloc0 2139 43781 0.136829 292.322
610	1	8190.97	313030	313017	13.0827	2147	7452	3884	4	0.0001 Colloc0 2147 43815 0.1612 284.344
620	1	8327.53	313531	313518	13.0484	2142	7260	4076	3	0.0001 Colloc0 2142 43793 0.144647 281.808
630	1	8461.98	312289	312277	12.8407	2131	7466	3870	5	0.0001 Colloc0 2131 43742 0.164163 266.55
640	1	8598.05	311942	311929	13.2637	2086	7432	3904	1	0.0001 Colloc0 2086 43743 0.127611 297.854
650	1	8732.49	311790	311777	13.2137	2123	7529	3807	7	0.0001 Colloc0 2123 43711 0.137298 294.105
660	1	8864.39	310896	310883	12.7482	2075	7687	3649	5	0.0001 Colloc0 2075 43668 0.150859 259.824
670	1	8998.79	310873	310860	13.0715	2143	7753	3583	1	0.0001 Colloc0 2143 43622 0.154574 283.52
680	1	9125.03	310597	310584	12.9834	2139	7839	3497	6	0.0001 Colloc0 2139 43548 0.14724 277.01
690	1	9260.48	311289	311276	13.2868	2118	7577	3759	3	0.0001 Colloc0 2118 43463 0.1428 299.586
700	1	9384.44	311344	311331	12.8269	2161	7580	3756	2	0.0001 Colloc0 2161 43470 0.169571 265.538
710	1	9510.47	311489	311476	13.3214	2151	7490	3846	2	0.0001 Colloc0 2151 43406 0.136775 302.188
720	1	9646.16	311217	311204	13.3232	2150	7539	3797	2	0.0001 Colloc0 2150 43393 0.13842 302.328
730	1	9781.55	310138	310125	12.6875	2115	7821	3515	2	0.0001 Colloc0 2115 43410 0.168418 255.44
740	1	9918.34	310435	310421	13.4779	2141	7685	3651	2	0.0001 Colloc0 2141 43384 0.125505 314.035
750	1	10054.2	310773	310760	12.9606	2168	7624	3712	4	0.0001 Colloc0 2168 43374 0.155711 275.332
760	1	10188.6	310633	310620	13.1301	2138	7693	3643	4	0.0001 Colloc0 2138 43362 0.159593 287.872
770	1	10324.3	310852	310838	13.3515	2139	7486	3850	1	0.0001 Colloc0 2139 43381 0.141906 304.464
780	1	10458.8	310389	310376	13.0837	2109	7603	3733	1	0.0001 Colloc0 2109 43334 0.142891 284.422
790	1	10603	309814	309800	13.3397	2157	7715	3621	1	0.0001 Colloc0 2157 43198 0.130614 303.574
800	1	10737.1	309610	309597	12.8229	2107	7639	3697	3	0.0001 Colloc0 2107 43237 0.156459 265.254
810	1	10872.3	309678	309665	13.291	2163	7637	3699	2	0.0001 Colloc0 2163 43125 0.158242 299.902
820	1	11008.1	309348	309334	13.5175	2127	7725	3611	2	0.0001 Colloc0 2127 43115 0.139794 317.052
