# D = 0, E = 1, I = 1, P = 1, R = -1, n = 2000, N = 1, P = 1, w = 1, a = 0.0001, b = 10000, e = 1, f = 1, g = 100, h = 0.01, r = 10376, s = 1, S = 0, x = 10, m = 100, Z = 1, z = 0, T = 1, t = 1
# 125805 tokens in 11336 sentences
#
# It	Temp	Time	-logP	-logPcorpus	-logPrior	tables	same	changed	reject	default_pya	(parent pym pyn pya pyb)*
0	1	12.959	434274	434161	113.764	10095	0	11336	0	0.0001 Colloc0 10095 52578 0.0001 10000
10	1	172.055	358691	358676	14.9961	2836	3788	7548	3	0.0001 Colloc0 2836 47536 0.126001 433.857
20	1	314.619	351375	351360	15.0694	2279	4108	7228	2	0.0001 Colloc0 2279 47287 0.0335872 439.833
30	1	446.416	346714	346699	14.8958	2202	4396	6940	3	0.0001 Colloc0 2202 46966 0.0439389 425.709
40	1	581.065	343684	343669	14.822	2171	4590	6746	5	0.0001 Colloc0 2171 46767 0.0340388 419.723
50	1	717.048	340588	340573	14.3937	2133	4736	6600	2	0.0001 Colloc0 2133 46496 0.0559913 385.357
60	1	854.308	338209	338194	14.6182	2201	4851	6485	2	0.0001 Colloc0 2201 46243 0.0537443 403.297
70	1	991.119	336463	336450	13.4309	2182	5034	6302	6	0.0001 Colloc0 2182 46116 0.114727 310.469
80	1	1122.89	334581	334567	13.8269	2169	5182	6154	1	0.0001 Colloc0 2169 45968 0.0771582 340.831
90	1	1256.59	332316	332302	14.0361	2198	5173	6163	4	0.0001 Colloc0 2198 45737 0.0770974 357.122
100	1	1394.99	330668	330654	14.1806	2144	5391	5945	4	0.0001 Colloc0 2144 45602 0.0943266 368.474
110	1	1531.24	329743	329730	13.6966	2148	5427	5909	3	0.0001 Colloc0 2148 45510 0.107331 330.768
120	1	1667.48	328635	328621	13.8453	2122	5507	5829	2	0.0001 Colloc0 2122 45427 0.0986588 342.256
130	1	1797.2	327819	327806	13.8422	2142	5644	5692	1	0.0001 Colloc0 2142 45311 0.0920904 342.018
140	1	1929.48	325901	325887	13.9709	2070	5808	5528	1	0.0001 Colloc0 2070 45225 0.076913 352.03
150	1	2061.85	325209	325195	14.0136	2096	5833	5503	1	0.0001 Colloc0 2096 45100 0.0784848 355.364
160	1	2198.98	325004	324991	13.4035	2132	5945	5391	1	0.0001 Colloc0 2132 45062 0.133306 308.388
170	1	2333.42	323632	323618	13.7334	2123	6126	5210	3	0.0001 Colloc0 2123 44928 0.112077 333.6
180	1	2469.11	324199	324185	13.7939	2123	5985	5351	1	0.0001 Colloc0 2123 44897 0.0923161 338.273
190	1	2603.07	323298	323284	13.8563	2091	5991	5345	3	0.0001 Colloc0 2091 44837 0.08105 343.106
200	1	2740.15	323430	323417	13.2255	2133	5985	5351	0	0.0001 Colloc0 2133 44806 0.123157 294.99
210	1	2873.75	322765	322751	14.048	2138	5946	5390	2	0.0001 Colloc0 2138 44748 0.088784 358.059
220	1	3002.67	322524	322510	13.2874	2129	6033	5303	4	0.0001 Colloc0 2129 44715 0.127374 299.632
230	1	3134.43	321451	321437	13.3681	2115	6053	5283	0	0.0001 Colloc0 2115 44602 0.131177 305.712
240	1	3270.17	319954	319941	13.2388	2156	6187	5149	4	0.0001 Colloc0 2156 44582 0.138917 295.988
250	1	3406.12	318886	318872	13.4043	2086	6412	4924	1	0.0001 Colloc0 2086 44552 0.106681 308.449
260	1	3540.27	319138	319124	13.9222	2126	6279	5057	1	0.0001 Colloc0 2126 44518 0.0936255 348.231
270	1	3674.19	319585	319572	13.5036	2182	6233	5103	1	0.0001 Colloc0 2182 44465 0.12537 315.991
280	1	3810.21	318301	318288	13.0076	2187	6468	4868	3	0.0001 Colloc0 2187 44395 0.156447 278.793
290	1	3941.28	317376	317362	13.7816	2101	6506	4830	1	0.0001 Colloc0 2101 44372 0.0990409 337.32
300	1	4069.35	316881	316868	13.3414	2123	6649	4687	1	0.0001 Colloc0 2123 44337 0.119852 303.697
310	1	4196.96	317381	317368	13.1975	2149	6621	4715	2	0.0001 Colloc0 2149 44262 0.140762 292.893
320	1	4326.7	317146	317132	13.1363	2114	6628	4708	2	0.0001 Colloc0 2114 44266 0.133335 288.334
330	1	4460.03	317043	317029	13.4737	2110	6536	4800	4	0.0001 Colloc0 2110 44231 0.129827 313.717
340	1	4593.92	317401	317388	13.305	2167	6467	4869	1	0.0001 Colloc0 2167 44192 0.14378 300.959
350	1	4727.93	316918	316905	13.3817	2120	6587	4749	0	0.0001 Colloc0 2120 44162 0.119204 306.74
360	1	4861.93	315971	315958	13.004	2126	6654	4682	1	0.0001 Colloc0 2126 44097 0.141274 278.525
370	1	4994.8	315677	315663	13.2853	2167	6705	4631	1	0.0001 Colloc0 2167 44027 0.144411 299.474
380	1	5127.12	315658	315645	13.5137	2122	6721	4615	3	0.0001 Colloc0 2122 44030 0.113749 316.757
390	1	5259.77	314673	314660	13.0148	2102	6849	4487	2	0.0001 Colloc0 2102 43978 0.12855 279.323
400	1	5392.29	314238	314224	13.5907	2134	7028	4308	4	0.0001 Colloc0 2134 43975 0.118888 322.641
410	1	5527.2	314822	314809	13.4069	2119	6815	4521	2	0.0001 Colloc0 2119 43944 0.125648 308.65
420	1	5655.51	314454	314441	13.08	2085	6887	4449	4	0.0001 Colloc0 2085 43956 0.143738 284.144
430	1	5786.06	314477	314464	12.9	2143	6828	4508	5	0.0001 Colloc0 2143 43882 0.163284 270.878
440	1	5917.28	313750	313737	13.1409	2161	6896	4440	3	0.0001 Colloc0 2161 43783 0.146474 288.676
450	1	6052.53	313673	313660	13.6826	2173	6895	4441	2	0.0001 Colloc0 2173 43801 0.136095 329.692
460	1	6186.93	313692	313678	13.1598	2132	6941	4395	3	0.0001 Colloc0 2132 43792 0.13677 290.081
470	1	6321.08	312774	312761	13.0286	2099	7009	4327	4	0.0001 Colloc0 2099 43746 0.138633 280.34
480	1	6454.09	313094	313081	12.9103	2115	6978	4358	2	0.0001 Colloc0 2115 43773 0.1435 271.632
490	1	6589.09	312680	312666	13.9846	2137	7063	4273	6	0.0001 Colloc0 2137 43691 0.105701 353.1
500	1	6723.03	313147	313135	12.4482	2162	7012	4324	3	0.0001 Colloc0 2162 43564 0.178739 238.362
510	1	6857.38	313135	313122	13.2989	2153	7003	4333	2	0.0001 Colloc0 2153 43628 0.151362 300.497
520	1	6992.42	312586	312572	13.7112	2162	7054	4282	5	0.0001 Colloc0 2162 43542 0.13533 331.889
530	1	7126.81	311765	311751	13.8197	2155	7099	4237	4	0.0001 Colloc0 2155 43476 0.115777 340.269
540	1	7260.69	311209	311196	12.9382	2124	7245	4091	5	0.0001 Colloc0 2124 43456 0.154171 273.682
550	1	7394.91	311385	311372	13.352	2141	7298	4038	4	0.0001 Colloc0 2141 43457 0.119303 304.497
560	1	7534.08	312145	312133	12.8608	2162	7141	4195	3	0.0001 Colloc0 2162 43456 0.164379 268.017
570	1	7666.24	311395	311382	12.8913	2156	7199	4137	3	0.0001 Colloc0 2156 43406 0.151684 270.243
580	1	7800.86	311131	311118	13.1156	2174	7281	4055	5	0.0001 Colloc0 2174 43456 0.164324 286.788
590	1	7929.9	310694	310681	13.0759	2139	7464	3872	3	0.0001 Colloc0 2139 43392 0.15934 283.846
600	1	8061.47	310982	310968	13.1691	2202	7487	3849	2	0.0001 Colloc0 2202 43365 0.144588 290.771
610	1	8193.8	310821	310808	13.3376	2200	7506	3830	2	0.0001 Colloc0 2200 43405 0.139173 303.413
620	1	8326.78	309586	309572	13.3727	2157	7883	3453	4	0.0001 Colloc0 2157 43383 0.137608 306.059
630	1	8460.1	309515	309502	12.8728	2155	7939	3397	1	0.0001 Colloc0 2155 43390 0.155814 268.89
640	1	8592.69	308793	308780	13.1476	2152	8122	3214	2	0.0001 Colloc0 2152 43340 0.134494 289.17
650	1	8722.01	308512	308499	12.8376	2118	8208	3128	2	0.0001 Colloc0 2118 43325 0.155199 266.321
660	1	8851.55	308349	308336	13.0235	2156	8251	3085	2	0.0001 Colloc0 2156 43270 0.156125 279.966
670	1	8985.98	307694	307680	13.2741	2165	8451	2885	2	0.0001 Colloc0 2165 43245 0.146638 298.638
680	1	9114.62	307767	307754	13.2684	2163	8509	2827	2	0.0001 Colloc0 2163 43224 0.14923 298.207
690	1	9248.61	307640	307626	13.5705	2120	8460	2876	2	0.0001 Colloc0 2120 43239 0.129881 321.096
700	1	9382.43	307669	307655	13.5568	2123	8439	2897	2	0.0001 Colloc0 2123 43219 0.132983 320.049
710	1	9516.54	307131	307119	12.7492	2155	8477	2859	3	0.0001 Colloc0 2155 43147 0.155815 259.901
720	1	9651.96	306775	306762	13.5487	2155	8589	2747	1	0.0001 Colloc0 2155 43184 0.124188 319.428
730	1	9779.91	306415	306402	13.5663	2144	8759	2577	1	0.0001 Colloc0 2144 43129 0.128754 320.775
740	1	9912.01	306534	306521	13.2395	2152	8585	2751	1	0.0001 Colloc0 2152 43069 0.153135 296.035
750	1	10042	306047	306034	13.1079	2185	8769	2567	2	0.0001 Colloc0 2185 43058 0.140254 286.216
760	1	10170.8	306521	306508	12.6044	2162	8592	2744	4	0.0001 Colloc0 2162 43026 0.184787 249.471
770	1	10302.8	305817	305804	13.009	2168	8680	2656	3	0.0001 Colloc0 2168 43015 0.167578 278.897
780	1	10437.9	306304	306291	13.0434	2190	8704	2632	2	0.0001 Colloc0 2190 43059 0.166062 281.439
790	1	10571.1	306248	306235	13.0073	2142	8700	2636	3	0.0001 Colloc0 2142 43079 0.153657 278.772
800	1	10698.4	306374	306361	13.199	2196	8658	2678	1	0.0001 Colloc0 2196 43062 0.151934 293.008
810	1	10824.2	306075	306062	13.3003	2136	8721	2615	5	0.0001 Colloc0 2136 43039 0.138295 300.607
820	1	10949.8	306275	306262	13.4137	2180	8687	2649	1	0.0001 Colloc0 2180 43012 0.144631 309.165
830	1	11077.8	306322	306309	12.9487	2116	8754	2582	3	0.0001 Colloc0 2116 43041 0.146246 274.456
840	1	11217	306174	306161	12.9675	2168	8599	2737	3	0.0001 Colloc0 2168 42989 0.151014 275.835
850	1	11352.1	305964	305950	13.5842	2159	8781	2555	3	0.0001 Colloc0 2159 42963 0.1164 322.145
860	1	11485.2	305706	305693	13.0145	2119	8686	2650	1	0.0001 Colloc0 2119 42967 0.157664 279.304
870	1	11618.9	306048	306035	13.3888	2179	8699	2637	2	0.0001 Colloc0 2179 42928 0.150762 307.276
880	1	11752	305956	305942	13.4504	2152	8720	2616	5	0.0001 Colloc0 2152 42975 0.131144 311.943
890	1	11883.8	306389	306376	12.9929	2160	8569	2767	1	0.0001 Colloc0 2160 42942 0.160056 277.707
900	1	12016.3	306512	306499	13.3573	2169	8414	2922	4	0.0001 Colloc0 2169 42935 0.143892 304.897
910	1	12150.6	306284	306271	13.2267	2172	8482	2854	2	0.0001 Colloc0 2172 42938 0.156152 295.081
920	1	12283.8	305808	305795	13.1633	2142	8545	2791	4	0.0001 Colloc0 2142 42878 0.151657 290.339
930	1	12415.5	306008	305994	13.0188	2143	8537	2799	1	0.0001 Colloc0 2143 42902 0.164128 279.621
940	1	12543.3	305958	305945	13.1272	2142	8498	2838	3	0.0001 Colloc0 2142 42878 0.154158 287.652
950	1	12677.6	306275	306263	12.8005	2179	8573	2763	5	0.0001 Colloc0 2179 42939 0.16184 263.619
960	1	12811.9	305705	305692	13.1387	2133	8530	2806	1	0.0001 Colloc0 2133 42862 0.139833 288.507
970	1	12944.9	306129	306116	13.2757	2154	8402	2934	3	0.0001 Colloc0 2154 42836 0.140854 298.753
980	1	13076	306306	306293	12.5612	2176	8334	3002	4	0.0001 Colloc0 2176 42863 0.184503 246.383
990	1	13204.4	306354	306341	12.904	2198	8495	2841	6	0.0001 Colloc0 2198 42773 0.176414 271.172
1000	1	13336.2	306463	306449	13.4846	2221	8468	2868	3	0.0001 Colloc0 2221 42788 0.140468 314.547
1010	1	13468	305743	305730	13.4398	2160	8600	2736	2	0.0001 Colloc0 2160 42781 0.128508 311.143
1020	1	13597.2	305445	305432	13.0532	2177	8725	2611	3	0.0001 Colloc0 2177 42772 0.160367 282.163
1030	1	13723.4	305340	305326	13.0771	2208	8792	2544	2	0.0001 Colloc0 2208 42783 0.170703 283.93
1040	1	13857.8	305254	305241	13.1094	2158	8797	2539	2	0.0001 Colloc0 2158 42771 0.147775 286.327
1050	1	13987.2	305488	305475	13.1302	2158	8822	2514	2	0.0001 Colloc0 2158 42783 0.137511 287.874
1060	1	14121	305104	305091	13.1078	2166	8917	2419	3	0.0001 Colloc0 2166 42781 0.150202 286.212
1070	1	14251.2	305925	305912	13.3571	2179	8704	2632	1	0.0001 Colloc0 2179 42801 0.137747 304.886
1080	1	14382.1	306217	306204	12.4461	2174	8621	2715	3	0.0001 Colloc0 2174 42828 0.183477 238.213
1090	1	14509	305856	305842	13.6263	2182	8585	2751	3	0.0001 Colloc0 2182 42815 0.124593 325.367
1100	1	14641.6	306435	306422	13.3111	2183	8400	2936	3	0.0001 Colloc0 2183 42775 0.13827 301.416
1110	1	14777.8	306849	306836	13.3098	2182	8266	3070	2	0.0001 Colloc0 2182 42766 0.144201 301.317
1120	1	14911.2	306228	306215	12.9113	2220	8473	2863	2	0.0001 Colloc0 2220 42712 0.18092 271.712
1130	1	15044.5	305903	305889	13.4863	2196	8703	2633	2	0.0001 Colloc0 2196 42723 0.138247 314.671
1140	1	15179.1	305828	305815	12.7737	2195	8587	2749	2	0.0001 Colloc0 2195 42709 0.184026 261.672
1150	1	15313	305424	305411	13.2057	2168	8692	2644	2	0.0001 Colloc0 2168 42708 0.154176 293.507
1160	1	15447.4	305551	305538	13.5207	2176	8654	2682	2	0.0001 Colloc0 2176 42659 0.12674 317.291
1170	1	15581	305268	305254	13.3099	2187	8802	2534	2	0.0001 Colloc0 2187 42655 0.142763 301.322
1180	1	15714.4	305283	305269	13.8411	2188	8754	2582	3	0.0001 Colloc0 2188 42578 0.127043 341.93
1190	1	15844.2	305019	305006	12.8562	2196	8832	2504	2	0.0001 Colloc0 2196 42594 0.175965 267.678
1200	1	15976.2	304774	304761	13.3366	2189	8772	2564	5	0.0001 Colloc0 2189 42553 0.150853 303.335
1210	1	16107.7	305253	305240	13.4115	2170	8659	2677	4	0.0001 Colloc0 2170 42610 0.122291 308.996
1220	1	16242.5	305254	305241	13.3204	2187	8597	2739	2	0.0001 Colloc0 2187 42570 0.143389 302.119
1230	1	16371.9	305053	305040	12.9646	2168	8666	2670	3	0.0001 Colloc0 2168 42569 0.149477 275.62
1240	1	16505.1	305176	305163	12.8336	2225	8535	2801	2	0.0001 Colloc0 2225 42523 0.176059 266.026
1250	1	16638.7	305198	305185	13.267	2199	8541	2795	3	0.0001 Colloc0 2199 42529 0.156095 298.098
1260	1	16770	304881	304868	12.9964	2161	8702	2634	1	0.0001 Colloc0 2161 42515 0.162059 277.966
1270	1	16901.3	304954	304941	12.8697	2208	8628	2708	3	0.0001 Colloc0 2208 42470 0.155072 268.666
1280	1	17037.3	304932	304918	13.5823	2203	8664	2672	2	0.0001 Colloc0 2203 42419 0.142271 321.997
1290	1	17168.8	304806	304793	12.8755	2213	8730	2606	5	0.0001 Colloc0 2213 42416 0.174713 269.088
1300	1	17298.5	304195	304182	12.9894	2206	8765	2571	2	0.0001 Colloc0 2206 42393 0.169409 277.451
1310	1	17430.3	304019	304005	13.4678	2177	8872	2464	2	0.0001 Colloc0 2177 42402 0.146456 313.265
1320	1	17559.2	303994	303981	13.0487	2202	8866	2470	1	0.0001 Colloc0 2202 42383 0.170849 281.831
1330	1	17694.8	303969	303957	12.6761	2170	8852	2484	3	0.0001 Colloc0 2170 42373 0.176581 254.622
1340	1	17828	303614	303601	12.7506	2175	8870	2466	3	0.0001 Colloc0 2175 42362 0.174403 260.002
1350	1	17962.1	303565	303552	12.8664	2174	8989	2347	2	0.0001 Colloc0 2174 42326 0.181599 268.423
1360	1	18096.1	304370	304357	13.2594	2222	8846	2490	2	0.0001 Colloc0 2222 42402 0.163511 297.531
1370	1	18228.3	304159	304147	12.6057	2208	8728	2608	3	0.0001 Colloc0 2208 42383 0.18766 249.568
1380	1	18362.5	303918	303905	13.4682	2171	8830	2506	2	0.0001 Colloc0 2171 42386 0.128247 313.295
1390	1	18494.5	304117	304104	13.0843	2203	8828	2508	4	0.0001 Colloc0 2203 42376 0.157381 284.465
1400	1	18631.2	304290	304277	12.7968	2200	8721	2615	3	0.0001 Colloc0 2200 42318 0.174004 263.355
1410	1	18765.4	304397	304384	12.9862	2227	8794	2542	2	0.0001 Colloc0 2227 42350 0.172993 277.215
1420	1	18898.9	304022	304008	13.1469	2190	8893	2443	2	0.0001 Colloc0 2190 42353 0.152058 289.119
1430	1	19032.2	304018	304004	13.8387	2187	8862	2474	3	0.0001 Colloc0 2187 42360 0.109098 341.746
1440	1	19164.8	303745	303731	13.5086	2159	9042	2294	3	0.0001 Colloc0 2159 42362 0.131753 316.369
1450	1	19299.2	303802	303790	12.6274	2204	9031	2305	3	0.0001 Colloc0 2204 42379 0.18347 251.121
1460	1	19432.4	302880	302868	12.7426	2180	9101	2235	2	0.0001 Colloc0 2180 42294 0.171828 259.421
1470	1	19566.4	303757	303744	13.4967	2171	8877	2459	3	0.0001 Colloc0 2171 42363 0.134386 315.465
1480	1	19701.1	303860	303847	12.4835	2201	8873	2463	3	0.0001 Colloc0 2201 42380 0.187188 240.863
1490	1	19834.6	303564	303551	13.1432	2188	8953	2383	4	0.0001 Colloc0 2188 42346 0.16717 288.842
1500	1	19965.9	303368	303356	12.5731	2185	9004	2332	2	0.0001 Colloc0 2185 42354 0.164251 247.236
1510	1	20098.3	303032	303019	12.7286	2198	8970	2366	3	0.0001 Colloc0 2198 42335 0.182148 258.409
1520	1	20233	303029	303016	13.053	2175	9023	2313	3	0.0001 Colloc0 2175 42311 0.162713 282.145
1530	1	20364.5	302457	302444	12.812	2136	9042	2294	3	0.0001 Colloc0 2136 42296 0.159333 264.453
1540	1	20495.7	302977	302964	13.0839	2197	8960	2376	2	0.0001 Colloc0 2197 42282 0.164985 284.439
1550	1	20629.2	302704	302691	12.8727	2183	9076	2260	3	0.0001 Colloc0 2183 42205 0.17986 268.883
1560	1	20759.7	302721	302708	13.2674	2192	9071	2265	2	0.0001 Colloc0 2192 42210 0.137273 298.134
1570	1	20891.4	302308	302295	13.554	2181	9216	2120	2	0.0001 Colloc0 2181 42189 0.142136 319.831
1580	1	21024.1	302494	302481	13.1132	2215	9158	2178	1	0.0001 Colloc0 2215 42179 0.164651 286.61
1590	1	21150.7	301620	301607	12.7851	2159	9397	1939	1	0.0001 Colloc0 2159 42156 0.175441 262.498
1600	1	21284.3	301775	301761	13.5124	2175	9362	1974	1	0.0001 Colloc0 2175 42124 0.139335 316.66
1610	1	21417.6	302489	302475	13.6851	2216	9195	2141	2	0.0001 Colloc0 2216 42120 0.131241 329.884
1620	1	21548.3	302442	302429	12.8638	2201	9065	2271	3	0.0001 Colloc0 2201 42111 0.158335 268.233
1630	1	21679.2	301788	301775	13.2177	2163	9206	2130	3	0.0001 Colloc0 2163 42071 0.153523 294.409
1640	1	21811.9	302216	302203	13.3431	2214	9102	2234	2	0.0001 Colloc0 2214 42116 0.149192 303.83
1650	1	21942.4	302007	301993	13.3367	2158	9037	2299	2	0.0001 Colloc0 2158 42046 0.140504 303.344
1660	1	22069	302618	302605	13.2196	2185	8904	2432	2	0.0001 Colloc0 2185 42105 0.148223 294.548
1670	1	22197	303077	303064	13.3906	2189	8798	2538	1	0.0001 Colloc0 2189 42118 0.1518 307.417
1680	1	22328.9	302395	302382	12.99	2197	8937	2399	3	0.0001 Colloc0 2197 42054 0.162873 277.492
1690	1	22459.5	303008	302994	13.4441	2177	8607	2729	1	0.0001 Colloc0 2177 42069 0.143826 311.466
1700	1	22590	302859	302845	13.895	2174	8732	2604	4	0.0001 Colloc0 2174 42027 0.11606 346.115
1710	1	22721.6	302602	302588	13.519	2199	8858	2478	1	0.0001 Colloc0 2199 42009 0.135917 317.162
1720	1	22852.3	302380	302367	13.6911	2168	8925	2411	3	0.0001 Colloc0 2168 42009 0.121825 330.347
1730	1	22979.9	302365	302352	12.9265	2186	8876	2460	3	0.0001 Colloc0 2186 42010 0.160662 272.824
1740	1	23103.8	302741	302728	13.3837	2192	8849	2487	3	0.0001 Colloc0 2192 42018 0.153144 306.892
1750	1	23231.9	302762	302748	13.4888	2206	8816	2520	4	0.0001 Colloc0 2206 41989 0.137684 314.868
1760	1	23359	302996	302983	13.1206	2206	8762	2574	2	0.0001 Colloc0 2206 42027 0.154188 287.159
1770	1	23488.3	302696	302683	13.3356	2190	8819	2517	2	0.0001 Colloc0 2190 42011 0.145431 303.263
1780	1	23614.6	303023	303010	13.3197	2232	8797	2539	5	0.0001 Colloc0 2232 41979 0.149395 302.063
1790	1	23741	302665	302651	13.3491	2173	8862	2474	2	0.0001 Colloc0 2173 41981 0.152498 304.277
1800	1	23869.1	303974	303961	13.1494	2237	8486	2850	3	0.0001 Colloc0 2237 41978 0.164851 289.306
1810	1	23998.5	302799	302786	13.1386	2205	8726	2610	1	0.0001 Colloc0 2205 41960 0.158877 288.499
1820	1	24127.6	302991	302979	12.8289	2218	8655	2681	5	0.0001 Colloc0 2218 41924 0.171025 265.686
1830	1	24257.2	302695	302682	13.5417	2218	8714	2622	1	0.0001 Colloc0 2218 41946 0.150502 318.897
1840	1	24385.1	302593	302580	13.2655	2231	8705	2631	2	0.0001 Colloc0 2231 41908 0.15999 297.986
1850	1	24515	302401	302387	13.3725	2206	8835	2501	1	0.0001 Colloc0 2206 41923 0.151192 306.049
1860	1	24645.9	302145	302132	13.2383	2198	8880	2456	5	0.0001 Colloc0 2198 41960 0.151777 295.946
1870	1	24774.3	302294	302281	13.102	2214	8974	2362	4	0.0001 Colloc0 2214 41942 0.164947 285.776
1880	1	24902.6	302002	301988	13.3312	2212	8920	2416	2	0.0001 Colloc0 2212 41911 0.145226 302.928
1890	1	25031.3	302224	302210	13.7391	2186	8924	2412	2	0.0001 Colloc0 2186 41903 0.120404 334.04
1900	1	25160.1	302523	302510	13.0253	2192	8761	2575	5	0.0001 Colloc0 2192 41936 0.155644 280.1
1910	1	25290.7	302515	302502	13.9278	2198	8816	2520	3	0.0001 Colloc0 2198 41894 0.120175 348.666
1920	1	25415.4	302918	302904	13.5466	2188	8638	2698	3	0.0001 Colloc0 2188 41924 0.132977 319.272
1930	1	25539.1	302865	302853	12.7635	2215	8567	2769	2	0.0001 Colloc0 2215 41908 0.175086 260.935
1940	1	25663.4	302726	302712	13.8543	2213	8626	2710	4	0.0001 Colloc0 2213 41858 0.129235 342.955
1950	1	25786.2	302990	302977	13.7414	2227	8556	2780	2	0.0001 Colloc0 2227 41889 0.136548 334.218
1960	1	25915	303046	303033	13.0524	2220	8523	2813	2	0.0001 Colloc0 2220 41871 0.161793 282.104
1970	1	26040.3	302469	302456	13.1601	2192	8699	2637	2	0.0001 Colloc0 2192 41895 0.148707 290.107
1980	1	26162.5	301707	301694	12.9513	2192	8864	2472	1	0.0001 Colloc0 2192 41845 0.18466 274.643
1990	1	26284	301870	301856	13.4757	2182	8948	2388	2	0.0001 Colloc0 2182 41853 0.132143 313.869
2000	1	26405.9	301982	301968	13.4415	2189	8866	2470	5	0.0001 Colloc0 2189 41861 0.148182 311.268
