# D = 0, E = 1, I = 1, P = 1, R = -1, n = 2000, N = 1, P = 1, w = 1, a = 0.0001, b = 10000, e = 1, f = 1, g = 100, h = 0.01, r = 20187, s = 1, S = 0, x = 10, m = 100, Z = 1, z = 0, T = 1, t = 1
# 5796 tokens in 266 sentences
#
# It	Temp	Time	-logP	-logPcorpus	-logPrior	tables	same	changed	reject	default_pya	(parent pym pyn pya pyb)*
0	1	0.766883	23341.5	23227.7	113.764	1927	0	266	0	0.0001 Colloc0 1927 2759 0.0001 10000
10	1	11.2213	18031.9	18020.3	11.6639	577	46	220	5	0.0001 Colloc0 577 2475 0.0740405 185.012
20	1	21.1658	17735.5	17724.5	11.0127	491	55	211	4	0.0001 Colloc0 491 2507 0.0471182 144.419
30	1	31.1023	17521.1	17510	11.1689	476	57	209	4	0.0001 Colloc0 476 2481 0.0462469 153.807
40	1	40.8858	17361.2	17349.8	11.3499	465	59	207	1	0.0001 Colloc0 465 2464 0.0195243 164.965
50	1	50.4913	17324	17312.6	11.398	470	66	200	0	0.0001 Colloc0 470 2455 0.0348066 167.981
60	1	60.4368	17313.8	17302.9	10.8771	479	55	211	6	0.0001 Colloc0 479 2433 0.109317 136.468
70	1	70.0903	17200.1	17189.1	11.009	460	63	203	3	0.0001 Colloc0 460 2430 0.0858224 144.199
80	1	79.5549	17147.8	17136.9	10.862	468	72	194	2	0.0001 Colloc0 468 2408 0.0878233 135.594
90	1	89.3424	17184.3	17173.6	10.7482	469	79	187	4	0.0001 Colloc0 469 2439 0.107326 129.081
100	1	98.805	17205.8	17194.3	11.5013	467	78	188	3	0.0001 Colloc0 467 2407 0.0190654 174.527
110	1	108.497	17076.9	17065.6	11.2698	464	80	186	2	0.0001 Colloc0 464 2406 0.0502239 159.993
120	1	118.487	17067.3	17056.1	11.1807	465	73	193	2	0.0001 Colloc0 465 2423 0.1003 154.523
130	1	128.474	17126.9	17115.9	11.014	457	76	190	0	0.0001 Colloc0 457 2420 0.0418778 144.493
140	1	138.333	17089.3	17078.2	11.1704	470	80	186	5	0.0001 Colloc0 470 2430 0.100121 153.893
150	1	148.13	17087	17076	11.0481	480	71	195	3	0.0001 Colloc0 480 2410 0.0688442 146.526
160	1	157.586	17082.1	17071	11.0467	463	70	196	2	0.0001 Colloc0 463 2429 0.0716789 146.441
170	1	167.2	16989.9	16979.7	10.2536	446	78	188	3	0.0001 Colloc0 446 2423 0.105673 102.476
180	1	176.699	16917.5	16907.1	10.4278	452	83	183	1	0.0001 Colloc0 452 2407 0.120958 111.519
190	1	186.376	16971.3	16960.3	10.9902	459	80	186	1	0.0001 Colloc0 459 2419 0.0343332 143.083
200	1	195.924	17053.5	17042.1	11.346	469	87	179	0	0.0001 Colloc0 469 2377 0.0186395 164.724
210	1	205.854	17055.8	17044.8	10.955	488	89	177	2	0.0001 Colloc0 488 2385 0.091323 141.01
220	1	215.591	16996.2	16985.7	10.5307	473	83	183	2	0.0001 Colloc0 473 2388 0.138647 117.032
230	1	225.267	17162.1	17151	11.0399	490	74	192	0	0.0001 Colloc0 490 2396 0.104224 146.036
240	1	234.937	17008.3	16997.8	10.5021	464	88	178	2	0.0001 Colloc0 464 2400 0.119593 115.49
250	1	244.492	16990.3	16979.5	10.8207	455	92	174	0	0.0001 Colloc0 455 2397 0.0758524 133.216
260	1	253.966	17103.9	17093.5	10.4431	466	69	197	2	0.0001 Colloc0 466 2432 0.152491 112.332
270	1	263.716	17031.4	17020.8	10.6237	451	79	187	2	0.0001 Colloc0 451 2442 0.148539 122.119
280	1	273.174	16916.7	16905.6	11.1144	445	77	189	3	0.0001 Colloc0 445 2391 0.0459761 150.5
290	1	282.714	16990	16978.9	11.0747	475	85	181	3	0.0001 Colloc0 475 2381 0.138794 148.115
300	1	292.433	16851.8	16840.7	11.0737	454	94	172	2	0.0001 Colloc0 454 2330 0.0843592 148.054
310	1	301.913	16874	16862.8	11.224	467	84	182	2	0.0001 Colloc0 467 2311 0.0417759 157.171
320	1	311.684	16854.9	16843.7	11.2248	442	93	173	0	0.0001 Colloc0 442 2372 0.00579074 157.22
330	1	321.351	16792.5	16781.7	10.8003	432	88	178	2	0.0001 Colloc0 432 2352 0.0769611 132.045
340	1	331.11	16714.3	16703.2	11.0638	434	95	171	2	0.0001 Colloc0 434 2356 0.0413557 147.461
350	1	340.884	16855.1	16843.9	11.1563	447	78	188	3	0.0001 Colloc0 447 2341 0.0422076 153.038
360	1	350.692	16672.2	16661.4	10.8042	452	98	168	5	0.0001 Colloc0 452 2328 0.0787577 132.271
370	1	360.58	16717.1	16706.6	10.4556	465	103	163	3	0.0001 Colloc0 465 2342 0.179102 112.995
380	1	370.315	16644.6	16633.7	10.8809	445	98	168	1	0.0001 Colloc0 445 2338 0.0424616 136.686
390	1	380.102	16743.8	16732.8	11.0747	467	101	165	2	0.0001 Colloc0 467 2359 0.0302933 148.113
400	1	389.816	16580.8	16570.5	10.3793	452	106	160	5	0.0001 Colloc0 452 2338 0.15914 108.966
410	1	399.204	16765.2	16754.2	10.9793	467	87	179	3	0.0001 Colloc0 467 2355 0.0939824 142.442
420	1	409.066	16770.6	16759.6	11.0367	450	85	181	1	0.0001 Colloc0 450 2348 0.00646144 145.847
430	1	418.67	16638.8	16628.1	10.7241	444	97	169	4	0.0001 Colloc0 444 2330 0.076873 127.724
440	1	428.41	16722.7	16711.5	11.1998	451	78	188	2	0.0001 Colloc0 451 2343 0.0593411 155.686
450	1	438.278	16714	16703.5	10.4815	461	81	185	3	0.0001 Colloc0 461 2312 0.214698 114.383
460	1	447.851	16808.3	16797.2	11.1202	453	85	181	1	0.0001 Colloc0 453 2354 0.0263989 150.854
470	1	457.221	16729	16717.8	11.1269	457	83	183	2	0.0001 Colloc0 457 2327 0.0965777 151.259
480	1	466.668	16686.5	16675.3	11.1232	454	83	183	4	0.0001 Colloc0 454 2325 0.0490706 151.035
490	1	476.424	16545.8	16536	9.79997	453	101	165	3	0.0001 Colloc0 453 2303 0.275228 80.7273
500	1	486.101	16710.2	16699.2	11.0092	449	91	175	4	0.0001 Colloc0 449 2356 0.0882472 144.211
510	1	495.793	16550.1	16539.1	11.0113	427	89	177	3	0.0001 Colloc0 427 2307 0.0246599 144.334
520	1	505.733	16572.2	16562	10.1918	443	93	173	3	0.0001 Colloc0 443 2303 0.182977 99.3567
530	1	515.649	16675.4	16664.7	10.6169	467	87	179	2	0.0001 Colloc0 467 2350 0.158558 121.745
540	1	525.183	16707.2	16696.4	10.7589	461	71	195	2	0.0001 Colloc0 461 2322 0.0940735 129.689
550	1	534.674	16775.8	16765	10.8486	464	69	197	5	0.0001 Colloc0 464 2353 0.0724899 134.82
560	1	544.288	16623.1	16612.2	10.8771	451	88	178	1	0.0001 Colloc0 451 2329 0.0847466 136.464
570	1	553.986	16644.4	16633.6	10.7835	443	93	173	4	0.0001 Colloc0 443 2336 0.130309 131.086
580	1	563.729	16638.5	16627.8	10.6925	442	81	185	3	0.0001 Colloc0 442 2338 0.119681 125.949
590	1	573.033	16563.1	16552.6	10.5339	438	92	174	2	0.0001 Colloc0 438 2330 0.117254 117.209
600	1	582.964	16624.8	16614.2	10.614	447	84	182	1	0.0001 Colloc0 447 2297 0.15948 121.586
610	1	592.534	16687.4	16676.8	10.5633	445	83	183	2	0.0001 Colloc0 445 2312 0.161335 118.804
620	1	602.175	16735.6	16725.5	10.1564	441	87	179	0	0.0001 Colloc0 441 2336 0.162951 97.5888
630	1	612.039	16710.4	16699.8	10.6642	444	79	187	3	0.0001 Colloc0 444 2320 0.111113 124.365
640	1	621.873	16727	16716	11.0229	450	76	190	4	0.0001 Colloc0 450 2319 0.059908 145.025
650	1	631.302	16820.8	16809.7	11.098	459	77	189	4	0.0001 Colloc0 459 2350 0.0793319 149.515
660	1	641.07	16703	16692.5	10.4585	448	84	182	3	0.0001 Colloc0 448 2320 0.117878 113.155
670	1	650.695	16493.4	16483	10.4344	440	88	178	1	0.0001 Colloc0 440 2281 0.179632 111.869
680	1	660.535	16612.4	16601.1	11.3076	439	93	173	0	0.0001 Colloc0 439 2335 0.0370841 162.333
690	1	670.365	16490.7	16480.2	10.5393	437	102	164	2	0.0001 Colloc0 437 2292 0.117937 117.502
700	1	680.319	16601.5	16590.5	11.0137	438	79	187	3	0.0001 Colloc0 438 2294 0.0465627 144.48
710	1	689.87	16551.1	16540.3	10.8004	455	92	174	6	0.0001 Colloc0 455 2290 0.123327 132.052
720	1	699.489	16688.9	16678	10.8503	470	90	176	2	0.0001 Colloc0 470 2304 0.13751 134.917
730	1	709.344	16641.2	16629.9	11.2873	430	89	177	3	0.0001 Colloc0 430 2341 0.0385385 161.075
740	1	718.856	16694.6	16683.6	11.0111	449	89	177	3	0.0001 Colloc0 449 2339 0.0991893 144.325
750	1	728.461	16636.8	16625.9	10.9422	437	89	177	3	0.0001 Colloc0 437 2353 0.024764 140.259
760	1	737.999	16703.4	16692.1	11.2965	456	95	171	3	0.0001 Colloc0 456 2357 0.0125649 161.643
770	1	747.47	16750.6	16739.4	11.2134	466	84	182	2	0.0001 Colloc0 466 2323 0.0766795 156.52
780	1	757.306	16643.6	16632.7	10.8673	452	80	186	2	0.0001 Colloc0 452 2307 0.0650349 135.898
790	1	767.067	16502.9	16492	10.8954	431	86	180	4	0.0001 Colloc0 431 2282 0.0773892 137.527
800	1	776.862	16586	16575.6	10.3631	447	92	174	0	0.0001 Colloc0 447 2303 0.089989 108.115
810	1	786.303	16626.1	16615.8	10.305	458	92	174	1	0.0001 Colloc0 458 2308 0.178348 105.105
820	1	796.072	16621.4	16611.3	10.1038	457	92	174	1	0.0001 Colloc0 457 2302 0.192452 94.9955
830	1	805.816	16536	16524.9	11.0594	447	97	169	1	0.0001 Colloc0 447 2320 0.0408782 147.199
840	1	815.761	16607.5	16596.2	11.3886	453	88	178	0	0.0001 Colloc0 453 2305 0.0215259 167.394
850	1	825.644	16482.1	16471.6	10.4634	445	98	168	3	0.0001 Colloc0 445 2333 0.113845 113.416
860	1	835.266	16454.5	16444.4	10.0809	453	107	159	4	0.0001 Colloc0 453 2284 0.23053 93.8805
870	1	845.071	16515.1	16504.7	10.425	442	97	169	3	0.0001 Colloc0 442 2321 0.156927 111.37
880	1	854.705	16396.6	16385.8	10.8601	448	113	153	4	0.0001 Colloc0 448 2296 0.0763596 135.484
890	1	864.636	16498.3	16487.9	10.4895	435	104	162	4	0.0001 Colloc0 435 2331 0.126175 114.809
900	1	874.62	16544.2	16533.5	10.7959	471	96	170	4	0.0001 Colloc0 471 2315 0.148898 131.793
910	1	884.338	16497.5	16486.6	10.9077	447	89	177	3	0.0001 Colloc0 447 2322 0.0991253 138.241
920	1	894.222	16439.7	16429.9	9.7631	448	98	168	2	0.0001 Colloc0 448 2319 0.244129 79.0805
930	1	904.158	16407.2	16397.4	9.84909	437	93	173	1	0.0001 Colloc0 437 2288 0.223128 82.9502
940	1	914.071	16398.5	16388.6	9.88045	444	107	159	0	0.0001 Colloc0 444 2310 0.255505 84.3864
950	1	923.894	16500.5	16490.5	9.95504	447	90	176	2	0.0001 Colloc0 447 2301 0.205568 87.8562
960	1	933.735	16483.5	16473.5	9.95356	444	90	176	2	0.0001 Colloc0 444 2315 0.187192 87.7865
970	1	943.303	16437.3	16426.9	10.3753	439	95	171	2	0.0001 Colloc0 439 2255 0.143411 108.754
980	1	952.916	16434.6	16424.3	10.2826	444	93	173	1	0.0001 Colloc0 444 2291 0.140796 103.955
990	1	962.179	16326.6	16316.6	10.0439	429	112	154	1	0.0001 Colloc0 429 2301 0.183395 92.0868
1000	1	972.001	16315.7	16305.4	10.3466	436	108	158	2	0.0001 Colloc0 436 2289 0.168364 107.257
1010	1	981.903	16425.7	16415.4	10.3571	448	105	161	1	0.0001 Colloc0 448 2309 0.148918 107.804
1020	1	991.726	16536.5	16525.7	10.8098	454	96	170	2	0.0001 Colloc0 454 2333 0.120198 132.588
1030	1	1001.67	16492.2	16482	10.2179	451	94	172	3	0.0001 Colloc0 451 2299 0.196726 100.666
1040	1	1011.52	16475.2	16464.6	10.6783	454	88	178	1	0.0001 Colloc0 454 2265 0.157274 125.155
1050	1	1021.14	16461.3	16450.5	10.7792	448	106	160	2	0.0001 Colloc0 448 2298 0.0938012 130.841
1060	1	1030.71	16391.2	16380.6	10.6277	442	82	184	0	0.0001 Colloc0 442 2275 0.146894 122.343
1070	1	1040.06	16433.7	16422.2	11.4823	435	96	170	2	0.0001 Colloc0 435 2288 0.0181473 173.316
1080	1	1049.96	16454.1	16443.1	10.9724	428	94	172	1	0.0001 Colloc0 428 2293 0.0337592 142.035
1090	1	1059.52	16427.3	16416.7	10.646	444	91	175	4	0.0001 Colloc0 444 2298 0.159689 123.356
1100	1	1068.99	16460.3	16449.2	11.1301	432	84	182	1	0.0001 Colloc0 432 2273 0.0322107 151.449
1110	1	1078.94	16576.8	16565.7	11.0958	464	86	180	2	0.0001 Colloc0 464 2285 0.111504 149.382
1120	1	1088.52	16520.6	16510	10.5749	454	88	178	2	0.0001 Colloc0 454 2268 0.167009 119.44
1130	1	1098.27	16461.9	16451	10.8636	455	84	182	2	0.0001 Colloc0 455 2284 0.0686731 135.684
1140	1	1108.15	16507	16496.6	10.4439	441	86	180	4	0.0001 Colloc0 441 2315 0.168422 112.376
1150	1	1117.48	16436.3	16425.7	10.5728	441	104	162	1	0.0001 Colloc0 441 2317 0.18664 119.324
1160	1	1127.35	16555.2	16543.9	11.317	460	80	186	1	0.0001 Colloc0 460 2288 0.056076 162.915
1170	1	1137.27	16440.3	16430	10.2959	445	92	174	5	0.0001 Colloc0 445 2299 0.191603 104.637
1180	1	1147.1	16521.1	16510.7	10.389	442	88	178	3	0.0001 Colloc0 442 2326 0.155017 109.474
1190	1	1156.55	16403.7	16393.3	10.3864	435	90	176	0	0.0001 Colloc0 435 2302 0.180401 109.336
1200	1	1165.88	16425.7	16415.2	10.4959	433	92	174	2	0.0001 Colloc0 433 2315 0.0988981 115.154
1210	1	1175.49	16434.2	16423.4	10.8243	447	84	182	1	0.0001 Colloc0 447 2321 0.132062 133.423
1220	1	1185.13	16423.3	16412.2	11.1206	437	97	169	3	0.0001 Colloc0 437 2343 0.0472509 150.875
1230	1	1194.99	16315.3	16304.3	10.9474	430	106	160	4	0.0001 Colloc0 430 2314 0.0938199 140.566
1240	1	1204.72	16362.9	16352.4	10.4612	441	103	163	1	0.0001 Colloc0 441 2322 0.167672 113.297
1250	1	1213.93	16571.9	16561.7	10.2222	445	90	176	1	0.0001 Colloc0 445 2340 0.199917 100.882
1260	1	1223.33	16538	16527.2	10.8517	455	93	173	4	0.0001 Colloc0 455 2310 0.0375234 134.995
1270	1	1232.63	16575.9	16565.1	10.7658	441	79	187	1	0.0001 Colloc0 441 2335 0.0827589 130.078
1280	1	1242.38	16633.1	16622.3	10.7511	443	77	189	3	0.0001 Colloc0 443 2358 0.0826212 129.249
1290	1	1251.82	16540.7	16530.1	10.6388	439	88	178	4	0.0001 Colloc0 439 2311 0.0791085 122.958
1300	1	1261.26	16456.9	16446.3	10.6083	431	94	172	5	0.0001 Colloc0 431 2305 0.0930526 121.271
1310	1	1270.82	16414.5	16404.2	10.2996	442	99	167	1	0.0001 Colloc0 442 2311 0.213131 104.827
1320	1	1280.37	16450.1	16439.6	10.4797	442	95	171	2	0.0001 Colloc0 442 2328 0.143936 114.283
1330	1	1289.85	16449.9	16439.2	10.6683	448	99	167	3	0.0001 Colloc0 448 2323 0.13047 124.594
1340	1	1299.56	16480.6	16469.8	10.8214	427	88	178	1	0.0001 Colloc0 427 2349 0.0616663 133.256
1350	1	1309.11	16473.5	16463	10.5387	450	103	163	3	0.0001 Colloc0 450 2284 0.146534 117.466
1360	1	1318.63	16300.2	16290.2	9.96724	433	101	165	0	0.0001 Colloc0 433 2296 0.15327 88.4309
1370	1	1328.41	16468.1	16457.7	10.3251	458	98	168	2	0.0001 Colloc0 458 2310 0.146802 106.145
1380	1	1337.83	16460.2	16449.4	10.8098	440	94	172	0	0.0001 Colloc0 440 2318 0.0540004 132.59
1390	1	1347.03	16453.2	16442.9	10.3424	450	87	179	3	0.0001 Colloc0 450 2310 0.149363 107.041
1400	1	1356.38	16391.9	16381.2	10.7369	436	101	165	0	0.0001 Colloc0 436 2323 0.11244 128.444
1410	1	1366.05	16439.5	16428.3	11.1655	439	91	175	1	0.0001 Colloc0 439 2308 0.0121913 153.597
1420	1	1375.88	16447.8	16437.5	10.3311	440	96	170	3	0.0001 Colloc0 440 2323 0.157477 106.455
1430	1	1385.6	16537.1	16526.2	10.9006	434	89	177	2	0.0001 Colloc0 434 2320 0.0457065 137.83
1440	1	1395.44	16464.9	16455	9.87235	446	85	181	2	0.0001 Colloc0 446 2331 0.2612 84.0143
1450	1	1405.2	16494	16483	10.9437	446	92	174	1	0.0001 Colloc0 446 2315 0.0441833 140.348
1460	1	1414.47	16541.3	16530.5	10.8067	445	84	182	3	0.0001 Colloc0 445 2273 0.0678173 132.414
1470	1	1424.13	16451.5	16441	10.559	451	95	171	3	0.0001 Colloc0 451 2298 0.15661 118.571
1480	1	1433.9	16448.7	16437.6	11.0705	439	98	168	0	0.0001 Colloc0 439 2299 0.0729807 147.863
1490	1	1443.19	16351.7	16342.1	9.68263	426	108	158	1	0.0001 Colloc0 426 2294 0.221922 75.5521
1500	1	1453.05	16461.3	16451.1	10.2007	458	98	168	1	0.0001 Colloc0 458 2319 0.199968 99.8017
1510	1	1462.88	16373.6	16363.8	9.82289	430	101	165	1	0.0001 Colloc0 430 2306 0.201769 81.7603
1520	1	1472.46	16441.2	16430.8	10.4764	452	108	158	0	0.0001 Colloc0 452 2325 0.175137 114.108
1530	1	1482.34	16335.5	16324.4	11.1118	426	101	165	1	0.0001 Colloc0 426 2299 0.0555321 150.346
1540	1	1492.25	16357.5	16347.1	10.4208	445	109	157	0	0.0001 Colloc0 445 2286 0.139569 111.147
1550	1	1501.79	16465.1	16454.3	10.7788	438	98	168	5	0.0001 Colloc0 438 2314 0.0630157 130.821
1560	1	1511.57	16392.8	16382.4	10.4372	443	109	157	2	0.0001 Colloc0 443 2321 0.17549 112.018
1570	1	1521.35	16397.9	16387.1	10.7239	440	102	164	2	0.0001 Colloc0 440 2319 0.090407 127.71
1580	1	1531.12	16363.5	16352.7	10.8747	430	108	158	1	0.0001 Colloc0 430 2312 0.0399702 136.324
1590	1	1540.75	16363	16353.2	9.75784	432	106	160	2	0.0001 Colloc0 432 2309 0.216704 78.8472
1600	1	1550.49	16379.2	16368.3	10.8703	442	109	157	0	0.0001 Colloc0 442 2325 0.0851636 136.074
1610	1	1559.75	16381.5	16370.9	10.5688	445	105	161	0	0.0001 Colloc0 445 2294 0.14994 119.104
1620	1	1569.29	16408.4	16397.6	10.8586	453	108	158	4	0.0001 Colloc0 453 2291 0.0662467 135.397
1630	1	1579.2	16509.8	16499.4	10.402	447	98	168	1	0.0001 Colloc0 447 2293 0.196358 110.156
1640	1	1589.12	16475.5	16465.3	10.2541	450	83	183	3	0.0001 Colloc0 450 2281 0.150344 102.499
1650	1	1598.76	16447.3	16437	10.2663	434	89	177	2	0.0001 Colloc0 434 2288 0.136839 103.122
1660	1	1608.69	16478.9	16468.9	10.071	443	81	185	3	0.0001 Colloc0 443 2281 0.210349 93.3989
1670	1	1618.74	16380.6	16370.3	10.309	442	106	160	3	0.0001 Colloc0 442 2276 0.163355 105.31
1680	1	1628.76	16333.3	16323.3	10.0305	442	94	172	2	0.0001 Colloc0 442 2288 0.201452 91.441
1690	1	1638.55	16298.2	16287.7	10.5307	430	103	163	2	0.0001 Colloc0 430 2268 0.143677 117.032
1700	1	1648.22	16456.8	16446.1	10.7392	446	88	178	1	0.0001 Colloc0 446 2283 0.117464 128.571
1710	1	1657.73	16318.2	16307.8	10.4337	432	97	169	2	0.0001 Colloc0 432 2295 0.142099 111.832
1720	1	1667.55	16344.9	16334.9	9.98723	422	106	160	1	0.0001 Colloc0 422 2289 0.208368 89.3767
1730	1	1677.52	16335.6	16325.2	10.3576	438	93	173	2	0.0001 Colloc0 438 2296 0.160651 107.832
1740	1	1687.13	16392.7	16382.4	10.2988	439	92	174	4	0.0001 Colloc0 439 2274 0.157531 104.787
1750	1	1696.68	16504	16493.8	10.1346	436	88	178	1	0.0001 Colloc0 436 2261 0.20873 96.511
1760	1	1706.6	16370.4	16359.7	10.655	420	104	162	3	0.0001 Colloc0 420 2271 0.0852433 123.855
1770	1	1716.25	16378.1	16367.9	10.2029	452	92	174	0	0.0001 Colloc0 452 2288 0.214195 99.9132
1780	1	1725.74	16334.3	16323.9	10.3879	434	113	153	0	0.0001 Colloc0 434 2284 0.133177 109.415
1790	1	1735.61	16396.8	16386.4	10.4506	433	107	159	1	0.0001 Colloc0 433 2303 0.139687 112.731
1800	1	1745.1	16257.2	16246.4	10.7678	427	119	147	1	0.0001 Colloc0 427 2297 0.0477048 130.196
1810	1	1754.49	16372.7	16362	10.7708	444	98	168	3	0.0001 Colloc0 444 2302 0.101027 130.363
1820	1	1764.06	16345.7	16335.4	10.2321	445	106	160	2	0.0001 Colloc0 445 2294 0.19137 101.384
1830	1	1773.36	16476.2	16465.5	10.7487	434	89	177	2	0.0001 Colloc0 434 2308 0.057654 129.111
1840	1	1783.06	16444.7	16434.3	10.4108	429	93	173	5	0.0001 Colloc0 429 2271 0.169674 110.621
1850	1	1792.61	16500.7	16490	10.7339	438	90	176	1	0.0001 Colloc0 438 2277 0.0486844 128.277
1860	1	1802.32	16617	16606.1	10.9232	433	73	193	4	0.0001 Colloc0 433 2303 0.115323 139.15
1870	1	1812.16	16461.5	16450.8	10.6324	435	106	160	1	0.0001 Colloc0 435 2331 0.0953657 122.602
1880	1	1821.68	16292.9	16282.5	10.4292	438	113	153	1	0.0001 Colloc0 438 2302 0.0970433 111.596
1890	1	1831.58	16385	16374.8	10.2342	428	96	170	1	0.0001 Colloc0 428 2277 0.161401 101.493
1900	1	1841.32	16317.8	16307.6	10.2754	425	104	162	2	0.0001 Colloc0 425 2282 0.150607 103.585
1910	1	1851.01	16425.2	16414.9	10.2694	448	88	178	1	0.0001 Colloc0 448 2274 0.208599 103.28
1920	1	1860.88	16521.4	16510.9	10.5392	458	93	173	1	0.0001 Colloc0 458 2306 0.117052 117.494
1930	1	1870.5	16410.8	16400.8	10.042	451	98	168	0	0.0001 Colloc0 451 2278 0.219041 91.9954
1940	1	1880.25	16403.5	16393.5	10.0011	448	91	175	3	0.0001 Colloc0 448 2278 0.202028 90.0367
1950	1	1890.12	16452.6	16441.9	10.715	456	94	172	1	0.0001 Colloc0 456 2298 0.131908 127.207
1960	1	1899.55	16307.1	16296.8	10.2681	422	110	156	3	0.0001 Colloc0 422 2305 0.1481 103.215
1970	1	1908.92	16391	16380.5	10.4922	443	93	173	1	0.0001 Colloc0 443 2295 0.192312 114.955
1980	1	1918.68	16455.3	16444.7	10.5168	448	95	171	1	0.0001 Colloc0 448 2307 0.17941 116.283
1990	1	1928.54	16447.6	16436.8	10.8709	448	103	163	1	0.0001 Colloc0 448 2298 0.10866 136.109
2000	1	1938.36	16401.3	16391.1	10.1877	433	87	179	0	0.0001 Colloc0 433 2282 0.183672 99.1499
