# D = 0, E = 1, I = 1, P = 1, R = -1, n = 2000, N = 1, P = 1, w = 1, a = 0.0001, b = 10000, e = 1, f = 1, g = 100, h = 0.01, r = 23261, s = 1, S = 0, x = 10, m = 100, Z = 1, z = 0, T = 1, t = 1
# 90585 tokens in 8248 sentences
#
# It	Temp	Time	-logP	-logPcorpus	-logPrior	tables	same	changed	reject	default_pya	(parent pym pyn pya pyb)*
0	1	9.98648	351059	350945	113.764	11084	0	8248	0	0.0001 Colloc0 11084 44521 0.0001 10000
10	1	143.766	270191	270177	14.0215	2358	2136	6112	9	0.0001 Colloc0 2358 37132 0.136411 355.983
20	1	232.584	257705	257691	14.1162	1710	2541	5707	4	0.0001 Colloc0 1710 36192 0.000790345 363.41
30	1	317.625	252159	252146	13.0868	1529	2830	5418	4	0.0001 Colloc0 1529 35971 0.0234591 284.652
40	1	400.815	249121	249108	13.1635	1470	3051	5197	7	0.0001 Colloc0 1470 35800 0.00671924 290.358
50	1	488.326	245144	245132	12.5818	1478	3290	4958	8	0.0001 Colloc0 1478 35452 0.0691924 247.857
60	1	576.649	243189	243177	12.0708	1425	3406	4842	3	0.0001 Colloc0 1425 35324 0.0920992 212.155
70	1	655.951	240919	240907	12.3957	1434	3753	4495	2	0.0001 Colloc0 1434 35257 0.0936422 234.659
80	1	727.124	239313	239301	12.0962	1425	3967	4281	5	0.0001 Colloc0 1425 35042 0.10433 213.891
90	1	797.981	237634	237621	12.8317	1408	4039	4209	2	0.0001 Colloc0 1408 34884 0.0518144 265.889
100	1	868.331	235748	235736	11.9684	1406	4263	3985	2	0.0001 Colloc0 1406 34718 0.121549 205.206
110	1	939.089	234850	234838	12.1276	1411	4332	3916	2	0.0001 Colloc0 1411 34563 0.109989 216.037
120	1	1007.44	234062	234051	11.7082	1385	4429	3819	3	0.0001 Colloc0 1385 34543 0.118017 187.908
130	1	1073.78	233448	233435	12.1661	1411	4434	3814	4	0.0001 Colloc0 1411 34418 0.109129 218.681
140	1	1141.34	232424	232412	11.8752	1378	4513	3735	3	0.0001 Colloc0 1378 34393 0.106226 198.954
150	1	1210.53	231266	231254	11.56	1419	4551	3697	3	0.0001 Colloc0 1419 34153 0.153857 178.289
160	1	1280.95	231095	231084	11.3671	1404	4642	3606	4	0.0001 Colloc0 1404 34163 0.158095 166.043
170	1	1351.59	230172	230160	12.0612	1394	4853	3395	6	0.0001 Colloc0 1394 34068 0.106384 211.496
180	1	1421.96	230093	230081	11.8777	1396	4726	3522	4	0.0001 Colloc0 1396 34015 0.125092 199.12
190	1	1491.5	230128	230117	11.9412	1433	4683	3565	4	0.0001 Colloc0 1433 33863 0.110648 203.377
200	1	1561.28	230156	230145	11.5729	1437	4628	3620	3	0.0001 Colloc0 1437 33809 0.144714 179.122
210	1	1630.33	229817	229806	11.5108	1430	4598	3650	1	0.0001 Colloc0 1430 33726 0.155757 175.139
220	1	1699.61	229275	229263	11.7688	1453	4681	3567	3	0.0001 Colloc0 1453 33684 0.132167 191.893
230	1	1767.38	228800	228788	11.6389	1424	4729	3519	2	0.0001 Colloc0 1424 33633 0.143583 183.389
240	1	1833.8	228624	228613	11.4056	1422	4702	3546	2	0.0001 Colloc0 1422 33582 0.149437 168.465
250	1	1897.53	229190	229178	11.7837	1445	4646	3602	3	0.0001 Colloc0 1445 33535 0.135653 192.874
260	1	1961.64	227827	227815	11.7555	1417	4971	3277	2	0.0001 Colloc0 1417 33539 0.119607 191.014
270	1	2025.38	227564	227552	11.9205	1425	5038	3210	3	0.0001 Colloc0 1425 33534 0.116303 201.984
280	1	2088.97	228131	228120	11.7318	1429	4917	3331	1	0.0001 Colloc0 1429 33467 0.115893 189.452
290	1	2152.44	227824	227812	11.4779	1421	4929	3319	2	0.0001 Colloc0 1421 33447 0.145151 173.041
300	1	2216.26	227791	227779	11.3144	1461	4986	3262	6	0.0001 Colloc0 1461 33396 0.179963 162.758
310	1	2278.92	228029	228017	11.9577	1440	4918	3330	2	0.0001 Colloc0 1440 33433 0.13104 204.487
320	1	2341.47	227936	227924	12.0254	1438	4927	3321	4	0.0001 Colloc0 1438 33421 0.113727 209.067
330	1	2403.81	228326	228315	11.3079	1454	4889	3359	2	0.0001 Colloc0 1454 33420 0.176442 162.35
340	1	2466.71	227460	227448	11.8791	1472	4835	3413	5	0.0001 Colloc0 1472 33273 0.13214 199.214
350	1	2529.05	226524	226512	12.065	1432	5032	3216	2	0.0001 Colloc0 1432 33271 0.101576 211.76
360	1	2591.23	226157	226145	11.9357	1440	5032	3216	4	0.0001 Colloc0 1440 33234 0.129371 203.01
370	1	2652.36	225617	225606	11.5473	1456	5030	3218	2	0.0001 Colloc0 1456 33168 0.16925 177.473
380	1	2713.35	226061	226050	11.2251	1458	4936	3312	5	0.0001 Colloc0 1458 33186 0.176332 157.237
390	1	2774.27	226432	226420	11.8162	1433	4918	3330	2	0.0001 Colloc0 1433 33229 0.121735 195.024
400	1	2834.84	226379	226367	11.8592	1447	4867	3381	2	0.0001 Colloc0 1447 33197 0.136852 197.887
410	1	2895.14	226247	226235	12.0587	1462	4905	3343	4	0.0001 Colloc0 1462 33200 0.127639 211.328
420	1	2956.34	225068	225057	11.0796	1460	5253	2995	1	0.0001 Colloc0 1460 33172 0.192744 148.412
430	1	3017.43	225077	225065	11.7387	1440	5246	3002	3	0.0001 Colloc0 1440 33148 0.143598 189.909
440	1	3078.55	225606	225594	11.8679	1434	5226	3022	1	0.0001 Colloc0 1434 33158 0.121531 198.466
450	1	3139.71	225416	225404	11.5183	1467	5098	3150	2	0.0001 Colloc0 1467 33106 0.143014 175.612
460	1	3199.69	225712	225701	11.7213	1449	5048	3200	2	0.0001 Colloc0 1449 33131 0.151539 188.768
470	1	3258.18	224449	224438	11.6101	1434	5266	2982	3	0.0001 Colloc0 1434 33085 0.155633 181.523
480	1	3319.31	224733	224721	11.9227	1437	5147	3101	4	0.0001 Colloc0 1437 33097 0.136231 202.13
490	1	3380.5	225538	225526	11.7754	1448	5064	3184	5	0.0001 Colloc0 1448 33084 0.138091 192.324
500	1	3441.56	225916	225904	11.9647	1451	5020	3228	1	0.0001 Colloc0 1451 33074 0.120723 204.962
510	1	3501.91	225651	225639	12.0811	1470	5089	3159	3	0.0001 Colloc0 1470 32998 0.123462 212.858
520	1	3562.76	225631	225619	11.8306	1450	5044	3204	2	0.0001 Colloc0 1450 33011 0.13519 195.983
530	1	3623.87	224907	224895	11.8268	1439	5133	3115	3	0.0001 Colloc0 1439 32984 0.120582 195.731
540	1	3684.99	224857	224845	11.7742	1461	5157	3091	2	0.0001 Colloc0 1461 32955 0.138149 192.246
550	1	3746.06	225099	225087	12.0659	1485	5196	3052	2	0.0001 Colloc0 1485 32940 0.113776 211.818
560	1	3806.89	223564	223552	11.8972	1460	5427	2821	5	0.0001 Colloc0 1460 32747 0.131858 200.424
570	1	3867.54	223404	223392	12.1706	1471	5454	2794	2	0.0001 Colloc0 1471 32728 0.124142 218.989
580	1	3927.56	224042	224031	11.8577	1478	5296	2952	2	0.0001 Colloc0 1478 32708 0.128786 197.789
590	1	3986.48	223018	223006	12.4249	1441	5364	2884	2	0.0001 Colloc0 1441 32662 0.107625 236.72
600	1	4045.98	222894	222883	11.2321	1485	5477	2771	8	0.0001 Colloc0 1485 32615 0.182528 157.669
610	1	4105.28	222051	222039	11.7614	1470	5732	2516	6	0.0001 Colloc0 1470 32606 0.131673 191.4
620	1	4164.14	221841	221830	11.6864	1468	5893	2355	3	0.0001 Colloc0 1468 32628 0.147105 186.483
630	1	4222.68	221698	221687	11.6773	1471	5951	2297	3	0.0001 Colloc0 1471 32597 0.165256 185.89
640	1	4281.67	221803	221791	11.4494	1476	5861	2387	2	0.0001 Colloc0 1476 32644 0.170436 171.229
650	1	4342.09	222180	222169	11.4447	1474	5734	2514	2	0.0001 Colloc0 1474 32654 0.17119 170.934
660	1	4402.01	222441	222429	11.9094	1439	5685	2563	1	0.0001 Colloc0 1439 32694 0.113205 201.241
670	1	4463	222453	222441	11.9439	1446	5611	2637	4	0.0001 Colloc0 1446 32687 0.118923 203.561
680	1	4522.22	220282	220270	12.25	1467	5911	2337	2	0.0001 Colloc0 1467 32128 0.126277 224.484
690	1	4579.4	219541	219529	11.6621	1468	6078	2170	1	0.0001 Colloc0 1468 32079 0.153463 184.898
700	1	4638.44	219138	219127	11.7287	1478	6207	2041	2	0.0001 Colloc0 1478 32062 0.161275 189.252
710	1	4698.6	219660	219649	11.6593	1485	6154	2094	1	0.0001 Colloc0 1485 32097 0.170752 184.716
720	1	4757.42	219200	219189	11.2096	1475	6163	2085	3	0.0001 Colloc0 1475 32110 0.182015 156.286
730	1	4816.66	218903	218892	11.297	1452	6264	1984	2	0.0001 Colloc0 1452 32053 0.162412 161.676
740	1	4877.38	218960	218949	11.5702	1493	6307	1941	2	0.0001 Colloc0 1493 31966 0.170978 178.948
750	1	4937.38	218312	218300	11.9975	1469	6377	1871	2	0.0001 Colloc0 1469 31946 0.126116 207.172
760	1	4995.6	218080	218068	11.3164	1455	6388	1860	1	0.0001 Colloc0 1455 31979 0.160489 162.877
770	1	5055.44	218523	218511	12.0499	1461	6351	1897	4	0.0001 Colloc0 1461 31980 0.12413 210.732
780	1	5115.06	218420	218408	11.823	1479	6332	1916	2	0.0001 Colloc0 1479 31901 0.149675 195.477
790	1	5173.91	218608	218596	12.5699	1468	6300	1948	4	0.0001 Colloc0 1468 31905 0.0936336 247.002
800	1	5232.14	218400	218388	11.927	1472	6273	1975	0	0.0001 Colloc0 1472 31894 0.134322 202.419
810	1	5291.19	218965	218954	11.6799	1499	6022	2226	0	0.0001 Colloc0 1499 31921 0.159769 186.054
820	1	5351.35	219221	219209	11.7602	1501	6051	2197	2	0.0001 Colloc0 1501 31951 0.146103 191.322
830	1	5410.4	218490	218478	12.2199	1466	6123	2125	1	0.0001 Colloc0 1466 31823 0.111311 222.398
840	1	5470.85	218544	218532	11.9071	1483	6140	2108	4	0.0001 Colloc0 1483 31813 0.123629 201.086
850	1	5529.57	218296	218284	11.9079	1489	6137	2111	1	0.0001 Colloc0 1489 31812 0.129109 201.14
860	1	5588.94	217921	217909	11.9111	1458	6290	1958	1	0.0001 Colloc0 1458 31806 0.125075 201.352
870	1	5647.93	218134	218123	11.6127	1489	6321	1927	2	0.0001 Colloc0 1489 31827 0.158991 181.689
880	1	5707.52	217567	217555	11.8019	1457	6369	1879	2	0.0001 Colloc0 1457 31797 0.139296 194.081
890	1	5765.11	217737	217726	11.7802	1460	6379	1869	0	0.0001 Colloc0 1460 31826 0.135011 192.641
900	1	5820.52	218024	218012	11.8375	1473	6263	1985	0	0.0001 Colloc0 1473 31849 0.132453 196.44
910	1	5879.28	218191	218180	11.6532	1483	6196	2052	2	0.0001 Colloc0 1483 31798 0.136251 184.317
920	1	5938.24	218394	218382	11.9012	1475	6172	2076	0	0.0001 Colloc0 1475 31802 0.151457 200.693
930	1	5994.55	218543	218531	11.7321	1485	6215	2033	1	0.0001 Colloc0 1485 31802 0.15811 189.473
940	1	6048.34	218125	218113	12.0083	1492	6278	1970	4	0.0001 Colloc0 1492 31779 0.122435 207.904
950	1	6105.05	218113	218101	11.7504	1482	6216	2032	1	0.0001 Colloc0 1482 31795 0.151241 190.677
960	1	6161.79	217892	217881	11.8857	1477	6317	1931	3	0.0001 Colloc0 1477 31694 0.143252 199.652
970	1	6220.09	218024	218012	11.8482	1487	6320	1928	1	0.0001 Colloc0 1487 31689 0.16292 197.155
980	1	6277.84	217809	217797	12.197	1472	6338	1910	3	0.0001 Colloc0 1472 31718 0.103369 220.814
990	1	6335.37	217698	217687	11.5792	1471	6368	1880	1	0.0001 Colloc0 1471 31724 0.155934 179.526
1000	1	6389.5	217537	217525	11.6556	1476	6370	1878	0	0.0001 Colloc0 1476 31695 0.157882 184.472
1010	1	6445.17	218217	218206	11.7458	1483	6231	2017	3	0.0001 Colloc0 1483 31731 0.153652 190.375
1020	1	6500.38	217653	217641	11.5438	1481	6421	1827	3	0.0001 Colloc0 1481 31726 0.164668 177.246
1030	1	6558.73	217837	217825	12.5255	1466	6313	1935	2	0.0001 Colloc0 1466 31699 0.104352 243.842
1040	1	6616.86	217912	217901	11.5066	1468	6336	1912	3	0.0001 Colloc0 1468 31731 0.173855 174.87
1050	1	6672.26	218075	218064	11.6092	1500	6260	1988	0	0.0001 Colloc0 1500 31708 0.165664 181.46
1060	1	6728.3	217558	217546	11.759	1466	6417	1831	0	0.0001 Colloc0 1466 31702 0.162164 191.242
1070	1	6785.87	217343	217331	11.7323	1476	6471	1777	2	0.0001 Colloc0 1476 31729 0.160002 189.487
1080	1	6842.01	217760	217749	11.7952	1483	6360	1888	2	0.0001 Colloc0 1483 31685 0.145768 193.636
1090	1	6897.85	217870	217858	12.1273	1503	6266	1982	2	0.0001 Colloc0 1503 31646 0.121283 216.014
1100	1	6952.81	217968	217956	11.5224	1464	6227	2021	0	0.0001 Colloc0 1464 31705 0.15872 175.879
1110	1	7007.88	217859	217847	11.8455	1472	6280	1968	4	0.0001 Colloc0 1472 31695 0.14551 196.972
1120	1	7062.23	217407	217395	11.483	1467	6377	1871	3	0.0001 Colloc0 1467 31684 0.156696 173.362
1130	1	7116.41	218000	217988	12.0297	1487	6217	2031	1	0.0001 Colloc0 1487 31715 0.119186 209.355
1140	1	7172.11	218340	218329	11.7517	1514	6142	2106	1	0.0001 Colloc0 1514 31639 0.170571 190.766
1150	1	7226.16	217717	217705	11.9624	1468	6142	2106	0	0.0001 Colloc0 1468 31637 0.13002 204.803
1160	1	7282.35	217425	217413	11.6502	1481	6286	1962	3	0.0001 Colloc0 1481 31624 0.160544 184.121
1170	1	7337.17	216925	216913	11.6551	1451	6446	1802	3	0.0001 Colloc0 1451 31568 0.162416 184.444
1180	1	7392.65	216915	216903	12.2789	1476	6453	1795	1	0.0001 Colloc0 1476 31560 0.122325 226.492
1190	1	7447.77	217315	217303	11.8798	1498	6285	1963	1	0.0001 Colloc0 1498 31532 0.160044 199.259
1200	1	7501.86	217676	217664	11.7155	1489	6194	2054	2	0.0001 Colloc0 1489 31587 0.163304 188.383
1210	1	7558.53	217738	217726	11.4726	1492	6176	2072	1	0.0001 Colloc0 1492 31602 0.16603 172.701
1220	1	7613.53	217361	217349	11.7381	1506	6295	1953	1	0.0001 Colloc0 1506 31546 0.161111 189.872
1230	1	7670.06	217483	217471	12.0144	1498	6319	1929	2	0.0001 Colloc0 1498 31554 0.13698 208.318
1240	1	7723.91	217382	217370	11.6797	1494	6312	1936	1	0.0001 Colloc0 1494 31524 0.153528 186.043
1250	1	7777.63	217600	217588	12.02	1494	6214	2034	2	0.0001 Colloc0 1494 31544 0.133808 208.701
1260	1	7830.62	217710	217698	11.5561	1503	6115	2133	2	0.0001 Colloc0 1503 31516 0.153742 178.041
1270	1	7882.65	217899	217887	11.8932	1516	6046	2202	3	0.0001 Colloc0 1516 31519 0.163529 200.155
1280	1	7937.33	217806	217794	11.907	1507	6114	2134	2	0.0001 Colloc0 1507 31530 0.145719 201.078
1290	1	7992.05	217232	217220	11.9125	1499	6255	1993	2	0.0001 Colloc0 1499 31504 0.153552 201.446
1300	1	8044.66	217213	217201	11.985	1474	6222	2026	1	0.0001 Colloc0 1474 31512 0.132927 206.33
1310	1	8097.14	217502	217490	11.8359	1478	6184	2064	2	0.0001 Colloc0 1478 31514 0.139719 196.334
1320	1	8149.18	217358	217346	11.7966	1501	6207	2041	1	0.0001 Colloc0 1501 31486 0.16053 193.725
1330	1	8199.55	216820	216808	12.0892	1469	6302	1946	0	0.0001 Colloc0 1469 31431 0.117761 213.408
1340	1	8251.44	217152	217140	12.096	1489	6222	2026	4	0.0001 Colloc0 1489 31421 0.124498 213.877
1350	1	8304.89	216946	216933	12.1303	1489	6176	2072	2	0.0001 Colloc0 1489 31403 0.142913 216.22
1360	1	8355.63	217163	217151	12.0385	1513	6197	2051	1	0.0001 Colloc0 1513 31413 0.14288 209.957
1370	1	8407.92	216787	216775	11.9197	1473	6256	1992	2	0.0001 Colloc0 1473 31384 0.126575 201.928
1380	1	8460.48	217031	217019	11.8285	1501	6243	2005	2	0.0001 Colloc0 1501 31366 0.141863 195.843
1390	1	8509.62	217315	217302	12.7711	1501	6191	2057	2	0.0001 Colloc0 1501 31393 0.0741984 261.483
1400	1	8563	216413	216401	12.0465	1454	6376	1872	4	0.0001 Colloc0 1454 31347 0.119819 210.497
1410	1	8615	216556	216545	11.8081	1481	6427	1821	1	0.0001 Colloc0 1481 31388 0.15119 194.49
1420	1	8665.5	216753	216741	12.22	1506	6354	1894	0	0.0001 Colloc0 1506 31369 0.130946 222.405
1430	1	8717.44	216106	216094	12.1409	1484	6554	1694	2	0.0001 Colloc0 1484 31333 0.135121 216.95
1440	1	8768.66	216429	216417	11.7867	1471	6423	1825	2	0.0001 Colloc0 1471 31398 0.140629 193.073
1450	1	8819.13	217072	217060	11.9936	1483	6243	2005	5	0.0001 Colloc0 1483 31368 0.14626 206.912
1460	1	8869.57	216982	216970	11.721	1492	6278	1970	2	0.0001 Colloc0 1492 31361 0.145166 188.75
1470	1	8920.48	217355	217343	11.9475	1525	6111	2137	1	0.0001 Colloc0 1525 31355 0.132341 203.799
1480	1	8970.6	217018	217006	12.2554	1505	6208	2040	0	0.0001 Colloc0 1505 31345 0.12956 224.854
1490	1	9021.32	216835	216823	11.8167	1521	6242	2006	1	0.0001 Colloc0 1521 31255 0.162393 195.058
1500	1	9073.38	217011	216998	12.1783	1509	6215	2033	2	0.0001 Colloc0 1509 31285 0.117252 219.524
1510	1	9125.09	217094	217083	11.663	1522	6284	1964	2	0.0001 Colloc0 1522 31267 0.152241 184.953
1520	1	9176.39	217283	217271	12.144	1546	6223	2025	2	0.0001 Colloc0 1546 31287 0.13309 217.164
1530	1	9228.57	216765	216753	11.459	1516	6321	1927	1	0.0001 Colloc0 1516 31312 0.178138 171.841
1540	1	9279.73	216620	216608	11.9945	1494	6393	1855	2	0.0001 Colloc0 1494 31304 0.133693 206.974
1550	1	9330.24	216954	216942	11.9146	1489	6305	1943	0	0.0001 Colloc0 1489 31329 0.132801 201.591
1560	1	9379.6	216849	216837	12.2438	1481	6285	1963	1	0.0001 Colloc0 1481 31325 0.125652 224.052
1570	1	9430	216964	216952	12.3225	1507	6306	1942	1	0.0001 Colloc0 1507 31291 0.123636 229.533
1580	1	9482.31	216442	216431	11.7866	1475	6374	1874	3	0.0001 Colloc0 1475 31298 0.155656 193.065
1590	1	9532.6	216345	216333	12.0917	1479	6305	1943	2	0.0001 Colloc0 1479 31295 0.111078 213.58
1600	1	9583.29	216723	216711	11.6983	1489	6286	1962	3	0.0001 Colloc0 1489 31277 0.143942 187.258
1610	1	9632.93	216766	216753	12.2931	1479	6316	1932	4	0.0001 Colloc0 1479 31348 0.11849 227.478
1620	1	9685.55	216576	216564	12.1082	1507	6388	1860	0	0.0001 Colloc0 1507 31283 0.139718 214.708
1630	1	9736.92	216362	216350	12.066	1494	6438	1810	4	0.0001 Colloc0 1494 31312 0.127984 211.826
1640	1	9788.41	215382	215370	11.9447	1479	6749	1499	1	0.0001 Colloc0 1479 31255 0.140075 203.61
1650	1	9839.27	216236	216225	11.3712	1489	6521	1727	1	0.0001 Colloc0 1489 31286 0.165297 166.302
1660	1	9888.87	216072	216061	11.7133	1516	6516	1732	3	0.0001 Colloc0 1516 31246 0.153746 188.244
1670	1	9940.82	216224	216212	12.1026	1514	6408	1840	0	0.0001 Colloc0 1514 31249 0.138723 214.325
1680	1	9992.19	216465	216453	12.2211	1497	6360	1888	0	0.0001 Colloc0 1497 31320 0.122279 222.477
1690	1	10042.7	216221	216209	12.5083	1499	6504	1744	1	0.0001 Colloc0 1499 31260 0.100944 242.621
1700	1	10093.6	216143	216131	12.2473	1484	6431	1817	1	0.0001 Colloc0 1484 31256 0.114536 224.294
1710	1	10146	216734	216722	11.7496	1524	6289	1959	2	0.0001 Colloc0 1524 31289 0.167356 190.628
1720	1	10194.5	216817	216805	12.021	1473	6194	2054	1	0.0001 Colloc0 1473 31249 0.114343 208.763
1730	1	10246.7	216808	216796	11.7975	1520	6171	2077	2	0.0001 Colloc0 1520 31200 0.159465 193.785
1740	1	10297	216629	216617	11.7326	1498	6232	2016	2	0.0001 Colloc0 1498 31257 0.138931 189.507
1750	1	10347.5	216849	216837	11.8269	1516	6240	2008	0	0.0001 Colloc0 1516 31221 0.137863 195.734
1760	1	10399.8	216938	216926	11.8737	1488	6126	2122	1	0.0001 Colloc0 1488 31264 0.139794 198.854
1770	1	10451	216487	216475	11.7184	1509	6287	1961	3	0.0001 Colloc0 1509 31203 0.157001 188.575
1780	1	10503.1	216908	216896	11.8232	1517	6291	1957	1	0.0001 Colloc0 1517 31226 0.144312 195.491
1790	1	10554	216228	216216	11.8876	1509	6324	1924	5	0.0001 Colloc0 1509 31170 0.135103 199.78
1800	1	10604.8	216073	216060	12.275	1502	6424	1824	1	0.0001 Colloc0 1502 31130 0.121344 226.215
1810	1	10655.6	216335	216323	11.8017	1498	6249	1999	2	0.0001 Colloc0 1498 31153 0.153334 194.068
1820	1	10706.7	216640	216628	11.9829	1530	6183	2065	2	0.0001 Colloc0 1530 31148 0.159426 206.186
1830	1	10756.8	216696	216684	12.1111	1517	6176	2072	2	0.0001 Colloc0 1517 31159 0.120865 214.91
1840	1	10807.3	216432	216420	11.7621	1508	6150	2098	3	0.0001 Colloc0 1508 31161 0.15421 191.45
1850	1	10858	216335	216322	12.5065	1494	6222	2026	0	0.0001 Colloc0 1494 31139 0.0954099 242.488
1860	1	10911.3	216395	216383	12.0431	1536	6181	2067	2	0.0001 Colloc0 1536 31125 0.136089 210.267
1870	1	10964	216242	216230	11.7613	1504	6196	2052	2	0.0001 Colloc0 1504 31167 0.138595 191.396
1880	1	11016.4	216457	216445	11.7609	1504	6194	2054	1	0.0001 Colloc0 1504 31158 0.14385 191.373
1890	1	11067.9	215755	215743	12.0634	1497	6386	1862	3	0.0001 Colloc0 1497 31117 0.129972 211.65
1900	1	11120.5	215342	215330	12.1629	1484	6517	1731	2	0.0001 Colloc0 1484 31146 0.125531 218.461
1910	1	11171.8	215592	215580	11.9135	1529	6456	1792	2	0.0001 Colloc0 1529 31117 0.141237 201.514
1920	1	11223.9	215736	215725	11.4776	1526	6399	1849	2	0.0001 Colloc0 1526 31101 0.168271 173.017
1930	1	11276.4	215395	215382	12.2112	1495	6435	1813	3	0.0001 Colloc0 1495 31124 0.11555 221.796
1940	1	11327.6	215143	215131	11.8548	1479	6526	1722	1	0.0001 Colloc0 1479 31124 0.149275 197.595
1950	1	11379.8	215739	215727	12.2875	1533	6312	1936	5	0.0001 Colloc0 1533 31097 0.127183 227.089
1960	1	11432.8	216240	216228	12.2739	1504	6226	2022	2	0.0001 Colloc0 1504 31052 0.134328 226.141
1970	1	11484.7	216355	216343	12.0956	1530	6146	2102	1	0.0001 Colloc0 1530 31059 0.128305 213.846
1980	1	11534	216455	216443	11.8923	1512	6069	2179	2	0.0001 Colloc0 1512 31062 0.149773 200.098
1990	1	11583.8	215903	215891	12.3316	1527	6158	2090	2	0.0001 Colloc0 1527 31073 0.134193 230.163
2000	1	11633.1	215826	215814	11.9087	1504	6355	1893	1	0.0001 Colloc0 1504 31089 0.142751 201.197
