# D = 0, E = 1, I = 1, P = 1, R = -1, n = 2000, N = 1, P = 1, w = 1, a = 0.0001, b = 10000, e = 1, f = 1, g = 100, h = 0.01, r = 2049, s = 1, S = 0, x = 10, m = 100, Z = 1, z = 0, T = 1, t = 1
# 90585 tokens in 8248 sentences
#
# It	Temp	Time	-logP	-logPcorpus	-logPrior	tables	same	changed	reject	default_pya	(parent pym pyn pya pyb)*
0	1	8.40972	313996	313882	113.764	8964	0	8248	0	0.0001 Colloc0 8964 39526 0.0001 10000
10	1	127.916	259042	259029	13.9	2305	2591	5657	5	0.0001 Colloc0 2305 35295 0.148025 346.505
20	1	219.32	253029	253015	14.1623	1745	2780	5468	7	0.0001 Colloc0 1745 35071 0.0230133 367.039
30	1	306.485	249352	249339	13.4143	1605	3017	5231	5	0.0001 Colloc0 1605 35035 0.0264833 309.212
40	1	393.133	245747	245733	13.4662	1572	3272	4976	5	0.0001 Colloc0 1572 34734 0.0289229 313.15
50	1	479.864	243678	243665	13.015	1551	3404	4844	7	0.0001 Colloc0 1551 34612 0.0605854 279.337
60	1	566.359	242777	242763	13.5117	1552	3443	4805	9	0.0001 Colloc0 1552 34567 0.0190572 316.605
70	1	652.361	240233	240220	12.7665	1544	3531	4717	5	0.0001 Colloc0 1544 34356 0.0665904 261.155
80	1	722.612	238678	238665	12.6313	1510	3697	4551	12	0.0001 Colloc0 1510 34308 0.0716361 251.398
90	1	792.621	236918	236905	12.8091	1503	3784	4464	5	0.0001 Colloc0 1503 34155 0.0688994 264.242
100	1	862.63	236428	236415	12.4419	1520	3727	4521	8	0.0001 Colloc0 1520 34024 0.0897945 237.916
110	1	932.186	236410	236398	12.1331	1522	3825	4423	5	0.0001 Colloc0 1522 34048 0.127763 216.415
120	1	1001.49	235529	235517	11.9082	1496	3939	4309	5	0.0001 Colloc0 1496 34026 0.120156 201.163
130	1	1071.13	234448	234435	12.3408	1504	4127	4121	5	0.0001 Colloc0 1504 33942 0.107751 230.809
140	1	1141.2	234002	233989	12.7068	1470	4156	4092	3	0.0001 Colloc0 1470 33864 0.0520666 256.831
150	1	1211.94	233673	233661	11.8948	1512	4164	4084	3	0.0001 Colloc0 1512 33753 0.124819 200.266
160	1	1281.77	232901	232889	12.0103	1477	4196	4052	5	0.0001 Colloc0 1477 33762 0.100681 208.038
170	1	1350	232338	232326	11.792	1476	4294	3954	4	0.0001 Colloc0 1476 33703 0.145178 193.425
180	1	1419.21	231654	231641	12.2744	1470	4343	3905	5	0.0001 Colloc0 1470 33613 0.11012 226.18
190	1	1490.04	231685	231673	12.1739	1477	4365	3883	4	0.0001 Colloc0 1477 33587 0.111699 219.222
200	1	1556.55	231371	231359	11.9532	1474	4290	3958	5	0.0001 Colloc0 1474 33569 0.114727 204.186
210	1	1622.18	230244	230231	12.2495	1460	4458	3790	4	0.0001 Colloc0 1460 33541 0.101109 224.448
220	1	1688.52	230336	230324	11.8464	1508	4494	3754	4	0.0001 Colloc0 1508 33486 0.146157 197.035
230	1	1755.09	229427	229415	11.9834	1465	4612	3636	3	0.0001 Colloc0 1465 33419 0.140956 206.22
240	1	1823.45	229619	229607	12.1161	1499	4687	3561	2	0.0001 Colloc0 1499 33427 0.123811 215.246
250	1	1890.1	229255	229243	12.0416	1467	4859	3389	4	0.0001 Colloc0 1467 33403 0.110014 210.162
260	1	1955.16	228154	228142	12.3093	1453	5001	3247	4	0.0001 Colloc0 1453 33396 0.094512 228.608
270	1	2019.73	227433	227422	11.7497	1454	5095	3153	3	0.0001 Colloc0 1454 33333 0.132354 190.634
280	1	2085.91	227841	227829	11.8172	1452	4977	3271	3	0.0001 Colloc0 1452 33317 0.128263 195.095
290	1	2149.58	226199	226187	11.7487	1453	5378	2870	3	0.0001 Colloc0 1453 33311 0.137214 190.57
300	1	2212.33	226563	226551	11.3	1487	5356	2892	2	0.0001 Colloc0 1487 33297 0.177914 161.858
310	1	2275.17	227170	227158	11.6251	1490	5228	3020	4	0.0001 Colloc0 1490 33280 0.15845 182.491
320	1	2337.41	227193	227181	12.5823	1464	5064	3184	2	0.0001 Colloc0 1464 33283 0.091568 247.893
330	1	2400.15	227137	227125	11.8489	1488	5066	3182	5	0.0001 Colloc0 1488 33200 0.151277 197.198
340	1	2462.14	226395	226382	12.4797	1470	5105	3143	4	0.0001 Colloc0 1470 33086 0.112209 240.589
350	1	2524.22	226343	226331	11.8108	1474	5176	3072	6	0.0001 Colloc0 1474 33111 0.133 194.667
360	1	2586.11	226690	226678	11.9996	1499	5054	3194	4	0.0001 Colloc0 1499 32963 0.11287 207.314
370	1	2647.66	227056	227044	11.8709	1518	5007	3241	4	0.0001 Colloc0 1518 32988 0.14406 198.664
380	1	2709.43	226891	226878	12.0928	1471	5048	3200	3	0.0001 Colloc0 1471 32967 0.123921 213.655
390	1	2770.69	226982	226971	11.4957	1502	4959	3289	5	0.0001 Colloc0 1502 32981 0.166477 174.175
400	1	2832.14	226580	226568	12.3842	1510	5066	3182	3	0.0001 Colloc0 1510 32873 0.10583 233.85
410	1	2893	226706	226694	11.6489	1515	5044	3204	1	0.0001 Colloc0 1515 32931 0.159791 184.039
420	1	2953.47	226313	226302	11.5042	1522	5122	3126	4	0.0001 Colloc0 1522 32961 0.163392 174.717
430	1	3014.82	225550	225538	11.9437	1479	5241	3007	5	0.0001 Colloc0 1479 32824 0.118324 203.542
440	1	3075.25	225269	225257	12.1066	1502	5224	3024	4	0.0001 Colloc0 1502 32823 0.129494 214.597
450	1	3136.98	225320	225309	11.9169	1492	5235	3013	6	0.0001 Colloc0 1492 32808 0.127008 201.742
460	1	3197.48	224833	224821	11.7235	1507	5348	2900	3	0.0001 Colloc0 1507 32784 0.159087 188.914
470	1	3258.29	224852	224840	11.9897	1474	5398	2850	4	0.0001 Colloc0 1474 32795 0.122533 206.646
480	1	3318.34	224669	224658	11.847	1481	5410	2838	2	0.0001 Colloc0 1481 32706 0.123903 197.074
490	1	3379.18	224412	224400	12.0495	1467	5467	2781	2	0.0001 Colloc0 1467 32699 0.109833 210.703
500	1	3440.23	224933	224921	12.3348	1507	5412	2836	3	0.0001 Colloc0 1507 32748 0.105018 230.387
510	1	3501.81	224835	224823	11.9249	1515	5493	2755	3	0.0001 Colloc0 1515 32716 0.134589 202.284
520	1	3563	224569	224557	11.9785	1495	5446	2802	3	0.0001 Colloc0 1495 32684 0.121777 205.891
530	1	3623.7	224909	224897	11.9568	1548	5473	2775	4	0.0001 Colloc0 1548 32667 0.145555 204.43
540	1	3684.99	224725	224713	12.0041	1524	5548	2700	4	0.0001 Colloc0 1524 32641 0.113151 207.621
550	1	3746.09	224711	224699	12.1287	1534	5502	2746	5	0.0001 Colloc0 1534 32590 0.131576 216.114
560	1	3807.03	224382	224370	12.2825	1505	5597	2651	1	0.0001 Colloc0 1505 32638 0.101041 226.738
570	1	3866.46	224529	224517	12.1848	1535	5511	2737	4	0.0001 Colloc0 1535 32637 0.128907 219.972
580	1	3926.46	224189	224177	11.5118	1526	5626	2622	5	0.0001 Colloc0 1526 32602 0.183739 175.199
590	1	3986.7	223352	223340	11.7246	1502	5770	2478	7	0.0001 Colloc0 1502 32534 0.164161 188.98
600	1	4046.46	223282	223270	12.1556	1484	5813	2435	4	0.0001 Colloc0 1484 32594 0.114308 217.958
610	1	4106.37	223697	223685	11.8749	1556	5699	2549	3	0.0001 Colloc0 1556 32492 0.160722 198.932
620	1	4166.03	223554	223542	12.2055	1545	5739	2509	3	0.0001 Colloc0 1545 32555 0.149728 221.403
630	1	4225.01	223244	223232	11.8455	1505	5820	2428	1	0.0001 Colloc0 1505 32538 0.154656 196.972
640	1	4284.7	223528	223516	12.4761	1517	5704	2544	4	0.0001 Colloc0 1517 32506 0.102594 240.336
650	1	4344.53	223449	223437	12.0524	1506	5777	2471	2	0.0001 Colloc0 1506 32480 0.128847 210.903
660	1	4403.48	223750	223738	11.8133	1541	5727	2521	2	0.0001 Colloc0 1541 32501 0.148789 194.837
670	1	4462.67	223713	223702	11.9615	1557	5729	2519	5	0.0001 Colloc0 1557 32515 0.15486 204.74
680	1	4523.07	222886	222874	11.8925	1511	5895	2353	3	0.0001 Colloc0 1511 32503 0.143239 200.111
690	1	4582.3	223053	223041	12.4858	1513	5800	2448	2	0.0001 Colloc0 1513 32459 0.104185 241.021
700	1	4643.29	222944	222932	11.5808	1517	5906	2342	5	0.0001 Colloc0 1517 32507 0.151022 179.631
710	1	4702.59	222347	222336	11.7307	1540	6086	2162	1	0.0001 Colloc0 1540 32461 0.158056 189.383
720	1	4760.99	221989	221977	11.9558	1532	6015	2233	3	0.0001 Colloc0 1532 32428 0.145179 204.36
730	1	4819.46	221563	221551	12.1172	1519	6089	2159	2	0.0001 Colloc0 1519 32322 0.119665 215.326
740	1	4879.65	222030	222018	12.25	1524	5986	2262	1	0.0001 Colloc0 1524 32365 0.104447 224.48
750	1	4940.4	222038	222026	11.8815	1518	6025	2223	1	0.0001 Colloc0 1518 32338 0.159796 199.373
760	1	5000.08	221879	221867	12.0223	1518	6042	2206	3	0.0001 Colloc0 1518 32309 0.139442 208.856
770	1	5059.71	222089	222077	12.2767	1536	5953	2295	3	0.0001 Colloc0 1536 32286 0.135308 226.337
780	1	5120.73	221866	221854	12.1528	1499	5977	2271	4	0.0001 Colloc0 1499 32292 0.127546 217.771
790	1	5179.39	222333	222321	12.0454	1530	5875	2373	3	0.0001 Colloc0 1530 32278 0.152953 210.421
800	1	5239.38	222843	222831	12.4299	1530	5791	2457	5	0.0001 Colloc0 1530 32279 0.115475 237.069
810	1	5297.14	222041	222028	12.4703	1521	5947	2301	2	0.0001 Colloc0 1521 32255 0.125165 239.927
820	1	5356.45	221850	221838	11.7968	1522	6016	2232	4	0.0001 Colloc0 1522 32246 0.136318 193.743
830	1	5416.63	221785	221773	12.1125	1490	5934	2314	3	0.0001 Colloc0 1490 32239 0.131969 215.002
840	1	5476.95	221976	221964	12.1417	1510	5878	2370	3	0.0001 Colloc0 1510 32256 0.132134 217.003
850	1	5536.59	222038	222026	12.0842	1522	5870	2378	4	0.0001 Colloc0 1522 32260 0.131695 213.066
860	1	5595.2	222337	222326	11.8746	1513	5881	2367	3	0.0001 Colloc0 1513 32266 0.136486 198.91
870	1	5652.34	222054	222042	12.5214	1512	5920	2328	1	0.0001 Colloc0 1512 32215 0.0969746 243.55
880	1	5710.57	221710	221698	11.8027	1510	5949	2299	7	0.0001 Colloc0 1510 32229 0.144696 194.131
890	1	5769.82	221804	221792	12.305	1525	5878	2370	2	0.0001 Colloc0 1525 32262 0.110479 228.31
900	1	5828.84	221552	221540	12.0394	1520	5927	2321	5	0.0001 Colloc0 1520 32144 0.134701 210.016
910	1	5885.35	221894	221883	11.8537	1518	5838	2410	5	0.0001 Colloc0 1518 32173 0.139337 197.521
920	1	5942.55	221678	221665	12.1963	1531	5868	2380	2	0.0001 Colloc0 1531 32157 0.123502 220.766
930	1	6002.6	221692	221680	12.0706	1514	5890	2358	2	0.0001 Colloc0 1514 32116 0.126122 212.142
940	1	6058.83	221054	221041	12.5318	1520	5988	2260	3	0.0001 Colloc0 1520 32092 0.110604 244.287
950	1	6116.34	221451	221439	12.0437	1514	5930	2318	2	0.0001 Colloc0 1514 32107 0.128457 210.308
960	1	6172.52	221949	221937	12.0398	1518	5711	2537	3	0.0001 Colloc0 1518 32090 0.125848 210.045
970	1	6227.89	222023	222011	12.1107	1528	5736	2512	3	0.0001 Colloc0 1528 32083 0.117901 214.877
980	1	6284.15	221506	221494	12.2832	1527	5884	2364	3	0.0001 Colloc0 1527 32087 0.117568 226.788
990	1	6341.61	221109	221096	12.6539	1515	5934	2314	3	0.0001 Colloc0 1515 32082 0.112181 253.024
1000	1	6399.36	220816	220803	12.4198	1515	5999	2249	3	0.0001 Colloc0 1515 32051 0.124972 236.357
1010	1	6455.72	220386	220373	12.6248	1518	6191	2057	5	0.0001 Colloc0 1518 31970 0.10909 250.932
1020	1	6512.07	220578	220566	12.024	1508	6103	2145	2	0.0001 Colloc0 1508 32028 0.145246 208.969
1030	1	6570.06	220999	220987	12.0204	1527	6020	2228	2	0.0001 Colloc0 1527 32015 0.12806 208.724
1040	1	6625.97	221301	221289	11.9438	1545	5961	2287	3	0.0001 Colloc0 1545 31983 0.159229 203.552
1050	1	6682	221380	221367	12.6166	1531	5898	2350	4	0.0001 Colloc0 1531 31971 0.0960947 250.348
1060	1	6738.48	221075	221062	12.3974	1516	5945	2303	3	0.0001 Colloc0 1516 31984 0.106613 234.778
1070	1	6796.42	220754	220743	11.8333	1530	6138	2110	3	0.0001 Colloc0 1530 31973 0.146872 196.164
1080	1	6851.45	220035	220022	12.3466	1536	5990	2258	2	0.0001 Colloc0 1536 31835 0.11646 231.215
1090	1	6907.4	219858	219846	11.8812	1553	5966	2282	3	0.0001 Colloc0 1553 31789 0.150462 199.351
1100	1	6960.95	219654	219642	11.7089	1532	6033	2215	1	0.0001 Colloc0 1532 31791 0.16235 187.953
1110	1	7015.82	219885	219873	11.9165	1547	5929	2319	4	0.0001 Colloc0 1547 31798 0.13875 201.719
1120	1	7070.4	219905	219892	12.3219	1525	5932	2316	2	0.0001 Colloc0 1525 31743 0.10998 229.485
1130	1	7126.38	220414	220402	12.2693	1521	5856	2392	2	0.0001 Colloc0 1521 31769 0.122587 225.824
1140	1	7183.29	219980	219967	12.4448	1528	6015	2233	1	0.0001 Colloc0 1528 31762 0.120988 238.124
1150	1	7238.1	220160	220148	11.8954	1541	6011	2237	2	0.0001 Colloc0 1541 31781 0.144452 200.305
1160	1	7291.58	219679	219667	12.1699	1515	6067	2181	1	0.0001 Colloc0 1515 31742 0.113151 218.946
1170	1	7346.31	219999	219987	12.2868	1529	6040	2208	2	0.0001 Colloc0 1529 31775 0.117494 227.041
1180	1	7401.76	219920	219908	11.9582	1559	6024	2224	1	0.0001 Colloc0 1559 31728 0.147131 204.519
1190	1	7457.64	220157	220144	12.3304	1549	5988	2260	3	0.0001 Colloc0 1549 31734 0.124968 230.08
1200	1	7512.74	220270	220258	12.0114	1536	5968	2280	3	0.0001 Colloc0 1536 31742 0.132428 208.117
1210	1	7566.93	219862	219850	12.1135	1574	5934	2314	3	0.0001 Colloc0 1574 31680 0.127055 215.073
1220	1	7621.84	220046	220033	12.2196	1584	5943	2305	4	0.0001 Colloc0 1584 31707 0.136365 222.375
1230	1	7674.48	219805	219793	12.2635	1538	5966	2282	4	0.0001 Colloc0 1538 31711 0.121492 225.417
1240	1	7729.03	219763	219751	12.1951	1553	5962	2286	2	0.0001 Colloc0 1553 31740 0.132333 220.684
1250	1	7783.4	219174	219162	11.7316	1504	6041	2207	1	0.0001 Colloc0 1504 31696 0.127762 189.444
1260	1	7834.63	219199	219186	12.2893	1517	6139	2109	3	0.0001 Colloc0 1517 31737 0.111279 227.214
1270	1	7886.68	219246	219234	11.4281	1541	6094	2154	4	0.0001 Colloc0 1541 31713 0.162554 169.881
1280	1	7939.18	219550	219538	12.2468	1506	6008	2240	4	0.0001 Colloc0 1506 31724 0.119145 224.259
1290	1	7991.42	220037	220025	12.2002	1529	6015	2233	4	0.0001 Colloc0 1529 31758 0.131941 221.032
1300	1	8046.06	220127	220115	12.1966	1531	5926	2322	3	0.0001 Colloc0 1531 31745 0.115386 220.784
1310	1	8099.73	219684	219672	12.1627	1518	5985	2263	4	0.0001 Colloc0 1518 31731 0.141398 218.446
1320	1	8150.94	219519	219506	12.3393	1544	6079	2169	2	0.0001 Colloc0 1544 31697 0.127383 230.707
1330	1	8204.52	219474	219462	12.5886	1485	6067	2181	1	0.0001 Colloc0 1485 31711 0.0808651 248.343
1340	1	8257.9	218854	218842	11.9579	1539	6167	2081	4	0.0001 Colloc0 1539 31631 0.154104 204.499
1350	1	8310.41	219482	219470	12.062	1559	5982	2266	3	0.0001 Colloc0 1559 31653 0.136487 211.555
1360	1	8361.78	218898	218886	12.3875	1547	6169	2079	4	0.0001 Colloc0 1547 31631 0.124849 234.084
1370	1	8414.71	219008	218995	12.2682	1530	6030	2218	3	0.0001 Colloc0 1530 31597 0.11365 225.742
1380	1	8467.46	219071	219059	12.122	1547	6025	2223	3	0.0001 Colloc0 1547 31593 0.148452 215.651
1390	1	8519.6	219297	219285	12.1272	1565	5902	2346	2	0.0001 Colloc0 1565 31545 0.139173 216.009
1400	1	8570.73	219418	219406	11.9971	1557	5934	2314	3	0.0001 Colloc0 1557 31569 0.14578 207.146
1410	1	8622.7	219371	219358	12.8328	1583	6049	2199	5	0.0001 Colloc0 1583 31587 0.0900158 265.972
1420	1	8673.39	219155	219143	12.1051	1571	6143	2105	3	0.0001 Colloc0 1571 31580 0.148696 214.494
1430	1	8723.41	218500	218489	11.7666	1551	6271	1977	5	0.0001 Colloc0 1551 31581 0.180547 191.745
1440	1	8773.63	219179	219167	12.1931	1555	6090	2158	5	0.0001 Colloc0 1555 31587 0.124741 220.54
1450	1	8822.88	219556	219544	11.9932	1555	5906	2342	8	0.0001 Colloc0 1555 31563 0.128035 206.882
1460	1	8876.86	218856	218844	12.2508	1558	6146	2102	5	0.0001 Colloc0 1558 31522 0.134338 224.534
1470	1	8927.38	218386	218374	12.5348	1563	6237	2011	5	0.0001 Colloc0 1563 31520 0.106099 244.506
1480	1	8978.86	218505	218493	12.0045	1561	6124	2124	4	0.0001 Colloc0 1561 31521 0.134574 207.646
1490	1	9029.97	218741	218729	12.3593	1530	6109	2139	5	0.0001 Colloc0 1530 31565 0.118525 232.104
1500	1	9080.03	219127	219115	12.1884	1569	6057	2191	3	0.0001 Colloc0 1569 31519 0.141826 220.217
1510	1	9130.94	219090	219078	11.8762	1549	6056	2192	3	0.0001 Colloc0 1549 31549 0.149321 199.021
1520	1	9182.12	218596	218584	11.4604	1537	6158	2090	3	0.0001 Colloc0 1537 31537 0.169339 171.928
1530	1	9234.16	218447	218435	12.3957	1535	6278	1970	5	0.0001 Colloc0 1535 31523 0.108472 234.663
1540	1	9284.88	218554	218542	12.2324	1543	6226	2022	4	0.0001 Colloc0 1543 31499 0.139952 223.262
1550	1	9338.12	218647	218635	12.463	1556	6149	2099	3	0.0001 Colloc0 1556 31524 0.127243 239.411
1560	1	9390.77	218854	218842	12.161	1556	6168	2080	3	0.0001 Colloc0 1556 31528 0.138936 218.332
1570	1	9441.88	218366	218354	12.7732	1524	6260	1988	6	0.0001 Colloc0 1524 31489 0.0947922 261.637
1580	1	9492.53	218342	218330	11.9212	1533	6214	2034	7	0.0001 Colloc0 1533 31506 0.163854 202.032
1590	1	9544.04	218497	218485	12.1289	1557	6216	2032	2	0.0001 Colloc0 1557 31498 0.131944 216.125
1600	1	9593.85	218399	218387	12.3086	1513	6230	2018	3	0.0001 Colloc0 1513 31549 0.120525 228.562
1610	1	9647.87	218486	218474	12.3553	1530	6061	2187	2	0.0001 Colloc0 1530 31519 0.124215 231.827
1620	1	9700.22	218356	218345	11.7936	1537	6156	2092	7	0.0001 Colloc0 1537 31534 0.1612 193.532
1630	1	9750.54	218199	218187	11.9077	1536	6390	1858	4	0.0001 Colloc0 1536 31503 0.154335 201.128
1640	1	9805.54	218267	218255	12.0622	1540	6300	1948	3	0.0001 Colloc0 1540 31496 0.14603 211.567
1650	1	9854.66	218118	218106	11.9531	1531	6236	2012	3	0.0001 Colloc0 1531 31439 0.143903 204.176
1660	1	9903.86	218804	218792	12.0829	1525	6148	2100	4	0.0001 Colloc0 1525 31483 0.140817 212.979
1670	1	9956.03	219372	219360	12.3578	1566	6018	2230	3	0.0001 Colloc0 1566 31469 0.126112 231.999
1680	1	10007.9	218981	218969	12.0693	1547	6012	2236	2	0.0001 Colloc0 1547 31481 0.114943 212.052
1690	1	10059.5	219554	219542	12.4743	1599	5948	2300	6	0.0001 Colloc0 1599 31486 0.138739 240.209
1700	1	10109.6	219099	219087	12.2425	1563	5977	2271	5	0.0001 Colloc0 1563 31476 0.137298 223.963
1710	1	10160.4	219068	219055	12.3341	1580	6038	2210	4	0.0001 Colloc0 1580 31461 0.133125 230.338
1720	1	10209.9	219378	219365	12.5015	1573	5863	2385	4	0.0001 Colloc0 1573 31466 0.12076 242.134
1730	1	10262	219096	219083	12.7498	1555	6013	2235	3	0.0001 Colloc0 1555 31477 0.10757 259.944
1740	1	10313.5	218962	218949	12.4624	1566	6013	2235	3	0.0001 Colloc0 1566 31444 0.112712 239.366
1750	1	10363.2	218614	218602	12.0701	1562	6196	2052	3	0.0001 Colloc0 1562 31455 0.129807 212.108
1760	1	10415.6	217572	217560	11.7896	1533	6263	1985	2	0.0001 Colloc0 1533 31300 0.148375 193.265
1770	1	10465.2	218023	218011	11.9299	1561	6150	2098	5	0.0001 Colloc0 1561 31310 0.171074 202.619
1780	1	10517	218247	218235	11.8724	1541	6112	2136	4	0.0001 Colloc0 1541 31312 0.160952 198.768
1790	1	10569.7	217907	217895	11.8157	1531	6148	2100	3	0.0001 Colloc0 1531 31343 0.14161 194.994
1800	1	10623.9	217836	217824	12.4657	1519	6097	2151	5	0.0001 Colloc0 1519 31337 0.0905068 239.601
1810	1	10674.8	218283	218271	12.2029	1556	5975	2273	3	0.0001 Colloc0 1556 31306 0.1408 221.218
1820	1	10725.3	217770	217757	12.6603	1542	6096	2152	3	0.0001 Colloc0 1542 31294 0.0820899 253.484
1830	1	10776.3	217756	217744	12.4308	1533	6217	2031	4	0.0001 Colloc0 1533 31322 0.10522 237.134
1840	1	10824.7	217961	217949	12.2464	1563	6132	2116	3	0.0001 Colloc0 1563 31287 0.14042 224.229
1850	1	10875.8	217177	217164	12.618	1523	6262	1986	3	0.0001 Colloc0 1523 31247 0.0948602 250.448
1860	1	10924.3	217313	217301	12.5866	1527	6265	1983	4	0.0001 Colloc0 1527 31289 0.0940288 248.2
1870	1	10977.1	217413	217401	12.4178	1533	6212	2036	6	0.0001 Colloc0 1533 31241 0.109362 236.214
1880	1	11029.3	217730	217718	12.1472	1533	6208	2040	4	0.0001 Colloc0 1533 31256 0.130231 217.386
1890	1	11080.2	218030	218018	12.4839	1530	6071	2177	3	0.0001 Colloc0 1530 31261 0.0964825 240.885
1900	1	11130.7	218187	218175	12.0082	1554	6057	2191	4	0.0001 Colloc0 1554 31279 0.14371 207.898
1910	1	11179.5	217878	217866	12.0962	1546	6061	2187	3	0.0001 Colloc0 1546 31255 0.144862 213.886
1920	1	11231.3	217837	217825	12.3054	1533	6079	2169	1	0.0001 Colloc0 1533 31265 0.115872 228.335
1930	1	11283.4	217744	217732	12.2651	1554	6139	2109	3	0.0001 Colloc0 1554 31260 0.134583 225.528
1940	1	11333.9	217878	217866	12.1297	1593	6199	2049	1	0.0001 Colloc0 1593 31237 0.137045 216.182
1950	1	11386.1	217713	217701	12.1349	1511	6080	2168	4	0.0001 Colloc0 1511 31270 0.124123 216.539
1960	1	11436.7	217800	217787	12.149	1524	6067	2181	5	0.0001 Colloc0 1524 31268 0.121001 217.507
1970	1	11488.6	217549	217537	11.9175	1514	6106	2142	2	0.0001 Colloc0 1514 31301 0.141453 201.783
1980	1	11538.5	217538	217526	12.3981	1521	6139	2109	5	0.0001 Colloc0 1521 31278 0.126118 234.831
1990	1	11589.8	216967	216955	12.0661	1525	6169	2079	4	0.0001 Colloc0 1525 31240 0.137259 211.833
2000	1	11640.2	217077	217065	11.6997	1544	6186	2062	3	0.0001 Colloc0 1544 31232 0.160598 187.349
