# D = 0, E = 1, I = 1, P = 1, R = -1, n = 2000, N = 1, P = 1, w = 1, a = 0.0001, b = 10000, e = 1, f = 1, g = 100, h = 0.01, r = 32297, s = 1, S = 0, x = 10, m = 100, Z = 1, z = 0, T = 1, t = 1
# 90585 tokens in 8248 sentences
#
# It	Temp	Time	-logP	-logPcorpus	-logPrior	tables	same	changed	reject	default_pya	(parent pym pyn pya pyb)*
0	1	7.49686	287607	287494	113.764	7377	0	8248	0	0.0001 Colloc0 7377 34143 0.0001 10000
10	1	103.082	248173	248158	14.9192	2154	2849	5399	2	0.0001 Colloc0 2154 33184 0.0609137 427.605
20	1	191.583	242642	242628	14.4601	1826	3161	5087	6	0.0001 Colloc0 1826 33053 0.0105202 390.644
30	1	280.268	240317	240302	14.263	1727	3330	4918	3	0.0001 Colloc0 1727 32935 0.0253725 374.985
40	1	362.093	237090	237076	14.0709	1628	3488	4760	5	0.0001 Colloc0 1628 32857 0.00529437 359.851
50	1	449.255	236214	236201	12.8727	1647	3609	4639	3	0.0001 Colloc0 1647 32793 0.0911755 268.881
60	1	537.251	234693	234680	13.1317	1631	3856	4392	4	0.0001 Colloc0 1631 32738 0.0665748 287.991
70	1	624.318	232947	232934	13.1706	1624	3954	4294	5	0.0001 Colloc0 1624 32523 0.0668676 290.888
80	1	696.448	231812	231799	12.9539	1577	4085	4163	3	0.0001 Colloc0 1577 32482 0.0647066 274.837
90	1	767.272	230918	230905	13.2427	1566	4138	4110	6	0.0001 Colloc0 1566 32450 0.0524246 296.279
100	1	837.333	230978	230965	12.7508	1602	4122	4126	4	0.0001 Colloc0 1602 32391 0.0860223 260.012
110	1	907.557	229437	229424	12.7918	1573	4414	3834	6	0.0001 Colloc0 1573 32311 0.0806059 262.988
120	1	978.473	228748	228735	12.7153	1597	4606	3642	2	0.0001 Colloc0 1597 32290 0.094257 257.448
130	1	1049.22	228067	228054	12.35	1582	4733	3515	9	0.0001 Colloc0 1582 32281 0.12181 231.454
140	1	1120.23	226587	226574	12.4546	1610	4986	3262	8	0.0001 Colloc0 1610 32214 0.113256 238.812
150	1	1190.36	225017	225004	12.4457	1513	5102	3146	7	0.0001 Colloc0 1513 32118 0.10745 238.182
160	1	1259.28	224251	224238	12.7313	1515	5221	3027	7	0.0001 Colloc0 1515 32093 0.0831621 258.605
170	1	1327.51	223522	223510	12.7438	1558	5472	2776	5	0.0001 Colloc0 1558 32018 0.0994081 259.506
180	1	1397.45	223761	223749	12.3711	1554	5372	2876	6	0.0001 Colloc0 1554 31991 0.120088 232.933
190	1	1467.97	224124	224111	12.7172	1550	5246	3002	7	0.0001 Colloc0 1550 32013 0.0853823 257.585
200	1	1537.72	224324	224312	12.5071	1587	5224	3024	8	0.0001 Colloc0 1587 32009 0.118239 242.535
210	1	1606.77	223991	223979	12.4858	1577	5325	2923	9	0.0001 Colloc0 1577 31951 0.107819 241.019
220	1	1676.28	224576	224563	12.4056	1607	5175	3073	7	0.0001 Colloc0 1607 31957 0.132139 235.355
230	1	1743.19	224077	224065	12.9322	1554	5208	3040	5	0.0001 Colloc0 1554 31986 0.0625653 273.239
240	1	1808.97	223925	223913	12.2062	1580	5275	2973	7	0.0001 Colloc0 1580 31926 0.119739 221.445
250	1	1874.94	223896	223883	12.796	1583	5233	3015	7	0.0001 Colloc0 1583 31860 0.125193 263.292
260	1	1938.52	223416	223404	11.9035	1562	5301	2947	10	0.0001 Colloc0 1562 31840 0.149795 200.848
270	1	2001.04	223555	223543	12.4009	1557	5231	3017	7	0.0001 Colloc0 1557 31840 0.111123 235.025
280	1	2065.25	223661	223649	12.175	1551	5181	3067	7	0.0001 Colloc0 1551 31833 0.122843 219.292
290	1	2129.38	222649	222637	12.2882	1574	5418	2830	6	0.0001 Colloc0 1574 31739 0.12003 227.135
300	1	2192.93	222486	222473	12.4896	1547	5492	2756	5	0.0001 Colloc0 1547 31702 0.119317 241.29
310	1	2256.06	222039	222026	12.7241	1580	5569	2679	7	0.0001 Colloc0 1580 31623 0.0817269 258.082
320	1	2318.74	222095	222082	12.7134	1587	5507	2741	6	0.0001 Colloc0 1587 31642 0.103613 257.31
330	1	2381.33	221613	221600	12.7921	1548	5592	2656	9	0.0001 Colloc0 1548 31562 0.103651 263.01
340	1	2443.07	220978	220966	12.38	1554	5587	2661	6	0.0001 Colloc0 1554 31495 0.100415 233.558
350	1	2505.66	220499	220487	12.101	1553	5650	2598	4	0.0001 Colloc0 1553 31479 0.150516 214.219
360	1	2567.12	220466	220454	12.3547	1515	5599	2649	6	0.0001 Colloc0 1515 31442 0.0918258 231.781
370	1	2627.96	220380	220368	12.3205	1537	5686	2562	6	0.0001 Colloc0 1537 31431 0.100004 229.39
380	1	2689.1	220113	220100	12.4732	1544	5709	2539	11	0.0001 Colloc0 1544 31441 0.0960752 240.133
390	1	2750.22	220052	220039	12.652	1519	5762	2486	4	0.0001 Colloc0 1519 31406 0.0981355 252.888
400	1	2811.22	220734	220721	12.3709	1550	5611	2637	6	0.0001 Colloc0 1550 31422 0.120147 232.916
410	1	2872.31	220636	220623	12.4816	1554	5561	2687	3	0.0001 Colloc0 1554 31423 0.113629 240.728
420	1	2933.15	220216	220203	13.105	1563	5667	2581	2	0.0001 Colloc0 1563 31375 0.0594955 286.003
430	1	2993.1	219753	219740	12.3767	1537	5785	2463	9	0.0001 Colloc0 1537 31402 0.116907 233.326
440	1	3053.97	219558	219546	12.4085	1553	5869	2379	3	0.0001 Colloc0 1553 31407 0.11867 235.565
450	1	3114.64	219948	219935	12.6533	1550	5862	2386	5	0.0001 Colloc0 1550 31376 0.097717 252.981
460	1	3174.8	219416	219404	12.3173	1553	5967	2281	4	0.0001 Colloc0 1553 31351 0.111765 229.165
470	1	3234.25	219393	219381	12.4081	1568	5945	2303	2	0.0001 Colloc0 1568 31321 0.133806 235.532
480	1	3294.83	219204	219192	12.348	1555	5987	2261	4	0.0001 Colloc0 1555 31307 0.119779 231.311
490	1	3354.59	219659	219646	12.393	1553	5941	2307	4	0.0001 Colloc0 1553 31358 0.104698 234.471
500	1	3415.01	219000	218988	12.1369	1567	6028	2220	4	0.0001 Colloc0 1567 31293 0.127576 216.675
510	1	3475.35	218205	218193	12.6305	1521	6121	2127	4	0.0001 Colloc0 1521 31233 0.110363 251.339
520	1	3535.89	217851	217839	11.9873	1550	6221	2027	4	0.0001 Colloc0 1550 31196 0.129903 206.481
530	1	3596.25	218017	218005	11.9776	1548	6115	2133	2	0.0001 Colloc0 1548 31150 0.132842 205.831
540	1	3655.93	217887	217875	11.7769	1585	6068	2180	3	0.0001 Colloc0 1585 31132 0.177777 192.426
550	1	3716.36	217555	217543	12.1303	1558	6191	2057	3	0.0001 Colloc0 1558 31109 0.147575 216.226
560	1	3775.95	218599	218586	12.7473	1575	5983	2265	3	0.0001 Colloc0 1575 31142 0.10315 259.764
570	1	3835.4	218262	218250	12.4739	1569	5952	2296	5	0.0001 Colloc0 1569 31106 0.114097 240.179
580	1	3894.75	218125	218112	12.3588	1540	6070	2178	8	0.0001 Colloc0 1540 31116 0.115387 232.072
590	1	3953.93	218455	218443	11.7924	1610	6007	2241	3	0.0001 Colloc0 1610 31080 0.175122 193.453
600	1	4012.69	218292	218279	12.5822	1578	6037	2211	3	0.0001 Colloc0 1578 31104 0.101123 247.883
610	1	4073.09	217769	217757	12.375	1560	6091	2157	4	0.0001 Colloc0 1560 31098 0.126459 233.206
620	1	4131.66	218027	218015	11.9078	1527	6010	2238	6	0.0001 Colloc0 1527 31121 0.143089 201.132
630	1	4190.43	218420	218408	12.6716	1574	5941	2307	3	0.0001 Colloc0 1574 31064 0.108929 254.295
640	1	4250.13	217686	217674	12.2177	1555	6079	2169	4	0.0001 Colloc0 1555 31057 0.124978 222.24
650	1	4310.21	217671	217659	12.6639	1566	6082	2166	4	0.0001 Colloc0 1566 31025 0.0876161 253.74
660	1	4368.37	217254	217242	12.6614	1590	6155	2093	3	0.0001 Colloc0 1590 31015 0.116076 253.56
670	1	4426.96	218278	218266	12.4247	1596	5909	2339	5	0.0001 Colloc0 1596 30999 0.116109 236.704
680	1	4485.3	217177	217165	12.4474	1554	6130	2118	3	0.0001 Colloc0 1554 30977 0.0941273 238.304
690	1	4544.05	216894	216881	12.2163	1548	6185	2063	4	0.0001 Colloc0 1548 30947 0.128785 222.145
700	1	4604.26	216762	216750	12.125	1565	6237	2011	4	0.0001 Colloc0 1565 30974 0.125678 215.862
710	1	4662.89	216621	216609	12.4843	1540	6300	1948	3	0.0001 Colloc0 1540 31002 0.122957 240.916
720	1	4721.38	216790	216777	12.6747	1541	6244	2004	4	0.0001 Colloc0 1541 30915 0.099108 254.519
730	1	4781.3	217279	217266	12.2699	1590	6030	2218	4	0.0001 Colloc0 1590 30902 0.124361 225.862
740	1	4840.61	217041	217029	12.2931	1568	6083	2165	8	0.0001 Colloc0 1568 30930 0.126204 227.475
750	1	4900.3	217369	217357	12.2912	1566	6056	2192	2	0.0001 Colloc0 1566 30935 0.110762 227.347
760	1	4957.39	217399	217387	12.5062	1572	5963	2285	5	0.0001 Colloc0 1572 30933 0.121283 242.47
770	1	5016.8	217617	217605	11.8793	1593	6080	2168	4	0.0001 Colloc0 1593 30913 0.15459 199.229
780	1	5075.07	216748	216735	12.6283	1556	6186	2062	2	0.0001 Colloc0 1556 30886 0.105288 251.184
790	1	5134.8	217104	217092	11.888	1600	6073	2175	2	0.0001 Colloc0 1600 30903 0.16225 199.807
800	1	5194.4	216765	216752	12.4491	1555	6131	2117	2	0.0001 Colloc0 1555 30961 0.123901 238.427
810	1	5254.72	216968	216956	12.1994	1567	6094	2154	4	0.0001 Colloc0 1567 30944 0.148752 220.981
820	1	5314.85	217055	217042	12.1062	1580	6116	2132	3	0.0001 Colloc0 1580 30944 0.159556 214.573
830	1	5374.11	216812	216799	12.447	1578	6101	2147	3	0.0001 Colloc0 1578 30943 0.140054 238.276
840	1	5433.05	216579	216567	12.3693	1551	6114	2134	6	0.0001 Colloc0 1551 30912 0.115202 232.807
850	1	5490.64	216628	216616	12.4225	1586	6123	2125	4	0.0001 Colloc0 1586 30898 0.138277 236.551
860	1	5547.64	216525	216513	12.22	1601	6161	2087	4	0.0001 Colloc0 1601 30799 0.140637 222.401
870	1	5606.45	216384	216372	12.3055	1530	5979	2269	4	0.0001 Colloc0 1530 30841 0.12093 228.345
880	1	5665.51	216352	216339	12.4146	1556	6017	2231	4	0.0001 Colloc0 1556 30804 0.126624 235.991
890	1	5724.22	216371	216359	12.1436	1575	6014	2234	5	0.0001 Colloc0 1575 30749 0.154569 217.138
900	1	5782.53	216133	216121	11.9746	1547	6149	2099	8	0.0001 Colloc0 1547 30756 0.155731 205.63
910	1	5838.98	216619	216607	12.1294	1560	5977	2271	5	0.0001 Colloc0 1560 30791 0.142356 216.163
920	1	5897.43	215990	215978	12.665	1540	6132	2116	2	0.0001 Colloc0 1540 30803 0.102279 253.817
930	1	5953.96	216108	216096	12.1291	1548	6119	2129	4	0.0001 Colloc0 1548 30793 0.139876 216.143
940	1	6011.4	215850	215838	11.9917	1573	6219	2029	6	0.0001 Colloc0 1573 30753 0.147572 206.782
950	1	6067.87	216517	216504	12.3015	1583	6069	2179	4	0.0001 Colloc0 1583 30827 0.142515 228.063
960	1	6122.29	216010	215997	12.9981	1556	6184	2064	4	0.0001 Colloc0 1556 30795 0.103137 278.089
970	1	6179.77	215728	215716	11.7193	1545	6289	1959	3	0.0001 Colloc0 1545 30816 0.157651 188.634
980	1	6236.58	216103	216091	12.0628	1559	6179	2069	4	0.0001 Colloc0 1559 30790 0.147817 211.606
990	1	6295.58	215731	215718	12.375	1554	6117	2131	3	0.0001 Colloc0 1554 30767 0.12845 233.209
1000	1	6351.27	215853	215840	12.0885	1563	6174	2074	3	0.0001 Colloc0 1563 30767 0.137171 213.361
1010	1	6409.53	216045	216033	12.1573	1573	6148	2100	3	0.0001 Colloc0 1573 30766 0.136382 218.079
1020	1	6466.34	216312	216300	11.7897	1582	6071	2177	5	0.0001 Colloc0 1582 30749 0.169783 193.269
1030	1	6524.78	216372	216360	12.3133	1578	5994	2254	5	0.0001 Colloc0 1578 30798 0.129557 228.885
1040	1	6580.7	215938	215925	12.6233	1587	6147	2101	3	0.0001 Colloc0 1587 30749 0.12167 250.826
1050	1	6638.27	216196	216184	12.2514	1574	6193	2055	3	0.0001 Colloc0 1574 30727 0.141888 224.58
1060	1	6693.38	216092	216079	12.4673	1570	6098	2150	5	0.0001 Colloc0 1570 30740 0.122098 239.712
1070	1	6750.98	216104	216091	12.3856	1541	6123	2125	2	0.0001 Colloc0 1541 30735 0.12875 233.948
1080	1	6806.37	215662	215650	12.217	1539	6216	2032	4	0.0001 Colloc0 1539 30685 0.130596 222.197
1090	1	6860.64	215449	215437	12.2799	1556	6276	1972	4	0.0001 Colloc0 1556 30666 0.123443 226.557
1100	1	6916.2	216160	216148	11.8543	1591	6147	2101	4	0.0001 Colloc0 1591 30690 0.172123 197.556
1110	1	6970.99	216071	216059	12.6938	1557	6122	2126	6	0.0001 Colloc0 1557 30670 0.119177 255.896
1120	1	7024.37	215940	215928	12.2903	1550	6138	2110	3	0.0001 Colloc0 1550 30667 0.117763 227.283
1130	1	7076.97	216108	216095	12.2998	1552	6128	2120	2	0.0001 Colloc0 1552 30742 0.124929 227.946
1140	1	7132.01	216439	216427	12.0872	1606	6092	2156	3	0.0001 Colloc0 1606 30680 0.153129 213.27
1150	1	7189.33	216491	216479	12.1588	1620	6061	2187	2	0.0001 Colloc0 1620 30664 0.158918 218.179
1160	1	7244.35	216035	216022	12.7138	1574	6068	2180	3	0.0001 Colloc0 1574 30687 0.120068 257.337
1170	1	7299.37	216101	216088	12.3999	1576	6034	2214	4	0.0001 Colloc0 1576 30684 0.113827 234.959
1180	1	7352.47	215456	215443	12.8609	1548	6255	1993	4	0.0001 Colloc0 1548 30623 0.0896602 268.018
1190	1	7409.72	215616	215604	12.1123	1600	6239	2009	2	0.0001 Colloc0 1600 30660 0.148876 214.987
1200	1	7464.83	216134	216122	12.8943	1554	6088	2160	6	0.0001 Colloc0 1554 30688 0.0829595 270.46
1210	1	7522.38	216247	216235	11.8483	1581	5992	2256	3	0.0001 Colloc0 1581 30668 0.158668 197.163
1220	1	7575.44	216193	216181	12.0446	1594	5920	2328	3	0.0001 Colloc0 1594 30582 0.156033 210.372
1230	1	7628.04	215845	215833	12.2263	1573	6016	2232	1	0.0001 Colloc0 1573 30548 0.149845 222.841
1240	1	7679.95	215967	215954	12.434	1541	5931	2317	3	0.0001 Colloc0 1541 30527 0.107917 237.36
1250	1	7731.78	215315	215303	12.04	1567	6136	2112	2	0.0001 Colloc0 1567 30516 0.140234 210.055
1260	1	7785.93	214767	214755	11.9059	1554	6237	2011	2	0.0001 Colloc0 1554 30520 0.16024 201.004
1270	1	7837.71	215015	215002	12.3484	1551	6242	2006	2	0.0001 Colloc0 1551 30529 0.111818 231.344
1280	1	7891.97	215446	215434	12.4281	1570	6050	2198	2	0.0001 Colloc0 1570 30531 0.115834 236.943
1290	1	7943.63	215391	215379	12.2021	1542	6064	2184	2	0.0001 Colloc0 1542 30526 0.110243 221.162
1300	1	7996.98	214876	214863	12.4864	1538	6137	2111	3	0.0001 Colloc0 1538 30506 0.122741 241.065
1310	1	8047.93	214792	214780	12.2385	1545	6166	2082	4	0.0001 Colloc0 1545 30495 0.125416 223.683
1320	1	8099.64	215124	215112	12.0152	1572	6108	2140	2	0.0001 Colloc0 1572 30513 0.164639 208.375
1330	1	8150.54	214759	214747	12.3064	1568	6204	2044	4	0.0001 Colloc0 1568 30490 0.135373 228.406
1340	1	8202.77	214871	214858	12.5807	1549	6202	2046	3	0.0001 Colloc0 1549 30528 0.0821885 247.773
1350	1	8252.01	214810	214797	12.9132	1549	6190	2058	3	0.0001 Colloc0 1549 30495 0.080645 271.846
1360	1	8304.76	214881	214869	12.4519	1554	6225	2023	3	0.0001 Colloc0 1554 30525 0.112228 238.625
1370	1	8356.66	214629	214617	12.2992	1560	6319	1929	4	0.0001 Colloc0 1560 30507 0.126919 227.903
1380	1	8407.12	214435	214423	12.4256	1579	6382	1866	2	0.0001 Colloc0 1579 30482 0.123938 236.768
1390	1	8458.88	214258	214246	12.188	1538	6430	1818	2	0.0001 Colloc0 1538 30474 0.124148 220.189
1400	1	8508.97	214407	214394	12.5869	1533	6413	1835	1	0.0001 Colloc0 1533 30472 0.103688 248.221
1410	1	8560.95	214650	214637	12.5489	1597	6440	1808	6	0.0001 Colloc0 1597 30466 0.118024 245.504
1420	1	8613.05	214798	214786	12.3789	1567	6315	1933	4	0.0001 Colloc0 1567 30438 0.129791 233.482
1430	1	8665.02	215329	215316	12.662	1587	6110	2138	2	0.0001 Colloc0 1587 30465 0.121912 253.604
1440	1	8714.81	215307	215295	12.3086	1592	6146	2102	4	0.0001 Colloc0 1592 30453 0.122955 228.56
1450	1	8763.77	214937	214924	12.3848	1569	6203	2045	4	0.0001 Colloc0 1569 30421 0.120661 233.896
1460	1	8815.88	215267	215255	12.6339	1579	6179	2069	3	0.0001 Colloc0 1579 30462 0.118413 251.584
1470	1	8866.36	214753	214740	12.6358	1571	6262	1986	2	0.0001 Colloc0 1571 30454 0.114841 251.722
1480	1	8919.54	214630	214617	12.9198	1579	6328	1920	3	0.0001 Colloc0 1579 30436 0.0978638 272.334
1490	1	8970.41	214284	214272	12.3091	1549	6369	1879	2	0.0001 Colloc0 1549 30410 0.13818 228.593
1500	1	9020.64	214491	214479	12.5542	1542	6324	1924	2	0.0001 Colloc0 1542 30421 0.110774 245.884
1510	1	9071.44	214773	214761	11.7669	1580	6239	2009	3	0.0001 Colloc0 1580 30407 0.17542 191.768
1520	1	9120.52	215167	215154	12.157	1588	6188	2060	5	0.0001 Colloc0 1588 30454 0.143639 218.054
1530	1	9177.53	215530	215518	12.0742	1585	6070	2178	2	0.0001 Colloc0 1585 30436 0.137565 212.387
1540	1	9227.49	215348	215335	12.5895	1565	6120	2128	3	0.0001 Colloc0 1565 30462 0.126573 248.409
1550	1	9280.35	215191	215179	12.0254	1589	6135	2113	2	0.0001 Colloc0 1589 30432 0.144968 209.062
1560	1	9329.97	214954	214941	12.383	1527	6155	2093	2	0.0001 Colloc0 1527 30494 0.116463 233.77
1570	1	9383.66	215077	215065	12.2707	1585	6065	2183	4	0.0001 Colloc0 1585 30429 0.140375 225.917
1580	1	9432.58	214820	214807	12.4183	1571	6198	2050	5	0.0001 Colloc0 1571 30407 0.117001 236.248
1590	1	9484.52	214642	214629	12.6678	1569	6289	1959	3	0.0001 Colloc0 1569 30414 0.0937557 254.026
1600	1	9535.43	214304	214292	12.5043	1560	6341	1907	2	0.0001 Colloc0 1560 30435 0.112882 242.337
1610	1	9586.66	214990	214978	12.5735	1593	6178	2070	5	0.0001 Colloc0 1593 30395 0.115615 247.26
1620	1	9637.47	214733	214720	12.6738	1556	6217	2031	2	0.0001 Colloc0 1556 30415 0.103519 254.455
1630	1	9688.04	215039	215026	12.2295	1590	6155	2093	4	0.0001 Colloc0 1590 30447 0.133542 223.063
1640	1	9737.64	214414	214402	12.061	1571	6274	1974	6	0.0001 Colloc0 1571 30394 0.146875 211.484
1650	1	9787.56	214592	214579	12.8332	1563	6200	2048	5	0.0001 Colloc0 1563 30401 0.117075 266.001
1660	1	9837.9	214752	214739	12.3178	1578	6293	1955	5	0.0001 Colloc0 1578 30395 0.120994 229.198
1670	1	9889.45	214539	214527	11.8072	1579	6321	1927	5	0.0001 Colloc0 1579 30425 0.156902 194.43
1680	1	9939.49	214628	214615	12.6574	1579	6320	1928	2	0.0001 Colloc0 1579 30427 0.106723 253.272
1690	1	9993.24	214229	214217	11.8659	1587	6349	1899	4	0.0001 Colloc0 1587 30396 0.167463 198.335
1700	1	10047.9	213766	213754	11.9944	1564	6535	1713	3	0.0001 Colloc0 1564 30397 0.148128 206.965
1710	1	10096.8	213847	213834	12.3477	1546	6482	1766	2	0.0001 Colloc0 1546 30403 0.116654 231.29
1720	1	10149.6	213761	213749	12.0027	1580	6418	1830	3	0.0001 Colloc0 1580 30374 0.159667 207.528
1730	1	10201	213997	213985	11.9289	1557	6330	1918	3	0.0001 Colloc0 1557 30369 0.144033 202.55
1740	1	10249.6	214207	214194	12.3266	1573	6273	1975	6	0.0001 Colloc0 1573 30386 0.1456 229.815
1750	1	10300.4	214601	214589	12.3725	1576	6211	2037	4	0.0001 Colloc0 1576 30363 0.126184 233.029
1760	1	10351.6	214369	214357	11.9919	1570	6222	2026	1	0.0001 Colloc0 1570 30366 0.14619 206.799
1770	1	10400.7	215120	215108	12.0907	1620	6079	2169	3	0.0001 Colloc0 1620 30393 0.15902 213.514
1780	1	10451.6	214517	214504	12.5044	1557	6167	2081	3	0.0001 Colloc0 1557 30373 0.0961912 242.341
1790	1	10502.1	214429	214417	12.9026	1565	6151	2097	2	0.0001 Colloc0 1565 30356 0.0834098 271.075
1800	1	10551.2	214628	214615	12.2554	1601	6094	2154	3	0.0001 Colloc0 1601 30337 0.143409 224.854
1810	1	10600.9	214389	214377	12.5195	1580	6126	2122	3	0.0001 Colloc0 1580 30334 0.11143 243.418
1820	1	10651	214496	214483	12.5534	1581	6146	2102	5	0.0001 Colloc0 1581 30355 0.112025 245.829
1830	1	10704.2	214266	214253	12.9004	1602	6180	2068	3	0.0001 Colloc0 1602 30309 0.0925721 270.907
1840	1	10754.9	214514	214501	12.637	1594	6125	2123	1	0.0001 Colloc0 1594 30337 0.111706 251.809
1850	1	10807.5	214662	214649	12.6014	1600	6067	2181	1	0.0001 Colloc0 1600 30342 0.128996 249.255
1860	1	10859.5	214574	214562	11.8726	1563	6181	2067	4	0.0001 Colloc0 1563 30362 0.15646 198.778
1870	1	10911.7	214733	214721	12.4036	1588	6161	2087	2	0.0001 Colloc0 1588 30332 0.129415 235.216
1880	1	10963.6	214272	214260	12.2326	1553	6273	1975	1	0.0001 Colloc0 1553 30348 0.136098 223.274
1890	1	11015	213706	213693	12.3256	1568	6463	1785	2	0.0001 Colloc0 1568 30300 0.128193 229.748
1900	1	11066.9	214005	213992	12.2853	1601	6378	1870	1	0.0001 Colloc0 1601 30293 0.140291 226.939
1910	1	11116.3	213797	213785	12.0863	1560	6489	1759	5	0.0001 Colloc0 1560 30327 0.128638 213.21
1920	1	11166.8	214021	214009	12.1312	1602	6348	1900	4	0.0001 Colloc0 1602 30325 0.138537 216.283
1930	1	11218.8	213721	213709	12.2667	1573	6404	1844	2	0.0001 Colloc0 1573 30292 0.135897 225.639
1940	1	11270.7	213405	213393	12.2408	1574	6588	1660	4	0.0001 Colloc0 1574 30303 0.1328 223.843
1950	1	11319.4	213252	213240	12.0136	1587	6568	1680	1	0.0001 Colloc0 1587 30295 0.154646 208.266
1960	1	11369.1	214112	214099	12.5717	1567	6277	1971	4	0.0001 Colloc0 1567 30341 0.131301 247.135
1970	1	11420.1	213440	213428	11.8066	1559	6470	1778	3	0.0001 Colloc0 1559 30287 0.155841 194.393
1980	1	11471.7	213439	213427	11.9696	1561	6465	1783	4	0.0001 Colloc0 1561 30302 0.147144 205.291
1990	1	11522.4	213564	213552	12.3308	1565	6392	1856	4	0.0001 Colloc0 1565 30270 0.13918 230.112
2000	1	11570.9	213863	213850	12.6288	1583	6377	1871	3	0.0001 Colloc0 1583 30271 0.10762 251.223
