# D = 0, E = 1, I = 1, P = 1, R = -1, n = 2000, N = 1, P = 1, w = 1, a = 0.0001, b = 10000, e = 1, f = 1, g = 100, h = 0.01, r = 29972, s = 1, S = 0, x = 10, m = 100, Z = 1, z = 0, T = 1, t = 1
# 9091 tokens in 824 sentences
#
# It	Temp	Time	-logP	-logPcorpus	-logPrior	tables	same	changed	reject	default_pya	(parent pym pyn pya pyb)*
0	1	0.681896	35259.4	35145.6	113.764	2392	0	824	0	0.0001 Colloc0 2392 4076 0.0001 10000
10	1	10.6284	27064	27052.2	11.8245	646	351	473	5	0.0001 Colloc0 646 3543 0.0464475 195.575
20	1	19.3711	26486.7	26475.6	11.1413	591	426	398	2	0.0001 Colloc0 591 3573 0.0741427 152.129
30	1	28.2397	26214.9	26203.5	11.3685	584	474	350	1	0.0001 Colloc0 584 3571 0.0713703 166.129
40	1	37.0804	26245.1	26233.6	11.4855	569	459	365	2	0.0001 Colloc0 569 3551 0.0237845 173.521
50	1	46.102	26145.9	26134.5	11.3734	562	474	350	1	0.0001 Colloc0 562 3562 0.0646923 166.442
60	1	54.9776	26067.5	26055.8	11.6344	576	497	327	1	0.0001 Colloc0 576 3508 0.0379903 183.097
70	1	63.8343	25994	25982.5	11.507	552	507	317	2	0.0001 Colloc0 552 3540 0.022243 174.893
80	1	72.559	26083.1	26072.1	11.0753	571	469	355	0	0.0001 Colloc0 571 3528 0.0876647 148.15
90	1	81.4816	25987.9	25976.6	11.276	556	490	334	2	0.0001 Colloc0 556 3555 0.0284288 160.375
100	1	90.3933	26104.7	26093	11.6921	581	447	377	0	0.0001 Colloc0 581 3519 0.0197415 186.854
110	1	99.0229	25914.3	25903.4	10.9234	560	477	347	1	0.0001 Colloc0 560 3520 0.108872 139.16
120	1	108.007	26055.3	26043.9	11.4163	573	454	370	0	0.0001 Colloc0 573 3516 0.0249985 169.137
130	1	117.044	25959.6	25947.9	11.6884	566	466	358	1	0.0001 Colloc0 566 3480 0.0291013 186.61
140	1	125.898	25940.1	25928.9	11.2435	552	491	333	1	0.0001 Colloc0 552 3525 0.0157825 158.366
150	1	134.719	25954.9	25943.5	11.3591	559	473	351	1	0.0001 Colloc0 559 3534 0.0419662 165.541
160	1	143.399	25900.2	25889.2	10.9263	564	477	347	1	0.0001 Colloc0 564 3502 0.112823 139.332
170	1	151.889	25855.4	25843.5	11.9108	547	498	326	2	0.0001 Colloc0 547 3504 0.01799 201.334
180	1	160.577	25799.6	25788.7	10.987	542	485	339	2	0.0001 Colloc0 542 3509 0.118654 142.897
190	1	169.147	25897	25885.7	11.339	563	481	343	2	0.0001 Colloc0 563 3515 0.0291541 164.286
200	1	177.795	25748.1	25736.7	11.4591	548	483	341	1	0.0001 Colloc0 548 3470 0.0272543 171.842
210	1	186.507	25804	25792.6	11.4469	555	474	350	0	0.0001 Colloc0 555 3458 0.0373908 171.073
220	1	195.236	25515.9	25504.9	10.9698	541	504	320	0	0.0001 Colloc0 541 3466 0.0809725 141.884
230	1	204.021	25499.9	25488.4	11.4709	550	501	323	0	0.0001 Colloc0 550 3434 0.0446781 172.597
240	1	213.271	25634.1	25623.4	10.6874	571	483	341	0	0.0001 Colloc0 571 3468 0.146559 125.661
250	1	222.411	25587.2	25576	11.1356	555	497	327	0	0.0001 Colloc0 555 3455 0.0685178 151.783
260	1	231.56	25553.3	25542.2	11.1547	550	508	316	0	0.0001 Colloc0 550 3442 0.073689 152.942
270	1	240.287	25512	25500.4	11.6019	551	495	329	0	0.0001 Colloc0 551 3460 0.0524585 180.99
280	1	248.9	25728.1	25716.5	11.5982	558	460	364	2	0.0001 Colloc0 558 3471 0.0315738 180.749
290	1	257.489	25689.7	25678.1	11.5769	567	483	341	2	0.0001 Colloc0 567 3482 0.0529583 179.377
300	1	266.532	25596.7	25585.8	10.8897	544	492	332	0	0.0001 Colloc0 544 3474 0.0901727 137.195
310	1	275.184	25498	25486.9	11.1398	543	504	320	0	0.0001 Colloc0 543 3464 0.101979 152.04
320	1	283.969	25426.2	25415.1	11.1096	554	517	307	0	0.0001 Colloc0 554 3433 0.0946361 150.212
330	1	292.582	25531.2	25520.2	11.0171	545	483	341	0	0.0001 Colloc0 545 3454 0.0873086 144.677
340	1	301.408	25485.5	25474.1	11.3768	552	504	320	1	0.0001 Colloc0 552 3450 0.0429675 166.651
350	1	310.437	25558.3	25546.9	11.4511	559	492	332	0	0.0001 Colloc0 559 3424 0.0745568 171.334
360	1	319.328	25412.1	25400.5	11.5435	547	505	319	2	0.0001 Colloc0 547 3411 0.00616814 177.228
370	1	328.159	25453.8	25442.8	11.0122	555	518	306	1	0.0001 Colloc0 555 3435 0.0904275 144.389
380	1	337.299	25326.8	25315.6	11.1899	551	562	262	0	0.0001 Colloc0 551 3430 0.0594416 155.083
390	1	346.475	25338.3	25327.3	10.9446	555	521	303	2	0.0001 Colloc0 555 3409 0.121813 140.401
400	1	355.386	25313	25302.1	10.8663	544	555	269	0	0.0001 Colloc0 544 3421 0.107523 135.838
410	1	364.169	25535.9	25524.6	11.2961	562	511	313	1	0.0001 Colloc0 562 3429 0.0582888 161.619
420	1	372.625	25355.4	25344.5	10.909	561	539	285	2	0.0001 Colloc0 561 3434 0.161427 138.322
430	1	381.095	25282.3	25271.2	11.0363	530	565	259	1	0.0001 Colloc0 530 3428 0.0586004 145.823
440	1	389.645	25310.1	25298.7	11.3728	535	548	276	2	0.0001 Colloc0 535 3423 0.0123064 166.399
450	1	398.595	25289.5	25278.7	10.8521	548	542	282	2	0.0001 Colloc0 548 3402 0.106315 135.02
460	1	407.554	25184.6	25173.5	11.0473	553	549	275	0	0.0001 Colloc0 553 3415 0.147107 146.479
470	1	416.476	25314.5	25303.4	11.0871	546	518	306	1	0.0001 Colloc0 546 3431 0.096631 148.858
480	1	425.456	25255.2	25244.3	10.9227	541	548	276	0	0.0001 Colloc0 541 3409 0.0709031 139.118
490	1	434.514	25296.4	25284.9	11.5323	546	532	292	0	0.0001 Colloc0 546 3398 0.0222243 176.514
500	1	443.756	25240	25228.7	11.2776	550	538	286	0	0.0001 Colloc0 550 3412 0.0303261 160.471
510	1	452.718	25130	25119	11.0116	523	570	254	0	0.0001 Colloc0 523 3414 0.045733 144.351
520	1	461.621	25260.6	25249.3	11.322	538	546	278	0	0.0001 Colloc0 538 3393 0.0332962 163.227
530	1	470.152	25171.3	25160.6	10.6665	537	551	273	2	0.0001 Colloc0 537 3424 0.128836 124.493
540	1	478.66	25157.5	25146.7	10.8142	545	561	263	0	0.0001 Colloc0 545 3406 0.160055 132.84
550	1	487.577	25228.1	25217.2	10.8687	538	524	300	3	0.0001 Colloc0 538 3408 0.091841 135.981
560	1	496.605	25319.7	25308.4	11.3229	548	511	313	0	0.0001 Colloc0 548 3388 0.0429792 163.282
570	1	505.756	25232.6	25221.7	10.8771	549	525	299	1	0.0001 Colloc0 549 3389 0.122913 136.467
580	1	514.51	25291.2	25279.9	11.3017	545	513	311	0	0.0001 Colloc0 545 3426 0.0514879 161.964
590	1	523.342	25346.5	25335.1	11.4465	567	513	311	2	0.0001 Colloc0 567 3408 0.0659854 171.043
600	1	532.195	25216	25205.3	10.7312	541	528	296	1	0.0001 Colloc0 541 3377 0.148766 128.121
610	1	541.053	25074.2	25062.9	11.29	542	573	251	1	0.0001 Colloc0 542 3373 0.0967882 161.238
620	1	549.786	25202.3	25190.9	11.3819	558	525	299	1	0.0001 Colloc0 558 3386 0.0689347 166.971
630	1	558.691	25170	25158.7	11.291	541	530	294	3	0.0001 Colloc0 541 3387 0.080649 161.303
640	1	567.625	25211.9	25201.3	10.5655	564	535	289	1	0.0001 Colloc0 564 3389 0.141706 118.927
650	1	576.54	25223.6	25211.8	11.7771	545	541	283	2	0.0001 Colloc0 545 3394 0.0142463 192.437
660	1	585.371	25210.1	25199	11.0773	562	549	275	1	0.0001 Colloc0 562 3384 0.112418 148.272
670	1	594.219	25165.7	25154.1	11.5896	555	564	260	2	0.0001 Colloc0 555 3381 0.0682252 180.193
680	1	603.227	25085.1	25073.6	11.4572	540	570	254	1	0.0001 Colloc0 540 3376 0.021178 171.726
690	1	612.14	25096.2	25085.4	10.8542	534	546	278	1	0.0001 Colloc0 534 3369 0.0969284 135.14
700	1	620.802	25162.8	25151.8	11.0335	542	548	276	2	0.0001 Colloc0 542 3365 0.0872549 145.657
710	1	629.442	25138.6	25127.1	11.5366	540	563	261	4	0.0001 Colloc0 540 3376 0.026309 176.785
720	1	638.318	25049.2	25038	11.1621	534	568	256	3	0.0001 Colloc0 534 3380 0.0587006 153.391
730	1	646.92	24982.8	24972.1	10.7618	522	572	252	2	0.0001 Colloc0 522 3369 0.0797724 129.851
740	1	655.666	25113.7	25102.3	11.3401	548	547	277	1	0.0001 Colloc0 548 3369 0.104256 164.356
750	1	664.466	25093.3	25082	11.3051	547	546	278	1	0.0001 Colloc0 547 3333 0.0869356 162.176
760	1	673.273	25043.4	25032.9	10.5351	546	573	251	3	0.0001 Colloc0 546 3354 0.182207 117.273
770	1	682.24	25227.2	25216.3	10.8491	559	537	287	1	0.0001 Colloc0 559 3373 0.10867 134.848
780	1	691.205	25222.2	25211.4	10.8083	560	547	277	4	0.0001 Colloc0 560 3363 0.170701 132.501
790	1	700.158	25091.1	25079.8	11.3682	557	580	244	2	0.0001 Colloc0 557 3339 0.0563681 166.111
800	1	709.084	25086.8	25075.7	11.1306	537	574	250	2	0.0001 Colloc0 537 3379 0.0847774 151.481
810	1	717.864	25147.3	25136.6	10.7298	558	567	257	2	0.0001 Colloc0 558 3365 0.178122 128.046
820	1	726.534	25089.9	25078.7	11.1674	530	563	261	1	0.0001 Colloc0 530 3366 0.0323003 153.712
830	1	735.453	25198.1	25186.9	11.2561	548	541	283	1	0.0001 Colloc0 548 3363 0.0483123 159.146
840	1	744.338	25232.5	25221.4	11.0629	556	523	301	2	0.0001 Colloc0 556 3382 0.127721 147.41
850	1	753.16	25139.6	25128.7	10.9602	544	561	263	1	0.0001 Colloc0 544 3374 0.114335 141.315
860	1	762.125	25047.5	25036.4	11.1062	550	570	254	2	0.0001 Colloc0 550 3325 0.0707139 150.01
870	1	771.046	25233.7	25222.3	11.3619	554	531	293	2	0.0001 Colloc0 554 3368 0.0246827 165.716
880	1	779.785	25041.1	25030	11.0859	551	566	258	2	0.0001 Colloc0 551 3354 0.0771697 148.785
890	1	788.696	25063.3	25052.1	11.1514	551	556	268	2	0.0001 Colloc0 551 3338 0.0818998 152.742
900	1	797.422	25127.2	25115.7	11.4357	540	554	270	1	0.0001 Colloc0 540 3361 0.0451881 170.361
910	1	806.353	25062	25051.8	10.1688	546	555	269	3	0.0001 Colloc0 546 3349 0.16534 98.2077
920	1	815.408	25096.7	25085.7	10.976	549	542	282	1	0.0001 Colloc0 549 3348 0.0658487 142.249
930	1	824.607	25156.8	25145.5	11.3129	555	562	262	2	0.0001 Colloc0 555 3375 0.038401 162.659
940	1	833.121	25089.6	25078.5	11.1565	543	560	264	2	0.0001 Colloc0 543 3358 0.0611764 153.05
950	1	841.784	25115.3	25104.5	10.7985	550	560	264	3	0.0001 Colloc0 550 3348 0.164051 131.942
960	1	850.535	25085	25074.2	10.8116	552	548	276	1	0.0001 Colloc0 552 3333 0.133305 132.691
970	1	859.605	25098	25087.1	10.8342	535	528	296	1	0.0001 Colloc0 535 3343 0.107817 133.991
980	1	868.477	25021.3	25010.5	10.8424	545	549	275	2	0.0001 Colloc0 545 3342 0.110966 134.46
990	1	877.072	25036	25025	10.9974	552	562	262	1	0.0001 Colloc0 552 3340 0.0782489 143.509
1000	1	885.774	25028.8	25017.9	10.907	557	557	267	1	0.0001 Colloc0 557 3344 0.105208 138.202
1010	1	894.303	25077.9	25066.6	11.342	544	547	277	1	0.0001 Colloc0 544 3324 0.0824525 164.476
1020	1	902.955	25160.4	25149.3	11.0855	566	525	299	2	0.0001 Colloc0 566 3314 0.142917 148.764
1030	1	911.567	24895.1	24884.1	10.9609	539	584	240	0	0.0001 Colloc0 539 3312 0.116311 141.36
1040	1	920.34	24915.5	24904.1	11.4829	548	563	261	2	0.0001 Colloc0 548 3307 0.0692913 173.356
1050	1	929.325	24887.5	24877.4	10.1687	529	575	249	2	0.0001 Colloc0 529 3318 0.188179 98.2018
1060	1	937.978	24974.1	24963.4	10.7449	552	550	274	2	0.0001 Colloc0 552 3331 0.19595 128.897
1070	1	946.631	25030.1	25018.7	11.3983	543	543	281	3	0.0001 Colloc0 543 3317 0.0472725 168.003
1080	1	955.337	24924.5	24913.5	11.0455	550	557	267	1	0.0001 Colloc0 550 3324 0.126897 146.369
1090	1	964.273	24982.9	24971.9	11.0443	551	549	275	2	0.0001 Colloc0 551 3312 0.106796 146.299
1100	1	973.003	24907	24895.6	11.496	528	564	260	2	0.0001 Colloc0 528 3337 0.00554515 174.194
1110	1	981.888	24861.9	24851	10.8272	547	547	277	1	0.0001 Colloc0 547 3297 0.136074 133.587
1120	1	990.914	25068.6	25057.1	11.4829	548	531	293	1	0.0001 Colloc0 548 3328 0.0197259 173.358
1130	1	999.763	24926.1	24915	11.0868	561	553	271	1	0.0001 Colloc0 561 3324 0.0961493 148.84
1140	1	1008.6	24885.2	24873.6	11.6705	546	567	257	3	0.0001 Colloc0 546 3302 0.0601391 185.447
1150	1	1017.42	24814.6	24803.6	10.9747	544	569	255	1	0.0001 Colloc0 544 3285 0.060909 142.172
1160	1	1026.39	25049.5	25038.3	11.2394	558	531	293	2	0.0001 Colloc0 558 3310 0.0638293 158.118
1170	1	1035.4	24888.1	24877.2	10.8808	542	557	267	3	0.0001 Colloc0 542 3304 0.134505 136.678
1180	1	1044.38	24801.8	24790.7	11.1271	548	596	228	4	0.0001 Colloc0 548 3276 0.125447 151.267
1190	1	1053.42	24986	24974.9	11.1425	552	564	260	1	0.0001 Colloc0 552 3322 0.117351 152.203
1200	1	1062.4	24963.1	24951.9	11.2722	563	550	274	1	0.0001 Colloc0 563 3313 0.0836361 160.142
1210	1	1070.99	24931.5	24920.5	10.9387	538	555	269	2	0.0001 Colloc0 538 3314 0.0782074 140.056
1220	1	1079.69	24960.1	24949.3	10.7339	559	549	275	1	0.0001 Colloc0 559 3309 0.152701 128.271
1230	1	1088.6	24869.2	24857.9	11.3098	525	573	251	4	0.0001 Colloc0 525 3305 0.0541966 162.468
1240	1	1097.06	24857.2	24846.3	10.8618	537	587	237	2	0.0001 Colloc0 537 3297 0.15951 135.578
1250	1	1106.06	24871	24860.2	10.7167	542	573	251	1	0.0001 Colloc0 542 3283 0.142307 127.305
1260	1	1114.91	24855.4	24844.2	11.1102	535	555	269	1	0.0001 Colloc0 535 3279 0.0779942 150.251
1270	1	1124.04	24882.9	24871.6	11.2828	539	583	241	2	0.0001 Colloc0 539 3324 0.0896401 160.791
1280	1	1133.05	24821.2	24810.3	10.9098	547	588	236	1	0.0001 Colloc0 547 3309 0.122573 138.364
1290	1	1141.63	24926.5	24914.8	11.7339	551	561	263	3	0.0001 Colloc0 551 3294 0.0504877 189.593
1300	1	1150.46	24879.6	24868.3	11.3542	542	554	270	2	0.0001 Colloc0 542 3311 0.0396143 165.238
1310	1	1159.16	24933	24921.9	11.0836	547	565	259	3	0.0001 Colloc0 547 3288 0.109767 148.649
1320	1	1167.92	24897.8	24886.5	11.3114	571	571	253	1	0.0001 Colloc0 571 3285 0.0836952 162.568
1330	1	1176.61	24848.1	24836.6	11.4925	538	565	259	4	0.0001 Colloc0 538 3295 0.0237995 173.969
1340	1	1185.51	24782.2	24770.6	11.5605	534	585	239	1	0.0001 Colloc0 534 3269 0.0619313 178.322
1350	1	1194.49	24769.1	24758.1	11.077	537	580	244	1	0.0001 Colloc0 537 3277 0.0736564 148.253
1360	1	1203.37	24746.2	24735.1	11.1526	534	593	231	1	0.0001 Colloc0 534 3267 0.0883928 152.813
1370	1	1212.35	24854.1	24842.9	11.161	543	578	246	3	0.0001 Colloc0 543 3278 0.0613061 153.324
1380	1	1220.85	24925.3	24914.3	11.0123	546	563	261	1	0.0001 Colloc0 546 3304 0.103914 144.396
1390	1	1229.56	25042.9	25031.6	11.361	537	540	284	4	0.0001 Colloc0 537 3326 0.0355407 165.663
1400	1	1238.4	24943.6	24932.7	10.856	540	569	255	1	0.0001 Colloc0 540 3305 0.0902439 135.243
1410	1	1247.43	24853	24842.3	10.7472	538	589	235	2	0.0001 Colloc0 538 3314 0.14595 129.024
1420	1	1256.3	24922.8	24911.8	11.0071	550	537	287	1	0.0001 Colloc0 550 3288 0.0984649 144.083
1430	1	1265.25	25004.5	24993.2	11.3261	559	545	279	3	0.0001 Colloc0 559 3307 0.099988 163.481
1440	1	1274.15	24817.4	24806.3	11.117	554	560	264	3	0.0001 Colloc0 554 3270 0.136658 150.659
1450	1	1282.85	24767	24756.3	10.7444	548	583	241	2	0.0001 Colloc0 548 3268 0.0957316 128.866
1460	1	1291.58	24801.5	24790.9	10.6742	551	603	221	1	0.0001 Colloc0 551 3287 0.159956 124.925
1470	1	1300.39	24855.3	24844.3	11.0183	541	545	279	1	0.0001 Colloc0 541 3280 0.110861 144.751
1480	1	1309.3	24901.1	24890.3	10.7881	550	573	251	1	0.0001 Colloc0 550 3297 0.140172 131.347
1490	1	1318.17	24862.5	24851.2	11.3288	549	569	255	1	0.0001 Colloc0 549 3279 0.0818675 163.649
1500	1	1326.87	24888.9	24878.5	10.4208	552	558	266	0	0.0001 Colloc0 552 3268 0.171943 111.149
1510	1	1335.43	24788.1	24776.5	11.5926	544	574	250	1	0.0001 Colloc0 544 3278 0.0101322 180.392
1520	1	1344.48	24754.6	24743.7	10.9527	553	585	239	1	0.0001 Colloc0 553 3259 0.102397 140.879
1530	1	1353.41	24743.9	24732.3	11.6495	550	590	234	1	0.0001 Colloc0 550 3265 0.041031 184.079
1540	1	1362.34	24790.8	24779.8	10.9897	548	594	230	0	0.0001 Colloc0 548 3272 0.101807 143.054
1550	1	1371.17	24835.3	24824.6	10.6575	549	566	258	1	0.0001 Colloc0 549 3282 0.143851 123.996
1560	1	1380.28	24965.2	24954.2	10.9172	563	539	285	2	0.0001 Colloc0 563 3303 0.113484 138.797
1570	1	1389.27	24735.1	24723.8	11.2979	543	587	237	1	0.0001 Colloc0 543 3269 0.0345366 161.728
1580	1	1398.09	24703.7	24692.6	11.1553	531	600	224	3	0.0001 Colloc0 531 3267 0.0510781 152.976
1590	1	1407.04	24756.7	24745.4	11.3612	536	574	250	1	0.0001 Colloc0 536 3268 0.0783257 165.673
1600	1	1415.59	24762.4	24751.5	10.8582	546	589	235	2	0.0001 Colloc0 546 3278 0.143876 135.37
1610	1	1424.65	24831.1	24819.9	11.1405	543	568	256	2	0.0001 Colloc0 543 3284 0.0708792 152.082
1620	1	1433.65	24789.1	24777.9	11.2257	557	581	243	2	0.0001 Colloc0 557 3286 0.13337 157.277
1630	1	1442.57	24830.4	24818.6	11.7682	564	577	247	2	0.0001 Colloc0 564 3265 0.0367442 191.851
1640	1	1451.51	24860.6	24849.4	11.1748	542	558	266	4	0.0001 Colloc0 542 3270 0.0716838 154.163
1650	1	1460.13	24801.7	24790.9	10.7897	559	578	246	1	0.0001 Colloc0 559 3269 0.140243 131.442
1660	1	1469.11	24840.5	24829.1	11.3645	547	575	249	2	0.0001 Colloc0 547 3286 0.0729914 165.879
1670	1	1477.83	24734.4	24723	11.35	536	586	238	1	0.0001 Colloc0 536 3254 0.0084619 164.974
1680	1	1486.66	24709.8	24699.1	10.6979	539	603	221	1	0.0001 Colloc0 539 3259 0.12094 126.252
1690	1	1495.38	24708	24696.7	11.352	537	581	243	3	0.0001 Colloc0 537 3250 0.0781439 165.1
1700	1	1504.24	24753.2	24741.6	11.5563	547	580	244	3	0.0001 Colloc0 547 3261 0.00989221 178.051
1710	1	1513.03	24792.6	24781.7	10.9357	547	570	254	1	0.0001 Colloc0 547 3278 0.0967976 139.878
1720	1	1521.91	24780.5	24769.1	11.4403	562	572	252	2	0.0001 Colloc0 562 3258 0.102183 170.652
1730	1	1530.84	24711.6	24700.7	10.8772	549	582	242	1	0.0001 Colloc0 549 3246 0.138471 136.473
1740	1	1539.66	24674.3	24663	11.2956	539	603	221	0	0.0001 Colloc0 539 3261 0.13594 161.59
1750	1	1548.47	24710.7	24699.8	10.9657	548	614	210	1	0.0001 Colloc0 548 3267 0.119248 141.643
1760	1	1557.37	24693.9	24683	10.8687	532	594	230	1	0.0001 Colloc0 532 3268 0.0783109 135.98
1770	1	1565.71	24725.2	24714.1	11.0666	546	581	243	0	0.0001 Colloc0 546 3253 0.096517 147.633
1780	1	1574.3	24686.7	24675.6	11.0249	550	576	248	0	0.0001 Colloc0 550 3242 0.126575 145.141
1790	1	1582.94	24698.6	24687.4	11.1949	538	575	249	0	0.0001 Colloc0 538 3248 0.0465044 155.39
1800	1	1591.66	24717.8	24706	11.7842	548	575	249	0	0.0001 Colloc0 548 3252 0.0140857 192.907
1810	1	1600.2	24759.5	24748.2	11.271	543	589	235	4	0.0001 Colloc0 543 3256 0.0620104 160.063
1820	1	1608.81	24733.2	24722	11.1804	546	583	241	0	0.0001 Colloc0 546 3252 0.0593266 154.503
1830	1	1617.61	24651.8	24640.2	11.6582	543	608	216	2	0.0001 Colloc0 543 3236 0.0307494 184.643
1840	1	1626.27	24700.8	24690.2	10.6622	548	597	227	2	0.0001 Colloc0 548 3226 0.172959 124.253
1850	1	1635.24	24676.6	24665.2	11.337	541	583	241	3	0.0001 Colloc0 541 3231 0.0461552 164.161
1860	1	1644.14	24592.5	24582.2	10.3087	531	617	207	1	0.0001 Colloc0 531 3220 0.193447 105.297
1870	1	1652.88	24679.5	24668.1	11.4188	548	604	220	1	0.0001 Colloc0 548 3232 0.0177615 169.295
1880	1	1661.52	24500.1	24489.3	10.8406	539	632	192	2	0.0001 Colloc0 539 3222 0.112162 134.358
1890	1	1670.13	24645.5	24634.5	10.9846	563	613	211	1	0.0001 Colloc0 563 3239 0.155363 142.752
1900	1	1679.01	24652.5	24641.2	11.2689	547	576	248	1	0.0001 Colloc0 547 3237 0.043267 159.932
1910	1	1687.81	24698.9	24687.6	11.3266	547	587	237	1	0.0001 Colloc0 547 3239 0.0676182 163.513
1920	1	1696.47	24773.3	24762.2	11.0404	537	576	248	1	0.0001 Colloc0 537 3280 0.0760639 146.066
1930	1	1704.9	24686.5	24675.5	10.9452	532	593	231	0	0.0001 Colloc0 532 3236 0.0695827 140.439
1940	1	1713.57	24710.3	24699	11.2865	549	573	251	1	0.0001 Colloc0 549 3232 0.0694499 161.021
1950	1	1722.21	24714	24702.6	11.4562	546	574	250	2	0.0001 Colloc0 546 3251 0.0453297 171.659
1960	1	1730.91	24787.8	24776.5	11.2594	555	581	243	1	0.0001 Colloc0 555 3252 0.0845801 159.347
1970	1	1739.37	24663.9	24652.9	11.0337	545	586	238	2	0.0001 Colloc0 545 3240 0.105024 145.667
1980	1	1747.88	24624	24612.8	11.1503	546	601	223	0	0.0001 Colloc0 546 3247 0.14052 152.674
1990	1	1756.59	24580.5	24569.4	11.1917	546	628	196	2	0.0001 Colloc0 546 3242 0.0764829 155.194
2000	1	1765.24	24529.8	24519.2	10.5824	543	628	196	3	0.0001 Colloc0 543 3229 0.168864 119.847
