# D = 0, E = 1, I = 1, P = 1, R = -1, n = 2000, N = 1, P = 1, w = 1, a = 0.0001, b = 10000, e = 1, f = 1, g = 100, h = 0.01, r = 23833, s = 1, S = 0, x = 10, m = 100, Z = 1, z = 0, T = 1, t = 1
# 9091 tokens in 824 sentences
#
# It	Temp	Time	-logP	-logPcorpus	-logPrior	tables	same	changed	reject	default_pya	(parent pym pyn pya pyb)*
0	1	0.713891	34782.2	34668.4	113.764	2281	0	824	0	0.0001 Colloc0 2281 3762 0.0001 10000
10	1	11.2753	26984.5	26971.8	12.6573	667	377	447	1	0.0001 Colloc0 667 3489 0.00493624 253.266
20	1	20.8518	26634.2	26621.9	12.2927	629	415	409	0	0.0001 Colloc0 629 3507 0.013847 227.454
30	1	30.4914	26578.4	26566.3	12.0627	610	427	397	2	0.0001 Colloc0 610 3511 0.0234728 211.601
40	1	40.2749	26341	26329.3	11.7017	590	470	354	2	0.0001 Colloc0 590 3514 0.0104698 187.48
50	1	49.7954	26194.9	26183.2	11.7445	566	470	354	4	0.0001 Colloc0 566 3502 0.00185931 190.288
60	1	58.948	26142.8	26131.3	11.5259	591	473	351	2	0.0001 Colloc0 591 3490 0.0945792 176.105
70	1	68.9755	26015.8	26004.1	11.7379	594	489	335	1	0.0001 Colloc0 594 3440 0.0388288 189.859
80	1	78.4651	25922.3	25911.1	11.1674	580	510	314	4	0.0001 Colloc0 580 3436 0.0834354 153.712
90	1	87.9716	26175.4	26163.7	11.6509	608	467	357	1	0.0001 Colloc0 608 3456 0.0542126 184.171
100	1	97.3592	26072.7	26061	11.7161	589	459	365	2	0.0001 Colloc0 589 3451 0.0274792 188.424
110	1	106.815	25971.6	25959.8	11.8026	594	491	333	2	0.0001 Colloc0 594 3420 0.0244797 194.127
120	1	115.818	25983.4	25971.8	11.6776	582	445	379	1	0.0001 Colloc0 582 3452 0.020375 185.906
130	1	125.107	25896.2	25884.6	11.5859	583	491	333	2	0.0001 Colloc0 583 3423 0.0531581 179.96
140	1	134.563	25760.2	25748.2	12.0227	576	508	316	1	0.0001 Colloc0 576 3426 0.0244603 208.88
150	1	143.815	25797.4	25786.1	11.3064	573	496	328	2	0.0001 Colloc0 573 3420 0.0631382 162.255
160	1	153.005	25677.4	25665.8	11.5461	567	495	329	5	0.0001 Colloc0 567 3419 0.0602137 177.395
170	1	162.359	25779.5	25767.6	11.866	575	486	338	2	0.0001 Colloc0 575 3432 0.0079388 198.339
180	1	171.964	25630.6	25619.1	11.4935	574	516	308	2	0.0001 Colloc0 574 3377 0.06985 174.031
190	1	181.331	25549.9	25538.2	11.7543	564	534	290	1	0.0001 Colloc0 564 3405 0.0408364 190.934
200	1	190.567	25762.9	25751.5	11.3951	574	498	326	2	0.0001 Colloc0 574 3435 0.0492001 167.8
210	1	199.581	25596.9	25585.8	11.1365	580	514	310	3	0.0001 Colloc0 580 3363 0.112892 151.839
220	1	208.913	25552.1	25540.2	11.8977	570	516	308	4	0.0001 Colloc0 570 3360 0.00238133 200.459
230	1	218.159	25478.3	25466.5	11.7619	572	525	299	4	0.0001 Colloc0 572 3340 0.0200111 191.439
240	1	227.504	25469.7	25458.5	11.2715	571	540	284	0	0.0001 Colloc0 571 3346 0.0599905 160.096
250	1	236.625	25491.8	25480.8	10.9963	594	530	294	0	0.0001 Colloc0 594 3357 0.130876 143.444
260	1	245.71	25269.7	25258.3	11.4567	565	564	260	4	0.0001 Colloc0 565 3334 0.0636324 171.693
270	1	255.215	25243.7	25232.5	11.1246	580	580	244	3	0.0001 Colloc0 580 3323 0.117963 151.118
280	1	264.487	25249.7	25238.5	11.2019	561	544	280	1	0.0001 Colloc0 561 3329 0.112693 155.818
290	1	273.453	25316.8	25305.8	10.9888	585	539	285	1	0.0001 Colloc0 585 3307 0.109089 143.006
300	1	282.669	25249.6	25238	11.6319	562	546	278	2	0.0001 Colloc0 562 3337 0.00909336 182.933
310	1	291.946	25303.3	25291.9	11.4135	567	539	285	1	0.0001 Colloc0 567 3329 0.0801491 168.959
320	1	301.142	25228.7	25217.4	11.2211	568	563	261	1	0.0001 Colloc0 568 3324 0.09819 156.995
330	1	310.683	25376.4	25364.6	11.8498	575	537	287	1	0.0001 Colloc0 575 3351 0.0164521 197.262
340	1	320.332	25324.6	25313	11.5564	579	540	284	0	0.0001 Colloc0 579 3323 0.0599127 178.058
350	1	329.963	25256.4	25244.4	11.991	563	540	284	0	0.0001 Colloc0 563 3338 0.00427317 206.737
360	1	339.602	25293.4	25282.1	11.2831	574	552	272	2	0.0001 Colloc0 574 3323 0.0620966 160.812
370	1	349.282	25181.6	25170.7	10.8233	553	563	261	1	0.0001 Colloc0 553 3328 0.144725 133.365
380	1	358.794	25234.9	25223.4	11.526	561	550	274	2	0.0001 Colloc0 561 3328 0.0598747 176.105
390	1	368.492	25284.6	25272.8	11.7979	562	515	309	2	0.0001 Colloc0 562 3340 0.0250488 193.814
400	1	378.183	25384.4	25373.4	10.99	570	538	286	1	0.0001 Colloc0 570 3346 0.101123 143.072
410	1	387.685	25459.9	25448.2	11.683	566	502	322	3	0.0001 Colloc0 566 3358 0.0265631 186.26
420	1	397.206	25357.3	25346.2	11.0932	577	506	318	0	0.0001 Colloc0 577 3336 0.13343 149.226
430	1	406.886	25255.3	25243.8	11.5297	560	515	309	0	0.0001 Colloc0 560 3359 0.0561197 176.342
440	1	416.48	25275.3	25263.6	11.6728	571	527	297	0	0.0001 Colloc0 571 3342 0.0772283 185.597
450	1	425.939	25222.5	25210.8	11.6306	567	516	308	1	0.0001 Colloc0 567 3314 0.065456 182.847
460	1	434.78	25179.2	25167.9	11.2635	545	540	284	0	0.0001 Colloc0 545 3339 0.0625717 159.6
470	1	444.208	25142.3	25130.8	11.4942	548	554	270	1	0.0001 Colloc0 548 3314 0.0322198 174.078
480	1	453.816	25107.1	25096.8	10.2607	554	570	254	2	0.0001 Colloc0 554 3308 0.207176 102.835
490	1	463.282	25107	25095.9	11.0319	558	574	250	2	0.0001 Colloc0 558 3318 0.119966 145.557
500	1	472.861	25083.1	25072.2	10.8636	556	557	267	0	0.0001 Colloc0 556 3312 0.0828988 135.687
510	1	482.341	25095.1	25083.4	11.704	561	554	270	0	0.0001 Colloc0 561 3298 0.00357666 187.633
520	1	492.12	25202.4	25191.4	11.0402	585	530	294	0	0.0001 Colloc0 585 3331 0.111408 146.056
530	1	501.672	25171.9	25161.5	10.4704	571	553	271	0	0.0001 Colloc0 571 3312 0.216315 113.787
540	1	511.306	25070.4	25058.9	11.452	562	576	248	3	0.0001 Colloc0 562 3308 0.0417635 171.396
550	1	520.902	25095.4	25084.3	11.1412	550	574	250	4	0.0001 Colloc0 550 3296 0.095783 152.125
560	1	530.109	25086.1	25074.5	11.5773	555	561	263	3	0.0001 Colloc0 555 3290 0.0426963 179.405
570	1	539.255	25004.3	24993.4	10.8852	555	585	239	0	0.0001 Colloc0 555 3279 0.0908031 136.933
580	1	548.997	25038.8	25027.6	11.2288	557	565	259	2	0.0001 Colloc0 557 3293 0.0891321 157.464
590	1	558.59	24984.5	24973.1	11.3627	550	595	229	1	0.0001 Colloc0 550 3309 0.0539191 165.771
600	1	568.042	25140.3	25129.1	11.1092	574	569	255	2	0.0001 Colloc0 574 3326 0.0923277 150.187
610	1	577.574	24996.4	24985.2	11.1523	550	579	245	2	0.0001 Colloc0 550 3320 0.0896647 152.794
620	1	586.928	25125	25113.2	11.8732	561	557	267	2	0.0001 Colloc0 561 3300 0.0283072 198.816
630	1	596.118	25067.5	25055.8	11.6166	563	562	262	0	0.0001 Colloc0 563 3289 0.0480584 181.942
640	1	605.464	24941.6	24930.1	11.5411	549	581	243	2	0.0001 Colloc0 549 3294 0.0363224 177.076
650	1	614.653	25026.5	25015.6	10.8934	550	580	244	2	0.0001 Colloc0 550 3306 0.104694 137.411
660	1	624.051	25117.9	25106.9	10.9751	585	547	277	2	0.0001 Colloc0 585 3288 0.129515 142.196
670	1	633.301	25033.4	25021.8	11.5298	555	569	255	1	0.0001 Colloc0 555 3286 0.0240758 176.353
680	1	642.547	25130	25118.9	11.164	578	566	258	4	0.0001 Colloc0 578 3274 0.150843 153.504
690	1	651.874	24876.6	24865.8	10.7582	553	587	237	0	0.0001 Colloc0 553 3267 0.162596 129.646
700	1	661.621	24962.5	24951.4	11.0699	566	577	247	2	0.0001 Colloc0 566 3267 0.121418 147.825
710	1	671.206	24956.8	24945	11.7544	557	575	249	3	0.0001 Colloc0 557 3258 0.035313 190.943
720	1	680.672	24928.5	24917.1	11.3991	559	588	236	1	0.0001 Colloc0 559 3249 0.0764031 168.052
730	1	690.283	25009.1	24998.3	10.8005	586	564	260	0	0.0001 Colloc0 586 3243 0.172625 132.06
740	1	699.94	24974.1	24962.6	11.5651	557	567	257	1	0.0001 Colloc0 557 3247 0.0198051 178.617
750	1	709.455	24961.7	24950.5	11.1119	560	566	258	0	0.0001 Colloc0 560 3250 0.0961371 150.351
760	1	718.555	24878.6	24867.2	11.3789	560	586	238	1	0.0001 Colloc0 560 3269 0.0579974 166.784
770	1	727.686	24962.9	24951	11.9681	574	580	244	1	0.0001 Colloc0 574 3258 0.0217064 205.189
780	1	737.27	24996.6	24985.3	11.3544	556	575	249	1	0.0001 Colloc0 556 3294 0.0384205 165.248
790	1	746.919	25016.8	25005.5	11.3068	571	558	266	1	0.0001 Colloc0 571 3261 0.0656799 162.283
800	1	756.546	25007.3	24995.6	11.6574	562	576	248	1	0.0001 Colloc0 562 3288 0.0665455 184.59
810	1	766.167	25021.2	25009.6	11.5861	557	550	274	1	0.0001 Colloc0 557 3269 0.00333101 179.972
820	1	775.392	24981.6	24970.4	11.1619	552	574	250	0	0.0001 Colloc0 552 3281 0.0817108 153.38
830	1	784.905	24986	24974.4	11.5336	540	562	262	0	0.0001 Colloc0 540 3299 0.0205218 176.593
840	1	794.196	24874.4	24863	11.4894	548	604	220	2	0.0001 Colloc0 548 3271 0.0955948 173.773
850	1	803.663	24882	24870.9	11.1213	548	576	248	1	0.0001 Colloc0 548 3257 0.08751 150.917
860	1	812.996	24842.9	24831.7	11.2021	554	593	231	0	0.0001 Colloc0 554 3271 0.0822295 155.829
870	1	822.291	24832.5	24820.9	11.5845	542	590	234	2	0.0001 Colloc0 542 3266 0.00337747 179.869
880	1	831.886	24858.6	24847.1	11.556	541	589	235	3	0.0001 Colloc0 541 3264 0.037031 178.03
890	1	841.507	24892	24881.5	10.5275	538	553	271	0	0.0001 Colloc0 538 3285 0.130065 116.858
900	1	850.884	24878.3	24867.3	10.9833	550	586	238	1	0.0001 Colloc0 550 3280 0.0922488 142.681
910	1	860.183	24888.1	24876.7	11.4602	544	582	242	1	0.0001 Colloc0 544 3271 0.0495624 171.914
920	1	869.038	24860.7	24849.3	11.3279	542	581	243	1	0.0001 Colloc0 542 3254 0.0373931 163.597
930	1	878.541	24926	24914.8	11.2387	563	578	246	2	0.0001 Colloc0 563 3268 0.0982298 158.076
940	1	887.804	24851.9	24840.3	11.5827	548	587	237	0	0.0001 Colloc0 548 3247 0.0411672 179.748
950	1	897.304	24983.2	24971.8	11.405	548	557	267	2	0.0001 Colloc0 548 3279 0.051792 168.422
960	1	906.629	25011.3	25000.2	11.0964	550	555	269	0	0.0001 Colloc0 550 3280 0.067653 149.417
970	1	916.028	24860.6	24849.8	10.8587	548	567	257	2	0.0001 Colloc0 548 3244 0.126418 135.399
980	1	925.205	24892.7	24880.9	11.7196	558	569	255	2	0.0001 Colloc0 558 3265 0.0273299 188.654
990	1	935.029	24755.4	24744.1	11.3632	545	574	250	1	0.0001 Colloc0 545 3259 0.0590328 165.799
1000	1	944.601	24770.7	24760.5	10.232	564	593	231	1	0.0001 Colloc0 564 3259 0.169446 101.38
1010	1	953.898	24713.3	24702.5	10.7335	541	599	225	1	0.0001 Colloc0 541 3256 0.128616 128.25
1020	1	963.325	24736.4	24725.1	11.2307	537	578	246	1	0.0001 Colloc0 537 3264 0.0290468 157.584
1030	1	972.56	24872.5	24861.3	11.1958	562	560	264	1	0.0001 Colloc0 562 3290 0.0543564 155.444
1040	1	981.836	24754.2	24742.9	11.3397	544	594	230	1	0.0001 Colloc0 544 3286 0.0668942 164.332
1050	1	991.002	24773.9	24762.6	11.3759	538	583	241	0	0.0001 Colloc0 538 3269 0.0804254 166.595
1060	1	1000.52	24654	24643.3	10.7174	536	608	216	2	0.0001 Colloc0 536 3273 0.0888929 127.345
1070	1	1010.24	24722.5	24711.4	11.1306	553	590	234	0	0.0001 Colloc0 553 3249 0.0812841 151.483
1080	1	1019.82	24700.8	24689.5	11.2385	549	566	258	1	0.0001 Colloc0 549 3253 0.104069 158.059
1090	1	1029.44	24706.3	24694.7	11.5665	543	573	251	4	0.0001 Colloc0 543 3252 0.034045 178.71
1100	1	1039.01	24749.3	24737.8	11.5209	555	578	246	1	0.0001 Colloc0 555 3249 0.05872 175.781
1110	1	1048.85	24783.4	24772.3	11.0948	563	575	249	4	0.0001 Colloc0 563 3255 0.0920232 149.324
1120	1	1058.55	24838.2	24827.1	11.1227	561	571	253	1	0.0001 Colloc0 561 3282 0.117613 151.004
1130	1	1067.79	24764.1	24753.7	10.3893	543	564	260	1	0.0001 Colloc0 543 3255 0.184459 109.492
1140	1	1077.35	24831.5	24820	11.5399	558	562	262	0	0.0001 Colloc0 558 3263 0.0493674 176.997
1150	1	1086.91	24745.8	24734.9	10.8555	547	584	240	0	0.0001 Colloc0 547 3265 0.145547 135.215
1160	1	1096.6	24690.1	24678.9	11.187	532	584	240	0	0.0001 Colloc0 532 3270 0.0751061 154.907
1170	1	1106.32	24672.2	24661.1	11.1629	544	604	220	2	0.0001 Colloc0 544 3253 0.0735381 153.439
1180	1	1115.62	24731.8	24721.1	10.704	547	572	252	1	0.0001 Colloc0 547 3255 0.163662 126.593
1190	1	1125.13	24691.9	24681	10.922	546	578	246	1	0.0001 Colloc0 546 3260 0.0944246 139.079
1200	1	1134.1	24795.1	24784	11.038	553	577	247	0	0.0001 Colloc0 553 3272 0.106343 145.925
1210	1	1143.53	24863.5	24851.6	11.9406	557	575	249	1	0.0001 Colloc0 557 3284 0.0152597 203.337
1220	1	1153.01	24634.3	24623.3	10.9885	545	601	223	0	0.0001 Colloc0 545 3265 0.120385 142.986
1230	1	1162.51	24763	24751.9	11.058	560	588	236	1	0.0001 Colloc0 560 3256 0.104205 147.115
1240	1	1172.16	24722.3	24711.2	11.1222	549	616	208	0	0.0001 Colloc0 549 3247 0.0919582 150.972
1250	1	1181.86	24802.3	24791.4	10.9226	547	580	244	2	0.0001 Colloc0 547 3254 0.114377 139.114
1260	1	1190.86	24733.2	24722	11.1231	549	589	235	1	0.0001 Colloc0 549 3230 0.0860704 151.029
1270	1	1200.46	24800.1	24788.7	11.3964	561	572	252	2	0.0001 Colloc0 561 3267 0.0630012 167.88
1280	1	1209.78	24847.6	24836.3	11.2138	562	572	252	1	0.0001 Colloc0 562 3267 0.102535 156.546
1290	1	1218.95	24722	24711	10.9948	538	581	243	2	0.0001 Colloc0 538 3261 0.0836606 143.36
1300	1	1228.17	24669.4	24658.4	10.9778	538	598	226	2	0.0001 Colloc0 538 3241 0.139781 142.355
1310	1	1237.57	24748.8	24737.2	11.6533	542	595	229	2	0.0001 Colloc0 542 3265 0.0184065 184.326
1320	1	1246.58	24737.3	24725.9	11.3641	547	590	234	0	0.0001 Colloc0 547 3249 0.0817674 165.854
1330	1	1256.19	24731.9	24720.8	11.0651	545	585	239	2	0.0001 Colloc0 545 3265 0.0543173 147.543
1340	1	1265.46	24727.7	24717.3	10.4351	568	588	236	1	0.0001 Colloc0 568 3255 0.169146 111.908
1350	1	1275	24698.8	24687.6	11.2218	545	602	222	3	0.0001 Colloc0 545 3277 0.0987669 157.034
1360	1	1284.27	24660.7	24649.5	11.2259	548	597	227	2	0.0001 Colloc0 548 3270 0.0827667 157.285
1370	1	1293.57	24632.9	24622	10.8246	532	600	224	5	0.0001 Colloc0 532 3229 0.0848697 133.436
1380	1	1303.22	24659.4	24648.2	11.1943	548	577	247	2	0.0001 Colloc0 548 3214 0.0731648 155.354
1390	1	1312.64	24724.8	24714	10.8801	565	565	259	2	0.0001 Colloc0 565 3224 0.181977 136.637
1400	1	1321.74	24652.5	24641	11.5022	553	615	209	3	0.0001 Colloc0 553 3251 0.0554984 174.585
1410	1	1331.03	24696.8	24685.1	11.6573	571	581	243	0	0.0001 Colloc0 571 3232 0.0735329 184.583
1420	1	1340.52	24660.4	24649.5	10.8487	551	588	236	3	0.0001 Colloc0 551 3247 0.12154 134.826
1430	1	1349.63	24569.5	24558	11.5019	543	607	217	2	0.0001 Colloc0 543 3231 0.0372604 174.565
1440	1	1359.08	24745	24733.6	11.4529	546	564	260	1	0.0001 Colloc0 546 3251 0.0143856 171.451
1450	1	1368.52	24535.5	24524.7	10.7773	537	646	178	1	0.0001 Colloc0 537 3223 0.114508 130.733
1460	1	1377.84	24650.4	24639.1	11.3017	535	610	214	2	0.0001 Colloc0 535 3236 0.0224618 161.963
1470	1	1387.54	24694.5	24683.2	11.2596	560	605	219	2	0.0001 Colloc0 560 3212 0.081753 159.364
1480	1	1397.19	24692	24680.5	11.5509	551	581	243	2	0.0001 Colloc0 551 3196 0.0650677 177.703
1490	1	1406.6	24737.3	24726.1	11.2057	550	589	235	1	0.0001 Colloc0 550 3238 0.0646788 156.047
1500	1	1415.76	24620.3	24609.2	11.1674	559	599	225	2	0.0001 Colloc0 559 3219 0.119987 153.713
1510	1	1425.21	24632.6	24621	11.6031	551	588	236	1	0.0001 Colloc0 551 3230 0.007012 181.071
1520	1	1434.75	24718.6	24707.4	11.1688	554	571	253	1	0.0001 Colloc0 554 3214 0.121025 153.796
1530	1	1444.47	24558	24547.2	10.8469	554	601	223	1	0.0001 Colloc0 554 3204 0.140846 134.722
1540	1	1454.04	24538.7	24527.5	11.1584	543	610	214	1	0.0001 Colloc0 543 3193 0.0833187 153.164
1550	1	1463.88	24702.5	24691.5	11.0572	565	574	250	0	0.0001 Colloc0 565 3190 0.14036 147.067
1560	1	1473.35	24678.9	24667.5	11.4101	564	590	234	0	0.0001 Colloc0 564 3217 0.115188 168.745
1570	1	1482.73	24639.8	24628	11.8635	558	612	212	0	0.0001 Colloc0 558 3203 0.0404021 198.175
1580	1	1492.21	24745.6	24734	11.6223	567	588	236	1	0.0001 Colloc0 567 3229 0.0517022 182.314
1590	1	1501.48	24644.5	24633.1	11.3967	559	596	228	1	0.0001 Colloc0 559 3207 0.09952 167.903
1600	1	1510.84	24652.8	24641.2	11.6152	538	605	219	1	0.0001 Colloc0 538 3209 0.0237205 181.852
1610	1	1520.2	24813.1	24801.6	11.5005	549	560	264	1	0.0001 Colloc0 549 3216 0.0597998 174.481
1620	1	1529.54	24763.9	24752.8	11.0963	560	567	257	1	0.0001 Colloc0 560 3205 0.104868 149.413
1630	1	1539.12	24791.9	24780.5	11.4132	565	549	275	0	0.0001 Colloc0 565 3210 0.0410658 168.939
1640	1	1548.76	24752.8	24741.9	10.9447	546	556	268	1	0.0001 Colloc0 546 3217 0.115511 140.405
1650	1	1558	24745	24733.2	11.8768	558	567	257	0	0.0001 Colloc0 558 3202 0.00607219 199.057
1660	1	1567.42	24659.1	24647.8	11.3217	552	580	244	2	0.0001 Colloc0 552 3204 0.0533059 163.209
1670	1	1576.71	24679.8	24668.7	11.0775	563	573	251	2	0.0001 Colloc0 563 3195 0.108271 148.284
1680	1	1585.8	24650.9	24639	11.9367	552	597	227	2	0.0001 Colloc0 552 3210 0.00389993 203.073
1690	1	1594.99	24639.7	24628.9	10.7793	551	600	224	0	0.0001 Colloc0 551 3204 0.119305 130.847
1700	1	1604.42	24654	24642.3	11.646	558	571	253	2	0.0001 Colloc0 558 3182 0.0400122 183.849
1710	1	1613.73	24713.3	24701.8	11.4474	565	577	247	1	0.0001 Colloc0 565 3212 0.0565957 171.103
1720	1	1623.01	24693.1	24681.8	11.3076	558	580	244	1	0.0001 Colloc0 558 3205 0.0692926 162.332
1730	1	1632.22	24708.7	24697.3	11.4575	566	563	261	1	0.0001 Colloc0 566 3187 0.0379151 171.743
1740	1	1641.47	24699.6	24688	11.5536	564	565	259	2	0.0001 Colloc0 564 3197 0.078135 177.879
1750	1	1650.92	24720.7	24709.2	11.5813	562	564	260	3	0.0001 Colloc0 562 3188 0.0544071 179.659
1760	1	1660.18	24505.8	24494.9	10.9558	546	612	212	0	0.0001 Colloc0 546 3183 0.112365 141.061
1770	1	1669.22	24633.9	24623	10.8839	553	581	243	0	0.0001 Colloc0 553 3188 0.120989 136.861
1780	1	1678.36	24583	24571.6	11.3324	556	604	220	1	0.0001 Colloc0 556 3188 0.10129 163.875
1790	1	1687.48	24672.1	24660.4	11.6892	545	585	239	1	0.0001 Colloc0 545 3193 0.0304682 186.662
1800	1	1696.84	24609.6	24598.3	11.2836	560	577	247	2	0.0001 Colloc0 560 3176 0.0459977 160.844
1810	1	1705.7	24589.3	24577.7	11.5732	549	600	224	1	0.0001 Colloc0 549 3209 0.0551501 179.139
1820	1	1714.81	24535.6	24524.3	11.3132	556	620	204	1	0.0001 Colloc0 556 3192 0.076706 162.682
1830	1	1724.14	24671.7	24660.3	11.3691	559	592	232	0	0.0001 Colloc0 559 3210 0.0537466 166.17
1840	1	1733.47	24626.8	24615.2	11.5955	548	609	215	3	0.0001 Colloc0 548 3182 0.0286097 180.579
1850	1	1742.67	24654.5	24643.4	11.0988	568	601	223	3	0.0001 Colloc0 568 3214 0.0817145 149.561
1860	1	1752.28	24610.2	24598.8	11.4668	558	582	242	1	0.0001 Colloc0 558 3183 0.0613407 172.33
1870	1	1761.54	24594.9	24583.8	11.0961	561	583	241	1	0.0001 Colloc0 561 3198 0.099304 149.403
1880	1	1770.61	24635.9	24624.6	11.3978	556	586	238	3	0.0001 Colloc0 556 3200 0.0397095 167.971
1890	1	1779.68	24656.8	24646	10.7754	566	581	243	0	0.0001 Colloc0 566 3188 0.141415 130.625
1900	1	1788.92	24594.5	24583.5	11.0484	544	602	222	2	0.0001 Colloc0 544 3196 0.0681825 146.54
1910	1	1797.81	24581.5	24569.8	11.6374	550	615	209	2	0.0001 Colloc0 550 3179 0.0234977 183.288
1920	1	1807.29	24569.9	24558.8	11.1636	555	600	224	0	0.0001 Colloc0 555 3193 0.11415 153.48
1930	1	1816.79	24621.3	24609.4	11.9224	562	575	249	2	0.0001 Colloc0 562 3205 0.0409537 202.115
1940	1	1825.91	24630.8	24619.6	11.1935	550	593	231	1	0.0001 Colloc0 550 3210 0.0977448 155.303
1950	1	1835.29	24536.1	24525.1	11.0473	560	607	217	0	0.0001 Colloc0 560 3215 0.143493 146.477
1960	1	1844.5	24721	24709.4	11.6001	568	571	253	2	0.0001 Colloc0 568 3199 0.0463336 180.871
1970	1	1853.85	24605.6	24594.3	11.3485	563	617	207	2	0.0001 Colloc0 563 3211 0.115568 164.883
1980	1	1863.26	24573.3	24562.1	11.2072	549	607	217	1	0.0001 Colloc0 549 3197 0.0770644 156.141
1990	1	1872.19	24643.5	24632.1	11.4499	555	599	225	3	0.0001 Colloc0 555 3199 0.0441379 171.259
2000	1	1881.06	24575.5	24563.8	11.6471	549	604	220	1	0.0001 Colloc0 549 3211 0.0376037 183.921
