# D = 0, E = 1, I = 1, P = 1, R = -1, n = 2000, N = 1, P = 1, w = 1, a = 0.0001, b = 10000, e = 1, f = 1, g = 100, h = 0.01, r = 31838, s = 1, S = 0, x = 10, m = 100, Z = 1, z = 0, T = 1, t = 1
# 9091 tokens in 824 sentences
#
# It	Temp	Time	-logP	-logPcorpus	-logPrior	tables	same	changed	reject	default_pya	(parent pym pyn pya pyb)*
0	1	0.701893	33905.1	33791.4	113.764	1899	0	824	0	0.0001 Colloc0 1899 3181 0.0001 10000
10	1	10.8673	26602.1	26590.6	11.5008	658	381	443	1	0.0001 Colloc0 658 3375 0.109081 174.496
20	1	20.5269	26187.1	26175.4	11.7067	604	424	400	0	0.0001 Colloc0 604 3382 0.0396256 187.809
30	1	30.1584	25848.8	25836.8	12.0068	588	476	348	1	0.0001 Colloc0 588 3375 0.0402732 207.806
40	1	39.699	25764.8	25752.6	12.1349	592	478	346	2	0.0001 Colloc0 592 3363 0.00460762 216.535
50	1	49.0325	25771.9	25759.9	11.9132	587	472	352	1	0.0001 Colloc0 587 3374 0.0192467 201.493
60	1	58.4431	25640.9	25629.2	11.7292	581	506	318	1	0.0001 Colloc0 581 3357 0.0360746 189.285
70	1	68.2166	25717.7	25706.1	11.5918	573	485	339	3	0.0001 Colloc0 573 3364 0.0220407 180.337
80	1	77.8462	25542.5	25531.3	11.2104	572	521	303	2	0.0001 Colloc0 572 3342 0.0791906 156.337
90	1	87.3557	25584.2	25572.6	11.6112	578	496	328	0	0.0001 Colloc0 578 3365 0.0581109 181.595
100	1	96.8423	25532.9	25521	11.9017	565	494	330	0	0.0001 Colloc0 565 3351 0.000794098 200.724
110	1	106.445	25420.9	25409.6	11.2425	573	538	286	2	0.0001 Colloc0 573 3340 0.118194 158.306
120	1	115.467	25555.9	25544	11.8569	581	487	337	1	0.0001 Colloc0 581 3338 0.0530209 197.729
130	1	124.806	25524.2	25512.4	11.8391	583	502	322	0	0.0001 Colloc0 583 3356 0.0473278 196.545
140	1	134.544	25485.1	25473.5	11.6057	577	522	302	0	0.0001 Colloc0 577 3342 0.0222822 181.234
150	1	144.262	25397.5	25386.2	11.2439	580	509	315	3	0.0001 Colloc0 580 3330 0.0913486 158.391
160	1	153.569	25351.7	25340.1	11.559	562	516	308	1	0.0001 Colloc0 562 3342 0.0162054 178.228
170	1	162.978	25464	25452.5	11.5789	575	518	306	2	0.0001 Colloc0 575 3335 0.032281 179.508
180	1	172.745	25381.9	25370.4	11.5097	560	509	315	2	0.0001 Colloc0 560 3320 0.0674066 175.068
190	1	182.409	25396.9	25385.5	11.384	579	512	312	1	0.0001 Colloc0 579 3299 0.0951281 167.106
200	1	192.043	25461.9	25450	11.8176	591	498	326	2	0.0001 Colloc0 591 3301 0.0179585 195.117
210	1	201.36	25350.3	25338.7	11.5689	572	531	293	1	0.0001 Colloc0 572 3321 0.0414951 178.859
220	1	210.73	25358.4	25347.1	11.2567	571	515	309	0	0.0001 Colloc0 571 3329 0.0573008 159.18
230	1	220.367	25331.1	25319.7	11.3496	564	527	297	3	0.0001 Colloc0 564 3311 0.0701956 164.949
240	1	229.823	25294.9	25284	10.9448	556	530	294	0	0.0001 Colloc0 556 3323 0.0963045 140.411
250	1	239.252	25406.8	25395.3	11.5307	562	498	326	1	0.0001 Colloc0 562 3336 0.0246326 176.409
260	1	248.819	25279.1	25267.4	11.6467	554	530	294	1	0.0001 Colloc0 554 3332 0.0442112 183.894
270	1	258.341	25231.2	25220	11.2403	574	542	282	0	0.0001 Colloc0 574 3319 0.0779673 158.174
280	1	268.123	25418	25406.5	11.5397	591	506	318	2	0.0001 Colloc0 591 3329 0.0927906 176.988
290	1	277.825	25204.3	25192.9	11.4831	565	504	320	1	0.0001 Colloc0 565 3303 0.0436594 173.367
300	1	287.387	25205.8	25194.3	11.4101	560	525	299	3	0.0001 Colloc0 560 3303 0.0377704 168.748
310	1	297.054	25216	25204.5	11.4752	566	511	313	2	0.0001 Colloc0 566 3317 0.0482245 172.87
320	1	306.694	25253.2	25241.6	11.6069	576	505	319	1	0.0001 Colloc0 576 3323 0.101282 181.316
330	1	316.188	25187.1	25175.5	11.6001	559	505	319	0	0.0001 Colloc0 559 3328 0.00232638 180.876
340	1	325.545	25127.1	25115.3	11.7883	560	499	325	0	0.0001 Colloc0 560 3288 0.0206598 193.178
350	1	335.237	25197.9	25186	11.8969	573	505	319	1	0.0001 Colloc0 573 3284 0.0608085 200.402
360	1	344.249	25163.4	25152.1	11.3331	570	533	291	0	0.0001 Colloc0 570 3320 0.021597 163.922
370	1	353.191	25071.7	25060.1	11.6429	568	528	296	1	0.0001 Colloc0 568 3287 0.0169286 183.651
380	1	362.515	25144.8	25133.4	11.3894	565	515	309	1	0.0001 Colloc0 565 3291 0.0444309 167.441
390	1	372.019	24929.7	24919	10.7201	558	567	257	3	0.0001 Colloc0 558 3272 0.170276 127.495
400	1	381.159	24975.4	24963.7	11.6615	559	555	269	0	0.0001 Colloc0 559 3271 0.0300412 184.857
410	1	390.715	24855.7	24844.5	11.1748	538	577	247	1	0.0001 Colloc0 538 3265 0.0720207 154.164
420	1	400.419	25005	24993.5	11.419	543	532	292	1	0.0001 Colloc0 543 3269 0.0376886 169.306
430	1	409.9	25121.2	25109.4	11.7416	571	500	324	3	0.0001 Colloc0 571 3270 0.0096666 190.098
440	1	419.713	25056	25044.9	11.0455	561	523	301	2	0.0001 Colloc0 561 3267 0.145382 146.369
450	1	429.381	24937.1	24925.7	11.3563	551	529	295	2	0.0001 Colloc0 551 3270 0.0600704 165.369
460	1	439.04	25069.1	25057.9	11.1313	560	535	289	1	0.0001 Colloc0 560 3266 0.103416 151.526
470	1	448.63	24928.7	24917.7	11.0653	553	552	272	1	0.0001 Colloc0 553 3243 0.115977 147.555
480	1	458.331	25015.1	25003.5	11.5775	565	545	279	1	0.0001 Colloc0 565 3258 0.0479154 179.417
490	1	467.922	24982.1	24970.3	11.7557	578	535	289	2	0.0001 Colloc0 578 3253 0.0107258 191.029
500	1	477.658	24941.3	24930	11.3361	556	536	288	1	0.0001 Colloc0 556 3258 0.0394044 164.106
510	1	487.292	24840.1	24828.6	11.5491	555	573	251	1	0.0001 Colloc0 555 3237 0.0425938 177.588
520	1	497.067	24868.9	24857.6	11.2063	553	577	247	1	0.0001 Colloc0 553 3271 0.087473 156.085
530	1	506.56	24994.2	24983.7	10.4402	571	532	292	0	0.0001 Colloc0 571 3281 0.239801 112.18
540	1	516.204	24874.4	24863.7	10.7265	557	593	231	0	0.0001 Colloc0 557 3291 0.162719 127.854
550	1	526.03	24894.8	24883.6	11.1673	551	554	270	2	0.0001 Colloc0 551 3251 0.0963213 153.71
560	1	535.713	25022.9	25011.7	11.196	563	519	305	0	0.0001 Colloc0 563 3266 0.121564 155.458
570	1	545.24	25013.3	25002.7	10.5691	568	520	304	3	0.0001 Colloc0 568 3247 0.151834 119.12
580	1	554.793	25063.9	25052	11.8916	585	526	298	1	0.0001 Colloc0 585 3249 0.00293776 200.049
590	1	564.356	25070.3	25059.2	11.0967	567	507	317	1	0.0001 Colloc0 567 3280 0.11207 149.437
600	1	574.106	24985.2	24973.6	11.5201	563	555	269	0	0.0001 Colloc0 563 3275 0.066925 175.732
610	1	583.849	25101.7	25090.7	10.9981	581	500	324	1	0.0001 Colloc0 581 3262 0.142427 143.555
620	1	593.711	24919.4	24908.1	11.3297	555	554	270	2	0.0001 Colloc0 555 3270 0.0687009 163.704
630	1	603.438	24918.2	24906.6	11.5342	546	542	282	0	0.0001 Colloc0 546 3240 0.0286837 176.632
640	1	613.023	24965.7	24955	10.6894	558	544	280	0	0.0001 Colloc0 558 3262 0.141448 125.775
650	1	622.178	24903.8	24893.2	10.6778	561	550	274	2	0.0001 Colloc0 561 3258 0.164539 125.124
660	1	631.161	24882.4	24871.1	11.2695	559	552	272	0	0.0001 Colloc0 559 3240 0.0672032 159.973
670	1	640.562	25010.7	24999.8	10.8138	572	535	289	0	0.0001 Colloc0 572 3226 0.141079 132.82
680	1	649.894	25097.9	25086.6	11.3714	566	515	309	1	0.0001 Colloc0 566 3255 0.0539522 166.315
690	1	659.029	25041.2	25029.9	11.2789	584	526	298	0	0.0001 Colloc0 584 3235 0.133152 160.552
700	1	668.672	25002.8	24992	10.8212	574	534	290	0	0.0001 Colloc0 574 3255 0.16457 133.245
710	1	678.391	25013.4	25001.7	11.6966	568	528	296	0	0.0001 Colloc0 568 3240 0.00234674 187.148
720	1	687.908	25124.9	25114.2	10.6119	555	501	323	1	0.0001 Colloc0 555 3282 0.120116 121.472
730	1	697.598	25070	25058.5	11.4589	577	509	315	1	0.0001 Colloc0 577 3282 0.0620582 171.831
740	1	707.134	24924.4	24913	11.4435	570	501	323	1	0.0001 Colloc0 570 3248 0.0499763 170.855
750	1	716.886	24853.6	24842	11.6161	566	542	282	2	0.0001 Colloc0 566 3244 0.048036 181.909
760	1	726.373	24871.2	24860.2	11.0471	560	563	261	1	0.0001 Colloc0 560 3232 0.15325 146.465
770	1	736.272	24839.8	24828.8	11.0685	569	563	261	0	0.0001 Colloc0 569 3227 0.105766 147.743
780	1	745.726	24711.7	24700.4	11.3117	542	583	241	1	0.0001 Colloc0 542 3227 0.0318215 162.588
790	1	755.259	24832.5	24820.7	11.7358	548	558	266	0	0.0001 Colloc0 548 3259 0.0266409 189.716
800	1	764.844	24893.9	24882.5	11.3637	559	549	275	0	0.0001 Colloc0 559 3252 0.0352283 165.833
810	1	774.366	24794	24782.5	11.4224	552	572	252	0	0.0001 Colloc0 552 3231 0.0320501 169.522
820	1	783.999	24878.6	24867.2	11.4151	559	555	269	1	0.0001 Colloc0 559 3248 0.0219237 169.063
830	1	793.528	24796.9	24786	10.9536	545	560	264	2	0.0001 Colloc0 545 3248 0.119046 140.929
840	1	803.038	24834.7	24823.3	11.4419	561	542	282	3	0.0001 Colloc0 561 3249 0.0211534 170.752
850	1	812.288	24834.3	24822.8	11.5171	561	549	275	1	0.0001 Colloc0 561 3235 0.0507666 175.537
860	1	821.594	24997.4	24986.3	11.024	570	531	293	0	0.0001 Colloc0 570 3234 0.143118 145.089
870	1	830.902	24865.1	24853.2	11.8503	563	555	269	4	0.0001 Colloc0 563 3236 0.00711607 197.292
880	1	840.432	24847.8	24836.6	11.2413	548	563	261	3	0.0001 Colloc0 548 3235 0.0683167 158.231
890	1	850.315	24988.9	24977.7	11.2386	587	543	281	0	0.0001 Colloc0 587 3249 0.139899 158.069
900	1	859.578	24880.6	24869.5	11.0864	568	564	260	0	0.0001 Colloc0 568 3204 0.120517 148.816
910	1	869.161	24859.8	24848.9	10.8986	568	548	276	1	0.0001 Colloc0 568 3214 0.125131 137.715
920	1	878.778	24808.3	24797.2	11.0116	552	564	260	1	0.0001 Colloc0 552 3209 0.102169 144.352
930	1	888.324	24770.1	24758.9	11.2888	551	582	242	1	0.0001 Colloc0 551 3219 0.0757229 161.166
940	1	897.909	24760.7	24749.3	11.4441	554	576	248	0	0.0001 Colloc0 554 3214 0.0276258 170.892
950	1	907.32	24820.4	24809	11.405	556	552	272	0	0.0001 Colloc0 556 3215 0.0417004 168.423
960	1	917.067	24781.2	24770.6	10.6402	562	578	246	1	0.0001 Colloc0 562 3215 0.173533 123.033
970	1	926.73	24948.1	24936.6	11.5012	575	545	279	3	0.0001 Colloc0 575 3237 0.055028 174.52
980	1	936.422	24848.6	24836.8	11.7434	555	532	292	1	0.0001 Colloc0 555 3213 0.00742778 190.216
990	1	946.052	24765.5	24754.7	10.8099	544	573	251	0	0.0001 Colloc0 544 3223 0.0934805 132.595
1000	1	955.317	24635	24624.3	10.7813	550	593	231	1	0.0001 Colloc0 550 3209 0.118389 130.963
1010	1	965.064	24794.6	24783.8	10.7729	570	573	251	1	0.0001 Colloc0 570 3216 0.143179 130.483
1020	1	974.764	24771.1	24759.7	11.3613	563	543	281	1	0.0001 Colloc0 563 3231 0.091546 165.683
1030	1	984.425	24838.5	24827.2	11.3752	566	549	275	1	0.0001 Colloc0 566 3209 0.0773596 166.553
1040	1	993.953	24798.4	24786.6	11.8022	571	556	268	1	0.0001 Colloc0 571 3214 0.0391266 194.098
1050	1	1003.82	24807.1	24795.5	11.5804	567	563	261	0	0.0001 Colloc0 567 3210 0.0327963 179.6
1060	1	1013.63	24718.2	24707.3	10.8735	577	589	235	0	0.0001 Colloc0 577 3210 0.164248 136.258
1070	1	1023.3	24695.2	24683.8	11.4154	550	579	245	0	0.0001 Colloc0 550 3230 0.0600566 169.083
1080	1	1032.91	24952.7	24941.5	11.2379	552	526	298	2	0.0001 Colloc0 552 3259 0.0592415 158.022
1090	1	1042.23	24927.8	24917.2	10.5887	565	524	300	1	0.0001 Colloc0 565 3232 0.188076 120.196
1100	1	1051.77	24857.6	24846.1	11.4676	560	544	280	1	0.0001 Colloc0 560 3243 0.0634794 172.382
1110	1	1061.32	24710.7	24698.9	11.7498	560	580	244	1	0.0001 Colloc0 560 3255 0.0339446 190.642
1120	1	1070.62	24745.6	24734.9	10.7556	561	557	267	1	0.0001 Colloc0 561 3221 0.140076 129.502
1130	1	1080.12	24790.4	24779.2	11.2344	556	553	271	0	0.0001 Colloc0 556 3229 0.0761682 157.81
1140	1	1088.96	24706.8	24695.6	11.1735	554	566	258	2	0.0001 Colloc0 554 3233 0.0835895 154.084
1150	1	1097.99	24939.5	24928	11.4817	574	520	304	0	0.0001 Colloc0 574 3260 0.0622203 173.278
1160	1	1107.8	24765.2	24753.7	11.4718	560	537	287	0	0.0001 Colloc0 560 3229 0.065912 172.649
1170	1	1117.03	24669.6	24658.4	11.2062	538	589	235	0	0.0001 Colloc0 538 3215 0.0544374 156.082
1180	1	1126.63	24741.3	24730.4	10.862	568	551	273	1	0.0001 Colloc0 568 3218 0.137563 135.593
1190	1	1136.48	24766.6	24755	11.5892	556	543	281	2	0.0001 Colloc0 556 3224 0.0472301 180.173
1200	1	1145.64	24678	24666.6	11.4561	559	585	239	0	0.0001 Colloc0 559 3195 0.0618344 171.656
1210	1	1154.82	24812.9	24801.7	11.2605	558	553	271	0	0.0001 Colloc0 558 3212 0.0509074 159.415
1220	1	1164.51	24764.2	24752.5	11.6652	556	571	253	0	0.0001 Colloc0 556 3215 0.0153247 185.097
1230	1	1173.85	24638.7	24627.3	11.3535	537	583	241	1	0.0001 Colloc0 537 3219 0.0119478 165.192
1240	1	1183.43	24773	24762.1	10.8462	557	569	255	1	0.0001 Colloc0 557 3205 0.142015 134.681
1250	1	1193.14	24770.4	24759	11.4113	564	537	287	0	0.0001 Colloc0 564 3192 0.0388608 168.824
1260	1	1202.85	24857.6	24846.3	11.3273	567	549	275	1	0.0001 Colloc0 567 3247 0.0748159 163.56
1270	1	1212.6	24869.1	24857.6	11.5051	574	537	287	0	0.0001 Colloc0 574 3208 0.11495 174.771
1280	1	1222.07	24669	24657.7	11.378	554	572	252	0	0.0001 Colloc0 554 3231 0.0981297 166.726
1290	1	1231.12	24782.7	24771.2	11.488	567	532	292	1	0.0001 Colloc0 567 3202 0.0895718 173.679
1300	1	1240.28	24726.9	24715.7	11.1904	545	563	261	0	0.0001 Colloc0 545 3222 0.0424546 155.112
1310	1	1249.54	24840.8	24829.1	11.6896	556	527	297	2	0.0001 Colloc0 556 3214 0.00700356 186.689
1320	1	1258.64	24736.7	24725.4	11.3216	551	544	280	1	0.0001 Colloc0 551 3208 0.0800344 163.199
1330	1	1268.49	24854.6	24843.4	11.2732	560	555	269	2	0.0001 Colloc0 560 3239 0.0677548 160.202
1340	1	1278.37	24666.3	24655	11.3397	546	569	255	0	0.0001 Colloc0 546 3230 0.0438363 164.328
1350	1	1287.78	24808.9	24797.4	11.5156	559	548	276	0	0.0001 Colloc0 559 3242 0.0137038 175.445
1360	1	1296.94	24690.7	24679.5	11.1842	555	562	262	1	0.0001 Colloc0 555 3224 0.0550855 154.734
1370	1	1306.06	24654.7	24643.4	11.286	550	573	251	0	0.0001 Colloc0 550 3216 0.0710228 160.993
1380	1	1315.46	24781.1	24769.5	11.575	561	532	292	3	0.0001 Colloc0 561 3205 0.0581271 179.256
1390	1	1324.86	24633.2	24622.1	11.1051	552	574	250	2	0.0001 Colloc0 552 3219 0.125242 149.945
1400	1	1334.58	24631.5	24620.2	11.3079	550	591	233	1	0.0001 Colloc0 550 3203 0.0768585 162.35
1410	1	1344.47	24667.3	24656.1	11.1561	555	581	243	0	0.0001 Colloc0 555 3211 0.113217 153.024
1420	1	1353.95	24606.5	24595.8	10.708	552	587	237	1	0.0001 Colloc0 552 3210 0.102041 126.814
1430	1	1363.51	24739.5	24727.9	11.5632	560	545	279	0	0.0001 Colloc0 560 3213 0.0644351 178.497
1440	1	1373.21	24684.6	24673.6	11.0215	543	561	263	0	0.0001 Colloc0 543 3221 0.123546 144.942
1450	1	1382.75	24732.5	24721.9	10.5274	560	549	275	0	0.0001 Colloc0 560 3201 0.16973 116.856
1460	1	1392.48	24724.8	24713.9	10.8471	556	562	262	4	0.0001 Colloc0 556 3209 0.14475 134.73
1470	1	1402.11	24713	24701.4	11.5514	572	574	250	0	0.0001 Colloc0 572 3206 0.0573083 177.736
1480	1	1411.43	24659.4	24648.1	11.2655	577	581	243	0	0.0001 Colloc0 577 3191 0.113159 159.727
1490	1	1420.6	24753.8	24742.5	11.294	579	556	268	3	0.0001 Colloc0 579 3195 0.129466 161.487
1500	1	1430.17	24649.8	24638.6	11.1868	554	550	274	2	0.0001 Colloc0 554 3182 0.0864558 154.896
1510	1	1439.9	24702	24690.5	11.539	561	548	276	1	0.0001 Colloc0 561 3186 0.051657 176.94
1520	1	1449.47	24675.6	24664.1	11.5014	552	533	291	3	0.0001 Colloc0 552 3197 0.0709909 174.537
1530	1	1459.25	24700.9	24690	10.8994	550	564	260	0	0.0001 Colloc0 550 3209 0.122507 137.759
1540	1	1469.1	24702.6	24691.8	10.8263	554	572	252	1	0.0001 Colloc0 554 3206 0.128669 133.536
1550	1	1478.24	24744.3	24733.4	10.8878	552	551	273	3	0.0001 Colloc0 552 3200 0.112833 137.088
1560	1	1488	24644	24632.8	11.2325	555	570	254	0	0.0001 Colloc0 555 3194 0.105706 157.695
1570	1	1497.61	24729.8	24718.6	11.2147	559	575	249	1	0.0001 Colloc0 559 3221 0.104046 156.603
1580	1	1506.72	24674.4	24663.3	11.0554	540	564	260	4	0.0001 Colloc0 540 3227 0.0746038 146.961
1590	1	1516.14	24783.7	24772	11.6252	569	544	280	3	0.0001 Colloc0 569 3200 0.0503483 182.502
1600	1	1525.61	24777.7	24766.4	11.3023	558	544	280	1	0.0001 Colloc0 558 3212 0.0761094 162.001
1610	1	1535.12	24722.6	24711.1	11.4823	543	553	271	0	0.0001 Colloc0 543 3206 0.0847517 173.317
1620	1	1544.66	24672	24660.4	11.5648	548	540	284	1	0.0001 Colloc0 548 3225 0.01097 178.596
1630	1	1554.15	24632.8	24621.7	11.1578	554	572	252	2	0.0001 Colloc0 554 3205 0.0862023 153.132
1640	1	1563.53	24764.2	24753.1	11.0806	550	526	298	1	0.0001 Colloc0 550 3209 0.0700394 148.467
1650	1	1572.74	24732.8	24721.8	11.0564	563	555	269	1	0.0001 Colloc0 563 3190 0.121382 147.023
1660	1	1581.97	24637.2	24626.3	10.8856	559	574	250	1	0.0001 Colloc0 559 3193 0.149467 136.961
1670	1	1591.24	24701.1	24690.1	11.0067	569	562	262	1	0.0001 Colloc0 569 3205 0.151112 144.062
1680	1	1600.48	24693.9	24682.7	11.2522	560	550	274	4	0.0001 Colloc0 560 3187 0.10337 158.902
1690	1	1609.71	24749	24738	10.9485	556	529	295	0	0.0001 Colloc0 556 3188 0.0679621 140.631
1700	1	1619.08	24736.3	24724.7	11.5596	558	538	286	0	0.0001 Colloc0 558 3182 0.0550114 178.266
1710	1	1628.46	24641.1	24629.9	11.2054	568	564	260	0	0.0001 Colloc0 568 3175 0.0925344 156.03
1720	1	1637.73	24624.8	24613.5	11.3103	564	581	243	0	0.0001 Colloc0 564 3158 0.0728863 162.497
1730	1	1646.89	24635.8	24624.9	10.8492	563	551	273	1	0.0001 Colloc0 563 3192 0.134475 134.851
1740	1	1656.33	24560.2	24548.9	11.3212	562	593	231	0	0.0001 Colloc0 562 3179 0.105056 163.175
1750	1	1665.25	24599.9	24588.4	11.4856	560	560	264	2	0.0001 Colloc0 560 3172 0.0506861 173.532
1760	1	1674.56	24702.2	24691.5	10.6455	576	550	274	0	0.0001 Colloc0 576 3190 0.181364 123.327
1770	1	1683.9	24687.6	24675.7	11.85	548	532	292	2	0.0001 Colloc0 548 3175 0.0039351 197.271
1780	1	1693.08	24678.1	24666.7	11.3755	558	536	288	1	0.0001 Colloc0 558 3179 0.0619174 166.568
1790	1	1702.59	24719.9	24708.2	11.7482	559	550	274	1	0.0001 Colloc0 559 3207 0.0359984 190.535
1800	1	1711.71	24540.6	24530	10.5964	555	586	238	0	0.0001 Colloc0 555 3176 0.176702 120.616
1810	1	1720.79	24660.4	24649.2	11.2107	558	574	250	0	0.0001 Colloc0 558 3187 0.0871536 156.354
1820	1	1730.18	24543.2	24532.1	11.114	566	595	229	1	0.0001 Colloc0 566 3177 0.155283 150.48
1830	1	1739.55	24600	24588.7	11.2316	560	594	230	1	0.0001 Colloc0 560 3171 0.0740228 157.638
1840	1	1748.67	24608.1	24596.6	11.4679	555	576	248	2	0.0001 Colloc0 555 3179 0.0388346 172.402
1850	1	1757.73	24667.8	24656.1	11.6947	557	574	250	0	0.0001 Colloc0 557 3178 0.0354666 187.024
1860	1	1766.82	24677.1	24665.4	11.7009	570	549	275	0	0.0001 Colloc0 570 3150 0.0468661 187.427
1870	1	1776.31	24709.8	24698.1	11.6989	564	529	295	0	0.0001 Colloc0 564 3146 0.0620984 187.298
1880	1	1785.85	24757.7	24746.3	11.429	579	525	299	0	0.0001 Colloc0 579 3167 0.0637234 169.94
1890	1	1794.92	24736	24724.3	11.693	567	540	284	1	0.0001 Colloc0 567 3129 0.0198196 186.913
1900	1	1803.96	24547.7	24536.7	10.9581	552	582	242	0	0.0001 Colloc0 552 3137 0.14469 141.192
1910	1	1813.09	24504	24492.7	11.2782	556	610	214	0	0.0001 Colloc0 556 3143 0.116534 160.511
1920	1	1822.19	24519	24507.6	11.4013	546	581	243	1	0.0001 Colloc0 546 3152 0.07424 168.193
1930	1	1831.35	24664.4	24652.8	11.6619	580	553	271	0	0.0001 Colloc0 580 3144 0.0281995 184.885
1940	1	1840.61	24452	24441.4	10.6134	548	595	229	0	0.0001 Colloc0 548 3130 0.122509 121.55
1950	1	1849.67	24514.3	24503.4	10.8538	568	585	239	1	0.0001 Colloc0 568 3121 0.173829 135.116
1960	1	1858.6	24611	24599.5	11.4984	559	575	249	1	0.0001 Colloc0 559 3149 0.0415051 174.341
1970	1	1867.7	24628.3	24617	11.282	567	544	280	1	0.0001 Colloc0 567 3153 0.071081 160.746
1980	1	1876.92	24564	24553	11.0016	548	567	257	1	0.0001 Colloc0 548 3157 0.118944 143.76
1990	1	1886	24585.8	24574.6	11.251	565	591	233	0	0.0001 Colloc0 565 3137 0.0473274 158.83
2000	1	1895.07	24523.6	24512.6	11.0421	552	579	245	1	0.0001 Colloc0 552 3117 0.117884 146.167
