# D = 0, E = 1, I = 1, P = 1, R = -1, n = 2000, N = 1, P = 1, w = 1, a = 0.0001, b = 10000, e = 1, f = 1, g = 100, h = 0.01, r = 23274, s = 1, S = 0, x = 10, m = 100, Z = 1, z = 0, T = 1, t = 1
# 9091 tokens in 824 sentences
#
# It	Temp	Time	-logP	-logPcorpus	-logPrior	tables	same	changed	reject	default_pya	(parent pym pyn pya pyb)*
0	1	0.703892	33077.4	32963.6	113.764	1868	0	824	0	0.0001 Colloc0 1868 3284 0.0001 10000
10	1	11.0543	26684.5	26671.8	12.6969	691	393	431	1	0.0001 Colloc0 691 3404 0.00423337 256.119
20	1	20.4349	26190.5	26178.3	12.2511	629	432	392	3	0.0001 Colloc0 629 3370 0.0224255 224.557
30	1	30.2514	26084.2	26072	12.1642	626	444	380	1	0.0001 Colloc0 626 3367 0.0084933 218.553
40	1	39.562	25957.5	25945.7	11.8474	636	436	388	1	0.0001 Colloc0 636 3363 0.0488256 197.096
50	1	48.9296	25868.1	25856.6	11.5116	617	452	372	2	0.0001 Colloc0 617 3350 0.0818417 175.188
60	1	58.4751	25638	25626.1	11.8823	594	490	334	1	0.0001 Colloc0 594 3347 0.0205126 199.428
70	1	68.0257	25540.3	25528.4	11.9054	575	532	292	2	0.0001 Colloc0 575 3348 0.0227518 200.975
80	1	77.4182	25537	25525.3	11.6926	595	514	310	1	0.0001 Colloc0 595 3327 0.0464246 186.887
90	1	86.7728	25587.4	25575.9	11.4758	601	504	320	1	0.0001 Colloc0 601 3307 0.0849547 172.905
100	1	96.5883	25721.1	25709.1	11.9999	594	490	334	1	0.0001 Colloc0 594 3368 0.0027071 207.336
110	1	106.064	25701.9	25690.4	11.4956	598	484	340	1	0.0001 Colloc0 598 3355 0.0996896 174.164
120	1	116.069	25565	25553.2	11.8455	591	504	320	1	0.0001 Colloc0 591 3338 0.00337822 196.972
130	1	125.445	25470.9	25459.1	11.8337	581	515	309	1	0.0001 Colloc0 581 3336 0.00209887 196.189
140	1	135.274	25415.2	25403.4	11.775	596	495	329	4	0.0001 Colloc0 596 3320 0.0211753 192.298
150	1	145.05	25527.4	25515.5	11.9779	580	496	328	3	0.0001 Colloc0 580 3352 0.000314375 205.851
160	1	154.697	25396.9	25384.7	12.1684	617	519	305	1	0.0001 Colloc0 617 3293 0.0437708 218.837
170	1	164.124	25418.2	25406.7	11.5293	584	507	317	0	0.0001 Colloc0 584 3318 0.0615867 176.317
180	1	173.242	25365.2	25353.1	12.0399	590	519	305	0	0.0001 Colloc0 590 3312 0.001808 210.051
190	1	182.874	25488.8	25477	11.826	605	509	315	2	0.0001 Colloc0 605 3312 0.0449421 195.679
200	1	192.13	25506.1	25494.2	11.9372	603	485	339	1	0.0001 Colloc0 603 3309 0.0551825 203.107
210	1	201.576	25496.1	25484	12.0477	588	468	356	2	0.0001 Colloc0 588 3320 0.00696298 210.581
220	1	210.754	25382.9	25371	11.9234	586	494	330	4	0.0001 Colloc0 586 3296 0.0130014 202.183
230	1	220.172	25463.4	25451.6	11.7773	598	494	330	1	0.0001 Colloc0 598 3305 0.0442438 192.452
240	1	229.994	25412.2	25399.9	12.3086	609	503	321	3	0.0001 Colloc0 609 3264 0.0192983 228.56
250	1	239.789	25521.5	25509.7	11.8637	627	508	316	0	0.0001 Colloc0 627 3294 0.0757441 198.187
260	1	249.037	25541.6	25529.4	12.1618	605	450	374	2	0.0001 Colloc0 605 3295 0.0129184 218.386
270	1	258.344	25545.7	25533.8	11.9246	582	488	336	1	0.0001 Colloc0 582 3304 0.0277464 202.258
280	1	268.041	25413.6	25401.8	11.7715	586	496	328	1	0.0001 Colloc0 586 3313 0.0827746 192.072
290	1	277.887	25447.9	25436	11.9501	608	489	335	2	0.0001 Colloc0 608 3311 0.00817986 203.975
300	1	287.451	25471.2	25459.1	12.0822	608	491	333	0	0.0001 Colloc0 608 3299 0.0110149 212.934
310	1	297.273	25367.4	25355.6	11.8456	600	510	314	1	0.0001 Colloc0 600 3299 0.0179085 196.981
320	1	306.975	25279.2	25267.3	11.8874	578	500	324	0	0.0001 Colloc0 578 3300 0.0134729 199.77
330	1	316.616	25287	25274.9	12.0191	580	513	311	1	0.0001 Colloc0 580 3296 0.0120294 208.638
340	1	326.334	25457.4	25445.6	11.8125	595	492	332	1	0.0001 Colloc0 595 3323 0.0406365 194.784
350	1	336.108	25250	25238.4	11.6055	573	524	300	1	0.0001 Colloc0 573 3255 0.0473413 181.225
360	1	345.824	25370.3	25358.3	11.9334	608	491	333	0	0.0001 Colloc0 608 3286 0.0299123 202.85
370	1	355.245	25205.9	25194.4	11.4436	580	527	297	1	0.0001 Colloc0 580 3278 0.0586086 170.861
380	1	364.515	25222.8	25211.5	11.3024	587	517	307	1	0.0001 Colloc0 587 3282 0.0792106 162.006
390	1	374.092	25329.5	25318.1	11.3853	577	498	326	3	0.0001 Colloc0 577 3295 0.00957254 167.184
400	1	383.973	25305.9	25294	11.819	582	513	311	2	0.0001 Colloc0 582 3286 0.0100485 195.211
410	1	393.711	25244.5	25232.6	11.8041	568	485	339	1	0.0001 Colloc0 568 3284 0.0165883 194.223
420	1	403.254	25272.3	25260.4	11.8244	592	505	319	0	0.0001 Colloc0 592 3284 0.0167935 195.571
430	1	412.751	25215.1	25203.1	11.9597	579	521	303	2	0.0001 Colloc0 579 3261 0.0317239 204.622
440	1	421.883	25200	25188.8	11.1958	601	506	318	1	0.0001 Colloc0 601 3268 0.138719 155.444
450	1	431.336	25287.8	25275.9	11.9174	583	490	334	2	0.0001 Colloc0 583 3290 0.0214413 201.779
460	1	440.953	25213.2	25201.6	11.6101	577	501	323	2	0.0001 Colloc0 577 3269 0.00788075 181.522
470	1	450.648	25171.5	25160	11.5043	584	524	300	2	0.0001 Colloc0 584 3253 0.0412812 174.719
480	1	460.122	25238	25226	11.9495	585	499	325	0	0.0001 Colloc0 585 3281 0.010199 203.936
490	1	469.836	25322.4	25310.7	11.7406	593	498	326	1	0.0001 Colloc0 593 3270 0.042657 190.036
500	1	479.305	25354.4	25342.8	11.6812	598	482	342	1	0.0001 Colloc0 598 3284 0.0842419 186.143
510	1	488.861	25249	25237.2	11.8137	585	499	325	2	0.0001 Colloc0 585 3284 0.00398771 194.862
520	1	498.277	25355.7	25343.9	11.7851	609	491	333	1	0.0001 Colloc0 609 3256 0.0571624 192.969
530	1	507.539	25341.1	25329.4	11.6841	592	470	354	1	0.0001 Colloc0 592 3275 0.025455 186.335
540	1	517.439	25285.9	25274	11.8507	599	512	312	3	0.0001 Colloc0 599 3264 0.0220238 197.317
550	1	527.182	25289.5	25277.4	12.1033	598	515	309	1	0.0001 Colloc0 598 3268 0.000261801 214.374
560	1	537.079	25187.4	25175.5	11.9213	577	503	321	3	0.0001 Colloc0 577 3275 0.014732 202.038
570	1	546.781	25227.3	25215	12.2634	578	524	300	1	0.0001 Colloc0 578 3283 0.00506994 225.409
580	1	556.45	25224	25212.4	11.593	599	513	311	0	0.0001 Colloc0 599 3286 0.11528 180.415
590	1	566.195	25272	25260.4	11.5387	589	496	328	2	0.0001 Colloc0 589 3233 0.0318458 176.922
600	1	576.042	25334.6	25323.2	11.3743	583	497	327	1	0.0001 Colloc0 583 3273 0.0820861 166.493
610	1	585.636	25255.4	25243.6	11.7326	580	504	320	4	0.0001 Colloc0 580 3267 0.0420153 189.51
620	1	595.005	25273.8	25262.1	11.782	586	496	328	0	0.0001 Colloc0 586 3286 0.055202 192.759
630	1	604.641	25284.1	25272.4	11.7566	589	488	336	1	0.0001 Colloc0 589 3276 0.0177224 191.09
640	1	614.264	25069.3	25058	11.292	574	515	309	3	0.0001 Colloc0 574 3241 0.0615988 161.362
650	1	623.908	25174.6	25162.9	11.6429	587	521	303	1	0.0001 Colloc0 587 3254 0.0441476 183.645
660	1	633.162	25190.1	25178.4	11.6737	581	501	323	1	0.0001 Colloc0 581 3273 0.0859504 185.653
670	1	642.438	25162.8	25151	11.8221	580	521	303	1	0.0001 Colloc0 580 3245 0.00921447 195.419
680	1	651.562	24937.9	24926.1	11.8093	585	554	270	1	0.0001 Colloc0 585 3213 0.0135251 194.572
690	1	660.943	25028.5	25016.8	11.7229	580	528	296	0	0.0001 Colloc0 580 3247 0.0114575 188.869
700	1	670.575	25052	25040	11.9763	587	527	297	1	0.0001 Colloc0 587 3229 0.00100906 205.741
710	1	679.897	25174.9	25163.4	11.5901	596	495	329	0	0.0001 Colloc0 596 3229 0.0412746 180.232
720	1	689.598	25185	25174.1	10.9153	582	496	328	1	0.0001 Colloc0 582 3261 0.131975 138.689
730	1	699.398	25086.9	25075.1	11.859	580	539	285	0	0.0001 Colloc0 580 3245 0.0108403 197.874
740	1	708.603	25009.6	24997.8	11.8239	582	548	276	1	0.0001 Colloc0 582 3259 0.041786 195.535
750	1	718.164	25075.3	25063.7	11.5604	572	530	294	1	0.0001 Colloc0 572 3233 0.0394767 178.312
760	1	727.999	25015.3	25003.8	11.4798	575	543	281	2	0.0001 Colloc0 575 3222 0.0418746 173.157
770	1	737.297	25040.4	25028.8	11.6203	563	517	307	1	0.0001 Colloc0 563 3230 0.0452432 182.179
780	1	746.957	25041.7	25030.1	11.6085	599	545	279	0	0.0001 Colloc0 599 3216 0.0791283 181.418
790	1	756.846	25055.8	25043.8	12.0342	593	516	308	2	0.0001 Colloc0 593 3212 0.0310616 209.663
800	1	766.705	24983.8	24971.9	11.9613	582	533	291	2	0.0001 Colloc0 582 3183 0.0324388 204.732
810	1	776.231	24925.9	24913.7	12.1369	581	545	279	0	0.0001 Colloc0 581 3193 0.0255524 216.677
820	1	785.842	24923.4	24912	11.3701	585	544	280	0	0.0001 Colloc0 585 3202 0.063175 166.233
830	1	795.28	25034.9	25023	11.8787	581	531	293	0	0.0001 Colloc0 581 3221 0.0128149 199.186
840	1	804.804	25062.5	25050.6	11.8715	563	522	302	0	0.0001 Colloc0 563 3223 0.0113659 198.707
850	1	814.067	24942.1	24930.6	11.4335	566	542	282	1	0.0001 Colloc0 566 3233 0.0411214 170.221
860	1	823.63	24960	24948.3	11.739	578	559	265	1	0.0001 Colloc0 578 3211 0.0122122 189.926
870	1	833.378	25088	25075.8	12.1784	587	510	314	0	0.0001 Colloc0 587 3203 0.00534761 219.527
880	1	842.928	25184.3	25172.2	12.1099	587	498	326	3	0.0001 Colloc0 587 3222 0.00270437 214.825
890	1	852.701	25024.5	25012.9	11.6374	603	522	302	2	0.0001 Colloc0 603 3195 0.0687113 183.292
900	1	861.936	24975.6	24963.5	12.0607	585	557	267	1	0.0001 Colloc0 585 3198 0.0010578 211.465
910	1	871.243	24981.7	24970.4	11.2813	576	550	274	3	0.0001 Colloc0 576 3225 0.060031 160.7
920	1	880.554	24861.4	24850	11.383	579	564	260	1	0.0001 Colloc0 579 3195 0.0875576 167.041
930	1	890.194	25072.1	25060.7	11.3822	568	536	288	1	0.0001 Colloc0 568 3239 0.0676086 166.99
940	1	899.604	25027.6	25016.1	11.5186	574	533	291	1	0.0001 Colloc0 574 3242 0.0270702 175.633
950	1	909.19	25089.2	25077.4	11.8461	585	520	304	2	0.0001 Colloc0 585 3206 0.0146629 197.012
960	1	918.387	25083.7	25072.2	11.5666	587	515	309	2	0.0001 Colloc0 587 3205 0.0383237 178.711
970	1	927.965	25025.6	25013.6	12.0339	581	525	299	1	0.0001 Colloc0 581 3200 0.0178058 209.641
980	1	937.412	24902.6	24891.8	10.866	563	547	277	1	0.0001 Colloc0 563 3219 0.124076 135.823
990	1	947.173	24829.2	24817.4	11.7716	556	577	247	2	0.0001 Colloc0 556 3214 0.00268927 192.075
1000	1	956.699	25085.1	25073.4	11.6722	586	520	304	2	0.0001 Colloc0 586 3236 0.0502387 185.555
1010	1	966.306	24941	24929.2	11.7587	595	547	277	2	0.0001 Colloc0 595 3199 0.0497373 191.225
1020	1	975.6	24989.5	24977.7	11.7816	581	533	291	2	0.0001 Colloc0 581 3200 0.0648439 192.739
1030	1	985.472	24963.2	24951.9	11.2755	563	536	288	3	0.0001 Colloc0 563 3223 0.0674703 160.344
1040	1	995.336	25004.7	24992.8	11.8885	584	540	284	3	0.0001 Colloc0 584 3213 0.0211355 199.841
1050	1	1004.76	24967.6	24956.6	11.0161	579	528	296	2	0.0001 Colloc0 579 3216 0.0989594 144.619
1060	1	1014.13	24961.1	24949.2	11.8618	595	548	276	3	0.0001 Colloc0 595 3222 0.0565244 198.057
1070	1	1023.9	24886.6	24875	11.565	579	548	276	2	0.0001 Colloc0 579 3183 0.0499335 178.608
1080	1	1033.21	24880.8	24869	11.7512	574	547	277	1	0.0001 Colloc0 574 3190 0.0200129 190.729
1090	1	1042.87	24953.1	24941.3	11.8469	574	524	300	1	0.0001 Colloc0 574 3182 0.0305971 197.067
1100	1	1052.21	24999.7	24987.7	12.0128	576	526	298	1	0.0001 Colloc0 576 3200 0.0271295 208.213
1110	1	1061.28	25075.4	25064	11.3834	581	498	326	1	0.0001 Colloc0 581 3211 0.089831 167.064
1120	1	1070.84	25022.2	25010.6	11.6586	581	514	310	3	0.0001 Colloc0 581 3212 0.00415967 184.672
1130	1	1080.49	24912.6	24901.2	11.3917	579	562	262	4	0.0001 Colloc0 579 3190 0.0628727 167.589
1140	1	1090.35	25051.6	25040	11.5606	617	519	305	2	0.0001 Colloc0 617 3181 0.123073 178.325
1150	1	1100.12	24936.5	24924.4	12.0677	591	555	269	1	0.0001 Colloc0 591 3167 0.032119 211.942
1160	1	1109.82	24920.3	24909	11.3586	574	521	303	1	0.0001 Colloc0 574 3190 0.0310558 165.514
1170	1	1119.55	24981.2	24969.5	11.7752	590	507	317	5	0.0001 Colloc0 590 3181 0.0368209 192.314
1180	1	1129.25	24905.5	24893.9	11.6215	562	520	304	0	0.0001 Colloc0 562 3225 0.0070622 182.26
1190	1	1138.98	24889.9	24878	11.9363	595	519	305	2	0.0001 Colloc0 595 3198 0.0276338 203.047
1200	1	1148.57	24804.5	24792.8	11.6634	578	547	277	1	0.0001 Colloc0 578 3208 0.0542882 184.981
1210	1	1157.9	24949.2	24937.7	11.4618	577	520	304	1	0.0001 Colloc0 577 3217 0.0503978 172.019
1220	1	1167.29	24794.7	24783	11.7809	571	576	248	1	0.0001 Colloc0 571 3231 0.0257764 192.689
1230	1	1176.85	24921.9	24910.3	11.6119	563	515	309	2	0.0001 Colloc0 563 3192 0.0278874 181.639
1240	1	1186.41	24935.9	24924.1	11.8205	575	511	313	1	0.0001 Colloc0 575 3230 0.0362514 195.311
1250	1	1196.12	24912.1	24900.5	11.5967	566	536	288	3	0.0001 Colloc0 566 3236 0.0223909 180.653
1260	1	1205.89	24778.8	24767.3	11.5442	551	584	240	1	0.0001 Colloc0 551 3222 0.0047583 177.276
1270	1	1215.74	24843.3	24832	11.2966	558	544	280	3	0.0001 Colloc0 558 3223 0.0685077 161.647
1280	1	1225.15	24874.5	24863.1	11.3838	573	546	278	2	0.0001 Colloc0 573 3234 0.1 167.093
1290	1	1234.49	24977.7	24966.3	11.371	583	526	298	2	0.0001 Colloc0 583 3241 0.0746132 166.288
1300	1	1244.16	24853.8	24842.2	11.5663	561	560	264	1	0.0001 Colloc0 561 3212 0.04039 178.696
1310	1	1253.63	24871.1	24858.9	12.1399	571	554	270	2	0.0001 Colloc0 571 3220 0.00396723 216.882
1320	1	1263.31	24860.7	24849.1	11.6215	574	541	283	1	0.0001 Colloc0 574 3200 0.0277946 182.262
1330	1	1272.66	24930.2	24918.5	11.7195	581	547	277	2	0.0001 Colloc0 581 3233 0.0467897 188.648
1340	1	1281.91	24824.2	24812.4	11.7997	567	551	273	1	0.0001 Colloc0 567 3215 0.0419392 193.931
1350	1	1291.46	24847.7	24836.5	11.2486	560	544	280	3	0.0001 Colloc0 560 3213 0.0507219 158.683
1360	1	1301.04	24770.9	24759.5	11.3896	575	575	249	2	0.0001 Colloc0 575 3223 0.0642263 167.458
1370	1	1310.05	24807.9	24796.2	11.6256	561	555	269	1	0.0001 Colloc0 561 3223 0.0854398 182.524
1380	1	1319.33	24842.5	24831	11.4991	556	541	283	1	0.0001 Colloc0 556 3201 0.0681935 174.388
1390	1	1328.59	24838	24826.5	11.5809	568	556	268	2	0.0001 Colloc0 568 3211 0.0411392 179.638
1400	1	1338.47	24864.4	24852.7	11.7176	570	557	267	1	0.0001 Colloc0 570 3220 0.0082726 188.526
1410	1	1348.14	24902.7	24891.1	11.6647	576	533	291	2	0.0001 Colloc0 576 3215 0.032594 185.067
1420	1	1357.39	24863.8	24852.3	11.5655	555	551	273	4	0.0001 Colloc0 555 3228 0.0273437 178.642
1430	1	1366.39	24860	24848.9	11.1424	553	537	287	3	0.0001 Colloc0 553 3211 0.0853524 152.196
1440	1	1375.35	24877.5	24866.1	11.4022	572	524	300	1	0.0001 Colloc0 572 3213 0.0527019 168.25
1450	1	1384.25	24768.8	24757.2	11.6523	564	557	267	2	0.0001 Colloc0 564 3222 0.0121915 184.257
1460	1	1393.61	24847.1	24835.3	11.83	576	528	296	1	0.0001 Colloc0 576 3173 0.0297529 195.945
1470	1	1403.24	24738	24726.6	11.4754	574	559	265	1	0.0001 Colloc0 574 3168 0.0771831 172.881
1480	1	1412.9	24837.5	24826.2	11.3149	585	549	275	1	0.0001 Colloc0 585 3193 0.126268 162.784
1490	1	1422.18	24834.6	24822.9	11.7004	562	550	274	1	0.0001 Colloc0 562 3226 0.0143643 187.396
1500	1	1431.64	24827.6	24816	11.5977	569	542	282	1	0.0001 Colloc0 569 3217 0.0505992 180.722
1510	1	1441.43	24935.4	24923.8	11.6512	576	517	307	1	0.0001 Colloc0 576 3236 0.0172748 184.189
1520	1	1451.4	24891.5	24879.6	11.908	558	529	295	3	0.0001 Colloc0 558 3247 0.0255877 201.148
1530	1	1461.31	24843.4	24831.7	11.6842	561	534	290	4	0.0001 Colloc0 561 3215 0.00815904 186.339
1540	1	1470.69	24860.3	24848.4	11.9047	561	569	255	5	0.0001 Colloc0 561 3212 0.00589097 200.925
1550	1	1480.54	24783.6	24772.6	10.9678	566	552	272	3	0.0001 Colloc0 566 3208 0.118083 141.765
1560	1	1490.45	24839.2	24828.2	11.0555	576	547	277	3	0.0001 Colloc0 576 3215 0.119785 146.969
1570	1	1500.1	24696.2	24685.2	10.9633	575	565	259	2	0.0001 Colloc0 575 3196 0.157084 141.498
1580	1	1509.52	24877.3	24865.9	11.4307	567	527	297	1	0.0001 Colloc0 567 3220 0.0682476 170.046
1590	1	1519.01	24903.3	24891.6	11.7555	580	502	322	2	0.0001 Colloc0 580 3220 0.0162394 191.015
1600	1	1528.54	24758.1	24746.4	11.6359	564	543	281	1	0.0001 Colloc0 564 3213 0.0218642 183.194
1610	1	1538.11	24788	24776.2	11.7644	587	554	270	4	0.0001 Colloc0 587 3195 0.0717901 191.599
1620	1	1547.79	24797.2	24785.9	11.2525	572	525	299	1	0.0001 Colloc0 572 3210 0.0753434 158.923
1630	1	1556.92	24815.5	24803.8	11.7175	579	545	279	2	0.0001 Colloc0 579 3227 0.0477897 188.517
1640	1	1566.29	24863	24851.3	11.7074	582	544	280	2	0.0001 Colloc0 582 3249 0.0506296 187.854
1650	1	1575.81	24849.4	24837.7	11.7568	559	555	269	2	0.0001 Colloc0 559 3249 0.00358074 191.103
1660	1	1585.45	24706.8	24695.2	11.6272	562	560	264	3	0.0001 Colloc0 562 3218 0.041955 182.629
1670	1	1594.95	24887.3	24876.1	11.1967	573	536	288	3	0.0001 Colloc0 573 3242 0.0961151 155.5
1680	1	1604.5	24866.7	24855.1	11.6195	588	547	277	2	0.0001 Colloc0 588 3227 0.0833042 182.128
1690	1	1613.97	24921.3	24909.6	11.6592	573	544	280	2	0.0001 Colloc0 573 3211 0.0137921 184.709
1700	1	1623.37	24872.5	24860.8	11.7308	565	534	290	2	0.0001 Colloc0 565 3224 0.0187261 189.389
1710	1	1632.61	24913.8	24902	11.8469	567	517	307	1	0.0001 Colloc0 567 3229 0.00799278 197.069
1720	1	1642	24768.9	24757.6	11.3004	570	539	285	1	0.0001 Colloc0 570 3199 0.0953241 161.888
1730	1	1651.47	24834.5	24822.8	11.7143	560	532	292	2	0.0001 Colloc0 560 3214 0.00961685 188.307
1740	1	1660.82	24740.6	24729.3	11.2725	566	551	273	3	0.0001 Colloc0 566 3195 0.106381 160.157
1750	1	1670.2	24680.8	24669.2	11.6517	548	567	257	1	0.0001 Colloc0 548 3212 0.020323 184.219
1760	1	1679.35	24661.3	24649.9	11.3825	556	581	243	1	0.0001 Colloc0 556 3206 0.0646496 167.009
1770	1	1688.45	24624.9	24613.5	11.344	568	569	255	1	0.0001 Colloc0 568 3183 0.0797761 164.601
1780	1	1697.45	24682	24670.6	11.4227	562	562	262	1	0.0001 Colloc0 562 3182 0.0488613 169.54
1790	1	1706.76	24692.8	24681.4	11.3666	562	565	259	1	0.0001 Colloc0 562 3193 0.0446666 166.014
1800	1	1716.09	24674.3	24662.9	11.425	549	586	238	3	0.0001 Colloc0 549 3198 0.0285268 169.683
1810	1	1725.4	24626.6	24615.6	11.0764	556	590	234	3	0.0001 Colloc0 556 3196 0.0838075 148.216
1820	1	1734.77	24704.6	24692.8	11.8642	579	579	245	3	0.0001 Colloc0 579 3188 0.00820559 198.222
1830	1	1743.97	24761	24749.1	11.8619	570	563	261	2	0.0001 Colloc0 570 3209 0.03272 198.063
1840	1	1753.52	24759	24747	12.002	573	546	278	2	0.0001 Colloc0 573 3209 0.0294706 207.481
1850	1	1762.87	24667.3	24655.8	11.4525	569	599	225	0	0.0001 Colloc0 569 3216 0.0811029 171.427
1860	1	1772.42	24651.9	24640.3	11.5143	553	569	255	1	0.0001 Colloc0 553 3187 0.0479555 175.357
1870	1	1781.79	24718.1	24706.2	11.8317	563	562	262	3	0.0001 Colloc0 563 3186 0.0348205 196.057
1880	1	1791.51	24646.2	24635	11.2293	579	582	242	3	0.0001 Colloc0 579 3177 0.112378 157.493
1890	1	1800.38	24808.8	24796.9	11.8741	570	548	276	2	0.0001 Colloc0 570 3213 0.016523 198.88
1900	1	1809.6	24726.8	24714.9	11.9369	564	544	280	1	0.0001 Colloc0 564 3193 0.0225358 203.09
1910	1	1819	24787.2	24775.7	11.5372	567	520	304	0	0.0001 Colloc0 567 3191 0.0345651 176.823
1920	1	1828.3	24851.1	24839.1	12.0766	591	522	302	3	0.0001 Colloc0 591 3205 0.0283513 212.547
1930	1	1837.43	24729.2	24717.5	11.6703	559	555	269	1	0.0001 Colloc0 559 3183 0.00632406 185.432
1940	1	1846.71	24725.8	24713.9	11.9318	567	560	264	4	0.0001 Colloc0 567 3194 0.000813324 202.742
1950	1	1855.82	24825.3	24813.5	11.8239	582	548	276	2	0.0001 Colloc0 582 3201 0.0297519 195.538
1960	1	1865.21	24684.7	24673	11.6372	579	550	274	3	0.0001 Colloc0 579 3190 0.0623087 183.28
1970	1	1874.22	24720.6	24709	11.6173	569	548	276	5	0.0001 Colloc0 569 3178 0.00747434 181.985
1980	1	1883.47	24702.3	24691.1	11.1872	560	558	266	1	0.0001 Colloc0 560 3211 0.119204 154.922
1990	1	1892.63	24853.5	24842.1	11.3954	597	544	280	3	0.0001 Colloc0 597 3212 0.117013 167.817
2000	1	1901.63	24689.6	24678	11.5767	574	572	252	0	0.0001 Colloc0 574 3207 0.07329 179.363
