# D = 0, E = 1, I = 1, P = 1, R = -1, n = 2000, N = 1, P = 1, w = 1, a = 0.0001, b = 10000, e = 1, f = 1, g = 100, h = 0.01, r = 7179, s = 1, S = 0, x = 10, m = 100, Z = 1, z = 0, T = 1, t = 1
# 9091 tokens in 824 sentences
#
# It	Temp	Time	-logP	-logPcorpus	-logPrior	tables	same	changed	reject	default_pya	(parent pym pyn pya pyb)*
0	1	0.693894	33080.4	32966.6	113.764	1730	0	824	0	0.0001 Colloc0 1730 3168 0.0001 10000
10	1	10.5474	26181.7	26169.3	12.4811	650	424	400	1	0.0001 Colloc0 650 3350 0.00648759 240.691
20	1	19.925	25821.9	25810.1	11.8355	591	481	343	1	0.0001 Colloc0 591 3380 0.0512366 196.31
30	1	29.2316	25595.1	25583.6	11.5901	567	508	316	3	0.0001 Colloc0 567 3354 0.0524558 180.228
40	1	38.5751	25543	25531.8	11.1817	579	514	310	1	0.0001 Colloc0 579 3387 0.0881831 154.581
50	1	48.0397	25691.8	25680.1	11.6798	578	485	339	2	0.0001 Colloc0 578 3401 0.0155845 186.05
60	1	57.0883	25458.4	25446.8	11.559	574	489	335	2	0.0001 Colloc0 574 3349 0.00258164 178.227
70	1	66.2439	25453.9	25442.6	11.3033	549	540	284	0	0.0001 Colloc0 549 3363 0.0254649 162.066
80	1	75.3185	25442.7	25431.2	11.4771	591	522	302	1	0.0001 Colloc0 591 3341 0.0365913 172.989
90	1	84.2462	25460.2	25448.5	11.7514	583	512	312	2	0.0001 Colloc0 583 3337 0.0313552 190.746
100	1	93.3138	25336.6	25325	11.579	546	504	320	1	0.0001 Colloc0 546 3331 0.0431296 179.511
110	1	102.464	25214.4	25202.6	11.8311	567	527	297	1	0.0001 Colloc0 567 3319 0.0127216 196.013
120	1	111.497	25208.4	25196.8	11.5718	566	531	293	5	0.0001 Colloc0 566 3304 0.0313437 179.049
130	1	120.472	25201.9	25190.6	11.2569	556	529	295	0	0.0001 Colloc0 556 3313 0.0450103 159.195
140	1	129.716	25294.4	25282.3	12.0421	564	526	298	1	0.0001 Colloc0 564 3332 0.00519534 210.202
150	1	138.857	25260.6	25249.1	11.5124	573	526	298	0	0.0001 Colloc0 573 3327 0.0342689 175.24
160	1	148.038	25214.8	25202.9	11.868	577	546	278	2	0.0001 Colloc0 577 3327 0.0145287 198.474
170	1	157.065	25254.9	25243.8	11.0497	581	526	298	1	0.0001 Colloc0 581 3319 0.115324 146.62
180	1	166.121	25202	25191	10.9656	565	536	288	1	0.0001 Colloc0 565 3308 0.115876 141.636
190	1	175.284	25169.5	25158.3	11.2147	554	525	299	0	0.0001 Colloc0 554 3305 0.0403021 156.6
200	1	184.313	25250	25238.7	11.3569	581	510	314	0	0.0001 Colloc0 581 3315 0.0733907 165.408
210	1	193.398	25283.2	25271.7	11.4858	574	504	320	2	0.0001 Colloc0 574 3331 0.0527769 173.543
220	1	202.453	25200.9	25189.5	11.4025	557	524	300	3	0.0001 Colloc0 557 3320 0.0727473 168.267
230	1	211.77	25159.1	25147.5	11.5985	561	531	293	3	0.0001 Colloc0 561 3314 0.0126949 180.774
240	1	220.944	25274.8	25264	10.8502	573	509	315	2	0.0001 Colloc0 573 3318 0.17255 134.913
250	1	230.124	25290.1	25278.6	11.4525	553	497	327	0	0.0001 Colloc0 553 3313 0.00764467 171.426
260	1	239.17	25085.6	25074.3	11.3494	550	545	279	1	0.0001 Colloc0 550 3293 0.0644283 164.934
270	1	248.35	25199.9	25188.5	11.3616	561	516	308	0	0.0001 Colloc0 561 3294 0.0823803 165.701
280	1	257.486	25150.4	25139.2	11.1979	561	532	292	3	0.0001 Colloc0 561 3316 0.0739849 155.571
290	1	266.57	25168.7	25157.2	11.4513	574	549	275	1	0.0001 Colloc0 574 3320 0.0468359 171.35
300	1	275.574	25078.1	25066.9	11.2071	541	530	294	2	0.0001 Colloc0 541 3293 0.0595467 156.135
310	1	284.503	25145.6	25134.2	11.3984	548	526	298	2	0.0001 Colloc0 548 3312 0.0658106 168.012
320	1	293.465	25122.1	25110.6	11.427	549	539	285	1	0.0001 Colloc0 549 3297 0.0423554 169.815
330	1	302.64	25192	25180.6	11.3969	561	534	290	0	0.0001 Colloc0 561 3314 0.0676512 167.912
340	1	311.732	25133.2	25121.5	11.6048	547	533	291	1	0.0001 Colloc0 547 3308 0.0563244 181.18
350	1	320.783	25191.8	25180.3	11.4687	545	534	290	0	0.0001 Colloc0 545 3325 0.0307775 172.452
360	1	329.972	25234.8	25223.4	11.4183	566	514	310	0	0.0001 Colloc0 566 3318 0.0222621 169.263
370	1	339.07	25100.6	25089.1	11.5193	562	549	275	2	0.0001 Colloc0 562 3318 0.0279821 175.678
380	1	348.251	25115.8	25104.7	11.0953	562	528	296	4	0.0001 Colloc0 562 3308 0.118542 149.353
390	1	357.358	25135.7	25123.9	11.7891	560	535	289	1	0.0001 Colloc0 560 3302 0.0307445 193.231
400	1	366.471	25035.8	25024.6	11.2461	557	538	286	0	0.0001 Colloc0 557 3292 0.0737279 158.527
410	1	375.51	25168.3	25157.2	11.1837	555	527	297	1	0.0001 Colloc0 555 3296 0.0686893 154.704
420	1	384.626	25078.3	25066.8	11.4519	559	534	290	4	0.0001 Colloc0 559 3295 0.0692106 171.39
430	1	393.816	24985.2	24973.7	11.5113	548	563	261	1	0.0001 Colloc0 548 3281 0.0288503 175.165
440	1	403.025	24906.9	24895.6	11.3456	545	573	251	2	0.0001 Colloc0 545 3279 0.0352326 164.698
450	1	412.438	24984.8	24973.6	11.2656	554	565	259	2	0.0001 Colloc0 554 3276 0.113473 159.731
460	1	421.811	25019	25007.7	11.3674	549	566	258	1	0.0001 Colloc0 549 3274 0.0262154 166.065
470	1	430.92	25109.5	25097.9	11.5684	581	545	279	1	0.0001 Colloc0 581 3265 0.0590369 178.832
480	1	440.062	24988.9	24977.2	11.6632	574	539	285	5	0.0001 Colloc0 574 3264 0.0326106 184.967
490	1	449.406	25047.3	25035.8	11.5156	572	560	264	3	0.0001 Colloc0 572 3252 0.096651 175.442
500	1	458.508	25038.5	25027.1	11.4044	567	547	277	3	0.0001 Colloc0 567 3257 0.0555647 168.385
510	1	467.373	25027.7	25016	11.6201	573	530	294	3	0.0001 Colloc0 573 3233 0.0389324 182.166
520	1	476.323	25112.8	25101	11.8162	561	533	291	4	0.0001 Colloc0 561 3256 0.0211615 195.028
530	1	485.36	25039.7	25028.7	11.045	565	534	290	2	0.0001 Colloc0 565 3246 0.12959 146.339
540	1	494.43	25100.4	25089.1	11.2818	558	518	306	1	0.0001 Colloc0 558 3265 0.057948 160.731
550	1	503.537	25054.5	25042.8	11.626	558	536	288	0	0.0001 Colloc0 558 3273 0.0375575 182.548
560	1	512.587	24967.6	24956.2	11.4186	548	552	272	1	0.0001 Colloc0 548 3254 0.0744811 169.284
570	1	521.497	25059.2	25047.5	11.7168	561	524	300	0	0.0001 Colloc0 561 3269 0.0018471 188.469
580	1	530.469	25050.8	25039.3	11.5257	562	538	286	3	0.0001 Colloc0 562 3285 0.0402599 176.09
590	1	539.501	24941.1	24929.4	11.7424	548	567	257	1	0.0001 Colloc0 548 3291 0.0465698 190.149
600	1	548.542	24984.8	24973.6	11.1758	554	561	263	2	0.0001 Colloc0 554 3277 0.080729 154.225
610	1	557.618	24792.3	24781.3	11.0129	543	576	248	2	0.0001 Colloc0 543 3225 0.0842372 144.43
620	1	566.927	24885	24874	10.9856	554	585	239	1	0.0001 Colloc0 554 3252 0.147553 142.817
630	1	576.145	24940.5	24929	11.5008	563	592	232	1	0.0001 Colloc0 563 3265 0.0618262 174.499
640	1	585.294	24907	24896.2	10.779	539	559	265	1	0.0001 Colloc0 539 3275 0.144791 130.829
650	1	594.435	25091	25079.3	11.7002	548	542	282	0	0.0001 Colloc0 548 3289 0.00602652 187.381
660	1	603.445	24971.8	24960.4	11.3966	559	553	271	4	0.0001 Colloc0 559 3286 0.0446423 167.894
670	1	612.388	24978	24966.8	11.1945	540	563	261	0	0.0001 Colloc0 540 3275 0.0520514 155.364
680	1	621.201	24886.2	24875.3	10.9593	549	565	259	0	0.0001 Colloc0 549 3251 0.101485 141.266
690	1	630.321	24804.8	24793.6	11.2103	546	576	248	0	0.0001 Colloc0 546 3254 0.0707091 156.33
700	1	639.565	24858.4	24847.4	11.0519	554	585	239	4	0.0001 Colloc0 554 3274 0.0909291 146.749
710	1	648.824	24921.7	24910.7	11.0097	568	565	259	1	0.0001 Colloc0 568 3260 0.194662 144.239
720	1	658.066	24869.2	24857.4	11.7172	563	554	270	4	0.0001 Colloc0 563 3262 0.0715169 188.499
730	1	667.112	24906.6	24894.7	11.87	562	562	262	1	0.0001 Colloc0 562 3258 0.012879 198.608
740	1	676.315	24851.7	24840.8	10.9646	560	570	254	0	0.0001 Colloc0 560 3237 0.147634 141.578
750	1	685.447	24866.3	24855	11.2492	540	565	259	1	0.0001 Colloc0 540 3266 0.0560288 158.723
760	1	694.554	24946.4	24935.1	11.2979	557	540	284	1	0.0001 Colloc0 557 3251 0.0500951 161.729
770	1	703.533	24971.9	24960.9	11.0509	562	551	273	1	0.0001 Colloc0 562 3274 0.0926685 146.69
780	1	712.407	24829.9	24818.4	11.5506	533	572	252	1	0.0001 Colloc0 533 3259 0.041587 177.684
790	1	721.595	24842.5	24831.7	10.7896	552	568	256	1	0.0001 Colloc0 552 3279 0.150755 131.434
800	1	730.623	24758.9	24748	10.9008	534	580	244	1	0.0001 Colloc0 534 3256 0.0932328 137.844
810	1	739.713	24910.1	24898.4	11.6293	552	546	278	1	0.0001 Colloc0 552 3276 0.0553343 182.765
820	1	748.764	24844.2	24832.9	11.2258	548	556	268	2	0.0001 Colloc0 548 3238 0.0417275 157.279
830	1	757.74	24858.3	24846.5	11.8445	551	579	245	1	0.0001 Colloc0 551 3271 0.0509711 196.907
840	1	766.611	24913.2	24902.5	10.6815	554	550	274	3	0.0001 Colloc0 554 3271 0.148172 125.332
850	1	775.688	24881.9	24870.5	11.3619	563	561	263	1	0.0001 Colloc0 563 3242 0.0718604 165.717
860	1	784.546	24832.6	24821.3	11.3212	558	572	252	2	0.0001 Colloc0 558 3262 0.0786121 163.18
870	1	793.625	24816.3	24804.6	11.7422	552	573	251	0	0.0001 Colloc0 552 3265 0.0361206 190.138
880	1	802.828	24869.3	24858.4	10.9334	546	560	264	1	0.0001 Colloc0 546 3295 0.101109 139.745
890	1	812.047	24881.5	24870.1	11.3706	549	548	276	1	0.0001 Colloc0 549 3253 0.0421529 166.266
900	1	821.168	24847.7	24836.9	10.7955	559	566	258	1	0.0001 Colloc0 559 3258 0.143942 131.774
910	1	830.393	24805	24794.2	10.8176	558	592	232	2	0.0001 Colloc0 558 3226 0.182366 133.036
920	1	839.598	24724.8	24714	10.7664	551	589	235	0	0.0001 Colloc0 551 3236 0.146525 130.116
930	1	848.804	24695	24684.2	10.7464	542	596	228	0	0.0001 Colloc0 542 3233 0.128069 128.98
940	1	857.945	24653.7	24642.7	11.008	531	583	241	1	0.0001 Colloc0 531 3233 0.0875814 144.137
950	1	867.082	24657.7	24646.3	11.356	537	594	230	1	0.0001 Colloc0 537 3228 0.0398607 165.349
960	1	876.302	24827.1	24816	11.0797	557	561	263	1	0.0001 Colloc0 557 3227 0.0992127 148.413
970	1	885.519	24807.7	24796.3	11.4074	553	577	247	1	0.0001 Colloc0 553 3235 0.042561 168.578
980	1	894.62	24747.5	24736.3	11.1912	549	561	263	2	0.0001 Colloc0 549 3247 0.0584323 155.162
990	1	903.558	24699.8	24689.4	10.4004	551	588	236	2	0.0001 Colloc0 551 3223 0.209061 110.073
1000	1	912.594	24708.8	24697.3	11.5653	545	601	223	2	0.0001 Colloc0 545 3252 0.0657918 178.627
1010	1	921.849	24745.3	24734	11.3604	557	590	234	2	0.0001 Colloc0 557 3228 0.039309 165.625
1020	1	930.929	24700	24689.3	10.6987	548	575	249	2	0.0001 Colloc0 548 3234 0.152645 126.296
1030	1	940.008	24833.7	24822	11.7623	558	556	268	0	0.0001 Colloc0 558 3254 0.0414949 191.466
1040	1	949.135	24782.6	24770.7	11.8352	553	553	271	2	0.0001 Colloc0 553 3224 0.00248689 196.289
1050	1	958.135	24778.8	24767.9	10.8771	554	547	277	0	0.0001 Colloc0 554 3250 0.132388 136.466
1060	1	967.079	24694.8	24683.4	11.3707	530	586	238	1	0.0001 Colloc0 530 3260 0.0595204 166.272
1070	1	976.287	24677.4	24666.5	10.8867	530	596	228	1	0.0001 Colloc0 530 3258 0.0675789 137.023
1080	1	985.43	24693.5	24682	11.5014	555	596	228	2	0.0001 Colloc0 555 3241 0.059285 174.533
1090	1	994.45	24766.4	24755.6	10.768	564	580	244	0	0.0001 Colloc0 564 3245 0.181605 130.203
1100	1	1003.74	24584.3	24573.2	11.0779	537	609	215	1	0.0001 Colloc0 537 3242 0.11052 148.306
1110	1	1012.68	24778.8	24767.8	10.9888	557	553	271	1	0.0001 Colloc0 557 3243 0.143044 143.003
1120	1	1021.72	24770.1	24758.6	11.5104	558	542	282	0	0.0001 Colloc0 558 3242 0.0404261 175.108
1130	1	1030.62	24788.5	24777.4	11.0991	547	569	255	4	0.0001 Colloc0 547 3263 0.0936807 149.58
1140	1	1039.77	24657	24645.7	11.3929	537	599	225	0	0.0001 Colloc0 537 3237 0.0412535 167.661
1150	1	1048.78	24847.1	24835.9	11.2832	545	547	277	1	0.0001 Colloc0 545 3262 0.0558441 160.816
1160	1	1057.82	24700.4	24689.6	10.7487	560	585	239	3	0.0001 Colloc0 560 3224 0.126913 129.108
1170	1	1066.9	24594.8	24583.6	11.1756	551	590	234	1	0.0001 Colloc0 551 3227 0.110486 154.21
1180	1	1076.17	24625.8	24614.7	11.0726	546	594	230	0	0.0001 Colloc0 546 3216 0.0769598 147.991
1190	1	1085.25	24611.6	24600.7	10.9206	542	599	225	2	0.0001 Colloc0 542 3224 0.101936 138.995
1200	1	1094.39	24671.2	24659.6	11.5231	552	551	273	2	0.0001 Colloc0 552 3228 0.0410104 175.923
1210	1	1103.55	24598.9	24587.5	11.404	537	586	238	1	0.0001 Colloc0 537 3219 0.0631909 168.36
1220	1	1112.65	24711.2	24699.5	11.7057	540	581	243	1	0.0001 Colloc0 540 3256 0.0115734 187.744
1230	1	1121.77	24639	24627.9	11.0519	542	574	250	1	0.0001 Colloc0 542 3224 0.106579 146.75
1240	1	1130.97	24566.4	24555.3	11.0979	546	590	234	1	0.0001 Colloc0 546 3218 0.0548953 149.511
1250	1	1139.81	24642.2	24630.6	11.6037	539	585	239	1	0.0001 Colloc0 539 3254 0.0302935 181.104
1260	1	1149	24543.4	24531.9	11.5267	535	608	216	0	0.0001 Colloc0 535 3216 0.0112103 176.151
1270	1	1158.07	24582.3	24570.6	11.729	554	581	243	1	0.0001 Colloc0 554 3216 0.0146092 189.269
1280	1	1167.05	24599.3	24587.9	11.4064	538	581	243	1	0.0001 Colloc0 538 3221 0.0211897 168.513
1290	1	1176.05	24689.9	24678.3	11.6242	543	581	243	4	0.0001 Colloc0 543 3233 0.0453884 182.433
1300	1	1184.97	24676.9	24666	10.8301	546	555	269	0	0.0001 Colloc0 546 3224 0.142103 133.754
1310	1	1193.93	24655.1	24643.8	11.2794	540	586	238	1	0.0001 Colloc0 540 3238 0.046532 160.586
1320	1	1203.11	24590.3	24579.2	11.0931	542	584	240	2	0.0001 Colloc0 542 3210 0.0766462 149.222
1330	1	1212.18	24591.4	24580	11.4055	534	571	253	1	0.0001 Colloc0 534 3245 0.0238234 168.459
1340	1	1220.99	24651.3	24640.4	10.9046	548	574	250	0	0.0001 Colloc0 548 3246 0.104248 138.066
1350	1	1229.99	24612.8	24602	10.7754	538	585	239	1	0.0001 Colloc0 538 3230 0.165707 130.626
1360	1	1239.08	24765.4	24754	11.4505	571	553	271	3	0.0001 Colloc0 571 3226 0.0721983 171.297
1370	1	1248.1	24548.4	24537.3	11.0884	544	584	240	1	0.0001 Colloc0 544 3214 0.0801246 148.935
1380	1	1257.15	24632	24620.8	11.1947	541	579	245	1	0.0001 Colloc0 541 3234 0.050659 155.375
1390	1	1266.03	24700.5	24689.1	11.4028	537	568	256	1	0.0001 Colloc0 537 3223 0.061065 168.285
1400	1	1275.01	24593.7	24582.1	11.5386	535	609	215	0	0.0001 Colloc0 535 3199 0.0444725 176.913
1410	1	1284.14	24564.5	24553.4	11.0858	546	585	239	1	0.0001 Colloc0 546 3212 0.0789389 148.781
1420	1	1293.03	24566.3	24555.1	11.1644	540	603	221	0	0.0001 Colloc0 540 3220 0.123273 153.529
1430	1	1301.89	24606.7	24594.9	11.7578	548	599	225	2	0.0001 Colloc0 548 3234 0.00501123 191.167
1440	1	1310.93	24645.6	24634	11.5568	535	573	251	0	0.0001 Colloc0 535 3220 0.0161901 178.083
1450	1	1319.96	24682.8	24671.3	11.4631	546	590	234	0	0.0001 Colloc0 546 3234 0.0355192 172.1
1460	1	1329.06	24558.1	24546.7	11.4351	558	603	221	0	0.0001 Colloc0 558 3202 0.0749607 170.325
1470	1	1338.22	24580.8	24569.8	11.0793	550	572	252	1	0.0001 Colloc0 550 3206 0.0878817 148.393
1480	1	1347.36	24594.4	24583	11.3764	542	588	236	1	0.0001 Colloc0 542 3222 0.0231662 166.627
1490	1	1356.59	24632.1	24620.8	11.3123	550	577	247	2	0.0001 Colloc0 550 3235 0.0565217 162.627
1500	1	1365.59	24622.1	24610.7	11.3323	561	581	243	1	0.0001 Colloc0 561 3215 0.0892453 163.872
1510	1	1374.54	24578.4	24566.9	11.5566	546	588	236	1	0.0001 Colloc0 546 3228 0.0141925 178.07
1520	1	1383.62	24506.8	24495.8	10.9711	553	604	220	1	0.0001 Colloc0 553 3214 0.0888874 141.961
1530	1	1392.46	24538.1	24526.5	11.6305	535	609	215	0	0.0001 Colloc0 535 3213 0.0118379 182.846
1540	1	1401.42	24623	24612.2	10.7175	553	562	262	1	0.0001 Colloc0 553 3238 0.130965 127.348
1550	1	1410.55	24633	24621.2	11.7521	558	579	245	2	0.0001 Colloc0 558 3218 0.0559782 190.788
1560	1	1419.38	24579.3	24568.3	10.9742	535	579	245	2	0.0001 Colloc0 535 3235 0.124532 142.14
1570	1	1428.22	24623.2	24612.5	10.7321	542	559	265	2	0.0001 Colloc0 542 3218 0.111722 128.175
1580	1	1437.38	24541.4	24531	10.4119	530	620	204	1	0.0001 Colloc0 530 3232 0.160714 110.679
1590	1	1446.54	24643.8	24632.7	11.109	533	564	260	1	0.0001 Colloc0 533 3230 0.0245638 150.174
1600	1	1455.57	24714.4	24703.3	11.0345	551	550	274	1	0.0001 Colloc0 551 3235 0.0725703 145.715
1610	1	1464.65	24826.8	24815.9	10.9517	549	531	293	1	0.0001 Colloc0 549 3219 0.0712662 140.82
1620	1	1473.59	24647.9	24636.6	11.3378	536	567	257	1	0.0001 Colloc0 536 3249 0.0556488 164.214
1630	1	1482.43	24675.9	24664.3	11.6007	544	545	279	1	0.0001 Colloc0 544 3229 0.0257798 180.916
1640	1	1491.57	24615.5	24604.1	11.3248	558	579	245	3	0.0001 Colloc0 558 3234 0.0709337 163.401
1650	1	1500.62	24495.6	24485.2	10.416	548	615	209	4	0.0001 Colloc0 548 3218 0.199285 110.898
1660	1	1510.01	24541.7	24530.5	11.1523	543	588	236	1	0.0001 Colloc0 543 3231 0.079025 152.795
1670	1	1519.18	24592.9	24581.9	11.0732	551	576	248	0	0.0001 Colloc0 551 3217 0.110952 148.025
1680	1	1528.01	24522.3	24510.9	11.3796	547	585	239	2	0.0001 Colloc0 547 3212 0.0280635 166.827
1690	1	1536.96	24522.2	24510.9	11.2189	557	600	224	1	0.0001 Colloc0 557 3206 0.0761553 156.858
1700	1	1545.79	24485.9	24474.2	11.6441	540	599	225	0	0.0001 Colloc0 540 3205 0.0310331 183.724
1710	1	1554.66	24560.3	24548.9	11.4059	542	587	237	3	0.0001 Colloc0 542 3216 0.0386099 168.481
1720	1	1563.59	24483.4	24472.2	11.2375	539	621	203	1	0.0001 Colloc0 539 3230 0.0961207 157.997
1730	1	1572.86	24450.1	24439.8	10.2494	548	618	206	0	0.0001 Colloc0 548 3205 0.218697 102.264
1740	1	1581.89	24507.5	24496.7	10.8541	540	599	225	2	0.0001 Colloc0 540 3223 0.0987579 135.135
1750	1	1590.95	24581.8	24570.8	10.9791	564	594	230	1	0.0001 Colloc0 564 3237 0.143161 142.433
1760	1	1599.86	24454.1	24443.1	11.0491	526	616	208	0	0.0001 Colloc0 526 3224 0.0517345 146.584
1770	1	1608.71	24689.1	24677.7	11.4452	554	570	254	1	0.0001 Colloc0 554 3233 0.0964082 170.962
1780	1	1617.67	24688.2	24676.9	11.2703	548	546	278	2	0.0001 Colloc0 548 3244 0.0308936 160.021
1790	1	1626.47	24650.8	24640.3	10.4262	553	555	269	1	0.0001 Colloc0 553 3232 0.153186 111.435
1800	1	1635.15	24614.3	24602.9	11.3555	535	566	258	0	0.0001 Colloc0 535 3217 0.0661704 165.318
1810	1	1643.97	24595.8	24584.8	10.9919	533	570	254	1	0.0001 Colloc0 533 3225 0.0951838 143.188
1820	1	1652.85	24602.2	24591.6	10.6514	557	596	228	0	0.0001 Colloc0 557 3234 0.151355 123.657
1830	1	1661.9	24658.7	24647.7	11.0131	533	570	254	1	0.0001 Colloc0 533 3235 0.0994112 144.444
1840	1	1671.37	24631	24620.1	10.9668	555	564	260	1	0.0001 Colloc0 555 3227 0.118091 141.705
1850	1	1680.34	24550.6	24539.4	11.2885	544	604	220	0	0.0001 Colloc0 544 3234 0.0418762 161.145
1860	1	1689.36	24527.2	24515.6	11.5286	552	607	217	2	0.0001 Colloc0 552 3206 0.0384124 176.272
1870	1	1698.54	24431.7	24420.8	10.8491	534	608	216	1	0.0001 Colloc0 534 3216 0.109093 134.847
1880	1	1707.5	24549.4	24538.4	10.9941	551	607	217	1	0.0001 Colloc0 551 3223 0.131629 143.314
1890	1	1716.42	24390.9	24380.1	10.8216	529	639	185	1	0.0001 Colloc0 529 3203 0.120937 133.265
1900	1	1725.38	24530.8	24519.9	10.9555	540	614	210	2	0.0001 Colloc0 540 3224 0.0787123 141.042
1910	1	1734.32	24448.5	24438.1	10.4322	546	620	204	1	0.0001 Colloc0 546 3201 0.171421 111.753
1920	1	1743.51	24498.1	24487.2	10.8421	545	594	230	1	0.0001 Colloc0 545 3207 0.152289 134.443
1930	1	1752.41	24492.2	24481.2	10.9526	537	600	224	2	0.0001 Colloc0 537 3208 0.120334 140.872
1940	1	1761.15	24605.1	24594.1	10.9657	542	574	250	3	0.0001 Colloc0 542 3230 0.117831 141.638
1950	1	1770.01	24548.8	24537.8	10.979	540	600	224	1	0.0001 Colloc0 540 3223 0.1029 142.424
1960	1	1778.93	24565.7	24554	11.6935	544	602	222	1	0.0001 Colloc0 544 3211 0.0268098 186.946
1970	1	1787.66	24585.9	24574.6	11.2881	545	585	239	0	0.0001 Colloc0 545 3230 0.0825413 161.124
1980	1	1796.63	24562.7	24552.1	10.6204	549	595	229	1	0.0001 Colloc0 549 3213 0.165922 121.938
1990	1	1805.57	24492.7	24481.3	11.3901	542	596	228	0	0.0001 Colloc0 542 3218 0.0494738 167.488
2000	1	1814.44	24616.8	24605.7	11.1082	551	593	231	1	0.0001 Colloc0 551 3217 0.0881921 150.128
