# D = 0, E = 1, I = 1, P = 1, R = -1, n = 2000, N = 1, P = 1, w = 1, a = 0.0001, b = 10000, e = 1, f = 1, g = 100, h = 0.01, r = 19441, s = 1, S = 0, x = 10, m = 100, Z = 1, z = 0, T = 1, t = 1
# 9091 tokens in 824 sentences
#
# It	Temp	Time	-logP	-logPcorpus	-logPrior	tables	same	changed	reject	default_pya	(parent pym pyn pya pyb)*
0	1	0.819875	42315.2	42201.5	113.764	4323	0	824	0	0.0001 Colloc0 4323 6436 0.0001 10000
10	1	12.3701	30168.6	30156.3	12.2746	746	209	615	3	0.0001 Colloc0 746 4248 0.0510629 226.19
20	1	21.6617	28749.1	28737.5	11.6066	581	282	542	6	0.0001 Colloc0 581 4071 0.00845108 181.297
30	1	30.7503	28024.7	28013.5	11.1897	533	339	485	2	0.0001 Colloc0 533 4057 0.0509963 155.072
40	1	39.722	27770.2	27759	11.2103	543	329	495	3	0.0001 Colloc0 543 3992 0.0446128 156.332
50	1	48.6866	27578.4	27567.6	10.7396	527	356	468	3	0.0001 Colloc0 527 3975 0.0659935 128.598
60	1	57.6672	27418.6	27407.2	11.4161	553	371	453	2	0.0001 Colloc0 553 3956 0.0186739 169.124
70	1	66.8568	27152.1	27141	11.0657	533	370	454	3	0.0001 Colloc0 533 3876 0.0464385 147.578
80	1	76.0544	26975.2	26963.9	11.362	526	387	437	2	0.0001 Colloc0 526 3840 0.0255194 165.726
90	1	85.307	26908.8	26898.2	10.6488	525	391	433	3	0.0001 Colloc0 525 3809 0.092085 123.511
100	1	94.4296	26683.1	26671.9	11.1824	516	431	393	4	0.0001 Colloc0 516 3816 0.0130183 154.625
110	1	103.542	26579.7	26568.7	10.9604	527	430	394	3	0.0001 Colloc0 527 3789 0.0932203 141.33
120	1	112.595	26849.5	26838.3	11.2578	555	408	416	4	0.0001 Colloc0 555 3796 0.0388596 159.248
130	1	121.778	26619.6	26608.4	11.1759	534	420	404	3	0.0001 Colloc0 534 3763 0.0169374 154.232
140	1	130.868	26598.5	26587.6	10.8877	521	433	391	2	0.0001 Colloc0 521 3770 0.0318673 137.079
150	1	139.997	26305	26293.9	11.1841	510	431	393	3	0.0001 Colloc0 510 3716 0.0306888 154.731
160	1	149.164	26437.6	26426.7	10.8886	531	455	369	2	0.0001 Colloc0 531 3723 0.0816795 137.135
170	1	158.269	26401.6	26390.3	11.3235	558	429	395	3	0.0001 Colloc0 558 3670 0.02896 163.324
180	1	167.486	26225.9	26214.7	11.1981	551	473	351	4	0.0001 Colloc0 551 3661 0.0690554 155.584
190	1	176.594	26207.1	26196	11.1539	546	474	350	2	0.0001 Colloc0 546 3657 0.0438462 152.893
200	1	185.615	26024.2	26013.2	11.047	530	478	346	2	0.0001 Colloc0 530 3657 0.0724966 146.46
210	1	194.542	25936.3	25925.7	10.5811	518	486	338	3	0.0001 Colloc0 518 3661 0.143678 119.78
220	1	203.676	25941.4	25930.8	10.5679	530	496	328	1	0.0001 Colloc0 530 3631 0.121581 119.054
230	1	212.818	26080.2	26069.4	10.866	537	455	369	1	0.0001 Colloc0 537 3635 0.102013 135.822
240	1	221.826	26084.3	26073.1	11.1941	532	447	377	1	0.0001 Colloc0 532 3629 0.0222221 155.339
250	1	230.809	26023.4	26012.2	11.1414	526	483	341	0	0.0001 Colloc0 526 3659 0.0262842 152.138
260	1	239.938	26102.1	26091.2	10.8979	543	476	348	1	0.0001 Colloc0 543 3631 0.0675708 137.671
270	1	249.015	26034.6	26023	11.5857	553	474	350	1	0.0001 Colloc0 553 3623 0.0327856 179.943
280	1	257.937	26098.4	26087	11.4401	535	472	352	1	0.0001 Colloc0 535 3640 0.0255901 170.642
290	1	266.941	26006.8	25996	10.7693	535	450	374	2	0.0001 Colloc0 535 3632 0.0749933 130.281
300	1	276.25	25824.1	25813.3	10.765	528	475	349	1	0.0001 Colloc0 528 3598 0.0982345 130.034
310	1	285.463	25814.9	25803.8	11.0872	521	481	343	2	0.0001 Colloc0 521 3614 0.0364377 148.865
320	1	294.405	25758.1	25747.5	10.5431	522	489	335	1	0.0001 Colloc0 522 3604 0.132638 117.704
330	1	303.622	25766	25755.3	10.6214	519	488	336	2	0.0001 Colloc0 519 3601 0.106567 121.995
340	1	312.779	25890.9	25879.5	11.3827	526	451	373	0	0.0001 Colloc0 526 3603 0.0242653 167.025
350	1	321.789	25848.4	25837	11.4214	542	465	359	1	0.0001 Colloc0 542 3591 0.0498501 169.459
360	1	330.812	25792.5	25781.5	11.0225	529	472	352	1	0.0001 Colloc0 529 3593 0.0499156 144.998
370	1	339.972	25754.9	25744	10.9085	537	460	364	1	0.0001 Colloc0 537 3540 0.0748678 138.289
380	1	349.055	25734.8	25723.3	11.4473	538	479	345	2	0.0001 Colloc0 538 3545 0.0451632 171.094
390	1	358.053	25813.8	25803.1	10.7405	540	462	362	1	0.0001 Colloc0 540 3578 0.107487 128.647
400	1	367.125	25753	25742.2	10.8198	555	462	362	0	0.0001 Colloc0 555 3551 0.0980263 133.164
410	1	376.011	25776.8	25766.1	10.6957	538	475	349	3	0.0001 Colloc0 538 3559 0.116683 126.128
420	1	385.147	25684.9	25673.5	11.4043	528	488	336	0	0.0001 Colloc0 528 3530 0.025074 168.381
430	1	394.471	25666.5	25655.8	10.6775	534	481	343	1	0.0001 Colloc0 534 3568 0.103512 125.106
440	1	403.454	25695.9	25684.4	11.4843	535	487	337	0	0.0001 Colloc0 535 3549 0.0124932 173.446
450	1	412.489	25725	25714.2	10.7825	548	478	346	2	0.0001 Colloc0 548 3530 0.0724594 131.031
460	1	421.788	25637	25625.5	11.4895	528	480	344	0	0.0001 Colloc0 528 3534 0.0430081 173.777
470	1	431.081	25679.2	25668.5	10.6742	566	496	328	0	0.0001 Colloc0 566 3534 0.159656 124.923
480	1	440.162	25648.4	25637.5	10.9283	545	494	330	0	0.0001 Colloc0 545 3545 0.101824 139.449
490	1	449.376	25640	25629	10.9758	550	492	332	1	0.0001 Colloc0 550 3515 0.128432 142.234
500	1	458.699	25604.1	25593.8	10.2695	539	471	353	3	0.0001 Colloc0 539 3521 0.16743 103.287
510	1	467.992	25609.6	25599.4	10.2262	540	490	334	1	0.0001 Colloc0 540 3537 0.187193 101.086
520	1	477.312	25737.2	25726.3	10.8464	559	459	365	2	0.0001 Colloc0 559 3527 0.146193 134.689
530	1	486.603	25588.4	25577.1	11.3083	547	490	334	1	0.0001 Colloc0 547 3495 0.0403499 162.378
540	1	495.632	25684.5	25673.4	11.0796	566	471	353	3	0.0001 Colloc0 566 3515 0.0943829 148.41
550	1	504.862	25491.8	25481.4	10.3541	528	515	309	1	0.0001 Colloc0 528 3490 0.117205 107.647
560	1	513.883	25452.2	25441.6	10.5616	530	521	303	1	0.0001 Colloc0 530 3522 0.147323 118.713
570	1	522.977	25561.2	25549.6	11.623	545	503	321	0	0.0001 Colloc0 545 3520 0.0186684 182.359
580	1	532.249	25490.3	25479.5	10.7643	564	480	344	1	0.0001 Colloc0 564 3507 0.146266 129.997
590	1	541.545	25594	25583	10.9921	553	464	360	2	0.0001 Colloc0 553 3471 0.108167 143.197
600	1	550.655	25496.6	25485.8	10.757	543	492	332	1	0.0001 Colloc0 543 3485 0.109767 129.581
610	1	559.885	25498.1	25486.9	11.1356	538	502	322	0	0.0001 Colloc0 538 3474 0.0485051 151.783
620	1	568.742	25492.3	25481.1	11.238	545	492	332	1	0.0001 Colloc0 545 3476 0.0584759 158.033
630	1	577.682	25465.4	25454.1	11.3153	538	525	299	1	0.0001 Colloc0 538 3491 0.0514106 162.809
640	1	586.737	25340.6	25329.4	11.2093	529	537	287	0	0.0001 Colloc0 529 3465 0.0659637 156.272
650	1	596.145	25545.9	25534.8	11.1735	553	500	324	0	0.0001 Colloc0 553 3485 0.128649 154.087
660	1	605.416	25504.5	25494.1	10.4266	541	492	332	0	0.0001 Colloc0 541 3466 0.178942 111.457
670	1	614.596	25473.1	25462.2	10.9299	537	486	338	1	0.0001 Colloc0 537 3506 0.107676 139.541
680	1	623.617	25484.4	25473.2	11.2198	537	496	328	1	0.0001 Colloc0 537 3456 0.031685 156.916
690	1	632.594	25500.2	25489.6	10.5719	541	500	324	0	0.0001 Colloc0 541 3481 0.135086 119.275
700	1	641.498	25443	25432.4	10.6414	549	523	301	0	0.0001 Colloc0 549 3496 0.144879 123.101
710	1	650.474	25717.4	25706.9	10.531	554	484	340	1	0.0001 Colloc0 554 3522 0.177626 117.047
720	1	659.631	25455.1	25444	11.092	550	482	342	0	0.0001 Colloc0 550 3481 0.110677 149.153
730	1	668.824	25400.8	25389.9	10.8701	537	490	334	3	0.0001 Colloc0 537 3511 0.0964522 136.06
740	1	677.997	25541.9	25531.4	10.5132	545	487	337	0	0.0001 Colloc0 545 3499 0.161344 116.086
750	1	687.332	25375.6	25364.6	10.9502	563	512	312	4	0.0001 Colloc0 563 3462 0.128233 140.729
760	1	696.498	25306.4	25295	11.3926	553	528	296	1	0.0001 Colloc0 553 3447 0.0878698 167.643
770	1	705.61	25181.6	25170.6	10.9665	528	548	276	0	0.0001 Colloc0 528 3427 0.0902361 141.686
780	1	714.79	25274.6	25264	10.5814	541	529	295	0	0.0001 Colloc0 541 3432 0.130543 119.795
790	1	724.096	25340.3	25330.2	10.0568	548	523	301	1	0.0001 Colloc0 548 3449 0.188804 92.7113
800	1	733.248	25348.6	25337.4	11.1926	552	535	289	1	0.0001 Colloc0 552 3457 0.0734938 155.25
810	1	742.522	25279.3	25267.8	11.4703	539	535	289	2	0.0001 Colloc0 539 3469 0.0256186 172.554
820	1	751.638	25340.4	25329.9	10.5468	539	510	314	2	0.0001 Colloc0 539 3460 0.16191 117.906
830	1	760.765	25169.2	25158.9	10.3258	537	564	260	3	0.0001 Colloc0 537 3407 0.204955 106.179
840	1	769.936	25192.1	25181.2	10.864	548	535	289	2	0.0001 Colloc0 548 3422 0.120973 135.708
850	1	779.137	25272.8	25261.4	11.409	558	522	302	1	0.0001 Colloc0 558 3434 0.0525212 168.679
860	1	788.286	25229.1	25218.2	10.9676	541	511	313	2	0.0001 Colloc0 541 3442 0.127534 141.751
870	1	797.372	25217.7	25206.6	11.1206	551	546	278	1	0.0001 Colloc0 551 3451 0.0938657 150.879
880	1	806.27	25147.9	25136.7	11.1902	523	530	294	2	0.0001 Colloc0 523 3434 0.0347425 155.101
890	1	815.226	25262.3	25251.3	11.001	543	520	304	1	0.0001 Colloc0 543 3476 0.0987458 143.723
900	1	824.281	25221	25210.2	10.8212	539	516	308	3	0.0001 Colloc0 539 3463 0.0864331 133.242
910	1	834.515	25420.1	25408.5	11.6086	546	505	319	1	0.0001 Colloc0 546 3475 0.000386879 181.426
920	1	843.598	25285.3	25274.2	11.1697	542	526	298	3	0.0001 Colloc0 542 3434 0.0542149 153.852
930	1	852.793	25205.9	25194.7	11.1836	550	537	287	1	0.0001 Colloc0 550 3426 0.0956181 154.698
940	1	861.823	25193.3	25182.3	10.9888	527	534	290	1	0.0001 Colloc0 527 3436 0.0702874 143.002
950	1	870.837	25175.7	25164.5	11.1603	523	542	282	2	0.0001 Colloc0 523 3445 0.0371851 153.283
960	1	880.011	25065.4	25054.2	11.2009	551	565	259	1	0.0001 Colloc0 551 3428 0.0932769 155.754
970	1	889.064	25139.5	25129	10.502	544	546	278	1	0.0001 Colloc0 544 3425 0.199347 115.482
980	1	898.359	25231.4	25220.9	10.5068	555	528	296	1	0.0001 Colloc0 555 3450 0.154453 115.741
990	1	907.655	25305.4	25294	11.3712	545	507	317	3	0.0001 Colloc0 545 3453 0.0785434 166.301
1000	1	916.731	25159.6	25148.4	11.1737	542	521	303	3	0.0001 Colloc0 542 3432 0.0479963 154.097
1010	1	925.962	25246.1	25235.1	10.9834	536	511	313	2	0.0001 Colloc0 536 3420 0.0665301 142.685
1020	1	935.119	25255.6	25244.7	10.9117	566	515	309	2	0.0001 Colloc0 566 3425 0.12993 138.478
1030	1	944.176	25152.3	25141.5	10.7865	539	540	284	1	0.0001 Colloc0 539 3409 0.156569 131.257
1040	1	953.379	25160.1	25149.3	10.7872	547	539	285	2	0.0001 Colloc0 547 3425 0.144963 131.3
1050	1	962.694	25118.1	25107.3	10.8535	562	556	268	5	0.0001 Colloc0 562 3406 0.138896 135.103
1060	1	971.889	25033.4	25022.7	10.779	545	575	249	2	0.0001 Colloc0 545 3402 0.139159 130.83
1070	1	981.079	25057.7	25046.8	10.8725	544	582	242	1	0.0001 Colloc0 544 3394 0.148387 136.201
1080	1	990.144	24990.9	24980.2	10.7453	531	580	244	2	0.0001 Colloc0 531 3395 0.137162 128.919
1090	1	999.36	24968.9	24958.7	10.2787	530	584	240	1	0.0001 Colloc0 530 3409 0.157657 103.754
1100	1	1008.67	25096.6	25085.7	10.821	531	543	281	1	0.0001 Colloc0 531 3415 0.0681095 133.232
1110	1	1017.79	25089.2	25078.1	11.0882	545	554	270	2	0.0001 Colloc0 545 3403 0.0577326 148.926
1120	1	1027.03	24947.8	24937.1	10.745	541	587	237	1	0.0001 Colloc0 541 3397 0.141321 128.903
1130	1	1036.2	25164.1	25153.3	10.7628	544	546	278	2	0.0001 Colloc0 544 3396 0.12129 129.909
1140	1	1045.2	25060.6	25049.5	11.0938	562	558	266	1	0.0001 Colloc0 562 3394 0.107505 149.261
1150	1	1054.37	25080	25068.7	11.2363	534	557	267	3	0.0001 Colloc0 534 3411 0.0853396 157.923
1160	1	1063.55	25146.4	25135.7	10.7453	560	547	277	2	0.0001 Colloc0 560 3422 0.162091 128.917
1170	1	1072.76	25208.5	25197.7	10.7243	560	512	312	2	0.0001 Colloc0 560 3413 0.10623 127.733
1180	1	1081.91	25105.4	25094.2	11.2301	541	543	281	2	0.0001 Colloc0 541 3406 0.0629279 157.543
1190	1	1091.17	25164.4	25152.8	11.5799	546	542	282	2	0.0001 Colloc0 546 3390 0.00470861 179.574
1200	1	1100.28	25038.8	25027.7	11.1475	535	552	272	0	0.0001 Colloc0 535 3399 0.0491451 152.505
1210	1	1109.58	25039.1	25028.1	10.9657	535	538	286	0	0.0001 Colloc0 535 3385 0.0867627 141.64
1220	1	1118.67	25119.4	25108.6	10.7249	553	532	292	3	0.0001 Colloc0 553 3389 0.123898 127.765
1230	1	1127.75	25083.5	25072.6	10.8829	540	542	282	2	0.0001 Colloc0 540 3388 0.0855892 136.804
1240	1	1136.94	24984.2	24973.6	10.6281	539	575	249	0	0.0001 Colloc0 539 3389 0.140974 122.363
1250	1	1146.01	25123.1	25112.1	10.9597	549	536	288	0	0.0001 Colloc0 549 3375 0.104169 141.289
1260	1	1155.15	25090.5	25079.5	10.9993	552	551	273	1	0.0001 Colloc0 552 3384 0.104565 143.624
1270	1	1164.26	25071.2	25059.7	11.453	552	570	254	2	0.0001 Colloc0 552 3398 0.0404678 171.459
1280	1	1173.52	25103	25092.2	10.7917	559	564	260	1	0.0001 Colloc0 559 3405 0.151943 131.556
1290	1	1182.86	25105.7	25095.3	10.4225	574	551	273	3	0.0001 Colloc0 574 3386 0.222126 111.242
1300	1	1192.1	25169	25157.5	11.5737	564	535	289	2	0.0001 Colloc0 564 3370 0.0997468 179.169
1310	1	1201.12	24982.6	24971.5	11.1239	545	539	285	3	0.0001 Colloc0 545 3372 0.123659 151.079
1320	1	1210.18	25039.6	25028.3	11.307	544	555	269	3	0.0001 Colloc0 544 3396 0.0815411 162.295
1330	1	1219.29	25042.6	25031.2	11.3636	553	522	302	2	0.0001 Colloc0 553 3369 0.00955242 165.826
1340	1	1229.29	25131.7	25121.1	10.6372	549	537	287	2	0.0001 Colloc0 549 3400 0.148455 122.866
1350	1	1238.37	25139.9	25128.6	11.2574	555	534	290	2	0.0001 Colloc0 555 3395 0.0833383 159.226
1360	1	1247.47	25067	25055.7	11.3713	537	539	285	1	0.0001 Colloc0 537 3402 0.0656001 166.308
1370	1	1256.54	25091	25080.4	10.6383	537	514	310	2	0.0001 Colloc0 537 3418 0.141429 122.93
1380	1	1265.89	24996.1	24985.3	10.7651	529	548	276	1	0.0001 Colloc0 529 3416 0.125668 130.04
1390	1	1275.03	25039.8	25028.4	11.4253	543	544	280	3	0.0001 Colloc0 543 3405 0.042025 169.704
1400	1	1284.32	25013.5	25002.7	10.8086	543	542	282	2	0.0001 Colloc0 543 3383 0.116971 132.52
1410	1	1293.65	25205	25194.1	10.9583	553	517	307	0	0.0001 Colloc0 553 3391 0.130037 141.208
1420	1	1302.95	25129.3	25118.2	11.0939	539	513	311	1	0.0001 Colloc0 539 3398 0.0933286 149.266
1430	1	1312.13	25035.6	25024.9	10.6766	535	533	291	0	0.0001 Colloc0 535 3398 0.139042 125.055
1440	1	1321.43	25127.4	25116.4	11.0789	549	538	286	1	0.0001 Colloc0 549 3387 0.0383367 148.365
1450	1	1330.58	25152	25140.9	11.0869	548	541	283	2	0.0001 Colloc0 548 3382 0.0929095 148.845
1460	1	1339.68	25078.8	25067.7	11.0112	543	514	310	2	0.0001 Colloc0 543 3391 0.0791059 144.329
1470	1	1348.74	25091.3	25080.1	11.127	525	511	313	2	0.0001 Colloc0 525 3428 0.0814289 151.261
1480	1	1357.68	25071.4	25060.9	10.5269	537	537	287	3	0.0001 Colloc0 537 3407 0.195849 116.826
1490	1	1366.83	25134.8	25124.2	10.6609	542	504	320	4	0.0001 Colloc0 542 3396 0.141471 124.182
1500	1	1375.95	25346.3	25335.2	11.036	565	467	357	1	0.0001 Colloc0 565 3416 0.0882193 145.805
1510	1	1384.98	25036.8	25025.4	11.3179	538	543	281	1	0.0001 Colloc0 538 3413 0.062788 162.975
1520	1	1393.87	25270.7	25259.5	11.2646	560	486	338	4	0.0001 Colloc0 560 3440 0.0666059 159.669
1530	1	1403.14	25163	25152	11.0675	551	517	307	1	0.0001 Colloc0 551 3413 0.100349 147.684
1540	1	1412.21	25189.5	25178.3	11.2197	552	494	330	1	0.0001 Colloc0 552 3414 0.0797127 156.906
1550	1	1421.38	25053.5	25042.5	11.0101	548	535	289	2	0.0001 Colloc0 548 3417 0.11832 144.263
1560	1	1430.3	25106.9	25095.6	11.3176	525	525	299	1	0.0001 Colloc0 525 3426 0.0345113 162.954
1570	1	1439.32	25117.7	25106.3	11.4648	549	514	310	2	0.0001 Colloc0 549 3412 0.0641304 172.208
1580	1	1448.59	25153	25142.3	10.7442	568	529	295	2	0.0001 Colloc0 568 3416 0.177115 128.856
1590	1	1457.73	25140.9	25130	10.9045	547	521	303	2	0.0001 Colloc0 547 3407 0.0896412 138.06
1600	1	1466.87	25081.6	25071.4	10.1603	544	537	287	3	0.0001 Colloc0 544 3387 0.20527 97.7837
1610	1	1475.86	25149.2	25138.7	10.5789	559	532	292	2	0.0001 Colloc0 559 3395 0.152071 119.655
1620	1	1485.06	25083.5	25071.9	11.6396	553	549	275	1	0.0001 Colloc0 553 3377 0.0210627 183.433
1630	1	1494.41	25144.5	25133.3	11.2706	560	532	292	1	0.0001 Colloc0 560 3384 0.0925086 160.04
1640	1	1503.6	25057.5	25047	10.4467	539	544	280	2	0.0001 Colloc0 539 3417 0.138239 112.524
1650	1	1513.05	25083.1	25071.9	11.1885	530	518	306	2	0.0001 Colloc0 530 3387 0.0528986 154.999
1660	1	1522.14	25047.8	25036.8	11.0847	540	552	272	2	0.0001 Colloc0 540 3387 0.103802 148.715
1670	1	1531.22	25161.5	25150.2	11.2978	559	549	275	1	0.0001 Colloc0 559 3405 0.0710406 161.725
1680	1	1540.3	25049.2	25037.8	11.4099	548	535	289	3	0.0001 Colloc0 548 3382 0.06893 168.733
1690	1	1549.16	25105.9	25094.8	11.1132	553	534	290	1	0.0001 Colloc0 553 3408 0.0975625 150.432
1700	1	1558.04	25062.6	25051.5	11.1	534	537	287	1	0.0001 Colloc0 534 3396 0.0432091 149.633
1710	1	1566.93	25181.2	25169.9	11.2073	552	524	300	3	0.0001 Colloc0 552 3368 0.0570984 156.148
1720	1	1575.93	25150.2	25138.3	11.8442	545	520	304	2	0.0001 Colloc0 545 3411 0.0194883 196.889
1730	1	1584.92	25137.1	25125.7	11.4849	540	511	313	1	0.0001 Colloc0 540 3401 0.0288286 173.484
1740	1	1593.8	25230.5	25218.9	11.6259	556	488	336	3	0.0001 Colloc0 556 3391 0.0439934 182.544
1750	1	1602.87	25075.9	25065.1	10.8122	548	520	304	2	0.0001 Colloc0 548 3400 0.132171 132.728
1760	1	1611.84	25052.6	25041.5	11.0978	544	512	312	2	0.0001 Colloc0 544 3359 0.109951 149.501
1770	1	1620.89	25145.7	25134.5	11.1438	547	502	322	3	0.0001 Colloc0 547 3392 0.0726133 152.279
1780	1	1629.87	25257.1	25246.3	10.8775	552	511	313	2	0.0001 Colloc0 552 3411 0.121513 136.49
1790	1	1638.95	25269.7	25258.1	11.5886	556	477	347	2	0.0001 Colloc0 556 3411 0.0396416 180.135
1800	1	1647.97	25204.5	25193.2	11.3019	544	507	317	2	0.0001 Colloc0 544 3444 0.0305715 161.976
1810	1	1656.92	25150.2	25139	11.2241	523	488	336	3	0.0001 Colloc0 523 3404 0.0423004 157.175
1820	1	1665.84	25198	25186.7	11.3245	544	505	319	1	0.0001 Colloc0 544 3419 0.0390302 163.381
1830	1	1674.95	25126.6	25115.1	11.4851	549	527	297	3	0.0001 Colloc0 549 3412 0.0548702 173.498
1840	1	1683.99	25021.1	25009.8	11.2579	535	529	295	1	0.0001 Colloc0 535 3395 0.0396612 159.257
1850	1	1692.79	25041.7	25030.8	10.9172	550	572	252	1	0.0001 Colloc0 550 3415 0.0916851 138.797
1860	1	1701.79	25136.5	25125.2	11.3282	550	519	305	3	0.0001 Colloc0 550 3408 0.0451936 163.612
1870	1	1710.96	25135.9	25124.6	11.3147	543	507	317	2	0.0001 Colloc0 543 3404 0.0629939 162.776
1880	1	1720.02	25084.6	25073.8	10.8612	552	527	297	2	0.0001 Colloc0 552 3415 0.106052 135.543
1890	1	1728.92	25167.9	25157	10.8939	532	526	298	2	0.0001 Colloc0 532 3406 0.106246 137.439
1900	1	1737.89	25170.1	25158.5	11.6637	540	513	311	3	0.0001 Colloc0 540 3401 0.0198789 185.003
1910	1	1746.74	25002.7	24991.8	10.8705	529	521	303	1	0.0001 Colloc0 529 3387 0.0945022 136.086
1920	1	1755.77	25010.8	24999.8	11.0773	529	537	287	1	0.0001 Colloc0 529 3414 0.0604718 148.271
1930	1	1764.83	25142.3	25131.3	11.0207	553	524	300	2	0.0001 Colloc0 553 3405 0.102358 144.891
1940	1	1773.8	25054.6	25043.4	11.2088	526	523	301	3	0.0001 Colloc0 526 3379 0.0323151 156.237
1950	1	1782.67	25034.3	25023.1	11.1911	537	538	286	3	0.0001 Colloc0 537 3413 0.0754932 155.158
1960	1	1791.61	25159	25147.8	11.1991	548	525	299	1	0.0001 Colloc0 548 3418 0.0970874 155.644
1970	1	1800.39	25020.4	25009.5	10.8639	542	548	276	1	0.0001 Colloc0 542 3399 0.121964 135.704
1980	1	1809.06	25174.8	25163.8	11.0713	549	490	334	1	0.0001 Colloc0 549 3387 0.052968 147.911
1990	1	1818	25120.2	25108.5	11.7114	545	514	310	3	0.0001 Colloc0 545 3386 0.0181207 188.117
2000	1	1826.96	25114.8	25103.4	11.4098	540	513	311	4	0.0001 Colloc0 540 3401 0.0433831 168.726
