# D = 0, E = 1, I = 1, P = 1, R = -1, n = 2000, N = 1, P = 1, w = 1, a = 0.0001, b = 10000, e = 1, f = 1, g = 100, h = 0.01, r = 4490, s = 1, S = 0, x = 10, m = 100, Z = 1, z = 0, T = 1, t = 1
# 9115 tokens in 824 sentences
#
# It	Temp	Time	-logP	-logPcorpus	-logPrior	tables	same	changed	reject	default_pya	(parent pym pyn pya pyb)*
0	1	0.735888	33473	33359.3	113.764	2226	0	824	0	0.0001 Colloc0 2226 3834 0.0001 10000
10	1	11.4473	25977.3	25966.3	10.9944	624	397	427	2	0.0001 Colloc0 624 3497 0.122028 143.337
20	1	21.4257	25375.7	25364	11.6529	529	445	379	2	0.0001 Colloc0 529 3459 0.0244688 184.297
30	1	30.8513	25303.9	25292.8	11.074	524	476	348	1	0.0001 Colloc0 524 3484 0.0760868 148.072
40	1	40.3079	25125.2	25114.3	10.9362	537	496	328	1	0.0001 Colloc0 537 3455 0.108113 139.911
50	1	50.3154	25151.6	25140	11.5215	519	499	325	3	0.0001 Colloc0 519 3465 0.00274538 175.822
60	1	60.3018	24993.1	24981.9	11.1176	521	487	337	1	0.0001 Colloc0 521 3456 0.0402126 150.695
70	1	70.1193	24915.5	24904.8	10.7058	511	507	317	3	0.0001 Colloc0 511 3460 0.0607779 126.694
80	1	80.1578	24867	24856.3	10.7184	494	504	320	1	0.0001 Colloc0 494 3482 0.0506148 127.398
90	1	90.1063	24805.3	24794.2	11.1538	496	529	295	4	0.0001 Colloc0 496 3472 0.0435583 152.886
100	1	99.9468	24782.1	24771	11.0839	489	519	305	1	0.0001 Colloc0 489 3488 0.010865 148.67
110	1	109.33	24824.4	24813.6	10.8511	505	501	323	2	0.0001 Colloc0 505 3459 0.0704454 134.96
120	1	118.356	24830.8	24819.8	11.0077	497	491	333	0	0.0001 Colloc0 497 3440 0.0392077 144.121
130	1	127.697	24794.1	24783.6	10.5336	497	494	330	1	0.0001 Colloc0 497 3450 0.148674 117.19
140	1	137.015	24748.7	24737.6	11.0793	529	526	298	3	0.0001 Colloc0 529 3412 0.0537563 148.389
150	1	146.85	24818.9	24808.5	10.3806	518	503	321	4	0.0001 Colloc0 518 3400 0.151214 109.035
160	1	156.803	24755	24743.9	11.0795	497	524	300	0	0.0001 Colloc0 497 3407 0.0247869 148.403
170	1	166.735	24699.8	24688.9	10.9253	496	522	302	1	0.0001 Colloc0 496 3417 0.0492226 139.269
180	1	176.738	24652.8	24641.8	10.9926	491	524	300	1	0.0001 Colloc0 491 3407 0.0730049 143.227
190	1	186.109	24629	24618.6	10.4828	505	522	302	0	0.0001 Colloc0 505 3401 0.10211 114.451
200	1	195.679	24858.4	24847.1	11.274	506	473	351	2	0.0001 Colloc0 506 3421 0.0143814 160.251
210	1	205.684	24632.8	24622.2	10.6288	483	516	308	3	0.0001 Colloc0 483 3398 0.0574779 122.404
220	1	215.744	24509.4	24498.6	10.8277	496	510	314	1	0.0001 Colloc0 496 3390 0.0704991 133.616
230	1	225.737	24565.3	24554.3	10.91	498	518	306	1	0.0001 Colloc0 498 3390 0.0408427 138.381
240	1	235.632	24629.2	24618.6	10.5768	500	525	299	1	0.0001 Colloc0 500 3373 0.130908 119.543
250	1	245.443	24659.8	24648.9	10.8627	510	509	315	1	0.0001 Colloc0 510 3402 0.0844792 135.632
260	1	254.604	24602.8	24592	10.7466	507	516	308	0	0.0001 Colloc0 507 3357 0.0841179 128.99
270	1	264.283	24574.1	24562.6	11.4824	515	527	297	0	0.0001 Colloc0 515 3352 0.0220734 173.327
280	1	274.332	24529.9	24518.6	11.2621	512	527	297	1	0.0001 Colloc0 512 3392 0.0635203 159.517
290	1	284.299	24308.7	24297.7	10.9714	502	552	272	2	0.0001 Colloc0 502 3335 0.0974748 141.978
300	1	294.18	24332.3	24321.2	11.0986	505	558	266	0	0.0001 Colloc0 505 3329 0.0668377 149.553
310	1	304.022	24363.6	24352.9	10.6764	497	557	267	1	0.0001 Colloc0 497 3335 0.0707524 125.047
320	1	313.892	24238.8	24228.6	10.2182	502	572	252	1	0.0001 Colloc0 502 3316 0.14517 100.684
330	1	323.855	24256	24245.4	10.5864	500	585	239	2	0.0001 Colloc0 500 3344 0.124653 120.067
340	1	333.734	24179.2	24168.3	10.8181	509	585	239	1	0.0001 Colloc0 509 3324 0.106797 133.067
350	1	343.607	24263.6	24253	10.585	512	585	239	0	0.0001 Colloc0 512 3319 0.167262 119.991
360	1	353.58	24209.3	24198.8	10.5912	508	595	229	2	0.0001 Colloc0 508 3304 0.116568 120.33
370	1	363.429	24204.7	24194.4	10.2971	494	570	254	0	0.0001 Colloc0 494 3328 0.163722 104.701
380	1	373.314	24182.3	24171.7	10.587	500	585	239	1	0.0001 Colloc0 500 3296 0.106072 120.101
390	1	382.563	24186.9	24175.8	11.1429	501	569	255	1	0.0001 Colloc0 501 3309 0.0479213 152.229
400	1	392.285	24143.1	24131.9	11.2296	487	589	235	0	0.0001 Colloc0 487 3329 0.0173511 157.515
410	1	402.038	24138.5	24128.3	10.2482	507	587	237	2	0.0001 Colloc0 507 3295 0.160155 102.202
420	1	411.585	24147.7	24136.7	11.0006	503	577	247	1	0.0001 Colloc0 503 3305 0.0560127 143.699
430	1	421.085	24200.5	24189.9	10.58	516	559	265	2	0.0001 Colloc0 516 3309 0.158646 119.719
440	1	431.062	24193.7	24182.6	11.1138	500	565	259	2	0.0001 Colloc0 500 3310 0.047812 150.466
450	1	440.875	24169.3	24159.1	10.1992	492	584	240	1	0.0001 Colloc0 492 3329 0.116973 99.7271
460	1	450.868	24239.4	24228.5	10.8628	509	564	260	2	0.0001 Colloc0 509 3326 0.0483123 135.637
470	1	460.814	24205.4	24194.4	10.964	513	586	238	1	0.0001 Colloc0 513 3301 0.078723 141.541
480	1	470.808	24125.3	24114.3	10.969	513	575	249	3	0.0001 Colloc0 513 3291 0.0627709 141.834
490	1	480.993	23903.8	23893.5	10.2992	489	603	221	0	0.0001 Colloc0 489 3282 0.143265 104.805
500	1	490.722	24074.9	24064.3	10.5642	511	589	235	0	0.0001 Colloc0 511 3295 0.137098 118.855
510	1	499.885	24046.1	24035.3	10.7505	506	566	258	1	0.0001 Colloc0 506 3280 0.0755504 129.214
520	1	509.368	24059.5	24049	10.5788	508	593	231	3	0.0001 Colloc0 508 3293 0.132282 119.65
530	1	519.007	24116.4	24105.6	10.8647	494	568	256	1	0.0001 Colloc0 494 3318 0.0638308 135.751
540	1	528.798	24011.7	24001	10.6818	502	579	245	1	0.0001 Colloc0 502 3297 0.137325 125.346
550	1	538.773	24048.1	24037.3	10.7953	500	589	235	1	0.0001 Colloc0 500 3294 0.100124 131.762
560	1	548.692	24144.3	24133.6	10.762	503	567	257	1	0.0001 Colloc0 503 3318 0.0882239 129.866
570	1	558.4	23994.2	23984	10.2423	496	592	232	2	0.0001 Colloc0 496 3290 0.189448 101.9
580	1	568.337	23904.3	23893.5	10.824	488	606	218	1	0.0001 Colloc0 488 3287 0.0628662 133.402
590	1	578.275	24040.6	24029.8	10.7635	498	565	259	1	0.0001 Colloc0 498 3316 0.0738029 129.949
600	1	587.618	23921.1	23910.7	10.3481	481	609	215	2	0.0001 Colloc0 481 3307 0.176833 107.336
610	1	597.645	23861.5	23850.8	10.7007	478	607	217	2	0.0001 Colloc0 478 3295 0.0559565 126.408
620	1	607.512	23958.9	23948.7	10.2142	501	583	241	3	0.0001 Colloc0 501 3308 0.175602 100.483
630	1	617.042	24034.1	24023.7	10.4072	498	588	236	0	0.0001 Colloc0 498 3303 0.148325 110.431
640	1	626.348	23915.9	23904.8	11.0482	492	562	262	0	0.0001 Colloc0 492 3290 0.0549915 146.533
650	1	636.143	23884.7	23875	9.63842	487	592	232	1	0.0001 Colloc0 487 3286 0.203219 73.6523
660	1	645.939	23863	23852.3	10.7407	481	608	216	2	0.0001 Colloc0 481 3293 0.0789139 128.658
670	1	655.707	24052.7	24041.6	11.0854	504	552	272	2	0.0001 Colloc0 504 3313 0.0725746 148.757
680	1	665.245	23918.5	23907.7	10.8738	490	575	249	4	0.0001 Colloc0 490 3282 0.0830229 136.274
690	1	674.401	23901.1	23890.6	10.4625	472	575	249	0	0.0001 Colloc0 472 3289 0.0872509 113.366
700	1	684.09	23936.8	23925.9	10.9292	500	570	254	0	0.0001 Colloc0 500 3289 0.10785 139.497
710	1	693.804	23847.7	23836.8	10.8539	491	595	229	2	0.0001 Colloc0 491 3299 0.0363449 135.127
720	1	703.733	23919.3	23908.7	10.5781	494	592	232	0	0.0001 Colloc0 494 3287 0.113789 119.613
730	1	713.72	23795.9	23785.9	9.98929	488	597	227	3	0.0001 Colloc0 488 3287 0.206256 89.4745
740	1	723.338	23902.7	23892	10.7127	493	589	235	0	0.0001 Colloc0 493 3307 0.104503 127.077
750	1	733.207	23864.6	23853.8	10.761	479	598	226	0	0.0001 Colloc0 479 3304 0.0597219 129.806
760	1	743.095	23901.6	23891.1	10.5281	470	588	236	0	0.0001 Colloc0 470 3315 0.0764662 116.892
770	1	753.197	23921.6	23911	10.5634	489	582	242	2	0.0001 Colloc0 489 3303 0.117519 118.81
780	1	763.168	23775.8	23765	10.7831	477	614	210	3	0.0001 Colloc0 477 3288 0.0631258 131.065
790	1	772.686	23885	23874.3	10.7537	496	580	244	1	0.0001 Colloc0 496 3277 0.0769334 129.393
800	1	782.21	23903.4	23892.9	10.4732	494	574	250	2	0.0001 Colloc0 494 3276 0.156603 113.94
810	1	792.34	23860.5	23849.6	10.8973	481	589	235	4	0.0001 Colloc0 481 3286 0.0690358 137.639
820	1	802.08	23779.6	23769.1	10.4658	479	590	234	0	0.0001 Colloc0 479 3258 0.122085 113.54
830	1	812.065	23830	23819.4	10.6451	490	606	218	1	0.0001 Colloc0 490 3270 0.12826 123.307
840	1	821.995	23902.9	23892.4	10.438	486	598	226	3	0.0001 Colloc0 486 3292 0.115689 112.06
850	1	831.95	24018.8	24008	10.7726	509	555	269	2	0.0001 Colloc0 509 3255 0.0654959 130.464
860	1	841.717	23976.2	23965.4	10.7811	498	580	244	1	0.0001 Colloc0 498 3284 0.10245 130.952
870	1	851.532	23820.7	23809.5	11.1888	486	600	224	1	0.0001 Colloc0 486 3288 0.0501104 155.015
880	1	861.489	23824.8	23814.4	10.3981	485	599	225	1	0.0001 Colloc0 485 3287 0.103564 109.95
890	1	871.352	23921.5	23910.4	11.1064	504	585	239	3	0.0001 Colloc0 504 3296 0.0578273 150.021
900	1	881.29	23890.3	23879.5	10.8174	494	572	252	1	0.0001 Colloc0 494 3278 0.0990799 133.024
910	1	891.223	23866	23855.2	10.8259	504	571	253	2	0.0001 Colloc0 504 3271 0.109931 133.514
920	1	901.17	23883.2	23872.8	10.3549	496	577	247	2	0.0001 Colloc0 496 3249 0.13593 107.688
930	1	910.571	23816.8	23805.8	10.9648	479	577	247	1	0.0001 Colloc0 479 3265 0.0348533 141.585
940	1	919.765	23938.9	23927.9	11.006	485	573	251	2	0.0001 Colloc0 485 3269 0.026388 144.021
950	1	929.118	24082.4	24071.9	10.5817	514	535	289	0	0.0001 Colloc0 514 3272 0.151046 119.81
960	1	938.835	24025.3	24014.5	10.7769	519	547	277	4	0.0001 Colloc0 519 3270 0.146798 130.712
970	1	948.583	23930	23919	10.9288	512	585	239	0	0.0001 Colloc0 512 3269 0.122676 139.477
980	1	958.184	23884.7	23874	10.7188	501	578	246	1	0.0001 Colloc0 501 3241 0.104985 127.42
990	1	967.765	23963.1	23952.2	10.8873	507	564	260	1	0.0001 Colloc0 507 3270 0.0796425 137.057
1000	1	977.118	23881.7	23870.8	10.836	492	593	231	0	0.0001 Colloc0 492 3262 0.086617 134.093
1010	1	986.926	23898.9	23887.5	11.3792	495	594	230	2	0.0001 Colloc0 495 3264 0.0317999 166.802
1020	1	996.917	24029.5	24018.5	10.9445	502	550	274	1	0.0001 Colloc0 502 3292 0.086316 140.393
1030	1	1007.06	23989.1	23978.5	10.6144	488	537	287	2	0.0001 Colloc0 488 3282 0.0939611 121.609
1040	1	1017.05	23836.5	23826.1	10.3424	487	587	237	1	0.0001 Colloc0 487 3269 0.109102 107.04
1050	1	1026.9	23768.2	23757.7	10.5609	478	630	194	0	0.0001 Colloc0 478 3280 0.0711866 118.672
1060	1	1036.77	23798.7	23788.1	10.5292	484	597	227	2	0.0001 Colloc0 484 3270 0.0939781 116.954
1070	1	1046.5	23737	23726.5	10.4792	470	638	186	1	0.0001 Colloc0 470 3269 0.0654815 114.257
1080	1	1056.34	23947.8	23936.9	10.9571	508	560	264	0	0.0001 Colloc0 508 3260 0.0629058 141.134
1090	1	1066.21	23881.5	23870.5	11.0543	491	576	248	0	0.0001 Colloc0 491 3264 0.0256154 146.896
1100	1	1076.27	23855.9	23845.2	10.7489	495	563	261	0	0.0001 Colloc0 495 3256 0.100317 129.123
1110	1	1086.35	23837.1	23826.6	10.5577	492	585	239	1	0.0001 Colloc0 492 3256 0.108528 118.502
1120	1	1096.34	23951.8	23940.9	10.8779	491	587	237	1	0.0001 Colloc0 491 3290 0.0523966 136.512
1130	1	1106.28	23964.1	23953.8	10.3255	496	564	260	2	0.0001 Colloc0 496 3281 0.171238 106.164
1140	1	1116.11	23991.5	23980	11.4234	502	568	256	0	0.0001 Colloc0 502 3298 0.0323956 169.587
1150	1	1125.95	23877.1	23866.4	10.6756	480	588	236	3	0.0001 Colloc0 480 3280 0.0984038 125.002
1160	1	1135.02	23908.3	23897.3	10.9716	478	584	240	1	0.0001 Colloc0 478 3309 0.0206355 141.985
1170	1	1144.5	23845.8	23835.8	9.98076	497	603	221	1	0.0001 Colloc0 497 3293 0.167099 89.0701
1180	1	1153.98	23902.4	23891.8	10.5598	510	594	230	1	0.0001 Colloc0 510 3283 0.122997 118.614
1190	1	1163.25	23910.8	23900.3	10.5456	501	583	241	0	0.0001 Colloc0 501 3286 0.153059 117.842
1200	1	1172.94	23865	23854.1	10.9196	481	593	231	2	0.0001 Colloc0 481 3278 0.0550877 138.937
1210	1	1182.64	23802.1	23791.3	10.7938	498	588	236	2	0.0001 Colloc0 498 3279 0.0870926 131.672
1220	1	1192.39	23954.8	23944.2	10.6447	497	564	260	2	0.0001 Colloc0 497 3275 0.0966648 123.282
1230	1	1202.01	23898.8	23887.9	10.8205	491	556	268	2	0.0001 Colloc0 491 3289 0.0634847 133.205
1240	1	1211.74	23823.3	23812.2	11.0609	488	617	207	2	0.0001 Colloc0 488 3282 0.043242 147.289
1250	1	1221.44	23813.7	23802.6	11.156	482	606	218	0	0.0001 Colloc0 482 3294 0.00871838 153.023
1260	1	1231.08	23879	23868.7	10.3378	498	584	240	2	0.0001 Colloc0 498 3274 0.106797 106.801
1270	1	1240.98	24113.9	24103.1	10.7871	519	542	282	1	0.0001 Colloc0 519 3269 0.115079 131.294
1280	1	1250.7	23849	23838.2	10.84	484	594	230	2	0.0001 Colloc0 484 3270 0.0713395 134.324
1290	1	1260.57	23880.3	23869.5	10.8366	488	566	258	1	0.0001 Colloc0 488 3276 0.0685034 134.125
1300	1	1269.88	23781.1	23770.2	10.8589	485	627	197	1	0.0001 Colloc0 485 3271 0.0587742 135.414
1310	1	1279.77	23860.3	23850.6	9.73552	500	576	248	0	0.0001 Colloc0 500 3267 0.223743 77.861
1320	1	1289.26	23794.2	23783.7	10.4828	481	608	216	2	0.0001 Colloc0 481 3246 0.0701554 114.454
1330	1	1298.8	23912.7	23902.3	10.3829	490	578	246	1	0.0001 Colloc0 490 3285 0.101491 109.153
1340	1	1308.22	24014.7	24003.9	10.7907	504	548	276	1	0.0001 Colloc0 504 3273 0.0691907 131.497
1350	1	1318.1	23841.6	23831.3	10.294	476	581	243	0	0.0001 Colloc0 476 3279 0.160417 104.541
1360	1	1327.77	23886	23874.7	11.2984	498	571	253	1	0.0001 Colloc0 498 3270 0.0385988 161.763
1370	1	1337.2	23901.6	23890.9	10.7429	501	585	239	1	0.0001 Colloc0 501 3257 0.136338 128.785
1380	1	1346.94	23935.6	23925.6	10.0153	503	569	255	1	0.0001 Colloc0 503 3285 0.162432 90.7155
1390	1	1356.48	23870.1	23859.5	10.5309	501	575	249	0	0.0001 Colloc0 501 3269 0.130066 117.043
1400	1	1366.23	23910.8	23900.1	10.6334	489	579	245	1	0.0001 Colloc0 489 3307 0.0593109 122.656
1410	1	1375.97	23848.3	23837.7	10.5895	479	595	229	1	0.0001 Colloc0 479 3267 0.10439 120.238
1420	1	1385.63	23954.3	23943.5	10.8312	497	576	248	0	0.0001 Colloc0 497 3283 0.0747335 133.816
1430	1	1395.28	23901	23889.8	11.1529	490	591	233	1	0.0001 Colloc0 490 3282 0.029467 152.835
1440	1	1404.82	23746.8	23736.5	10.3693	477	617	207	1	0.0001 Colloc0 477 3289 0.120343 108.441
1450	1	1414.17	23846.3	23835.4	10.8965	489	605	219	1	0.0001 Colloc0 489 3263 0.0897191 137.589
1460	1	1423.65	23908.2	23897.3	10.9528	495	584	240	2	0.0001 Colloc0 495 3269 0.0828999 140.879
1470	1	1433.39	23836.8	23826.5	10.2738	488	602	222	1	0.0001 Colloc0 488 3277 0.124868 103.504
1480	1	1443.33	23844.6	23834.5	10.1778	500	580	244	0	0.0001 Colloc0 500 3227 0.155346 98.6553
1490	1	1452.96	23866.2	23855.5	10.7034	492	574	250	3	0.0001 Colloc0 492 3243 0.0981548 126.555
1500	1	1462.82	23997.4	23986.3	11.093	498	556	268	0	0.0001 Colloc0 498 3266 0.0852213 149.214
1510	1	1472.33	23916.3	23905.4	10.8437	495	551	273	2	0.0001 Colloc0 495 3257 0.0720775 134.536
1520	1	1481.44	23942.9	23931.9	10.923	498	552	272	2	0.0001 Colloc0 498 3252 0.0494966 139.139
1530	1	1490.98	23939.7	23929.2	10.5307	482	559	265	0	0.0001 Colloc0 482 3245 0.0963247 117.035
1540	1	1500.89	23857.6	23847.2	10.442	483	579	245	1	0.0001 Colloc0 483 3241 0.105336 112.276
1550	1	1510.64	23831.4	23821	10.4284	477	572	252	3	0.0001 Colloc0 477 3246 0.130367 111.551
1560	1	1520.47	23795.7	23784.8	10.9182	481	579	245	1	0.0001 Colloc0 481 3236 0.06146 138.854
1570	1	1530.12	23758.5	23747.6	10.933	487	609	215	1	0.0001 Colloc0 487 3244 0.0625261 139.724
1580	1	1539.83	23874.9	23863.8	11.1498	497	556	268	1	0.0001 Colloc0 497 3244 0.00171608 152.643
1590	1	1549.29	23908.3	23897.4	10.9178	493	551	273	0	0.0001 Colloc0 493 3277 0.0878781 138.834
1600	1	1558.81	23826.9	23816.3	10.619	496	565	259	1	0.0001 Colloc0 496 3251 0.132701 121.864
1610	1	1569.1	23697.8	23687.2	10.5893	501	590	234	1	0.0001 Colloc0 501 3253 0.118732 120.226
1620	1	1578.69	23695.5	23685.3	10.2231	488	626	198	0	0.0001 Colloc0 488 3240 0.152399 100.931
1630	1	1587.93	23836.6	23825.8	10.7584	497	574	250	0	0.0001 Colloc0 497 3234 0.116625 129.66
1640	1	1597.53	23792.2	23782.1	10.136	492	587	237	0	0.0001 Colloc0 492 3238 0.195894 96.5818
1650	1	1606.94	23783.2	23772.8	10.4274	489	580	244	1	0.0001 Colloc0 489 3229 0.129528 111.502
1660	1	1616.43	23720.9	23710.5	10.4787	487	598	226	1	0.0001 Colloc0 487 3223 0.141849 114.233
1670	1	1626.32	23815.6	23804.6	10.9361	500	578	246	0	0.0001 Colloc0 500 3229 0.111344 139.901
1680	1	1635.73	23845.8	23834.5	11.3424	484	580	244	1	0.0001 Colloc0 484 3237 0.0239984 164.501
1690	1	1645.1	23763.1	23752.6	10.5391	496	585	239	0	0.0001 Colloc0 496 3232 0.109468 117.487
1700	1	1654.56	23859.9	23848.9	11.0213	504	573	251	1	0.0001 Colloc0 504 3246 0.0657641 144.927
1710	1	1664.39	23724.4	23714.1	10.3218	505	594	230	0	0.0001 Colloc0 505 3206 0.18036 105.974
1720	1	1673.9	23840.8	23829.7	11.0918	487	570	254	1	0.0001 Colloc0 487 3246 0.0151007 149.139
1730	1	1683.24	23819.2	23808.5	10.7703	484	599	225	0	0.0001 Colloc0 484 3245 0.0328459 130.337
1740	1	1692.24	23879.4	23868.5	10.9194	510	591	233	2	0.0001 Colloc0 510 3240 0.0749632 138.925
1750	1	1701.43	23821.1	23810	11.0051	490	581	243	0	0.0001 Colloc0 490 3237 0.043225 143.97
1760	1	1711	23830.7	23820.3	10.4181	490	585	239	1	0.0001 Colloc0 490 3254 0.127271 111.005
1770	1	1720.75	23820.4	23809.5	10.8858	486	581	243	1	0.0001 Colloc0 486 3233 0.0888346 136.969
1780	1	1730.61	23784	23773.3	10.6433	494	564	260	0	0.0001 Colloc0 494 3215 0.147341 123.206
1790	1	1740.3	23876.8	23865.5	11.217	489	572	252	1	0.0001 Colloc0 489 3256 0.0139078 156.744
1800	1	1749.96	23754.5	23743.3	11.1813	485	582	242	2	0.0001 Colloc0 485 3231 0.0286518 154.557
1810	1	1759.35	23763.1	23752.6	10.4928	489	598	226	0	0.0001 Colloc0 489 3245 0.0973435 114.991
1820	1	1768.56	23655.8	23645.5	10.2397	470	632	192	0	0.0001 Colloc0 470 3240 0.12435 101.77
1830	1	1778.26	23723	23712.7	10.303	498	587	237	2	0.0001 Colloc0 498 3221 0.141485 105.001
1840	1	1788.01	23743.3	23732.3	11.0224	494	587	237	0	0.0001 Colloc0 494 3216 0.058729 144.995
1850	1	1797.67	23762.6	23751.7	10.9337	503	581	243	1	0.0001 Colloc0 503 3220 0.0686518 139.76
1860	1	1807.08	23772.5	23761.6	10.955	503	605	219	0	0.0001 Colloc0 503 3232 0.117721 141.012
1870	1	1816.75	23812.4	23801.3	11.1173	503	576	248	0	0.0001 Colloc0 503 3209 0.0586296 150.677
1880	1	1826.07	23849.1	23837.9	11.2029	499	562	262	1	0.0001 Colloc0 499 3220 0.0230346 155.876
1890	1	1835.75	23797.8	23786.7	11.0556	505	586	238	2	0.0001 Colloc0 505 3234 0.0656121 146.974
1900	1	1845.38	23852	23841.3	10.6266	499	554	270	1	0.0001 Colloc0 499 3230 0.101993 122.279
1910	1	1854.84	23876	23865.2	10.7641	492	584	240	1	0.0001 Colloc0 492 3254 0.0878768 129.981
1920	1	1864.2	23768.7	23758.4	10.2989	498	602	222	0	0.0001 Colloc0 498 3236 0.124443 104.792
1930	1	1873.68	23733.1	23721.9	11.2035	484	590	234	0	0.0001 Colloc0 484 3201 0.0472056 155.917
1940	1	1883.44	23715	23704.2	10.7851	497	601	223	2	0.0001 Colloc0 497 3228 0.105645 131.177
1950	1	1893.22	23785.9	23775.4	10.5542	491	597	227	0	0.0001 Colloc0 491 3258 0.0758092 118.312
1960	1	1903.02	23761.1	23750.6	10.5884	498	598	226	1	0.0001 Colloc0 498 3238 0.133875 120.177
1970	1	1912.33	23775.1	23764.6	10.5458	498	585	239	1	0.0001 Colloc0 498 3226 0.143564 117.852
1980	1	1921.36	23833.8	23822.7	11.0896	497	555	269	1	0.0001 Colloc0 497 3244 0.0628703 149.009
1990	1	1930.43	23859.9	23848.8	11.103	499	561	263	1	0.0001 Colloc0 499 3234 0.0332513 149.817
2000	1	1939.73	23805.9	23795.4	10.5663	490	581	243	1	0.0001 Colloc0 490 3232 0.125739 118.969
