# D = 0, E = 1, I = 1, P = 1, R = -1, n = 2000, N = 1, P = 1, w = 1, a = 0.0001, b = 10000, e = 1, f = 1, g = 100, h = 0.01, r = 23209, s = 1, S = 0, x = 10, m = 100, Z = 1, z = 0, T = 1, t = 1
# 9115 tokens in 824 sentences
#
# It	Temp	Time	-logP	-logPcorpus	-logPrior	tables	same	changed	reject	default_pya	(parent pym pyn pya pyb)*
0	1	0.678896	32244.9	32131.1	113.764	1655	0	824	0	0.0001 Colloc0 1655 3159 0.0001 10000
10	1	10.4284	25748	25735.8	12.2281	609	377	447	1	0.0001 Colloc0 609 3358 0.0184303 222.965
20	1	19.712	25286	25275	10.9328	553	444	380	3	0.0001 Colloc0 553 3386 0.0860992 139.707
30	1	28.7716	25219	25207.9	11.0712	557	463	361	4	0.0001 Colloc0 557 3341 0.0933146 147.904
40	1	37.9962	25082.2	25070.9	11.3196	540	487	337	2	0.0001 Colloc0 540 3386 0.051216 163.078
50	1	47.3838	25049.2	25038.3	10.8659	558	488	336	4	0.0001 Colloc0 558 3379 0.106008 135.816
60	1	56.7184	25070.5	25059.1	11.4134	510	492	332	2	0.0001 Colloc0 510 3432 0.0126723 168.954
70	1	65.937	24674.6	24663.8	10.7782	508	541	283	1	0.0001 Colloc0 508 3370 0.0854317 130.784
80	1	74.7886	24672.9	24662.3	10.613	507	575	249	1	0.0001 Colloc0 507 3374 0.14703 121.533
90	1	83.9682	24872.9	24861.7	11.2072	538	530	294	1	0.0001 Colloc0 538 3385 0.0497786 156.144
100	1	93.2328	24807.5	24796.5	10.9692	531	520	304	3	0.0001 Colloc0 531 3365 0.115674 141.847
110	1	102.479	24921.7	24910.4	11.2421	538	522	302	2	0.0001 Colloc0 538 3386 0.0556984 158.28
120	1	111.75	24821.3	24810.2	11.1368	537	528	296	1	0.0001 Colloc0 537 3350 0.0826279 151.859
130	1	121.039	24740.2	24729.1	11.0565	533	520	304	2	0.0001 Colloc0 533 3334 0.10451 147.025
140	1	130.452	24678	24667.3	10.7708	525	530	294	2	0.0001 Colloc0 525 3344 0.0870082 130.364
150	1	139.794	24691.2	24680.1	11.1141	519	554	270	1	0.0001 Colloc0 519 3356 0.0130261 150.484
160	1	148.927	24791.5	24780.4	11.1412	534	508	316	0	0.0001 Colloc0 534 3341 0.0603806 152.124
170	1	157.959	24857.4	24846.1	11.2958	539	504	320	1	0.0001 Colloc0 539 3340 0.0482829 161.602
180	1	167.351	24667.1	24655.9	11.1713	521	528	296	1	0.0001 Colloc0 521 3346 0.0361205 153.95
190	1	176.438	24652.7	24641.6	11.1514	527	538	286	1	0.0001 Colloc0 527 3346 0.0378703 152.74
200	1	185.309	24522.1	24510.7	11.4864	508	547	277	1	0.0001 Colloc0 508 3335 0.0228585 173.577
210	1	194.086	24490.6	24479.7	10.898	517	553	271	5	0.0001 Colloc0 517 3315 0.0990751 137.677
220	1	202.991	24416.3	24405.3	10.9782	509	588	236	1	0.0001 Colloc0 509 3327 0.0568867 142.378
230	1	212.29	24470.8	24459.8	11.0091	512	574	250	1	0.0001 Colloc0 512 3335 0.047792 144.207
240	1	221.425	24508.1	24497.2	10.8128	521	545	279	1	0.0001 Colloc0 521 3328 0.099318 132.762
250	1	230.739	24646.5	24635.9	10.5788	525	518	306	1	0.0001 Colloc0 525 3329 0.110692 119.651
260	1	240.073	24529.1	24517.9	11.1689	506	541	283	1	0.0001 Colloc0 506 3308 0.0327997 153.804
270	1	249.271	24604.8	24593.4	11.3863	509	523	301	2	0.0001 Colloc0 509 3329 0.0210583 167.25
280	1	258.534	24547.5	24536	11.4661	516	529	295	0	0.0001 Colloc0 516 3305 0.0297824 172.289
290	1	267.572	24549.1	24538.3	10.7903	517	526	298	3	0.0001 Colloc0 517 3321 0.105737 131.474
300	1	276.747	24406.9	24396.2	10.7453	500	588	236	1	0.0001 Colloc0 500 3324 0.0819161 128.917
310	1	285.903	24478.7	24467.5	11.2249	514	555	269	2	0.0001 Colloc0 514 3338 0.0695629 157.227
320	1	295.163	24479.7	24468.3	11.3457	510	571	253	0	0.0001 Colloc0 510 3297 0.0215715 164.706
330	1	304.298	24453.4	24442.3	11.0793	500	556	268	3	0.0001 Colloc0 500 3334 0.0658674 148.392
340	1	313.417	24541.1	24529.8	11.2184	505	538	286	2	0.0001 Colloc0 505 3353 0.0105305 156.827
350	1	322.537	24451	24440.4	10.6742	504	557	267	1	0.0001 Colloc0 504 3342 0.0877512 124.926
360	1	331.777	24516.1	24506.3	9.83524	531	565	259	0	0.0001 Colloc0 531 3333 0.226274 82.3201
370	1	341.159	24415	24403.7	11.2482	509	558	266	3	0.0001 Colloc0 509 3295 0.0350775 158.655
380	1	350.513	24469.5	24458.2	11.3357	510	559	265	1	0.0001 Colloc0 510 3331 0.0176217 164.08
390	1	359.608	24378.6	24368.1	10.5523	499	565	259	3	0.0001 Colloc0 499 3298 0.1557 118.209
400	1	368.95	24471.3	24460.8	10.5408	518	532	292	0	0.0001 Colloc0 518 3302 0.127482 117.582
410	1	378.207	24416.5	24405.7	10.8442	500	547	277	0	0.0001 Colloc0 500 3300 0.110689 134.564
420	1	387.448	24255.3	24244.1	11.1895	495	580	244	1	0.0001 Colloc0 495 3289 0.0313528 155.06
430	1	396.731	24466.7	24455.8	10.9905	516	547	277	0	0.0001 Colloc0 516 3273 0.062452 143.105
440	1	405.826	24429.6	24418.4	11.2196	508	546	278	0	0.0001 Colloc0 508 3287 0.0300339 156.9
450	1	415.066	24388.6	24377.6	10.9335	503	551	273	2	0.0001 Colloc0 503 3326 0.0390152 139.752
460	1	424.281	24388.3	24377.3	11.0094	503	557	267	1	0.0001 Colloc0 503 3312 0.0243428 144.224
470	1	433.611	24404.3	24393.3	11.0397	508	544	280	1	0.0001 Colloc0 508 3295 0.0389034 146.023
480	1	442.885	24386.3	24375.4	10.8809	510	554	270	0	0.0001 Colloc0 510 3277 0.0876619 136.685
490	1	452.144	24315.5	24304.6	10.8211	499	559	265	0	0.0001 Colloc0 499 3292 0.0699665 133.238
500	1	461.468	24305.2	24294.2	11.0079	508	558	266	2	0.0001 Colloc0 508 3295 0.0565739 144.133
510	1	470.802	24322.5	24311.8	10.6574	504	557	267	1	0.0001 Colloc0 504 3300 0.122957 123.987
520	1	480.041	24237.5	24226.4	11.1527	499	565	259	0	0.0001 Colloc0 499 3288 0.0218599 152.821
530	1	489.209	24417.3	24406.4	10.9285	515	548	276	1	0.0001 Colloc0 515 3282 0.0634175 139.46
540	1	498.372	24378.9	24367.9	11.0183	513	558	266	1	0.0001 Colloc0 513 3277 0.0412059 144.753
550	1	507.775	24373.3	24362.6	10.6825	515	542	282	1	0.0001 Colloc0 515 3273 0.0871534 125.386
560	1	517.01	24365.1	24354.1	11.031	507	553	271	1	0.0001 Colloc0 507 3307 0.0342044 145.507
570	1	526.116	24391.4	24380.5	10.8472	511	547	277	2	0.0001 Colloc0 511 3311 0.0965377 134.735
580	1	534.989	24322.5	24311.7	10.7476	508	558	266	1	0.0001 Colloc0 508 3297 0.104552 129.047
590	1	543.795	24269.5	24258.6	10.9269	504	567	257	1	0.0001 Colloc0 504 3293 0.088487 139.364
600	1	553.089	24295.6	24284.9	10.6143	502	557	267	0	0.0001 Colloc0 502 3291 0.0906892 121.6
610	1	562.433	24322.7	24312.4	10.2875	497	553	271	1	0.0001 Colloc0 497 3292 0.12875 104.204
620	1	571.552	24356.1	24345.1	11.0606	497	532	292	1	0.0001 Colloc0 497 3316 0.0277305 147.272
630	1	580.849	24382.3	24371.4	10.8979	524	530	294	1	0.0001 Colloc0 524 3308 0.129971 137.674
640	1	589.704	24258.7	24247.8	10.9143	513	545	279	1	0.0001 Colloc0 513 3303 0.0583253 138.627
650	1	598.639	24263	24252.1	10.8431	513	550	274	2	0.0001 Colloc0 513 3299 0.0731401 134.503
660	1	607.479	24243.6	24232.7	10.8833	508	579	245	1	0.0001 Colloc0 508 3271 0.0773395 136.827
670	1	616.625	24288.6	24277.5	11.0988	504	550	274	1	0.0001 Colloc0 504 3292 0.0649777 149.563
680	1	625.77	24314	24303.1	10.932	512	566	258	1	0.0001 Colloc0 512 3297 0.0772969 139.663
690	1	634.985	24395.7	24384.6	11.1101	525	530	294	3	0.0001 Colloc0 525 3287 0.0236927 150.241
700	1	644.137	24323	24312.5	10.4908	505	522	302	2	0.0001 Colloc0 505 3298 0.123183 114.883
710	1	653.371	24160.6	24149.5	11.1135	495	564	260	1	0.0001 Colloc0 495 3286 0.0360289 150.449
720	1	662.674	24239.4	24228.2	11.1838	498	562	262	1	0.0001 Colloc0 498 3285 0.0126231 154.713
730	1	671.971	24245.1	24234.5	10.6554	499	574	250	1	0.0001 Colloc0 499 3307 0.0627912 123.878
740	1	681.154	24278.5	24268.2	10.2999	497	533	291	1	0.0001 Colloc0 497 3301 0.134963 104.844
750	1	690.657	24352.3	24341.2	11.1385	513	527	297	2	0.0001 Colloc0 513 3299 0.0723925 151.958
760	1	699.939	24224.6	24214.1	10.5279	502	553	271	0	0.0001 Colloc0 502 3287 0.132448 116.879
770	1	709.116	24116.1	24105.4	10.6448	506	586	238	1	0.0001 Colloc0 506 3271 0.11082 123.289
780	1	718.367	24212.4	24201.4	11.0045	498	541	283	0	0.0001 Colloc0 498 3307 0.02829 143.929
790	1	727.435	24160.7	24149.6	11.1003	495	574	250	3	0.0001 Colloc0 495 3279 0.019804 149.651
800	1	736.632	24202.1	24191.5	10.6895	520	556	268	2	0.0001 Colloc0 520 3272 0.087426 125.781
810	1	745.932	24080.6	24070	10.6168	497	598	226	0	0.0001 Colloc0 497 3260 0.169764 121.738
820	1	755.028	24083.3	24072.7	10.616	502	557	267	1	0.0001 Colloc0 502 3292 0.129356 121.695
830	1	764.067	24111.2	24099.6	11.5182	520	578	246	2	0.0001 Colloc0 520 3245 0.0439906 175.607
840	1	773.164	24158.4	24147.8	10.5812	494	551	273	1	0.0001 Colloc0 494 3304 0.0748796 119.785
850	1	782.496	24220.9	24209.8	11.0537	508	563	261	0	0.0001 Colloc0 508 3282 0.0721439 146.858
860	1	791.755	24250.1	24238.8	11.2738	511	559	265	1	0.0001 Colloc0 511 3275 0.0452793 160.24
870	1	800.905	24177.9	24166.4	11.4742	502	552	272	1	0.0001 Colloc0 502 3278 0.0182928 172.806
880	1	810.08	24128.6	24117.4	11.1291	516	571	253	1	0.0001 Colloc0 516 3267 0.0499549 151.389
890	1	819.303	24043.8	24032.9	10.9405	500	578	246	1	0.0001 Colloc0 500 3241 0.11736 140.163
900	1	828.232	24043.8	24032.6	11.1574	498	581	243	0	0.0001 Colloc0 498 3249 0.0491561 153.105
910	1	837.054	24051	24040.5	10.5672	506	575	249	1	0.0001 Colloc0 506 3255 0.137889 119.016
920	1	846.337	24134.9	24123.8	11.0938	503	568	256	1	0.0001 Colloc0 503 3264 0.0551788 149.264
930	1	855.582	24061.3	24050.1	11.2557	506	578	246	0	0.0001 Colloc0 506 3250 0.013461 159.122
940	1	864.825	24079.6	24068.9	10.6862	501	582	242	0	0.0001 Colloc0 501 3271 0.106402 125.592
950	1	874.004	24167.4	24156.7	10.7398	500	581	243	1	0.0001 Colloc0 500 3286 0.0618776 128.606
960	1	883.211	23992	23981.7	10.2992	500	610	214	1	0.0001 Colloc0 500 3256 0.152277 104.804
970	1	892.386	24187.9	24177.3	10.5439	526	579	245	2	0.0001 Colloc0 526 3294 0.144161 117.75
980	1	901.572	24168.8	24157.8	11.0412	499	562	262	2	0.0001 Colloc0 499 3286 0.0432237 146.11
990	1	910.566	23976.6	23965.9	10.7025	495	610	214	0	0.0001 Colloc0 495 3271 0.0582479 126.505
1000	1	919.835	24017.8	24007.3	10.4793	491	596	228	0	0.0001 Colloc0 491 3264 0.108878 114.264
1010	1	929.18	24051.6	24041	10.5703	500	570	254	0	0.0001 Colloc0 500 3266 0.145856 119.186
1020	1	938.42	24167.2	24155.8	11.3586	501	529	295	1	0.0001 Colloc0 501 3297 0.0373064 165.514
1030	1	947.502	24100.9	24090.2	10.7061	497	565	259	1	0.0001 Colloc0 497 3296 0.112252 126.707
1040	1	956.564	24168.1	24157.5	10.5501	510	562	262	0	0.0001 Colloc0 510 3270 0.137796 118.086
1050	1	965.63	24098.1	24087	11.0539	509	546	278	1	0.0001 Colloc0 509 3254 0.0509209 146.87
1060	1	974.888	24156.4	24145.3	11.1225	511	578	246	1	0.0001 Colloc0 511 3292 0.0225355 150.994
1070	1	984.269	24109.5	24098.7	10.8008	511	559	265	0	0.0001 Colloc0 511 3255 0.13072 132.074
1080	1	993.484	24027.3	24016.4	10.9649	492	567	257	4	0.0001 Colloc0 492 3246 0.0535624 141.596
1090	1	1002.76	24084.7	24073.4	11.2344	520	557	267	0	0.0001 Colloc0 520 3246 0.0618804 157.811
1100	1	1012.1	24035.2	24024.4	10.751	497	575	249	0	0.0001 Colloc0 497 3242 0.0626942 129.242
1110	1	1021.45	24093.8	24082.8	11.0901	509	559	265	1	0.0001 Colloc0 509 3248 0.120784 149.039
1120	1	1030.8	24096	24085.3	10.7831	506	560	264	1	0.0001 Colloc0 506 3252 0.138446 131.065
1130	1	1039.92	24130.2	24119.1	11.0927	515	556	268	0	0.0001 Colloc0 515 3250 0.0866588 149.198
1140	1	1049.27	24113.3	24102.8	10.5038	526	556	268	1	0.0001 Colloc0 526 3266 0.186824 115.582
1150	1	1058.48	24180.9	24169.8	11.1305	516	554	270	2	0.0001 Colloc0 516 3263 0.0788367 151.473
1160	1	1067.77	24144.3	24133.3	10.9933	521	569	255	0	0.0001 Colloc0 521 3268 0.0718345 143.27
1170	1	1077	24118.5	24107.4	11.0816	505	577	247	1	0.0001 Colloc0 505 3278 0.0629851 148.532
1180	1	1086.23	24081	24070.3	10.7379	510	582	242	2	0.0001 Colloc0 510 3251 0.117792 128.503
1190	1	1095.51	23994.4	23984	10.4259	512	584	240	0	0.0001 Colloc0 512 3245 0.137987 111.419
1200	1	1104.71	24050.6	24039.3	11.333	501	594	230	1	0.0001 Colloc0 501 3234 0.0487592 163.916
1210	1	1113.95	23973.5	23963.2	10.3359	495	606	218	0	0.0001 Colloc0 495 3239 0.146232 106.701
1220	1	1123.25	23954.8	23943.8	10.9946	494	612	212	1	0.0001 Colloc0 494 3261 0.0422605 143.347
1230	1	1132.55	24135.4	24124.2	11.1588	509	541	283	2	0.0001 Colloc0 509 3237 0.033861 153.192
1240	1	1141.8	24054.4	24043.9	10.4853	501	572	252	0	0.0001 Colloc0 501 3249 0.125095 114.583
1250	1	1151.08	24058	24047.7	10.2428	506	585	239	0	0.0001 Colloc0 506 3237 0.143519 101.926
1260	1	1160.33	24102.7	24091.9	10.8204	507	568	256	1	0.0001 Colloc0 507 3239 0.0936535 133.197
1270	1	1169.61	23986.7	23976.2	10.5606	487	594	230	2	0.0001 Colloc0 487 3270 0.0921879 118.66
1280	1	1178.71	23987.8	23976.8	11.0111	505	597	227	4	0.0001 Colloc0 505 3258 0.0763059 144.323
1290	1	1187.99	23982.3	23971	11.2596	504	585	239	0	0.0001 Colloc0 504 3235 0.054515 159.361
1300	1	1197.37	24087.7	24076.3	11.3662	515	581	243	2	0.0001 Colloc0 515 3255 0.0303899 165.986
1310	1	1206.53	24046.7	24035.4	11.2859	507	541	283	1	0.0001 Colloc0 507 3239 0.0127467 160.984
1320	1	1215.72	24058.1	24047.3	10.8602	521	571	253	0	0.0001 Colloc0 521 3214 0.0963125 135.486
1330	1	1224.75	24191.3	24180	11.3089	529	549	275	0	0.0001 Colloc0 529 3243 0.0420116 162.414
1340	1	1233.54	23943.1	23932	11.1809	510	602	222	0	0.0001 Colloc0 510 3204 0.0457578 154.536
1350	1	1242.47	24026.9	24016	10.8854	498	602	222	0	0.0001 Colloc0 498 3245 0.0729072 136.944
1360	1	1251.87	24025.6	24014.5	11.0461	522	570	254	1	0.0001 Colloc0 522 3214 0.061808 146.403
1370	1	1260.79	24030.7	24019.6	11.1144	515	590	234	2	0.0001 Colloc0 515 3226 0.079048 150.502
1380	1	1269.9	24124.9	24114.1	10.7582	512	554	270	1	0.0001 Colloc0 512 3251 0.146689 129.648
1390	1	1278.84	24075.7	24065.4	10.3631	520	585	239	1	0.0001 Colloc0 520 3229 0.19785 108.12
1400	1	1287.78	24203.6	24192.9	10.7451	523	545	279	0	0.0001 Colloc0 523 3239 0.103194 128.908
1410	1	1297.36	24056.6	24045.3	11.3522	507	576	248	1	0.0001 Colloc0 507 3201 0.0136607 165.11
1420	1	1306.6	24022.3	24011.6	10.766	509	582	242	1	0.0001 Colloc0 509 3220 0.0573038 130.094
1430	1	1315.97	24021.5	24011.1	10.3712	509	582	242	1	0.0001 Colloc0 509 3223 0.12594 108.541
1440	1	1325.1	24137.6	24126.8	10.7867	515	570	254	0	0.0001 Colloc0 515 3240 0.0758079 131.266
1450	1	1334.11	24102.4	24091.3	11.1451	515	557	267	0	0.0001 Colloc0 515 3240 0.0778606 152.36
1460	1	1343.38	24032.1	24021.6	10.4835	506	600	224	0	0.0001 Colloc0 506 3245 0.142552 114.488
1470	1	1352.62	24151.6	24140.5	11.1255	524	544	280	1	0.0001 Colloc0 524 3235 0.0586453 151.175
1480	1	1361.82	24147.4	24136	11.3809	510	529	295	0	0.0001 Colloc0 510 3235 0.0506945 166.91
1490	1	1371.01	24122.2	24111.2	10.9552	520	569	255	3	0.0001 Colloc0 520 3240 0.0794129 141.022
1500	1	1380.28	24082.8	24072	10.771	516	575	249	1	0.0001 Colloc0 516 3233 0.0605799 130.374
1510	1	1389.54	24103	24092	11.0157	516	564	260	1	0.0001 Colloc0 516 3238 0.0970644 144.597
1520	1	1398.31	24084.2	24073.6	10.5736	502	572	252	3	0.0001 Colloc0 502 3264 0.145626 119.369
1530	1	1407.23	23972.9	23962.9	10.0247	508	591	233	0	0.0001 Colloc0 508 3220 0.203736 91.1622
1540	1	1416.51	24037.8	24026.5	11.2967	506	576	248	0	0.0001 Colloc0 506 3215 0.0503733 161.658
1550	1	1425.38	24060.3	24049.3	10.9593	512	583	241	1	0.0001 Colloc0 512 3237 0.0742673 141.267
1560	1	1434.2	24059.2	24048.2	11.0046	510	550	274	0	0.0001 Colloc0 510 3210 0.120076 143.94
1570	1	1443.29	23947.4	23936.2	11.2018	507	581	243	0	0.0001 Colloc0 507 3214 0.0448014 155.808
1580	1	1452.52	23981.5	23970.8	10.7608	505	588	236	1	0.0001 Colloc0 505 3229 0.0945822 129.799
1590	1	1461.23	24128.9	24118.1	10.8532	513	545	279	1	0.0001 Colloc0 513 3230 0.0797663 135.085
1600	1	1470.27	24022.6	24011.4	11.1547	510	559	265	0	0.0001 Colloc0 510 3234 0.058392 152.941
1610	1	1479.55	23997.5	23986.5	11.0269	493	579	245	2	0.0001 Colloc0 493 3242 0.031948 145.26
1620	1	1488.6	24018	24006.7	11.3418	494	581	243	1	0.0001 Colloc0 494 3232 0.0285062 164.459
1630	1	1497.41	23953.2	23942.1	11.1492	501	571	253	0	0.0001 Colloc0 501 3240 0.0682746 152.608
1640	1	1506.39	24021.2	24010.3	10.9162	495	561	263	0	0.0001 Colloc0 495 3263 0.0864963 138.742
1650	1	1515.53	24127.8	24116.7	11.0992	514	563	261	2	0.0001 Colloc0 514 3255 0.0505476 149.586
1660	1	1524.56	24099.8	24088.9	10.8777	521	540	284	2	0.0001 Colloc0 521 3237 0.0952721 136.502
1670	1	1533.74	24117	24106.2	10.8722	493	538	286	1	0.0001 Colloc0 493 3244 0.0761427 136.183
1680	1	1542.89	24123.8	24112.5	11.3884	516	541	283	1	0.0001 Colloc0 516 3262 0.0259442 167.381
1690	1	1551.96	24082.4	24071	11.3187	492	542	282	3	0.0001 Colloc0 492 3241 0.00276141 163.022
1700	1	1561.09	23934.4	23923.8	10.6613	498	583	241	2	0.0001 Colloc0 498 3238 0.0632728 124.204
1710	1	1570.25	24047.5	24036.9	10.5735	521	569	255	0	0.0001 Colloc0 521 3231 0.119781 119.361
1720	1	1579.24	24146.6	24135.8	10.865	508	540	284	0	0.0001 Colloc0 508 3258 0.0877588 135.768
1730	1	1588.46	24032.5	24021.4	11.1023	505	582	242	0	0.0001 Colloc0 505 3252 0.083996 149.773
1740	1	1597.59	24106.7	24095.4	11.364	501	577	247	1	0.0001 Colloc0 501 3268 0.0142597 165.849
1750	1	1606.29	24004.4	23993.1	11.3433	493	574	250	4	0.0001 Colloc0 493 3250 0.0364548 164.553
1760	1	1615.16	24089.3	24078.8	10.5458	516	564	260	1	0.0001 Colloc0 516 3230 0.126918 117.851
1770	1	1624.34	24056.4	24045	11.4069	525	566	258	1	0.0001 Colloc0 525 3202 0.0230397 168.543
1780	1	1633.46	23920.4	23909.8	10.5521	514	596	228	0	0.0001 Colloc0 514 3205 0.158716 118.196
1790	1	1642.49	23957.4	23946.4	10.981	514	584	240	0	0.0001 Colloc0 514 3213 0.0751616 142.541
1800	1	1651.35	24081.3	24070	11.3321	514	569	255	1	0.0001 Colloc0 514 3230 0.0371377 163.857
1810	1	1660.36	23922.7	23912.2	10.4692	490	594	230	1	0.0001 Colloc0 490 3230 0.119601 113.726
1820	1	1669.47	24071.5	24060.5	10.9606	517	571	253	2	0.0001 Colloc0 517 3223 0.0586087 141.339
1830	1	1678.5	24065.8	24054.8	10.9655	508	553	271	0	0.0001 Colloc0 508 3226 0.0606618 141.63
1840	1	1687.44	24073	24062.3	10.7479	513	556	268	1	0.0001 Colloc0 513 3225 0.0923863 129.064
1850	1	1696.52	24029.8	24019.4	10.3981	486	585	239	0	0.0001 Colloc0 486 3245 0.12247 109.951
1860	1	1705.6	24154.3	24143.3	10.9684	524	552	272	2	0.0001 Colloc0 524 3234 0.15218 141.798
1870	1	1714.67	24094.8	24083.2	11.5639	512	561	263	1	0.0001 Colloc0 512 3220 0.00920046 178.54
1880	1	1723.7	24005.3	23994.5	10.7515	524	571	253	0	0.0001 Colloc0 524 3198 0.122788 129.272
1890	1	1732.84	24087.9	24076.6	11.2811	512	545	279	1	0.0001 Colloc0 512 3217 0.0309195 160.692
1900	1	1741.89	24256.9	24245.8	11.0872	527	524	300	0	0.0001 Colloc0 527 3232 0.0930762 148.867
1910	1	1750.85	24017.8	24006.5	11.284	527	573	251	2	0.0001 Colloc0 527 3212 0.0441497 160.87
1920	1	1759.87	23952.4	23941.8	10.6298	505	582	242	1	0.0001 Colloc0 505 3208 0.109291 122.458
1930	1	1768.75	23965.2	23953.9	11.3028	499	579	245	1	0.0001 Colloc0 499 3205 0.0425793 162.032
1940	1	1777.83	24137.1	24126.2	10.8777	522	551	273	1	0.0001 Colloc0 522 3212 0.113806 136.5
1950	1	1786.88	24029.4	24018.5	10.8673	518	551	273	3	0.0001 Colloc0 518 3204 0.0950166 135.901
1960	1	1795.73	24040.5	24029.9	10.5616	496	551	273	0	0.0001 Colloc0 496 3212 0.11343 118.711
1970	1	1804.41	24065.7	24054.3	11.4041	505	579	245	0	0.0001 Colloc0 505 3232 0.0167399 168.367
1980	1	1813.26	23913.4	23902.9	10.5544	504	612	212	1	0.0001 Colloc0 504 3200 0.131926 118.319
1990	1	1822.15	23910.3	23899.4	10.9615	524	636	188	1	0.0001 Colloc0 524 3198 0.0683073 141.392
2000	1	1831.11	23945.9	23935.4	10.5502	513	570	254	2	0.0001 Colloc0 513 3194 0.14339 118.091
