# D = 0, E = 1, I = 1, P = 1, R = -1, n = 2000, N = 1, P = 1, w = 1, a = 0.0001, b = 10000, e = 1, f = 1, g = 100, h = 0.01, r = 26260, s = 1, S = 0, x = 10, m = 100, Z = 1, z = 0, T = 1, t = 1
# 9115 tokens in 824 sentences
#
# It	Temp	Time	-logP	-logPcorpus	-logPrior	tables	same	changed	reject	default_pya	(parent pym pyn pya pyb)*
0	1	0.756884	35569.7	35455.9	113.764	2745	0	824	0	0.0001 Colloc0 2745 4560 0.0001 10000
10	1	11.7572	27213	27201.4	11.6192	625	297	527	2	0.0001 Colloc0 625 3740 0.0516522 182.111
20	1	21.6197	26765.2	26753.5	11.661	574	337	487	2	0.0001 Colloc0 574 3753 0.019811 184.828
30	1	31.4672	26422.7	26411.5	11.1983	574	374	450	2	0.0001 Colloc0 574 3701 0.0794392 155.599
40	1	41.5397	26107.7	26096.4	11.3009	529	412	412	2	0.0001 Colloc0 529 3712 0.0287689 161.914
50	1	51.5522	25860	25849.2	10.8707	531	457	367	2	0.0001 Colloc0 531 3655 0.0596574 136.097
60	1	61.1297	25635.3	25624.5	10.8512	518	463	361	1	0.0001 Colloc0 518 3643 0.0788629 134.971
70	1	70.9742	25546.2	25535.2	10.9526	510	476	348	3	0.0001 Colloc0 510 3611 0.0544807 140.869
80	1	81.0247	25494.1	25483.3	10.8698	503	476	348	3	0.0001 Colloc0 503 3659 0.0277456 136.042
90	1	90.9322	25562.7	25551.4	11.2754	506	461	363	0	0.0001 Colloc0 506 3650 0.00503024 160.336
100	1	100.614	25389.5	25378.6	10.857	512	501	323	1	0.0001 Colloc0 512 3628 0.0359048 135.305
110	1	110.084	25090.4	25079.6	10.7485	501	512	312	4	0.0001 Colloc0 501 3577 0.128083 129.097
120	1	119.537	25103.9	25093.3	10.594	490	523	301	0	0.0001 Colloc0 490 3575 0.0986252 120.484
130	1	129.229	25176.9	25166.2	10.6883	500	504	320	0	0.0001 Colloc0 500 3574 0.0887469 125.71
140	1	139.256	25133.7	25122.5	11.1858	512	497	327	1	0.0001 Colloc0 512 3565 0.0517714 154.837
150	1	149.286	25112.5	25101.8	10.663	510	515	309	3	0.0001 Colloc0 510 3552 0.121046 124.298
160	1	159.12	25235.6	25225	10.683	528	500	324	0	0.0001 Colloc0 528 3553 0.102425 125.416
170	1	168.877	25124	25113.1	10.8743	500	518	306	1	0.0001 Colloc0 500 3554 0.0590304 136.304
180	1	178.583	25141.2	25130.6	10.5574	515	492	332	1	0.0001 Colloc0 515 3540 0.123452 118.482
190	1	188.359	25077.2	25066.2	10.9288	497	506	318	1	0.0001 Colloc0 497 3538 0.0314041 139.474
200	1	198.145	24993.1	24982.5	10.6738	495	527	297	0	0.0001 Colloc0 495 3536 0.0671933 124.901
210	1	208.076	25107.1	25096.2	10.8164	513	497	327	1	0.0001 Colloc0 513 3541 0.097547 132.967
220	1	217.988	24909.5	24899.3	10.1495	499	545	279	2	0.0001 Colloc0 499 3519 0.171195 97.2489
230	1	227.913	24920.4	24909.6	10.8365	496	527	297	1	0.0001 Colloc0 496 3537 0.0601687 134.119
240	1	237.785	24834.6	24823.6	10.973	486	526	298	1	0.0001 Colloc0 486 3509 0.0274394 142.073
250	1	247.794	25097.4	25086.2	11.1759	516	483	341	4	0.0001 Colloc0 516 3529 0.0598239 154.228
260	1	257.308	24903.3	24892.1	11.1751	498	501	323	1	0.0001 Colloc0 498 3504 0.0329173 154.184
270	1	266.815	24936.1	24925.6	10.5182	512	530	294	0	0.0001 Colloc0 512 3531 0.171679 116.359
280	1	276.237	24772.6	24762	10.5396	490	551	273	3	0.0001 Colloc0 490 3500 0.107173 117.516
290	1	285.909	24784.4	24773.6	10.8301	497	551	273	0	0.0001 Colloc0 497 3520 0.0722874 133.753
300	1	295.879	24797.1	24786.3	10.8744	497	557	267	3	0.0001 Colloc0 497 3503 0.0511799 136.308
310	1	305.207	24860.3	24849.5	10.7058	517	526	298	3	0.0001 Colloc0 517 3503 0.117534 126.695
320	1	314.659	24715.2	24705	10.2112	498	532	292	1	0.0001 Colloc0 498 3495 0.167539 100.331
330	1	324.197	24802.9	24792.2	10.6369	497	520	304	1	0.0001 Colloc0 497 3494 0.116413 122.849
340	1	333.76	24692.1	24681.4	10.7239	498	538	286	2	0.0001 Colloc0 498 3491 0.102991 127.708
350	1	343.384	24825.5	24814.4	11.0194	499	526	298	3	0.0001 Colloc0 499 3487 0.0520404 144.816
360	1	352.78	24839.5	24829	10.5041	496	500	324	0	0.0001 Colloc0 496 3523 0.140523 115.598
370	1	362.426	24689.5	24679.2	10.3104	494	530	294	1	0.0001 Colloc0 494 3479 0.119371 105.384
380	1	371.643	24695.1	24684.5	10.59	501	541	283	1	0.0001 Colloc0 501 3492 0.121059 120.265
390	1	381.336	24658.5	24647.5	10.9982	508	557	267	0	0.0001 Colloc0 508 3479 0.0509884 143.557
400	1	391.128	24877.7	24866.5	11.2446	521	523	301	2	0.0001 Colloc0 521 3482 0.0587763 158.437
410	1	400.384	24819.8	24808.7	11.0579	514	489	335	2	0.0001 Colloc0 514 3469 0.038096 147.11
420	1	410.024	24684.5	24673.9	10.6052	487	509	315	2	0.0001 Colloc0 487 3459 0.0583791 121.101
430	1	420.024	24731.6	24720.9	10.7252	502	510	314	2	0.0001 Colloc0 502 3477 0.106123 127.785
440	1	429.571	24767.7	24756.7	10.9952	515	519	305	2	0.0001 Colloc0 515 3472 0.059189 143.381
450	1	439.278	24695.2	24684.1	11.156	518	550	274	0	0.0001 Colloc0 518 3471 0.078512 153.018
460	1	449.095	24619.9	24609.4	10.5178	485	572	252	0	0.0001 Colloc0 485 3457 0.102956 116.334
470	1	458.854	24742.8	24732.6	10.1573	520	533	291	3	0.0001 Colloc0 520 3457 0.183164 97.6338
480	1	468.587	24695.5	24685	10.4826	497	528	296	1	0.0001 Colloc0 497 3468 0.130448 114.438
490	1	477.956	24600.3	24589.5	10.8059	491	529	295	0	0.0001 Colloc0 491 3461 0.0213619 132.368
500	1	487.732	24705	24694.3	10.7539	500	518	306	1	0.0001 Colloc0 500 3475 0.0771043 129.406
510	1	497.734	24700.9	24690.5	10.3782	502	529	295	3	0.0001 Colloc0 502 3453 0.134782 108.908
520	1	507.419	24677.7	24666.9	10.8183	491	524	300	3	0.0001 Colloc0 491 3462 0.0999115 133.074
530	1	516.736	24649	24638.2	10.7671	510	523	301	1	0.0001 Colloc0 510 3464 0.116106 130.154
540	1	526.764	24465.1	24454.6	10.5488	496	542	282	1	0.0001 Colloc0 496 3444 0.0876227 118.015
550	1	536.602	24324	24313.7	10.3503	493	553	271	0	0.0001 Colloc0 493 3422 0.164409 107.452
560	1	546.247	24434.6	24423.9	10.7264	503	527	297	4	0.0001 Colloc0 503 3411 0.112464 127.85
570	1	556.222	24221.8	24211.2	10.682	479	605	219	1	0.0001 Colloc0 479 3398 0.0505111 125.359
580	1	566.097	24119.6	24109.6	10.0565	482	601	223	0	0.0001 Colloc0 482 3414 0.176259 92.6939
590	1	575.799	24112	24102	10.0129	481	610	214	1	0.0001 Colloc0 481 3394 0.161164 90.599
600	1	585.856	24054.6	24043.7	10.8988	465	636	188	1	0.0001 Colloc0 465 3388 0.0524879 137.725
610	1	595.771	24259	24248.4	10.6116	495	576	248	0	0.0001 Colloc0 495 3379 0.144033 121.452
620	1	605.317	24189.4	24179.5	9.94683	484	571	253	0	0.0001 Colloc0 484 3369 0.167524 87.471
630	1	615.178	24280.2	24269.7	10.4892	488	556	268	4	0.0001 Colloc0 488 3406 0.110107 114.797
640	1	625.194	24250.3	24240	10.3379	492	579	245	2	0.0001 Colloc0 492 3389 0.176437 106.808
650	1	635.336	24254	24243	11.027	487	576	248	0	0.0001 Colloc0 487 3389 0.0259916 145.266
660	1	645.326	24252.7	24241.9	10.8293	486	563	261	0	0.0001 Colloc0 486 3403 0.0789547 133.705
670	1	655.145	24089.7	24079	10.6858	483	605	219	1	0.0001 Colloc0 483 3388 0.0913574 125.57
680	1	665.256	24322.6	24312	10.5704	485	540	284	1	0.0001 Colloc0 485 3387 0.103827 119.194
690	1	675.04	24265.5	24255.3	10.2512	491	552	272	1	0.0001 Colloc0 491 3389 0.14798 102.354
700	1	684.747	24217.6	24207.6	9.90145	481	594	230	0	0.0001 Colloc0 481 3394 0.190296 85.3559
710	1	694.184	24361.4	24351.1	10.3606	492	556	268	1	0.0001 Colloc0 492 3412 0.133825 107.986
720	1	703.855	24365.5	24354.4	11.0946	489	545	279	1	0.0001 Colloc0 489 3416 0.0610844 149.311
730	1	713.602	24175.8	24165.1	10.7812	482	567	257	0	0.0001 Colloc0 482 3374 0.0839694 130.956
740	1	723.129	24142.1	24131.2	10.8979	475	602	222	0	0.0001 Colloc0 475 3386 0.0269022 137.674
750	1	732.667	24157.8	24147.1	10.6524	476	583	241	1	0.0001 Colloc0 476 3365 0.0915326 123.712
760	1	741.958	24227.6	24217.3	10.3238	494	563	261	2	0.0001 Colloc0 494 3375 0.167455 106.076
770	1	751.73	24160.7	24150.4	10.2868	489	587	237	0	0.0001 Colloc0 489 3366 0.124042 104.168
780	1	761.246	24111.8	24101.5	10.2964	481	592	232	2	0.0001 Colloc0 481 3378 0.186789 104.664
790	1	771.095	24129.7	24119.4	10.3138	478	587	237	1	0.0001 Colloc0 478 3387 0.116275 105.562
800	1	780.677	24189.3	24178.6	10.7073	494	558	266	1	0.0001 Colloc0 494 3367 0.113917 126.775
810	1	790.587	24229.3	24218.3	11.0611	495	559	265	1	0.0001 Colloc0 495 3368 0.054686 147.303
820	1	800.257	24081.4	24070.9	10.404	487	590	234	2	0.0001 Colloc0 487 3398 0.149718 110.262
830	1	810.203	24145.3	24134.7	10.5815	493	583	241	0	0.0001 Colloc0 493 3378 0.0952842 119.801
840	1	820.185	23923.1	23913	10.0569	490	631	193	1	0.0001 Colloc0 490 3350 0.189272 92.7137
850	1	830.104	24041.9	24031.3	10.5936	478	611	213	1	0.0001 Colloc0 478 3362 0.118518 120.463
860	1	839.893	24075.3	24065.2	10.1031	484	598	226	1	0.0001 Colloc0 484 3365 0.189632 94.9645
870	1	849.897	24166.1	24155.8	10.3812	491	585	239	0	0.0001 Colloc0 491 3356 0.155464 109.066
880	1	859.38	24209.6	24198.9	10.7696	496	561	263	1	0.0001 Colloc0 496 3354 0.113078 130.294
890	1	868.593	24049.1	24038.7	10.3736	467	585	239	0	0.0001 Colloc0 467 3357 0.106676 108.665
900	1	877.63	24155.4	24145.3	10.1906	484	572	252	2	0.0001 Colloc0 484 3364 0.138633 99.2977
910	1	886.907	24175.8	24165.7	10.1092	499	559	265	2	0.0001 Colloc0 499 3371 0.174919 95.2625
920	1	896.512	24290	24279.7	10.3228	503	555	269	1	0.0001 Colloc0 503 3364 0.174512 106.025
930	1	905.687	24301.7	24291	10.7455	502	552	272	0	0.0001 Colloc0 502 3354 0.0976467 128.928
940	1	915.258	24258.4	24247.7	10.734	501	550	274	1	0.0001 Colloc0 501 3353 0.093496 128.277
950	1	925.045	24247.4	24236.8	10.6299	494	547	277	0	0.0001 Colloc0 494 3361 0.120755 122.464
960	1	934.748	24166.3	24155.9	10.4026	491	553	271	0	0.0001 Colloc0 491 3354 0.119688 110.189
970	1	944.557	24217.5	24207.4	10.0731	509	573	251	2	0.0001 Colloc0 509 3360 0.191808 93.4989
980	1	954.502	24178.8	24168.6	10.2137	482	559	265	2	0.0001 Colloc0 482 3355 0.164752 100.454
990	1	964.048	24266.4	24255.6	10.8266	492	567	257	4	0.0001 Colloc0 492 3354 0.098959 133.555
1000	1	974.127	24314.1	24303	11.1436	505	543	281	0	0.0001 Colloc0 505 3380 0.0310832 152.271
1010	1	984.173	24183.5	24173.1	10.4153	491	574	250	0	0.0001 Colloc0 491 3356 0.125133 110.861
1020	1	994.24	24241.7	24231.2	10.4981	489	548	276	1	0.0001 Colloc0 489 3368 0.0884637 115.273
1030	1	1003.96	24111.1	24100.9	10.1516	486	567	257	2	0.0001 Colloc0 486 3355 0.187916 97.352
1040	1	1013.21	24119.9	24109.5	10.4168	488	572	252	0	0.0001 Colloc0 488 3346 0.129002 110.938
1050	1	1022.81	24084.8	24074.2	10.5499	491	587	237	1	0.0001 Colloc0 491 3336 0.150778 118.077
1060	1	1032.33	24128.8	24118.2	10.5943	498	557	267	1	0.0001 Colloc0 498 3343 0.125002 120.504
1070	1	1041.91	24294.4	24283.8	10.5888	499	532	292	0	0.0001 Colloc0 499 3339 0.10994 120.199
1080	1	1051.59	24173.8	24163.5	10.3451	501	569	255	1	0.0001 Colloc0 501 3349 0.14245 107.179
1090	1	1060.85	24074.2	24063.9	10.2599	483	574	250	0	0.0001 Colloc0 483 3340 0.192284 102.797
1100	1	1070.14	24165.3	24154.6	10.656	488	535	289	2	0.0001 Colloc0 488 3342 0.107112 123.911
1110	1	1079.71	24172.8	24162.3	10.5039	480	565	259	0	0.0001 Colloc0 480 3353 0.151458 115.585
1120	1	1089.78	24127.1	24116.5	10.5519	487	557	267	0	0.0001 Colloc0 487 3342 0.15971 118.184
1130	1	1099.22	24221.1	24210.5	10.6252	476	551	273	4	0.0001 Colloc0 476 3373 0.103723 122.201
1140	1	1108.94	24079.9	24069.5	10.3558	483	571	253	3	0.0001 Colloc0 483 3337 0.133332 107.736
1150	1	1118.66	24131.3	24121.3	9.94625	486	587	237	2	0.0001 Colloc0 486 3362 0.210723 87.4436
1160	1	1128.42	24164.2	24153.8	10.3625	493	543	281	2	0.0001 Colloc0 493 3354 0.131456 108.089
1170	1	1137.83	24187.6	24176.9	10.6962	494	564	260	2	0.0001 Colloc0 494 3370 0.128121 126.155
1180	1	1147.94	24056.9	24046.4	10.405	479	588	236	1	0.0001 Colloc0 479 3328 0.123579 110.315
1190	1	1157.58	24062.8	24052.3	10.5785	495	592	232	1	0.0001 Colloc0 495 3329 0.123981 119.636
1200	1	1167.41	24071.4	24060.7	10.6608	484	603	221	0	0.0001 Colloc0 484 3332 0.105493 124.175
1210	1	1177.28	24167	24156.6	10.4051	483	579	245	1	0.0001 Colloc0 483 3343 0.134562 110.32
1220	1	1187.38	24164.3	24153.8	10.4793	487	582	242	2	0.0001 Colloc0 487 3344 0.0760848 114.262
1230	1	1197.41	24125.9	24115	10.9151	483	587	237	2	0.0001 Colloc0 483 3339 0.00864698 138.676
1240	1	1207.29	24214.2	24203.7	10.5668	496	578	246	1	0.0001 Colloc0 496 3355 0.146505 118.995
1250	1	1216.8	24125.8	24115.3	10.5231	491	561	263	1	0.0001 Colloc0 491 3350 0.158447 116.62
1260	1	1226.65	24132.7	24122.2	10.4817	497	560	264	1	0.0001 Colloc0 497 3331 0.137611 114.392
1270	1	1236.83	23998.6	23988.1	10.4672	481	614	210	3	0.0001 Colloc0 481 3313 0.1447 113.618
1280	1	1246.81	24234.2	24223.6	10.6357	493	560	264	4	0.0001 Colloc0 493 3344 0.0982923 122.786
1290	1	1256.81	24115.8	24105.6	10.297	486	580	244	0	0.0001 Colloc0 486 3340 0.160315 104.692
1300	1	1266.91	23987.7	23977.1	10.6248	476	597	227	1	0.0001 Colloc0 476 3341 0.0909326 122.182
1310	1	1276.96	24109.2	24098.6	10.6681	488	565	259	1	0.0001 Colloc0 488 3332 0.113816 124.586
1320	1	1286.84	24065.4	24054.3	11.1337	479	575	249	1	0.0001 Colloc0 479 3338 0.0412908 151.667
1330	1	1296.08	24085	24074.9	10.1271	478	581	243	1	0.0001 Colloc0 478 3324 0.144385 96.1406
1340	1	1305.58	24019.3	24009.2	10.0385	495	619	205	1	0.0001 Colloc0 495 3327 0.19322 91.8243
1350	1	1315.5	24072.5	24061.7	10.786	487	576	248	1	0.0001 Colloc0 487 3342 0.0513575 131.228
1360	1	1324.94	24075.2	24064.8	10.4216	471	575	249	2	0.0001 Colloc0 471 3352 0.115298 111.193
1370	1	1334.99	24023.4	24012.8	10.5246	485	583	241	2	0.0001 Colloc0 485 3318 0.102846 116.706
1380	1	1345.11	24101.6	24090.5	11.0369	491	583	241	2	0.0001 Colloc0 491 3331 0.056529 145.854
1390	1	1355.08	24137	24126.6	10.362	494	593	231	4	0.0001 Colloc0 494 3334 0.11508 108.06
1400	1	1364.72	24150.3	24139.6	10.7021	494	574	250	1	0.0001 Colloc0 494 3347 0.106397 126.487
1410	1	1374.09	24162.2	24151.4	10.7616	481	545	279	2	0.0001 Colloc0 481 3330 0.0892422 129.842
1420	1	1383.81	24114	24104.2	9.8112	483	576	248	3	0.0001 Colloc0 483 3325 0.216118 81.2324
1430	1	1393.52	24212.5	24202.3	10.2653	492	537	287	0	0.0001 Colloc0 492 3325 0.167826 103.073
1440	1	1403.43	24127.2	24117.2	10.024	498	566	258	0	0.0001 Colloc0 498 3315 0.168268 91.131
1450	1	1413.33	24320	24309.8	10.1982	508	525	299	0	0.0001 Colloc0 508 3335 0.17272 99.6767
1460	1	1423.04	24149.6	24138.8	10.7935	484	555	269	2	0.0001 Colloc0 484 3340 0.0854773 131.657
1470	1	1432.47	24076.8	24065.5	11.2528	482	566	258	1	0.0001 Colloc0 482 3342 0.00507093 158.944
1480	1	1442.3	24105.9	24095.2	10.6546	502	580	244	0	0.0001 Colloc0 502 3325 0.0941436 123.832
1490	1	1451.89	24276.8	24266	10.7936	513	534	290	1	0.0001 Colloc0 513 3322 0.0669066 131.664
1500	1	1461.77	24076.3	24065.2	11.0799	490	583	241	1	0.0001 Colloc0 490 3348 0.00114981 148.428
1510	1	1471.7	24083.4	24073.2	10.2205	487	563	261	1	0.0001 Colloc0 487 3325 0.1541 100.798
1520	1	1481.31	23977.9	23967.6	10.2775	470	584	240	2	0.0001 Colloc0 470 3299 0.133591 103.693
1530	1	1490.7	24041.1	24030.5	10.6308	477	560	264	1	0.0001 Colloc0 477 3312 0.073871 122.511
1540	1	1500.08	24045.8	24035.7	10.0735	493	578	246	2	0.0001 Colloc0 493 3303 0.175531 93.518
1550	1	1509.41	24106.5	24096.2	10.3682	492	575	249	1	0.0001 Colloc0 492 3300 0.156306 108.385
1560	1	1519.04	24111	24100.3	10.6954	480	563	261	0	0.0001 Colloc0 480 3322 0.0838136 126.111
1570	1	1528.89	24115.6	24105.2	10.3707	494	573	251	2	0.0001 Colloc0 494 3335 0.141221 108.513
1580	1	1538.38	24003	23992.6	10.4127	487	596	228	0	0.0001 Colloc0 487 3325 0.136007 110.723
1590	1	1548.17	23962.6	23951.8	10.8804	473	602	222	0	0.0001 Colloc0 473 3325 0.0514802 136.656
1600	1	1557.29	24106.9	24096.5	10.4397	490	570	254	0	0.0001 Colloc0 490 3318 0.106279 112.152
1610	1	1566.89	23947.5	23936.5	10.9887	463	593	231	1	0.0001 Colloc0 463 3338 0.0333059 142.997
1620	1	1576.8	23976.9	23966.4	10.4532	482	582	242	0	0.0001 Colloc0 482 3325 0.135931 112.868
1630	1	1586.63	23838.4	23827.8	10.5704	480	637	187	0	0.0001 Colloc0 480 3328 0.125781 119.193
1640	1	1596.41	24043.4	24032.9	10.4977	489	576	248	0	0.0001 Colloc0 489 3314 0.124642 115.252
1650	1	1606.05	23915.4	23904.5	10.8221	476	632	192	1	0.0001 Colloc0 476 3311 0.0471435 133.292
1660	1	1615.6	24137.6	24126.4	11.2452	497	543	281	2	0.0001 Colloc0 497 3297 0.0297698 158.473
1670	1	1625.33	24002.4	23992	10.3887	481	571	253	1	0.0001 Colloc0 481 3288 0.103479 109.458
1680	1	1635.14	24041.9	24030.8	11.0864	483	556	268	2	0.0001 Colloc0 483 3304 0.0490545 148.816
1690	1	1644.29	23967.1	23956.2	10.8596	472	577	247	0	0.0001 Colloc0 472 3297 0.0330921 135.453
1700	1	1653.76	23900.8	23890.4	10.4362	475	599	225	2	0.0001 Colloc0 475 3280 0.102258 111.968
1710	1	1663.47	23976.6	23965.7	10.949	488	581	243	1	0.0001 Colloc0 488 3300 0.0576351 140.659
1720	1	1673.29	23961.8	23951.5	10.3247	497	564	260	2	0.0001 Colloc0 497 3293 0.161049 106.125
1730	1	1683.02	23732.4	23722.1	10.2376	481	630	194	0	0.0001 Colloc0 481 3249 0.172666 101.664
1740	1	1692.44	23848.5	23837.9	10.6387	488	617	207	0	0.0001 Colloc0 488 3264 0.136053 122.952
1750	1	1701.79	23821.6	23811	10.6212	489	607	217	0	0.0001 Colloc0 489 3266 0.119921 121.98
1760	1	1711.16	23787.6	23777.4	10.1814	491	624	200	1	0.0001 Colloc0 491 3268 0.156273 98.8348
1770	1	1720.98	23794	23783.5	10.5198	484	613	211	0	0.0001 Colloc0 484 3270 0.136765 116.442
1780	1	1730.83	23778.3	23768	10.3521	478	612	212	0	0.0001 Colloc0 478 3264 0.0997943 107.547
1790	1	1740.66	23841.9	23830.7	11.1934	487	604	220	1	0.0001 Colloc0 487 3260 0.0425341 155.298
1800	1	1749.99	23755.2	23744.3	10.9161	484	622	202	1	0.0001 Colloc0 484 3277 0.0688542 138.733
1810	1	1759.01	23786.5	23775.6	10.9073	477	618	206	3	0.0001 Colloc0 477 3293 0.0418232 138.221
1820	1	1768.39	23847.2	23836.3	10.8898	481	611	213	0	0.0001 Colloc0 481 3280 0.0602803 137.201
1830	1	1777.92	23925.9	23915	10.9292	485	606	218	1	0.0001 Colloc0 485 3279 0.0529724 139.499
1840	1	1787.46	23872.6	23862	10.6335	488	587	237	0	0.0001 Colloc0 488 3238 0.102486 122.661
1850	1	1796.89	23912.6	23901.8	10.714	488	565	259	2	0.0001 Colloc0 488 3263 0.120659 127.152
1860	1	1805.83	23955.8	23944.5	11.334	498	586	238	0	0.0001 Colloc0 498 3269 0.0389205 163.975
1870	1	1815.08	23924.7	23914.1	10.5803	501	602	222	1	0.0001 Colloc0 501 3257 0.0785757 119.735
1880	1	1824.42	23941.7	23930.8	10.9443	510	568	256	1	0.0001 Colloc0 510 3256 0.076481 140.385
1890	1	1833.92	23838.6	23827.9	10.6421	480	589	235	1	0.0001 Colloc0 480 3249 0.105596 123.138
1900	1	1843.57	23912.7	23901.8	10.9167	498	567	257	1	0.0001 Colloc0 498 3260 0.0506784 138.769
1910	1	1853.23	23914.5	23904	10.5523	502	584	240	1	0.0001 Colloc0 502 3274 0.118072 118.205
1920	1	1862.92	23838.3	23827.3	10.942	490	582	242	0	0.0001 Colloc0 490 3257 0.0955616 140.25
1930	1	1872.74	23896.5	23885.9	10.5997	500	600	224	0	0.0001 Colloc0 500 3255 0.142942 120.801
1940	1	1882.14	23789	23778.2	10.7627	477	623	201	0	0.0001 Colloc0 477 3274 0.0726406 129.906
1950	1	1891.38	23927.2	23916.2	10.9681	505	593	231	0	0.0001 Colloc0 505 3253 0.0718945 141.781
1960	1	1900.58	23824.3	23813.7	10.6428	485	601	223	0	0.0001 Colloc0 485 3250 0.0544103 123.176
1970	1	1909.64	23868.8	23858.5	10.2294	491	599	225	3	0.0001 Colloc0 491 3267 0.141223 101.247
1980	1	1919.11	23864.4	23853.5	10.8382	489	607	217	0	0.0001 Colloc0 489 3261 0.107125 134.217
1990	1	1928.11	23807.3	23796.9	10.3486	487	617	207	1	0.0001 Colloc0 487 3265 0.165701 107.365
2000	1	1937.04	23726.9	23716.6	10.2787	481	651	173	0	0.0001 Colloc0 481 3248 0.129215 103.753
