# D = 0, E = 1, I = 1, P = 1, R = -1, n = 2000, N = 1, P = 1, w = 1, a = 0.0001, b = 10000, e = 1, f = 1, g = 100, h = 0.01, r = 7793, s = 1, S = 0, x = 10, m = 100, Z = 1, z = 0, T = 1, t = 1
# 9115 tokens in 824 sentences
#
# It	Temp	Time	-logP	-logPcorpus	-logPrior	tables	same	changed	reject	default_pya	(parent pym pyn pya pyb)*
0	1	0.713891	32108.8	31995	113.764	1641	0	824	0	0.0001 Colloc0 1641 3079 0.0001 10000
10	1	11.3953	25559.7	25548	11.6625	631	466	358	5	0.0001 Colloc0 631 3277 0.111371 184.925
20	1	21.2428	25172.4	25161	11.4222	583	498	326	1	0.0001 Colloc0 583 3308 0.0726642 169.508
30	1	30.7993	25100.6	25089.3	11.2374	572	503	321	3	0.0001 Colloc0 572 3307 0.0644876 157.991
40	1	40.5358	24949.6	24938.3	11.2816	553	518	306	3	0.0001 Colloc0 553 3307 0.0829332 160.723
50	1	50.4603	24966.1	24954.9	11.18	540	497	327	2	0.0001 Colloc0 540 3329 0.0885294 154.478
60	1	60.6438	24919.6	24908.8	10.8037	536	529	295	3	0.0001 Colloc0 536 3329 0.122064 132.238
70	1	70.7672	24933.3	24921.6	11.7109	537	504	320	3	0.0001 Colloc0 537 3325 0.0283004 188.082
80	1	80.8817	24846.4	24836.1	10.2467	516	515	309	3	0.0001 Colloc0 516 3345 0.17305 102.124
90	1	91.0622	24729.8	24719.4	10.3922	535	519	305	3	0.0001 Colloc0 535 3326 0.165027 109.641
100	1	101.054	24916	24904.6	11.4233	556	487	337	2	0.0001 Colloc0 556 3326 0.0558113 169.581
110	1	111.23	24697.2	24685.8	11.3599	528	547	277	3	0.0001 Colloc0 528 3311 0.0815014 165.595
120	1	121.296	24666.4	24655.2	11.209	524	524	300	2	0.0001 Colloc0 524 3336 0.0333211 156.252
130	1	131.216	24696.6	24685.4	11.1154	514	531	293	2	0.0001 Colloc0 514 3334 0.0292502 150.563
140	1	141.307	24791.3	24780.9	10.408	539	518	306	3	0.0001 Colloc0 539 3338 0.184452 110.476
150	1	151.423	24863.7	24852.2	11.483	542	508	316	3	0.0001 Colloc0 542 3350 0.0325818 173.361
160	1	161.279	24802.1	24790.6	11.4347	536	512	312	3	0.0001 Colloc0 536 3342 0.0127208 170.296
170	1	170.703	24770.9	24759.8	11.1275	522	494	330	2	0.0001 Colloc0 522 3333 0.0559022 151.294
180	1	180.879	24660.9	24649.6	11.3012	534	524	300	1	0.0001 Colloc0 534 3320 0.0539414 161.935
190	1	190.919	24595.2	24584.1	11.132	524	541	283	1	0.0001 Colloc0 524 3301 0.0562193 151.565
200	1	200.845	24644.4	24633.3	11.098	517	546	278	2	0.0001 Colloc0 517 3316 0.0571844 149.514
210	1	210.911	24600.8	24589.5	11.2719	543	534	290	2	0.0001 Colloc0 543 3319 0.0372246 160.122
220	1	221.036	24689.4	24678.8	10.6234	529	502	322	5	0.0001 Colloc0 529 3300 0.131556 122.106
230	1	231.198	24900.2	24888.7	11.4509	543	484	340	3	0.0001 Colloc0 543 3319 0.0249876 171.325
240	1	240.909	24557	24545.4	11.6642	519	517	307	1	0.0001 Colloc0 519 3297 0.0186546 185.031
250	1	250.889	24566.3	24555	11.2974	521	522	302	1	0.0001 Colloc0 521 3307 0.0193807 161.696
260	1	260.937	24636.2	24625.3	10.9483	526	528	296	2	0.0001 Colloc0 526 3328 0.077178 140.616
270	1	270.779	24541.9	24530.4	11.5228	525	528	296	4	0.0001 Colloc0 525 3263 0.023933 175.902
280	1	280.369	24444	24433.2	10.7412	538	570	254	2	0.0001 Colloc0 538 3288 0.132362 128.688
290	1	290.416	24386	24375.4	10.5582	529	571	253	3	0.0001 Colloc0 529 3276 0.126695 118.526
300	1	300.575	24362	24350.6	11.4621	516	530	294	2	0.0001 Colloc0 516 3277 0.019342 172.036
310	1	310.646	24367.5	24356.9	10.6303	507	577	247	3	0.0001 Colloc0 507 3303 0.115493 122.488
320	1	320.713	24522.8	24511.8	11.0473	529	551	273	1	0.0001 Colloc0 529 3299 0.108885 146.475
330	1	330.89	24429.4	24418.2	11.1453	513	562	262	3	0.0001 Colloc0 513 3307 0.0535424 152.369
340	1	340.288	24506.1	24495.1	10.9681	521	548	276	2	0.0001 Colloc0 521 3293 0.0589311 141.782
350	1	350.066	24395.9	24385.3	10.5496	529	559	265	3	0.0001 Colloc0 529 3268 0.145056 118.059
360	1	359.687	24526.1	24514.9	11.2596	541	539	285	0	0.0001 Colloc0 541 3299 0.0581285 159.36
370	1	368.875	24291.9	24280.7	11.2068	507	585	239	0	0.0001 Colloc0 507 3269 0.0122284 156.116
380	1	378.385	24290	24279.1	10.8899	521	571	253	1	0.0001 Colloc0 521 3275 0.102365 137.211
390	1	387.912	24124.7	24114.2	10.5508	519	575	249	1	0.0001 Colloc0 519 3261 0.149896 118.126
400	1	397.257	24063.7	24052.9	10.8273	511	586	238	1	0.0001 Colloc0 511 3225 0.113566 133.595
410	1	406.935	24182.6	24171.4	11.1574	515	546	278	1	0.0001 Colloc0 515 3274 0.0280938 153.105
420	1	416.976	24220.3	24209.1	11.2104	525	559	265	3	0.0001 Colloc0 525 3252 0.0417219 156.335
430	1	426.924	24294.5	24283.5	11.0308	517	514	310	0	0.0001 Colloc0 517 3247 0.0671586 145.496
440	1	436.603	24023	24011.9	11.1014	500	597	227	0	0.0001 Colloc0 500 3219 0.0154574 149.721
450	1	446.592	23997	23986.2	10.7872	497	601	223	0	0.0001 Colloc0 497 3250 0.10168 131.3
460	1	456.412	24009.8	23998.9	10.8579	494	597	227	2	0.0001 Colloc0 494 3241 0.0547049 135.353
470	1	466.198	24136.1	24125.4	10.6823	501	563	261	0	0.0001 Colloc0 501 3252 0.0990726 125.374
480	1	476.075	24072.2	24061.6	10.5828	510	580	244	2	0.0001 Colloc0 510 3215 0.140687 119.87
490	1	485.707	24154	24142.9	11.0374	515	565	259	2	0.0001 Colloc0 515 3247 0.097689 145.887
500	1	495.383	24111.6	24100.6	11.0046	518	570	254	0	0.0001 Colloc0 518 3235 0.0751428 143.938
510	1	505.306	24150.8	24139.4	11.3765	506	560	264	3	0.0001 Colloc0 506 3241 0.00786611 166.633
520	1	514.637	24086.3	24074.9	11.4864	519	554	270	0	0.0001 Colloc0 519 3226 0.0514376 173.58
530	1	524.137	24166.8	24156	10.799	522	544	280	2	0.0001 Colloc0 522 3235 0.152968 131.974
540	1	534.05	24058.5	24047.7	10.7838	500	574	250	0	0.0001 Colloc0 500 3237 0.083389 131.101
550	1	543.559	24239.7	24228.8	10.9523	533	545	279	2	0.0001 Colloc0 533 3261 0.0539084 140.852
560	1	553.559	24065.9	24054.9	11.0348	515	576	248	2	0.0001 Colloc0 515 3245 0.0932546 145.734
570	1	563.573	24132.4	24121.4	10.9984	505	572	252	1	0.0001 Colloc0 505 3245 0.0546834 143.57
580	1	573.508	24102.9	24091.6	11.3298	510	557	267	0	0.0001 Colloc0 510 3224 0.0219652 163.711
590	1	583.438	24248.2	24236.9	11.3189	526	542	282	2	0.0001 Colloc0 526 3237 0.0795092 163.036
600	1	593.461	24109.7	24098.9	10.8609	511	588	236	0	0.0001 Colloc0 511 3237 0.0412976 135.528
610	1	603.42	24076.3	24065.8	10.5198	500	587	237	0	0.0001 Colloc0 500 3246 0.111199 116.444
620	1	612.777	24105.1	24094.4	10.6506	537	582	242	1	0.0001 Colloc0 537 3228 0.126422 123.613
630	1	622.777	24043.6	24032.2	11.376	500	603	221	0	0.0001 Colloc0 500 3244 0.00500159 166.602
640	1	632.069	24030	24019.7	10.293	506	583	241	1	0.0001 Colloc0 506 3239 0.178571 104.488
650	1	642.03	24178	24167.1	10.8839	501	565	259	1	0.0001 Colloc0 501 3261 0.0747728 136.858
660	1	652.109	24247.8	24237.2	10.5349	519	564	260	2	0.0001 Colloc0 519 3268 0.136687 117.262
670	1	662.019	24077.8	24067	10.8071	503	563	261	1	0.0001 Colloc0 503 3255 0.0973156 132.436
680	1	671.62	24183.6	24172.8	10.761	500	549	275	0	0.0001 Colloc0 500 3266 0.0467384 129.808
690	1	681.184	24046.2	24036	10.2252	508	609	215	0	0.0001 Colloc0 508 3241 0.161363 101.035
700	1	691.043	23994.5	23983.4	11.0989	499	599	225	1	0.0001 Colloc0 499 3259 0.0103031 149.568
710	1	700.521	23968.9	23958.2	10.7223	498	606	218	0	0.0001 Colloc0 498 3220 0.105121 127.623
720	1	709.979	24053.1	24042.8	10.298	509	576	248	0	0.0001 Colloc0 509 3248 0.139076 104.746
730	1	719.993	24009.3	23998.4	10.9164	498	603	221	1	0.0001 Colloc0 498 3250 0.0777088 138.754
740	1	729.685	24221	24209.9	11.0486	519	524	300	2	0.0001 Colloc0 519 3235 0.102634 146.552
750	1	739.626	24176	24165.2	10.7746	516	556	268	2	0.0001 Colloc0 516 3247 0.0588964 130.579
760	1	749.601	23988.5	23977.6	10.9549	496	594	230	1	0.0001 Colloc0 496 3223 0.0638927 141.006
770	1	759.735	24029.3	24018.9	10.4002	499	598	226	0	0.0001 Colloc0 499 3238 0.112841 110.065
780	1	769.785	24126.9	24115.7	11.1049	510	564	260	1	0.0001 Colloc0 510 3222 0.0449722 149.933
790	1	779.911	24036.8	24025.4	11.4053	500	604	220	1	0.0001 Colloc0 500 3243 0.00627802 168.446
800	1	789.337	23954.8	23943.6	11.1285	493	616	208	0	0.0001 Colloc0 493 3239 0.0360463 151.356
810	1	798.719	24022.6	24011.6	10.931	489	584	240	2	0.0001 Colloc0 489 3246 0.0666742 139.604
820	1	808.599	24179.8	24169	10.7641	518	549	275	3	0.0001 Colloc0 518 3239 0.134676 129.983
830	1	818.876	24109.4	24098.7	10.6547	512	563	261	0	0.0001 Colloc0 512 3237 0.101962 123.836
840	1	828.75	24092.4	24081.6	10.8062	510	563	261	4	0.0001 Colloc0 510 3246 0.0729721 132.384
850	1	838.633	23958.1	23947.1	10.9772	505	585	239	1	0.0001 Colloc0 505 3213 0.0486899 142.318
860	1	848.245	23955	23943.8	11.2117	498	592	232	0	0.0001 Colloc0 498 3213 0.0164545 156.418
870	1	858.194	23913.3	23902.5	10.8247	504	604	220	2	0.0001 Colloc0 504 3185 0.0745656 133.44
880	1	868.518	23935.9	23925	10.8597	520	597	227	2	0.0001 Colloc0 520 3181 0.11088 135.462
890	1	878.648	23972.7	23961.7	10.9649	506	599	225	2	0.0001 Colloc0 506 3216 0.108239 141.593
900	1	888.669	23928.7	23917.8	10.8829	509	618	206	0	0.0001 Colloc0 509 3200 0.090045 136.801
910	1	898.026	23893.9	23883.3	10.5704	519	605	219	1	0.0001 Colloc0 519 3180 0.130626 119.193
920	1	908.119	23913.3	23902.5	10.7671	515	608	216	2	0.0001 Colloc0 515 3204 0.12579 130.156
930	1	918.084	24036.5	24025.3	11.2576	523	583	241	1	0.0001 Colloc0 523 3195 0.0723313 159.238
940	1	928.098	24045.4	24034.4	11.0333	508	553	271	2	0.0001 Colloc0 508 3185 0.0724835 145.644
950	1	937.865	23927.5	23916.5	10.9445	503	594	230	1	0.0001 Colloc0 503 3209 0.0419693 140.398
960	1	947.832	23967.2	23955.9	11.3008	519	579	245	0	0.0001 Colloc0 519 3191 0.054033 161.908
970	1	957.75	23901.8	23890.7	11.151	504	604	220	0	0.0001 Colloc0 504 3204 0.00442642 152.715
980	1	967.849	23784	23772.6	11.3736	493	627	197	1	0.0001 Colloc0 493 3198 0.0162764 166.451
990	1	977.634	23975.6	23964.8	10.7765	528	587	237	0	0.0001 Colloc0 528 3208 0.154975 130.687
1000	1	987.674	23855.7	23844.7	11.0077	494	584	240	0	0.0001 Colloc0 494 3175 0.0982033 144.123
1010	1	997.821	23908.4	23897.9	10.4448	518	590	234	2	0.0001 Colloc0 518 3205 0.146625 112.425
1020	1	1007.72	23868.3	23858	10.3738	507	621	203	1	0.0001 Colloc0 507 3195 0.163766 108.68
1030	1	1017.57	23888.8	23878.2	10.6875	497	625	199	2	0.0001 Colloc0 497 3240 0.0894476 125.665
1040	1	1027.57	23935.1	23924.5	10.6044	514	583	241	2	0.0001 Colloc0 514 3210 0.117044 121.058
1050	1	1037.59	23950.6	23939.9	10.7198	505	606	218	1	0.0001 Colloc0 505 3222 0.106907 127.479
1060	1	1047.63	24006.4	23995.2	11.1901	512	607	217	0	0.0001 Colloc0 512 3217 0.00953829 155.096
1070	1	1057.61	23811	23800.5	10.547	500	629	195	2	0.0001 Colloc0 500 3217 0.133385 117.917
1080	1	1067.77	23805.5	23794.6	10.9852	502	632	192	2	0.0001 Colloc0 502 3204 0.107491 142.793
1090	1	1077.65	23854.7	23843.7	10.9163	505	629	195	0	0.0001 Colloc0 505 3187 0.0963104 138.747
1100	1	1087.62	23773.1	23762.5	10.6062	497	641	183	1	0.0001 Colloc0 497 3200 0.117092 121.156
1110	1	1097.63	23757	23746.3	10.7478	502	634	190	0	0.0001 Colloc0 502 3207 0.178859 129.058
1120	1	1107.75	23825.7	23815	10.7897	500	617	207	1	0.0001 Colloc0 500 3189 0.136595 131.439
1130	1	1117.76	23839.6	23828.4	11.1714	499	586	238	1	0.0001 Colloc0 499 3211 0.0270761 153.958
1140	1	1127.68	23919.3	23908.4	10.8914	508	558	266	1	0.0001 Colloc0 508 3195 0.100729 137.294
1150	1	1137.73	23805.9	23795.4	10.4844	489	609	215	1	0.0001 Colloc0 489 3193 0.117008 114.54
1160	1	1147.49	23730.5	23719.7	10.7856	499	633	191	0	0.0001 Colloc0 499 3199 0.0842338 131.204
1170	1	1156.84	23792.7	23782.5	10.1362	497	623	201	1	0.0001 Colloc0 497 3175 0.163699 96.5913
1180	1	1166.53	23825.7	23814.7	10.9553	481	594	230	1	0.0001 Colloc0 481 3215 0.0704375 141.029
1190	1	1176.43	23833.4	23822.8	10.5427	497	600	224	2	0.0001 Colloc0 497 3197 0.124905 117.687
1200	1	1186.47	23924.5	23913.9	10.5511	509	576	248	0	0.0001 Colloc0 509 3203 0.109233 118.141
1210	1	1196.72	23879.1	23867.9	11.2156	513	587	237	1	0.0001 Colloc0 513 3196 0.00403682 156.657
1220	1	1206.75	23932.4	23921.2	11.1202	503	574	250	2	0.0001 Colloc0 503 3230 0.0310663 150.851
1230	1	1216.67	23792	23781.1	10.9175	504	609	215	1	0.0001 Colloc0 504 3197 0.103366 138.817
1240	1	1226.11	23880.7	23870.3	10.3963	493	584	240	2	0.0001 Colloc0 493 3228 0.124858 109.856
1250	1	1235.58	23714.8	23704.4	10.4069	499	611	213	0	0.0001 Colloc0 499 3178 0.129486 110.414
1260	1	1245.46	23648.5	23637.7	10.8374	476	654	170	1	0.0001 Colloc0 476 3187 0.055985 134.171
1270	1	1255.3	23898.3	23887.2	11.0932	503	591	233	1	0.0001 Colloc0 503 3204 0.0850314 149.227
1280	1	1264.97	23899.4	23888.3	11.0717	513	589	235	0	0.0001 Colloc0 513 3174 0.0455516 147.937
1290	1	1274.75	23828.8	23817.5	11.2537	494	592	232	1	0.0001 Colloc0 494 3179 0.0363105 158.999
1300	1	1284.48	23861.5	23850.8	10.7073	511	585	239	0	0.0001 Colloc0 511 3182 0.116455 126.777
1310	1	1293.63	23769.3	23758.5	10.8069	494	591	233	1	0.0001 Colloc0 494 3195 0.0887121 132.422
1320	1	1303.21	23920.3	23909	11.3855	514	562	262	1	0.0001 Colloc0 514 3190 0.0118608 167.199
1330	1	1313.17	23827.8	23817.1	10.7842	506	615	209	3	0.0001 Colloc0 506 3228 0.0600836 131.126
1340	1	1323.23	23850.2	23839.7	10.4931	507	601	223	0	0.0001 Colloc0 507 3183 0.141411 115.002
1350	1	1333.04	23812.2	23801.3	10.8237	496	593	231	1	0.0001 Colloc0 496 3174 0.0974368 133.388
1360	1	1343.04	23858.6	23847.3	11.2704	490	594	230	2	0.0001 Colloc0 490 3207 0.00389161 160.029
1370	1	1353.07	23908.4	23897.5	10.8422	504	569	255	1	0.0001 Colloc0 504 3197 0.0899709 134.451
1380	1	1363.15	23872.8	23861.6	11.2161	492	572	252	0	0.0001 Colloc0 492 3205 0.0240749 156.688
1390	1	1373.1	23797	23786.3	10.6473	492	614	210	2	0.0001 Colloc0 492 3219 0.0668765 123.427
1400	1	1383.03	23841.9	23830.9	11.0459	489	608	216	0	0.0001 Colloc0 489 3214 0.032353 146.395
1410	1	1392.72	23788.4	23778.3	10.0532	490	592	232	2	0.0001 Colloc0 490 3203 0.203801 92.5371
1420	1	1402.34	23872.2	23861.7	10.5559	509	588	236	0	0.0001 Colloc0 509 3189 0.168073 118.4
1430	1	1412.19	23938.7	23927.4	11.2312	511	583	241	0	0.0001 Colloc0 511 3197 0.0344434 157.615
1440	1	1421.91	23782.3	23771.1	11.1587	503	588	236	1	0.0001 Colloc0 503 3172 0.0707535 153.187
1450	1	1431.88	23863.7	23853.2	10.5468	503	597	227	2	0.0001 Colloc0 503 3182 0.152186 117.909
1460	1	1441.33	23856.9	23846.2	10.7228	504	588	236	2	0.0001 Colloc0 504 3195 0.117671 127.651
1470	1	1451.11	23873.1	23862.1	11.0075	512	567	257	2	0.0001 Colloc0 512 3169 0.0905509 144.109
1480	1	1461.16	23833.8	23823.2	10.6129	502	586	238	1	0.0001 Colloc0 502 3198 0.123718 121.525
1490	1	1471.23	23845.5	23834.1	11.4021	508	591	233	1	0.0001 Colloc0 508 3187 0.0176446 168.24
1500	1	1481.33	23827.8	23816.8	10.9977	499	600	224	2	0.0001 Colloc0 499 3195 0.0454427 143.528
1510	1	1491.25	23810.5	23799.8	10.7473	498	596	228	2	0.0001 Colloc0 498 3191 0.116559 129.031
1520	1	1501.28	23775.7	23764.8	10.9661	510	608	216	1	0.0001 Colloc0 510 3166 0.0974547 141.663
1530	1	1510.88	23828.7	23817.4	11.2848	504	578	246	0	0.0001 Colloc0 504 3183 0.0402307 160.917
1540	1	1520.85	23875.5	23864.2	11.2904	512	586	238	0	0.0001 Colloc0 512 3184 0.0173433 161.267
1550	1	1530.44	23766.5	23755.6	10.8516	501	632	192	3	0.0001 Colloc0 501 3193 0.105583 134.993
1560	1	1540.17	23751.4	23740.9	10.5296	507	619	205	1	0.0001 Colloc0 507 3184 0.097442 116.972
1570	1	1550.15	23805.3	23794.1	11.2074	514	584	240	0	0.0001 Colloc0 514 3181 0.0385642 156.151
1580	1	1559.95	23760.9	23750.4	10.4578	519	623	201	1	0.0001 Colloc0 519 3154 0.197425 113.115
1590	1	1569.17	23799	23787.9	11.1069	514	607	217	2	0.0001 Colloc0 514 3158 0.058724 150.048
1600	1	1578.63	23798.4	23787.8	10.6674	509	605	219	3	0.0001 Colloc0 509 3186 0.121783 124.543
1610	1	1588.35	23786.8	23775.6	11.1626	506	599	225	1	0.0001 Colloc0 506 3155 0.106013 153.419
1620	1	1598.04	23714.5	23703.9	10.5996	490	620	204	0	0.0001 Colloc0 490 3176 0.0813487 120.794
1630	1	1607.32	23874.4	23863.4	11.0908	509	600	224	2	0.0001 Colloc0 509 3184 0.0680593 149.081
1640	1	1617.01	23736.5	23725.9	10.5511	514	616	208	1	0.0001 Colloc0 514 3183 0.156401 118.143
1650	1	1626.54	23812.9	23801.9	10.9435	508	596	228	1	0.0001 Colloc0 508 3189 0.0703052 140.336
1660	1	1635.77	23612.5	23602	10.5531	499	650	174	0	0.0001 Colloc0 499 3161 0.135393 118.249
1670	1	1645.37	23702	23690.8	11.1685	506	632	192	0	0.0001 Colloc0 506 3172 0.0479774 153.777
1680	1	1654.8	23753.2	23742.2	10.9355	505	600	224	5	0.0001 Colloc0 505 3168 0.072205 139.868
1690	1	1664.31	23710.4	23699.3	11.1299	485	612	212	2	0.0001 Colloc0 485 3168 0.00917679 151.44
1700	1	1673.89	23620	23609.1	10.893	486	635	189	0	0.0001 Colloc0 486 3159 0.0767634 137.386
1710	1	1683.55	23753.4	23742.8	10.5911	497	587	237	1	0.0001 Colloc0 497 3168 0.126577 120.325
1720	1	1693.25	23780.7	23769.7	10.9016	500	594	230	2	0.0001 Colloc0 500 3177 0.0642039 137.891
1730	1	1702.87	23753.7	23743	10.7093	507	615	209	1	0.0001 Colloc0 507 3171 0.0786823 126.889
1740	1	1712.33	23674.6	23663.7	10.8572	494	617	207	0	0.0001 Colloc0 494 3153 0.0896957 135.316
1750	1	1722.25	23754.6	23743.3	11.2727	502	622	202	0	0.0001 Colloc0 502 3163 0.00548565 160.169
1760	1	1731.88	23604.9	23594.5	10.352	506	648	176	2	0.0001 Colloc0 506 3152 0.125232 107.541
1770	1	1741.44	23727.2	23715.9	11.2068	496	610	214	2	0.0001 Colloc0 496 3142 0.00661989 156.117
1780	1	1750.47	23838.9	23827.7	11.1592	506	578	246	2	0.0001 Colloc0 506 3159 0.0421793 153.212
1790	1	1759.77	23676	23664.8	11.2234	492	601	223	2	0.0001 Colloc0 492 3143 0.0351782 157.134
1800	1	1769.29	23757	23746.2	10.7972	515	592	232	1	0.0001 Colloc0 515 3144 0.0664502 131.866
1810	1	1779.14	23826.3	23815.1	11.2517	513	584	240	1	0.0001 Colloc0 513 3162 0.0305369 158.873
1820	1	1788.85	23760.5	23749.8	10.7352	519	605	219	1	0.0001 Colloc0 519 3153 0.12658 128.348
1830	1	1798.97	23766.9	23756.1	10.7905	500	599	225	2	0.0001 Colloc0 500 3139 0.0828161 131.486
1840	1	1808.68	23687.7	23676.8	10.9334	509	629	195	2	0.0001 Colloc0 509 3136 0.0991758 139.745
1850	1	1818.55	23744.6	23733.4	11.131	504	600	224	1	0.0001 Colloc0 504 3120 0.0501161 151.503
1860	1	1828.36	23771.1	23760.1	11.0544	503	595	229	1	0.0001 Colloc0 503 3147 0.0482597 146.899
1870	1	1838.27	23752.9	23742.2	10.754	508	595	229	1	0.0001 Colloc0 508 3163 0.115383 129.412
1880	1	1847.94	23721.8	23710.8	11.005	504	603	221	1	0.0001 Colloc0 504 3155 0.0482034 143.959
1890	1	1857.64	23867.5	23856.5	11.0805	512	582	242	2	0.0001 Colloc0 512 3147 0.0815462 148.461
1900	1	1867.44	23700.1	23689	11.154	499	606	218	0	0.0001 Colloc0 499 3162 0.020629 152.902
1910	1	1877.08	23689	23677.9	11.0919	499	624	200	2	0.0001 Colloc0 499 3153 0.0523697 149.149
1920	1	1886.79	23743.9	23733	10.8377	509	616	208	0	0.0001 Colloc0 509 3145 0.0804132 134.19
1930	1	1896.44	23716.3	23705.7	10.6103	497	619	205	0	0.0001 Colloc0 497 3156 0.185402 121.38
1940	1	1905.95	23748.8	23738.2	10.6203	501	602	222	0	0.0001 Colloc0 501 3150 0.120365 121.933
1950	1	1915.18	23636.9	23626.6	10.361	500	648	176	0	0.0001 Colloc0 500 3149 0.155717 108.007
1960	1	1924.6	23793	23781.7	11.2187	520	596	228	0	0.0001 Colloc0 520 3160 0.0567533 156.848
1970	1	1933.86	23773.7	23763	10.7611	496	586	238	1	0.0001 Colloc0 496 3141 0.0665906 129.813
1980	1	1943.05	23825.4	23814.8	10.5441	509	579	245	2	0.0001 Colloc0 509 3158 0.133455 117.76
1990	1	1952.43	23703.2	23691.9	11.3319	496	612	212	0	0.0001 Colloc0 496 3162 0.0382557 163.846
2000	1	1961.6	23757	23745.9	11.1344	507	611	213	1	0.0001 Colloc0 507 3150 0.0548986 151.709
