# D = 0, E = 1, I = 1, P = 1, R = -1, n = 2000, N = 1, P = 1, w = 1, a = 0.0001, b = 10000, e = 1, f = 1, g = 100, h = 0.01, r = 32310, s = 1, S = 0, x = 10, m = 100, Z = 1, z = 0, T = 1, t = 1
# 5796 tokens in 266 sentences
#
# It	Temp	Time	-logP	-logPcorpus	-logPrior	tables	same	changed	reject	default_pya	(parent pym pyn pya pyb)*
0	1	0.751885	22607.9	22494.2	113.764	1704	0	266	0	0.0001 Colloc0 1704 2493 0.0001 10000
10	1	10.9043	17806.4	17794.9	11.5035	537	46	220	4	0.0001 Colloc0 537 2393 0.0898406 174.668
20	1	21.0058	17601.8	17591.2	10.6517	481	53	213	1	0.0001 Colloc0 481 2463 0.164632 123.671
30	1	30.8783	17446.9	17435.7	11.1369	463	58	208	5	0.0001 Colloc0 463 2426 0.0660633 151.864
40	1	40.6978	17313.4	17302.1	11.2534	461	58	208	4	0.0001 Colloc0 461 2417 0.0290945 158.98
50	1	50.6713	17379.8	17368.9	10.8765	460	58	208	3	0.0001 Colloc0 460 2425 0.0650853 136.432
60	1	60.7008	17217.2	17206.8	10.3705	460	59	207	1	0.0001 Colloc0 460 2386 0.123624 108.506
70	1	70.6013	17106.2	17095.3	10.8172	446	54	212	2	0.0001 Colloc0 446 2383 0.0857256 133.015
80	1	80.5418	17189.8	17179.2	10.6051	468	75	191	4	0.0001 Colloc0 468 2384 0.186621 121.094
90	1	90.0413	17068.7	17057.7	11.0801	451	79	187	2	0.0001 Colloc0 451 2384 0.0762956 148.44
100	1	100.015	17061.8	17051.1	10.6639	462	80	186	2	0.0001 Colloc0 462 2401 0.0810108 124.348
110	1	109.777	17032	17021.6	10.4107	474	79	187	1	0.0001 Colloc0 474 2396 0.206138 110.617
120	1	119.708	17019.6	17008.9	10.7431	472	84	182	1	0.0001 Colloc0 472 2416 0.1205 128.791
130	1	129.726	16932.4	16921.8	10.5569	452	75	191	4	0.0001 Colloc0 452 2377 0.128169 118.455
140	1	139.618	16939.3	16928.9	10.4329	445	89	177	4	0.0001 Colloc0 445 2370 0.113281 111.791
150	1	149.565	16947.7	16937	10.6812	447	85	181	3	0.0001 Colloc0 447 2395 0.0853124 125.315
160	1	159.31	16989.3	16978.6	10.7449	456	75	191	1	0.0001 Colloc0 456 2400 0.135039 128.897
170	1	169.198	17028.9	17017.8	11.1099	467	82	184	2	0.0001 Colloc0 467 2378 0.0567097 150.234
180	1	179.074	16995.3	16984.2	11.1041	435	80	186	1	0.0001 Colloc0 435 2408 0.0230015 149.883
190	1	189.001	16956.3	16945.3	10.9964	452	94	172	2	0.0001 Colloc0 452 2375 0.108032 143.452
200	1	198.684	16835.5	16825.2	10.2905	461	88	178	3	0.0001 Colloc0 461 2370 0.204454 104.362
210	1	208.082	16729.6	16718.4	11.2198	447	101	165	3	0.0001 Colloc0 447 2367 0.0569506 156.915
220	1	218.04	16796.5	16785.6	10.9974	437	85	181	3	0.0001 Colloc0 437 2352 0.071613 143.511
230	1	227.929	16904	16893.1	10.9186	466	77	189	2	0.0001 Colloc0 466 2347 0.116908 138.882
240	1	237.832	16821.3	16810.5	10.802	448	90	176	2	0.0001 Colloc0 448 2359 0.110293 132.145
250	1	247.502	16964.8	16954.1	10.733	438	78	188	3	0.0001 Colloc0 438 2402 0.149607 128.226
260	1	256.859	16863.5	16852.6	10.878	450	87	179	3	0.0001 Colloc0 450 2381 0.0870782 136.519
270	1	266.584	16849.2	16838.5	10.6175	452	83	183	4	0.0001 Colloc0 452 2360 0.145245 121.778
280	1	276.248	16834	16822.9	11.1309	465	80	186	3	0.0001 Colloc0 465 2335 0.0760334 151.499
290	1	285.412	16779.5	16769.2	10.2558	458	93	173	4	0.0001 Colloc0 458 2340 0.175273 102.588
300	1	294.53	16814	16803.4	10.5541	484	88	178	1	0.0001 Colloc0 484 2351 0.163506 118.304
310	1	303.843	16722.4	16712.1	10.264	451	95	171	5	0.0001 Colloc0 451 2322 0.197779 103.006
320	1	313.101	16805.3	16794.6	10.7078	467	94	172	1	0.0001 Colloc0 467 2348 0.160162 126.804
330	1	322.43	16772.5	16761.9	10.636	459	84	182	3	0.0001 Colloc0 459 2354 0.128395 122.8
340	1	331.852	16720.4	16709.5	10.8315	452	90	176	2	0.0001 Colloc0 452 2338 0.0876939 133.833
350	1	341.707	16671.9	16661.1	10.8414	439	92	174	2	0.0001 Colloc0 439 2338 0.0132258 134.406
360	1	351.409	16622.9	16611.9	11.0381	445	97	169	2	0.0001 Colloc0 445 2336 0.082292 145.931
370	1	361.177	16763.7	16752.8	10.9032	453	87	179	1	0.0001 Colloc0 453 2357 0.185368 137.981
380	1	370.319	16893.6	16882.5	11.1004	446	82	184	2	0.0001 Colloc0 446 2364 0.0191246 149.661
390	1	380.111	16826.8	16815.9	10.8836	455	81	185	2	0.0001 Colloc0 455 2370 0.105377 136.84
400	1	389.974	16726.6	16715.7	10.9198	456	100	166	1	0.0001 Colloc0 456 2367 0.0764241 138.951
410	1	400.03	16786	16775.4	10.6308	467	88	178	2	0.0001 Colloc0 467 2343 0.183295 122.512
420	1	409.913	16769.4	16758.2	11.1407	451	93	173	2	0.0001 Colloc0 451 2367 0.102792 152.093
430	1	419.708	16812.6	16802.4	10.1127	454	80	186	2	0.0001 Colloc0 454 2358 0.224427 95.432
440	1	429.624	16938.3	16927.6	10.7035	459	88	178	5	0.0001 Colloc0 459 2393 0.128168 126.563
450	1	439.332	16782.8	16772.2	10.6832	468	82	184	2	0.0001 Colloc0 468 2322 0.151621 125.425
460	1	448.766	16798.5	16788	10.4879	457	78	188	3	0.0001 Colloc0 457 2377 0.143136 114.724
470	1	458.399	16759.4	16749.4	9.94509	445	87	179	1	0.0001 Colloc0 445 2363 0.175171 87.3893
480	1	467.872	16753.9	16742.7	11.2005	450	94	172	1	0.0001 Colloc0 450 2348 0.0616046 155.729
490	1	477.18	16815.6	16805.7	9.93445	462	90	176	1	0.0001 Colloc0 462 2361 0.208411 86.891
500	1	486.794	16771.8	16760.9	10.9401	444	90	176	0	0.0001 Colloc0 444 2339 0.0483827 140.137
510	1	496.347	16833	16822.2	10.7553	462	72	194	2	0.0001 Colloc0 462 2361 0.148057 129.483
520	1	506.074	16753.4	16742.9	10.4378	469	94	172	2	0.0001 Colloc0 469 2371 0.170619 112.052
530	1	515.669	16706.7	16695.7	11.0105	463	93	173	4	0.0001 Colloc0 463 2369 0.120188 144.287
540	1	524.952	16733.3	16722.6	10.6847	466	93	173	1	0.0001 Colloc0 466 2350 0.135619 125.51
550	1	534.189	16690.6	16679.7	10.8641	449	97	169	2	0.0001 Colloc0 449 2347 0.10353 135.716
560	1	543.671	16721.6	16711	10.582	448	96	170	4	0.0001 Colloc0 448 2386 0.163674 119.826
570	1	553.713	16658.9	16648.2	10.7046	439	89	177	1	0.0001 Colloc0 439 2320 0.118336 126.627
580	1	563.629	16716.2	16705.2	10.9517	450	87	179	2	0.0001 Colloc0 450 2330 0.0513254 140.82
590	1	573.652	16726.7	16716.4	10.283	469	102	164	1	0.0001 Colloc0 469 2343 0.225138 103.978
600	1	583.559	16709.6	16699	10.6123	467	88	178	2	0.0001 Colloc0 467 2323 0.139163 121.49
610	1	593.444	16784.4	16773.9	10.5373	481	76	190	3	0.0001 Colloc0 481 2347 0.209509 117.393
620	1	603.428	16785.1	16773.9	11.2379	448	78	188	3	0.0001 Colloc0 448 2332 0.0334616 158.022
630	1	613.45	16606.9	16596.6	10.2832	457	101	165	5	0.0001 Colloc0 457 2359 0.171682 103.985
640	1	623.301	16635.5	16625.9	9.57963	461	96	170	3	0.0001 Colloc0 461 2335 0.272162 71.1691
650	1	633.205	16628	16617.8	10.2356	446	100	166	3	0.0001 Colloc0 446 2330 0.120216 101.561
660	1	643.158	16547.8	16537.6	10.2048	443	102	164	0	0.0001 Colloc0 443 2322 0.174986 100.009
670	1	652.682	16579.6	16568.8	10.7151	424	89	177	4	0.0001 Colloc0 424 2348 0.0811231 127.217
680	1	662.264	16750.9	16739.8	11.0322	447	83	183	3	0.0001 Colloc0 447 2347 0.122722 145.577
690	1	671.35	16673.5	16662.9	10.6144	451	82	184	4	0.0001 Colloc0 451 2311 0.148701 121.608
700	1	680.857	16700.5	16690.1	10.4707	443	92	174	2	0.0001 Colloc0 443 2323 0.124776 113.802
710	1	690.747	16728.3	16717	11.2577	453	89	177	3	0.0001 Colloc0 453 2335 0.0316927 159.243
720	1	700.635	16809.5	16798.8	10.6627	444	77	189	2	0.0001 Colloc0 444 2345 0.0950118 124.282
730	1	710.52	16734.9	16724.5	10.4331	447	82	184	1	0.0001 Colloc0 447 2358 0.133925 111.804
740	1	720.379	16607.8	16596.9	10.8708	445	97	169	2	0.0001 Colloc0 445 2327 0.147123 136.101
750	1	730.287	16628.1	16618.8	9.35237	458	87	179	2	0.0001 Colloc0 458 2358 0.292322 62.0375
760	1	740.001	16555.6	16545.4	10.2127	461	106	160	2	0.0001 Colloc0 461 2320 0.195223 100.404
770	1	749.94	16480.4	16470	10.3562	433	105	161	3	0.0001 Colloc0 433 2329 0.17698 107.761
780	1	759.776	16656.2	16645.5	10.6834	438	93	173	2	0.0001 Colloc0 438 2360 0.0934728 125.437
790	1	769.464	16717.1	16706	11.0279	442	90	176	3	0.0001 Colloc0 442 2367 0.0565789 145.321
800	1	778.841	16721.6	16710.5	11.0188	457	86	180	3	0.0001 Colloc0 457 2346 0.0889208 144.778
810	1	788.639	16742.9	16731.9	11.035	439	90	176	1	0.0001 Colloc0 439 2367 0.0262495 145.742
820	1	798.471	16733.6	16722.7	10.8497	463	87	179	6	0.0001 Colloc0 463 2362 0.152589 134.881
830	1	807.68	16578.7	16567.6	11.0715	429	103	163	4	0.0001 Colloc0 429 2332 0.0354803 147.925
840	1	816.835	16619.1	16608.6	10.507	462	99	167	1	0.0001 Colloc0 462 2355 0.183546 115.753
850	1	826.495	16592	16581.7	10.3529	451	104	162	2	0.0001 Colloc0 451 2355 0.147768 107.587
860	1	836.514	16630.2	16619.3	10.9667	453	97	169	1	0.0001 Colloc0 453 2338 0.0454903 141.702
870	1	846.14	16645.1	16634.8	10.274	439	88	178	1	0.0001 Colloc0 439 2331 0.155841 103.515
880	1	855.732	16708	16697.3	10.6624	450	91	175	0	0.0001 Colloc0 450 2350 0.118127 124.267
890	1	865.588	16765.5	16755.4	10.0506	455	78	188	4	0.0001 Colloc0 455 2354 0.211705 92.4096
900	1	875.52	16688.1	16677.3	10.7354	461	96	170	0	0.0001 Colloc0 461 2368 0.139055 128.356
910	1	885.344	16693.6	16682.9	10.6942	450	91	175	1	0.0001 Colloc0 450 2341 0.165776 126.042
920	1	895.129	16792.4	16781.2	11.1287	459	80	186	2	0.0001 Colloc0 459 2308 0.0172287 151.365
930	1	904.591	16807.6	16796.5	11.1034	490	73	193	0	0.0001 Colloc0 490 2331 0.132102 149.843
940	1	914.07	16856.6	16845.2	11.4431	463	77	189	3	0.0001 Colloc0 463 2369 0.01925 170.833
950	1	923.238	16598.7	16588.5	10.1825	442	97	169	1	0.0001 Colloc0 442 2338 0.188718 98.8914
960	1	932.615	16633.6	16622.5	11.1004	453	95	171	2	0.0001 Colloc0 453 2331 0.0713828 149.657
970	1	942.117	16564.9	16554.6	10.3162	452	111	155	2	0.0001 Colloc0 452 2325 0.184074 105.683
980	1	951.795	16470.5	16460	10.4372	448	107	159	1	0.0001 Colloc0 448 2310 0.13214 112.02
990	1	960.991	16527.3	16517.1	10.2054	461	99	167	4	0.0001 Colloc0 461 2345 0.206288 100.037
1000	1	970.216	16588.1	16578.3	9.76748	465	101	165	1	0.0001 Colloc0 465 2316 0.306696 79.2753
1010	1	979.717	16583	16572	10.9458	456	94	172	0	0.0001 Colloc0 456 2334 0.109764 140.47
1020	1	989.735	16637.7	16627.4	10.3295	456	79	187	3	0.0001 Colloc0 456 2317 0.183554 106.37
1030	1	999.497	16668	16657.2	10.8667	444	97	169	1	0.0001 Colloc0 444 2305 0.0883761 135.862
1040	1	1009.58	16683.6	16672.9	10.6759	461	82	184	3	0.0001 Colloc0 461 2318 0.109857 125.021
1050	1	1019.57	16726.3	16715.6	10.7195	457	87	179	1	0.0001 Colloc0 457 2353 0.110062 127.462
1060	1	1029.5	16749.4	16738.8	10.5799	447	80	186	1	0.0001 Colloc0 447 2351 0.0925128 119.71
1070	1	1039.32	16583.8	16573	10.817	447	102	164	1	0.0001 Colloc0 447 2313 0.098609 133.002
1080	1	1049.18	16699.4	16688.1	11.2734	442	88	178	3	0.0001 Colloc0 442 2339 0.0183502 160.21
1090	1	1059	16629.6	16619	10.6818	468	87	179	2	0.0001 Colloc0 468 2337 0.151638 125.349
1100	1	1068.62	16619.6	16609	10.5912	431	82	184	2	0.0001 Colloc0 431 2339 0.0878429 120.333
1110	1	1078.42	16681.9	16671	10.893	436	81	185	3	0.0001 Colloc0 436 2363 0.0929623 137.387
1120	1	1088.38	16633.3	16623.1	10.2129	448	85	181	2	0.0001 Colloc0 448 2319 0.209223 100.414
1130	1	1098.35	16601.2	16590.8	10.3684	468	97	169	1	0.0001 Colloc0 468 2352 0.202376 108.394
1140	1	1108.33	16679.6	16668.5	11.0855	452	78	188	3	0.0001 Colloc0 452 2333 0.0215804 148.765
1150	1	1118.18	16675.7	16664.5	11.1379	446	83	183	1	0.0001 Colloc0 446 2355 0.0156122 151.926
1160	1	1127.88	16624.2	16613.5	10.7734	444	83	183	1	0.0001 Colloc0 444 2326 0.0877551 130.51
1170	1	1137.66	16681	16670.3	10.6525	428	85	181	2	0.0001 Colloc0 428 2337 0.104429 123.717
1180	1	1146.84	16534.7	16525	9.70683	439	92	174	1	0.0001 Colloc0 439 2345 0.264979 76.6036
1190	1	1156.23	16570.1	16559.2	10.8708	450	94	172	3	0.0001 Colloc0 450 2358 0.117468 136.102
1200	1	1166.11	16571.9	16561.8	10.0718	438	96	170	1	0.0001 Colloc0 438 2313 0.15051 93.4368
1210	1	1175.92	16577.3	16566.7	10.5982	431	102	164	1	0.0001 Colloc0 431 2332 0.14583 120.718
1220	1	1185.32	16584.5	16574.3	10.1645	449	99	167	2	0.0001 Colloc0 449 2329 0.178781 97.9927
1230	1	1194.54	16468.9	16458.4	10.5063	429	101	165	1	0.0001 Colloc0 429 2328 0.118056 115.713
1240	1	1204.01	16579.5	16568.7	10.853	449	100	166	1	0.0001 Colloc0 449 2345 0.102835 135.073
1250	1	1213.91	16599	16588.8	10.1528	442	94	172	1	0.0001 Colloc0 442 2342 0.206163 97.4126
1260	1	1223.8	16508.9	16498.9	9.98743	433	99	167	5	0.0001 Colloc0 433 2333 0.205922 89.3863
1270	1	1233.57	16628	16617	11.0011	449	97	169	2	0.0001 Colloc0 449 2307 0.0450805 143.732
1280	1	1242.94	16622.3	16611	11.3504	439	81	185	4	0.0001 Colloc0 439 2337 0.0128675 164.997
1290	1	1252.91	16667.8	16657.1	10.6712	442	88	178	2	0.0001 Colloc0 442 2370 0.111571 124.758
1300	1	1262.32	16564.7	16554.4	10.3465	450	75	191	5	0.0001 Colloc0 450 2332 0.168975 107.251
1310	1	1271.88	16522.1	16512	10.1874	429	87	179	3	0.0001 Colloc0 429 2349 0.130042 99.1338
1320	1	1281.64	16507.3	16497.3	9.95033	456	92	174	4	0.0001 Colloc0 456 2331 0.246284 87.635
1330	1	1291.45	16478.2	16467.8	10.3988	450	102	164	2	0.0001 Colloc0 450 2343 0.182605 109.991
1340	1	1301.23	16469.9	16459.8	10.1145	438	90	176	3	0.0001 Colloc0 438 2331 0.179724 95.521
1350	1	1310.88	16502.2	16491.4	10.8251	430	95	171	2	0.0001 Colloc0 430 2337 0.0683138 133.466
1360	1	1320.55	16564.3	16553.6	10.6677	437	79	187	1	0.0001 Colloc0 437 2320 0.0894659 124.562
1370	1	1330.08	16487.6	16477.9	9.70424	439	90	176	1	0.0001 Colloc0 439 2348 0.238793 76.4908
1380	1	1340.07	16597.2	16586.3	10.9073	437	90	176	1	0.0001 Colloc0 437 2346 0.0768048 138.222
1390	1	1349.94	16474.8	16464.3	10.5027	438	104	162	0	0.0001 Colloc0 438 2320 0.124326 115.523
1400	1	1359.75	16529.1	16519	10.1164	452	84	182	1	0.0001 Colloc0 452 2317 0.222121 95.6137
1410	1	1369.5	16485.9	16475.3	10.6092	439	99	167	4	0.0001 Colloc0 439 2334 0.103606 121.321
1420	1	1379.46	16475.1	16465.3	9.83476	434	86	180	3	0.0001 Colloc0 434 2324 0.230591 82.2982
1430	1	1389.3	16494.4	16483.4	11.0316	438	91	175	1	0.0001 Colloc0 438 2323 0.0376869 145.542
1440	1	1399.23	16626.7	16615.9	10.8244	458	82	184	0	0.0001 Colloc0 458 2325 0.1137 133.425
1450	1	1409.04	16520.3	16509.9	10.4206	450	91	175	2	0.0001 Colloc0 450 2327 0.193037 111.141
1460	1	1418.79	16560.1	16549.6	10.4631	455	98	168	0	0.0001 Colloc0 455 2312 0.176109 113.398
1470	1	1428.66	16464.7	16454.4	10.3695	440	99	167	2	0.0001 Colloc0 440 2328 0.160056 108.45
1480	1	1438.56	16329.9	16319.5	10.4537	432	106	160	1	0.0001 Colloc0 432 2294 0.152915 112.899
1490	1	1448.29	16413.8	16403.1	10.6641	425	103	163	2	0.0001 Colloc0 425 2323 0.0427794 124.361
1500	1	1458.12	16404	16393.8	10.1592	437	106	160	0	0.0001 Colloc0 437 2303 0.239396 97.7307
1510	1	1467.95	16555.9	16545.2	10.7092	439	86	180	0	0.0001 Colloc0 439 2337 0.107076 126.884
1520	1	1477.69	16538	16527	10.988	428	80	186	0	0.0001 Colloc0 428 2318 0.0232784 142.958
1530	1	1487.23	16545.4	16535.3	10.0668	454	79	187	2	0.0001 Colloc0 454 2319 0.254755 93.1947
1540	1	1496.92	16594.2	16583.4	10.796	447	83	183	3	0.0001 Colloc0 447 2319 0.0840717 131.8
1550	1	1506.84	16605.1	16593.9	11.1978	441	87	179	0	0.0001 Colloc0 441 2278 0.0465288 155.564
1560	1	1516.76	16662.5	16651.7	10.7991	437	83	183	4	0.0001 Colloc0 437 2314 0.0728253 131.975
1570	1	1526.74	16533.9	16523.3	10.6276	437	91	175	2	0.0001 Colloc0 437 2322 0.124925 122.337
1580	1	1536.52	16478.5	16467.6	10.9489	429	95	171	3	0.0001 Colloc0 429 2328 0.0154738 140.651
1590	1	1546.25	16436.9	16426.2	10.6795	454	101	165	2	0.0001 Colloc0 454 2304 0.129751 125.222
1600	1	1556.26	16496.2	16485.9	10.321	445	98	168	3	0.0001 Colloc0 445 2326 0.199733 105.931
1610	1	1566.29	16670.1	16659.7	10.3595	467	76	190	2	0.0001 Colloc0 467 2340 0.155145 107.929
1620	1	1576.13	16537.2	16526.7	10.5242	445	84	182	4	0.0001 Colloc0 445 2332 0.15929 116.682
1630	1	1585.96	16536.2	16525.7	10.4796	454	94	172	3	0.0001 Colloc0 454 2312 0.191586 114.281
1640	1	1595.82	16526.8	16516.6	10.2098	440	102	164	2	0.0001 Colloc0 440 2293 0.199162 100.26
1650	1	1605.58	16506.8	16496.6	10.2424	447	97	169	3	0.0001 Colloc0 447 2308 0.199104 101.905
1660	1	1614.8	16565.7	16555.6	10.1023	453	86	180	1	0.0001 Colloc0 453 2335 0.218156 94.9229
1670	1	1624.05	16508.6	16498.4	10.2099	446	87	179	2	0.0001 Colloc0 446 2299 0.163835 100.266
1680	1	1633.27	16589	16578.6	10.3855	457	86	180	2	0.0001 Colloc0 457 2305 0.172238 109.291
1690	1	1642.46	16571.7	16561.1	10.6131	455	92	174	1	0.0001 Colloc0 455 2306 0.16248 121.536
1700	1	1652.47	16494.1	16483.5	10.6583	454	86	180	0	0.0001 Colloc0 454 2306 0.125462 124.039
1710	1	1662.53	16390.2	16380	10.1735	432	98	168	2	0.0001 Colloc0 432 2294 0.149086 98.44
1720	1	1672.5	16583.4	16572.7	10.613	466	82	184	1	0.0001 Colloc0 466 2309 0.143252 121.532
1730	1	1682.49	16447.9	16437.5	10.4554	441	98	168	0	0.0001 Colloc0 441 2302 0.148454 112.989
1740	1	1692.49	16466.3	16456.2	10.0639	438	99	167	1	0.0001 Colloc0 438 2314 0.20779 93.0532
1750	1	1702.52	16491.7	16480.9	10.8228	428	80	186	3	0.0001 Colloc0 428 2311 0.0939379 133.336
1760	1	1712.44	16512.9	16502.5	10.463	447	90	176	4	0.0001 Colloc0 447 2297 0.141883 113.39
1770	1	1722.26	16622.6	16612.1	10.5354	439	76	190	1	0.0001 Colloc0 439 2326 0.0888143 117.289
1780	1	1732.05	16647.6	16636.7	10.9607	463	87	179	1	0.0001 Colloc0 463 2302 0.0615131 141.345
1790	1	1742.03	16603.4	16592.6	10.8065	459	89	177	2	0.0001 Colloc0 459 2305 0.121337 132.401
1800	1	1751.93	16624.3	16613.6	10.6433	459	79	187	2	0.0001 Colloc0 459 2314 0.124868 123.206
1810	1	1761.86	16515.7	16505.2	10.5444	438	97	169	5	0.0001 Colloc0 438 2321 0.134365 117.777
1820	1	1771.81	16548.5	16537.5	10.9704	448	84	182	3	0.0001 Colloc0 448 2298 0.0795104 141.918
1830	1	1781.77	16583.9	16573.5	10.4302	465	86	180	1	0.0001 Colloc0 465 2304 0.219448 111.648
1840	1	1791.76	16554.8	16544.2	10.5508	467	89	177	3	0.0001 Colloc0 467 2306 0.20617 118.122
1850	1	1801.72	16505.3	16494.5	10.8194	451	90	176	1	0.0001 Colloc0 451 2299 0.0809095 133.141
1860	1	1811.56	16536.7	16526.4	10.263	454	88	178	2	0.0001 Colloc0 454 2275 0.134155 102.952
1870	1	1821.59	16461.9	16451	10.8895	458	90	176	2	0.0001 Colloc0 458 2279 0.11268 137.186
1880	1	1831.44	16414.8	16404.1	10.7269	420	93	173	0	0.0001 Colloc0 420 2310 0.0251644 127.878
1890	1	1841.29	16314.3	16304.8	9.41233	455	87	179	2	0.0001 Colloc0 455 2250 0.2851 64.374
1900	1	1851.23	16395.8	16385.3	10.547	449	101	165	1	0.0001 Colloc0 449 2296 0.147548 117.92
1910	1	1861.2	16422.8	16413.1	9.70154	461	89	177	4	0.0001 Colloc0 461 2282 0.267414 76.3732
1920	1	1870.81	16292.2	16281.8	10.3662	438	109	157	3	0.0001 Colloc0 438 2290 0.179143 108.28
1930	1	1880.5	16353.1	16342.4	10.7311	446	104	162	2	0.0001 Colloc0 446 2287 0.110036 128.117
1940	1	1889.83	16504.9	16494.5	10.3803	450	87	179	1	0.0001 Colloc0 450 2302 0.176303 109.019
1950	1	1899.04	16472.9	16462.9	9.96022	444	96	170	1	0.0001 Colloc0 444 2340 0.219634 88.1
1960	1	1908.88	16432.3	16422.5	9.71987	424	104	162	0	0.0001 Colloc0 424 2335 0.231253 77.1739
1970	1	1918.69	16372.8	16362.4	10.4353	442	99	167	1	0.0001 Colloc0 442 2296 0.169406 111.916
1980	1	1928.57	16454.3	16443.9	10.4	431	103	163	3	0.0001 Colloc0 431 2296 0.16575 110.05
1990	1	1938.1	16476.6	16466.7	9.92152	455	104	162	5	0.0001 Colloc0 455 2304 0.248177 86.2878
2000	1	1947.86	16568.9	16558.5	10.4377	442	82	184	1	0.0001 Colloc0 442 2286 0.209682 112.046
