# D = 0, E = 1, I = 1, P = 1, R = -1, n = 2000, N = 1, P = 1, w = 1, a = 0.0001, b = 10000, e = 1, f = 1, g = 100, h = 0.01, r = 14326, s = 1, S = 0, x = 10, m = 100, Z = 1, z = 0, T = 1, t = 1
# 5796 tokens in 266 sentences
#
# It	Temp	Time	-logP	-logPcorpus	-logPrior	tables	same	changed	reject	default_pya	(parent pym pyn pya pyb)*
0	1	0.767883	23076.8	22963	113.764	1860	0	266	0	0.0001 Colloc0 1860 2616 0.0001 10000
10	1	11.3323	17885.2	17873.7	11.5186	559	27	239	1	0.0001 Colloc0 559 2436 0.0992079 175.635
20	1	21.2448	17429.7	17418.2	11.4316	484	59	207	1	0.0001 Colloc0 484 2440 0.0155418 170.1
30	1	31.3222	17255.5	17244.9	10.5801	481	57	209	0	0.0001 Colloc0 481 2433 0.13964 119.724
40	1	41.3377	17200.2	17189.2	11.0189	469	59	207	0	0.0001 Colloc0 469 2441 0.0611205 144.785
50	1	51.4502	17377.9	17367.1	10.8082	517	54	212	0	0.0001 Colloc0 517 2484 0.13759 132.497
60	1	61.4597	17216	17204.9	11.0856	464	58	208	0	0.0001 Colloc0 464 2443 0.102672 148.768
70	1	71.2152	17094.1	17083.7	10.4163	460	67	199	2	0.0001 Colloc0 460 2423 0.173777 110.914
80	1	81.2446	17120.5	17109.5	11.0264	466	65	201	2	0.0001 Colloc0 466 2442 0.0446978 145.235
90	1	91.1591	17169.3	17158.5	10.7933	465	72	194	1	0.0001 Colloc0 465 2427 0.119284 131.645
100	1	101.04	17158.7	17147.6	11.1337	457	65	201	4	0.0001 Colloc0 457 2435 0.0310089 151.669
110	1	110.482	17067.2	17056.2	11.0093	455	63	203	4	0.0001 Colloc0 455 2397 0.0551533 144.218
120	1	120.278	16909.9	16899.1	10.741	459	66	200	1	0.0001 Colloc0 459 2381 0.102512 128.673
130	1	130.109	16889.4	16877.9	11.4853	453	80	186	1	0.0001 Colloc0 453 2369 0.0392374 173.507
140	1	139.69	16928.1	16917.6	10.4537	470	77	189	2	0.0001 Colloc0 470 2396 0.21897 112.898
150	1	149.392	16841.8	16830.5	11.2812	459	85	181	1	0.0001 Colloc0 459 2404 0.0291627 160.694
160	1	159.282	16902.7	16891.4	11.2682	462	71	195	2	0.0001 Colloc0 462 2411 0.0233568 159.894
170	1	168.823	16875.3	16864.5	10.8008	455	63	203	3	0.0001 Colloc0 455 2353 0.137918 132.073
180	1	178.433	16807.1	16796.3	10.7504	458	77	189	3	0.0001 Colloc0 458 2357 0.0898275 129.208
190	1	188.21	16849.7	16839.4	10.2997	458	78	188	2	0.0001 Colloc0 458 2369 0.133602 104.834
200	1	198.156	16899	16888.2	10.8296	470	68	198	1	0.0001 Colloc0 470 2390 0.0659786 133.723
210	1	207.816	16793.7	16783.7	10.0934	467	82	184	1	0.0001 Colloc0 467 2352 0.228777 94.4857
220	1	217.433	17053.9	17042.7	11.2369	459	65	201	3	0.0001 Colloc0 459 2376 0.034475 157.964
230	1	227.198	16870.2	16859.6	10.6263	458	67	199	2	0.0001 Colloc0 458 2352 0.146806 122.262
240	1	236.692	16822	16811.4	10.5828	457	79	187	2	0.0001 Colloc0 457 2387 0.111055 119.87
250	1	246.57	16826.7	16815.4	11.2916	445	72	194	2	0.0001 Colloc0 445 2388 0.0455518 161.34
260	1	256.376	16864.7	16854	10.7096	458	72	194	0	0.0001 Colloc0 458 2364 0.0840376 126.907
270	1	265.992	16841.9	16830.7	11.1074	455	86	180	2	0.0001 Colloc0 455 2374 0.0594165 150.08
280	1	275.533	16875.9	16865.2	10.6932	442	73	193	4	0.0001 Colloc0 442 2386 0.0736502 125.988
290	1	285.005	16905	16894.1	10.8621	462	76	190	1	0.0001 Colloc0 462 2377 0.0989841 135.597
300	1	294.715	16851.1	16840	11.0989	445	66	200	2	0.0001 Colloc0 445 2378 0.0335977 149.57
310	1	304.501	16881.2	16869.6	11.5962	475	74	192	2	0.0001 Colloc0 475 2364 0.0186444 180.621
320	1	314.117	16762.3	16750.9	11.3132	464	81	185	0	0.0001 Colloc0 464 2335 0.0602138 162.68
330	1	323.731	16731.3	16720.5	10.8078	435	89	177	2	0.0001 Colloc0 435 2356 0.0882937 132.471
340	1	333.194	16865.7	16854.6	11.1029	466	70	196	0	0.0001 Colloc0 466 2347 0.0325538 149.808
350	1	343.017	16987.3	16975.9	11.3884	446	60	206	2	0.0001 Colloc0 446 2358 0.0110225 167.382
360	1	352.717	16722.9	16712.5	10.4343	437	79	187	0	0.0001 Colloc0 437 2385 0.122374 111.865
370	1	362.425	16872.6	16861.5	11.1118	457	78	188	3	0.0001 Colloc0 457 2387 0.0514578 150.346
380	1	372.034	16687.8	16677.5	10.2884	435	93	173	2	0.0001 Colloc0 435 2374 0.163695 104.252
390	1	381.907	16698.7	16688	10.7268	452	81	185	1	0.0001 Colloc0 452 2335 0.0692587 127.871
400	1	391.814	16799.5	16788.5	10.9988	458	88	178	5	0.0001 Colloc0 458 2349 0.0225349 143.592
410	1	401.728	16733.9	16723.8	10.0734	445	75	191	2	0.0001 Colloc0 445 2345 0.164889 93.5145
420	1	410.986	16752.1	16741.7	10.4376	454	73	193	1	0.0001 Colloc0 454 2339 0.172979 112.042
430	1	420.858	16690.7	16679.4	11.2428	440	91	175	3	0.0001 Colloc0 440 2348 0.0200789 158.324
440	1	430.644	16627.2	16616.4	10.7891	441	88	178	2	0.0001 Colloc0 441 2328 0.108091 131.408
450	1	440.471	16575.8	16565.2	10.5449	439	93	173	2	0.0001 Colloc0 439 2318 0.143889 117.804
460	1	450.358	16552.5	16541.8	10.6467	440	84	182	2	0.0001 Colloc0 440 2326 0.134836 123.394
470	1	459.863	16627.6	16616.7	10.8718	452	86	180	2	0.0001 Colloc0 452 2355 0.0892946 136.16
480	1	469.596	16623.8	16613.6	10.1726	448	88	178	3	0.0001 Colloc0 448 2344 0.216193 98.3984
490	1	479.105	16676.9	16666.1	10.8356	446	80	186	2	0.0001 Colloc0 446 2333 0.0311148 134.068
500	1	488.725	16642.1	16631.1	11.0012	450	93	173	2	0.0001 Colloc0 450 2327 0.0636232 143.738
510	1	498.207	16595.1	16584.9	10.2222	444	83	183	2	0.0001 Colloc0 444 2315 0.214402 100.885
520	1	507.642	16646.8	16636.3	10.5684	447	89	177	0	0.0001 Colloc0 447 2320 0.18039 119.084
530	1	517.317	16769.5	16758.6	10.9233	460	79	187	4	0.0001 Colloc0 460 2340 0.13094 139.156
540	1	527.019	16634	16624.1	9.9635	432	87	179	2	0.0001 Colloc0 432 2338 0.192987 88.2544
550	1	536.863	16742.1	16731.1	10.9685	446	78	188	0	0.0001 Colloc0 446 2330 0.0754693 141.807
560	1	546.775	16637.8	16627.6	10.2197	450	88	178	0	0.0001 Colloc0 450 2343 0.201623 100.757
570	1	556.35	16660.4	16649.2	11.1513	434	82	184	3	0.0001 Colloc0 434 2327 0.05438 152.736
580	1	565.75	16751.3	16740.3	11.055	463	84	182	2	0.0001 Colloc0 463 2364 0.113592 146.938
590	1	575.209	16705.3	16694.4	10.8273	442	84	182	5	0.0001 Colloc0 442 2356 0.0920508 133.59
600	1	584.717	16691.6	16680.5	11.0909	440	79	187	4	0.0001 Colloc0 440 2340 0.028077 149.09
610	1	594.149	16545.2	16534.3	10.9323	426	87	179	2	0.0001 Colloc0 426 2339 0.0276708 139.682
620	1	603.95	16571.1	16560.3	10.7535	442	96	170	3	0.0001 Colloc0 442 2313 0.0963921 129.384
630	1	613.676	16496.8	16486.2	10.6875	431	95	171	3	0.0001 Colloc0 431 2299 0.11157 125.665
640	1	623.478	16582	16571.8	10.2455	449	90	176	3	0.0001 Colloc0 449 2313 0.209212 102.065
650	1	633.219	16546.8	16536.7	10.0604	450	92	174	2	0.0001 Colloc0 450 2323 0.199652 92.8847
660	1	643.042	16462.2	16451.3	10.9271	437	98	168	4	0.0001 Colloc0 437 2314 0.0616475 139.377
670	1	652.777	16570.6	16560.8	9.7758	455	90	176	3	0.0001 Colloc0 455 2304 0.248347 79.6456
680	1	662.796	16630.5	16619.9	10.5485	459	102	164	1	0.0001 Colloc0 459 2307 0.149082 118.002
690	1	672.637	16552	16541.8	10.2807	455	94	172	3	0.0001 Colloc0 455 2315 0.201878 103.857
700	1	682.336	16653.6	16642.5	11.1024	449	87	179	1	0.0001 Colloc0 449 2316 0.0242614 149.781
710	1	692.156	16549.4	16539	10.416	436	93	173	3	0.0001 Colloc0 436 2285 0.123726 110.896
720	1	702.024	16510.9	16500.1	10.777	444	99	167	3	0.0001 Colloc0 444 2295 0.12224 130.719
730	1	711.71	16607.6	16596.7	10.9005	458	84	182	2	0.0001 Colloc0 458 2310 0.130993 137.827
740	1	721.409	16544.5	16534.8	9.69875	452	93	173	1	0.0001 Colloc0 452 2305 0.258136 76.2516
750	1	730.815	16488.8	16478.1	10.6279	442	105	161	2	0.0001 Colloc0 442 2270 0.0807838 122.35
760	1	740.475	16564.9	16554.4	10.4769	432	88	178	3	0.0001 Colloc0 432 2318 0.113465 114.138
770	1	749.969	16575	16564.4	10.5808	448	94	172	1	0.0001 Colloc0 448 2277 0.14049 119.765
780	1	759.381	16545.9	16535.7	10.1421	457	86	180	3	0.0001 Colloc0 457 2290 0.224476 96.8836
790	1	769.202	16600.7	16589.5	11.2031	426	84	182	0	0.0001 Colloc0 426 2308 0.0108189 155.89
800	1	778.928	16675	16664.3	10.695	450	79	187	2	0.0001 Colloc0 450 2287 0.139868 126.088
810	1	788.692	16707.2	16696.5	10.7527	460	91	175	1	0.0001 Colloc0 460 2324 0.126335 129.336
820	1	798.488	16641.8	16631	10.7415	455	86	180	1	0.0001 Colloc0 455 2301 0.0916384 128.705
830	1	808.451	16481.4	16470.5	10.9026	441	105	161	4	0.0001 Colloc0 441 2298 0.0821399 137.948
840	1	818.097	16567.8	16557.5	10.341	445	99	167	1	0.0001 Colloc0 445 2281 0.170868 106.965
850	1	828.02	16681.6	16670.9	10.7102	448	79	187	4	0.0001 Colloc0 448 2309 0.13634 126.94
860	1	837.706	16652	16641.8	10.1148	456	91	175	0	0.0001 Colloc0 456 2289 0.208047 95.5357
870	1	847.5	16651.5	16640.9	10.5782	442	85	181	0	0.0001 Colloc0 442 2316 0.149714 119.62
880	1	857.222	16696.1	16685.5	10.6046	433	82	184	3	0.0001 Colloc0 433 2327 0.12257 121.067
890	1	867.012	16559.8	16549.5	10.3888	453	75	191	0	0.0001 Colloc0 453 2289 0.183924 109.464
900	1	876.572	16519.4	16509.4	10.0146	435	82	184	2	0.0001 Colloc0 435 2283 0.205101 90.682
910	1	885.978	16628.7	16617.7	11.0008	437	91	175	4	0.0001 Colloc0 437 2310 0.0503925 143.71
920	1	895.418	16540.8	16529.9	10.8581	423	97	169	2	0.0001 Colloc0 423 2294 0.0813796 135.368
930	1	905.162	16618.7	16607.9	10.8165	447	76	190	1	0.0001 Colloc0 447 2291 0.0876071 132.974
940	1	915.138	16704.9	16693.5	11.4065	458	73	193	5	0.0001 Colloc0 458 2290 0.0528305 168.519
950	1	925.072	16625.6	16615.8	9.81911	468	83	183	5	0.0001 Colloc0 468 2299 0.263374 81.5896
960	1	935.011	16603.7	16593.2	10.5336	461	85	181	0	0.0001 Colloc0 461 2314 0.198332 117.192
970	1	944.826	16628.7	16617.6	11.0287	449	87	179	2	0.0001 Colloc0 449 2327 0.0562514 145.367
980	1	954.426	16495.9	16485.9	10.0072	443	88	178	2	0.0001 Colloc0 443 2317 0.197454 90.329
990	1	964.328	16631.6	16620.9	10.7784	462	80	186	4	0.0001 Colloc0 462 2325 0.131808 130.794
1000	1	974.166	16657.9	16647.6	10.256	454	80	186	3	0.0001 Colloc0 454 2305 0.188837 102.596
1010	1	984.036	16606.2	16595.7	10.4955	447	78	188	4	0.0001 Colloc0 447 2323 0.10915 115.135
1020	1	993.785	16540.6	16529.9	10.6303	443	89	177	1	0.0001 Colloc0 443 2281 0.105317 122.486
1030	1	1003.44	16585.6	16574.6	11.0403	454	88	178	2	0.0001 Colloc0 454 2285 0.0844758 146.061
1040	1	1013.29	16567.8	16557.6	10.2294	439	99	167	1	0.0001 Colloc0 439 2299 0.163181 101.25
1050	1	1023	16613.1	16602.2	10.9838	455	91	175	2	0.0001 Colloc0 455 2294 0.108937 142.708
1060	1	1032.94	16570	16559.6	10.4134	464	95	171	4	0.0001 Colloc0 464 2301 0.213349 110.757
1070	1	1042.84	16574.9	16564.6	10.3342	452	87	179	1	0.0001 Colloc0 452 2296 0.195002 106.615
1080	1	1052.7	16690.4	16680.1	10.3209	464	86	180	1	0.0001 Colloc0 464 2292 0.210613 105.924
1090	1	1062.53	16643.5	16633	10.5538	460	80	186	3	0.0001 Colloc0 460 2280 0.159085 118.286
1100	1	1071.98	16500.5	16490.1	10.3959	441	94	172	0	0.0001 Colloc0 441 2284 0.162893 109.836
1110	1	1081.4	16682.7	16673.1	9.59977	471	78	188	1	0.0001 Colloc0 471 2295 0.282068 72.0145
1120	1	1091.35	16529.7	16518.8	10.8875	433	87	179	4	0.0001 Colloc0 433 2284 0.096432 137.068
1130	1	1101.22	16523.3	16512.1	11.2008	435	91	175	0	0.0001 Colloc0 435 2289 0.00535642 155.752
1140	1	1110.64	16604.1	16593.9	10.1742	443	87	179	0	0.0001 Colloc0 443 2297 0.195169 98.476
1150	1	1120.44	16567.4	16556.9	10.4711	461	90	176	1	0.0001 Colloc0 461 2311 0.185405 113.826
1160	1	1130.16	16477	16466.8	10.2524	434	98	168	2	0.0001 Colloc0 434 2297 0.179097 102.415
1170	1	1139.94	16518.4	16507.4	11.0141	454	83	183	3	0.0001 Colloc0 454 2302 0.0881583 144.5
1180	1	1149.64	16575	16564.7	10.27	451	86	180	4	0.0001 Colloc0 451 2297 0.186725 103.31
1190	1	1159.55	16592.1	16581	11.0134	452	79	187	2	0.0001 Colloc0 452 2300 0.13855 144.459
1200	1	1169.55	16602.8	16592.1	10.6905	462	84	182	2	0.0001 Colloc0 462 2273 0.109381 125.836
1210	1	1179.45	16317.4	16306.9	10.5676	441	113	153	3	0.0001 Colloc0 441 2259 0.152487 119.039
1220	1	1188.93	16366.8	16356.7	10.0375	424	108	158	3	0.0001 Colloc0 424 2276 0.198854 91.7808
1230	1	1198.64	16326.9	16316.7	10.1568	452	117	149	2	0.0001 Colloc0 452 2293 0.249447 97.6096
1240	1	1208.3	16347.8	16336.9	10.9077	429	111	155	3	0.0001 Colloc0 429 2250 0.0569414 138.242
1250	1	1218.15	16388.8	16378.1	10.6686	438	102	164	1	0.0001 Colloc0 438 2235 0.0791501 124.609
1260	1	1227.91	16437.3	16426.3	10.9566	444	97	169	3	0.0001 Colloc0 444 2273 0.0777561 141.107
1270	1	1237.76	16526.4	16516.1	10.2085	445	92	174	3	0.0001 Colloc0 445 2290 0.214262 100.193
1280	1	1247.16	16465.3	16454.9	10.3813	445	105	161	0	0.0001 Colloc0 445 2313 0.152119 109.07
1290	1	1256.8	16411.9	16401.2	10.7553	444	115	151	3	0.0001 Colloc0 444 2306 0.0678928 129.485
1300	1	1266.63	16531.7	16520.8	10.844	433	82	184	1	0.0001 Colloc0 433 2294 0.0551408 134.551
1310	1	1276.55	16456.3	16445.9	10.4248	466	97	169	4	0.0001 Colloc0 466 2274 0.172126 111.364
1320	1	1286.43	16543.4	16532.1	11.319	443	85	181	1	0.0001 Colloc0 443 2317 0.0479717 163.042
1330	1	1296.11	16551.3	16540.3	10.9649	448	82	184	2	0.0001 Colloc0 448 2257 0.05769 141.591
1340	1	1305.89	16355.8	16345.2	10.54	424	100	166	2	0.0001 Colloc0 424 2279 0.0728989 117.538
1350	1	1315.67	16563.7	16553.1	10.6941	443	80	186	0	0.0001 Colloc0 443 2288 0.108381 126.038
1360	1	1325.54	16469.4	16458.8	10.5855	429	97	169	1	0.0001 Colloc0 429 2301 0.103831 120.021
1370	1	1335.19	16452	16441.8	10.1335	430	81	185	2	0.0001 Colloc0 430 2275 0.175183 96.457
1380	1	1345.1	16533.3	16522.4	10.809	437	80	186	1	0.0001 Colloc0 437 2241 0.0750004 132.541
1390	1	1354.88	16473.1	16462.3	10.812	445	87	179	1	0.0001 Colloc0 445 2255 0.108236 132.717
1400	1	1364.42	16525	16514.3	10.6456	441	87	179	3	0.0001 Colloc0 441 2288 0.0981077 123.335
1410	1	1374.34	16465.6	16455.3	10.3223	444	94	172	3	0.0001 Colloc0 444 2253 0.181344 105.996
1420	1	1384.19	16591.1	16580.5	10.6242	467	86	180	2	0.0001 Colloc0 467 2249 0.153181 122.15
1430	1	1393.98	16485.1	16474.2	10.9118	443	99	167	4	0.0001 Colloc0 443 2246 0.125114 138.484
1440	1	1403.44	16495.4	16484.9	10.4048	458	93	173	1	0.0001 Colloc0 458 2271 0.174541 110.308
1450	1	1412.99	16422.7	16412.1	10.6267	445	91	175	1	0.0001 Colloc0 445 2252 0.151538 122.287
1460	1	1422.85	16435.4	16424.8	10.5515	444	92	174	1	0.0001 Colloc0 444 2231 0.133641 118.163
1470	1	1432.78	16520.7	16509.8	10.8718	434	82	184	2	0.0001 Colloc0 434 2273 0.0734264 136.16
1480	1	1442.48	16415.9	16405.3	10.6153	458	107	159	2	0.0001 Colloc0 458 2270 0.17268 121.66
1490	1	1452.34	16344.9	16334.1	10.7518	436	91	175	1	0.0001 Colloc0 436 2246 0.0881994 129.287
1500	1	1462.25	16473.2	16462.2	11.0963	458	101	165	4	0.0001 Colloc0 458 2254 0.137832 149.414
1510	1	1472.2	16426.9	16416.6	10.3129	441	106	160	1	0.0001 Colloc0 441 2237 0.1416 105.515
1520	1	1482.11	16401.9	16391.1	10.7744	433	91	175	2	0.0001 Colloc0 433 2266 0.0897898 130.57
1530	1	1491.95	16490.4	16479.8	10.5625	453	97	169	1	0.0001 Colloc0 453 2283 0.159485 118.763
1540	1	1501.49	16384.8	16374	10.8235	438	99	167	4	0.0001 Colloc0 438 2263 0.0835764 133.375
1550	1	1510.83	16427.7	16416.6	11.071	454	98	168	1	0.0001 Colloc0 454 2236 0.125342 147.891
1560	1	1520.72	16465.2	16454.8	10.4006	455	102	164	1	0.0001 Colloc0 455 2268 0.180077 110.084
1570	1	1530.59	16493.6	16483.1	10.5653	447	92	174	2	0.0001 Colloc0 447 2253 0.0863331 118.917
1580	1	1540.35	16433.8	16423	10.7835	439	98	168	1	0.0001 Colloc0 439 2270 0.12076 131.088
1590	1	1550.05	16409.2	16398.5	10.6507	449	97	169	1	0.0001 Colloc0 449 2248 0.138276 123.617
1600	1	1559.87	16509.7	16498.2	11.4198	457	92	174	1	0.0001 Colloc0 457 2225 0.031686 169.358
1610	1	1569.69	16425.1	16413.8	11.3123	446	92	174	5	0.0001 Colloc0 446 2248 0.0642323 162.627
1620	1	1579.18	16446	16435.6	10.4073	438	83	183	3	0.0001 Colloc0 438 2269 0.157377 110.437
1630	1	1588.79	16504.1	16493.3	10.7414	461	91	175	2	0.0001 Colloc0 461 2231 0.107829 128.696
1640	1	1598.72	16528.9	16518.5	10.3399	450	91	175	2	0.0001 Colloc0 450 2257 0.156537 106.909
1650	1	1608.7	16496.8	16486.1	10.7106	450	87	179	2	0.0001 Colloc0 450 2258 0.164719 126.961
1660	1	1618.58	16444.9	16433.9	11.0165	452	87	179	2	0.0001 Colloc0 452 2239 0.102356 144.642
1670	1	1628.45	16476.4	16465.1	11.3483	456	96	170	2	0.0001 Colloc0 456 2245 0.0171563 164.866
1680	1	1638.01	16395.6	16384.8	10.7879	459	98	168	1	0.0001 Colloc0 459 2227 0.0817367 131.337
1690	1	1647.45	16344.7	16334.5	10.2189	457	102	164	4	0.0001 Colloc0 457 2216 0.230012 100.718
1700	1	1657.03	16353.6	16343.4	10.1786	445	101	165	2	0.0001 Colloc0 445 2211 0.217019 98.6934
1710	1	1666.71	16438.7	16427.9	10.8482	440	89	177	2	0.0001 Colloc0 440 2242 0.0972168 134.793
1720	1	1676.37	16418	16407.8	10.1896	450	92	174	2	0.0001 Colloc0 450 2233 0.199808 99.2473
1730	1	1686.12	16384.6	16373.8	10.8128	449	102	164	2	0.0001 Colloc0 449 2216 0.090957 132.758
1740	1	1695.87	16438.2	16427.3	10.9118	448	88	178	2	0.0001 Colloc0 448 2212 0.0729712 138.481
1750	1	1705.61	16388.1	16377.3	10.7853	436	94	172	1	0.0001 Colloc0 436 2209 0.0693395 131.186
1760	1	1715.22	16438.9	16428.1	10.736	454	90	176	0	0.0001 Colloc0 454 2232 0.13802 128.393
1770	1	1725.04	16360.4	16349.3	11.1152	441	101	165	0	0.0001 Colloc0 441 2223 0.0313028 150.552
1780	1	1734.68	16327	16316	10.9361	442	114	152	1	0.0001 Colloc0 442 2222 0.0357767 139.904
1790	1	1744.44	16482.5	16472.5	10.0195	471	80	186	3	0.0001 Colloc0 471 2236 0.261216 90.9145
1800	1	1753.91	16518	16507.6	10.4023	463	88	178	2	0.0001 Colloc0 463 2254 0.18229 110.171
1810	1	1763.81	16448.1	16437.1	10.9648	457	92	174	3	0.0001 Colloc0 457 2242 0.088716 141.591
1820	1	1773.55	16496.7	16485.6	11.1089	454	84	182	4	0.0001 Colloc0 454 2234 0.118784 150.173
1830	1	1783.38	16484.8	16473.6	11.1239	462	82	184	6	0.0001 Colloc0 462 2241 0.0854331 151.078
1840	1	1793.03	16422.7	16411.7	10.9078	443	96	170	2	0.0001 Colloc0 443 2219 0.0666396 138.25
1850	1	1802.91	16341	16330.8	10.2297	437	101	165	4	0.0001 Colloc0 437 2223 0.158608 101.262
1860	1	1812.74	16263.6	16253.3	10.3349	464	110	156	1	0.0001 Colloc0 464 2232 0.216761 106.651
1870	1	1822.46	16384.9	16374.5	10.4706	433	101	165	1	0.0001 Colloc0 433 2269 0.135721 113.797
1880	1	1832.43	16376.7	16365.8	10.8847	440	96	170	2	0.0001 Colloc0 440 2240 0.0200598 136.908
1890	1	1841.96	16461.9	16450.8	11.1157	459	91	175	3	0.0001 Colloc0 459 2225 0.0403291 150.582
1900	1	1851.45	16451.3	16440.4	10.8697	449	96	170	1	0.0001 Colloc0 449 2222 0.038004 136.038
1910	1	1861.29	16513.6	16503.1	10.5084	455	95	171	5	0.0001 Colloc0 455 2231 0.137315 115.83
1920	1	1871.05	16437.7	16427.7	10.0732	455	99	167	1	0.0001 Colloc0 455 2265 0.186361 93.5033
1930	1	1880.48	16362.2	16351.9	10.3338	453	110	156	3	0.0001 Colloc0 453 2238 0.190199 106.596
1940	1	1890.13	16409.6	16398.9	10.7107	443	90	176	2	0.0001 Colloc0 443 2226 0.0799166 126.97
1950	1	1899.78	16234.2	16222.8	11.3144	437	106	160	3	0.0001 Colloc0 437 2235 0.0600639 162.758
1960	1	1909.55	16523.5	16512.1	11.3761	482	91	175	3	0.0001 Colloc0 482 2207 0.0843133 166.607
1970	1	1919.29	16446.9	16435.9	10.973	469	85	181	2	0.0001 Colloc0 469 2190 0.156158 142.069
1980	1	1929.05	16455.6	16445	10.5687	453	84	182	3	0.0001 Colloc0 453 2205 0.162873 119.099
1990	1	1938.74	16394.3	16382.8	11.5517	455	95	171	2	0.0001 Colloc0 455 2211 0.00122544 177.756
2000	1	1948.57	16409.4	16398.4	10.9838	456	100	166	4	0.0001 Colloc0 456 2229 0.0762501 142.708
