# D = 0, E = 1, I = 1, P = 1, R = -1, n = 2000, N = 1, P = 1, w = 1, a = 0.0001, b = 10000, e = 1, f = 1, g = 100, h = 0.01, r = 26689, s = 1, S = 0, x = 10, m = 100, Z = 1, z = 0, T = 1, t = 1
# 5796 tokens in 266 sentences
#
# It	Temp	Time	-logP	-logPcorpus	-logPrior	tables	same	changed	reject	default_pya	(parent pym pyn pya pyb)*
0	1	0.756884	23183.1	23069.3	113.764	1866	0	266	0	0.0001 Colloc0 1866 2648 0.0001 10000
10	1	11.2663	18120	18108.4	11.6097	591	42	224	2	0.0001 Colloc0 591 2482 0.153005 181.493
20	1	21.3218	17514.4	17502.8	11.6022	480	58	208	3	0.0001 Colloc0 480 2455 0.0249455 181.012
30	1	30.7953	17581.2	17570.5	10.7561	464	53	213	0	0.0001 Colloc0 464 2481 0.0640021 129.529
40	1	40.7648	17487	17476.3	10.749	497	55	211	0	0.0001 Colloc0 497 2445 0.157705 129.13
50	1	50.5503	17319.7	17308.6	11.1226	460	64	202	1	0.0001 Colloc0 460 2443 0.065828 150.997
60	1	60.1709	17378.4	17366.9	11.4957	488	59	207	3	0.0001 Colloc0 488 2476 0.00823761 174.173
70	1	70.1783	17244.2	17233.1	11.0956	469	64	202	5	0.0001 Colloc0 469 2459 0.0359739 149.37
80	1	80.0538	17338.9	17327.7	11.2148	467	63	203	6	0.0001 Colloc0 467 2442 0.0496677 156.607
90	1	89.9843	17154.1	17142.8	11.2335	463	59	207	2	0.0001 Colloc0 463 2450 0.0594393 157.752
100	1	99.1699	17276.1	17265	11.0563	460	65	201	2	0.0001 Colloc0 460 2456 0.036651 147.012
110	1	108.743	17091.7	17081	10.744	475	69	197	2	0.0001 Colloc0 475 2409 0.146525 128.845
120	1	118.686	17070.2	17059.2	10.9562	457	63	203	1	0.0001 Colloc0 457 2398 0.10459 141.084
130	1	128.696	17155.1	17144.6	10.4681	460	67	199	3	0.0001 Colloc0 460 2435 0.136172 113.665
140	1	138.131	17127.9	17117.4	10.4348	463	69	197	5	0.0001 Colloc0 463 2412 0.167238 111.894
150	1	147.885	17008	16996.7	11.3389	439	61	205	1	0.0001 Colloc0 439 2438 0.0137046 164.282
160	1	157.505	17048	17037.2	10.8056	457	63	203	1	0.0001 Colloc0 457 2431 0.12672 132.346
170	1	166.77	16966.5	16955.9	10.6182	460	79	187	4	0.0001 Colloc0 460 2429 0.120612 121.817
180	1	176.665	17044.9	17034.5	10.4076	454	68	198	2	0.0001 Colloc0 454 2408 0.0829342 110.454
190	1	186.489	16906.5	16895.7	10.7982	433	77	189	4	0.0001 Colloc0 433 2410 0.0603486 131.926
200	1	196.429	17008.8	16998.3	10.5683	450	73	193	3	0.0001 Colloc0 450 2411 0.11052 119.081
210	1	206.183	16970.7	16959.7	10.9774	481	79	187	1	0.0001 Colloc0 481 2394 0.138386 142.328
220	1	216.073	16966.6	16955.9	10.6749	464	74	192	2	0.0001 Colloc0 464 2388 0.13569 124.962
230	1	225.482	17041.4	17030.5	10.9253	466	76	190	5	0.0001 Colloc0 466 2386 0.114433 139.273
240	1	234.962	17028.4	17017.5	10.8319	478	73	193	1	0.0001 Colloc0 478 2374 0.0719508 133.857
250	1	244.595	16936.3	16925.6	10.6639	463	68	198	2	0.0001 Colloc0 463 2364 0.136608 124.35
260	1	254.048	17005.2	16993.8	11.4596	459	70	196	3	0.0001 Colloc0 459 2377 0.00661805 171.876
270	1	264.057	16877.2	16866.5	10.6963	474	76	190	3	0.0001 Colloc0 474 2367 0.134767 126.161
280	1	273.735	16859.5	16848.1	11.4006	460	73	193	1	0.0001 Colloc0 460 2350 0.0289636 168.147
290	1	283.629	16801.8	16791.6	10.257	461	71	195	2	0.0001 Colloc0 461 2365 0.179121 102.647
300	1	293.511	16749.4	16739.7	9.73215	481	89	177	0	0.0001 Colloc0 481 2352 0.285576 77.7127
310	1	303.533	16812.2	16801.3	10.8854	451	80	186	1	0.0001 Colloc0 451 2358 0.116802 136.946
320	1	313.201	16681.1	16669.9	11.238	455	89	177	0	0.0001 Colloc0 455 2342 0.0763042 158.033
330	1	322.976	16832.6	16821.6	10.9972	462	83	183	3	0.0001 Colloc0 462 2322 0.119802 143.497
340	1	332.851	16746.8	16736.5	10.333	450	77	189	4	0.0001 Colloc0 450 2332 0.181958 106.553
350	1	342.673	16741.3	16730.7	10.6313	441	84	182	2	0.0001 Colloc0 441 2322 0.0594189 122.541
360	1	352.328	16754.2	16742.6	11.5053	448	89	177	1	0.0001 Colloc0 448 2317 0.0111181 174.784
370	1	361.535	16750.8	16740.3	10.4827	448	81	185	3	0.0001 Colloc0 448 2359 0.133672 114.449
380	1	371.247	16747.7	16736.8	10.8678	441	80	186	3	0.0001 Colloc0 441 2345 0.0625182 135.925
390	1	381.109	16820.4	16809.6	10.8469	464	78	188	2	0.0001 Colloc0 464 2357 0.0925328 134.72
400	1	390.707	16672	16661.1	10.8823	451	87	179	1	0.0001 Colloc0 451 2389 0.0711465 136.764
410	1	399.953	16612.1	16602.1	10.035	440	96	170	2	0.0001 Colloc0 440 2349 0.184202 91.6579
420	1	409.113	16855	16844.5	10.5369	443	78	188	3	0.0001 Colloc0 443 2385 0.13404 117.368
430	1	418.239	16810.8	16799.8	11.0198	454	81	185	4	0.0001 Colloc0 454 2356 0.0958789 144.837
440	1	428.242	16784.3	16773.5	10.8358	455	71	195	2	0.0001 Colloc0 455 2323 0.0995536 134.082
450	1	438.388	16707	16696.4	10.6025	457	84	182	0	0.0001 Colloc0 457 2353 0.161417 120.954
460	1	448.413	16783.6	16773.1	10.5408	467	82	184	2	0.0001 Colloc0 467 2338 0.178949 117.579
470	1	458.196	16753.2	16742.4	10.7671	475	89	177	1	0.0001 Colloc0 475 2325 0.17497 130.155
480	1	467.977	16714.8	16703.5	11.231	455	87	179	2	0.0001 Colloc0 455 2338 0.0362184 157.601
490	1	477.829	16721.3	16710.3	11.025	461	93	173	1	0.0001 Colloc0 461 2337 0.0516561 145.148
500	1	487.298	16660.3	16649.6	10.7049	455	99	167	2	0.0001 Colloc0 455 2318 0.107762 126.642
510	1	497.092	16809.5	16798.2	11.3603	459	80	186	5	0.0001 Colloc0 459 2318 0.0138749 165.615
520	1	507.069	16726.7	16715.9	10.8296	459	85	181	1	0.0001 Colloc0 459 2296 0.113197 133.725
530	1	516.87	16722.1	16711.2	10.8584	463	88	178	0	0.0001 Colloc0 463 2296 0.12629 135.383
540	1	526.553	16754	16742.6	11.352	450	88	178	3	0.0001 Colloc0 450 2318 0.0485678 165.099
550	1	536.403	16578.5	16567.8	10.6789	429	103	163	1	0.0001 Colloc0 429 2292 0.0946666 125.188
560	1	545.898	16534.6	16524.3	10.2729	458	98	168	2	0.0001 Colloc0 458 2286 0.189914 103.46
570	1	555.658	16582.5	16572.2	10.3091	441	98	168	1	0.0001 Colloc0 441 2317 0.185854 105.316
580	1	565.417	16516.7	16506.6	10.0311	455	98	168	3	0.0001 Colloc0 455 2283 0.22431 91.4718
590	1	575.258	16498.5	16488	10.5222	447	102	164	1	0.0001 Colloc0 447 2286 0.163668 116.573
600	1	585.114	16533.3	16522.4	10.8326	438	96	170	0	0.0001 Colloc0 438 2310 0.0828613 133.899
610	1	595.067	16474.1	16463.7	10.4252	441	102	164	4	0.0001 Colloc0 441 2322 0.151966 111.382
620	1	605.012	16576.3	16565.3	11.0926	445	81	185	1	0.0001 Colloc0 445 2307 0.0510357 149.189
630	1	614.39	16641.6	16630.8	10.8203	453	73	193	3	0.0001 Colloc0 453 2323 0.0725356 133.188
640	1	623.699	16573.4	16563.3	10.0876	442	85	181	2	0.0001 Colloc0 442 2315 0.174065 94.2046
650	1	633.122	16637	16626.4	10.5357	460	83	183	1	0.0001 Colloc0 460 2308 0.141412 117.305
660	1	642.612	16494	16482.5	11.4279	437	95	171	1	0.0001 Colloc0 437 2318 0.0121838 169.87
670	1	652.147	16544.7	16533.7	11.0799	442	88	178	2	0.0001 Colloc0 442 2295 0.0640976 148.425
680	1	661.822	16534.2	16522.7	11.4872	457	87	179	2	0.0001 Colloc0 457 2282 0.027749 173.631
690	1	671.137	16446.3	16435.5	10.7136	455	100	166	2	0.0001 Colloc0 455 2270 0.13952 127.128
700	1	680.778	16523.2	16512.7	10.483	454	95	171	1	0.0001 Colloc0 454 2294 0.164395 114.464
710	1	690.479	16518.2	16507.7	10.4328	467	104	162	3	0.0001 Colloc0 467 2278 0.151025 111.787
720	1	699.837	16515	16504	11.0254	453	82	184	3	0.0001 Colloc0 453 2261 0.108751 145.172
730	1	709.309	16533.9	16523	10.9099	455	92	174	5	0.0001 Colloc0 455 2290 0.0397203 138.373
740	1	719.166	16404.5	16394.2	10.2858	447	103	163	3	0.0001 Colloc0 447 2277 0.183396 104.12
750	1	728.949	16440.4	16429.5	10.9712	437	99	167	2	0.0001 Colloc0 437 2300 0.02198 141.965
760	1	738.699	16339.3	16328.7	10.559	432	109	157	1	0.0001 Colloc0 432 2331 0.10051 118.569
770	1	748.426	16432.1	16421.7	10.3415	433	115	151	3	0.0001 Colloc0 433 2320 0.16821 106.992
780	1	758.168	16433.8	16423	10.7791	442	105	161	2	0.0001 Colloc0 442 2311 0.146973 130.837
790	1	768.007	16532.4	16521.9	10.4622	459	104	162	1	0.0001 Colloc0 459 2320 0.113622 113.35
800	1	777.548	16455.8	16445.7	10.071	427	91	175	0	0.0001 Colloc0 427 2307 0.180051 93.3982
810	1	786.865	16510.4	16499.7	10.6706	422	92	174	3	0.0001 Colloc0 422 2306 0.0777722 124.722
820	1	796.43	16494.3	16483.9	10.4688	444	95	171	0	0.0001 Colloc0 444 2301 0.132885 113.703
830	1	806.406	16538.3	16527.3	11.0326	444	95	171	2	0.0001 Colloc0 444 2314 0.075311 145.6
840	1	816.155	16407.1	16396.5	10.5962	421	94	172	1	0.0001 Colloc0 421 2304 0.087056 120.605
850	1	826.105	16539.4	16528.9	10.4987	454	88	178	2	0.0001 Colloc0 454 2289 0.135153 115.303
860	1	836.106	16466.4	16455.6	10.7988	444	96	170	1	0.0001 Colloc0 444 2280 0.0626436 131.959
870	1	845.999	16592.6	16581.6	11.0072	455	88	178	3	0.0001 Colloc0 455 2297 0.114423 144.095
880	1	855.856	16528.3	16517.6	10.6313	455	90	176	1	0.0001 Colloc0 455 2296 0.131876 122.543
890	1	865.497	16560.8	16550.1	10.7351	442	92	174	3	0.0001 Colloc0 442 2294 0.116967 128.343
900	1	875.174	16611.5	16600.5	11.0377	455	97	169	2	0.0001 Colloc0 455 2287 0.100733 145.902
910	1	885.047	16533.2	16522.7	10.428	449	90	176	1	0.0001 Colloc0 449 2291 0.120027 111.529
920	1	894.835	16432.2	16421	11.138	438	94	172	5	0.0001 Colloc0 438 2250 0.0304375 151.927
930	1	904.847	16484	16473.5	10.4271	461	104	162	3	0.0001 Colloc0 461 2258 0.227857 111.482
940	1	914.765	16496.2	16485.2	11.0197	449	88	178	0	0.0001 Colloc0 449 2283 0.0707596 144.831
950	1	924.691	16503.8	16493.4	10.4051	448	107	159	1	0.0001 Colloc0 448 2255 0.153924 110.319
960	1	934.565	16559.9	16548.6	11.3341	442	91	175	2	0.0001 Colloc0 442 2276 0.0200079 163.981
970	1	944.39	16507.3	16496.5	10.8292	466	96	170	0	0.0001 Colloc0 466 2289 0.121142 133.704
980	1	954.291	16570.7	16560.3	10.3252	462	89	177	6	0.0001 Colloc0 462 2266 0.176013 106.15
990	1	964.216	16486.7	16475.6	11.127	441	96	170	2	0.0001 Colloc0 441 2298 0.0387686 151.262
1000	1	974.048	16560.5	16550.1	10.4026	454	82	184	2	0.0001 Colloc0 454 2281 0.160355 110.187
1010	1	983.959	16494.4	16483.1	11.2641	461	89	177	1	0.0001 Colloc0 461 2256 0.0551982 159.64
1020	1	993.859	16441.3	16431.5	9.80095	437	93	173	0	0.0001 Colloc0 437 2265 0.223167 80.7711
1030	1	1003.57	16353.1	16342.2	10.9291	448	118	148	0	0.0001 Colloc0 448 2263 0.0412351 139.491
1040	1	1013.48	16318.7	16308.4	10.3708	440	116	150	1	0.0001 Colloc0 440 2254 0.15484 108.521
1050	1	1023.31	16417.2	16406.9	10.2904	445	110	156	1	0.0001 Colloc0 445 2298 0.150266 104.354
1060	1	1032.65	16480.5	16469.5	11.084	433	88	178	3	0.0001 Colloc0 433 2291 0.0215037 148.672
1070	1	1042.17	16421.5	16410.9	10.6349	458	112	154	2	0.0001 Colloc0 458 2275 0.15026 122.738
1080	1	1051.4	16278.9	16268.1	10.7516	427	106	160	4	0.0001 Colloc0 427 2239 0.126341 129.272
1090	1	1061.16	16364.9	16353.7	11.203	451	108	158	3	0.0001 Colloc0 451 2275 0.025605 155.886
1100	1	1070.85	16449.6	16439.3	10.3484	454	101	165	5	0.0001 Colloc0 454 2254 0.180379 107.352
1110	1	1080.57	16482.1	16471.4	10.7199	451	87	179	2	0.0001 Colloc0 451 2247 0.146681 127.486
1120	1	1090.59	16465.8	16455.1	10.6557	450	81	185	2	0.0001 Colloc0 450 2258 0.157426 123.892
1130	1	1100.37	16387.7	16377.2	10.4933	445	106	160	0	0.0001 Colloc0 445 2255 0.115624 115.013
1140	1	1110.23	16471.5	16460.8	10.6533	461	93	173	4	0.0001 Colloc0 461 2271 0.160989 123.761
1150	1	1119.99	16396.7	16386.4	10.2356	442	99	167	0	0.0001 Colloc0 442 2253 0.17893 101.563
1160	1	1129.98	16589	16577.4	11.6392	470	86	180	3	0.0001 Colloc0 470 2298 0.0158344 183.407
1170	1	1139.83	16440.3	16430.4	9.98436	446	90	176	2	0.0001 Colloc0 446 2271 0.187526 89.2408
1180	1	1149.15	16314.7	16304.3	10.467	437	102	164	5	0.0001 Colloc0 437 2223 0.114639 113.607
1190	1	1158.36	16440.5	16429.4	11.1204	443	98	168	4	0.0001 Colloc0 443 2264 0.0478115 150.865
1200	1	1167.57	16317.7	16307.2	10.5424	448	104	162	3	0.0001 Colloc0 448 2266 0.119949 117.669
1210	1	1177.52	16401.9	16391.4	10.516	458	100	166	0	0.0001 Colloc0 458 2266 0.165834 116.238
1220	1	1187.37	16534.7	16524	10.7689	474	93	173	5	0.0001 Colloc0 474 2271 0.145513 130.258
1230	1	1197.19	16376.4	16366.2	10.1548	454	101	165	4	0.0001 Colloc0 454 2237 0.260135 97.5088
1240	1	1207.11	16347.2	16336.4	10.8201	437	106	160	1	0.0001 Colloc0 437 2243 0.124773 133.182
1250	1	1216.55	16399.1	16388.3	10.8404	440	106	160	1	0.0001 Colloc0 440 2268 0.0535101 134.345
1260	1	1226.32	16588.6	16577.7	10.8827	461	91	175	0	0.0001 Colloc0 461 2294 0.118664 136.792
1270	1	1236.19	16453.7	16443	10.7309	461	99	167	0	0.0001 Colloc0 461 2249 0.114187 128.104
1280	1	1246.04	16576.5	16566	10.4962	460	92	174	2	0.0001 Colloc0 460 2266 0.146786 115.171
1290	1	1255.99	16462.8	16451.7	11.0416	449	93	173	3	0.0001 Colloc0 449 2257 0.0822318 146.138
1300	1	1265.33	16482.5	16471.6	10.9058	446	96	170	3	0.0001 Colloc0 446 2272 0.0908264 138.136
1310	1	1274.99	16415.2	16404.1	11.1044	446	87	179	4	0.0001 Colloc0 446 2267 0.0285329 149.902
1320	1	1284.79	16411.7	16400.5	11.1627	419	103	163	4	0.0001 Colloc0 419 2276 0.00231789 153.429
1330	1	1294.55	16495.2	16484.4	10.8051	443	94	172	3	0.0001 Colloc0 443 2301 0.0711551 132.319
1340	1	1304.36	16300.9	16290.6	10.3776	445	97	169	1	0.0001 Colloc0 445 2246 0.171119 108.874
1350	1	1314.13	16507.7	16496.2	11.5028	461	91	175	3	0.0001 Colloc0 461 2250 0.0142555 174.628
1360	1	1324.11	16437.5	16427.1	10.4166	476	92	174	1	0.0001 Colloc0 476 2234 0.19763 110.927
1370	1	1334	16441.2	16431.2	10.0121	444	94	172	1	0.0001 Colloc0 444 2259 0.174629 90.5604
1380	1	1343.88	16310	16299.8	10.1537	426	112	154	2	0.0001 Colloc0 426 2255 0.178737 97.4575
1390	1	1353.77	16232.4	16221.7	10.7545	440	119	147	0	0.0001 Colloc0 440 2207 0.127638 129.441
1400	1	1363.72	16335.2	16324	11.1629	462	122	144	2	0.0001 Colloc0 462 2229 0.0536741 153.438
1410	1	1373.62	16395.3	16385.1	10.2127	446	98	168	3	0.0001 Colloc0 446 2236 0.183897 100.405
1420	1	1383.64	16432.1	16421.3	10.7563	447	89	177	3	0.0001 Colloc0 447 2249 0.138587 129.54
1430	1	1393.65	16355.6	16344.4	11.19	456	113	153	2	0.0001 Colloc0 456 2227 0.0609567 155.093
1440	1	1403.33	16436.9	16425.8	11.0675	442	90	176	1	0.0001 Colloc0 442 2256 0.0619035 147.682
1450	1	1413.03	16395.6	16384.9	10.6846	456	95	171	2	0.0001 Colloc0 456 2216 0.15626 125.507
1460	1	1422.87	16428.7	16417.9	10.831	455	96	170	2	0.0001 Colloc0 455 2218 0.126641 133.805
1470	1	1432.72	16414.2	16402.8	11.4301	444	103	163	0	0.0001 Colloc0 444 2215 0.0621649 170.007
1480	1	1442.68	16369.4	16358.9	10.5403	448	92	174	4	0.0001 Colloc0 448 2189 0.127838 117.556
1490	1	1452.59	16398.1	16388.1	9.98947	447	96	170	2	0.0001 Colloc0 447 2220 0.177614 89.4832
1500	1	1462.57	16368.9	16358.5	10.428	449	102	164	0	0.0001 Colloc0 449 2223 0.147911 111.53
1510	1	1472.34	16360.2	16349.3	10.9376	433	103	163	2	0.0001 Colloc0 433 2253 0.0457463 139.992
1520	1	1482	16483.6	16472.7	10.8722	445	87	179	0	0.0001 Colloc0 445 2266 0.0883248 136.183
1530	1	1491.82	16403.8	16393	10.8351	438	97	169	3	0.0001 Colloc0 438 2233 0.028411 134.038
1540	1	1501.72	16391.9	16381.1	10.7341	453	106	160	3	0.0001 Colloc0 453 2248 0.159218 128.285
1550	1	1511.67	16313.1	16302.5	10.5674	445	104	162	1	0.0001 Colloc0 445 2220 0.142873 119.03
1560	1	1521.63	16411.8	16400.7	11.0782	463	96	170	0	0.0001 Colloc0 463 2244 0.151323 148.325
1570	1	1531.77	16327.1	16316.6	10.4948	442	106	160	0	0.0001 Colloc0 442 2235 0.132062 115.094
1580	1	1541.82	16389.6	16379	10.6691	454	95	171	1	0.0001 Colloc0 454 2271 0.0924164 124.638
1590	1	1551.69	16305	16294.2	10.8108	451	106	160	1	0.0001 Colloc0 451 2220 0.110702 132.648
1600	1	1561.42	16436.8	16426	10.79	454	107	159	3	0.0001 Colloc0 454 2256 0.0887183 131.459
1610	1	1571.19	16360.2	16348.9	11.3002	439	99	167	1	0.0001 Colloc0 439 2246 0.0508813 161.874
1620	1	1580.98	16413.3	16402.2	11.0496	438	96	170	3	0.0001 Colloc0 438 2226 0.0383097 146.615
1630	1	1590.68	16448	16437.9	10.1011	452	88	178	1	0.0001 Colloc0 452 2249 0.176073 94.8635
1640	1	1600.37	16419.2	16409.5	9.66573	455	94	172	2	0.0001 Colloc0 455 2235 0.239883 74.8229
1650	1	1610.2	16408.1	16397.5	10.6254	452	103	163	2	0.0001 Colloc0 452 2251 0.154626 122.214
1660	1	1620	16271.8	16260.5	11.3195	445	117	149	1	0.0001 Colloc0 445 2240 0.0570576 163.073
1670	1	1629.84	16395.8	16385.4	10.3656	463	103	163	0	0.0001 Colloc0 463 2233 0.207368 108.251
1680	1	1639.71	16399.7	16388.2	11.4276	440	96	170	1	0.0001 Colloc0 440 2243 0.0299119 169.851
1690	1	1649.46	16422	16411	10.9683	447	98	168	3	0.0001 Colloc0 447 2229 0.0937427 141.796
1700	1	1659.19	16353.5	16342.9	10.5475	440	99	167	2	0.0001 Colloc0 440 2243 0.146897 117.946
1710	1	1668.96	16400	16389	11.0232	438	101	165	2	0.0001 Colloc0 438 2258 0.101258 145.043
1720	1	1678.89	16417.9	16407.3	10.5893	456	101	165	1	0.0001 Colloc0 456 2248 0.175659 120.23
1730	1	1688.71	16380.3	16369.4	10.916	436	100	166	4	0.0001 Colloc0 436 2256 0.0787026 138.729
1740	1	1698.59	16421.6	16411.3	10.3581	446	94	172	1	0.0001 Colloc0 446 2218 0.198292 107.857
1750	1	1708.49	16458	16446.8	11.2458	458	99	167	3	0.0001 Colloc0 458 2263 0.0262941 158.508
1760	1	1718.43	16487.5	16476.2	11.2786	467	85	181	0	0.0001 Colloc0 467 2241 0.0915379 160.533
1770	1	1727.52	16375.3	16364.5	10.7913	459	106	160	5	0.0001 Colloc0 459 2229 0.110792 131.53
1780	1	1736.8	16273.1	16261.8	11.3006	423	91	175	4	0.0001 Colloc0 423 2243 0.00747355 161.894
1790	1	1746.45	16300.9	16290.6	10.3092	449	107	159	1	0.0001 Colloc0 449 2250 0.187271 105.323
1800	1	1756.27	16325.4	16314.6	10.8564	445	99	167	2	0.0001 Colloc0 445 2259 0.0730422 135.271
1810	1	1766.16	16321.3	16310.8	10.5092	464	115	151	5	0.0001 Colloc0 464 2228 0.173012 115.871
1820	1	1776.08	16483	16472.1	10.9158	467	94	172	2	0.0001 Colloc0 467 2260 0.0814825 138.718
1830	1	1785.88	16411.9	16401.1	10.7241	443	107	159	3	0.0001 Colloc0 443 2255 0.0663533 127.721
1840	1	1795.79	16429.3	16418.2	11.141	450	91	175	1	0.0001 Colloc0 450 2245 0.0418165 152.108
1850	1	1805.55	16389.8	16379.4	10.341	448	99	167	4	0.0001 Colloc0 448 2259 0.189389 106.968
1860	1	1815.28	16421.3	16410.5	10.7363	439	100	166	1	0.0001 Colloc0 439 2248 0.0943095 128.408
1870	1	1825.09	16293.3	16282.6	10.6817	447	97	169	1	0.0001 Colloc0 447 2212 0.109242 125.344
1880	1	1834.88	16365.9	16355.1	10.8247	444	96	170	2	0.0001 Colloc0 444 2267 0.124325 133.444
1890	1	1844.71	16374.7	16364.1	10.5429	450	97	169	4	0.0001 Colloc0 450 2235 0.153042 117.696
1900	1	1853.91	16423.3	16413	10.3358	449	100	166	3	0.0001 Colloc0 449 2255 0.192881 106.7
1910	1	1863.82	16331.4	16320.8	10.6201	449	113	153	1	0.0001 Colloc0 449 2241 0.183524 121.922
1920	1	1873.65	16427.6	16417.5	10.0269	456	92	174	0	0.0001 Colloc0 456 2254 0.193512 91.2691
1930	1	1883.51	16479.2	16468.2	10.9275	449	82	184	2	0.0001 Colloc0 449 2254 0.0915219 139.397
1940	1	1893.24	16341.2	16331.3	9.92138	446	99	167	2	0.0001 Colloc0 446 2211 0.221546 86.2813
1950	1	1902.83	16263.9	16253.8	10.0879	432	120	146	3	0.0001 Colloc0 432 2236 0.186012 94.2202
1960	1	1912.69	16377.9	16367	10.8418	449	103	163	1	0.0001 Colloc0 449 2239 0.117735 134.426
1970	1	1922.6	16317.6	16306.7	10.9631	442	109	157	0	0.0001 Colloc0 442 2223 0.0583803 141.489
1980	1	1932.4	16294.4	16283.7	10.6436	424	106	160	2	0.0001 Colloc0 424 2260 0.155169 123.223
1990	1	1941.6	16385.1	16374.9	10.2529	440	107	159	2	0.0001 Colloc0 440 2253 0.190264 102.439
2000	1	1951.22	16451.7	16440.7	10.9238	439	96	170	1	0.0001 Colloc0 439 2248 0.0397631 139.182
