# D = 0, E = 1, I = 1, P = 1, R = -1, n = 2000, N = 1, P = 1, w = 1, a = 0.0001, b = 10000, e = 1, f = 1, g = 100, h = 0.01, r = 26229, s = 1, S = 0, x = 10, m = 100, Z = 1, z = 0, T = 1, t = 1
# 5796 tokens in 266 sentences
#
# It	Temp	Time	-logP	-logPcorpus	-logPrior	tables	same	changed	reject	default_pya	(parent pym pyn pya pyb)*
0	1	0.763883	22518.3	22404.5	113.764	1709	0	266	0	0.0001 Colloc0 1709 2475 0.0001 10000
10	1	11.1673	17509.1	17497.6	11.5869	535	55	211	1	0.0001 Colloc0 535 2382 0.0563358 180.023
20	1	20.9398	17495.4	17484	11.3471	487	55	211	2	0.0001 Colloc0 487 2380 0.0451761 164.795
30	1	30.7133	17092.6	17080.9	11.6392	468	64	202	1	0.0001 Colloc0 468 2389 0.0460839 183.406
40	1	40.2679	17117.5	17106.1	11.4537	478	73	193	2	0.0001 Colloc0 478 2388 0.0139191 171.501
50	1	49.8944	16913.3	16902.1	11.1669	449	83	183	1	0.0001 Colloc0 449 2341 0.0342751 153.681
60	1	59.7459	16904.3	16893.4	10.9366	461	84	182	1	0.0001 Colloc0 461 2362 0.0703782 139.933
70	1	69.5574	16801.8	16791.1	10.6559	458	81	185	1	0.0001 Colloc0 458 2346 0.0909839 123.907
80	1	79.3429	16953.9	16943.1	10.7559	470	80	186	5	0.0001 Colloc0 470 2349 0.10524 129.519
90	1	88.8015	16839.1	16828	11.114	477	78	188	2	0.0001 Colloc0 477 2322 0.0664283 150.479
100	1	98.776	16757.7	16746.9	10.8254	462	88	178	1	0.0001 Colloc0 462 2333 0.13344 133.484
110	1	108.598	16785.2	16774.2	10.9958	480	81	185	1	0.0001 Colloc0 480 2312 0.120521 143.417
120	1	118.466	16747.9	16737.1	10.8774	449	80	186	1	0.0001 Colloc0 449 2329 0.121537 136.482
130	1	128.175	16733.6	16722.3	11.2646	460	74	192	3	0.0001 Colloc0 460 2342 0.06516 159.668
140	1	137.712	16729.4	16718	11.3924	467	82	184	4	0.0001 Colloc0 467 2315 0.0628207 167.629
150	1	147.59	16710.2	16699	11.1686	469	94	172	2	0.0001 Colloc0 469 2314 0.0864392 153.789
160	1	157.557	16746.1	16735	11.081	471	93	173	3	0.0001 Colloc0 471 2281 0.131415 148.494
170	1	167.205	16662.5	16651.8	10.709	467	86	180	2	0.0001 Colloc0 467 2295 0.129192 126.871
180	1	176.949	16812.8	16801.7	11.1078	442	79	187	2	0.0001 Colloc0 442 2346 0.0395211 150.107
190	1	186.836	16788.1	16777.5	10.5578	489	80	186	2	0.0001 Colloc0 489 2298 0.171292 118.507
200	1	196.712	16754	16743.7	10.2727	472	91	175	1	0.0001 Colloc0 472 2298 0.176386 103.448
210	1	206.345	16707.5	16696.6	10.9262	458	91	175	2	0.0001 Colloc0 458 2330 0.106997 139.321
220	1	216.056	16515.9	16505.5	10.4192	440	102	164	1	0.0001 Colloc0 440 2324 0.112915 111.067
230	1	226.074	16634.7	16623.9	10.8424	462	78	188	3	0.0001 Colloc0 462 2315 0.0924922 134.463
240	1	235.923	16636.7	16626.4	10.3348	465	89	177	3	0.0001 Colloc0 465 2313 0.127942 106.644
250	1	245.267	16604.3	16593.1	11.2113	469	86	180	1	0.0001 Colloc0 469 2330 0.0536902 156.389
260	1	254.935	16625.2	16615.4	9.80436	457	93	173	2	0.0001 Colloc0 457 2280 0.246603 80.9244
270	1	264.839	16494.1	16483.4	10.7359	446	99	167	3	0.0001 Colloc0 446 2299 0.158058 128.385
280	1	274.68	16623.3	16612	11.2766	464	86	180	0	0.0001 Colloc0 464 2305 0.00363259 160.411
290	1	284.343	16568.8	16558.5	10.3028	450	84	182	1	0.0001 Colloc0 450 2298 0.15739 104.991
300	1	293.979	16649.5	16638.5	10.9136	443	92	174	0	0.0001 Colloc0 443 2310 0.0418547 138.59
310	1	303.464	16599.2	16588	11.2167	456	89	177	1	0.0001 Colloc0 456 2310 0.0409263 156.72
320	1	312.93	16596.7	16586.8	9.84988	471	90	176	2	0.0001 Colloc0 471 2284 0.276411 82.986
330	1	322.809	16681.7	16671.4	10.3046	456	86	180	2	0.0001 Colloc0 456 2325 0.162776 105.085
340	1	332.629	16514.2	16503.3	10.8642	454	97	169	2	0.0001 Colloc0 454 2287 0.0858124 135.721
350	1	342.394	16613.1	16602.1	10.9285	465	83	183	2	0.0001 Colloc0 465 2318 0.112323 139.456
360	1	351.876	16623	16612.2	10.8285	473	82	184	2	0.0001 Colloc0 473 2269 0.135719 133.661
370	1	361.593	16499.9	16489	10.9915	448	98	168	1	0.0001 Colloc0 448 2285 0.0703887 143.16
380	1	371.1	16661.7	16650.8	10.8191	466	83	183	3	0.0001 Colloc0 466 2290 0.141069 133.124
390	1	380.556	16616.4	16606.1	10.3019	444	93	173	2	0.0001 Colloc0 444 2302 0.161222 104.947
400	1	390.273	16590.3	16579.2	11.0722	452	99	167	2	0.0001 Colloc0 452 2272 0.0631818 147.968
410	1	399.908	16576.6	16565.7	10.9606	457	84	182	1	0.0001 Colloc0 457 2246 0.0781553 141.341
420	1	409.605	16506.6	16495.8	10.8328	456	92	174	1	0.0001 Colloc0 456 2232 0.12962 133.907
430	1	419.239	16574.8	16563.6	11.1128	464	95	171	4	0.0001 Colloc0 464 2250 0.0703319 150.407
440	1	429.082	16433.8	16423.4	10.3478	464	94	172	2	0.0001 Colloc0 464 2247 0.220193 107.32
450	1	439.213	16516.6	16505.5	11.1462	452	91	175	2	0.0001 Colloc0 452 2253 0.0994418 152.429
460	1	449.12	16677.1	16666	11.025	476	81	185	0	0.0001 Colloc0 476 2294 0.156192 145.146
470	1	458.76	16472.9	16461.6	11.3537	472	84	182	1	0.0001 Colloc0 472 2235 0.0522089 165.205
480	1	468.508	16509.1	16498.5	10.6822	444	96	170	1	0.0001 Colloc0 444 2279 0.0743687 125.369
490	1	478.432	16476.1	16464.9	11.1489	451	91	175	1	0.0001 Colloc0 451 2251 0.0745757 152.59
500	1	488.243	16509.4	16499.1	10.3294	466	92	174	3	0.0001 Colloc0 466 2253 0.224679 106.364
510	1	498.182	16475.3	16464.7	10.6317	463	86	180	3	0.0001 Colloc0 463 2262 0.124996 122.564
520	1	508.01	16496.2	16485.6	10.5833	474	93	173	0	0.0001 Colloc0 474 2281 0.149859 119.901
530	1	517.852	16548.8	16537.1	11.7119	444	90	176	0	0.0001 Colloc0 444 2275 0.0297883 188.149
540	1	527.503	16495.8	16484.7	11.039	470	92	174	1	0.0001 Colloc0 470 2238 0.101254 145.98
550	1	537.376	16394.3	16383.8	10.5206	426	99	167	2	0.0001 Colloc0 426 2233 0.121299 116.485
560	1	547.229	16446.7	16435.8	10.9539	453	95	171	2	0.0001 Colloc0 453 2271 0.133142 140.948
570	1	557.078	16404.8	16394.2	10.559	456	103	163	3	0.0001 Colloc0 456 2256 0.145469 118.569
580	1	566.873	16472.8	16462.5	10.2823	445	88	178	2	0.0001 Colloc0 445 2238 0.154496 103.938
590	1	576.719	16475.3	16464.3	11.0714	470	93	173	2	0.0001 Colloc0 470 2248 0.0401968 147.92
600	1	586.418	16454.4	16443.2	11.1197	460	99	167	1	0.0001 Colloc0 460 2245 0.024107 150.824
610	1	595.986	16486.6	16476	10.6123	455	91	175	2	0.0001 Colloc0 455 2282 0.113315 121.491
620	1	605.501	16510.2	16499.6	10.5739	451	100	166	3	0.0001 Colloc0 451 2274 0.123367 119.382
630	1	614.682	16369.7	16358.4	11.2998	452	103	163	3	0.0001 Colloc0 452 2250 0.0487624 161.848
640	1	624.117	16411.1	16399.6	11.4862	450	91	175	4	0.0001 Colloc0 450 2256 0.0237132 173.568
650	1	633.586	16460.7	16450.1	10.5218	470	87	179	1	0.0001 Colloc0 470 2249 0.211669 116.554
660	1	643.443	16426	16415.3	10.627	468	96	170	0	0.0001 Colloc0 468 2238 0.138975 122.302
670	1	652.984	16504.4	16493.7	10.7191	472	88	178	1	0.0001 Colloc0 472 2266 0.138391 127.44
680	1	662.49	16358.4	16347.5	10.8612	451	95	171	4	0.0001 Colloc0 451 2246 0.110058 135.547
690	1	671.764	16366	16355.2	10.8471	440	97	169	2	0.0001 Colloc0 440 2251 0.107164 134.73
700	1	681.315	16349.3	16338.9	10.4441	446	104	162	0	0.0001 Colloc0 446 2265 0.156711 112.387
710	1	691.148	16380.9	16370	10.8778	435	107	159	3	0.0001 Colloc0 435 2289 0.0628463 136.505
720	1	700.86	16395	16384.1	10.8979	451	101	165	1	0.0001 Colloc0 451 2242 0.107522 137.675
730	1	710.784	16337.8	16326.7	11.1068	452	111	155	2	0.0001 Colloc0 452 2245 0.0562028 150.044
740	1	720.526	16403.4	16392.7	10.7261	464	93	173	1	0.0001 Colloc0 464 2251 0.164104 127.834
750	1	730.105	16303.4	16293	10.4287	455	99	167	0	0.0001 Colloc0 455 2245 0.17004 111.569
760	1	739.614	16387.5	16376.8	10.677	448	108	158	2	0.0001 Colloc0 448 2279 0.115198 125.078
770	1	748.955	16387.7	16377.4	10.2663	431	100	166	1	0.0001 Colloc0 431 2251 0.097002 103.122
780	1	758.795	16364.3	16353.1	11.1608	443	102	164	3	0.0001 Colloc0 443 2246 0.0302658 153.313
790	1	768.609	16394	16383.3	10.6759	445	107	159	4	0.0001 Colloc0 445 2274 0.0855709 125.021
800	1	778.118	16483.4	16472.1	11.2163	466	92	174	2	0.0001 Colloc0 466 2228 0.0693363 156.701
810	1	787.684	16565.8	16555	10.7736	470	84	182	4	0.0001 Colloc0 470 2252 0.138033 130.522
820	1	797.308	16363	16352.6	10.3799	443	92	174	2	0.0001 Colloc0 443 2219 0.136682 108.998
830	1	807.002	16526	16515.1	10.8161	476	87	179	2	0.0001 Colloc0 476 2236 0.174515 132.949
840	1	816.934	16442.8	16431.9	10.8957	451	91	175	1	0.0001 Colloc0 451 2256 0.127 137.547
850	1	826.657	16301.3	16290.6	10.6679	432	97	169	0	0.0001 Colloc0 432 2241 0.127151 124.575
860	1	836.329	16292.8	16282.1	10.6924	449	111	155	1	0.0001 Colloc0 449 2237 0.11709 125.944
870	1	845.911	16288.4	16277.4	10.9905	447	116	150	3	0.0001 Colloc0 447 2246 0.101455 143.104
880	1	855.763	16435.8	16424.8	10.9977	455	102	164	3	0.0001 Colloc0 455 2271 0.0986181 143.527
890	1	865.564	16519.2	16508.7	10.5216	476	98	168	1	0.0001 Colloc0 476 2269 0.158283 116.543
900	1	875.296	16469.9	16458.8	11.1611	459	82	184	1	0.0001 Colloc0 459 2243 0.0285383 153.328
910	1	885.07	16453.9	16443.6	10.2976	456	86	180	4	0.0001 Colloc0 456 2244 0.196225 104.725
920	1	895.242	16461.9	16451.1	10.8566	468	90	176	6	0.0001 Colloc0 468 2248 0.193855 135.283
930	1	904.916	16432.9	16422	10.8753	446	93	173	0	0.0001 Colloc0 446 2256 0.100877 136.36
940	1	914.405	16522.4	16511.3	11.1325	465	90	176	2	0.0001 Colloc0 465 2282 0.0980705 151.599
950	1	924.226	16457.7	16446.7	10.9978	451	96	170	1	0.0001 Colloc0 451 2253 0.102734 143.532
960	1	933.905	16472	16461.4	10.5523	470	93	173	3	0.0001 Colloc0 470 2235 0.238533 118.204
970	1	943.553	16362.7	16351.4	11.3195	431	102	164	3	0.0001 Colloc0 431 2246 0.0033352 163.07
980	1	952.88	16442.3	16431.7	10.6469	466	88	178	0	0.0001 Colloc0 466 2230 0.184895 123.405
990	1	962.446	16350.5	16339.6	10.9195	463	97	169	2	0.0001 Colloc0 463 2221 0.121506 138.93
1000	1	972.149	16400.3	16388.8	11.5172	472	94	172	1	0.0001 Colloc0 472 2239 0.00277625 175.543
1010	1	981.938	16524.2	16512.7	11.4967	466	85	181	3	0.0001 Colloc0 466 2228 0.0288921 174.239
1020	1	991.775	16484.6	16473.9	10.6272	471	79	187	2	0.0001 Colloc0 471 2235 0.145394 122.314
1030	1	1001.52	16428.5	16417.2	11.2449	471	83	183	1	0.0001 Colloc0 471 2251 0.0862338 158.453
1040	1	1011.26	16489.8	16478.4	11.4445	474	92	174	3	0.0001 Colloc0 474 2242 0.0582941 170.921
1050	1	1021.01	16359.6	16348.5	11.1167	446	87	179	3	0.0001 Colloc0 446 2257 0.113662 150.64
1060	1	1030.87	16434.7	16423.5	11.1626	451	92	174	3	0.0001 Colloc0 451 2243 0.0537747 153.419
1070	1	1040.47	16456.6	16446	10.5974	457	93	173	1	0.0001 Colloc0 457 2239 0.195465 120.671
1080	1	1050.28	16394.4	16383.7	10.6722	459	86	180	4	0.0001 Colloc0 459 2226 0.140885 124.814
1090	1	1060.14	16351.9	16340.8	11.0524	462	105	161	2	0.0001 Colloc0 462 2247 0.0875431 146.783
1100	1	1070.03	16350.6	16340	10.5793	438	102	164	2	0.0001 Colloc0 438 2238 0.106466 119.679
1110	1	1079.83	16369.2	16358.8	10.3979	443	99	167	1	0.0001 Colloc0 443 2237 0.184411 109.941
1120	1	1089.52	16241.1	16231	10.1312	437	115	151	1	0.0001 Colloc0 437 2208 0.188565 96.3448
1130	1	1099.35	16363	16352	11.0685	459	118	148	0	0.0001 Colloc0 459 2235 0.052327 147.747
1140	1	1109.25	16403.3	16392.6	10.7731	467	94	172	2	0.0001 Colloc0 467 2230 0.137908 130.496
1150	1	1119.02	16402.3	16391.7	10.616	451	93	173	2	0.0001 Colloc0 451 2241 0.0980018 121.695
1160	1	1128.56	16394.8	16384	10.8409	446	101	165	0	0.0001 Colloc0 446 2207 0.0879666 134.372
1170	1	1138.34	16286.4	16275.5	10.891	465	107	159	2	0.0001 Colloc0 465 2233 0.141796 137.274
1180	1	1148.02	16404.3	16393.5	10.7979	454	105	161	2	0.0001 Colloc0 454 2256 0.116167 131.907
1190	1	1157.58	16331.4	16320.3	11.1273	463	110	156	1	0.0001 Colloc0 463 2229 0.0871591 151.281
1200	1	1167.09	16376	16365.4	10.5516	453	99	167	2	0.0001 Colloc0 453 2232 0.164862 118.168
1210	1	1176.77	16345.3	16334.3	10.9814	460	110	156	2	0.0001 Colloc0 460 2235 0.0883689 142.564
1220	1	1186.58	16417.7	16406.7	10.974	472	90	176	2	0.0001 Colloc0 472 2236 0.10337 142.131
1230	1	1196.47	16347.6	16336.5	11.0652	450	91	175	4	0.0001 Colloc0 450 2231 0.0819313 147.545
1240	1	1205.96	16362.2	16351.2	11.019	440	99	167	4	0.0001 Colloc0 440 2261 0.0697196 144.789
1250	1	1215.77	16355.8	16345.3	10.5287	457	101	165	1	0.0001 Colloc0 457 2240 0.133966 116.923
1260	1	1225.39	16441.1	16429.7	11.3672	463	95	171	5	0.0001 Colloc0 463 2234 0.0357406 166.053
1270	1	1235.22	16378.1	16366.9	11.1742	455	89	177	0	0.0001 Colloc0 455 2224 0.0579348 154.125
1280	1	1244.9	16315.8	16305.2	10.5187	457	98	168	2	0.0001 Colloc0 457 2204 0.136216 116.387
1290	1	1254.66	16398.9	16388	10.8726	458	104	162	2	0.0001 Colloc0 458 2237 0.139252 136.206
1300	1	1264.52	16462.7	16452	10.7197	470	85	181	2	0.0001 Colloc0 470 2236 0.147512 127.474
1310	1	1274.29	16468.5	16457.4	11.1252	458	90	176	3	0.0001 Colloc0 458 2254 0.0665726 151.156
1320	1	1284.09	16366.9	16356.4	10.4498	454	103	163	1	0.0001 Colloc0 454 2239 0.186836 112.686
1330	1	1293.75	16409.8	16399	10.7284	445	94	172	4	0.0001 Colloc0 445 2217 0.142048 127.962
1340	1	1303.7	16401.1	16390.7	10.3375	460	95	171	4	0.0001 Colloc0 460 2234 0.18824 106.785
1350	1	1313.52	16335.1	16324.4	10.6689	456	96	170	0	0.0001 Colloc0 456 2202 0.173478 124.63
1360	1	1322.84	16441.7	16430.2	11.4616	460	88	178	0	0.0001 Colloc0 460 2207 0.0566178 172.004
1370	1	1332.46	16348.6	16337.4	11.186	453	99	167	1	0.0001 Colloc0 453 2209 0.0175182 154.843
1380	1	1342.23	16485.6	16474.6	11.0753	462	87	179	3	0.0001 Colloc0 462 2233 0.0727988 148.149
1390	1	1352.17	16333.6	16322.9	10.6507	448	93	173	2	0.0001 Colloc0 448 2235 0.0889762 123.618
1400	1	1361.71	16369.7	16359.6	10.1314	452	87	179	1	0.0001 Colloc0 452 2245 0.200195 96.3541
1410	1	1371.26	16418.9	16408.7	10.2382	453	86	180	2	0.0001 Colloc0 453 2229 0.139316 101.691
1420	1	1380.99	16375.9	16365.5	10.3925	461	108	158	0	0.0001 Colloc0 461 2240 0.176904 109.659
1430	1	1390.76	16386.1	16375.5	10.6485	454	95	171	3	0.0001 Colloc0 454 2251 0.128161 123.493
1440	1	1400.16	16414.3	16403.3	10.9902	449	93	173	1	0.0001 Colloc0 449 2271 0.120037 143.086
1450	1	1409.8	16433.8	16423.7	10.1354	452	95	171	1	0.0001 Colloc0 452 2224 0.201392 96.5504
1460	1	1419.63	16445	16434.1	10.8729	445	92	174	2	0.0001 Colloc0 445 2254 0.0692666 136.22
1470	1	1429.46	16400.6	16390.2	10.3326	463	95	171	0	0.0001 Colloc0 463 2226 0.212828 106.532
1480	1	1439.28	16411.5	16400.8	10.7403	459	87	179	1	0.0001 Colloc0 459 2206 0.150659 128.637
1490	1	1449.05	16346.6	16335.9	10.724	450	105	161	0	0.0001 Colloc0 450 2225 0.153143 127.716
1500	1	1459.01	16404.9	16394.6	10.262	466	90	176	1	0.0001 Colloc0 466 2212 0.183196 102.904
1510	1	1468.89	16393.3	16382.2	11.0687	456	99	167	3	0.0001 Colloc0 456 2230 0.0781454 147.756
1520	1	1478.72	16402.8	16391.8	10.9471	452	98	168	3	0.0001 Colloc0 452 2245 0.0752273 140.546
1530	1	1488.63	16325	16314	11.0487	456	89	177	2	0.0001 Colloc0 456 2216 0.070554 146.561
1540	1	1498.42	16344.3	16333	11.3143	449	99	167	5	0.0001 Colloc0 449 2211 0.0148724 162.749
1550	1	1508.19	16387.9	16377	10.8748	462	90	176	4	0.0001 Colloc0 462 2228 0.061298 136.335
1560	1	1517.83	16570.6	16559.5	11.1966	475	85	181	4	0.0001 Colloc0 475 2239 0.0764251 155.493
1570	1	1527.33	16540.2	16529	11.2851	460	88	178	2	0.0001 Colloc0 460 2290 0.060911 160.938
1580	1	1537.11	16381.8	16371.7	10.1877	448	95	171	1	0.0001 Colloc0 448 2274 0.165307 99.1494
1590	1	1546.64	16453.2	16442.5	10.7144	476	82	184	1	0.0001 Colloc0 476 2270 0.183432 127.177
1600	1	1556.37	16451.7	16440.6	11.0923	470	93	173	2	0.0001 Colloc0 470 2249 0.0530397 149.174
1610	1	1566.22	16446.7	16436.5	10.2562	446	85	181	1	0.0001 Colloc0 446 2246 0.196018 102.606
1620	1	1575.84	16404.8	16393.8	10.9591	469	98	168	2	0.0001 Colloc0 469 2237 0.108854 141.254
1630	1	1585.64	16215.8	16205.3	10.4953	447	107	159	2	0.0001 Colloc0 447 2198 0.133703 115.122
1640	1	1595.48	16259.1	16248.2	10.8924	445	105	161	2	0.0001 Colloc0 445 2198 0.133382 137.354
1650	1	1605.24	16468.7	16457.6	11.1472	458	84	182	2	0.0001 Colloc0 458 2230 0.0654448 152.489
1660	1	1615.02	16443.9	16432.6	11.3072	466	84	182	2	0.0001 Colloc0 466 2217 0.0225771 162.307
1670	1	1624.85	16415.4	16404.9	10.532	477	94	172	2	0.0001 Colloc0 477 2238 0.187437 117.103
1680	1	1634.76	16526.6	16515.6	11.037	462	78	188	1	0.0001 Colloc0 462 2266 0.0906596 145.865
1690	1	1644.48	16364.6	16353.6	11.0151	448	93	173	2	0.0001 Colloc0 448 2238 0.0890336 144.558
1700	1	1654.31	16392.5	16381.9	10.5797	464	92	174	1	0.0001 Colloc0 464 2215 0.168252 119.703
1710	1	1664.08	16366.2	16356.3	9.87799	444	93	173	2	0.0001 Colloc0 444 2213 0.256875 84.2734
1720	1	1673.83	16255	16244.4	10.5677	433	110	156	0	0.0001 Colloc0 433 2189 0.0933517 119.048
1730	1	1683.71	16340.4	16329.4	11.0401	440	101	165	2	0.0001 Colloc0 440 2247 0.0151759 146.046
1740	1	1693.54	16365.1	16354.3	10.7896	482	93	173	1	0.0001 Colloc0 482 2222 0.156462 131.436
1750	1	1703.31	16320.1	16309	11.1564	442	100	166	1	0.0001 Colloc0 442 2226 0.0207812 153.046
1760	1	1712.99	16286.8	16275.8	10.9765	444	97	169	2	0.0001 Colloc0 444 2197 0.0709043 142.279
1770	1	1722.82	16308.3	16298.1	10.1667	448	98	168	1	0.0001 Colloc0 448 2206 0.236062 98.1022
1780	1	1732.57	16284.3	16273.5	10.8172	461	103	163	0	0.0001 Colloc0 461 2191 0.140307 133.014
1790	1	1742.36	16378.4	16367.3	11.0743	464	93	173	2	0.0001 Colloc0 464 2196 0.131802 148.094
1800	1	1752.22	16404.9	16394.3	10.5687	458	94	172	3	0.0001 Colloc0 458 2224 0.143388 119.101
1810	1	1761.97	16308.7	16298.3	10.4034	446	92	174	3	0.0001 Colloc0 446 2212 0.129446 110.231
1820	1	1771.61	16371.5	16361.2	10.3262	450	95	171	3	0.0001 Colloc0 450 2217 0.187983 106.202
1830	1	1781	16264.3	16253.6	10.6809	437	111	155	4	0.0001 Colloc0 437 2230 0.10067 125.299
1840	1	1790.64	16250.4	16240.2	10.2158	454	100	166	2	0.0001 Colloc0 454 2207 0.190175 100.561
1850	1	1800.52	16309.3	16299	10.2517	462	98	168	1	0.0001 Colloc0 462 2209 0.163431 102.377
1860	1	1810.19	16321.6	16311.4	10.1908	447	99	167	0	0.0001 Colloc0 447 2231 0.212426 99.3052
1870	1	1820.16	16335.5	16324.5	11.0433	452	108	158	1	0.0001 Colloc0 452 2235 0.075893 146.237
1880	1	1830.05	16261.8	16251.1	10.7639	434	110	156	3	0.0001 Colloc0 434 2215 0.110775 129.973
1890	1	1839.83	16354.1	16343.2	10.9224	445	105	161	1	0.0001 Colloc0 445 2228 0.0684455 139.101
1900	1	1849.73	16261.3	16250.6	10.6889	443	102	164	2	0.0001 Colloc0 443 2233 0.111096 125.745
1910	1	1859.49	16358.7	16348.1	10.5426	470	91	175	1	0.0001 Colloc0 470 2200 0.168301 117.677
1920	1	1869.4	16266.6	16256	10.5426	436	108	158	1	0.0001 Colloc0 436 2215 0.133115 117.681
1930	1	1879.13	16344.7	16333.9	10.7736	445	106	160	4	0.0001 Colloc0 445 2228 0.128022 130.521
1940	1	1888.82	16288.7	16278.4	10.2644	456	99	167	0	0.0001 Colloc0 456 2218 0.197814 103.026
1950	1	1898.33	16314.6	16303.6	11.0155	447	102	164	0	0.0001 Colloc0 447 2220 0.0678615 144.583
1960	1	1907.89	16219.7	16208.6	11.1077	432	105	161	1	0.0001 Colloc0 432 2231 0.0365226 150.101
1970	1	1917.18	16254.8	16244	10.8771	445	96	170	1	0.0001 Colloc0 445 2199 0.105254 136.466
1980	1	1927	16240.9	16230.3	10.6124	434	91	175	2	0.0001 Colloc0 434 2198 0.102026 121.499
1990	1	1936.52	16307.9	16296.7	11.142	446	102	164	5	0.0001 Colloc0 446 2220 0.0689593 152.173
2000	1	1946.14	16264.5	16253.9	10.6056	457	102	164	3	0.0001 Colloc0 457 2200 0.141306 121.123
