# D = 0, E = 1, I = 1, P = 1, R = -1, n = 2000, N = 1, P = 1, w = 1, a = 0.0001, b = 10000, e = 1, f = 1, g = 100, h = 0.01, r = 18664, s = 1, S = 0, x = 10, m = 100, Z = 1, z = 0, T = 1, t = 1
# 5796 tokens in 266 sentences
#
# It	Temp	Time	-logP	-logPcorpus	-logPrior	tables	same	changed	reject	default_pya	(parent pym pyn pya pyb)*
0	1	0.751885	21606.7	21493	113.764	717	0	266	0	0.0001 Colloc0 717 1007 0.0001 10000
10	1	10.6484	17123.9	17112.4	11.5762	512	78	188	4	0.0001 Colloc0 512 2226 0.0348772 179.335
20	1	20.2139	16702.3	16690.9	11.3064	468	94	172	4	0.0001 Colloc0 468 2219 0.041742 162.259
30	1	30.2734	16597.1	16586.1	11.0208	454	91	175	3	0.0001 Colloc0 454 2231 0.0490765 144.9
40	1	40.2609	16611.7	16601.3	10.4526	464	96	170	3	0.0001 Colloc0 464 2228 0.204955 112.839
50	1	50.1214	16502.7	16491.5	11.2218	442	86	180	4	0.0001 Colloc0 442 2215 0.0478563 157.037
60	1	59.9219	16522.5	16511.8	10.656	461	99	167	4	0.0001 Colloc0 461 2200 0.0902656 123.908
70	1	69.8014	16504.4	16493.2	11.1681	471	102	164	2	0.0001 Colloc0 471 2198 0.121847 153.753
80	1	79.7039	16532	16521.6	10.3877	459	103	163	3	0.0001 Colloc0 459 2206 0.165185 109.404
90	1	89.4324	16473.8	16462.8	10.9494	437	92	174	5	0.0001 Colloc0 437 2221 0.101728 140.684
100	1	98.98	16582.9	16572.1	10.7702	460	90	176	2	0.0001 Colloc0 460 2242 0.113927 130.33
110	1	108.851	16675.2	16663.8	11.3691	463	78	188	1	0.0001 Colloc0 463 2234 0.0745698 166.168
120	1	118.852	16572.7	16562.7	10.0076	451	91	175	2	0.0001 Colloc0 451 2189 0.238358 90.344
130	1	128.809	16604.4	16594	10.3748	485	97	169	6	0.0001 Colloc0 485 2229 0.175139 108.728
140	1	138.861	16464.1	16453.1	11.0816	442	102	164	3	0.0001 Colloc0 442 2173 0.0873758 148.528
150	1	148.682	16553.2	16542.8	10.3762	473	96	170	0	0.0001 Colloc0 473 2221 0.203306 108.804
160	1	158.205	16404.4	16394.2	10.2227	452	103	163	2	0.0001 Colloc0 452 2218 0.212965 100.909
170	1	167.528	16460.6	16449.8	10.8044	448	103	163	1	0.0001 Colloc0 448 2176 0.0634605 132.281
180	1	177.268	16423.6	16412.8	10.8084	472	109	157	2	0.0001 Colloc0 472 2219 0.118643 132.507
190	1	187.245	16310.1	16299.8	10.259	439	111	155	1	0.0001 Colloc0 439 2184 0.230457 102.749
200	1	197.16	16322.9	16312.3	10.6125	438	103	163	2	0.0001 Colloc0 438 2204 0.16755 121.501
210	1	206.985	16457.3	16446.6	10.6801	450	95	171	3	0.0001 Colloc0 450 2184 0.142672 125.253
220	1	216.918	16355.8	16345	10.7739	452	114	152	4	0.0001 Colloc0 452 2196 0.0934821 130.542
230	1	226.844	16507.8	16497	10.7986	461	98	168	1	0.0001 Colloc0 461 2218 0.140865 131.95
240	1	236.859	16446.2	16435.9	10.2201	461	95	171	3	0.0001 Colloc0 461 2218 0.213115 100.776
250	1	246.832	16433.6	16422.5	11.1056	462	94	172	2	0.0001 Colloc0 462 2219 0.0928006 149.972
260	1	256.377	16439.9	16429.5	10.4218	465	97	169	5	0.0001 Colloc0 465 2186 0.159625 111.203
270	1	266.138	16480.6	16470.1	10.5085	475	83	183	3	0.0001 Colloc0 475 2168 0.166505 115.831
280	1	275.915	16401	16390.5	10.4436	451	82	184	3	0.0001 Colloc0 451 2200 0.17197 112.357
290	1	285.747	16264.6	16254	10.5993	446	108	158	2	0.0001 Colloc0 446 2194 0.159842 120.778
300	1	295.364	16332.5	16321.3	11.1879	456	99	167	1	0.0001 Colloc0 456 2182 0.0519155 154.963
310	1	305.299	16235	16224	11.0018	445	100	166	3	0.0001 Colloc0 445 2186 0.101684 143.772
320	1	315.215	16198.4	16187.9	10.4598	437	101	165	2	0.0001 Colloc0 437 2166 0.152943 113.22
330	1	324.639	16326.1	16314.9	11.1821	449	105	161	4	0.0001 Colloc0 449 2175 0.0937184 154.609
340	1	333.971	16400	16389.7	10.3234	456	93	173	1	0.0001 Colloc0 456 2205 0.180967 106.054
350	1	343.505	16258.4	16247.8	10.6009	453	108	158	1	0.0001 Colloc0 453 2186 0.163964 120.862
360	1	353.57	16381.4	16371.1	10.3347	462	83	183	2	0.0001 Colloc0 462 2170 0.21813 106.642
370	1	363.64	16352.1	16341.7	10.3733	445	93	173	3	0.0001 Colloc0 445 2201 0.21082 108.652
380	1	373.672	16328.1	16317.4	10.6912	449	100	166	1	0.0001 Colloc0 449 2172 0.100345 125.873
390	1	383.555	16398	16387.3	10.6456	452	90	176	0	0.0001 Colloc0 452 2181 0.0828137 123.334
400	1	393.515	16359.1	16348.4	10.7361	443	88	178	2	0.0001 Colloc0 443 2193 0.125567 128.399
410	1	403.569	16354.3	16342.8	11.4819	462	98	168	3	0.0001 Colloc0 462 2185 0.0522641 173.294
420	1	413.549	16339.6	16328.1	11.4878	481	96	170	2	0.0001 Colloc0 481 2184 0.0393265 173.669
430	1	423.373	16366.3	16355.6	10.6711	470	99	167	4	0.0001 Colloc0 470 2160 0.165294 124.753
440	1	433.453	16233.1	16222.5	10.5695	471	104	162	2	0.0001 Colloc0 471 2157 0.206468 119.145
450	1	443.314	16266.3	16255.2	11.1448	453	101	165	2	0.0001 Colloc0 453 2176 0.0724826 152.342
460	1	452.836	16368.8	16358.2	10.6207	474	91	175	1	0.0001 Colloc0 474 2169 0.187141 121.955
470	1	462.597	16320	16309.5	10.4852	465	104	162	1	0.0001 Colloc0 465 2189 0.173268 114.583
480	1	472.383	16199.8	16189.3	10.4728	471	108	158	4	0.0001 Colloc0 471 2165 0.19129 113.917
490	1	482.374	16319	16308.7	10.2517	448	114	152	1	0.0001 Colloc0 448 2196 0.182708 102.379
500	1	491.751	16278.7	16267.7	10.9962	446	107	159	3	0.0001 Colloc0 446 2164 0.0611239 143.441
510	1	501.586	16327.5	16316	11.4334	450	93	173	1	0.0001 Colloc0 450 2188 0.016126 170.218
520	1	511.264	16388.6	16377.5	11.1802	448	99	167	2	0.0001 Colloc0 448 2188 0.064757 154.491
530	1	521.012	16386.2	16375.2	10.9702	454	89	177	2	0.0001 Colloc0 454 2157 0.148053 141.904
540	1	530.906	16239.2	16228.4	10.7431	445	99	167	1	0.0001 Colloc0 445 2182 0.123804 128.793
550	1	540.815	16386.3	16375.5	10.7886	449	90	176	0	0.0001 Colloc0 449 2193 0.0965057 131.377
560	1	550.664	16318.9	16308	10.8838	456	101	165	0	0.0001 Colloc0 456 2197 0.105641 136.855
570	1	560.554	16221.4	16211.3	10.1498	436	99	167	3	0.0001 Colloc0 436 2177 0.183753 97.2633
580	1	570.273	16199.8	16189.1	10.7437	450	119	147	2	0.0001 Colloc0 450 2168 0.0967466 128.829
590	1	580.012	16168.9	16157.9	11.0555	452	111	155	2	0.0001 Colloc0 452 2188 0.05981 146.968
600	1	589.976	16154.1	16143.9	10.2406	447	111	155	2	0.0001 Colloc0 447 2162 0.18887 101.814
610	1	599.657	16213.5	16203	10.4851	449	94	172	3	0.0001 Colloc0 449 2169 0.14255 114.576
620	1	609.569	16351.3	16340.5	10.8131	467	83	183	2	0.0001 Colloc0 467 2163 0.120712 132.775
630	1	619.09	16301.8	16291.2	10.5516	441	89	177	2	0.0001 Colloc0 441 2180 0.109931 118.169
640	1	628.994	16216.1	16205.1	10.9272	433	103	163	3	0.0001 Colloc0 433 2187 0.128492 139.383
650	1	638.973	16272.3	16261.5	10.7401	454	100	166	1	0.0001 Colloc0 454 2168 0.100856 128.627
660	1	648.821	16252.3	16241	11.306	430	101	165	0	0.0001 Colloc0 430 2192 0.00949829 162.234
670	1	658.826	16220.6	16209.6	10.9873	448	115	151	3	0.0001 Colloc0 448 2167 0.0906282 142.912
680	1	668.516	16107.4	16097.2	10.2838	446	124	142	1	0.0001 Colloc0 446 2150 0.187591 104.017
690	1	677.974	16129.7	16119.8	9.91085	443	110	156	2	0.0001 Colloc0 443 2171 0.226962 85.7914
700	1	687.223	16136.6	16126.2	10.3916	439	134	132	0	0.0001 Colloc0 439 2150 0.205323 109.608
710	1	696.988	16318.2	16307.1	11.0419	469	96	170	4	0.0001 Colloc0 469 2172 0.142994 146.154
720	1	706.754	16255.9	16245.3	10.5694	439	105	161	2	0.0001 Colloc0 439 2171 0.109609 119.139
730	1	716.443	16237.7	16226.9	10.8036	449	101	165	4	0.0001 Colloc0 449 2143 0.0885735 132.233
740	1	726.385	16293.3	16282.3	10.9969	454	100	166	2	0.0001 Colloc0 454 2186 0.0928228 143.479
750	1	735.754	16195.6	16185	10.6768	437	107	159	1	0.0001 Colloc0 437 2167 0.111395 125.072
760	1	745.403	16181.1	16170.8	10.3464	447	104	162	4	0.0001 Colloc0 447 2167 0.17766 107.248
770	1	755.204	16152.6	16141.9	10.6378	430	110	156	3	0.0001 Colloc0 430 2176 0.104397 122.902
780	1	764.791	16163.7	16152.8	10.8969	440	113	153	1	0.0001 Colloc0 440 2177 0.13709 137.616
790	1	774.846	16157.1	16146.8	10.3526	432	118	148	2	0.0001 Colloc0 432 2162 0.197264 107.57
800	1	784.842	16147	16136.5	10.4819	445	105	161	1	0.0001 Colloc0 445 2151 0.163233 114.402
810	1	794.857	16231.4	16220.7	10.7194	452	107	159	2	0.0001 Colloc0 452 2182 0.112234 127.455
820	1	804.784	16299.5	16289.4	10.1061	463	95	171	1	0.0001 Colloc0 463 2154 0.221946 95.1102
830	1	814.766	16162.8	16152.3	10.4835	447	113	153	1	0.0001 Colloc0 447 2199 0.195773 114.488
840	1	824.781	16109.1	16098.7	10.4316	434	123	143	2	0.0001 Colloc0 434 2163 0.172473 111.724
850	1	834.448	16237.3	16227.1	10.2419	443	110	156	1	0.0001 Colloc0 443 2181 0.235569 101.879
860	1	844.365	16286.6	16276.5	10.1541	452	89	177	0	0.0001 Colloc0 452 2198 0.170161 97.4741
870	1	854.256	16229.5	16219.8	9.71115	440	87	179	1	0.0001 Colloc0 440 2201 0.261673 76.7923
880	1	863.684	16246	16235.8	10.2049	445	101	165	2	0.0001 Colloc0 445 2201 0.206933 100.012
890	1	873.381	16270.7	16260.9	9.87112	464	104	162	2	0.0001 Colloc0 464 2187 0.262005 83.9578
900	1	883.328	16145.1	16134.6	10.4906	444	125	141	1	0.0001 Colloc0 444 2206 0.148368 114.873
910	1	893.132	16385.6	16374.9	10.7051	453	87	179	3	0.0001 Colloc0 453 2219 0.161244 126.652
920	1	902.358	16251.1	16240.4	10.6923	437	99	167	1	0.0001 Colloc0 437 2194 0.141332 125.937
930	1	912.116	16341.2	16330.3	10.9283	441	90	176	2	0.0001 Colloc0 441 2188 0.097391 139.445
940	1	921.669	16171	16160.5	10.4833	439	106	160	3	0.0001 Colloc0 439 2190 0.15851 114.481
950	1	931.403	16242.1	16231	11.1111	465	111	155	3	0.0001 Colloc0 465 2212 0.0563608 150.301
960	1	941.181	16220.1	16209.8	10.3398	465	100	166	2	0.0001 Colloc0 465 2183 0.193613 106.903
970	1	950.975	16145.3	16134.3	11.0914	421	113	153	0	0.0001 Colloc0 421 2166 0.0194481 149.115
980	1	960.871	16096.5	16085.8	10.6546	442	125	141	1	0.0001 Colloc0 442 2187 0.110805 123.832
990	1	970.642	16284.9	16273.9	10.974	456	106	160	3	0.0001 Colloc0 456 2205 0.0957592 142.13
1000	1	980.557	16228.4	16217.4	10.9519	459	95	171	1	0.0001 Colloc0 459 2191 0.0956974 140.828
1010	1	990.212	16280.2	16269.7	10.5326	446	100	166	2	0.0001 Colloc0 446 2184 0.15625 117.134
1020	1	1000.02	16238.4	16227.4	10.9865	452	95	171	0	0.0001 Colloc0 452 2187 0.160054 142.868
1030	1	1010	16198.8	16188.2	10.6407	441	112	154	0	0.0001 Colloc0 441 2192 0.137957 123.059
1040	1	1019.88	16180.3	16169.2	11.0413	450	105	161	1	0.0001 Colloc0 450 2184 0.090345 146.119
1050	1	1029.73	16273.4	16263.3	10.0852	461	107	159	2	0.0001 Colloc0 461 2200 0.256519 94.0888
1060	1	1039.46	16104.5	16094.5	10.0577	436	117	149	0	0.0001 Colloc0 436 2181 0.195152 92.7524
1070	1	1049.34	16178.1	16167.6	10.5064	445	101	165	1	0.0001 Colloc0 445 2182 0.176315 115.719
1080	1	1058.89	16221	16210.1	10.9369	433	99	167	2	0.0001 Colloc0 433 2190 0.0689272 139.951
1090	1	1068.77	16132.7	16122.4	10.2956	441	120	146	1	0.0001 Colloc0 441 2193 0.161285 104.62
1100	1	1078.66	16228.8	16218.1	10.6666	429	99	167	0	0.0001 Colloc0 429 2196 0.0769723 124.499
1110	1	1088.65	16334.5	16323.8	10.7281	446	94	172	3	0.0001 Colloc0 446 2208 0.0999423 127.945
1120	1	1098.2	16355.2	16344.1	11.1353	465	93	173	2	0.0001 Colloc0 465 2217 0.0909134 151.763
1130	1	1107.7	16321.1	16311.1	9.9631	430	92	174	0	0.0001 Colloc0 430 2197 0.211472 88.2358
1140	1	1117.38	16167.9	16156.8	11.0939	438	111	155	2	0.0001 Colloc0 438 2173 0.059057 149.268
1150	1	1126.93	16298.7	16288.3	10.4161	442	88	178	2	0.0001 Colloc0 442 2185 0.15437 110.902
1160	1	1136.9	16226.6	16216	10.5836	440	95	171	1	0.0001 Colloc0 440 2204 0.136742 119.915
1170	1	1146.67	16288.6	16277.2	11.3279	445	96	170	1	0.0001 Colloc0 445 2197 0.0221421 163.593
1180	1	1156.17	16250	16239.3	10.7368	439	110	156	1	0.0001 Colloc0 439 2198 0.119494 128.44
1190	1	1166.16	16147.5	16137.1	10.4166	441	106	160	1	0.0001 Colloc0 441 2172 0.132542 110.93
1200	1	1176.09	16272.8	16262.8	10.0386	469	98	168	2	0.0001 Colloc0 469 2151 0.274889 91.83
1210	1	1185.81	16135.8	16126	9.81813	460	104	162	1	0.0001 Colloc0 460 2160 0.277231 81.5454
1220	1	1195.55	16183.2	16172.6	10.5928	436	119	147	1	0.0001 Colloc0 436 2153 0.0671964 120.419
1230	1	1205.19	16223.8	16212.5	11.3397	437	102	164	1	0.0001 Colloc0 437 2188 0.0147028 164.33
1240	1	1215.22	16223.5	16213.9	9.67701	462	85	181	1	0.0001 Colloc0 462 2194 0.297246 75.3091
1250	1	1224.69	16143.5	16132.6	10.8442	431	126	140	1	0.0001 Colloc0 431 2196 0.122305 134.562
1260	1	1234.17	16226.8	16216.1	10.6727	435	102	164	3	0.0001 Colloc0 435 2176 0.124931 124.843
1270	1	1243.96	16216.4	16205.3	11.0318	444	102	164	2	0.0001 Colloc0 444 2173 0.063871 145.551
1280	1	1253.96	16194.6	16184.2	10.3926	437	101	165	0	0.0001 Colloc0 437 2206 0.132846 109.665
1290	1	1263.41	16215.9	16205.8	10.022	451	98	168	4	0.0001 Colloc0 451 2163 0.217237 91.0357
1300	1	1273.34	16200	16189.2	10.7226	444	98	168	3	0.0001 Colloc0 444 2191 0.154864 127.637
1310	1	1283.22	16221.7	16211.5	10.1608	444	102	164	6	0.0001 Colloc0 444 2178 0.252228 97.808
1320	1	1292.55	16351.6	16341	10.6685	453	88	178	3	0.0001 Colloc0 453 2190 0.169506 124.607
1330	1	1302.6	16286	16274.8	11.2256	443	87	179	3	0.0001 Colloc0 443 2171 0.079158 157.268
1340	1	1312.47	16291	16280	10.9906	446	100	166	1	0.0001 Colloc0 446 2208 0.0539792 143.111
1350	1	1322.42	16224.2	16213.3	10.9513	445	114	152	3	0.0001 Colloc0 445 2196 0.0640227 140.796
1360	1	1332.14	16273.9	16263.5	10.4295	453	106	160	1	0.0001 Colloc0 453 2204 0.171397 111.608
1370	1	1341.71	16206.6	16196.3	10.3809	438	116	150	1	0.0001 Colloc0 438 2199 0.1132 109.049
1380	1	1351.17	16168	16157.4	10.629	453	110	156	3	0.0001 Colloc0 453 2166 0.16721 122.416
1390	1	1361.05	16187.4	16176.5	10.8547	451	106	160	2	0.0001 Colloc0 451 2176 0.102194 135.173
1400	1	1370.86	16331.2	16320.6	10.5831	457	93	173	3	0.0001 Colloc0 457 2170 0.11936 119.89
1410	1	1380.67	16354.8	16343.5	11.3483	456	84	182	3	0.0001 Colloc0 456 2173 0.0359216 164.869
1420	1	1390.53	16309	16297.9	11.0569	440	100	166	3	0.0001 Colloc0 440 2210 0.0745722 147.048
1430	1	1400.3	16324.8	16313.5	11.2522	432	102	164	3	0.0001 Colloc0 432 2196 0.0296911 158.907
1440	1	1410.23	16283.4	16272.2	11.2363	436	104	162	3	0.0001 Colloc0 436 2184 0.0493193 157.926
1450	1	1419.99	16345.9	16335.4	10.5379	443	91	175	2	0.0001 Colloc0 443 2212 0.13161 117.426
1460	1	1429.75	16201.4	16190.5	10.8406	439	109	157	3	0.0001 Colloc0 439 2175 0.0977144 134.357
1470	1	1439.63	16204.6	16194.2	10.3931	435	89	177	1	0.0001 Colloc0 435 2171 0.203893 109.69
1480	1	1449.66	16254.8	16244.9	9.93755	445	96	170	2	0.0001 Colloc0 445 2198 0.234776 87.0359
1490	1	1459.6	16165	16154	10.9583	431	108	158	2	0.0001 Colloc0 431 2172 0.0869567 141.203
1500	1	1469.64	16232.3	16221.4	10.9118	431	104	162	2	0.0001 Colloc0 431 2193 0.101702 138.486
1510	1	1479.31	16143.4	16132.4	10.9922	424	104	162	1	0.0001 Colloc0 424 2176 0.0896078 143.205
1520	1	1489.18	16258.3	16247.7	10.6129	436	90	176	1	0.0001 Colloc0 436 2196 0.0912632 121.525
1530	1	1498.72	16133.6	16123.7	9.85167	434	110	156	3	0.0001 Colloc0 434 2192 0.232078 83.0679
1540	1	1508.5	16207.2	16197	10.2081	447	106	160	2	0.0001 Colloc0 447 2202 0.216139 100.172
1550	1	1518.2	16151.9	16141.7	10.2881	431	107	159	3	0.0001 Colloc0 431 2179 0.229131 104.237
1560	1	1527.39	16161.4	16150.5	10.8638	429	113	153	5	0.0001 Colloc0 429 2202 0.0786419 135.699
1570	1	1537.1	16310.9	16300.4	10.4954	436	94	172	1	0.0001 Colloc0 436 2206 0.102023 115.129
1580	1	1546.58	16232.6	16222.9	9.75482	420	102	164	3	0.0001 Colloc0 420 2205 0.230076 78.7135
1590	1	1556.26	16398	16387.2	10.8163	461	93	173	3	0.0001 Colloc0 461 2197 0.150516 132.961
1600	1	1566.06	16282.6	16272.7	9.89197	449	97	169	4	0.0001 Colloc0 449 2189 0.256484 84.9173
1610	1	1575.86	16241.7	16231.1	10.5457	431	95	171	1	0.0001 Colloc0 431 2215 0.140508 117.848
1620	1	1585.41	16323.5	16312.2	11.283	454	95	171	0	0.0001 Colloc0 454 2190 0.0489314 160.805
1630	1	1595.3	16254.9	16244.3	10.6027	456	101	165	2	0.0001 Colloc0 456 2167 0.168065 120.963
1640	1	1605.28	16252.8	16242.3	10.4344	436	104	162	5	0.0001 Colloc0 436 2186 0.12924 111.872
1650	1	1614.63	16329.4	16318.4	10.9598	463	93	173	4	0.0001 Colloc0 463 2168 0.0799248 141.295
1660	1	1624.31	16210	16199.9	10.1647	428	104	162	3	0.0001 Colloc0 428 2200 0.158694 98.0017
1670	1	1633.89	16286.7	16276.5	10.2471	436	92	174	4	0.0001 Colloc0 436 2220 0.177456 102.145
1680	1	1643.7	16313	16301.9	11.1074	439	92	174	0	0.0001 Colloc0 439 2211 0.077343 150.082
1690	1	1653.2	16197.4	16186.4	11.0189	435	112	154	0	0.0001 Colloc0 435 2177 0.091705 144.785
1700	1	1663.05	16397.7	16386.3	11.3719	456	91	175	3	0.0001 Colloc0 456 2201 0.051365 166.342
1710	1	1672.98	16158.4	16148.4	9.96257	451	103	163	1	0.0001 Colloc0 451 2167 0.259449 88.2107
1720	1	1682.29	16073.3	16062.6	10.7147	433	119	147	2	0.0001 Colloc0 433 2169 0.139909 127.191
1730	1	1691.65	16200.2	16189.5	10.6623	434	100	166	1	0.0001 Colloc0 434 2188 0.101604 124.26
1740	1	1701.45	16206.4	16195.8	10.5178	451	107	159	2	0.0001 Colloc0 451 2187 0.152742 116.337
1750	1	1711.43	16197.3	16186.9	10.427	444	114	152	1	0.0001 Colloc0 444 2177 0.165372 111.478
1760	1	1721.4	16187.3	16176.5	10.762	461	116	150	1	0.0001 Colloc0 461 2191 0.150836 129.867
1770	1	1730.7	16152.6	16142.1	10.5055	430	115	151	2	0.0001 Colloc0 430 2207 0.119006 115.673
1780	1	1740.09	16219.6	16208.4	11.1955	445	107	159	2	0.0001 Colloc0 445 2187 0.159876 155.427
1790	1	1750.02	16077.9	16067.8	10.1219	436	116	150	0	0.0001 Colloc0 436 2176 0.200689 95.8848
1800	1	1759.54	16103.4	16092.9	10.4452	440	112	154	0	0.0001 Colloc0 440 2156 0.163385 112.446
1810	1	1769.35	16239.2	16228.3	10.8549	441	104	162	1	0.0001 Colloc0 441 2170 0.105283 135.183
1820	1	1778.81	16154.2	16143.4	10.8608	427	101	165	1	0.0001 Colloc0 427 2164 0.0965131 135.521
1830	1	1788.68	16336.3	16325.8	10.5559	465	98	168	1	0.0001 Colloc0 465 2188 0.191803 118.403
1840	1	1798.79	16116.6	16106.1	10.5293	441	118	148	1	0.0001 Colloc0 441 2180 0.10796 116.958
1850	1	1808.63	16190.2	16179.8	10.3966	429	103	163	3	0.0001 Colloc0 429 2207 0.172045 109.871
1860	1	1818.5	16131.8	16121.6	10.2394	428	117	149	3	0.0001 Colloc0 428 2210 0.13722 101.752
1870	1	1827.93	16321.6	16310.6	10.9671	445	107	159	0	0.0001 Colloc0 445 2228 0.056186 141.722
1880	1	1837.88	16298.4	16287.9	10.5098	445	92	174	0	0.0001 Colloc0 445 2204 0.151926 115.903
1890	1	1847.74	16215.8	16204.6	11.1903	434	103	163	0	0.0001 Colloc0 434 2197 0.0559835 155.106
1900	1	1857.11	16353.1	16342.3	10.759	446	91	175	3	0.0001 Colloc0 446 2230 0.091901 129.696
1910	1	1866.56	16211.3	16200	11.2566	439	99	167	0	0.0001 Colloc0 439 2202 0.0211982 159.179
1920	1	1876.16	16169	16158.3	10.7108	433	101	165	2	0.0001 Colloc0 433 2188 0.111396 126.971
1930	1	1885.85	16297.2	16286.8	10.3377	429	92	174	1	0.0001 Colloc0 429 2217 0.223941 106.797
1940	1	1895.43	16277.9	16267.3	10.5175	460	95	171	2	0.0001 Colloc0 460 2200 0.206473 116.319
1950	1	1905.23	16172.6	16163.2	9.43324	453	109	157	0	0.0001 Colloc0 453 2189 0.285007 65.2009
1960	1	1915.13	16264.5	16253.3	11.1478	434	98	168	4	0.0001 Colloc0 434 2172 0.0627842 152.525
1970	1	1924.72	16303	16292.2	10.8719	446	89	177	1	0.0001 Colloc0 446 2194 0.10783 136.164
1980	1	1934.48	16193.6	16182.8	10.8264	428	105	161	2	0.0001 Colloc0 428 2172 0.107455 133.539
1990	1	1944.36	16110.1	16099.9	10.2561	425	123	143	3	0.0001 Colloc0 425 2177 0.147842 102.602
2000	1	1953.99	16246.6	16236.2	10.4547	454	105	161	3	0.0001 Colloc0 454 2185 0.149304 112.948
