# D = 0, E = 1, I = 1, P = 1, R = -1, n = 2000, N = 1, P = 1, w = 1, a = 0.0001, b = 10000, e = 1, f = 1, g = 100, h = 0.01, r = 23073, s = 1, S = 0, x = 10, m = 100, Z = 1, z = 0, T = 1, t = 1
# 5796 tokens in 266 sentences
#
# It	Temp	Time	-logP	-logPcorpus	-logPrior	tables	same	changed	reject	default_pya	(parent pym pyn pya pyb)*
0	1	0.754885	22140.3	22026.5	113.764	1114	0	266	0	0.0001 Colloc0 1114 1603 0.0001 10000
10	1	11.4083	17611.2	17599.5	11.7629	534	61	205	3	0.0001 Colloc0 534 2298 0.0606763 191.502
20	1	21.3048	17361.4	17350.2	11.2117	488	66	200	2	0.0001 Colloc0 488 2323 0.0146226 156.418
30	1	31.3442	17004.4	16993.2	11.175	465	77	189	1	0.0001 Colloc0 465 2275 0.019938 154.175
40	1	41.2387	17002.3	16991	11.3523	466	83	183	1	0.0001 Colloc0 466 2270 0.0232841 165.116
50	1	50.9882	16937.2	16925.6	11.6316	501	94	172	2	0.0001 Colloc0 501 2279 0.0947307 182.917
60	1	60.8298	16930.6	16919.2	11.4441	494	77	189	2	0.0001 Colloc0 494 2248 0.0630414 170.895
70	1	70.8012	16806.1	16794.7	11.3325	496	93	173	2	0.0001 Colloc0 496 2242 0.0548841 163.88
80	1	80.4678	16843.8	16832.2	11.5998	480	90	176	2	0.0001 Colloc0 480 2223 0.0319402 180.857
90	1	90.4033	16751.3	16740.3	10.9622	467	93	173	3	0.0001 Colloc0 467 2223 0.102918 141.437
100	1	100.232	16828.3	16817.1	11.2789	484	93	173	2	0.0001 Colloc0 484 2232 0.0546459 160.551
110	1	109.685	16937.6	16926.5	11.0913	472	81	185	2	0.0001 Colloc0 472 2278 0.115604 149.113
120	1	119.523	16924.1	16912.6	11.4866	475	85	181	2	0.0001 Colloc0 475 2276 0.0325541 173.591
130	1	129.497	16887	16875.9	11.1007	473	84	182	3	0.0001 Colloc0 473 2278 0.0833819 149.675
140	1	139.445	16836.6	16825.4	11.2143	476	87	179	5	0.0001 Colloc0 476 2272 0.124135 156.578
150	1	148.879	16822.6	16811.8	10.8221	475	83	183	0	0.0001 Colloc0 475 2265 0.154604 133.294
160	1	158.291	16844.8	16833.3	11.5108	467	96	170	1	0.0001 Colloc0 467 2262 0.0214742 175.138
170	1	167.835	16742.8	16732.1	10.7114	467	102	164	2	0.0001 Colloc0 467 2244 0.131278 127.007
180	1	177.631	16741.5	16730.7	10.7982	454	96	170	3	0.0001 Colloc0 454 2253 0.138246 131.927
190	1	187.254	16829.2	16817.7	11.4949	482	82	184	4	0.0001 Colloc0 482 2263 0.029392 174.12
200	1	197.107	16718.6	16707.7	10.9054	485	84	182	2	0.0001 Colloc0 485 2230 0.101491 138.11
210	1	206.956	16787.4	16776.1	11.2456	486	88	178	2	0.0001 Colloc0 486 2255 0.0377512 158.497
220	1	216.446	16758.5	16746.9	11.6373	470	88	178	1	0.0001 Colloc0 470 2279 0.0199947 183.284
230	1	225.87	16758.5	16747.2	11.3139	459	82	184	3	0.0001 Colloc0 459 2250 0.0233947 162.726
240	1	235.487	16772.1	16760.8	11.2372	467	83	183	3	0.0001 Colloc0 467 2255 0.0425531 157.982
250	1	244.816	16739.1	16728	11.0945	455	92	174	2	0.0001 Colloc0 455 2258 0.0558224 149.306
260	1	254.521	16689.6	16678.5	11.1091	483	102	164	3	0.0001 Colloc0 483 2212 0.101311 150.184
270	1	263.974	16622.6	16611	11.6287	464	94	172	2	0.0001 Colloc0 464 2222 0.0539954 182.723
280	1	273.909	16639.9	16628.3	11.576	473	92	174	4	0.0001 Colloc0 473 2244 0.0221045 179.316
290	1	283.636	16653.8	16642.7	11.1366	455	102	164	2	0.0001 Colloc0 455 2242 0.0170981 151.841
300	1	293.356	16576.6	16565.2	11.3847	463	94	172	2	0.0001 Colloc0 463 2219 0.0568822 167.148
310	1	303.035	16566.3	16555.6	10.6762	463	103	163	2	0.0001 Colloc0 463 2196 0.168628 125.034
320	1	312.491	16496	16484.9	11.0694	435	97	169	2	0.0001 Colloc0 435 2223 0.0251608 147.797
330	1	322.091	16608.2	16596.9	11.3858	444	95	171	3	0.0001 Colloc0 444 2242 0.0101298 167.214
340	1	332.056	16710.6	16699.6	11.0135	446	102	164	1	0.0001 Colloc0 446 2256 0.0609593 144.468
350	1	341.512	16744.7	16733.2	11.4102	459	81	185	1	0.0001 Colloc0 459 2274 0.00950675 168.753
360	1	351.246	16672.9	16661.6	11.2905	464	98	168	3	0.0001 Colloc0 464 2250 0.0338157 161.272
370	1	361.037	16691.8	16680.5	11.2421	464	91	175	2	0.0001 Colloc0 464 2249 0.0803686 158.285
380	1	370.81	16722.8	16711.9	10.8678	460	95	171	1	0.0001 Colloc0 460 2249 0.111117 135.929
390	1	380.595	16697.2	16685.7	11.4582	478	86	180	3	0.0001 Colloc0 478 2224 0.0253976 171.787
400	1	390.328	16720.5	16709.4	11.0667	463	93	173	5	0.0001 Colloc0 463 2243 0.0777884 147.637
410	1	400.19	16601.4	16590.6	10.7438	452	103	163	1	0.0001 Colloc0 452 2243 0.101489 128.836
420	1	409.984	16648.4	16636.9	11.5073	447	89	177	1	0.0001 Colloc0 447 2225 0.00504952 174.91
430	1	419.813	16668.1	16657.3	10.8458	455	90	176	1	0.0001 Colloc0 455 2233 0.106913 134.657
440	1	429.756	16628	16617.1	10.8623	471	94	172	2	0.0001 Colloc0 471 2235 0.0939692 135.609
450	1	439.711	16476.7	16465.9	10.8031	461	104	162	2	0.0001 Colloc0 461 2201 0.114303 132.204
460	1	449.654	16560.3	16548.9	11.4361	444	99	167	1	0.0001 Colloc0 444 2212 0.0217813 170.388
470	1	459.556	16522.1	16510.6	11.4892	451	103	163	4	0.0001 Colloc0 451 2218 0.0206309 173.759
480	1	469.499	16594.7	16583.9	10.7539	470	78	188	1	0.0001 Colloc0 470 2222 0.130691 129.407
490	1	479.451	16610.7	16599.4	11.2726	467	102	164	2	0.0001 Colloc0 467 2218 0.081628 160.166
500	1	489.262	16579	16567.6	11.3816	445	98	168	1	0.0001 Colloc0 445 2217 0.00645206 166.954
510	1	499.007	16548.4	16537.2	11.2074	454	99	167	0	0.0001 Colloc0 454 2204 0.0859802 156.155
520	1	508.67	16657.2	16647	10.2302	465	91	175	1	0.0001 Colloc0 465 2235 0.236446 101.289
530	1	517.935	16528.6	16517.6	10.9823	444	100	166	0	0.0001 Colloc0 444 2212 0.0548742 142.622
540	1	528.109	16596.7	16586.3	10.3441	468	97	169	2	0.0001 Colloc0 468 2204 0.19007 107.126
550	1	538.062	16539	16527.8	11.1706	452	89	177	2	0.0001 Colloc0 452 2200 0.0702728 153.908
560	1	548.005	16568.1	16557	11.0955	456	91	175	1	0.0001 Colloc0 456 2235 0.0702725 149.366
570	1	557.794	16543.1	16532.4	10.6827	445	96	170	1	0.0001 Colloc0 445 2234 0.124954 125.399
580	1	567.654	16514	16503.3	10.7318	451	102	164	0	0.0001 Colloc0 451 2216 0.123284 128.154
590	1	577.358	16531.1	16520.3	10.7603	453	110	156	1	0.0001 Colloc0 453 2241 0.113661 129.77
600	1	587.224	16490.6	16479.6	10.9495	461	103	163	4	0.0001 Colloc0 461 2230 0.185519 140.687
610	1	597.208	16549.4	16539	10.4411	465	103	163	3	0.0001 Colloc0 465 2206 0.178062 112.228
620	1	607.194	16517.1	16506.5	10.6709	439	93	173	2	0.0001 Colloc0 439 2224 0.117127 124.738
630	1	616.644	16571	16560.7	10.3138	454	91	175	2	0.0001 Colloc0 454 2255 0.158147 105.559
640	1	626.077	16634.2	16623	11.2207	447	86	180	5	0.0001 Colloc0 447 2268 0.0189311 156.97
650	1	635.912	16460.3	16449.4	10.8973	436	111	155	4	0.0001 Colloc0 436 2276 0.0930698 137.637
660	1	645.797	16526.6	16515.5	11.1705	439	110	156	2	0.0001 Colloc0 439 2263 0.0515817 153.899
670	1	655.625	16498.2	16487.5	10.719	437	102	164	2	0.0001 Colloc0 437 2274 0.0722686 127.435
680	1	665.499	16627.1	16616.7	10.4038	446	91	175	5	0.0001 Colloc0 446 2238 0.153372 110.252
690	1	675.414	16684.5	16673.6	10.8909	442	89	177	2	0.0001 Colloc0 442 2286 0.129935 137.269
700	1	684.926	16550.7	16539.7	11.0078	446	99	167	4	0.0001 Colloc0 446 2266 0.127376 144.125
710	1	694.133	16577.6	16566.4	11.2111	450	97	169	3	0.0001 Colloc0 450 2235 0.0258794 156.383
720	1	703.85	16536.8	16525.5	11.2927	441	96	170	1	0.0001 Colloc0 441 2247 0.0574024 161.406
730	1	713.379	16550	16539	10.983	455	99	167	1	0.0001 Colloc0 455 2262 0.0578054 142.662
740	1	723.306	16578	16567.2	10.8049	464	95	171	2	0.0001 Colloc0 464 2269 0.133713 132.307
750	1	733.052	16549.2	16539.2	10.0069	450	92	174	3	0.0001 Colloc0 450 2233 0.242011 90.3125
760	1	742.471	16494.1	16484	10.1481	461	99	167	2	0.0001 Colloc0 461 2243 0.224412 97.1803
770	1	752.295	16515.3	16504.9	10.4598	449	97	169	4	0.0001 Colloc0 449 2228 0.142318 113.219
780	1	762.207	16429.5	16419	10.5448	449	112	154	1	0.0001 Colloc0 449 2251 0.157997 117.8
790	1	771.871	16528.8	16518.1	10.6919	464	96	170	3	0.0001 Colloc0 464 2231 0.139188 125.914
800	1	781.528	16462.6	16452	10.578	455	107	159	2	0.0001 Colloc0 455 2223 0.137104 119.609
810	1	791.499	16397.5	16386.5	11.0145	438	117	149	2	0.0001 Colloc0 438 2227 0.083814 144.528
820	1	801.084	16435.1	16424.5	10.6409	447	111	155	4	0.0001 Colloc0 447 2225 0.13668 123.072
830	1	810.899	16517.9	16506.9	11.0183	460	108	158	1	0.0001 Colloc0 460 2256 0.0930057 144.749
840	1	820.374	16620.9	16609.9	11.0665	440	96	170	2	0.0001 Colloc0 440 2266 0.0427516 147.623
850	1	830.069	16582.1	16571.2	10.8492	438	93	173	4	0.0001 Colloc0 438 2258 0.0920209 134.854
860	1	839.644	16472.6	16462	10.5669	447	107	159	2	0.0001 Colloc0 447 2240 0.117486 118.999
870	1	849.003	16607.4	16596.6	10.7808	453	95	171	3	0.0001 Colloc0 453 2271 0.0827947 130.934
880	1	858.482	16666.2	16655.6	10.5326	475	92	174	3	0.0001 Colloc0 475 2229 0.139888 117.136
890	1	867.852	16519.9	16508.8	11.1464	440	98	168	2	0.0001 Colloc0 440 2226 0.0204259 152.438
900	1	877.66	16622.2	16611	11.1625	456	88	178	1	0.0001 Colloc0 456 2210 0.0118186 153.416
910	1	887.358	16588.5	16577.4	11.07	456	93	173	5	0.0001 Colloc0 456 2233 0.0786382 147.833
920	1	897.022	16571.3	16560.4	10.9156	458	90	176	3	0.0001 Colloc0 458 2245 0.0837222 138.703
930	1	906.609	16551.5	16540.5	10.9644	444	91	175	2	0.0001 Colloc0 444 2240 0.0668836 141.563
940	1	916.561	16483.5	16472.8	10.7655	447	103	163	0	0.0001 Colloc0 447 2198 0.106136 130.065
950	1	926.617	16571.5	16561	10.4471	442	90	176	3	0.0001 Colloc0 442 2223 0.176138 112.543
960	1	936.667	16608.3	16597.7	10.6015	444	97	169	2	0.0001 Colloc0 444 2255 0.125175 120.896
970	1	946.575	16565.6	16554.4	11.142	449	101	165	0	0.0001 Colloc0 449 2232 0.0826948 152.172
980	1	956.213	16518.4	16506.8	11.5577	434	84	182	2	0.0001 Colloc0 434 2216 0.0159237 178.143
990	1	966.073	16542.7	16532.5	10.1707	444	99	167	1	0.0001 Colloc0 444 2250 0.182163 98.2988
1000	1	975.948	16597.1	16587.3	9.81551	457	96	170	0	0.0001 Colloc0 457 2252 0.227524 81.4268
1010	1	985.839	16401	16390.1	10.8677	436	121	145	1	0.0001 Colloc0 436 2230 0.0671215 135.923
1020	1	995.653	16552.1	16541.7	10.4261	451	102	164	2	0.0001 Colloc0 451 2250 0.152883 111.431
1030	1	1005.57	16583.8	16572.3	11.5431	454	99	167	1	0.0001 Colloc0 454 2275 0.0141059 177.205
1040	1	1015.31	16621.3	16610.5	10.8565	452	93	173	2	0.0001 Colloc0 452 2276 0.116584 135.275
1050	1	1024.96	16543.7	16533.2	10.4906	438	95	171	3	0.0001 Colloc0 438 2270 0.0850703 114.872
1060	1	1034.8	16427	16416.6	10.4224	436	107	159	2	0.0001 Colloc0 436 2235 0.14481 111.234
1070	1	1044.68	16558.6	16548.1	10.459	445	88	178	3	0.0001 Colloc0 445 2264 0.174361 113.178
1080	1	1054.32	16567.8	16557.6	10.2038	440	86	180	1	0.0001 Colloc0 440 2244 0.212261 99.9593
1090	1	1064.26	16549.4	16539	10.4235	458	97	169	2	0.0001 Colloc0 458 2255 0.185388 111.293
1100	1	1074.09	16536.7	16525.6	11.1242	451	93	173	1	0.0001 Colloc0 451 2271 0.0262972 151.095
1110	1	1083.94	16569.4	16558.8	10.6415	438	94	172	2	0.0001 Colloc0 438 2234 0.119331 123.107
1120	1	1093.74	16594.4	16584.1	10.2477	452	90	176	2	0.0001 Colloc0 452 2259 0.201003 102.175
1130	1	1103.58	16592	16581.5	10.4806	464	95	171	0	0.0001 Colloc0 464 2268 0.163318 114.335
1140	1	1113.45	16518.3	16507.9	10.3082	448	91	175	2	0.0001 Colloc0 448 2221 0.178071 105.269
1150	1	1123.19	16594.2	16583.7	10.4597	453	87	179	0	0.0001 Colloc0 453 2260 0.21371 113.214
1160	1	1132.93	16568.2	16557.3	10.8499	443	94	172	0	0.0001 Colloc0 443 2283 0.0979389 134.895
1170	1	1142.75	16366.4	16355.9	10.4614	430	108	158	0	0.0001 Colloc0 430 2248 0.12292 113.306
1180	1	1152.65	16347.7	16337.3	10.4464	441	116	150	0	0.0001 Colloc0 441 2244 0.168865 112.509
1190	1	1162.45	16397	16386.5	10.5531	443	121	145	3	0.0001 Colloc0 443 2233 0.138323 118.252
1200	1	1172.11	16440.8	16429.9	10.9074	438	111	155	3	0.0001 Colloc0 438 2260 0.0333976 138.227
1210	1	1182.03	16486.1	16475.3	10.8044	437	104	162	0	0.0001 Colloc0 437 2265 0.103341 132.282
1220	1	1191.48	16461.7	16451	10.6951	437	96	170	3	0.0001 Colloc0 437 2275 0.0896085 126.09
1230	1	1201.32	16479.8	16469.2	10.5774	441	103	163	2	0.0001 Colloc0 441 2244 0.111607 119.578
1240	1	1210.84	16365.7	16354.5	11.1555	435	114	152	1	0.0001 Colloc0 435 2244 0.0282043 152.989
1250	1	1220.62	16549.9	16538.8	11.1103	452	100	166	0	0.0001 Colloc0 452 2243 0.0654183 150.257
1260	1	1230.6	16464.6	16453.8	10.8312	442	105	161	2	0.0001 Colloc0 442 2264 0.0647682 133.816
1270	1	1240.45	16414.3	16403.7	10.5867	452	106	160	2	0.0001 Colloc0 452 2227 0.156243 120.086
1280	1	1250.14	16495.5	16485	10.4814	436	102	164	3	0.0001 Colloc0 436 2266 0.152986 114.376
1290	1	1260.16	16572	16561.3	10.6894	447	97	169	5	0.0001 Colloc0 447 2242 0.105595 125.772
1300	1	1270.07	16529.5	16519	10.464	455	96	170	0	0.0001 Colloc0 455 2227 0.168015 113.443
1310	1	1279.87	16587.8	16577.2	10.5952	431	93	173	3	0.0001 Colloc0 431 2265 0.112623 120.553
1320	1	1289.72	16436.9	16425.9	10.9594	447	101	165	1	0.0001 Colloc0 447 2219 0.0778676 141.272
1330	1	1299.48	16532.8	16522.5	10.3445	440	103	163	5	0.0001 Colloc0 440 2264 0.105217 107.149
1340	1	1309.26	16501.9	16491.4	10.5368	440	94	172	1	0.0001 Colloc0 440 2234 0.140559 117.365
1350	1	1319.15	16442.5	16432.2	10.3336	437	107	159	2	0.0001 Colloc0 437 2250 0.145472 106.581
1360	1	1329.08	16337.1	16326.1	11.0092	425	123	143	1	0.0001 Colloc0 425 2217 0.0674384 144.212
1370	1	1338.87	16531.9	16521	10.8408	443	89	177	1	0.0001 Colloc0 443 2238 0.0735683 134.371
1380	1	1348.71	16599.1	16588.3	10.7965	445	88	178	0	0.0001 Colloc0 445 2229 0.070441 131.828
1390	1	1358.68	16582.7	16572.3	10.3873	446	88	178	0	0.0001 Colloc0 446 2267 0.170253 109.382
1400	1	1368.47	16565	16554.3	10.6786	449	90	176	1	0.0001 Colloc0 449 2262 0.154638 125.167
1410	1	1377.98	16609.1	16598.3	10.7377	449	84	182	1	0.0001 Colloc0 449 2270 0.0527887 128.487
1420	1	1387.23	16560.6	16550.3	10.3232	457	93	173	1	0.0001 Colloc0 457 2232 0.161979 106.046
1430	1	1397.12	16537	16526.2	10.8288	441	101	165	2	0.0001 Colloc0 441 2272 0.0753042 133.681
1440	1	1407.04	16585.1	16574	11.124	442	96	170	1	0.0001 Colloc0 442 2229 0.0880457 151.08
1450	1	1416.82	16552.2	16541.2	11.0176	447	97	169	2	0.0001 Colloc0 447 2251 0.087536 144.712
1460	1	1426.8	16620.8	16610.1	10.666	456	92	174	2	0.0001 Colloc0 456 2292 0.134864 124.469
1470	1	1436.66	16586.4	16575.9	10.5609	433	80	186	4	0.0001 Colloc0 433 2267 0.0986588 118.677
1480	1	1446.44	16519.8	16509	10.7591	439	95	171	2	0.0001 Colloc0 439 2261 0.0986016 129.7
1490	1	1456.25	16571	16560.4	10.5519	437	90	176	2	0.0001 Colloc0 437 2272 0.110471 118.185
1500	1	1466	16530.8	16520.6	10.1947	456	92	174	0	0.0001 Colloc0 456 2252 0.202096 99.4999
1510	1	1475.7	16623	16612.3	10.7091	448	79	187	2	0.0001 Colloc0 448 2274 0.0753156 126.877
1520	1	1485.64	16429.6	16419.5	10.0715	432	91	175	0	0.0001 Colloc0 432 2271 0.179996 93.4217
1530	1	1495.53	16466.3	16455.3	11.0237	439	97	169	1	0.0001 Colloc0 439 2254 0.0525477 145.07
1540	1	1505.28	16512.8	16502.5	10.3153	455	112	154	1	0.0001 Colloc0 455 2259 0.160252 105.636
1550	1	1515.02	16544.3	16533	11.226	421	94	172	1	0.0001 Colloc0 421 2274 0.0182851 157.291
1560	1	1524.74	16617.2	16606.7	10.4583	450	90	176	2	0.0001 Colloc0 450 2280 0.158939 113.14
1570	1	1534.5	16543.8	16532.9	10.8591	431	87	179	0	0.0001 Colloc0 431 2279 0.114339 135.424
1580	1	1544.18	16413.7	16403.3	10.3533	434	113	153	2	0.0001 Colloc0 434 2286 0.12443 107.607
1590	1	1553.96	16518.7	16508.1	10.5901	448	103	163	2	0.0001 Colloc0 448 2273 0.106688 120.27
1600	1	1563.64	16400.1	16389.7	10.3608	427	115	151	1	0.0001 Colloc0 427 2253 0.129343 107.995
1610	1	1572.93	16515.3	16504.5	10.8236	432	101	165	5	0.0001 Colloc0 432 2289 0.0418602 133.378
1620	1	1582.15	16605.5	16594.4	11.0429	440	87	179	0	0.0001 Colloc0 440 2279 0.0435016 146.216
1630	1	1591.79	16512.6	16501.6	10.9693	427	86	180	2	0.0001 Colloc0 427 2264 0.0676138 141.851
1640	1	1601.54	16581.2	16570.7	10.5141	435	88	178	2	0.0001 Colloc0 435 2284 0.150037 116.137
1650	1	1611.4	16547	16535.9	11.0712	442	100	166	3	0.0001 Colloc0 442 2286 0.104082 147.906
1660	1	1621.3	16505.2	16494.3	10.9261	418	94	172	2	0.0001 Colloc0 418 2275 0.0153843 139.319
1670	1	1631.21	16645.6	16635.1	10.5445	444	90	176	2	0.0001 Colloc0 444 2288 0.128236 117.781
1680	1	1641.13	16354.7	16343.7	11.0161	420	97	169	3	0.0001 Colloc0 420 2283 0.0258224 144.621
1690	1	1651	16537.3	16526.3	10.9916	451	99	167	3	0.0001 Colloc0 451 2281 0.100192 143.168
1700	1	1660.74	16554.6	16543.3	11.2565	455	95	171	2	0.0001 Colloc0 455 2270 0.0344018 159.17
1710	1	1670.55	16565.4	16554.5	10.9132	458	92	174	2	0.0001 Colloc0 458 2271 0.0707502 138.566
1720	1	1680	16651.2	16640.1	11.0606	447	92	174	2	0.0001 Colloc0 447 2278 0.0697485 147.271
1730	1	1689.85	16424.7	16414.1	10.6242	431	108	158	3	0.0001 Colloc0 431 2244 0.0848052 122.148
1740	1	1699.77	16477.5	16467	10.5442	449	98	168	3	0.0001 Colloc0 449 2224 0.137724 117.765
1750	1	1709.65	16429.1	16418.6	10.4962	454	103	163	2	0.0001 Colloc0 454 2238 0.153334 115.17
1760	1	1719.49	16570.1	16559.3	10.857	463	93	173	2	0.0001 Colloc0 463 2254 0.0862904 135.303
1770	1	1729.32	16403.1	16392.4	10.6652	434	103	163	2	0.0001 Colloc0 434 2251 0.101423 124.42
1780	1	1739.15	16445.9	16435.4	10.5363	442	97	169	4	0.0001 Colloc0 442 2236 0.177643 117.338
1790	1	1748.54	16269	16258.6	10.3925	415	123	143	0	0.0001 Colloc0 415 2247 0.103784 109.658
1800	1	1757.89	16434	16423.5	10.543	436	103	163	1	0.0001 Colloc0 436 2226 0.150255 117.7
1810	1	1767.34	16443.7	16432.6	11.049	427	94	172	3	0.0001 Colloc0 427 2236 0.00340597 146.581
1820	1	1776.74	16456.8	16445.6	11.2275	430	108	158	2	0.0001 Colloc0 430 2243 0.039591 157.385
1830	1	1786.24	16289.8	16279	10.8659	429	111	155	3	0.0001 Colloc0 429 2236 0.0573828 135.816
1840	1	1796.37	16258.6	16249.2	9.38556	450	109	157	4	0.0001 Colloc0 450 2235 0.320791 63.3241
1850	1	1806.14	16268.2	16257.6	10.6566	439	111	155	1	0.0001 Colloc0 439 2224 0.134393 123.943
1860	1	1815.98	16264.2	16253.6	10.5934	426	123	143	2	0.0001 Colloc0 426 2241 0.148676 120.454
1870	1	1825.73	16250.6	16240.5	10.1779	448	109	157	3	0.0001 Colloc0 448 2208 0.237292 98.6622
1880	1	1835.63	16269.8	16259.3	10.5427	422	121	145	4	0.0001 Colloc0 422 2226 0.123658 117.684
1890	1	1845.6	16424.6	16413.5	11.1008	455	94	172	4	0.0001 Colloc0 455 2221 0.0691872 149.686
1900	1	1855.49	16518.5	16507.4	11.0834	466	94	172	4	0.0001 Colloc0 466 2241 0.0953717 148.637
1910	1	1865.39	16455.9	16445.7	10.1245	447	89	177	3	0.0001 Colloc0 447 2215 0.196897 96.0137
1920	1	1875.09	16542.9	16532.1	10.8563	452	90	176	1	0.0001 Colloc0 452 2260 0.0708412 135.261
1930	1	1885.07	16484.9	16473.9	10.9567	447	84	182	1	0.0001 Colloc0 447 2225 0.0867468 141.113
1940	1	1894.44	16624.6	16614.3	10.3078	443	87	179	1	0.0001 Colloc0 443 2240 0.167278 105.252
1950	1	1904.42	16476	16465.5	10.5294	454	104	162	0	0.0001 Colloc0 454 2221 0.16321 116.962
1960	1	1914.03	16417.8	16407.2	10.599	463	86	180	1	0.0001 Colloc0 463 2220 0.138658 120.761
1970	1	1924	16529.7	16518.6	11.0706	444	90	176	0	0.0001 Colloc0 444 2239 0.0543535 147.867
1980	1	1933.98	16495.8	16485.1	10.6457	451	85	181	2	0.0001 Colloc0 451 2253 0.12869 123.337
1990	1	1944.01	16405.3	16394.5	10.8531	427	101	165	2	0.0001 Colloc0 427 2252 0.065311 135.077
2000	1	1953.96	16503.2	16492.5	10.6622	457	88	178	2	0.0001 Colloc0 457 2247 0.11613 124.255
