# D = 0, E = 1, I = 1, P = 1, R = -1, n = 2000, N = 1, P = 1, w = 1, a = 0.0001, b = 10000, e = 1, f = 1, g = 100, h = 0.01, r = 24519, s = 1, S = 0, x = 10, m = 100, Z = 1, z = 0, T = 1, t = 1
# 6228 tokens in 266 sentences
#
# It	Temp	Time	-logP	-logPcorpus	-logPrior	tables	same	changed	reject	default_pya	(parent pym pyn pya pyb)*
0	1	0.885865	25491.9	25378.2	113.764	2247	0	266	0	0.0001 Colloc0 2247 3126 0.0001 10000
10	1	13.368	20121.3	20109.2	12.147	630	31	235	3	0.0001 Colloc0 630 2744 0.0894948 217.366
20	1	24.7752	19450.5	19438.9	11.5844	540	49	217	8	0.0001 Colloc0 540 2726 0.0579277 179.861
30	1	36.0825	19293.4	19281.5	11.8727	533	54	212	2	0.0001 Colloc0 533 2729 0.0332174 198.784
40	1	47.8137	19198.9	19188.2	10.6428	562	57	209	3	0.0001 Colloc0 562 2682 0.17548 123.18
50	1	59.237	19201.9	19190.2	11.77	555	53	213	3	0.0001 Colloc0 555 2662 0.11301 191.969
60	1	70.5073	19059.7	19048.2	11.4807	535	64	202	2	0.0001 Colloc0 535 2677 0.0956999 173.215
70	1	81.7926	19056.6	19045.6	11.0276	517	60	206	2	0.0001 Colloc0 517 2698 0.13355 145.301
80	1	93.2038	19060.6	19049.4	11.2005	523	56	210	2	0.0001 Colloc0 523 2682 0.0910911 155.73
90	1	104.644	18873.2	18862.4	10.8231	517	68	198	2	0.0001 Colloc0 517 2659 0.135692 133.353
100	1	115.772	18902	18891	10.9698	525	63	203	7	0.0001 Colloc0 525 2633 0.108981 141.884
110	1	127.317	18793.2	18782.1	11.0893	531	62	204	1	0.0001 Colloc0 531 2668 0.124535 148.992
120	1	138.583	18607.5	18597.3	10.2267	518	73	193	3	0.0001 Colloc0 518 2623 0.180179 101.113
130	1	149.672	18816.8	18805.6	11.1954	518	66	200	2	0.0001 Colloc0 518 2636 0.0912782 155.42
140	1	161.065	18650.4	18639.9	10.5369	512	71	195	3	0.0001 Colloc0 512 2629 0.169202 117.372
150	1	172.082	18570.1	18559.2	10.8989	526	75	191	2	0.0001 Colloc0 526 2586 0.142688 137.731
160	1	183.499	18673.8	18662.3	11.4344	516	74	192	3	0.0001 Colloc0 516 2600 0.0537953 170.279
170	1	194.844	18708.8	18697.9	10.8898	517	73	193	2	0.0001 Colloc0 517 2609 0.163899 137.203
180	1	205.859	18475.2	18464	11.1724	497	89	177	4	0.0001 Colloc0 497 2624 0.0551725 154.016
190	1	217.17	18545.6	18534.1	11.4859	494	85	181	1	0.0001 Colloc0 494 2585 0.0604874 173.549
200	1	227.851	18550.2	18538.6	11.6183	492	84	182	1	0.0001 Colloc0 492 2616 0.0144194 182.05
210	1	239.067	18477.3	18466	11.2968	498	78	188	4	0.0001 Colloc0 498 2589 0.057484 161.663
220	1	250.226	18529.7	18518.6	11.1174	515	71	195	1	0.0001 Colloc0 515 2557 0.143787 150.685
230	1	261.11	18665.6	18653.9	11.6148	539	78	188	0	0.0001 Colloc0 539 2585 0.0696151 181.827
240	1	272.669	18491.5	18480.7	10.8452	496	75	191	2	0.0001 Colloc0 496 2576 0.080874 134.622
250	1	283.945	18552.3	18541	11.2428	507	65	201	1	0.0001 Colloc0 507 2585 0.0762132 158.323
260	1	295.071	18575.3	18564	11.2985	490	78	188	2	0.0001 Colloc0 490 2589 0.00176673 161.766
270	1	306.594	18485.7	18474.9	10.736	517	82	184	5	0.0001 Colloc0 517 2619 0.172641 128.394
280	1	317.638	18448.3	18436.8	11.4589	491	79	187	0	0.0001 Colloc0 491 2566 0.0235564 171.834
290	1	329.058	18546.3	18534.6	11.6968	496	78	188	2	0.0001 Colloc0 496 2561 0.0236003 187.164
300	1	340.456	18573.4	18562.1	11.2412	502	82	184	1	0.0001 Colloc0 502 2593 0.0478499 158.229
310	1	352.025	18455.4	18444.2	11.2446	493	70	196	2	0.0001 Colloc0 493 2564 0.0804031 158.437
320	1	363.173	18501.2	18490.1	11.0854	491	71	195	2	0.0001 Colloc0 491 2603 0.0950148 148.759
330	1	374.155	18542	18531	10.9938	520	71	195	1	0.0001 Colloc0 520 2568 0.0973406 143.298
340	1	385.481	18420.4	18409.7	10.7488	519	82	184	3	0.0001 Colloc0 519 2550 0.194542 129.118
350	1	396.941	18512.9	18501.8	11.1766	479	80	186	3	0.0001 Colloc0 479 2575 0.000481812 154.272
360	1	408.17	18501.1	18489.5	11.6576	496	82	184	2	0.0001 Colloc0 496 2549 0.0318898 184.605
370	1	419.529	18547	18536	10.9791	510	63	203	2	0.0001 Colloc0 510 2554 0.149992 142.427
380	1	431.129	18541.2	18529.8	11.4582	516	79	187	2	0.0001 Colloc0 516 2551 0.0365109 171.79
390	1	442.638	18513.9	18503.3	10.6572	493	81	185	5	0.0001 Colloc0 493 2607 0.145625 123.975
400	1	454.147	18482.2	18470.9	11.2764	500	79	187	2	0.0001 Colloc0 500 2575 0.0315933 160.401
410	1	465.655	18605.2	18594.1	11.1511	521	67	199	3	0.0001 Colloc0 521 2572 0.0735481 152.721
420	1	476.786	18487.1	18475.9	11.2649	511	70	196	4	0.0001 Colloc0 511 2545 0.077241 159.689
430	1	488.325	18521.6	18510.1	11.5061	518	68	198	0	0.0001 Colloc0 518 2536 0.0609035 174.834
440	1	499.7	18499.8	18489	10.8395	509	74	192	2	0.0001 Colloc0 509 2556 0.0904445 134.296
450	1	510.93	18529.8	18518.6	11.1909	521	76	190	2	0.0001 Colloc0 521 2557 0.139492 155.147
460	1	522.332	18515.4	18504.3	11.1582	504	70	196	1	0.0001 Colloc0 504 2567 0.089886 153.154
470	1	533.544	18469.7	18459.1	10.5525	509	78	188	1	0.0001 Colloc0 509 2584 0.175753 118.217
480	1	544.386	18443.2	18432.7	10.5306	519	84	182	4	0.0001 Colloc0 519 2559 0.148461 117.027
490	1	555.927	18384.5	18373.3	11.2219	508	82	184	2	0.0001 Colloc0 508 2548 0.0796745 157.04
500	1	567.158	18323.4	18312.1	11.3143	498	97	169	1	0.0001 Colloc0 498 2553 0.0856144 162.75
510	1	578.268	18256.8	18245.6	11.2084	492	92	174	0	0.0001 Colloc0 492 2537 0.0913878 156.217
520	1	589.705	18420.1	18409.3	10.7147	521	75	191	1	0.0001 Colloc0 521 2546 0.163976 127.193
530	1	601.262	18382.9	18372.1	10.7767	510	81	185	0	0.0001 Colloc0 510 2544 0.133074 130.697
540	1	612.624	18418.2	18406.9	11.3089	509	91	175	1	0.0001 Colloc0 509 2581 0.0980601 162.412
550	1	624.116	18351.8	18340.3	11.4892	493	84	182	0	0.0001 Colloc0 493 2581 0.010404 173.759
560	1	635.403	18393.4	18382.3	11.1495	487	80	186	4	0.0001 Colloc0 487 2562 0.0396546 152.629
570	1	646.558	18458.7	18447.2	11.4833	515	80	186	4	0.0001 Colloc0 515 2531 0.0534193 173.38
580	1	657.959	18300.2	18288.9	11.221	494	86	180	2	0.0001 Colloc0 494 2555 0.0662065 156.985
590	1	668.88	18434.8	18423.5	11.3877	498	76	190	3	0.0001 Colloc0 498 2552 0.0362926 167.338
600	1	680.394	18391.2	18379.8	11.4326	485	82	184	2	0.0001 Colloc0 485 2547 0.00751293 170.165
610	1	691.623	18489.6	18478.3	11.2448	524	71	195	2	0.0001 Colloc0 524 2527 0.116934 158.448
620	1	702.804	18443.2	18431.8	11.3725	511	85	181	1	0.0001 Colloc0 511 2556 0.0799214 166.383
630	1	714.233	18338.1	18327.3	10.8264	510	100	166	4	0.0001 Colloc0 510 2528 0.135225 133.541
640	1	725.602	18416.4	18405.1	11.3072	514	82	184	2	0.0001 Colloc0 514 2517 0.0774717 162.308
650	1	736.702	18421.5	18410.2	11.3167	498	74	192	2	0.0001 Colloc0 498 2560 0.0188992 162.896
660	1	748.096	18482.8	18471.5	11.3444	516	78	188	4	0.0001 Colloc0 516 2556 0.0453197 164.623
670	1	759.519	18529.9	18518.2	11.6214	516	73	193	5	0.0001 Colloc0 516 2522 0.0158341 182.25
680	1	770.655	18613.8	18602.9	10.9359	514	68	198	3	0.0001 Colloc0 514 2566 0.101155 139.889
690	1	781.667	18404.8	18393.5	11.288	490	79	187	2	0.0001 Colloc0 490 2504 0.0260541 161.117
700	1	792.952	18538.5	18526.7	11.7719	523	77	189	1	0.0001 Colloc0 523 2558 0.0141228 192.096
710	1	804.401	18334.5	18323.4	11.1281	502	84	182	6	0.0001 Colloc0 502 2525 0.0435471 151.332
720	1	816.061	18483.5	18472	11.4449	516	85	181	2	0.0001 Colloc0 516 2528 0.0732291 170.946
730	1	827.677	18394.2	18383.3	10.9114	505	78	188	4	0.0001 Colloc0 505 2530 0.172305 138.459
740	1	839.241	18490.3	18478.8	11.488	501	67	199	3	0.0001 Colloc0 501 2545 0.0371813 173.684
750	1	850.531	18358.1	18346.7	11.4832	495	94	172	4	0.0001 Colloc0 495 2536 0.0459713 173.377
760	1	861.714	18439.9	18428.7	11.2899	498	82	184	1	0.0001 Colloc0 498 2539 0.0681299 161.236
770	1	873.219	18471.8	18460.8	10.991	528	85	181	3	0.0001 Colloc0 528 2547 0.1818 143.136
780	1	884.731	18461.7	18451	10.6704	503	73	193	2	0.0001 Colloc0 503 2529 0.188926 124.714
790	1	896.219	18496.2	18484.7	11.5787	512	73	193	3	0.0001 Colloc0 512 2561 0.0457926 179.496
800	1	907.654	18375.5	18364.2	11.3057	504	69	197	4	0.0001 Colloc0 504 2532 0.054162 162.211
810	1	919.117	18385.8	18375.3	10.5081	506	85	181	4	0.0001 Colloc0 506 2503 0.173052 115.815
820	1	929.977	18472.2	18460.3	11.9099	502	68	198	4	0.0001 Colloc0 502 2553 0.0152661 201.274
830	1	940.953	18453	18442.1	10.8103	514	79	187	2	0.0001 Colloc0 514 2543 0.127402 132.615
840	1	952.39	18542.7	18531.2	11.4834	511	81	185	3	0.0001 Colloc0 511 2544 0.0518756 173.391
850	1	964.144	18328.4	18316.8	11.5417	500	86	180	5	0.0001 Colloc0 500 2541 0.0597233 177.117
860	1	975.762	18488.5	18477	11.4389	518	76	190	1	0.0001 Colloc0 518 2532 0.0556992 170.564
870	1	987.136	18475.7	18464.3	11.4368	519	77	189	4	0.0001 Colloc0 519 2538 0.0702346 170.429
880	1	998.303	18435.6	18424.4	11.2292	524	87	179	2	0.0001 Colloc0 524 2513 0.110946 157.493
890	1	1009.17	18481.3	18470.1	11.2176	524	92	174	4	0.0001 Colloc0 524 2541 0.0977649 156.777
900	1	1020.29	18531.4	18520.2	11.1962	509	78	188	4	0.0001 Colloc0 509 2561 0.0332628 155.47
910	1	1031.56	18370.6	18359.2	11.3463	487	79	187	3	0.0001 Colloc0 487 2536 0.0183858 164.74
920	1	1043.11	18345.2	18334.6	10.5963	504	95	171	1	0.0001 Colloc0 504 2535 0.139616 120.612
930	1	1054.54	18398.7	18387.6	11.0637	515	77	189	2	0.0001 Colloc0 515 2539 0.127644 147.454
940	1	1065.48	18393.2	18382	11.1883	513	88	178	3	0.0001 Colloc0 513 2535 0.0936915 154.988
950	1	1076.51	18498.9	18487.5	11.3651	508	81	185	1	0.0001 Colloc0 508 2563 0.0466409 165.917
960	1	1087.99	18442.6	18431.6	10.9778	510	80	186	2	0.0001 Colloc0 510 2561 0.115118 142.352
970	1	1099.22	18432.3	18420.7	11.6112	514	78	188	5	0.0001 Colloc0 514 2511 0.0432744 181.59
980	1	1110.35	18343.7	18332.5	11.2327	494	87	179	1	0.0001 Colloc0 494 2518 0.0743057 157.706
990	1	1121.35	18379.1	18368	11.1128	503	94	172	5	0.0001 Colloc0 503 2515 0.059606 150.405
1000	1	1132.51	18285.8	18274.6	11.1514	490	89	177	5	0.0001 Colloc0 490 2551 0.0446384 152.741
1010	1	1143.71	18365.8	18354.4	11.4438	490	83	183	3	0.0001 Colloc0 490 2538 0.0174356 170.878
1020	1	1154.49	18463.8	18452.2	11.5868	499	72	194	4	0.0001 Colloc0 499 2544 0.00266474 180.018
1030	1	1165.79	18412.2	18400.6	11.5923	501	77	189	2	0.0001 Colloc0 501 2498 0.00585545 180.37
1040	1	1177.27	18340.6	18329.9	10.6721	518	90	176	2	0.0001 Colloc0 518 2499 0.143259 124.808
1050	1	1188.73	18365.5	18354.2	11.2895	507	78	188	2	0.0001 Colloc0 507 2508 0.0509214 161.211
1060	1	1199.99	18412.6	18401.4	11.1902	512	76	190	2	0.0001 Colloc0 512 2524 0.0992243 155.1
1070	1	1211.49	18488.4	18476.8	11.5508	524	75	191	4	0.0001 Colloc0 524 2532 0.0658906 177.699
1080	1	1222.66	18305.6	18294.1	11.5442	504	85	181	4	0.0001 Colloc0 504 2456 0.0275446 177.276
1090	1	1233.87	18424.4	18413.7	10.6908	508	78	188	0	0.0001 Colloc0 508 2519 0.204836 125.851
1100	1	1245.26	18313.5	18302.4	11.081	511	88	178	1	0.0001 Colloc0 511 2491 0.103821 148.491
1110	1	1256.5	18305.3	18294.3	11.0879	492	81	185	5	0.0001 Colloc0 492 2486 0.11674 148.908
1120	1	1267.91	18401.8	18390	11.7966	522	85	181	1	0.0001 Colloc0 522 2502 0.0389753 193.728
1130	1	1279.49	18331.8	18320.9	10.9551	510	85	181	2	0.0001 Colloc0 510 2509 0.10727 141.016
1140	1	1291.15	18302.9	18291.9	11.0532	499	82	184	7	0.0001 Colloc0 499 2520 0.089947 146.831
1150	1	1302.75	18461.5	18450.8	10.7778	515	90	176	3	0.0001 Colloc0 515 2557 0.14567 130.76
1160	1	1314.38	18436.6	18425.3	11.2942	501	80	186	1	0.0001 Colloc0 501 2530 0.0287446 161.503
1170	1	1325.89	18576.4	18564.6	11.7956	519	65	201	3	0.0001 Colloc0 519 2552 0.0388975 193.66
1180	1	1337.48	18482.4	18471.5	10.8764	500	83	183	5	0.0001 Colloc0 500 2539 0.0944061 136.427
1190	1	1349.03	18390.6	18379.1	11.5279	525	80	186	1	0.0001 Colloc0 525 2485 0.0718584 176.228
1200	1	1360.39	18265	18254.7	10.3444	491	92	174	3	0.0001 Colloc0 491 2477 0.214341 107.145
1210	1	1371.65	18354.9	18343.9	11.0257	530	83	183	2	0.0001 Colloc0 530 2504 0.128956 145.189
1220	1	1383.06	18332.2	18321.4	10.7281	525	91	175	0	0.0001 Colloc0 525 2473 0.154403 127.946
1230	1	1394.24	18346.6	18335.7	10.8952	519	91	175	0	0.0001 Colloc0 519 2528 0.163292 137.519
1240	1	1405.56	18279.9	18268.1	11.8036	496	93	173	1	0.0001 Colloc0 496 2501 0.0299817 194.191
1250	1	1416.99	18354.1	18343	11.1054	487	85	181	4	0.0001 Colloc0 487 2498 0.0730402 149.959
1260	1	1427.91	18399.9	18389.3	10.5264	510	84	182	0	0.0001 Colloc0 510 2491 0.194994 116.798
1270	1	1439.09	18338.1	18327.3	10.8045	515	93	173	4	0.0001 Colloc0 515 2464 0.195206 132.287
1280	1	1450.76	18367	18356.2	10.8134	535	73	193	2	0.0001 Colloc0 535 2483 0.182163 132.795
1290	1	1462.22	18354	18342.7	11.2241	516	85	181	3	0.0001 Colloc0 516 2486 0.102571 157.176
1300	1	1473.58	18366	18355	10.9324	512	91	175	2	0.0001 Colloc0 512 2484 0.0881015 139.687
1310	1	1484.7	18430.8	18419.6	11.1916	511	77	189	4	0.0001 Colloc0 511 2525 0.0783696 155.185
1320	1	1496.17	18609.4	18598	11.4155	522	67	199	4	0.0001 Colloc0 522 2515 0.0863917 169.084
1330	1	1507.8	18456.7	18445.3	11.4112	507	70	196	3	0.0001 Colloc0 507 2490 0.0525259 168.816
1340	1	1518.71	18319.6	18308.7	10.9413	506	82	184	2	0.0001 Colloc0 506 2517 0.146775 140.21
1350	1	1529.86	18543.2	18531.8	11.4322	523	80	186	1	0.0001 Colloc0 523 2534 0.0928088 170.139
1360	1	1541.26	18333.8	18323.4	10.4039	518	85	181	2	0.0001 Colloc0 518 2510 0.195706 110.255
1370	1	1552.83	18428.8	18417	11.8229	518	84	182	1	0.0001 Colloc0 518 2502 0.0215702 195.468
1380	1	1563.64	18414.8	18403.7	11.1044	504	79	187	4	0.0001 Colloc0 504 2524 0.105819 149.897
1390	1	1574.61	18465.8	18454.5	11.2716	536	80	186	4	0.0001 Colloc0 536 2486 0.121969 160.104
1400	1	1586.35	18280.3	18268.7	11.5445	514	93	173	1	0.0001 Colloc0 514 2480 0.0721887 177.294
1410	1	1597.76	18280.4	18268.6	11.8682	517	93	173	1	0.0001 Colloc0 517 2457 0.0186562 198.489
1420	1	1608.93	18426.9	18415.9	11.0673	550	85	181	6	0.0001 Colloc0 550 2494 0.185071 147.673
1430	1	1620.48	18400.1	18388.6	11.4465	526	85	181	3	0.0001 Colloc0 526 2471 0.0918353 171.046
1440	1	1632.07	18320.3	18309.5	10.8226	537	76	190	5	0.0001 Colloc0 537 2461 0.195644 133.32
1450	1	1643.65	18344.7	18333.2	11.5444	523	91	175	1	0.0001 Colloc0 523 2461 0.0875368 177.29
1460	1	1655.33	18381	18370.3	10.6863	547	73	193	2	0.0001 Colloc0 547 2483 0.270656 125.598
1470	1	1666.64	18288.1	18277	11.0654	510	89	177	1	0.0001 Colloc0 510 2473 0.0723713 147.558
1480	1	1677.84	18321.8	18310.4	11.4379	501	96	170	2	0.0001 Colloc0 501 2529 0.0122797 170.502
1490	1	1689.23	18377.6	18366.5	11.1101	495	81	185	1	0.0001 Colloc0 495 2497 0.0800746 150.241
1500	1	1701	18300.7	18289.4	11.2226	502	84	182	1	0.0001 Colloc0 502 2512 0.06355 157.086
1510	1	1712.65	18393.4	18382.9	10.5107	503	87	179	6	0.0001 Colloc0 503 2516 0.199852 115.951
1520	1	1724	18286.6	18275.7	10.8682	476	79	187	1	0.0001 Colloc0 476 2491 0.0635615 135.948
1530	1	1735.39	18257.3	18246.7	10.632	503	87	179	3	0.0001 Colloc0 503 2515 0.158694 122.579
1540	1	1746.85	18190	18179.7	10.277	506	101	165	2	0.0001 Colloc0 506 2544 0.208861 103.669
1550	1	1758.18	18231.3	18220.8	10.4962	508	88	178	4	0.0001 Colloc0 508 2549 0.198273 115.171
1560	1	1769.72	18249.2	18238.1	11.1112	491	96	170	2	0.0001 Colloc0 491 2521 0.0779106 150.311
1570	1	1781.23	18443.5	18432	11.522	512	91	175	0	0.0001 Colloc0 512 2516 0.0719141 175.853
1580	1	1792.35	18332.2	18321.5	10.7925	515	75	191	4	0.0001 Colloc0 515 2503 0.141904 131.598
1590	1	1803.65	18491.8	18480.5	11.3532	495	76	190	2	0.0001 Colloc0 495 2518 0.0458765 165.172
1600	1	1815	18322.5	18311.1	11.4136	527	88	178	3	0.0001 Colloc0 527 2524 0.0928351 168.964
1610	1	1826.32	18347.2	18336.6	10.6211	517	78	188	3	0.0001 Colloc0 517 2481 0.165683 121.979
1620	1	1837.9	18362.4	18350.8	11.6034	530	74	192	2	0.0001 Colloc0 530 2483 0.0541112 181.089
1630	1	1849.61	18338.7	18327.9	10.835	518	83	183	3	0.0001 Colloc0 518 2491 0.135666 134.038
1640	1	1860.71	18322.8	18312	10.7713	528	81	185	1	0.0001 Colloc0 528 2490 0.168255 130.39
1650	1	1872.39	18246	18235	11.0496	496	83	183	1	0.0001 Colloc0 496 2484 0.135006 146.613
1660	1	1883.84	18226.5	18215.2	11.3321	522	87	179	2	0.0001 Colloc0 522 2449 0.0947244 163.858
1670	1	1895.35	18251.9	18240.8	11.0777	515	91	175	3	0.0001 Colloc0 515 2474 0.0872364 148.296
1680	1	1906.82	18232.3	18221.5	10.7592	513	86	180	3	0.0001 Colloc0 513 2481 0.170454 129.705
1690	1	1918.33	18256.3	18244.9	11.3529	502	84	182	1	0.0001 Colloc0 502 2474 0.0670337 165.155
1700	1	1929.89	18348.2	18337.2	10.9118	533	82	184	1	0.0001 Colloc0 533 2495 0.177487 138.483
1710	1	1941.38	18282	18271.5	10.5125	519	87	179	6	0.0001 Colloc0 519 2473 0.190506 116.048
1720	1	1952.88	18194.7	18183.1	11.5319	506	91	175	1	0.0001 Colloc0 506 2455 0.0561124 176.483
1730	1	1964.13	18198.3	18187.9	10.3838	497	85	181	4	0.0001 Colloc0 497 2467 0.162092 109.202
1740	1	1975.54	18209.5	18198.7	10.7609	499	92	174	0	0.0001 Colloc0 499 2467 0.0826841 129.8
1750	1	1986.72	18265.5	18254.6	10.8077	528	86	180	4	0.0001 Colloc0 528 2495 0.184143 132.471
1760	1	1997.97	18133.9	18122.7	11.2306	497	90	176	2	0.0001 Colloc0 497 2462 0.101448 157.579
1770	1	2009.15	18126.8	18115.5	11.3168	493	94	172	0	0.0001 Colloc0 493 2461 0.0716469 162.907
1780	1	2020.44	18224	18212.7	11.2983	520	90	176	0	0.0001 Colloc0 520 2465 0.111774 161.753
1790	1	2031.97	18207.7	18197	10.6692	524	92	174	3	0.0001 Colloc0 524 2480 0.176534 124.643
1800	1	2043.16	18123.1	18111.7	11.3976	500	107	159	4	0.0001 Colloc0 500 2468 0.0871549 167.962
1810	1	2054.54	18237.7	18226.8	10.8522	507	94	172	5	0.0001 Colloc0 507 2472 0.11622 135.025
1820	1	2065.84	18120.6	18109.9	10.687	504	101	165	4	0.0001 Colloc0 504 2468 0.187549 125.639
1830	1	2077.13	18215.5	18204.6	10.8223	517	87	179	1	0.0001 Colloc0 517 2450 0.149377 133.303
1840	1	2088.54	18254	18243.3	10.7411	516	87	179	4	0.0001 Colloc0 516 2467 0.146199 128.679
1850	1	2099.91	18146.1	18135	11.0744	515	100	166	3	0.0001 Colloc0 515 2453 0.118473 148.099
1860	1	2111.28	18123.6	18113	10.637	511	104	162	1	0.0001 Colloc0 511 2483 0.171617 122.855
1870	1	2122.4	18175	18163.8	11.213	500	100	166	3	0.0001 Colloc0 500 2494 0.104207 156.499
1880	1	2133.29	18202.9	18191.8	11.1115	511	89	177	2	0.0001 Colloc0 511 2489 0.107592 150.331
1890	1	2144.59	18221.2	18210.4	10.8073	515	92	174	2	0.0001 Colloc0 515 2470 0.183537 132.444
1900	1	2155.35	18220.7	18209.9	10.8175	514	96	170	4	0.0001 Colloc0 514 2462 0.186836 133.03
1910	1	2166.62	18267.1	18255.7	11.362	515	91	175	2	0.0001 Colloc0 515 2498 0.0546734 165.726
1920	1	2177.52	18227.9	18216.3	11.5651	516	93	173	3	0.0001 Colloc0 516 2442 0.0513749 178.616
1930	1	2188.42	18260.1	18248.8	11.2266	519	89	177	2	0.0001 Colloc0 519 2477 0.0941987 157.328
1940	1	2198.8	18183.8	18172.8	10.983	510	98	168	3	0.0001 Colloc0 510 2423 0.0997601 142.662
1950	1	2209.07	18295	18283.6	11.4098	518	81	185	0	0.0001 Colloc0 518 2459 0.132712 168.728
1960	1	2219.18	18242.3	18231.4	10.8715	514	94	172	4	0.0001 Colloc0 514 2473 0.215301 136.141
1970	1	2229.59	18307.2	18295.7	11.4974	503	85	181	3	0.0001 Colloc0 503 2494 0.0253137 174.279
1980	1	2240	18258.4	18246.5	11.8971	538	92	174	4	0.0001 Colloc0 538 2437 0.105703 200.42
1990	1	2250.01	18307.6	18296.4	11.224	515	97	169	6	0.0001 Colloc0 515 2511 0.102942 157.169
2000	1	2260.53	18185.4	18174.7	10.7324	508	85	181	4	0.0001 Colloc0 508 2441 0.189979 128.191
