# D = 0, E = 1, I = 1, P = 1, R = -1, n = 2000, N = 1, P = 1, w = 1, a = 0.0001, b = 10000, e = 1, f = 1, g = 100, h = 0.01, r = 23935, s = 1, S = 0, x = 10, m = 100, Z = 1, z = 0, T = 1, t = 1
# 6136 tokens in 266 sentences
#
# It	Temp	Time	-logP	-logPcorpus	-logPrior	tables	same	changed	reject	default_pya	(parent pym pyn pya pyb)*
0	1	0.877866	23247.2	23133.5	113.764	899	0	266	0	0.0001 Colloc0 899 1181 0.0001 10000
10	1	12.898	18722.4	18710.2	12.1565	601	57	209	3	0.0001 Colloc0 601 2422 0.0780313 218.023
20	1	23.9704	18316.8	18305.2	11.6695	541	74	192	2	0.0001 Colloc0 541 2395 0.0465463 185.381
30	1	35.2196	18219.5	18207.8	11.7048	526	74	192	1	0.0001 Colloc0 526 2418 0.0338623 187.683
40	1	46.4729	18194.6	18182.9	11.6905	541	75	191	0	0.0001 Colloc0 541 2411 0.0542178 186.747
50	1	57.3913	18138.6	18127.3	11.2978	519	82	184	1	0.0001 Colloc0 519 2438 0.0568467 161.726
60	1	68.5986	18059.6	18048.2	11.3742	500	76	190	7	0.0001 Colloc0 500 2396 0.042886 166.489
70	1	79.6219	18111.9	18099.8	12.0258	517	74	192	0	0.0001 Colloc0 517 2439 0.0104212 209.089
80	1	90.5622	18021.4	18009.7	11.7109	516	79	187	3	0.0001 Colloc0 516 2404 0.0465804 188.087
90	1	101.53	18030.8	18019.5	11.2915	489	82	184	5	0.0001 Colloc0 489 2433 0.0350138 161.334
100	1	112.535	18088.8	18076.8	12.0796	513	72	194	0	0.0001 Colloc0 513 2431 0.0526371 212.752
110	1	123.731	18016.7	18005.2	11.4546	503	84	182	6	0.0001 Colloc0 503 2408 0.0413612 171.559
120	1	134.836	17997.7	17985.8	11.899	514	89	177	2	0.0001 Colloc0 514 2372 0.0285655 200.544
130	1	146.16	17850	17838.3	11.6823	492	95	171	2	0.0001 Colloc0 492 2382 0.01192 186.211
140	1	157.443	17887.4	17876.2	11.1999	503	81	185	1	0.0001 Colloc0 503 2395 0.0853109 155.693
150	1	168.648	17891	17879.2	11.8211	521	86	180	0	0.0001 Colloc0 521 2357 0.0657041 195.354
160	1	179.721	17906.7	17895.5	11.2164	521	89	177	1	0.0001 Colloc0 521 2378 0.121347 156.703
170	1	190.891	17895.1	17883.7	11.3688	518	84	182	2	0.0001 Colloc0 518 2377 0.0688942 166.152
180	1	201.894	17857.5	17845.9	11.601	518	87	179	4	0.0001 Colloc0 518 2337 0.0417805 180.93
190	1	213.015	17861.1	17849.3	11.7929	513	83	183	3	0.0001 Colloc0 513 2354 0.0464412 193.485
200	1	224.184	17919.6	17907.2	12.3248	538	80	186	5	0.0001 Colloc0 538 2372 0.000928862 229.688
210	1	235.281	17871.3	17859.6	11.7564	521	93	173	4	0.0001 Colloc0 521 2376 0.0696054 191.076
220	1	246.334	17956.1	17944.2	11.8977	513	84	182	4	0.0001 Colloc0 513 2359 0.0191536 200.455
230	1	257.335	17899.7	17887.9	11.8223	512	80	186	5	0.0001 Colloc0 512 2366 0.0168711 195.429
240	1	268.328	17788.4	17777	11.4211	484	80	186	3	0.0001 Colloc0 484 2349 0.0569919 169.439
250	1	279.542	17637.5	17625.7	11.8519	490	84	182	2	0.0001 Colloc0 490 2347 0.00535865 197.399
260	1	290.566	17861.7	17850.5	11.2502	504	84	182	0	0.0001 Colloc0 504 2379 0.0902968 158.784
270	1	301.563	17799.4	17788.1	11.3537	496	77	189	1	0.0001 Colloc0 496 2358 0.0924481 165.203
280	1	312.411	17723.1	17711.5	11.6272	479	86	180	2	0.0001 Colloc0 479 2366 0.0187959 182.627
290	1	323.293	17799.2	17787.5	11.6776	519	84	182	3	0.0001 Colloc0 519 2336 0.0293088 185.907
300	1	334.424	17613.3	17601.5	11.7391	494	94	172	2	0.0001 Colloc0 494 2305 0.0200625 189.936
310	1	345.574	17715.6	17704	11.6474	491	89	177	2	0.0001 Colloc0 491 2341 0.0180331 183.94
320	1	356.284	17666.9	17655.6	11.2809	499	92	174	2	0.0001 Colloc0 499 2327 0.0621381 160.68
330	1	367.183	17587.7	17576.3	11.4563	489	97	169	0	0.0001 Colloc0 489 2324 0.028574 171.665
340	1	378.144	17588.1	17577.1	11.0146	493	100	166	0	0.0001 Colloc0 493 2325 0.137643 144.531
350	1	389.372	17690.9	17678.9	11.9394	498	96	170	2	0.0001 Colloc0 498 2330 3.30023e-07 203.252
360	1	400.275	17673.7	17661.7	11.9721	511	92	174	2	0.0001 Colloc0 511 2337 0.00747451 205.461
370	1	411.431	17627.2	17616.1	11.1585	488	91	175	3	0.0001 Colloc0 488 2339 0.0947438 153.171
380	1	422.469	17659.1	17648	11.1367	496	96	170	0	0.0001 Colloc0 496 2355 0.0989103 151.85
390	1	433.38	17578.7	17567.7	11.0661	484	94	172	2	0.0001 Colloc0 484 2369 0.0834282 147.599
400	1	444.21	17726.2	17714.2	12.0625	498	81	185	2	0.0001 Colloc0 498 2345 0.00464207 211.591
410	1	455.156	17590.3	17578.8	11.5738	501	90	176	2	0.0001 Colloc0 501 2330 0.00132525 179.175
420	1	466.038	17556.9	17545.3	11.6041	480	103	163	1	0.0001 Colloc0 480 2350 0.0378167 181.132
430	1	477.05	17582.4	17570.9	11.4484	494	95	171	3	0.0001 Colloc0 494 2334 0.0421386 171.167
440	1	487.833	17615.7	17604.4	11.2947	500	91	175	3	0.0001 Colloc0 500 2341 0.0811167 161.535
450	1	498.69	17587.1	17575.5	11.6658	487	83	183	4	0.0001 Colloc0 487 2339 0.00493084 185.139
460	1	509.772	17567	17555.3	11.6643	488	100	166	3	0.0001 Colloc0 488 2334 0.0408551 185.043
470	1	520.718	17600.3	17588.4	11.8355	492	96	170	1	0.0001 Colloc0 492 2336 0.025014 196.31
480	1	531.758	17532.7	17521.5	11.1867	481	89	177	1	0.0001 Colloc0 481 2339 0.0368997 154.887
490	1	542.67	17481.2	17469.6	11.582	473	92	174	1	0.0001 Colloc0 473 2299 0.0654742 179.703
500	1	553.489	17559.2	17547.7	11.5666	495	83	183	1	0.0001 Colloc0 495 2326 0.0610158 178.716
510	1	564.538	17543.7	17532.3	11.4268	471	91	175	2	0.0001 Colloc0 471 2316 0.00646896 169.797
520	1	575.437	17517.2	17505.7	11.4926	462	99	167	3	0.0001 Colloc0 462 2339 0.00674302 173.973
530	1	586.464	17425.7	17414.6	11.0539	481	97	169	1	0.0001 Colloc0 481 2313 0.11752 146.872
540	1	597.735	17447.5	17436.4	11.1073	478	96	170	2	0.0001 Colloc0 478 2315 0.0906877 150.073
550	1	608.906	17451.4	17440	11.3855	468	98	168	2	0.0001 Colloc0 468 2330 0.0404197 167.197
560	1	619.971	17573.9	17562.3	11.5947	493	101	165	2	0.0001 Colloc0 493 2327 0.00515397 180.526
570	1	630.956	17427.5	17416	11.5244	476	98	168	1	0.0001 Colloc0 476 2307 0.0234389 176.004
580	1	642.137	17560.6	17549.9	10.7004	482	99	167	3	0.0001 Colloc0 482 2334 0.127807 126.387
590	1	653.225	17583.3	17571.8	11.5547	485	89	177	0	0.0001 Colloc0 485 2339 0.00509295 177.95
600	1	664.028	17457.4	17446	11.465	475	109	157	1	0.0001 Colloc0 475 2312 0.0844363 172.22
610	1	675.051	17388.7	17377.1	11.602	481	101	165	2	0.0001 Colloc0 481 2305 0.0353008 180.996
620	1	686.106	17453.7	17442.9	10.8206	484	92	174	3	0.0001 Colloc0 484 2310 0.136078 133.21
630	1	697.238	17414	17402.7	11.3783	487	93	173	3	0.0001 Colloc0 487 2300 0.0524748 166.743
640	1	708.265	17442.8	17431.8	11.0113	466	90	176	2	0.0001 Colloc0 466 2313 0.0836695 144.337
650	1	719.37	17515.9	17504.3	11.5471	475	104	162	1	0.0001 Colloc0 475 2334 0.030417 177.459
660	1	730.593	17450.6	17438.9	11.6475	485	89	177	2	0.0001 Colloc0 485 2317 0.00645318 183.948
670	1	741.502	17490.2	17478.8	11.4723	483	89	177	0	0.0001 Colloc0 483 2309 0.0173458 172.683
680	1	752.582	17433.7	17422	11.6325	493	95	171	2	0.0001 Colloc0 493 2290 0.00762193 182.975
690	1	763.581	17451.4	17439.9	11.4787	469	99	167	3	0.0001 Colloc0 469 2290 0.000960788 173.092
700	1	774.666	17488.4	17476.9	11.4749	493	105	161	2	0.0001 Colloc0 493 2307 0.0825558 172.85
710	1	785.63	17390.1	17378.3	11.7945	479	97	169	2	0.0001 Colloc0 479 2295 0.00847632 193.587
720	1	796.63	17444.7	17433.4	11.343	479	95	171	3	0.0001 Colloc0 479 2321 0.0401211 164.535
730	1	807.524	17328	17316.5	11.5141	467	122	144	2	0.0001 Colloc0 467 2308 0.00808946 175.347
740	1	818.28	17293.1	17282.1	10.9806	463	112	154	2	0.0001 Colloc0 463 2281 0.121432 142.52
750	1	829.181	17495.8	17484.1	11.6539	495	89	177	0	0.0001 Colloc0 495 2300 0.0418134 184.361
760	1	840.516	17441.7	17430.1	11.6535	467	99	167	3	0.0001 Colloc0 467 2314 0.0305016 184.336
770	1	851.671	17475.1	17463.5	11.5768	479	89	177	3	0.0001 Colloc0 479 2329 0.0235773 179.368
780	1	862.736	17557	17546.2	10.8178	480	82	184	2	0.0001 Colloc0 480 2358 0.135473 133.045
790	1	873.728	17442.1	17430.7	11.3804	463	98	168	2	0.0001 Colloc0 463 2338 0.0373095 166.881
800	1	884.482	17373.9	17362.6	11.2595	466	108	158	0	0.0001 Colloc0 466 2311 0.0296815 159.357
810	1	895.165	17345.3	17334.1	11.1364	461	101	165	2	0.0001 Colloc0 461 2318 0.0119853 151.833
820	1	906.449	17411.5	17400.1	11.4133	485	96	170	1	0.0001 Colloc0 485 2299 0.0632516 168.946
830	1	917.493	17380.9	17369.2	11.6775	481	98	168	3	0.0001 Colloc0 481 2299 0.0381307 185.899
840	1	928.51	17358	17347	11.0125	468	91	175	2	0.0001 Colloc0 468 2293 0.0499742 144.403
850	1	939.592	17382	17370.6	11.3097	468	99	167	2	0.0001 Colloc0 468 2313 0.0190372 162.463
860	1	950.358	17524.3	17512.8	11.5363	489	95	171	1	0.0001 Colloc0 489 2318 0.0471496 176.768
870	1	961.338	17426.5	17415.2	11.3336	481	107	159	4	0.0001 Colloc0 481 2334 0.0344699 163.951
880	1	972.22	17459.6	17448	11.5876	487	94	172	1	0.0001 Colloc0 487 2321 0.0288891 180.066
890	1	983.2	17481.2	17469.9	11.311	486	94	172	3	0.0001 Colloc0 486 2338 0.0284736 162.541
900	1	994.085	17423.9	17413	10.8997	469	94	172	2	0.0001 Colloc0 469 2302 0.0435948 137.779
910	1	1004.87	17441.9	17430.2	11.6334	482	100	166	4	0.0001 Colloc0 482 2323 0.0301298 183.031
920	1	1015.84	17520.1	17508.4	11.7133	488	99	167	0	0.0001 Colloc0 488 2348 0.0228919 188.239
930	1	1026.9	17480.8	17469.6	11.2238	477	94	172	0	0.0001 Colloc0 477 2336 0.0599904 157.158
940	1	1037.97	17428	17416.9	11.15	475	100	166	0	0.0001 Colloc0 475 2342 0.0339136 152.653
950	1	1049.13	17459.1	17447.5	11.5634	465	95	171	1	0.0001 Colloc0 465 2331 0.0213978 178.506
960	1	1060.3	17454.7	17443.2	11.416	498	90	176	4	0.0001 Colloc0 498 2329 0.0184055 169.115
970	1	1071.38	17381.7	17370.3	11.4481	471	96	170	4	0.0001 Colloc0 471 2356 0.0209209 171.145
980	1	1082.25	17426	17414.5	11.4279	475	99	167	3	0.0001 Colloc0 475 2319 0.0532763 169.87
990	1	1093.15	17491.4	17480.5	10.975	478	88	178	3	0.0001 Colloc0 478 2330 0.08372 142.187
1000	1	1104	17467.6	17455.9	11.6803	484	98	168	1	0.0001 Colloc0 484 2329 0.0216278 186.084
1010	1	1115.16	17414.3	17402.9	11.439	468	101	165	3	0.0001 Colloc0 468 2327 0.0131407 170.571
1020	1	1126.22	17435.2	17423.6	11.5954	482	89	177	3	0.0001 Colloc0 482 2325 0.0434974 180.57
1030	1	1137.38	17501.8	17490.3	11.536	482	97	169	3	0.0001 Colloc0 482 2319 0.0357514 176.746
1040	1	1148.19	17405.2	17393.9	11.2677	474	88	178	2	0.0001 Colloc0 474 2336 0.054621 159.862
1050	1	1159.11	17364.4	17352.9	11.4958	483	94	172	2	0.0001 Colloc0 483 2321 0.0268191 174.182
1060	1	1170.26	17326.6	17315.1	11.5597	456	110	156	3	0.0001 Colloc0 456 2309 0.000518247 178.272
1070	1	1181.31	17304.3	17293.4	10.8916	479	99	167	4	0.0001 Colloc0 479 2323 0.133657 137.308
1080	1	1192.12	17421.7	17410.5	11.2464	484	92	174	5	0.0001 Colloc0 484 2290 0.0423346 158.549
1090	1	1203.06	17305.3	17293.9	11.3955	472	104	162	4	0.0001 Colloc0 472 2297 0.0551684 167.828
1100	1	1214.09	17283.5	17272.4	11.0948	457	106	160	2	0.0001 Colloc0 457 2302 0.046025 149.319
1110	1	1225.05	17386.5	17375.3	11.1824	477	103	163	3	0.0001 Colloc0 477 2289 0.0824307 154.626
1120	1	1236.3	17360.8	17349.9	10.8391	468	101	165	1	0.0001 Colloc0 468 2313 0.116036 134.27
1130	1	1247.22	17400.5	17389	11.4102	463	93	173	4	0.0001 Colloc0 463 2323 0.0069608 168.754
1140	1	1258.01	17350.2	17338.9	11.2624	464	95	171	3	0.0001 Colloc0 464 2313 0.0225979 159.536
1150	1	1268.93	17438.1	17426.9	11.2389	490	97	169	0	0.0001 Colloc0 490 2301 0.0878975 158.084
1160	1	1279.82	17385.6	17374.5	11.15	473	108	158	2	0.0001 Colloc0 473 2309 0.00522564 152.654
1170	1	1291.15	17348	17337	11.0122	478	101	165	2	0.0001 Colloc0 478 2291 0.134273 144.391
1180	1	1302.22	17288.8	17277.9	10.8806	480	108	158	4	0.0001 Colloc0 480 2293 0.0955333 136.666
1190	1	1313.33	17311.6	17300.2	11.3331	480	100	166	2	0.0001 Colloc0 480 2319 0.0464018 163.917
1200	1	1324.41	17415.2	17403.7	11.5402	488	94	172	3	0.0001 Colloc0 488 2277 0.0452023 177.016
1210	1	1335.66	17393.1	17382.4	10.751	478	100	166	2	0.0001 Colloc0 478 2295 0.0659851 129.24
1220	1	1346.9	17323.9	17313.3	10.5822	469	96	170	3	0.0001 Colloc0 469 2292 0.131157 119.836
1230	1	1357.91	17357.1	17345.8	11.3495	493	98	168	3	0.0001 Colloc0 493 2281 0.0591443 164.942
1240	1	1369.08	17398.7	17387.3	11.3866	482	101	165	5	0.0001 Colloc0 482 2305 0.0515907 167.266
1250	1	1380.22	17438.3	17426.7	11.6367	476	96	170	5	0.0001 Colloc0 476 2313 0.00682669 183.245
1260	1	1391.21	17468.5	17457.4	11.1832	504	87	179	2	0.0001 Colloc0 504 2301 0.145144 154.673
1270	1	1401.93	17426.3	17414.4	11.8639	495	99	167	3	0.0001 Colloc0 495 2287 0.00892204 198.199
1280	1	1413	17453.8	17442.7	11.1499	483	98	168	3	0.0001 Colloc0 483 2315 0.11898 152.649
1290	1	1424	17425.7	17414.4	11.2901	477	97	169	2	0.0001 Colloc0 477 2326 0.0579613 161.249
1300	1	1435.14	17432.1	17420.8	11.3031	477	86	180	1	0.0001 Colloc0 477 2302 0.05086 162.05
1310	1	1446.13	17399.2	17387.9	11.2341	484	101	165	6	0.0001 Colloc0 484 2312 0.0860332 157.79
1320	1	1457.2	17383.8	17372.8	11.0623	486	90	176	2	0.0001 Colloc0 486 2279 0.092051 147.375
1330	1	1468.01	17304.1	17292.6	11.4967	469	108	158	1	0.0001 Colloc0 469 2287 0.0449036 174.234
1340	1	1478.9	17376.9	17365.6	11.351	480	103	163	1	0.0001 Colloc0 480 2299 0.00781236 165.037
1350	1	1489.96	17489.7	17478.3	11.3531	485	75	191	1	0.0001 Colloc0 485 2316 0.0634763 165.169
1360	1	1500.8	17463.8	17452.6	11.2283	469	94	172	4	0.0001 Colloc0 469 2318 0.0745693 157.434
1370	1	1511.67	17448.7	17436.8	11.9124	489	94	172	4	0.0001 Colloc0 489 2291 0.00588528 201.44
1380	1	1522.96	17452	17440.6	11.3948	494	93	173	3	0.0001 Colloc0 494 2327 0.0477323 167.783
1390	1	1534.1	17475.5	17464.2	11.3168	500	85	181	1	0.0001 Colloc0 500 2303 0.0855137 162.907
1400	1	1545.14	17467.8	17456.5	11.2529	484	88	178	3	0.0001 Colloc0 484 2310 0.0142723 158.945
1410	1	1555.94	17332.6	17321.6	11.0508	484	94	172	3	0.0001 Colloc0 484 2272 0.0450478 146.684
1420	1	1567.03	17373.8	17362.1	11.6394	483	99	167	1	0.0001 Colloc0 483 2282 0.0152026 183.422
1430	1	1578.12	17343.7	17332.6	11.1277	475	98	168	6	0.0001 Colloc0 475 2288 0.0413692 151.305
1440	1	1589.22	17276.1	17264.8	11.3167	462	97	169	3	0.0001 Colloc0 462 2292 0.0452992 162.9
1450	1	1600.42	17309.3	17297.9	11.3398	468	109	157	3	0.0001 Colloc0 468 2285 0.0333685 164.336
1460	1	1611.33	17253.4	17242.3	11.1007	460	108	158	2	0.0001 Colloc0 460 2274 0.0539084 149.678
1470	1	1622.19	17343.5	17332.1	11.4546	473	100	166	2	0.0001 Colloc0 473 2324 0.0018356 171.557
1480	1	1633.15	17292.3	17281.5	10.8731	475	106	160	2	0.0001 Colloc0 475 2287 0.122733 136.232
1490	1	1644.26	17353.2	17342.1	11.1253	467	99	167	5	0.0001 Colloc0 467 2306 0.0744631 151.164
1500	1	1655.24	17206.8	17195.7	11.082	452	114	152	2	0.0001 Colloc0 452 2309 0.0230244 148.553
1510	1	1666.14	17245	17233.7	11.2566	456	112	154	2	0.0001 Colloc0 456 2310 0.0456678 159.175
1520	1	1677.4	17351.1	17340.2	10.8924	460	91	175	3	0.0001 Colloc0 460 2320 0.0793556 137.352
1530	1	1688.31	17322.7	17311.2	11.4394	469	94	172	4	0.0001 Colloc0 469 2291 0.0277042 170.595
1540	1	1699.07	17315	17304.1	10.8736	470	98	168	2	0.0001 Colloc0 470 2274 0.0565089 136.264
1550	1	1710.05	17540.7	17528.9	11.847	499	82	184	1	0.0001 Colloc0 499 2291 0.0126746 197.074
1560	1	1721.24	17494.9	17483.8	11.0992	494	85	181	2	0.0001 Colloc0 494 2292 0.110695 149.588
1570	1	1732.42	17242.3	17231.3	11.0607	472	110	156	2	0.0001 Colloc0 472 2276 0.0735549 147.276
1580	1	1743.44	17283.2	17271.5	11.6116	465	96	170	3	0.0001 Colloc0 465 2286 0.00483431 181.621
1590	1	1754.47	17275.1	17263.8	11.2505	472	112	154	3	0.0001 Colloc0 472 2302 0.0126048 158.802
1600	1	1765.51	17400.2	17388.6	11.5961	484	108	158	2	0.0001 Colloc0 484 2307 0.029662 180.613
1610	1	1776.48	17428	17416.3	11.6752	485	87	179	3	0.0001 Colloc0 485 2293 0.0438749 185.752
1620	1	1787.55	17328.6	17317.3	11.2409	477	89	177	7	0.0001 Colloc0 477 2260 0.0549181 158.208
1630	1	1798.5	17387	17375.4	11.5333	482	91	175	0	0.0001 Colloc0 482 2276 0.0682866 176.578
1640	1	1809.39	17323.3	17312.5	10.8775	473	107	159	1	0.0001 Colloc0 473 2294 0.0905042 136.489
1650	1	1820.37	17300.4	17289.1	11.2165	470	102	164	2	0.0001 Colloc0 470 2296 0.078415 156.713
1660	1	1831.25	17359	17347.7	11.3543	476	98	168	3	0.0001 Colloc0 476 2306 0.0543121 165.24
1670	1	1842.48	17419.9	17409.1	10.8797	475	91	175	0	0.0001 Colloc0 475 2333 0.0817742 136.615
1680	1	1853.69	17244.5	17233.1	11.4569	473	111	155	1	0.0001 Colloc0 473 2280 0.0156651 171.706
1690	1	1864.43	17234.5	17223.8	10.6902	463	109	157	5	0.0001 Colloc0 463 2290 0.119938 125.82
1700	1	1875.11	17293.6	17282.5	11.1395	472	109	157	2	0.0001 Colloc0 472 2304 0.0590756 152.022
1710	1	1885.89	17300.7	17289.7	11.01	471	97	169	3	0.0001 Colloc0 471 2276 0.091501 144.258
1720	1	1896.8	17342.3	17330.9	11.4677	476	95	171	2	0.0001 Colloc0 476 2286 0.00583281 172.393
1730	1	1907.79	17374.7	17363.3	11.4071	488	95	171	2	0.0001 Colloc0 488 2299 0.0384515 168.554
1740	1	1918.79	17253.2	17241.9	11.3552	476	101	165	2	0.0001 Colloc0 476 2277 0.00824399 165.298
1750	1	1929.64	17374.1	17362.4	11.7335	475	98	168	2	0.0001 Colloc0 475 2312 0.0345102 189.57
1760	1	1940.32	17360.9	17349.4	11.4225	467	94	172	2	0.0001 Colloc0 467 2294 0.0264897 169.528
1770	1	1951.31	17296	17284.7	11.3613	480	102	164	4	0.0001 Colloc0 480 2294 0.00658082 165.68
1780	1	1962.22	17298.1	17286.7	11.3616	472	105	161	1	0.0001 Colloc0 472 2291 0.0435281 165.699
1790	1	1972.9	17287	17275.8	11.2002	472	105	161	1	0.0001 Colloc0 472 2298 0.0755578 155.713
1800	1	1983.78	17362.3	17350.9	11.4366	468	93	173	3	0.0001 Colloc0 468 2306 0.00756386 170.419
1810	1	1994.75	17270.9	17260.1	10.8988	469	96	170	3	0.0001 Colloc0 469 2269 0.111 137.728
1820	1	2005.7	17396.3	17385.4	10.955	487	93	173	3	0.0001 Colloc0 487 2293 0.122399 141.011
1830	1	2016.28	17460.8	17449.5	11.3532	479	91	175	5	0.0001 Colloc0 479 2283 0.0786501 165.172
1840	1	2027.04	17389	17377.5	11.456	481	96	170	3	0.0001 Colloc0 481 2289 0.0489963 171.648
1850	1	2037.67	17372.5	17361	11.4842	478	93	173	2	0.0001 Colloc0 478 2290 0.0184638 173.442
1860	1	2048.37	17336.4	17324.9	11.4635	484	84	182	1	0.0001 Colloc0 484 2267 0.046107 172.123
1870	1	2059.36	17425	17413.2	11.8362	491	95	171	5	0.0001 Colloc0 491 2296 0.00541177 196.352
1880	1	2070.21	17395.6	17384	11.5128	484	92	174	1	0.0001 Colloc0 484 2258 0.0205066 175.263
1890	1	2081.14	17506.9	17495.1	11.7375	484	92	174	2	0.0001 Colloc0 484 2280 0.0045855 189.831
1900	1	2091.82	17453.6	17442	11.5952	487	96	170	2	0.0001 Colloc0 487 2296 0.0267524 180.556
1910	1	2102.49	17386.2	17375.1	11.1499	487	85	181	2	0.0001 Colloc0 487 2300 0.0828361 152.652
1920	1	2113.4	17296.1	17285.1	10.9472	461	108	158	3	0.0001 Colloc0 461 2307 0.0932498 140.555
1930	1	2124.01	17352.3	17341	11.319	475	93	173	0	0.0001 Colloc0 475 2302 0.0533168 163.041
1940	1	2134.81	17304.8	17293.9	10.9071	465	104	162	2	0.0001 Colloc0 465 2285 0.0795758 138.209
1950	1	2145.51	17333.9	17322.4	11.4535	480	106	160	2	0.0001 Colloc0 480 2296 0.051516 171.486
1960	1	2155.76	17404.5	17392.9	11.5808	465	97	169	2	0.0001 Colloc0 465 2318 0.0219128 179.629
1970	1	2166.04	17352.1	17341.2	10.9464	489	92	174	3	0.0001 Colloc0 489 2289 0.0960399 140.504
1980	1	2176.16	17397	17385.8	11.2603	474	93	173	2	0.0001 Colloc0 474 2291 0.0354862 159.402
1990	1	2186.32	17406.3	17394.6	11.64	484	107	159	1	0.0001 Colloc0 484 2306 0.0100894 183.46
2000	1	2196.39	17322.4	17311	11.3465	485	96	170	1	0.0001 Colloc0 485 2304 0.0356049 164.758
