# D = 0, E = 1, I = 1, P = 1, R = -1, n = 2000, N = 1, P = 1, w = 1, a = 0.0001, b = 10000, e = 1, f = 1, g = 100, h = 0.01, r = 10721, s = 1, S = 0, x = 10, m = 100, Z = 1, z = 0, T = 1, t = 1
# 6136 tokens in 266 sentences
#
# It	Temp	Time	-logP	-logPcorpus	-logPrior	tables	same	changed	reject	default_pya	(parent pym pyn pya pyb)*
0	1	0.837872	23622.8	23509	113.764	1458	0	266	0	0.0001 Colloc0 1458 2073 0.0001 10000
10	1	11.8692	18897.2	18884.9	12.3206	592	43	223	6	0.0001 Colloc0 592 2507 0.0210738 229.397
20	1	22.2956	18477.9	18466.2	11.6908	536	60	206	1	0.0001 Colloc0 536 2499 0.0351591 186.771
30	1	32.728	18320.6	18308.7	11.9662	530	69	197	3	0.0001 Colloc0 530 2492 0.00899546 205.061
40	1	43.2704	18161.9	18150.1	11.7813	501	73	193	1	0.0001 Colloc0 501 2504 0.0151405 192.714
50	1	54.2048	18067.7	18056.4	11.2477	484	67	199	1	0.0001 Colloc0 484 2474 0.0613055 158.625
60	1	65.4021	18191.8	18180.8	10.9784	490	72	194	2	0.0001 Colloc0 490 2509 0.0913184 142.392
70	1	76.3754	18103.2	18091.7	11.5013	496	70	196	3	0.0001 Colloc0 496 2507 0.0140923 174.531
80	1	87.3847	18052.4	18040.9	11.5277	488	72	194	2	0.0001 Colloc0 488 2519 0.00645238 176.22
90	1	98.407	18015.4	18004.3	11.1644	498	69	197	2	0.0001 Colloc0 498 2494 0.0813481 153.529
100	1	109.678	18047.1	18035.7	11.4354	501	63	203	1	0.0001 Colloc0 501 2478 0.022935 170.342
110	1	120.845	18074.1	18062.4	11.72	483	67	199	4	0.0001 Colloc0 483 2492 0.00845751 188.679
120	1	132.001	17793.3	17782	11.2534	469	85	181	2	0.0001 Colloc0 469 2477 0.00452445 158.98
130	1	142.691	17855.8	17844.5	11.3182	466	83	183	4	0.0001 Colloc0 466 2483 0.0379063 162.988
140	1	153.112	17932	17920.7	11.3005	494	73	193	1	0.0001 Colloc0 494 2463 0.0379998 161.889
150	1	163.714	17810.6	17799.4	11.2275	485	80	186	3	0.0001 Colloc0 485 2465 0.0441143 157.387
160	1	174.931	17834.3	17822.8	11.5304	490	82	184	3	0.0001 Colloc0 490 2470 0.0348263 176.387
170	1	186.24	17829.6	17818.1	11.4494	475	83	183	2	0.0001 Colloc0 475 2481 0.0376453 171.23
180	1	197.383	17829.3	17817.8	11.4648	498	76	190	0	0.0001 Colloc0 498 2440 0.0538686 172.204
190	1	208.701	17862.9	17851.7	11.296	489	83	183	4	0.0001 Colloc0 489 2463 0.0274004 161.615
200	1	219.768	17705.9	17694.5	11.4128	473	86	180	1	0.0001 Colloc0 473 2418 0.0186578 168.914
210	1	230.256	17824.1	17812.5	11.5238	477	80	186	1	0.0001 Colloc0 477 2452 0.0113701 175.97
220	1	241.696	17768.8	17757.4	11.3536	478	65	201	3	0.0001 Colloc0 478 2466 0.0629155 165.199
230	1	252.859	17750.5	17739.5	11.0178	472	85	181	3	0.0001 Colloc0 472 2466 0.0506153 144.722
240	1	263.969	17624.7	17613.5	11.2421	469	92	174	4	0.0001 Colloc0 469 2420 0.0198988 158.283
250	1	275.12	17679.3	17667.9	11.4626	466	91	175	2	0.0001 Colloc0 466 2448 0.00964215 172.068
260	1	286.187	17631.1	17619.7	11.3898	469	93	173	2	0.0001 Colloc0 469 2419 0.00576376 167.467
270	1	297.171	17629.7	17618.3	11.385	476	79	187	1	0.0001 Colloc0 476 2428 0.00853793 167.17
280	1	308.082	17631.2	17620.2	11.0078	469	83	183	2	0.0001 Colloc0 469 2436 0.110406 144.128
290	1	319.417	17542.8	17531.7	11.0808	467	95	171	1	0.0001 Colloc0 467 2430 0.0643295 148.479
300	1	330.369	17703.7	17692.5	11.2024	480	74	192	1	0.0001 Colloc0 480 2446 0.0639187 155.85
310	1	341.272	17606.1	17594.9	11.2161	475	91	175	1	0.0001 Colloc0 475 2430 0.0585818 156.685
320	1	352.466	17688.1	17676.8	11.3794	479	94	172	3	0.0001 Colloc0 479 2436 0.0308518 166.817
330	1	363.605	17626.8	17615.2	11.5458	490	89	177	0	0.0001 Colloc0 490 2414 0.00900326 177.375
340	1	374.74	17606.1	17594.8	11.3016	466	91	175	2	0.0001 Colloc0 466 2435 0.0198343 161.96
350	1	385.776	17588	17576.8	11.2749	467	84	182	3	0.0001 Colloc0 467 2411 0.000360611 160.304
360	1	396.719	17640.6	17628.8	11.7615	475	78	188	1	0.0001 Colloc0 475 2416 0.00232125 191.407
370	1	407.185	17557.7	17546.6	11.0465	465	84	182	4	0.0001 Colloc0 465 2430 0.0732909 146.431
380	1	417.508	17599.7	17588.5	11.1733	482	93	173	2	0.0001 Colloc0 482 2446 0.0981739 154.071
390	1	428.541	17533.8	17522.4	11.4632	465	83	183	1	0.0001 Colloc0 465 2414 0.049253 172.102
400	1	439.656	17603.7	17592.6	11.1038	468	76	190	1	0.0001 Colloc0 468 2440 0.0419753 149.862
410	1	450.633	17661.2	17649.5	11.7165	475	72	194	0	0.0001 Colloc0 475 2438 0.0108234 188.453
420	1	461.759	17568.3	17556.8	11.5169	453	77	189	1	0.0001 Colloc0 453 2430 0.000950519 175.529
430	1	472.857	17574.1	17562.8	11.2318	463	81	185	0	0.0001 Colloc0 463 2440 0.00661713 157.65
440	1	484.056	17468.2	17456.8	11.379	460	90	176	0	0.0001 Colloc0 460 2412 0.00428714 166.787
450	1	495.093	17524.3	17512.9	11.4357	480	93	173	0	0.0001 Colloc0 480 2419 0.0195776 170.365
460	1	506.24	17494.6	17483.5	11.1498	460	92	174	1	0.0001 Colloc0 460 2399 0.051489 152.643
470	1	517.216	17595.3	17583.8	11.4212	469	93	173	1	0.0001 Colloc0 469 2390 0.0300585 169.449
480	1	528.267	17507.6	17496.4	11.1577	451	99	167	5	0.0001 Colloc0 451 2432 0.0272158 153.124
490	1	539.185	17525.4	17514.5	10.8887	474	89	177	2	0.0001 Colloc0 474 2410 0.0936438 137.137
500	1	550.346	17518.6	17507.2	11.3903	466	90	176	3	0.0001 Colloc0 466 2416 0.00758163 167.497
510	1	561.298	17675.2	17664.3	10.9059	470	78	188	3	0.0001 Colloc0 470 2443 0.0946576 138.142
520	1	572.429	17572.6	17561.3	11.2267	482	92	174	1	0.0001 Colloc0 482 2410 0.0138627 157.336
530	1	583.686	17624.3	17613.2	11.1175	481	78	188	2	0.0001 Colloc0 481 2426 0.0961245 150.691
540	1	594.895	17543.6	17532.5	11.076	462	81	185	0	0.0001 Colloc0 462 2414 0.0801507 148.191
550	1	606.189	17578.8	17567.6	11.189	472	87	179	3	0.0001 Colloc0 472 2415 0.0204248 155.027
560	1	617.615	17515.9	17505	10.8279	493	85	181	3	0.0001 Colloc0 493 2408 0.124607 133.629
570	1	628.741	17478.6	17467.8	10.7595	463	89	177	0	0.0001 Colloc0 463 2416 0.0518752 129.724
580	1	639.752	17448.3	17437	11.2967	462	94	172	1	0.0001 Colloc0 462 2412 0.0439158 161.655
590	1	650.848	17690.6	17679.6	11.0032	476	70	196	1	0.0001 Colloc0 476 2444 0.063038 143.855
600	1	662.039	17523.3	17512.2	11.1766	477	94	172	1	0.0001 Colloc0 477 2423 0.00547616 154.273
610	1	673.14	17451.4	17440.2	11.1483	475	92	174	1	0.0001 Colloc0 475 2409 0.0592441 152.55
620	1	684.094	17639.7	17628.8	10.9627	470	74	192	3	0.0001 Colloc0 470 2425 0.0650391 141.466
630	1	695.244	17724.5	17713.2	11.2832	465	68	198	2	0.0001 Colloc0 465 2426 0.0110225 160.818
640	1	706.362	17670.7	17659	11.7277	470	74	192	1	0.0001 Colloc0 470 2448 0.00556828 189.186
650	1	717.506	17692.7	17681.3	11.3903	500	71	195	0	0.0001 Colloc0 500 2430 0.0417425 167.499
660	1	728.341	17620.1	17608.9	11.2401	489	84	182	0	0.0001 Colloc0 489 2434 0.0881714 158.157
670	1	738.847	17592.6	17581.4	11.167	466	83	183	2	0.0001 Colloc0 466 2448 0.0316064 153.691
680	1	749.912	17595.2	17584.2	11.0215	477	90	176	3	0.0001 Colloc0 477 2412 0.0833679 144.941
690	1	761.126	17458.2	17447.4	10.7584	463	80	186	1	0.0001 Colloc0 463 2408 0.0644035 129.659
700	1	772.234	17398.2	17387	11.2142	457	101	165	5	0.0001 Colloc0 457 2389 0.00752686 156.573
710	1	783.305	17405.2	17394.2	11.0722	452	91	175	0	0.0001 Colloc0 452 2395 0.0526175 147.965
720	1	793.899	17559.4	17548	11.3811	490	87	179	1	0.0001 Colloc0 490 2408 0.11685 166.921
730	1	805.05	17535.3	17523.7	11.6622	478	86	180	2	0.0001 Colloc0 478 2409 0.00418375 184.9
740	1	816.122	17560.3	17549	11.3564	476	81	185	2	0.0001 Colloc0 476 2406 0.0507569 165.372
750	1	827.282	17471.8	17460.6	11.247	468	78	188	1	0.0001 Colloc0 468 2392 0.00695618 158.586
760	1	838.548	17419.2	17408.1	11.1034	456	87	179	3	0.0001 Colloc0 456 2409 0.0352048 149.841
770	1	849.528	17533.9	17522.8	11.1211	471	86	180	1	0.0001 Colloc0 471 2424 0.0825136 150.906
780	1	860.747	17531.3	17520.4	10.9301	478	77	189	0	0.0001 Colloc0 478 2384 0.112177 139.55
790	1	872.017	17521.1	17509.6	11.4874	477	79	187	0	0.0001 Colloc0 477 2418 0.0161255 173.642
800	1	883.229	17548.6	17537.1	11.5426	482	82	184	1	0.0001 Colloc0 482 2382 0.015613 177.174
810	1	894.363	17424.9	17413.5	11.3678	464	87	179	2	0.0001 Colloc0 464 2398 0.0172956 166.086
820	1	905.559	17544.3	17533.5	10.8355	458	90	176	2	0.0001 Colloc0 458 2407 0.0814171 134.065
830	1	915.946	17490.9	17480.1	10.8526	460	93	173	3	0.0001 Colloc0 460 2372 0.0628543 135.051
840	1	926.588	17405.4	17394.4	10.9568	459	105	161	0	0.0001 Colloc0 459 2398 0.0546646 141.118
850	1	937.823	17450.1	17438.8	11.3105	472	91	175	1	0.0001 Colloc0 472 2403 0.0361562 162.512
860	1	949.139	17477.4	17466.3	11.0797	468	94	172	2	0.0001 Colloc0 468 2415 0.0545236 148.414
870	1	960.112	17442.7	17431.2	11.5189	467	92	174	1	0.0001 Colloc0 467 2380 3.88356e-05 175.656
880	1	971.221	17482.4	17471.3	11.1483	460	89	177	0	0.0001 Colloc0 460 2407 0.0460338 152.554
890	1	981.792	17491.8	17480.7	11.0737	480	89	177	2	0.0001 Colloc0 480 2396 0.0942582 148.054
900	1	992.32	17476.6	17465.8	10.8457	473	90	176	3	0.0001 Colloc0 473 2401 0.115479 134.653
910	1	1003.08	17553.2	17542	11.1926	486	88	178	2	0.0001 Colloc0 486 2395 0.0533465 155.251
920	1	1013.66	17503.6	17492.2	11.4038	476	91	175	2	0.0001 Colloc0 476 2396 0.0316087 168.351
930	1	1024.27	17593.7	17582.4	11.2582	481	86	180	2	0.0001 Colloc0 481 2400 0.0256682 159.276
940	1	1034.63	17451.6	17440.7	10.8366	451	92	174	2	0.0001 Colloc0 451 2405 0.0897023 134.13
950	1	1045.51	17436.6	17425.3	11.3214	468	83	183	2	0.0001 Colloc0 468 2367 0.0615692 163.191
960	1	1056.27	17292.6	17281.7	10.9763	438	116	150	2	0.0001 Colloc0 438 2396 0.0336191 142.265
970	1	1067.17	17343.4	17332.5	10.9113	466	93	173	1	0.0001 Colloc0 466 2397 0.0861565 138.452
980	1	1078.35	17431.3	17420.1	11.2126	466	94	172	1	0.0001 Colloc0 466 2403 0.0624157 156.473
990	1	1089.65	17479.7	17468.3	11.3602	478	84	182	1	0.0001 Colloc0 478 2388 0.0598626 165.615
1000	1	1100.68	17485.5	17474.3	11.1697	478	87	179	3	0.0001 Colloc0 478 2382 0.0265628 153.854
1010	1	1111.75	17549.5	17538.2	11.327	469	79	187	0	0.0001 Colloc0 469 2443 0.0106822 163.542
1020	1	1122.82	17526.9	17515.5	11.3777	470	73	193	1	0.0001 Colloc0 470 2417 0.0302121 166.71
1030	1	1133.89	17380.4	17369.1	11.2588	459	95	171	1	0.0001 Colloc0 459 2384 0.0329428 159.311
1040	1	1144.95	17345.3	17334.2	11.0833	452	100	166	0	0.0001 Colloc0 452 2411 0.0238675 148.629
1050	1	1156.09	17367.7	17356.2	11.4809	465	96	170	1	0.0001 Colloc0 465 2387 0.0105448 173.227
1060	1	1167.33	17492	17480.5	11.4458	474	85	181	2	0.0001 Colloc0 474 2397 0.0214496 171
1070	1	1178.59	17473.4	17462.1	11.2744	465	76	190	2	0.0001 Colloc0 465 2371 0.0119881 160.276
1080	1	1189.8	17378.4	17367	11.4179	454	88	178	1	0.0001 Colloc0 454 2377 0.00245083 169.238
1090	1	1201.13	17329	17317.5	11.5306	450	98	168	3	0.0001 Colloc0 450 2378 0.00495285 176.406
1100	1	1212.15	17468.4	17456.6	11.7712	461	85	181	0	0.0001 Colloc0 461 2384 0.0122948 192.049
1110	1	1223.17	17355	17343.7	11.2803	475	96	170	3	0.0001 Colloc0 475 2375 0.0351599 160.641
1120	1	1234.16	17463.2	17451.7	11.4615	471	90	176	4	0.0001 Colloc0 471 2400 0.0488472 171.995
1130	1	1245.09	17393.5	17382.1	11.4024	470	94	172	1	0.0001 Colloc0 470 2413 0.0766736 168.26
1140	1	1256.03	17407.1	17396	11.1549	462	89	177	2	0.0001 Colloc0 462 2401 0.103865 152.951
1150	1	1266.85	17405.2	17393.8	11.3562	476	94	172	2	0.0001 Colloc0 476 2389 0.0326593 165.36
1160	1	1277.9	17359.6	17348.2	11.4577	462	91	175	3	0.0001 Colloc0 462 2382 0.0202086 171.758
1170	1	1289.01	17430.5	17418.9	11.5986	472	92	174	1	0.0001 Colloc0 472 2369 0.00750531 180.777
1180	1	1300.19	17360.2	17349	11.2525	469	93	173	1	0.0001 Colloc0 469 2381 0.00522697 158.923
1190	1	1311.34	17352.6	17341.6	11.0398	473	103	163	1	0.0001 Colloc0 473 2396 0.0571368 146.032
1200	1	1322.39	17350	17338.7	11.2518	451	89	177	6	0.0001 Colloc0 451 2379 0.0433789 158.877
1210	1	1333.62	17433.4	17422.2	11.2529	451	92	174	0	0.0001 Colloc0 451 2422 0.0215299 158.947
1220	1	1344.69	17364.7	17353.6	11.1776	454	94	172	1	0.0001 Colloc0 454 2396 0.00886055 154.333
1230	1	1355.69	17425.5	17414.2	11.358	456	84	182	3	0.0001 Colloc0 456 2408 0.0161371 165.476
1240	1	1366.75	17373.9	17362.4	11.5234	463	96	170	3	0.0001 Colloc0 463 2404 0.000581718 175.939
1250	1	1377.94	17332.9	17321.8	11.1682	455	89	177	1	0.0001 Colloc0 455 2393 0.0355269 153.759
1260	1	1389.12	17380.6	17369.3	11.2875	451	82	184	2	0.0001 Colloc0 451 2392 0.0216974 161.084
1270	1	1400.06	17367.5	17355.9	11.5942	472	83	183	1	0.0001 Colloc0 472 2366 0.0574975 180.495
1280	1	1411.12	17321.8	17310.2	11.5609	463	99	167	2	0.0001 Colloc0 463 2385 0.00954514 178.345
1290	1	1421.69	17323.9	17312.7	11.226	450	97	169	0	0.0001 Colloc0 450 2372 0.016682 157.293
1300	1	1432.07	17433.5	17422.5	11.0115	476	87	179	3	0.0001 Colloc0 476 2371 0.12885 144.35
1310	1	1442.79	17468.6	17457.3	11.3038	477	81	185	1	0.0001 Colloc0 477 2389 0.0494226 162.097
1320	1	1453.67	17332	17320.9	11.0707	473	92	174	2	0.0001 Colloc0 473 2353 0.0979322 147.874
1330	1	1464.66	17333.9	17322.6	11.2945	469	98	168	0	0.0001 Colloc0 469 2390 0.0495223 161.518
1340	1	1475.49	17404.3	17393	11.3303	469	85	181	2	0.0001 Colloc0 469 2422 0.0329933 163.747
1350	1	1486.77	17334.4	17323.4	11.0146	463	99	167	1	0.0001 Colloc0 463 2372 0.0900995 144.531
1360	1	1497.95	17458.9	17447.9	11.0794	484	82	184	3	0.0001 Colloc0 484 2380 0.0812104 148.399
1370	1	1509.24	17362.6	17351.8	10.8695	464	91	175	1	0.0001 Colloc0 464 2360 0.0545994 136.023
1380	1	1519.79	17379.3	17368	11.2803	481	93	173	0	0.0001 Colloc0 481 2364 0.0719409 160.639
1390	1	1530.32	17319.5	17308.5	10.9744	460	105	161	2	0.0001 Colloc0 460 2352 0.062515 142.151
1400	1	1540.84	17426.4	17415	11.3788	446	87	179	3	0.0001 Colloc0 446 2405 0.00919172 166.779
1410	1	1551.13	17319.3	17308.3	10.9914	458	91	175	2	0.0001 Colloc0 458 2366 0.0527532 143.157
1420	1	1561.96	17389.9	17378.4	11.4369	468	87	179	2	0.0001 Colloc0 468 2395 0.00469818 170.435
1430	1	1573.08	17284.5	17273.6	10.9018	449	101	165	3	0.0001 Colloc0 449 2375 0.0783013 137.901
1440	1	1584.01	17380.2	17368.8	11.3367	455	83	183	1	0.0001 Colloc0 455 2399 0.013338 164.144
1450	1	1595.21	17268.5	17257.1	11.3883	456	98	168	2	0.0001 Colloc0 456 2365 0.0149949 167.375
1460	1	1606.42	17254.8	17243.9	10.9508	451	102	164	4	0.0001 Colloc0 451 2364 0.0477716 140.763
1470	1	1617.37	17365.4	17354.7	10.6826	463	90	176	3	0.0001 Colloc0 463 2383 0.108253 125.394
1480	1	1628.47	17271.9	17260.4	11.5674	464	105	161	0	0.0001 Colloc0 464 2367 0.0342712 178.764
1490	1	1639.75	17283.8	17272.7	11.0618	461	103	163	1	0.0001 Colloc0 461 2394 0.0394548 147.341
1500	1	1650.89	17253.4	17242.6	10.823	448	107	159	2	0.0001 Colloc0 448 2385 0.0849987 133.345
1510	1	1661.87	17299.1	17287.7	11.4102	472	93	173	3	0.0001 Colloc0 472 2369 0.0693842 168.749
1520	1	1672.92	17441.9	17430.5	11.4419	463	79	187	3	0.0001 Colloc0 463 2388 0.0153304 170.751
1530	1	1683.96	17394.2	17383	11.2096	468	88	178	2	0.0001 Colloc0 468 2392 0.0704186 156.288
1540	1	1695.13	17363.9	17353	10.9464	472	90	176	1	0.0001 Colloc0 472 2380 0.0500511 140.508
1550	1	1706.21	17313.8	17302.7	11.058	460	105	161	1	0.0001 Colloc0 460 2387 0.0776707 147.115
1560	1	1716.75	17277.9	17266.7	11.1193	470	108	158	7	0.0001 Colloc0 470 2368 0.0802595 150.798
1570	1	1727	17363.9	17353	10.8653	464	91	175	1	0.0001 Colloc0 464 2391 0.0893011 135.781
1580	1	1738.05	17286.4	17275.5	10.9597	453	98	168	1	0.0001 Colloc0 453 2373 0.112892 141.288
1590	1	1749.25	17387.4	17376.1	11.2302	475	93	173	1	0.0001 Colloc0 475 2354 0.0799404 157.553
1600	1	1760.37	17363.8	17352.7	11.1477	467	85	181	1	0.0001 Colloc0 467 2379 0.0504905 152.517
1610	1	1771.68	17317	17305.8	11.1447	474	85	181	1	0.0001 Colloc0 474 2375 0.0995989 152.333
1620	1	1782.99	17451.1	17439.6	11.4515	474	84	182	2	0.0001 Colloc0 474 2377 0.0266802 171.364
1630	1	1793.9	17347.2	17335.9	11.2864	465	101	165	3	0.0001 Colloc0 465 2393 0.0310903 161.02
1640	1	1804.19	17330.5	17319.1	11.4082	470	92	174	1	0.0001 Colloc0 470 2343 0.0476111 168.628
1650	1	1814.49	17252.1	17241.2	10.9228	451	105	161	0	0.0001 Colloc0 451 2368 0.0738491 139.124
1660	1	1824.93	17370.1	17359.3	10.77	475	111	155	6	0.0001 Colloc0 475 2377 0.104126 130.317
1670	1	1836.11	17470.8	17459.8	10.981	451	84	182	4	0.0001 Colloc0 451 2387 0.0525126 142.545
1680	1	1847.1	17424.4	17413.2	11.2575	483	83	183	2	0.0001 Colloc0 483 2372 0.0142067 159.231
1690	1	1857.5	17372.7	17361.4	11.3227	459	94	172	2	0.0001 Colloc0 459 2393 0.00424741 163.269
1700	1	1867.99	17417.6	17406.2	11.4238	450	86	180	0	0.0001 Colloc0 450 2401 0.00581074 169.609
1710	1	1878.95	17353.9	17342.9	11.0409	471	99	167	3	0.0001 Colloc0 471 2354 0.0787733 146.094
1720	1	1890.23	17434.3	17423.2	11.1772	477	90	176	2	0.0001 Colloc0 477 2384 0.00297663 154.312
1730	1	1901.28	17452.7	17441.3	11.4587	463	83	183	2	0.0001 Colloc0 463 2402 0.00283434 171.821
1740	1	1912.35	17419.1	17407.8	11.2989	462	85	181	3	0.0001 Colloc0 462 2385 0.00840237 161.792
1750	1	1923.42	17361.4	17350.1	11.3021	461	103	163	1	0.0001 Colloc0 461 2406 0.00218632 161.992
1760	1	1934.49	17453	17441.6	11.3507	476	95	171	3	0.0001 Colloc0 476 2402 0.043994 165.021
1770	1	1945.79	17403.9	17392.4	11.451	478	85	181	1	0.0001 Colloc0 478 2378 0.008453 171.331
1780	1	1956.65	17369.8	17358.8	11.0038	443	90	176	2	0.0001 Colloc0 443 2384 0.0485158 143.889
1790	1	1967.74	17321.7	17310.6	11.0225	450	99	167	2	0.0001 Colloc0 450 2395 0.0167061 145
1800	1	1978.73	17284.7	17273.2	11.4845	458	115	151	1	0.0001 Colloc0 458 2386 0.00901182 173.456
1810	1	1989.34	17338.9	17327.8	11.1395	458	97	169	2	0.0001 Colloc0 458 2378 0.053875 152.017
1820	1	2000.18	17387.2	17375.9	11.3348	464	91	175	4	0.0001 Colloc0 464 2358 0.0335522 164.024
1830	1	2010.7	17392.6	17381.3	11.2551	471	82	184	2	0.0001 Colloc0 471 2370 0.0658465 159.084
1840	1	2021	17388.6	17377.7	10.8581	464	86	180	3	0.0001 Colloc0 464 2392 0.10227 135.364
1850	1	2031.71	17372.2	17361.2	11.0492	452	84	182	2	0.0001 Colloc0 452 2377 0.0223454 146.588
1860	1	2041.92	17378.5	17367.4	11.0482	466	97	169	2	0.0001 Colloc0 466 2375 0.0650301 146.531
1870	1	2052.72	17478.7	17466.8	11.907	478	75	191	1	0.0001 Colloc0 478 2362 0.00156428 201.08
1880	1	2063.15	17440	17428.5	11.4546	452	81	185	1	0.0001 Colloc0 452 2384 0.000771814 171.561
1890	1	2073.81	17409.8	17398.5	11.2828	462	76	190	1	0.0001 Colloc0 462 2375 0.0113231 160.795
1900	1	2084.41	17440.8	17429.5	11.2854	471	86	180	1	0.0001 Colloc0 471 2387 0.0351369 160.958
1910	1	2094.86	17474.7	17462.9	11.7479	474	89	177	1	0.0001 Colloc0 474 2398 0.0100081 190.514
1920	1	2105.49	17447.6	17436.6	10.9346	487	86	180	2	0.0001 Colloc0 487 2390 0.0844686 139.815
1930	1	2116.01	17308.2	17297.2	10.9998	452	94	172	1	0.0001 Colloc0 452 2373 0.0425449 143.653
1940	1	2126.66	17303	17291.4	11.5125	467	97	169	2	0.0001 Colloc0 467 2371 0.00801952 175.247
1950	1	2137.32	17255.2	17243.7	11.4788	469	98	168	2	0.0001 Colloc0 469 2377 0.0102616 173.094
1960	1	2147.55	17292.6	17281.1	11.4937	467	91	175	2	0.0001 Colloc0 467 2367 0.0220304 174.043
1970	1	2157.63	17406.7	17395.7	11.0813	454	87	179	2	0.0001 Colloc0 454 2365 0.0268609 148.511
1980	1	2167.88	17399.9	17388.5	11.4137	476	99	167	4	0.0001 Colloc0 476 2384 0.0610332 168.972
1990	1	2178.48	17376.9	17365.8	11.096	466	94	172	2	0.0001 Colloc0 466 2376 0.0541709 149.392
2000	1	2188.24	17437.6	17426.4	11.2476	465	83	183	2	0.0001 Colloc0 465 2391 0.0133759 158.624
