# D = 0, E = 1, I = 1, P = 1, R = -1, n = 2000, N = 1, P = 1, w = 1, a = 0.0001, b = 10000, e = 1, f = 1, g = 100, h = 0.01, r = 23845, s = 1, S = 0, x = 10, m = 100, Z = 1, z = 0, T = 1, t = 1
# 6184 tokens in 266 sentences
#
# It	Temp	Time	-logP	-logPcorpus	-logPrior	tables	same	changed	reject	default_pya	(parent pym pyn pya pyb)*
0	1	0.834873	23269.4	23155.6	113.764	1289	0	266	0	0.0001 Colloc0 1289 2003 0.0001 10000
10	1	12.1662	18232	18220.2	11.7912	522	44	222	0	0.0001 Colloc0 522 2437 0.0460291 193.369
20	1	23.2605	17987.7	17976.2	11.4681	475	74	192	0	0.0001 Colloc0 475 2459 0.0348012 172.419
30	1	33.9168	17944.7	17933.4	11.2832	477	71	195	4	0.0001 Colloc0 477 2447 0.0268958 160.817
40	1	44.3603	17808.4	17797.9	10.5278	475	81	185	0	0.0001 Colloc0 475 2457 0.14061 116.879
50	1	55.1666	17775.9	17764.8	11.1012	464	89	177	2	0.0001 Colloc0 464 2440 0.0908284 149.709
60	1	66.2009	17681.8	17670.4	11.4004	464	86	180	2	0.0001 Colloc0 464 2425 0.0243369 168.136
70	1	77.4132	17634.5	17623.2	11.3043	466	89	177	1	0.0001 Colloc0 466 2415 0.00913608 162.127
80	1	88.2336	17768.7	17757.7	10.9318	495	91	175	3	0.0001 Colloc0 495 2423 0.119023 139.653
90	1	99.0149	17770.1	17759.5	10.6675	481	89	177	0	0.0001 Colloc0 481 2443 0.119387 124.552
100	1	110.114	17697.9	17686.9	11.0017	484	82	184	2	0.0001 Colloc0 484 2397 0.0948745 143.768
110	1	121.425	17659.8	17648.5	11.3203	475	88	178	1	0.0001 Colloc0 475 2409 0.0250684 163.124
120	1	132.599	17445.9	17434.9	10.9171	454	99	167	0	0.0001 Colloc0 454 2416 0.0778534 138.791
130	1	143.816	17583	17572.1	10.8922	467	92	174	1	0.0001 Colloc0 467 2424 0.157569 137.341
140	1	155.015	17501.5	17490.6	10.959	460	100	166	2	0.0001 Colloc0 460 2446 0.0836108 141.249
150	1	166.319	17655.7	17644.6	11.1761	487	82	184	1	0.0001 Colloc0 487 2435 0.0803047 154.244
160	1	177.431	17753.2	17742.3	10.9743	468	82	184	2	0.0001 Colloc0 468 2461 0.0696995 142.145
170	1	188.553	17579.1	17568.1	11.0606	461	86	180	2	0.0001 Colloc0 461 2417 0.0715906 147.271
180	1	199.638	17652.9	17641.8	11.0993	485	86	180	4	0.0001 Colloc0 485 2431 0.0861985 149.593
190	1	210.6	17661.4	17649.7	11.6751	485	83	183	4	0.0001 Colloc0 485 2399 0.000933868 185.747
200	1	221.868	17574.7	17563.9	10.784	464	86	180	2	0.0001 Colloc0 464 2411 0.0790667 131.117
210	1	232.813	17443.1	17432.1	11.0278	466	94	172	2	0.0001 Colloc0 466 2407 0.0537354 145.316
220	1	243.972	17571.5	17560.4	11.1047	469	93	173	3	0.0001 Colloc0 469 2433 0.0982988 149.92
230	1	255.218	17482.8	17471.7	11.079	472	103	163	1	0.0001 Colloc0 472 2412 0.110938 148.372
240	1	266.436	17591.5	17580.6	10.8728	458	86	180	4	0.0001 Colloc0 458 2438 0.0774074 136.216
250	1	277.617	17538.4	17527.5	10.9276	463	92	174	1	0.0001 Colloc0 463 2431 0.109539 139.408
260	1	288.809	17481.9	17470.9	11.0016	468	99	167	1	0.0001 Colloc0 468 2425 0.0411053 143.762
270	1	299.951	17572.7	17561.5	11.1386	459	94	172	3	0.0001 Colloc0 459 2446 0.0363071 151.965
280	1	311.055	17480.3	17469.3	10.9868	459	99	167	1	0.0001 Colloc0 459 2440 0.132638 142.882
290	1	322.221	17604.4	17593.6	10.8159	488	85	181	2	0.0001 Colloc0 488 2435 0.112327 132.936
300	1	333.404	17565.7	17554.8	10.8578	469	93	173	4	0.0001 Colloc0 469 2439 0.0743991 135.35
310	1	344.468	17510.2	17499.4	10.826	461	90	176	2	0.0001 Colloc0 461 2420 0.102333 133.518
320	1	355.495	17483.6	17472.9	10.7053	452	88	178	2	0.0001 Colloc0 452 2437 0.0993668 126.666
330	1	366.444	17468.9	17458.3	10.5747	471	85	181	2	0.0001 Colloc0 471 2397 0.13388 119.428
340	1	377.322	17423.8	17412.6	11.1622	457	97	169	5	0.0001 Colloc0 457 2423 0.0744336 153.394
350	1	388.532	17597.3	17587	10.3602	478	88	178	3	0.0001 Colloc0 478 2437 0.18964 107.966
360	1	399.458	17594.9	17583.3	11.545	475	85	181	1	0.0001 Colloc0 475 2416 0.0152668 177.325
370	1	410.082	17735.9	17724.6	11.2623	486	85	181	6	0.0001 Colloc0 486 2434 0.0533249 159.528
380	1	420.729	17460.7	17449.7	11.0091	477	96	170	1	0.0001 Colloc0 477 2389 0.104448 144.205
390	1	431.54	17404.3	17393.9	10.4197	461	99	167	0	0.0001 Colloc0 461 2410 0.164141 111.093
400	1	442.435	17412	17401.6	10.4796	461	93	173	3	0.0001 Colloc0 461 2414 0.180747 114.282
410	1	453.067	17383.1	17372.6	10.5086	450	92	174	2	0.0001 Colloc0 450 2405 0.131089 115.836
420	1	464.06	17487.8	17477.3	10.5126	461	82	184	1	0.0001 Colloc0 461 2397 0.155736 116.057
430	1	474.789	17499.4	17489	10.3797	455	85	181	3	0.0001 Colloc0 455 2428 0.155616 108.987
440	1	485.224	17605.5	17594.6	10.8722	468	76	190	1	0.0001 Colloc0 468 2444 0.0976341 136.183
450	1	495.899	17485.7	17474.7	10.9643	448	85	181	2	0.0001 Colloc0 448 2440 0.0721548 141.561
460	1	506.954	17509.9	17498.9	10.9928	450	88	178	4	0.0001 Colloc0 450 2463 0.0546225 143.242
470	1	518.12	17462.6	17451.5	11.108	452	89	177	2	0.0001 Colloc0 452 2457 0.0377661 150.118
480	1	529.275	17472.2	17461.4	10.8595	462	81	185	1	0.0001 Colloc0 462 2428 0.085596 135.446
490	1	540.336	17617.9	17607.1	10.7738	461	78	188	2	0.0001 Colloc0 461 2448 0.128468 130.534
500	1	551.464	17529.3	17517.9	11.3345	452	86	180	2	0.0001 Colloc0 452 2459 0.0200462 164.004
510	1	562.497	17316.4	17305.6	10.793	421	99	167	3	0.0001 Colloc0 421 2411 0.0548304 131.63
520	1	573.629	17443.3	17432.4	10.8534	452	80	186	3	0.0001 Colloc0 452 2447 0.0743308 135.094
530	1	584.69	17518.7	17507.6	11.0848	446	81	185	2	0.0001 Colloc0 446 2458 0.0316848 148.723
540	1	595.656	17532.5	17521.4	11.1842	438	79	187	3	0.0001 Colloc0 438 2449 0.0188297 154.734
550	1	606.643	17548.2	17537.2	11.0598	454	93	173	2	0.0001 Colloc0 454 2460 0.0444841 147.222
560	1	617.854	17444.4	17433.8	10.5725	451	81	185	3	0.0001 Colloc0 451 2436 0.0783595 119.306
570	1	628.808	17505.9	17495.4	10.5239	458	78	188	1	0.0001 Colloc0 458 2458 0.133557 116.664
580	1	639.942	17522.2	17511.3	10.8715	452	77	189	0	0.0001 Colloc0 452 2430 0.0983929 136.142
590	1	651.181	17465.8	17454.9	10.8772	450	86	180	1	0.0001 Colloc0 450 2452 0.0684575 136.473
600	1	662.301	17501.1	17490.4	10.7221	466	75	191	2	0.0001 Colloc0 466 2430 0.127355 127.609
610	1	673.504	17502.7	17491.8	10.8665	444	89	177	3	0.0001 Colloc0 444 2457 0.0408805 135.852
620	1	684.682	17451.1	17440.2	10.8943	464	94	172	1	0.0001 Colloc0 464 2433 0.0751276 137.465
630	1	695.337	17395.1	17384.6	10.5734	451	91	175	4	0.0001 Colloc0 451 2415 0.138739 119.359
640	1	706.392	17311.1	17300.1	11.0744	427	110	156	2	0.0001 Colloc0 427 2440 0.0143007 148.095
650	1	717.531	17331.5	17321	10.5677	457	99	167	0	0.0001 Colloc0 457 2428 0.195632 119.045
660	1	728.201	17568.7	17558	10.7075	464	87	179	1	0.0001 Colloc0 464 2448 0.138093 126.791
670	1	741.538	17508.4	17497.6	10.8018	447	83	183	2	0.0001 Colloc0 447 2448 0.0448995 132.131
680	1	752.379	17306.5	17296.4	10.0848	458	96	170	0	0.0001 Colloc0 458 2416 0.190227 94.0681
690	1	763.489	17290.1	17279.3	10.7598	435	104	162	1	0.0001 Colloc0 435 2429 0.0747963 129.74
700	1	774.619	17296.5	17285.5	11.037	437	105	161	2	0.0001 Colloc0 437 2438 0.0276089 145.864
710	1	785.765	17503.2	17492.4	10.7988	453	83	183	4	0.0001 Colloc0 453 2434 0.0987295 131.961
720	1	796.881	17523.3	17512.9	10.3743	466	78	188	1	0.0001 Colloc0 466 2405 0.180677 108.705
730	1	807.363	17402.4	17391.5	10.8947	440	92	174	1	0.0001 Colloc0 440 2415 0.0817393 137.485
740	1	818.577	17574.4	17563.4	10.9572	460	77	189	0	0.0001 Colloc0 460 2441 0.0521578 141.14
750	1	829.727	17260.2	17249.3	10.9033	451	103	163	3	0.0001 Colloc0 451 2406 0.0883249 137.987
760	1	840.993	17380.5	17369.4	11.0404	462	90	176	3	0.0001 Colloc0 462 2440 0.120154 146.064
770	1	852.164	17505.4	17494.6	10.7356	437	76	190	0	0.0001 Colloc0 437 2460 0.0729672 128.369
780	1	862.975	17480.9	17470	10.8876	468	78	188	2	0.0001 Colloc0 468 2409 0.134896 137.077
790	1	874.015	17392.9	17382	10.8722	457	92	174	4	0.0001 Colloc0 457 2422 0.122717 136.182
800	1	885.118	17402.6	17391.9	10.6522	439	84	182	2	0.0001 Colloc0 439 2424 0.0946655 123.701
810	1	896.275	17500.6	17489.7	10.8446	467	79	187	0	0.0001 Colloc0 467 2397 0.134472 134.586
820	1	907.138	17316.2	17305.7	10.4644	442	92	174	4	0.0001 Colloc0 442 2422 0.119836 113.466
830	1	917.895	17370.6	17359.9	10.7523	462	90	176	3	0.0001 Colloc0 462 2394 0.109422 129.317
840	1	928.74	17414.9	17404.3	10.6398	460	94	172	0	0.0001 Colloc0 460 2407 0.110189 123.009
850	1	939.81	17434.8	17424.4	10.4695	470	86	180	0	0.0001 Colloc0 470 2396 0.0989339 113.739
860	1	950.984	17366.9	17356.9	10.0129	451	94	172	1	0.0001 Colloc0 451 2419 0.195976 90.5994
870	1	962.176	17355.2	17345.2	10.0624	455	102	164	1	0.0001 Colloc0 455 2394 0.153358 92.9795
880	1	973.338	17472.4	17462	10.3884	464	80	186	2	0.0001 Colloc0 464 2397 0.129218 109.443
890	1	984.505	17370.8	17360.5	10.3316	456	93	173	1	0.0001 Colloc0 456 2393 0.190198 106.482
900	1	995.466	17242.2	17231.2	10.9811	448	97	169	3	0.0001 Colloc0 448 2416 0.0954446 142.547
910	1	1006.66	17330.5	17319.7	10.7666	455	97	169	1	0.0001 Colloc0 455 2422 0.120045 130.123
920	1	1017.81	17453.6	17442.7	10.9506	466	88	178	2	0.0001 Colloc0 466 2435 0.08656 140.756
930	1	1028.8	17422.7	17412.4	10.3488	478	87	179	0	0.0001 Colloc0 478 2408 0.201884 107.37
940	1	1039.32	17377.6	17367	10.6238	473	86	180	3	0.0001 Colloc0 473 2390 0.164186 122.124
950	1	1050.32	17343.8	17332.9	10.87	443	100	166	2	0.0001 Colloc0 443 2403 0.0668008 136.056
960	1	1060.94	17391.9	17380.5	11.4696	462	90	176	0	0.0001 Colloc0 462 2408 0.0549834 172.511
970	1	1071.78	17359.8	17348.9	10.9538	454	81	185	1	0.0001 Colloc0 454 2385 0.0883847 140.94
980	1	1082.51	17438.6	17427.4	11.1313	452	75	191	0	0.0001 Colloc0 452 2422 0.0334829 151.524
990	1	1093.3	17274.1	17263.8	10.3137	448	98	168	0	0.0001 Colloc0 448 2422 0.151383 105.554
1000	1	1104.22	17291.1	17280.7	10.4593	444	105	161	3	0.0001 Colloc0 444 2413 0.151624 113.194
1010	1	1115.43	17287.6	17276.9	10.6066	462	97	169	1	0.0001 Colloc0 462 2424 0.172678 121.18
1020	1	1126.93	17269.4	17259.2	10.2268	426	97	169	1	0.0001 Colloc0 426 2428 0.16747 101.115
1030	1	1138.08	17452.5	17441.6	10.9535	463	83	183	2	0.0001 Colloc0 463 2427 0.109339 140.922
1040	1	1149.33	17354.6	17344.1	10.4701	457	97	169	1	0.0001 Colloc0 457 2427 0.112193 113.771
1050	1	1160.53	17176.7	17165.9	10.7526	438	107	159	4	0.0001 Colloc0 438 2399 0.06665 129.329
1060	1	1171.43	17336	17325	10.9455	448	96	170	2	0.0001 Colloc0 448 2426 0.0279375 140.456
1070	1	1182.63	17404.7	17394.4	10.2969	482	98	168	0	0.0001 Colloc0 482 2401 0.200336 104.686
1080	1	1193.75	17454.3	17443.5	10.7812	458	81	185	1	0.0001 Colloc0 458 2405 0.0765788 130.953
1090	1	1204.96	17245.6	17234.9	10.7205	458	102	164	1	0.0001 Colloc0 458 2383 0.100347 127.518
1100	1	1215.75	17273.4	17262.9	10.5744	449	97	169	1	0.0001 Colloc0 449 2378 0.140567 119.413
1110	1	1226.36	17376.9	17366.2	10.7069	477	87	179	2	0.0001 Colloc0 477 2393 0.142702 126.754
1120	1	1237.27	17322.3	17311.3	11.003	470	84	182	2	0.0001 Colloc0 470 2406 0.0826825 143.841
1130	1	1248.47	17239.1	17228.7	10.4008	466	97	169	2	0.0001 Colloc0 466 2386 0.141263 110.092
1140	1	1259.32	17353.8	17342.6	11.1739	451	94	172	2	0.0001 Colloc0 451 2389 0.0522018 154.108
1150	1	1270.53	17288.9	17278.2	10.735	445	91	175	2	0.0001 Colloc0 445 2413 0.0487357 128.335
1160	1	1281.68	17184.9	17173.8	11.0027	440	104	162	2	0.0001 Colloc0 440 2376 0.0755618 143.824
1170	1	1292.54	17283.5	17273.1	10.4677	456	94	172	2	0.0001 Colloc0 456 2376 0.168609 113.642
1180	1	1303.56	17361	17350.5	10.4826	465	79	187	3	0.0001 Colloc0 465 2367 0.171027 114.442
1190	1	1314.51	17320	17309.5	10.5508	467	85	181	4	0.0001 Colloc0 467 2381 0.16261 118.126
1200	1	1325.49	17260.7	17250	10.7173	458	98	168	3	0.0001 Colloc0 458 2382 0.14495 127.339
1210	1	1336.61	17176.7	17166.1	10.5755	440	104	162	3	0.0001 Colloc0 440 2421 0.119598 119.474
1220	1	1347.91	17185.5	17174.7	10.8166	431	103	163	2	0.0001 Colloc0 431 2401 0.0103835 132.981
1230	1	1359.13	17278.3	17267	11.2919	457	102	164	2	0.0001 Colloc0 457 2402 0.0206713 161.355
1240	1	1370.28	17236.9	17225.9	11.0035	437	108	158	0	0.0001 Colloc0 437 2421 0.0407939 143.872
1250	1	1381.45	17321.2	17310.1	11.0652	453	92	174	2	0.0001 Colloc0 453 2397 0.00969198 147.544
1260	1	1392.21	17264.8	17254.2	10.5587	462	95	171	2	0.0001 Colloc0 462 2381 0.191335 118.555
1270	1	1403.35	17210.2	17200.2	9.96661	456	92	174	0	0.0001 Colloc0 456 2351 0.214508 88.4013
1280	1	1414.72	17200	17189.5	10.4929	446	110	156	0	0.0001 Colloc0 446 2362 0.139163 114.991
1290	1	1425.97	17370.6	17359.9	10.716	464	84	182	2	0.0001 Colloc0 464 2396 0.118556 127.268
1300	1	1437.07	17150	17139.5	10.5274	449	108	158	2	0.0001 Colloc0 449 2376 0.107158 116.855
1310	1	1448.25	17320.8	17309.5	11.2837	466	95	171	0	0.0001 Colloc0 466 2376 0.0420046 160.849
1320	1	1459.2	17284.6	17274.7	9.95593	462	96	170	1	0.0001 Colloc0 462 2390 0.177466 87.898
1330	1	1469.94	17261.3	17251	10.2982	458	98	168	4	0.0001 Colloc0 458 2370 0.18443 104.753
1340	1	1480.65	17293	17281.8	11.2062	455	92	174	2	0.0001 Colloc0 455 2393 0.0343214 156.08
1350	1	1491.38	17130.3	17119.8	10.4662	436	112	154	0	0.0001 Colloc0 436 2368 0.136265 113.563
1360	1	1502.4	17124.2	17113.6	10.6415	452	113	153	3	0.0001 Colloc0 452 2374 0.13553 123.104
1370	1	1513.43	17172.1	17161.7	10.3827	454	101	165	1	0.0001 Colloc0 454 2381 0.156381 109.145
1380	1	1524.47	17223.9	17212.7	11.1525	467	106	160	1	0.0001 Colloc0 467 2383 0.0901151 152.808
1390	1	1535.27	17230.9	17220.2	10.6934	451	115	151	1	0.0001 Colloc0 451 2382 0.0635986 125.999
1400	1	1546.44	17317.8	17306.7	11.0783	456	86	180	3	0.0001 Colloc0 456 2374 0.0509557 148.329
1410	1	1557.74	17321.3	17310.1	11.2715	469	89	177	3	0.0001 Colloc0 469 2363 0.0302868 160.097
1420	1	1568.97	17282.8	17272.4	10.4797	460	93	173	2	0.0001 Colloc0 460 2400 0.116136 114.286
1430	1	1580.54	17265	17254.6	10.3638	462	83	183	5	0.0001 Colloc0 462 2353 0.161314 108.153
1440	1	1591.82	17228.9	17218.5	10.3202	451	101	165	1	0.0001 Colloc0 451 2394 0.157023 105.888
1450	1	1602.8	17301.8	17290.5	11.2935	472	83	183	2	0.0001 Colloc0 472 2366 0.0280486 161.456
1460	1	1613.83	17134.5	17123.8	10.7362	445	109	157	1	0.0001 Colloc0 445 2377 0.127477 128.403
1470	1	1624.95	17257.9	17246.9	11.0313	456	94	172	4	0.0001 Colloc0 456 2393 0.0105694 145.522
1480	1	1636.17	17253.6	17242.9	10.7473	457	98	168	3	0.0001 Colloc0 457 2418 0.116641 129.033
1490	1	1647.4	17215.4	17205.3	10.1654	460	94	172	1	0.0001 Colloc0 460 2383 0.136591 98.0392
1500	1	1658.66	17239.7	17230	9.67367	457	98	168	2	0.0001 Colloc0 457 2340 0.265183 75.1648
1510	1	1669.84	17195.9	17185	10.9301	450	109	157	1	0.0001 Colloc0 450 2368 0.119632 139.549
1520	1	1681	17169.7	17159.2	10.4672	454	111	155	2	0.0001 Colloc0 454 2349 0.129115 113.614
1530	1	1692.38	17165.7	17155.5	10.1808	444	107	159	6	0.0001 Colloc0 444 2358 0.150463 98.804
1540	1	1703.37	17232.5	17221	11.4924	456	101	165	4	0.0001 Colloc0 456 2367 0.0233433 173.961
1550	1	1714.47	17163.7	17153.3	10.4425	463	108	158	3	0.0001 Colloc0 463 2332 0.212667 112.301
1560	1	1725.62	17266	17255.2	10.7909	464	96	170	1	0.0001 Colloc0 464 2363 0.139185 131.509
1570	1	1736.34	17244	17232.4	11.6375	457	98	168	1	0.0001 Colloc0 457 2376 0.00273482 183.3
1580	1	1747.45	17168.8	17158.3	10.5103	476	92	174	2	0.0001 Colloc0 476 2358 0.149855 115.929
1590	1	1758.67	17149.2	17138.6	10.5814	455	115	151	2	0.0001 Colloc0 455 2377 0.146546 119.796
1600	1	1769.93	17081.9	17071.5	10.3836	451	108	158	1	0.0001 Colloc0 451 2366 0.171144 109.191
1610	1	1780.62	17210.9	17199.8	11.1333	463	105	161	2	0.0001 Colloc0 463 2368 0.0736013 151.644
1620	1	1791.46	17154.1	17143.5	10.6284	441	110	156	2	0.0001 Colloc0 441 2374 0.0990276 122.379
1630	1	1802.51	17118.2	17108.2	10.0964	442	102	164	3	0.0001 Colloc0 442 2381 0.201695 94.6328
1640	1	1813.57	17238.2	17227.5	10.6682	451	96	170	1	0.0001 Colloc0 451 2362 0.116587 124.591
1650	1	1824.53	17183.6	17172.4	11.2312	454	105	161	2	0.0001 Colloc0 454 2377 0.0669537 157.614
1660	1	1835.43	17163.6	17153	10.6061	452	102	164	2	0.0001 Colloc0 452 2368 0.147467 121.152
1670	1	1846.79	17306.5	17295.6	10.8364	462	98	168	2	0.0001 Colloc0 462 2373 0.0519887 134.113
1680	1	1858.08	17333.7	17322.7	11.0553	459	83	183	1	0.0001 Colloc0 459 2382 0.0512767 146.957
1690	1	1869.24	17238.5	17227.8	10.7462	449	95	171	3	0.0001 Colloc0 449 2377 0.0618125 128.972
1700	1	1880.23	17290.5	17279.9	10.5898	457	92	174	1	0.0001 Colloc0 457 2384 0.15937 120.256
1710	1	1891.34	17232.5	17221.5	11.0086	456	97	169	5	0.0001 Colloc0 456 2369 0.07552 144.173
1720	1	1901.98	17229.9	17218.7	11.1433	462	103	163	2	0.0001 Colloc0 462 2366 0.022872 152.253
1730	1	1912.48	17305.4	17294.3	11.1376	454	101	165	3	0.0001 Colloc0 454 2386 0.0421674 151.906
1740	1	1923.12	17343.9	17333.1	10.7958	467	96	170	3	0.0001 Colloc0 467 2381 0.100297 131.789
1750	1	1934.22	17227.4	17216.8	10.635	452	92	174	1	0.0001 Colloc0 452 2377 0.104345 122.745
1760	1	1945.13	17123.6	17113.2	10.3905	450	96	170	0	0.0001 Colloc0 450 2362 0.142251 109.552
1770	1	1956.07	17213.2	17202.5	10.655	477	92	174	4	0.0001 Colloc0 477 2353 0.13943 123.856
1780	1	1966.66	17191.8	17180.7	11.112	464	93	173	3	0.0001 Colloc0 464 2342 0.103934 150.356
1790	1	1977.63	17240.7	17229.6	11.1184	445	105	161	3	0.0001 Colloc0 445 2354 0.0267545 150.747
1800	1	1988.13	17157.9	17147.7	10.2701	453	103	163	1	0.0001 Colloc0 453 2355 0.171814 103.316
1810	1	1999.14	17194.1	17183.4	10.6964	462	97	169	5	0.0001 Colloc0 462 2344 0.159742 126.167
1820	1	2010.16	17177.8	17167.1	10.666	447	106	160	4	0.0001 Colloc0 447 2384 0.0921113 124.466
1830	1	2020.93	17132.7	17123.2	9.49317	467	108	158	1	0.0001 Colloc0 467 2346 0.268059 67.6068
1840	1	2031.73	17204.2	17192.8	11.3597	440	92	174	1	0.0001 Colloc0 440 2351 0.037251 165.578
1850	1	2042.66	17252.5	17241.4	11.1613	456	91	175	1	0.0001 Colloc0 456 2356 0.0802838 153.344
1860	1	2053.7	17287	17276.3	10.6919	472	93	173	2	0.0001 Colloc0 472 2360 0.137078 125.916
1870	1	2064.2	17228.5	17217.1	11.45	459	94	172	2	0.0001 Colloc0 459 2361 0.0248512 171.265
1880	1	2074.97	17199.1	17188	11.1192	454	99	167	3	0.0001 Colloc0 454 2371 0.0958751 150.794
1890	1	2085.86	17190	17179	11.0429	452	102	164	4	0.0001 Colloc0 452 2381 0.0769575 146.216
1900	1	2096.35	17303.5	17292.9	10.5358	463	87	179	1	0.0001 Colloc0 463 2387 0.184617 117.308
1910	1	2107.11	17227.5	17216.5	10.9502	447	94	172	5	0.0001 Colloc0 447 2385 0.0780531 140.729
1920	1	2117.52	17220.1	17209.8	10.3125	458	110	156	2	0.0001 Colloc0 458 2388 0.224376 105.492
1930	1	2128.14	17193.9	17183	10.9264	470	96	170	1	0.0001 Colloc0 470 2340 0.0820371 139.333
1940	1	2138.59	17169.4	17158.2	11.1762	466	109	157	4	0.0001 Colloc0 466 2339 0.0939239 154.247
1950	1	2148.83	17206.4	17195.8	10.5281	464	96	170	1	0.0001 Colloc0 464 2365 0.179041 116.89
1960	1	2158.99	17169.5	17158.7	10.7789	457	99	167	1	0.0001 Colloc0 457 2368 0.10189 130.824
1970	1	2169.37	17095.6	17085.4	10.2386	463	118	148	0	0.0001 Colloc0 463 2366 0.2531 101.714
1980	1	2179.66	17156.3	17146.3	9.99008	450	105	161	0	0.0001 Colloc0 450 2356 0.209116 89.5119
1990	1	2189.9	17126.8	17116.3	10.5257	447	109	157	0	0.0001 Colloc0 447 2329 0.142422 116.764
2000	1	2200.42	17356.2	17346	10.1893	460	95	171	2	0.0001 Colloc0 460 2376 0.189092 99.231
