# D = 0, E = 1, I = 1, P = 1, R = -1, n = 2000, N = 1, P = 1, w = 1, a = 0.0001, b = 10000, e = 1, f = 1, g = 100, h = 0.01, r = 9688, s = 1, S = 0, x = 10, m = 100, Z = 1, z = 0, T = 1, t = 1
# 6184 tokens in 266 sentences
#
# It	Temp	Time	-logP	-logPcorpus	-logPrior	tables	same	changed	reject	default_pya	(parent pym pyn pya pyb)*
0	1	0.872867	24778.7	24665	113.764	1956	0	266	0	0.0001 Colloc0 1956 2906 0.0001 10000
10	1	13.064	19193.7	19182.2	11.4823	549	34	232	0	0.0001 Colloc0 549 2682 0.0658046 173.322
20	1	24.3263	18730.1	18718.6	11.5293	482	49	217	4	0.0001 Colloc0 482 2670 0.00377708 176.321
30	1	35.1167	18514.1	18502.7	11.4318	474	50	216	3	0.0001 Colloc0 474 2658 0.0112346 170.118
40	1	45.6081	18443.9	18432.8	11.1118	462	50	216	1	0.0001 Colloc0 462 2674 0.0244764 150.346
50	1	56.6534	18322.8	18311.9	10.8923	450	69	197	2	0.0001 Colloc0 450 2651 0.0483144 137.345
60	1	67.1728	18184.6	18173.6	11.0629	479	67	199	2	0.0001 Colloc0 479 2631 0.0680995 147.41
70	1	78.0781	18126.8	18115.8	11.0688	447	67	199	3	0.0001 Colloc0 447 2656 0.023432 147.76
80	1	88.6995	18020	18009.6	10.368	428	85	181	2	0.0001 Colloc0 428 2650 0.0621626 108.374
90	1	99.7268	18218.5	18207.5	11.0313	447	61	205	2	0.0001 Colloc0 447 2689 0.0391622 145.522
100	1	110.828	18089.4	18078.8	10.6066	449	78	188	3	0.0001 Colloc0 449 2644 0.105505 121.175
110	1	121.921	17992.1	17981.4	10.7179	441	79	187	2	0.0001 Colloc0 441 2614 0.0408698 127.372
120	1	132.544	18007.4	17996.5	10.8899	458	73	193	3	0.0001 Colloc0 458 2610 0.092481 137.21
130	1	143.238	18040.8	18029.7	11.1236	455	68	198	2	0.0001 Colloc0 455 2597 0.0466666 151.06
140	1	154.345	18026.9	18015.7	11.1704	464	76	190	3	0.0001 Colloc0 464 2595 0.022687 153.893
150	1	164.767	17870.2	17859.8	10.4022	447	75	191	2	0.0001 Colloc0 447 2612 0.117686 110.171
160	1	175.695	17888.5	17878.3	10.2327	449	73	193	3	0.0001 Colloc0 449 2587 0.178539 101.415
170	1	186.411	17967.1	17956.1	11.0085	466	72	194	5	0.0001 Colloc0 466 2595 0.0173318 144.169
180	1	197.346	17937.8	17926.8	10.9642	437	76	190	1	0.0001 Colloc0 437 2615 0.0177535 141.554
190	1	208.281	17894.3	17883.3	11.0023	448	75	191	0	0.0001 Colloc0 448 2594 0.00235861 143.801
200	1	219.17	17873.8	17863.4	10.4097	449	74	192	1	0.0001 Colloc0 449 2613 0.173677 110.561
210	1	230.045	17713	17701.9	11.0762	429	76	190	0	0.0001 Colloc0 429 2591 0.0181666 148.204
220	1	241.21	17897.2	17886.3	10.9814	444	83	183	3	0.0001 Colloc0 444 2581 0.0209636 142.569
230	1	252.284	17744.9	17734.1	10.7872	448	81	185	0	0.0001 Colloc0 448 2563 0.0753506 131.3
240	1	263.307	17877.4	17866.3	11.133	451	76	190	1	0.0001 Colloc0 451 2564 0.0526564 151.624
250	1	274.275	17724.1	17713.4	10.6575	452	86	180	1	0.0001 Colloc0 452 2547 0.106675 123.993
260	1	285.17	17825.4	17814.2	11.2155	457	79	187	3	0.0001 Colloc0 457 2559 0.0380499 156.647
270	1	296.012	17772.1	17761.8	10.2959	456	84	182	2	0.0001 Colloc0 456 2559 0.153233 104.638
280	1	307.097	17745.9	17735.1	10.8662	440	85	181	4	0.0001 Colloc0 440 2566 0.0961817 135.835
290	1	318.272	17743.4	17732.6	10.8074	444	77	189	2	0.0001 Colloc0 444 2570 0.0906494 132.452
300	1	328.878	17705.5	17695	10.4823	442	77	189	2	0.0001 Colloc0 442 2573 0.0581087 114.426
310	1	339.723	17748.4	17737.9	10.4599	467	77	189	5	0.0001 Colloc0 467 2549 0.168108 113.228
320	1	350.824	17845.3	17834.4	10.9264	467	74	192	1	0.0001 Colloc0 467 2555 0.126755 139.335
330	1	361.923	17794.1	17783.8	10.3049	469	79	187	1	0.0001 Colloc0 469 2568 0.168452 105.099
340	1	373.174	17740.8	17729.8	10.935	445	88	178	3	0.0001 Colloc0 445 2545 0.0558358 139.838
350	1	384.301	17778.9	17767.7	11.2055	481	89	177	1	0.0001 Colloc0 481 2552 0.0555841 156.036
360	1	395.57	17770.6	17759.5	11.0891	478	77	189	1	0.0001 Colloc0 478 2560 0.0740501 148.977
370	1	406.574	17559.6	17549	10.606	453	87	179	2	0.0001 Colloc0 453 2509 0.0813433 121.146
380	1	417.722	17648.9	17637.7	11.2174	455	79	187	3	0.0001 Colloc0 455 2518 0.0352518 156.768
390	1	428.737	17723.2	17712	11.184	447	76	190	1	0.0001 Colloc0 447 2533 0.0359179 154.725
400	1	439.665	17656.2	17645.4	10.8527	447	82	184	1	0.0001 Colloc0 447 2550 0.111011 135.057
410	1	450.694	17577	17566.7	10.2821	443	88	178	1	0.0001 Colloc0 443 2512 0.11686 103.929
420	1	461.719	17610.4	17599.5	10.825	455	97	169	2	0.0001 Colloc0 455 2539 0.0986429 133.461
430	1	472.669	17653.8	17642.6	11.1577	445	93	173	0	0.0001 Colloc0 445 2541 0.00836663 153.124
440	1	483.739	17650.2	17639.7	10.5426	454	75	191	4	0.0001 Colloc0 454 2538 0.152581 117.677
450	1	494.719	17617.9	17606.9	10.9599	448	90	176	2	0.0001 Colloc0 448 2542 0.0398851 141.298
460	1	505.696	17691.7	17680.9	10.776	451	79	187	1	0.0001 Colloc0 451 2509 0.0611962 130.659
470	1	516.732	17655.6	17644.3	11.2511	448	85	181	1	0.0001 Colloc0 448 2532 0.0252088 158.836
480	1	527.601	17574.7	17563.7	11.0424	447	83	183	3	0.0001 Colloc0 447 2516 0.000237637 146.186
490	1	538.182	17505.3	17494.9	10.4028	444	93	173	2	0.0001 Colloc0 444 2521 0.128986 110.2
500	1	548.955	17499	17488.4	10.586	451	91	175	3	0.0001 Colloc0 451 2491 0.116319 120.045
510	1	559.776	17514.5	17503.6	10.9062	434	92	174	0	0.0001 Colloc0 434 2538 0.0529531 138.157
520	1	570.946	17501.3	17490.2	11.0501	450	102	164	1	0.0001 Colloc0 450 2506 0.05998 146.643
530	1	581.489	17482.4	17471.3	11.168	430	104	162	0	0.0001 Colloc0 430 2512 0.0147342 153.747
540	1	592.315	17580.6	17570	10.5658	454	91	175	3	0.0001 Colloc0 454 2499 0.109795 118.94
550	1	603.148	17598.4	17588.3	10.1713	463	90	176	1	0.0001 Colloc0 463 2512 0.167268 98.3319
560	1	613.827	17664.7	17653.5	11.1415	455	75	191	0	0.0001 Colloc0 455 2542 0.0234833 152.14
570	1	624.935	17645.3	17634.5	10.7769	459	81	185	2	0.0001 Colloc0 459 2506 0.115635 130.714
580	1	636.178	17740.3	17729.3	10.9887	452	78	188	1	0.0001 Colloc0 452 2511 0.0304092 143
590	1	647.236	17609.7	17599	10.722	437	91	175	3	0.0001 Colloc0 437 2569 0.0642341 127.606
600	1	658.349	17547.6	17536.7	10.9233	445	100	166	1	0.0001 Colloc0 445 2565 0.0711642 139.154
610	1	669.432	17487.5	17476.9	10.6083	443	91	175	2	0.0001 Colloc0 443 2527 0.162906 121.272
620	1	680.621	17581.4	17571.1	10.2554	451	91	175	1	0.0001 Colloc0 451 2530 0.160948 102.566
630	1	691.653	17471.6	17460.6	10.9994	441	102	164	3	0.0001 Colloc0 441 2537 0.0719873 143.628
640	1	702.717	17508	17497.3	10.7394	434	91	175	1	0.0001 Colloc0 434 2529 0.0562207 128.585
650	1	713.787	17547.1	17536.2	10.9851	434	94	172	0	0.0001 Colloc0 434 2549 0.0337803 142.786
660	1	724.782	17553.4	17543.1	10.2667	447	84	182	1	0.0001 Colloc0 447 2519 0.139993 103.142
670	1	735.771	17656.7	17646.3	10.4629	456	87	179	2	0.0001 Colloc0 456 2540 0.127319 113.388
680	1	746.628	17514.4	17504.6	9.77528	435	88	178	0	0.0001 Colloc0 435 2510 0.224895 79.6226
690	1	757.665	17560.9	17550.4	10.4157	447	92	174	2	0.0001 Colloc0 447 2520 0.122455 110.882
700	1	768.748	17573.2	17562.3	10.8979	455	87	179	3	0.0001 Colloc0 455 2511 0.0741355 137.676
710	1	779.839	17481.9	17471	10.8839	442	91	175	1	0.0001 Colloc0 442 2495 0.0367047 136.86
720	1	790.875	17574.4	17563.6	10.756	442	88	178	2	0.0001 Colloc0 442 2542 0.081859 129.526
730	1	801.875	17584.4	17573.8	10.5388	451	89	177	1	0.0001 Colloc0 451 2540 0.127204 117.474
740	1	812.865	17474.6	17464.5	10.0719	444	98	168	0	0.0001 Colloc0 444 2532 0.169926 93.4402
750	1	823.89	17529.8	17519	10.8556	449	95	171	4	0.0001 Colloc0 449 2527 0.0695265 135.222
760	1	834.805	17660.4	17650	10.4032	466	81	185	3	0.0001 Colloc0 466 2534 0.175396 110.223
770	1	845.868	17538.8	17528	10.8224	425	92	174	4	0.0001 Colloc0 425 2550 0.0377342 133.314
780	1	856.764	17519.9	17509.7	10.1833	428	79	187	4	0.0001 Colloc0 428 2530 0.162314 98.9294
790	1	867.937	17441	17430.6	10.3483	439	110	156	2	0.0001 Colloc0 439 2528 0.218556 107.344
800	1	879.222	17550.3	17539.5	10.7845	449	92	174	2	0.0001 Colloc0 449 2521 0.113918 131.144
810	1	890.384	17532.5	17522.3	10.1787	438	86	180	2	0.0001 Colloc0 438 2514 0.190861 98.6992
820	1	901.449	17523.3	17513	10.3031	454	92	174	1	0.0001 Colloc0 454 2512 0.192591 105.01
830	1	912.032	17674.4	17664.4	10.0221	471	93	173	1	0.0001 Colloc0 471 2529 0.230535 91.0378
840	1	922.733	17597.3	17586.5	10.7545	449	84	182	4	0.0001 Colloc0 449 2528 0.0889006 129.442
850	1	933.651	17600.4	17590.4	9.97024	455	84	182	2	0.0001 Colloc0 455 2524 0.198133 88.5724
860	1	944.89	17470.5	17460.2	10.3569	449	95	171	0	0.0001 Colloc0 449 2517 0.171362 107.797
870	1	956.079	17622.5	17611.3	11.2587	460	80	186	1	0.0001 Colloc0 460 2520 0.0528226 159.305
880	1	966.943	17494.7	17484.5	10.2311	443	90	176	3	0.0001 Colloc0 443 2514 0.15362 101.332
890	1	977.96	17566.1	17555.9	10.209	462	95	171	5	0.0001 Colloc0 462 2520 0.199611 100.22
900	1	988.658	17520.6	17510.5	10.1325	441	87	179	3	0.0001 Colloc0 441 2532 0.193888 96.4078
910	1	999.763	17483.7	17473.4	10.3901	448	87	179	2	0.0001 Colloc0 448 2512 0.120191 109.532
920	1	1010.68	17489.3	17478.4	10.8498	447	105	161	2	0.0001 Colloc0 447 2523 0.144571 134.885
930	1	1021.5	17609.1	17598.1	11.0093	443	98	168	1	0.0001 Colloc0 443 2513 0.0371221 144.214
940	1	1032.26	17593.9	17583.2	10.6863	452	91	175	1	0.0001 Colloc0 452 2519 0.0995433 125.602
950	1	1043.26	17464	17452.9	11.1446	446	96	170	2	0.0001 Colloc0 446 2472 0.0567211 152.328
960	1	1054.51	17511.8	17500.6	11.2481	464	95	171	3	0.0001 Colloc0 464 2483 0.0569799 158.649
970	1	1065.69	17650.5	17640.1	10.3926	445	88	178	1	0.0001 Colloc0 445 2509 0.0496351 109.664
980	1	1076.42	17691.1	17680.5	10.6671	457	74	192	2	0.0001 Colloc0 457 2521 0.119117 124.529
990	1	1087.53	17533.4	17522.9	10.4677	447	94	172	2	0.0001 Colloc0 447 2487 0.131937 113.643
1000	1	1098.69	17676.5	17665.5	10.9691	464	86	180	1	0.0001 Colloc0 464 2505 0.102011 141.843
1010	1	1109.97	17578.1	17567.6	10.4605	461	89	177	1	0.0001 Colloc0 461 2488 0.158594 113.258
1020	1	1121.08	17571.7	17561.6	10.0957	459	90	176	0	0.0001 Colloc0 459 2506 0.20199 94.5983
1030	1	1132.08	17402.1	17391	11.0989	442	95	171	4	0.0001 Colloc0 442 2482 0.0113536 149.569
1040	1	1143.12	17481.2	17471.2	9.97484	456	100	166	1	0.0001 Colloc0 456 2497 0.252774 88.79
1050	1	1154.28	17437.9	17427.5	10.3698	456	108	158	2	0.0001 Colloc0 456 2490 0.18117 108.468
1060	1	1165.48	17506	17495.3	10.6637	457	87	179	2	0.0001 Colloc0 457 2490 0.0957629 124.339
1070	1	1176.28	17361.7	17350.9	10.7595	438	103	163	4	0.0001 Colloc0 438 2466 0.0693921 129.724
1080	1	1187.22	17484.9	17474.5	10.4376	468	95	171	2	0.0001 Colloc0 468 2472 0.210547 112.038
1090	1	1198.27	17446.4	17436.2	10.1822	451	94	172	2	0.0001 Colloc0 451 2473 0.206988 98.8731
1100	1	1209.4	17328	17317.8	10.1875	450	109	157	1	0.0001 Colloc0 450 2489 0.151182 99.1378
1110	1	1220.45	17506.2	17495.8	10.3392	453	89	177	4	0.0001 Colloc0 453 2473 0.150081 106.874
1120	1	1231.27	17421.6	17410.5	11.0647	460	96	170	1	0.0001 Colloc0 460 2459 0.0788033 147.515
1130	1	1242.13	17477.2	17466.6	10.5986	451	93	173	3	0.0001 Colloc0 451 2509 0.0834043 120.737
1140	1	1253.35	17523.2	17512.7	10.5256	455	88	178	3	0.0001 Colloc0 455 2468 0.141838 116.756
1150	1	1264.12	17445.2	17435.3	9.85839	446	89	177	3	0.0001 Colloc0 446 2496 0.247448 83.3747
1160	1	1275.34	17430.1	17419.2	10.9107	451	92	174	2	0.0001 Colloc0 451 2481 0.116569 138.421
1170	1	1286.49	17382	17371.4	10.5459	450	100	166	1	0.0001 Colloc0 450 2483 0.11894 117.859
1180	1	1297.73	17370.9	17360	10.9567	446	99	167	4	0.0001 Colloc0 446 2473 0.067096 141.113
1190	1	1308.5	17435.8	17425.4	10.39	456	97	169	1	0.0001 Colloc0 456 2474 0.188292 109.528
1200	1	1319.41	17440.4	17429.3	11.0999	444	88	178	0	0.0001 Colloc0 444 2484 0.0520778 149.629
1210	1	1330.46	17449.5	17438.9	10.6149	443	82	184	0	0.0001 Colloc0 443 2481 0.0868529 121.637
1220	1	1341.17	17491.1	17480.7	10.4348	450	90	176	2	0.0001 Colloc0 450 2481 0.10582 111.892
1230	1	1352.29	17436.4	17425.7	10.6819	449	101	165	1	0.0001 Colloc0 449 2501 0.124854 125.351
1240	1	1363.43	17447.7	17436.7	10.9949	456	98	168	2	0.0001 Colloc0 456 2477 0.0450059 143.363
1250	1	1374.51	17467.7	17457.1	10.5224	436	96	170	1	0.0001 Colloc0 436 2475 0.0992907 116.584
1260	1	1385.3	17396.2	17385.8	10.4574	459	107	159	1	0.0001 Colloc0 459 2490 0.117467 113.094
1270	1	1396.17	17409.7	17399.8	9.81391	454	99	167	1	0.0001 Colloc0 454 2468 0.2172 81.3547
1280	1	1407.29	17381.2	17371.1	10.08	444	108	158	0	0.0001 Colloc0 444 2463 0.167777 93.8336
1290	1	1418.35	17422.1	17411.7	10.3277	442	98	168	1	0.0001 Colloc0 442 2462 0.131347 106.276
1300	1	1429.18	17469.1	17458.2	10.8454	462	90	176	1	0.0001 Colloc0 462 2478 0.0968358 134.636
1310	1	1440.02	17403.6	17392.8	10.8185	445	88	178	1	0.0001 Colloc0 445 2470 0.101263 133.086
1320	1	1450.95	17358.5	17348.2	10.2121	449	93	173	2	0.0001 Colloc0 449 2458 0.196811 100.376
1330	1	1462.15	17398.2	17387.3	10.8728	450	89	177	4	0.0001 Colloc0 450 2451 0.073856 136.217
1340	1	1473.08	17351.2	17340.6	10.6658	449	99	167	2	0.0001 Colloc0 449 2467 0.119947 124.456
1350	1	1483.94	17345.5	17334.4	11.1304	452	104	162	4	0.0001 Colloc0 452 2478 0.0338052 151.469
1360	1	1494.78	17304.1	17293.8	10.3183	426	106	160	3	0.0001 Colloc0 426 2448 0.144382 105.794
1370	1	1505.79	17527.9	17516.8	11.0831	467	89	177	2	0.0001 Colloc0 467 2482 0.0339301 148.621
1380	1	1517	17431.3	17421.1	10.1676	451	88	178	2	0.0001 Colloc0 451 2431 0.129377 98.1485
1390	1	1527.41	17458.9	17447.9	11.036	435	92	174	1	0.0001 Colloc0 435 2497 0.0348998 145.805
1400	1	1538.33	17389.7	17378.9	10.8508	444	98	168	4	0.0001 Colloc0 444 2482 0.113921 134.943
1410	1	1549.23	17399.9	17389	10.9027	440	99	167	0	0.0001 Colloc0 440 2474 0.0979684 137.954
1420	1	1560.03	17367.5	17356.2	11.2887	436	107	159	2	0.0001 Colloc0 436 2467 0.00943874 161.157
1430	1	1571.15	17459	17448.6	10.4431	439	85	181	3	0.0001 Colloc0 439 2478 0.15012 112.334
1440	1	1582.29	17489.9	17479.1	10.7603	465	94	172	2	0.0001 Colloc0 465 2480 0.147968 129.766
1450	1	1593.35	17461.3	17451	10.2848	459	93	173	2	0.0001 Colloc0 459 2487 0.153148 104.066
1460	1	1604.35	17458.6	17447.8	10.7734	458	90	176	4	0.0001 Colloc0 458 2475 0.0994492 130.511
1470	1	1615.45	17541	17530.3	10.6808	459	87	179	1	0.0001 Colloc0 459 2507 0.138851 125.295
1480	1	1626.56	17480.3	17469.4	10.9085	455	96	170	3	0.0001 Colloc0 455 2487 0.0732712 138.29
1490	1	1637.77	17473.8	17463.3	10.5229	460	98	168	3	0.0001 Colloc0 460 2483 0.155175 116.614
1500	1	1648.94	17283.9	17273.6	10.3091	454	111	155	0	0.0001 Colloc0 454 2475 0.16639 105.315
1510	1	1659.88	17380.3	17370.4	9.94882	462	104	162	1	0.0001 Colloc0 462 2467 0.227033 87.5639
1520	1	1671.22	17318.6	17308	10.5946	441	99	167	1	0.0001 Colloc0 441 2477 0.112345 120.519
1530	1	1682.28	17353.3	17342.4	10.9083	448	111	155	1	0.0001 Colloc0 448 2497 0.0356451 138.278
1540	1	1693.44	17390.1	17379	11.0987	434	88	178	1	0.0001 Colloc0 434 2492 0.0126176 149.555
1550	1	1704.4	17394.6	17384.2	10.3779	452	97	169	1	0.0001 Colloc0 452 2470 0.185562 108.893
1560	1	1715.29	17460.3	17450.4	9.95111	451	98	168	1	0.0001 Colloc0 451 2495 0.222661 87.6716
1570	1	1726.4	17473.8	17463.2	10.5728	443	85	181	5	0.0001 Colloc0 443 2511 0.107165 119.327
1580	1	1737.21	17347.9	17337.9	10.0627	448	102	164	3	0.0001 Colloc0 448 2483 0.179961 92.9952
1590	1	1748.23	17347	17336.6	10.4015	426	103	163	2	0.0001 Colloc0 426 2476 0.0991374 110.133
1600	1	1759.4	17342.8	17332.4	10.4656	436	102	164	2	0.0001 Colloc0 436 2479 0.0787838 113.529
1610	1	1770.7	17441.1	17429.7	11.349	447	94	172	2	0.0001 Colloc0 447 2497 0.0238275 164.909
1620	1	1781.86	17528.7	17517.8	10.9147	455	80	186	3	0.0001 Colloc0 455 2482 0.076177 138.655
1630	1	1793.01	17548.1	17537.1	10.9971	453	94	172	0	0.0001 Colloc0 453 2497 0.0230193 143.492
1640	1	1804.11	17344.5	17334.3	10.1582	435	98	168	1	0.0001 Colloc0 435 2489 0.140947 97.6784
1650	1	1815.1	17323	17312.8	10.2353	432	111	155	1	0.0001 Colloc0 432 2497 0.0964457 101.544
1660	1	1825.92	17391.7	17380.8	10.8775	440	96	170	1	0.0001 Colloc0 440 2461 0.0866283 136.489
1670	1	1836.43	17359.6	17349.2	10.3185	441	101	165	3	0.0001 Colloc0 441 2498 0.157605 105.803
1680	1	1846.9	17437	17426.4	10.6784	449	98	168	4	0.0001 Colloc0 449 2506 0.110997 125.156
1690	1	1858	17401.5	17391	10.4696	451	94	172	1	0.0001 Colloc0 451 2502 0.140628 113.744
1700	1	1869.25	17400.5	17389.9	10.624	434	91	175	2	0.0001 Colloc0 434 2493 0.064807 122.136
1710	1	1880.49	17424.1	17414	10.0879	457	99	167	5	0.0001 Colloc0 457 2498 0.177213 94.2175
1720	1	1891.67	17426	17415.2	10.8476	446	91	175	0	0.0001 Colloc0 446 2477 0.0327263 134.763
1730	1	1902.39	17473.9	17463.4	10.4405	440	98	168	3	0.0001 Colloc0 440 2478 0.111128 112.192
1740	1	1913.36	17369.1	17358.8	10.2985	446	101	165	2	0.0001 Colloc0 446 2479 0.165065 104.772
1750	1	1924.59	17449.1	17438.6	10.5045	445	90	176	0	0.0001 Colloc0 445 2490 0.126246 115.62
1760	1	1935.63	17412.5	17402.9	9.62105	438	102	164	0	0.0001 Colloc0 438 2512 0.229085 72.9137
1770	1	1946.93	17392	17381.5	10.4704	452	101	165	3	0.0001 Colloc0 452 2493 0.156729 113.788
1780	1	1957.75	17296.5	17286.7	9.79196	439	101	165	1	0.0001 Colloc0 439 2492 0.232304 80.368
1790	1	1968.45	17211	17200.8	10.2351	426	108	158	1	0.0001 Colloc0 426 2495 0.167178 101.537
1800	1	1979.27	17236.1	17225.6	10.4199	420	112	154	1	0.0001 Colloc0 420 2474 0.0637227 111.1
1810	1	1990.48	17301.2	17290.3	10.8908	430	103	163	1	0.0001 Colloc0 430 2497 0.00371792 137.26
1820	1	2001.7	17273.4	17262.9	10.4861	439	104	162	2	0.0001 Colloc0 439 2492 0.128151 114.627
1830	1	2012.38	17179.3	17168.9	10.4138	432	126	140	0	0.0001 Colloc0 432 2488 0.0937894 110.779
1840	1	2023.08	17331.5	17320.8	10.7005	444	102	164	3	0.0001 Colloc0 444 2500 0.114891 126.395
1850	1	2033.94	17307.9	17297.6	10.3343	446	99	167	3	0.0001 Colloc0 446 2479 0.121404 106.617
1860	1	2044.92	17272.8	17262.7	10.1455	444	102	164	1	0.0001 Colloc0 444 2448 0.149737 97.0478
1870	1	2055.85	17341.7	17331	10.7355	462	100	166	1	0.0001 Colloc0 462 2482 0.158464 128.366
1880	1	2066.82	17322.8	17311.7	11.08	445	95	171	3	0.0001 Colloc0 445 2468 0.0126175 148.434
1890	1	2077.28	17360.2	17349.2	10.9846	444	108	158	0	0.0001 Colloc0 444 2464 0.110729 142.754
1900	1	2088.29	17365.7	17355	10.6506	448	98	168	1	0.0001 Colloc0 448 2476 0.085121 123.609
1910	1	2099.06	17431.7	17421.3	10.437	462	90	176	3	0.0001 Colloc0 462 2492 0.155603 112.006
1920	1	2110.09	17430.2	17419.5	10.6937	465	98	168	4	0.0001 Colloc0 465 2498 0.10256 126.013
1930	1	2120.9	17387.5	17376.8	10.6104	443	99	167	3	0.0001 Colloc0 443 2493 0.105864 121.387
1940	1	2131.81	17305.5	17294.4	11.0507	424	98	168	1	0.0001 Colloc0 424 2485 0.0159825 146.68
1950	1	2142.51	17476.6	17466.1	10.5335	448	95	171	3	0.0001 Colloc0 448 2489 0.167001 117.183
1960	1	2153.18	17348.6	17338	10.5917	443	100	166	1	0.0001 Colloc0 443 2503 0.0997003 120.361
1970	1	2163.75	17362.8	17352.1	10.717	453	98	168	3	0.0001 Colloc0 453 2465 0.094415 127.324
1980	1	2174.35	17331.2	17320.8	10.4434	439	100	166	0	0.0001 Colloc0 439 2487 0.0785403 112.348
1990	1	2184.73	17486.6	17475.7	10.9328	459	86	180	1	0.0001 Colloc0 459 2483 0.0977029 139.711
2000	1	2195.47	17384.8	17373.8	10.9816	466	92	174	2	0.0001 Colloc0 466 2460 0.144315 142.577
