# D = 0, E = 1, I = 1, P = 1, R = -1, n = 2000, N = 1, P = 1, w = 1, a = 0.0001, b = 10000, e = 1, f = 1, g = 100, h = 0.01, r = 8834, s = 1, S = 0, x = 10, m = 100, Z = 1, z = 0, T = 1, t = 1
# 8673 tokens in 824 sentences
#
# It	Temp	Time	-logP	-logPcorpus	-logPrior	tables	same	changed	reject	default_pya	(parent pym pyn pya pyb)*
0	1	0.660899	35868.9	35755.1	113.764	2938	0	824	0	0.0001 Colloc0 2938 4686 0.0001 10000
10	1	9.51655	26297.2	26285.2	12.0066	597	304	520	3	0.0001 Colloc0 597 3625 0.0138573 207.792
20	1	17.2604	25452.9	25441.6	11.3103	514	365	459	4	0.0001 Colloc0 514 3598 0.0108229 162.498
30	1	25.0822	24899.1	24888.3	10.7603	480	452	372	2	0.0001 Colloc0 480 3579 0.054737 129.767
40	1	32.897	24901	24889.8	11.2096	486	455	369	3	0.0001 Colloc0 486 3570 0.0344854 156.288
50	1	40.5708	24736.5	24725.5	11.0263	484	471	353	4	0.0001 Colloc0 484 3558 0.0217108 145.223
60	1	48.3017	24604.5	24593.5	10.9824	475	501	323	2	0.0001 Colloc0 475 3525 0.00542279 142.627
70	1	56.0825	24587.5	24576.7	10.7884	467	503	321	3	0.0001 Colloc0 467 3542 0.0559079 131.365
80	1	63.6893	24531.7	24521	10.7002	466	504	320	6	0.0001 Colloc0 466 3526 0.0707592 126.38
90	1	71.5161	24543.7	24532.9	10.8127	482	489	335	4	0.0001 Colloc0 482 3521 0.0208342 132.755
100	1	79.6279	24661.2	24650.3	10.9576	480	477	347	4	0.0001 Colloc0 480 3530 0.00305184 141.163
110	1	87.3677	24539.6	24528.7	10.8646	478	508	316	1	0.0001 Colloc0 478 3507 0.035834 135.744
120	1	95.1535	24678.2	24667.1	11.0682	480	467	357	1	0.0001 Colloc0 480 3527 0.0157366 147.727
130	1	103.076	24415.8	24404.9	10.8289	463	494	330	3	0.0001 Colloc0 463 3502 0.00103923 133.687
140	1	111.06	24503.7	24492.9	10.8403	475	508	316	2	0.0001 Colloc0 475 3490 0.00861789 134.342
150	1	118.871	24435.7	24424.8	10.9405	471	522	302	1	0.0001 Colloc0 471 3501 0.0245536 140.159
160	1	126.724	24355.4	24344.3	11.1076	461	517	307	1	0.0001 Colloc0 461 3499 0.00570638 150.094
170	1	134.647	24357.5	24346.5	10.9643	478	524	300	2	0.0001 Colloc0 478 3483 0.0280158 141.556
180	1	142.525	24300.2	24289.4	10.7773	466	547	277	1	0.0001 Colloc0 466 3486 0.0590084 130.735
190	1	150.36	24487.5	24476.4	11.0652	478	478	346	7	0.0001 Colloc0 478 3497 0.00727919 147.548
200	1	158.276	24231	24220.2	10.7591	464	557	267	1	0.0001 Colloc0 464 3478 0.00356461 129.699
210	1	166.205	24214.2	24203.6	10.6608	452	544	280	1	0.0001 Colloc0 452 3473 0.0398201 124.177
220	1	173.898	24229.7	24218.6	11.0922	470	530	294	2	0.0001 Colloc0 470 3469 7.69601e-05 149.164
230	1	181.507	24242.1	24231.3	10.7276	452	525	299	2	0.0001 Colloc0 452 3470 0.00135824 127.92
240	1	189.304	24330.2	24319.3	10.9581	474	529	295	2	0.0001 Colloc0 474 3480 0.0199473 141.193
250	1	197.159	24285.9	24275.2	10.7651	479	521	303	1	0.0001 Colloc0 479 3480 0.00608857 130.04
260	1	205.112	24326	24315.2	10.7527	464	490	334	3	0.0001 Colloc0 464 3479 0.00457978 129.336
270	1	212.985	24402.9	24392.3	10.6416	466	500	324	2	0.0001 Colloc0 466 3491 0.0209849 123.109
280	1	220.743	24265.2	24254.6	10.6615	463	519	305	3	0.0001 Colloc0 463 3474 0.0513229 124.215
290	1	228.475	24256.2	24245.6	10.5908	465	505	319	1	0.0001 Colloc0 465 3469 0.0806766 120.31
300	1	236.322	24220.5	24209.5	10.9709	457	518	306	1	0.0001 Colloc0 457 3479 0.0122518 141.949
310	1	244.191	24341.6	24330.8	10.8467	476	532	292	2	0.0001 Colloc0 476 3491 0.0454457 134.707
320	1	252.094	24199.6	24188.7	10.9643	452	536	288	2	0.0001 Colloc0 452 3510 0.00130431 141.561
330	1	259.812	24330	24319.6	10.4475	466	486	338	1	0.0001 Colloc0 466 3473 0.109634 112.565
340	1	267.484	24220.5	24209.9	10.5861	447	521	303	2	0.0001 Colloc0 447 3500 0.0189638 120.05
350	1	275.199	24135.6	24125	10.63	435	536	288	2	0.0001 Colloc0 435 3508 0.000464571 122.471
360	1	282.955	24021.1	24010.5	10.6006	449	592	232	2	0.0001 Colloc0 449 3480 0.0359289 120.847
370	1	290.869	24217.2	24206.4	10.7812	458	503	321	2	0.0001 Colloc0 458 3474 0.0361047 130.953
380	1	298.783	24286.6	24275.6	10.9119	463	523	301	3	0.0001 Colloc0 463 3491 0.0343034 138.489
390	1	306.747	24318.4	24307.7	10.7263	466	493	331	3	0.0001 Colloc0 466 3494 0.0366595 127.847
400	1	314.601	24200.5	24189.4	11.0802	470	519	305	1	0.0001 Colloc0 470 3477 0.0607338 148.448
410	1	322.349	24118.4	24107.5	10.9012	468	543	281	2	0.0001 Colloc0 468 3479 0.00883426 137.867
420	1	330.139	24044.7	24034.1	10.6198	453	543	281	4	0.0001 Colloc0 453 3465 0.0274817 121.904
430	1	338.02	24161.4	24150.5	10.8639	472	489	335	3	0.0001 Colloc0 472 3467 0.0291359 135.704
440	1	345.973	24063.4	24052.5	10.9236	472	535	289	2	0.0001 Colloc0 472 3416 0.0344256 139.17
450	1	353.592	23925.6	23914.7	10.9362	464	551	273	2	0.0001 Colloc0 464 3436 0.0160822 139.908
460	1	361.259	23935.9	23925.5	10.3917	452	549	275	2	0.0001 Colloc0 452 3437 0.0714488 109.614
470	1	369.005	23936.7	23925.4	11.2347	464	541	283	2	0.0001 Colloc0 464 3411 0.00464447 157.828
480	1	376.966	23912.9	23902	10.8617	466	544	280	3	0.0001 Colloc0 466 3408 0.0140303 135.575
490	1	385.028	24008	23997.5	10.4963	478	544	280	3	0.0001 Colloc0 478 3405 0.103205 115.179
500	1	392.82	23890.8	23879.9	10.8569	460	545	279	2	0.0001 Colloc0 460 3410 0.0248862 135.3
510	1	400.661	23876.8	23865.9	10.8405	458	539	285	3	0.0001 Colloc0 458 3409 0.0738242 134.349
520	1	408.582	23859.1	23848.3	10.8529	465	553	271	3	0.0001 Colloc0 465 3401 0.0253912 135.065
530	1	416.529	23760.9	23750	10.9334	461	582	242	2	0.0001 Colloc0 461 3406 0.00782319 139.744
540	1	424.407	23756.2	23745.3	10.8623	446	547	277	2	0.0001 Colloc0 446 3391 0.013695 135.611
550	1	432.228	23834.4	23823.4	10.9969	466	567	257	3	0.0001 Colloc0 466 3413 0.0101874 143.484
560	1	440.134	23804.6	23793.9	10.6881	458	558	266	3	0.0001 Colloc0 458 3393 0.0102896 125.7
570	1	448.063	23878.7	23867.9	10.7925	472	551	273	3	0.0001 Colloc0 472 3386 0.0710481 131.602
580	1	455.967	23801.7	23790.5	11.1674	465	558	266	3	0.0001 Colloc0 465 3360 0.0057605 153.711
590	1	463.865	23797	23785.9	11.1005	460	564	260	4	0.0001 Colloc0 460 3389 0.00852031 149.664
600	1	471.7	23783.6	23772.5	11.0494	468	531	293	3	0.0001 Colloc0 468 3370 0.0137364 146.599
610	1	479.41	23781.7	23770.7	10.9817	468	577	247	2	0.0001 Colloc0 468 3375 0.00604704 142.585
620	1	487.134	23702.3	23691.6	10.7057	464	575	249	3	0.0001 Colloc0 464 3364 0.065062 126.686
630	1	495.218	23702.9	23691.9	10.9496	469	573	251	3	0.0001 Colloc0 469 3340 0.0652307 140.692
640	1	503.053	23755.2	23744.3	10.9438	475	569	255	3	0.0001 Colloc0 475 3357 0.0433594 140.356
650	1	510.917	23768.6	23758	10.6081	455	546	278	2	0.0001 Colloc0 455 3363 0.0786722 121.262
660	1	518.792	23786.6	23775.9	10.6329	461	572	252	2	0.0001 Colloc0 461 3388 0.033025 122.628
670	1	526.773	23739.4	23728.8	10.6681	468	562	262	3	0.0001 Colloc0 468 3388 0.0752047 124.584
680	1	534.655	23700.8	23689.7	11.0541	469	553	271	2	0.0001 Colloc0 469 3357 0.00548986 146.883
690	1	542.386	23835.9	23824.9	10.959	482	537	287	3	0.0001 Colloc0 482 3368 0.0350862 141.244
700	1	550.227	23715.4	23704.5	10.9183	459	581	243	3	0.0001 Colloc0 459 3363 0.0445001 138.863
710	1	558.146	23856.4	23845.7	10.7639	472	528	296	2	0.0001 Colloc0 472 3357 0.0558293 129.972
720	1	565.86	23710.8	23700	10.7746	452	561	263	1	0.0001 Colloc0 452 3379 0.0371376 130.581
730	1	573.599	23588.7	23578	10.6143	444	612	212	1	0.0001 Colloc0 444 3373 0.0437941 121.601
740	1	581.352	23708.8	23697.9	10.8407	455	552	272	3	0.0001 Colloc0 455 3381 0.0495499 134.366
750	1	588.875	23851.8	23841	10.7853	468	533	291	2	0.0001 Colloc0 468 3381 0.0367265 131.189
760	1	596.482	23663.6	23652.8	10.8313	455	557	267	3	0.0001 Colloc0 455 3359 0.000376854 133.823
770	1	604.098	23733	23722	10.9905	460	534	290	2	0.0001 Colloc0 460 3358 0.00452773 143.102
780	1	611.805	23870.9	23859.8	11.0275	475	510	314	2	0.0001 Colloc0 475 3342 0.0398175 145.297
790	1	619.535	23771.4	23760.3	11.0775	472	528	296	2	0.0001 Colloc0 472 3349 0.0433755 148.286
800	1	627.378	23605.8	23595.4	10.3824	447	560	264	1	0.0001 Colloc0 447 3342 0.0655505 109.128
810	1	635.195	23596.2	23585.4	10.7849	452	563	261	2	0.0001 Colloc0 452 3356 0.0437795 131.165
820	1	642.893	23709.6	23698.7	10.9085	456	545	279	2	0.0001 Colloc0 456 3364 0.0405597 138.293
830	1	650.65	23594.7	23584.1	10.5982	452	569	255	2	0.0001 Colloc0 452 3364 0.0635418 120.715
840	1	658.442	23582	23571	10.9819	459	560	264	2	0.0001 Colloc0 459 3331 0.0106511 142.596
850	1	666.281	23614.2	23603.4	10.7898	455	568	256	2	0.0001 Colloc0 455 3341 0.0230258 131.446
860	1	673.976	23644.1	23633.1	10.9765	462	562	262	2	0.0001 Colloc0 462 3342 0.0247204 142.278
870	1	682.052	23505.4	23494.8	10.6012	462	591	233	3	0.0001 Colloc0 462 3320 0.0511646 120.884
880	1	689.907	23570.2	23559.6	10.5525	450	585	239	2	0.0001 Colloc0 450 3338 0.038507 118.217
890	1	697.62	23559.8	23549	10.7696	472	584	240	1	0.0001 Colloc0 472 3325 0.0648138 130.294
900	1	705.459	23579.9	23569.4	10.4863	465	589	235	3	0.0001 Colloc0 465 3340 0.109755 114.642
910	1	713.189	23553.3	23542.5	10.8173	473	574	250	1	0.0001 Colloc0 473 3311 0.0945446 133.021
920	1	721.129	23620.5	23609.6	10.8612	462	565	259	2	0.0001 Colloc0 462 3335 0.0179861 135.543
930	1	728.848	23460	23449.4	10.6097	468	600	224	1	0.0001 Colloc0 468 3305 0.0920971 121.347
940	1	736.524	23529.5	23518.9	10.608	466	596	228	2	0.0001 Colloc0 466 3319 0.0739471 121.256
950	1	744.204	23490.1	23479.2	10.8682	461	574	250	1	0.0001 Colloc0 461 3324 0.049399 135.953
960	1	752.124	23536.7	23525.9	10.8627	466	577	247	2	0.0001 Colloc0 466 3330 0.0614133 135.634
970	1	759.972	23729.5	23718.5	11.0001	483	537	287	2	0.0001 Colloc0 483 3317 0.0178842 143.669
980	1	767.73	23569.5	23558.7	10.7233	479	588	236	3	0.0001 Colloc0 479 3299 0.0759312 127.676
990	1	775.566	23544.9	23533.9	11.052	468	577	247	0	0.0001 Colloc0 468 3311 0.0289281 146.76
1000	1	783.373	23536.7	23526.1	10.5572	458	566	258	2	0.0001 Colloc0 458 3302 0.0185971 118.473
1010	1	791.27	23554.4	23543.3	11.1123	470	553	271	0	0.0001 Colloc0 470 3304 0.0534242 150.376
1020	1	799.092	23574.5	23563.7	10.7869	466	548	276	0	0.0001 Colloc0 466 3301 0.00585267 131.283
1030	1	806.77	23447.9	23437	10.8877	451	589	235	2	0.0001 Colloc0 451 3284 0.0165035 137.079
1040	1	814.521	23373	23362.8	10.2144	450	614	210	2	0.0001 Colloc0 450 3298 0.118245 100.49
1050	1	822.362	23502.2	23491.4	10.8637	462	582	242	0	0.0001 Colloc0 462 3298 0.00671696 135.689
1060	1	830.272	23510.2	23499.6	10.6508	459	585	239	1	0.0001 Colloc0 459 3307 0.0225415 123.621
1070	1	838.201	23251.2	23240.7	10.5253	445	648	176	0	0.0001 Colloc0 445 3290 0.0429877 116.739
1080	1	845.953	23400.2	23389.2	10.9935	465	612	212	2	0.0001 Colloc0 465 3291 0.0430543 143.282
1090	1	853.839	23434.2	23423.6	10.5887	448	593	231	0	0.0001 Colloc0 448 3304 0.0195143 120.195
1100	1	861.682	23426.1	23415.2	10.9067	442	606	218	0	0.0001 Colloc0 442 3320 0.00101869 138.183
1110	1	869.628	23467.6	23456.7	10.868	470	587	237	1	0.0001 Colloc0 470 3309 0.00524821 135.938
1120	1	877.59	23481.4	23470.7	10.7243	459	599	225	0	0.0001 Colloc0 459 3298 0.060675 127.733
1130	1	885.396	23600.6	23589.5	11.0192	481	581	243	1	0.0001 Colloc0 481 3307 0.0479633 144.804
1140	1	893.192	23557.3	23546.5	10.7952	471	582	242	1	0.0001 Colloc0 471 3306 0.0477005 131.754
1150	1	900.851	23474.4	23463.3	11.0907	468	587	237	0	0.0001 Colloc0 468 3304 0.0207255 149.073
1160	1	908.481	23525.7	23515	10.7313	468	568	256	1	0.0001 Colloc0 468 3297 0.0443008 128.127
1170	1	916.192	23506.1	23495	11.1651	463	580	244	0	0.0001 Colloc0 463 3306 0.00122171 153.575
1180	1	924.109	23569.9	23559.2	10.666	457	550	274	1	0.0001 Colloc0 457 3317 0.0592348 124.465
1190	1	931.824	23499	23487.9	11.137	456	567	257	1	0.0001 Colloc0 456 3284 0.010577 151.869
1200	1	939.601	23609.4	23598.5	10.9161	469	561	263	1	0.0001 Colloc0 469 3311 0.00731983 138.732
1210	1	947.339	23589.7	23578.7	11.0686	476	570	254	0	0.0001 Colloc0 476 3289 0.0042861 147.752
1220	1	955.206	23471.4	23460.3	11.0571	468	605	219	0	0.0001 Colloc0 468 3290 0.0325122 147.065
1230	1	963.159	23398.4	23387.8	10.5991	471	611	213	2	0.0001 Colloc0 471 3285 0.0836683 120.765
1240	1	971.122	23425.3	23414.5	10.7556	454	613	211	1	0.0001 Colloc0 454 3294 0.0770556 129.5
1250	1	979.078	23447.9	23436.8	11.0563	467	586	238	0	0.0001 Colloc0 467 3290 0.0144828 147.014
1260	1	986.987	23404.6	23393.9	10.677	468	614	210	0	0.0001 Colloc0 468 3277 0.0624939 125.078
1270	1	994.841	23500.7	23489.9	10.7407	477	589	235	0	0.0001 Colloc0 477 3283 0.0803218 128.66
1280	1	1002.69	23423	23412.4	10.6492	456	590	234	1	0.0001 Colloc0 456 3306 0.0290216 123.534
1290	1	1010.49	23446.3	23435.7	10.5654	471	617	207	0	0.0001 Colloc0 471 3300 0.078228 118.922
1300	1	1018.28	23501.7	23491.1	10.5934	455	569	255	2	0.0001 Colloc0 455 3306 0.04081 120.454
1310	1	1025.94	23469.6	23458.9	10.7022	459	589	235	1	0.0001 Colloc0 459 3318 0.0271779 126.489
1320	1	1033.59	23455	23444.1	10.8679	462	597	227	1	0.0001 Colloc0 462 3303 0.011127 135.932
1330	1	1041.53	23484.5	23473.5	10.9704	468	575	249	2	0.0001 Colloc0 468 3305 0.0261885 141.916
1340	1	1049.41	23508	23497.2	10.8309	460	596	228	0	0.0001 Colloc0 460 3324 0.072173 133.797
1350	1	1057.37	23477.9	23467.1	10.7624	467	573	251	1	0.0001 Colloc0 467 3307 0.00716119 129.888
1360	1	1065.26	23410.3	23399.1	11.2446	467	604	220	0	0.0001 Colloc0 467 3296 0.00758123 158.439
1370	1	1073.24	23405.9	23395.3	10.5545	448	606	218	1	0.0001 Colloc0 448 3313 0.0418255 118.324
1380	1	1081.13	23358.2	23347.4	10.763	456	615	209	2	0.0001 Colloc0 456 3303 0.0233071 129.923
1390	1	1089.11	23532.1	23521.2	10.8572	469	569	255	2	0.0001 Colloc0 469 3304 0.0257014 135.317
1400	1	1096.85	23468.4	23457.3	11.1093	460	566	258	1	0.0001 Colloc0 460 3306 0.0166449 150.198
1410	1	1104.75	23601.3	23590.3	10.9744	469	544	280	1	0.0001 Colloc0 469 3285 0.0601585 142.156
1420	1	1112.65	23532.7	23522.1	10.6419	463	561	263	0	0.0001 Colloc0 463 3296 0.0486261 123.126
1430	1	1120.42	23472.7	23461.5	11.2477	461	579	245	0	0.0001 Colloc0 461 3283 0.00366734 158.628
1440	1	1128.17	23432.5	23421.8	10.7279	459	603	221	0	0.0001 Colloc0 459 3295 0.0322553 127.936
1450	1	1135.92	23434.7	23424.1	10.5892	460	600	224	1	0.0001 Colloc0 460 3303 0.0552941 120.22
1460	1	1143.51	23431.4	23420.4	10.9537	461	596	228	3	0.0001 Colloc0 461 3300 0.00722481 140.937
1470	1	1151.28	23369.8	23359.1	10.737	451	599	225	0	0.0001 Colloc0 451 3287 0.00836956 128.448
1480	1	1159.07	23385.6	23374.7	10.95	451	601	223	1	0.0001 Colloc0 451 3309 0.0087748 140.719
1490	1	1166.74	23346.1	23335.1	10.9501	454	633	191	0	0.0001 Colloc0 454 3291 0.0259814 140.722
1500	1	1174.44	23396.2	23385.3	10.9359	460	616	208	0	0.0001 Colloc0 460 3303 0.0186143 139.892
1510	1	1182.18	23392	23381	10.9433	452	604	220	1	0.0001 Colloc0 452 3306 0.0400794 140.322
1520	1	1190.12	23424.1	23413.3	10.8052	459	602	222	2	0.0001 Colloc0 459 3304 0.0222654 132.325
1530	1	1198.01	23388.5	23377.6	10.8356	437	606	218	3	0.0001 Colloc0 437 3316 0.0228969 134.071
1540	1	1206.05	23456.2	23445.4	10.8755	448	594	230	1	0.0001 Colloc0 448 3318 0.00689164 136.371
1550	1	1213.99	23420.7	23409.8	10.947	467	604	220	1	0.0001 Colloc0 467 3305 0.0459406 140.539
1560	1	1221.89	23500.5	23489.7	10.7426	474	580	244	1	0.0001 Colloc0 474 3306 0.0436017 128.768
1570	1	1229.85	23449.4	23438.5	10.879	456	576	248	1	0.0001 Colloc0 456 3292 0.0244685 136.578
1580	1	1237.85	23460.1	23449.4	10.6396	475	560	264	1	0.0001 Colloc0 475 3281 0.0710735 123
1590	1	1245.67	23469.3	23458.2	11.0694	459	576	248	1	0.0001 Colloc0 459 3303 0.0109948 147.798
1600	1	1253.37	23505.7	23495.1	10.5621	457	567	257	2	0.0001 Colloc0 457 3300 0.0528351 118.738
1610	1	1261.17	23409.5	23399.1	10.4643	461	581	243	1	0.0001 Colloc0 461 3274 0.0660007 113.464
1620	1	1268.96	23405.2	23394.7	10.4806	453	595	229	1	0.0001 Colloc0 453 3299 0.0793445 114.331
1630	1	1276.87	23381.9	23371.2	10.7537	461	590	234	0	0.0001 Colloc0 461 3294 0.0388391 129.395
1640	1	1284.66	23433.4	23422.4	11.0579	467	602	222	1	0.0001 Colloc0 467 3288 0.0236505 147.11
1650	1	1292.46	23346.5	23335.7	10.836	462	637	187	2	0.0001 Colloc0 462 3305 0.0510355 134.09
1660	1	1300.32	23471.7	23460.6	11.055	461	564	260	1	0.0001 Colloc0 461 3278 0.0173735 146.934
1670	1	1308.08	23481	23470.1	10.9172	466	592	232	2	0.0001 Colloc0 466 3284 0.000934476 138.796
1680	1	1315.88	23489.4	23478.7	10.6267	474	566	258	1	0.0001 Colloc0 474 3273 0.0630004 122.286
1690	1	1323.86	23547.6	23536.6	10.9719	468	559	265	3	0.0001 Colloc0 468 3293 0.00915046 142.005
1700	1	1331.63	23439.1	23428.4	10.7256	482	583	241	3	0.0001 Colloc0 482 3282 0.0743469 127.806
1710	1	1339.5	23257.6	23246.6	11.0381	448	630	194	2	0.0001 Colloc0 448 3271 0.0138697 145.927
1720	1	1347.25	23386.8	23375.9	10.9888	478	601	223	0	0.0001 Colloc0 478 3258 0.013978 143
1730	1	1355.16	23311.5	23300.6	10.8923	466	624	200	0	0.0001 Colloc0 466 3241 0.0535757 137.35
1740	1	1362.96	23359.8	23349.2	10.6348	473	605	219	1	0.0001 Colloc0 473 3261 0.0765809 122.735
1750	1	1370.69	23208.3	23197.4	10.9075	457	630	194	1	0.0001 Colloc0 457 3235 0.018772 138.233
1760	1	1378.46	23266.5	23255	11.5724	473	631	193	1	0.0001 Colloc0 473 3262 0.00267333 179.088
1770	1	1386.38	23380.8	23370.2	10.5468	474	585	239	2	0.0001 Colloc0 474 3257 0.0666813 117.905
1780	1	1394.17	23382.5	23371.8	10.7373	455	588	236	0	0.0001 Colloc0 455 3268 0.0251057 128.465
1790	1	1401.99	23371.2	23360.1	11.1143	464	592	232	0	0.0001 Colloc0 464 3261 0.00466206 150.499
1800	1	1409.64	23330.3	23319.3	10.9438	452	591	233	1	0.0001 Colloc0 452 3272 0.0514635 140.355
1810	1	1417.31	23294.2	23283.3	10.9021	470	612	212	1	0.0001 Colloc0 470 3259 0.029019 137.919
1820	1	1425.05	23330.1	23319.4	10.7591	464	607	217	0	0.0001 Colloc0 464 3260 0.0358437 129.701
1830	1	1433.03	23316.1	23305.4	10.7008	455	605	219	1	0.0001 Colloc0 455 3279 0.0358022 126.413
1840	1	1440.76	23259.3	23248.8	10.423	452	610	214	2	0.0001 Colloc0 452 3255 0.0817645 111.264
1850	1	1448.63	23232.7	23221.8	10.9055	464	614	210	0	0.0001 Colloc0 464 3255 0.0142479 138.117
1860	1	1456.52	23384.4	23373.6	10.7288	477	581	243	0	0.0001 Colloc0 477 3255 0.0519415 127.988
1870	1	1464.2	23442.8	23431.8	11.05	465	576	248	0	0.0001 Colloc0 465 3274 0.0185917 146.639
1880	1	1472.2	23399.6	23388.6	10.9771	462	569	255	1	0.0001 Colloc0 462 3259 0.0525038 142.313
1890	1	1480.13	23421.6	23410.9	10.751	456	573	251	0	0.0001 Colloc0 456 3269 0.0728365 129.24
1900	1	1487.95	23328.3	23317.7	10.6603	466	600	224	1	0.0001 Colloc0 466 3254 0.0432298 124.148
1910	1	1495.76	23268.9	23258	10.967	460	608	216	0	0.0001 Colloc0 460 3246 0.0202693 141.719
1920	1	1503.44	23281.6	23270.9	10.6668	475	614	210	0	0.0001 Colloc0 475 3233 0.0677377 124.512
1930	1	1511.25	23362.1	23351.4	10.7847	470	573	251	0	0.0001 Colloc0 470 3241 0.0307678 131.155
1940	1	1519.1	23339.7	23329.1	10.617	461	588	236	2	0.0001 Colloc0 461 3240 0.00218587 121.753
1950	1	1526.81	23315.9	23304.8	11.1031	469	582	242	0	0.0001 Colloc0 469 3241 0.0112866 149.822
1960	1	1534.44	23366.4	23355.4	10.9728	473	591	233	2	0.0001 Colloc0 473 3254 0.0366136 142.061
1970	1	1542.3	23254.6	23243.8	10.8308	466	587	237	1	0.0001 Colloc0 466 3239 0.0332468 133.795
1980	1	1550.15	23371.5	23360.4	11.0638	476	572	252	1	0.0001 Colloc0 476 3253 0.041041 147.463
1990	1	1557.9	23311.8	23300.8	11.034	461	591	233	0	0.0001 Colloc0 461 3252 0.0233692 145.682
2000	1	1565.74	23238.8	23228.1	10.7819	461	603	221	3	0.0001 Colloc0 461 3241 0.0498334 130.993
