# D = 0, E = 1, I = 1, P = 1, R = -1, n = 2000, N = 1, P = 1, w = 1, a = 0.0001, b = 10000, e = 1, f = 1, g = 100, h = 0.01, r = 1135, s = 1, S = 0, x = 10, m = 100, Z = 1, z = 0, T = 1, t = 1
# 8673 tokens in 824 sentences
#
# It	Temp	Time	-logP	-logPcorpus	-logPrior	tables	same	changed	reject	default_pya	(parent pym pyn pya pyb)*
0	1	0.660899	36377.6	36263.9	113.764	3068	0	824	0	0.0001 Colloc0 3068 4841 0.0001 10000
10	1	9.67553	27118.4	27106.8	11.6662	596	232	592	5	0.0001 Colloc0 596 3855 0.0258439 185.161
20	1	17.5113	26044.4	26033.5	10.9505	510	339	485	1	0.0001 Colloc0 510 3754 0.0422333 140.746
30	1	25.3641	25746.9	25736	10.9017	494	377	447	1	0.0001 Colloc0 494 3764 0.0336676 137.896
40	1	33.2319	25297	25286.5	10.5273	472	432	392	2	0.0001 Colloc0 472 3715 0.0401326 116.85
50	1	40.8618	25472.4	25461.5	10.9076	474	424	400	2	0.0001 Colloc0 474 3736 0.0274634 138.238
60	1	48.5576	25029.4	25018.6	10.7852	456	440	384	4	0.0001 Colloc0 456 3668 0.0105888 131.186
70	1	56.1905	24753.6	24742.9	10.6711	458	482	342	2	0.0001 Colloc0 458 3635 0.0799629 124.754
80	1	63.7873	24790.6	24780.1	10.452	463	475	349	4	0.0001 Colloc0 463 3613 0.0432685 112.807
90	1	71.4581	24522.4	24511.8	10.5967	441	513	311	4	0.0001 Colloc0 441 3588 0.0559306 120.635
100	1	79.068	24431.1	24420.4	10.6553	439	528	296	2	0.0001 Colloc0 439 3600 0.00146041 123.873
110	1	86.7858	24408.8	24398.3	10.5148	437	522	302	4	0.0001 Colloc0 437 3563 0.0742494 116.175
120	1	94.4586	24551.3	24540.4	10.8899	465	490	334	4	0.0001 Colloc0 465 3562 0.0118333 137.208
130	1	102.057	24398.8	24387.9	10.916	443	538	286	2	0.0001 Colloc0 443 3564 0.00669114 138.726
140	1	109.626	24340	24329.4	10.5595	450	491	333	2	0.0001 Colloc0 450 3530 0.0436878 118.601
150	1	117.512	24311	24300.5	10.5665	469	537	287	4	0.0001 Colloc0 469 3541 0.0547123 118.982
160	1	125.391	24334.7	24323.9	10.7511	467	509	315	2	0.0001 Colloc0 467 3501 0.0340548 129.245
170	1	133.204	24340.4	24329.9	10.4598	462	507	317	1	0.0001 Colloc0 462 3516 0.0787119 113.223
180	1	141.057	24475.7	24465.2	10.5539	474	493	331	3	0.0001 Colloc0 474 3519 0.0620031 118.293
190	1	148.674	24285.5	24274.3	11.2144	466	509	315	1	0.0001 Colloc0 466 3516 0.0145227 156.583
200	1	156.508	24251.5	24240.7	10.8246	462	536	288	2	0.0001 Colloc0 462 3483 0.0191944 133.435
210	1	164.595	24436.3	24425.5	10.8584	468	475	349	1	0.0001 Colloc0 468 3491 0.0253212 135.383
220	1	172.52	24355.5	24344.8	10.7683	463	476	348	1	0.0001 Colloc0 463 3474 0.0472232 130.221
230	1	180.345	24192.9	24182	10.9508	461	515	309	1	0.0001 Colloc0 461 3467 0.0036943 140.763
240	1	188.149	24356.6	24346.2	10.426	464	483	341	3	0.0001 Colloc0 464 3488 0.0496965 111.425
250	1	195.992	24393.7	24382.8	10.8982	479	476	348	1	0.0001 Colloc0 479 3474 0.0540238 137.691
260	1	204.003	24262.9	24251.9	11.0325	460	498	326	2	0.0001 Colloc0 460 3492 0.0115675 145.595
270	1	211.766	24318.3	24307.8	10.4067	467	513	311	1	0.0001 Colloc0 467 3488 0.0692747 110.405
280	1	219.62	24353	24341.9	11.1053	479	487	337	3	0.0001 Colloc0 479 3481 0.00669609 149.955
290	1	227.444	24417.2	24406.6	10.6373	478	484	340	2	0.0001 Colloc0 478 3495 0.0994697 122.87
300	1	235.302	24199.5	24188.8	10.7054	470	531	293	3	0.0001 Colloc0 470 3476 0.00605656 126.67
310	1	243.075	24156.4	24145.4	10.9671	460	550	274	3	0.0001 Colloc0 460 3494 0.0479214 141.72
320	1	251.01	24426.2	24415.4	10.7434	481	480	344	2	0.0001 Colloc0 481 3493 0.0311619 128.813
330	1	258.873	24243.2	24232.5	10.7151	474	517	307	2	0.0001 Colloc0 474 3476 0.055137 127.217
340	1	266.578	24187.2	24176.3	10.9354	473	505	319	3	0.0001 Colloc0 473 3470 0.0305932 139.863
350	1	274.333	24120.2	24109.8	10.3736	461	526	298	2	0.0001 Colloc0 461 3457 0.0867513 108.666
360	1	282.256	24087.5	24076.4	11.0472	466	537	287	3	0.0001 Colloc0 466 3459 0.0242567 146.474
370	1	289.892	24152.5	24141.5	10.9758	462	497	327	3	0.0001 Colloc0 462 3450 0.0286993 142.238
380	1	297.837	24126.3	24115.9	10.4163	460	519	305	3	0.0001 Colloc0 460 3476 0.0680526 110.913
390	1	305.765	24140.9	24130.4	10.5569	461	530	294	3	0.0001 Colloc0 461 3450 0.0407415 118.455
400	1	313.451	24123.8	24112.6	11.1784	463	524	300	4	0.0001 Colloc0 463 3460 0.00178061 154.382
410	1	321.13	24233	24222.2	10.8408	465	506	318	3	0.0001 Colloc0 465 3479 0.0492667 134.366
420	1	328.813	24272.3	24261.2	11.1172	480	505	319	3	0.0001 Colloc0 480 3464 0.00497757 150.674
430	1	336.705	24186.4	24175.9	10.4324	464	511	313	1	0.0001 Colloc0 464 3486 0.0781274 111.763
440	1	344.452	24005.6	23995.1	10.4531	472	540	284	1	0.0001 Colloc0 472 3455 0.0749849 112.864
450	1	352.109	24344.8	24333.8	11.0042	477	491	333	2	0.0001 Colloc0 477 3461 0.0215926 143.915
460	1	359.724	24135.6	24125.2	10.4439	452	506	318	3	0.0001 Colloc0 452 3468 0.0780182 112.376
470	1	367.383	24084.9	24074.5	10.3276	461	521	303	2	0.0001 Colloc0 461 3461 0.127661 106.274
480	1	374.921	24219.4	24208.7	10.6836	463	502	322	2	0.0001 Colloc0 463 3479 0.0185459 125.448
490	1	382.498	24055.5	24044.9	10.5594	450	536	288	2	0.0001 Colloc0 450 3470 0.0528258 118.592
500	1	390.186	24120.7	24110.1	10.6732	446	523	301	2	0.0001 Colloc0 446 3476 0.0496545 124.866
510	1	397.851	24010.2	24000.2	10.0225	444	553	271	2	0.0001 Colloc0 444 3464 0.12302 91.0566
520	1	405.674	23978.3	23967.9	10.4558	450	525	299	2	0.0001 Colloc0 450 3454 0.0929366 113.01
530	1	413.69	24144.1	24133.5	10.6677	476	516	308	2	0.0001 Colloc0 476 3474 0.0927284 124.561
540	1	421.579	24032.7	24021.7	10.9745	452	525	299	4	0.0001 Colloc0 452 3452 0.00325228 142.162
550	1	429.376	24153.2	24142.6	10.5436	458	504	320	2	0.0001 Colloc0 458 3463 0.071007 117.732
560	1	437.413	24161.4	24150.4	10.9905	467	503	321	2	0.0001 Colloc0 467 3429 0.0075494 143.102
570	1	445.153	24141	24129.9	11.0701	481	520	304	2	0.0001 Colloc0 481 3463 0.0465624 147.842
580	1	452.841	24165.3	24154.6	10.639	475	501	323	4	0.0001 Colloc0 475 3446 0.0290634 122.969
590	1	460.469	24012.8	24001.9	10.9225	455	543	281	2	0.0001 Colloc0 455 3447 0.00587498 139.105
600	1	468.356	24066.9	24055.9	11.0027	467	512	312	3	0.0001 Colloc0 467 3421 0.00318753 143.827
610	1	476.258	23903.1	23892.4	10.782	465	542	282	2	0.0001 Colloc0 465 3424 0.0562282 131.004
620	1	484.239	24000.8	23990.3	10.5264	443	553	271	4	0.0001 Colloc0 443 3470 0.0269368 116.802
630	1	492.148	24071.3	24060.6	10.6751	465	512	312	3	0.0001 Colloc0 465 3434 0.0438191 124.975
640	1	500.01	23888.8	23878.4	10.4224	452	547	277	3	0.0001 Colloc0 452 3427 0.0840466 111.233
650	1	507.831	23851.3	23840.6	10.7014	455	558	266	2	0.0001 Colloc0 455 3425 0.0174378 126.444
660	1	515.752	24014.9	24004.3	10.6197	457	526	298	2	0.0001 Colloc0 457 3429 0.0637268 121.899
670	1	523.49	24051.7	24040.8	10.9614	452	530	294	2	0.0001 Colloc0 452 3456 0.00331467 141.387
680	1	531.329	23931	23920	10.9399	452	549	275	4	0.0001 Colloc0 452 3448 0.0223199 140.124
690	1	539.069	23823.5	23812.9	10.5525	443	595	229	2	0.0001 Colloc0 443 3434 0.035152 118.215
700	1	546.733	23948	23937	11.0118	445	537	287	2	0.0001 Colloc0 445 3434 0.00552003 144.362
710	1	554.619	23920	23909.6	10.4016	447	559	265	2	0.0001 Colloc0 447 3444 0.0630734 110.135
720	1	562.513	23920.8	23910.1	10.7227	451	566	258	2	0.0001 Colloc0 451 3426 0.0228139 127.644
730	1	570.254	23835.5	23824.6	10.967	447	577	247	3	0.0001 Colloc0 447 3422 0.00871745 141.719
740	1	578.117	23849.5	23839	10.438	454	585	239	2	0.0001 Colloc0 454 3436 0.0718176 112.06
750	1	585.839	23941.7	23931	10.6781	458	572	252	2	0.0001 Colloc0 458 3445 0.0410358 125.144
760	1	593.76	24017	24006.3	10.6897	457	533	291	2	0.0001 Colloc0 457 3444 0.0658293 125.79
770	1	601.719	23888.8	23878.4	10.4022	465	559	265	1	0.0001 Colloc0 465 3440 0.0860314 110.168
780	1	609.642	23844.5	23834.1	10.3753	460	568	256	3	0.0001 Colloc0 460 3436 0.0641635 108.757
790	1	617.529	24094.1	24083.3	10.7468	467	522	302	3	0.0001 Colloc0 467 3428 0.0391586 129.004
800	1	625.288	24055.7	24044.8	10.8797	466	537	287	3	0.0001 Colloc0 466 3412 0.00297046 136.615
810	1	633.15	23986.4	23975.5	10.9839	480	527	297	2	0.0001 Colloc0 480 3421 0.0443588 142.715
820	1	640.966	23949	23938.3	10.759	468	534	290	4	0.0001 Colloc0 468 3396 0.0517027 129.693
830	1	648.924	24023.9	24012.7	11.1631	467	525	299	2	0.0001 Colloc0 467 3406 0.0150911 153.449
840	1	656.866	23894.1	23883.1	10.9252	454	557	267	2	0.0001 Colloc0 454 3423 0.00715248 139.268
850	1	664.845	23943	23932.3	10.6904	463	561	263	3	0.0001 Colloc0 463 3421 0.0387528 125.828
860	1	672.762	23995.6	23984.7	10.8059	465	526	298	3	0.0001 Colloc0 465 3421 0.0175175 132.364
870	1	680.699	23939	23928.4	10.5893	461	540	284	3	0.0001 Colloc0 461 3418 0.0646119 120.226
880	1	688.686	23945.6	23934.7	10.8712	456	527	297	2	0.0001 Colloc0 456 3418 0.0220928 136.122
890	1	696.529	23857.2	23846.5	10.6861	440	560	264	3	0.0001 Colloc0 440 3421 0.0131923 125.586
900	1	704.168	23789.4	23779	10.3888	440	571	253	4	0.0001 Colloc0 440 3416 0.0913289 109.464
910	1	711.906	23847.8	23837	10.8191	450	595	229	2	0.0001 Colloc0 450 3446 0.033728 133.119
920	1	719.628	23855.4	23844.8	10.633	475	565	259	3	0.0001 Colloc0 475 3409 0.0717607 122.636
930	1	727.378	23718.2	23707.9	10.3663	453	593	231	4	0.0001 Colloc0 453 3409 0.0906559 108.282
940	1	734.934	23852	23841	10.9555	447	564	260	4	0.0001 Colloc0 447 3424 0.00802083 141.038
950	1	742.451	23747.7	23737.1	10.6505	451	582	242	3	0.0001 Colloc0 451 3413 0.0693304 123.606
960	1	750.061	23884	23873.6	10.4236	453	560	264	2	0.0001 Colloc0 453 3420 0.0667634 111.298
970	1	757.839	23912.4	23901.7	10.6561	449	526	298	5	0.0001 Colloc0 449 3420 0.0462846 123.915
980	1	765.655	23930.3	23919.8	10.5529	455	518	306	2	0.0001 Colloc0 455 3409 0.0921947 118.237
990	1	773.541	23969.3	23958.7	10.5891	478	518	306	1	0.0001 Colloc0 478 3396 0.0866557 120.215
1000	1	781.335	24004.6	23994	10.6107	469	526	298	3	0.0001 Colloc0 469 3416 0.114087 121.404
1010	1	789.207	23914.8	23903.8	11.0113	467	537	287	2	0.0001 Colloc0 467 3383 0.00836568 144.335
1020	1	797	24024.9	24014.1	10.8286	476	519	305	2	0.0001 Colloc0 476 3413 0.0996168 133.668
1030	1	804.676	24085.3	24074.3	11.0754	476	491	333	2	0.0001 Colloc0 476 3390 0.0404678 148.155
1040	1	812.28	23958.9	23948	10.9265	463	516	308	2	0.0001 Colloc0 463 3387 0.019935 139.342
1050	1	819.997	23795.7	23784.6	11.0435	444	572	252	3	0.0001 Colloc0 444 3404 0.00428357 146.249
1060	1	827.866	23804.7	23794.6	10.102	449	579	245	4	0.0001 Colloc0 449 3391 0.107362 94.9072
1070	1	835.738	23860.2	23849.7	10.5225	462	531	293	5	0.0001 Colloc0 462 3411 0.0790229 116.589
1080	1	843.536	23939.6	23928.4	11.1221	463	512	312	4	0.0001 Colloc0 463 3408 0.00404503 150.968
1090	1	851.384	23990.5	23979.7	10.8571	458	502	322	2	0.0001 Colloc0 458 3395 0.0281054 135.311
1100	1	859.248	23930.5	23919.8	10.7204	466	516	308	4	0.0001 Colloc0 466 3396 0.0224083 127.51
1110	1	867.037	23952.2	23941.4	10.8092	460	503	321	3	0.0001 Colloc0 460 3403 0.0247818 132.555
1120	1	874.887	23919.2	23908.5	10.7199	465	518	306	3	0.0001 Colloc0 465 3403 0.0300348 127.484
1130	1	882.609	23919.6	23908.9	10.6615	460	509	315	4	0.0001 Colloc0 460 3405 0.0525886 124.217
1140	1	890.324	24034.5	24023.9	10.6235	462	494	330	4	0.0001 Colloc0 462 3415 0.0332411 122.109
1150	1	898.188	23905.7	23895.2	10.5294	455	524	300	3	0.0001 Colloc0 455 3413 0.00968015 116.963
1160	1	906.03	23856.5	23845.7	10.7238	447	548	276	4	0.0001 Colloc0 447 3390 0.0313231 127.702
1170	1	913.857	23980.8	23970	10.8075	481	531	293	3	0.0001 Colloc0 481 3392 0.0185837 132.459
1180	1	921.847	23860.6	23849.9	10.6818	473	563	261	2	0.0001 Colloc0 473 3367 0.0700873 125.346
1190	1	929.601	23938.1	23927.6	10.4986	469	540	284	3	0.0001 Colloc0 469 3391 0.0691454 115.3
1200	1	937.379	23879.2	23868.4	10.8214	472	517	307	2	0.0001 Colloc0 472 3375 0.0602055 133.254
1210	1	945.194	23807.7	23797	10.6581	456	536	288	2	0.0001 Colloc0 456 3382 0.0720028 124.026
1220	1	953.118	23941.2	23930.6	10.6089	457	512	312	4	0.0001 Colloc0 457 3388 0.0465077 121.307
1230	1	961.13	23922.7	23911.9	10.7835	481	534	290	2	0.0001 Colloc0 481 3395 0.0654739 131.089
1240	1	968.985	23742.6	23731.8	10.8433	447	550	274	2	0.0001 Colloc0 447 3391 0.0188782 134.515
1250	1	976.892	23804.5	23793.7	10.7474	462	571	253	3	0.0001 Colloc0 462 3401 0.0665378 129.035
1260	1	984.716	23740.7	23729.8	10.8857	458	572	252	3	0.0001 Colloc0 458 3373 0.0102158 136.963
1270	1	992.57	23812.8	23802.1	10.6053	470	557	267	2	0.0001 Colloc0 470 3371 0.055487 121.108
1280	1	1000.48	23699	23688.1	10.9147	454	591	233	3	0.0001 Colloc0 454 3374 0.0208771 138.65
1290	1	1008.21	23757.1	23746.1	10.96	457	559	265	5	0.0001 Colloc0 457 3384 0.0313526 141.307
1300	1	1015.89	23716.1	23705.2	10.8463	456	593	231	3	0.0001 Colloc0 456 3390 0.0414876 134.684
1310	1	1023.64	23830	23819.2	10.8349	470	544	280	2	0.0001 Colloc0 470 3390 0.0787342 134.03
1320	1	1031.46	23885	23874	10.9256	466	529	295	3	0.0001 Colloc0 466 3393 0.00520602 139.288
1330	1	1039.41	23929.3	23918.5	10.7961	458	520	304	3	0.0001 Colloc0 458 3401 0.0123401 131.804
1340	1	1047.32	23837.5	23826.9	10.6254	450	549	275	2	0.0001 Colloc0 450 3385 0.0127618 122.216
1350	1	1055.14	23822.9	23812	10.9451	447	549	275	2	0.0001 Colloc0 447 3389 0.00451063 140.429
1360	1	1063.09	23875.7	23864.8	10.8887	465	536	288	2	0.0001 Colloc0 465 3406 0.0215038 137.14
1370	1	1070.86	23909.7	23899	10.7731	460	504	320	2	0.0001 Colloc0 460 3407 0.0350164 130.493
1380	1	1078.67	23831.6	23820.9	10.7159	474	529	295	2	0.0001 Colloc0 474 3378 0.066547 127.259
1390	1	1086.26	23837.8	23826.9	10.8692	460	529	295	3	0.0001 Colloc0 460 3386 0.0405266 136.007
1400	1	1094.07	23888.7	23877.8	10.8365	459	539	285	2	0.0001 Colloc0 459 3405 0.0118961 134.124
1410	1	1101.93	23903.5	23892.8	10.6745	461	526	298	2	0.0001 Colloc0 461 3379 0.0555898 124.939
1420	1	1109.9	23853.4	23842.6	10.8624	453	522	302	3	0.0001 Colloc0 453 3407 0.019338 135.615
1430	1	1117.85	23870.8	23860	10.7463	458	545	279	4	0.0001 Colloc0 458 3386 0.0732853 128.974
1440	1	1125.6	23864	23853.2	10.8102	456	532	292	3	0.0001 Colloc0 456 3392 0.0631643 132.609
1450	1	1133.34	23947.2	23936	11.2066	464	514	310	3	0.0001 Colloc0 464 3394 0.0039838 156.103
1460	1	1141.03	23793.7	23782.9	10.7738	460	553	271	3	0.0001 Colloc0 460 3401 0.0269349 130.537
1470	1	1148.87	23783.7	23773.3	10.3936	454	540	284	2	0.0001 Colloc0 454 3387 0.0545604 109.717
1480	1	1156.51	23680.6	23669.8	10.736	443	565	259	2	0.0001 Colloc0 443 3403 0.0032643 128.392
1490	1	1164.22	23836.9	23826.1	10.8557	460	531	293	3	0.0001 Colloc0 460 3405 0.0214958 135.23
1500	1	1171.79	23711.9	23701.1	10.7975	458	552	272	2	0.0001 Colloc0 458 3390 0.0724172 131.885
1510	1	1179.55	23821.1	23810.7	10.3432	444	540	284	1	0.0001 Colloc0 444 3413 0.0801293 107.081
1520	1	1187.29	23915.8	23905.1	10.7017	452	523	301	1	0.0001 Colloc0 452 3412 0.0387202 126.461
1530	1	1195.08	23766.1	23755.3	10.8498	454	572	252	2	0.0001 Colloc0 454 3393 0.0165517 134.888
1540	1	1202.97	23797.2	23786.5	10.7502	451	542	282	3	0.0001 Colloc0 451 3385 0.000187229 129.193
1550	1	1210.77	23859.5	23848.6	10.8535	470	530	294	3	0.0001 Colloc0 470 3402 0.0352523 135.098
1560	1	1218.49	23832.4	23821.5	10.8384	467	547	277	3	0.0001 Colloc0 467 3414 0.0281364 134.231
1570	1	1226.38	23855	23844.2	10.8144	457	512	312	2	0.0001 Colloc0 457 3397 0.0261792 132.85
1580	1	1234.24	23922.4	23911.5	10.9721	462	508	316	1	0.0001 Colloc0 462 3400 0.0133077 142.017
1590	1	1242.16	23968.6	23958.1	10.4782	465	495	329	1	0.0001 Colloc0 465 3409 0.0297568 114.203
1600	1	1250.09	23805.4	23794.7	10.7128	463	531	293	1	0.0001 Colloc0 463 3387 0.0734284 127.084
1610	1	1257.81	23761	23750.3	10.7272	454	572	252	2	0.0001 Colloc0 454 3382 0.0465568 127.895
1620	1	1265.53	23716.1	23705.3	10.7514	457	562	262	2	0.0001 Colloc0 457 3394 0.0129278 129.264
1630	1	1273.42	23765.3	23754.3	10.9561	457	554	270	2	0.0001 Colloc0 457 3390 0.0217572 141.074
1640	1	1281.25	23744.1	23733.3	10.8186	455	564	260	4	0.0001 Colloc0 455 3396 0.0251842 133.094
1650	1	1289.06	23712.4	23701.5	10.8818	463	566	258	3	0.0001 Colloc0 463 3358 0.00446624 136.74
1660	1	1296.74	23745.8	23734.7	11.1222	463	535	289	4	0.0001 Colloc0 463 3386 0.00286013 150.975
1670	1	1304.36	23683.7	23673.7	10.0437	464	538	286	5	0.0001 Colloc0 464 3365 0.100348 92.0784
1680	1	1312.14	23523.6	23512.9	10.6775	450	562	262	2	0.0001 Colloc0 450 3355 0.0628494 125.106
1690	1	1319.81	23660.2	23649.8	10.3452	451	553	271	3	0.0001 Colloc0 451 3370 0.098824 107.183
1700	1	1327.69	23687.1	23676.7	10.3519	453	533	291	3	0.0001 Colloc0 453 3365 0.0459118 107.532
1710	1	1335.4	23616.4	23606.1	10.3484	461	556	268	3	0.0001 Colloc0 461 3349 0.108977 107.35
1720	1	1343.23	23561.9	23551.2	10.7539	464	563	261	2	0.0001 Colloc0 464 3350 0.0213908 129.408
1730	1	1351.03	23651.9	23641.2	10.7236	470	551	273	2	0.0001 Colloc0 470 3342 0.0280319 127.691
1740	1	1358.79	23596.6	23585.9	10.7031	454	557	267	2	0.0001 Colloc0 454 3340 0.0189264 126.539
1750	1	1366.48	23612.5	23601.9	10.6259	460	546	278	2	0.0001 Colloc0 460 3345 0.0670266 122.242
1760	1	1374.35	23532.6	23521.8	10.7561	466	572	252	3	0.0001 Colloc0 466 3341 0.0834318 129.529
1770	1	1382.07	23583.4	23572.6	10.7444	456	584	240	1	0.0001 Colloc0 456 3351 0.0434195 128.868
1780	1	1389.83	23754.6	23743.8	10.8356	468	530	294	1	0.0001 Colloc0 468 3357 0.0240814 134.067
1790	1	1397.52	23638	23627	10.9377	467	553	271	2	0.0001 Colloc0 467 3362 0.0302989 139.996
1800	1	1405.55	23717.2	23706	11.1324	472	520	304	2	0.0001 Colloc0 472 3352 0.00299573 151.587
1810	1	1413.31	23750.5	23739.4	11.0557	477	531	293	2	0.0001 Colloc0 477 3358 0.0376736 146.981
1820	1	1421.3	23596.1	23585.2	10.8661	457	548	276	2	0.0001 Colloc0 457 3331 0.0225411 135.827
1830	1	1429.14	23488.4	23477.3	11.0502	467	583	241	3	0.0001 Colloc0 467 3322 0.056756 146.649
1840	1	1437.05	23411.7	23400.8	10.9025	460	600	224	3	0.0001 Colloc0 460 3303 0.0375467 137.939
1850	1	1444.8	23552.2	23541.4	10.7696	469	557	267	1	0.0001 Colloc0 469 3318 0.066705 130.295
1860	1	1452.43	23492.3	23481.3	11.0262	468	564	260	1	0.0001 Colloc0 468 3306 0.00043329 145.218
1870	1	1460.27	23460.3	23449.7	10.5539	467	588	236	1	0.0001 Colloc0 467 3278 0.072463 118.291
1880	1	1468.12	23420	23409.2	10.8277	464	616	208	2	0.0001 Colloc0 464 3306 0.0281278 133.617
1890	1	1475.85	23372.2	23361.9	10.2906	447	608	216	2	0.0001 Colloc0 447 3296 0.0971603 104.364
1900	1	1483.65	23429	23418.7	10.2187	461	596	228	1	0.0001 Colloc0 461 3298 0.0924776 100.708
1910	1	1491.22	23512.4	23502	10.4392	466	560	264	2	0.0001 Colloc0 466 3296 0.0668445 112.127
1920	1	1499.06	23533.3	23522.5	10.7453	456	574	250	1	0.0001 Colloc0 456 3309 0.0193684 128.92
1930	1	1506.98	23563.3	23552.5	10.7831	476	558	266	1	0.0001 Colloc0 476 3300 0.0368729 131.064
1940	1	1514.72	23508.6	23498	10.6103	465	573	251	1	0.0001 Colloc0 465 3304 0.102708 121.381
1950	1	1522.54	23442.7	23431.6	11.1696	451	598	226	1	0.0001 Colloc0 451 3315 0.000622118 153.849
1960	1	1530.33	23461.7	23450.8	10.9361	467	589	235	4	0.0001 Colloc0 467 3282 0.0518764 139.902
1970	1	1538.13	23408.8	23397.8	10.9289	454	604	220	2	0.0001 Colloc0 454 3305 0.00497436 139.484
1980	1	1546.03	23396.3	23386	10.3368	456	594	230	2	0.0001 Colloc0 456 3302 0.0922235 106.749
1990	1	1553.69	23471.5	23460.4	11.0176	470	585	239	3	0.0001 Colloc0 470 3309 0.0435991 144.712
2000	1	1561.27	23439.9	23428.7	11.1624	467	595	229	1	0.0001 Colloc0 467 3292 0.00444341 153.407
