# D = 0, E = 1, I = 1, P = 1, R = -1, n = 2000, N = 1, P = 1, w = 1, a = 0.0001, b = 10000, e = 1, f = 1, g = 100, h = 0.01, r = 11172, s = 1, S = 0, x = 10, m = 100, Z = 1, z = 0, T = 1, t = 1
# 8673 tokens in 824 sentences
#
# It	Temp	Time	-logP	-logPcorpus	-logPrior	tables	same	changed	reject	default_pya	(parent pym pyn pya pyb)*
0	1	0.6559	35340.2	35226.4	113.764	2717	0	824	0	0.0001 Colloc0 2717 4414 0.0001 10000
10	1	9.44956	25872.3	25860.8	11.5471	568	322	502	1	0.0001 Colloc0 568 3515 0.00864432 177.459
20	1	17.4623	25222.2	25211.1	11.1113	513	391	433	2	0.0001 Colloc0 513 3483 0.0275537 150.313
30	1	25.5161	24994.2	24983.1	11.0469	494	415	409	3	0.0001 Colloc0 494 3501 0.0248844 146.453
40	1	33.142	24727.9	24717	10.8575	497	436	388	3	0.0001 Colloc0 497 3476 0.0192128 135.331
50	1	41.0518	24913.4	24902.4	10.9845	512	417	407	3	0.0001 Colloc0 512 3504 0.0456809 142.748
60	1	48.9406	24756.3	24745.3	10.9991	488	499	325	2	0.0001 Colloc0 488 3495 0.000998435 143.609
70	1	56.7384	24554.2	24543.3	10.905	494	491	333	2	0.0001 Colloc0 494 3462 0.0425755 138.087
80	1	64.3092	24606.4	24595.4	11.0633	494	506	318	2	0.0001 Colloc0 494 3477 0.0108948 147.435
90	1	71.9341	24593.1	24582.4	10.7082	487	493	331	5	0.0001 Colloc0 487 3446 0.0450629 126.83
100	1	79.4469	24593.2	24582.1	11.1524	491	481	343	2	0.0001 Colloc0 491 3447 0.00122839 152.799
110	1	87.1478	24715.2	24703.8	11.4321	518	490	334	5	0.0001 Colloc0 518 3442 0.053372 170.134
120	1	94.9946	24532.1	24521.2	10.9686	490	497	327	3	0.0001 Colloc0 490 3437 0.000127024 141.813
130	1	103.002	24508.1	24497.3	10.7726	503	505	319	4	0.0001 Colloc0 503 3449 0.0987118 130.464
140	1	110.887	24462.9	24451.7	11.1763	485	506	318	2	0.0001 Colloc0 485 3451 0.0289049 154.255
150	1	118.435	24410.5	24399.5	11.0516	483	512	312	2	0.0001 Colloc0 483 3444 0.00225248 146.732
160	1	126.08	24489.4	24478.4	10.9966	491	515	309	3	0.0001 Colloc0 491 3446 0.0105056 143.462
170	1	133.611	24492.6	24481.5	11.0916	495	503	321	2	0.0001 Colloc0 495 3429 0.0226622 149.133
180	1	141.505	24398.2	24387.1	11.0528	480	499	325	1	0.0001 Colloc0 480 3436 0.0337405 146.807
190	1	149.436	24248.1	24237	11.0413	475	527	297	3	0.0001 Colloc0 475 3394 0.0138624 146.118
200	1	157.024	24300.6	24289.4	11.1688	478	508	316	2	0.0001 Colloc0 478 3425 0.00805381 153.798
210	1	164.726	24190.7	24179.7	10.9856	475	524	300	2	0.0001 Colloc0 475 3388 0.0271162 142.812
220	1	172.504	24260.1	24249	11.0696	476	544	280	2	0.0001 Colloc0 476 3411 0.0287542 147.808
230	1	180.321	24349.8	24338.5	11.287	489	519	305	3	0.0001 Colloc0 489 3435 0.0185447 161.056
240	1	188.177	24400.6	24389.6	11.0366	501	505	319	2	0.0001 Colloc0 501 3425 0.0544529 145.84
250	1	195.976	24413.9	24403	10.9717	486	496	328	3	0.0001 Colloc0 486 3437 0.0160392 141.994
260	1	203.855	24334.9	24323.9	11.0485	499	497	327	1	0.0001 Colloc0 499 3401 0.0415242 146.546
270	1	211.557	24097.3	24086.6	10.7073	466	553	271	3	0.0001 Colloc0 466 3394 0.0264313 126.777
280	1	219.191	24206	24194.9	11.1038	493	529	295	2	0.0001 Colloc0 493 3385 0.0207824 149.862
290	1	226.847	24197.8	24186.7	11.1104	502	523	301	2	0.0001 Colloc0 502 3360 0.0260096 150.261
300	1	234.57	24218	24207	11.0037	500	526	298	2	0.0001 Colloc0 500 3388 0.00541084 143.884
310	1	242.223	24111.4	24100.1	11.2816	479	536	288	1	0.0001 Colloc0 479 3392 0.0156569 160.719
320	1	250.07	24079.3	24068	11.2582	491	545	279	3	0.0001 Colloc0 491 3363 0.0307409 159.272
330	1	257.866	24204.3	24193.4	10.8097	505	516	308	1	0.0001 Colloc0 505 3377 0.0465772 132.584
340	1	265.829	24090.4	24079.3	11.0654	497	539	285	5	0.0001 Colloc0 497 3363 0.00734607 147.56
350	1	273.722	24003	23992.2	10.862	487	548	276	1	0.0001 Colloc0 487 3356 0.0572014 135.594
360	1	281.674	23929.7	23918.8	10.9267	488	548	276	1	0.0001 Colloc0 488 3341 0.0376337 139.355
370	1	289.532	24040	24029.1	10.9474	477	550	274	2	0.0001 Colloc0 477 3375 0.0263023 140.565
380	1	297.424	24054.2	24043	11.1726	511	528	296	2	0.0001 Colloc0 511 3350 0.0626665 154.031
390	1	305.26	23979.7	23968.6	11.1001	472	546	278	3	0.0001 Colloc0 472 3367 0.0503687 149.643
400	1	313.315	23907	23896.1	10.9576	471	560	264	1	0.0001 Colloc0 471 3329 0.0185954 141.163
410	1	321.117	24029.4	24018.6	10.8124	496	534	290	1	0.0001 Colloc0 496 3337 0.070221 132.737
420	1	328.983	23993.3	23982.2	11.105	487	543	281	1	0.0001 Colloc0 487 3344 0.0105934 149.935
430	1	336.922	23948.8	23937.9	10.9087	496	566	258	1	0.0001 Colloc0 496 3330 0.0536268 138.304
440	1	344.686	23954.3	23943.3	11.0349	489	546	278	3	0.0001 Colloc0 489 3353 0.0372678 145.74
450	1	352.405	24033.1	24021.9	11.2655	505	566	258	2	0.0001 Colloc0 505 3346 0.02728 159.723
460	1	360.237	23951.5	23940.7	10.8094	494	568	256	1	0.0001 Colloc0 494 3353 0.0137018 132.566
470	1	368.067	23850.5	23839.6	10.9358	475	582	242	1	0.0001 Colloc0 475 3335 0.0048749 139.886
480	1	376.014	23927.7	23916.7	10.9604	476	574	250	3	0.0001 Colloc0 476 3361 0.0478142 141.329
490	1	383.86	23898.4	23887.5	10.9498	494	545	279	1	0.0001 Colloc0 494 3323 0.0162892 140.704
500	1	391.659	23866.1	23854.7	11.3868	487	552	272	1	0.0001 Colloc0 487 3318 0.00299882 167.28
510	1	399.536	23806.3	23795.3	10.9783	493	553	271	1	0.0001 Colloc0 493 3318 0.0360173 142.385
520	1	407.64	23725	23713.9	11.1338	469	569	255	2	0.0001 Colloc0 469 3312 0.00911217 151.677
530	1	415.442	23780.5	23769.6	10.9023	479	573	251	0	0.0001 Colloc0 479 3326 0.0249819 137.932
540	1	423.237	23821.5	23810.8	10.6862	498	546	278	2	0.0001 Colloc0 498 3307 0.0674976 125.597
550	1	431.073	23754.4	23743.4	10.9718	492	569	255	0	0.0001 Colloc0 492 3311 0.0291947 141.999
560	1	438.896	23753.6	23742.3	11.3294	482	568	256	0	0.0001 Colloc0 482 3305 0.0141224 163.688
570	1	446.793	23746.6	23735.6	11.0721	478	575	249	0	0.0001 Colloc0 478 3324 0.0109489 147.957
580	1	454.582	23782.1	23771.2	10.8977	486	563	261	0	0.0001 Colloc0 486 3304 0.0479865 137.66
590	1	462.404	23754.6	23744.3	10.3009	477	566	258	0	0.0001 Colloc0 477 3315 0.129336 104.894
600	1	470.223	23784.3	23773.2	11.0906	482	567	257	1	0.0001 Colloc0 482 3306 0.0177147 149.073
610	1	478.096	23716.2	23705.5	10.6622	493	584	240	1	0.0001 Colloc0 493 3285 0.129911 124.255
620	1	486.11	23821.1	23810.2	10.9055	490	549	275	0	0.0001 Colloc0 490 3282 0.0370589 138.117
630	1	494.037	23807.8	23796.9	10.9321	491	551	273	0	0.0001 Colloc0 491 3297 0.035544 139.667
640	1	501.656	23715.8	23704.5	11.2392	480	557	267	2	0.0001 Colloc0 480 3300 0.00344233 158.107
650	1	509.451	23711.3	23700.5	10.7675	468	576	248	0	0.0001 Colloc0 468 3293 0.0492721 130.176
660	1	517.324	23649.4	23638.6	10.8222	481	583	241	0	0.0001 Colloc0 481 3291 0.082868 133.299
670	1	525.185	23752.7	23741.3	11.3882	492	565	259	1	0.0001 Colloc0 492 3289 0.0121136 167.368
680	1	532.807	23643.8	23632.7	11.1481	479	597	227	1	0.0001 Colloc0 479 3296 0.0039176 152.54
690	1	540.463	23662.6	23651.5	11.1108	476	580	244	2	0.0001 Colloc0 476 3299 0.00886023 150.287
700	1	548.332	23800.5	23789.6	10.8501	491	557	267	0	0.0001 Colloc0 491 3297 0.065719 134.907
710	1	556.131	23599.5	23588.7	10.8344	474	596	228	0	0.0001 Colloc0 474 3286 0.0541957 133.998
720	1	563.827	23693.1	23682.1	11.0503	487	586	238	1	0.0001 Colloc0 487 3269 0.0428046 146.653
730	1	571.665	23630.4	23619.4	10.9655	485	600	224	2	0.0001 Colloc0 485 3274 0.105255 141.627
740	1	579.53	23802	23790.7	11.2927	484	549	275	0	0.0001 Colloc0 484 3292 0.00106713 161.408
750	1	588.804	23769.8	23759	10.754	491	574	250	1	0.0001 Colloc0 491 3299 0.083241 129.414
760	1	596.566	23623.8	23613	10.7905	481	592	232	1	0.0001 Colloc0 481 3284 0.0598892 131.484
770	1	604.358	23778.8	23767.6	11.1847	502	561	263	1	0.0001 Colloc0 502 3294 0.0563029 154.77
780	1	612.145	23677.4	23666.4	11.0161	480	577	247	2	0.0001 Colloc0 480 3289 0.00991491 144.622
790	1	619.948	23720	23709.2	10.8499	475	571	253	1	0.0001 Colloc0 475 3304 0.0778281 134.893
800	1	627.566	23708.4	23697.2	11.161	489	566	258	1	0.0001 Colloc0 489 3289 0.0382898 153.326
810	1	635.226	23646.2	23635	11.1707	488	584	240	1	0.0001 Colloc0 488 3303 0.0201762 153.913
820	1	642.818	23739.1	23728.3	10.8186	490	572	252	1	0.0001 Colloc0 490 3303 0.0506061 133.093
830	1	650.597	23744.7	23733.6	11.1022	488	562	262	1	0.0001 Colloc0 488 3299 0.0123078 149.768
840	1	658.285	23771.9	23761.2	10.6994	479	553	271	2	0.0001 Colloc0 479 3313 0.0420437 126.332
850	1	666.13	23777.4	23766.7	10.7429	495	553	271	3	0.0001 Colloc0 495 3317 0.0812295 128.78
860	1	674.082	23673.5	23663.4	10.1451	474	600	224	1	0.0001 Colloc0 474 3304 0.118959 97.0303
870	1	681.814	23528.1	23517.4	10.6148	476	609	215	0	0.0001 Colloc0 476 3278 0.0703379 121.628
880	1	689.593	23588.8	23577.8	10.9386	477	583	241	1	0.0001 Colloc0 477 3290 0.0428379 140.049
890	1	697.17	23530.7	23519.9	10.7223	480	603	221	1	0.0001 Colloc0 480 3260 0.0749821 127.622
900	1	704.759	23608.7	23598.1	10.6501	472	563	261	1	0.0001 Colloc0 472 3280 0.0428839 123.581
910	1	712.638	23683.9	23673.2	10.6696	491	568	256	3	0.0001 Colloc0 491 3291 0.0848271 124.67
920	1	720.299	23739.6	23728.4	11.1748	491	536	288	3	0.0001 Colloc0 491 3263 0.033965 154.165
930	1	727.903	23669	23658	11.0141	485	574	250	0	0.0001 Colloc0 485 3285 0.0232443 144.499
940	1	735.7	23593.9	23582.9	11.0571	478	568	256	3	0.0001 Colloc0 478 3275 0.0242311 147.065
950	1	743.69	23598.6	23587.6	10.9872	472	567	257	2	0.0001 Colloc0 472 3265 0.0535235 142.911
960	1	751.408	23693.4	23682.6	10.8043	504	542	282	2	0.0001 Colloc0 504 3265 0.0843718 132.274
970	1	759.095	23576.7	23566.2	10.4934	477	556	268	1	0.0001 Colloc0 477 3274 0.057555 115.022
980	1	766.663	23690.6	23679.5	11.066	477	542	282	1	0.0001 Colloc0 477 3269 0.0207997 147.597
990	1	774.494	23509.8	23498.7	11.0598	476	591	233	0	0.0001 Colloc0 476 3269 0.0187427 147.222
1000	1	782.362	23491.3	23480.1	11.151	482	602	222	0	0.0001 Colloc0 482 3278 0.0426816 152.715
1010	1	790.177	23609.4	23598.6	10.8365	495	571	253	1	0.0001 Colloc0 495 3295 0.0509973 134.122
1020	1	797.822	23475	23463.9	11.0438	477	592	232	1	0.0001 Colloc0 477 3262 0.0329431 146.266
1030	1	805.404	23495.6	23484.3	11.2862	479	584	240	2	0.0001 Colloc0 479 3262 0.00118632 161.003
1040	1	812.905	23506.9	23496.3	10.5913	480	597	227	0	0.0001 Colloc0 480 3270 0.100713 120.336
1050	1	820.606	23530.2	23519.1	11.0822	486	568	256	2	0.0001 Colloc0 486 3249 0.0136607 148.566
1060	1	828.528	23469.1	23458.1	11.023	483	587	237	0	0.0001 Colloc0 483 3234 0.0409743 145.028
1070	1	836.319	23502.2	23491.2	11.0265	489	579	245	1	0.0001 Colloc0 489 3236 0.0224243 145.237
1080	1	844.098	23531.8	23521.1	10.7311	485	554	270	1	0.0001 Colloc0 485 3248 0.0591188 128.118
1090	1	851.761	23471.7	23460.8	10.8973	480	581	243	0	0.0001 Colloc0 480 3243 0.0566968 137.637
1100	1	859.616	23498.5	23487.5	10.9974	467	588	236	1	0.0001 Colloc0 467 3246 0.036032 143.509
1110	1	867.387	23607.5	23596.4	11.0965	507	566	258	1	0.0001 Colloc0 507 3258 0.0383148 149.426
1120	1	875.163	23435.1	23424.2	10.8604	476	608	216	1	0.0001 Colloc0 476 3239 0.0492435 135.497
1130	1	883.06	23505.7	23495	10.6196	470	596	228	0	0.0001 Colloc0 470 3259 0.0808495 121.894
1140	1	890.793	23484.8	23473.6	11.1813	485	612	212	1	0.0001 Colloc0 485 3255 0.0298317 154.557
1150	1	898.718	23382.8	23372.3	10.5304	473	601	223	3	0.0001 Colloc0 473 3244 0.0864004 117.018
1160	1	906.701	23397.4	23386.4	11.0247	475	613	211	2	0.0001 Colloc0 475 3244 0.018354 145.132
1170	1	914.369	23541.4	23530.2	11.2016	490	585	239	0	0.0001 Colloc0 490 3256 0.0258118 155.796
1180	1	922.225	23403.2	23392.5	10.7171	485	599	225	0	0.0001 Colloc0 485 3246 0.093612 127.327
1190	1	930.069	23365.2	23354.4	10.7686	467	617	207	0	0.0001 Colloc0 467 3245 0.0559674 130.24
1200	1	937.727	23455.6	23445	10.6019	479	598	226	0	0.0001 Colloc0 479 3245 0.0770057 120.921
1210	1	945.302	23582.8	23571.9	10.8723	482	567	257	0	0.0001 Colloc0 482 3271 0.0363645 136.187
1220	1	952.973	23413.4	23402.6	10.7952	462	592	232	2	0.0001 Colloc0 462 3257 0.0138657 131.755
1230	1	960.745	23508.8	23498.1	10.6602	479	582	242	2	0.0001 Colloc0 479 3244 0.107874 124.144
1240	1	968.724	23402.7	23391.8	10.9243	468	597	227	1	0.0001 Colloc0 468 3241 0.0314863 139.215
1250	1	976.734	23449.9	23438.9	10.9849	492	589	235	2	0.0001 Colloc0 492 3249 0.0455036 142.774
1260	1	984.679	23469.8	23458.7	11.0345	497	564	260	1	0.0001 Colloc0 497 3228 0.045723 145.712
1270	1	992.554	23445.8	23435.1	10.6321	478	606	218	0	0.0001 Colloc0 478 3244 0.0973167 122.587
1280	1	1000.29	23483	23472.1	10.819	490	583	241	1	0.0001 Colloc0 490 3242 0.0703809 133.116
1290	1	1008	23419.7	23408.7	10.9897	480	600	224	0	0.0001 Colloc0 480 3247 0.0820744 143.055
1300	1	1015.91	23412.9	23401.9	11.0139	483	604	220	1	0.0001 Colloc0 483 3243 0.0490811 144.489
1310	1	1023.72	23343.2	23332.6	10.6483	478	621	203	0	0.0001 Colloc0 478 3240 0.111748 123.483
1320	1	1031.41	23382.5	23371.6	10.931	494	615	209	0	0.0001 Colloc0 494 3238 0.104897 139.607
1330	1	1039.01	23372.1	23361.4	10.6877	477	602	222	1	0.0001 Colloc0 477 3228 0.0813679 125.678
1340	1	1046.6	23354.7	23343.7	10.9901	474	609	215	0	0.0001 Colloc0 474 3234 0.041361 143.077
1350	1	1054.43	23343	23332.1	10.8678	472	591	233	1	0.0001 Colloc0 472 3233 0.0396477 135.929
1360	1	1062.24	23365.1	23354.5	10.5786	484	573	251	0	0.0001 Colloc0 484 3233 0.0889311 119.641
1370	1	1070.04	23230.9	23220.2	10.7036	473	594	230	0	0.0001 Colloc0 473 3201 0.108599 126.57
1380	1	1077.56	23291.4	23280.1	11.2898	471	622	202	3	0.0001 Colloc0 471 3236 9.00328e-05 161.227
1390	1	1085.18	23204.7	23194.5	10.1515	470	629	195	1	0.0001 Colloc0 470 3199 0.167678 97.3448
1400	1	1093.06	23158.6	23148.1	10.5548	474	620	204	0	0.0001 Colloc0 474 3198 0.0869289 118.344
1410	1	1100.95	23174.8	23164	10.79	475	618	206	0	0.0001 Colloc0 475 3200 0.061792 131.457
1420	1	1108.85	23211.8	23200.9	10.9033	463	581	243	3	0.0001 Colloc0 463 3204 0.0152323 137.988
1430	1	1116.67	23284.5	23273.5	10.9396	470	582	242	0	0.0001 Colloc0 470 3198 0.0183659 140.109
1440	1	1124.5	23218.2	23207.3	10.937	471	620	204	1	0.0001 Colloc0 471 3217 0.0586774 139.954
1450	1	1132.22	23300.6	23289.8	10.8595	486	597	227	1	0.0001 Colloc0 486 3212 0.0612827 135.446
1460	1	1140.07	23173.5	23162.7	10.8962	464	621	203	0	0.0001 Colloc0 464 3214 0.0207749 137.575
1470	1	1147.6	23141.8	23130.8	11.0056	462	608	216	1	0.0001 Colloc0 462 3218 0.0595187 144
1480	1	1155.14	23155.8	23144.9	10.9146	475	627	197	0	0.0001 Colloc0 475 3204 0.0605963 138.645
1490	1	1163.02	23227.2	23216.5	10.6901	470	618	206	1	0.0001 Colloc0 470 3219 0.0563698 125.814
1500	1	1170.82	23156.6	23145.8	10.7614	451	593	231	1	0.0001 Colloc0 451 3202 0.053399 129.833
1510	1	1178.54	23197.8	23186.8	11.0704	466	591	233	1	0.0001 Colloc0 466 3223 0.0188709 147.859
1520	1	1186.42	23192.9	23182	10.857	462	593	231	1	0.0001 Colloc0 462 3212 0.00121548 135.303
1530	1	1194.33	23204.3	23194	10.3366	480	597	227	1	0.0001 Colloc0 480 3220 0.0964645 106.738
1540	1	1202.07	23223	23212.1	10.8443	465	582	242	1	0.0001 Colloc0 465 3237 0.0177659 134.57
1550	1	1209.93	23165.6	23154.9	10.7102	463	631	193	1	0.0001 Colloc0 463 3228 0.0520564 126.939
1560	1	1217.75	23227.7	23216.8	10.8825	476	601	223	0	0.0001 Colloc0 476 3222 0.0437306 136.781
1570	1	1225.46	23227.6	23216.5	11.0245	462	586	238	0	0.0001 Colloc0 462 3217 0.00329353 145.121
1580	1	1233.35	23156.1	23145.4	10.7398	463	609	215	0	0.0001 Colloc0 463 3226 0.0604337 128.605
1590	1	1241.17	23088.9	23077.8	11.0606	466	618	206	1	0.0001 Colloc0 466 3198 0.0410083 147.269
1600	1	1249.01	23047.3	23036.3	10.9929	463	649	175	1	0.0001 Colloc0 463 3197 0.00463942 143.243
1610	1	1256.83	23099.3	23088.4	10.9458	462	609	215	1	0.0001 Colloc0 462 3215 0.00550328 140.469
1620	1	1264.65	23160.2	23149.3	10.9455	474	593	231	3	0.0001 Colloc0 474 3199 0.032834 140.453
1630	1	1272.54	23085.7	23075.5	10.1575	470	617	207	0	0.0001 Colloc0 470 3201 0.139136 97.6438
1640	1	1280.31	23014.7	23003.8	10.8427	464	620	204	0	0.0001 Colloc0 464 3188 0.0231578 134.48
1650	1	1288.04	23071.7	23061	10.7204	458	641	183	2	0.0001 Colloc0 458 3203 0.0618864 127.513
1660	1	1295.72	23049.5	23038.8	10.7611	466	640	184	2	0.0001 Colloc0 466 3198 0.00872063 129.815
1670	1	1303.56	23246.9	23235.8	11.0669	474	585	239	0	0.0001 Colloc0 474 3221 0.0459882 147.648
1680	1	1311.52	23247.9	23237.1	10.795	483	558	266	1	0.0001 Colloc0 483 3203 0.0586823 131.742
1690	1	1319.44	23136.6	23125.6	11.0344	457	600	224	0	0.0001 Colloc0 457 3205 0.0143554 145.709
1700	1	1327.14	23153.3	23142.2	11.1547	482	597	227	2	0.0001 Colloc0 482 3189 0.0297422 152.939
1710	1	1334.91	23152.6	23141.6	10.9892	472	599	225	0	0.0001 Colloc0 472 3207 0.0144538 143.024
1720	1	1342.66	23018.4	23007.5	10.9128	452	637	187	0	0.0001 Colloc0 452 3207 0.00287935 138.542
1730	1	1350.44	23000.1	22989.1	10.9864	448	643	181	1	0.0001 Colloc0 448 3219 0.0157967 142.861
1740	1	1358.25	23081.4	23070.9	10.5955	469	641	183	0	0.0001 Colloc0 469 3208 0.0363626 120.567
1750	1	1366.05	23140.6	23129.9	10.6857	478	607	217	0	0.0001 Colloc0 478 3191 0.0601908 125.568
1760	1	1373.96	23116.3	23105.4	10.8647	465	605	219	2	0.0001 Colloc0 465 3195 0.0143561 135.749
1770	1	1381.75	23132.2	23121.2	10.9359	463	595	229	1	0.0001 Colloc0 463 3195 0.0334629 139.889
1780	1	1389.39	23010.8	22999.7	11.0495	455	638	186	1	0.0001 Colloc0 455 3202 0.00914922 146.606
1790	1	1397.18	23110	23099	10.9663	469	623	201	1	0.0001 Colloc0 469 3206 0.051536 141.677
1800	1	1404.8	22967.9	22956.9	10.9502	466	635	189	0	0.0001 Colloc0 466 3183 0.023971 140.729
1810	1	1412.66	22997.9	22987.3	10.5609	472	615	209	0	0.0001 Colloc0 472 3171 0.114851 118.676
1820	1	1420.29	23038.4	23027.6	10.7994	472	604	220	1	0.0001 Colloc0 472 3181 0.00495868 131.992
1830	1	1428.03	23021.9	23010.9	10.9958	460	625	199	1	0.0001 Colloc0 460 3191 0.00583085 143.416
1840	1	1435.82	22991.2	22980.2	10.9903	454	636	188	1	0.0001 Colloc0 454 3195 0.00502397 143.09
1850	1	1443.56	23000.1	22989.4	10.6186	470	617	207	1	0.0001 Colloc0 470 3183 0.0761745 121.838
1860	1	1451.32	22960.4	22949.8	10.6159	457	647	177	0	0.0001 Colloc0 457 3181 0.0425214 121.69
1870	1	1459.08	23083.9	23072.9	10.9586	489	623	201	0	0.0001 Colloc0 489 3172 0.0720002 141.222
1880	1	1466.87	23006.5	22995.3	11.1592	480	645	179	1	0.0001 Colloc0 480 3168 0.0318283 153.217
1890	1	1474.65	23047.3	23036.6	10.6813	460	629	195	2	0.0001 Colloc0 460 3190 0.0491482 125.319
1900	1	1482.49	23100.4	23089.9	10.4888	471	624	200	0	0.0001 Colloc0 471 3197 0.128732 114.773
1910	1	1490.13	23063.9	23053.6	10.2939	475	603	221	0	0.0001 Colloc0 475 3196 0.136991 104.535
1920	1	1497.93	23153.5	23142.3	11.248	475	591	233	2	0.0001 Colloc0 475 3207 0.00130981 158.647
1930	1	1505.58	23060.8	23050.4	10.3334	478	616	208	0	0.0001 Colloc0 478 3203 0.111987 106.573
1940	1	1513.37	23077.2	23066.2	11.0199	472	616	208	0	0.0001 Colloc0 472 3175 0.0189098 144.843
1950	1	1521.11	23046.2	23035.2	10.9495	479	623	201	0	0.0001 Colloc0 479 3170 0.0161129 140.69
1960	1	1528.75	23060.6	23050.2	10.3491	472	608	216	0	0.0001 Colloc0 472 3174 0.119908 107.386
1970	1	1536.48	23015.5	23004.6	10.886	470	623	201	0	0.0001 Colloc0 470 3193 0.0590507 136.979
1980	1	1544.23	23063.3	23052.3	11.0063	475	596	228	1	0.0001 Colloc0 475 3181 0.0118029 144.04
1990	1	1552.07	22991.2	22980.3	10.8418	468	619	205	0	0.0001 Colloc0 468 3178 0.0325597 134.428
2000	1	1559.99	22885.8	22875.8	10.0019	467	665	159	0	0.0001 Colloc0 467 3173 0.146001 90.0758
