# D = 0, E = 1, I = 1, P = 1, R = -1, n = 2000, N = 1, P = 1, w = 1, a = 0.0001, b = 10000, e = 1, f = 1, g = 100, h = 0.01, r = 7029, s = 1, S = 0, x = 10, m = 100, Z = 1, z = 0, T = 1, t = 1
# 8673 tokens in 824 sentences
#
# It	Temp	Time	-logP	-logPcorpus	-logPrior	tables	same	changed	reject	default_pya	(parent pym pyn pya pyb)*
0	1	0.629904	34568.3	34454.6	113.764	2435	0	824	0	0.0001 Colloc0 2435 4115 0.0001 10000
10	1	9.35958	25893.2	25881.5	11.7182	578	335	489	0	0.0001 Colloc0 578 3520 0.0290128 188.562
20	1	17.2154	25207.5	25196.3	11.2086	523	387	437	0	0.0001 Colloc0 523 3498 0.0204201 156.226
30	1	25.0162	24921.8	24910.9	10.9162	489	460	364	1	0.0001 Colloc0 489 3511 0.039325 138.742
40	1	32.997	24770	24758.9	11.1658	505	493	331	0	0.0001 Colloc0 505 3516 0.0357759 153.616
50	1	40.6698	24791.8	24780.7	11.0968	512	489	335	1	0.0001 Colloc0 512 3490 0.0300356 149.442
60	1	48.4266	24781.2	24770.5	10.7563	508	490	334	1	0.0001 Colloc0 508 3505 0.113486 129.54
70	1	56.2534	24634.4	24623.4	10.9634	494	483	341	2	0.0001 Colloc0 494 3470 0.0562305 141.504
80	1	63.6203	24558.1	24547	11.1364	481	509	315	0	0.0001 Colloc0 481 3493 0.0204065 151.829
90	1	71.4041	24349.1	24338.4	10.6522	461	498	326	0	0.0001 Colloc0 461 3448 0.0330302 123.697
100	1	79.204	24385.7	24374.9	10.8488	478	495	329	2	0.0001 Colloc0 478 3456 0.00316165 134.828
110	1	87.0268	24392.7	24381.9	10.7736	481	499	325	2	0.0001 Colloc0 481 3428 0.0573221 130.524
120	1	94.8646	24300.5	24289.3	11.2474	479	499	325	2	0.0001 Colloc0 479 3414 0.00842673 158.609
130	1	102.626	24094.5	24083.5	10.9484	474	526	298	1	0.0001 Colloc0 474 3413 0.0416211 140.623
140	1	110.303	24030.8	24020.1	10.7612	465	531	293	1	0.0001 Colloc0 465 3366 0.0185802 129.818
150	1	118.049	24162.6	24151.8	10.7374	487	540	284	3	0.0001 Colloc0 487 3374 0.077796 128.472
160	1	125.838	24108.2	24097.7	10.4956	483	538	286	1	0.0001 Colloc0 483 3386 0.0871478 115.137
170	1	133.609	23991.7	23980.7	10.9859	482	529	295	2	0.0001 Colloc0 482 3357 0.0184251 142.83
180	1	141.292	23802	23791.1	10.8584	464	559	265	1	0.0001 Colloc0 464 3346 0.0234371 135.384
190	1	148.635	23749.1	23738.1	10.9954	470	578	246	1	0.0001 Colloc0 470 3306 0.0172818 143.391
200	1	156.104	23791.7	23780.6	11.0927	484	572	252	1	0.0001 Colloc0 484 3307 0.00172186 149.193
210	1	163.732	23697.1	23686	11.0868	468	581	243	1	0.0001 Colloc0 468 3318 0.0461703 148.844
220	1	171.47	23747.8	23736.9	10.8515	484	578	246	2	0.0001 Colloc0 484 3308 0.0516539 134.987
230	1	179.287	23863.3	23852.2	11.1247	505	555	269	3	0.0001 Colloc0 505 3314 0.0332688 151.123
240	1	187.121	23733.3	23722.2	11.1287	476	585	239	1	0.0001 Colloc0 476 3307 0.00595445 151.366
250	1	194.795	23735.9	23724.9	10.9561	484	580	244	2	0.0001 Colloc0 484 3310 0.0317987 141.078
260	1	202.282	23722.8	23712.2	10.6357	480	557	267	1	0.0001 Colloc0 480 3292 0.094926 122.785
270	1	209.71	23800.4	23789.3	11.0241	481	562	262	4	0.0001 Colloc0 481 3317 0.00851979 145.095
280	1	217.059	23696.3	23685.3	11.0381	475	554	270	2	0.0001 Colloc0 475 3296 0.0371434 145.93
290	1	224.436	23645.6	23634.6	10.9877	471	569	255	1	0.0001 Colloc0 471 3302 0.00804208 142.936
300	1	232.213	23646.3	23635.2	11.1406	476	562	262	1	0.0001 Colloc0 476 3270 0.0623906 152.087
310	1	239.971	23683.6	23672.5	11.1241	470	576	248	1	0.0001 Colloc0 470 3309 0.0270254 151.089
320	1	247.718	23520.4	23509.4	10.9313	465	596	228	0	0.0001 Colloc0 465 3264 0.010335 139.621
330	1	255.608	23545.5	23534.6	10.957	457	590	234	2	0.0001 Colloc0 457 3270 0.00245607 141.128
340	1	263.369	23579.3	23568.2	11.0925	481	581	243	1	0.0001 Colloc0 481 3250 0.0173437 149.182
350	1	271.063	23687.1	23675.7	11.3598	492	577	247	2	0.0001 Colloc0 492 3271 0.0273253 165.586
360	1	278.875	23570.2	23559.4	10.8437	484	588	236	2	0.0001 Colloc0 484 3263 0.0650771 134.533
370	1	286.71	23399.2	23388.3	10.8088	465	645	179	1	0.0001 Colloc0 465 3251 0.0648096 132.53
380	1	294.523	23501.8	23490.9	10.8455	481	595	229	1	0.0001 Colloc0 481 3267 0.042138 134.64
390	1	302.307	23548.5	23537.3	11.1933	484	590	234	1	0.0001 Colloc0 484 3261 0.0112647 155.293
400	1	310.131	23577.5	23566.6	10.873	483	581	243	2	0.0001 Colloc0 483 3242 0.0750301 136.226
410	1	317.909	23639.7	23629	10.7535	486	558	266	1	0.0001 Colloc0 486 3236 0.042424 129.384
420	1	325.591	23503.2	23492.6	10.6663	467	602	222	1	0.0001 Colloc0 467 3242 0.0285873 124.486
430	1	333.431	23447.2	23436	11.1406	480	597	227	3	0.0001 Colloc0 480 3235 0.063332 152.084
440	1	341.195	23486	23475	11.065	481	577	247	3	0.0001 Colloc0 481 3243 0.0272602 147.536
450	1	348.599	23508.8	23498.1	10.7293	475	572	252	1	0.0001 Colloc0 475 3255 0.0817007 128.013
460	1	356.076	23476.8	23465.9	10.9453	465	578	246	2	0.0001 Colloc0 465 3250 0.0263133 140.44
470	1	363.848	23465.9	23455	10.8359	469	594	230	5	0.0001 Colloc0 469 3244 0.0671211 134.087
480	1	371.595	23387.1	23376.6	10.4965	464	628	196	1	0.0001 Colloc0 464 3240 0.121173 115.186
490	1	379.303	23414.5	23403.8	10.7041	474	609	215	1	0.0001 Colloc0 474 3240 0.0995505 126.597
500	1	387.048	23327.2	23316.3	10.826	460	652	172	1	0.0001 Colloc0 460 3244 0.0515327 133.515
510	1	394.755	23354.3	23343.3	10.9943	474	637	187	1	0.0001 Colloc0 474 3211 0.0197683 143.325
520	1	402.541	23439.9	23429.1	10.8092	469	593	231	1	0.0001 Colloc0 469 3233 0.0292258 132.554
530	1	410.241	23402.9	23392.2	10.715	467	606	218	4	0.0001 Colloc0 467 3225 0.0562577 127.211
540	1	418.037	23479.7	23468.6	11.0853	491	614	210	3	0.0001 Colloc0 491 3247 0.00416921 148.753
550	1	425.877	23504.4	23493.4	11.0252	471	571	253	1	0.0001 Colloc0 471 3240 0.0151538 145.162
560	1	433.499	23453.7	23442.6	11.1346	477	598	226	2	0.0001 Colloc0 477 3229 0.015467 151.721
570	1	440.895	23437.3	23426.3	10.9684	475	618	206	2	0.0001 Colloc0 475 3246 0.00637537 141.799
580	1	448.427	23469.8	23458.7	11.1312	474	613	211	2	0.0001 Colloc0 474 3232 0.0188157 151.52
590	1	456.023	23344	23333.3	10.6848	472	618	206	1	0.0001 Colloc0 472 3219 0.0520321 125.517
600	1	463.371	23431.2	23420.4	10.7614	478	621	203	2	0.0001 Colloc0 478 3245 0.0619947 129.831
610	1	470.744	23530.7	23519.5	11.1899	478	592	232	2	0.0001 Colloc0 478 3248 0.0158394 155.084
620	1	478.201	23395.7	23385.2	10.5029	471	595	229	1	0.0001 Colloc0 471 3223 0.0749534 115.531
630	1	485.953	23447.2	23436.2	11.0519	472	597	227	2	0.0001 Colloc0 472 3237 0.00478302 146.753
640	1	493.454	23409.7	23398.7	10.9242	480	619	205	2	0.0001 Colloc0 480 3239 0.0528439 139.21
650	1	501.268	23413.3	23402.6	10.6776	462	609	215	1	0.0001 Colloc0 462 3249 0.0416157 125.114
660	1	509.079	23371.7	23360.5	11.1701	472	621	203	2	0.0001 Colloc0 472 3238 0.0455507 153.88
670	1	516.877	23356.3	23346.3	9.97419	470	604	220	1	0.0001 Colloc0 470 3230 0.182962 88.7592
680	1	524.62	23317.9	23306.8	11.0668	466	634	190	1	0.0001 Colloc0 466 3229 0.00842897 147.641
690	1	532.45	23429.8	23419.2	10.6879	475	595	229	2	0.0001 Colloc0 475 3223 0.0336107 125.692
700	1	540.227	23336.2	23325.2	10.9519	471	624	200	1	0.0001 Colloc0 471 3214 0.0459515 140.829
710	1	548.102	23375	23364.2	10.8514	477	619	205	2	0.0001 Colloc0 477 3206 0.0393904 134.978
720	1	555.902	23399.9	23388.7	11.1647	480	590	234	2	0.0001 Colloc0 480 3236 0.0180938 153.549
730	1	563.743	23502	23491.1	10.942	482	593	231	2	0.0001 Colloc0 482 3240 0.050231 140.25
740	1	571.45	23332.7	23321.4	11.3208	479	612	212	1	0.0001 Colloc0 479 3232 0.0167048 163.153
750	1	579.133	23385.2	23374.4	10.798	469	607	217	2	0.0001 Colloc0 469 3232 0.026177 131.912
760	1	586.861	23359.2	23348.2	11.0386	487	637	187	2	0.0001 Colloc0 487 3231 0.00864307 145.957
770	1	594.487	23594	23582.9	11.0982	487	560	264	1	0.0001 Colloc0 487 3237 0.00305598 149.524
780	1	601.867	23360.2	23349.1	11.0534	475	615	209	1	0.0001 Colloc0 475 3223 0.00933249 146.84
790	1	609.348	23387.3	23376.5	10.7924	468	596	228	2	0.0001 Colloc0 468 3244 0.0426278 131.592
800	1	616.788	23384.1	23372.9	11.2229	473	618	206	3	0.0001 Colloc0 473 3240 0.0232926 157.102
810	1	624.15	23480.2	23469.1	11.0977	481	605	219	0	0.0001 Colloc0 481 3249 0.0152213 149.496
820	1	631.825	23523.4	23512.5	10.8911	472	584	240	1	0.0001 Colloc0 472 3247 0.0372912 137.28
830	1	639.605	23319.7	23308.6	11.1364	470	621	203	0	0.0001 Colloc0 470 3213 0.0288737 151.833
840	1	647.321	23513.7	23502.5	11.2224	485	565	259	2	0.0001 Colloc0 485 3227 0.0121213 157.075
850	1	655.052	23352.2	23341	11.1766	475	625	199	1	0.0001 Colloc0 475 3225 0.0173061 154.271
860	1	662.819	23401.6	23390.5	11.1269	480	602	222	1	0.0001 Colloc0 480 3227 0.026941 151.256
870	1	670.379	23392.4	23381.2	11.1731	479	602	222	1	0.0001 Colloc0 479 3236 0.00699028 154.059
880	1	677.85	23459.4	23448.8	10.6322	478	588	236	2	0.0001 Colloc0 478 3228 0.0750903 122.591
890	1	685.28	23473.8	23462.9	10.9416	481	584	240	2	0.0001 Colloc0 481 3235 0.0114975 140.223
900	1	692.77	23412.9	23402.1	10.7667	473	598	226	1	0.0001 Colloc0 473 3239 0.0456844 130.133
910	1	700.515	23430.7	23419.6	11.0469	474	593	231	1	0.0001 Colloc0 474 3219 0.0143816 146.452
920	1	708.313	23433	23421.9	11.1596	473	602	222	1	0.0001 Colloc0 473 3224 0.00115506 153.238
930	1	715.885	23427.7	23416.7	11.0091	473	584	240	1	0.0001 Colloc0 473 3238 0.0174418 144.206
940	1	723.684	23335.9	23325.2	10.6989	464	600	224	1	0.0001 Colloc0 464 3230 0.0632956 126.304
950	1	731.484	23355.1	23344.3	10.8855	459	605	219	3	0.0001 Colloc0 459 3230 0.041526 136.95
960	1	739.304	23405.9	23395.2	10.7094	470	593	231	3	0.0001 Colloc0 470 3205 0.0356686 126.894
970	1	747.147	23532.4	23521.5	10.837	470	575	249	2	0.0001 Colloc0 470 3240 0.0240659 134.147
980	1	754.909	23412.5	23402.1	10.4318	486	598	226	1	0.0001 Colloc0 486 3217 0.12283 111.731
990	1	762.738	23351.1	23340	11.0914	471	606	218	1	0.0001 Colloc0 471 3206 0.0184522 149.116
1000	1	770.449	23249.2	23238.1	11.0821	471	627	197	2	0.0001 Colloc0 471 3208 0.00288133 148.562
1010	1	778.073	23330.9	23320	10.9693	469	611	213	2	0.0001 Colloc0 469 3206 0.00670516 141.855
1020	1	785.927	23367.8	23356.6	11.2511	480	609	215	1	0.0001 Colloc0 480 3226 0.00301568 158.839
1030	1	793.616	23300.2	23289.1	11.1608	454	634	190	2	0.0001 Colloc0 454 3217 0.0246089 153.314
1040	1	801.379	23360.7	23349.8	10.976	486	587	237	2	0.0001 Colloc0 486 3212 0.0350839 142.25
1050	1	809.097	23294.5	23283.4	11.1648	480	629	195	2	0.0001 Colloc0 480 3223 0.021966 153.555
1060	1	816.912	23346.1	23335	11.0917	474	619	205	3	0.0001 Colloc0 474 3227 0.0245735 149.139
1070	1	824.718	23278.1	23266.9	11.1694	479	636	188	3	0.0001 Colloc0 479 3204 0.0381825 153.837
1080	1	832.44	23290.8	23279.9	10.9662	470	608	216	3	0.0001 Colloc0 470 3212 0.0139241 141.67
1090	1	840.007	23304.8	23293.7	11.0366	477	612	212	1	0.0001 Colloc0 477 3220 0.00333485 145.841
1100	1	847.349	23279.8	23268.8	11.0171	477	633	191	2	0.0001 Colloc0 477 3216 0.0243186 144.681
1110	1	854.857	23305.1	23294.2	10.829	474	634	190	2	0.0001 Colloc0 474 3211 0.0145472 133.688
1120	1	862.401	23226.7	23216	10.7932	459	639	185	2	0.0001 Colloc0 459 3218 0.022946 131.641
1130	1	870.034	23232.5	23221.5	10.9626	455	616	208	2	0.0001 Colloc0 455 3212 0.000830766 141.457
1140	1	877.668	23378.8	23367.4	11.3597	473	597	227	1	0.0001 Colloc0 473 3209 0.0184293 165.579
1150	1	885.378	23343.7	23332.8	10.8567	475	584	240	2	0.0001 Colloc0 475 3210 0.0315695 135.288
1160	1	892.726	23307.4	23296.6	10.8518	455	601	223	1	0.0001 Colloc0 455 3225 0.0132869 135.004
1170	1	900.168	23335.3	23324.1	11.2054	468	594	230	2	0.0001 Colloc0 468 3204 0.00750202 156.031
1180	1	907.982	23311.1	23300	11.1685	466	607	217	1	0.0001 Colloc0 466 3215 0.00372471 153.783
1190	1	915.711	23303	23292.2	10.7964	471	613	211	1	0.0001 Colloc0 471 3230 0.043098 131.82
1200	1	923.529	23292.6	23281.7	10.9056	467	639	185	2	0.0001 Colloc0 467 3230 0.0286623 138.122
1210	1	931.258	23317.1	23306.1	11.0535	473	604	220	2	0.0001 Colloc0 473 3198 0.0219246 146.846
1220	1	938.977	23322.7	23311.9	10.8011	468	625	199	2	0.0001 Colloc0 468 3213 0.0338085 132.092
1230	1	946.732	23264.4	23253.7	10.6956	459	646	178	1	0.0001 Colloc0 459 3210 0.0375971 126.123
1240	1	954.476	23314.4	23303.3	11.1612	477	607	217	1	0.0001 Colloc0 477 3204 0.0097701 153.334
1250	1	962.266	23291.1	23280.2	10.9695	476	610	214	1	0.0001 Colloc0 476 3191 0.0307262 141.863
1260	1	970.232	23332.1	23321.1	10.9941	472	609	215	1	0.0001 Colloc0 472 3207 0.0212129 143.314
1270	1	977.989	23361.3	23350	11.2834	485	608	216	0	0.0001 Colloc0 485 3215 0.0168253 160.834
1280	1	985.83	23165	23154.3	10.7052	473	647	177	1	0.0001 Colloc0 473 3186 0.0712558 126.661
1290	1	993.669	23307.6	23296.3	11.27	481	614	210	0	0.0001 Colloc0 481 3194 0.00436771 160.004
1300	1	1001.44	23293.9	23283	10.905	474	604	220	1	0.0001 Colloc0 474 3178 0.025495 138.086
1310	1	1009.15	23173.4	23162.6	10.7329	475	641	183	1	0.0001 Colloc0 475 3183 0.0820074 128.217
1320	1	1016.85	23160.3	23149.5	10.8544	475	635	189	0	0.0001 Colloc0 475 3182 0.0544374 135.154
1330	1	1024.55	23198.1	23187	11.0957	484	637	187	2	0.0001 Colloc0 484 3182 0.00980177 149.377
1340	1	1032.28	23314.2	23303.1	11.0894	481	607	217	1	0.0001 Colloc0 481 3180 0.0182914 149
1350	1	1039.98	23239	23227.9	11.075	477	636	188	2	0.0001 Colloc0 477 3169 0.0718408 148.131
1360	1	1047.69	23229.2	23218.3	10.9775	478	631	193	1	0.0001 Colloc0 478 3180 0.0252159 142.338
1370	1	1055.47	23251.1	23240.7	10.4314	477	620	204	2	0.0001 Colloc0 477 3183 0.108177 111.711
1380	1	1063.34	23201.7	23190.9	10.7265	472	622	202	1	0.0001 Colloc0 472 3181 0.0813977 127.856
1390	1	1070.8	23205.4	23194.7	10.7288	473	629	195	2	0.0001 Colloc0 473 3184 0.0963414 127.985
1400	1	1078.12	23289	23277.9	11.058	477	613	211	1	0.0001 Colloc0 477 3194 0.017971 147.116
1410	1	1085.54	23181	23170.4	10.6828	480	610	214	2	0.0001 Colloc0 480 3167 0.0634774 125.406
1420	1	1092.93	23252.6	23241.5	11.1399	489	622	202	1	0.0001 Colloc0 489 3171 0.0128149 152.041
1430	1	1100.34	23238.6	23227.2	11.4151	484	611	213	1	0.0001 Colloc0 484 3170 0.0136328 169.062
1440	1	1107.91	23256.7	23245.7	10.9338	490	625	199	2	0.0001 Colloc0 490 3147 0.0287319 139.77
1450	1	1115.61	23323.4	23312.3	11.0594	476	587	237	3	0.0001 Colloc0 476 3182 0.018268 147.199
1460	1	1123.37	23298.6	23287.6	11.0137	480	596	228	2	0.0001 Colloc0 480 3176 0.0113174 144.478
1470	1	1131.06	23218.1	23207.5	10.5665	475	608	216	1	0.0001 Colloc0 475 3173 0.0845863 118.978
1480	1	1138.71	23207.4	23196.1	11.3021	482	629	195	0	0.0001 Colloc0 482 3161 0.0136636 161.99
1490	1	1146.41	23200.9	23190.2	10.7611	472	627	197	2	0.0001 Colloc0 472 3162 0.0539462 129.814
1500	1	1154.27	23170	23159	11.0264	466	641	183	1	0.0001 Colloc0 466 3167 0.0010716 145.233
1510	1	1161.87	23250.6	23239.7	10.8676	465	619	205	0	0.0001 Colloc0 465 3174 0.0663999 135.916
1520	1	1169.67	23214.3	23203.5	10.7738	478	613	211	2	0.0001 Colloc0 478 3163 0.0448878 130.534
1530	1	1177.42	23225.2	23214.4	10.8121	478	620	204	0	0.0001 Colloc0 478 3166 0.0404899 132.72
1540	1	1185.2	23192.4	23181.3	11.0151	484	623	201	1	0.0001 Colloc0 484 3162 0.0661211 144.558
1550	1	1193.06	23309.6	23298.3	11.3075	494	579	245	1	0.0001 Colloc0 494 3156 0.00768965 162.326
1560	1	1200.83	23155.3	23144.1	11.2212	477	630	194	2	0.0001 Colloc0 477 3156 0.00483113 156.998
1570	1	1208.62	23289.2	23278.3	10.8905	480	595	229	1	0.0001 Colloc0 480 3147 0.0257114 137.245
1580	1	1216.51	23244.2	23233.3	10.9145	481	594	230	0	0.0001 Colloc0 481 3154 0.0263219 138.638
1590	1	1224.26	23157.4	23147.1	10.2833	458	634	190	0	0.0001 Colloc0 458 3158 0.101571 103.992
1600	1	1232.06	23186.1	23174.8	11.2458	478	625	199	0	0.0001 Colloc0 478 3158 0.0060575 158.509
1610	1	1239.67	23202.2	23191.1	11.1221	488	623	201	0	0.0001 Colloc0 488 3159 0.0222908 150.968
1620	1	1247.38	23143.4	23132.4	11.0103	481	642	182	1	0.0001 Colloc0 481 3151 0.0375445 144.274
1630	1	1254.97	23151	23139.8	11.211	483	646	178	0	0.0001 Colloc0 483 3163 0.000756889 156.373
1640	1	1262.69	23141.2	23130.1	11.1281	481	648	176	0	0.0001 Colloc0 481 3144 0.0307499 151.33
1650	1	1270.44	23100.4	23089.6	10.7824	471	658	166	0	0.0001 Colloc0 471 3154 0.0873667 131.026
1660	1	1278.16	23094.7	23083.5	11.1705	462	631	193	2	0.0001 Colloc0 462 3140 0.010951 153.902
1670	1	1285.95	23109.9	23098.9	10.9709	471	645	179	0	0.0001 Colloc0 471 3160 0.0481606 141.947
1680	1	1293.46	23177.2	23166.5	10.7245	491	624	200	2	0.0001 Colloc0 491 3129 0.106687 127.742
1690	1	1301.24	23195.6	23184.8	10.7873	474	602	222	1	0.0001 Colloc0 474 3162 0.00884693 131.303
1700	1	1309.01	23270.3	23259.4	10.9262	477	583	241	1	0.0001 Colloc0 477 3167 0.0368976 139.322
1710	1	1316.75	23139.1	23128.1	11.0389	470	627	197	1	0.0001 Colloc0 470 3140 0.0217796 145.973
1720	1	1324.31	23155.7	23144.9	10.8758	474	608	216	1	0.0001 Colloc0 474 3154 0.0151365 136.392
1730	1	1332.19	23189	23178.7	10.3155	489	618	206	0	0.0001 Colloc0 489 3149 0.148576 105.647
1740	1	1340.03	23142	23130.7	11.3155	474	626	198	1	0.0001 Colloc0 474 3140 0.00510798 162.821
1750	1	1347.59	23129.5	23118.5	10.9938	470	621	203	0	0.0001 Colloc0 470 3135 0.00411037 143.3
1760	1	1355.27	23110.6	23099.7	10.8362	471	640	184	0	0.0001 Colloc0 471 3132 0.032493 134.102
1770	1	1363.04	23078.9	23067.6	11.2772	470	654	170	1	0.0001 Colloc0 470 3126 0.00192437 160.449
1780	1	1370.77	23111.5	23100.9	10.645	476	627	197	1	0.0001 Colloc0 476 3132 0.0907382 123.3
1790	1	1378.47	23177.8	23166.9	10.8583	492	622	202	0	0.0001 Colloc0 492 3160 0.0577882 135.38
1800	1	1386.23	23131.1	23120.1	10.9909	482	631	193	3	0.0001 Colloc0 482 3149 0.00959942 143.128
1810	1	1393.96	23221.8	23211	10.8429	468	612	212	0	0.0001 Colloc0 468 3160 0.0347581 134.487
1820	1	1401.75	23213.7	23202.9	10.8154	483	613	211	3	0.0001 Colloc0 483 3159 0.0450018 132.912
1830	1	1409.45	23141.9	23130.9	11.0425	469	600	224	0	0.0001 Colloc0 469 3150 0.0251558 146.19
1840	1	1417.18	23184.7	23173.4	11.2669	476	621	203	1	0.0001 Colloc0 476 3160 0.00434782 159.811
1850	1	1424.85	23153.3	23142.4	10.844	465	627	197	1	0.0001 Colloc0 465 3154 0.0356556 134.555
1860	1	1432.53	23226.1	23215.2	10.9073	470	589	235	0	0.0001 Colloc0 470 3153 0.0228068 138.218
1870	1	1440.17	23090.2	23079.6	10.599	481	635	189	2	0.0001 Colloc0 481 3146 0.105798 120.758
1880	1	1447.88	23224.3	23213.1	11.1923	488	594	230	3	0.0001 Colloc0 488 3119 0.0312224 155.229
1890	1	1455.53	23235.4	23224.3	11.0365	498	551	273	1	0.0001 Colloc0 498 3128 0.0540032 145.836
1900	1	1463.09	23044.4	23033.5	10.8928	475	616	208	0	0.0001 Colloc0 475 3149 0.0292221 137.378
1910	1	1470.96	23022.9	23012	10.9238	476	620	204	0	0.0001 Colloc0 476 3125 0.0446331 139.181
1920	1	1478.67	23094.8	23083.6	11.1573	477	611	213	0	0.0001 Colloc0 477 3128 0.0130809 153.099
1930	1	1486.34	23119.9	23109.2	10.6176	489	589	235	0	0.0001 Colloc0 489 3123 0.101131 121.783
1940	1	1493.83	23160.4	23149.2	11.1232	475	544	280	1	0.0001 Colloc0 475 3131 0.00773833 151.033
1950	1	1501.34	23110.8	23099.4	11.3791	481	586	238	0	0.0001 Colloc0 481 3136 0.0109353 166.795
1960	1	1508.72	23097.6	23086.7	10.9573	471	603	221	1	0.0001 Colloc0 471 3126 0.0213726 141.145
1970	1	1516.31	23050.5	23039.3	11.126	476	601	223	2	0.0001 Colloc0 476 3133 0.00419936 151.203
1980	1	1524.09	23046.5	23035.6	10.9571	471	612	212	1	0.0001 Colloc0 471 3130 0.0123256 141.136
1990	1	1531.9	23112.4	23101.5	10.8956	470	608	216	1	0.0001 Colloc0 470 3146 0.0236627 137.541
2000	1	1539.7	23054.7	23043.4	11.3178	486	625	199	0	0.0001 Colloc0 486 3133 0.0168352 162.964
