# D = 0, E = 1, I = 1, P = 1, R = -1, n = 2000, N = 1, P = 1, w = 1, a = 0.0001, b = 10000, e = 1, f = 1, g = 100, h = 0.01, r = 9964, s = 1, S = 0, x = 10, m = 100, Z = 1, z = 0, T = 1, t = 1
# 8673 tokens in 824 sentences
#
# It	Temp	Time	-logP	-logPcorpus	-logPrior	tables	same	changed	reject	default_pya	(parent pym pyn pya pyb)*
0	1	0.640902	32981.5	32867.7	113.764	2055	0	824	0	0.0001 Colloc0 2055 3546 0.0001 10000
10	1	9.8535	25357.7	25345.8	11.9204	610	373	451	1	0.0001 Colloc0 610 3324 0.00775684 201.977
20	1	18.3242	24882	24870.4	11.5381	554	451	373	1	0.0001 Colloc0 554 3306 0.00936469 176.88
30	1	26.57	24396	24384.8	11.1921	509	508	316	1	0.0001 Colloc0 509 3307 0.00646341 155.218
40	1	34.9167	24183.9	24172.6	11.3428	510	524	300	2	0.0001 Colloc0 510 3293 0.033977 164.521
50	1	42.9725	24097.3	24085.9	11.4465	510	518	306	2	0.0001 Colloc0 510 3268 0.0172837 171.048
60	1	51.2842	24098.1	24086.7	11.4099	506	526	298	1	0.0001 Colloc0 506 3278 0.00816927 168.731
70	1	59.187	23992.8	23981.7	11.1791	510	536	288	2	0.0001 Colloc0 510 3259 0.0197237 154.423
80	1	67.4207	23997.5	23986.1	11.3758	520	538	286	1	0.0001 Colloc0 520 3249 0.0182132 166.591
90	1	75.7665	23939.6	23928.3	11.3798	509	541	283	1	0.0001 Colloc0 509 3257 0.0158393 166.838
100	1	84.0332	23766.6	23755.6	11.0057	490	560	264	3	0.0001 Colloc0 490 3250 0.0317698 144.003
110	1	92.403	23849.6	23838.7	10.8562	507	523	301	2	0.0001 Colloc0 507 3237 0.0492101 135.257
120	1	100.776	23843.1	23831.9	11.2611	488	503	321	2	0.0001 Colloc0 488 3241 0.0124319 159.455
130	1	109.075	23800	23789	11.0582	506	542	282	0	0.0001 Colloc0 506 3208 0.0297569 147.126
140	1	117.278	23838.7	23827.4	11.227	494	539	285	0	0.0001 Colloc0 494 3232 0.0249514 157.357
150	1	125.519	23714.5	23703.6	10.8864	501	571	253	1	0.0001 Colloc0 501 3224 0.0806952 137.006
160	1	133.648	23722.7	23711.4	11.3305	498	555	269	0	0.0001 Colloc0 498 3214 0.000453025 163.756
170	1	141.692	23613.5	23602.5	11.0564	487	596	228	1	0.0001 Colloc0 487 3223 0.000825214 147.018
180	1	150.165	23647.2	23635.7	11.4546	489	569	255	1	0.0001 Colloc0 489 3213 0.0179262 171.556
190	1	158.615	23589.1	23578.1	11.0077	485	586	238	1	0.0001 Colloc0 485 3215 0.0183267 144.12
200	1	166.738	23607.1	23595.8	11.3314	499	589	235	1	0.0001 Colloc0 499 3224 0.0117945 163.812
210	1	175.18	23604.3	23593.4	10.9837	510	580	244	1	0.0001 Colloc0 510 3206 0.0408098 142.699
220	1	183.574	23629	23617.7	11.2717	495	560	264	1	0.0001 Colloc0 495 3213 0.0341835 160.105
230	1	191.962	23617.6	23606.3	11.2783	485	571	253	0	0.0001 Colloc0 485 3201 0.0101187 160.517
240	1	200.254	23538.2	23527.1	11.0908	477	588	236	0	0.0001 Colloc0 477 3215 0.0395382 149.079
250	1	208.577	23584.1	23572.8	11.2273	487	570	254	1	0.0001 Colloc0 487 3213 0.0209918 157.374
260	1	216.698	23635.5	23624.2	11.2954	493	552	272	1	0.0001 Colloc0 493 3205 0.0158794 161.574
270	1	224.902	23491.6	23480.4	11.2011	474	596	228	1	0.0001 Colloc0 474 3190 0.0112045 155.767
280	1	233.24	23502.2	23490.9	11.2456	485	594	230	1	0.0001 Colloc0 485 3203 0.000889327 158.501
290	1	241.523	23426.4	23415.3	11.0759	465	613	211	0	0.0001 Colloc0 465 3205 0.00537619 148.189
300	1	249.692	23634.8	23624	10.7435	490	564	260	1	0.0001 Colloc0 490 3217 0.0509252 128.815
310	1	257.691	23525.5	23515	10.4864	485	584	240	1	0.0001 Colloc0 485 3185 0.0729703 114.644
320	1	265.956	23519.2	23508.2	10.9385	490	604	220	0	0.0001 Colloc0 490 3208 0.00238643 140.045
330	1	274.289	23519.3	23508.1	11.1787	490	585	239	0	0.0001 Colloc0 490 3191 0.00983434 154.402
340	1	282.577	23508.7	23497.8	10.8573	495	576	248	0	0.0001 Colloc0 495 3186 0.0569551 135.321
350	1	290.883	23494.8	23483.4	11.4186	491	591	233	1	0.0001 Colloc0 491 3200 0.0208053 169.282
360	1	299.119	23482	23471	11.0003	487	578	246	1	0.0001 Colloc0 487 3172 0.00620141 143.686
370	1	307.42	23447.8	23436.7	11.1266	488	599	225	3	0.0001 Colloc0 488 3165 0.0431066 151.241
380	1	315.493	23391.8	23381.1	10.7365	487	613	211	0	0.0001 Colloc0 487 3176 0.0335702 128.422
390	1	323.538	23451.4	23440.3	11.0848	489	605	219	1	0.0001 Colloc0 489 3179 0.0374817 148.719
400	1	331.921	23377.9	23366.8	11.0938	486	607	217	1	0.0001 Colloc0 486 3166 0.0336327 149.261
410	1	340.253	23458.8	23447.6	11.2348	484	596	228	0	0.0001 Colloc0 484 3172 0.00269383 157.833
420	1	348.28	23414.3	23403.3	10.9283	480	609	215	1	0.0001 Colloc0 480 3184 0.0237562 139.448
430	1	356.613	23411.9	23400.6	11.2591	490	586	238	1	0.0001 Colloc0 490 3169 0.000847513 159.332
440	1	364.852	23512.3	23501.4	10.8755	500	583	241	0	0.0001 Colloc0 500 3176 0.0500044 136.374
450	1	373.111	23391.8	23380.7	11.0946	484	582	242	0	0.0001 Colloc0 484 3180 0.000824277 149.31
460	1	381.057	23422.1	23411.1	11.0363	490	577	247	0	0.0001 Colloc0 490 3176 0.0378013 145.819
470	1	388.832	23403.2	23391.8	11.3518	486	591	233	1	0.0001 Colloc0 486 3161 0.00689728 165.084
480	1	396.701	23298.4	23287.4	11.0331	473	595	229	1	0.0001 Colloc0 473 3163 0.0249739 145.633
490	1	405.013	23314.6	23303.6	10.9811	484	616	208	2	0.0001 Colloc0 484 3168 0.0223896 142.551
500	1	413.354	23350.4	23339.3	11.1153	487	609	215	1	0.0001 Colloc0 487 3152 0.00793782 150.556
510	1	421.663	23408.3	23396.8	11.4845	484	595	229	2	0.0001 Colloc0 484 3169 0.0328714 173.461
520	1	429.987	23244.7	23233.4	11.3085	482	590	234	0	0.0001 Colloc0 482 3158 0.0111828 162.388
530	1	438.18	23229.6	23218.5	11.0614	481	605	219	1	0.0001 Colloc0 481 3162 0.0744079 147.321
540	1	446.536	23257.3	23246.4	10.8649	473	608	216	1	0.0001 Colloc0 473 3173 0.0484021 135.761
550	1	454.877	23349.9	23338.8	11.1143	483	582	242	1	0.0001 Colloc0 483 3163 0.00688262 150.497
560	1	463.226	23382.6	23371.4	11.1828	482	562	262	2	0.0001 Colloc0 482 3155 0.00610167 154.654
570	1	471.549	23239.1	23228.3	10.8087	482	608	216	1	0.0001 Colloc0 482 3161 0.0777194 132.527
580	1	479.702	23272.7	23261.5	11.144	477	581	243	1	0.0001 Colloc0 477 3167 0.00134271 152.294
590	1	487.803	23195.1	23184	11.1321	464	605	219	0	0.0001 Colloc0 464 3169 0.00279468 151.574
600	1	495.79	23334.5	23323.6	10.904	474	585	239	1	0.0001 Colloc0 474 3174 0.00245136 138.026
610	1	503.912	23395.7	23384.3	11.3629	489	570	254	3	0.0001 Colloc0 489 3169 0.0201326 165.778
620	1	511.721	23319.3	23308.5	10.7466	478	577	247	3	0.0001 Colloc0 478 3167 0.0737016 128.992
630	1	519.517	23195.3	23184.4	10.8989	466	616	208	0	0.0001 Colloc0 466 3160 0.0520243 137.731
640	1	527.406	23133.4	23122.4	10.9978	470	593	231	0	0.0001 Colloc0 470 3150 0.0184468 143.534
650	1	535.153	23296.7	23285.7	10.9655	488	585	239	1	0.0001 Colloc0 488 3174 0.040825 141.629
660	1	543.414	23175.2	23164.3	10.9367	472	592	232	1	0.0001 Colloc0 472 3149 0.0393497 139.94
670	1	551.226	23348.7	23337.7	11.0215	478	569	255	0	0.0001 Colloc0 478 3172 0.0174511 144.941
680	1	559.356	23190.6	23179.4	11.1265	476	614	210	0	0.0001 Colloc0 476 3172 0.0286222 151.234
690	1	567.37	23229.3	23218.4	10.909	476	588	236	2	0.0001 Colloc0 476 3152 0.0493903 138.322
700	1	575.133	23230.4	23219.5	10.8153	466	594	230	2	0.0001 Colloc0 466 3148 0.0432048 132.905
710	1	583.163	23205	23194.3	10.7101	467	583	241	2	0.0001 Colloc0 467 3124 0.0425531 126.934
720	1	591.058	23174.2	23163.2	10.9849	473	616	208	2	0.0001 Colloc0 473 3148 0.0267491 142.773
730	1	599.209	23308.1	23296.5	11.534	487	562	262	4	0.0001 Colloc0 487 3163 0.0313727 176.62
740	1	607.658	23285.2	23274.2	10.9116	484	560	264	0	0.0001 Colloc0 484 3152 0.0297793 138.473
750	1	615.929	23196.4	23185.3	11.0585	471	580	244	0	0.0001 Colloc0 471 3171 0.00220829 147.144
760	1	624.015	23227.9	23217.1	10.7918	474	578	246	1	0.0001 Colloc0 474 3161 0.061092 131.562
770	1	632.343	23192.1	23181	11.063	469	593	231	0	0.0001 Colloc0 469 3144 0.00518427 147.412
780	1	640.62	23316.8	23306	10.8377	483	565	259	0	0.0001 Colloc0 483 3153 0.0589353 134.188
790	1	648.963	23250.2	23239.2	10.9353	472	592	232	1	0.0001 Colloc0 472 3150 0.0300475 139.856
800	1	657.175	23169	23157.9	11.1224	481	624	200	0	0.0001 Colloc0 481 3152 0.00114571 150.983
810	1	665.432	23156.9	23146	10.8805	470	601	223	0	0.0001 Colloc0 470 3147 0.058587 136.662
820	1	673.555	23164.7	23153.6	11.1108	468	589	235	1	0.0001 Colloc0 468 3142 0.0115851 150.284
830	1	681.894	23192.5	23181.5	10.9495	483	607	217	2	0.0001 Colloc0 483 3154 0.0256346 140.689
840	1	690.117	23129.7	23118.6	11.0431	476	595	229	0	0.0001 Colloc0 476 3139 0.0253028 146.229
850	1	698.294	23270.9	23259.8	11.1334	486	583	241	0	0.0001 Colloc0 486 3129 0.0334404 151.649
860	1	706.63	23131.1	23120.2	10.9696	468	609	215	1	0.0001 Colloc0 468 3146 0.0285571 141.873
870	1	714.753	23150.6	23139.4	11.1482	475	601	223	0	0.0001 Colloc0 475 3149 0.0136952 152.549
880	1	722.874	23278.2	23267.4	10.7651	488	563	261	1	0.0001 Colloc0 488 3139 0.0579088 130.042
890	1	731.078	23131.6	23121.1	10.5296	468	585	239	1	0.0001 Colloc0 468 3150 0.0319951 116.976
900	1	739.426	22961.1	22950.4	10.718	452	650	174	1	0.0001 Colloc0 452 3131 0.03424 127.377
910	1	747.754	23072	23061	10.9867	473	623	201	0	0.0001 Colloc0 473 3147 0.0353103 142.879
920	1	756.071	23120.1	23109.1	11.0409	467	613	211	1	0.0001 Colloc0 467 3155 0.0169368 146.095
930	1	764.506	23142.9	23131.9	10.9955	483	593	231	3	0.0001 Colloc0 483 3120 0.0184452 143.401
940	1	772.736	23122.8	23111.9	10.911	471	590	234	1	0.0001 Colloc0 471 3129 0.0155895 138.435
950	1	780.954	23003.7	22993.2	10.5255	461	627	197	1	0.0001 Colloc0 461 3121 0.0636742 116.749
960	1	788.843	23065	23054.5	10.4568	462	609	215	0	0.0001 Colloc0 462 3137 0.0932899 113.062
970	1	796.713	23068.1	23056.9	11.1846	468	600	224	1	0.0001 Colloc0 468 3120 0.00354574 154.76
980	1	804.87	23086.6	23075.4	11.2053	475	595	229	2	0.0001 Colloc0 475 3126 0.0287905 156.022
990	1	813.044	23111.9	23100.8	11.1421	474	596	228	0	0.0001 Colloc0 474 3135 0.0221091 152.179
1000	1	821.152	23122.4	23111.5	10.8827	479	599	225	0	0.0001 Colloc0 479 3125 0.0487214 136.792
1010	1	829.55	23011.6	23000.9	10.6412	473	628	196	1	0.0001 Colloc0 473 3135 0.0818006 123.088
1020	1	837.849	23141.9	23130.7	11.1341	471	607	217	2	0.0001 Colloc0 471 3139 0.00360958 151.696
1030	1	846.212	23207.6	23196.4	11.2423	482	579	245	2	0.0001 Colloc0 482 3131 0.0262009 158.297
1040	1	854.478	23158	23146.8	11.2627	495	587	237	0	0.0001 Colloc0 495 3138 0.0456851 159.553
1050	1	862.646	23052.7	23041.7	11.0233	478	610	214	0	0.0001 Colloc0 478 3121 0.0321083 145.05
1060	1	870.83	23086.4	23075.3	11.0891	470	610	214	0	0.0001 Colloc0 470 3154 0.00116189 148.981
1070	1	879.112	23080	23068.9	11.1307	473	601	223	0	0.0001 Colloc0 473 3134 0.0513585 151.484
1080	1	887.488	23130.5	23119.3	11.1402	476	591	233	1	0.0001 Colloc0 476 3146 0.0296897 152.06
1090	1	895.79	23045.7	23034.6	11.0412	471	611	213	1	0.0001 Colloc0 471 3122 0.00242511 146.111
1100	1	904.096	23074.5	23063.8	10.6972	484	614	210	0	0.0001 Colloc0 484 3135 0.0969604 126.21
1110	1	912.389	23093.4	23082.4	10.9633	487	596	228	0	0.0001 Colloc0 487 3128 0.0509424 141.502
1120	1	920.649	23029.1	23018.3	10.7644	463	604	220	1	0.0001 Colloc0 463 3140 0.0395714 129.998
1130	1	929.044	23041.5	23030.5	10.986	475	635	189	1	0.0001 Colloc0 475 3122 0.049329 142.84
1140	1	937.161	23019.6	23008.4	11.121	474	637	187	1	0.0001 Colloc0 474 3132 0.00721163 150.898
1150	1	945.275	23036.5	23025.6	10.9194	468	626	198	1	0.0001 Colloc0 468 3148 0.026123 138.926
1160	1	953.656	23046	23034.7	11.2264	474	616	208	0	0.0001 Colloc0 474 3121 0.0152808 157.317
1170	1	961.902	23062.2	23051.3	10.9125	480	617	207	0	0.0001 Colloc0 480 3132 0.0338669 138.523
1180	1	970.003	23075	23064.1	10.9566	477	627	197	0	0.0001 Colloc0 477 3151 0.029724 141.106
1190	1	978.025	23041.3	23030.3	10.972	483	625	199	0	0.0001 Colloc0 483 3116 0.0420893 142.012
1200	1	985.736	23062.5	23051.4	11.1637	469	615	209	0	0.0001 Colloc0 469 3122 0.0279636 153.49
1210	1	993.795	23062	23051	11.0376	476	615	209	0	0.0001 Colloc0 476 3109 0.0361805 145.896
1220	1	1001.97	23020	23009	11.0067	477	645	179	0	0.0001 Colloc0 477 3105 0.0176689 144.065
1230	1	1010.29	22988.7	22977.6	11.0676	463	629	195	0	0.0001 Colloc0 463 3112 0.0181161 147.693
1240	1	1018.5	22982.8	22972.1	10.7211	471	628	196	4	0.0001 Colloc0 471 3111 0.0329805 127.55
1250	1	1026.59	23112.5	23101.5	10.9411	484	594	230	0	0.0001 Colloc0 484 3134 0.035957 140.194
1260	1	1034.78	22991.9	22981.1	10.838	472	619	205	1	0.0001 Colloc0 472 3097 0.0198515 134.208
1270	1	1043.16	23088.6	23077.6	10.9948	474	611	213	2	0.0001 Colloc0 474 3122 0.00317336 143.358
1280	1	1051.48	23090.1	23078.8	11.3117	466	588	236	1	0.0001 Colloc0 466 3116 0.0185705 162.59
1290	1	1059.72	23145.5	23134.7	10.8257	475	603	221	0	0.0001 Colloc0 475 3138 0.0552979 133.5
1300	1	1067.9	23090	23078.8	11.14	461	590	234	1	0.0001 Colloc0 461 3122 0.013006 152.048
1310	1	1076.21	23035.4	23024.3	11.1008	473	602	222	1	0.0001 Colloc0 473 3132 0.0382654 149.686
1320	1	1084.36	23151.9	23140.6	11.2352	488	602	222	0	0.0001 Colloc0 488 3142 0.0128371 157.859
1330	1	1092.41	23186.7	23175.8	10.9828	480	580	244	0	0.0001 Colloc0 480 3137 0.0546341 142.648
1340	1	1100.39	23188.2	23177	11.2765	482	561	263	2	0.0001 Colloc0 482 3144 0.000472938 160.408
1350	1	1108.44	23212.9	23201.9	10.9906	482	568	256	0	0.0001 Colloc0 482 3125 0.00229453 143.108
1360	1	1116.79	23070.1	23059.1	10.9985	469	587	237	1	0.0001 Colloc0 469 3144 0.0077579 143.579
1370	1	1125.04	23113.8	23102.6	11.1787	476	580	244	2	0.0001 Colloc0 476 3131 0.0139393 154.399
1380	1	1133.4	23199.9	23189.3	10.5931	478	569	255	0	0.0001 Colloc0 478 3128 0.0578472 120.439
1390	1	1141.8	23102.1	23091	11.0982	467	586	238	3	0.0001 Colloc0 467 3123 0.00321441 149.529
1400	1	1150.05	23155	23143.7	11.3078	496	579	245	0	0.0001 Colloc0 496 3115 0.00888848 162.347
1410	1	1158.39	23057.7	23046.5	11.1464	482	604	220	1	0.0001 Colloc0 482 3120 0.00324255 152.436
1420	1	1166.63	23111.1	23099.9	11.2334	483	605	219	1	0.0001 Colloc0 483 3113 0.0149218 157.749
1430	1	1174.61	23050.7	23039.5	11.1426	475	619	205	0	0.0001 Colloc0 475 3141 0.0369388 152.209
1440	1	1182.59	23033.9	23022.6	11.3249	478	616	208	0	0.0001 Colloc0 478 3117 0.00233218 163.411
1450	1	1191.09	23056.3	23044.9	11.3754	476	617	207	0	0.0001 Colloc0 476 3122 0.00365148 166.566
1460	1	1199.44	23096.5	23085.4	11.0757	482	621	203	0	0.0001 Colloc0 482 3120 0.0239771 148.173
1470	1	1207.65	23143.5	23132.3	11.1756	489	583	241	1	0.0001 Colloc0 489 3139 0.00602552 154.214
1480	1	1215.44	23071	23060	11.0553	483	605	219	1	0.0001 Colloc0 483 3127 0.00972726 146.958
1490	1	1223.7	23105.7	23094.6	11.1412	477	606	218	1	0.0001 Colloc0 477 3136 0.0200242 152.124
1500	1	1232.09	23101.4	23090.4	11.0051	474	606	218	0	0.0001 Colloc0 474 3136 0.0446431 143.965
1510	1	1240.49	23122.7	23111.3	11.3362	470	609	215	2	0.0001 Colloc0 470 3147 0.00167927 164.115
1520	1	1248.88	23110.7	23099.3	11.4707	484	599	225	1	0.0001 Colloc0 484 3126 0.00526839 172.579
1530	1	1257.09	23095.2	23084.2	10.9809	481	605	219	1	0.0001 Colloc0 481 3126 0.0481863 142.537
1540	1	1265.44	23089.5	23078.2	11.2754	473	604	220	0	0.0001 Colloc0 473 3158 0.0104955 160.339
1550	1	1273.75	23130.2	23119.4	10.8001	474	583	241	0	0.0001 Colloc0 474 3117 0.0636602 132.034
1560	1	1282.01	23129.4	23118.1	11.2693	481	577	247	1	0.0001 Colloc0 481 3112 0.0227026 159.957
1570	1	1290.38	23000.7	22989.8	10.9171	475	607	217	2	0.0001 Colloc0 475 3114 0.0305084 138.794
1580	1	1298.34	23061.4	23050.5	10.9469	481	606	218	2	0.0001 Colloc0 481 3113 0.0191819 140.534
1590	1	1306.67	23053.9	23042.9	11.0544	466	609	215	1	0.0001 Colloc0 466 3123 0.000283598 146.902
1600	1	1314.62	23043	23032	11.0455	466	628	196	0	0.0001 Colloc0 466 3123 0.0257979 146.367
1610	1	1322.77	23020.5	23009.4	11.1278	470	615	209	1	0.0001 Colloc0 470 3126 0.0297557 151.313
1620	1	1330.52	23099.8	23089.4	10.341	473	582	242	0	0.0001 Colloc0 473 3129 0.0761357 106.969
1630	1	1338.68	23026.8	23015.8	11.0395	465	601	223	3	0.0001 Colloc0 465 3116 0.0203265 146.009
1640	1	1346.79	23047.6	23036.6	10.9223	476	606	218	2	0.0001 Colloc0 476 3118 0.0504593 139.094
1650	1	1354.88	23067.5	23056.4	11.1128	464	603	221	0	0.0001 Colloc0 464 3145 0.0251578 150.406
1660	1	1363.03	23070.2	23059.3	10.848	469	607	217	2	0.0001 Colloc0 469 3128 0.0102596 134.784
1670	1	1371.29	22989.5	22978.5	11.0154	466	622	202	1	0.0001 Colloc0 466 3118 0.00607634 144.577
1680	1	1379.51	22994.3	22983.2	11.0742	460	632	192	2	0.0001 Colloc0 460 3130 0.0529463 148.087
1690	1	1387.66	23051.7	23040.8	10.9014	471	595	229	2	0.0001 Colloc0 471 3129 0.0191303 137.879
1700	1	1395.95	23065.9	23055	10.9235	473	592	232	0	0.0001 Colloc0 473 3127 0.0242681 139.164
1710	1	1404.05	23055.4	23044.3	11.1328	465	597	227	1	0.0001 Colloc0 465 3119 0.0191423 151.614
1720	1	1412.31	23120.2	23108.8	11.3904	477	606	218	0	0.0001 Colloc0 477 3121 0.0131542 167.505
1730	1	1420.53	23037.1	23026.1	11.0533	463	605	219	0	0.0001 Colloc0 463 3119 0.0295476 146.835
1740	1	1428.84	23100.9	23090.1	10.798	475	589	235	0	0.0001 Colloc0 475 3142 0.0120714 131.916
1750	1	1437.03	23156.5	23145.2	11.2236	480	578	246	0	0.0001 Colloc0 480 3132 0.00224696 157.143
1760	1	1445.35	23075.1	23064.1	10.9897	473	609	215	0	0.0001 Colloc0 473 3129 0.0448308 143.059
1770	1	1453.59	23057.9	23046.9	10.9818	468	619	205	0	0.0001 Colloc0 468 3135 0.0703107 142.591
1780	1	1461.81	22982.1	22971.3	10.794	480	645	179	0	0.0001 Colloc0 480 3123 0.0588303 131.684
1790	1	1469.68	23057	23046.2	10.706	476	606	218	1	0.0001 Colloc0 476 3134 0.0455289 126.704
1800	1	1477.81	22982.9	22972.1	10.7844	467	623	201	1	0.0001 Colloc0 467 3110 0.0695104 131.135
1810	1	1485.73	23068	23057.1	10.9212	472	603	221	1	0.0001 Colloc0 472 3133 0.00512835 139.034
1820	1	1493.81	23178.9	23167.9	11.0827	471	571	253	1	0.0001 Colloc0 471 3142 0.0230438 148.596
1830	1	1501.8	23031.4	23020.4	10.9148	479	613	211	0	0.0001 Colloc0 479 3127 0.0528048 138.656
1840	1	1510.03	22969.1	22958	11.0779	463	648	176	2	0.0001 Colloc0 463 3131 0.00110883 148.309
1850	1	1518.4	23016	23005.3	10.7786	481	626	198	2	0.0001 Colloc0 481 3113 0.0540372 130.809
1860	1	1526.66	23054.6	23043.6	11.0055	481	607	217	1	0.0001 Colloc0 481 3111 0.0523771 143.992
1870	1	1534.77	23056	23045.2	10.802	480	580	244	2	0.0001 Colloc0 480 3102 0.0229257 132.143
1880	1	1542.44	23036.5	23025.4	11.0094	474	605	219	0	0.0001 Colloc0 474 3101 0.0277274 144.225
1890	1	1550.36	23080.6	23069.6	10.9779	477	595	229	1	0.0001 Colloc0 477 3117 0.0439818 142.36
1900	1	1558.57	22910.6	22899.5	11.0805	460	625	199	1	0.0001 Colloc0 460 3102 0.0116707 148.462
1910	1	1566.61	23034.9	23023.5	11.3824	469	609	215	1	0.0001 Colloc0 469 3123 0.0138139 167.002
1920	1	1574.77	23016	23004.7	11.2533	480	592	232	1	0.0001 Colloc0 480 3123 0.0195413 158.973
1930	1	1582.59	23024.7	23014.1	10.6877	479	611	213	0	0.0001 Colloc0 479 3106 0.044518 125.677
1940	1	1590.43	23071.2	23060.1	11.0916	470	588	236	0	0.0001 Colloc0 470 3113 0.0224442 149.13
1950	1	1598.38	22906.2	22895.5	10.6444	463	633	191	1	0.0001 Colloc0 463 3090 0.0431174 123.267
1960	1	1606.13	22954.9	22943.9	10.9946	467	614	210	0	0.0001 Colloc0 467 3116 0.0225234 143.346
1970	1	1613.98	22943.8	22932.6	11.2734	475	631	193	1	0.0001 Colloc0 475 3095 0.0169142 160.214
1980	1	1621.98	23032.1	23020.9	11.1628	471	616	208	2	0.0001 Colloc0 471 3128 0.0135153 153.434
1990	1	1629.97	23035.1	23024	11.0696	466	607	217	1	0.0001 Colloc0 466 3142 0.00572669 147.808
2000	1	1638.06	23036.5	23025.3	11.2302	475	603	221	0	0.0001 Colloc0 475 3114 0.0139438 157.549
