# D = 0, E = 1, I = 1, P = 1, R = -1, n = 2000, N = 1, P = 1, w = 1, a = 0.0001, b = 10000, e = 1, f = 1, g = 100, h = 0.01, r = 20016, s = 1, S = 0, x = 10, m = 100, Z = 1, z = 0, T = 1, t = 1
# 6856 tokens in 266 sentences
#
# It	Temp	Time	-logP	-logPcorpus	-logPrior	tables	same	changed	reject	default_pya	(parent pym pyn pya pyb)*
0	1	1.05884	28221.3	28107.5	113.764	2462	0	266	0	0.0001 Colloc0 2462 3499 0.0001 10000
10	1	15.0907	21454	21441.7	12.3141	637	30	236	5	0.0001 Colloc0 637 2972 0.019646 228.941
20	1	28.7556	20872.1	20860.7	11.4337	583	39	227	5	0.0001 Colloc0 583 2897 0.144521 170.234
30	1	42.2086	20710.8	20699.2	11.6668	577	36	230	5	0.0001 Colloc0 577 2896 0.0530775 185.205
40	1	55.7645	20724.7	20713	11.6827	551	43	223	1	0.0001 Colloc0 551 2931 0.0467438 186.238
50	1	69.2025	20597.5	20586	11.4806	525	42	224	5	0.0001 Colloc0 525 2923 0.0264111 173.212
60	1	82.6184	20410.7	20399.1	11.5765	520	48	218	6	0.0001 Colloc0 520 2896 0.00696438 179.354
70	1	95.7544	20528.4	20517.2	11.1576	547	57	209	2	0.0001 Colloc0 547 2918 0.12926 153.118
80	1	109.164	20321.2	20310.5	10.7251	546	55	211	3	0.0001 Colloc0 546 2886 0.148043 127.779
90	1	122.729	20342.8	20331.4	11.3187	524	50	216	1	0.0001 Colloc0 524 2896 0.0330393 163.024
100	1	136.209	20466	20454	11.9938	563	46	220	3	0.0001 Colloc0 563 2913 0.0193773 206.924
110	1	149.829	20266.1	20254.9	11.1905	552	58	208	1	0.0001 Colloc0 552 2881 0.103741 155.121
120	1	163.226	20277.6	20266.1	11.4791	562	56	210	2	0.0001 Colloc0 562 2881 0.100092 173.114
130	1	177.135	20207.4	20195.9	11.4129	565	56	210	4	0.0001 Colloc0 565 2881 0.159165 168.924
140	1	190.59	20086.6	20075.4	11.196	510	65	201	1	0.0001 Colloc0 510 2900 0.0364104 155.459
150	1	204.086	20129.7	20118.5	11.1699	528	53	213	3	0.0001 Colloc0 528 2909 0.0811126 153.863
160	1	216.989	20085.5	20074.4	11.1313	526	63	203	3	0.0001 Colloc0 526 2900 0.0338335 151.522
170	1	230.482	20108.8	20097.6	11.2957	539	59	207	3	0.0001 Colloc0 539 2872 0.107548 161.593
180	1	243.654	19973.8	19962.9	10.9447	537	63	203	1	0.0001 Colloc0 537 2855 0.0988574 140.408
190	1	256.421	20165.5	20154.3	11.1548	560	54	212	3	0.0001 Colloc0 560 2856 0.171309 152.948
200	1	269.724	19979.6	19968.8	10.7746	540	63	203	3	0.0001 Colloc0 540 2855 0.18719 130.581
210	1	283.277	19765.2	19754.4	10.766	511	68	198	2	0.0001 Colloc0 511 2812 0.146245 130.089
220	1	295.887	19848.9	19837.9	10.9677	527	78	188	3	0.0001 Colloc0 527 2839 0.114453 141.76
230	1	309.42	19671.1	19660.4	10.6426	537	82	184	0	0.0001 Colloc0 537 2789 0.201501 123.166
240	1	322.958	19774	19763.1	10.9063	523	78	188	0	0.0001 Colloc0 523 2811 0.143486 138.161
250	1	335.609	19949.8	19939.5	10.3218	556	73	193	2	0.0001 Colloc0 556 2824 0.215167 105.974
260	1	348.342	20036.1	20025.2	10.9142	535	61	205	3	0.0001 Colloc0 535 2857 0.0989058 138.625
270	1	361.362	19966.7	19956.2	10.4851	565	66	200	2	0.0001 Colloc0 565 2826 0.245645 114.577
280	1	374.803	19768.6	19757.8	10.7486	522	67	199	3	0.0001 Colloc0 522 2812 0.103814 129.106
290	1	388.424	19864.2	19853.7	10.4373	534	62	204	1	0.0001 Colloc0 534 2842 0.188297 112.025
300	1	402.098	19973.5	19962.4	11.1253	526	65	201	3	0.0001 Colloc0 526 2853 0.140321 151.161
310	1	415.746	19798	19787	10.9383	528	74	192	1	0.0001 Colloc0 528 2857 0.142822 140.032
320	1	429.028	19874.5	19864.1	10.4524	544	64	202	1	0.0001 Colloc0 544 2826 0.241871 112.825
330	1	442.703	19950.3	19940.3	9.97086	551	67	199	2	0.0001 Colloc0 551 2846 0.290479 88.6018
340	1	455.792	20044.9	20033.3	11.594	532	63	203	1	0.0001 Colloc0 532 2854 0.0656566 180.482
350	1	468.623	19949.3	19937.8	11.4563	524	62	204	7	0.0001 Colloc0 524 2846 0.0171446 171.664
360	1	481.669	20009.2	19997.6	11.5684	555	55	211	2	0.0001 Colloc0 555 2871 0.0875862 178.828
370	1	494.703	19965.8	19954.7	11.1115	517	61	205	3	0.0001 Colloc0 517 2863 0.0765965 150.328
380	1	507.797	19907.6	19896.3	11.2195	498	59	207	1	0.0001 Colloc0 498 2866 0.0548826 156.896
390	1	521.225	19985	19973.5	11.5164	529	55	211	2	0.0001 Colloc0 529 2842 0.05169 175.493
400	1	534.308	19959.1	19947.4	11.6985	532	69	197	0	0.0001 Colloc0 532 2843 0.0174475 187.275
410	1	547.584	19986.3	19975.1	11.2243	526	62	204	4	0.0001 Colloc0 526 2848 0.0643787 157.188
420	1	561.114	19885.2	19874.3	10.8364	521	60	206	2	0.0001 Colloc0 521 2835 0.143088 134.113
430	1	574.409	19833.8	19823.4	10.4188	525	65	201	2	0.0001 Colloc0 525 2852 0.216142 111.043
440	1	587.724	19817.2	19806.2	10.9967	524	74	192	1	0.0001 Colloc0 524 2820 0.126697 143.471
450	1	601.148	19840	19828.5	11.4372	525	70	196	2	0.0001 Colloc0 525 2835 0.0457528 170.457
460	1	614.222	19768.1	19756.7	11.4318	543	80	186	1	0.0001 Colloc0 543 2824 0.0526356 170.115
470	1	627.405	19698.8	19687.4	11.4465	509	71	195	1	0.0001 Colloc0 509 2834 0.0439254 171.046
480	1	640.508	19661.8	19650.6	11.1314	525	76	190	2	0.0001 Colloc0 525 2814 0.137106 151.527
490	1	654.001	19708.4	19696.8	11.5074	507	76	190	2	0.0001 Colloc0 507 2825 0.0359916 174.918
500	1	667.238	19791.1	19780.2	10.9086	553	74	192	4	0.0001 Colloc0 553 2799 0.175272 138.295
510	1	680.113	19877	19866.6	10.3532	517	69	197	2	0.0001 Colloc0 517 2832 0.194394 107.601
520	1	693.009	19849.4	19838.1	11.3389	523	69	197	5	0.0001 Colloc0 523 2839 0.0774475 164.28
530	1	706.557	19867.9	19856.7	11.1319	516	67	199	3	0.0001 Colloc0 516 2860 0.0741968 151.558
540	1	720.183	20023.4	20012.7	10.6287	540	58	208	1	0.0001 Colloc0 540 2881 0.168779 122.398
550	1	733.617	19958.4	19947.4	11.0261	523	61	205	2	0.0001 Colloc0 523 2865 0.10139 145.214
560	1	747.041	20060.2	20048.4	11.8253	532	52	214	1	0.0001 Colloc0 532 2866 0.0285228 195.632
570	1	760.228	19829.2	19818.6	10.5721	538	67	199	4	0.0001 Colloc0 538 2809 0.194906 119.285
580	1	773.236	19908.4	19897.3	11.0103	535	66	200	2	0.0001 Colloc0 535 2834 0.0901927 144.273
590	1	786.388	19857.1	19846.8	10.334	524	69	197	4	0.0001 Colloc0 524 2824 0.204268 106.604
600	1	799.97	19797.7	19786.6	11.0953	516	65	201	1	0.0001 Colloc0 516 2825 0.074563 149.349
610	1	812.698	19744.5	19733.2	11.2572	530	73	193	1	0.0001 Colloc0 530 2827 0.0603896 159.211
620	1	825.267	19789.9	19778.4	11.5046	520	71	195	3	0.0001 Colloc0 520 2812 0.0121286 174.738
630	1	838.556	19715.8	19704.5	11.3786	532	76	190	3	0.0001 Colloc0 532 2787 0.127966 166.762
640	1	852.203	19721	19710.4	10.5843	509	64	202	2	0.0001 Colloc0 509 2794 0.159131 119.952
650	1	866.052	19789	19777.7	11.3288	523	69	197	1	0.0001 Colloc0 523 2797 0.0669718 163.65
660	1	879.571	19781.5	19770.1	11.4177	525	73	193	4	0.0001 Colloc0 525 2833 0.0699221 169.227
670	1	893.066	19793.7	19783	10.7623	536	79	187	0	0.0001 Colloc0 536 2800 0.138131 129.883
680	1	906.284	19722	19710.7	11.2985	512	79	187	7	0.0001 Colloc0 512 2818 0.0473036 161.765
690	1	919.156	19783.5	19772.9	10.6125	528	64	202	1	0.0001 Colloc0 528 2798 0.130181 121.502
700	1	932.15	19785	19773.8	11.1856	546	75	191	2	0.0001 Colloc0 546 2846 0.124662 154.82
710	1	945.033	19772.3	19761.2	11.0804	513	71	195	3	0.0001 Colloc0 513 2814 0.0909277 148.455
720	1	958.356	19820.8	19809.4	11.457	514	76	190	5	0.0001 Colloc0 514 2805 0.0451268 171.708
730	1	971.902	19793.6	19782.2	11.4007	551	69	197	1	0.0001 Colloc0 551 2754 0.140688 168.154
740	1	985.198	19905.9	19894.7	11.1723	524	67	199	3	0.0001 Colloc0 524 2793 0.097216 154.01
750	1	998.313	19867.8	19856.6	11.2339	532	62	204	1	0.0001 Colloc0 532 2771 0.0743031 157.78
760	1	1012.02	19738.6	19727.6	10.944	524	74	192	4	0.0001 Colloc0 524 2793 0.126749 140.365
770	1	1025.42	19741.4	19730.9	10.4309	514	71	195	4	0.0001 Colloc0 514 2808 0.183368 111.685
780	1	1038.97	19835.4	19824.9	10.4808	527	66	200	3	0.0001 Colloc0 527 2831 0.1829 114.343
790	1	1052.4	19798.6	19788.1	10.4289	526	77	189	3	0.0001 Colloc0 526 2820 0.193415 111.581
800	1	1065.95	19918.1	19906.7	11.4582	513	76	190	1	0.0001 Colloc0 513 2851 0.0591918 171.786
810	1	1079.49	19750.1	19739.2	10.9055	522	72	194	2	0.0001 Colloc0 522 2799 0.128709 138.116
820	1	1092.58	19824.9	19813.9	10.9804	522	52	214	3	0.0001 Colloc0 522 2802 0.086899 142.507
830	1	1105.56	19941.5	19929.9	11.5639	533	50	216	1	0.0001 Colloc0 533 2792 0.0517333 178.541
840	1	1119.19	19707.5	19697.1	10.4027	523	72	194	2	0.0001 Colloc0 523 2791 0.250659 110.196
850	1	1132.9	19670.5	19659.3	11.2105	527	67	199	3	0.0001 Colloc0 527 2789 0.0913258 156.341
860	1	1146.53	19598.1	19586.7	11.3191	522	76	190	2	0.0001 Colloc0 522 2806 0.0604978 163.045
870	1	1160.07	19637.2	19626.4	10.7749	539	86	180	2	0.0001 Colloc0 539 2784 0.129813 130.599
880	1	1173.75	19828.2	19817.7	10.5074	537	63	203	2	0.0001 Colloc0 537 2793 0.229411 115.776
890	1	1186.63	19686.6	19675.8	10.8341	548	73	193	5	0.0001 Colloc0 548 2763 0.230318 133.981
900	1	1200.39	19609.6	19598.6	11.0217	534	75	191	0	0.0001 Colloc0 534 2756 0.17641 144.953
910	1	1213.81	19720	19708.6	11.4402	540	61	205	2	0.0001 Colloc0 540 2763 0.0982512 170.644
920	1	1226.84	19757	19746.3	10.6853	523	62	204	4	0.0001 Colloc0 523 2786 0.16495 125.542
930	1	1240.07	19693.7	19682.6	11.1702	539	70	196	2	0.0001 Colloc0 539 2739 0.156514 153.885
940	1	1253.76	19806.9	19795.8	11.0928	538	65	201	0	0.0001 Colloc0 538 2771 0.117113 149.2
950	1	1267.14	19786.6	19775.8	10.8608	532	63	203	3	0.0001 Colloc0 532 2777 0.10185 135.524
960	1	1280.47	19659.1	19648.2	10.8633	523	70	196	3	0.0001 Colloc0 523 2757 0.151628 135.669
970	1	1293.81	19675.9	19665	10.8762	531	70	196	4	0.0001 Colloc0 531 2779 0.121207 136.415
980	1	1307.36	19730.1	19719.6	10.537	521	62	204	6	0.0001 Colloc0 521 2790 0.211025 117.375
990	1	1320.44	19743.8	19732.4	11.4055	502	60	206	5	0.0001 Colloc0 502 2789 0.0195967 168.458
1000	1	1334.06	19607.9	19596.7	11.263	498	71	195	3	0.0001 Colloc0 498 2776 0.0522841 159.569
1010	1	1347.93	19661.2	19650	11.1327	519	71	195	1	0.0001 Colloc0 519 2774 0.0969945 151.607
1020	1	1361.37	19688.1	19677.3	10.7986	541	66	200	3	0.0001 Colloc0 541 2772 0.160521 131.951
1030	1	1374.9	19643.8	19632.9	10.863	529	77	189	4	0.0001 Colloc0 529 2811 0.133761 135.649
1040	1	1388.31	19613.6	19603.4	10.1836	519	81	185	1	0.0001 Colloc0 519 2796 0.231352 98.9468
1050	1	1401.8	19691.8	19680.9	10.9619	518	70	196	3	0.0001 Colloc0 518 2788 0.107381 141.416
1060	1	1415.47	19583	19571.9	11.0814	512	65	201	1	0.0001 Colloc0 512 2793 0.117931 148.519
1070	1	1428.81	19621.2	19610.2	11.0037	537	75	191	2	0.0001 Colloc0 537 2805 0.165796 143.886
1080	1	1442.07	19610.5	19600	10.5139	534	75	191	1	0.0001 Colloc0 534 2773 0.207959 116.126
1090	1	1455.3	19533.4	19522.2	11.1291	509	75	191	4	0.0001 Colloc0 509 2794 0.0980715 151.39
1100	1	1467.91	19550.9	19539.7	11.1232	532	83	183	2	0.0001 Colloc0 532 2761 0.110278 151.032
1110	1	1480.92	19568.8	19557.4	11.37	519	75	191	3	0.0001 Colloc0 519 2745 0.0641809 166.227
1120	1	1494.45	19753.1	19741.5	11.5351	526	70	196	7	0.0001 Colloc0 526 2786 0.0257585 176.689
1130	1	1507.21	19724.9	19714.1	10.771	526	58	208	2	0.0001 Colloc0 526 2768 0.14786 130.378
1140	1	1520.79	19650.9	19640.3	10.6502	523	66	200	5	0.0001 Colloc0 523 2789 0.163524 123.588
1150	1	1534.48	19605.5	19594.5	10.9525	528	74	192	0	0.0001 Colloc0 528 2793 0.149 140.866
1160	1	1548.25	19484.2	19473.6	10.6513	532	84	182	4	0.0001 Colloc0 532 2767 0.200715 123.652
1170	1	1561.97	19473.7	19463.5	10.1489	514	91	175	2	0.0001 Colloc0 514 2778 0.228506 97.2203
1180	1	1575.65	19673.8	19663	10.8546	534	74	192	2	0.0001 Colloc0 534 2780 0.136642 135.165
1190	1	1589.39	19768.3	19757.7	10.6755	533	55	211	0	0.0001 Colloc0 533 2786 0.126172 124.999
1200	1	1603.14	19679.1	19668.4	10.7015	536	78	188	3	0.0001 Colloc0 536 2785 0.164432 126.451
1210	1	1616.89	19772.5	19761.4	11.1349	541	66	200	5	0.0001 Colloc0 541 2784 0.12928 151.738
1220	1	1630.07	19816	19804.6	11.4057	530	63	203	3	0.0001 Colloc0 530 2801 0.0637166 168.468
1230	1	1643.36	19850.4	19839.3	11.0884	531	58	208	2	0.0001 Colloc0 531 2766 0.139244 148.938
1240	1	1656.95	19771.9	19761	10.9453	543	71	195	2	0.0001 Colloc0 543 2780 0.118344 140.445
1250	1	1670.11	19639.1	19627.9	11.1676	519	75	191	1	0.0001 Colloc0 519 2811 0.0983548 153.725
1260	1	1683.11	19570.8	19560.3	10.4997	521	85	181	1	0.0001 Colloc0 521 2762 0.231631 115.361
1270	1	1696.47	19659.6	19648.7	10.8189	516	69	197	0	0.0001 Colloc0 516 2800 0.151334 133.107
1280	1	1709.9	19759.1	19748.1	11.0287	506	70	196	0	0.0001 Colloc0 506 2808 0.0897728 145.37
1290	1	1723.28	19566.4	19556	10.4112	525	78	188	1	0.0001 Colloc0 525 2774 0.194705 110.642
1300	1	1736.76	19642.7	19631.9	10.7093	521	71	195	1	0.0001 Colloc0 521 2780 0.160005 126.889
1310	1	1750.19	19641.4	19630.7	10.7815	525	67	199	2	0.0001 Colloc0 525 2784 0.139028 130.975
1320	1	1763.77	19693.1	19681.9	11.1966	525	66	200	4	0.0001 Colloc0 525 2786 0.0909027 155.491
1330	1	1777.27	19551.2	19540.1	11.1173	510	79	187	1	0.0001 Colloc0 510 2768 0.0988716 150.679
1340	1	1790.94	19612.5	19602.1	10.3681	536	77	189	5	0.0001 Colloc0 536 2799 0.190892 108.379
1350	1	1804.54	19646.8	19635.9	10.8566	525	83	183	0	0.0001 Colloc0 525 2774 0.164919 135.278
1360	1	1818.12	19624.3	19613.3	10.966	515	70	196	3	0.0001 Colloc0 515 2735 0.144047 141.66
1370	1	1831.64	19688.2	19677.6	10.6235	520	71	195	2	0.0001 Colloc0 520 2775 0.138502 122.11
1380	1	1845.49	19766.1	19754.9	11.2265	535	68	198	2	0.0001 Colloc0 535 2764 0.142855 157.324
1390	1	1858.04	19743.8	19732.8	11.0615	531	69	197	1	0.0001 Colloc0 531 2797 0.125395 147.323
1400	1	1871.13	19679.3	19668.2	11.0172	524	82	184	2	0.0001 Colloc0 524 2806 0.13891 144.686
1410	1	1884.33	19495.9	19485.3	10.6249	509	77	189	2	0.0001 Colloc0 509 2767 0.136134 122.189
1420	1	1897.86	19617.2	19607.1	10.1054	541	84	182	1	0.0001 Colloc0 541 2767 0.234526 95.0733
1430	1	1911.25	19581.6	19571	10.6591	524	67	199	3	0.0001 Colloc0 524 2765 0.157446 124.085
1440	1	1924.8	19457.7	19447	10.693	513	87	179	4	0.0001 Colloc0 513 2772 0.161991 125.977
1450	1	1937.81	19547.9	19536.9	11.0178	524	69	197	6	0.0001 Colloc0 524 2729 0.119606 144.723
1460	1	1951.5	19765.5	19754.3	11.1326	521	66	200	2	0.0001 Colloc0 521 2795 0.0817738 151.605
1470	1	1964.57	19683.9	19673.3	10.5788	536	71	195	2	0.0001 Colloc0 536 2752 0.205498 119.655
1480	1	1977.62	19591.4	19580	11.4461	529	72	194	3	0.0001 Colloc0 529 2755 0.0900685 171.021
1490	1	1990.47	19658.6	19647.7	10.8974	521	76	190	6	0.0001 Colloc0 521 2732 0.169218 137.643
1500	1	2003.68	19705.3	19695.2	10.0596	543	66	200	2	0.0001 Colloc0 543 2772 0.264395 92.8468
1510	1	2016.82	19741.7	19730.4	11.3073	510	73	193	3	0.0001 Colloc0 510 2782 0.0510221 162.311
1520	1	2029.97	19567.8	19557	10.7619	505	76	190	2	0.0001 Colloc0 505 2751 0.103506 129.861
1530	1	2043.31	19709.9	19698.8	11.0925	523	72	194	3	0.0001 Colloc0 523 2741 0.0877367 149.182
1540	1	2056.68	19738.9	19727.9	10.9925	544	72	194	2	0.0001 Colloc0 544 2748 0.196649 143.221
1550	1	2070.15	19717.5	19706	11.5681	529	70	196	2	0.0001 Colloc0 529 2769 0.0570498 178.809
1560	1	2083.01	19674.1	19663	11.1036	510	68	198	1	0.0001 Colloc0 510 2761 0.101758 149.85
1570	1	2095.94	19673.7	19662.5	11.1969	536	74	192	2	0.0001 Colloc0 536 2764 0.106605 155.51
1580	1	2108.89	19804.1	19793.1	10.9829	546	67	199	5	0.0001 Colloc0 546 2773 0.164495 142.653
1590	1	2121.78	19603.7	19593	10.6257	523	86	180	3	0.0001 Colloc0 523 2767 0.176513 122.231
1600	1	2134.66	19814.3	19803.4	10.8828	538	65	201	2	0.0001 Colloc0 538 2789 0.186733 136.793
1610	1	2147.57	19608.3	19598.3	10.0241	531	78	188	2	0.0001 Colloc0 531 2773 0.254669 91.1361
1620	1	2160.28	19717.6	19707.2	10.4509	534	81	185	3	0.0001 Colloc0 534 2754 0.209291 112.749
1630	1	2172.74	19721.6	19710.5	11.0621	538	75	191	3	0.0001 Colloc0 538 2729 0.147868 147.36
1640	1	2185.18	19643.4	19632.7	10.7668	538	79	187	2	0.0001 Colloc0 538 2730 0.169956 130.138
1650	1	2197.56	19527.5	19516.9	10.6356	516	81	185	1	0.0001 Colloc0 516 2749 0.173869 122.781
1660	1	2209.68	19650	19638.8	11.1253	547	87	179	1	0.0001 Colloc0 547 2752 0.150746 151.164
1670	1	2222.08	19625.3	19614.2	11.0833	529	71	195	2	0.0001 Colloc0 529 2749 0.10255 148.631
1680	1	2234.12	19643.3	19632.4	10.9503	519	75	191	0	0.0001 Colloc0 519 2765 0.127754 140.733
1690	1	2246.13	19587.1	19576.5	10.5498	547	85	181	2	0.0001 Colloc0 547 2761 0.210099 118.069
1700	1	2258.19	19740.7	19730	10.6925	544	64	202	1	0.0001 Colloc0 544 2739 0.190128 125.947
1710	1	2269.95	19704.6	19693.2	11.3664	519	68	198	0	0.0001 Colloc0 519 2794 0.0717499 166.001
1720	1	2281.95	19548	19537.3	10.6899	524	87	179	4	0.0001 Colloc0 524 2760 0.171293 125.803
1730	1	2294.02	19570.3	19559.2	11.0071	545	87	179	3	0.0001 Colloc0 545 2764 0.193161 144.083
1740	1	2306.09	19718.1	19706.8	11.267	548	75	191	2	0.0001 Colloc0 548 2772 0.10416 159.818
1750	1	2318.22	19543.9	19533.6	10.3588	540	73	193	3	0.0001 Colloc0 540 2732 0.215333 107.894
1760	1	2330.04	19511.4	19501.7	9.68553	535	88	178	0	0.0001 Colloc0 535 2766 0.287884 75.6778
1770	1	2341.72	19728.3	19717.3	11.0442	532	71	195	4	0.0001 Colloc0 532 2766 0.112582 146.293
1780	1	2353.61	19779.9	19768.8	11.0808	534	59	207	1	0.0001 Colloc0 534 2769 0.0984053 148.483
1790	1	2365.63	19720.7	19709.5	11.1427	539	68	198	4	0.0001 Colloc0 539 2748 0.0701131 152.215
1800	1	2377.53	19602.7	19591.9	10.8174	512	67	199	1	0.0001 Colloc0 512 2768 0.157417 133.027
1810	1	2389.41	19575.9	19564.8	11.0522	534	79	187	4	0.0001 Colloc0 534 2734 0.133294 146.768
1820	1	2401.1	19718.4	19706.3	12.0558	534	73	193	3	0.0001 Colloc0 534 2759 0.0281877 211.13
1830	1	2412.83	19574.4	19563.6	10.8108	511	72	194	2	0.0001 Colloc0 511 2734 0.154427 132.647
1840	1	2424.7	19596.5	19586	10.5312	530	69	197	3	0.0001 Colloc0 530 2722 0.220596 117.059
1850	1	2436.57	19620.6	19610.3	10.3619	525	77	189	1	0.0001 Colloc0 525 2759 0.166361 108.056
1860	1	2448.3	19519.3	19508.3	10.935	508	79	187	3	0.0001 Colloc0 508 2761 0.105087 139.84
1870	1	2459.99	19625.5	19614.9	10.5392	527	87	179	3	0.0001 Colloc0 527 2740 0.180835 117.494
1880	1	2471.95	19558.9	19547.9	10.9813	522	84	182	4	0.0001 Colloc0 522 2728 0.134086 142.56
1890	1	2483.76	19648.9	19638.3	10.6456	548	75	191	4	0.0001 Colloc0 548 2704 0.235999 123.33
1900	1	2495.69	19473	19462.4	10.6189	523	78	188	0	0.0001 Colloc0 523 2717 0.16194 121.853
1910	1	2507.64	19609.2	19598.8	10.3724	537	81	185	4	0.0001 Colloc0 537 2735 0.218607 108.606
1920	1	2519.37	19562.3	19551	11.2675	530	70	196	0	0.0001 Colloc0 530 2722 0.0863065 159.85
1930	1	2531.35	19644.2	19632.9	11.3587	522	82	184	1	0.0001 Colloc0 522 2753 0.0529203 165.517
1940	1	2543.08	19633.9	19623	10.9072	525	75	191	2	0.0001 Colloc0 525 2746 0.134882 138.216
1950	1	2554.95	19695.1	19684	11.0815	531	79	187	2	0.0001 Colloc0 531 2743 0.115002 148.521
1960	1	2566.67	19602.7	19591.4	11.3345	526	82	184	2	0.0001 Colloc0 526 2741 0.0851869 164.007
1970	1	2578.17	19602.2	19591.2	10.9832	535	77	189	1	0.0001 Colloc0 535 2735 0.133072 142.674
1980	1	2589.88	19711.3	19699.9	11.4173	521	66	200	1	0.0001 Colloc0 521 2750 0.0405967 169.198
1990	1	2601.25	19603	19591.9	11.1638	528	70	196	1	0.0001 Colloc0 528 2726 0.133715 153.495
2000	1	2611.86	19637.6	19626.7	10.9574	531	66	200	1	0.0001 Colloc0 531 2746 0.144945 141.151
