# D = 0, E = 1, I = 1, P = 1, R = -1, n = 2000, N = 1, P = 1, w = 1, a = 0.0001, b = 10000, e = 1, f = 1, g = 100, h = 0.01, r = 7005, s = 1, S = 0, x = 10, m = 100, Z = 1, z = 0, T = 1, t = 1
# 6856 tokens in 266 sentences
#
# It	Temp	Time	-logP	-logPcorpus	-logPrior	tables	same	changed	reject	default_pya	(parent pym pyn pya pyb)*
0	1	1.06084	27077.3	26963.5	113.764	2023	0	266	0	0.0001 Colloc0 2023 2962 0.0001 10000
10	1	15.3057	21375.5	21363.4	12.1162	631	32	234	2	0.0001 Colloc0 631 2888 0.0399407 215.259
20	1	28.8796	20852.9	20841	11.8507	577	49	217	4	0.0001 Colloc0 577 2906 0.0602361 197.32
30	1	42.4325	20663.4	20652.7	10.6463	552	50	216	2	0.0001 Colloc0 552 2933 0.148886 123.371
40	1	55.2846	20321.8	20311.1	10.7324	527	66	200	2	0.0001 Colloc0 527 2874 0.141436 128.188
50	1	68.3696	20378.5	20367.5	11.079	562	61	205	4	0.0001 Colloc0 562 2890 0.132179 148.371
60	1	81.4566	20297.7	20286	11.7256	538	50	216	2	0.0001 Colloc0 538 2851 0.0435359 189.046
70	1	95.3185	20230.2	20218.7	11.4505	530	56	210	2	0.0001 Colloc0 530 2874 0.0115155 171.298
80	1	108.235	20021.6	20010.4	11.2334	517	75	191	0	0.0001 Colloc0 517 2829 0.0684654 157.751
90	1	121.049	20020.9	20009.7	11.2358	547	82	184	2	0.0001 Colloc0 547 2863 0.125927 157.897
100	1	134.542	19980.1	19969.2	10.8592	536	72	194	2	0.0001 Colloc0 536 2818 0.12112 135.431
110	1	148.296	19843.5	19832.2	11.3283	531	85	181	1	0.0001 Colloc0 531 2814 0.0728738 163.62
120	1	161.926	19843.7	19832.8	10.9094	530	78	188	2	0.0001 Colloc0 530 2820 0.121642 138.342
130	1	175.499	19709.4	19698.9	10.5794	531	82	184	2	0.0001 Colloc0 531 2792 0.166661 119.683
140	1	188.906	19875.1	19864.3	10.8171	509	63	203	4	0.0001 Colloc0 509 2830 0.096235 133.005
150	1	202.551	19807.4	19796.9	10.4585	518	71	195	4	0.0001 Colloc0 518 2797 0.182689 113.151
160	1	215.715	19792.9	19782	10.9265	517	71	195	2	0.0001 Colloc0 517 2819 0.141604 139.343
170	1	229.175	19962.6	19952.1	10.4992	540	65	201	2	0.0001 Colloc0 540 2838 0.19487 115.33
180	1	242.786	19972.8	19961.9	10.951	535	62	204	2	0.0001 Colloc0 535 2813 0.137453 140.774
190	1	256.297	19740.3	19729.8	10.5333	520	71	195	1	0.0001 Colloc0 520 2838 0.117577 117.176
200	1	269.774	19995.6	19984.1	11.563	527	59	207	4	0.0001 Colloc0 527 2842 0.0592429 178.48
210	1	283.029	19945.1	19934	11.1012	539	55	211	1	0.0001 Colloc0 539 2824 0.124663 149.708
220	1	296.709	19632	19621.4	10.5803	517	82	184	3	0.0001 Colloc0 517 2776 0.189365 119.734
230	1	310.328	19755.4	19744.5	10.9556	511	76	190	1	0.0001 Colloc0 511 2774 0.101164 141.05
240	1	323.969	19623.4	19612.5	10.9088	510	88	178	3	0.0001 Colloc0 510 2773 0.112023 138.307
250	1	337.505	19848.4	19837.4	11.0391	526	58	208	5	0.0001 Colloc0 526 2804 0.11128 145.99
260	1	351.165	19783	19771.8	11.257	509	69	197	5	0.0001 Colloc0 509 2801 0.0636428 159.203
270	1	364.761	19937.5	19925.8	11.7553	537	65	201	2	0.0001 Colloc0 537 2799 0.0251612 190.998
280	1	378.526	19823	19812.2	10.7615	521	64	202	1	0.0001 Colloc0 521 2787 0.152968 129.838
290	1	391.938	19840.9	19830.4	10.4834	542	61	205	2	0.0001 Colloc0 542 2814 0.227909 114.481
300	1	405.498	19764.6	19753.7	10.9284	548	76	190	3	0.0001 Colloc0 548 2785 0.169074 139.45
310	1	419.09	19896.2	19884.6	11.5876	562	69	197	1	0.0001 Colloc0 562 2775 0.0917227 180.065
320	1	432.498	19694.4	19683.7	10.7234	526	84	182	3	0.0001 Colloc0 526 2732 0.16469 127.682
330	1	446.223	19778.3	19767.3	11.002	533	62	204	2	0.0001 Colloc0 533 2770 0.0987727 143.781
340	1	460.04	19660.2	19649.2	11.0402	521	71	195	4	0.0001 Colloc0 521 2745 0.116966 146.052
350	1	473.614	19654.5	19643.5	10.9501	510	69	197	3	0.0001 Colloc0 510 2763 0.100524 140.725
360	1	487.252	19551.4	19540.4	10.9435	522	74	192	1	0.0001 Colloc0 522 2720 0.134225 140.336
370	1	500.967	19681.8	19671	10.7584	534	57	209	2	0.0001 Colloc0 534 2707 0.160225 129.661
380	1	514.613	19612.4	19601.4	11.0235	534	65	201	2	0.0001 Colloc0 534 2726 0.12307 145.057
390	1	528.221	19621.2	19609.8	11.3726	524	84	182	2	0.0001 Colloc0 524 2730 0.0362356 166.386
400	1	541.906	19610.8	19599.6	11.1898	512	76	190	2	0.0001 Colloc0 512 2730 0.0717258 155.08
410	1	555.498	19600.4	19589.2	11.1984	516	74	192	4	0.0001 Colloc0 516 2713 0.111225 155.603
420	1	569.099	19731.5	19719.8	11.6333	527	64	202	0	0.0001 Colloc0 527 2718 0.0422298 183.023
430	1	582.362	19609.4	19598.7	10.6994	531	81	185	5	0.0001 Colloc0 531 2725 0.17112 126.331
440	1	595.942	19673.8	19661.7	12.0795	543	67	199	0	0.0001 Colloc0 543 2720 0.0115214 212.749
450	1	609.252	19737.5	19726.5	10.9544	525	71	195	2	0.0001 Colloc0 525 2731 0.0960372 140.976
460	1	622.761	19691.7	19680.7	11.0391	539	81	185	1	0.0001 Colloc0 539 2727 0.165045 145.986
470	1	636.374	19558.7	19547.9	10.8306	527	74	192	2	0.0001 Colloc0 527 2722 0.12405 133.783
480	1	649.998	19706.6	19695.5	11.109	526	78	188	5	0.0001 Colloc0 526 2750 0.0971415 150.18
490	1	663.31	19620.7	19609.7	10.9982	523	68	198	3	0.0001 Colloc0 523 2744 0.0854858 143.556
500	1	676.58	19561.4	19550.6	10.7545	531	67	199	3	0.0001 Colloc0 531 2706 0.183891 129.44
510	1	689.79	19657.5	19646.5	11.0662	524	74	192	1	0.0001 Colloc0 524 2705 0.0727158 147.608
520	1	703.258	19649.8	19638.4	11.4472	506	69	197	1	0.0001 Colloc0 506 2755 0.0883564 171.093
530	1	716.872	19665.9	19654.9	11.0112	525	73	193	1	0.0001 Colloc0 525 2731 0.105102 144.329
540	1	730.409	19521.4	19510.4	10.9832	517	73	193	4	0.0001 Colloc0 517 2732 0.0870282 142.67
550	1	743.901	19574.7	19564.1	10.6579	528	68	198	0	0.0001 Colloc0 528 2751 0.173567 124.015
560	1	756.89	19583.7	19573.2	10.5768	536	69	197	1	0.0001 Colloc0 536 2736 0.19944 119.543
570	1	770.396	19517.6	19506.7	10.8719	507	77	189	1	0.0001 Colloc0 507 2733 0.115743 136.167
580	1	784.028	19584.1	19573.3	10.7673	525	72	194	2	0.0001 Colloc0 525 2743 0.133797 130.164
590	1	797.652	19614.7	19603.8	10.9404	509	68	198	1	0.0001 Colloc0 509 2735 0.103018 140.156
600	1	811.2	19577.4	19566.8	10.5704	532	76	190	5	0.0001 Colloc0 532 2734 0.195296 119.192
610	1	824.231	19587.9	19577.3	10.6115	532	66	200	2	0.0001 Colloc0 532 2736 0.206602 121.448
620	1	837.862	19570.5	19559.7	10.7763	517	78	188	4	0.0001 Colloc0 517 2728 0.139047 130.674
630	1	851.269	19594	19583.2	10.8606	521	77	189	6	0.0001 Colloc0 521 2734 0.124731 135.509
640	1	864.585	19620.9	19609.5	11.3578	541	66	200	5	0.0001 Colloc0 541 2726 0.065719 165.461
650	1	877.924	19329.2	19318.6	10.6054	516	93	173	3	0.0001 Colloc0 516 2686 0.166442 121.114
660	1	890.997	19576.3	19565.2	11.1513	538	68	198	4	0.0001 Colloc0 538 2714 0.103933 152.733
670	1	904.415	19499.3	19489.1	10.2221	525	81	185	4	0.0001 Colloc0 525 2690 0.195142 100.877
680	1	917.817	19412.8	19401.7	11.1054	489	90	176	2	0.0001 Colloc0 489 2721 0.0623088 149.961
690	1	931.214	19575.4	19564.5	10.8316	535	73	193	2	0.0001 Colloc0 535 2705 0.142441 133.841
700	1	944.732	19636.2	19625.2	10.9748	549	69	197	2	0.0001 Colloc0 549 2732 0.164501 142.178
710	1	958.148	19550.7	19539.4	11.2964	511	75	191	1	0.0001 Colloc0 511 2722 0.0553851 161.637
720	1	971.719	19576.6	19565.8	10.7683	525	86	180	3	0.0001 Colloc0 525 2773 0.156175 130.223
730	1	984.944	19602.6	19590.8	11.7874	504	75	191	1	0.0001 Colloc0 504 2736 0.000282002 193.12
740	1	998.173	19481.7	19471	10.6952	523	75	191	0	0.0001 Colloc0 523 2737 0.177493 126.097
750	1	1011.78	19681.7	19670.6	11.0221	531	61	205	1	0.0001 Colloc0 531 2727 0.123231 144.977
760	1	1025.12	19724	19712.8	11.159	533	58	208	1	0.0001 Colloc0 533 2744 0.167043 153.202
770	1	1038.73	19592.2	19581.5	10.7304	518	68	198	3	0.0001 Colloc0 518 2762 0.155226 128.079
780	1	1051.99	19568.4	19557.7	10.6898	523	68	198	1	0.0001 Colloc0 523 2733 0.15315 125.793
790	1	1065.04	19357.4	19347.4	9.9788	507	92	174	2	0.0001 Colloc0 507 2735 0.247433 88.9771
800	1	1078.54	19445.7	19434.8	10.8829	498	83	183	1	0.0001 Colloc0 498 2742 0.0591684 136.804
810	1	1091.65	19344.3	19333.4	10.943	508	98	168	3	0.0001 Colloc0 508 2716 0.14703 140.308
820	1	1104.46	19514.4	19503.4	10.9956	525	73	193	4	0.0001 Colloc0 525 2743 0.0856652 143.406
830	1	1117.72	19473.9	19462.9	11.0763	502	68	198	6	0.0001 Colloc0 502 2722 0.0572308 148.21
840	1	1130.76	19672.3	19661	11.3852	527	68	198	4	0.0001 Colloc0 527 2754 0.0328604 167.177
850	1	1143.96	19621.3	19610.2	11.124	517	69	197	4	0.0001 Colloc0 517 2741 0.123958 151.081
860	1	1157.03	19547.6	19537.2	10.3924	512	77	189	4	0.0001 Colloc0 512 2734 0.199662 109.65
870	1	1170.69	19648.2	19637.1	11.0596	546	63	203	4	0.0001 Colloc0 546 2714 0.171758 147.214
880	1	1183.8	19572.2	19561.3	10.9934	516	76	190	1	0.0001 Colloc0 516 2733 0.0999193 143.275
890	1	1197.09	19521.5	19510	11.4722	513	77	189	1	0.0001 Colloc0 513 2733 0.0421789 172.673
900	1	1210.51	19564.6	19553.5	11.0529	515	79	187	3	0.0001 Colloc0 515 2719 0.140517 146.814
910	1	1223.44	19481.9	19470.7	11.1267	517	82	184	0	0.0001 Colloc0 517 2727 0.125432 151.245
920	1	1236.59	19609.9	19599.1	10.8196	536	66	200	1	0.0001 Colloc0 536 2728 0.186419 133.153
930	1	1250.1	19593.5	19582.6	10.9204	515	71	195	3	0.0001 Colloc0 515 2733 0.0959108 138.987
940	1	1263.11	19619	19607.7	11.2974	526	70	196	1	0.0001 Colloc0 526 2709 0.0914132 161.698
950	1	1275.94	19580.8	19569.5	11.3611	531	74	192	2	0.0001 Colloc0 531 2746 0.086257 165.669
960	1	1288.77	19673.1	19662	11.0647	548	73	193	1	0.0001 Colloc0 548 2718 0.158743 147.516
970	1	1302.36	19536.1	19524.7	11.4746	514	80	186	0	0.0001 Colloc0 514 2738 0.0349872 172.832
980	1	1315.19	19574.6	19563.7	10.926	518	81	185	5	0.0001 Colloc0 518 2710 0.147635 139.312
990	1	1328.3	19514.8	19503.8	10.9195	508	80	186	2	0.0001 Colloc0 508 2731 0.121649 138.93
1000	1	1341.84	19481.7	19471.2	10.4677	533	85	181	1	0.0001 Colloc0 533 2732 0.175469 113.645
1010	1	1355.21	19432.2	19421.3	10.8711	510	97	169	1	0.0001 Colloc0 510 2732 0.123215 136.118
1020	1	1368.86	19589.2	19577.9	11.2597	518	71	195	2	0.0001 Colloc0 518 2707 0.066006 159.366
1030	1	1382	19621.7	19611	10.7573	532	61	205	2	0.0001 Colloc0 532 2686 0.160006 129.597
1040	1	1395.21	19703.3	19692.3	11.0251	526	50	216	3	0.0001 Colloc0 526 2707 0.0645965 145.152
1050	1	1408.04	19626.9	19616.5	10.439	536	59	207	4	0.0001 Colloc0 536 2690 0.211062 112.112
1060	1	1421.33	19612.2	19601.4	10.7801	551	70	196	0	0.0001 Colloc0 551 2711 0.158088 130.893
1070	1	1434.34	19480.8	19470.3	10.5573	518	67	199	2	0.0001 Colloc0 518 2715 0.180848 118.477
1080	1	1447.51	19535.8	19524.7	11.1467	504	76	190	2	0.0001 Colloc0 504 2732 0.0735424 152.457
1090	1	1460.87	19616.4	19605	11.4399	524	73	193	3	0.0001 Colloc0 524 2721 0.0401636 170.63
1100	1	1474.43	19534.3	19523.3	10.9475	519	84	182	2	0.0001 Colloc0 519 2735 0.172725 140.571
1110	1	1487.67	19533.6	19522.7	10.9481	519	75	191	2	0.0001 Colloc0 519 2728 0.133558 140.604
1120	1	1501.36	19608.7	19597.9	10.7958	518	67	199	2	0.0001 Colloc0 518 2744 0.14112 131.788
1130	1	1514.71	19508.9	19497.7	11.2175	502	73	193	2	0.0001 Colloc0 502 2720 0.0598327 156.775
1140	1	1528.17	19369.2	19358.1	11.0465	501	78	188	1	0.0001 Colloc0 501 2711 0.105525 146.429
1150	1	1541.6	19362.9	19352.5	10.4548	528	85	181	3	0.0001 Colloc0 528 2709 0.217611 112.955
1160	1	1555.24	19379.7	19369.5	10.2787	522	80	186	2	0.0001 Colloc0 522 2712 0.200274 103.754
1170	1	1568.42	19385.2	19374.4	10.8185	517	82	184	1	0.0001 Colloc0 517 2699 0.110404 133.089
1180	1	1581.61	19549.7	19538.3	11.405	511	79	187	2	0.0001 Colloc0 511 2712 0.0635843 168.424
1190	1	1595.14	19391.9	19381.2	10.651	507	77	189	2	0.0001 Colloc0 507 2740 0.156888 123.635
1200	1	1608.65	19434.3	19422.9	11.3453	509	83	183	1	0.0001 Colloc0 509 2745 0.0482958 164.681
1210	1	1622.21	19537.3	19526.3	10.9976	524	72	194	4	0.0001 Colloc0 524 2718 0.098436 143.526
1220	1	1635.62	19410.2	19398.9	11.2775	522	77	189	1	0.0001 Colloc0 522 2727 0.110192 160.466
1230	1	1649.31	19438.1	19427	11.149	507	82	184	2	0.0001 Colloc0 507 2720 0.0691978 152.594
1240	1	1662.41	19490.3	19479.1	11.1831	526	79	187	5	0.0001 Colloc0 526 2712 0.105432 154.67
1250	1	1675.95	19424	19412.9	11.1453	505	80	186	1	0.0001 Colloc0 505 2717 0.0846463 152.374
1260	1	1688.87	19517	19505.9	11.1664	511	79	187	3	0.0001 Colloc0 511 2716 0.103502 153.654
1270	1	1701.89	19425	19413.8	11.1322	501	78	188	2	0.0001 Colloc0 501 2729 0.0977818 151.58
1280	1	1714.67	19412.7	19401.6	11.0942	494	80	186	3	0.0001 Colloc0 494 2719 0.0330191 149.287
1290	1	1727.52	19533.1	19522.5	10.5962	530	78	188	2	0.0001 Colloc0 530 2717 0.147091 120.605
1300	1	1740.55	19414.5	19403.7	10.8142	529	74	192	2	0.0001 Colloc0 529 2709 0.18086 132.838
1310	1	1753.56	19500.6	19489.6	11.0479	523	73	193	5	0.0001 Colloc0 523 2719 0.157111 146.51
1320	1	1766.83	19468.7	19457.4	11.2797	521	80	186	1	0.0001 Colloc0 521 2708 0.0682977 160.604
1330	1	1779.95	19466.5	19455.8	10.7139	502	81	185	4	0.0001 Colloc0 502 2752 0.105874 127.147
1340	1	1793.3	19400.8	19389	11.7662	514	78	188	3	0.0001 Colloc0 514 2699 0.038815 191.716
1350	1	1806.96	19381.5	19370.8	10.6254	523	86	180	2	0.0001 Colloc0 523 2709 0.149325 122.213
1360	1	1820.4	19362.9	19352	10.9113	494	92	174	4	0.0001 Colloc0 494 2720 0.138873 138.453
1370	1	1833.49	19389.9	19379	10.9714	501	76	190	6	0.0001 Colloc0 501 2708 0.146727 141.978
1380	1	1846.78	19493.4	19482.9	10.4866	525	67	199	1	0.0001 Colloc0 525 2737 0.190478 114.654
1390	1	1860.14	19493.1	19482.3	10.7961	523	77	189	1	0.0001 Colloc0 523 2741 0.111276 131.806
1400	1	1873.49	19478.7	19467.4	11.2384	530	76	190	0	0.0001 Colloc0 530 2682 0.0920159 158.053
1410	1	1886.94	19499.3	19488.2	11.0256	519	71	195	2	0.0001 Colloc0 519 2701 0.155581 145.186
1420	1	1900.22	19342.2	19332	10.1531	512	91	175	4	0.0001 Colloc0 512 2691 0.230305 97.4268
1430	1	1913.53	19475	19464.4	10.529	526	83	183	2	0.0001 Colloc0 526 2721 0.206438 116.939
1440	1	1927.03	19389.2	19377.3	11.915	513	84	182	0	0.0001 Colloc0 513 2703 0.0295756 201.619
1450	1	1939.86	19309.9	19300	9.89099	498	80	186	2	0.0001 Colloc0 498 2703 0.235381 84.8723
1460	1	1952.89	19514.4	19503.3	11.1719	507	80	186	1	0.0001 Colloc0 507 2747 0.129989 153.987
1470	1	1966.31	19454.4	19443.7	10.7708	498	71	195	1	0.0001 Colloc0 498 2733 0.094994 130.367
1480	1	1979.88	19470.3	19459.5	10.8157	515	67	199	3	0.0001 Colloc0 515 2721 0.118499 132.928
1490	1	1993.33	19518.6	19507.4	11.1987	510	73	193	1	0.0001 Colloc0 510 2702 0.0860116 155.619
1500	1	2006.66	19429.7	19419.6	10.0442	537	73	193	3	0.0001 Colloc0 537 2701 0.300128 92.0988
1510	1	2020.4	19454.2	19443.6	10.6367	519	76	190	3	0.0001 Colloc0 519 2709 0.178459 122.841
1520	1	2033.75	19632.3	19621.8	10.5024	529	67	199	1	0.0001 Colloc0 529 2730 0.145405 115.503
1530	1	2046.94	19510.6	19500.3	10.3169	510	76	190	1	0.0001 Colloc0 510 2707 0.184442 105.719
1540	1	2060.17	19526.8	19515.9	10.919	500	72	194	2	0.0001 Colloc0 500 2737 0.124534 138.902
1550	1	2073.31	19446.5	19435.7	10.8227	492	78	188	2	0.0001 Colloc0 492 2713 0.0950475 133.329
1560	1	2086.66	19513.1	19502.2	10.964	507	91	175	4	0.0001 Colloc0 507 2716 0.109499 141.542
1570	1	2099.64	19485.2	19474.4	10.8248	527	84	182	3	0.0001 Colloc0 527 2676 0.163633 133.449
1580	1	2112.67	19567.4	19556	11.4311	520	63	203	6	0.0001 Colloc0 520 2683 0.0417069 170.069
1590	1	2125.37	19483.3	19472.5	10.8943	508	79	187	0	0.0001 Colloc0 508 2708 0.128394 137.462
1600	1	2138.14	19439.8	19429.3	10.4446	510	67	199	2	0.0001 Colloc0 510 2696 0.18352 112.41
1610	1	2150.89	19479.9	19468.9	10.9866	525	73	193	3	0.0001 Colloc0 525 2690 0.114858 142.872
1620	1	2163.45	19659.1	19647.7	11.4381	540	63	203	2	0.0001 Colloc0 540 2695 0.109405 170.515
1630	1	2176.27	19435.7	19425.1	10.6406	522	82	184	1	0.0001 Colloc0 522 2685 0.17483 123.056
1640	1	2189.02	19469.3	19458.3	11.0472	499	83	183	1	0.0001 Colloc0 499 2719 0.0953551 146.469
1650	1	2201.55	19544.5	19533.4	11.0954	529	68	198	0	0.0001 Colloc0 529 2720 0.13951 149.356
1660	1	2213.87	19500.1	19490.1	9.98249	516	67	199	2	0.0001 Colloc0 516 2705 0.25395 89.1518
1670	1	2226.1	19482.2	19471	11.1872	527	86	180	1	0.0001 Colloc0 527 2679 0.10327 154.919
1680	1	2238.52	19570.6	19559.4	11.1706	524	73	193	0	0.0001 Colloc0 524 2695 0.104576 153.906
1690	1	2250.51	19514.9	19504.3	10.6359	499	80	186	1	0.0001 Colloc0 499 2716 0.108728 122.794
1700	1	2262.37	19501.1	19490.3	10.8108	503	73	193	4	0.0001 Colloc0 503 2733 0.105721 132.648
1710	1	2274.24	19504.4	19493.9	10.4425	508	79	187	2	0.0001 Colloc0 508 2714 0.125831 112.301
1720	1	2286.19	19429.7	19418.2	11.5062	515	81	185	2	0.0001 Colloc0 515 2667 0.0340648 174.841
1730	1	2297.88	19387.7	19376.9	10.8497	501	85	181	1	0.0001 Colloc0 501 2695 0.104107 134.883
1740	1	2309.7	19439.9	19429.2	10.6189	514	71	195	2	0.0001 Colloc0 514 2697 0.166168 121.858
1750	1	2321.44	19426.6	19415.9	10.6769	510	74	192	3	0.0001 Colloc0 510 2690 0.14688 125.076
1760	1	2333.39	19493	19482	10.9906	520	85	181	5	0.0001 Colloc0 520 2697 0.0978543 143.112
1770	1	2345.12	19503.2	19491.9	11.3863	521	85	181	2	0.0001 Colloc0 521 2713 0.0719324 167.251
1780	1	2357.09	19417.6	19406.5	11.1151	525	86	180	3	0.0001 Colloc0 525 2677 0.0989583 150.546
1790	1	2368.99	19467.2	19456.3	10.9638	532	75	191	3	0.0001 Colloc0 532 2682 0.121072 141.53
1800	1	2380.73	19507.8	19496.1	11.6565	523	74	192	3	0.0001 Colloc0 523 2707 0.0533295 184.53
1810	1	2392.28	19359.7	19349	10.6977	518	82	184	4	0.0001 Colloc0 518 2676 0.151467 126.24
1820	1	2403.95	19422.7	19411.8	10.8596	509	101	165	2	0.0001 Colloc0 509 2688 0.12532 135.451
1830	1	2415.61	19402.3	19390.9	11.4397	516	88	178	1	0.0001 Colloc0 516 2677 0.0286711 170.614
1840	1	2427.32	19497.7	19486.4	11.3804	523	84	182	1	0.0001 Colloc0 523 2701 0.119236 166.878
1850	1	2439.11	19493.8	19482.8	11.0684	521	78	188	3	0.0001 Colloc0 521 2694 0.132375 147.738
1860	1	2450.77	19463.9	19453	10.922	517	73	193	1	0.0001 Colloc0 517 2682 0.128128 139.079
1870	1	2462.46	19452.8	19441.7	11.0593	506	84	182	3	0.0001 Colloc0 506 2678 0.125389 147.195
1880	1	2474.32	19410.7	19400.2	10.4421	522	91	175	1	0.0001 Colloc0 522 2682 0.203818 112.28
1890	1	2486.12	19467.2	19456.6	10.5907	518	74	192	1	0.0001 Colloc0 518 2697 0.234907 120.303
1900	1	2497.86	19590.1	19579	11.0524	528	73	193	2	0.0001 Colloc0 528 2699 0.123709 146.78
1910	1	2509.63	19500.6	19489.1	11.4804	511	69	197	2	0.0001 Colloc0 511 2691 0.0388753 173.198
1920	1	2521.06	19511.9	19501	10.8656	522	79	187	3	0.0001 Colloc0 522 2708 0.120469 135.798
1930	1	2532.62	19539.5	19528.1	11.4407	529	74	192	3	0.0001 Colloc0 529 2705 0.0515843 170.681
1940	1	2544.48	19462	19451.1	10.8264	522	77	189	4	0.0001 Colloc0 522 2656 0.169363 133.542
1950	1	2556.37	19483.8	19473.1	10.6368	534	70	196	2	0.0001 Colloc0 534 2686 0.207165 122.845
1960	1	2568.02	19517.1	19506.6	10.4261	504	61	205	3	0.0001 Colloc0 504 2691 0.166132 111.431
1970	1	2579.7	19499.2	19488.2	10.9648	535	73	193	4	0.0001 Colloc0 535 2688 0.137813 141.585
1980	1	2591.24	19534.5	19523.8	10.7394	532	69	197	3	0.0001 Colloc0 532 2710 0.165238 128.584
1990	1	2602.73	19516.5	19505.6	10.9745	533	76	190	3	0.0001 Colloc0 533 2688 0.148731 142.162
2000	1	2614.12	19377.8	19366.1	11.6683	504	72	194	4	0.0001 Colloc0 504 2671 0.00198121 185.302
