# D = 0, E = 1, I = 1, P = 1, R = -1, n = 2000, N = 1, P = 1, w = 1, a = 0.0001, b = 10000, e = 1, f = 1, g = 100, h = 0.01, r = 10658, s = 1, S = 0, x = 10, m = 100, Z = 1, z = 0, T = 1, t = 1
# 6856 tokens in 266 sentences
#
# It	Temp	Time	-logP	-logPcorpus	-logPrior	tables	same	changed	reject	default_pya	(parent pym pyn pya pyb)*
0	1	1.08384	28026.4	27912.6	113.764	2459	0	266	0	0.0001 Colloc0 2459 3461 0.0001 10000
10	1	15.7806	21340.6	21329	11.6277	633	26	240	1	0.0001 Colloc0 633 2922 0.0763575 182.661
20	1	28.9986	20952.1	20939.6	12.4759	589	39	227	2	0.0001 Colloc0 589 2915 0.0119505 240.32
30	1	42.3786	20623	20611.1	11.9486	533	51	215	5	0.0001 Colloc0 533 2907 0.00730257 203.871
40	1	55.6905	20545.5	20534.2	11.2493	595	44	222	4	0.0001 Colloc0 595 2847 0.123449 158.728
50	1	69.0545	20335.2	20323.6	11.5854	538	47	219	2	0.0001 Colloc0 538 2865 0.0467506 179.923
60	1	82.2095	20438.7	20426.9	11.7729	580	42	224	1	0.0001 Colloc0 580 2849 0.0903375 192.164
70	1	95.1935	20264.6	20252.6	12.0162	541	56	210	1	0.0001 Colloc0 541 2834 0.0256466 208.443
80	1	108.723	20254	20243.1	10.9093	561	64	202	2	0.0001 Colloc0 561 2817 0.132721 138.335
90	1	122.132	20114.3	20102.2	12.0777	546	65	201	2	0.0001 Colloc0 546 2804 0.0137632 212.627
100	1	134.985	20112.8	20101	11.8146	545	59	207	2	0.0001 Colloc0 545 2816 0.0257965 194.921
110	1	148.466	20255.9	20244.5	11.4389	554	61	205	1	0.0001 Colloc0 554 2795 0.0795562 170.567
120	1	162.024	20139	20127	12.0237	550	54	212	0	0.0001 Colloc0 550 2792 0.0143706 208.953
130	1	175.241	19985	19974	10.9831	533	73	193	2	0.0001 Colloc0 533 2765 0.111724 142.666
140	1	188.592	20102.2	20090.3	11.882	558	62	204	3	0.0001 Colloc0 558 2806 0.0273385 199.408
150	1	201.635	20081.1	20069.2	11.9331	559	60	206	2	0.0001 Colloc0 559 2764 0.0340847 202.835
160	1	215.086	19943.6	19932.3	11.2471	548	67	199	3	0.0001 Colloc0 548 2781 0.0803249 158.591
170	1	228.566	20141.9	20130.1	11.7318	558	59	207	1	0.0001 Colloc0 558 2798 0.0296785 189.456
180	1	242.108	19931.2	19919.9	11.3125	546	69	197	0	0.0001 Colloc0 546 2767 0.0858005 162.64
190	1	255.741	19859.3	19847.7	11.5831	514	67	199	1	0.0001 Colloc0 514 2795 0.00768275 179.777
200	1	268.85	20027.6	20015.9	11.7152	549	55	211	4	0.0001 Colloc0 549 2763 0.0566287 188.365
210	1	282.105	19943.3	19931.3	12.0599	542	69	197	1	0.0001 Colloc0 542 2766 0.00433413 211.414
220	1	295.305	19886.7	19875.7	11.0606	542	64	202	4	0.0001 Colloc0 542 2774 0.152707 147.272
230	1	308.287	20009.3	19998.3	10.9512	590	67	199	0	0.0001 Colloc0 590 2768 0.222742 140.786
240	1	321.611	19983.4	19972.4	11.0337	556	58	208	1	0.0001 Colloc0 556 2768 0.106624 145.668
250	1	334.809	19848.3	19836.7	11.6846	564	65	201	3	0.0001 Colloc0 564 2748 0.0593816 186.365
260	1	348.316	19827.3	19815.4	11.9208	541	66	200	1	0.0001 Colloc0 541 2723 0.0159496 202.002
270	1	361.827	19661.3	19650.1	11.2248	533	75	191	1	0.0001 Colloc0 533 2735 0.0866333 157.219
280	1	375.158	19736.5	19724.9	11.68	530	78	188	6	0.0001 Colloc0 530 2754 0.0121813 186.061
290	1	388.134	19855.3	19843.7	11.6132	543	63	203	2	0.0001 Colloc0 543 2789 0.114662 181.724
300	1	401.631	19809.8	19799.1	10.7404	543	65	201	3	0.0001 Colloc0 543 2727 0.13968 128.638
310	1	414.984	19741.6	19730.8	10.8593	529	69	197	2	0.0001 Colloc0 529 2738 0.132348 135.438
320	1	428.339	19774.7	19764	10.6858	542	74	192	3	0.0001 Colloc0 542 2775 0.196043 125.573
330	1	441.748	19653.7	19642.8	10.8597	545	75	191	0	0.0001 Colloc0 545 2708 0.152897 135.459
340	1	455.39	19748.3	19736.9	11.344	571	61	205	1	0.0001 Colloc0 571 2731 0.137365 164.602
350	1	468.969	19553.7	19542.3	11.3387	530	82	184	3	0.0001 Colloc0 530 2682 0.0932759 164.266
360	1	482.27	19605.9	19594.9	11.0253	522	71	195	0	0.0001 Colloc0 522 2720 0.095045 145.167
370	1	495.536	19567.4	19556.1	11.3477	528	80	186	1	0.0001 Colloc0 528 2677 0.0915278 164.832
380	1	508.803	19660.3	19648.8	11.5145	524	65	201	1	0.0001 Colloc0 524 2735 0.080624 175.374
390	1	522.132	19677.9	19666	11.8682	552	80	186	3	0.0001 Colloc0 552 2718 0.0318761 198.487
400	1	535.446	19589.3	19578.8	10.5549	541	68	198	2	0.0001 Colloc0 541 2695 0.197473 118.346
410	1	548.812	19473.7	19463.2	10.4535	510	76	190	2	0.0001 Colloc0 510 2706 0.174618 112.888
420	1	562.167	19747.2	19735.9	11.3654	525	69	197	2	0.0001 Colloc0 525 2727 0.0666137 165.938
430	1	575.244	19706.4	19694.7	11.7702	532	76	190	2	0.0001 Colloc0 532 2740 0.0238679 191.983
440	1	588.652	19600.5	19589.3	11.2049	528	74	192	2	0.0001 Colloc0 528 2708 0.137883 156.002
450	1	602.219	19689.3	19678.1	11.2571	539	72	194	2	0.0001 Colloc0 539 2742 0.119476 159.209
460	1	615.499	19771.1	19760.1	11.0059	560	65	201	2	0.0001 Colloc0 560 2726 0.155518 144.013
470	1	628.946	19638.6	19627.7	10.9122	537	75	191	1	0.0001 Colloc0 537 2714 0.0888039 138.507
480	1	642.208	19724.8	19713.4	11.4597	551	73	193	3	0.0001 Colloc0 551 2709 0.0803834 171.881
490	1	655.811	19612.7	19601.8	10.9855	532	79	187	3	0.0001 Colloc0 532 2709 0.124755 142.809
500	1	669.101	19566.8	19555.9	10.9244	498	74	192	2	0.0001 Colloc0 498 2709 0.0840165 139.216
510	1	682.213	19786.6	19774.9	11.6541	534	63	203	1	0.0001 Colloc0 534 2703 0.0486679 184.376
520	1	695.694	19539.4	19528.6	10.8228	514	71	195	2	0.0001 Colloc0 514 2708 0.100666 133.332
530	1	708.904	19586.2	19574.8	11.4091	520	78	188	2	0.0001 Colloc0 520 2729 0.0342142 168.681
540	1	722.029	19543.3	19531.8	11.5123	500	76	190	2	0.0001 Colloc0 500 2711 0.00341279 175.235
550	1	735.214	19628.1	19617.2	10.9325	531	72	194	2	0.0001 Colloc0 531 2709 0.150473 139.694
560	1	748.562	19774.5	19763.1	11.3729	559	53	213	3	0.0001 Colloc0 559 2705 0.16204 166.405
570	1	761.526	19838.7	19827.9	10.7854	525	54	212	1	0.0001 Colloc0 525 2751 0.115942 131.194
580	1	775.066	19537.2	19525.7	11.5248	512	63	203	2	0.0001 Colloc0 512 2726 0.0487017 176.034
590	1	788.532	19579.7	19568.7	10.9941	509	71	195	3	0.0001 Colloc0 509 2730 0.0779761 143.318
600	1	801.911	19423.2	19412.6	10.6219	499	90	176	3	0.0001 Colloc0 499 2713 0.171526 122.02
610	1	814.783	19657.3	19645.8	11.5082	494	68	198	3	0.0001 Colloc0 494 2755 0.0325322 174.973
620	1	827.796	19569.9	19558.4	11.4775	513	73	193	1	0.0001 Colloc0 513 2722 0.0257758 173.014
630	1	841.183	19568.2	19556.9	11.3442	520	73	193	2	0.0001 Colloc0 520 2735 0.070545 164.612
640	1	854.252	19594.2	19583.2	11.022	520	78	188	1	0.0001 Colloc0 520 2724 0.111103 144.972
650	1	867.524	19535.6	19524.7	10.9854	526	75	191	1	0.0001 Colloc0 526 2703 0.0796577 142.805
660	1	881.001	19512.4	19501.4	11.0052	535	75	191	0	0.0001 Colloc0 535 2707 0.149538 143.976
670	1	894.493	19577.8	19567	10.7244	534	69	197	1	0.0001 Colloc0 534 2713 0.170433 127.741
680	1	907.777	19610.1	19599.1	11.0083	508	69	197	4	0.0001 Colloc0 508 2737 0.128698 144.155
690	1	920.503	19624.3	19613	11.3134	513	72	194	1	0.0001 Colloc0 513 2756 0.0661077 162.695
700	1	933.747	19636.8	19625.9	10.9257	520	55	211	2	0.0001 Colloc0 520 2727 0.134467 139.297
710	1	947.094	19761.7	19750.6	11.0876	547	56	210	1	0.0001 Colloc0 547 2751 0.110153 148.89
720	1	960.588	19689.9	19678.5	11.3638	531	55	211	1	0.0001 Colloc0 531 2704 0.0953466 165.84
730	1	974.089	19648.4	19637.1	11.228	521	64	202	1	0.0001 Colloc0 521 2707 0.0807865 157.414
740	1	987.38	19556.6	19545.4	11.1619	521	70	196	2	0.0001 Colloc0 521 2701 0.117338 153.377
750	1	1000.69	19594.5	19583.2	11.3034	526	67	199	0	0.0001 Colloc0 526 2726 0.0487619 162.072
760	1	1014.24	19585.6	19574.7	10.9139	533	73	193	3	0.0001 Colloc0 533 2704 0.135238 138.608
770	1	1027.82	19445.7	19434.3	11.3626	535	82	184	3	0.0001 Colloc0 535 2708 0.109819 165.761
780	1	1041.56	19365.1	19354.4	10.7456	512	89	177	4	0.0001 Colloc0 512 2719 0.130765 128.938
790	1	1054.94	19377.1	19366	11.0881	509	77	189	3	0.0001 Colloc0 509 2675 0.111762 148.917
800	1	1068.5	19416.8	19405.3	11.5062	521	81	185	0	0.0001 Colloc0 521 2699 0.0743341 174.844
810	1	1081.76	19385.5	19374.9	10.5798	518	83	183	2	0.0001 Colloc0 518 2691 0.152047 119.709
820	1	1094.96	19536.6	19525.1	11.4837	517	74	192	2	0.0001 Colloc0 517 2715 0.0468234 173.407
830	1	1108.41	19434.1	19423.2	10.8675	524	83	183	2	0.0001 Colloc0 524 2710 0.129866 135.911
840	1	1121.88	19493.2	19482.6	10.6277	533	72	194	1	0.0001 Colloc0 533 2706 0.205788 122.341
850	1	1135.03	19557.9	19547.3	10.554	523	75	191	0	0.0001 Colloc0 523 2711 0.161717 118.299
860	1	1148.52	19512	19501.7	10.3842	531	64	202	7	0.0001 Colloc0 531 2708 0.204152 109.219
870	1	1161.93	19458.9	19447.5	11.3575	521	83	183	5	0.0001 Colloc0 521 2703 0.0707496 165.441
880	1	1175.4	19654.8	19643.1	11.6619	525	65	201	3	0.0001 Colloc0 525 2762 0.0414388 184.882
890	1	1188.25	19520.1	19509.5	10.5729	526	73	193	6	0.0001 Colloc0 526 2719 0.201739 119.33
900	1	1201.4	19440.4	19429.7	10.7304	523	84	182	1	0.0001 Colloc0 523 2707 0.171384 128.077
910	1	1214.9	19532.3	19521.3	11.0231	538	68	198	5	0.0001 Colloc0 538 2686 0.0885533 145.035
920	1	1228.3	19562.6	19551.1	11.5283	530	81	185	1	0.0001 Colloc0 530 2705 0.0474684 176.259
930	1	1241.61	19515.3	19503.6	11.6943	515	71	195	0	0.0001 Colloc0 515 2703 0.00363948 187.001
940	1	1255.07	19384.3	19373.7	10.617	514	88	178	1	0.0001 Colloc0 514 2702 0.0958112 121.75
950	1	1268.31	19468.8	19457.6	11.1431	522	84	182	2	0.0001 Colloc0 522 2735 0.0774741 152.236
960	1	1281.84	19491.7	19480.5	11.1942	523	80	186	0	0.0001 Colloc0 523 2740 0.153335 155.345
970	1	1294.89	19512.1	19501.1	11.0475	523	71	195	0	0.0001 Colloc0 523 2722 0.102137 146.486
980	1	1308.42	19416.1	19405.2	10.8383	497	87	179	3	0.0001 Colloc0 497 2718 0.0994995 134.224
990	1	1321.47	19497.4	19486.8	10.6786	514	80	186	1	0.0001 Colloc0 514 2716 0.165386 125.168
1000	1	1334.64	19518.4	19507	11.35	533	62	204	2	0.0001 Colloc0 533 2708 0.0941842 164.971
1010	1	1347.89	19470.5	19459.4	11.0905	550	75	191	1	0.0001 Colloc0 550 2684 0.188737 149.061
1020	1	1361.16	19509.8	19499	10.8128	519	69	197	1	0.0001 Colloc0 519 2726 0.0941458 132.758
1030	1	1374.69	19469.4	19458.4	11.0042	543	70	196	2	0.0001 Colloc0 543 2703 0.134731 143.913
1040	1	1388.08	19369.2	19358	11.1562	533	89	177	3	0.0001 Colloc0 533 2647 0.128672 153.033
1050	1	1401.1	19567.8	19556.4	11.4034	517	75	191	6	0.0001 Colloc0 517 2689 0.0413555 168.323
1060	1	1414.57	19403.4	19392.4	11.0152	522	87	179	0	0.0001 Colloc0 522 2715 0.120285 144.565
1070	1	1428.01	19307.6	19296.5	11.0441	508	85	181	4	0.0001 Colloc0 508 2648 0.121682 146.284
1080	1	1441.34	19360.9	19349.1	11.7507	512	85	181	2	0.0001 Colloc0 512 2703 0.000334377 190.696
1090	1	1454.26	19423.4	19412.2	11.268	510	81	185	0	0.0001 Colloc0 510 2697 0.0394926 159.879
1100	1	1467.2	19273.7	19263	10.7143	504	86	180	0	0.0001 Colloc0 504 2687 0.152442 127.172
1110	1	1480.71	19401.2	19389.5	11.7316	537	79	187	5	0.0001 Colloc0 537 2682 0.0603987 189.445
1120	1	1493.91	19306.9	19295.7	11.2696	511	88	178	2	0.0001 Colloc0 511 2676 0.0752128 159.979
1130	1	1507.25	19398.3	19387.3	10.9994	514	81	185	2	0.0001 Colloc0 514 2667 0.0875104 143.63
1140	1	1520.72	19309.7	19299.6	10.1609	523	71	195	2	0.0001 Colloc0 523 2646 0.222126 97.8112
1150	1	1534.07	19398.9	19387.9	11.0284	530	77	189	2	0.0001 Colloc0 530 2694 0.129657 145.352
1160	1	1547.39	19345.6	19334.8	10.7548	510	83	183	1	0.0001 Colloc0 510 2686 0.135336 129.456
1170	1	1560.57	19435	19424.1	10.8656	528	77	189	1	0.0001 Colloc0 528 2713 0.178735 135.797
1180	1	1573.91	19493.1	19481.4	11.6751	540	72	194	3	0.0001 Colloc0 540 2694 0.0533445 185.743
1190	1	1586.91	19480.2	19469.1	11.1676	547	82	184	4	0.0001 Colloc0 547 2674 0.143533 153.725
1200	1	1600.08	19334.9	19323.5	11.3785	525	90	176	1	0.0001 Colloc0 525 2653 0.107778 166.761
1210	1	1613.55	19495.5	19484.2	11.3532	528	77	189	2	0.0001 Colloc0 528 2700 0.0763645 165.175
1220	1	1626.91	19467.5	19456.6	10.8615	517	79	187	2	0.0001 Colloc0 517 2717 0.137182 135.561
1230	1	1640.22	19447.3	19436.1	11.1544	547	85	181	1	0.0001 Colloc0 547 2669 0.147624 152.923
1240	1	1653.66	19423.8	19412.9	10.9183	525	80	186	2	0.0001 Colloc0 525 2703 0.144233 138.859
1250	1	1667.1	19356.1	19344.9	11.2087	505	86	180	1	0.0001 Colloc0 505 2706 0.0972831 156.234
1260	1	1680.58	19359.3	19347.9	11.444	523	74	192	5	0.0001 Colloc0 523 2687 0.0744448 170.886
1270	1	1694.02	19528.5	19517.6	10.944	532	77	189	2	0.0001 Colloc0 532 2698 0.163528 140.366
1280	1	1707.34	19408.6	19397.7	10.9196	541	72	194	1	0.0001 Colloc0 541 2646 0.183563 138.937
1290	1	1720.82	19400.9	19389.4	11.4933	522	79	187	3	0.0001 Colloc0 522 2681 0.0378874 174.019
1300	1	1734.08	19300	19288.8	11.2257	509	83	183	2	0.0001 Colloc0 509 2683 0.0644996 157.273
1310	1	1747.62	19376	19364.8	11.1611	517	81	185	2	0.0001 Colloc0 517 2679 0.116082 153.331
1320	1	1761	19435	19424.3	10.6719	523	74	192	1	0.0001 Colloc0 523 2659 0.142199 124.798
1330	1	1774.06	19428.9	19417.6	11.2657	524	73	193	1	0.0001 Colloc0 524 2672 0.0882266 159.738
1340	1	1787.31	19353.6	19342.2	11.3726	522	83	183	2	0.0001 Colloc0 522 2683 0.0913567 166.385
1350	1	1800.44	19325.2	19314.1	11.0734	511	69	197	4	0.0001 Colloc0 511 2629 0.108426 148.037
1360	1	1813.88	19489.4	19477.7	11.6942	526	76	190	5	0.0001 Colloc0 526 2704 0.0118239 186.994
1370	1	1827.2	19551.7	19540.2	11.505	532	69	197	3	0.0001 Colloc0 532 2721 0.034344 174.764
1380	1	1840.47	19477.7	19466.8	10.8387	530	72	194	3	0.0001 Colloc0 530 2687 0.135437 134.25
1390	1	1853.55	19309.4	19298	11.4275	532	82	184	5	0.0001 Colloc0 532 2645 0.0628965 169.843
1400	1	1866.67	19244.1	19233.3	10.7587	522	93	173	2	0.0001 Colloc0 522 2652 0.183011 129.678
1410	1	1880.22	19382	19371.3	10.7147	542	76	190	1	0.0001 Colloc0 542 2659 0.185431 127.193
1420	1	1893.68	19371.6	19360.5	11.1296	509	90	176	2	0.0001 Colloc0 509 2709 0.132813 151.423
1430	1	1907.22	19339.7	19329.1	10.5432	528	86	180	2	0.0001 Colloc0 528 2660 0.196905 117.711
1440	1	1920.71	19370.9	19360.6	10.3261	529	88	178	1	0.0001 Colloc0 529 2687 0.204331 106.196
1450	1	1934	19318	19307.4	10.6367	510	86	180	1	0.0001 Colloc0 510 2663 0.137087 122.841
1460	1	1947.42	19383.9	19372.7	11.1548	531	82	184	4	0.0001 Colloc0 531 2650 0.143852 152.949
1470	1	1960.86	19431.6	19420.7	10.9423	529	77	189	3	0.0001 Colloc0 529 2661 0.115393 140.269
1480	1	1974.06	19488.7	19477.4	11.3419	526	77	189	1	0.0001 Colloc0 526 2671 0.0674811 164.468
1490	1	1987.26	19369	19357.8	11.2095	512	95	171	1	0.0001 Colloc0 512 2680 0.0534678 156.281
1500	1	2000.45	19587.4	19577	10.3407	539	60	206	3	0.0001 Colloc0 539 2678 0.21297 106.954
1510	1	2013.89	19500.6	19489.5	11.0898	542	64	202	1	0.0001 Colloc0 542 2656 0.121025 149.02
1520	1	2027.12	19427.5	19416.2	11.2776	519	60	206	3	0.0001 Colloc0 519 2649 0.0714512 160.474
1530	1	2040.13	19623.1	19611.4	11.7376	554	60	206	1	0.0001 Colloc0 554 2701 0.0779222 189.838
1540	1	2053.06	19484.6	19473.3	11.3117	502	66	200	5	0.0001 Colloc0 502 2688 0.0134123 162.587
1550	1	2065.89	19424.2	19412.6	11.5793	515	71	195	1	0.0001 Colloc0 515 2671 0.0300012 179.535
1560	1	2078.91	19422	19410.3	11.75	520	78	188	2	0.0001 Colloc0 520 2684 0.0061163 190.652
1570	1	2091.75	19325.4	19314.4	11.0477	524	76	190	4	0.0001 Colloc0 524 2659 0.13319 146.502
1580	1	2104.89	19426.1	19415.2	10.9436	522	76	190	1	0.0001 Colloc0 522 2665 0.150004 140.342
1590	1	2117.64	19575	19563.5	11.4483	546	69	197	1	0.0001 Colloc0 546 2703 0.0678061 171.161
1600	1	2130.3	19588.5	19577.3	11.1773	527	72	194	4	0.0001 Colloc0 527 2705 0.0784975 154.316
1610	1	2143.03	19593.6	19582.8	10.8509	533	69	197	0	0.0001 Colloc0 533 2719 0.161388 134.953
1620	1	2155.87	19353.4	19342.7	10.7284	520	79	187	1	0.0001 Colloc0 520 2643 0.130986 127.961
1630	1	2168.8	19327.2	19316.6	10.5956	519	87	179	1	0.0001 Colloc0 519 2654 0.207093 120.574
1640	1	2181.31	19403.5	19392.2	11.309	518	79	187	0	0.0001 Colloc0 518 2694 0.0667719 162.422
1650	1	2193.43	19434	19422.5	11.483	510	67	199	2	0.0001 Colloc0 510 2689 0.102353 173.362
1660	1	2205.17	19504.8	19493.7	11.0233	518	77	189	4	0.0001 Colloc0 518 2702 0.100452 145.05
1670	1	2217.33	19481.6	19470.4	11.1494	532	66	200	3	0.0001 Colloc0 532 2692 0.108117 152.619
1680	1	2229.28	19495.8	19485.2	10.6131	520	68	198	2	0.0001 Colloc0 520 2702 0.159395 121.534
1690	1	2241.16	19539.4	19528.2	11.1461	527	67	199	0	0.0001 Colloc0 527 2714 0.0981893 152.419
1700	1	2253.01	19451.1	19439.4	11.6574	533	74	192	3	0.0001 Colloc0 533 2674 0.0408768 184.593
1710	1	2264.89	19513.9	19502.8	11.1585	530	79	187	3	0.0001 Colloc0 530 2714 0.096696 153.173
1720	1	2276.76	19415.3	19403.7	11.5759	525	82	184	3	0.0001 Colloc0 525 2664 0.0587841 179.316
1730	1	2288.59	19546.7	19536	10.7206	556	72	194	4	0.0001 Colloc0 556 2694 0.147997 127.527
1740	1	2300.46	19333.6	19322.1	11.4854	501	84	182	1	0.0001 Colloc0 501 2645 0.0116539 173.517
1750	1	2312.15	19310.5	19299.3	11.1769	503	77	189	3	0.0001 Colloc0 503 2679 0.0730752 154.29
1760	1	2324.02	19412.6	19401.7	10.9913	535	84	182	1	0.0001 Colloc0 535 2665 0.135774 143.153
1770	1	2335.77	19288.7	19277.5	11.1766	511	80	186	2	0.0001 Colloc0 511 2673 0.0728212 154.27
1780	1	2347.53	19360.8	19350.1	10.6651	514	78	188	0	0.0001 Colloc0 514 2676 0.166698 124.416
1790	1	2359.44	19373.1	19361.9	11.1288	530	81	185	4	0.0001 Colloc0 530 2673 0.106011 151.37
1800	1	2371.22	19403.1	19391.8	11.3133	513	77	189	1	0.0001 Colloc0 513 2697 0.0483556 162.687
1810	1	2382.93	19437.1	19425.7	11.3532	526	77	189	1	0.0001 Colloc0 526 2673 0.0909867 165.175
1820	1	2394.58	19350	19338.8	11.207	524	76	190	2	0.0001 Colloc0 524 2651 0.0865018 156.127
1830	1	2406.45	19353.5	19342.8	10.7118	540	73	193	3	0.0001 Colloc0 540 2648 0.196779 127.028
1840	1	2418.32	19425	19414.3	10.6441	517	76	190	2	0.0001 Colloc0 517 2672 0.165765 123.25
1850	1	2430.26	19349.7	19338.7	11.021	550	83	183	1	0.0001 Colloc0 550 2649 0.192168 144.913
1860	1	2441.91	19357	19346.1	10.9092	533	83	183	2	0.0001 Colloc0 533 2639 0.179939 138.329
1870	1	2453.64	19391.8	19380.8	11.0134	527	78	188	6	0.0001 Colloc0 527 2632 0.110917 144.462
1880	1	2465.4	19443.2	19431.7	11.4527	522	77	189	1	0.0001 Colloc0 522 2670 0.0588966 171.441
1890	1	2477.04	19418	19406.7	11.3069	530	73	193	1	0.0001 Colloc0 530 2690 0.0602031 162.287
1900	1	2488.8	19451.6	19440.7	10.9248	534	66	200	3	0.0001 Colloc0 534 2681 0.154635 139.244
1910	1	2500.66	19329.7	19318.1	11.5778	531	79	187	1	0.0001 Colloc0 531 2648 0.0891655 179.433
1920	1	2512.25	19453.6	19442.4	11.2164	531	73	193	2	0.0001 Colloc0 531 2679 0.070632 156.703
1930	1	2523.91	19337.4	19326.3	11.0771	525	79	187	1	0.0001 Colloc0 525 2674 0.125499 148.26
1940	1	2535.62	19355.3	19343.8	11.467	529	73	193	1	0.0001 Colloc0 529 2677 0.076437 172.345
1950	1	2547.01	19443.4	19432.6	10.8025	511	71	195	3	0.0001 Colloc0 511 2704 0.157561 132.173
1960	1	2558.28	19403.9	19392.5	11.3711	505	81	185	1	0.0001 Colloc0 505 2680 0.0642113 166.293
1970	1	2569.46	19359.7	19349.3	10.3714	528	82	184	2	0.0001 Colloc0 528 2644 0.161606 108.552
1980	1	2580.37	19325.9	19314.3	11.6337	530	80	186	2	0.0001 Colloc0 530 2645 0.062837 183.049
1990	1	2591.65	19398.9	19387.6	11.318	523	82	184	1	0.0001 Colloc0 523 2650 0.0617885 162.976
2000	1	2601.72	19351.7	19340.6	11.1082	503	77	189	1	0.0001 Colloc0 503 2666 0.0931703 150.131
