# D = 0, E = 1, I = 1, P = 1, R = -1, n = 2000, N = 1, P = 1, w = 1, a = 0.0001, b = 10000, e = 1, f = 1, g = 100, h = 0.01, r = 18138, s = 1, S = 0, x = 10, m = 100, Z = 1, z = 0, T = 1, t = 1
# 6856 tokens in 266 sentences
#
# It	Temp	Time	-logP	-logPcorpus	-logPrior	tables	same	changed	reject	default_pya	(parent pym pyn pya pyb)*
0	1	1.03884	26615.7	26502	113.764	1807	0	266	0	0.0001 Colloc0 1807 2556 0.0001 10000
10	1	15.1537	21024.3	21011.9	12.4563	695	40	226	2	0.0001 Colloc0 695 2776 0.10064 238.936
20	1	28.0407	20695	20683	11.9678	580	43	223	5	0.0001 Colloc0 580 2817 0.0393021 205.168
30	1	41.8776	20663.6	20651.2	12.3601	575	38	228	2	0.0001 Colloc0 575 2780 0.000199774 232.163
40	1	55.2356	20564.7	20552.9	11.8158	585	39	227	2	0.0001 Colloc0 585 2796 0.0675365 195.003
50	1	68.4216	20421.1	20408.8	12.3745	590	47	219	0	0.0001 Colloc0 590 2768 0.0779147 233.169
60	1	81.7626	20310.6	20298.7	11.9105	582	52	214	0	0.0001 Colloc0 582 2757 0.0420668 201.312
70	1	95.5915	20097.4	20085.8	11.5625	563	60	206	1	0.0001 Colloc0 563 2745 0.0638641 178.448
80	1	109.236	20107.6	20095.6	11.9708	579	60	206	1	0.0001 Colloc0 579 2760 0.0914198 205.371
90	1	122.711	20040.5	20029.5	11.0353	561	66	200	1	0.0001 Colloc0 561 2740 0.162995 145.76
100	1	136.391	20057.8	20046.9	10.8971	587	62	204	3	0.0001 Colloc0 587 2723 0.207574 137.626
110	1	149.91	20059.3	20047.6	11.6515	559	62	204	5	0.0001 Colloc0 559 2751 0.0550327 184.205
120	1	163.098	20121.5	20110	11.5518	572	58	208	2	0.0001 Colloc0 572 2750 0.0978356 177.764
130	1	176.586	20065.8	20054.1	11.7331	582	66	200	0	0.0001 Colloc0 582 2729 0.0881736 189.542
140	1	189.821	19972.6	19961.3	11.2685	555	63	203	1	0.0001 Colloc0 555 2733 0.123741 159.912
150	1	203.293	20061.9	20051.2	10.713	579	65	201	4	0.0001 Colloc0 579 2720 0.191799 127.098
160	1	216.806	19976.8	19965.6	11.1266	552	63	203	3	0.0001 Colloc0 552 2712 0.10504 151.238
170	1	230.321	19963.9	19952.7	11.2177	546	64	202	2	0.0001 Colloc0 546 2728 0.112269 156.786
180	1	243.318	19999.2	19988.5	10.6662	566	63	203	1	0.0001 Colloc0 566 2713 0.179576 124.476
190	1	256.95	19995.9	19984.4	11.5073	548	55	211	0	0.0001 Colloc0 548 2762 0.0669902 174.914
200	1	270.404	19940.4	19929.2	11.215	558	64	202	1	0.0001 Colloc0 558 2713 0.13243 156.62
210	1	283.967	20106.2	20094.8	11.4316	554	60	206	1	0.0001 Colloc0 554 2757 0.0650703 170.103
220	1	297.273	20080.5	20068.7	11.7639	555	66	200	1	0.0001 Colloc0 555 2764 0.00898719 191.568
230	1	310.131	19921.9	19910.5	11.4079	555	72	194	2	0.0001 Colloc0 555 2713 0.0889512 168.607
240	1	323.159	19894.1	19882.4	11.6759	535	69	197	4	0.0001 Colloc0 535 2724 0.0541487 185.794
250	1	336.805	19977.7	19966.3	11.3666	539	57	209	2	0.0001 Colloc0 539 2732 0.0394353 166.015
260	1	350.358	19906.4	19895.5	10.8812	546	65	201	2	0.0001 Colloc0 546 2783 0.160367 136.702
270	1	363.92	19967.9	19957	10.9913	561	65	201	3	0.0001 Colloc0 561 2736 0.15311 143.148
280	1	376.861	19836.3	19825.5	10.846	548	72	194	1	0.0001 Colloc0 548 2735 0.152579 134.667
290	1	389.811	19939.1	19927.9	11.2141	559	65	201	3	0.0001 Colloc0 559 2755 0.174114 156.563
300	1	403.16	19949.8	19939	10.8264	560	64	202	2	0.0001 Colloc0 560 2739 0.181246 133.538
310	1	416.622	19903.6	19892.2	11.3954	578	58	208	1	0.0001 Colloc0 578 2709 0.142592 167.822
320	1	430.379	20013	20001.4	11.5727	560	64	202	3	0.0001 Colloc0 560 2748 0.0565555 179.105
330	1	443.501	19877.2	19866.2	11.032	542	62	204	0	0.0001 Colloc0 542 2725 0.143975 145.564
340	1	456.869	19871.2	19860.1	11.0201	559	74	192	2	0.0001 Colloc0 559 2753 0.127944 144.859
350	1	470.374	19950.7	19939.9	10.7917	534	64	202	1	0.0001 Colloc0 534 2777 0.138168 131.553
360	1	484.187	19829.2	19818.3	10.8739	549	68	198	2	0.0001 Colloc0 549 2737 0.182077 136.281
370	1	497.789	19855.7	19845.1	10.5619	534	66	200	7	0.0001 Colloc0 534 2712 0.226349 118.73
380	1	511.197	19755.7	19744.5	11.1984	528	70	196	2	0.0001 Colloc0 528 2704 0.106036 155.603
390	1	524.918	19809.4	19798.9	10.517	561	67	199	1	0.0001 Colloc0 561 2713 0.248948 116.293
400	1	538.05	19786.4	19775.4	11.0647	538	75	191	4	0.0001 Colloc0 538 2705 0.0858927 147.518
410	1	551.559	19821.1	19810	11.1002	564	74	192	0	0.0001 Colloc0 564 2706 0.156314 149.647
420	1	565.291	19713.2	19701.4	11.8338	557	75	191	2	0.0001 Colloc0 557 2684 0.0370698 196.196
430	1	578.37	19670.2	19658.9	11.2663	545	70	196	3	0.0001 Colloc0 545 2698 0.114379 159.772
440	1	591.365	19741.8	19730.1	11.6347	562	77	189	1	0.0001 Colloc0 562 2711 0.126633 183.116
450	1	604.889	19823	19811.3	11.7485	549	67	199	5	0.0001 Colloc0 549 2674 0.0694339 190.557
460	1	618.671	19848.8	19837.5	11.3225	575	63	203	5	0.0001 Colloc0 575 2678 0.115831 163.256
470	1	631.797	19836.3	19824.7	11.5443	563	70	196	2	0.0001 Colloc0 563 2673 0.0549708 177.28
480	1	645.495	19865.7	19854.7	10.9414	561	56	210	1	0.0001 Colloc0 561 2684 0.167811 140.212
490	1	659.14	19694.4	19682.9	11.4792	539	74	192	0	0.0001 Colloc0 539 2690 0.0647831 173.12
500	1	672.879	19754.2	19742.6	11.5094	541	68	198	1	0.0001 Colloc0 541 2683 0.0860298 175.046
510	1	686.617	19792.9	19782	10.8457	562	71	195	2	0.0001 Colloc0 562 2666 0.172107 134.653
520	1	700.212	19660.4	19649.7	10.7595	540	72	194	3	0.0001 Colloc0 540 2681 0.198166 129.723
530	1	713.899	19966.9	19956.2	10.6992	568	63	203	0	0.0001 Colloc0 568 2729 0.201506 126.322
540	1	727.04	19968.8	19957.3	11.4666	548	65	201	1	0.0001 Colloc0 548 2717 0.0414707 172.32
550	1	740.739	19737.1	19726.4	10.696	542	76	190	1	0.0001 Colloc0 542 2687 0.142504 126.145
560	1	754.102	19774.2	19763.4	10.7584	545	64	202	1	0.0001 Colloc0 545 2666 0.172839 129.66
570	1	767.605	19834.1	19823	11.1862	561	72	194	2	0.0001 Colloc0 561 2690 0.153885 154.86
580	1	781.154	19677.3	19666.3	11.0432	555	63	203	4	0.0001 Colloc0 555 2658 0.13643 146.233
590	1	794.608	19820.1	19809	11.0665	568	65	201	2	0.0001 Colloc0 568 2676 0.156383 147.625
600	1	808.212	19672.3	19661.4	10.8835	579	74	192	2	0.0001 Colloc0 579 2671 0.193037 136.836
610	1	821.885	19747.9	19736.7	11.202	571	67	199	2	0.0001 Colloc0 571 2678 0.139127 155.822
620	1	835.32	19887.6	19876.4	11.2763	534	62	204	2	0.0001 Colloc0 534 2710 0.133985 160.391
630	1	848.958	19847.9	19836.8	11.1481	559	66	200	1	0.0001 Colloc0 559 2689 0.140655 152.54
640	1	862.597	19825.4	19814.3	11.0954	574	73	193	1	0.0001 Colloc0 574 2696 0.16108 149.36
650	1	876.22	19837.6	19826.9	10.6666	552	67	199	2	0.0001 Colloc0 552 2724 0.177133 124.499
660	1	889.818	19763.5	19752.4	11.1209	546	70	196	0	0.0001 Colloc0 546 2678 0.133849 150.897
670	1	903.449	19679.7	19669.1	10.6854	550	70	196	3	0.0001 Colloc0 550 2701 0.211089 125.549
680	1	916.486	19687.1	19675.4	11.7121	573	75	191	2	0.0001 Colloc0 573 2665 0.106023 188.16
690	1	930.181	19451.8	19441.2	10.6163	544	81	185	3	0.0001 Colloc0 544 2634 0.190701 121.714
700	1	943.854	19748.1	19737	11.0641	557	73	193	3	0.0001 Colloc0 557 2674 0.129202 147.478
710	1	957.779	19619.4	19609.4	10.0232	570	80	186	1	0.0001 Colloc0 570 2649 0.303823 91.0915
720	1	971.339	19676.1	19665.1	11.0125	530	62	204	1	0.0001 Colloc0 530 2676 0.130999 144.409
730	1	984.332	19671.5	19660.6	10.9227	547	70	196	1	0.0001 Colloc0 547 2642 0.194495 139.117
740	1	997.835	19748.5	19737.3	11.1854	548	63	203	1	0.0001 Colloc0 548 2674 0.125274 154.811
750	1	1011.76	19683.6	19672.5	11.0592	573	73	193	1	0.0001 Colloc0 573 2626 0.193361 147.189
760	1	1025.32	19684.4	19672.8	11.6216	543	76	190	2	0.0001 Colloc0 543 2666 0.0974235 182.269
770	1	1038.18	19585.3	19574.4	10.9937	572	82	184	1	0.0001 Colloc0 572 2665 0.183047 143.294
780	1	1051.58	19591.5	19580.8	10.6758	545	68	198	3	0.0001 Colloc0 545 2665 0.131049 125.013
790	1	1064.88	19618.2	19607.1	11.1548	535	76	190	0	0.0001 Colloc0 535 2676 0.156223 152.947
800	1	1078.49	19608.5	19597.8	10.7207	542	70	196	4	0.0001 Colloc0 542 2655 0.202524 127.532
810	1	1091.23	19577.1	19567	10.1012	544	76	190	0	0.0001 Colloc0 544 2672 0.245803 94.8682
820	1	1104.41	19625.8	19614.5	11.2827	538	73	193	2	0.0001 Colloc0 538 2667 0.0776662 160.79
830	1	1117.56	19681.8	19670.9	10.8541	563	75	191	1	0.0001 Colloc0 563 2665 0.177695 135.135
840	1	1131.01	19742.9	19731.5	11.368	569	69	197	0	0.0001 Colloc0 569 2663 0.133723 166.102
850	1	1144.79	19723.1	19711.8	11.2925	551	84	182	0	0.0001 Colloc0 551 2675 0.113697 161.395
860	1	1158.44	19607.6	19596.6	11.009	565	71	195	2	0.0001 Colloc0 565 2640 0.203968 144.199
870	1	1172.16	19571.4	19559.5	11.8619	544	88	178	2	0.0001 Colloc0 544 2611 0.0330646 198.064
880	1	1185.68	19602.3	19591.4	10.873	549	81	185	2	0.0001 Colloc0 549 2625 0.163685 136.23
890	1	1199.28	19575.1	19564.3	10.8138	565	78	188	1	0.0001 Colloc0 565 2622 0.217664 132.821
900	1	1212.71	19522.7	19511.6	11.0253	546	82	184	2	0.0001 Colloc0 546 2648 0.208855 145.165
910	1	1226.08	19575.5	19564.5	11.0315	550	80	186	0	0.0001 Colloc0 550 2633 0.170654 145.533
920	1	1238.89	19660.8	19649.1	11.76	541	72	194	3	0.0001 Colloc0 541 2654 0.0839659 191.31
930	1	1252.22	19656.7	19645.2	11.4717	540	72	194	2	0.0001 Colloc0 540 2650 0.0774754 172.643
940	1	1265.76	19662.5	19651.4	11.1261	541	70	196	3	0.0001 Colloc0 541 2637 0.191288 151.21
950	1	1279.05	19638.5	19627.3	11.1993	549	77	189	2	0.0001 Colloc0 549 2627 0.119253 155.661
960	1	1292.14	19828.2	19816.3	11.9259	571	70	196	3	0.0001 Colloc0 571 2671 0.0686359 202.35
970	1	1305.9	19582.3	19571	11.3091	548	69	197	2	0.0001 Colloc0 548 2651 0.117162 162.424
980	1	1319.49	19759	19747.9	11.1074	560	67	199	2	0.0001 Colloc0 560 2660 0.158985 150.083
990	1	1332.88	19620.9	19610.9	9.98483	564	78	188	0	0.0001 Colloc0 564 2632 0.296038 89.263
1000	1	1346.75	19643.7	19632.8	10.9609	556	67	199	1	0.0001 Colloc0 556 2661 0.172488 141.36
1010	1	1360.36	19556.9	19545.5	11.4117	557	76	190	2	0.0001 Colloc0 557 2646 0.110743 168.846
1020	1	1373.72	19647.3	19635.6	11.6504	545	70	196	3	0.0001 Colloc0 545 2647 0.0942462 184.137
1030	1	1386.9	19588.2	19577.4	10.8277	549	64	202	5	0.0001 Colloc0 549 2637 0.247477 133.614
1040	1	1400.59	19617.8	19606.5	11.2309	565	70	196	2	0.0001 Colloc0 565 2649 0.171003 157.595
1050	1	1414.38	19539	19527.9	11.1367	552	84	182	0	0.0001 Colloc0 552 2638 0.168641 151.853
1060	1	1427.76	19560.9	19549.6	11.2361	549	78	188	2	0.0001 Colloc0 549 2623 0.116666 157.913
1070	1	1440.72	19588.1	19576.9	11.1238	533	74	192	0	0.0001 Colloc0 533 2630 0.0840824 151.07
1080	1	1453.36	19728.8	19717.6	11.1357	559	68	198	3	0.0001 Colloc0 559 2675 0.120706 151.789
1090	1	1466.45	19786.4	19775.2	11.1874	563	69	197	1	0.0001 Colloc0 563 2691 0.151887 154.929
1100	1	1480.11	19741.4	19730.1	11.3781	559	59	207	2	0.0001 Colloc0 559 2674 0.114529 166.734
1110	1	1493.61	19620.5	19608.9	11.5228	541	68	198	1	0.0001 Colloc0 541 2643 0.0792327 175.904
1120	1	1507.28	19646	19635.5	10.5974	561	67	199	2	0.0001 Colloc0 561 2640 0.209628 120.671
1130	1	1521.01	19618.3	19607.7	10.6437	557	68	198	3	0.0001 Colloc0 557 2660 0.180725 123.227
1140	1	1534.4	19621.2	19609.7	11.5241	544	72	194	1	0.0001 Colloc0 544 2665 0.0818772 175.987
1150	1	1547.61	19534.6	19523.6	10.9251	544	83	183	0	0.0001 Colloc0 544 2660 0.159495 139.262
1160	1	1561.26	19540	19528.6	11.4236	541	78	188	1	0.0001 Colloc0 541 2638 0.0690559 169.598
1170	1	1574.81	19487.7	19476.7	11.0297	547	76	190	3	0.0001 Colloc0 547 2632 0.16614 145.426
1180	1	1588.49	19473.9	19462.7	11.2138	542	70	196	3	0.0001 Colloc0 542 2639 0.0960712 156.547
1190	1	1602.31	19443.5	19432.3	11.1973	515	66	200	3	0.0001 Colloc0 515 2634 0.0974897 155.534
1200	1	1615.97	19637.9	19626.4	11.5193	524	74	192	3	0.0001 Colloc0 524 2680 0.0585055 175.678
1210	1	1629.58	19529.1	19517.8	11.3332	549	71	195	2	0.0001 Colloc0 549 2624 0.132956 163.924
1220	1	1643.04	19491.7	19480.5	11.2417	542	71	195	0	0.0001 Colloc0 542 2628 0.0959991 158.256
1230	1	1657.06	19620.9	19609.5	11.3254	539	67	199	3	0.0001 Colloc0 539 2681 0.0877616 163.441
1240	1	1670.7	19509.2	19498	11.1873	534	72	194	4	0.0001 Colloc0 534 2652 0.120293 154.924
1250	1	1684.19	19432	19420.4	11.6038	509	83	183	1	0.0001 Colloc0 509 2647 0.0479335 181.113
1260	1	1697.01	19477.4	19466.8	10.6036	543	75	191	2	0.0001 Colloc0 543 2645 0.222569 121.012
1270	1	1710.18	19560.8	19549.2	11.55	538	77	189	3	0.0001 Colloc0 538 2662 0.0678115 177.648
1280	1	1723.19	19551.8	19541.2	10.6273	547	67	199	1	0.0001 Colloc0 547 2635 0.205099 122.32
1290	1	1736.17	19508	19496.6	11.3901	535	77	189	2	0.0001 Colloc0 535 2622 0.114713 167.488
1300	1	1749.62	19517.7	19506.8	10.9771	550	74	192	1	0.0001 Colloc0 550 2636 0.182428 142.312
1310	1	1763.31	19534.3	19523.6	10.7226	538	74	192	3	0.0001 Colloc0 538 2668 0.192359 127.634
1320	1	1776.69	19559	19548	11.0895	536	59	207	3	0.0001 Colloc0 536 2653 0.0907934 149.003
1330	1	1790.16	19480.9	19469.4	11.493	531	74	192	0	0.0001 Colloc0 531 2636 0.103864 174.001
1340	1	1803.55	19615.3	19603.4	11.8565	525	72	194	2	0.0001 Colloc0 525 2683 0.0138882 197.709
1350	1	1816.94	19409.9	19399.7	10.2965	532	73	193	3	0.0001 Colloc0 532 2658 0.253364 104.669
1360	1	1830.12	19487.4	19476.4	11.0501	530	81	185	2	0.0001 Colloc0 530 2665 0.120843 146.645
1370	1	1843.63	19489.7	19478.3	11.3523	535	62	204	1	0.0001 Colloc0 535 2649 0.0736977 165.117
1380	1	1856.68	19523.7	19513.2	10.433	533	71	195	4	0.0001 Colloc0 533 2665 0.199505 111.797
1390	1	1870.16	19570.4	19559.7	10.7129	550	71	195	3	0.0001 Colloc0 550 2666 0.249704 127.088
1400	1	1883.68	19524.9	19513.3	11.6694	542	69	197	2	0.0001 Colloc0 542 2650 0.0643709 185.371
1410	1	1897.35	19483.1	19472.8	10.3298	525	81	185	1	0.0001 Colloc0 525 2662 0.203003 106.387
1420	1	1910.95	19562.1	19551	11.176	547	69	197	2	0.0001 Colloc0 547 2657 0.150014 154.239
1430	1	1923.76	19465.3	19454.1	11.1365	517	79	187	7	0.0001 Colloc0 517 2658 0.0946199 151.84
1440	1	1937.12	19544.9	19534.4	10.5461	559	67	199	4	0.0001 Colloc0 559 2644 0.27406 117.87
1450	1	1950.77	19484.3	19473.5	10.8412	546	73	193	1	0.0001 Colloc0 546 2646 0.162526 134.392
1460	1	1964.31	19504.6	19493.4	11.2032	540	78	188	2	0.0001 Colloc0 540 2631 0.117974 155.896
1470	1	1977.66	19560.8	19549.3	11.4908	553	74	192	2	0.0001 Colloc0 553 2609 0.135246 173.861
1480	1	1991.08	19620.1	19609	11.1255	540	67	199	3	0.0001 Colloc0 540 2659 0.13746 151.175
1490	1	2004.36	19514.5	19503.3	11.2393	557	70	196	5	0.0001 Colloc0 557 2657 0.148393 158.112
1500	1	2017.84	19597.8	19585.8	12.0559	560	64	202	3	0.0001 Colloc0 560 2666 0.00917949 211.137
1510	1	2031.13	19564.6	19552.9	11.7743	533	68	198	0	0.0001 Colloc0 533 2657 0.0298413 192.254
1520	1	2044.08	19522.5	19511.5	10.967	545	71	195	3	0.0001 Colloc0 545 2654 0.159281 141.72
1530	1	2057.44	19559.7	19549	10.6169	534	68	198	3	0.0001 Colloc0 534 2657 0.224136 121.744
1540	1	2070.16	19506.1	19494.8	11.231	533	74	192	0	0.0001 Colloc0 533 2670 0.145186 157.602
1550	1	2083.65	19489	19478	10.9545	554	61	205	4	0.0001 Colloc0 554 2619 0.204758 140.98
1560	1	2096.94	19473.1	19461.7	11.4004	547	72	194	2	0.0001 Colloc0 547 2637 0.0887862 168.132
1570	1	2109.78	19605.9	19594.6	11.2582	535	68	198	1	0.0001 Colloc0 535 2705 0.0945056 159.273
1580	1	2122.76	19479.4	19468.2	11.2129	515	77	189	1	0.0001 Colloc0 515 2654 0.0870875 156.492
1590	1	2135.98	19498.6	19487.4	11.1716	545	71	195	0	0.0001 Colloc0 545 2662 0.122417 153.968
1600	1	2149.08	19551.2	19540.5	10.7339	556	72	194	0	0.0001 Colloc0 556 2652 0.207986 128.272
1610	1	2161.49	19488.4	19477.6	10.7695	529	63	203	1	0.0001 Colloc0 529 2658 0.184564 130.291
1620	1	2174.34	19531.7	19520.7	11.0136	543	79	187	5	0.0001 Colloc0 543 2663 0.182547 144.471
1630	1	2187.21	19569.4	19558.5	10.8327	535	74	192	1	0.0001 Colloc0 535 2657 0.168931 133.901
1640	1	2199.56	19588.1	19577.3	10.8324	547	71	195	2	0.0001 Colloc0 547 2668 0.165772 133.884
1650	1	2211.95	19598.5	19587	11.4324	537	67	199	1	0.0001 Colloc0 537 2660 0.064021 170.151
1660	1	2223.87	19455.5	19444.3	11.2311	544	80	186	3	0.0001 Colloc0 544 2636 0.117754 157.609
1670	1	2235.91	19733.3	19722.4	10.8729	552	63	203	0	0.0001 Colloc0 552 2670 0.158076 136.222
1680	1	2248.06	19571.3	19559.7	11.6076	548	69	197	1	0.0001 Colloc0 548 2629 0.067054 181.362
1690	1	2260.1	19372.1	19360.9	11.1924	511	90	176	4	0.0001 Colloc0 511 2636 0.0694358 155.234
1700	1	2272.12	19543.3	19532.3	10.9877	554	82	184	5	0.0001 Colloc0 554 2628 0.157066 142.939
1710	1	2284.16	19468.6	19456.9	11.7123	535	79	187	4	0.0001 Colloc0 535 2638 0.0769042 188.174
1720	1	2296.11	19364.4	19353.3	11.0695	546	83	183	1	0.0001 Colloc0 546 2611 0.179139 147.804
1730	1	2308.14	19490.4	19479.8	10.5884	537	80	186	0	0.0001 Colloc0 537 2645 0.182217 120.179
1740	1	2320.14	19429.1	19417.7	11.3757	544	82	184	6	0.0001 Colloc0 544 2631 0.135818 166.582
1750	1	2332.11	19420.1	19409	11.0318	528	74	192	4	0.0001 Colloc0 528 2633 0.138454 145.555
1760	1	2343.97	19497.8	19486.9	10.9201	554	71	195	1	0.0001 Colloc0 554 2634 0.161258 138.969
1770	1	2355.8	19619.9	19608.3	11.5571	559	60	206	1	0.0001 Colloc0 559 2672 0.0970251 178.103
1780	1	2367.49	19566.2	19555.1	11.06	541	72	194	1	0.0001 Colloc0 541 2662 0.0986983 147.236
1790	1	2379.24	19655.1	19643.5	11.5317	559	67	199	2	0.0001 Colloc0 559 2633 0.0920867 176.475
1800	1	2390.92	19563.9	19552.3	11.6148	542	70	196	3	0.0001 Colloc0 542 2652 0.0730715 181.826
1810	1	2402.94	19509.6	19498.9	10.6295	538	73	193	1	0.0001 Colloc0 538 2644 0.194646 122.442
1820	1	2414.75	19511.6	19501.2	10.4253	534	68	198	2	0.0001 Colloc0 534 2668 0.227985 111.385
1830	1	2426.56	19393.7	19382.9	10.8603	548	74	192	3	0.0001 Colloc0 548 2618 0.234681 135.495
1840	1	2438.55	19303	19292.6	10.3145	527	98	168	0	0.0001 Colloc0 527 2624 0.219948 105.597
1850	1	2450.43	19291.7	19281.5	10.248	528	94	172	3	0.0001 Colloc0 528 2624 0.20529 102.19
1860	1	2462.34	19398.7	19387.1	11.6525	552	84	182	1	0.0001 Colloc0 552 2628 0.0903429 184.273
1870	1	2474.32	19489.4	19478.2	11.2143	535	65	201	2	0.0001 Colloc0 535 2681 0.123375 156.578
1880	1	2486.01	19537.7	19527.2	10.4675	540	74	192	2	0.0001 Colloc0 540 2679 0.181351 113.635
1890	1	2497.75	19399.1	19388.3	10.8451	520	87	179	1	0.0001 Colloc0 520 2677 0.149175 134.619
1900	1	2509.47	19419	19408.1	10.9464	537	78	188	1	0.0001 Colloc0 537 2654 0.201684 140.509
1910	1	2521.21	19343.2	19332.9	10.261	523	77	189	2	0.0001 Colloc0 523 2627 0.199016 102.854
1920	1	2532.97	19400.6	19389.3	11.2736	532	79	187	0	0.0001 Colloc0 532 2628 0.089269 160.222
1930	1	2544.64	19419	19408.5	10.5401	542	66	200	1	0.0001 Colloc0 542 2642 0.207484 117.541
1940	1	2556.41	19367.9	19356.6	11.2348	527	86	180	2	0.0001 Colloc0 527 2665 0.120788 157.835
1950	1	2567.77	19387.1	19376.4	10.7074	539	83	183	2	0.0001 Colloc0 539 2649 0.199698 126.784
1960	1	2579.3	19470.7	19459.3	11.397	537	80	186	1	0.0001 Colloc0 537 2665 0.109376 167.918
1970	1	2591.1	19470.4	19460.3	10.1144	535	68	198	4	0.0001 Colloc0 535 2646 0.263255 95.5161
1980	1	2602.63	19584.9	19573.6	11.3056	547	67	199	0	0.0001 Colloc0 547 2688 0.125009 162.209
1990	1	2613.58	19613	19601.4	11.6111	535	65	201	1	0.0001 Colloc0 535 2674 0.0772056 181.585
2000	1	2623.7	19483.2	19472.1	11.1043	534	71	195	3	0.0001 Colloc0 534 2619 0.115911 149.893
