# D = 0, E = 1, I = 1, P = 1, R = -1, n = 2000, N = 1, P = 1, w = 1, a = 0.0001, b = 10000, e = 1, f = 1, g = 100, h = 0.01, r = 22652, s = 1, S = 0, x = 10, m = 100, Z = 1, z = 0, T = 1, t = 1
# 6856 tokens in 266 sentences
#
# It	Temp	Time	-logP	-logPcorpus	-logPrior	tables	same	changed	reject	default_pya	(parent pym pyn pya pyb)*
0	1	1.04884	27759.6	27645.8	113.764	2245	0	266	0	0.0001 Colloc0 2245 3245 0.0001 10000
10	1	15.8226	21501.2	21489.8	11.3326	637	23	243	4	0.0001 Colloc0 637 2977 0.181059 163.889
20	1	29.4935	21062.3	21050.7	11.6769	574	32	234	0	0.0001 Colloc0 574 2974 0.0244124 185.861
30	1	42.8065	20827.7	20816.5	11.2223	561	40	226	1	0.0001 Colloc0 561 2957 0.117292 157.069
40	1	55.9165	20580.5	20569.6	10.9531	525	54	212	2	0.0001 Colloc0 525 2955 0.0992539 140.9
50	1	69.4944	20366.6	20356	10.629	551	51	215	2	0.0001 Colloc0 551 2881 0.230957 122.413
60	1	82.7024	20658.7	20647.8	10.8769	555	52	214	2	0.0001 Colloc0 555 2921 0.15307 136.455
70	1	96.0454	20526.4	20515.3	11.1239	536	52	214	2	0.0001 Colloc0 536 2944 0.101125 151.076
80	1	109.228	20357	20346.3	10.7706	524	54	212	1	0.0001 Colloc0 524 2894 0.155933 130.35
90	1	122.54	20339.9	20329.3	10.5906	522	56	210	0	0.0001 Colloc0 522 2887 0.167068 120.297
100	1	135.912	20344.6	20333.2	11.4662	537	59	207	3	0.0001 Colloc0 537 2863 0.0620924 172.296
110	1	149.046	20373.7	20362.8	10.911	570	48	218	1	0.0001 Colloc0 570 2885 0.213816 138.435
120	1	162.426	20161.9	20151.1	10.8345	525	59	207	3	0.0001 Colloc0 525 2895 0.168317 134.006
130	1	176.119	20224.6	20214.3	10.2417	522	62	204	2	0.0001 Colloc0 522 2861 0.220012 101.869
140	1	189.441	20189.8	20178.6	11.2191	535	68	198	3	0.0001 Colloc0 535 2889 0.0493472 156.873
150	1	203.045	20086.1	20075.5	10.5537	513	63	203	2	0.0001 Colloc0 513 2867 0.185112 118.285
160	1	216.598	19951.7	19940.4	11.2674	509	76	190	4	0.0001 Colloc0 509 2853 0.058391 159.842
170	1	230.271	20160.2	20149.2	11.0546	548	60	206	2	0.0001 Colloc0 548 2858 0.160526 146.91
180	1	243.629	20311.9	20301.4	10.4792	548	59	207	2	0.0001 Colloc0 548 2865 0.201256 114.257
190	1	256.855	20189.4	20177.7	11.6183	543	57	209	3	0.0001 Colloc0 543 2845 0.0975103 182.054
200	1	270.368	20074.2	20062.5	11.6884	538	63	203	3	0.0001 Colloc0 538 2818 0.0611541 186.615
210	1	283.654	20176	20164.8	11.2357	558	57	209	2	0.0001 Colloc0 558 2859 0.173482 157.89
220	1	297.186	20085.4	20074.7	10.726	535	61	205	1	0.0001 Colloc0 535 2862 0.198545 127.83
230	1	310.448	20124.3	20113.3	11.0876	521	61	205	2	0.0001 Colloc0 521 2880 0.140436 148.889
240	1	323.923	20052.1	20041.7	10.4734	528	69	197	2	0.0001 Colloc0 528 2850 0.204001 113.949
250	1	337.581	20068.5	20057	11.5133	519	70	196	3	0.0001 Colloc0 519 2862 0.0192035 175.295
260	1	351.192	19957	19946.2	10.769	525	61	205	1	0.0001 Colloc0 525 2828 0.181304 130.263
270	1	364.916	20070.3	20058.6	11.6877	516	61	205	0	0.0001 Colloc0 516 2857 0.0184941 186.567
280	1	378.277	20110.6	20099.5	11.1511	529	51	215	6	0.0001 Colloc0 529 2842 0.0815946 152.723
290	1	391.66	19941.7	19930.8	10.8295	554	66	200	5	0.0001 Colloc0 554 2818 0.176125 133.717
300	1	404.959	19843.6	19833.3	10.3237	528	72	194	1	0.0001 Colloc0 528 2825 0.21101 106.071
310	1	418.192	19928.9	19918.5	10.4182	551	73	193	2	0.0001 Colloc0 551 2816 0.234386 111.013
320	1	431.323	19884.8	19873.9	10.8375	534	72	194	3	0.0001 Colloc0 534 2827 0.189305 134.178
330	1	444.736	19961.4	19950.4	10.9749	500	62	204	2	0.0001 Colloc0 500 2836 0.0470063 142.184
340	1	457.553	20003.7	19992.9	10.891	522	61	205	2	0.0001 Colloc0 522 2832 0.146794 137.274
350	1	471.108	20040.1	20029.1	11.0327	532	60	206	3	0.0001 Colloc0 532 2856 0.140914 145.605
360	1	484.821	19936.8	19925.8	10.9994	531	64	202	1	0.0001 Colloc0 531 2851 0.172822 143.631
370	1	497.986	20040.7	20029.2	11.4835	541	63	203	1	0.0001 Colloc0 541 2862 0.0923058 173.392
380	1	511.338	20054.4	20043.6	10.8323	521	59	207	3	0.0001 Colloc0 521 2836 0.123 133.882
390	1	524.492	19981.1	19970	11.0383	512	67	199	5	0.0001 Colloc0 512 2840 0.0651153 145.939
400	1	537.812	19942.3	19930.8	11.5113	514	65	201	3	0.0001 Colloc0 514 2845 0.0448304 175.17
410	1	550.854	20154.5	20144.1	10.4105	539	59	207	3	0.0001 Colloc0 539 2813 0.19101 110.607
420	1	564.217	20142	20130.9	11.0986	527	56	210	3	0.0001 Colloc0 527 2843 0.0823087 149.551
430	1	577.661	20090.2	20078.8	11.4297	529	56	210	2	0.0001 Colloc0 529 2828 0.0633802 169.982
440	1	591.059	20013.2	20002.2	11.018	525	63	203	1	0.0001 Colloc0 525 2820 0.11659 144.735
450	1	604.522	20010	19998.9	11.1586	540	56	210	0	0.0001 Colloc0 540 2822 0.083878 153.179
460	1	617.577	20204.5	20193.6	10.9749	535	50	216	1	0.0001 Colloc0 535 2837 0.109635 142.181
470	1	631.167	19948.1	19936.7	11.4549	526	65	201	1	0.0001 Colloc0 526 2834 0.0418912 171.579
480	1	644.533	19931.9	19920.6	11.2334	509	70	196	1	0.0001 Colloc0 509 2822 0.0304383 157.746
490	1	658.004	20017.7	20007	10.6942	516	58	208	2	0.0001 Colloc0 516 2825 0.138111 126.043
500	1	671.383	20051.6	20040.6	11.0353	531	69	197	5	0.0001 Colloc0 531 2841 0.114433 145.762
510	1	684.499	20019.4	20008.6	10.8398	512	64	202	2	0.0001 Colloc0 512 2837 0.107872 134.314
520	1	697.897	20041	20029.8	11.1459	507	64	202	5	0.0001 Colloc0 507 2844 0.0711923 152.407
530	1	710.621	19912.6	19902	10.5687	527	73	193	8	0.0001 Colloc0 527 2824 0.184035 119.099
540	1	723.473	19898.5	19887.1	11.4039	511	65	201	4	0.0001 Colloc0 511 2797 0.0327222 168.353
550	1	736.441	19972.7	19961.7	10.9548	535	68	198	2	0.0001 Colloc0 535 2807 0.111181 141
560	1	749.451	19734.9	19723.9	11.0098	523	81	185	5	0.0001 Colloc0 523 2788 0.116337 144.249
570	1	763.047	19770.9	19760	10.8589	530	76	190	2	0.0001 Colloc0 530 2783 0.139245 135.413
580	1	776.459	19836.2	19825	11.2432	519	72	194	0	0.0001 Colloc0 519 2793 0.0562912 158.351
590	1	789.87	19906.3	19895.2	11.0491	542	60	206	4	0.0001 Colloc0 542 2786 0.131802 146.583
600	1	803.471	19967.6	19956.5	11.1314	535	66	200	4	0.0001 Colloc0 535 2813 0.10899 151.53
610	1	816.434	19792.3	19782	10.2502	530	75	191	5	0.0001 Colloc0 530 2803 0.236056 102.303
620	1	829.444	19806.8	19796.5	10.3203	527	81	185	1	0.0001 Colloc0 527 2797 0.237194 105.896
630	1	842.984	20034.4	20022.9	11.4849	539	62	204	1	0.0001 Colloc0 539 2813 0.0305471 173.484
640	1	856.545	20019.7	20008.8	10.8434	550	61	205	5	0.0001 Colloc0 550 2774 0.174725 134.518
650	1	870.12	20017.4	20006.8	10.596	529	55	211	0	0.0001 Colloc0 529 2806 0.157091 120.594
660	1	883.382	19852.1	19841.4	10.6719	551	70	196	2	0.0001 Colloc0 551 2782 0.177412 124.796
670	1	896.671	19894	19883.1	10.8928	523	57	209	2	0.0001 Colloc0 523 2804 0.12266 137.376
680	1	909.538	20022.4	20011.8	10.6399	552	64	202	2	0.0001 Colloc0 552 2805 0.1858 123.016
690	1	923.076	19955.7	19944.6	11.0684	535	54	212	4	0.0001 Colloc0 535 2819 0.132927 147.739
700	1	936.463	19926.4	19915.9	10.5519	537	79	187	3	0.0001 Colloc0 537 2809 0.147203 118.183
710	1	949.889	19962.8	19951.8	11.0577	525	64	202	2	0.0001 Colloc0 525 2806 0.0999591 147.1
720	1	963.203	19854.8	19843.2	11.617	524	70	196	2	0.0001 Colloc0 524 2812 0.0474966 181.965
730	1	976.481	19814.9	19803.5	11.4033	520	75	191	2	0.0001 Colloc0 520 2796 0.05912 168.315
740	1	989.909	19903.4	19893.3	10.0343	531	57	209	4	0.0001 Colloc0 531 2782 0.283715 91.6239
750	1	1003.39	19724.5	19712.7	11.7339	512	76	190	5	0.0001 Colloc0 512 2806 0.039105 189.596
760	1	1017.13	19968.7	19958	10.6904	549	65	201	3	0.0001 Colloc0 549 2815 0.181077 125.827
770	1	1030.75	19822.8	19812.3	10.5332	524	67	199	2	0.0001 Colloc0 524 2781 0.173117 117.168
780	1	1044.01	19848.6	19838.2	10.3611	525	66	200	2	0.0001 Colloc0 525 2792 0.207597 108.012
790	1	1056.84	19877.2	19866.5	10.7589	521	56	210	2	0.0001 Colloc0 521 2797 0.158916 129.688
800	1	1070.46	19717	19705.7	11.3206	525	83	183	3	0.0001 Colloc0 525 2790 0.0548433 163.142
810	1	1083.11	19717.6	19707.1	10.4568	535	68	198	2	0.0001 Colloc0 535 2780 0.215371 113.063
820	1	1096.44	19705.3	19694.3	10.9807	518	75	191	1	0.0001 Colloc0 518 2769 0.10806 142.524
830	1	1110.04	19779.8	19769.5	10.3397	511	68	198	1	0.0001 Colloc0 511 2759 0.203955 106.897
840	1	1123.51	19826.5	19815.5	11.0106	520	74	192	2	0.0001 Colloc0 520 2759 0.120749 144.296
850	1	1137.06	19956.8	19945.4	11.384	555	53	213	3	0.0001 Colloc0 555 2781 0.103547 167.105
860	1	1150.57	19774.2	19763.3	10.9295	539	69	197	1	0.0001 Colloc0 539 2764 0.17396 139.519
870	1	1164.06	19889.3	19878.2	11.0207	539	64	202	3	0.0001 Colloc0 539 2764 0.173839 144.89
880	1	1177.27	20081.6	20070.1	11.5453	523	57	209	3	0.0001 Colloc0 523 2793 0.0397362 177.343
890	1	1189.93	19867.5	19856.9	10.5137	546	62	204	1	0.0001 Colloc0 546 2784 0.165121 116.112
900	1	1203.35	19826	19814.4	11.5896	524	60	206	6	0.0001 Colloc0 524 2772 0.0385329 180.198
910	1	1216.87	19750.6	19739.2	11.4207	535	69	197	2	0.0001 Colloc0 535 2751 0.068903 169.416
920	1	1230.17	19784.8	19774.2	10.6313	508	61	205	2	0.0001 Colloc0 508 2771 0.175258 122.542
930	1	1243.46	19850.5	19839.3	11.147	529	63	203	1	0.0001 Colloc0 529 2788 0.0660918 152.474
940	1	1256.17	19741.9	19730.8	11.083	524	67	199	3	0.0001 Colloc0 524 2768 0.129235 148.614
950	1	1269.33	19835.8	19824.2	11.5889	545	64	202	2	0.0001 Colloc0 545 2755 0.0242127 180.149
960	1	1282.69	19813.6	19802.5	11.0638	538	68	198	2	0.0001 Colloc0 538 2791 0.128431 147.461
970	1	1296.2	19841	19829.3	11.6215	527	67	199	3	0.0001 Colloc0 527 2770 0.0373348 182.258
980	1	1309.9	19671.5	19660.3	11.2337	536	86	180	2	0.0001 Colloc0 536 2758 0.107895 157.766
990	1	1323.39	19737.4	19725.9	11.5052	512	73	193	0	0.0001 Colloc0 512 2772 0.0235726 174.777
1000	1	1336.73	19701.2	19690.3	10.9667	529	63	203	4	0.0001 Colloc0 529 2755 0.134339 141.697
1010	1	1349.7	19877.7	19866.8	10.8762	531	62	204	0	0.0001 Colloc0 531 2759 0.16783 136.416
1020	1	1362.71	19764.9	19754	10.9156	529	76	190	1	0.0001 Colloc0 529 2765 0.148673 138.707
1030	1	1375.69	19872.1	19861.5	10.6234	524	58	208	2	0.0001 Colloc0 524 2782 0.13325 122.102
1040	1	1388.53	19785.6	19774.5	11.1302	519	70	196	3	0.0001 Colloc0 519 2735 0.0867621 151.455
1050	1	1401.49	19687.5	19676.6	10.8528	540	66	200	0	0.0001 Colloc0 540 2744 0.171863 135.058
1060	1	1414.92	19678.7	19667.6	11.1674	520	80	186	2	0.0001 Colloc0 520 2731 0.133535 153.715
1070	1	1428.35	19615.4	19604.7	10.7415	521	79	187	0	0.0001 Colloc0 521 2754 0.110383 128.703
1080	1	1441.72	19569.1	19557.9	11.1428	497	86	180	2	0.0001 Colloc0 497 2754 0.057802 152.218
1090	1	1455.04	19725.8	19714.9	10.8591	522	75	191	3	0.0001 Colloc0 522 2759 0.159202 135.426
1100	1	1468.36	19753.7	19742.3	11.3634	530	64	202	5	0.0001 Colloc0 530 2751 0.102588 165.815
1110	1	1481.02	19721.8	19710.6	11.1976	518	68	198	1	0.0001 Colloc0 518 2793 0.0863172 155.551
1120	1	1494.35	19746.1	19734.5	11.6006	515	74	192	1	0.0001 Colloc0 515 2772 0.00901207 180.909
1130	1	1507.94	19770.1	19759.4	10.6776	529	66	200	1	0.0001 Colloc0 529 2769 0.130233 125.111
1140	1	1521.62	19765.2	19754.2	10.9726	513	77	189	5	0.0001 Colloc0 513 2757 0.175513 142.045
1150	1	1534.47	19774.4	19762.7	11.6479	519	66	200	1	0.0001 Colloc0 519 2747 0.0730015 183.974
1160	1	1547.26	19702.9	19691.6	11.2763	511	75	191	1	0.0001 Colloc0 511 2749 0.0667072 160.392
1170	1	1560.12	19641.4	19630.6	10.8195	526	71	195	2	0.0001 Colloc0 526 2733 0.149409 133.147
1180	1	1573.42	19757.8	19746.8	10.983	521	72	194	0	0.0001 Colloc0 521 2777 0.0993001 142.66
1190	1	1586.62	19695	19683.8	11.2017	516	74	192	3	0.0001 Colloc0 516 2756 0.0924455 155.802
1200	1	1600.44	19667.5	19656.9	10.6283	530	73	193	4	0.0001 Colloc0 530 2747 0.154575 122.376
1210	1	1613.78	19599.5	19588.8	10.7486	511	71	195	1	0.0001 Colloc0 511 2741 0.15245 129.107
1220	1	1627.07	19596	19585.3	10.7572	529	85	181	2	0.0001 Colloc0 529 2739 0.205898 129.59
1230	1	1640.08	19705.5	19694	11.4993	529	70	196	1	0.0001 Colloc0 529 2757 0.0485135 174.399
1240	1	1653.55	19760.4	19749.4	11.003	515	62	204	2	0.0001 Colloc0 515 2756 0.0955922 143.84
1250	1	1666.9	19731.6	19720.7	10.9809	517	69	197	1	0.0001 Colloc0 517 2777 0.109869 142.537
1260	1	1680.24	19672.4	19662	10.394	521	74	192	1	0.0001 Colloc0 521 2784 0.215697 109.738
1270	1	1693.59	19779.8	19768.6	11.2118	517	59	207	1	0.0001 Colloc0 517 2763 0.0289561 156.42
1280	1	1707.01	19603.1	19591.7	11.3528	500	70	196	1	0.0001 Colloc0 500 2745 0.0194761 165.147
1290	1	1720.2	19679.9	19669.2	10.7032	515	78	188	2	0.0001 Colloc0 515 2775 0.137836 126.549
1300	1	1733.11	19710.1	19699.5	10.6037	514	67	199	3	0.0001 Colloc0 514 2761 0.146383 121.018
1310	1	1746.35	19665.7	19654.4	11.2827	525	73	193	1	0.0001 Colloc0 525 2751 0.10707 160.79
1320	1	1760.01	19585.6	19575	10.6468	529	73	193	4	0.0001 Colloc0 529 2743 0.195148 123.402
1330	1	1773.58	19729.6	19718.2	11.3866	546	65	201	0	0.0001 Colloc0 546 2740 0.135061 167.267
1340	1	1786.51	19720.2	19709.6	10.6238	523	79	187	1	0.0001 Colloc0 523 2792 0.156091 122.127
1350	1	1799.97	19730.3	19719.1	11.1833	540	66	200	3	0.0001 Colloc0 540 2786 0.0982568 154.682
1360	1	1812.66	19683.8	19672.7	11.1117	522	74	192	1	0.0001 Colloc0 522 2744 0.117514 150.34
1370	1	1825.51	19696.2	19684.9	11.2756	541	68	198	6	0.0001 Colloc0 541 2751 0.0785387 160.35
1380	1	1839.11	19634.5	19623.7	10.8152	529	74	192	0	0.0001 Colloc0 529 2743 0.143939 132.899
1390	1	1851.89	19637.9	19627.2	10.7164	531	72	194	2	0.0001 Colloc0 531 2733 0.19047 127.288
1400	1	1865.12	19807	19795.4	11.595	533	71	195	3	0.0001 Colloc0 533 2795 0.0866194 180.547
1410	1	1878.17	19668.9	19657.9	10.985	526	63	203	1	0.0001 Colloc0 526 2740 0.0989586 142.78
1420	1	1891.58	19706.3	19695.8	10.5398	538	81	185	1	0.0001 Colloc0 538 2743 0.235611 117.525
1430	1	1905.25	19778.3	19767.2	11.0305	535	73	193	2	0.0001 Colloc0 535 2748 0.137862 145.475
1440	1	1918.77	19759.8	19748.9	10.8604	534	67	199	5	0.0001 Colloc0 534 2775 0.139561 135.498
1450	1	1931.62	19671.9	19661.3	10.6167	531	74	192	2	0.0001 Colloc0 531 2770 0.177062 121.736
1460	1	1944.61	19680	19669.4	10.6124	537	73	193	4	0.0001 Colloc0 537 2733 0.187198 121.498
1470	1	1958.03	19720.9	19709.6	11.2412	539	68	198	4	0.0001 Colloc0 539 2748 0.0918289 158.225
1480	1	1971.77	19674.9	19664	10.8675	545	71	195	4	0.0001 Colloc0 545 2752 0.14276 135.908
1490	1	1985.23	19755.6	19744.5	11.1139	534	75	191	2	0.0001 Colloc0 534 2770 0.109196 150.472
1500	1	1998.52	19761.3	19750.9	10.3657	537	69	197	5	0.0001 Colloc0 537 2735 0.18485 108.251
1510	1	2011.34	19599.9	19589.1	10.8182	537	75	191	2	0.0001 Colloc0 537 2728 0.197405 133.069
1520	1	2024.36	19488.4	19477.7	10.7038	520	90	176	1	0.0001 Colloc0 520 2715 0.216049 126.582
1530	1	2037.49	19704.8	19693.6	11.1916	535	73	193	5	0.0001 Colloc0 535 2734 0.112725 155.19
1540	1	2050.78	19803.8	19792.9	10.9647	555	60	206	4	0.0001 Colloc0 555 2714 0.166921 141.581
1550	1	2064.09	19652.6	19641.8	10.7349	532	66	200	0	0.0001 Colloc0 532 2725 0.139635 128.329
1560	1	2077.41	19677.1	19666.4	10.708	520	78	188	3	0.0001 Colloc0 520 2759 0.160306 126.814
1570	1	2090.73	19651.6	19640.3	11.3093	523	81	185	3	0.0001 Colloc0 523 2717 0.0805188 162.435
1580	1	2103.86	19762.9	19751.8	11.0827	539	67	199	1	0.0001 Colloc0 539 2764 0.127893 148.594
1590	1	2117.02	19498.2	19487.2	10.9554	525	78	188	5	0.0001 Colloc0 525 2734 0.144015 141.033
1600	1	2129.93	19572.5	19561.4	11.1226	540	85	181	2	0.0001 Colloc0 540 2731 0.107393 150.998
1610	1	2142.85	19573.1	19561.7	11.3795	537	74	192	1	0.0001 Colloc0 537 2717 0.135771 166.82
1620	1	2155.64	19503	19493.1	9.95359	529	78	188	3	0.0001 Colloc0 529 2721 0.244674 87.7879
1630	1	2167.96	19476.5	19466	10.5657	520	86	180	0	0.0001 Colloc0 520 2722 0.189344 118.939
1640	1	2180.37	19660.3	19649.6	10.6591	514	71	195	1	0.0001 Colloc0 514 2745 0.15443 124.081
1650	1	2193.07	19631.1	19620.1	11.0115	522	73	193	1	0.0001 Colloc0 522 2718 0.11915 144.349
1660	1	2205.66	19614.9	19603.6	11.2362	520	65	201	5	0.0001 Colloc0 520 2710 0.0801519 157.919
1670	1	2217.49	19471.9	19461.6	10.3855	526	89	177	3	0.0001 Colloc0 526 2723 0.201368 109.288
1680	1	2229.83	19499.4	19488.7	10.7511	516	82	184	1	0.0001 Colloc0 516 2704 0.162293 129.249
1690	1	2241.9	19523.8	19512.8	11.0238	525	79	187	3	0.0001 Colloc0 525 2709 0.128243 145.075
1700	1	2253.82	19538.6	19528.1	10.5623	525	76	190	1	0.0001 Colloc0 525 2705 0.220344 118.75
1710	1	2265.78	19583.5	19572.8	10.6536	528	68	198	1	0.0001 Colloc0 528 2702 0.152728 123.774
1720	1	2277.76	19573.1	19562.4	10.6714	523	71	195	1	0.0001 Colloc0 523 2738 0.214742 124.767
1730	1	2289.75	19525.1	19514	11.1081	524	75	191	1	0.0001 Colloc0 524 2702 0.139667 150.122
1740	1	2301.6	19627.6	19616.1	11.5005	514	74	192	3	0.0001 Colloc0 514 2745 0.0142372 174.476
1750	1	2313.45	19656.8	19645.1	11.642	518	57	209	2	0.0001 Colloc0 518 2734 0.011047 183.587
1760	1	2325.25	19722.9	19711.4	11.4069	514	64	202	0	0.0001 Colloc0 514 2755 0.0498508 168.544
1770	1	2337.11	19684.6	19672.8	11.7458	525	75	191	2	0.0001 Colloc0 525 2723 0.00221292 190.379
1780	1	2348.96	19723.4	19712.4	10.9369	524	68	198	3	0.0001 Colloc0 524 2738 0.0974246 139.948
1790	1	2360.86	19713.3	19701.8	11.5124	539	65	201	1	0.0001 Colloc0 539 2729 0.081615 175.241
1800	1	2372.91	19509.7	19499.1	10.5802	510	78	188	2	0.0001 Colloc0 510 2693 0.197436 119.73
1810	1	2384.9	19551	19540.1	10.9163	517	84	182	0	0.0001 Colloc0 517 2701 0.187276 138.747
1820	1	2396.99	19843.5	19832.5	10.9907	542	61	205	2	0.0001 Colloc0 542 2754 0.137258 143.114
1830	1	2408.81	19594.7	19583.9	10.7714	526	73	193	3	0.0001 Colloc0 526 2698 0.175015 130.397
1840	1	2420.65	19458.2	19447.4	10.7745	508	83	183	2	0.0001 Colloc0 508 2715 0.130338 130.576
1850	1	2432.34	19695.1	19684.7	10.4614	558	73	193	2	0.0001 Colloc0 558 2723 0.308165 113.309
1860	1	2444.38	19507.5	19497.5	10.0203	516	70	196	3	0.0001 Colloc0 516 2681 0.230985 90.9509
1870	1	2456.21	19499.9	19489.8	10.1667	531	85	181	1	0.0001 Colloc0 531 2688 0.246353 98.1013
1880	1	2467.9	19492	19481.8	10.164	537	73	193	2	0.0001 Colloc0 537 2674 0.223537 97.9666
1890	1	2479.61	19668.3	19657.1	11.1284	523	68	198	2	0.0001 Colloc0 523 2733 0.100317 151.35
1900	1	2491.49	19501.8	19490.9	10.9073	517	84	182	1	0.0001 Colloc0 517 2718 0.150338 138.22
1910	1	2503.39	19537.3	19526.1	11.1149	542	77	189	2	0.0001 Colloc0 542 2688 0.139646 150.531
1920	1	2515.04	19566.5	19555.3	11.1303	539	79	187	2	0.0001 Colloc0 539 2704 0.132045 151.461
1930	1	2526.67	19720.5	19709.7	10.8494	532	71	195	2	0.0001 Colloc0 532 2737 0.148772 134.863
1940	1	2538.4	19582.6	19571.5	11.0127	525	66	200	2	0.0001 Colloc0 525 2693 0.128864 144.417
1950	1	2550.23	19711.1	19700	11.0564	542	70	196	2	0.0001 Colloc0 542 2747 0.158924 147.021
1960	1	2561.98	19399.1	19388	11.0654	525	80	186	3	0.0001 Colloc0 525 2658 0.104747 147.56
1970	1	2573.54	19623.5	19612.3	11.2023	537	76	190	1	0.0001 Colloc0 537 2721 0.161828 155.84
1980	1	2585.38	19580.7	19570.4	10.3544	529	72	194	1	0.0001 Colloc0 529 2708 0.223385 107.662
1990	1	2597.11	19606.6	19595.1	11.429	522	74	192	5	0.0001 Colloc0 522 2700 0.11239 169.937
2000	1	2608.14	19611	19600	10.9504	529	81	185	0	0.0001 Colloc0 529 2716 0.197917 140.742
