# D = 0, E = 1, I = 1, P = 1, R = -1, n = 2000, N = 1, P = 1, w = 1, a = 0.0001, b = 10000, e = 1, f = 1, g = 100, h = 0.01, r = 22700, s = 1, S = 0, x = 10, m = 100, Z = 1, z = 0, T = 1, t = 1
# 6856 tokens in 266 sentences
#
# It	Temp	Time	-logP	-logPcorpus	-logPrior	tables	same	changed	reject	default_pya	(parent pym pyn pya pyb)*
0	1	1.04884	27690.8	27577	113.764	2338	0	266	0	0.0001 Colloc0 2338 3310 0.0001 10000
10	1	15.1707	21097.6	21085.5	12.1656	637	38	228	6	0.0001 Colloc0 637 2873 0.0847134 218.646
20	1	28.5027	20764.7	20753.3	11.3508	549	41	225	5	0.0001 Colloc0 549 2932 0.0859258 165.023
30	1	41.8006	20489.4	20477.6	11.7904	543	49	217	6	0.0001 Colloc0 543 2872 0.0313424 193.319
40	1	55.2746	20205.1	20193.5	11.6172	537	54	212	8	0.0001 Colloc0 537 2863 0.000211721 181.981
50	1	68.9765	20241.3	20229.5	11.7941	540	49	217	4	0.0001 Colloc0 540 2822 0.0335664 193.564
60	1	82.6374	20311.5	20300.7	10.7335	558	45	221	6	0.0001 Colloc0 558 2840 0.212635 128.254
70	1	96.1824	20074.3	20063.2	11.0335	523	57	209	3	0.0001 Colloc0 523 2826 0.13135 145.652
80	1	109.883	20070	20059.6	10.4192	552	66	200	1	0.0001 Colloc0 552 2839 0.257264 111.067
90	1	123.306	19914.4	19903.4	10.9706	539	80	186	4	0.0001 Colloc0 539 2829 0.157663 141.928
100	1	136.401	19887.5	19876.4	11.1585	534	70	196	4	0.0001 Colloc0 534 2828 0.143007 153.171
110	1	150.007	20043.5	20031.7	11.8385	539	66	200	1	0.0001 Colloc0 539 2844 0.0316825 196.51
120	1	163.703	19974.7	19963.2	11.4187	564	61	205	4	0.0001 Colloc0 564 2817 0.137287 169.291
130	1	177.313	20042.4	20031.8	10.5828	560	59	207	5	0.0001 Colloc0 560 2819 0.22528 119.872
140	1	190.593	19865.8	19854.7	11.0997	534	65	201	2	0.0001 Colloc0 534 2804 0.101769 149.62
150	1	204.173	19796	19785.2	10.7284	557	75	191	5	0.0001 Colloc0 557 2785 0.124002 127.965
160	1	217.529	19719.4	19708.2	11.1508	525	69	197	3	0.0001 Colloc0 525 2791 0.0844346 152.703
170	1	230.978	19714.8	19704	10.8188	533	74	192	7	0.0001 Colloc0 533 2780 0.148626 133.105
180	1	244.603	19797.8	19787.4	10.4738	535	72	194	2	0.0001 Colloc0 535 2765 0.194573 113.968
190	1	258.335	19764.5	19753.9	10.627	538	77	189	1	0.0001 Colloc0 538 2776 0.223101 122.301
200	1	271.683	19718.3	19707.3	10.9777	528	79	187	1	0.0001 Colloc0 528 2789 0.134744 142.349
210	1	285.024	19801	19789.6	11.3355	527	69	197	1	0.0001 Colloc0 527 2782 0.0980103 164.071
220	1	298.527	19763.4	19752.9	10.5588	549	80	186	3	0.0001 Colloc0 549 2750 0.217147 118.563
230	1	311.827	19652.7	19642.1	10.6125	525	79	187	2	0.0001 Colloc0 525 2748 0.166516 121.502
240	1	325.438	19676.2	19665.1	11.0748	514	75	191	5	0.0001 Colloc0 514 2756 0.073165 148.124
250	1	339.036	19692	19681.2	10.7648	525	60	206	0	0.0001 Colloc0 525 2736 0.129856 130.023
260	1	352.625	19634.3	19622.7	11.6111	529	74	192	4	0.0001 Colloc0 529 2738 0.0748491 181.585
270	1	366.212	19624.2	19613.9	10.2745	546	76	190	2	0.0001 Colloc0 546 2754 0.251269 103.542
280	1	379.378	19716.4	19705.6	10.743	528	68	198	1	0.0001 Colloc0 528 2769 0.140033 128.787
290	1	392.375	19602.4	19591.4	10.9885	510	75	191	2	0.0001 Colloc0 510 2757 0.128765 142.984
300	1	406.011	19756.2	19744.8	11.455	541	66	200	0	0.0001 Colloc0 541 2768 0.0998784 171.584
310	1	419.503	19620.5	19609.2	11.3002	528	73	193	1	0.0001 Colloc0 528 2762 0.0793709 161.872
320	1	432.909	19613.7	19602.9	10.8196	533	77	189	1	0.0001 Colloc0 533 2739 0.185043 133.148
330	1	446.634	19678.4	19667.2	11.2119	530	69	197	2	0.0001 Colloc0 530 2724 0.0998467 156.431
340	1	460.196	19648.4	19637.2	11.225	531	67	199	5	0.0001 Colloc0 531 2736 0.0818122 157.232
350	1	473.659	19699.7	19688.9	10.7595	540	60	206	4	0.0001 Colloc0 540 2747 0.140041 129.725
360	1	486.752	19639.7	19628.6	11.1368	518	67	199	1	0.0001 Colloc0 518 2766 0.072418 151.856
370	1	500.283	19496.7	19486.2	10.4945	512	75	191	2	0.0001 Colloc0 512 2743 0.228173 115.081
380	1	513.792	19522.2	19512.2	9.99583	532	89	177	1	0.0001 Colloc0 532 2760 0.274062 89.7854
390	1	526.979	19588.5	19578.3	10.1492	524	84	182	0	0.0001 Colloc0 524 2738 0.189706 97.2324
400	1	540.328	19601.3	19590.3	10.9174	523	73	193	2	0.0001 Colloc0 523 2746 0.158028 138.807
410	1	553.585	19498.2	19487.4	10.8024	516	77	189	1	0.0001 Colloc0 516 2756 0.151215 132.163
420	1	567.247	19554.2	19543.2	11.0314	513	85	181	0	0.0001 Colloc0 513 2760 0.105326 145.527
430	1	580.946	19578.1	19568	10.1396	547	77	189	1	0.0001 Colloc0 547 2756 0.25242 96.7576
440	1	594.533	19623.3	19612.7	10.6244	513	78	188	2	0.0001 Colloc0 513 2789 0.146533 122.157
450	1	607.534	19689.2	19678	11.2519	519	71	195	1	0.0001 Colloc0 519 2808 0.11503 158.889
460	1	620.453	19529.1	19517.8	11.2877	507	80	186	2	0.0001 Colloc0 507 2750 0.0448137 161.1
470	1	633.624	19616	19605	10.9565	527	66	200	1	0.0001 Colloc0 527 2735 0.159177 141.101
480	1	646.547	19716.9	19705.9	10.9559	531	65	201	1	0.0001 Colloc0 531 2759 0.114185 141.064
490	1	659.637	19593.9	19582.9	10.9567	533	78	188	2	0.0001 Colloc0 533 2731 0.140047 141.111
500	1	673.111	19588.5	19578	10.5685	521	70	196	2	0.0001 Colloc0 521 2756 0.139331 119.09
510	1	686.613	19672.5	19661.4	11.0989	543	67	199	1	0.0001 Colloc0 543 2749 0.142566 149.566
520	1	699.328	19547.2	19536	11.2423	534	80	186	2	0.0001 Colloc0 534 2723 0.115661 158.296
530	1	712.767	19645.4	19634.2	11.1132	544	71	195	2	0.0001 Colloc0 544 2747 0.146738 150.431
540	1	725.962	19636.3	19624.9	11.4162	511	68	198	2	0.0001 Colloc0 511 2769 0.0392796 169.133
550	1	738.671	19647	19635.7	11.2953	523	65	201	4	0.0001 Colloc0 523 2746 0.102208 161.57
560	1	751.531	19613.6	19602.1	11.5795	511	72	194	3	0.0001 Colloc0 511 2775 0.0234675 179.545
570	1	764.509	19489	19478.7	10.2995	515	80	186	1	0.0001 Colloc0 515 2730 0.208646 104.824
580	1	777.449	19747.7	19735.9	11.7553	537	66	200	3	0.0001 Colloc0 537 2769 0.0499223 191.002
590	1	790.194	19623.7	19612.8	10.9171	520	76	190	2	0.0001 Colloc0 520 2780 0.190453 138.791
600	1	803.426	19563.5	19551.9	11.5834	515	75	191	4	0.0001 Colloc0 515 2752 0.0168656 179.797
610	1	816.906	19524.9	19514	10.8633	512	72	194	4	0.0001 Colloc0 512 2753 0.152298 135.668
620	1	829.786	19459.5	19449.2	10.2582	508	80	186	2	0.0001 Colloc0 508 2748 0.212642 102.707
630	1	842.977	19508.9	19498.3	10.6219	518	84	182	4	0.0001 Colloc0 518 2755 0.178942 122.021
640	1	856.353	19591.6	19580.7	10.9227	514	73	193	1	0.0001 Colloc0 514 2741 0.113492 139.117
650	1	869.39	19613.7	19602.7	11.0373	519	67	199	2	0.0001 Colloc0 519 2739 0.141654 145.882
660	1	882.93	19555.6	19544.6	11.0923	522	71	195	1	0.0001 Colloc0 522 2736 0.130793 149.172
670	1	896.646	19626.5	19615.4	11.0861	527	74	192	2	0.0001 Colloc0 527 2737 0.149589 148.799
680	1	910.194	19561.3	19550.3	11.0144	515	79	187	3	0.0001 Colloc0 515 2736 0.102603 144.516
690	1	923.494	19684.6	19673.6	10.9597	513	65	201	2	0.0001 Colloc0 513 2755 0.129026 141.286
700	1	936.938	19438.6	19427.2	11.3604	495	83	183	2	0.0001 Colloc0 495 2762 0.0239554 165.626
710	1	950.323	19470.2	19458.9	11.3325	500	78	188	4	0.0001 Colloc0 500 2746 0.0259744 163.879
720	1	963.681	19441.6	19430.9	10.7803	498	83	183	1	0.0001 Colloc0 498 2749 0.0952181 130.902
730	1	976.935	19515.8	19504.8	10.9627	492	76	190	4	0.0001 Colloc0 492 2739 0.114558 141.465
740	1	990.403	19599	19587.6	11.4684	509	78	188	2	0.0001 Colloc0 509 2755 0.0203959 172.437
750	1	1003.54	19534.8	19523.8	11.0787	511	68	198	0	0.0001 Colloc0 511 2723 0.145074 148.353
760	1	1017.17	19680.8	19669.8	11.0566	543	61	205	1	0.0001 Colloc0 543 2745 0.133977 147.034
770	1	1030.83	19506.2	19494.7	11.504	504	77	189	1	0.0001 Colloc0 504 2735 0.0331341 174.703
780	1	1044.38	19432.1	19421.4	10.6872	486	78	188	1	0.0001 Colloc0 486 2750 0.133462 125.651
790	1	1058.12	19573.9	19562.9	10.9787	500	72	194	2	0.0001 Colloc0 500 2773 0.0581813 142.406
800	1	1071.44	19588.9	19577.8	11.1721	505	66	200	1	0.0001 Colloc0 505 2744 0.0748923 153.998
810	1	1085.07	19410.5	19399.6	10.9008	512	80	186	3	0.0001 Colloc0 512 2727 0.0754248 137.84
820	1	1098.28	19547.2	19536	11.1999	508	70	196	6	0.0001 Colloc0 508 2770 0.0730842 155.694
830	1	1111.05	19594.7	19583.3	11.4254	510	74	192	0	0.0001 Colloc0 510 2763 0.0232256 169.712
840	1	1124.79	19637.6	19626.2	11.3999	524	75	191	3	0.0001 Colloc0 524 2763 0.0440841 168.104
850	1	1138.01	19515.2	19503.8	11.3448	515	75	191	6	0.0001 Colloc0 515 2720 0.0908022 164.652
860	1	1151.51	19579.4	19568.5	10.9062	528	63	203	4	0.0001 Colloc0 528 2729 0.10972 138.157
870	1	1164.98	19473.3	19462.2	11.0828	505	85	181	3	0.0001 Colloc0 505 2748 0.111575 148.6
880	1	1178.23	19560.6	19549.7	10.9025	510	80	186	2	0.0001 Colloc0 510 2757 0.111227 137.939
890	1	1191.21	19576.3	19564.9	11.4243	512	73	193	2	0.0001 Colloc0 512 2746 0.0689646 169.64
900	1	1204.73	19592.7	19581.3	11.381	520	71	195	2	0.0001 Colloc0 520 2727 0.091972 166.915
910	1	1218.11	19642.7	19632	10.7573	533	68	198	1	0.0001 Colloc0 533 2733 0.131133 129.596
920	1	1231.57	19631	19620.4	10.5728	539	66	200	5	0.0001 Colloc0 539 2751 0.212743 119.324
930	1	1245.18	19549.5	19538.4	11.1102	512	75	191	2	0.0001 Colloc0 512 2745 0.0737273 150.248
940	1	1258.26	19595.9	19585.4	10.5749	525	66	200	2	0.0001 Colloc0 525 2739 0.18005 119.439
950	1	1271.36	19378.2	19367.6	10.618	518	89	177	4	0.0001 Colloc0 518 2731 0.173465 121.808
960	1	1284.26	19539.1	19528.1	11.0092	525	76	190	0	0.0001 Colloc0 525 2712 0.127649 144.211
970	1	1296.85	19599.3	19588.6	10.6561	524	76	190	4	0.0001 Colloc0 524 2727 0.174249 123.916
980	1	1310.12	19501.8	19490.9	10.8919	528	80	186	2	0.0001 Colloc0 528 2707 0.129733 137.322
990	1	1323.67	19579.7	19568.9	10.7406	508	76	190	4	0.0001 Colloc0 508 2750 0.121643 128.653
1000	1	1337.08	19534.8	19524.3	10.5371	518	76	190	1	0.0001 Colloc0 518 2736 0.201569 117.379
1010	1	1350.36	19534	19522.7	11.2583	531	80	186	4	0.0001 Colloc0 531 2723 0.107556 159.278
1020	1	1363.78	19640.2	19628.6	11.5379	521	77	189	3	0.0001 Colloc0 521 2738 0.0329424 176.871
1030	1	1376.6	19648.2	19637	11.2032	515	75	191	3	0.0001 Colloc0 515 2759 0.0573687 155.895
1040	1	1389.97	19506	19495.1	10.9042	505	85	181	5	0.0001 Colloc0 505 2752 0.136654 138.041
1050	1	1403.36	19584.8	19573.9	10.9262	523	76	190	1	0.0001 Colloc0 523 2751 0.100831 139.323
1060	1	1416.29	19554	19543	11.0024	510	79	187	0	0.0001 Colloc0 510 2763 0.107356 143.807
1070	1	1429.78	19477.4	19466.4	10.9102	502	67	199	1	0.0001 Colloc0 502 2747 0.0915332 138.39
1080	1	1443.43	19549.8	19539.5	10.3759	523	71	195	3	0.0001 Colloc0 523 2738 0.233424 108.789
1090	1	1456.86	19492.6	19481.6	11.0875	498	71	195	2	0.0001 Colloc0 498 2729 0.0930409 148.881
1100	1	1469.89	19584.7	19573.8	10.9148	501	66	200	4	0.0001 Colloc0 501 2797 0.0974345 138.659
1110	1	1483.32	19615.1	19603.7	11.3444	520	65	201	3	0.0001 Colloc0 520 2760 0.082929 164.624
1120	1	1496.64	19564.5	19553.8	10.6459	532	82	184	2	0.0001 Colloc0 532 2733 0.176756 123.351
1130	1	1509.68	19600.3	19588.7	11.5773	522	76	190	7	0.0001 Colloc0 522 2765 0.0337228 179.401
1140	1	1523.25	19530	19519.2	10.8041	504	76	190	2	0.0001 Colloc0 504 2753 0.135481 132.261
1150	1	1536.77	19608.6	19597.6	11.0042	524	64	202	1	0.0001 Colloc0 524 2760 0.166282 143.917
1160	1	1550.13	19498.6	19488.1	10.5137	508	85	181	2	0.0001 Colloc0 508 2739 0.198531 116.115
1170	1	1563.28	19476.7	19466.4	10.2983	524	77	189	2	0.0001 Colloc0 524 2722 0.266304 104.763
1180	1	1577.12	19416.9	19405.8	11.1492	515	82	184	2	0.0001 Colloc0 515 2717 0.120749 152.609
1190	1	1590.56	19586.2	19574.8	11.3971	548	83	183	2	0.0001 Colloc0 548 2754 0.109831 167.927
1200	1	1604.05	19569.4	19558.8	10.5485	525	72	194	2	0.0001 Colloc0 525 2722 0.162968 117.998
1210	1	1616.97	19654.7	19643.6	11.1796	522	77	189	1	0.0001 Colloc0 522 2722 0.1013 154.455
1220	1	1630.63	19579.9	19569.6	10.2754	545	78	188	1	0.0001 Colloc0 545 2698 0.220555 103.588
1230	1	1644.01	19625	19614.3	10.6354	530	77	189	2	0.0001 Colloc0 530 2753 0.213356 122.766
1240	1	1657.39	19630.6	19620.2	10.4258	522	70	196	1	0.0001 Colloc0 522 2720 0.19268 111.415
1250	1	1670.92	19511.3	19500.9	10.3924	523	81	185	0	0.0001 Colloc0 523 2736 0.195257 109.651
1260	1	1684.12	19540.6	19529.7	10.9167	513	75	191	1	0.0001 Colloc0 513 2746 0.0586641 138.767
1270	1	1697.39	19719.4	19708.5	10.9501	556	71	195	2	0.0001 Colloc0 556 2747 0.158234 140.724
1280	1	1710.95	19488.3	19477.2	11.0544	512	78	188	4	0.0001 Colloc0 512 2724 0.0830232 146.898
1290	1	1724.46	19597.1	19586.2	10.895	546	76	190	2	0.0001 Colloc0 546 2713 0.159748 137.502
1300	1	1737.89	19402.7	19392.4	10.3614	520	97	169	1	0.0001 Colloc0 520 2714 0.166726 108.029
1310	1	1751.04	19525.3	19513.9	11.4509	531	75	191	1	0.0001 Colloc0 531 2731 0.0929583 171.324
1320	1	1764.48	19457.3	19446.8	10.4888	530	84	182	3	0.0001 Colloc0 530 2718 0.209192 114.772
1330	1	1778.04	19564.3	19553.6	10.7187	518	72	194	5	0.0001 Colloc0 518 2727 0.139517 127.418
1340	1	1791.63	19588.3	19577.2	11.0325	500	72	194	3	0.0001 Colloc0 500 2755 0.0841292 145.594
1350	1	1805.32	19561.4	19551	10.382	535	74	192	4	0.0001 Colloc0 535 2724 0.158576 109.108
1360	1	1819.15	19570.3	19559.4	10.9333	534	71	195	3	0.0001 Colloc0 534 2726 0.121871 139.737
1370	1	1832.4	19559.3	19547.6	11.7244	513	76	190	2	0.0001 Colloc0 513 2690 0.0178611 188.972
1380	1	1845.95	19555.7	19544.3	11.3825	527	71	195	2	0.0001 Colloc0 527 2714 0.0964196 167.008
1390	1	1859.14	19466.5	19455.4	11.1308	513	79	187	3	0.0001 Colloc0 513 2731 0.0858266 151.496
1400	1	1871.8	19486.8	19475.8	10.9737	524	78	188	2	0.0001 Colloc0 524 2704 0.0728996 142.114
1410	1	1884.67	19457.8	19446.4	11.3652	504	79	187	1	0.0001 Colloc0 504 2729 0.0685302 165.924
1420	1	1898.12	19430.5	19420.1	10.3857	537	83	183	0	0.0001 Colloc0 537 2717 0.209087 109.3
1430	1	1910.9	19474.3	19463.2	11.0906	512	81	185	1	0.0001 Colloc0 512 2739 0.0629172 149.07
1440	1	1923.58	19439.6	19428.6	10.9538	525	80	186	2	0.0001 Colloc0 525 2706 0.128505 140.944
1450	1	1936.72	19450.6	19439.5	11.1274	516	88	178	3	0.0001 Colloc0 516 2724 0.0881427 151.287
1460	1	1950.34	19472.7	19461.8	10.8957	531	89	177	0	0.0001 Colloc0 531 2695 0.159581 137.546
1470	1	1964.29	19512.7	19502.1	10.5818	542	68	198	3	0.0001 Colloc0 542 2719 0.155492 119.817
1480	1	1977.52	19500.6	19489.2	11.3643	518	92	174	2	0.0001 Colloc0 518 2698 0.0553141 165.87
1490	1	1990.62	19529.1	19518.7	10.4105	545	82	184	3	0.0001 Colloc0 545 2700 0.213737 110.605
1500	1	2003.71	19593.4	19582.3	11.1107	521	75	191	2	0.0001 Colloc0 521 2738 0.129674 150.278
1510	1	2016.62	19549.5	19539	10.416	506	80	186	4	0.0001 Colloc0 506 2736 0.199637 110.896
1520	1	2029.97	19605.4	19594.4	11.0343	527	78	188	3	0.0001 Colloc0 527 2716 0.127932 145.7
1530	1	2043.11	19556.3	19544.9	11.3801	495	80	186	5	0.0001 Colloc0 495 2746 0.0272408 166.861
1540	1	2055.4	19611.5	19600.1	11.4471	521	80	186	4	0.0001 Colloc0 521 2756 0.0627664 171.082
1550	1	2068.36	19663.1	19652.5	10.6239	529	70	196	0	0.0001 Colloc0 529 2755 0.128846 122.133
1560	1	2081.55	19553.6	19542.2	11.4047	534	69	197	4	0.0001 Colloc0 534 2723 0.071921 168.403
1570	1	2093.99	19499.8	19488.7	11.1135	523	79	187	4	0.0001 Colloc0 523 2735 0.0865798 150.45
1580	1	2107.09	19526.3	19515.5	10.7163	517	66	200	4	0.0001 Colloc0 517 2724 0.213632 127.281
1590	1	2119.76	19532.5	19521.7	10.7897	527	80	186	5	0.0001 Colloc0 527 2712 0.134101 131.439
1600	1	2133.06	19496.7	19486.3	10.3424	507	79	187	0	0.0001 Colloc0 507 2740 0.211482 107.039
1610	1	2146.51	19610.4	19599.1	11.2991	541	84	182	2	0.0001 Colloc0 541 2714 0.0877371 161.802
1620	1	2159.24	19424.5	19414	10.4319	526	84	182	0	0.0001 Colloc0 526 2711 0.188275 111.736
1630	1	2172.07	19544.5	19533.8	10.6747	531	82	184	2	0.0001 Colloc0 531 2751 0.197167 124.954
1640	1	2184.96	19625.9	19615.3	10.6472	524	72	194	1	0.0001 Colloc0 524 2731 0.152679 123.42
1650	1	2197.41	19635.3	19624.4	10.8409	540	68	198	3	0.0001 Colloc0 540 2727 0.176212 134.372
1660	1	2209.89	19582	19571	11.0323	510	74	192	2	0.0001 Colloc0 510 2740 0.120818 145.582
1670	1	2222.17	19508.9	19497.9	11.0349	519	74	192	3	0.0001 Colloc0 519 2721 0.140933 145.736
1680	1	2234.54	19545.8	19535.4	10.3446	511	75	191	3	0.0001 Colloc0 511 2739 0.180694 107.156
1690	1	2246.59	19480	19468.7	11.3462	504	83	183	3	0.0001 Colloc0 504 2726 0.101345 164.734
1700	1	2258.77	19543.4	19532.2	11.1666	527	79	187	2	0.0001 Colloc0 527 2716 0.0855155 153.664
1710	1	2270.76	19616.9	19606.9	10.0076	541	70	196	1	0.0001 Colloc0 541 2711 0.254438 90.3443
1720	1	2282.75	19539.6	19528.5	11.1357	530	82	184	1	0.0001 Colloc0 530 2702 0.0753851 151.787
1730	1	2294.71	19444	19433	11.041	514	83	183	2	0.0001 Colloc0 514 2695 0.0772777 146.099
1740	1	2306.63	19573.8	19562.9	10.8639	543	68	198	3	0.0001 Colloc0 543 2703 0.154379 135.7
1750	1	2318.62	19575.2	19563.9	11.2827	530	78	188	4	0.0001 Colloc0 530 2719 0.0442911 160.787
1760	1	2330.56	19474.3	19463.1	11.1652	525	94	172	2	0.0001 Colloc0 525 2704 0.119286 153.58
1770	1	2342.61	19512.9	19501.9	11.0282	537	71	195	5	0.0001 Colloc0 537 2687 0.118227 145.341
1780	1	2354.48	19548.7	19537.6	11.0979	523	78	188	1	0.0001 Colloc0 523 2713 0.0937934 149.511
1790	1	2366.32	19516.7	19506.1	10.595	515	71	195	2	0.0001 Colloc0 515 2692 0.157149 120.542
1800	1	2378.24	19516.6	19505	11.5653	544	78	188	0	0.0001 Colloc0 544 2695 0.0735918 178.627
1810	1	2389.77	19438.4	19427.8	10.5695	521	76	190	1	0.0001 Colloc0 521 2705 0.192894 119.142
1820	1	2401.78	19579.6	19569	10.568	534	74	192	3	0.0001 Colloc0 534 2721 0.177553 119.063
1830	1	2413.58	19391.4	19380.1	11.2996	519	81	185	3	0.0001 Colloc0 519 2717 0.094548 161.833
1840	1	2425.43	19541.4	19530	11.3629	524	76	190	2	0.0001 Colloc0 524 2739 0.0661094 165.781
1850	1	2437.24	19510.3	19499.3	10.9974	524	86	180	2	0.0001 Colloc0 524 2732 0.0990472 143.511
1860	1	2449.23	19558.1	19547.2	10.9041	534	80	186	5	0.0001 Colloc0 534 2690 0.152003 138.032
1870	1	2460.99	19474.3	19463.9	10.4054	522	87	179	1	0.0001 Colloc0 522 2702 0.19047 110.339
1880	1	2472.82	19504.7	19493.8	10.951	519	75	191	2	0.0001 Colloc0 519 2707 0.145441 140.779
1890	1	2484.73	19416.4	19405.3	11.1264	526	84	182	1	0.0001 Colloc0 526 2687 0.09183 151.228
1900	1	2496.36	19436.9	19426.8	10.1829	512	78	188	1	0.0001 Colloc0 512 2683 0.214198 98.9121
1910	1	2508.24	19447.4	19437.1	10.2392	533	78	188	3	0.0001 Colloc0 533 2656 0.239988 101.744
1920	1	2520.15	19440.6	19429.7	10.9477	508	83	183	3	0.0001 Colloc0 508 2730 0.134632 140.585
1930	1	2531.97	19504.6	19493.5	11.1422	509	79	187	1	0.0001 Colloc0 509 2726 0.111839 152.185
1940	1	2543.19	19472.7	19462.1	10.6426	523	80	186	1	0.0001 Colloc0 523 2729 0.140872 123.168
1950	1	2554.85	19538.2	19527	11.2028	507	78	188	3	0.0001 Colloc0 507 2739 0.0693698 155.874
1960	1	2566.64	19555.8	19544.2	11.5583	512	78	188	2	0.0001 Colloc0 512 2703 0.0428599 178.179
1970	1	2578.28	19568.2	19557.8	10.3664	530	83	183	3	0.0001 Colloc0 530 2693 0.267516 108.291
1980	1	2589.91	19424.8	19413.8	11.0199	516	83	183	3	0.0001 Colloc0 516 2731 0.0693348 144.846
1990	1	2601.5	19493.2	19481.6	11.5218	504	87	179	1	0.0001 Colloc0 504 2719 0.0359075 175.841
2000	1	2612.79	19512.6	19501.5	11.0878	523	81	185	3	0.0001 Colloc0 523 2729 0.126419 148.902
