# D = 0, E = 1, I = 1, P = 1, R = -1, n = 2000, N = 1, P = 1, w = 1, a = 0.0001, b = 10000, e = 1, f = 1, g = 100, h = 0.01, r = 7538, s = 1, S = 0, x = 10, m = 100, Z = 1, z = 0, T = 1, t = 1
# 6184 tokens in 266 sentences
#
# It	Temp	Time	-logP	-logPcorpus	-logPrior	tables	same	changed	reject	default_pya	(parent pym pyn pya pyb)*
0	1	0.904862	27470	27356.2	113.764	3097	0	266	0	0.0001 Colloc0 3097 4166 0.0001 10000
10	1	13.7239	19360.6	19349.8	10.776	558	39	227	5	0.0001 Colloc0 558 2826 0.201338 130.66
20	1	24.9962	18793.6	18782.1	11.5513	472	45	221	2	0.0001 Colloc0 472 2805 0.0111707 177.728
30	1	36.0845	18335.7	18325.4	10.328	447	62	204	3	0.0001 Colloc0 447 2761 0.118468 106.293
40	1	47.2758	18172.3	18162	10.2339	429	74	192	1	0.0001 Colloc0 429 2748 0.115251 101.475
50	1	58.3281	18152	18141.4	10.6409	428	71	195	2	0.0001 Colloc0 428 2740 0.0693355 123.07
60	1	69.4984	18268.7	18258.2	10.5234	435	62	204	3	0.0001 Colloc0 435 2737 0.0862086 116.637
70	1	80.4918	18109.4	18098.6	10.7953	432	71	195	1	0.0001 Colloc0 432 2727 0.0931004 131.757
80	1	91.4111	18254.2	18243.3	10.8943	447	70	196	4	0.0001 Colloc0 447 2723 0.0251573 137.462
90	1	102.365	18101.1	18090.9	10.2037	430	56	210	2	0.0001 Colloc0 430 2703 0.118775 99.9514
100	1	113.143	18079.7	18069	10.7421	418	73	193	3	0.0001 Colloc0 418 2679 0.0925161 128.738
110	1	123.775	17881.4	17870.9	10.5831	416	79	187	5	0.0001 Colloc0 416 2693 0.0641681 119.886
120	1	134.799	17895.9	17885.5	10.3754	426	74	192	2	0.0001 Colloc0 426 2702 0.0823431 108.762
130	1	145.841	17942.4	17932	10.4409	424	74	192	4	0.0001 Colloc0 424 2705 0.0563465 112.214
140	1	156.908	18081.5	18070.7	10.7603	441	68	198	6	0.0001 Colloc0 441 2683 0.117178 129.769
150	1	167.848	17954.4	17943.9	10.4961	437	61	205	3	0.0001 Colloc0 437 2651 0.0788907 115.164
160	1	178.937	17923.3	17913	10.3256	445	66	200	0	0.0001 Colloc0 445 2634 0.112533 106.168
170	1	189.897	17781.1	17770.5	10.5811	429	79	187	2	0.0001 Colloc0 429 2634 0.0605755 119.781
180	1	200.904	17804.1	17793.3	10.7569	432	74	192	0	0.0001 Colloc0 432 2630 0.0626508 129.573
190	1	211.879	17841.3	17830.5	10.7973	446	70	196	2	0.0001 Colloc0 446 2621 0.0373443 131.872
200	1	223.134	17729.4	17718.7	10.7519	426	93	173	1	0.0001 Colloc0 426 2659 0.0822518 129.294
210	1	234.078	17597.4	17587.1	10.2678	398	89	177	2	0.0001 Colloc0 398 2640 0.0871772 103.196
220	1	245.021	17652.8	17642	10.8965	428	83	183	1	0.0001 Colloc0 428 2631 0.0202252 137.594
230	1	256.04	17661.5	17651	10.4462	424	90	176	0	0.0001 Colloc0 424 2631 0.10872 112.498
240	1	267.252	17739.3	17728.4	10.9757	437	80	186	2	0.0001 Colloc0 437 2640 0.0326547 142.231
250	1	278.399	17784.9	17774.6	10.3446	429	77	189	6	0.0001 Colloc0 429 2641 0.124254 107.156
260	1	289.413	17781.2	17771.1	10.0142	436	82	184	3	0.0001 Colloc0 436 2652 0.168221 90.6593
270	1	300.281	17710.9	17700.5	10.3611	428	77	189	3	0.0001 Colloc0 428 2628 0.125833 108.012
280	1	311.217	17600.2	17590.5	9.72374	417	83	183	0	0.0001 Colloc0 417 2600 0.193316 77.3435
290	1	321.668	17607.7	17597.5	10.1608	424	85	181	1	0.0001 Colloc0 424 2602 0.121091 97.807
300	1	332.344	17624.5	17614.1	10.3933	427	82	184	2	0.0001 Colloc0 427 2622 0.109477 109.702
310	1	343.335	17522.1	17511.1	11.0114	429	93	173	1	0.0001 Colloc0 429 2620 0.0220671 144.34
320	1	354.652	17558.2	17547.9	10.2659	439	94	172	1	0.0001 Colloc0 439 2606 0.112415 103.1
330	1	365.854	17502.1	17491.3	10.7817	411	86	180	2	0.0001 Colloc0 411 2612 0.00655163 130.983
340	1	376.768	17477	17466.7	10.2745	438	95	171	3	0.0001 Colloc0 438 2591 0.137569 103.539
350	1	387.765	17640.1	17629.4	10.6918	425	80	186	2	0.0001 Colloc0 425 2602 0.0594186 125.91
360	1	398.532	17520.4	17510.1	10.3222	439	92	174	2	0.0001 Colloc0 439 2598 0.12914 105.991
370	1	409.593	17614.6	17604.1	10.4871	434	85	181	1	0.0001 Colloc0 434 2609 0.0325427 114.681
380	1	420.496	17704.8	17694.1	10.7147	446	85	181	0	0.0001 Colloc0 446 2602 0.114887 127.194
390	1	431.313	17602.9	17592.1	10.8026	433	80	186	6	0.0001 Colloc0 433 2601 0.0672094 132.174
400	1	442.246	17581	17570.7	10.3427	422	75	191	2	0.0001 Colloc0 422 2609 0.117469 107.057
410	1	453.269	17462	17451.6	10.4142	420	95	171	2	0.0001 Colloc0 420 2602 0.0815078 110.803
420	1	464.386	17443.9	17433.5	10.3986	429	97	169	1	0.0001 Colloc0 429 2589 0.140806 109.977
430	1	475.473	17472.7	17463	9.62985	426	90	176	0	0.0001 Colloc0 426 2595 0.223308 73.2874
440	1	486.344	17408.4	17398.1	10.2074	426	106	160	1	0.0001 Colloc0 426 2599 0.159375 100.14
450	1	497.255	17666.5	17656.5	9.99632	437	81	185	0	0.0001 Colloc0 437 2612 0.21688 89.8085
460	1	508.254	17558	17548.3	9.62064	454	96	170	1	0.0001 Colloc0 454 2586 0.233526 72.8964
470	1	519.255	17409.8	17399.3	10.4129	416	111	155	2	0.0001 Colloc0 416 2598 0.0564313 110.734
480	1	530.367	17390.9	17381	9.8843	420	107	159	2	0.0001 Colloc0 420 2587 0.163088 84.5636
490	1	541.363	17460.5	17450.2	10.2857	436	87	179	2	0.0001 Colloc0 436 2559 0.159099 104.112
500	1	552.437	17545.3	17534.7	10.652	448	86	180	2	0.0001 Colloc0 448 2577 0.115549 123.689
510	1	563.578	17489.5	17479.3	10.191	433	95	171	3	0.0001 Colloc0 433 2560 0.155113 99.3174
520	1	574.431	17458	17448	10.0138	439	99	167	2	0.0001 Colloc0 439 2565 0.164373 90.6403
530	1	585.204	17545.6	17535.1	10.5328	434	89	177	2	0.0001 Colloc0 434 2561 0.0648188 117.145
540	1	596.133	17476.7	17466.1	10.6209	428	88	178	2	0.0001 Colloc0 428 2561 0.12182 121.965
550	1	607.089	17514.7	17504.3	10.4167	439	94	172	2	0.0001 Colloc0 439 2545 0.120821 110.933
560	1	617.88	17607.8	17597.1	10.7002	436	75	191	2	0.0001 Colloc0 436 2540 0.0650652 126.38
570	1	629	17553.2	17542.5	10.6707	417	80	186	4	0.0001 Colloc0 417 2537 0.0666093 124.728
580	1	640.074	17500.5	17490.5	9.94149	433	75	191	2	0.0001 Colloc0 433 2560 0.154896 87.2204
590	1	651.304	17382.7	17372.9	9.80801	426	97	169	6	0.0001 Colloc0 426 2545 0.212859 81.0886
600	1	662.302	17419.9	17409.5	10.4238	434	88	178	1	0.0001 Colloc0 434 2524 0.149918 111.307
610	1	673.293	17436.9	17426.6	10.2925	439	103	163	2	0.0001 Colloc0 439 2544 0.139712 104.462
620	1	684.29	17433	17423.3	9.76894	453	103	163	0	0.0001 Colloc0 453 2528 0.244556 79.3399
630	1	695.102	17401.1	17390.3	10.7668	440	104	162	3	0.0001 Colloc0 440 2552 0.0806474 130.138
640	1	705.95	17389.5	17379.3	10.1629	438	99	167	2	0.0001 Colloc0 438 2553 0.150823 97.9155
650	1	716.97	17379.9	17369.8	10.0573	424	97	169	2	0.0001 Colloc0 424 2555 0.182297 92.7314
660	1	727.915	17376.6	17366.3	10.2849	435	98	168	2	0.0001 Colloc0 435 2533 0.118819 104.071
670	1	739.077	17465.5	17455.3	10.2024	445	91	175	1	0.0001 Colloc0 445 2547 0.164946 99.8893
680	1	750.045	17383.4	17372.6	10.849	430	106	160	0	0.0001 Colloc0 430 2553 0.0601063 134.842
690	1	761.045	17332	17321.6	10.4498	422	111	155	0	0.0001 Colloc0 422 2571 0.0675138 112.688
700	1	772.258	17442.9	17432.9	10.051	437	103	163	0	0.0001 Colloc0 437 2544 0.243852 92.4286
710	1	783.32	17378.1	17367.7	10.3048	421	99	167	1	0.0001 Colloc0 421 2544 0.0931906 105.093
720	1	794.428	17379.6	17369.2	10.3546	434	96	170	1	0.0001 Colloc0 434 2537 0.145545 107.675
730	1	805.606	17408.4	17398.3	10.1052	418	95	171	0	0.0001 Colloc0 418 2549 0.149873 95.0639
740	1	816.287	17331.7	17321	10.6477	425	100	166	1	0.0001 Colloc0 425 2516 0.0599608 123.449
750	1	826.694	17366.2	17355.4	10.819	423	93	173	1	0.0001 Colloc0 423 2562 0.069377 133.115
760	1	837.346	17422.2	17411.7	10.4729	438	96	170	1	0.0001 Colloc0 438 2549 0.131871 113.922
770	1	847.995	17376.1	17366.2	9.90853	444	94	172	1	0.0001 Colloc0 444 2549 0.225461 85.6842
780	1	858.632	17407.9	17397.6	10.2726	438	87	179	2	0.0001 Colloc0 438 2515 0.16205 103.444
790	1	869.595	17594.2	17583.9	10.2804	463	79	187	5	0.0001 Colloc0 463 2535 0.144174 103.844
800	1	880.619	17571.8	17561.5	10.2891	447	78	188	1	0.0001 Colloc0 447 2526 0.157949 104.289
810	1	891.108	17462.3	17451.8	10.5164	435	86	180	0	0.0001 Colloc0 435 2562 0.0853019 116.261
820	1	901.785	17397.9	17387.2	10.6738	435	95	171	1	0.0001 Colloc0 435 2545 0.0850187 124.901
830	1	912.638	17359.2	17348.6	10.6463	447	99	167	2	0.0001 Colloc0 447 2514 0.0982988 123.372
840	1	923.814	17497.2	17487	10.1902	464	92	174	0	0.0001 Colloc0 464 2525 0.179226 99.2772
850	1	934.53	17420.2	17409.3	10.8707	440	90	176	2	0.0001 Colloc0 440 2518 0.0599415 136.094
860	1	945.436	17405.7	17395.8	9.97504	459	103	163	1	0.0001 Colloc0 459 2516 0.222742 88.7995
870	1	956.438	17375.9	17365.7	10.2187	449	102	164	0	0.0001 Colloc0 449 2529 0.148885 100.708
880	1	967.487	17287.1	17276.6	10.5067	417	102	164	1	0.0001 Colloc0 417 2521 0.0887226 115.736
890	1	978.12	17259.4	17248.9	10.4745	429	115	151	2	0.0001 Colloc0 429 2536 0.154983 114.009
900	1	988.91	17281.6	17271.2	10.3146	439	112	154	3	0.0001 Colloc0 439 2532 0.156562 105.598
910	1	999.618	17478	17467.9	10.1464	453	95	171	1	0.0001 Colloc0 453 2541 0.237735 97.094
920	1	1010.34	17278.8	17269	9.7946	431	117	149	2	0.0001 Colloc0 431 2531 0.245127 80.4861
930	1	1021.3	17322.6	17311.7	10.8668	426	113	153	0	0.0001 Colloc0 426 2528 0.0239298 135.868
940	1	1032.12	17418.6	17408.1	10.4459	429	98	168	1	0.0001 Colloc0 429 2522 0.102255 112.482
950	1	1042.7	17418.9	17408.2	10.7707	441	93	173	1	0.0001 Colloc0 441 2544 0.0604004 130.361
960	1	1053.63	17377.9	17367.7	10.2268	445	103	163	1	0.0001 Colloc0 445 2549 0.197725 101.114
970	1	1064.64	17384.9	17374.4	10.4502	439	113	153	4	0.0001 Colloc0 439 2547 0.117373 112.712
980	1	1075.58	17438.7	17428.3	10.4494	452	100	166	1	0.0001 Colloc0 452 2538 0.153297 112.669
990	1	1086.63	17380	17369.7	10.3058	434	95	171	3	0.0001 Colloc0 434 2522 0.114621 105.148
1000	1	1097.39	17281.2	17270.9	10.2408	418	110	156	0	0.0001 Colloc0 418 2528 0.102926 101.826
1010	1	1108.19	17441.4	17431.1	10.2757	428	92	174	4	0.0001 Colloc0 428 2531 0.178787 103.6
1020	1	1119.05	17445	17434.3	10.7446	442	96	170	1	0.0001 Colloc0 442 2528 0.0589966 128.879
1030	1	1129.88	17478.9	17468.2	10.6704	449	85	181	4	0.0001 Colloc0 449 2514 0.103487 124.715
1040	1	1140.67	17359.8	17348.8	10.9641	419	101	165	2	0.0001 Colloc0 419 2510 0.0225508 141.545
1050	1	1151.53	17307.8	17297.9	9.87841	431	102	164	3	0.0001 Colloc0 431 2496 0.18044 84.2928
1060	1	1162.14	17429.4	17419.2	10.1988	443	96	170	4	0.0001 Colloc0 443 2533 0.185541 99.7038
1070	1	1173.09	17406.5	17395.7	10.8462	431	96	170	0	0.0001 Colloc0 431 2525 0.0507014 134.678
1080	1	1184.12	17451.9	17441.4	10.4467	445	94	172	3	0.0001 Colloc0 445 2512 0.143452 112.525
1090	1	1195.13	17522.9	17512.5	10.4201	440	84	182	2	0.0001 Colloc0 440 2527 0.151826 111.112
1100	1	1205.92	17480.2	17469.4	10.8418	447	89	177	0	0.0001 Colloc0 447 2543 0.0446173 134.428
1110	1	1216.68	17578.3	17567.5	10.7907	439	81	185	0	0.0001 Colloc0 439 2545 0.085146 131.497
1120	1	1227.65	17492.6	17481.4	11.1604	445	94	172	0	0.0001 Colloc0 445 2511 0.0344196 153.289
1130	1	1238.64	17477	17466.1	10.9005	447	93	173	0	0.0001 Colloc0 447 2516 0.0303096 137.826
1140	1	1249.62	17412.9	17402.1	10.8349	446	92	174	0	0.0001 Colloc0 446 2505 0.104928 134.028
1150	1	1260.31	17286.5	17275.5	10.9147	437	108	158	1	0.0001 Colloc0 437 2491 0.0434624 138.654
1160	1	1271.36	17477.6	17466.9	10.7085	434	93	173	2	0.0001 Colloc0 434 2516 0.0489876 126.844
1170	1	1282.19	17323.4	17312.8	10.5766	423	111	155	4	0.0001 Colloc0 423 2495 0.103634 119.53
1180	1	1293.41	17422.6	17412.5	10.0866	439	100	166	3	0.0001 Colloc0 439 2506 0.19605 94.1554
1190	1	1304.51	17333.8	17323	10.8347	436	103	163	2	0.0001 Colloc0 436 2486 0.0694351 134.018
1200	1	1315.58	17384.2	17373.7	10.5136	454	110	156	0	0.0001 Colloc0 454 2504 0.139289 116.108
1210	1	1326.83	17364.7	17354.6	10.0889	445	101	165	0	0.0001 Colloc0 445 2521 0.185017 94.2663
1220	1	1337.98	17367.3	17357.1	10.1863	429	94	172	3	0.0001 Colloc0 429 2530 0.1489 99.0786
1230	1	1349.14	17387.7	17377.1	10.568	443	112	154	0	0.0001 Colloc0 443 2507 0.165919 119.062
1240	1	1360.26	17292.4	17282.2	10.211	439	98	168	2	0.0001 Colloc0 439 2489 0.111202 100.319
1250	1	1371.3	17423.4	17412.7	10.6944	427	84	182	1	0.0001 Colloc0 427 2517 0.0672762 126.05
1260	1	1382.43	17352.8	17342	10.8099	447	90	176	2	0.0001 Colloc0 447 2503 0.0732148 132.593
1270	1	1393.08	17353.4	17342.6	10.8654	439	100	166	3	0.0001 Colloc0 439 2507 0.0350696 135.791
1280	1	1404.08	17419.1	17409	10.1186	434	88	178	2	0.0001 Colloc0 434 2511 0.196629 95.7238
1290	1	1414.81	17386.2	17375.1	11.1655	448	87	179	0	0.0001 Colloc0 448 2498 0.0254709 153.597
1300	1	1426.13	17276.2	17265.6	10.5842	420	89	177	0	0.0001 Colloc0 420 2497 0.078403 119.951
1310	1	1437.21	17480.6	17470.4	10.195	433	78	188	2	0.0001 Colloc0 433 2537 0.169452 99.5181
1320	1	1448.22	17276.4	17265.8	10.6904	417	100	166	1	0.0001 Colloc0 417 2507 0.0510699 125.831
1330	1	1458.95	17320.1	17309.9	10.172	440	105	161	1	0.0001 Colloc0 440 2497 0.170782 98.3662
1340	1	1469.78	17364.7	17354.3	10.4777	423	102	164	1	0.0001 Colloc0 423 2534 0.11297 114.181
1350	1	1480.77	17455.4	17444.2	11.1848	425	83	183	2	0.0001 Colloc0 425 2543 0.0177578 154.772
1360	1	1491.75	17485.9	17474.9	10.973	432	76	190	3	0.0001 Colloc0 432 2522 0.0339946 142.07
1370	1	1502.88	17364.7	17354.3	10.3892	438	87	179	3	0.0001 Colloc0 438 2502 0.138339 109.484
1380	1	1513.91	17359.4	17349.2	10.2279	437	90	176	1	0.0001 Colloc0 437 2485 0.162778 101.174
1390	1	1524.8	17291.8	17281.1	10.6586	434	91	175	3	0.0001 Colloc0 434 2510 0.104141 124.053
1400	1	1535.84	17283.8	17273	10.7589	417	103	163	1	0.0001 Colloc0 417 2521 0.0389133 129.689
1410	1	1546.66	17332.1	17321.4	10.6818	435	96	170	2	0.0001 Colloc0 435 2489 0.0750226 125.346
1420	1	1557.83	17354	17343.7	10.2645	439	105	161	2	0.0001 Colloc0 439 2493 0.189784 103.028
1430	1	1568.93	17401.7	17391.8	9.93637	436	95	171	3	0.0001 Colloc0 436 2483 0.177633 86.9807
1440	1	1580	17341.6	17331.1	10.457	449	88	178	2	0.0001 Colloc0 449 2470 0.114317 113.072
1450	1	1590.79	17481.3	17470.6	10.7293	438	91	175	3	0.0001 Colloc0 438 2506 0.0887925 128.015
1460	1	1601.73	17393	17382.8	10.1895	434	93	173	1	0.0001 Colloc0 434 2546 0.156063 99.2416
1470	1	1612.84	17481	17470.5	10.5156	460	90	176	3	0.0001 Colloc0 460 2489 0.153908 116.219
1480	1	1624.03	17404	17393.2	10.8809	444	90	176	5	0.0001 Colloc0 444 2496 0.0539423 136.688
1490	1	1635.11	17374.4	17363.5	10.8306	428	82	184	1	0.0001 Colloc0 428 2484 0.0521384 133.78
1500	1	1646.21	17313.8	17303.4	10.3837	446	94	172	2	0.0001 Colloc0 446 2487 0.142233 109.193
1510	1	1657.46	17288.6	17278.8	9.83442	425	105	161	0	0.0001 Colloc0 425 2498 0.224576 82.2828
1520	1	1668.66	17358.2	17347.2	10.9961	418	103	163	1	0.0001 Colloc0 418 2526 0.0028713 143.436
1530	1	1679.67	17432.7	17421.7	11.0355	446	95	171	3	0.0001 Colloc0 446 2520 0.0574064 145.774
1540	1	1690.55	17258.4	17248	10.4561	427	110	156	3	0.0001 Colloc0 427 2511 0.122267 113.022
1550	1	1701.56	17285.9	17275.6	10.3466	422	103	163	0	0.0001 Colloc0 422 2506 0.0830168 107.259
1560	1	1712.34	17452.5	17441.9	10.5567	448	93	173	2	0.0001 Colloc0 448 2496 0.125455 118.443
1570	1	1723.36	17427.1	17416.6	10.552	424	87	179	3	0.0001 Colloc0 424 2523 0.1109 118.189
1580	1	1734.33	17489.1	17478.8	10.3503	440	88	178	3	0.0001 Colloc0 440 2513 0.129491 107.451
1590	1	1745.34	17439.9	17429.2	10.687	450	91	175	2	0.0001 Colloc0 450 2501 0.108952 125.637
1600	1	1756.58	17479.8	17469.4	10.4351	445	95	171	1	0.0001 Colloc0 445 2482 0.13278 111.91
1610	1	1767.75	17301.9	17291.2	10.6617	419	89	177	1	0.0001 Colloc0 419 2518 0.0854422 124.23
1620	1	1778.94	17334.2	17323.6	10.5671	440	96	170	1	0.0001 Colloc0 440 2497 0.0847903 119.012
1630	1	1789.74	17330.7	17320.3	10.4489	438	94	172	2	0.0001 Colloc0 438 2526 0.104302 112.643
1640	1	1800.28	17324.1	17313.7	10.4191	437	101	165	0	0.0001 Colloc0 437 2502 0.115043 111.062
1650	1	1811.49	17372.9	17363.8	9.13074	468	94	172	1	0.0001 Colloc0 468 2510 0.334234 53.8631
1660	1	1822.26	17357.4	17347.1	10.2816	425	99	167	0	0.0001 Colloc0 425 2524 0.151154 103.904
1670	1	1833.5	17372.6	17362.5	10.0612	437	98	168	2	0.0001 Colloc0 437 2533 0.168094 92.9213
1680	1	1844.77	17326.6	17316	10.5673	451	116	150	0	0.0001 Colloc0 451 2504 0.144483 119.024
1690	1	1855.99	17398.6	17387.7	10.8495	441	93	173	2	0.0001 Colloc0 441 2531 0.0652679 134.873
1700	1	1867.13	17294	17283.1	10.8677	431	96	170	2	0.0001 Colloc0 431 2527 0.0752681 135.922
1710	1	1878.27	17208.4	17197.6	10.7672	411	103	163	1	0.0001 Colloc0 411 2508 0.00493668 130.159
1720	1	1889.25	17432.2	17421.4	10.8065	439	96	170	2	0.0001 Colloc0 439 2515 0.0806921 132.401
1730	1	1899.79	17369.4	17359	10.3291	444	95	171	3	0.0001 Colloc0 444 2503 0.123613 106.35
1740	1	1910.72	17396.7	17386.8	9.90398	438	99	167	3	0.0001 Colloc0 438 2504 0.118519 85.4729
1750	1	1921.95	17267.2	17257	10.2049	448	89	177	6	0.0001 Colloc0 448 2467 0.120579 100.013
1760	1	1932.91	17330.6	17320.6	10.0442	437	105	161	1	0.0001 Colloc0 437 2501 0.189843 92.0988
1770	1	1944.24	17312.4	17301.9	10.5416	463	101	165	0	0.0001 Colloc0 463 2458 0.199073 117.627
1780	1	1955.13	17422.2	17411.7	10.4621	445	98	168	2	0.0001 Colloc0 445 2512 0.122732 113.343
1790	1	1965.95	17170.2	17160.2	10.0769	427	118	148	0	0.0001 Colloc0 427 2485 0.203631 93.6846
1800	1	1976.86	17427.5	17417	10.5074	457	94	172	3	0.0001 Colloc0 457 2490 0.147642 115.776
1810	1	1987.86	17246.1	17235.3	10.7927	431	99	167	3	0.0001 Colloc0 431 2503 0.0473275 131.609
1820	1	1998.65	17255.9	17245.9	9.99932	433	93	173	0	0.0001 Colloc0 433 2485 0.188943 89.9511
1830	1	2009.4	17166.3	17156	10.3688	422	121	145	3	0.0001 Colloc0 422 2505 0.105577 108.416
1840	1	2020.22	17317.4	17307.3	10.1169	442	112	154	1	0.0001 Colloc0 442 2518 0.171193 95.6383
1850	1	2031.09	17374.6	17364.3	10.3241	427	92	174	1	0.0001 Colloc0 427 2520 0.135668 106.092
1860	1	2041.5	17264.5	17254.1	10.3199	429	101	165	2	0.0001 Colloc0 429 2483 0.158985 105.874
1870	1	2052.18	17257.4	17246.8	10.5447	429	100	166	2	0.0001 Colloc0 429 2497 0.11446 117.793
1880	1	2063.08	17267	17256.6	10.3639	431	94	172	1	0.0001 Colloc0 431 2488 0.104222 108.161
1890	1	2073.88	17251.9	17241.4	10.4849	423	106	160	2	0.0001 Colloc0 423 2515 0.133633 114.563
1900	1	2084.62	17315.7	17305.4	10.3599	435	103	163	2	0.0001 Colloc0 435 2504 0.117756 107.95
1910	1	2095.18	17258.4	17248.2	10.1904	430	99	167	2	0.0001 Colloc0 430 2493 0.142013 99.2864
1920	1	2105.85	17323.8	17313.7	10.0484	445	88	178	2	0.0001 Colloc0 445 2490 0.170924 92.3017
1930	1	2116.56	17436.4	17425.1	11.2907	437	92	174	3	0.0001 Colloc0 437 2507 0.0210778 161.281
1940	1	2127.04	17413.5	17403	10.5175	431	86	180	1	0.0001 Colloc0 431 2540 0.0892158 116.319
1950	1	2137.52	17302.2	17291.9	10.2326	426	102	164	1	0.0001 Colloc0 426 2478 0.133598 101.409
1960	1	2147.99	17330.3	17319.5	10.7832	424	103	163	1	0.0001 Colloc0 424 2537 0.0924266 131.071
1970	1	2158.51	17357.2	17347.5	9.72225	432	93	173	1	0.0001 Colloc0 432 2509 0.190901 77.2783
1980	1	2168.96	17377.4	17366.9	10.547	435	93	173	2	0.0001 Colloc0 435 2528 0.125224 117.916
1990	1	2179.42	17145.7	17135.9	9.81318	420	121	145	2	0.0001 Colloc0 420 2492 0.190616 81.322
2000	1	2189.66	17286.8	17276.5	10.2333	431	98	168	2	0.0001 Colloc0 431 2477 0.133751 101.445
