# D = 0, E = 1, I = 1, P = 1, R = -1, n = 2000, N = 1, P = 1, w = 1, a = 0.0001, b = 10000, e = 1, f = 1, g = 100, h = 0.01, r = 556, s = 1, S = 0, x = 10, m = 100, Z = 1, z = 0, T = 1, t = 1
# 6184 tokens in 266 sentences
#
# It	Temp	Time	-logP	-logPcorpus	-logPrior	tables	same	changed	reject	default_pya	(parent pym pyn pya pyb)*
0	1	0.794879	23952.4	23838.6	113.764	1790	0	266	0	0.0001 Colloc0 1790 2640 0.0001 10000
10	1	12.3261	18773.6	18762.1	11.5003	535	45	221	5	0.0001 Colloc0 535 2621 0.0785236 174.464
20	1	23.3764	18351	18339.7	11.3023	492	52	214	2	0.0001 Colloc0 492 2609 0.0207438 162.004
30	1	33.9958	18022	18011.1	10.8967	467	65	201	1	0.0001 Colloc0 467 2592 0.0472621 137.604
40	1	44.9192	17903	17892.3	10.7422	463	71	195	0	0.0001 Colloc0 463 2611 0.0952809 128.741
50	1	55.7145	17847.8	17837.2	10.6162	457	79	187	2	0.0001 Colloc0 457 2584 0.164661 121.707
60	1	66.7908	17904.4	17893.2	11.2239	478	76	190	1	0.0001 Colloc0 478 2571 0.051619 157.163
70	1	77.7302	17824.3	17813.2	11.0729	443	77	189	1	0.0001 Colloc0 443 2572 0.0352965 148.009
80	1	88.5255	17953	17942.2	10.8226	466	75	191	3	0.0001 Colloc0 466 2545 0.0768011 133.322
90	1	99.5499	17922.8	17912.3	10.5323	472	68	198	3	0.0001 Colloc0 472 2594 0.137951 117.118
100	1	110.691	17861.1	17850.5	10.5663	448	73	193	6	0.0001 Colloc0 448 2568 0.130322 118.968
110	1	121.632	17800.9	17790.1	10.8634	446	66	200	3	0.0001 Colloc0 446 2588 0.0588439 135.672
120	1	132.828	17911.2	17900.1	11.0429	451	75	191	3	0.0001 Colloc0 451 2604 0.0273976 146.217
130	1	144.012	17716.3	17705.5	10.8083	448	71	195	2	0.0001 Colloc0 448 2548 0.0698358 132.505
140	1	155.201	17711.3	17700.7	10.5873	431	72	194	2	0.0001 Colloc0 431 2571 0.0690669 120.119
150	1	166.255	17879.9	17869.4	10.4906	443	76	190	4	0.0001 Colloc0 443 2570 0.122978 114.868
160	1	177.358	17805.6	17795.2	10.4343	468	75	191	3	0.0001 Colloc0 468 2571 0.147895 111.864
170	1	188.29	17684	17673.6	10.3999	426	83	183	2	0.0001 Colloc0 426 2575 0.129969 110.049
180	1	199.016	17718.2	17707.5	10.7232	428	80	186	6	0.0001 Colloc0 428 2569 0.0324197 127.671
190	1	209.637	17756.8	17746.5	10.3078	458	75	191	1	0.0001 Colloc0 458 2575 0.157409 105.249
200	1	220.705	17652.6	17641.7	10.8631	433	89	177	4	0.0001 Colloc0 433 2569 0.0187389 135.652
210	1	231.766	17671.3	17660.4	10.8725	454	83	183	3	0.0001 Colloc0 454 2562 0.110702 136.201
220	1	243.014	17765.9	17754.8	11.0871	453	82	184	2	0.0001 Colloc0 453 2562 0.0209139 148.861
230	1	253.958	17698.8	17688.2	10.6405	443	84	182	1	0.0001 Colloc0 443 2554 0.087348 123.051
240	1	264.974	17693.8	17683	10.8453	444	86	180	2	0.0001 Colloc0 444 2535 0.0392372 134.63
250	1	276.141	17733.9	17723.8	10.1125	468	85	181	2	0.0001 Colloc0 468 2543 0.160575 95.4251
260	1	286.921	17689.2	17678.5	10.746	450	80	186	1	0.0001 Colloc0 450 2523 0.116564 128.96
270	1	297.7	17627.7	17617.3	10.3732	449	77	189	1	0.0001 Colloc0 449 2530 0.165697 108.646
280	1	308.812	17637.8	17626.9	10.8597	440	78	188	2	0.0001 Colloc0 440 2538 0.0354702 135.457
290	1	319.73	17730.9	17720.3	10.5508	449	76	190	2	0.0001 Colloc0 449 2533 0.107159 118.125
300	1	330.446	17637.1	17626.2	10.9705	461	81	185	3	0.0001 Colloc0 461 2509 0.0797464 141.925
310	1	341.197	17523.7	17512.9	10.8226	443	96	170	0	0.0001 Colloc0 443 2512 0.0907012 133.324
320	1	352.169	17588.8	17578.1	10.6744	458	83	183	3	0.0001 Colloc0 458 2513 0.104703 124.935
330	1	363.301	17631.4	17620.5	10.9094	453	86	180	1	0.0001 Colloc0 453 2523 0.082811 138.342
340	1	373.796	17658.7	17647.3	11.3575	466	72	194	1	0.0001 Colloc0 466 2517 0.0343496 165.442
350	1	384.377	17579	17568.5	10.4733	464	84	182	3	0.0001 Colloc0 464 2512 0.155057 113.941
360	1	395.004	17598.8	17587.8	11.0067	448	81	185	5	0.0001 Colloc0 448 2504 0.0724281 144.065
370	1	406.116	17571.3	17560.6	10.7244	444	87	179	1	0.0001 Colloc0 444 2503 0.0761631 127.738
380	1	417.104	17579.4	17568.1	11.3407	462	84	182	4	0.0001 Colloc0 462 2482 0.0167843 164.393
390	1	427.647	17536.4	17526.7	9.65556	470	81	185	6	0.0001 Colloc0 470 2498 0.287746 74.3855
400	1	438.585	17471.5	17460.8	10.6782	445	89	177	1	0.0001 Colloc0 445 2503 0.117098 125.146
410	1	449.224	17534.5	17523.8	10.6704	445	84	182	3	0.0001 Colloc0 445 2503 0.0677016 124.712
420	1	460.219	17532.1	17521.1	11.0247	448	83	183	4	0.0001 Colloc0 448 2504 0.0260088 145.134
430	1	471.222	17473.9	17463.3	10.5615	424	85	181	4	0.0001 Colloc0 424 2508 0.0899828 118.706
440	1	482.254	17522.2	17511	11.1611	456	88	178	1	0.0001 Colloc0 456 2477 0.0508064 153.329
450	1	493.203	17648.2	17637.2	10.9151	451	78	188	3	0.0001 Colloc0 451 2494 0.0837393 138.678
460	1	504.187	17576.3	17565.4	10.962	436	78	188	2	0.0001 Colloc0 436 2494 0.0268506 141.422
470	1	515.354	17346.7	17335.7	11.0505	443	87	179	2	0.0001 Colloc0 443 2463 0.0283477 146.666
480	1	526.087	17553.5	17542.9	10.6032	464	91	175	3	0.0001 Colloc0 464 2471 0.0979955 120.993
490	1	536.736	17560	17548.9	11.134	464	77	189	2	0.0001 Colloc0 464 2501 0.0517532 151.689
500	1	547.892	17528.3	17517.6	10.6666	465	78	188	4	0.0001 Colloc0 465 2495 0.156252 124.503
510	1	558.873	17480.6	17469.6	11.02	442	80	186	4	0.0001 Colloc0 442 2481 0.0157407 144.854
520	1	569.825	17478.1	17467.2	10.9633	444	94	172	6	0.0001 Colloc0 444 2497 0.0147638 141.497
530	1	580.711	17421.8	17411.4	10.3609	444	102	164	3	0.0001 Colloc0 444 2492 0.126889 108.004
540	1	591.558	17340.7	17329.9	10.8207	435	101	165	2	0.0001 Colloc0 435 2463 0.0737166 133.212
550	1	602.602	17365.1	17354.4	10.665	435	105	161	2	0.0001 Colloc0 435 2497 0.0332837 124.414
560	1	613.636	17354	17342.8	11.1111	439	97	169	5	0.0001 Colloc0 439 2479 0.0339118 150.306
570	1	624.745	17363.9	17353.8	10.1159	437	101	165	1	0.0001 Colloc0 437 2481 0.128031 95.5891
580	1	635.764	17426.7	17415.9	10.8142	430	99	167	3	0.0001 Colloc0 430 2508 0.0313771 132.842
590	1	646.469	17352.8	17342.4	10.4074	438	111	155	3	0.0001 Colloc0 438 2473 0.137489 110.44
600	1	657.376	17337.7	17327.1	10.6296	428	116	150	3	0.0001 Colloc0 428 2509 0.0661915 122.449
610	1	668.029	17289.2	17278.7	10.4397	423	92	174	2	0.0001 Colloc0 423 2478 0.117496 112.154
620	1	678.888	17385.8	17375.5	10.329	436	92	174	2	0.0001 Colloc0 436 2468 0.109254 106.342
630	1	689.468	17512.8	17502.2	10.6323	440	85	181	2	0.0001 Colloc0 440 2492 0.13286 122.599
640	1	700.477	17506.8	17496.4	10.4788	460	83	183	1	0.0001 Colloc0 460 2476 0.153039 114.239
650	1	711.568	17420	17410	10.0207	442	92	174	0	0.0001 Colloc0 442 2465 0.235526 90.973
660	1	722.43	17435.4	17424.9	10.419	438	97	169	1	0.0001 Colloc0 438 2492 0.115438 111.052
670	1	733.084	17314.6	17304.5	10.1415	431	94	172	0	0.0001 Colloc0 431 2466 0.139894 96.8527
680	1	744.178	17482.8	17472.7	10.0553	462	97	169	3	0.0001 Colloc0 462 2480 0.202557 92.6359
690	1	755.293	17527.6	17516.4	11.2026	443	87	179	3	0.0001 Colloc0 443 2472 0.00456943 155.86
700	1	766.32	17362.8	17353.1	9.75106	434	94	172	2	0.0001 Colloc0 434 2461 0.179522 78.547
710	1	777.315	17374.2	17363.2	10.9986	430	92	174	3	0.0001 Colloc0 430 2479 0.0424024 143.582
720	1	788.26	17259.7	17249.2	10.5372	432	107	159	2	0.0001 Colloc0 432 2485 0.081086 117.386
730	1	799.274	17360.3	17349.6	10.7022	444	99	167	2	0.0001 Colloc0 444 2458 0.0862513 126.492
740	1	810.631	17461.3	17450.8	10.5292	443	81	185	2	0.0001 Colloc0 443 2469 0.108593 116.952
750	1	821.755	17557.3	17547	10.2656	461	78	188	0	0.0001 Colloc0 461 2471 0.140108 103.087
760	1	832.737	17550.4	17539.1	11.2366	457	94	172	3	0.0001 Colloc0 457 2483 0.025456 157.943
770	1	843.76	17409.1	17398.7	10.4417	444	87	179	3	0.0001 Colloc0 444 2466 0.131197 112.259
780	1	854.783	17672.9	17661.8	11.1011	459	72	194	3	0.0001 Colloc0 459 2497 0.0431811 149.699
790	1	865.54	17468.4	17457.4	11.0087	436	83	183	3	0.0001 Colloc0 436 2480 0.0167722 144.182
800	1	876.11	17403.2	17392.5	10.6789	451	96	170	2	0.0001 Colloc0 451 2461 0.0705559 125.189
810	1	887.176	17466.1	17455.5	10.6067	438	91	175	2	0.0001 Colloc0 438 2474 0.114912 121.184
820	1	897.838	17579	17568.9	10.0771	462	83	183	1	0.0001 Colloc0 462 2465 0.201021 93.6945
830	1	908.319	17307.3	17296.7	10.6721	440	93	173	2	0.0001 Colloc0 440 2451 0.0696655 124.808
840	1	919.188	17443.7	17433.3	10.4682	442	88	178	4	0.0001 Colloc0 442 2479 0.105535 113.672
850	1	930.159	17256.4	17245.9	10.5318	428	103	163	0	0.0001 Colloc0 428 2462 0.0835523 117.095
860	1	941.138	17313.7	17303.2	10.5166	433	90	176	3	0.0001 Colloc0 433 2442 0.0771662 116.271
870	1	952.239	17539	17528.1	10.8737	447	76	190	3	0.0001 Colloc0 447 2472 0.0986976 136.27
880	1	963.322	17402.2	17391.3	10.8542	443	90	176	4	0.0001 Colloc0 443 2427 0.0778883 135.139
890	1	974.211	17493.1	17482.4	10.7486	462	87	179	3	0.0001 Colloc0 462 2471 0.0673003 129.102
900	1	985.101	17368.5	17357.7	10.8148	437	93	173	3	0.0001 Colloc0 437 2458 0.0497695 132.873
910	1	996.266	17340.4	17329.4	10.9323	437	94	172	3	0.0001 Colloc0 437 2449 0.0848514 139.681
920	1	1007.28	17333.1	17322.5	10.5888	438	95	171	3	0.0001 Colloc0 438 2465 0.0749525 120.199
930	1	1018.28	17361.2	17350.6	10.6055	450	96	170	1	0.0001 Colloc0 450 2452 0.138785 121.119
940	1	1028.98	17409.8	17398.5	11.2828	450	90	176	5	0.0001 Colloc0 450 2441 0.0579774 160.793
950	1	1040.09	17443.7	17433.3	10.4554	469	80	186	5	0.0001 Colloc0 469 2439 0.189993 112.985
960	1	1051	17513	17501.8	11.2526	445	81	185	0	0.0001 Colloc0 445 2475 0.00760588 158.928
970	1	1062.07	17530.7	17519.8	10.8999	456	83	183	2	0.0001 Colloc0 456 2461 0.0899269 137.792
980	1	1073.16	17522.5	17512	10.5288	445	84	182	0	0.0001 Colloc0 445 2467 0.0878384 116.93
990	1	1084.33	17461	17450	11.0149	446	76	190	2	0.0001 Colloc0 446 2465 0.0370791 144.549
1000	1	1095.29	17387	17376.7	10.2599	444	92	174	0	0.0001 Colloc0 444 2461 0.140715 102.793
1010	1	1106.28	17342	17331.4	10.6086	442	104	162	0	0.0001 Colloc0 442 2462 0.0539475 121.29
1020	1	1116.87	17299.7	17288.5	11.1762	446	100	166	5	0.0001 Colloc0 446 2427 0.0374962 154.25
1030	1	1127.92	17412	17401.1	10.9605	440	88	178	4	0.0001 Colloc0 440 2466 0.0553318 141.336
1040	1	1138.87	17317.6	17306.4	11.2059	433	92	174	2	0.0001 Colloc0 433 2470 1.90077e-05 156.062
1050	1	1149.69	17237.9	17227	10.9092	432	104	162	2	0.0001 Colloc0 432 2449 0.0823066 138.334
1060	1	1160.55	17419.2	17408.6	10.575	458	95	171	0	0.0001 Colloc0 458 2461 0.155329 119.442
1070	1	1171.57	17436	17425	11.0285	447	89	177	1	0.0001 Colloc0 447 2498 0.0273641 145.356
1080	1	1182.75	17323.6	17312.9	10.7005	450	94	172	2	0.0001 Colloc0 450 2460 0.0822769 126.398
1090	1	1193.7	17353.3	17343.4	9.85799	468	93	173	3	0.0001 Colloc0 468 2473 0.225608 83.3564
1100	1	1204.79	17382.2	17371.4	10.7268	452	88	178	2	0.0001 Colloc0 452 2448 0.0605276 127.873
1110	1	1215.84	17354.5	17343.9	10.624	448	98	168	2	0.0001 Colloc0 448 2459 0.0978167 122.139
1120	1	1226.79	17432	17422	10.0215	453	95	171	1	0.0001 Colloc0 453 2484 0.196313 91.0087
1130	1	1237.91	17348.2	17337.9	10.3096	453	102	164	3	0.0001 Colloc0 453 2484 0.190102 105.34
1140	1	1248.99	17516.8	17505.7	11.1491	453	82	184	0	0.0001 Colloc0 453 2486 0.0448319 152.6
1150	1	1260.16	17398.7	17388.2	10.5224	464	88	178	1	0.0001 Colloc0 464 2457 0.104199 116.583
1160	1	1271.06	17407.8	17397.5	10.2057	467	89	177	6	0.0001 Colloc0 467 2463 0.154582 100.052
1170	1	1282.04	17429.8	17419	10.8572	435	82	184	0	0.0001 Colloc0 435 2472 0.0252468 135.314
1180	1	1293.15	17440.9	17430.6	10.3268	449	85	181	4	0.0001 Colloc0 449 2469 0.167703 106.231
1190	1	1304.26	17326.9	17316.5	10.3534	429	102	164	3	0.0001 Colloc0 429 2457 0.124746 107.613
1200	1	1315	17299.2	17288.1	11.076	429	93	173	2	0.0001 Colloc0 429 2461 0.0487091 148.192
1210	1	1325.75	17397.4	17386.5	10.9451	450	85	181	1	0.0001 Colloc0 450 2424 0.0446761 140.43
1220	1	1336.75	17453.1	17442.2	10.904	435	81	185	1	0.0001 Colloc0 435 2475 0.062806 138.027
1230	1	1347.9	17442.4	17431.7	10.6759	443	92	174	0	0.0001 Colloc0 443 2479 0.160332 125.021
1240	1	1358.93	17293.4	17282.9	10.5179	424	96	170	2	0.0001 Colloc0 424 2484 0.075141 116.342
1250	1	1370.21	17336	17325.2	10.8679	446	101	165	2	0.0001 Colloc0 446 2472 0.110886 135.931
1260	1	1381.29	17305.8	17295	10.8726	443	96	170	0	0.0001 Colloc0 443 2464 0.0612889 136.208
1270	1	1392.18	17338.6	17327.6	10.9215	439	102	164	1	0.0001 Colloc0 439 2450 0.00566744 139.046
1280	1	1403.14	17355.5	17344.9	10.5602	431	100	166	2	0.0001 Colloc0 431 2476 0.0588065 118.634
1290	1	1414.21	17350.4	17339	11.3697	444	100	166	1	0.0001 Colloc0 444 2452 0.0131386 166.208
1300	1	1425.21	17507.6	17497.4	10.2823	439	76	190	2	0.0001 Colloc0 439 2466 0.157352 103.939
1310	1	1436.2	17479.3	17468.3	10.9892	454	75	191	2	0.0001 Colloc0 454 2480 0.0602832 143.029
1320	1	1446.68	17405.1	17394.2	10.949	448	93	173	1	0.0001 Colloc0 448 2471 0.0615591 140.66
1330	1	1457.31	17466.1	17455.1	10.9684	440	84	182	2	0.0001 Colloc0 440 2453 0.0121276 141.798
1340	1	1468.2	17368.4	17358.3	10.0861	436	99	167	3	0.0001 Colloc0 436 2439 0.175572 94.1336
1350	1	1479.25	17389.4	17378.3	11.1696	450	92	174	2	0.0001 Colloc0 450 2438 0.092399 153.844
1360	1	1490.23	17261.1	17251.2	9.92667	442	108	158	0	0.0001 Colloc0 442 2435 0.220013 86.5276
1370	1	1501.07	17304.7	17294	10.7203	450	99	167	4	0.0001 Colloc0 450 2410 0.158228 127.509
1380	1	1511.79	17411	17400.4	10.5956	447	82	184	3	0.0001 Colloc0 447 2441 0.0937479 120.573
1390	1	1522.58	17385	17374.4	10.6403	457	102	164	0	0.0001 Colloc0 457 2454 0.125759 123.038
1400	1	1533.37	17431	17420.3	10.6322	461	81	185	0	0.0001 Colloc0 461 2434 0.110027 122.589
1410	1	1544.45	17405	17394.8	10.248	427	89	177	1	0.0001 Colloc0 427 2442 0.109798 102.191
1420	1	1555.6	17371.3	17360.7	10.5384	442	94	172	2	0.0001 Colloc0 442 2446 0.13017 117.452
1430	1	1566.8	17251.8	17241.3	10.5706	449	98	168	2	0.0001 Colloc0 449 2441 0.0879376 119.204
1440	1	1577.97	17294.3	17284	10.373	448	88	178	2	0.0001 Colloc0 448 2453 0.104202 108.634
1450	1	1588.97	17251.8	17241.7	10.1391	430	100	166	3	0.0001 Colloc0 430 2438 0.137188 96.7334
1460	1	1600.18	17233.8	17223.4	10.371	453	106	160	0	0.0001 Colloc0 453 2464 0.132264 108.531
1470	1	1611.43	17161.7	17150.6	11.1221	440	110	156	2	0.0001 Colloc0 440 2453 0.0239027 150.966
1480	1	1622.61	17351.6	17340.4	11.1754	449	92	174	1	0.0001 Colloc0 449 2453 0.0511839 154.199
1490	1	1633.53	17319.4	17308.6	10.8275	432	84	182	5	0.0001 Colloc0 432 2433 0.0333481 133.606
1500	1	1644.4	17479.7	17468.8	10.8708	455	84	182	3	0.0001 Colloc0 455 2457 0.028386 136.098
1510	1	1655.34	17341.9	17330.7	11.1956	457	84	182	1	0.0001 Colloc0 457 2433 0.0507902 155.433
1520	1	1666.45	17368.2	17357.7	10.475	470	93	173	3	0.0001 Colloc0 470 2425 0.17657 114.033
1530	1	1677.27	17328.7	17318.2	10.4702	450	90	176	2	0.0001 Colloc0 450 2445 0.154107 113.776
1540	1	1687.9	17165.3	17154.7	10.6454	437	105	161	1	0.0001 Colloc0 437 2430 0.0971708 123.324
1550	1	1698.66	17209.3	17198.5	10.805	439	106	160	2	0.0001 Colloc0 439 2426 0.121962 132.315
1560	1	1709.58	17252.8	17242.5	10.311	441	94	172	0	0.0001 Colloc0 441 2415 0.168049 105.417
1570	1	1720.69	17335.7	17325.8	9.91983	450	83	183	1	0.0001 Colloc0 450 2437 0.170843 86.209
1580	1	1731.91	17282.6	17271.3	11.3402	462	93	173	3	0.0001 Colloc0 462 2434 0.0277898 164.364
1590	1	1743.04	17271.3	17260.5	10.8497	438	89	177	2	0.0001 Colloc0 438 2455 0.0544301 134.882
1600	1	1753.85	17207.9	17197.4	10.4683	436	101	165	1	0.0001 Colloc0 436 2447 0.136235 113.677
1610	1	1764.89	17254.4	17244.2	10.1736	453	101	165	1	0.0001 Colloc0 453 2430 0.234176 98.444
1620	1	1775.92	17288.6	17277.5	11.1498	433	86	180	3	0.0001 Colloc0 433 2425 0.0242895 152.642
1630	1	1786.96	17412	17400.7	11.3003	446	84	182	2	0.0001 Colloc0 446 2432 0.00257623 161.882
1640	1	1798.1	17243.5	17233.2	10.2489	445	99	167	1	0.0001 Colloc0 445 2436 0.185125 102.237
1650	1	1808.78	17224.1	17213.2	10.8558	452	100	166	4	0.0001 Colloc0 452 2409 0.11975 135.233
1660	1	1819.38	17276.3	17265.6	10.7025	436	97	169	1	0.0001 Colloc0 436 2454 0.124236 126.506
1670	1	1830.1	17361.2	17350.5	10.7453	445	82	184	0	0.0001 Colloc0 445 2461 0.0450659 128.917
1680	1	1840.97	17410.7	17399.6	11.1313	465	74	192	4	0.0001 Colloc0 465 2439 0.0773954 151.526
1690	1	1851.93	17482.2	17471.5	10.7453	448	79	187	2	0.0001 Colloc0 448 2462 0.0926414 128.918
1700	1	1863.07	17336.9	17326.6	10.2613	456	85	181	1	0.0001 Colloc0 456 2435 0.202569 102.866
1710	1	1873.72	17379.9	17369.3	10.6202	443	70	196	1	0.0001 Colloc0 443 2422 0.142852 121.926
1720	1	1884.33	17370.3	17360.4	9.87495	447	72	194	2	0.0001 Colloc0 447 2440 0.210041 84.1336
1730	1	1894.97	17388.1	17377	11.1275	453	82	184	1	0.0001 Colloc0 453 2433 0.062946 151.291
1740	1	1905.56	17409.9	17398.7	11.1781	455	78	188	2	0.0001 Colloc0 455 2447 0.02282 154.366
1750	1	1916.15	17430.5	17419.5	10.9984	452	85	181	2	0.0001 Colloc0 452 2443 0.0462987 143.571
1760	1	1926.83	17270.9	17260.6	10.3159	441	88	178	2	0.0001 Colloc0 441 2398 0.141314 105.666
1770	1	1937.89	17359.2	17348.6	10.6373	447	79	187	2	0.0001 Colloc0 447 2412 0.175005 122.872
1780	1	1948.83	17392	17382	10.0027	455	82	184	5	0.0001 Colloc0 455 2418 0.16188 90.1146
1790	1	1959.98	17360.7	17350.2	10.4501	454	89	177	0	0.0001 Colloc0 454 2421 0.154844 112.703
1800	1	1971.22	17375.3	17364.8	10.4581	444	89	177	1	0.0001 Colloc0 444 2447 0.126292 113.128
1810	1	1981.97	17371.3	17360.3	11.007	442	86	180	2	0.0001 Colloc0 442 2439 0.0449744 144.08
1820	1	1992.74	17425.8	17415	10.7862	453	75	191	4	0.0001 Colloc0 453 2434 0.0850804 131.242
1830	1	2003.46	17269.5	17259.3	10.144	453	104	162	1	0.0001 Colloc0 453 2434 0.22126 96.9736
1840	1	2014.44	17191.5	17181.2	10.2376	428	109	157	1	0.0001 Colloc0 428 2431 0.137136 101.663
1850	1	2025	17293.7	17283.2	10.5069	454	88	178	0	0.0001 Colloc0 454 2443 0.0966155 115.748
1860	1	2036.35	17298.1	17288.1	9.99665	445	92	174	1	0.0001 Colloc0 445 2445 0.225337 89.8244
1870	1	2047.37	17231.7	17221	10.6843	448	95	171	3	0.0001 Colloc0 448 2424 0.0950749 125.488
1880	1	2058.35	17308.3	17298	10.3391	462	98	168	2	0.0001 Colloc0 462 2407 0.156605 106.866
1890	1	2069.28	17406.3	17395.4	10.8703	453	80	186	4	0.0001 Colloc0 453 2423 0.0302277 136.07
1900	1	2080.02	17358.6	17347.5	11.0995	468	80	186	3	0.0001 Colloc0 468 2401 0.0778197 149.604
1910	1	2090.82	17327.5	17317.1	10.47	439	95	171	2	0.0001 Colloc0 439 2441 0.111985 113.768
1920	1	2101.87	17393.9	17382.7	11.2105	452	80	186	3	0.0001 Colloc0 452 2430 0.066612 156.343
1930	1	2112.67	17379.8	17369.3	10.5188	450	87	179	2	0.0001 Colloc0 450 2428 0.159939 116.39
1940	1	2123.28	17425.6	17416	9.55868	476	88	178	2	0.0001 Colloc0 476 2415 0.27844 70.2961
1950	1	2133.72	17316.8	17306.6	10.1432	463	93	173	2	0.0001 Colloc0 463 2413 0.163885 96.9351
1960	1	2144.16	17234.2	17223.7	10.4362	432	96	170	1	0.0001 Colloc0 432 2425 0.102002 111.964
1970	1	2154.6	17307.5	17296.7	10.8335	437	89	177	2	0.0001 Colloc0 437 2465 0.0258737 133.947
1980	1	2164.79	17337.4	17326.5	10.8435	451	88	178	1	0.0001 Colloc0 451 2429 0.0496157 134.524
1990	1	2175.17	17288.1	17277.2	10.9405	431	93	173	1	0.0001 Colloc0 431 2423 0.0647182 140.16
2000	1	2185.7	17306.6	17296.3	10.3374	460	105	161	3	0.0001 Colloc0 460 2419 0.14972 106.78
