# D = 0, E = 1, I = 1, P = 1, R = -1, n = 2000, N = 1, P = 1, w = 1, a = 0.0001, b = 10000, e = 1, f = 1, g = 100, h = 0.01, r = 1799, s = 1, S = 0, x = 10, m = 100, Z = 1, z = 0, T = 1, t = 1
# 6184 tokens in 266 sentences
#
# It	Temp	Time	-logP	-logPcorpus	-logPrior	tables	same	changed	reject	default_pya	(parent pym pyn pya pyb)*
0	1	0.913861	26510.2	26396.5	113.764	2773	0	266	0	0.0001 Colloc0 2773 3855 0.0001 10000
10	1	13.198	19439.9	19428.2	11.7577	536	30	236	3	0.0001 Colloc0 536 2794 0.0350571 191.158
20	1	24.1103	19080.1	19069.1	11.0201	473	34	232	3	0.0001 Colloc0 473 2804 0.0195681 144.857
30	1	35.0147	18663.3	18652.3	10.976	465	55	211	2	0.0001 Colloc0 465 2739 0.0459144 142.248
40	1	45.6061	18554.2	18543.5	10.7384	451	54	212	3	0.0001 Colloc0 451 2742 0.0500342 128.526
50	1	56.7554	18455.2	18444.4	10.809	447	74	192	2	0.0001 Colloc0 447 2726 0.0292531 132.541
60	1	67.5197	18170.8	18159.9	10.8923	435	71	195	1	0.0001 Colloc0 435 2683 0.00789936 137.35
70	1	78.4121	18233.3	18222.5	10.725	448	79	187	4	0.0001 Colloc0 448 2680 0.0385324 127.774
80	1	89.5354	18206.5	18195.8	10.7432	450	78	188	5	0.0001 Colloc0 450 2671 0.0476329 128.8
90	1	100.459	18230.7	18219.8	10.9274	461	68	198	2	0.0001 Colloc0 461 2691 0.0680366 139.391
100	1	111.162	18180.6	18169.7	10.8985	446	81	185	1	0.0001 Colloc0 446 2676 0.0489731 137.711
110	1	122.026	18197.6	18186.5	11.1393	444	72	194	2	0.0001 Colloc0 444 2678 0.0259262 152.008
120	1	133.096	18093.3	18082.6	10.6883	460	75	191	2	0.0001 Colloc0 460 2673 0.0965636 125.711
130	1	144.311	17880	17869.4	10.5733	446	80	186	0	0.0001 Colloc0 446 2660 0.138626 119.352
140	1	155.339	18140.9	18129.8	11.0197	443	63	203	2	0.0001 Colloc0 443 2657 0.0389967 144.835
150	1	165.875	18165	18154.5	10.4396	451	76	190	5	0.0001 Colloc0 451 2676 0.097945 112.145
160	1	176.75	17985.7	17975.6	10.087	431	77	189	3	0.0001 Colloc0 431 2672 0.155422 94.1763
170	1	187.474	18075.7	18065.2	10.5203	457	72	194	0	0.0001 Colloc0 457 2636 0.156152 116.473
180	1	198.356	17999.4	17988.7	10.6829	482	85	181	4	0.0001 Colloc0 482 2644 0.183009 125.411
190	1	209.167	18057.1	18046.1	11.0295	440	71	195	4	0.0001 Colloc0 440 2673 0.0115582 145.415
200	1	220.222	18032.1	18021.7	10.4364	444	76	190	4	0.0001 Colloc0 444 2650 0.107833 111.979
210	1	231.138	17885.6	17875	10.6537	434	87	179	2	0.0001 Colloc0 434 2639 0.06885 123.781
220	1	241.85	17920.5	17909.6	10.939	434	84	182	0	0.0001 Colloc0 434 2628 0.0555129 140.072
230	1	252.683	18021	18010.5	10.4604	455	70	196	4	0.0001 Colloc0 455 2638 0.123605 113.254
240	1	263.956	17790.4	17780.3	10.1018	437	95	171	3	0.0001 Colloc0 437 2620 0.133431 94.9
250	1	275.076	18010.8	17999.2	11.561	475	83	183	4	0.0001 Colloc0 475 2610 0.0308118 178.355
260	1	286.173	17997.2	17986.3	10.9694	452	70	196	1	0.0001 Colloc0 452 2619 0.0348419 141.859
270	1	296.903	17997.1	17985.8	11.3015	453	66	200	0	0.0001 Colloc0 453 2613 0.0130774 161.956
280	1	307.919	17981.3	17970.7	10.5676	448	74	192	0	0.0001 Colloc0 448 2599 0.129486 119.041
290	1	318.444	17786.9	17775.9	10.9881	433	79	187	3	0.0001 Colloc0 433 2602 0.0866269 142.964
300	1	329.024	17775.7	17764.5	11.2638	430	80	186	1	0.0001 Colloc0 430 2620 0.0131878 159.617
310	1	339.863	17931.3	17920.2	11.1503	446	65	201	0	0.0001 Colloc0 446 2605 0.0212277 152.675
320	1	350.744	17760.2	17749.4	10.771	425	78	188	3	0.0001 Colloc0 425 2609 0.0703594 130.377
330	1	361.881	17851.9	17841.4	10.4784	451	71	195	4	0.0001 Colloc0 451 2610 0.1097 114.218
340	1	372.659	17804	17793.4	10.6092	435	77	189	1	0.0001 Colloc0 435 2591 0.0851352 121.32
350	1	383.553	17874.8	17863.7	11.1267	444	76	190	1	0.0001 Colloc0 444 2602 0.0199667 151.246
360	1	394.66	17995.4	17984.4	10.9539	459	75	191	3	0.0001 Colloc0 459 2611 0.0619784 140.947
370	1	405.588	17879.5	17868.9	10.6134	441	69	197	1	0.0001 Colloc0 441 2593 0.0824677 121.553
380	1	416.024	17857.8	17847.1	10.6933	461	72	194	1	0.0001 Colloc0 461 2565 0.12177 125.991
390	1	426.759	17729.4	17718.6	10.8334	445	73	193	2	0.0001 Colloc0 445 2578 0.0743905 133.945
400	1	437.736	17563.7	17552.7	10.9196	430	85	181	1	0.0001 Colloc0 430 2568 0.0622383 138.941
410	1	448.415	17674.4	17663.6	10.7441	449	85	181	1	0.0001 Colloc0 449 2574 0.0902475 128.85
420	1	459.209	17645.5	17635.5	9.93948	451	86	180	2	0.0001 Colloc0 451 2561 0.154904 87.1262
430	1	470.193	17583.9	17573.1	10.7507	434	91	175	5	0.0001 Colloc0 434 2543 0.0770679 129.223
440	1	480.895	17694	17683.8	10.1811	445	88	178	3	0.0001 Colloc0 445 2580 0.149935 98.818
450	1	491.791	17615.9	17605.2	10.6672	435	85	181	4	0.0001 Colloc0 435 2584 0.0617372 124.536
460	1	503.011	17624.8	17614.9	9.94319	435	92	174	2	0.0001 Colloc0 435 2572 0.221833 87.3001
470	1	514.028	17565.7	17555.3	10.432	433	88	178	1	0.0001 Colloc0 433 2578 0.105874 111.741
480	1	524.739	17632.7	17622.3	10.3927	438	81	185	1	0.0001 Colloc0 438 2541 0.131825 109.669
490	1	535.55	17588.9	17578.2	10.6928	436	88	178	4	0.0001 Colloc0 436 2578 0.0695321 125.963
500	1	546.248	17530.4	17520	10.4459	436	92	174	3	0.0001 Colloc0 436 2548 0.116153 112.483
510	1	557.085	17668.7	17657.8	10.8727	445	79	187	5	0.0001 Colloc0 445 2580 0.00903173 136.212
520	1	568.222	17489.9	17479.2	10.7051	443	91	175	2	0.0001 Colloc0 443 2528 0.0926187 126.653
530	1	579.012	17582.9	17572	10.8608	435	87	179	1	0.0001 Colloc0 435 2536 0.0299336 135.525
540	1	589.706	17580	17569.5	10.4909	438	91	175	4	0.0001 Colloc0 438 2533 0.116214 114.887
550	1	600.71	17494.9	17484.6	10.3661	449	100	166	2	0.0001 Colloc0 449 2521 0.159743 108.276
560	1	611.627	17421.3	17410.8	10.5619	420	91	175	2	0.0001 Colloc0 420 2544 0.109123 118.728
570	1	622.474	17558.3	17548.1	10.1657	447	91	175	1	0.0001 Colloc0 447 2525 0.165876 98.0514
580	1	633.468	17433.5	17422.7	10.725	440	100	166	2	0.0001 Colloc0 440 2492 0.130513 127.772
590	1	644.558	17475.9	17465.4	10.4628	445	99	167	1	0.0001 Colloc0 445 2527 0.0857261 113.383
600	1	655.605	17539.1	17528.9	10.1516	451	84	182	1	0.0001 Colloc0 451 2528 0.16069 97.3497
610	1	666.678	17426.7	17416.8	9.90264	452	99	167	1	0.0001 Colloc0 452 2505 0.236252 85.4111
620	1	677.9	17436.2	17425.5	10.6435	446	104	162	4	0.0001 Colloc0 446 2502 0.130612 123.217
630	1	689.11	17464.9	17454.5	10.3583	439	93	173	0	0.0001 Colloc0 439 2523 0.11076 107.869
640	1	700.293	17339.3	17328.4	10.9555	417	102	164	1	0.0001 Colloc0 417 2536 0.00341509 141.043
650	1	711.107	17480.6	17470	10.5431	430	94	172	1	0.0001 Colloc0 430 2515 0.11274 117.705
660	1	721.955	17482.8	17472	10.73	439	91	175	0	0.0001 Colloc0 439 2521 0.0905314 128.052
670	1	732.654	17478.3	17467.8	10.5231	449	93	173	4	0.0001 Colloc0 449 2521 0.0826637 116.621
680	1	743.638	17445	17434.8	10.2031	430	91	175	0	0.0001 Colloc0 430 2496 0.175173 99.9246
690	1	754.516	17508.1	17497.5	10.6663	436	89	177	3	0.0001 Colloc0 436 2510 0.0733951 124.483
700	1	765.624	17430.6	17419.8	10.8336	436	92	174	0	0.0001 Colloc0 436 2521 0.0426656 133.954
710	1	776.613	17546.4	17535.9	10.5361	446	81	185	2	0.0001 Colloc0 446 2533 0.145805 117.324
720	1	787.577	17449.3	17438.4	10.8952	450	94	172	1	0.0001 Colloc0 450 2506 0.0912321 137.519
730	1	798.63	17388.2	17377.4	10.7226	448	99	167	2	0.0001 Colloc0 448 2478 0.0940863 127.639
740	1	809.731	17286.6	17276.5	10.1036	439	104	162	2	0.0001 Colloc0 439 2488 0.200005 94.9855
750	1	820.875	17415.3	17404.3	10.9728	454	107	159	5	0.0001 Colloc0 454 2511 0.0735234 142.061
760	1	832.001	17320.7	17310.3	10.4161	445	113	153	5	0.0001 Colloc0 445 2472 0.182527 110.901
770	1	843.215	17342.6	17332.4	10.208	440	102	164	2	0.0001 Colloc0 440 2497 0.190431 100.17
780	1	854.347	17405.1	17394	11.0895	447	100	166	3	0.0001 Colloc0 447 2492 0.047693 149.005
790	1	865.717	17411.9	17401.8	10.1103	443	88	178	3	0.0001 Colloc0 443 2488 0.230279 95.3134
800	1	876.684	17395.1	17384.3	10.759	439	96	170	2	0.0001 Colloc0 439 2529 0.0840198 129.692
810	1	887.205	17424	17413.6	10.4747	444	94	172	4	0.0001 Colloc0 444 2504 0.140763 114.019
820	1	898.243	17450.9	17439.8	11.1601	443	93	173	2	0.0001 Colloc0 443 2522 0.0373506 153.27
830	1	909.346	17479.9	17468.5	11.3835	448	90	176	3	0.0001 Colloc0 448 2494 0.00430081 167.071
840	1	920.351	17487.5	17477.3	10.2474	455	88	178	3	0.0001 Colloc0 455 2514 0.17638 102.159
850	1	931.389	17493.7	17483.6	10.1148	441	85	181	3	0.0001 Colloc0 441 2477 0.18286 95.5366
860	1	941.953	17326.4	17315.5	10.8663	438	96	170	6	0.0001 Colloc0 438 2480 0.0719427 135.839
870	1	952.614	17248.9	17238.8	10.1146	453	101	165	4	0.0001 Colloc0 453 2495 0.246798 95.5257
880	1	963.716	17294.7	17284.9	9.84599	456	95	171	1	0.0001 Colloc0 456 2461 0.25102 82.8089
890	1	974.967	17364.9	17354.2	10.6208	455	98	168	3	0.0001 Colloc0 455 2472 0.173651 121.96
900	1	985.98	17321.9	17311.6	10.2867	441	98	168	1	0.0001 Colloc0 441 2480 0.1312 104.164
910	1	996.615	17456.3	17445.3	11.0252	431	86	180	2	0.0001 Colloc0 431 2512 0.00460542 145.16
920	1	1007.58	17394.1	17383.3	10.7805	437	89	177	3	0.0001 Colloc0 437 2506 0.0671821 130.916
930	1	1018.52	17269	17258.1	10.8468	429	110	156	1	0.0001 Colloc0 429 2472 0.0309885 134.713
940	1	1029.48	17374.6	17364.3	10.3257	424	99	167	1	0.0001 Colloc0 424 2481 0.116893 106.172
950	1	1040.4	17528.6	17517.7	10.8884	448	75	191	4	0.0001 Colloc0 448 2503 0.068282 137.122
960	1	1051.45	17527	17516.1	10.8423	440	81	185	3	0.0001 Colloc0 440 2503 0.0446764 134.455
970	1	1062.5	17454.8	17443.7	11.0519	435	83	183	3	0.0001 Colloc0 435 2507 0.0361606 146.749
980	1	1073.25	17404.9	17394.6	10.2461	449	87	179	3	0.0001 Colloc0 449 2466 0.160236 102.095
990	1	1084.24	17400.3	17390.3	10.0645	442	89	177	5	0.0001 Colloc0 442 2480 0.165512 93.0817
1000	1	1095.2	17346.4	17335.8	10.65	440	95	171	2	0.0001 Colloc0 440 2494 0.0896077 123.579
1010	1	1106.12	17315.4	17304.6	10.7969	436	100	166	4	0.0001 Colloc0 436 2494 0.0513126 131.85
1020	1	1117.05	17378.6	17367.5	11.0501	436	102	164	3	0.0001 Colloc0 436 2496 0.0470125 146.644
1030	1	1127.91	17511.8	17501.6	10.2168	477	89	177	2	0.0001 Colloc0 477 2501 0.201568 100.609
1040	1	1138.44	17346	17335.5	10.4264	439	88	178	1	0.0001 Colloc0 439 2502 0.11977 111.446
1050	1	1149.43	17472.9	17462.5	10.4016	454	92	174	4	0.0001 Colloc0 454 2496 0.124624 110.135
1060	1	1160.39	17430.7	17420	10.7482	449	87	179	2	0.0001 Colloc0 449 2498 0.0835325 129.084
1070	1	1170.89	17336.8	17326.4	10.4264	451	106	160	6	0.0001 Colloc0 451 2466 0.121302 111.445
1080	1	1181.84	17383.9	17373.4	10.5369	462	94	172	4	0.0001 Colloc0 462 2457 0.181432 117.37
1090	1	1192.88	17421.1	17410.1	10.9695	442	92	174	4	0.0001 Colloc0 442 2479 0.0415709 141.867
1100	1	1203.87	17434.1	17423.1	11.0735	448	85	181	3	0.0001 Colloc0 448 2493 0.0246126 148.042
1110	1	1215.02	17318.2	17307.3	10.9676	439	105	161	3	0.0001 Colloc0 439 2466 0.0150892 141.754
1120	1	1225.99	17323.4	17312.6	10.8126	446	108	158	3	0.0001 Colloc0 446 2482 0.0653944 132.749
1130	1	1236.88	17369.7	17359.5	10.1221	445	103	163	2	0.0001 Colloc0 445 2488 0.223406 95.8928
1140	1	1247.83	17412.3	17401.9	10.4317	445	90	176	2	0.0001 Colloc0 445 2464 0.181493 111.728
1150	1	1258.76	17370.1	17359.5	10.5761	450	86	180	2	0.0001 Colloc0 450 2463 0.126334 119.507
1160	1	1269.86	17384.4	17373.6	10.8021	444	83	183	5	0.0001 Colloc0 444 2469 0.0892653 132.146
1170	1	1280.97	17469.6	17459.2	10.3752	453	84	182	2	0.0001 Colloc0 453 2487 0.189887 108.749
1180	1	1292.15	17421.7	17410.2	11.5067	469	105	161	3	0.0001 Colloc0 469 2474 0.0149212 174.873
1190	1	1303.08	17331.8	17321.2	10.6592	441	96	170	4	0.0001 Colloc0 441 2483 0.0633279 124.087
1200	1	1313.92	17538.8	17528.1	10.7496	450	84	182	2	0.0001 Colloc0 450 2517 0.0579072 129.16
1210	1	1325.01	17489.7	17479.8	9.92494	456	80	186	3	0.0001 Colloc0 456 2506 0.172092 86.4469
1220	1	1335.71	17429	17418.2	10.7542	450	89	177	3	0.0001 Colloc0 450 2492 0.170132 129.422
1230	1	1346.76	17475.7	17465.1	10.5334	450	83	183	1	0.0001 Colloc0 450 2487 0.162236 117.18
1240	1	1357.46	17352.4	17341.8	10.6542	441	96	170	2	0.0001 Colloc0 441 2485 0.118842 123.808
1250	1	1368.46	17315	17305.2	9.8053	448	97	169	2	0.0001 Colloc0 448 2458 0.239638 80.9668
1260	1	1379.48	17440.1	17429.7	10.3272	445	85	181	1	0.0001 Colloc0 445 2490 0.120807 106.249
1270	1	1390.2	17287.9	17277.8	10.1405	448	102	164	2	0.0001 Colloc0 448 2449 0.150959 96.8016
1280	1	1401.41	17273.4	17263	10.3556	431	107	159	2	0.0001 Colloc0 431 2458 0.0699176 107.727
1290	1	1412.57	17376.1	17365.8	10.2817	437	99	167	2	0.0001 Colloc0 437 2498 0.15355 103.909
1300	1	1423.66	17432.4	17421.5	10.9334	431	85	181	3	0.0001 Colloc0 431 2490 0.0176233 139.745
1310	1	1434.67	17316.3	17306.2	10.1567	427	90	176	3	0.0001 Colloc0 427 2489 0.103325 97.6056
1320	1	1445.71	17416.5	17405.6	10.924	445	94	172	5	0.0001 Colloc0 445 2481 0.118924 139.196
1330	1	1456.74	17412.1	17402	10.15	460	96	170	2	0.0001 Colloc0 460 2452 0.20371 97.2738
1340	1	1467.71	17467.6	17456.8	10.8032	454	80	186	4	0.0001 Colloc0 454 2474 0.0497584 132.212
1350	1	1478.75	17443.4	17432.7	10.6706	439	87	179	3	0.0001 Colloc0 439 2473 0.11902 124.726
1360	1	1489.62	17537.6	17526.7	10.8657	464	85	181	3	0.0001 Colloc0 464 2482 0.0786644 135.803
1370	1	1500.59	17334.6	17324.4	10.1966	443	106	160	3	0.0001 Colloc0 443 2469 0.157179 99.5953
1380	1	1511.47	17524.6	17513.9	10.7427	440	85	181	2	0.0001 Colloc0 440 2518 0.0446315 128.77
1390	1	1522.28	17330.8	17320.6	10.1828	434	95	171	3	0.0001 Colloc0 434 2489 0.150532 98.903
1400	1	1532.86	17507	17496	10.9225	445	91	175	5	0.0001 Colloc0 445 2502 0.00168634 139.11
1410	1	1543.62	17407.6	17397.7	9.94121	460	88	178	5	0.0001 Colloc0 460 2476 0.209028 87.2074
1420	1	1554.83	17484.7	17473.8	10.9233	465	75	191	1	0.0001 Colloc0 465 2484 0.0401198 139.151
1430	1	1565.93	17447.8	17437.5	10.2543	460	83	183	3	0.0001 Colloc0 460 2479 0.1591 102.513
1440	1	1577.29	17294.7	17284.6	10.1406	451	101	165	2	0.0001 Colloc0 451 2469 0.19732 96.8055
1450	1	1588.04	17327.3	17316.5	10.8227	447	99	167	1	0.0001 Colloc0 447 2453 0.0309247 133.327
1460	1	1599.07	17252.4	17241.5	10.8439	443	96	170	1	0.0001 Colloc0 443 2436 0.0985146 134.546
1470	1	1610.17	17407.5	17396.6	10.8996	445	88	178	2	0.0001 Colloc0 445 2488 0.0348222 137.77
1480	1	1621.25	17500.1	17488.7	11.3959	453	84	182	3	0.0001 Colloc0 453 2486 0.038893 167.854
1490	1	1632.31	17395.3	17384.8	10.539	446	93	173	4	0.0001 Colloc0 446 2482 0.147001 117.484
1500	1	1643.24	17303.9	17293.8	10.108	452	91	175	2	0.0001 Colloc0 452 2466 0.197011 95.2044
1510	1	1654.45	17470.2	17459.5	10.7169	462	87	179	1	0.0001 Colloc0 462 2505 0.124661 127.316
1520	1	1665.58	17224.5	17214.2	10.3144	442	106	160	3	0.0001 Colloc0 442 2470 0.133933 105.589
1530	1	1676.39	17344.8	17334.1	10.7626	450	88	178	3	0.0001 Colloc0 450 2486 0.112705 129.901
1540	1	1687.39	17347.4	17336.7	10.7292	439	96	170	7	0.0001 Colloc0 439 2485 0.067944 128.01
1550	1	1698.13	17402.3	17391.4	10.9009	436	90	176	5	0.0001 Colloc0 436 2475 0.0563476 137.846
1560	1	1709.38	17223	17212.3	10.7219	438	110	156	4	0.0001 Colloc0 438 2468 0.0578495 127.6
1570	1	1720.35	17348.5	17338.1	10.4199	437	89	177	1	0.0001 Colloc0 437 2473 0.116287 111.102
1580	1	1731.11	17542.5	17531.9	10.6088	456	77	189	3	0.0001 Colloc0 456 2496 0.160507 121.301
1590	1	1741.6	17383.3	17372.3	11.0279	433	87	179	6	0.0001 Colloc0 433 2488 0.0225083 145.323
1600	1	1752.52	17251.7	17240.8	10.8515	434	94	172	3	0.0001 Colloc0 434 2430 0.104839 134.986
1610	1	1763.64	17353.5	17343.3	10.2552	448	88	178	2	0.0001 Colloc0 448 2437 0.134571 102.557
1620	1	1774.64	17483.4	17472.2	11.1694	443	90	176	2	0.0001 Colloc0 443 2494 0.0657316 153.837
1630	1	1785.39	17153.3	17143.6	9.7019	436	118	148	2	0.0001 Colloc0 436 2452 0.224445 76.389
1640	1	1795.93	17303.5	17292.7	10.7791	449	102	164	2	0.0001 Colloc0 449 2468 0.0865628 130.835
1650	1	1807.09	17250.5	17239.8	10.6925	444	105	161	3	0.0001 Colloc0 444 2474 0.0803048 125.945
1660	1	1818.33	17267.8	17257	10.7815	443	113	153	1	0.0001 Colloc0 443 2459 0.0979787 130.975
1670	1	1829.18	17185.3	17174.5	10.8372	429	111	155	3	0.0001 Colloc0 429 2443 0.0381151 134.164
1680	1	1839.81	17292.6	17282	10.6257	454	95	171	1	0.0001 Colloc0 454 2421 0.121459 122.233
1690	1	1850.33	17541.6	17530.5	11.1374	465	86	180	3	0.0001 Colloc0 465 2464 0.0764612 151.892
1700	1	1861.27	17409.9	17398.9	11.0139	445	93	173	2	0.0001 Colloc0 445 2476 0.0443155 144.49
1710	1	1872.36	17305.7	17294.8	10.9327	438	100	166	2	0.0001 Colloc0 438 2452 0.0324269 139.706
1720	1	1883.4	17286.8	17276.3	10.4512	450	89	177	2	0.0001 Colloc0 450 2461 0.123494 112.762
1730	1	1894.61	17217.3	17207.1	10.1832	438	107	159	2	0.0001 Colloc0 438 2441 0.189795 98.9269
1740	1	1905.88	17314.8	17304	10.7959	452	93	173	2	0.0001 Colloc0 452 2464 0.106531 131.797
1750	1	1916.82	17368.1	17357.7	10.3804	467	102	164	5	0.0001 Colloc0 467 2474 0.158663 109.022
1760	1	1927.74	17448.5	17438.4	10.0946	454	90	176	5	0.0001 Colloc0 454 2474 0.204837 94.5452
1770	1	1938.79	17421.8	17411.7	10.1301	455	87	179	5	0.0001 Colloc0 455 2492 0.157044 96.287
1780	1	1949.37	17331.2	17320.3	10.9215	433	91	175	1	0.0001 Colloc0 433 2458 0.051014 139.05
1790	1	1960.33	17472.3	17461	11.256	460	79	187	2	0.0001 Colloc0 460 2447 0.0367056 159.141
1800	1	1971.47	17466.2	17455.8	10.3885	444	91	175	4	0.0001 Colloc0 444 2444 0.143138 109.449
1810	1	1981.85	17492.3	17481.6	10.7142	459	88	178	3	0.0001 Colloc0 459 2461 0.115584 127.164
1820	1	1992.55	17425.5	17414.9	10.552	442	81	185	2	0.0001 Colloc0 442 2453 0.142119 118.193
1830	1	2003.34	17419.2	17408.1	11.1443	458	89	177	2	0.0001 Colloc0 458 2451 0.0393421 152.313
1840	1	2014.07	17299.9	17289	10.8833	447	93	173	3	0.0001 Colloc0 447 2452 0.0432939 136.825
1850	1	2024.65	17320.8	17310.1	10.6822	446	99	167	1	0.0001 Colloc0 446 2471 0.101891 125.369
1860	1	2035.09	17241	17230.3	10.6893	457	105	161	2	0.0001 Colloc0 457 2426 0.154207 125.766
1870	1	2045.74	17328.5	17317.1	11.3833	456	89	177	3	0.0001 Colloc0 456 2469 0.0101393 167.058
1880	1	2056.43	17286.7	17276	10.7346	445	106	160	4	0.0001 Colloc0 445 2439 0.121973 128.313
1890	1	2067.1	17345.3	17335.1	10.2467	456	89	177	4	0.0001 Colloc0 456 2415 0.157937 102.125
1900	1	2077.6	17382.3	17372.3	9.95007	470	97	169	1	0.0001 Colloc0 470 2430 0.25371 87.6226
1910	1	2088.69	17285.1	17274.1	11.01	454	104	162	8	0.0001 Colloc0 454 2423 0.0621919 144.259
1920	1	2099.58	17238.1	17226.9	11.2018	436	101	165	3	0.0001 Colloc0 436 2416 0.0529289 155.812
1930	1	2110.48	17327.2	17316.3	10.8949	471	104	162	2	0.0001 Colloc0 471 2424 0.16298 137.497
1940	1	2120.95	17152.3	17142	10.2213	443	106	160	3	0.0001 Colloc0 443 2406 0.141875 100.837
1950	1	2131.66	17286.6	17276.2	10.4751	449	101	165	4	0.0001 Colloc0 449 2435 0.161378 114.037
1960	1	2142.28	17229.3	17218.9	10.4154	425	97	169	3	0.0001 Colloc0 425 2439 0.100699 110.864
1970	1	2152.7	17239.3	17228.7	10.6414	449	98	168	4	0.0001 Colloc0 449 2434 0.123836 123.101
1980	1	2163.35	17167.4	17156.9	10.4687	439	107	159	2	0.0001 Colloc0 439 2437 0.138229 113.699
1990	1	2173.84	17216.5	17206.3	10.1993	443	106	160	3	0.0001 Colloc0 443 2422 0.211609 99.7332
2000	1	2184.15	17238.7	17228.4	10.3399	436	104	162	4	0.0001 Colloc0 436 2381 0.134121 106.913
