# D = 0, E = 1, I = 1, P = 1, R = -1, n = 2000, N = 1, P = 1, w = 1, a = 0.0001, b = 10000, e = 1, f = 1, g = 100, h = 0.01, r = 10824, s = 1, S = 0, x = 10, m = 100, Z = 1, z = 0, T = 1, t = 1
# 6184 tokens in 266 sentences
#
# It	Temp	Time	-logP	-logPcorpus	-logPrior	tables	same	changed	reject	default_pya	(parent pym pyn pya pyb)*
0	1	0.888864	25290	25176.2	113.764	2195	0	266	0	0.0001 Colloc0 2195 3176 0.0001 10000
10	1	13.247	19015.5	19004.1	11.3905	565	51	215	5	0.0001 Colloc0 565 2679 0.116263 167.51
20	1	24.3783	18671.8	18660.8	10.9734	504	47	219	8	0.0001 Colloc0 504 2674 0.0876373 142.097
30	1	35.5346	18490	18479.7	10.2895	508	55	211	7	0.0001 Colloc0 508 2672 0.18367 104.307
40	1	46.7929	18325.3	18314.7	10.5877	494	65	201	2	0.0001 Colloc0 494 2667 0.148558 120.142
50	1	57.7472	18180	18169.2	10.8	469	65	201	2	0.0001 Colloc0 469 2626 0.0778027 132.029
60	1	68.8145	18211.2	18199.8	11.4034	476	70	196	1	0.0001 Colloc0 476 2635 0.013405 168.324
70	1	79.7939	18063.6	18052.8	10.8035	461	74	192	1	0.0001 Colloc0 461 2607 0.0909997 132.23
80	1	90.8462	18061.8	18050.6	11.2165	469	76	190	0	0.0001 Colloc0 469 2589 0.0452831 156.71
90	1	102.083	18042.9	18031.9	11.0106	473	93	173	3	0.0001 Colloc0 473 2625 0.075486 144.295
100	1	113.257	17777.6	17766.8	10.7691	438	90	176	2	0.0001 Colloc0 438 2592 0.00459043 130.266
110	1	124.449	17874	17863.9	10.1019	463	85	181	1	0.0001 Colloc0 463 2610 0.215637 94.9023
120	1	135.586	17863.2	17852.7	10.4816	453	95	171	4	0.0001 Colloc0 453 2615 0.155525 114.387
130	1	146.526	17867	17855.9	11.1177	453	92	174	4	0.0001 Colloc0 453 2593 0.0187692 150.701
140	1	157.681	17765.4	17754.7	10.736	452	96	170	1	0.0001 Colloc0 452 2567 0.0931941 128.392
150	1	168.717	17761.9	17751	10.9427	456	88	178	0	0.0001 Colloc0 456 2591 0.0354155 140.29
160	1	179.871	17836.3	17825.6	10.6173	452	94	172	2	0.0001 Colloc0 452 2619 0.0971073 121.768
170	1	190.376	17814.5	17804	10.5023	445	83	183	2	0.0001 Colloc0 445 2604 0.11914 115.499
180	1	201.251	17864.4	17853.9	10.4995	445	84	182	3	0.0001 Colloc0 445 2603 0.10939 115.349
190	1	212.428	17738	17727.7	10.3225	442	100	166	2	0.0001 Colloc0 442 2568 0.136969 106.008
200	1	223.295	17900.8	17890.7	10.079	448	79	187	1	0.0001 Colloc0 448 2619 0.137216 93.7877
210	1	234.303	17767.8	17757.7	10.111	453	89	177	1	0.0001 Colloc0 453 2596 0.177117 95.349
220	1	245.17	17742.6	17732	10.5963	429	87	179	1	0.0001 Colloc0 429 2587 0.117955 120.61
230	1	256.303	17814	17803.2	10.853	435	92	174	3	0.0001 Colloc0 435 2588 0.0717158 135.074
240	1	267.258	17906.7	17895.7	11.0102	446	83	183	4	0.0001 Colloc0 446 2613 0.0563955 144.268
250	1	278.341	17773.1	17762	11.1114	441	92	174	1	0.0001 Colloc0 441 2579 0.00109877 150.325
260	1	289.333	17617.1	17606.4	10.6967	430	103	163	4	0.0001 Colloc0 430 2584 0.0474443 126.18
270	1	300.197	17705.8	17695.2	10.6327	430	86	180	3	0.0001 Colloc0 430 2559 0.102919 122.621
280	1	311.315	17733.1	17722.6	10.4585	425	86	180	3	0.0001 Colloc0 425 2584 0.0840221 113.151
290	1	322.487	17771.7	17761.2	10.5404	455	97	169	5	0.0001 Colloc0 455 2579 0.133865 117.56
300	1	333.643	17943.3	17932.7	10.6133	471	84	182	3	0.0001 Colloc0 471 2590 0.114917 121.546
310	1	344.678	17809.1	17798.3	10.7733	464	83	183	1	0.0001 Colloc0 464 2567 0.129058 130.506
320	1	355.828	17714.3	17703.1	11.2327	450	89	177	2	0.0001 Colloc0 450 2556 0.0103948 157.705
330	1	366.837	17670.7	17660	10.661	460	91	175	1	0.0001 Colloc0 460 2554 0.144141 124.191
340	1	377.873	17644.5	17634.6	9.88994	451	89	177	3	0.0001 Colloc0 451 2565 0.160609 84.824
350	1	388.882	17628.4	17618.1	10.302	439	100	166	0	0.0001 Colloc0 439 2557 0.107896 104.951
360	1	399.832	17628.5	17618.2	10.3281	433	87	179	3	0.0001 Colloc0 433 2580 0.148004 106.299
370	1	410.894	17684.5	17674.6	9.9521	464	92	174	2	0.0001 Colloc0 464 2541 0.196928 87.7182
380	1	421.853	17695.2	17684.3	10.9601	458	87	179	3	0.0001 Colloc0 458 2547 0.037459 141.313
390	1	432.716	17663.7	17653.1	10.6403	456	93	173	1	0.0001 Colloc0 456 2526 0.106626 123.042
400	1	443.712	17507.6	17496.9	10.7117	452	99	167	2	0.0001 Colloc0 452 2532 0.137493 127.023
410	1	454.51	17539.1	17528.5	10.6167	440	94	172	2	0.0001 Colloc0 440 2528 0.123027 121.732
420	1	465.501	17688.3	17677.7	10.656	458	86	180	2	0.0001 Colloc0 458 2542 0.101973 123.911
430	1	476.674	17490.4	17480.4	9.99753	440	109	157	1	0.0001 Colloc0 440 2531 0.204424 89.866
440	1	487.69	17567.1	17556.3	10.7145	458	97	169	2	0.0001 Colloc0 458 2518 0.122932 127.183
450	1	498.681	17547.9	17536.9	10.9983	432	110	156	4	0.0001 Colloc0 432 2521 0.00535819 143.566
460	1	509.735	17489.6	17478.7	10.8853	451	108	158	0	0.0001 Colloc0 451 2500 0.0629335 136.941
470	1	520.701	17488.4	17477.5	10.8374	434	111	155	2	0.0001 Colloc0 434 2519 0.0835512 134.173
480	1	531.659	17464.8	17454.6	10.2022	441	101	165	3	0.0001 Colloc0 441 2525 0.156916 99.8775
490	1	542.627	17634.2	17623.1	11.0509	484	83	183	2	0.0001 Colloc0 484 2512 0.102309 146.689
500	1	553.932	17614.2	17603.7	10.4906	462	103	163	0	0.0001 Colloc0 462 2500 0.176501 114.871
510	1	565.128	17538.2	17527.5	10.7168	440	102	164	2	0.0001 Colloc0 440 2519 0.0535896 127.312
520	1	576.252	17650	17639.9	10.1015	480	84	182	5	0.0001 Colloc0 480 2493 0.208433 94.8823
530	1	587.259	17642.2	17631.8	10.3774	457	79	187	2	0.0001 Colloc0 457 2500 0.146742 108.865
540	1	598.185	17489.7	17478.7	11.0574	466	96	170	0	0.0001 Colloc0 466 2511 0.0970671 147.078
550	1	609.103	17527.1	17516.6	10.4943	454	96	170	1	0.0001 Colloc0 454 2502 0.168958 115.069
560	1	620.073	17418	17407	10.9997	450	108	158	3	0.0001 Colloc0 450 2478 0.0716756 143.648
570	1	631.208	17419.7	17408.8	10.8726	450	110	156	5	0.0001 Colloc0 450 2497 0.112473 136.203
580	1	642.185	17515.6	17504.9	10.643	456	107	159	2	0.0001 Colloc0 456 2495 0.0950089 123.188
590	1	653.207	17440.2	17429.7	10.4562	441	105	161	2	0.0001 Colloc0 441 2497 0.159266 113.031
600	1	664.014	17469.8	17459.1	10.6849	467	98	168	2	0.0001 Colloc0 467 2490 0.0922793 125.523
610	1	675.114	17466.4	17455.6	10.8434	473	105	161	3	0.0001 Colloc0 473 2470 0.103544 134.518
620	1	686.055	17413.9	17403.4	10.4523	458	102	164	3	0.0001 Colloc0 458 2463 0.125749 112.822
630	1	697.163	17439.7	17429.6	10.1392	444	108	158	1	0.0001 Colloc0 444 2496 0.18787 96.7361
640	1	708.529	17450	17439.1	10.9005	453	99	167	3	0.0001 Colloc0 453 2484 0.0512563 137.827
650	1	719.51	17430.1	17419.2	10.8123	445	93	173	0	0.0001 Colloc0 445 2482 0.076048 132.735
660	1	730.518	17538.4	17528.3	10.1177	466	91	175	1	0.0001 Colloc0 466 2471 0.176742 95.6779
670	1	741.638	17493.1	17482.7	10.4433	445	95	171	3	0.0001 Colloc0 445 2495 0.131098 112.34
680	1	752.73	17561.2	17551.2	10.0434	469	103	163	3	0.0001 Colloc0 469 2519 0.224315 92.0621
690	1	763.706	17534.8	17524.8	10.0093	456	89	177	3	0.0001 Colloc0 456 2502 0.214403 90.4261
700	1	774.511	17316	17305.7	10.276	437	115	151	3	0.0001 Colloc0 437 2488 0.133474 103.616
710	1	785.585	17248.6	17238.4	10.1651	443	122	144	2	0.0001 Colloc0 443 2482 0.16862 98.0211
720	1	796.619	17456.9	17446.6	10.3974	457	97	169	1	0.0001 Colloc0 457 2491 0.184577 109.915
730	1	807.717	17345.5	17334.8	10.691	466	104	162	1	0.0001 Colloc0 466 2463 0.212831 125.864
740	1	818.995	17474.9	17464.7	10.1726	454	95	171	0	0.0001 Colloc0 454 2483 0.216518 98.3981
750	1	830.311	17433.1	17423.3	9.75245	455	95	171	0	0.0001 Colloc0 455 2487 0.267771 78.6084
760	1	841.283	17430.6	17420.4	10.2198	443	109	157	2	0.0001 Colloc0 443 2510 0.187712 100.763
770	1	851.891	17444.3	17433.5	10.8805	447	106	160	2	0.0001 Colloc0 447 2480 0.0822516 136.664
780	1	862.7	17444.3	17433.8	10.5202	436	97	169	2	0.0001 Colloc0 436 2511 0.110894 116.468
790	1	873.756	17523.2	17512.6	10.6371	469	103	163	0	0.0001 Colloc0 469 2500 0.167363 122.861
800	1	884.932	17285.6	17275	10.6336	433	112	154	1	0.0001 Colloc0 433 2477 0.114981 122.67
810	1	896.028	17342	17331.7	10.3317	447	102	164	3	0.0001 Colloc0 447 2466 0.155879 106.487
820	1	906.961	17440.3	17429	11.3437	456	102	164	2	0.0001 Colloc0 456 2465 0.0371391 164.578
830	1	917.737	17482.6	17472	10.623	464	82	184	1	0.0001 Colloc0 464 2461 0.131514 122.084
840	1	928.863	17442.5	17432.4	10.1066	466	105	161	3	0.0001 Colloc0 466 2450 0.195381 95.1325
850	1	939.874	17386.8	17376	10.7813	451	102	164	1	0.0001 Colloc0 451 2461 0.0996506 130.961
860	1	950.806	17429.8	17419.4	10.3895	428	88	178	3	0.0001 Colloc0 428 2486 0.0973058 109.5
870	1	961.795	17451.9	17441.2	10.7139	455	90	176	1	0.0001 Colloc0 455 2457 0.154913 127.146
880	1	972.827	17453.3	17443.2	10.0617	452	93	173	1	0.0001 Colloc0 452 2476 0.190409 92.948
890	1	983.763	17404.5	17393.3	11.1792	445	97	169	1	0.0001 Colloc0 445 2461 0.0476131 154.433
900	1	994.667	17406.9	17395.7	11.168	451	106	160	1	0.0001 Colloc0 451 2474 0.0703717 153.751
910	1	1005.45	17430.4	17420	10.3649	453	95	171	2	0.0001 Colloc0 453 2472 0.152879 108.214
920	1	1016.67	17478.2	17467.3	10.8623	435	101	165	1	0.0001 Colloc0 435 2488 0.0509981 135.61
930	1	1027.42	17332.9	17323	9.92349	436	113	153	0	0.0001 Colloc0 436 2498 0.21048 86.3795
940	1	1038.28	17474	17463.5	10.4895	446	86	180	4	0.0001 Colloc0 446 2486 0.160771 114.811
950	1	1049.4	17526.8	17516.1	10.6787	442	87	179	2	0.0001 Colloc0 442 2494 0.046712 125.175
960	1	1060.28	17495.4	17484.8	10.6274	448	98	168	4	0.0001 Colloc0 448 2497 0.0890539 122.325
970	1	1071.42	17631	17620.7	10.3295	464	90	176	2	0.0001 Colloc0 464 2510 0.146846 106.373
980	1	1082.19	17515.2	17504.8	10.4316	465	80	186	2	0.0001 Colloc0 465 2469 0.151097 111.722
990	1	1093.28	17468.6	17458	10.5858	444	91	175	3	0.0001 Colloc0 444 2496 0.104711 120.037
1000	1	1104.11	17543.2	17532.4	10.7938	454	96	170	3	0.0001 Colloc0 454 2466 0.13249 131.671
1010	1	1115.01	17494	17482.9	11.0257	451	92	174	1	0.0001 Colloc0 451 2508 0.0281532 145.188
1020	1	1126.07	17470.6	17459.8	10.7068	443	95	171	2	0.0001 Colloc0 443 2477 0.0983604 126.746
1030	1	1136.98	17529.2	17518.5	10.6607	448	94	172	2	0.0001 Colloc0 448 2498 0.101369 124.171
1040	1	1148.03	17526	17515.6	10.3647	455	86	180	1	0.0001 Colloc0 455 2465 0.126665 108.201
1050	1	1159.23	17595.3	17584.6	10.6152	451	81	185	4	0.0001 Colloc0 451 2500 0.0481552 121.65
1060	1	1170.18	17448.3	17437.4	10.8708	439	88	178	0	0.0001 Colloc0 439 2497 0.0672195 136.104
1070	1	1181.31	17520.7	17509.7	10.9976	446	96	170	0	0.0001 Colloc0 446 2498 0.0899048 143.522
1080	1	1192.46	17386.5	17375.4	11.1651	448	89	177	1	0.0001 Colloc0 448 2485 0.0591681 153.573
1090	1	1203.49	17423	17412.6	10.4771	461	90	176	2	0.0001 Colloc0 461 2485 0.10977 114.146
1100	1	1214.39	17430.7	17419.9	10.8018	454	91	175	1	0.0001 Colloc0 454 2480 0.176921 132.129
1110	1	1225.36	17457.6	17447.1	10.4729	477	85	181	0	0.0001 Colloc0 477 2443 0.13107 113.921
1120	1	1236.62	17414.6	17403.6	11.0103	450	94	172	3	0.0001 Colloc0 450 2485 0.0616089 144.275
1130	1	1247.52	17371.6	17361	10.5738	431	89	177	3	0.0001 Colloc0 431 2481 0.0732827 119.378
1140	1	1258.75	17296.7	17286.2	10.5089	450	97	169	1	0.0001 Colloc0 450 2463 0.131018 115.857
1150	1	1269.5	17333.6	17323.4	10.2147	452	108	158	1	0.0001 Colloc0 452 2476 0.154242 100.506
1160	1	1280.48	17345.2	17334.7	10.4996	438	101	165	2	0.0001 Colloc0 438 2488 0.158099 115.353
1170	1	1291.52	17313.3	17302.1	11.199	453	105	161	1	0.0001 Colloc0 453 2472 0.0053916 155.637
1180	1	1302.49	17349.3	17339.2	10.0862	444	102	164	0	0.0001 Colloc0 444 2462 0.217056 94.1382
1190	1	1313.41	17269	17258.5	10.4063	439	100	166	1	0.0001 Colloc0 439 2446 0.118548 110.385
1200	1	1324.18	17390.8	17380.6	10.1572	440	99	167	0	0.0001 Colloc0 440 2484 0.192137 97.6302
1210	1	1335.25	17204.1	17193.9	10.1116	436	116	150	0	0.0001 Colloc0 436 2451 0.169028 95.3791
1220	1	1346.57	17450.5	17440	10.5227	447	93	173	2	0.0001 Colloc0 447 2462 0.0746539 116.602
1230	1	1357.4	17281.7	17270.8	10.894	447	109	157	0	0.0001 Colloc0 447 2450 0.0943305 137.446
1240	1	1367.95	17402.1	17391	11.1452	460	99	167	1	0.0001 Colloc0 460 2478 0.0444264 152.363
1250	1	1379.2	17449.3	17438.7	10.6437	461	83	183	2	0.0001 Colloc0 461 2479 0.169033 123.226
1260	1	1390.23	17445.1	17434.7	10.3823	450	93	173	4	0.0001 Colloc0 450 2467 0.163084 109.123
1270	1	1400.95	17286.9	17277.1	9.77371	444	98	168	1	0.0001 Colloc0 444 2476 0.23703 79.5525
1280	1	1411.99	17345.7	17335	10.7071	454	97	169	4	0.0001 Colloc0 454 2467 0.0857637 126.767
1290	1	1422.92	17353.5	17343.6	9.92405	433	102	164	1	0.0001 Colloc0 433 2478 0.163177 86.4055
1300	1	1433.98	17220.8	17210.3	10.5603	442	105	161	1	0.0001 Colloc0 442 2444 0.135318 118.642
1310	1	1444.91	17317.9	17307.7	10.2114	438	104	162	1	0.0001 Colloc0 438 2445 0.171863 100.339
1320	1	1456.05	17345.8	17335.4	10.4635	442	95	171	1	0.0001 Colloc0 442 2454 0.12458 113.421
1330	1	1466.89	17304.1	17293.4	10.6311	437	100	166	1	0.0001 Colloc0 437 2454 0.0972129 122.531
1340	1	1477.89	17238.3	17227.9	10.4012	449	101	165	5	0.0001 Colloc0 449 2457 0.158855 110.113
1350	1	1488.85	17272.7	17262.6	10.1367	443	91	175	2	0.0001 Colloc0 443 2466 0.176753 96.6161
1360	1	1499.76	17355.9	17344.7	11.289	448	102	164	1	0.0001 Colloc0 448 2487 0.0402065 161.176
1370	1	1510.66	17186.6	17175.9	10.6976	424	109	157	2	0.0001 Colloc0 424 2448 0.0676559 126.233
1380	1	1521.42	17304.9	17294.7	10.2071	455	107	159	4	0.0001 Colloc0 455 2456 0.211853 100.125
1390	1	1532.63	17287.6	17277.3	10.3244	452	103	163	1	0.0001 Colloc0 452 2460 0.182849 106.107
1400	1	1543.64	17378.7	17368.1	10.5976	444	101	165	2	0.0001 Colloc0 444 2482 0.0968888 120.681
1410	1	1554.79	17417.3	17406.3	10.9211	453	96	170	1	0.0001 Colloc0 453 2477 0.0126284 139.025
1420	1	1565.78	17368.7	17357.5	11.1065	444	102	164	3	0.0001 Colloc0 444 2449 0.0480008 150.024
1430	1	1576.81	17323.6	17312.6	11.0274	440	103	163	1	0.0001 Colloc0 440 2470 0.000526723 145.293
1440	1	1587.83	17282.7	17272.4	10.3378	433	99	167	4	0.0001 Colloc0 433 2445 0.147897 106.801
1450	1	1598.71	17359	17348.4	10.5182	435	96	170	2	0.0001 Colloc0 435 2450 0.073284 116.358
1460	1	1609.78	17326.3	17315.2	11.1345	426	92	174	4	0.0001 Colloc0 426 2486 0.047255 151.718
1470	1	1620.71	17283.2	17272.1	11.067	433	98	168	3	0.0001 Colloc0 433 2440 0.0220753 147.653
1480	1	1631.76	17415.6	17404.7	10.9558	437	83	183	0	0.0001 Colloc0 437 2475 0.00822038 141.061
1490	1	1642.82	17413.5	17402.4	11.1171	461	100	166	6	0.0001 Colloc0 461 2455 0.097803 150.666
1500	1	1653.76	17298.2	17287.3	10.9166	429	95	171	3	0.0001 Colloc0 429 2475 0.035415 138.761
1510	1	1664.92	17229.3	17219.5	9.71973	426	120	146	4	0.0001 Colloc0 426 2448 0.180192 77.1677
1520	1	1675.88	17255.6	17245.4	10.2482	446	98	168	2	0.0001 Colloc0 446 2470 0.145718 102.2
1530	1	1686.96	17458.2	17447.5	10.6764	444	88	178	2	0.0001 Colloc0 444 2485 0.096081 125.049
1540	1	1697.93	17318.8	17308.5	10.3613	432	100	166	1	0.0001 Colloc0 432 2459 0.109539 108.023
1550	1	1708.77	17306.5	17295.7	10.8114	430	87	179	1	0.0001 Colloc0 430 2463 0.0455936 132.682
1560	1	1719.71	17347.1	17336.4	10.6911	437	99	167	1	0.0001 Colloc0 437 2475 0.124222 125.866
1570	1	1730.3	17304.6	17293.6	10.9461	437	96	170	0	0.0001 Colloc0 437 2479 0.0954365 140.49
1580	1	1741.02	17280.2	17269.7	10.4242	432	103	163	0	0.0001 Colloc0 432 2485 0.109366 111.33
1590	1	1751.98	17324.2	17313.7	10.5476	440	110	156	2	0.0001 Colloc0 440 2458 0.128306 117.949
1600	1	1762.8	17352.9	17342.6	10.2354	439	101	165	2	0.0001 Colloc0 439 2478 0.135874 101.552
1610	1	1773.88	17355.1	17344.4	10.7338	443	96	170	3	0.0001 Colloc0 443 2440 0.0792431 128.27
1620	1	1784.94	17435.2	17424.4	10.7745	439	91	175	2	0.0001 Colloc0 439 2476 0.102006 130.572
1630	1	1796.07	17304	17293.9	10.1044	443	109	157	2	0.0001 Colloc0 443 2460 0.152924 95.0247
1640	1	1807.38	17353	17342.3	10.7215	443	95	171	3	0.0001 Colloc0 443 2467 0.0793138 127.572
1650	1	1818.31	17263.3	17252.4	10.8793	436	104	162	2	0.0001 Colloc0 436 2482 0.078166 136.592
1660	1	1829.44	17294.5	17283.5	11.0187	442	100	166	1	0.0001 Colloc0 442 2448 0.0436784 144.773
1670	1	1840.34	17359	17348.1	10.8828	442	84	182	2	0.0001 Colloc0 442 2464 0.0651315 136.798
1680	1	1851.46	17356.6	17345.9	10.6447	453	92	174	0	0.0001 Colloc0 453 2490 0.075479 123.282
1690	1	1862.64	17383.7	17372.5	11.1526	442	86	180	2	0.0001 Colloc0 442 2465 0.0498973 152.814
1700	1	1873.75	17499.5	17488.4	11.0896	456	87	179	2	0.0001 Colloc0 456 2472 0.0457797 149.01
1710	1	1885.01	17445	17434.2	10.7736	451	87	179	0	0.0001 Colloc0 451 2480 0.075451 130.524
1720	1	1896.13	17333	17322.9	10.0907	444	95	171	2	0.0001 Colloc0 444 2456 0.19313 94.3566
1730	1	1907.34	17319.7	17309	10.6928	436	111	155	2	0.0001 Colloc0 436 2467 0.0549298 125.966
1740	1	1918.33	17347.2	17337.3	9.94078	449	91	175	2	0.0001 Colloc0 449 2467 0.239248 87.187
1750	1	1929.34	17356.9	17346.6	10.3711	450	95	171	5	0.0001 Colloc0 450 2461 0.142997 108.535
1760	1	1940.34	17368.5	17358	10.5165	429	100	166	2	0.0001 Colloc0 429 2489 0.0926055 116.266
1770	1	1951.32	17486.1	17475.1	11.0456	452	94	172	4	0.0001 Colloc0 452 2500 0.0263364 146.376
1780	1	1962.38	17367.8	17357.4	10.3548	433	100	166	2	0.0001 Colloc0 433 2468 0.123403 107.686
1790	1	1973.4	17430.2	17419	11.1367	447	96	170	1	0.0001 Colloc0 447 2491 0.0699963 151.85
1800	1	1984.52	17315.1	17304.6	10.4365	440	108	158	5	0.0001 Colloc0 440 2465 0.121941 111.979
1810	1	1995.76	17263.3	17252	11.2237	429	93	173	0	0.0001 Colloc0 429 2444 0.0137161 157.151
1820	1	2006.7	17351.7	17341.4	10.2173	455	94	172	1	0.0001 Colloc0 455 2462 0.185095 100.635
1830	1	2017.31	17304.5	17293.9	10.5953	438	106	160	1	0.0001 Colloc0 438 2466 0.116729 120.554
1840	1	2028.36	17346.1	17335.8	10.3384	444	93	173	2	0.0001 Colloc0 444 2480 0.133382 106.833
1850	1	2039.31	17268.5	17258.2	10.3227	438	99	167	2	0.0001 Colloc0 438 2462 0.171927 106.018
1860	1	2050.28	17247.7	17237.8	9.90786	430	121	145	1	0.0001 Colloc0 430 2468 0.1866 85.6529
1870	1	2061.19	17309.7	17299	10.6711	441	102	164	1	0.0001 Colloc0 441 2470 0.11205 124.749
1880	1	2072.28	17280.5	17270.1	10.4123	440	111	155	0	0.0001 Colloc0 440 2487 0.117543 110.702
1890	1	2083.39	17165.3	17155.2	10.0988	435	111	155	0	0.0001 Colloc0 435 2417 0.133627 94.7525
1900	1	2094.06	17328.3	17317.2	11.0753	451	98	168	1	0.0001 Colloc0 451 2449 0.0573912 148.149
1910	1	2105.1	17275.3	17265	10.2233	448	105	161	3	0.0001 Colloc0 448 2441 0.190788 100.938
1920	1	2115.88	17297.7	17287.2	10.5413	453	98	168	1	0.0001 Colloc0 453 2436 0.105746 117.611
1930	1	2126.73	17359.8	17349	10.8086	443	106	160	0	0.0001 Colloc0 443 2457 0.0596765 132.523
1940	1	2137.45	17325.3	17314.4	10.873	441	98	168	1	0.0001 Colloc0 441 2465 0.0357625 136.229
1950	1	2147.89	17218.5	17208.4	10.1589	449	119	147	1	0.0001 Colloc0 449 2442 0.169573 97.7148
1960	1	2158.45	17360.1	17348.8	11.3263	455	95	171	1	0.0001 Colloc0 455 2488 0.0703996 163.496
1970	1	2168.9	17294.4	17284.1	10.2643	442	103	163	2	0.0001 Colloc0 442 2446 0.140908 103.018
1980	1	2179.23	17373.2	17362.6	10.5824	446	96	170	2	0.0001 Colloc0 446 2485 0.102648 119.847
1990	1	2189.39	17378.1	17367	11.1585	460	100	166	2	0.0001 Colloc0 460 2458 0.0167371 153.174
2000	1	2199.76	17309.8	17299.5	10.3814	453	100	166	0	0.0001 Colloc0 453 2451 0.169313 109.075
