# D = 0, E = 1, I = 1, P = 1, R = -1, n = 2000, N = 1, P = 1, w = 1, a = 0.0001, b = 10000, e = 1, f = 1, g = 100, h = 0.01, r = 730, s = 1, S = 0, x = 10, m = 100, Z = 1, z = 0, T = 1, t = 1
# 6184 tokens in 266 sentences
#
# It	Temp	Time	-logP	-logPcorpus	-logPrior	tables	same	changed	reject	default_pya	(parent pym pyn pya pyb)*
0	1	0.891864	26124.8	26011	113.764	2671	0	266	0	0.0001 Colloc0 2671 3789 0.0001 10000
10	1	13.184	19622.6	19611	11.5303	567	31	235	7	0.0001 Colloc0 567 2856 0.0706234 176.386
20	1	24.2953	18941.2	18930	11.2523	469	41	225	5	0.0001 Colloc0 469 2822 0.00642823 158.912
30	1	35.2966	18718.9	18707.6	11.2741	487	56	210	3	0.0001 Colloc0 487 2796 0.052484 160.254
40	1	46.135	18521.7	18510.6	11.1065	473	65	201	3	0.0001 Colloc0 473 2766 0.0212613 150.026
50	1	56.9373	18465.3	18454.4	10.9808	472	58	208	2	0.0001 Colloc0 472 2759 0.0748866 142.532
60	1	67.9387	18393	18382	11.0606	449	66	200	5	0.0001 Colloc0 449 2758 0.0277223 147.272
70	1	79.034	18175.4	18164.5	10.921	452	65	201	1	0.0001 Colloc0 452 2728 0.0556758 139.02
80	1	89.5974	18087.5	18077.3	10.2549	449	71	195	3	0.0001 Colloc0 449 2697 0.165938 102.539
90	1	100.322	18216.4	18205.4	11.0234	449	68	198	2	0.0001 Colloc0 449 2693 0.00444501 145.055
100	1	111.277	18126.2	18116	10.2104	457	70	196	2	0.0001 Colloc0 457 2694 0.214207 100.288
110	1	121.832	18027.2	18016.8	10.3085	459	75	191	6	0.0001 Colloc0 459 2662 0.210237 105.283
120	1	132.486	18002.5	17991.7	10.7158	424	89	177	1	0.0001 Colloc0 424 2686 0.0815473 127.256
130	1	142.936	17935.3	17924.8	10.5168	431	85	181	1	0.0001 Colloc0 431 2652 0.133287 116.283
140	1	153.412	18025.7	18015.2	10.5241	455	78	188	0	0.0001 Colloc0 455 2638 0.118191 116.677
150	1	164.42	17909.3	17899.1	10.1585	445	80	186	3	0.0001 Colloc0 445 2653 0.21015 97.6926
160	1	175.445	17940	17929.2	10.844	434	75	191	1	0.0001 Colloc0 434 2653 0.0837394 134.554
170	1	186.496	18113.6	18102.8	10.7474	453	72	194	1	0.0001 Colloc0 453 2649 0.0861205 129.035
180	1	197.065	17908.4	17897.3	11.0628	433	78	188	0	0.0001 Colloc0 433 2606 0.000583025 147.405
190	1	208.148	17959.9	17949.2	10.6644	464	71	195	2	0.0001 Colloc0 464 2619 0.078747 124.38
200	1	219.047	17922.2	17911.2	11.0627	461	87	179	0	0.0001 Colloc0 461 2625 0.059037 147.399
210	1	229.936	17915.9	17904.9	10.9926	447	70	196	0	0.0001 Colloc0 447 2622 0.0285568 143.227
220	1	241.134	18011.5	18000.6	10.8437	483	77	189	1	0.0001 Colloc0 483 2608 0.117653 134.537
230	1	252.195	17873.8	17863.4	10.456	452	85	181	2	0.0001 Colloc0 452 2608 0.131526 113.017
240	1	263.394	17790.5	17779.7	10.8538	440	82	184	2	0.0001 Colloc0 440 2588 0.0471628 135.116
250	1	274.536	17809.2	17798.9	10.3318	450	83	183	2	0.0001 Colloc0 450 2615 0.109638 106.492
260	1	285.687	17964.8	17953.7	11.0124	473	82	184	4	0.0001 Colloc0 473 2600 0.0652598 144.399
270	1	296.73	17913.9	17902.7	11.1451	456	71	195	1	0.0001 Colloc0 456 2590 0.0309916 152.36
280	1	307.69	17970.2	17959.1	11.0057	446	83	183	0	0.0001 Colloc0 446 2595 0.037434 144.004
290	1	318.873	17907.5	17896.9	10.6704	452	79	187	3	0.0001 Colloc0 452 2599 0.126776 124.714
300	1	329.977	17905	17894	11.0083	446	76	190	1	0.0001 Colloc0 446 2616 0.00668784 144.159
310	1	340.889	17831.1	17820.8	10.3094	443	82	184	2	0.0001 Colloc0 443 2609 0.166179 105.331
320	1	351.967	17928.7	17917.9	10.7293	456	79	187	3	0.0001 Colloc0 456 2596 0.116331 128.015
330	1	362.908	17785	17774.6	10.3274	420	84	182	0	0.0001 Colloc0 420 2621 0.0875728 106.261
340	1	373.886	17728.7	17718.6	10.1235	427	90	176	2	0.0001 Colloc0 427 2626 0.184409 95.9627
350	1	385.076	17826.6	17816.1	10.4259	449	87	179	1	0.0001 Colloc0 449 2623 0.120063 111.422
360	1	396.1	17839.9	17829.4	10.5796	424	76	190	3	0.0001 Colloc0 424 2613 0.0426391 119.695
370	1	406.927	18014.8	18004	10.7986	478	73	193	0	0.0001 Colloc0 478 2605 0.129101 131.948
380	1	417.887	17796.5	17785.4	11.159	441	84	182	1	0.0001 Colloc0 441 2637 0.0141523 153.201
390	1	428.611	17685.4	17675	10.3194	440	97	169	2	0.0001 Colloc0 440 2586 0.145761 105.846
400	1	439.349	17683.5	17672.6	10.8714	455	82	184	3	0.0001 Colloc0 455 2586 0.0676903 136.134
410	1	450.093	17599	17588.5	10.4497	438	97	169	3	0.0001 Colloc0 438 2552 0.10568 112.681
420	1	460.712	17713.5	17703.1	10.39	436	73	193	4	0.0001 Colloc0 436 2574 0.1567 109.526
430	1	471.436	17719.6	17709.4	10.1471	452	75	191	2	0.0001 Colloc0 452 2585 0.175333 97.1269
440	1	482.614	17662.1	17651.8	10.3665	439	85	181	4	0.0001 Colloc0 439 2578 0.153799 108.295
450	1	493.765	17706.7	17695.7	11.0109	444	85	181	3	0.0001 Colloc0 444 2585 0.0148405 144.309
460	1	504.782	17739.4	17728.6	10.8248	446	86	180	2	0.0001 Colloc0 446 2592 0.0808513 133.451
470	1	515.852	17794.4	17784	10.3522	454	82	184	1	0.0001 Colloc0 454 2573 0.162759 107.552
480	1	526.942	17599.3	17588.8	10.5674	443	103	163	2	0.0001 Colloc0 443 2579 0.106873 119.031
490	1	538.023	17729.9	17719.8	10.0628	441	89	177	4	0.0001 Colloc0 441 2574 0.188527 92.998
500	1	548.935	17698.4	17687.5	10.9585	436	84	182	2	0.0001 Colloc0 436 2585 0.0557654 141.216
510	1	559.674	17736.8	17726.1	10.6639	451	81	185	5	0.0001 Colloc0 451 2577 0.0956983 124.348
520	1	570.554	17624.5	17614.3	10.2368	433	77	189	3	0.0001 Colloc0 433 2572 0.122928 101.622
530	1	581.373	17605.1	17594.4	10.6756	429	84	182	1	0.0001 Colloc0 429 2565 0.0734632 125.002
540	1	592.157	17718.2	17707.2	10.9975	451	79	187	1	0.0001 Colloc0 451 2559 0.0764262 143.518
550	1	603.177	17615.5	17604.3	11.1749	442	84	182	1	0.0001 Colloc0 442 2535 0.0301243 154.172
560	1	614.326	17732.6	17721.8	10.7803	447	80	186	2	0.0001 Colloc0 447 2567 0.0682096 130.907
570	1	625.195	17593	17582.8	10.2367	429	82	184	2	0.0001 Colloc0 429 2580 0.111488 101.617
580	1	636.71	17687.3	17677.6	9.66473	428	85	181	3	0.0001 Colloc0 428 2563 0.191429 74.7797
590	1	647.898	17565.7	17555.4	10.2932	437	87	179	2	0.0001 Colloc0 437 2561 0.122693 104.501
600	1	658.943	17530.3	17520.1	10.1305	467	89	177	2	0.0001 Colloc0 467 2535 0.193821 96.3073
610	1	669.549	17527.2	17516.9	10.3793	453	86	180	0	0.0001 Colloc0 453 2553 0.166435 108.963
620	1	680.378	17618.3	17607.4	10.922	457	79	187	2	0.0001 Colloc0 457 2550 0.0687609 139.077
630	1	691.502	17383.6	17372.8	10.8001	436	102	164	3	0.0001 Colloc0 436 2519 0.12025 132.033
640	1	701.988	17529.3	17519.1	10.2034	448	88	178	5	0.0001 Colloc0 448 2531 0.139163 99.9355
650	1	712.786	17529.5	17518.9	10.6454	444	88	178	4	0.0001 Colloc0 444 2527 0.0986842 123.324
660	1	723.825	17554.7	17544.4	10.3042	446	88	178	3	0.0001 Colloc0 446 2532 0.155818 105.065
670	1	734.771	17418.8	17408.6	10.2527	428	102	164	5	0.0001 Colloc0 428 2545 0.105475 102.429
680	1	745.513	17571.9	17561.6	10.2488	450	89	177	3	0.0001 Colloc0 450 2526 0.149667 102.23
690	1	756.443	17583.5	17572.8	10.7575	435	92	174	2	0.0001 Colloc0 435 2539 0.0293041 129.607
700	1	767.229	17572.6	17562.4	10.2408	437	90	176	2	0.0001 Colloc0 437 2545 0.12849 101.824
710	1	778.263	17617	17606.3	10.7441	450	77	189	5	0.0001 Colloc0 450 2556 0.0596561 128.849
720	1	789.089	17551.8	17541.5	10.3174	449	80	186	4	0.0001 Colloc0 449 2531 0.192522 105.743
730	1	799.528	17562.4	17551.4	11.0427	438	80	186	2	0.0001 Colloc0 438 2537 0.00104351 146.202
740	1	810.627	17577.8	17567.1	10.677	433	88	178	3	0.0001 Colloc0 433 2524 0.0274916 125.082
750	1	821.788	17556	17545.3	10.6838	434	81	185	4	0.0001 Colloc0 434 2553 0.0625123 125.463
760	1	833.025	17581.5	17571.2	10.3839	466	82	184	3	0.0001 Colloc0 466 2515 0.125503 109.207
770	1	844.159	17482	17471.7	10.2966	435	84	182	1	0.0001 Colloc0 435 2536 0.13631 104.674
780	1	855.293	17367.1	17356.9	10.125	448	100	166	2	0.0001 Colloc0 448 2496 0.144592 96.0367
790	1	866.181	17424.3	17413.4	10.8603	433	104	162	3	0.0001 Colloc0 433 2518 0.0597073 135.494
800	1	877.09	17445.2	17434.5	10.6204	443	86	180	1	0.0001 Colloc0 443 2517 0.0700993 121.937
810	1	888.094	17504.2	17493.8	10.3766	435	89	177	2	0.0001 Colloc0 435 2536 0.121939 108.826
820	1	899.094	17458.4	17447.8	10.5544	451	93	173	0	0.0001 Colloc0 451 2512 0.0848389 118.323
830	1	910.087	17506.5	17495.9	10.5963	445	94	172	4	0.0001 Colloc0 445 2521 0.120856 120.609
840	1	921.059	17446.5	17436.2	10.2226	442	90	176	2	0.0001 Colloc0 442 2490 0.148236 100.903
850	1	932.09	17578.1	17567.2	10.9234	449	90	176	3	0.0001 Colloc0 449 2518 0.0432573 139.161
860	1	943.003	17550.5	17539.7	10.7661	437	96	170	4	0.0001 Colloc0 437 2536 0.0905881 130.095
870	1	953.969	17515.9	17505.4	10.4241	452	84	182	1	0.0001 Colloc0 452 2513 0.102032 111.326
880	1	964.965	17422.9	17411.9	11.0386	444	101	165	2	0.0001 Colloc0 444 2516 0.0551582 145.961
890	1	976.086	17436.1	17425.5	10.6146	432	96	170	1	0.0001 Colloc0 432 2502 0.0912355 121.617
900	1	987.315	17383.9	17373.5	10.3504	439	98	168	3	0.0001 Colloc0 439 2483 0.136583 107.457
910	1	998.369	17502.8	17491.9	10.9149	446	92	174	3	0.0001 Colloc0 446 2523 0.0525669 138.663
920	1	1009.03	17295.9	17285.3	10.6528	424	107	159	2	0.0001 Colloc0 424 2485 0.125824 123.735
930	1	1020.2	17410.5	17399.8	10.7778	450	105	161	5	0.0001 Colloc0 450 2476 0.0720467 130.762
940	1	1031.31	17441.3	17430.8	10.432	461	102	164	1	0.0001 Colloc0 461 2464 0.179726 111.741
950	1	1042.47	17406	17395	11.0872	431	76	190	2	0.0001 Colloc0 431 2491 0.00424965 148.866
960	1	1053.41	17432.4	17421.5	10.9684	440	90	176	2	0.0001 Colloc0 440 2482 0.0718901 141.802
970	1	1064.47	17401.2	17389.8	11.382	443	100	166	2	0.0001 Colloc0 443 2484 0.0172945 166.981
980	1	1075.28	17428.3	17417.2	11.0136	441	92	174	3	0.0001 Colloc0 441 2493 0.0632035 144.47
990	1	1086.42	17412.7	17402.2	10.4332	435	85	181	3	0.0001 Colloc0 435 2489 0.105351 111.806
1000	1	1097.34	17453.8	17442.7	11.1013	453	98	168	3	0.0001 Colloc0 453 2478 0.0215599 149.712
1010	1	1108.24	17499.1	17488.1	10.9562	462	90	176	2	0.0001 Colloc0 462 2478 0.0955319 141.081
1020	1	1119.47	17445.3	17434.4	10.8399	456	94	172	4	0.0001 Colloc0 456 2488 0.0863349 134.317
1030	1	1130.78	17424.6	17414	10.6157	448	95	171	3	0.0001 Colloc0 448 2484 0.129623 121.677
1040	1	1141.88	17406.9	17396.3	10.5805	431	93	173	0	0.0001 Colloc0 431 2511 0.0564903 119.744
1050	1	1152.79	17366.5	17355.2	11.2776	436	92	174	0	0.0001 Colloc0 436 2496 0.0327818 160.47
1060	1	1163.91	17454.9	17444.3	10.5529	446	93	173	4	0.0001 Colloc0 446 2486 0.102592 118.241
1070	1	1174.85	17384	17373	10.9926	445	99	167	2	0.0001 Colloc0 445 2503 0.0680387 143.231
1080	1	1186.14	17392.9	17381.9	11.0013	446	89	177	2	0.0001 Colloc0 446 2481 0.0576225 143.74
1090	1	1197.2	17395.4	17385.5	9.97011	437	94	172	2	0.0001 Colloc0 437 2481 0.19809 88.5665
1100	1	1208.25	17434.5	17424.2	10.3866	451	102	164	3	0.0001 Colloc0 451 2479 0.197733 109.348
1110	1	1219.16	17317	17306.5	10.5187	436	98	168	3	0.0001 Colloc0 436 2480 0.0999791 116.385
1120	1	1229.96	17298.3	17287.5	10.8368	439	108	158	4	0.0001 Colloc0 439 2458 0.0739092 134.138
1130	1	1241	17435.7	17424.9	10.8644	439	94	172	2	0.0001 Colloc0 439 2473 0.0675141 135.73
1140	1	1251.84	17453.8	17443.1	10.6519	449	101	165	0	0.0001 Colloc0 449 2481 0.117555 123.684
1150	1	1262.87	17555.6	17544.7	10.8891	447	87	179	4	0.0001 Colloc0 447 2524 0.0755202 137.162
1160	1	1273.62	17544.6	17533.2	11.4364	458	80	186	4	0.0001 Colloc0 458 2473 0.0181231 170.405
1170	1	1284.17	17549.4	17538.3	11.1417	452	98	168	5	0.0001 Colloc0 452 2489 0.0202298 152.151
1180	1	1295.15	17362.2	17351.4	10.712	439	93	173	6	0.0001 Colloc0 439 2478 0.0995868 127.039
1190	1	1306.07	17426.5	17415.8	10.6979	441	98	168	1	0.0001 Colloc0 441 2463 0.0735751 126.249
1200	1	1316.86	17548.2	17537.1	11.047	484	89	177	1	0.0001 Colloc0 484 2493 0.0964674 146.456
1210	1	1327.74	17430.7	17420.3	10.4344	451	105	161	1	0.0001 Colloc0 451 2471 0.167855 111.87
1220	1	1338.79	17381.4	17370.3	11.0535	455	93	173	2	0.0001 Colloc0 455 2465 0.0560024 146.849
1230	1	1349.75	17362.5	17351.8	10.7769	437	98	168	3	0.0001 Colloc0 437 2482 0.0634162 130.709
1240	1	1360.65	17412.2	17401.6	10.5877	439	90	176	4	0.0001 Colloc0 439 2476 0.112247 120.139
1250	1	1371.46	17424.5	17413.9	10.5925	452	88	178	1	0.0001 Colloc0 452 2458 0.145371 120.403
1260	1	1382.48	17433.8	17422.5	11.2611	452	98	168	2	0.0001 Colloc0 452 2436 0.0727931 159.456
1270	1	1393.42	17326.9	17315.8	11.0444	426	96	170	1	0.0001 Colloc0 426 2480 0.028277 146.304
1280	1	1404.32	17252.2	17241.8	10.4593	428	105	161	1	0.0001 Colloc0 428 2477 0.121706 113.192
1290	1	1415.35	17342.1	17331.6	10.5658	446	104	162	1	0.0001 Colloc0 446 2497 0.0839532 118.942
1300	1	1426.1	17294.6	17283.7	10.9052	430	107	159	2	0.0001 Colloc0 430 2482 0.0760415 138.099
1310	1	1436.83	17248.6	17238.2	10.4382	438	99	167	2	0.0001 Colloc0 438 2459 0.0844913 112.072
1320	1	1447.81	17276.7	17266.7	10.0262	434	107	159	2	0.0001 Colloc0 434 2451 0.163169 91.2371
1330	1	1458.69	17300	17289.2	10.7332	440	98	168	3	0.0001 Colloc0 440 2472 0.104603 128.233
1340	1	1469.61	17472.1	17461.6	10.5518	441	86	180	4	0.0001 Colloc0 441 2506 0.0830013 118.176
1350	1	1480.46	17373.7	17363	10.7543	444	100	166	2	0.0001 Colloc0 444 2480 0.0879119 129.425
1360	1	1491.14	17384.3	17374	10.3157	448	101	165	1	0.0001 Colloc0 448 2476 0.164888 105.656
1370	1	1502.11	17339.8	17328.7	11.0693	439	96	170	4	0.0001 Colloc0 439 2450 0.0581875 147.793
1380	1	1513.07	17329.6	17318.7	10.9842	434	86	180	4	0.0001 Colloc0 434 2457 0.0419794 142.729
1390	1	1524.13	17418.1	17407.5	10.6685	441	94	172	2	0.0001 Colloc0 441 2475 0.111395 124.606
1400	1	1535.01	17455.4	17444.5	10.9023	452	83	183	2	0.0001 Colloc0 452 2510 0.0574998 137.93
1410	1	1546.09	17321.7	17310.8	10.8741	442	89	177	1	0.0001 Colloc0 442 2497 0.089988 136.289
1420	1	1556.59	17365.6	17355.3	10.3232	459	99	167	1	0.0001 Colloc0 459 2493 0.181752 106.047
1430	1	1567.07	17370	17359.2	10.8835	448	100	166	1	0.0001 Colloc0 448 2487 0.074389 136.837
1440	1	1577.73	17383.4	17373	10.4352	441	101	165	4	0.0001 Colloc0 441 2484 0.118861 111.913
1450	1	1588.92	17337.2	17326.2	10.985	435	100	166	5	0.0001 Colloc0 435 2509 0.0786961 142.78
1460	1	1600.07	17300.7	17290.2	10.4482	436	95	171	1	0.0001 Colloc0 436 2470 0.135664 112.603
1470	1	1611.34	17316.2	17306.2	10.0414	432	99	167	0	0.0001 Colloc0 432 2487 0.177037 91.964
1480	1	1622.56	17208.5	17198	10.4843	424	108	158	2	0.0001 Colloc0 424 2473 0.0935013 114.531
1490	1	1633.64	17384.1	17373.4	10.7676	430	93	173	4	0.0001 Colloc0 430 2495 0.0666231 130.182
1500	1	1644.72	17426.9	17416.3	10.5227	446	91	175	2	0.0001 Colloc0 446 2501 0.146092 116.598
1510	1	1655.7	17308.1	17298	10.0543	435	102	164	1	0.0001 Colloc0 435 2474 0.158363 92.5894
1520	1	1666.43	17310.9	17300.6	10.2878	428	97	169	4	0.0001 Colloc0 428 2483 0.165843 104.222
1530	1	1677.01	17309	17298.6	10.4205	427	90	176	2	0.0001 Colloc0 427 2497 0.0964811 111.132
1540	1	1687.83	17291.4	17281.4	9.91791	452	103	163	0	0.0001 Colloc0 452 2484 0.224018 86.1196
1550	1	1698.44	17333.3	17322.2	11.0289	435	104	162	2	0.0001 Colloc0 435 2478 0.0579667 145.379
1560	1	1709.59	17417.4	17406.8	10.5489	450	97	169	4	0.0001 Colloc0 450 2470 0.138969 118.02
1570	1	1720.72	17333	17322.9	10.117	440	108	158	2	0.0001 Colloc0 440 2472 0.139346 95.6423
1580	1	1731.77	17404.9	17394.4	10.5747	441	96	170	1	0.0001 Colloc0 441 2493 0.10453 119.427
1590	1	1742.9	17410.1	17399.4	10.6558	451	88	178	1	0.0001 Colloc0 451 2500 0.151101 123.9
1600	1	1754.14	17390.3	17379.6	10.6618	436	97	169	2	0.0001 Colloc0 436 2494 0.099766 124.235
1610	1	1765.27	17353.2	17342.4	10.8321	451	99	167	1	0.0001 Colloc0 451 2477 0.0866984 133.868
1620	1	1776.38	17382.1	17370.7	11.3443	445	94	172	3	0.0001 Colloc0 445 2480 0.0060577 164.621
1630	1	1787.33	17340.5	17330.1	10.3916	451	90	176	3	0.0001 Colloc0 451 2457 0.160294 109.61
1640	1	1798.41	17355.8	17345.4	10.3943	444	84	182	3	0.0001 Colloc0 444 2486 0.151844 109.755
1650	1	1809.58	17351.2	17341.2	10.027	435	95	171	0	0.0001 Colloc0 435 2466 0.162753 91.2724
1660	1	1820.58	17388.7	17378.4	10.2298	444	98	168	2	0.0001 Colloc0 444 2472 0.165843 101.269
1670	1	1831.47	17435.4	17424.5	10.9179	449	87	179	4	0.0001 Colloc0 449 2492 0.0726015 138.838
1680	1	1842.21	17269.7	17259.4	10.3507	431	94	172	1	0.0001 Colloc0 431 2454 0.166593 107.471
1690	1	1852.81	17319.5	17309.2	10.2831	425	77	189	2	0.0001 Colloc0 425 2479 0.16245 103.98
1700	1	1863.65	17245.2	17234.5	10.6987	430	105	161	1	0.0001 Colloc0 430 2471 0.066854 126.292
1710	1	1874.82	17279.6	17269.1	10.5388	456	98	168	2	0.0001 Colloc0 456 2447 0.194298 117.474
1720	1	1885.99	17310.5	17299.7	10.7902	456	83	183	3	0.0001 Colloc0 456 2467 0.0768367 131.466
1730	1	1897.12	17394.8	17384.1	10.6867	451	96	170	2	0.0001 Colloc0 451 2463 0.0887542 125.621
1740	1	1908.43	17361.2	17350.4	10.7718	442	88	178	1	0.0001 Colloc0 442 2480 0.0645015 130.419
1750	1	1919.62	17257.2	17246.8	10.383	430	102	164	3	0.0001 Colloc0 430 2488 0.169485 109.158
1760	1	1930.68	17289.3	17279.2	10.1343	428	103	163	0	0.0001 Colloc0 428 2496 0.188285 96.4942
1770	1	1941.81	17316.3	17306.1	10.2658	424	92	174	2	0.0001 Colloc0 424 2498 0.132532 103.096
1780	1	1952.92	17377.4	17367.5	9.88991	441	80	186	2	0.0001 Colloc0 441 2483 0.188976 84.8226
1790	1	1963.97	17294.8	17284.6	10.2609	443	101	165	1	0.0001 Colloc0 443 2471 0.100153 102.845
1800	1	1975.11	17316.7	17306.5	10.1525	443	98	168	1	0.0001 Colloc0 443 2479 0.128835 97.3957
1810	1	1985.64	17373.4	17362.4	10.9868	440	95	171	0	0.0001 Colloc0 440 2505 0.0395823 142.885
1820	1	1996.25	17383.6	17373.2	10.3825	442	91	175	2	0.0001 Colloc0 442 2479 0.110154 109.132
1830	1	2006.95	17369	17357.9	11.1477	454	95	171	1	0.0001 Colloc0 454 2474 0.086702 152.515
1840	1	2017.62	17409.2	17398.1	11.0802	447	92	174	5	0.0001 Colloc0 447 2484 0.0444528 148.443
1850	1	2028.5	17365.9	17354.8	11.1008	443	85	181	5	0.0001 Colloc0 443 2443 0.0894929 149.684
1860	1	2038.89	17253.8	17242.7	11.0987	443	93	173	1	0.0001 Colloc0 443 2443 0.0469035 149.555
1870	1	2049.86	17496.9	17485.7	11.2086	464	83	183	2	0.0001 Colloc0 464 2480 0.0669873 156.229
1880	1	2060.87	17536	17525	11.024	456	86	180	3	0.0001 Colloc0 456 2487 0.0960575 145.088
1890	1	2071.34	17499.6	17488.6	10.9359	462	86	180	2	0.0001 Colloc0 462 2481 0.11641 139.892
1900	1	2082.28	17416.7	17405.7	11.0059	440	84	182	4	0.0001 Colloc0 440 2457 0.0247025 144.016
1910	1	2093.12	17450.3	17440.4	9.98814	453	92	174	3	0.0001 Colloc0 453 2463 0.195846 89.4199
1920	1	2103.87	17505.8	17495.5	10.2778	454	83	183	2	0.0001 Colloc0 454 2497 0.205905 103.711
1930	1	2114.64	17371.6	17360.5	11.0997	448	89	177	3	0.0001 Colloc0 448 2462 0.0178139 149.615
1940	1	2125.27	17414.7	17403.7	10.9378	437	82	184	2	0.0001 Colloc0 437 2467 0.0541362 140
1950	1	2135.84	17411.3	17400.6	10.6739	438	75	191	1	0.0001 Colloc0 438 2469 0.0863962 124.91
1960	1	2146.25	17655	17644.1	10.9375	451	65	201	2	0.0001 Colloc0 451 2484 0.0187268 139.984
1970	1	2156.72	17420.3	17410.4	9.87892	437	68	198	2	0.0001 Colloc0 437 2483 0.157673 84.3162
1980	1	2167.12	17429.4	17419.1	10.3011	444	79	187	3	0.0001 Colloc0 444 2470 0.1626 104.907
1990	1	2177.62	17375.9	17365.5	10.4301	435	80	186	2	0.0001 Colloc0 435 2471 0.142972 111.642
2000	1	2187.77	17484.8	17473.8	10.9879	436	71	195	1	0.0001 Colloc0 436 2472 0.000738155 142.949
