# D = 0, E = 1, I = 1, P = 1, R = -1, n = 2000, N = 1, P = 1, w = 1, a = 0.0001, b = 10000, e = 1, f = 1, g = 100, h = 0.01, r = 20255, s = 1, S = 0, x = 10, m = 100, Z = 1, z = 0, T = 1, t = 1
# 5901 tokens in 266 sentences
#
# It	Temp	Time	-logP	-logPcorpus	-logPrior	tables	same	changed	reject	default_pya	(parent pym pyn pya pyb)*
0	1	0.840872	23085.8	22972	113.764	1694	0	266	0	0.0001 Colloc0 1694 2444 0.0001 10000
10	1	12.2991	17986.1	17974.9	11.2257	558	50	216	3	0.0001 Colloc0 558 2433 0.112059 157.276
20	1	23.0085	17515.1	17503.8	11.3406	476	70	196	4	0.0001 Colloc0 476 2425 0.0194833 164.385
30	1	33.5099	17510.1	17498.8	11.3172	483	76	190	7	0.0001 Colloc0 483 2428 0.0262449 162.93
40	1	44.0143	17513.5	17501.9	11.6104	486	63	203	7	0.0001 Colloc0 486 2437 0.00624873 181.54
50	1	54.7437	17295.2	17284.4	10.7797	475	69	197	4	0.0001 Colloc0 475 2403 0.129657 130.873
60	1	65.557	17349.9	17339.4	10.48	460	72	194	7	0.0001 Colloc0 460 2435 0.156011 114.303
70	1	76.0664	17381.7	17370.8	10.9	488	69	197	6	0.0001 Colloc0 488 2419 0.110623 137.794
80	1	86.6598	17110.1	17098.9	11.2197	454	77	189	4	0.0001 Colloc0 454 2397 0.00598975 156.909
90	1	97.1982	17103.4	17092.5	10.8549	442	89	177	1	0.0001 Colloc0 442 2422 0.0137714 135.182
100	1	107.686	17111	17099.8	11.1964	451	74	192	2	0.0001 Colloc0 451 2446 0.0703405 155.484
110	1	118.338	17195.1	17183.8	11.2942	459	78	188	2	0.0001 Colloc0 459 2410 0.0222034 161.499
120	1	128.863	17050.6	17039.7	10.8368	462	78	188	2	0.0001 Colloc0 462 2371 0.127632 134.137
130	1	139.289	17198.3	17187.3	10.9388	452	77	189	3	0.0001 Colloc0 452 2418 0.0561948 140.058
140	1	149.755	17033	17022.2	10.8375	425	89	177	8	0.0001 Colloc0 425 2445 0.0299325 134.18
150	1	160.572	17068.7	17057.6	11.0936	446	85	181	3	0.0001 Colloc0 446 2399 0.0240203 149.25
160	1	171.271	17105.5	17095	10.5247	447	81	185	3	0.0001 Colloc0 447 2394 0.102276 116.711
170	1	181.874	17084.8	17073.8	11.0685	438	82	184	4	0.0001 Colloc0 438 2411 0.0665222 147.741
180	1	192.524	16952.9	16942.1	10.8307	449	85	181	3	0.0001 Colloc0 449 2357 0.106821 133.786
190	1	203.16	16912.2	16901.1	11.1435	439	91	175	6	0.0001 Colloc0 439 2335 0.0185335 152.262
200	1	213.493	16901.8	16891.3	10.5407	439	101	165	7	0.0001 Colloc0 439 2369 0.119996 117.576
210	1	224.059	16960.9	16950.2	10.6066	435	95	171	3	0.0001 Colloc0 435 2347 0.0628359 121.178
220	1	235.103	16974.2	16963.4	10.7533	451	90	176	2	0.0001 Colloc0 451 2326 0.0947385 129.373
230	1	245.509	17034.1	17023.3	10.7427	459	90	176	2	0.0001 Colloc0 459 2375 0.107001 128.77
240	1	256.148	16911.3	16900.9	10.3352	450	97	169	2	0.0001 Colloc0 450 2343 0.156405 106.666
250	1	266.914	16939.5	16928.6	10.8866	449	85	181	2	0.0001 Colloc0 449 2321 0.0805058 137.015
260	1	277.51	16905.8	16895.4	10.4427	452	87	179	0	0.0001 Colloc0 452 2329 0.113541 112.312
270	1	288.128	16758.9	16748.8	10.0595	435	100	166	4	0.0001 Colloc0 435 2361 0.160675 92.8394
280	1	298.489	16832.8	16822.4	10.4371	435	98	168	4	0.0001 Colloc0 435 2339 0.11606 112.014
290	1	308.711	16945.3	16934.2	11.1662	448	87	179	2	0.0001 Colloc0 448 2349 0.0162946 153.638
300	1	319.202	16935.9	16925.3	10.6177	449	90	176	3	0.0001 Colloc0 449 2311 0.0891137 121.79
310	1	329.749	16810.8	16800.7	10.114	454	83	183	6	0.0001 Colloc0 454 2306 0.202929 95.4979
320	1	340.376	16794.5	16783.2	11.2727	441	90	176	2	0.0001 Colloc0 441 2342 0.00667378 160.171
330	1	350.531	16749.8	16738.9	10.9228	433	95	171	1	0.0001 Colloc0 433 2299 0.062952 139.125
340	1	361.254	16716.5	16706	10.5108	443	100	166	2	0.0001 Colloc0 443 2295 0.154207 115.956
350	1	371.787	16616.9	16605.7	11.1923	428	113	153	1	0.0001 Colloc0 428 2292 0.0186805 155.229
360	1	382.288	16551.6	16540.7	10.8382	427	118	148	2	0.0001 Colloc0 427 2293 0.0809892 134.217
370	1	392.513	16504.1	16493.9	10.2204	425	125	141	5	0.0001 Colloc0 425 2282 0.136602 100.793
380	1	403.057	16724.2	16713.4	10.7274	438	107	159	1	0.0001 Colloc0 438 2328 0.116247 127.905
390	1	413.542	16705.8	16694.8	10.9606	432	98	168	1	0.0001 Colloc0 432 2312 0.0389093 141.341
400	1	424.343	16778.8	16768.7	10.1178	449	100	166	3	0.0001 Colloc0 449 2329 0.172423 95.6859
410	1	434.975	16836.7	16826.2	10.5276	440	96	170	2	0.0001 Colloc0 440 2353 0.126702 116.867
420	1	445.611	16740.5	16730.2	10.2616	435	100	166	2	0.0001 Colloc0 435 2329 0.161952 102.883
430	1	456.258	16881.1	16869.7	11.3855	442	86	180	4	0.0001 Colloc0 442 2344 0.0108421 167.198
440	1	466.948	16741	16730.2	10.8508	444	98	168	1	0.0001 Colloc0 444 2312 0.0627116 134.947
450	1	477.431	16736.7	16725.7	10.9728	420	91	175	3	0.0001 Colloc0 420 2340 0.0358584 142.06
460	1	487.982	16783.5	16772.4	11.1113	439	89	177	2	0.0001 Colloc0 439 2326 0.0598641 150.313
470	1	498.788	16775.7	16765.3	10.4024	445	92	174	3	0.0001 Colloc0 445 2312 0.120274 110.178
480	1	509.369	16684.2	16674.2	10.0714	438	99	167	2	0.0001 Colloc0 438 2326 0.180188 93.4186
490	1	519.957	16644	16633.9	10.183	434	96	170	6	0.0001 Colloc0 434 2294 0.193393 98.9157
500	1	530.667	16674.6	16664.2	10.3924	432	101	165	4	0.0001 Colloc0 432 2314 0.131056 109.65
510	1	541.357	16641.8	16631.6	10.2373	434	97	169	2	0.0001 Colloc0 434 2308 0.190214 101.648
520	1	551.812	16680.6	16670.3	10.2808	444	101	165	3	0.0001 Colloc0 444 2319 0.203242 103.862
530	1	562.286	16792	16781.5	10.5049	441	95	171	2	0.0001 Colloc0 441 2312 0.141276 115.641
540	1	572.895	16676.7	16665.6	11.1128	430	101	165	1	0.0001 Colloc0 430 2308 0.039331 150.408
550	1	583.693	16718.7	16708.3	10.3929	431	100	166	1	0.0001 Colloc0 431 2290 0.130031 109.681
560	1	594.335	16619.8	16609.6	10.2094	430	105	161	2	0.0001 Colloc0 430 2288 0.153844 100.241
570	1	604.967	16603.9	16593.5	10.3567	432	116	150	5	0.0001 Colloc0 432 2287 0.146159 107.785
580	1	615.607	16553.4	16542.6	10.7701	424	115	151	4	0.0001 Colloc0 424 2308 0.0956105 130.326
590	1	625.964	16674.5	16663.3	11.2128	424	99	167	3	0.0001 Colloc0 424 2294 0.025122 156.485
600	1	636.345	16637.7	16626.6	11.1074	444	108	158	2	0.0001 Colloc0 444 2290 0.086528 150.082
610	1	646.939	16570	16559.6	10.3556	436	107	159	4	0.0001 Colloc0 436 2256 0.19158 107.726
620	1	657.688	16643	16632.5	10.5243	444	110	156	2	0.0001 Colloc0 444 2276 0.135934 116.687
630	1	668.136	16705.7	16694.7	10.94	447	103	163	3	0.0001 Colloc0 447 2304 0.051401 140.129
640	1	678.673	16477.6	16467.2	10.3732	426	114	152	2	0.0001 Colloc0 426 2300 0.121005 108.644
650	1	689.258	16664.2	16654.5	9.70129	445	100	166	3	0.0001 Colloc0 445 2330 0.239941 76.3624
660	1	699.625	16653.4	16642.2	11.1467	441	107	159	1	0.0001 Colloc0 441 2298 0.0561311 152.456
670	1	710.202	16614.2	16603.8	10.4077	430	109	157	2	0.0001 Colloc0 430 2304 0.167063 110.457
680	1	720.794	16600.5	16590.6	9.93982	443	110	156	3	0.0001 Colloc0 443 2297 0.204065 87.1423
690	1	731.307	16565	16555.8	9.21381	440	106	160	6	0.0001 Colloc0 440 2307 0.31329 56.8414
700	1	741.981	16550.9	16540.5	10.4243	438	117	149	5	0.0001 Colloc0 438 2266 0.115412 111.336
710	1	752.463	16677.1	16666.9	10.255	440	100	166	3	0.0001 Colloc0 440 2300 0.168595 102.546
720	1	763.12	16574.9	16563.7	11.29	434	110	156	6	0.0001 Colloc0 434 2306 0.0341897 161.243
730	1	773.73	16746.5	16735.8	10.6357	454	98	168	4	0.0001 Colloc0 454 2281 0.17798 122.782
740	1	784.369	16683.6	16672.8	10.8039	443	106	160	3	0.0001 Colloc0 443 2287 0.0869379 132.249
750	1	794.875	16615.2	16604.3	10.8367	429	98	168	4	0.0001 Colloc0 429 2281 0.0655078 134.132
760	1	805.201	16619	16608.8	10.2908	445	108	158	3	0.0001 Colloc0 445 2267 0.201281 104.378
770	1	815.554	16687	16675.8	11.1772	447	93	173	3	0.0001 Colloc0 447 2304 0.0587256 154.312
780	1	826.18	16686.6	16675.9	10.7767	443	100	166	7	0.0001 Colloc0 443 2267 0.0900186 130.699
790	1	836.813	16749.9	16739.3	10.5416	443	98	168	3	0.0001 Colloc0 443 2278 0.0894731 117.626
800	1	847.148	16570.3	16559.3	10.9584	444	109	157	3	0.0001 Colloc0 444 2318 0.0779824 141.211
810	1	857.551	16585.2	16574.4	10.8307	444	111	155	3	0.0001 Colloc0 444 2321 0.129943 133.786
820	1	868.169	16510.5	16500.4	10.0648	442	117	149	1	0.0001 Colloc0 442 2277 0.213193 93.098
830	1	878.74	16526.7	16516.2	10.5237	445	111	155	0	0.0001 Colloc0 445 2253 0.137581 116.653
840	1	889.226	16672.4	16661.4	11.0257	459	104	162	2	0.0001 Colloc0 459 2311 0.105117 145.188
850	1	899.861	16575.1	16565.2	9.92041	454	113	153	1	0.0001 Colloc0 454 2273 0.256758 86.2362
860	1	910.476	16574.9	16564	10.883	438	114	152	2	0.0001 Colloc0 438 2277 0.0382951 136.806
870	1	921.05	16684.1	16673.6	10.5448	449	97	169	2	0.0001 Colloc0 449 2289 0.105556 117.797
880	1	931.776	16553.9	16543.1	10.7883	440	111	155	0	0.0001 Colloc0 440 2287 0.108753 131.361
890	1	942.573	16659.1	16648.3	10.8304	434	99	167	0	0.0001 Colloc0 434 2307 0.0679466 133.772
900	1	953.012	16643.9	16632.9	10.9852	440	100	166	4	0.0001 Colloc0 440 2308 0.101459 142.789
910	1	963.57	16603.6	16593	10.563	433	103	163	1	0.0001 Colloc0 433 2271 0.128805 118.79
920	1	974.131	16651.1	16640.4	10.773	446	93	173	4	0.0001 Colloc0 446 2255 0.125665 130.488
930	1	984.333	16644.7	16634.1	10.5718	446	104	162	3	0.0001 Colloc0 446 2286 0.141928 119.269
940	1	994.986	16597.3	16586.9	10.3988	439	100	166	3	0.0001 Colloc0 439 2285 0.15364 109.988
950	1	1005.67	16686.5	16676.3	10.1923	447	99	167	4	0.0001 Colloc0 447 2290 0.208473 99.3796
960	1	1016.49	16442.4	16432.4	9.98821	424	110	156	3	0.0001 Colloc0 424 2270 0.173366 89.4232
970	1	1027.21	16491.5	16480.6	10.8903	452	112	154	1	0.0001 Colloc0 452 2276 0.160676 137.234
980	1	1037.76	16510.7	16500.5	10.2289	449	103	163	0	0.0001 Colloc0 449 2269 0.227536 101.225
990	1	1048.52	16552.5	16541.8	10.7013	453	105	161	2	0.0001 Colloc0 453 2255 0.141311 126.441
1000	1	1059.31	16651.8	16642.5	9.36998	450	102	164	3	0.0001 Colloc0 450 2283 0.317078 62.7184
1010	1	1070	16630	16619.9	10.1515	462	91	175	3	0.0001 Colloc0 462 2280 0.218769 97.3454
1020	1	1080.6	16582.3	16571.7	10.5807	445	107	159	1	0.0001 Colloc0 445 2270 0.12573 119.759
1030	1	1091.25	16656.1	16645.1	10.9391	432	102	164	3	0.0001 Colloc0 432 2299 0.11236 140.078
1040	1	1101.78	16516.6	16505.9	10.6764	443	116	150	0	0.0001 Colloc0 443 2262 0.0912103 125.048
1050	1	1111.99	16494.9	16484.6	10.228	437	108	158	2	0.0001 Colloc0 437 2250 0.178734 101.179
1060	1	1122.49	16498.1	16487.4	10.7099	432	104	162	5	0.0001 Colloc0 432 2242 0.0917572 126.924
1070	1	1133.06	16544.5	16533.8	10.644	441	109	157	2	0.0001 Colloc0 441 2284 0.154801 123.245
1080	1	1143.73	16652.3	16641	11.3194	448	103	163	4	0.0001 Colloc0 448 2288 0.0354702 163.064
1090	1	1154.55	16684	16673	10.9544	438	102	164	2	0.0001 Colloc0 438 2301 0.0272712 140.976
1100	1	1165.1	16591.9	16581.4	10.542	448	92	174	3	0.0001 Colloc0 448 2288 0.153666 117.645
1110	1	1175.75	16659	16648.4	10.6044	441	95	171	1	0.0001 Colloc0 441 2317 0.116 121.054
1120	1	1186.22	16498.9	16488.7	10.2366	426	105	161	3	0.0001 Colloc0 426 2277 0.181312 101.611
1130	1	1196.87	16478.5	16468.7	9.87474	430	106	160	4	0.0001 Colloc0 430 2292 0.203656 84.1242
1140	1	1207.79	16708.1	16698.5	9.55896	447	99	167	4	0.0001 Colloc0 447 2300 0.261001 70.3076
1150	1	1218.65	16745.8	16735	10.8275	439	95	171	4	0.0001 Colloc0 439 2303 0.0593909 133.603
1160	1	1229.32	16605.4	16594.3	11.1472	445	95	171	7	0.0001 Colloc0 445 2270 0.0161722 152.486
1170	1	1240.03	16512.7	16502.4	10.2409	445	113	153	3	0.0001 Colloc0 445 2257 0.156773 101.828
1180	1	1250.68	16505	16494.5	10.5539	431	110	156	5	0.0001 Colloc0 431 2273 0.129466 118.294
1190	1	1261.21	16417.8	16407.7	10.0963	421	112	154	2	0.0001 Colloc0 421 2255 0.166743 94.6295
1200	1	1271.84	16509.7	16499	10.6956	432	110	156	1	0.0001 Colloc0 432 2259 0.15676 126.122
1210	1	1282.33	16555.8	16545.7	10.1531	440	105	161	2	0.0001 Colloc0 440 2237 0.205196 97.4279
1220	1	1292.97	16424.6	16414	10.6139	426	117	149	2	0.0001 Colloc0 426 2268 0.0890335 121.578
1230	1	1303.7	16607.1	16597	10.1396	454	109	157	1	0.0001 Colloc0 454 2256 0.202847 96.7599
1240	1	1314.14	16577.5	16567.4	10.0693	433	104	162	5	0.0001 Colloc0 433 2270 0.192101 93.3163
1250	1	1324.54	16571.7	16562.1	9.56084	446	99	167	3	0.0001 Colloc0 446 2246 0.294394 70.3857
1260	1	1335.23	16597.5	16587.2	10.3311	443	96	170	3	0.0001 Colloc0 443 2274 0.16545 106.454
1270	1	1345.94	16556.5	16546.5	9.95402	438	105	161	4	0.0001 Colloc0 438 2251 0.233712 87.8086
1280	1	1356.67	16543	16532.5	10.486	437	100	166	2	0.0001 Colloc0 437 2235 0.155002 114.625
1290	1	1367.49	16598.8	16588.4	10.4022	436	110	156	1	0.0001 Colloc0 436 2264 0.128848 110.166
1300	1	1378.34	16530.4	16520	10.3874	432	104	162	2	0.0001 Colloc0 432 2260 0.115266 109.39
1310	1	1388.75	16508.5	16498.2	10.3145	425	116	150	2	0.0001 Colloc0 425 2237 0.129538 105.593
1320	1	1399.45	16533.7	16523.4	10.2839	434	106	160	3	0.0001 Colloc0 434 2243 0.176211 104.021
1330	1	1409.9	16584.7	16574.3	10.4593	440	94	172	4	0.0001 Colloc0 440 2244 0.151338 113.195
1340	1	1420.44	16599.6	16589	10.6197	455	98	168	2	0.0001 Colloc0 455 2248 0.137973 121.901
1350	1	1431.2	16477.1	16466	11.1119	427	107	159	4	0.0001 Colloc0 427 2232 0.0447648 150.35
1360	1	1442.09	16424.4	16413.8	10.6173	418	120	146	3	0.0001 Colloc0 418 2217 0.0854597 121.769
1370	1	1453.01	16442.4	16432.3	10.0773	430	115	151	5	0.0001 Colloc0 430 2251 0.19917 93.705
1380	1	1463.89	16509.6	16499.5	10.1507	421	119	147	2	0.0001 Colloc0 421 2246 0.211515 97.3081
1390	1	1474.71	16516.2	16505.5	10.7733	438	123	143	3	0.0001 Colloc0 438 2259 0.0996017 130.508
1400	1	1485.22	16618.7	16607.5	11.2035	443	102	164	1	0.0001 Colloc0 443 2231 0.0133226 155.915
1410	1	1495.61	16622.5	16612	10.4599	437	103	163	1	0.0001 Colloc0 437 2274 0.127427 113.229
1420	1	1505.98	16554.1	16543.8	10.3728	443	105	161	4	0.0001 Colloc0 443 2251 0.120881 108.627
1430	1	1516.59	16602.5	16592.2	10.2748	431	101	165	4	0.0001 Colloc0 431 2254 0.176266 103.558
1440	1	1526.87	16669.2	16658.2	11.0277	455	109	157	6	0.0001 Colloc0 455 2275 0.0966742 145.307
1450	1	1537.41	16552.5	16542.2	10.346	433	103	163	1	0.0001 Colloc0 433 2260 0.124998 107.226
1460	1	1548.33	16622.3	16611.7	10.5759	439	95	171	2	0.0001 Colloc0 439 2271 0.150401 119.495
1470	1	1558.94	16484.6	16474.6	9.95211	439	107	159	2	0.0001 Colloc0 439 2266 0.233412 87.7186
1480	1	1569.69	16554.4	16544	10.3861	436	91	175	2	0.0001 Colloc0 436 2281 0.131046 109.32
1490	1	1580.28	16521.3	16511	10.2893	433	96	170	2	0.0001 Colloc0 433 2289 0.164888 104.299
1500	1	1590.9	16463.9	16453.6	10.3049	434	101	165	4	0.0001 Colloc0 434 2278 0.15596 105.102
1510	1	1601.5	16585.3	16575.1	10.1865	444	100	166	4	0.0001 Colloc0 444 2275 0.229867 99.0887
1520	1	1612.01	16561.5	16550.6	10.8987	438	99	167	5	0.0001 Colloc0 438 2283 0.0583165 137.723
1530	1	1622.58	16496.4	16486.3	10.1212	426	118	148	4	0.0001 Colloc0 426 2262 0.178574 95.8521
1540	1	1633.18	16472.7	16462	10.6695	431	112	154	4	0.0001 Colloc0 431 2251 0.0676866 124.663
1550	1	1643.49	16460.3	16450	10.3009	444	116	150	2	0.0001 Colloc0 444 2267 0.177212 104.894
1560	1	1653.85	16504.4	16493.5	10.8882	429	101	165	3	0.0001 Colloc0 429 2254 0.0616468 137.111
1570	1	1664.29	16527.9	16517.3	10.6159	430	103	163	2	0.0001 Colloc0 430 2269 0.123462 121.688
1580	1	1674.72	16507.7	16496.8	10.9165	426	111	155	2	0.0001 Colloc0 426 2289 0.0510004 138.758
1590	1	1685.15	16508.8	16498.6	10.1913	452	111	155	1	0.0001 Colloc0 452 2248 0.253292 99.3321
1600	1	1695.82	16499.2	16488.5	10.7315	436	104	162	2	0.0001 Colloc0 436 2248 0.168888 128.141
1610	1	1706.5	16499.6	16488.9	10.6646	431	107	159	3	0.0001 Colloc0 431 2257 0.10815 124.389
1620	1	1716.96	16573.3	16562.3	11.0854	453	113	153	2	0.0001 Colloc0 453 2241 0.118522 148.758
1630	1	1727.58	16503.3	16493.1	10.1825	448	107	159	1	0.0001 Colloc0 448 2215 0.203878 98.8894
1640	1	1738.4	16611.8	16601.3	10.551	460	116	150	1	0.0001 Colloc0 460 2265 0.149918 118.135
1650	1	1748.87	16703.7	16693.4	10.2747	458	101	165	1	0.0001 Colloc0 458 2252 0.222431 103.553
1660	1	1759.54	16525.2	16515.1	10.1662	437	109	157	2	0.0001 Colloc0 437 2286 0.205676 98.0764
1670	1	1770.22	16519.4	16509.3	10.0191	442	120	146	1	0.0001 Colloc0 442 2249 0.195208 90.8932
1680	1	1780.93	16580.7	16570.4	10.2789	447	105	161	5	0.0001 Colloc0 447 2247 0.194371 103.767
1690	1	1791.19	16406.8	16396.7	10.176	438	121	145	2	0.0001 Colloc0 438 2219 0.219344 98.5648
1700	1	1801.42	16447.5	16436.6	10.8944	432	124	142	0	0.0001 Colloc0 432 2226 0.0689898 137.473
1710	1	1812.23	16443.7	16433.7	9.9688	448	122	144	4	0.0001 Colloc0 448 2229 0.246491 88.5046
1720	1	1823.08	16422.4	16412.4	10.0227	429	115	151	5	0.0001 Colloc0 429 2233 0.190492 91.0666
1730	1	1833.75	16378.9	16368.6	10.2614	436	123	143	2	0.0001 Colloc0 436 2243 0.151431 102.872
1740	1	1844.09	16497.8	16487.2	10.5383	434	115	151	4	0.0001 Colloc0 434 2263 0.155997 117.448
1750	1	1854.85	16437.4	16426.6	10.8319	428	107	159	2	0.0001 Colloc0 428 2232 0.0831966 133.857
1760	1	1865.34	16384.1	16373.4	10.7062	445	118	148	3	0.0001 Colloc0 445 2228 0.146122 126.717
1770	1	1876.07	16436.6	16426.8	9.84063	435	125	141	3	0.0001 Colloc0 435 2230 0.246895 82.565
1780	1	1886.86	16502.9	16491.7	11.1767	435	110	156	1	0.0001 Colloc0 435 2228 0.0160837 154.281
1790	1	1897.26	16446.1	16436	10.1562	437	101	165	1	0.0001 Colloc0 437 2220 0.153315 97.5816
1800	1	1907.53	16523.2	16512.7	10.5133	449	106	160	1	0.0001 Colloc0 449 2228 0.116074 116.093
1810	1	1918.5	16377.3	16367.2	10.0561	445	125	141	4	0.0001 Colloc0 445 2224 0.215351 92.6772
1820	1	1929.27	16360.7	16350	10.679	445	130	136	3	0.0001 Colloc0 445 2216 0.134537 125.19
1830	1	1940.05	16388.7	16377.9	10.803	423	122	144	0	0.0001 Colloc0 423 2201 0.115032 132.201
1840	1	1950.64	16482.9	16471.8	11.0545	440	112	154	3	0.0001 Colloc0 440 2218 0.0672205 146.909
1850	1	1961.05	16452.7	16442.5	10.2349	442	107	159	2	0.0001 Colloc0 442 2212 0.151458 101.526
1860	1	1971.52	16414.9	16404.3	10.6037	451	111	155	1	0.0001 Colloc0 451 2232 0.162517 121.018
1870	1	1981.93	16361.8	16350.8	11.0486	427	122	144	1	0.0001 Colloc0 427 2213 0.0456879 146.552
1880	1	1992.54	16364	16353.7	10.344	442	126	140	4	0.0001 Colloc0 442 2222 0.18701 107.125
1890	1	2002.75	16437.1	16426.2	10.9531	435	122	144	2	0.0001 Colloc0 435 2253 0.0674688 140.9
1900	1	2013.15	16302.6	16292.1	10.5131	422	121	145	3	0.0001 Colloc0 422 2223 0.103494 116.083
1910	1	2023.83	16441.2	16431.4	9.80396	439	101	165	2	0.0001 Colloc0 439 2225 0.260195 80.9064
1920	1	2034.43	16513	16502.2	10.8617	444	118	148	1	0.0001 Colloc0 444 2227 0.136699 135.573
1930	1	2044.93	16524.3	16513.5	10.8691	452	101	165	3	0.0001 Colloc0 452 2241 0.10633 136.005
1940	1	2055.46	16481.9	16471.5	10.4529	448	103	163	3	0.0001 Colloc0 448 2234 0.174014 112.855
1950	1	2066.17	16432.7	16422.5	10.2151	429	119	147	1	0.0001 Colloc0 429 2237 0.160429 100.528
1960	1	2076.48	16402.9	16392.6	10.3654	436	113	153	1	0.0001 Colloc0 436 2215 0.169076 108.24
1970	1	2087.06	16572.4	16561.5	10.8944	443	109	157	3	0.0001 Colloc0 443 2246 0.0970302 137.471
1980	1	2097.54	16467.5	16457.5	10.0122	437	110	156	1	0.0001 Colloc0 437 2225 0.207156 90.5668
1990	1	2107.6	16521.6	16511.6	10.0384	430	110	156	0	0.0001 Colloc0 430 2258 0.155994 91.8228
2000	1	2117.74	16450.2	16439.8	10.4106	440	112	154	1	0.0001 Colloc0 440 2222 0.174427 110.61
