# D = 0, E = 1, I = 1, P = 1, R = -1, n = 2000, N = 1, P = 1, w = 1, a = 0.0001, b = 10000, e = 1, f = 1, g = 100, h = 0.01, r = 14153, s = 1, S = 0, x = 10, m = 100, Z = 1, z = 0, T = 1, t = 1
# 8673 tokens in 824 sentences
#
# It	Temp	Time	-logP	-logPcorpus	-logPrior	tables	same	changed	reject	default_pya	(parent pym pyn pya pyb)*
0	1	0.620905	34047.8	33934	113.764	2812	0	824	0	0.0001 Colloc0 2812 4549 0.0001 10000
10	1	9.50855	24845.9	24834.4	11.4757	617	369	455	2	0.0001 Colloc0 617 3428 0.0534609 172.899
20	1	17.0704	24499.1	24487.7	11.4014	541	435	389	2	0.0001 Colloc0 541 3413 0.0103994 168.199
30	1	24.8572	24349.9	24339	10.8541	547	435	389	1	0.0001 Colloc0 547 3384 0.112465 135.138
40	1	32.3101	24062.9	24051.6	11.2954	531	483	341	1	0.0001 Colloc0 531 3320 0.0814554 161.575
50	1	40.0689	23810.2	23799.6	10.5602	516	509	315	1	0.0001 Colloc0 516 3327 0.128794 118.636
60	1	47.8297	23836.4	23825.6	10.8204	508	508	316	0	0.0001 Colloc0 508 3312 0.102278 133.194
70	1	55.6135	23871.4	23860.2	11.1929	528	498	326	1	0.0001 Colloc0 528 3342 0.0503929 155.265
80	1	63.2034	23815.8	23804.5	11.3128	527	496	328	4	0.0001 Colloc0 527 3268 0.0235926 162.658
90	1	70.9062	23810.4	23799.1	11.3657	517	496	328	3	0.0001 Colloc0 517 3298 0.0069364 165.956
100	1	78.65	23632	23621.5	10.591	518	534	290	0	0.0001 Colloc0 518 3272 0.173324 120.32
110	1	86.4189	23625.1	23614	11.0744	508	549	275	1	0.0001 Colloc0 508 3271 0.0443944 148.096
120	1	94.1197	23649.1	23637.7	11.3926	522	510	314	1	0.0001 Colloc0 522 3230 0.0115232 167.647
130	1	101.844	23615.6	23604.5	11.0445	523	518	306	3	0.0001 Colloc0 523 3244 0.095307 146.308
140	1	109.578	23546.8	23535.4	11.4347	514	534	290	3	0.0001 Colloc0 514 3199 0.0166659 170.298
150	1	117.337	23462	23451	10.9494	533	538	286	2	0.0001 Colloc0 533 3215 0.0847893 140.685
160	1	124.91	23241.3	23230.1	11.2357	520	566	258	3	0.0001 Colloc0 520 3165 0.0365978 157.887
170	1	132.523	23217.7	23206.6	11.0888	508	539	285	2	0.0001 Colloc0 508 3161 0.0957021 148.959
180	1	140.243	23210.6	23200	10.6279	509	556	268	0	0.0001 Colloc0 509 3185 0.157928 122.354
190	1	147.87	23137.4	23126.6	10.7918	490	562	262	2	0.0001 Colloc0 490 3148 0.0522368 131.558
200	1	155.534	23070.2	23059.2	11.0117	503	583	241	1	0.0001 Colloc0 503 3164 0.0279418 144.36
210	1	162.967	23119.8	23108.8	10.9594	505	558	266	1	0.0001 Colloc0 505 3172 0.0597954 141.268
220	1	170.657	23107.3	23096	11.2999	506	574	250	1	0.0001 Colloc0 506 3144 0.0144248 161.854
230	1	178.299	23040.1	23029.5	10.6342	507	579	245	0	0.0001 Colloc0 507 3147 0.146371 122.704
240	1	185.831	22960	22948.9	11.113	503	570	254	1	0.0001 Colloc0 503 3149 0.0281117 150.421
250	1	193.194	23113.2	23102.3	10.8536	507	549	275	1	0.0001 Colloc0 507 3141 0.138249 135.109
260	1	200.807	23080.8	23069.9	10.8687	509	554	270	2	0.0001 Colloc0 509 3150 0.0762411 135.982
270	1	208.519	22964.2	22953.2	11.0042	504	580	244	0	0.0001 Colloc0 504 3160 0.0748566 143.917
280	1	216.176	23007.9	22997	10.9048	507	570	254	0	0.0001 Colloc0 507 3152 0.0501404 138.072
290	1	223.483	23014	23003.2	10.8731	502	542	282	2	0.0001 Colloc0 502 3142 0.0824051 136.236
300	1	230.761	22975.8	22964.6	11.2656	508	571	253	0	0.0001 Colloc0 508 3120 0.0492796 159.729
310	1	238.386	22937.8	22926.9	10.9071	508	558	266	0	0.0001 Colloc0 508 3128 0.0910571 138.21
320	1	245.712	22988.5	22977	11.51	504	572	252	1	0.0001 Colloc0 504 3159 0.0297192 175.087
330	1	253.236	22977.6	22966.3	11.2441	504	565	259	3	0.0001 Colloc0 504 3138 0.0841266 158.406
340	1	261.035	22906.8	22895.4	11.441	493	580	244	1	0.0001 Colloc0 493 3145 0.00574986 170.696
350	1	268.513	22935	22924.1	10.9264	503	566	258	3	0.0001 Colloc0 503 3131 0.0630219 139.335
360	1	276.272	22867.8	22857	10.8506	506	567	257	0	0.0001 Colloc0 506 3111 0.123348 134.936
370	1	283.988	22937	22925.6	11.3163	492	545	279	1	0.0001 Colloc0 492 3147 0.0145501 162.871
380	1	291.555	23026.5	23015.4	11.0827	501	539	285	1	0.0001 Colloc0 501 3146 0.0146473 148.598
390	1	299.13	22971.9	22960.9	11.0464	499	558	266	0	0.0001 Colloc0 499 3121 0.0473697 146.423
400	1	306.472	22938.2	22926.9	11.2892	504	567	257	1	0.0001 Colloc0 504 3121 0.0117267 161.193
410	1	313.904	22949.2	22938.2	11.0214	506	566	258	1	0.0001 Colloc0 506 3127 0.0472845 144.937
420	1	321.478	22791.5	22780.6	10.9337	488	590	234	0	0.0001 Colloc0 488 3109 0.0535863 139.762
430	1	329.034	22722	22711	10.9846	498	625	199	2	0.0001 Colloc0 498 3121 0.0567949 142.754
440	1	336.418	22815.8	22805	10.7924	496	590	234	0	0.0001 Colloc0 496 3136 0.0859828 131.592
450	1	344.12	22829.1	22817.9	11.2353	499	573	251	1	0.0001 Colloc0 499 3122 0.0435183 157.867
460	1	351.573	22909.3	22898.3	10.9851	505	550	274	2	0.0001 Colloc0 505 3117 0.0531761 142.782
470	1	359.26	22777.3	22766.7	10.6421	499	608	216	2	0.0001 Colloc0 499 3094 0.093005 123.139
480	1	366.958	22738.5	22727.7	10.7499	504	597	227	2	0.0001 Colloc0 504 3118 0.0958785 129.177
490	1	374.4	22791.4	22780.2	11.1906	494	564	260	1	0.0001 Colloc0 494 3109 0.0502031 155.126
500	1	381.672	22868.3	22857.7	10.6467	495	571	253	3	0.0001 Colloc0 495 3132 0.118708 123.394
510	1	389.213	22877.5	22866.7	10.731	515	564	260	2	0.0001 Colloc0 515 3102 0.125572 128.109
520	1	396.92	22788.8	22778.5	10.2128	507	586	238	0	0.0001 Colloc0 507 3115 0.182059 100.412
530	1	404.72	22817.2	22806.8	10.4063	494	592	232	0	0.0001 Colloc0 494 3132 0.173348 110.384
540	1	412.412	22787.9	22777.4	10.4682	498	591	233	0	0.0001 Colloc0 498 3118 0.171249 113.673
550	1	420.141	22846.3	22835	11.278	502	560	264	2	0.0001 Colloc0 502 3135 0.0293222 160.496
560	1	427.527	22655.6	22644.7	10.9154	483	626	198	0	0.0001 Colloc0 483 3110 0.0341719 138.694
570	1	434.716	22742.7	22731.6	11.1683	492	590	234	0	0.0001 Colloc0 492 3120 0.063267 153.768
580	1	441.966	22783.9	22773.6	10.3059	501	585	239	0	0.0001 Colloc0 501 3098 0.160472 105.152
590	1	449.56	22788.9	22777.8	11.0651	503	594	230	0	0.0001 Colloc0 503 3108 0.0425798 147.539
600	1	457.322	22628.2	22617.6	10.6211	493	620	204	0	0.0001 Colloc0 493 3117 0.140016 121.976
610	1	465.151	22675.1	22664.6	10.4772	487	584	240	0	0.0001 Colloc0 487 3141 0.107341 114.152
620	1	472.796	22666	22655.9	10.1177	490	596	228	1	0.0001 Colloc0 490 3097 0.183893 95.6773
630	1	480.514	22561	22550.5	10.4795	477	639	185	1	0.0001 Colloc0 477 3104 0.123608 114.277
640	1	488.008	22633.1	22622.3	10.8126	485	618	206	0	0.0001 Colloc0 485 3118 0.0949761 132.751
650	1	495.655	22623.8	22612.7	11.0494	478	634	190	2	0.0001 Colloc0 478 3109 0.0682245 146.602
660	1	503.284	22631.2	22620.4	10.8375	492	612	212	0	0.0001 Colloc0 492 3115 0.1172 134.176
670	1	511.111	22816	22805.5	10.5002	511	581	243	1	0.0001 Colloc0 511 3101 0.100163 115.388
680	1	518.784	22695.1	22684.5	10.5841	495	586	238	2	0.0001 Colloc0 495 3085 0.124547 119.941
690	1	526.246	22774.5	22763.6	10.9203	508	580	244	1	0.0001 Colloc0 508 3096 0.11839 138.98
700	1	533.798	22580.6	22569.7	10.974	480	614	210	1	0.0001 Colloc0 480 3093 0.0202314 142.128
710	1	541.227	22745	22733.6	11.4525	509	579	245	2	0.0001 Colloc0 509 3088 0.0162947 171.423
720	1	548.513	22814.3	22803.9	10.3573	503	561	263	0	0.0001 Colloc0 503 3090 0.14439 107.816
730	1	556.203	22711.1	22700.5	10.6277	489	605	219	0	0.0001 Colloc0 489 3098 0.127668 122.342
740	1	563.95	22692	22681.4	10.6676	495	614	210	1	0.0001 Colloc0 495 3103 0.123568 124.556
750	1	571.579	22691.9	22680.5	11.404	492	595	229	2	0.0001 Colloc0 492 3109 0.00679896 168.365
760	1	579.131	22781	22770.3	10.7316	494	573	251	1	0.0001 Colloc0 494 3098 0.109131 128.143
770	1	586.97	22683.2	22672.4	10.7318	502	603	221	3	0.0001 Colloc0 502 3107 0.127357 128.155
780	1	594.759	22700.9	22690	10.9251	488	589	235	0	0.0001 Colloc0 488 3096 0.0374372 139.261
790	1	602.455	22829.6	22818.5	11.1314	508	577	247	0	0.0001 Colloc0 508 3121 0.036647 151.529
800	1	610.243	22678	22667.6	10.4531	496	615	209	1	0.0001 Colloc0 496 3092 0.124665 112.865
810	1	617.844	22763.2	22752.3	10.9582	488	583	241	1	0.0001 Colloc0 488 3092 0.0474527 141.202
820	1	625.58	22877.9	22866.7	11.1811	516	558	266	1	0.0001 Colloc0 516 3104 0.0449606 154.55
830	1	633.008	22832.8	22822.1	10.6753	499	556	268	0	0.0001 Colloc0 499 3086 0.104529 124.985
840	1	640.693	22778.9	22768.2	10.685	504	575	249	0	0.0001 Colloc0 504 3070 0.0926377 125.525
850	1	648.27	22651.6	22641.5	10.1039	496	597	227	0	0.0001 Colloc0 496 3094 0.191583 94.9991
860	1	655.675	22735.9	22725	10.8551	494	578	246	1	0.0001 Colloc0 494 3077 0.0889553 135.195
870	1	663.075	22741.6	22730.8	10.7913	495	563	261	0	0.0001 Colloc0 495 3071 0.0802979 131.529
880	1	670.682	22723.5	22712.8	10.7163	510	576	248	2	0.0001 Colloc0 510 3067 0.13067 127.283
890	1	678.265	22732.3	22721	11.3024	496	569	255	1	0.0001 Colloc0 496 3113 0.058628 162.007
900	1	686.016	22739.6	22729	10.6621	508	573	251	0	0.0001 Colloc0 508 3099 0.110248 124.247
910	1	693.71	22663.1	22652	11.0268	493	593	231	1	0.0001 Colloc0 493 3102 0.050516 145.258
920	1	701.294	22818.9	22807.8	11.144	498	590	234	2	0.0001 Colloc0 498 3132 0.0235525 152.29
930	1	709.048	22708.8	22698.2	10.526	513	587	237	0	0.0001 Colloc0 513 3106 0.162955 116.779
940	1	716.849	22646.1	22635.5	10.591	489	582	242	0	0.0001 Colloc0 489 3103 0.132939 120.322
950	1	724.55	22722	22711.6	10.4406	496	582	242	0	0.0001 Colloc0 496 3097 0.157217 112.197
960	1	732.385	22765.4	22754.5	10.8842	493	588	236	2	0.0001 Colloc0 493 3115 0.0860025 136.876
970	1	739.958	22646.6	22636.3	10.3196	491	608	216	1	0.0001 Colloc0 491 3090 0.145254 105.857
980	1	747.697	22686.3	22675.3	11.0201	495	605	219	2	0.0001 Colloc0 495 3100 0.0925508 144.859
990	1	755.681	22775.6	22765.1	10.5512	502	580	244	2	0.0001 Colloc0 502 3082 0.174363 118.145
1000	1	763.387	22623.7	22613.1	10.6519	483	617	207	2	0.0001 Colloc0 483 3101 0.0658728 123.685
1010	1	770.942	22644.5	22634.2	10.3179	498	617	207	0	0.0001 Colloc0 498 3088 0.137218 105.768
1020	1	778.633	22746.3	22735.6	10.6982	502	583	241	2	0.0001 Colloc0 502 3099 0.108767 126.267
1030	1	786.12	22672.7	22662.3	10.3695	500	581	243	2	0.0001 Colloc0 500 3098 0.168481 108.451
1040	1	793.605	22721.7	22711	10.7371	498	570	254	1	0.0001 Colloc0 498 3098 0.111694 128.456
1050	1	801.248	22618.7	22608	10.6606	479	598	226	2	0.0001 Colloc0 479 3085 0.100834 124.166
1060	1	808.574	22610.7	22599.8	10.9627	477	605	219	1	0.0001 Colloc0 477 3078 0.0459318 141.463
1070	1	816.167	22600.6	22590.5	10.0826	496	620	204	1	0.0001 Colloc0 496 3078 0.175202 93.9592
1080	1	823.714	22571.2	22561	10.2447	491	618	206	0	0.0001 Colloc0 491 3087 0.221207 102.024
1090	1	831.269	22752.8	22741.7	11.1306	498	586	238	0	0.0001 Colloc0 498 3107 0.0486067 151.479
1100	1	838.868	22744	22733	10.9918	493	564	260	0	0.0001 Colloc0 493 3090 0.0665368 143.18
1110	1	846.202	22782.5	22771.5	10.9862	501	571	253	0	0.0001 Colloc0 501 3076 0.111162 142.847
1120	1	853.467	22601.9	22591.1	10.72	484	580	244	0	0.0001 Colloc0 484 3074 0.0771987 127.492
1130	1	860.66	22685.1	22674.3	10.7473	489	584	240	1	0.0001 Colloc0 489 3076 0.0838525 129.032
1140	1	868.261	22650.9	22640.4	10.5147	510	610	214	1	0.0001 Colloc0 510 3066 0.139045 116.169
1150	1	876.013	22579.1	22568.9	10.1873	491	617	207	2	0.0001 Colloc0 491 3078 0.127869 99.1325
1160	1	883.679	22505.4	22494.7	10.6389	484	636	188	2	0.0001 Colloc0 484 3073 0.139292 122.963
1170	1	891.481	22594	22583.3	10.6519	502	615	209	1	0.0001 Colloc0 502 3077 0.116967 123.683
1180	1	899.231	22703.3	22692.5	10.7596	493	579	245	1	0.0001 Colloc0 493 3073 0.0885466 129.729
1190	1	907.091	22684.2	22674.1	10.1245	479	573	251	2	0.0001 Colloc0 479 3084 0.157227 96.0131
1200	1	914.709	22679.8	22669	10.7225	494	571	253	4	0.0001 Colloc0 494 3086 0.145786 127.633
1210	1	922.257	22595.9	22584.6	11.2985	492	599	225	2	0.0001 Colloc0 492 3057 0.0221389 161.765
1220	1	930.052	22664.4	22653.5	10.8343	495	576	248	2	0.0001 Colloc0 495 3056 0.161438 133.995
1230	1	937.853	22582.6	22571.3	11.239	496	608	216	2	0.0001 Colloc0 496 3068 0.0225549 158.094
1240	1	945.422	22639.9	22629.1	10.8515	494	609	215	1	0.0001 Colloc0 494 3083 0.123035 134.984
1250	1	953.081	22615.4	22605	10.4348	496	581	243	2	0.0001 Colloc0 496 3078 0.129574 111.893
1260	1	960.834	22599.6	22588.9	10.7359	506	604	220	2	0.0001 Colloc0 506 3089 0.147908 128.389
1270	1	968.242	22550.7	22540.4	10.2986	488	607	217	1	0.0001 Colloc0 488 3068 0.170303 104.776
1280	1	976.057	22462.7	22452.3	10.3296	489	617	207	1	0.0001 Colloc0 489 3054 0.15479 106.377
1290	1	983.697	22523	22511.8	11.2434	489	627	197	2	0.0001 Colloc0 489 3071 0.0106896 158.363
1300	1	991.365	22646.2	22635.1	11.0815	498	569	255	2	0.0001 Colloc0 498 3076 0.0811811 148.525
1310	1	999.14	22613.4	22602.4	11.0529	493	567	257	2	0.0001 Colloc0 493 3058 0.0689624 146.809
1320	1	1006.86	22561.5	22551.5	10.0076	487	597	227	4	0.0001 Colloc0 487 3050 0.191746 90.3473
1330	1	1014.74	22602.4	22591.4	10.9594	493	594	230	3	0.0001 Colloc0 493 3072 0.0553869 141.271
1340	1	1022.5	22622.9	22611.4	11.5096	487	595	229	1	0.0001 Colloc0 487 3059 0.00549015 175.057
1350	1	1030.28	22561.9	22551.2	10.7372	487	587	237	3	0.0001 Colloc0 487 3067 0.0728241 128.459
1360	1	1037.97	22567.4	22557.4	10.0035	498	602	222	3	0.0001 Colloc0 498 3056 0.172456 90.1485
1370	1	1045.52	22602.6	22591.6	10.9985	496	585	239	1	0.0001 Colloc0 496 3055 0.0628301 143.579
1380	1	1053.35	22710.1	22699.5	10.5984	497	567	257	2	0.0001 Colloc0 497 3080 0.119819 120.726
1390	1	1060.9	22519.9	22508.7	11.2374	474	618	206	3	0.0001 Colloc0 474 3063 0.00918291 157.992
1400	1	1068.4	22650.4	22639.2	11.1438	497	584	240	3	0.0001 Colloc0 497 3069 0.0459687 152.28
1410	1	1076.01	22490.4	22479.2	11.1046	486	624	200	2	0.0001 Colloc0 486 3071 0.0342901 149.911
1420	1	1083.78	22517.2	22506.4	10.8161	488	625	199	0	0.0001 Colloc0 488 3061 0.0919811 132.95
1430	1	1091.25	22680.9	22669.8	11.0553	497	586	238	2	0.0001 Colloc0 497 3087 0.0495172 146.957
1440	1	1098.73	22559.1	22548.8	10.3689	493	578	246	1	0.0001 Colloc0 493 3045 0.185095 108.421
1450	1	1106.48	22727	22716.1	10.9668	502	565	259	4	0.0001 Colloc0 502 3084 0.0902957 141.704
1460	1	1114.32	22576.1	22565.4	10.7222	496	579	245	2	0.0001 Colloc0 496 3058 0.0872988 127.613
1470	1	1122.25	22583.1	22572.5	10.5776	505	579	245	1	0.0001 Colloc0 505 3062 0.188279 119.589
1480	1	1130.07	22431	22420.2	10.8096	480	632	192	1	0.0001 Colloc0 480 3037 0.0808767 132.579
1490	1	1137.99	22493.5	22482.7	10.7288	493	624	200	0	0.0001 Colloc0 493 3039 0.145007 127.988
1500	1	1145.38	22463.2	22452.6	10.5481	499	609	215	4	0.0001 Colloc0 499 3056 0.130868 117.978
1510	1	1153.11	22474.8	22464.4	10.381	494	620	204	1	0.0001 Colloc0 494 3051 0.152364 109.056
1520	1	1160.97	22593.2	22582.6	10.6003	494	561	263	0	0.0001 Colloc0 494 3052 0.107312 120.829
1530	1	1168.66	22511.6	22501.3	10.2781	500	601	223	0	0.0001 Colloc0 500 3053 0.174097 103.725
1540	1	1176.21	22542.5	22531.7	10.7694	501	592	232	0	0.0001 Colloc0 501 3051 0.146606 130.285
1550	1	1183.87	22461	22451.2	9.78973	492	599	225	1	0.0001 Colloc0 492 3038 0.253078 80.268
1560	1	1191.46	22497.8	22487.3	10.5024	487	591	233	3	0.0001 Colloc0 487 3032 0.129699 115.503
1570	1	1199.14	22559.5	22549	10.4272	505	588	236	0	0.0001 Colloc0 505 3034 0.191124 111.487
1580	1	1207.03	22530.7	22519.9	10.7704	500	586	238	2	0.0001 Colloc0 500 3021 0.115715 130.34
1590	1	1214.84	22438.9	22428.5	10.4723	488	601	223	0	0.0001 Colloc0 488 3028 0.120435 113.888
1600	1	1222.66	22520.8	22509.8	11.0264	499	577	247	3	0.0001 Colloc0 499 3035 0.0804471 145.233
1610	1	1230.42	22479.1	22468.6	10.4956	497	580	244	2	0.0001 Colloc0 497 3046 0.152253 115.139
1620	1	1238.14	22544.8	22534.2	10.5538	512	590	234	1	0.0001 Colloc0 512 3034 0.222438 118.288
1630	1	1245.83	22363	22352.3	10.6397	484	640	184	1	0.0001 Colloc0 484 3031 0.138615 123.008
1640	1	1253.46	22426.1	22415.8	10.3362	497	621	203	0	0.0001 Colloc0 497 3025 0.137651 106.718
1650	1	1261.24	22471.8	22461.1	10.7201	503	601	223	1	0.0001 Colloc0 503 3016 0.116301 127.496
1660	1	1268.97	22465	22454.2	10.7853	490	602	222	1	0.0001 Colloc0 490 3043 0.0636659 131.187
1670	1	1276.71	22458	22447.5	10.4971	491	615	209	1	0.0001 Colloc0 491 3058 0.156249 115.22
1680	1	1284.39	22457.4	22446.9	10.4474	491	612	212	3	0.0001 Colloc0 491 3054 0.148193 112.559
1690	1	1292.06	22455	22444	10.9582	487	632	192	0	0.0001 Colloc0 487 3040 0.0829899 141.197
1700	1	1299.83	22397.7	22387.2	10.4773	480	623	201	0	0.0001 Colloc0 480 3039 0.155276 114.158
1710	1	1307.6	22466	22456	9.99446	489	608	216	1	0.0001 Colloc0 489 3030 0.226158 89.72
1720	1	1315.29	22431.8	22421.5	10.277	488	606	218	1	0.0001 Colloc0 488 3048 0.176095 103.668
1730	1	1323	22564.1	22553.1	10.9448	503	571	253	2	0.0001 Colloc0 503 3042 0.111002 140.411
1740	1	1330.23	22474.6	22464.1	10.5478	497	602	222	4	0.0001 Colloc0 497 3035 0.137566 117.96
1750	1	1337.77	22464.5	22453.8	10.6642	489	626	198	1	0.0001 Colloc0 489 3056 0.129003 124.364
1760	1	1345.33	22499.2	22488.8	10.4616	487	601	223	0	0.0001 Colloc0 487 3040 0.158563 113.315
1770	1	1352.93	22550.2	22539.4	10.8029	496	585	239	0	0.0001 Colloc0 496 3068 0.0670559 132.194
1780	1	1360.23	22345.4	22334.9	10.4318	483	639	185	1	0.0001 Colloc0 483 3041 0.159336 111.73
1790	1	1367.92	22405.1	22394.8	10.254	493	629	195	0	0.0001 Colloc0 493 3070 0.192274 102.497
1800	1	1375.6	22322.7	22312.8	9.85178	489	658	166	0	0.0001 Colloc0 489 3036 0.184918 83.0729
1810	1	1383.38	22400.2	22389.8	10.4317	505	626	198	0	0.0001 Colloc0 505 3040 0.16151 111.727
1820	1	1390.99	22450.3	22440.3	10.0502	494	606	218	1	0.0001 Colloc0 494 3024 0.248998 92.3917
1830	1	1398.82	22429.8	22419.2	10.6169	500	620	204	1	0.0001 Colloc0 500 3063 0.13997 121.747
1840	1	1406.37	22417	22406.4	10.6116	485	609	215	1	0.0001 Colloc0 485 3056 0.172027 121.455
1850	1	1414.21	22449.5	22438.9	10.6121	491	601	223	2	0.0001 Colloc0 491 3013 0.190188 121.479
1860	1	1422.05	22450.7	22440.1	10.5301	506	595	229	2	0.0001 Colloc0 506 3029 0.124303 117
1870	1	1429.55	22458.8	22448.8	9.92994	497	596	228	0	0.0001 Colloc0 497 3038 0.200365 86.6801
1880	1	1437.38	22403.6	22393.1	10.4779	491	636	188	2	0.0001 Colloc0 491 3047 0.159562 114.187
1890	1	1445.07	22418.9	22408.1	10.8223	498	629	195	2	0.0001 Colloc0 498 3023 0.118613 133.307
1900	1	1452.82	22500.1	22489.3	10.7709	499	602	222	2	0.0001 Colloc0 499 3049 0.135959 130.368
1910	1	1460.36	22443.1	22432.7	10.3933	492	630	194	0	0.0001 Colloc0 492 3031 0.177961 109.702
1920	1	1468.17	22386.1	22374.9	11.2168	484	631	193	0	0.0001 Colloc0 484 3021 0.0258474 156.727
1930	1	1475.98	22444.8	22434.1	10.7577	505	604	220	1	0.0001 Colloc0 505 3015 0.151209 129.619
1940	1	1483.44	22488.3	22477.4	10.9178	507	608	216	0	0.0001 Colloc0 507 3033 0.117773 138.833
1950	1	1491	22402.8	22391.8	10.9612	496	608	216	0	0.0001 Colloc0 496 3048 0.0937563 141.376
1960	1	1498.75	22341.3	22330.5	10.7493	480	647	177	3	0.0001 Colloc0 480 3041 0.0779686 129.143
1970	1	1506.43	22460.7	22449.9	10.8151	506	601	223	1	0.0001 Colloc0 506 3029 0.102241 132.891
1980	1	1514.09	22432.1	22421.4	10.6308	484	614	210	1	0.0001 Colloc0 484 3054 0.0949505 122.513
1990	1	1521.59	22416.3	22406.1	10.1826	499	607	217	1	0.0001 Colloc0 499 3031 0.169697 98.8963
2000	1	1529.36	22548	22538	10.0412	507	553	271	3	0.0001 Colloc0 507 3035 0.199177 91.9546
