# D = 0, E = 1, I = 1, P = 1, R = -1, n = 2000, N = 1, P = 1, w = 1, a = 0.0001, b = 10000, e = 1, f = 1, g = 100, h = 0.01, r = 18417, s = 1, S = 0, x = 10, m = 100, Z = 1, z = 0, T = 1, t = 1
# 5710 tokens in 266 sentences
#
# It	Temp	Time	-logP	-logPcorpus	-logPrior	tables	same	changed	reject	default_pya	(parent pym pyn pya pyb)*
0	1	0.761884	22663.1	22549.3	113.764	1460	0	266	0	0.0001 Colloc0 1460 2070 0.0001 10000
10	1	10.9573	18184	18171.8	12.1719	574	38	228	9	0.0001 Colloc0 574 2436 0.0240992 219.083
20	1	20.8078	17731	17719.3	11.6631	513	47	219	2	0.0001 Colloc0 513 2402 0.0334576 184.961
30	1	30.3104	17602.4	17590.5	11.8776	510	64	202	5	0.0001 Colloc0 510 2417 0.00211648 199.111
40	1	40.0289	17490.2	17478.8	11.4049	518	50	216	3	0.0001 Colloc0 518 2410 0.142584 168.417
50	1	49.9004	17492.5	17481	11.4157	492	67	199	3	0.0001 Colloc0 492 2434 0.0376466 169.101
60	1	59.6479	17402.5	17391.1	11.4603	500	72	194	3	0.0001 Colloc0 500 2435 0.0507193 171.919
70	1	69.1225	17370.4	17359.3	11.1108	493	68	198	5	0.0001 Colloc0 493 2411 0.0909377 150.283
80	1	78.843	17445.4	17434.6	10.8558	495	56	210	3	0.0001 Colloc0 495 2418 0.133807 135.231
90	1	88.5915	17430.8	17419.4	11.4571	510	63	203	4	0.0001 Colloc0 510 2398 0.0640629 171.719
100	1	98.2341	17347.6	17336.1	11.4389	486	67	199	3	0.0001 Colloc0 486 2380 0.0722671 170.566
110	1	107.965	17366.7	17356	10.6588	508	63	203	2	0.0001 Colloc0 508 2405 0.179842 124.066
120	1	117.838	17311	17300	10.9751	483	64	202	1	0.0001 Colloc0 483 2389 0.06436 142.196
130	1	127.434	17214.9	17203.5	11.4018	497	62	204	2	0.0001 Colloc0 497 2353 0.0403259 168.221
140	1	136.948	17401.9	17390.6	11.2172	497	64	202	3	0.0001 Colloc0 497 2409 0.0760146 156.755
150	1	146.511	17372.5	17361.4	11.0499	519	63	203	1	0.0001 Colloc0 519 2382 0.117413 146.63
160	1	156.198	17167	17156	10.9291	498	68	198	3	0.0001 Colloc0 498 2372 0.166659 139.494
170	1	165.649	17080.9	17069.9	10.9705	469	71	195	2	0.0001 Colloc0 469 2361 0.110616 141.922
180	1	175.096	17090.6	17079.9	10.7587	481	67	199	2	0.0001 Colloc0 481 2345 0.154301 129.676
190	1	184.873	17258.9	17248.1	10.8192	513	55	211	3	0.0001 Colloc0 513 2373 0.184186 133.126
200	1	194.154	17249	17237.4	11.5602	502	68	198	7	0.0001 Colloc0 502 2356 0.0740754 178.303
210	1	203.93	17295.4	17283.9	11.4728	498	55	211	2	0.0001 Colloc0 498 2337 0.10353 172.712
220	1	213.85	17110.2	17099.4	10.8685	480	67	199	1	0.0001 Colloc0 480 2361 0.11529 135.969
230	1	223.607	17146.4	17135.5	10.863	486	74	192	3	0.0001 Colloc0 486 2350 0.149328 135.648
240	1	233.19	17040.7	17029.8	10.8906	488	83	183	2	0.0001 Colloc0 488 2367 0.145762 137.249
250	1	242.872	17022.6	17011.4	11.2641	468	80	186	3	0.0001 Colloc0 468 2399 0.0434325 159.638
260	1	252.287	17101.5	17090.1	11.3803	480	74	192	2	0.0001 Colloc0 480 2387 0.0735996 166.871
270	1	262.065	17013	17001.9	11.114	463	76	190	2	0.0001 Colloc0 463 2366 0.0972603 150.481
280	1	271.907	17135.2	17124.3	10.8431	486	67	199	2	0.0001 Colloc0 486 2374 0.0684859 134.499
290	1	281.737	16956.5	16945.6	10.8446	493	75	191	3	0.0001 Colloc0 493 2350 0.154854 134.585
300	1	291.285	17188.6	17177.3	11.3775	502	66	200	5	0.0001 Colloc0 502 2372 0.0815426 166.698
310	1	300.556	17154.7	17143.4	11.3054	493	67	199	5	0.0001 Colloc0 493 2347 0.100627 162.195
320	1	310.418	16988.1	16977.3	10.8719	478	71	195	3	0.0001 Colloc0 478 2370 0.13383 136.166
330	1	320.537	17091.8	17080.9	10.873	508	71	195	2	0.0001 Colloc0 508 2333 0.177379 136.229
340	1	330.528	17055	17044.3	10.6695	495	64	202	3	0.0001 Colloc0 495 2306 0.1501 124.66
350	1	340.226	17114.6	17103.2	11.3399	479	66	200	3	0.0001 Colloc0 479 2374 0.0581891 164.343
360	1	349.819	16967.7	16956.3	11.3845	500	74	192	2	0.0001 Colloc0 500 2339 0.095406 167.136
370	1	359.421	16960.6	16949.3	11.305	459	82	184	3	0.0001 Colloc0 459 2348 0.0330397 162.17
380	1	369.281	17081.3	17069.8	11.4546	491	65	201	1	0.0001 Colloc0 491 2356 0.0484717 171.561
390	1	379.157	17001.3	16990.7	10.6139	481	77	189	3	0.0001 Colloc0 481 2335 0.163832 121.579
400	1	388.944	17042.3	17031.4	10.8335	482	68	198	2	0.0001 Colloc0 482 2337 0.122719 133.948
410	1	398.77	17141.6	17130.3	11.3124	479	60	206	4	0.0001 Colloc0 479 2329 0.0700144 162.629
420	1	408.464	17048.5	17037.1	11.3816	506	80	186	3	0.0001 Colloc0 506 2320 0.136938 166.955
430	1	418.282	17009.8	16999.8	10.0043	493	60	206	2	0.0001 Colloc0 493 2296 0.304639 90.19
440	1	427.768	16958.8	16947.9	10.8694	476	72	194	3	0.0001 Colloc0 476 2325 0.105418 136.021
450	1	437.549	17028	17017.3	10.7232	492	77	189	3	0.0001 Colloc0 492 2326 0.183728 127.671
460	1	447.199	17112.5	17101.5	11.038	484	67	199	1	0.0001 Colloc0 484 2307 0.0686164 145.923
470	1	457.011	17131	17120.3	10.7005	489	67	199	2	0.0001 Colloc0 489 2344 0.148224 126.394
480	1	466.955	17098.5	17087.6	10.8607	503	67	199	4	0.0001 Colloc0 503 2319 0.171052 135.516
490	1	476.565	17098.4	17087.9	10.4793	495	62	204	5	0.0001 Colloc0 495 2353 0.206046 114.266
500	1	486.508	17063.5	17052.8	10.788	475	62	204	3	0.0001 Colloc0 475 2360 0.130418 131.345
510	1	496.466	17089	17078.1	10.8159	504	67	199	6	0.0001 Colloc0 504 2314 0.143548 132.941
520	1	506.069	17109.9	17099.4	10.5355	500	79	187	1	0.0001 Colloc0 500 2326 0.164132 117.295
530	1	515.814	17132.6	17121.6	10.971	501	60	206	3	0.0001 Colloc0 501 2328 0.175244 141.952
540	1	525.283	17270.6	17259.1	11.5199	523	49	217	3	0.0001 Colloc0 523 2323 0.0770962 175.715
550	1	535.045	17145.7	17135	10.6964	513	65	201	5	0.0001 Colloc0 513 2328 0.13235 126.164
560	1	545.003	17089.2	17078.5	10.7042	507	68	198	4	0.0001 Colloc0 507 2327 0.165542 126.601
570	1	554.546	17146	17134.8	11.1314	503	58	208	4	0.0001 Colloc0 503 2360 0.149572 151.531
580	1	564.216	17051.8	17040.5	11.2803	489	61	205	5	0.0001 Colloc0 489 2332 0.0752804 160.638
590	1	574.068	17034.9	17023.6	11.3067	498	75	191	2	0.0001 Colloc0 498 2306 0.0778402 162.277
600	1	583.739	16989.2	16978.9	10.3052	476	76	190	4	0.0001 Colloc0 476 2331 0.167176 105.118
610	1	593.863	16824.8	16814.2	10.6751	475	94	172	3	0.0001 Colloc0 475 2318 0.177676 124.976
620	1	603.952	16990.8	16979.8	11.0613	502	80	186	3	0.0001 Colloc0 502 2306 0.186347 147.312
630	1	613.754	17045.2	17033.9	11.2424	482	69	197	4	0.0001 Colloc0 482 2330 0.0568702 158.304
640	1	623.461	17177.3	17166.7	10.5836	498	60	206	2	0.0001 Colloc0 498 2327 0.169944 119.914
650	1	633.449	17073.5	17062.3	11.253	499	63	203	2	0.0001 Colloc0 499 2328 0.144384 158.955
660	1	643.102	16978.2	16967.5	10.6708	481	74	192	2	0.0001 Colloc0 481 2324 0.159214 124.732
670	1	653.004	17083.4	17072.2	11.2821	510	72	194	4	0.0001 Colloc0 510 2328 0.107033 160.753
680	1	662.618	16961.9	16951.5	10.3864	485	73	193	1	0.0001 Colloc0 485 2316 0.239033 109.338
690	1	672.06	16864	16852.9	11.0896	483	87	179	4	0.0001 Colloc0 483 2323 0.0988139 149.008
700	1	682.153	16995.6	16984.9	10.7515	486	82	184	4	0.0001 Colloc0 486 2341 0.138565 129.27
710	1	692.072	16954.8	16944.7	10.0675	497	70	196	5	0.0001 Colloc0 497 2325 0.266045 93.2271
720	1	701.853	17073.1	17062.1	10.9589	491	68	198	1	0.0001 Colloc0 491 2318 0.153768 141.238
730	1	711.864	17058.9	17048.3	10.6043	496	79	187	2	0.0001 Colloc0 496 2335 0.159194 121.054
740	1	721.659	17000.2	16989.8	10.3749	497	69	197	4	0.0001 Colloc0 497 2306 0.210631 108.733
750	1	731.55	16916.4	16905.2	11.1414	483	75	191	5	0.0001 Colloc0 483 2336 0.0851857 152.132
760	1	741.346	17029.9	17019.1	10.7355	483	78	188	4	0.0001 Colloc0 483 2328 0.0945119 128.366
770	1	751.251	16943.2	16932.8	10.3952	512	91	175	3	0.0001 Colloc0 512 2321 0.248883 109.8
780	1	760.965	17105.4	17094.3	11.1476	499	76	190	3	0.0001 Colloc0 499 2313 0.140567 152.512
790	1	770.792	17009.1	16997.4	11.6971	484	75	191	3	0.0001 Colloc0 484 2358 0.00433397 187.182
800	1	780.417	17000.6	16990.1	10.5014	509	81	185	3	0.0001 Colloc0 509 2338 0.200949 115.451
810	1	790.25	16973.6	16962.9	10.7242	491	71	195	4	0.0001 Colloc0 491 2331 0.163189 127.729
820	1	800.104	16898.3	16887.7	10.5551	488	72	194	1	0.0001 Colloc0 488 2307 0.186038 118.358
830	1	809.893	17046.5	17036.1	10.4502	500	70	196	2	0.0001 Colloc0 500 2335 0.218764 112.709
840	1	819.308	16914.3	16903.5	10.7341	470	67	199	7	0.0001 Colloc0 470 2299 0.166293 128.288
850	1	829.51	16988.8	16977.8	10.9769	487	68	198	2	0.0001 Colloc0 487 2319 0.147077 142.299
860	1	839.512	17039.2	17028.4	10.815	473	64	202	3	0.0001 Colloc0 473 2372 0.109799 132.885
870	1	849.444	17124.2	17113.3	10.8771	503	69	197	6	0.0001 Colloc0 503 2352 0.131306 136.468
880	1	859.481	16972.2	16961.3	10.9226	489	75	191	3	0.0001 Colloc0 489 2336 0.131429 139.116
890	1	869.33	16960.7	16950.3	10.3578	483	76	190	3	0.0001 Colloc0 483 2342 0.171165 107.843
900	1	879.088	16969.6	16958.8	10.7947	490	75	191	4	0.0001 Colloc0 490 2349 0.171609 131.726
910	1	889.041	16862.4	16851.7	10.6897	492	77	189	4	0.0001 Colloc0 492 2299 0.180228 125.79
920	1	898.443	16945.2	16934.9	10.2871	504	74	192	2	0.0001 Colloc0 504 2308 0.264548 104.188
930	1	908.026	16906.5	16895.3	11.1301	495	80	186	1	0.0001 Colloc0 495 2307 0.150669 151.453
940	1	917.918	16960.3	16949.7	10.6443	476	75	191	2	0.0001 Colloc0 476 2288 0.121553 123.259
950	1	927.641	17065.3	17054.4	10.8919	477	64	202	2	0.0001 Colloc0 477 2328 0.0935568 137.326
960	1	937.592	17170	17158.9	11.0914	499	64	202	5	0.0001 Colloc0 499 2311 0.126953 149.115
970	1	947.518	17071.7	17060.9	10.7361	496	70	196	2	0.0001 Colloc0 496 2346 0.195479 128.397
980	1	957.417	16997.6	16987.4	10.1607	514	82	184	3	0.0001 Colloc0 514 2348 0.249923 97.8032
990	1	966.996	17016.5	17005.6	10.9637	501	78	188	7	0.0001 Colloc0 501 2324 0.204575 141.522
1000	1	976.364	16952.4	16940.8	11.5462	486	83	183	5	0.0001 Colloc0 486 2341 0.0431238 177.406
1010	1	985.733	16940.7	16929.7	11.0142	484	68	198	3	0.0001 Colloc0 484 2317 0.101916 144.509
1020	1	995.577	16954.2	16943.3	10.8606	495	73	193	5	0.0001 Colloc0 495 2313 0.144343 135.513
1030	1	1005.05	17016.5	17006.8	9.69366	503	64	202	3	0.0001 Colloc0 503 2337 0.28013 76.0307
1040	1	1014.99	16953.9	16943.3	10.6327	486	75	191	1	0.0001 Colloc0 486 2323 0.165792 122.62
1050	1	1024.94	16919.5	16908.7	10.7595	471	79	187	3	0.0001 Colloc0 471 2338 0.107883 129.72
1060	1	1034.72	16966	16955.1	10.877	466	74	192	3	0.0001 Colloc0 466 2308 0.11182 136.46
1070	1	1044.41	16953.2	16942.3	10.901	469	77	189	3	0.0001 Colloc0 469 2306 0.137303 137.854
1080	1	1054.12	16853.7	16843.3	10.4865	481	80	186	3	0.0001 Colloc0 481 2329 0.180037 114.651
1090	1	1064.13	16876.2	16865.7	10.451	486	69	197	2	0.0001 Colloc0 486 2333 0.190835 112.755
1100	1	1073.59	16995.1	16983.9	11.1115	492	71	195	4	0.0001 Colloc0 492 2352 0.119994 150.33
1110	1	1083.37	16875.7	16865.6	10.055	489	93	173	5	0.0001 Colloc0 489 2341 0.270374 92.6242
1120	1	1093.14	16917.2	16906.2	11.0459	487	85	181	2	0.0001 Colloc0 487 2322 0.0771846 146.391
1130	1	1103.18	17035.8	17024.9	10.911	490	59	207	6	0.0001 Colloc0 490 2301 0.133963 138.435
1140	1	1113.13	17035.3	17024.3	11.0022	498	57	209	3	0.0001 Colloc0 498 2320 0.104966 143.799
1150	1	1122.72	17033	17021.6	11.345	484	63	203	2	0.0001 Colloc0 484 2311 0.0928115 164.661
1160	1	1132.37	17119.5	17108.6	10.8506	491	61	205	3	0.0001 Colloc0 491 2345 0.115363 134.936
1170	1	1142.23	16941.3	16929.9	11.4446	493	74	192	3	0.0001 Colloc0 493 2333 0.107648 170.926
1180	1	1152.37	16926.4	16915.2	11.2299	483	73	193	4	0.0001 Colloc0 483 2309 0.135373 157.533
1190	1	1162.15	17014.4	17003.4	10.959	494	60	206	2	0.0001 Colloc0 494 2312 0.117914 141.248
1200	1	1171.99	16862.8	16851.6	11.1275	480	65	201	3	0.0001 Colloc0 480 2320 0.0885914 151.293
1210	1	1181.56	17013.1	17001.8	11.2047	482	70	196	3	0.0001 Colloc0 482 2310 0.104112 155.99
1220	1	1190.99	16965.1	16954	11.0619	474	73	193	4	0.0001 Colloc0 474 2317 0.0906249 147.351
1230	1	1200.64	16881.8	16871.1	10.7735	478	77	189	3	0.0001 Colloc0 478 2310 0.15808 130.517
1240	1	1210.36	16972.9	16961.5	11.3596	486	65	201	1	0.0001 Colloc0 486 2299 0.0836712 165.571
1250	1	1219.64	16991	16980.7	10.3833	497	71	195	1	0.0001 Colloc0 497 2296 0.209628 109.172
1260	1	1229.47	16929.6	16919.1	10.519	480	74	192	3	0.0001 Colloc0 480 2302 0.161118 116.398
1270	1	1239.2	16889.4	16878.7	10.7271	477	76	190	3	0.0001 Colloc0 477 2317 0.1272 127.89
1280	1	1248.93	16860.1	16849.2	10.9107	499	87	179	2	0.0001 Colloc0 499 2276 0.156153 138.42
1290	1	1258.87	16780.1	16769.2	10.8541	485	97	169	5	0.0001 Colloc0 485 2294 0.147771 135.137
1300	1	1268.78	16813.4	16803.2	10.2572	468	93	173	1	0.0001 Colloc0 468 2295 0.231175 102.657
1310	1	1278.39	16968.4	16957.5	10.8651	495	69	197	2	0.0001 Colloc0 495 2307 0.174303 135.772
1320	1	1288.32	16738.5	16728.5	9.98543	483	95	171	2	0.0001 Colloc0 483 2322 0.257513 89.2911
1330	1	1298.14	16896.2	16885.5	10.7589	491	78	188	1	0.0001 Colloc0 491 2316 0.177782 129.689
1340	1	1307.98	16896.5	16885.5	11.0641	482	75	191	5	0.0001 Colloc0 482 2305 0.0957649 147.481
1350	1	1318.01	16986.5	16975.2	11.3093	478	73	193	3	0.0001 Colloc0 478 2319 0.070844 162.439
1360	1	1328.05	16765.6	16755	10.5477	457	96	170	5	0.0001 Colloc0 457 2302 0.145699 117.956
1370	1	1337.88	16800	16789.2	10.7883	477	89	177	3	0.0001 Colloc0 477 2294 0.137637 131.363
1380	1	1347.76	16840.7	16830	10.7086	485	80	186	2	0.0001 Colloc0 485 2312 0.206507 126.849
1390	1	1357.56	16810.7	16800.8	9.92101	468	89	177	3	0.0001 Colloc0 468 2308 0.253103 86.264
1400	1	1367.06	16795.8	16785.9	9.93595	481	82	184	1	0.0001 Colloc0 481 2328 0.241297 86.961
1410	1	1376.6	16837.3	16826.1	11.273	478	78	188	3	0.0001 Colloc0 478 2284 0.124619 160.191
1420	1	1386.4	16920.7	16909.8	10.8908	484	75	191	2	0.0001 Colloc0 484 2289 0.122534 137.258
1430	1	1396.3	16783	16772	11.0733	488	94	172	3	0.0001 Colloc0 488 2288 0.119246 148.03
1440	1	1406.13	16858.6	16847.6	10.9994	485	82	184	3	0.0001 Colloc0 485 2306 0.12456 143.631
1450	1	1415.93	16869	16857.8	11.2224	502	76	190	1	0.0001 Colloc0 502 2283 0.144758 157.07
1460	1	1425.69	16910	16899.5	10.573	477	84	182	3	0.0001 Colloc0 477 2316 0.182899 119.335
1470	1	1435.67	17022.3	17011.5	10.7564	515	66	200	3	0.0001 Colloc0 515 2332 0.197015 129.545
1480	1	1445.68	17010.7	16999.6	11.0054	490	76	190	1	0.0001 Colloc0 490 2329 0.14015 143.985
1490	1	1455.68	16914	16903.5	10.5222	481	75	191	1	0.0001 Colloc0 481 2331 0.184248 116.574
1500	1	1465.24	16951.8	16940.9	10.8363	494	83	183	3	0.0001 Colloc0 494 2339 0.182258 134.107
1510	1	1474.97	16889.9	16879.3	10.6378	482	83	183	4	0.0001 Colloc0 482 2329 0.129954 122.903
1520	1	1484.72	16835	16824	10.981	482	81	185	3	0.0001 Colloc0 482 2318 0.0969049 142.543
1530	1	1494.28	16885.8	16874.6	11.2012	461	77	189	1	0.0001 Colloc0 461 2339 0.0347217 155.772
1540	1	1503.67	16878.3	16867.8	10.4792	500	98	168	0	0.0001 Colloc0 500 2315 0.24637 114.26
1550	1	1513.58	16812.1	16801.4	10.6727	474	87	179	2	0.0001 Colloc0 474 2304 0.166773 124.842
1560	1	1523.73	16885.8	16875.5	10.2474	491	80	186	2	0.0001 Colloc0 491 2296 0.208908 102.158
1570	1	1533.24	16807.5	16797	10.464	492	88	178	2	0.0001 Colloc0 492 2315 0.216736 113.446
1580	1	1542.96	16957.4	16946.8	10.5832	496	83	183	6	0.0001 Colloc0 496 2325 0.212513 119.896
1590	1	1552.72	16710.3	16699.8	10.4452	465	96	170	2	0.0001 Colloc0 465 2290 0.197953 112.443
1600	1	1562.55	16830.3	16820.1	10.2274	487	74	192	3	0.0001 Colloc0 487 2282 0.229698 101.148
1610	1	1572.35	16813	16802.8	10.1903	474	81	185	6	0.0001 Colloc0 474 2296 0.215566 99.2827
1620	1	1581.82	16936.1	16925.6	10.473	481	83	183	1	0.0001 Colloc0 481 2342 0.194489 113.927
1630	1	1591.48	16820	16809.4	10.5859	482	84	182	3	0.0001 Colloc0 482 2302 0.21747 120.039
1640	1	1601.01	16880.7	16869.9	10.8152	484	79	187	5	0.0001 Colloc0 484 2334 0.13973 132.9
1650	1	1610.55	16765.7	16754.6	11.1184	493	81	185	3	0.0001 Colloc0 493 2270 0.153154 150.746
1660	1	1620.32	16865.1	16854.6	10.5867	487	73	193	2	0.0001 Colloc0 487 2326 0.189863 120.087
1670	1	1630.42	16757.1	16747.4	9.72278	507	103	163	2	0.0001 Colloc0 507 2287 0.286434 77.3016
1680	1	1640.46	16912	16901.6	10.4178	485	73	193	5	0.0001 Colloc0 485 2311 0.197408 110.991
1690	1	1650.08	16944.3	16933.1	11.1114	484	78	188	1	0.0001 Colloc0 484 2305 0.130834 150.323
1700	1	1659.52	16994.7	16984.4	10.3836	488	77	189	3	0.0001 Colloc0 488 2310 0.15714 109.192
1710	1	1668.97	16830.8	16820.2	10.5234	476	89	177	4	0.0001 Colloc0 476 2312 0.202717 116.637
1720	1	1678.85	16871.7	16861.2	10.472	485	79	187	0	0.0001 Colloc0 485 2279 0.194684 113.872
1730	1	1688.88	16868.1	16857.4	10.7432	484	83	183	2	0.0001 Colloc0 484 2320 0.120048 128.797
1740	1	1698.73	16990.9	16980.1	10.8169	500	74	192	2	0.0001 Colloc0 500 2314 0.182711 132.995
1750	1	1708.73	16909	16898.5	10.5097	490	83	183	4	0.0001 Colloc0 490 2306 0.16259 115.896
1760	1	1718.64	16889.8	16879.4	10.3982	471	87	179	1	0.0001 Colloc0 471 2307 0.202742 109.958
1770	1	1728.48	16841	16830.3	10.612	485	96	170	1	0.0001 Colloc0 485 2317 0.179093 121.473
1780	1	1738.38	16848.5	16838.3	10.2362	488	84	182	1	0.0001 Colloc0 488 2291 0.284889 101.59
1790	1	1748.46	16718.4	16707.7	10.6745	472	89	177	2	0.0001 Colloc0 472 2256 0.200559 124.938
1800	1	1758.29	16787.1	16776	11.0539	476	95	171	0	0.0001 Colloc0 476 2319 0.0940679 146.87
1810	1	1767.93	16830.2	16819.4	10.8127	505	91	175	2	0.0001 Colloc0 505 2299 0.16849 132.757
1820	1	1777.95	16853.3	16842.5	10.8294	490	91	175	3	0.0001 Colloc0 490 2271 0.125808 133.714
1830	1	1787.78	17006.2	16995.2	11.0239	492	80	186	3	0.0001 Colloc0 492 2328 0.143697 145.081
1840	1	1797.78	16911.3	16900.5	10.8421	496	82	184	1	0.0001 Colloc0 496 2331 0.117814 134.444
1850	1	1807.7	16994.1	16983.3	10.7798	505	75	191	3	0.0001 Colloc0 505 2323 0.186202 130.878
1860	1	1817.68	16885.6	16875.7	9.95006	493	78	188	2	0.0001 Colloc0 493 2306 0.243112 87.6224
1870	1	1827.33	16911.5	16901	10.4867	497	85	181	1	0.0001 Colloc0 497 2286 0.248046 114.66
1880	1	1837.25	16936.7	16926.2	10.4864	490	79	187	1	0.0001 Colloc0 490 2323 0.19332 114.642
1890	1	1847.15	16911.7	16901.7	10.0348	512	80	186	3	0.0001 Colloc0 512 2286 0.298997 91.6488
1900	1	1857.19	16863.6	16852.4	11.1849	496	93	173	3	0.0001 Colloc0 496 2312 0.103281 154.777
1910	1	1867.18	17017.8	17007	10.7933	510	74	192	3	0.0001 Colloc0 510 2306 0.225902 131.647
1920	1	1877.26	16898.9	16888.3	10.6749	514	76	190	3	0.0001 Colloc0 514 2272 0.194341 124.966
1930	1	1886.84	16912.6	16901.4	11.2219	482	84	182	1	0.0001 Colloc0 482 2312 0.0997623 157.04
1940	1	1896.44	16834.8	16824	10.8184	486	88	178	0	0.0001 Colloc0 486 2273 0.166958 133.084
1950	1	1906.18	16859.3	16849	10.2367	483	79	187	0	0.0001 Colloc0 483 2340 0.215096 101.616
1960	1	1915.65	16865	16854.2	10.8482	483	83	183	3	0.0001 Colloc0 483 2313 0.141739 134.795
1970	1	1925.42	16913.7	16903.2	10.5479	498	78	188	1	0.0001 Colloc0 498 2286 0.226467 117.967
1980	1	1935.24	16864.9	16853.7	11.1729	492	79	187	2	0.0001 Colloc0 492 2308 0.0867628 154.047
1990	1	1944.9	16918.3	16907.6	10.7506	502	81	185	9	0.0001 Colloc0 502 2295 0.188273 129.219
2000	1	1954.66	17010.3	17000	10.3084	516	65	201	8	0.0001 Colloc0 516 2306 0.240015 105.278
