# D = 0, E = 1, I = 1, P = 1, R = -1, n = 2000, N = 1, P = 1, w = 1, a = 0.0001, b = 10000, e = 1, f = 1, g = 100, h = 0.01, r = 7914, s = 1, S = 0, x = 10, m = 100, Z = 1, z = 0, T = 1, t = 1
# 5710 tokens in 266 sentences
#
# It	Temp	Time	-logP	-logPcorpus	-logPrior	tables	same	changed	reject	default_pya	(parent pym pyn pya pyb)*
0	1	0.755885	22705.9	22592.2	113.764	1308	0	266	0	0.0001 Colloc0 1308 1864 0.0001 10000
10	1	11.0653	17886.1	17874.8	11.3294	580	59	207	5	0.0001 Colloc0 580 2351 0.143475 163.686
20	1	21.0838	17531.8	17520.3	11.4563	527	67	199	2	0.0001 Colloc0 527 2397 0.0358935 171.664
30	1	30.8553	17464	17452.4	11.5648	530	65	201	2	0.0001 Colloc0 530 2357 0.0589171 178.597
40	1	40.8888	17327.8	17316.2	11.5382	521	88	178	4	0.0001 Colloc0 521 2349 0.0749797 176.893
50	1	50.4523	17242.2	17230.8	11.3326	495	77	189	1	0.0001 Colloc0 495 2333 0.0560955 163.887
60	1	60.3968	17189.9	17178.7	11.2282	500	73	193	2	0.0001 Colloc0 500 2290 0.128909 157.428
70	1	70.2003	17168.8	17157.5	11.2539	491	86	180	1	0.0001 Colloc0 491 2316 0.0552155 159.011
80	1	79.8799	17242.2	17230.7	11.5319	513	77	189	2	0.0001 Colloc0 513 2334 0.0303727 176.489
90	1	89.6074	17216.4	17204.8	11.6076	503	76	190	3	0.0001 Colloc0 503 2336 0.0268099 181.363
100	1	99.5709	17238.2	17227	11.175	542	78	188	3	0.0001 Colloc0 542 2295 0.140154 154.174
110	1	109.174	17116.4	17105.3	11.0924	522	89	177	2	0.0001 Colloc0 522 2297 0.134452 149.178
120	1	119.148	17007.8	16996.7	11.078	493	94	172	5	0.0001 Colloc0 493 2295 0.0987617 148.311
130	1	128.901	17198.8	17188.1	10.6726	501	86	180	6	0.0001 Colloc0 501 2302 0.182346 124.837
140	1	138.918	17164.4	17153.1	11.3536	503	86	180	3	0.0001 Colloc0 503 2319 0.0870187 165.202
150	1	148.753	16984.3	16973.8	10.5007	491	96	170	1	0.0001 Colloc0 491 2293 0.16683 115.415
160	1	158.488	17058.6	17047.9	10.7354	492	90	176	3	0.0001 Colloc0 492 2262 0.134432 128.36
170	1	168.338	17107.7	17095.8	11.8392	505	81	185	3	0.0001 Colloc0 505 2289 0.0414224 196.552
180	1	178.206	17121.1	17109.5	11.5981	515	90	176	5	0.0001 Colloc0 515 2286 0.116022 180.744
190	1	188.009	17060.2	17048.8	11.3837	498	80	186	6	0.0001 Colloc0 498 2282 0.0848903 167.083
200	1	197.875	17086.1	17074.5	11.5657	504	77	189	0	0.0001 Colloc0 504 2314 0.075805 178.653
210	1	207.782	17168	17156.3	11.6929	519	77	189	1	0.0001 Colloc0 519 2267 0.0416266 186.909
220	1	217.25	17156.6	17145.6	10.9358	501	71	195	3	0.0001 Colloc0 501 2288 0.142626 139.886
230	1	226.935	17172.6	17160.8	11.7489	520	72	194	3	0.0001 Colloc0 520 2247 0.0922732 190.579
240	1	236.478	17286	17273.8	12.2007	519	67	199	1	0.0001 Colloc0 519 2280 0.00305161 221.065
250	1	246.188	17044.4	17032.9	11.5039	503	80	186	2	0.0001 Colloc0 503 2263 0.0576453 174.698
260	1	255.994	17135.3	17124.4	10.9391	512	80	186	1	0.0001 Colloc0 512 2299 0.170979 140.079
270	1	265.888	17123.1	17113	10.1076	533	85	181	3	0.0001 Colloc0 533 2269 0.302099 95.1842
280	1	275.681	17159.8	17149	10.8177	509	74	192	3	0.0001 Colloc0 509 2296 0.15865 133.043
290	1	285.696	17149.1	17138.1	10.9725	503	73	193	1	0.0001 Colloc0 503 2312 0.143731 142.039
300	1	295.435	17128.2	17117.7	10.5096	505	89	177	3	0.0001 Colloc0 505 2307 0.177189 115.893
310	1	305.339	17068.5	17058.2	10.2453	533	80	186	5	0.0001 Colloc0 533 2251 0.251711 102.056
320	1	315.406	16974.1	16963.9	10.2131	500	80	186	5	0.0001 Colloc0 500 2264 0.270159 100.423
330	1	325.248	17023	17011.9	11.0468	476	81	185	3	0.0001 Colloc0 476 2304 0.0990187 146.444
340	1	334.936	17140.3	17128.8	11.4382	484	86	180	2	0.0001 Colloc0 484 2311 0.0633263 170.52
350	1	344.905	17157.1	17145.9	11.1712	510	72	194	4	0.0001 Colloc0 510 2308 0.115967 153.942
360	1	354.859	17081.1	17069.9	11.2475	494	95	171	0	0.0001 Colloc0 494 2326 0.0858343 158.616
370	1	364.535	17089.8	17079	10.8803	494	87	179	1	0.0001 Colloc0 494 2305 0.114735 136.651
380	1	374.207	17103.2	17091.9	11.3077	506	89	177	1	0.0001 Colloc0 506 2305 0.0643323 162.338
390	1	383.571	17064.3	17053.1	11.2283	497	86	180	0	0.0001 Colloc0 497 2303 0.0450372 157.436
400	1	393.652	17073.7	17062.5	11.1634	518	77	189	3	0.0001 Colloc0 518 2286 0.13671 153.469
410	1	403.62	17135.1	17124.7	10.3618	506	79	187	0	0.0001 Colloc0 506 2300 0.232611 108.052
420	1	413.341	16973.5	16962.2	11.306	482	85	181	2	0.0001 Colloc0 482 2277 0.0507249 162.23
430	1	423.005	16974.7	16963.1	11.6372	498	95	171	3	0.0001 Colloc0 498 2265 0.0305928 183.278
440	1	432.859	17095.5	17084.1	11.3988	520	86	180	1	0.0001 Colloc0 520 2276 0.143499 168.032
450	1	442.789	16893.9	16882.7	11.2642	495	103	163	2	0.0001 Colloc0 495 2289 0.100239 159.643
460	1	452.486	16989.2	16978.5	10.6628	487	88	178	2	0.0001 Colloc0 487 2289 0.157372 124.288
470	1	461.985	17034.2	17023	11.1393	503	84	182	1	0.0001 Colloc0 503 2266 0.11301 152.007
480	1	471.859	16942.1	16931.5	10.5966	491	84	182	2	0.0001 Colloc0 491 2274 0.158364 120.631
490	1	481.866	17089.9	17078.7	11.2241	489	80	186	3	0.0001 Colloc0 489 2275 0.0566405 157.177
500	1	491.946	16893.4	16882.3	11.0907	497	103	163	0	0.0001 Colloc0 497 2264 0.0631698 149.075
510	1	501.775	16949.3	16937.8	11.5296	487	87	179	2	0.0001 Colloc0 487 2265 0.0570687 176.336
520	1	511.702	16965.4	16954.7	10.7057	495	87	179	1	0.0001 Colloc0 495 2254 0.164807 126.688
530	1	521.695	16965.3	16953.9	11.4271	506	86	180	2	0.0001 Colloc0 506 2250 0.111181 169.82
540	1	531.65	16983.2	16972.8	10.3867	503	89	177	4	0.0001 Colloc0 503 2296 0.248387 109.352
550	1	541.246	17006.5	16995	11.5694	501	80	186	4	0.0001 Colloc0 501 2285 0.0463303 178.895
560	1	550.82	17046.3	17034.8	11.5387	515	75	191	4	0.0001 Colloc0 515 2284 0.105984 176.92
570	1	560.843	17023.6	17012.4	11.1892	498	82	184	2	0.0001 Colloc0 498 2280 0.125677 155.04
580	1	570.74	16963.2	16952.4	10.8531	501	78	188	5	0.0001 Colloc0 501 2282 0.179029 135.076
590	1	580.759	16953.2	16942	11.1328	490	83	183	3	0.0001 Colloc0 490 2296 0.077105 151.612
600	1	590.434	16836.7	16825.7	11.0469	484	90	176	2	0.0001 Colloc0 484 2298 0.113088 146.456
610	1	600.322	16979.9	16968.9	11.0253	483	81	185	1	0.0001 Colloc0 483 2311 0.0905292 145.167
620	1	610.102	17018.2	17006.8	11.3985	525	81	185	1	0.0001 Colloc0 525 2319 0.108003 168.014
630	1	619.87	16847.2	16836.2	11.016	476	83	183	1	0.0001 Colloc0 476 2283 0.0867838 144.613
640	1	629.472	17000.7	16989.4	11.2587	517	76	190	2	0.0001 Colloc0 517 2290 0.148244 159.308
650	1	639.084	16985.1	16974	11.0707	486	79	187	5	0.0001 Colloc0 486 2298 0.111178 147.874
660	1	648.824	16878.3	16866.8	11.5247	485	85	181	3	0.0001 Colloc0 485 2308 0.0467677 176.025
670	1	658.848	17033.2	17021.8	11.3947	488	81	185	2	0.0001 Colloc0 488 2282 0.0688973 167.773
680	1	668.596	16934.1	16922.9	11.2194	469	80	186	1	0.0001 Colloc0 469 2310 0.0162769 156.886
690	1	678.367	16974.3	16962.8	11.4609	510	78	188	3	0.0001 Colloc0 510 2288 0.0993965 171.957
700	1	688.034	17036.9	17026	10.8041	503	72	194	2	0.0001 Colloc0 503 2311 0.163343 132.261
710	1	698.113	17053.5	17042.9	10.6479	517	77	189	3	0.0001 Colloc0 517 2310 0.191436 123.461
720	1	707.977	17005.4	16993.8	11.5543	499	79	187	0	0.0001 Colloc0 499 2313 0.079707 177.923
730	1	717.687	17031.5	17020.4	11.0959	501	83	183	0	0.0001 Colloc0 501 2292 0.133449 149.386
740	1	727.537	16984.5	16973.3	11.1904	503	82	184	2	0.0001 Colloc0 503 2314 0.0940967 155.113
750	1	737.457	17057.4	17045.8	11.5598	524	80	186	2	0.0001 Colloc0 524 2325 0.125388 178.279
760	1	747.283	16991	16979.5	11.5166	496	81	185	3	0.0001 Colloc0 496 2310 0.063296 175.506
770	1	756.95	17002.7	16991.3	11.3598	518	85	181	4	0.0001 Colloc0 518 2292 0.134535 165.586
780	1	767.025	16896	16884.8	11.2232	498	89	177	1	0.0001 Colloc0 498 2273 0.159992 157.123
790	1	776.796	16987.4	16976	11.4469	506	87	179	0	0.0001 Colloc0 506 2333 0.0599689 171.068
800	1	786.221	16999	16987.9	11.057	477	83	183	1	0.0001 Colloc0 477 2321 0.0795672 147.054
810	1	795.715	16989.5	16978.4	11.1248	493	75	191	2	0.0001 Colloc0 493 2263 0.105926 151.132
820	1	805.631	16876.1	16865.8	10.301	508	86	180	6	0.0001 Colloc0 508 2276 0.238998 104.901
830	1	815.151	16923	16911.9	11.0977	507	84	182	0	0.0001 Colloc0 507 2293 0.12771 149.497
840	1	824.408	16957.3	16946.1	11.1969	489	70	196	2	0.0001 Colloc0 489 2318 0.0935712 155.509
850	1	834.374	17074.9	17064.4	10.5238	512	65	201	1	0.0001 Colloc0 512 2288 0.177685 116.66
860	1	844.122	16947.2	16936.3	10.8889	486	73	193	3	0.0001 Colloc0 486 2271 0.108703 137.153
870	1	853.782	16958.2	16947.5	10.6989	493	88	178	2	0.0001 Colloc0 493 2277 0.192945 126.304
880	1	863.864	16975.8	16964.5	11.3206	519	73	193	2	0.0001 Colloc0 519 2295 0.107068 163.138
890	1	873.654	16869.1	16857.7	11.3448	470	88	178	2	0.0001 Colloc0 470 2244 0.00427715 164.65
900	1	883.239	16955.5	16944.3	11.2384	509	74	192	2	0.0001 Colloc0 509 2282 0.102006 158.056
910	1	893.159	16998.3	16986.6	11.6753	508	74	192	1	0.0001 Colloc0 508 2292 0.0846677 185.754
920	1	903.202	16982.5	16972.1	10.4692	507	82	184	3	0.0001 Colloc0 507 2273 0.173704 113.723
930	1	913.128	16937.8	16927	10.7902	499	79	187	4	0.0001 Colloc0 499 2285 0.169833 131.467
940	1	923.154	16992.5	16981.7	10.7546	519	76	190	1	0.0001 Colloc0 519 2274 0.170079 129.442
950	1	933.12	17056	17045.3	10.7201	500	73	193	1	0.0001 Colloc0 500 2267 0.152263 127.498
960	1	942.699	16910.5	16899.3	11.1594	499	87	179	3	0.0001 Colloc0 499 2277 0.106928 153.225
970	1	952.148	17067	17056.1	10.9046	514	75	191	1	0.0001 Colloc0 514 2312 0.160333 138.062
980	1	961.958	16964.8	16953.3	11.5007	494	80	186	0	0.0001 Colloc0 494 2266 0.0679796 174.493
990	1	971.966	17046.4	17035.6	10.7689	520	78	188	2	0.0001 Colloc0 520 2306 0.169082 130.259
1000	1	981.827	16904.7	16893.5	11.2586	477	80	186	0	0.0001 Colloc0 477 2283 0.112722 159.301
1010	1	991.749	16786.1	16775.7	10.3584	479	96	170	2	0.0001 Colloc0 479 2271 0.19498 107.874
1020	1	1001.73	16985.8	16974.9	10.8927	489	84	182	2	0.0001 Colloc0 489 2324 0.124578 137.373
1030	1	1011.75	16893.6	16883	10.6622	501	86	180	2	0.0001 Colloc0 501 2273 0.212001 124.257
1040	1	1021.54	16996.6	16985.8	10.8088	514	83	183	1	0.0001 Colloc0 514 2266 0.157916 132.534
1050	1	1031.61	16947.4	16937.3	10.1827	510	85	181	4	0.0001 Colloc0 510 2260 0.232899 98.8989
1060	1	1041.61	16857.8	16846.9	10.8813	506	87	179	2	0.0001 Colloc0 506 2242 0.197452 136.709
1070	1	1051.57	16896.1	16885.1	11.0141	498	88	178	2	0.0001 Colloc0 498 2280 0.130321 144.502
1080	1	1061.21	16882.6	16872.1	10.5445	489	81	185	3	0.0001 Colloc0 489 2241 0.210533 117.78
1090	1	1071.23	16935.7	16924.8	10.8975	503	93	173	4	0.0001 Colloc0 503 2277 0.169549 137.649
1100	1	1081.04	16922.1	16911.4	10.6995	499	88	178	1	0.0001 Colloc0 499 2287 0.181722 126.338
1110	1	1091.13	16916.5	16905.6	10.9239	498	85	181	3	0.0001 Colloc0 498 2250 0.165778 139.192
1120	1	1100.99	17011	16999.3	11.7299	517	72	194	2	0.0001 Colloc0 517 2263 0.00507937 189.334
1130	1	1110.7	17048.8	17037.3	11.5058	497	76	190	5	0.0001 Colloc0 497 2289 0.0815338 174.819
1140	1	1119.9	17006.8	16995.7	11.1617	504	78	188	3	0.0001 Colloc0 504 2271 0.0907929 153.369
1150	1	1129.25	16961.8	16950.4	11.3617	502	84	182	2	0.0001 Colloc0 502 2280 0.102908 165.708
1160	1	1138.82	16805.3	16794.5	10.77	491	90	176	1	0.0001 Colloc0 491 2263 0.129184 130.316
1170	1	1148.3	16787.4	16777	10.369	483	93	173	2	0.0001 Colloc0 483 2275 0.18261 108.427
1180	1	1158.06	16988.5	16977.6	10.8433	509	85	181	2	0.0001 Colloc0 509 2311 0.204155 134.513
1190	1	1168.05	16961	16949.5	11.4978	484	84	182	3	0.0001 Colloc0 484 2284 0.0605803 174.307
1200	1	1177.55	16993.1	16981.4	11.6913	491	74	192	5	0.0001 Colloc0 491 2303 0.0646826 186.805
1210	1	1187.18	16975	16963.9	11.089	501	77	189	1	0.0001 Colloc0 501 2282 0.143111 148.972
1220	1	1197.06	17177.9	17167.4	10.4275	526	58	208	2	0.0001 Colloc0 526 2326 0.24988 111.503
1230	1	1206.95	17013.2	17001.5	11.7065	500	70	196	1	0.0001 Colloc0 500 2284 0.0244107 187.794
1240	1	1216.38	16902	16890.5	11.531	493	70	196	3	0.0001 Colloc0 493 2263 0.0651954 176.431
1250	1	1226.43	16826.9	16815.9	11.029	470	82	184	4	0.0001 Colloc0 470 2255 0.126083 145.386
1260	1	1236.31	16986.8	16975.3	11.4667	519	78	188	3	0.0001 Colloc0 519 2257 0.0898437 172.327
1270	1	1246.16	16770.7	16759.5	11.1257	479	84	182	5	0.0001 Colloc0 479 2265 0.0683684 151.183
1280	1	1255.98	16890.2	16879	11.2667	495	82	184	4	0.0001 Colloc0 495 2257 0.0475518 159.798
1290	1	1265.95	16896.7	16885.6	11.0183	497	81	185	1	0.0001 Colloc0 497 2251 0.141175 144.753
1300	1	1275.99	17023.6	17012.3	11.3071	514	71	195	2	0.0001 Colloc0 514 2288 0.0812648 162.304
1310	1	1285.65	16860.7	16849.1	11.5822	497	87	179	1	0.0001 Colloc0 497 2260 0.0353758 179.721
1320	1	1295.28	16945.9	16935.2	10.6522	492	85	181	1	0.0001 Colloc0 492 2265 0.164388 123.7
1330	1	1305.2	16896.4	16886	10.3221	511	76	190	0	0.0001 Colloc0 511 2275 0.245634 105.987
1340	1	1315.28	16897.8	16885.8	11.9939	495	80	186	3	0.0001 Colloc0 495 2264 0.021741 206.934
1350	1	1325.08	16901.7	16890.9	10.8905	503	74	192	2	0.0001 Colloc0 503 2264 0.182632 137.24
1360	1	1334.84	16882.4	16870.7	11.6949	503	86	180	3	0.0001 Colloc0 503 2236 0.0794458 187.036
1370	1	1344.57	16687.6	16676.2	11.4519	470	86	180	1	0.0001 Colloc0 470 2253 0.0770237 171.387
1380	1	1354.18	16813.7	16803.4	10.268	520	83	183	5	0.0001 Colloc0 520 2244 0.227397 103.207
1390	1	1364.01	16848.7	16836.9	11.865	510	85	181	5	0.0001 Colloc0 510 2233 0.0918662 198.271
1400	1	1373.27	16797.5	16786.8	10.6677	507	86	180	2	0.0001 Colloc0 507 2245 0.213945 124.563
1410	1	1383.17	16954.3	16942.8	11.5893	516	88	178	3	0.0001 Colloc0 516 2246 0.0717979 180.175
1420	1	1393.02	16840.2	16828.8	11.3178	504	80	186	1	0.0001 Colloc0 504 2232 0.0782337 162.969
1430	1	1402.76	16803.2	16792	11.1794	493	79	187	2	0.0001 Colloc0 493 2227 0.125047 154.444
1440	1	1412.28	16844.3	16833.3	10.9912	515	79	187	2	0.0001 Colloc0 515 2244 0.190334 143.144
1450	1	1422.01	16751.7	16741	10.6994	512	87	179	3	0.0001 Colloc0 512 2232 0.182953 126.335
1460	1	1431.88	16824.4	16813.5	10.8917	509	78	188	4	0.0001 Colloc0 509 2234 0.159656 137.311
1470	1	1441.83	16732.9	16721.8	11.1493	480	95	171	4	0.0001 Colloc0 480 2271 0.142128 152.614
1480	1	1451.87	16816.7	16806.1	10.6386	493	96	170	4	0.0001 Colloc0 493 2284 0.18493 122.944
1490	1	1461.62	16894.3	16882.9	11.4537	501	86	180	1	0.0001 Colloc0 501 2255 0.0541913 171.504
1500	1	1471.43	16877	16865.8	11.2126	501	88	178	2	0.0001 Colloc0 501 2263 0.108171 156.471
1510	1	1481.32	16785	16774.1	10.8656	484	93	173	2	0.0001 Colloc0 484 2240 0.14436 135.802
1520	1	1491.29	16881	16870	11.0335	511	87	179	1	0.0001 Colloc0 511 2272 0.141059 145.656
1530	1	1501.28	16825.1	16814.5	10.6263	521	94	172	3	0.0001 Colloc0 521 2247 0.212789 122.263
1540	1	1511.36	16744.1	16733.4	10.7008	493	91	175	1	0.0001 Colloc0 493 2242 0.162208 126.413
1550	1	1521.22	16910.6	16899.3	11.2913	504	81	185	1	0.0001 Colloc0 504 2267 0.124711 161.324
1560	1	1531	16833.9	16822.2	11.686	508	89	177	1	0.0001 Colloc0 508 2253 0.0172016 186.459
1570	1	1540.73	16826.5	16815	11.5133	485	88	178	4	0.0001 Colloc0 485 2227 0.0826529 175.297
1580	1	1550.23	16714.6	16704.4	10.2175	495	96	170	2	0.0001 Colloc0 495 2235 0.261636 100.647
1590	1	1559.72	16753.5	16742.6	10.9028	492	91	175	2	0.0001 Colloc0 492 2245 0.168467 137.957
1600	1	1569.07	16722.3	16711.6	10.7147	486	97	169	1	0.0001 Colloc0 486 2233 0.163019 127.195
1610	1	1578.74	16811.8	16801.1	10.689	467	84	182	4	0.0001 Colloc0 467 2259 0.118726 125.749
1620	1	1588.26	16902.3	16890.7	11.597	488	79	187	2	0.0001 Colloc0 488 2245 0.0431073 180.675
1630	1	1597.91	16790.1	16779.1	10.9865	481	89	177	2	0.0001 Colloc0 481 2225 0.11155 142.867
1640	1	1607.94	16791.5	16780.3	11.2306	493	81	185	3	0.0001 Colloc0 493 2224 0.100076 157.574
1650	1	1617.9	16904.7	16893.4	11.2737	519	85	181	0	0.0001 Colloc0 519 2232 0.0946561 160.234
1660	1	1627.93	16650.8	16639.9	10.986	468	110	156	0	0.0001 Colloc0 468 2225 0.0727716 142.836
1670	1	1637.92	16736.6	16725.8	10.7062	485	103	163	6	0.0001 Colloc0 485 2213 0.164181 126.715
1680	1	1647.89	16821.2	16810.5	10.7292	520	87	179	0	0.0001 Colloc0 520 2204 0.177016 128.009
1690	1	1657.87	16758.5	16748.5	10.0392	505	86	180	2	0.0001 Colloc0 505 2218 0.301526 91.8623
1700	1	1667.78	16760.2	16749	11.1746	486	89	177	1	0.0001 Colloc0 486 2236 0.115406 154.15
1710	1	1677.65	16730.5	16719.1	11.3599	511	95	171	2	0.0001 Colloc0 511 2198 0.129889 165.592
1720	1	1687.58	16713	16702.8	10.2631	492	96	170	2	0.0001 Colloc0 492 2186 0.18878 102.96
1730	1	1697.56	16745.8	16735.1	10.6866	501	85	181	0	0.0001 Colloc0 501 2238 0.210182 125.618
1740	1	1707.37	16779.4	16767.8	11.5854	506	95	171	4	0.0001 Colloc0 506 2239 0.134626 179.927
1750	1	1717.33	16865.1	16855	10.1287	516	93	173	1	0.0001 Colloc0 516 2208 0.294364 96.2222
1760	1	1727.3	16805.9	16794.9	11.0453	498	90	176	0	0.0001 Colloc0 498 2229 0.107 146.359
1770	1	1737.31	16828.9	16817.2	11.6078	498	82	184	2	0.0001 Colloc0 498 2248 0.049196 181.371
1780	1	1747.19	16870.4	16858.5	11.8429	510	93	173	1	0.0001 Colloc0 510 2233 0.0296472 196.802
1790	1	1757.03	16794.3	16782.5	11.8161	500	96	170	1	0.0001 Colloc0 500 2245 0.0389534 195.023
1800	1	1767.15	16848.3	16837.2	11.1273	514	79	187	2	0.0001 Colloc0 514 2217 0.153038 151.284
1810	1	1777.18	16789.6	16778.3	11.3208	496	87	179	2	0.0001 Colloc0 496 2218 0.0605426 163.155
1820	1	1786.84	16685.6	16674.3	11.2803	510	93	173	1	0.0001 Colloc0 510 2211 0.100824 160.639
1830	1	1796.85	16874.7	16864.2	10.5844	517	83	183	4	0.0001 Colloc0 517 2219 0.204424 119.957
1840	1	1806.83	16740.8	16729.2	11.6233	502	90	176	0	0.0001 Colloc0 502 2227 0.0586253 182.374
1850	1	1816.84	16732.9	16722.3	10.6539	504	101	165	3	0.0001 Colloc0 504 2189 0.191052 123.792
1860	1	1826.63	16739.9	16729.1	10.7972	487	98	168	2	0.0001 Colloc0 487 2223 0.175644 131.871
1870	1	1836.36	16877.3	16866.2	11.1067	503	88	178	3	0.0001 Colloc0 503 2241 0.161266 150.041
1880	1	1846.05	16843.4	16832.8	10.5249	508	86	180	0	0.0001 Colloc0 508 2239 0.217677 116.721
1890	1	1856.13	16782.5	16770.9	11.6848	496	97	169	1	0.0001 Colloc0 496 2201 0.0590918 186.377
1900	1	1866.31	16848.4	16837.1	11.2461	483	73	193	1	0.0001 Colloc0 483 2207 0.0997146 158.53
1910	1	1876.56	16949.7	16939.2	10.5167	524	74	192	4	0.0001 Colloc0 524 2214 0.207298 116.278
1920	1	1886.06	16753.5	16742.9	10.6023	483	81	185	2	0.0001 Colloc0 483 2219 0.146025 120.944
1930	1	1896.03	16812.3	16801.5	10.8247	483	85	181	3	0.0001 Colloc0 483 2203 0.132938 133.446
1940	1	1906	16935.8	16924.2	11.566	509	80	186	2	0.0001 Colloc0 509 2227 0.0724274 178.677
1950	1	1915.91	16813.2	16802.2	11.0754	506	83	183	1	0.0001 Colloc0 506 2220 0.166592 148.156
1960	1	1925.55	16752.8	16742	10.8843	500	98	168	1	0.0001 Colloc0 500 2198 0.199427 136.882
1970	1	1935.31	16855.1	16844.1	10.997	500	87	179	2	0.0001 Colloc0 500 2215 0.178285 143.487
1980	1	1944.88	16773.2	16761.6	11.5865	496	82	184	0	0.0001 Colloc0 496 2172 0.039737 179.997
1990	1	1954.87	16657.8	16647.1	10.6929	498	97	169	3	0.0001 Colloc0 498 2194 0.141429 125.971
2000	1	1964.92	16815.5	16803.3	12.1735	509	96	170	0	0.0001 Colloc0 509 2197 0.0210013 219.189
