# D = 0, E = 1, I = 1, P = 1, R = -1, n = 2000, N = 1, P = 1, w = 1, a = 0.0001, b = 10000, e = 1, f = 1, g = 100, h = 0.01, r = 30084, s = 1, S = 0, x = 10, m = 100, Z = 1, z = 0, T = 1, t = 1
# 5710 tokens in 266 sentences
#
# It	Temp	Time	-logP	-logPcorpus	-logPrior	tables	same	changed	reject	default_pya	(parent pym pyn pya pyb)*
0	1	0.749886	22981.2	22867.4	113.764	1830	0	266	0	0.0001 Colloc0 1830 2617 0.0001 10000
10	1	11.3053	18337.4	18325.9	11.4866	615	41	225	4	0.0001 Colloc0 615 2478 0.187256 173.593
20	1	21.3837	17866.1	17854.3	11.8646	530	54	212	5	0.0001 Colloc0 530 2457 0.0486188 198.248
30	1	31.3112	17739.9	17728.2	11.6914	500	56	210	5	0.0001 Colloc0 500 2484 0.0157468 186.805
40	1	41.1807	17565.5	17554.6	10.97	522	54	212	4	0.0001 Colloc0 522 2445 0.117628 141.891
50	1	50.6633	17678.1	17666.6	11.4851	527	54	212	1	0.0001 Colloc0 527 2452 0.0517876 173.5
60	1	60.0779	17632.2	17620.8	11.4569	536	57	209	5	0.0001 Colloc0 536 2455 0.0980432 171.702
70	1	69.2975	17554.2	17543.6	10.5939	504	51	215	4	0.0001 Colloc0 504 2423 0.18676 120.481
80	1	79.067	17431.4	17419.8	11.55	496	55	211	1	0.0001 Colloc0 496 2405 0.0339822 177.647
90	1	88.6715	17386	17374.8	11.2437	499	66	200	2	0.0001 Colloc0 499 2413 0.0886494 158.383
100	1	97.8811	17305.8	17295.4	10.4192	507	64	202	3	0.0001 Colloc0 507 2413 0.233765 111.068
110	1	107.882	17289.4	17278.1	11.3331	506	60	206	3	0.0001 Colloc0 506 2434 0.0773416 163.917
120	1	117.855	17156.3	17145.4	10.8539	492	78	188	3	0.0001 Colloc0 492 2389 0.165666 135.121
130	1	127.76	17264.6	17253.7	10.8966	484	72	194	6	0.0001 Colloc0 484 2424 0.130384 137.597
140	1	137.225	17168.2	17157.1	11.1102	477	81	185	6	0.0001 Colloc0 477 2400 0.0876801 150.248
150	1	146.504	17322.2	17310.7	11.4211	503	57	209	3	0.0001 Colloc0 503 2385 0.09406 169.44
160	1	155.825	17304.2	17293	11.2708	516	69	197	2	0.0001 Colloc0 516 2373 0.133637 160.05
170	1	165.503	17237.3	17226.1	11.2659	504	68	198	3	0.0001 Colloc0 504 2362 0.0790495 159.748
180	1	175.473	17210.1	17198.9	11.195	499	69	197	3	0.0001 Colloc0 499 2398 0.115474 155.393
190	1	185.245	17221.6	17210.9	10.6435	501	66	200	4	0.0001 Colloc0 501 2395 0.1791 123.217
200	1	195.123	16961.5	16951.2	10.3369	468	87	179	2	0.0001 Colloc0 468 2368 0.196586 106.753
210	1	204.93	17123.2	17112.3	10.9111	497	79	187	1	0.0001 Colloc0 497 2357 0.144787 138.441
220	1	214.951	17085.3	17074.8	10.541	508	66	200	2	0.0001 Colloc0 508 2356 0.185648 117.591
230	1	225.024	17113.6	17103.2	10.3826	496	71	195	5	0.0001 Colloc0 496 2369 0.174869 109.137
240	1	234.354	17155.4	17144.6	10.8292	503	63	203	4	0.0001 Colloc0 503 2363 0.14493 133.702
250	1	244.084	17205.1	17193.7	11.4113	488	75	191	3	0.0001 Colloc0 488 2403 0.0574423 168.823
260	1	253.763	17119.6	17108.7	10.903	497	73	193	3	0.0001 Colloc0 497 2355 0.167684 137.969
270	1	263.657	17161.2	17150.5	10.7278	499	67	199	3	0.0001 Colloc0 499 2385 0.143957 127.93
280	1	273.49	17181.9	17170.7	11.2063	478	66	200	3	0.0001 Colloc0 478 2386 0.0470032 156.084
290	1	283.531	17137.4	17126.5	10.9242	496	67	199	1	0.0001 Colloc0 496 2336 0.133384 139.204
300	1	293.5	17148.9	17137.9	10.9311	507	77	189	4	0.0001 Colloc0 507 2344 0.169853 139.612
310	1	303.105	17126.1	17115.5	10.5944	523	72	194	2	0.0001 Colloc0 523 2347 0.194822 120.507
320	1	313.085	17000	16989.3	10.6916	517	85	181	4	0.0001 Colloc0 517 2319 0.166275 125.895
330	1	322.997	17083.5	17072.6	10.8962	499	80	186	3	0.0001 Colloc0 499 2313 0.115202 137.573
340	1	332.86	17226.3	17215.3	10.993	527	57	209	3	0.0001 Colloc0 527 2334 0.15728 143.254
350	1	342.111	17165.2	17154.8	10.3969	504	74	192	3	0.0001 Colloc0 504 2365 0.200771 109.887
360	1	351.817	16978.1	16967.4	10.7891	498	67	199	2	0.0001 Colloc0 498 2308 0.14278 131.408
370	1	361.736	17096	17084.7	11.3259	504	73	193	3	0.0001 Colloc0 504 2322 0.0632349 163.468
380	1	371.237	17048.4	17037.3	11.1511	490	78	188	2	0.0001 Colloc0 490 2303 0.0829304 152.724
390	1	380.411	16925.2	16913.8	11.4565	489	80	186	3	0.0001 Colloc0 489 2335 0.0642881 171.678
400	1	389.553	17070.2	17059	11.257	486	74	192	2	0.0001 Colloc0 486 2332 0.0510925 159.2
410	1	398.776	17033.4	17021.7	11.6605	502	73	193	3	0.0001 Colloc0 502 2315 0.056003 184.791
420	1	408.687	16989	16977.8	11.1727	496	81	185	2	0.0001 Colloc0 496 2285 0.12588 154.035
430	1	418.658	16911.5	16901.6	9.92752	492	87	179	3	0.0001 Colloc0 492 2306 0.251849 86.5676
440	1	428.655	16986.6	16975.3	11.2739	510	75	191	2	0.0001 Colloc0 510 2285 0.105526 160.243
450	1	438.735	16974.2	16963.3	10.9436	494	72	194	4	0.0001 Colloc0 494 2312 0.145694 140.341
460	1	448.443	17079	17067.1	11.8653	500	68	198	5	0.0001 Colloc0 500 2308 0.0505266 198.294
470	1	457.901	16994	16982.6	11.4168	506	76	190	3	0.0001 Colloc0 506 2330 0.0796278 169.167
480	1	467.224	16960.1	16948.7	11.3498	514	86	180	4	0.0001 Colloc0 514 2352 0.113522 164.961
490	1	476.904	16989.8	16978.7	11.0975	480	84	182	4	0.0001 Colloc0 480 2353 0.0289511 149.487
500	1	486.622	16985.5	16973.9	11.5618	486	77	189	1	0.0001 Colloc0 486 2339 0.0342649 178.404
510	1	496.404	17173.1	17161.1	12.0313	524	59	207	3	0.0001 Colloc0 524 2314 0.0389805 209.466
520	1	506.325	17163.5	17152.3	11.2282	524	70	196	3	0.0001 Colloc0 524 2329 0.118776 157.43
530	1	516.054	16931.9	16920.8	11.0753	492	80	186	2	0.0001 Colloc0 492 2319 0.127032 148.152
540	1	525.906	16960.3	16948.9	11.3842	484	74	192	5	0.0001 Colloc0 484 2320 0.0549217 167.117
550	1	535.887	17059.5	17048.1	11.368	505	74	192	3	0.0001 Colloc0 505 2318 0.071796 166.102
560	1	545.755	16988.5	16977.7	10.7529	527	81	185	4	0.0001 Colloc0 527 2304 0.164565 129.347
570	1	555.643	17042.1	17031.1	10.9572	520	83	183	4	0.0001 Colloc0 520 2334 0.158183 141.142
580	1	565.123	17055.7	17044.7	10.9868	494	70	196	3	0.0001 Colloc0 494 2306 0.105496 142.884
590	1	575.051	17018	17007.4	10.5652	519	76	190	1	0.0001 Colloc0 519 2338 0.238561 118.909
600	1	584.703	17115.2	17103.7	11.4636	511	65	201	1	0.0001 Colloc0 511 2314 0.042087 172.131
610	1	594.087	16983.1	16971.9	11.1933	511	76	190	3	0.0001 Colloc0 511 2278 0.101655 155.292
620	1	603.419	16974.4	16963	11.4287	506	84	182	4	0.0001 Colloc0 506 2327 0.0892688 169.92
630	1	613.389	17068	17057.3	10.6487	504	65	201	1	0.0001 Colloc0 504 2311 0.136348 123.503
640	1	623.263	17029.2	17017.4	11.8616	514	70	196	1	0.0001 Colloc0 514 2299 0.0270785 198.048
650	1	632.813	17098.8	17087.3	11.4482	515	65	201	0	0.0001 Colloc0 515 2313 0.0764511 171.151
660	1	642.343	16975.1	16963.5	11.6471	500	86	180	2	0.0001 Colloc0 500 2308 0.106852 183.923
670	1	652.23	16971.2	16959.9	11.2731	492	75	191	2	0.0001 Colloc0 492 2299 0.0805129 160.197
680	1	662.103	16889.9	16878.5	11.4729	484	72	194	2	0.0001 Colloc0 484 2314 0.0829117 172.718
690	1	671.92	16945.1	16933.8	11.299	491	83	183	0	0.0001 Colloc0 491 2314 0.0513935 161.799
700	1	681.543	17084.6	17073.8	10.7852	500	76	190	1	0.0001 Colloc0 500 2346 0.151701 131.181
710	1	691.354	16922.1	16911.2	10.8594	484	77	189	1	0.0001 Colloc0 484 2305 0.125567 135.444
720	1	701.02	16839.3	16828.3	11.0228	492	89	177	0	0.0001 Colloc0 492 2270 0.115038 145.018
730	1	710.254	17032	17020.8	11.1425	501	63	203	3	0.0001 Colloc0 501 2299 0.14341 152.204
740	1	719.795	16980.9	16970.1	10.7557	498	80	186	4	0.0001 Colloc0 498 2293 0.193835 129.509
750	1	729.458	16925.8	16915.4	10.4372	503	74	192	3	0.0001 Colloc0 503 2309 0.208519 112.021
760	1	739.425	16909.9	16898.7	11.2136	492	80	186	3	0.0001 Colloc0 492 2326 0.0984338 156.531
770	1	749.047	16888.6	16877.5	11.0565	492	77	189	1	0.0001 Colloc0 492 2316 0.112124 147.025
780	1	758.826	17053.2	17043.3	9.95752	542	66	200	4	0.0001 Colloc0 542 2321 0.300424 87.9728
790	1	768.901	17017.9	17006.3	11.5548	500	68	198	0	0.0001 Colloc0 500 2318 0.0212202 177.953
800	1	778.754	16966.7	16955.4	11.338	513	78	188	3	0.0001 Colloc0 513 2317 0.131034 164.223
810	1	788.679	16913.7	16902.7	10.9894	493	72	194	3	0.0001 Colloc0 493 2278 0.108156 143.041
820	1	798.243	16914	16903.1	10.9339	487	77	189	0	0.0001 Colloc0 487 2304 0.0935083 139.776
830	1	807.893	16814.7	16803.5	11.2164	505	83	183	0	0.0001 Colloc0 505 2263 0.125214 156.706
840	1	817.382	16925.5	16914	11.5144	499	69	197	1	0.0001 Colloc0 499 2271 0.0114606 175.366
850	1	827.358	16962.6	16951.5	11.1832	497	79	187	2	0.0001 Colloc0 497 2300 0.110132 154.678
860	1	837.371	16975.7	16964.7	10.9812	500	73	193	3	0.0001 Colloc0 500 2276 0.102777 142.556
870	1	847.343	16927.8	16916.2	11.6008	497	70	196	3	0.0001 Colloc0 497 2250 0.023429 180.92
880	1	857.505	16928.9	16918.1	10.8072	511	71	195	4	0.0001 Colloc0 511 2265 0.135906 132.441
890	1	867.63	16816.6	16805.4	11.1943	510	90	176	3	0.0001 Colloc0 510 2269 0.108907 155.356
900	1	877.63	16962.4	16951	11.3974	485	73	193	4	0.0001 Colloc0 485 2281 0.0327449 167.947
910	1	887.455	17029.5	17018.2	11.2751	498	71	195	1	0.0001 Colloc0 498 2300 0.104997 160.315
920	1	897.293	16897	16886.2	10.8736	491	82	184	4	0.0001 Colloc0 491 2302 0.159588 136.265
930	1	907.216	16921.6	16911	10.6138	544	75	191	3	0.0001 Colloc0 544 2265 0.304508 121.576
940	1	917.192	16815.1	16804.2	10.8196	479	87	179	2	0.0001 Colloc0 479 2279 0.114054 133.151
950	1	927.102	16949.9	16938.5	11.4127	509	77	189	3	0.0001 Colloc0 509 2334 0.0847757 168.907
960	1	937.023	16858.8	16847.9	10.8374	476	77	189	3	0.0001 Colloc0 476 2294 0.162476 134.173
970	1	946.938	16905.5	16893.9	11.6197	496	80	186	3	0.0001 Colloc0 496 2274 0.0369633 182.141
980	1	956.89	16987.3	16976.1	11.2584	503	71	195	3	0.0001 Colloc0 503 2271 0.0792103 159.288
990	1	966.845	16871	16860.9	10.099	489	76	190	4	0.0001 Colloc0 489 2297 0.307981 94.7594
1000	1	976.593	16988.2	16976.8	11.3508	486	80	186	0	0.0001 Colloc0 486 2314 0.0742181 165.025
1010	1	986.563	16890	16879.6	10.3727	491	76	190	2	0.0001 Colloc0 491 2301 0.205292 108.622
1020	1	996.57	16847.5	16836.3	11.1461	476	81	185	1	0.0001 Colloc0 476 2311 0.0486444 152.419
1030	1	1005.91	16840	16828.7	11.28	494	93	173	3	0.0001 Colloc0 494 2326 0.0823915 160.622
1040	1	1015.25	16780.6	16770.2	10.4254	498	94	172	0	0.0001 Colloc0 498 2290 0.200844 111.392
1050	1	1025.15	16769.2	16758	11.1853	474	102	164	2	0.0001 Colloc0 474 2293 0.078833 154.806
1060	1	1035.19	16829.9	16818.6	11.2731	490	98	168	1	0.0001 Colloc0 490 2306 0.114753 160.196
1070	1	1045.23	16957.3	16946.2	11.0671	511	81	185	2	0.0001 Colloc0 511 2306 0.148181 147.662
1080	1	1055.12	16954.9	16943.3	11.5902	509	77	189	6	0.0001 Colloc0 509 2290 0.111251 180.232
1090	1	1065.02	16979.1	16967.6	11.5164	491	75	191	1	0.0001 Colloc0 491 2314 0.0466626 175.494
1100	1	1074.87	16919	16907.7	11.2691	507	67	199	3	0.0001 Colloc0 507 2286 0.12882 159.944
1110	1	1084.79	16911.1	16900.2	10.8814	507	76	190	1	0.0001 Colloc0 507 2269 0.198904 136.715
1120	1	1094.35	16876.3	16865.3	10.9627	502	72	194	4	0.0001 Colloc0 502 2271 0.128232 141.466
1130	1	1103.81	16924.8	16913.3	11.4678	514	73	193	3	0.0001 Colloc0 514 2275 0.125035 172.396
1140	1	1113.19	16932.9	16922.2	10.6867	491	73	193	1	0.0001 Colloc0 491 2286 0.145337 125.62
1150	1	1122.62	16779.1	16768.4	10.748	489	82	184	0	0.0001 Colloc0 489 2293 0.128407 129.073
1160	1	1132.55	16718.3	16707.5	10.7466	485	86	180	5	0.0001 Colloc0 485 2272 0.144566 128.989
1170	1	1142.46	16795.4	16784.7	10.6889	476	80	186	1	0.0001 Colloc0 476 2278 0.163973 125.743
1180	1	1152.31	16930.1	16918.6	11.497	505	67	199	5	0.0001 Colloc0 505 2266 0.077717 174.256
1190	1	1162.16	16984.8	16973.3	11.4977	488	79	187	1	0.0001 Colloc0 488 2258 0.023796 174.298
1200	1	1171.53	16947.3	16936.1	11.1655	499	72	194	3	0.0001 Colloc0 499 2256 0.114851 153.595
1210	1	1180.75	16809.4	16798	11.3729	487	88	178	1	0.0001 Colloc0 487 2244 0.051637 166.409
1220	1	1190.42	16766.9	16756.3	10.6194	505	83	183	1	0.0001 Colloc0 505 2262 0.179348 121.886
1230	1	1200.34	16833.5	16822.8	10.701	501	85	181	3	0.0001 Colloc0 501 2271 0.217826 126.424
1240	1	1210.31	16853.3	16842.4	10.9106	495	83	183	4	0.0001 Colloc0 495 2288 0.156982 138.415
1250	1	1220.32	16874.5	16863.6	10.8575	490	75	191	2	0.0001 Colloc0 490 2289 0.122516 135.329
1260	1	1229.97	16926.6	16915.7	10.8106	513	79	187	4	0.0001 Colloc0 513 2260 0.21351 132.637
1270	1	1239.46	16841.9	16831.3	10.6408	504	77	189	6	0.0001 Colloc0 504 2298 0.194593 123.067
1280	1	1248.8	16803.8	16792.4	11.3974	470	84	182	3	0.0001 Colloc0 470 2281 0.0344376 167.948
1290	1	1258.68	16883.5	16873.2	10.3182	500	85	181	2	0.0001 Colloc0 500 2287 0.226892 105.788
1300	1	1268.57	16820.4	16809	11.3713	487	77	189	2	0.0001 Colloc0 487 2285 0.0391727 166.304
1310	1	1277.77	16768.1	16757	11.0344	475	85	181	2	0.0001 Colloc0 475 2278 0.0686756 145.707
1320	1	1287.35	16775.7	16763.9	11.8302	492	89	177	1	0.0001 Colloc0 492 2265 0.0130366 195.953
1330	1	1297.06	16817.3	16806	11.285	473	74	192	3	0.0001 Colloc0 473 2294 0.0218608 160.931
1340	1	1306.29	16953.8	16942.9	10.9421	516	85	181	2	0.0001 Colloc0 516 2287 0.174245 140.257
1350	1	1316.39	16883.8	16872.9	10.9036	494	84	182	0	0.0001 Colloc0 494 2282 0.129155 138.005
1360	1	1326.08	16847.2	16836.3	10.9107	492	73	193	0	0.0001 Colloc0 492 2293 0.106598 138.418
1370	1	1335.36	16871.3	16860.5	10.8394	479	74	192	3	0.0001 Colloc0 479 2302 0.162146 134.286
1380	1	1344.55	16829.7	16818.5	11.1758	486	79	187	4	0.0001 Colloc0 486 2268 0.102392 154.222
1390	1	1353.87	16724.3	16713.6	10.7046	484	82	184	2	0.0001 Colloc0 484 2241 0.195556 126.623
1400	1	1363.2	16825.4	16814.7	10.6947	482	76	190	3	0.0001 Colloc0 482 2278 0.204055 126.071
1410	1	1372.51	16820.5	16809.7	10.8544	482	80	186	0	0.0001 Colloc0 482 2268 0.115953 135.152
1420	1	1381.9	16848.8	16838.5	10.3376	482	71	195	1	0.0001 Colloc0 482 2265 0.184096 106.788
1430	1	1391.63	16809.6	16799.2	10.3707	500	76	190	2	0.0001 Colloc0 500 2255 0.23244 108.517
1440	1	1401.38	16809.7	16799.4	10.3831	507	83	183	1	0.0001 Colloc0 507 2250 0.203585 109.166
1450	1	1411.31	16858.6	16847.4	11.1536	504	75	191	2	0.0001 Colloc0 504 2271 0.162257 152.872
1460	1	1421.34	16782.3	16771	11.3143	490	80	186	3	0.0001 Colloc0 490 2273 0.0744416 162.747
1470	1	1431.34	16811.5	16801.5	10.0356	503	65	201	2	0.0001 Colloc0 503 2231 0.276001 91.6883
1480	1	1441.48	16858.1	16847.4	10.7611	491	75	191	3	0.0001 Colloc0 491 2303 0.119712 129.815
1490	1	1451.32	17020.4	17009.3	11.0531	522	72	194	2	0.0001 Colloc0 522 2285 0.126467 146.824
1500	1	1461.34	16880.5	16869.5	11.0558	492	68	198	6	0.0001 Colloc0 492 2282 0.155655 146.985
1510	1	1471.25	16863.1	16852	11.1229	485	76	190	1	0.0001 Colloc0 485 2297 0.0846598 151.018
1520	1	1481.21	16982.8	16971.8	10.9387	516	80	186	3	0.0001 Colloc0 516 2281 0.148796 140.052
1530	1	1491.24	16941.7	16931.1	10.6603	523	76	190	3	0.0001 Colloc0 523 2271 0.257822 124.147
1540	1	1501.14	16814.9	16804.1	10.8245	501	80	186	1	0.0001 Colloc0 501 2246 0.175367 133.432
1550	1	1511.01	16781.9	16771.2	10.7161	490	77	189	0	0.0001 Colloc0 490 2257 0.168231 127.273
1560	1	1520.73	16939.9	16928.8	11.0933	503	76	190	1	0.0001 Colloc0 503 2290 0.135011 149.233
1570	1	1530.53	16842.6	16831.5	11.0996	478	76	190	2	0.0001 Colloc0 478 2263 0.13528 149.608
1580	1	1540.41	16852.2	16841.3	10.9095	494	76	190	3	0.0001 Colloc0 494 2250 0.164657 138.348
1590	1	1550.13	16869.5	16858.8	10.6476	491	78	188	2	0.0001 Colloc0 491 2287 0.151958 123.444
1600	1	1560	16841	16829.7	11.3008	475	94	172	1	0.0001 Colloc0 475 2283 0.0460879 161.911
1610	1	1569.52	16873	16861.9	11.1548	485	78	188	5	0.0001 Colloc0 485 2278 0.068583 152.946
1620	1	1579.28	17001.4	16991.1	10.358	497	74	192	2	0.0001 Colloc0 497 2311 0.235141 107.854
1630	1	1589.08	16746	16735.6	10.4491	472	76	190	1	0.0001 Colloc0 472 2273 0.181347 112.654
1640	1	1599.24	16760.5	16750	10.515	486	84	182	1	0.0001 Colloc0 486 2267 0.192351 116.186
1650	1	1609.28	16705.5	16695.2	10.3635	487	74	192	1	0.0001 Colloc0 487 2265 0.247521 108.137
1660	1	1619.31	16941.1	16929.2	11.9111	509	73	193	1	0.0001 Colloc0 509 2286 0.0246041 201.357
1670	1	1629.2	16778	16767.1	10.8894	494	79	187	3	0.0001 Colloc0 494 2259 0.156399 137.178
1680	1	1639.43	16826.4	16815.2	11.1473	497	84	182	0	0.0001 Colloc0 497 2277 0.078366 152.491
1690	1	1649.36	16849.7	16838.5	11.2084	491	78	188	3	0.0001 Colloc0 491 2283 0.0504527 156.214
1700	1	1658.78	16743.6	16732.3	11.2338	484	75	191	5	0.0001 Colloc0 484 2253 0.108734 157.773
1710	1	1668.54	16858.2	16846.9	11.314	486	69	197	3	0.0001 Colloc0 486 2237 0.0666202 162.731
1720	1	1678.26	16744.8	16733.1	11.6244	494	83	183	2	0.0001 Colloc0 494 2241 0.0457784 182.45
1730	1	1687.72	16930.5	16919.1	11.3787	497	77	189	5	0.0001 Colloc0 497 2307 0.0557431 166.774
1740	1	1696.98	16891.9	16880.8	11.0276	488	71	195	2	0.0001 Colloc0 488 2273 0.119473 145.301
1750	1	1706.31	16797.6	16786.7	10.8367	497	73	193	7	0.0001 Colloc0 497 2243 0.140062 134.133
1760	1	1715.6	16902	16891.1	10.8988	508	69	197	1	0.0001 Colloc0 508 2260 0.109427 137.725
1770	1	1725.08	16816.9	16806	10.8584	496	78	188	5	0.0001 Colloc0 496 2280 0.149395 135.386
1780	1	1734.99	16939.6	16929.6	10.0127	500	71	195	5	0.0001 Colloc0 500 2289 0.219476 90.5885
1790	1	1745.08	16909.9	16899	10.835	490	74	192	1	0.0001 Colloc0 490 2302 0.155556 134.035
1800	1	1755.06	16905	16893.7	11.3123	497	74	192	0	0.0001 Colloc0 497 2285 0.0838531 162.625
1810	1	1764.99	16860.7	16849.5	11.2037	501	69	197	4	0.0001 Colloc0 501 2276 0.107102 155.929
1820	1	1774.9	16769.9	16758.5	11.4517	485	89	177	3	0.0001 Colloc0 485 2261 0.0906202 171.373
1830	1	1784.77	16789.2	16778.3	10.8999	488	79	187	6	0.0001 Colloc0 488 2278 0.149642 137.788
1840	1	1794.6	16809.2	16798.2	11.0027	511	65	201	1	0.0001 Colloc0 511 2276 0.16232 143.822
1850	1	1804.48	16848.1	16837.1	11.0382	490	72	194	3	0.0001 Colloc0 490 2296 0.16937 145.933
1860	1	1813.84	16853.2	16842.7	10.4765	492	83	183	1	0.0001 Colloc0 492 2277 0.212125 114.112
1870	1	1823.4	16775.3	16764.1	11.1986	502	84	182	4	0.0001 Colloc0 502 2273 0.148643 155.617
1880	1	1832.98	16816.2	16805.3	10.8827	490	78	188	2	0.0001 Colloc0 490 2270 0.110537 136.791
1890	1	1842.23	16837.5	16826.4	11.1368	499	87	179	0	0.0001 Colloc0 499 2276 0.122527 151.857
1900	1	1851.53	16753.5	16742.2	11.3752	497	90	176	3	0.0001 Colloc0 497 2240 0.0383618 166.55
1910	1	1860.99	16739.6	16728.4	11.2071	480	96	170	2	0.0001 Colloc0 480 2261 0.0861936 156.138
1920	1	1870.21	16862.1	16850.9	11.1732	495	68	198	2	0.0001 Colloc0 495 2264 0.139312 154.068
1930	1	1879.66	16844.7	16833.8	10.9088	482	69	197	1	0.0001 Colloc0 482 2254 0.137722 138.307
1940	1	1888.9	16802.4	16791.4	11.0263	486	79	187	3	0.0001 Colloc0 486 2262 0.13878 145.228
1950	1	1898.15	16769	16758.5	10.5242	473	82	184	2	0.0001 Colloc0 473 2248 0.173165 116.683
1960	1	1907.82	16818.2	16806.7	11.5197	501	77	189	3	0.0001 Colloc0 501 2259 0.109611 175.707
1970	1	1917.38	16825.4	16814.3	11.0505	490	82	184	1	0.0001 Colloc0 490 2279 0.0909132 146.666
1980	1	1927.4	16911.5	16900.2	11.2812	500	71	195	3	0.0001 Colloc0 500 2275 0.127593 160.694
1990	1	1937.12	16791.5	16780.7	10.7966	491	71	195	3	0.0001 Colloc0 491 2270 0.187963 131.835
2000	1	1946.41	16789.4	16778.2	11.164	480	71	195	1	0.0001 Colloc0 480 2251 0.0998447 153.507
