# D = 0, E = 1, I = 1, P = 1, R = -1, n = 2000, N = 1, P = 1, w = 1, a = 0.0001, b = 10000, e = 1, f = 1, g = 100, h = 0.01, r = 24668, s = 1, S = 0, x = 10, m = 100, Z = 1, z = 0, T = 1, t = 1
# 5710 tokens in 266 sentences
#
# It	Temp	Time	-logP	-logPcorpus	-logPrior	tables	same	changed	reject	default_pya	(parent pym pyn pya pyb)*
0	1	0.760884	23042.2	22928.4	113.764	1793	0	266	0	0.0001 Colloc0 1793 2573 0.0001 10000
10	1	11.1623	18523.5	18511.5	12.0758	628	28	238	3	0.0001 Colloc0 628 2459 0.113395 212.495
20	1	21.0968	17971.7	17960	11.7228	537	43	223	5	0.0001 Colloc0 537 2468 0.0345091 188.868
30	1	30.7473	17653.7	17642.5	11.1375	536	55	211	4	0.0001 Colloc0 536 2429 0.136005 151.901
40	1	40.1859	17672.8	17661.3	11.5145	524	64	202	2	0.0001 Colloc0 524 2459 0.06172 175.373
50	1	50.1624	17592.4	17580.7	11.6723	524	67	199	8	0.0001 Colloc0 524 2454 0.0796907 185.563
60	1	60.0629	17520	17508.6	11.3523	525	74	192	3	0.0001 Colloc0 525 2441 0.102594 165.115
70	1	70.0304	17371.5	17361	10.5262	494	79	187	4	0.0001 Colloc0 494 2411 0.197754 116.789
80	1	79.9119	17451.9	17440.5	11.3795	490	78	188	3	0.0001 Colloc0 490 2474 0.0550622 166.821
90	1	89.9813	17470.1	17459.2	10.8759	505	74	192	3	0.0001 Colloc0 505 2439 0.150202 136.398
100	1	99.6998	17402	17391.1	10.9526	499	63	203	5	0.0001 Colloc0 499 2460 0.116713 140.868
110	1	109.472	17552.6	17541.5	11.1163	513	60	206	7	0.0001 Colloc0 513 2438 0.115488 150.62
120	1	119.369	17580.3	17569	11.3219	498	68	198	7	0.0001 Colloc0 498 2441 0.0223433 163.22
130	1	128.916	17557.3	17546.3	10.9467	531	58	208	6	0.0001 Colloc0 531 2444 0.152528 140.527
140	1	138.786	17388.7	17377.9	10.816	494	68	198	6	0.0001 Colloc0 494 2436 0.142962 132.945
150	1	148.66	17476.1	17464.7	11.413	473	66	200	4	0.0001 Colloc0 473 2449 0.0369436 168.93
160	1	158.519	17489.3	17478	11.2973	497	66	200	1	0.0001 Colloc0 497 2430 0.0236433 161.694
170	1	168.39	17576	17564.4	11.5838	506	54	212	5	0.0001 Colloc0 506 2434 0.0714507 179.825
180	1	177.959	17456.6	17445.9	10.6261	488	63	203	1	0.0001 Colloc0 488 2441 0.124124 122.256
190	1	187.804	17426.1	17414.5	11.6087	479	66	200	7	0.0001 Colloc0 479 2495 0.00924907 181.433
200	1	197.129	17268.8	17258	10.8284	481	67	199	3	0.0001 Colloc0 481 2456 0.10456 133.658
210	1	206.28	17439.7	17428.7	10.9827	487	65	201	2	0.0001 Colloc0 487 2451 0.0764364 142.643
220	1	215.769	17510.4	17498.6	11.8303	527	58	208	1	0.0001 Colloc0 527 2415 0.0516016 195.964
230	1	225.391	17393.7	17382.5	11.1753	496	64	202	0	0.0001 Colloc0 496 2476 0.118437 154.193
240	1	234.707	17475.7	17464.4	11.3826	511	57	209	4	0.0001 Colloc0 511 2440 0.0631528 167.018
250	1	243.97	17289.2	17278.1	11.1392	482	59	207	2	0.0001 Colloc0 482 2425 0.108694 152
260	1	253.867	17328.4	17317.1	11.2732	481	69	197	2	0.0001 Colloc0 481 2417 0.0551566 160.201
270	1	263.761	17246.4	17235.1	11.288	511	64	202	4	0.0001 Colloc0 511 2405 0.0913452 161.117
280	1	273.683	17180.8	17170.2	10.6786	485	74	192	1	0.0001 Colloc0 485 2398 0.129401 125.167
290	1	283.51	17139	17128.2	10.7789	455	79	187	3	0.0001 Colloc0 455 2426 0.0861141 130.824
300	1	293.24	17176.2	17165.9	10.2351	486	78	188	4	0.0001 Colloc0 486 2382 0.210028 101.538
310	1	303.057	17265.6	17254.7	10.9272	502	65	201	3	0.0001 Colloc0 502 2397 0.145606 139.384
320	1	313.026	17137	17126.4	10.5725	510	64	202	1	0.0001 Colloc0 510 2411 0.209978 119.306
330	1	322.283	17296.6	17285.1	11.553	488	62	204	1	0.0001 Colloc0 488 2420 0.0566654 177.842
340	1	331.889	17244.2	17233.8	10.3608	517	64	202	2	0.0001 Colloc0 517 2373 0.231896 107.999
350	1	341.918	17168.6	17157.9	10.7653	489	68	198	2	0.0001 Colloc0 489 2372 0.154133 130.053
360	1	351.756	17142	17130.8	11.1109	478	74	192	1	0.0001 Colloc0 478 2389 0.0474638 150.289
370	1	361.475	17156.5	17145.1	11.4555	487	66	200	3	0.0001 Colloc0 487 2384 0.0291189 171.615
380	1	371.273	17186.8	17176.2	10.5934	496	56	210	1	0.0001 Colloc0 496 2343 0.191639 120.453
390	1	381.062	17123.1	17111.6	11.483	490	66	200	3	0.0001 Colloc0 490 2370 0.0614156 173.361
400	1	390.778	17255.5	17245	10.5345	504	60	206	1	0.0001 Colloc0 504 2391 0.17782 117.238
410	1	400.525	17104.7	17093.4	11.3448	472	77	189	4	0.0001 Colloc0 472 2374 0.048247 164.649
420	1	410.16	17158.9	17148.1	10.8547	474	75	191	3	0.0001 Colloc0 474 2371 0.105308 135.171
430	1	419.357	17153.2	17142.1	11.1616	480	69	197	1	0.0001 Colloc0 480 2396 0.057476 153.361
440	1	428.737	17251.8	17241.3	10.4716	494	54	212	2	0.0001 Colloc0 494 2429 0.192162 113.853
450	1	438.579	17132	17122.2	9.75798	500	70	196	2	0.0001 Colloc0 500 2357 0.304165 78.8536
460	1	448.469	17099.3	17089.1	10.1837	474	65	201	2	0.0001 Colloc0 474 2385 0.205336 98.9518
470	1	458.345	17225.6	17215.2	10.4144	515	59	207	4	0.0001 Colloc0 515 2365 0.236674 110.809
480	1	468.43	17089.9	17078.8	11.1706	485	74	192	4	0.0001 Colloc0 485 2356 0.120692 153.907
490	1	477.928	17220.5	17209.4	11.0939	477	80	186	4	0.0001 Colloc0 477 2401 0.109521 149.268
500	1	487.196	17093	17081.7	11.3144	507	66	200	2	0.0001 Colloc0 507 2363 0.102356 162.755
510	1	496.829	17122.1	17110.7	11.4551	476	79	187	2	0.0001 Colloc0 476 2365 0.0408303 171.589
520	1	506.66	17055.2	17044.5	10.6367	509	63	203	0	0.0001 Colloc0 509 2323 0.22603 122.841
530	1	515.892	17094.6	17083.3	11.2552	476	67	199	3	0.0001 Colloc0 476 2355 0.0777549 159.091
540	1	525.463	17052.8	17042.4	10.3737	483	77	189	3	0.0001 Colloc0 483 2354 0.187522 108.671
550	1	535.074	17096.5	17085.7	10.7934	499	75	191	1	0.0001 Colloc0 499 2340 0.161813 131.652
560	1	544.766	17092.1	17081	11.0207	492	72	194	1	0.0001 Colloc0 492 2359 0.122825 144.892
570	1	554.355	17217	17205.6	11.3981	499	60	206	1	0.0001 Colloc0 499 2397 0.0983745 167.993
580	1	563.735	17039.9	17029.3	10.6002	495	74	192	2	0.0001 Colloc0 495 2350 0.191257 120.827
590	1	573.845	17113	17102.1	10.848	511	61	205	3	0.0001 Colloc0 511 2378 0.153392 134.784
600	1	583.943	17176.4	17165.6	10.77	502	65	201	5	0.0001 Colloc0 502 2368 0.156976 130.32
610	1	593.619	17028.8	17017.5	11.2833	480	69	197	4	0.0001 Colloc0 480 2383 0.0720063 160.823
620	1	603.326	17218.1	17206.9	11.172	505	63	203	2	0.0001 Colloc0 505 2385 0.0997176 153.993
630	1	613.094	17202.9	17192.1	10.7962	529	56	210	2	0.0001 Colloc0 529 2385 0.220118 131.812
640	1	622.668	17059	17048.4	10.5686	491	64	202	1	0.0001 Colloc0 491 2345 0.159351 119.093
650	1	632.568	17001.6	16990.7	10.9808	494	62	204	1	0.0001 Colloc0 494 2313 0.122829 142.533
660	1	642.331	17003.8	16992	11.7494	504	78	188	2	0.0001 Colloc0 504 2334 0.0433324 190.611
670	1	652.056	17155	17144.9	10.1064	525	66	200	2	0.0001 Colloc0 525 2364 0.261755 95.1246
680	1	661.986	17161.8	17150.6	11.2262	503	63	203	1	0.0001 Colloc0 503 2357 0.0957199 157.304
690	1	671.622	17031.9	17020.9	10.9892	487	67	199	2	0.0001 Colloc0 487 2333 0.0542543 143.028
700	1	680.857	17017.7	17007.2	10.4511	483	80	186	2	0.0001 Colloc0 483 2354 0.170852 112.759
710	1	690.366	17035.1	17024	11.1445	497	70	196	3	0.0001 Colloc0 497 2334 0.0997506 152.32
720	1	699.89	17054.6	17043.3	11.3425	485	61	205	1	0.0001 Colloc0 485 2360 0.0550252 164.505
730	1	709.508	17062	17051	10.9799	484	71	195	3	0.0001 Colloc0 484 2353 0.106799 142.479
740	1	719.243	16962.8	16952.4	10.4345	488	72	194	5	0.0001 Colloc0 488 2372 0.230661 111.877
750	1	728.896	17041.4	17030.8	10.5521	491	74	192	0	0.0001 Colloc0 491 2386 0.158882 118.195
760	1	738.765	16884.1	16873.3	10.7807	482	81	185	2	0.0001 Colloc0 482 2341 0.164962 130.927
770	1	748.659	16995	16984.2	10.7932	494	83	183	1	0.0001 Colloc0 494 2350 0.145574 131.64
780	1	758.689	16890.5	16879.6	10.9476	489	82	184	3	0.0001 Colloc0 489 2323 0.0896489 140.578
790	1	768.607	16965.5	16955.1	10.4672	497	83	183	2	0.0001 Colloc0 497 2355 0.1685 113.618
800	1	778.567	16976.7	16966.8	9.82718	500	78	188	2	0.0001 Colloc0 500 2361 0.2612 81.9543
810	1	788.206	16971.6	16961	10.5901	499	80	186	2	0.0001 Colloc0 499 2353 0.185216 120.271
820	1	797.946	17108.7	17097.8	10.9364	507	70	196	2	0.0001 Colloc0 507 2350 0.121674 139.918
830	1	807.93	17001.2	16990.3	10.8745	504	81	185	4	0.0001 Colloc0 504 2329 0.171483 136.317
840	1	818.107	16910	16898.9	11.0706	484	83	183	1	0.0001 Colloc0 484 2316 0.145573 147.871
850	1	828.108	16977	16966	11.0012	488	74	192	1	0.0001 Colloc0 488 2345 0.162116 143.736
860	1	838.048	17022.4	17010.9	11.4247	501	73	193	1	0.0001 Colloc0 501 2353 0.0809235 169.668
870	1	847.975	16985.4	16974.9	10.5373	494	81	185	3	0.0001 Colloc0 494 2347 0.231187 117.391
880	1	857.879	17011.9	17001.1	10.7669	502	79	187	1	0.0001 Colloc0 502 2384 0.161793 130.143
890	1	867.819	17076.5	17066.2	10.2945	520	72	194	1	0.0001 Colloc0 520 2330 0.238937 104.566
900	1	877.275	17147.1	17135.9	11.151	489	70	196	4	0.0001 Colloc0 489 2392 0.0926834 152.717
910	1	887.153	17060.8	17049.6	11.2632	493	78	188	3	0.0001 Colloc0 493 2357 0.0828302 159.582
920	1	896.862	17055.6	17044.7	10.8823	474	77	189	2	0.0001 Colloc0 474 2369 0.128427 136.77
930	1	906.497	17057.1	17046	11.123	524	73	193	2	0.0001 Colloc0 524 2355 0.15372 151.021
940	1	916.142	17195.7	17185	10.7281	512	66	200	3	0.0001 Colloc0 512 2355 0.193826 127.946
950	1	926.024	17074	17062.9	11.0931	479	70	196	1	0.0001 Colloc0 479 2346 0.0818048 149.223
960	1	936.056	17176.4	17165.5	10.9684	517	66	200	3	0.0001 Colloc0 517 2369 0.181856 141.799
970	1	945.665	17066.7	17055.4	11.255	527	70	196	1	0.0001 Colloc0 527 2365 0.158031 159.078
980	1	955.638	17126.5	17115.6	10.9206	488	79	187	2	0.0001 Colloc0 488 2397 0.127177 138.999
990	1	965.358	17155.9	17144.8	11.0888	493	64	202	2	0.0001 Colloc0 493 2370 0.0933817 148.959
1000	1	975.205	17147.3	17136.4	10.8778	497	65	201	4	0.0001 Colloc0 497 2386 0.107635 136.506
1010	1	985.046	17135.8	17125	10.7846	504	70	196	1	0.0001 Colloc0 504 2369 0.143462 131.148
1020	1	994.862	16990.8	16979.2	11.5397	497	71	195	4	0.0001 Colloc0 497 2343 0.0572733 176.984
1030	1	1004.81	17008.6	16997.1	11.5249	473	81	185	2	0.0001 Colloc0 473 2356 0.0317453 176.036
1040	1	1014.69	16976	16964.6	11.3599	478	69	197	2	0.0001 Colloc0 478 2340 0.0528863 165.595
1050	1	1024.77	16919.6	16909.2	10.4251	501	66	200	1	0.0001 Colloc0 501 2299 0.212976 111.378
1060	1	1034.67	16920.9	16910.4	10.5095	490	80	186	1	0.0001 Colloc0 490 2326 0.221244 115.889
1070	1	1044.28	16902	16890.7	11.3218	479	76	190	0	0.0001 Colloc0 479 2325 0.0903987 163.217
1080	1	1054.23	17008.7	16996.9	11.803	497	62	204	3	0.0001 Colloc0 497 2358 0.00338557 194.154
1090	1	1063.86	17047	17035.4	11.5595	491	72	194	1	0.0001 Colloc0 491 2345 0.00750914 178.26
1100	1	1073.45	17065	17054.3	10.6344	488	72	194	2	0.0001 Colloc0 488 2340 0.149722 122.71
1110	1	1083.03	17025.4	17013.6	11.8333	512	71	195	1	0.0001 Colloc0 512 2332 0.0120477 196.161
1120	1	1092.96	16948	16937.1	10.9014	513	70	196	1	0.0001 Colloc0 513 2315 0.213936 137.878
1130	1	1102.6	17008	16996.4	11.6358	504	75	191	0	0.0001 Colloc0 504 2323 0.0589162 183.184
1140	1	1112.61	16913.1	16902.4	10.7285	506	69	197	6	0.0001 Colloc0 506 2294 0.176325 127.97
1150	1	1122.65	16982.5	16971.6	10.8966	498	72	194	4	0.0001 Colloc0 498 2344 0.15005 137.596
1160	1	1132.59	17023.4	17011.8	11.5851	498	66	200	3	0.0001 Colloc0 498 2329 0.0916768 179.903
1170	1	1142.07	17080.2	17069	11.1491	506	67	199	3	0.0001 Colloc0 506 2347 0.123782 152.599
1180	1	1151.76	16862.7	16851.3	11.3741	504	76	190	1	0.0001 Colloc0 504 2333 0.119912 166.48
1190	1	1161.65	16965.2	16954.2	11.0756	489	64	202	3	0.0001 Colloc0 489 2324 0.0955889 148.167
1200	1	1171.64	17165.8	17154.9	10.8853	506	51	215	2	0.0001 Colloc0 506 2354 0.122306 136.943
1210	1	1181.57	16871.4	16861.1	10.3202	486	73	193	0	0.0001 Colloc0 486 2327 0.220121 105.892
1220	1	1191.55	16990.9	16980.1	10.7403	483	68	198	5	0.0001 Colloc0 483 2340 0.169055 128.634
1230	1	1201.27	16939.8	16928.8	10.9917	498	74	192	1	0.0001 Colloc0 498 2316 0.143426 143.172
1240	1	1210.88	17046.4	17035.6	10.8393	511	70	196	3	0.0001 Colloc0 511 2335 0.123626 134.283
1250	1	1220.83	17059.5	17048.3	11.1353	496	66	200	1	0.0001 Colloc0 496 2347 0.127517 151.765
1260	1	1230.42	16978.5	16967.3	11.2091	489	63	203	2	0.0001 Colloc0 489 2347 0.075461 156.259
1270	1	1240.31	16909.2	16898.3	10.8466	485	80	186	1	0.0001 Colloc0 485 2351 0.133485 134.705
1280	1	1250.21	17005.9	16995.1	10.8343	496	73	193	1	0.0001 Colloc0 496 2368 0.155966 133.993
1290	1	1260.25	17051.2	17040	11.2	506	61	205	2	0.0001 Colloc0 506 2362 0.118883 155.702
1300	1	1269.83	16869.4	16858.9	10.5586	510	82	184	3	0.0001 Colloc0 510 2313 0.236878 118.552
1310	1	1279.23	16903.7	16892.5	11.2474	476	85	181	1	0.0001 Colloc0 476 2331 0.0413963 158.612
1320	1	1289.07	16967.4	16956.5	10.8747	488	70	196	5	0.0001 Colloc0 488 2345 0.166268 136.324
1330	1	1299.09	16989.8	16979.4	10.4416	487	72	194	2	0.0001 Colloc0 487 2359 0.199717 112.254
1340	1	1308.98	17061.8	17050.9	10.8477	503	62	204	5	0.0001 Colloc0 503 2355 0.15636 134.765
1350	1	1318.91	17165.9	17154.7	11.178	515	57	209	0	0.0001 Colloc0 515 2364 0.0992376 154.357
1360	1	1328.76	17035.6	17024.3	11.3012	491	63	203	3	0.0001 Colloc0 491 2336 0.100477 161.937
1370	1	1338.46	16907	16896.9	10.0853	476	76	190	4	0.0001 Colloc0 476 2348 0.184994 94.0924
1380	1	1348.24	16967.3	16956.3	10.9718	487	64	202	1	0.0001 Colloc0 487 2340 0.114171 142
1390	1	1357.75	16978.5	16967	11.5481	477	73	193	3	0.0001 Colloc0 477 2342 0.00452321 177.522
1400	1	1367.43	16900	16888.6	11.3773	467	67	199	1	0.0001 Colloc0 467 2352 0.0617082 166.686
1410	1	1377.3	16877.9	16867.1	10.8272	461	82	184	2	0.0001 Colloc0 461 2348 0.0837824 133.587
1420	1	1387.33	17036.1	17025.7	10.3526	498	72	194	5	0.0001 Colloc0 498 2334 0.192979 107.572
1430	1	1397.23	16936.3	16925.2	11.1152	495	78	188	1	0.0001 Colloc0 495 2362 0.113319 150.549
1440	1	1406.71	16922.6	16910.8	11.8079	487	74	192	3	0.0001 Colloc0 487 2347 0.0234132 194.474
1450	1	1416.39	16826.3	16815.6	10.6725	493	84	182	0	0.0001 Colloc0 493 2329 0.196393 124.83
1460	1	1425.91	16974.7	16963.7	11.0064	476	75	191	3	0.0001 Colloc0 476 2327 0.0937963 144.046
1470	1	1435.31	17028.1	17017.1	10.9464	495	56	210	4	0.0001 Colloc0 495 2375 0.109805 140.506
1480	1	1445	16864	16852.8	11.2082	476	71	195	3	0.0001 Colloc0 476 2332 0.0592932 156.201
1490	1	1454.92	16980.1	16969.2	10.9238	520	65	201	0	0.0001 Colloc0 520 2304 0.163806 139.181
1500	1	1464.73	16979	16967.8	11.2846	486	81	185	3	0.0001 Colloc0 486 2331 0.13255 160.908
1510	1	1474.46	17022.3	17010.7	11.589	491	74	192	4	0.0001 Colloc0 491 2349 0.0843482 180.155
1520	1	1484.37	17083.1	17072.1	10.9802	506	70	196	2	0.0001 Colloc0 506 2350 0.152264 142.492
1530	1	1494.31	17058.1	17046.8	11.3032	505	70	196	0	0.0001 Colloc0 505 2333 0.122985 162.058
1540	1	1504.32	17012.2	17001.3	10.8074	509	74	192	5	0.0001 Colloc0 509 2324 0.196281 132.451
1550	1	1514.28	17004.4	16993.2	11.2219	503	78	188	2	0.0001 Colloc0 503 2339 0.103443 157.043
1560	1	1524.15	16812.7	16802.1	10.6075	486	65	201	4	0.0001 Colloc0 486 2322 0.187583 121.228
1570	1	1534.21	16834.3	16824.3	9.96697	502	82	184	3	0.0001 Colloc0 502 2296 0.294724 88.418
1580	1	1544.26	16966.4	16955.7	10.6855	487	76	190	4	0.0001 Colloc0 487 2309 0.161225 125.552
1590	1	1553.98	16851.7	16840.8	10.8851	488	67	199	3	0.0001 Colloc0 488 2337 0.163782 136.929
1600	1	1563.88	16869.3	16858.2	11.097	470	77	189	2	0.0001 Colloc0 470 2346 0.112115 149.457
1610	1	1573.71	16974	16962.2	11.8226	502	66	200	1	0.0001 Colloc0 502 2344 0.0610916 195.449
1620	1	1583.51	17043.5	17033.2	10.357	525	57	209	2	0.0001 Colloc0 525 2321 0.268649 107.8
1630	1	1593.03	16786.3	16775.6	10.7352	486	78	188	3	0.0001 Colloc0 486 2308 0.189662 128.346
1640	1	1602.71	16686.5	16676.1	10.4483	493	92	174	2	0.0001 Colloc0 493 2314 0.213374 112.61
1650	1	1612.6	16856.1	16846	10.1198	485	78	188	2	0.0001 Colloc0 485 2335 0.283243 95.7794
1660	1	1622.25	16886.4	16875.5	10.9029	502	75	191	3	0.0001 Colloc0 502 2318 0.172535 137.962
1670	1	1631.54	16919.6	16909.2	10.4639	477	76	190	4	0.0001 Colloc0 477 2323 0.132718 113.443
1680	1	1641.12	16688.3	16677.6	10.6621	467	81	185	2	0.0001 Colloc0 467 2328 0.106726 124.251
1690	1	1650.98	16814.3	16803.5	10.7175	504	87	179	0	0.0001 Colloc0 504 2301 0.195955 127.347
1700	1	1661.03	16851.6	16840.3	11.2368	494	79	187	1	0.0001 Colloc0 494 2335 0.104466 157.957
1710	1	1670.58	16828.7	16817.8	10.8411	482	80	186	3	0.0001 Colloc0 482 2327 0.116706 134.385
1720	1	1680.34	16858.1	16847.4	10.7659	506	77	189	2	0.0001 Colloc0 506 2331 0.149463 130.084
1730	1	1689.89	16836.9	16826.1	10.8119	486	86	180	2	0.0001 Colloc0 486 2321 0.152149 132.708
1740	1	1699.5	16794.2	16783.1	11.031	485	88	178	3	0.0001 Colloc0 485 2339 0.128457 145.505
1750	1	1709.3	16720.7	16709.1	11.5693	466	103	163	2	0.0001 Colloc0 466 2312 0.0263397 178.886
1760	1	1718.74	16644.7	16634.1	10.6239	470	89	177	0	0.0001 Colloc0 470 2291 0.182041 122.132
1770	1	1728.45	16798.9	16787.8	11.0629	495	85	181	1	0.0001 Colloc0 495 2312 0.133126 147.411
1780	1	1738.08	16817.6	16807.4	10.2429	499	86	180	2	0.0001 Colloc0 499 2297 0.210867 101.932
1790	1	1748.02	16788.5	16778.2	10.2981	490	88	178	4	0.0001 Colloc0 490 2281 0.21731 104.749
1800	1	1757.99	16830.5	16820	10.4728	500	81	185	0	0.0001 Colloc0 500 2301 0.208009 113.916
1810	1	1768.01	16749.3	16738.5	10.8035	486	88	178	3	0.0001 Colloc0 486 2305 0.1131 132.229
1820	1	1777.82	16808.4	16798	10.4322	497	79	187	2	0.0001 Colloc0 497 2306 0.215205 111.754
1830	1	1787.72	16792.4	16781.8	10.5674	483	75	191	2	0.0001 Colloc0 483 2301 0.122254 119.031
1840	1	1797.62	16743.5	16733	10.5072	467	88	178	3	0.0001 Colloc0 467 2337 0.181644 115.765
1850	1	1807.55	16747.7	16737.2	10.5054	490	81	185	3	0.0001 Colloc0 490 2300 0.176649 115.666
1860	1	1817.4	16723.2	16712.2	11.032	481	95	171	5	0.0001 Colloc0 481 2293 0.124894 145.568
1870	1	1827.25	16815.1	16804.6	10.4369	506	85	181	1	0.0001 Colloc0 506 2309 0.21278 112.002
1880	1	1837.44	16704.1	16693.2	10.9338	478	93	173	6	0.0001 Colloc0 478 2302 0.133011 139.767
1890	1	1847.42	16779.8	16768.1	11.6605	492	74	192	2	0.0001 Colloc0 492 2307 0.0214541 184.795
1900	1	1857.29	16873.4	16863.2	10.1775	496	73	193	0	0.0001 Colloc0 496 2284 0.262078 98.6412
1910	1	1867.1	16933.4	16921.9	11.5432	472	64	202	3	0.0001 Colloc0 472 2341 0.0447951 177.21
1920	1	1876.84	16720.9	16709.7	11.254	470	91	175	4	0.0001 Colloc0 470 2316 0.0349876 159.013
1930	1	1886.68	16746.3	16736	10.3807	496	93	173	1	0.0001 Colloc0 496 2315 0.206715 109.037
1940	1	1896.57	16871.4	16860.2	11.23	485	81	185	4	0.0001 Colloc0 485 2335 0.0596465 157.537
1950	1	1906.68	16901.7	16890.5	11.157	505	71	195	2	0.0001 Colloc0 505 2298 0.0909891 153.079
1960	1	1916.6	16860	16849.4	10.5755	513	73	193	1	0.0001 Colloc0 513 2312 0.230746 119.473
1970	1	1926.63	16763.8	16752.8	10.9431	476	77	189	1	0.0001 Colloc0 476 2281 0.120309 140.31
1980	1	1936.62	16800.7	16789.7	10.9685	478	82	184	1	0.0001 Colloc0 478 2313 0.148105 141.805
1990	1	1946.61	16844	16833.2	10.7747	504	92	174	2	0.0001 Colloc0 504 2319 0.157678 130.583
2000	1	1956.04	16817.5	16806.9	10.6231	497	76	190	3	0.0001 Colloc0 497 2323 0.18264 122.088
