# D = 0, E = 1, I = 1, P = 1, R = -1, n = 2000, N = 1, P = 1, w = 1, a = 0.0001, b = 10000, e = 1, f = 1, g = 100, h = 0.01, r = 30490, s = 1, S = 0, x = 10, m = 100, Z = 1, z = 0, T = 1, t = 1
# 5710 tokens in 266 sentences
#
# It	Temp	Time	-logP	-logPcorpus	-logPrior	tables	same	changed	reject	default_pya	(parent pym pyn pya pyb)*
0	1	0.769882	24270.9	24157.2	113.764	2306	0	266	0	0.0001 Colloc0 2306 3133 0.0001 10000
10	1	11.4473	18727.9	18716.4	11.534	594	31	235	4	0.0001 Colloc0 594 2577 0.158903 176.621
20	1	20.7818	18184.6	18173.4	11.1701	525	35	231	2	0.0001 Colloc0 525 2562 0.093345 153.879
30	1	30.7203	17975.3	17964.7	10.629	511	40	226	5	0.0001 Colloc0 511 2548 0.180173 122.413
40	1	40.5698	17821.1	17809.4	11.6757	494	56	210	4	0.0001 Colloc0 494 2555 0.0262728 185.782
50	1	50.3173	17808.4	17796.7	11.6912	495	48	218	1	0.0001 Colloc0 495 2553 0.00133034 186.797
60	1	59.9149	17739	17727.9	11.0873	529	55	211	3	0.0001 Colloc0 529 2516 0.143628 148.873
70	1	69.6294	17684.8	17673.9	10.8369	485	58	208	0	0.0001 Colloc0 485 2510 0.100988 134.147
80	1	79.4569	17581.1	17569.9	11.2176	485	49	217	0	0.0001 Colloc0 485 2513 0.0288886 156.777
90	1	89.2494	17816.6	17804.8	11.8148	508	35	231	1	0.0001 Colloc0 508 2547 0.0145931 194.931
100	1	99.0239	17543.2	17532	11.2749	481	53	213	2	0.0001 Colloc0 481 2526 0.0382479 160.304
110	1	108.901	17549.7	17538.6	11.1037	478	56	210	2	0.0001 Colloc0 478 2509 0.081086 149.859
120	1	118.668	17641.6	17630.1	11.5427	505	49	217	2	0.0001 Colloc0 505 2536 0.064948 177.181
130	1	128.554	17559.8	17549.1	10.7406	514	53	213	5	0.0001 Colloc0 514 2528 0.154819 128.653
140	1	138.375	17544.9	17533.7	11.2518	501	46	220	1	0.0001 Colloc0 501 2502 0.0933429 158.879
150	1	148.015	17576	17565.6	10.4008	490	48	218	3	0.0001 Colloc0 490 2512 0.209057 110.092
160	1	157.854	17399.6	17389.1	10.5481	486	64	202	1	0.0001 Colloc0 486 2496 0.136187 117.979
170	1	167.796	17485.1	17474.1	10.9569	494	53	213	1	0.0001 Colloc0 494 2511 0.108137 141.125
180	1	177.414	17525.8	17514.8	11.0423	491	50	216	3	0.0001 Colloc0 491 2517 0.106308 146.178
190	1	187.22	17598.9	17587.7	11.2214	524	52	214	3	0.0001 Colloc0 524 2498 0.120928 157.011
200	1	197.113	17586.1	17575.2	10.8743	493	48	218	0	0.0001 Colloc0 493 2501 0.127394 136.303
210	1	206.945	17458.9	17448.2	10.7626	501	56	210	3	0.0001 Colloc0 501 2495 0.131758 129.901
220	1	216.62	17533.7	17523.3	10.3774	497	49	217	3	0.0001 Colloc0 497 2502 0.188003 108.867
230	1	226.291	17345	17334.2	10.8014	478	55	211	3	0.0001 Colloc0 478 2467 0.097957 132.111
240	1	235.978	17479.5	17468.6	10.8431	501	57	209	5	0.0001 Colloc0 501 2480 0.159842 134.499
250	1	246.006	17374.4	17363.1	11.3305	479	59	207	6	0.0001 Colloc0 479 2466 0.0941049 163.758
260	1	255.898	17357	17345.9	11.0575	494	58	208	3	0.0001 Colloc0 494 2452 0.0821999 147.088
270	1	265.837	17480.2	17470	10.1507	508	58	208	2	0.0001 Colloc0 508 2458 0.217692 97.3094
280	1	275.717	17247.3	17235.9	11.365	475	56	210	1	0.0001 Colloc0 475 2461 0.0193102 165.91
290	1	285.504	17276.7	17265.5	11.119	492	63	203	1	0.0001 Colloc0 492 2480 0.0920264 150.78
300	1	295.248	17115.7	17105.4	10.2318	478	68	198	3	0.0001 Colloc0 478 2438 0.195744 101.368
310	1	305.067	17156.5	17145.8	10.6931	480	64	202	1	0.0001 Colloc0 480 2420 0.140643 125.983
320	1	314.868	17156.9	17145.6	11.3596	483	65	201	3	0.0001 Colloc0 483 2430 0.0124919 165.574
330	1	324.672	17255.1	17244.1	11.0129	472	64	202	3	0.0001 Colloc0 472 2483 0.0540593 144.429
340	1	334.413	17140.2	17129.3	10.8945	465	80	186	2	0.0001 Colloc0 465 2462 0.0911824 137.474
350	1	344.36	17139.3	17128.1	11.1654	489	77	189	0	0.0001 Colloc0 489 2447 0.0821141 153.594
360	1	353.847	17122.7	17112.1	10.5508	479	62	204	1	0.0001 Colloc0 479 2448 0.168193 118.123
370	1	363.789	17159.3	17148.2	11.0873	474	78	188	1	0.0001 Colloc0 474 2448 0.07209 148.873
380	1	373.713	17163.9	17152.4	11.5048	467	80	186	0	0.0001 Colloc0 467 2460 0.0240426 174.752
390	1	383.429	17275.2	17264.6	10.541	488	60	206	2	0.0001 Colloc0 488 2447 0.179047 117.594
400	1	392.797	17120.8	17109.7	11.1544	465	57	209	2	0.0001 Colloc0 465 2455 0.024264 152.926
410	1	402.379	17245.1	17234.6	10.5157	480	57	209	3	0.0001 Colloc0 480 2438 0.121071 116.223
420	1	412.175	17154.6	17144.3	10.311	490	72	194	1	0.0001 Colloc0 490 2445 0.202228 105.413
430	1	422.031	17063.9	17053.4	10.4562	480	66	200	2	0.0001 Colloc0 480 2433 0.182136 113.031
440	1	431.66	17243.2	17232.2	11.0253	467	56	210	1	0.0001 Colloc0 467 2473 0.0769068 145.169
450	1	441.447	17243.7	17233.5	10.1981	468	60	206	2	0.0001 Colloc0 468 2475 0.165755 99.6691
460	1	451.185	17235.7	17224.8	10.903	467	66	200	5	0.0001 Colloc0 467 2474 0.0660451 137.972
470	1	460.823	17220.5	17209.2	11.3312	480	63	203	2	0.0001 Colloc0 480 2453 0.0413631 163.803
480	1	470.472	17206.5	17196	10.4584	463	54	212	0	0.0001 Colloc0 463 2475 0.150089 113.146
490	1	480.26	17151	17139.9	11.1157	470	75	191	1	0.0001 Colloc0 470 2486 0.0628032 150.58
500	1	489.844	17003.7	16993.2	10.4722	472	80	186	2	0.0001 Colloc0 472 2433 0.17095 113.883
510	1	499.78	17151.9	17140.9	11.0051	492	72	194	3	0.0001 Colloc0 492 2439 0.15374 143.967
520	1	509.361	16995.3	16985	10.3106	465	92	174	3	0.0001 Colloc0 465 2442 0.190383 105.392
530	1	519.105	16883.7	16873.1	10.6353	456	99	167	0	0.0001 Colloc0 456 2415 0.0969142 122.761
540	1	528.461	17160.7	17149.8	10.9497	478	82	184	1	0.0001 Colloc0 478 2459 0.0860718 140.698
550	1	537.892	17032	17021.5	10.4925	482	81	185	1	0.0001 Colloc0 482 2449 0.208316 114.975
560	1	547.672	17063	17052.3	10.6467	471	77	189	3	0.0001 Colloc0 471 2448 0.154288 123.397
570	1	557.592	17168.3	17156.8	11.4724	485	77	189	3	0.0001 Colloc0 485 2466 0.0540998 172.692
580	1	566.864	17229.3	17217.9	11.3655	499	65	201	1	0.0001 Colloc0 499 2449 0.0558002 165.943
590	1	576.48	17164.1	17153.5	10.5713	492	70	196	2	0.0001 Colloc0 492 2440 0.200131 119.245
600	1	586.454	17048.4	17038.2	10.1199	505	72	194	1	0.0001 Colloc0 505 2389 0.235692 95.7852
610	1	596.41	16989.4	16978.2	11.1585	492	75	191	1	0.0001 Colloc0 492 2394 0.112775 153.17
620	1	606.319	16925.1	16914.6	10.5076	487	73	193	2	0.0001 Colloc0 487 2357 0.167172 115.786
630	1	615.918	17219.7	17209.2	10.4899	521	59	207	2	0.0001 Colloc0 521 2410 0.209966 114.83
640	1	625.556	17073	17061.8	11.1715	475	71	195	2	0.0001 Colloc0 475 2415 0.0641562 153.965
650	1	635.312	16993.3	16982.7	10.5324	477	73	193	4	0.0001 Colloc0 477 2383 0.177613 117.124
660	1	644.964	16980.7	16970.1	10.5913	483	88	178	2	0.0001 Colloc0 483 2380 0.150335 120.338
670	1	654.632	17115.8	17105.5	10.3505	499	69	197	3	0.0001 Colloc0 499 2412 0.21824 107.463
680	1	664.449	17042.1	17031.1	10.9208	474	67	199	0	0.0001 Colloc0 474 2383 0.113108 139.006
690	1	674.163	17018.4	17007.2	11.1776	474	69	197	1	0.0001 Colloc0 474 2396 0.0429409 154.333
700	1	683.837	17097.8	17087.2	10.6001	487	63	203	0	0.0001 Colloc0 487 2402 0.171661 120.82
710	1	693.372	16927.7	16917	10.753	474	78	188	2	0.0001 Colloc0 474 2367 0.142726 129.352
720	1	703.239	17003.1	16992.2	10.9078	476	81	185	1	0.0001 Colloc0 476 2390 0.122381 138.248
730	1	712.773	16915.8	16905.1	10.7022	481	75	191	3	0.0001 Colloc0 481 2411 0.155633 126.489
740	1	722.261	16856	16845.3	10.6335	466	93	173	1	0.0001 Colloc0 466 2374 0.155668 122.663
750	1	731.86	16995.3	16984.1	11.2489	474	81	185	1	0.0001 Colloc0 474 2401 0.0673986 158.702
760	1	741.496	17023.9	17012.9	11.0481	453	69	197	3	0.0001 Colloc0 453 2435 0.0356081 146.526
770	1	751.149	16955.6	16944.6	11.0322	463	76	190	1	0.0001 Colloc0 463 2414 0.0701183 145.577
780	1	760.782	16874	16863.1	10.8237	459	97	169	1	0.0001 Colloc0 459 2423 0.138174 133.385
790	1	770.069	17059.6	17048.9	10.7518	459	66	200	2	0.0001 Colloc0 459 2413 0.111566 129.284
800	1	779.587	17102.3	17091.7	10.6076	492	67	199	4	0.0001 Colloc0 492 2417 0.134377 121.235
810	1	789.51	17053.9	17043.3	10.5689	472	57	209	1	0.0001 Colloc0 472 2418 0.136014 119.109
820	1	799.055	17090.9	17079.7	11.1902	485	67	199	3	0.0001 Colloc0 485 2425 0.0960614 155.103
830	1	808.507	16931	16920.4	10.5815	461	87	179	5	0.0001 Colloc0 461 2364 0.130538 119.802
840	1	817.669	16965.3	16954.8	10.4746	465	71	195	2	0.0001 Colloc0 465 2410 0.155209 114.012
850	1	827.54	17033.9	17023	10.9316	479	74	192	4	0.0001 Colloc0 479 2411 0.0812444 139.639
860	1	837.421	16872.1	16860.6	11.4931	468	82	184	2	0.0001 Colloc0 468 2377 0.0486887 174.005
870	1	847.133	17041.3	17030.4	10.8796	478	67	199	3	0.0001 Colloc0 478 2408 0.0994354 136.613
880	1	856.926	16937.5	16926.4	11.1054	464	73	193	1	0.0001 Colloc0 464 2378 0.0637971 149.959
890	1	866.409	17053	17041.7	11.306	481	76	190	3	0.0001 Colloc0 481 2403 0.0777725 162.231
900	1	875.764	16979.7	16968.6	11.1247	460	67	199	3	0.0001 Colloc0 460 2383 0.0921778 151.122
910	1	885.436	16991.2	16979.9	11.3498	468	74	192	1	0.0001 Colloc0 468 2373 0.0716052 164.96
920	1	895.285	16995.6	16984.8	10.795	474	74	192	4	0.0001 Colloc0 474 2388 0.102979 131.744
930	1	904.814	16960.7	16950.1	10.5874	486	76	190	3	0.0001 Colloc0 486 2357 0.160643 120.121
940	1	914.229	17181.9	17170.9	10.9749	484	59	207	2	0.0001 Colloc0 484 2407 0.0877218 142.182
950	1	924.109	17083.8	17073.1	10.7317	501	68	198	2	0.0001 Colloc0 501 2372 0.213738 128.15
960	1	933.799	16923.5	16912.7	10.7972	461	87	179	2	0.0001 Colloc0 461 2393 0.145811 131.867
970	1	943.595	16987.1	16976	11.1342	472	85	181	3	0.0001 Colloc0 472 2392 0.0900188 151.699
980	1	953.386	16896.3	16885.2	11.0518	472	73	193	2	0.0001 Colloc0 472 2365 0.0942041 146.748
990	1	963.106	16966.7	16955.8	10.8615	489	85	181	4	0.0001 Colloc0 489 2370 0.128449 135.564
1000	1	972.981	17021.7	17010.3	11.3677	476	64	202	3	0.0001 Colloc0 476 2374 0.0411117 166.081
1010	1	982.791	16957.4	16946.1	11.2653	502	72	194	1	0.0001 Colloc0 502 2351 0.0732255 159.715
1020	1	992.674	16896.6	16885.2	11.48	481	80	186	1	0.0001 Colloc0 481 2385 0.0437733 173.172
1030	1	1002.4	16967.6	16956.5	11.0523	485	84	182	0	0.0001 Colloc0 485 2390 0.135623 146.773
1040	1	1012.17	16955.5	16944.9	10.5771	476	78	188	4	0.0001 Colloc0 476 2403 0.162707 119.559
1050	1	1021.82	17070.7	17059.3	11.4078	493	70	196	4	0.0001 Colloc0 493 2394 0.077308 168.599
1060	1	1031.5	16865.5	16854.5	11.0702	466	90	176	1	0.0001 Colloc0 466 2378 0.0611881 147.847
1070	1	1041.45	16928.7	16917.9	10.8064	470	83	183	1	0.0001 Colloc0 470 2409 0.137026 132.397
1080	1	1050.98	17036.8	17025.7	11.108	480	66	200	1	0.0001 Colloc0 480 2401 0.0693921 150.119
1090	1	1060.36	16960.6	16949.8	10.825	471	72	194	2	0.0001 Colloc0 471 2364 0.0635742 133.461
1100	1	1070.01	17064	17052.8	11.1969	482	65	201	1	0.0001 Colloc0 482 2364 0.0962096 155.512
1110	1	1079.89	16965.1	16954	11.1193	477	62	204	3	0.0001 Colloc0 477 2371 0.0776942 150.798
1120	1	1089.6	17095.7	17084.4	11.3271	470	75	191	2	0.0001 Colloc0 470 2373 0.0849901 163.542
1130	1	1099.54	16964.4	16953.5	10.8672	505	72	194	3	0.0001 Colloc0 505 2351 0.160147 135.892
1140	1	1108.85	17023.1	17012.2	10.9402	488	68	198	1	0.0001 Colloc0 488 2360 0.162592 140.141
1150	1	1118.29	17033.8	17023	10.8262	477	62	204	4	0.0001 Colloc0 477 2397 0.124698 133.528
1160	1	1128.08	17030.5	17019.9	10.6044	498	71	195	2	0.0001 Colloc0 498 2363 0.185036 121.057
1170	1	1137.96	16917.7	16906.9	10.7859	475	79	187	3	0.0001 Colloc0 475 2352 0.136307 131.226
1180	1	1147.71	16961.4	16950.2	11.16	469	74	192	4	0.0001 Colloc0 469 2391 0.0799233 153.266
1190	1	1157.33	16922.7	16911.3	11.3957	456	84	182	1	0.0001 Colloc0 456 2335 0.00946339 167.838
1200	1	1167.24	17009.1	16997.9	11.2098	495	87	179	3	0.0001 Colloc0 495 2360 0.0753273 156.298
1210	1	1177.1	17011.7	17000.9	10.8452	484	75	191	2	0.0001 Colloc0 484 2368 0.116151 134.624
1220	1	1186.81	16924.1	16912.8	11.3253	486	84	182	3	0.0001 Colloc0 486 2360 0.0747283 163.433
1230	1	1196.64	17055.5	17045	10.4784	492	66	200	2	0.0001 Colloc0 492 2349 0.190442 114.217
1240	1	1206.31	16931.2	16920.7	10.5128	505	70	196	2	0.0001 Colloc0 505 2324 0.190487 116.064
1250	1	1216.16	16862.2	16851.7	10.5035	509	84	182	3	0.0001 Colloc0 509 2320 0.220503 115.562
1260	1	1226.09	16913.7	16902.8	10.9367	488	82	184	0	0.0001 Colloc0 488 2332 0.177695 139.94
1270	1	1235.31	16930.6	16919.3	11.2862	480	80	186	5	0.0001 Colloc0 480 2328 0.0311978 161.003
1280	1	1244.94	16913.9	16903	10.9025	500	79	187	0	0.0001 Colloc0 500 2329 0.135011 137.938
1290	1	1254.72	16983.3	16972.3	11.0384	492	71	195	5	0.0001 Colloc0 492 2333 0.10187 145.945
1300	1	1264.08	17007.8	16996.3	11.5256	500	81	185	1	0.0001 Colloc0 500 2372 0.0741046 176.082
1310	1	1273.98	16985.6	16974.1	11.5788	493	70	196	4	0.0001 Colloc0 493 2352 0.081667 179.497
1320	1	1283.78	16896.6	16885.1	11.5742	485	70	196	4	0.0001 Colloc0 485 2303 0.0269119 179.203
1330	1	1293.38	16927.8	16916.9	10.9203	499	82	184	0	0.0001 Colloc0 499 2302 0.178594 138.982
1340	1	1303.07	16991.7	16980.5	11.2263	514	74	192	1	0.0001 Colloc0 514 2330 0.141627 157.314
1350	1	1312.95	17016	17005.5	10.487	510	79	187	0	0.0001 Colloc0 510 2332 0.197892 114.676
1360	1	1322.91	16991.6	16980.4	11.2355	485	84	182	2	0.0001 Colloc0 485 2361 0.062697 157.877
1370	1	1332.41	16977.4	16966.1	11.2753	487	68	198	3	0.0001 Colloc0 487 2342 0.0586464 160.331
1380	1	1342.2	16898.3	16887.2	11.1332	477	80	186	3	0.0001 Colloc0 477 2306 0.0586145 151.636
1390	1	1352.04	16830.8	16819.3	11.4762	479	78	188	3	0.0001 Colloc0 479 2292 0.0255224 172.932
1400	1	1361.84	16936.8	16925.4	11.4023	504	70	196	0	0.0001 Colloc0 504 2306 0.0871277 168.257
1410	1	1371.35	16856.6	16845.9	10.731	498	80	186	1	0.0001 Colloc0 498 2308 0.209456 128.108
1420	1	1380.95	16861.2	16850.2	10.9832	490	79	187	1	0.0001 Colloc0 490 2325 0.124111 142.672
1430	1	1390.81	16836.6	16825.8	10.8209	490	86	180	0	0.0001 Colloc0 490 2308 0.175041 133.224
1440	1	1400.61	16905.3	16894	11.2407	515	82	184	2	0.0001 Colloc0 515 2284 0.117929 158.198
1450	1	1410.51	16929	16917.7	11.3339	506	80	186	2	0.0001 Colloc0 506 2312 0.0563933 163.972
1460	1	1419.96	16982.4	16971.4	10.9718	496	77	189	3	0.0001 Colloc0 496 2355 0.180343 142.002
1470	1	1429.96	16849	16838.1	10.8607	486	81	185	5	0.0001 Colloc0 486 2318 0.182347 135.517
1480	1	1439.67	16883.5	16872.4	11.0375	491	83	183	3	0.0001 Colloc0 491 2319 0.121352 145.894
1490	1	1449.37	16887.6	16876.8	10.7759	484	80	186	4	0.0001 Colloc0 484 2286 0.104059 130.655
1500	1	1459.24	16932.3	16920.9	11.4403	491	78	188	2	0.0001 Colloc0 491 2307 0.0468662 170.651
1510	1	1469.17	16911	16900	10.9965	506	81	185	2	0.0001 Colloc0 506 2306 0.128571 143.458
1520	1	1479.24	16920.5	16909.2	11.3335	491	77	189	2	0.0001 Colloc0 491 2340 0.0771743 163.942
1530	1	1489.11	16965.7	16954.3	11.4613	497	77	189	6	0.0001 Colloc0 497 2315 0.0857141 171.982
1540	1	1498.86	16790.6	16780.3	10.3932	479	89	177	4	0.0001 Colloc0 479 2294 0.19985 109.696
1550	1	1508.74	16873.1	16862	11.0596	500	79	187	4	0.0001 Colloc0 500 2328 0.133717 147.213
1560	1	1518.49	16994.2	16983.7	10.54	513	72	194	2	0.0001 Colloc0 513 2312 0.228089 117.536
1570	1	1528.05	16966	16955.1	10.9301	508	75	191	1	0.0001 Colloc0 508 2312 0.165213 139.553
1580	1	1537.82	16931.4	16920.8	10.6441	518	84	182	3	0.0001 Colloc0 518 2309 0.246368 123.248
1590	1	1547.89	16757	16745.2	11.7818	485	76	190	4	0.0001 Colloc0 485 2268 0.0104024 192.751
1600	1	1557.68	16754.7	16743.8	10.8975	481	85	181	4	0.0001 Colloc0 481 2287 0.0926434 137.649
1610	1	1567.11	16898.6	16887	11.5741	499	87	179	1	0.0001 Colloc0 499 2312 0.0734477 179.198
1620	1	1576.6	16768.3	16756.5	11.7605	482	91	175	3	0.0001 Colloc0 482 2306 0.00305843 191.346
1630	1	1586.2	16839.6	16828.3	11.3154	484	75	191	2	0.0001 Colloc0 484 2317 0.0958258 162.815
1640	1	1596.01	16878.6	16867.4	11.1785	489	88	178	2	0.0001 Colloc0 489 2316 0.0880037 154.388
1650	1	1605.8	16960.9	16950.6	10.3461	477	74	192	0	0.0001 Colloc0 477 2358 0.173661 107.23
1660	1	1615.4	16928.3	16916.8	11.4813	472	83	183	2	0.0001 Colloc0 472 2328 0.0468318 173.257
1670	1	1624.95	16990.1	16978.7	11.3927	478	69	197	2	0.0001 Colloc0 478 2320 0.0295256 167.654
1680	1	1634.84	16921.2	16909.5	11.685	478	82	184	0	0.0001 Colloc0 478 2352 0.0683632 186.39
1690	1	1644.48	16825.8	16814.8	11.0442	487	83	183	1	0.0001 Colloc0 487 2303 0.138525 146.291
1700	1	1653.88	16926.3	16915.4	10.9086	500	78	188	2	0.0001 Colloc0 500 2312 0.174978 138.293
1710	1	1663.42	17017.3	17005.6	11.641	490	74	192	4	0.0001 Colloc0 490 2318 0.0505116 183.523
1720	1	1673.06	16932	16920.8	11.2465	488	80	186	3	0.0001 Colloc0 488 2354 0.107762 158.555
1730	1	1682.77	16850.1	16838.4	11.6981	488	76	190	4	0.0001 Colloc0 488 2324 0.00148343 187.25
1740	1	1692.41	16866.1	16855.4	10.7731	498	83	183	0	0.0001 Colloc0 498 2273 0.172269 130.493
1750	1	1702.08	16852.7	16842	10.701	471	87	179	3	0.0001 Colloc0 471 2322 0.101048 126.425
1760	1	1712.03	16913	16901.9	11.1247	493	76	190	3	0.0001 Colloc0 493 2309 0.0591718 151.125
1770	1	1721.81	16859.4	16848.1	11.3314	480	76	190	3	0.0001 Colloc0 480 2319 0.0750246 163.811
1780	1	1731.67	16856	16844.8	11.1457	479	73	193	0	0.0001 Colloc0 479 2303 0.117186 152.394
1790	1	1741.14	16852.7	16841.6	11.0712	496	81	185	5	0.0001 Colloc0 496 2301 0.160575 147.904
1800	1	1750.92	16840.3	16829.1	11.1996	483	78	188	3	0.0001 Colloc0 483 2294 0.0867077 155.678
1810	1	1760.86	16954.6	16943.4	11.1899	486	76	190	1	0.0001 Colloc0 486 2334 0.0908981 155.085
1820	1	1770.76	16939.2	16928.9	10.2931	492	86	180	2	0.0001 Colloc0 492 2304 0.244308 104.492
1830	1	1780.67	16792.7	16781.6	11.0927	484	88	178	1	0.0001 Colloc0 484 2279 0.142785 149.196
1840	1	1790.55	16842.6	16831.7	10.8953	476	85	181	0	0.0001 Colloc0 476 2294 0.10301 137.522
1850	1	1800.39	16920.6	16909.6	11.0252	511	71	195	2	0.0001 Colloc0 511 2313 0.169184 145.16
1860	1	1810.25	16919.8	16909.1	10.7429	512	74	192	1	0.0001 Colloc0 512 2292 0.217313 128.782
1870	1	1819.85	16782.2	16771.4	10.7927	471	90	176	3	0.0001 Colloc0 471 2305 0.0965735 131.612
1880	1	1829.9	16754.2	16743.7	10.4549	468	94	172	3	0.0001 Colloc0 468 2310 0.173907 112.959
1890	1	1839.29	16788.5	16778.3	10.1725	495	91	175	1	0.0001 Colloc0 495 2279 0.269127 98.3887
1900	1	1848.97	16898.7	16888.3	10.4529	494	87	179	0	0.0001 Colloc0 494 2312 0.204265 112.853
1910	1	1858.75	16751.9	16741.3	10.6	468	88	178	1	0.0001 Colloc0 468 2305 0.218917 120.815
1920	1	1868.72	16970.4	16959.7	10.7356	490	79	187	2	0.0001 Colloc0 490 2321 0.110042 128.373
1930	1	1878.77	16853.6	16842.2	11.3828	483	84	182	0	0.0001 Colloc0 483 2291 0.109873 167.028
1940	1	1888.96	16864.2	16853.2	11.0223	489	81	185	2	0.0001 Colloc0 489 2315 0.186 144.985
1950	1	1898.97	16902.3	16891.1	11.1674	490	80	186	4	0.0001 Colloc0 490 2294 0.125692 153.711
1960	1	1908.76	16841.5	16830.6	10.8907	487	75	191	3	0.0001 Colloc0 487 2290 0.153204 137.254
1970	1	1918.46	16783.5	16772.4	11.0855	482	86	180	3	0.0001 Colloc0 482 2307 0.088317 148.761
1980	1	1928.14	16857.7	16847.1	10.6315	486	92	174	2	0.0001 Colloc0 486 2343 0.177105 122.555
1990	1	1937.97	16786.5	16775.8	10.7429	482	86	180	4	0.0001 Colloc0 482 2325 0.215048 128.785
2000	1	1947.68	16768.4	16758.1	10.2888	484	89	177	1	0.0001 Colloc0 484 2307 0.2549 104.272
