# D = 0, E = 1, I = 1, P = 1, R = -1, n = 2000, N = 1, P = 1, w = 1, a = 0.0001, b = 10000, e = 1, f = 1, g = 100, h = 0.01, r = 5365, s = 1, S = 0, x = 10, m = 100, Z = 1, z = 0, T = 1, t = 1
# 8825 tokens in 824 sentences
#
# It	Temp	Time	-logP	-logPcorpus	-logPrior	tables	same	changed	reject	default_pya	(parent pym pyn pya pyb)*
0	1	0.558915	29058.2	28944.4	113.764	1160	0	824	0	0.0001 Colloc0 1160 2392 0.0001 10000
10	1	8.40272	23085.1	23073.1	12.0036	570	525	299	1	0.0001 Colloc0 570 2817 0.0191335 207.59
20	1	16.2195	22786.9	22775.3	11.6132	519	572	252	0	0.0001 Colloc0 519 2814 0.00532812 181.723
30	1	23.9264	22672	22660.6	11.356	523	610	214	1	0.0001 Colloc0 523 2806 0.00595674 165.35
40	1	31.7102	22620.2	22608.9	11.2474	521	614	210	0	0.0001 Colloc0 521 2812 0.0880779 158.61
50	1	39.346	22559.9	22548.7	11.1668	501	613	211	2	0.0001 Colloc0 501 2793 0.0184083 153.675
60	1	46.9819	22561.6	22550.3	11.3328	506	616	208	2	0.0001 Colloc0 506 2805 0.0153249 163.903
70	1	54.4527	22550.3	22538.9	11.4203	498	609	215	3	0.0001 Colloc0 498 2815 0.00361665 169.386
80	1	61.9196	22556.3	22544.8	11.5189	512	611	213	3	0.0001 Colloc0 512 2816 0.0416176 175.655
90	1	69.5644	22562.2	22550.6	11.6097	505	591	233	2	0.0001 Colloc0 505 2818 0.00677095 181.492
100	1	77.2433	22416.1	22404.5	11.558	498	629	195	2	0.0001 Colloc0 498 2807 0.00609056 178.159
110	1	84.8011	22494.6	22483	11.5241	492	599	225	1	0.0001 Colloc0 492 2823 0.00809692 175.987
120	1	92.07	22484.9	22473.6	11.3263	481	611	213	2	0.0001 Colloc0 481 2828 0.0191888 163.496
130	1	99.1519	22389	22377.8	11.2751	493	616	208	2	0.0001 Colloc0 493 2825 0.00424176 160.319
140	1	106.366	22378.9	22367.4	11.5523	492	621	203	1	0.0001 Colloc0 492 2820 0.00765064 177.795
150	1	113.926	22412	22400.6	11.382	488	607	217	3	0.0001 Colloc0 488 2842 0.0208538 166.979
160	1	121.276	22408.3	22397.2	11.1424	508	607	217	2	0.0001 Colloc0 508 2819 0.0848064 152.197
170	1	128.968	22331.5	22320.1	11.3216	492	634	190	1	0.0001 Colloc0 492 2810 0.0256135 163.202
180	1	136.501	22302.7	22291.5	11.2051	478	616	208	2	0.0001 Colloc0 478 2818 0.0414488 156.012
190	1	144.072	22307	22295.6	11.3547	485	605	219	1	0.0001 Colloc0 485 2798 0.00428144 165.267
200	1	151.693	22236.7	22225.6	11.1285	476	634	190	0	0.0001 Colloc0 476 2821 0.0272759 151.356
210	1	159.126	22224.3	22213	11.2593	482	632	192	2	0.0001 Colloc0 482 2811 0.00872457 159.34
220	1	166.646	22201.2	22190	11.2088	478	653	171	1	0.0001 Colloc0 478 2819 0.0127446 156.238
230	1	174.192	22264	22253.1	10.8984	480	642	182	1	0.0001 Colloc0 480 2829 0.0637299 137.705
240	1	181.692	22126.8	22116	10.8007	461	656	168	0	0.0001 Colloc0 461 2822 0.0510343 132.066
250	1	189.079	22227.6	22216.6	11.0212	476	635	189	1	0.0001 Colloc0 476 2834 0.0185666 144.92
260	1	196.496	22157.4	22146	11.4624	477	653	171	1	0.0001 Colloc0 477 2818 0.00633021 172.056
270	1	204.082	22011.2	21999.9	11.2788	455	674	150	2	0.0001 Colloc0 455 2805 0.00244078 160.545
280	1	211.426	22168.4	22157	11.3634	466	655	169	0	0.0001 Colloc0 466 2816 0.0121288 165.809
290	1	218.98	22230.8	22220.2	10.63	486	616	208	0	0.0001 Colloc0 486 2828 0.0867576 122.466
300	1	226.52	22080.5	22069.4	11.107	464	667	157	0	0.0001 Colloc0 464 2807 0.0223707 150.055
310	1	234.161	22191.9	22180.5	11.3648	474	637	187	1	0.0001 Colloc0 474 2819 0.0078084 165.898
320	1	241.478	22164.3	22153.3	11.0418	478	632	192	0	0.0001 Colloc0 478 2816 0.0521214 146.151
330	1	248.817	22157.9	22146.6	11.2765	469	657	167	0	0.0001 Colloc0 469 2825 0.0113536 160.406
340	1	256.451	22131.9	22120.3	11.5882	471	661	163	0	0.0001 Colloc0 471 2820 0.0128788 180.108
350	1	263.919	22149.5	22138.4	11.04	464	653	171	0	0.0001 Colloc0 464 2829 0.00467828 146.04
360	1	271.53	22204.6	22193.5	11.0136	466	618	206	0	0.0001 Colloc0 466 2822 0.0347885 144.471
370	1	279.038	22195.1	22183.7	11.4499	476	614	210	1	0.0001 Colloc0 476 2832 0.00369779 171.259
380	1	286.583	22109.1	22098.1	10.9966	459	638	186	1	0.0001 Colloc0 459 2831 0.0349238 143.465
390	1	293.821	22205.6	22193.9	11.6669	485	617	207	0	0.0001 Colloc0 485 2824 0.000258997 185.207
400	1	300.87	22117.6	22106.8	10.8104	463	643	181	1	0.0001 Colloc0 463 2826 0.0449833 132.621
410	1	308.208	22082.3	22071.1	11.2049	460	653	171	1	0.0001 Colloc0 460 2837 0.00783146 156
420	1	315.755	22145.6	22134.6	10.9912	475	627	197	0	0.0001 Colloc0 475 2831 0.0124846 143.143
430	1	322.909	22137.6	22126.5	11.1075	471	641	183	0	0.0001 Colloc0 471 2827 0.0335385 150.088
440	1	330.091	22143	22131.9	11.0427	467	636	188	1	0.0001 Colloc0 467 2821 0.0662403 146.205
450	1	337.567	22197.3	22186.7	10.6361	486	622	202	0	0.0001 Colloc0 486 2824 0.0728064 122.805
460	1	344.914	22160.9	22149.6	11.3061	479	624	200	0	0.0001 Colloc0 479 2839 0.0273337 162.237
470	1	352.096	22078.6	22067.3	11.3217	463	644	180	0	0.0001 Colloc0 463 2828 0.00356841 163.21
480	1	359.508	22094.4	22083.6	10.8276	472	637	187	1	0.0001 Colloc0 472 2822 0.0398673 133.612
490	1	366.972	22139.4	22128.1	11.2596	458	639	185	0	0.0001 Colloc0 458 2835 0.00818627 159.358
500	1	374.44	22143.2	22132	11.2742	471	624	200	0	0.0001 Colloc0 471 2829 0.01181 160.259
510	1	381.609	22146	22135.4	10.6444	464	614	210	1	0.0001 Colloc0 464 2824 0.0318074 123.269
520	1	389.248	22216.3	22205	11.3709	475	597	227	0	0.0001 Colloc0 475 2832 0.0290387 166.282
530	1	396.649	22147.4	22136.4	10.9578	459	603	221	0	0.0001 Colloc0 459 2834 0.00515768 141.178
540	1	404.205	22093.4	22082.3	11.1281	453	640	184	0	0.0001 Colloc0 453 2822 0.0116163 151.331
550	1	411.361	22065.7	22054.5	11.1237	469	640	184	1	0.0001 Colloc0 469 2826 0.000361197 151.065
560	1	418.843	22071.8	22060.3	11.4623	464	632	192	1	0.0001 Colloc0 464 2824 0.00766063 172.047
570	1	426.279	22033.4	22022.3	11.1554	462	644	180	0	0.0001 Colloc0 462 2809 0.00611008 152.982
580	1	433.42	22029.4	22018.6	10.8836	461	640	184	0	0.0001 Colloc0 461 2811 0.0525076 136.84
590	1	440.828	22047.2	22035.8	11.3377	474	639	185	0	0.0001 Colloc0 474 2805 0.0253113 164.205
600	1	448.376	21973.1	21962.1	11.0503	459	652	172	0	0.0001 Colloc0 459 2808 0.0154404 146.658
610	1	455.891	21971.1	21960.1	10.9994	453	676	148	0	0.0001 Colloc0 453 2811 0.012698 143.631
620	1	463.055	22104.1	22093.1	11.0702	478	627	197	0	0.0001 Colloc0 478 2813 0.0252418 147.846
630	1	470.514	22058.8	22048	10.8395	460	639	185	0	0.0001 Colloc0 460 2820 0.0597052 134.291
640	1	477.813	22068.1	22056.8	11.3085	463	619	205	1	0.0001 Colloc0 463 2803 0.00718051 162.391
650	1	484.859	22133.9	22122.7	11.2149	468	606	218	0	0.0001 Colloc0 468 2834 0.0209658 156.613
660	1	492.207	22119.9	22108.9	11.0724	464	621	203	0	0.0001 Colloc0 464 2823 0.0346992 147.977
670	1	499.672	22097.4	22086.3	11.0892	469	635	189	1	0.0001 Colloc0 469 2833 0.0285117 148.988
680	1	506.875	22084.8	22073.7	11.1075	458	637	187	0	0.0001 Colloc0 458 2833 0.015732 150.084
690	1	514.03	22052.5	22041	11.4913	474	642	182	0	0.0001 Colloc0 474 2816 0.00637497 173.891
700	1	521.422	22037.7	22026.7	10.9773	460	637	187	1	0.0001 Colloc0 460 2832 0.00976377 142.324
710	1	528.817	22123.4	22112	11.3676	477	636	188	0	0.0001 Colloc0 477 2830 0.0112789 166.076
720	1	536.117	22107.8	22096.5	11.2835	472	633	191	0	0.0001 Colloc0 472 2808 0.00377208 160.835
730	1	543.425	21955	21944.2	10.8252	457	678	146	1	0.0001 Colloc0 457 2822 0.0242996 133.471
740	1	550.92	22004	21993.2	10.771	467	652	172	1	0.0001 Colloc0 467 2823 0.0422662 130.374
750	1	558.217	21994.9	21984.1	10.8902	447	651	173	0	0.0001 Colloc0 447 2828 0.0257763 137.226
760	1	565.616	22031.4	22020.2	11.2317	466	637	187	0	0.0001 Colloc0 466 2827 0.015963 157.642
770	1	573.077	22069.6	22058.5	11.105	474	620	204	0	0.0001 Colloc0 474 2822 0.0206133 149.936
780	1	580.588	22058.4	22047.6	10.833	458	639	185	1	0.0001 Colloc0 458 2824 0.0478016 133.92
790	1	588.13	22011	21999.6	11.3965	458	625	199	0	0.0001 Colloc0 458 2828 0.000943896 167.891
800	1	595.659	22013.1	22002.3	10.7399	460	648	176	1	0.0001 Colloc0 460 2817 0.0753276 128.615
810	1	603.102	22046.3	22035.7	10.6138	464	630	194	1	0.0001 Colloc0 464 2818 0.0702411 121.573
820	1	610.592	22113.2	22102	11.2014	463	639	185	0	0.0001 Colloc0 463 2839 0.00130177 155.788
830	1	618.087	22111.7	22100.6	11.0996	470	627	197	1	0.0001 Colloc0 470 2834 0.0104627 149.611
840	1	625.624	22131.8	22120.5	11.3143	472	620	204	0	0.0001 Colloc0 472 2821 0.00544343 162.75
850	1	632.979	22035.7	22024.7	11.0087	460	640	184	2	0.0001 Colloc0 460 2813 0.00547074 144.182
860	1	640.443	22043.8	22032.8	11.0049	469	638	186	1	0.0001 Colloc0 469 2803 0.0280291 143.958
870	1	647.806	21950.8	21939.7	11.0858	463	651	173	1	0.0001 Colloc0 463 2801 0.0524164 148.783
880	1	655.131	21941.5	21930.4	11.1419	458	664	160	0	0.0001 Colloc0 458 2800 0.0400454 152.168
890	1	662.694	21961.7	21950.6	11.0893	461	672	152	0	0.0001 Colloc0 461 2805 0.0156817 148.995
900	1	670.241	22008	21996.9	11.1128	453	647	177	1	0.0001 Colloc0 453 2795 0.014981 150.407
910	1	677.738	22008.1	21996.9	11.177	461	636	188	1	0.0001 Colloc0 461 2822 0.0076965 154.298
920	1	685.265	22056.9	22045.6	11.2929	459	619	205	0	0.0001 Colloc0 459 2806 0.0117153 161.418
930	1	692.479	22014.3	22003.3	11.0597	457	642	182	0	0.0001 Colloc0 457 2799 0.0171193 147.22
940	1	699.654	22003.2	21992.1	11.1357	479	660	164	1	0.0001 Colloc0 479 2794 0.0106019 151.791
950	1	707.064	21983.7	21972.5	11.2574	458	646	178	0	0.0001 Colloc0 458 2787 0.00942988 159.223
960	1	714.517	22100	22088.8	11.2156	474	628	196	1	0.0001 Colloc0 474 2811 0.0210495 156.653
970	1	721.857	22038.6	22027.3	11.3782	476	638	186	2	0.0001 Colloc0 476 2797 0.0498966 166.739
980	1	729.356	22004.6	21993.4	11.1116	458	646	178	0	0.0001 Colloc0 458 2815 0.000172948 150.334
990	1	736.668	21993.3	21981.9	11.4566	468	635	189	2	0.0001 Colloc0 468 2805 0.0265262 171.684
1000	1	743.962	22050.7	22039.7	11.0115	459	630	194	0	0.0001 Colloc0 459 2812 0.0203933 144.345
1010	1	751.597	22063.9	22052.8	11.1442	467	624	200	0	0.0001 Colloc0 467 2810 0.0217966 152.304
1020	1	759.107	21968.4	21957.5	10.8636	452	637	187	2	0.0001 Colloc0 452 2805 0.00154102 135.686
1030	1	766.489	21983.2	21972.1	11.0734	459	651	173	2	0.0001 Colloc0 459 2810 0.0304645 148.04
1040	1	773.994	21955.2	21944.2	11.0893	453	651	173	2	0.0001 Colloc0 453 2814 0.00375924 148.993
1050	1	781.585	22007.1	21996	11.0386	453	643	181	1	0.0001 Colloc0 453 2818 0.00365571 145.958
1060	1	789.196	21990.7	21979.5	11.218	457	640	184	1	0.0001 Colloc0 457 2804 0.0242023 156.801
1070	1	796.658	22041.1	22030.1	10.9534	463	610	214	1	0.0001 Colloc0 463 2806 0.0565168 140.92
1080	1	804.169	21993.7	21982.3	11.3791	464	649	175	0	0.0001 Colloc0 464 2811 7.00153e-05 166.794
1090	1	811.601	21997.7	21986.8	10.9383	463	649	175	2	0.0001 Colloc0 463 2807 0.000132545 140.034
1100	1	819.054	21978.8	21967.5	11.2834	452	650	174	2	0.0001 Colloc0 452 2806 0.00486939 160.831
1110	1	826.563	22124.8	22113.5	11.3855	479	618	206	1	0.0001 Colloc0 479 2811 0.0243818 167.2
1120	1	834.118	21997.9	21986.5	11.3543	476	637	187	0	0.0001 Colloc0 476 2794 0.0290118 165.242
1130	1	841.505	22057.2	22045.8	11.3188	468	639	185	0	0.0001 Colloc0 468 2831 0.00553716 163.03
1140	1	848.661	22049.1	22037.9	11.2731	471	618	206	0	0.0001 Colloc0 471 2810 0.000640642 160.195
1150	1	855.894	21955.1	21944.3	10.7855	460	673	151	1	0.0001 Colloc0 460 2798 0.0111509 131.198
1160	1	863.374	22107.6	22096.2	11.4193	478	611	213	1	0.0001 Colloc0 478 2804 0.0236078 169.326
1170	1	870.841	21965.7	21955	10.7275	462	640	184	1	0.0001 Colloc0 462 2804 0.0535749 127.913
1180	1	878.105	21951.9	21940.8	11.1596	459	640	184	0	0.0001 Colloc0 459 2796 0.0113178 153.238
1190	1	885.215	21978.5	21967.3	11.1665	468	655	169	0	0.0001 Colloc0 468 2801 0.0133405 153.656
1200	1	892.709	22086	22074.6	11.4357	470	621	203	1	0.0001 Colloc0 470 2803 0.00498938 170.36
1210	1	900.141	21988.7	21977.6	11.0822	466	625	199	1	0.0001 Colloc0 466 2792 0.00759811 148.566
1220	1	907.531	22086.3	22075.1	11.2027	483	617	207	2	0.0001 Colloc0 483 2792 0.00290262 155.865
1230	1	915.129	22048.2	22037.1	11.1186	471	634	190	0	0.0001 Colloc0 471 2808 0.0107593 150.755
1240	1	922.789	22067.2	22056.1	11.1486	465	617	207	0	0.0001 Colloc0 465 2813 0.024395 152.569
1250	1	930.503	22025.1	22014.3	10.77	475	654	170	1	0.0001 Colloc0 475 2825 0.0493795 130.321
1260	1	938.12	22015.2	22004	11.1736	470	629	195	0	0.0001 Colloc0 470 2795 0.00292568 154.089
1270	1	945.701	22050.4	22039.1	11.2541	470	635	189	1	0.0001 Colloc0 470 2801 0.0104507 159.021
1280	1	953.325	21971.1	21960.3	10.8604	461	663	161	0	0.0001 Colloc0 461 2794 0.00214815 135.496
1290	1	960.889	22040.1	22029	11.0869	459	629	195	0	0.0001 Colloc0 459 2819 0.0362711 148.848
1300	1	968.324	22065	22053.9	11.1396	476	621	203	0	0.0001 Colloc0 476 2812 0.0364946 152.024
1310	1	975.804	22058.1	22046.8	11.3386	462	620	204	1	0.0001 Colloc0 462 2812 0.00584737 164.26
1320	1	983.128	22024.7	22013.5	11.1551	462	636	188	0	0.0001 Colloc0 462 2827 0.0134442 152.963
1330	1	990.677	21978.3	21967.4	10.8509	460	655	169	1	0.0001 Colloc0 460 2787 0.0331339 134.952
1340	1	998.281	22030.1	22018.7	11.4274	472	647	177	1	0.0001 Colloc0 472 2806 0.0081775 169.838
1350	1	1005.89	22040.8	22029.5	11.3669	469	646	178	0	0.0001 Colloc0 469 2820 0.0106582 166.029
1360	1	1013.35	21978.5	21967.4	11.0592	463	632	192	2	0.0001 Colloc0 463 2807 0.0175207 147.191
1370	1	1020.93	22046.3	22035.2	11.1471	461	626	198	0	0.0001 Colloc0 461 2800 0.00437783 152.478
1380	1	1028.42	21992.2	21980.9	11.2705	459	634	190	0	0.0001 Colloc0 459 2795 0.00719898 160.035
1390	1	1035.86	21943.3	21932.2	11.1137	461	664	160	0	0.0001 Colloc0 461 2812 0.0014118 150.462
1400	1	1043.18	22063.2	22052	11.2332	472	631	193	0	0.0001 Colloc0 472 2831 0.00590666 157.736
1410	1	1050.7	22017.7	22006.3	11.3338	466	633	191	1	0.0001 Colloc0 466 2821 0.0162414 163.96
1420	1	1058.32	22062.4	22051.3	11.1359	475	602	222	2	0.0001 Colloc0 475 2823 0.00118298 151.8
1430	1	1065.95	22039.1	22027.8	11.2866	466	628	196	1	0.0001 Colloc0 466 2829 0.00961404 161.029
1440	1	1073.39	21984.2	21973.4	10.8081	463	644	180	0	0.0001 Colloc0 463 2835 0.0314645 132.492
1450	1	1080.61	22072.1	22060.9	11.1929	467	609	215	1	0.0001 Colloc0 467 2814 0.00146683 155.27
1460	1	1088.22	22037.2	22026	11.1772	465	618	206	1	0.0001 Colloc0 465 2824 0.0405622 154.31
1470	1	1095.9	22015.6	22004.6	10.9992	464	633	191	1	0.0001 Colloc0 464 2827 0.0215537 143.62
1480	1	1103.26	21948.9	21938	10.9284	451	659	165	3	0.0001 Colloc0 451 2829 0.0111402 139.451
1490	1	1110.49	22020.1	22008.9	11.1838	464	640	184	2	0.0001 Colloc0 464 2841 0.00139313 154.712
1500	1	1117.89	21990.4	21979.4	11.0346	468	633	191	0	0.0001 Colloc0 468 2824 0.00819999 145.721
1510	1	1125.3	22065	22053.9	11.0955	462	612	212	2	0.0001 Colloc0 462 2828 0.035462 149.362
1520	1	1132.82	22015.6	22004.7	10.9058	471	638	186	2	0.0001 Colloc0 471 2818 0.0734003 138.134
1530	1	1140.23	22001.4	21990.5	10.8603	446	638	186	1	0.0001 Colloc0 446 2821 0.00726557 135.494
1540	1	1147.8	22043.7	22032.8	10.9405	464	626	198	1	0.0001 Colloc0 464 2834 0.000445307 140.159
1550	1	1155.26	21930.7	21919.4	11.3193	456	677	147	2	0.0001 Colloc0 456 2819 1.35228e-05 163.058
1560	1	1162.48	21947	21936.2	10.7314	452	641	183	3	0.0001 Colloc0 452 2814 0.0432006 128.133
1570	1	1169.92	22011	21999.7	11.3455	456	631	193	1	0.0001 Colloc0 456 2836 0.00838715 164.69
1580	1	1177.41	21976.6	21965.5	11.1275	455	648	176	1	0.0001 Colloc0 455 2830 0.0414876 151.293
1590	1	1185.16	22005.1	21994.1	10.9366	451	642	182	1	0.0001 Colloc0 451 2827 0.0102075 139.933
1600	1	1192.8	21917	21905.8	11.1756	446	650	174	2	0.0001 Colloc0 446 2823 0.00703246 154.211
1610	1	1200.42	22100.5	22089.4	11.084	470	610	214	1	0.0001 Colloc0 470 2851 0.0199913 148.671
1620	1	1207.87	21972.6	21962	10.5981	452	632	192	2	0.0001 Colloc0 452 2835 0.0425948 120.712
1630	1	1215.27	21979.9	21968.8	11.0468	456	631	193	0	0.0001 Colloc0 456 2821 0.0154692 146.448
1640	1	1222.45	22025.3	22014.5	10.8068	461	623	201	0	0.0001 Colloc0 461 2816 0.0394633 132.415
1650	1	1229.88	21993.7	21982.7	11.0158	459	640	184	2	0.0001 Colloc0 459 2838 0.0334284 144.602
1660	1	1237.28	21953.3	21942.5	10.8705	451	641	183	1	0.0001 Colloc0 451 2828 0.000272237 136.083
1670	1	1244.73	22004.9	21993.7	11.2346	458	619	205	0	0.0001 Colloc0 458 2834 0.0438364 157.82
1680	1	1252.16	21991.8	21980.6	11.235	455	620	204	0	0.0001 Colloc0 455 2824 0.00757993 157.849
1690	1	1259.55	21981.5	21970.3	11.195	465	648	176	1	0.0001 Colloc0 465 2826 0.00577819 155.396
1700	1	1266.89	22089.7	22078.9	10.8012	462	615	209	1	0.0001 Colloc0 462 2836 0.0318716 132.096
1710	1	1274.24	21980.6	21969.5	11.1064	451	637	187	2	0.0001 Colloc0 451 2825 0.00737858 150.02
1720	1	1281.56	22034.7	22023.7	11.0436	460	626	198	1	0.0001 Colloc0 460 2833 0.00313673 146.257
1730	1	1289.07	22035.2	22023.9	11.2541	479	619	205	1	0.0001 Colloc0 479 2826 0.00452736 159.023
1740	1	1296.52	21986.5	21975.3	11.1698	461	642	182	1	0.0001 Colloc0 461 2809 0.00665539 153.857
1750	1	1303.79	21963.2	21952	11.2157	455	642	182	0	0.0001 Colloc0 455 2825 0.00788952 156.659
1760	1	1311.12	22001.1	21989.8	11.2784	459	632	192	0	0.0001 Colloc0 459 2810 0.000947081 160.521
1770	1	1318.43	21962.3	21951.2	11.1353	462	621	203	0	0.0001 Colloc0 462 2806 0.0127672 151.765
1780	1	1326.02	21895.9	21884.8	11.0243	449	633	191	0	0.0001 Colloc0 449 2818 0.014833 145.11
1790	1	1333.54	21991.3	21980.1	11.1472	456	622	202	0	0.0001 Colloc0 456 2816 0.00125969 152.485
1800	1	1341.1	21908.2	21897.2	11.0151	456	649	175	1	0.0001 Colloc0 456 2822 0.011816 144.561
1810	1	1348.47	21840.5	21829.7	10.8009	445	678	146	0	0.0001 Colloc0 445 2817 0.0220982 132.08
1820	1	1355.93	21946.6	21935.8	10.7706	462	640	184	0	0.0001 Colloc0 462 2806 0.0197473 130.352
1830	1	1363.14	21986.2	21975.2	11.0478	466	631	193	0	0.0001 Colloc0 466 2801 0.0333798 146.504
1840	1	1370.46	21922.6	21911.5	11.1289	456	636	188	0	0.0001 Colloc0 456 2819 0.00134348 151.376
1850	1	1377.69	21886.8	21875.6	11.1928	451	645	179	1	0.0001 Colloc0 451 2799 0.00400005 155.262
1860	1	1384.83	21898.5	21887.8	10.7791	458	673	151	0	0.0001 Colloc0 458 2805 0.0351536 130.836
1870	1	1391.96	21889.3	21877.9	11.4374	454	657	167	0	0.0001 Colloc0 454 2808 6.84718e-06 170.468
1880	1	1399.63	21913.9	21902.6	11.2895	466	640	184	1	0.0001 Colloc0 466 2811 0.00676893 161.211
1890	1	1407.24	21877.6	21866.4	11.1657	458	644	180	1	0.0001 Colloc0 458 2805 0.000271358 153.611
1900	1	1414.73	21921.8	21910.5	11.335	455	644	180	1	0.0001 Colloc0 455 2816 0.00428127 164.036
1910	1	1422.25	21968.7	21957.5	11.2105	458	648	176	3	0.0001 Colloc0 458 2821 0.011762 156.342
1920	1	1429.76	21866.9	21855.9	11.0154	452	649	175	1	0.0001 Colloc0 452 2813 0.00374949 144.58
1930	1	1437.06	22004.5	21993	11.468	462	613	211	0	0.0001 Colloc0 462 2807 0.00674915 172.412
1940	1	1444.4	22010.4	21999.2	11.2249	464	621	203	2	0.0001 Colloc0 464 2824 0.0165184 157.227
1950	1	1451.63	21987.5	21976.6	10.9749	456	638	186	0	0.0001 Colloc0 456 2826 0.0225782 142.186
1960	1	1459.19	21844.6	21833.6	11.0267	450	664	160	0	0.0001 Colloc0 450 2820 0.000325226 145.247
1970	1	1466.62	21929.7	21918.6	11.0822	453	643	181	0	0.0001 Colloc0 453 2819 0.00644704 148.564
1980	1	1474.14	22018.3	22007.1	11.1396	464	622	202	0	0.0001 Colloc0 464 2805 0.00406643 152.026
1990	1	1481.36	21982.5	21971.5	10.9991	459	643	181	1	0.0001 Colloc0 459 2824 0.010231 143.614
2000	1	1488.65	21898.2	21887.2	11.028	451	641	183	0	0.0001 Colloc0 451 2811 0.010158 145.326
