# D = 0, E = 1, I = 1, P = 1, R = -1, n = 2000, N = 1, P = 1, w = 1, a = 0.0001, b = 10000, e = 1, f = 1, g = 100, h = 0.01, r = 15435, s = 1, S = 0, x = 10, m = 100, Z = 1, z = 0, T = 1, t = 1
# 8825 tokens in 824 sentences
#
# It	Temp	Time	-logP	-logPcorpus	-logPrior	tables	same	changed	reject	default_pya	(parent pym pyn pya pyb)*
0	1	0.570913	31372.6	31258.8	113.764	1705	0	824	0	0.0001 Colloc0 1705 3202 0.0001 10000
10	1	8.5367	24604.5	24592.6	11.8975	565	409	415	2	0.0001 Colloc0 565 3194 0.00115889 200.446
20	1	16.1945	24147.2	24136	11.2153	511	447	377	2	0.0001 Colloc0 511 3204 0.00231985 156.637
30	1	23.7894	24070.4	24059.1	11.2421	487	459	365	1	0.0001 Colloc0 487 3215 0.00770517 158.284
40	1	31.3852	23890.8	23879.9	10.8726	488	464	360	3	0.0001 Colloc0 488 3188 0.00990652 136.202
50	1	38.9101	23708.5	23697.2	11.3399	485	503	321	2	0.0001 Colloc0 485 3181 0.013855 164.341
60	1	46.289	23587.9	23576.7	11.1894	479	537	287	1	0.0001 Colloc0 479 3178 0.0010701 155.053
70	1	53.9498	23553.4	23542.5	10.8749	484	531	293	1	0.0001 Colloc0 484 3175 0.0790973 136.336
80	1	61.4707	23523.3	23512.2	11.1172	478	553	271	3	0.0001 Colloc0 478 3175 0.011476 150.671
90	1	68.9955	23655	23644	11.0241	489	519	305	2	0.0001 Colloc0 489 3188 0.028823 145.094
100	1	76.6084	23676.1	23664.9	11.158	490	500	324	1	0.0001 Colloc0 490 3188 0.0274937 153.14
110	1	84.0802	23522.3	23511	11.2598	483	537	287	1	0.0001 Colloc0 483 3160 0.00402002 159.376
120	1	91.6271	23526.4	23515.6	10.7713	494	547	277	1	0.0001 Colloc0 494 3168 0.0182814 130.392
130	1	98.624	23395.5	23384.3	11.2138	466	544	280	2	0.0001 Colloc0 466 3161 0.00444769 156.547
140	1	105.853	23474.7	23463.5	11.1281	480	526	298	2	0.0001 Colloc0 480 3145 0.0124019 151.333
150	1	113.425	23384.6	23373.7	10.9309	471	551	273	5	0.0001 Colloc0 471 3147 0.0350243 139.601
160	1	120.968	23401.3	23390.2	11.139	473	551	273	3	0.0001 Colloc0 473 3157 0.0101996 151.991
170	1	128.266	23213.7	23202.6	11.1447	457	567	257	1	0.0001 Colloc0 457 3155 0.0127264 152.332
180	1	135.648	23397.8	23386.7	11.1213	486	522	302	1	0.0001 Colloc0 486 3151 0.0260688 150.92
190	1	143.106	23288.5	23277.5	11.056	473	560	264	0	0.0001 Colloc0 473 3136 0.023869 146.996
200	1	150.609	23188.4	23177.1	11.2612	465	576	248	0	0.0001 Colloc0 465 3139 0.0191815 159.457
210	1	158.238	23249.2	23238.3	10.9483	458	541	283	1	0.0001 Colloc0 458 3145 0.00318615 140.621
220	1	165.469	23330.5	23319.5	11.0181	461	542	282	3	0.0001 Colloc0 461 3146 0.0284611 144.737
230	1	172.691	23311.7	23300.6	11.0795	463	546	278	3	0.0001 Colloc0 463 3172 0.00879774 148.406
240	1	180.029	23246	23234.8	11.221	463	560	264	2	0.0001 Colloc0 463 3158 0.01142 156.989
250	1	187.542	23312.5	23301.5	10.9386	473	529	295	1	0.0001 Colloc0 473 3146 0.0219393 140.05
260	1	194.881	23227.8	23216.7	11.1375	456	590	234	0	0.0001 Colloc0 456 3175 0.0123853 151.899
270	1	202.205	23287.8	23276.9	10.9089	462	544	280	2	0.0001 Colloc0 462 3152 0.0362935 138.316
280	1	209.587	23260.1	23249.2	10.8247	461	545	279	3	0.0001 Colloc0 461 3157 0.00654774 133.441
290	1	217.307	23166.4	23155.3	11.1399	465	578	246	0	0.0001 Colloc0 465 3140 0.0202858 152.041
300	1	224.718	23049.2	23038.6	10.5933	446	585	239	3	0.0001 Colloc0 446 3140 0.0325205 120.445
310	1	232.136	23137.8	23126.9	10.9199	449	570	254	1	0.0001 Colloc0 449 3146 0.0151014 138.953
320	1	239.615	23177.7	23166.6	11.0812	468	548	276	1	0.0001 Colloc0 468 3139 0.0109979 148.503
330	1	247.116	23058	23047.1	10.89	449	575	249	1	0.0001 Colloc0 449 3145 0.0120976 137.213
340	1	254.666	23170.2	23159.2	11.0537	467	562	262	1	0.0001 Colloc0 467 3147 0.00983668 146.861
350	1	262.153	23199.4	23188.3	11.1303	467	550	274	1	0.0001 Colloc0 467 3145 0.0250381 151.463
360	1	269.426	23202.9	23191.9	10.9722	467	572	252	1	0.0001 Colloc0 467 3136 0.00523325 142.021
370	1	276.719	23140.7	23129.8	10.9347	455	560	264	1	0.0001 Colloc0 455 3150 0.00136533 139.824
380	1	284.147	23128	23117.1	10.9411	453	557	267	1	0.0001 Colloc0 453 3152 0.0161367 140.195
390	1	291.636	23088	23077.1	10.8975	441	583	241	1	0.0001 Colloc0 441 3153 0.00223796 137.649
400	1	298.901	23200.4	23189.4	11.0118	458	554	270	0	0.0001 Colloc0 458 3156 0.001028 144.368
410	1	306.438	23080.5	23069.5	10.9709	456	559	265	1	0.0001 Colloc0 456 3122 0.0265191 141.946
420	1	314.002	23135.1	23124.1	10.9749	450	577	247	5	0.0001 Colloc0 450 3131 0.0683832 142.183
430	1	321.434	23254	23243	11.0342	466	560	264	3	0.0001 Colloc0 466 3144 0.0188582 145.696
440	1	328.92	23085.3	23074.5	10.7995	455	575	249	2	0.0001 Colloc0 455 3131 0.0184537 132.001
450	1	336.429	23066.7	23055.7	11.0678	450	584	240	0	0.0001 Colloc0 450 3146 0.00637227 147.702
460	1	343.939	23108.5	23097.5	11.0153	452	552	272	2	0.0001 Colloc0 452 3155 0.0376391 144.57
470	1	351.493	23063.8	23052.6	11.171	443	569	255	1	0.0001 Colloc0 443 3128 0.00411291 153.931
480	1	359.055	23093.7	23082.9	10.7482	466	554	270	0	0.0001 Colloc0 466 3136 0.00550791 129.084
490	1	366.554	22990.6	22979.6	11.0253	449	583	241	1	0.0001 Colloc0 449 3132 0.00139709 145.164
500	1	374.123	23033.5	23022.4	11.0927	453	577	247	3	0.0001 Colloc0 453 3141 0.0119383 149.197
510	1	381.533	23117.6	23106.5	11.11	459	564	260	1	0.0001 Colloc0 459 3132 0.00844012 150.236
520	1	389.117	23031.1	23020.4	10.698	437	585	239	1	0.0001 Colloc0 437 3158 0.00577626 126.254
530	1	396.582	23102.3	23091.3	10.9772	458	567	257	0	0.0001 Colloc0 458 3147 0.00536625 142.316
540	1	403.89	23084.1	23073.2	10.826	459	574	250	2	0.0001 Colloc0 459 3136 0.0153194 133.519
550	1	411.055	23116.7	23105.8	10.8258	446	568	256	0	0.0001 Colloc0 446 3147 0.00156974 133.505
560	1	418.453	23026.8	23016.1	10.785	448	574	250	0	0.0001 Colloc0 448 3139 0.00071305 131.173
570	1	425.53	22995.9	22985.1	10.7945	446	592	232	2	0.0001 Colloc0 446 3129 0.00554736 131.714
580	1	432.594	22996.2	22985.2	11.0412	447	568	256	5	0.0001 Colloc0 447 3138 0.00697148 146.113
590	1	439.943	23087.8	23076.8	10.9829	457	566	258	1	0.0001 Colloc0 457 3130 0.0201345 142.657
600	1	447.495	23036.7	23025.7	11.0426	456	560	264	1	0.0001 Colloc0 456 3129 0.00547426 146.199
610	1	455.135	23162.9	23152	10.8732	467	533	291	0	0.0001 Colloc0 467 3123 0.0147042 136.238
620	1	462.754	22937.4	22926.7	10.7586	460	571	253	1	0.0001 Colloc0 460 3099 0.0272981 129.672
630	1	470.136	23015.5	23004.4	11.1009	454	584	240	1	0.0001 Colloc0 454 3129 0.00175178 149.689
640	1	477.191	22917.6	22906.6	11.0016	457	586	238	0	0.0001 Colloc0 457 3101 0.0198243 143.762
650	1	484.238	22948.5	22937.5	10.9897	463	587	237	1	0.0001 Colloc0 463 3121 0.00844459 143.055
660	1	491.588	23189.1	23177.9	11.2798	472	551	273	0	0.0001 Colloc0 472 3118 0.00436927 160.611
670	1	499.046	22890.9	22880	10.921	434	587	237	0	0.0001 Colloc0 434 3129 0.00416676 139.019
680	1	506.412	22997.3	22986.2	11.1182	449	571	253	2	0.0001 Colloc0 449 3122 0.000700522 150.732
690	1	513.895	22988.4	22977.5	10.8674	443	597	227	2	0.0001 Colloc0 443 3122 0.0175294 135.906
700	1	521.532	22982.5	22971.5	11.0141	454	577	247	1	0.0001 Colloc0 454 3137 0.00106461 144.499
710	1	528.997	23052.7	23041.8	10.9032	465	572	252	0	0.0001 Colloc0 465 3118 0.0145532 137.98
720	1	536.302	23113.7	23102.7	11.0706	476	541	283	2	0.0001 Colloc0 476 3138 0.0272249 147.868
730	1	543.942	23191.3	23180.2	11.0847	463	526	298	2	0.0001 Colloc0 463 3141 0.00549594 148.718
740	1	551.689	23012	23000.7	11.3502	452	564	260	1	0.0001 Colloc0 452 3133 0.00161562 164.986
750	1	559.266	23042.1	23031.2	10.8963	462	573	251	1	0.0001 Colloc0 462 3134 0.0269092 137.58
760	1	566.807	23013.2	23002.2	10.9665	463	554	270	2	0.0001 Colloc0 463 3132 0.00543691 141.686
770	1	574.159	22995	22984.3	10.7419	463	557	267	2	0.0001 Colloc0 463 3107 0.0194042 128.723
780	1	581.731	22928	22917.2	10.7633	443	605	219	1	0.0001 Colloc0 443 3126 0.019015 129.937
790	1	589.462	23091.8	23081	10.7942	474	561	263	1	0.0001 Colloc0 474 3132 0.0622231 131.7
800	1	596.889	23007.6	22996.6	10.9277	459	578	246	1	0.0001 Colloc0 459 3115 0.00967754 139.41
810	1	604.447	22783.9	22772.9	10.9476	444	613	211	1	0.0001 Colloc0 444 3095 0.00642684 140.58
820	1	611.681	23005.3	22994.3	10.9399	462	565	259	1	0.0001 Colloc0 462 3117 0.020449 140.128
830	1	618.871	23022.8	23011.6	11.1693	474	553	271	2	0.0001 Colloc0 474 3112 0.00389832 153.828
840	1	626.366	22940.3	22929.3	11.076	470	578	246	1	0.0001 Colloc0 470 3102 0.013257 148.193
850	1	633.78	23072	23061.2	10.874	456	544	280	1	0.0001 Colloc0 456 3122 0.0130781 136.284
860	1	641.375	22938.2	22927.4	10.8401	459	566	258	2	0.0001 Colloc0 459 3110 0.0308285 134.33
870	1	648.888	23018.3	23007.4	10.8171	463	554	270	3	0.0001 Colloc0 463 3112 0.00420526 133.007
880	1	656.449	22938.8	22927.9	10.8793	463	590	234	1	0.0001 Colloc0 463 3109 0.0218049 136.592
890	1	664.03	23019.2	23008.2	11.0115	462	537	287	2	0.0001 Colloc0 462 3106 0.00267086 144.346
900	1	671.595	22919.5	22908.5	10.9755	456	592	232	1	0.0001 Colloc0 456 3116 0.0125582 142.216
910	1	679.198	22959.6	22948.6	11.0011	444	592	232	1	0.0001 Colloc0 444 3133 0.000811302 143.729
920	1	686.597	22975.8	22964.8	10.9899	454	569	255	1	0.0001 Colloc0 454 3112 0.00718955 143.068
930	1	694.05	22991.3	22980.5	10.8334	464	565	259	0	0.0001 Colloc0 464 3116 0.0322553 133.942
940	1	701.609	22947	22936	11.0811	450	585	239	1	0.0001 Colloc0 450 3114 0.0191973 148.499
950	1	709.057	22985.5	22974.5	10.9597	459	580	244	1	0.0001 Colloc0 459 3118 0.00294614 141.286
960	1	716.289	22945.3	22934.2	11.0466	441	581	243	1	0.0001 Colloc0 441 3136 0.00136957 146.436
970	1	723.849	22916.7	22905.8	10.8658	440	581	243	2	0.0001 Colloc0 440 3132 0.00878827 135.814
980	1	731.479	22859.2	22848.1	11.0673	448	592	232	3	0.0001 Colloc0 448 3114 0.0149397 147.672
990	1	739.093	22871	22860	11.0408	445	615	209	2	0.0001 Colloc0 445 3114 0.0144339 146.088
1000	1	746.524	22998.2	22987.3	10.8994	454	596	228	0	0.0001 Colloc0 454 3143 0.0101761 137.761
1010	1	753.833	22952.1	22941.2	10.9013	448	583	241	0	0.0001 Colloc0 448 3126 0.0128018 137.871
1020	1	761.129	22971.3	22960.2	11.1009	456	565	259	0	0.0001 Colloc0 456 3124 0.000454871 149.687
1030	1	768.53	22949.3	22938.4	10.8968	460	576	248	0	0.0001 Colloc0 460 3108 0.00648658 137.612
1040	1	775.843	23080.5	23069.4	11.0771	464	554	270	2	0.0001 Colloc0 464 3123 0.0148392 148.262
1050	1	783.388	23064.4	23053.3	11.0918	462	575	249	0	0.0001 Colloc0 462 3123 0.049809 149.145
1060	1	790.928	22952	22941	11.0442	458	585	239	0	0.0001 Colloc0 458 3118 0.00478303 146.294
1070	1	798.466	23043	23032	10.9982	459	568	256	0	0.0001 Colloc0 459 3115 0.00336786 143.557
1080	1	806.044	22899.7	22888.9	10.8655	453	577	247	0	0.0001 Colloc0 453 3122 0.00853603 135.791
1090	1	813.362	23019.3	23008.1	11.2232	460	563	261	0	0.0001 Colloc0 460 3127 0.00193614 157.124
1100	1	820.669	22914.9	22903.9	10.9384	451	589	235	2	0.0001 Colloc0 451 3116 0.00589751 140.039
1110	1	828.186	22990.2	22979	11.2092	459	574	250	0	0.0001 Colloc0 459 3130 0.0120431 156.266
1120	1	835.74	23057.5	23046.3	11.1701	480	552	272	2	0.0001 Colloc0 480 3103 0.00423673 153.88
1130	1	843.23	22989.7	22978.6	11.0647	462	566	258	0	0.0001 Colloc0 462 3113 0.00480094 147.514
1140	1	850.694	23093.4	23082.6	10.8483	464	527	297	1	0.0001 Colloc0 464 3134 0.0328355 134.801
1150	1	858.006	22857.3	22846.3	11.0194	447	593	231	2	0.0001 Colloc0 447 3109 0.0104815 144.817
1160	1	865.398	22934.5	22923.7	10.8401	453	562	262	2	0.0001 Colloc0 453 3122 0.0098486 134.326
1170	1	872.927	22919.1	22908	11.0436	438	562	262	2	0.0001 Colloc0 438 3124 0.00439956 146.258
1180	1	880.578	23063.5	23052.4	11.0469	458	541	283	2	0.0001 Colloc0 458 3128 0.0164587 146.451
1190	1	887.735	22888.6	22878	10.6277	431	565	259	4	0.0001 Colloc0 431 3126 0.00104606 122.34
1200	1	894.993	23024.2	23013.1	11.1149	451	539	285	0	0.0001 Colloc0 451 3128 0.0144516 150.53
1210	1	902.559	22889.3	22878.7	10.6394	431	576	248	1	0.0001 Colloc0 431 3134 0.0118855 122.99
1220	1	910.043	23033.6	23022.6	10.9508	458	549	275	0	0.0001 Colloc0 458 3121 0.0116293 140.768
1230	1	917.528	23054.4	23043.3	11.0384	458	528	296	0	0.0001 Colloc0 458 3103 0.0143267 145.947
1240	1	924.85	22995.5	22984.4	11.0848	465	550	274	2	0.0001 Colloc0 465 3118 0.0250534 148.723
1250	1	932.442	23059.1	23048	11.0701	462	548	276	0	0.0001 Colloc0 462 3121 0.00620955 147.843
1260	1	939.547	22929.8	22918.7	11.1499	460	580	244	0	0.0001 Colloc0 460 3117 0.000717299 152.648
1270	1	946.63	22893.3	22882.6	10.6944	450	575	249	0	0.0001 Colloc0 450 3117 0.0289277 126.052
1280	1	953.983	22954.1	22942.9	11.2147	451	574	250	1	0.0001 Colloc0 451 3129 0.00663032 156.602
1290	1	961.536	22923.2	22912.2	11.0005	442	559	265	1	0.0001 Colloc0 442 3120 0.0055624 143.697
1300	1	969.326	22934.3	22923.3	10.9801	452	553	271	0	0.0001 Colloc0 452 3117 0.030324 142.492
1310	1	976.901	23016.4	23005.5	10.9037	459	550	274	0	0.0001 Colloc0 459 3123 0.0171909 138.013
1320	1	984.448	22997.5	22986.7	10.8105	457	566	258	1	0.0001 Colloc0 457 3126 0.0277667 132.631
1330	1	992.011	23027.2	23015.9	11.2107	464	532	292	2	0.0001 Colloc0 464 3116 0.00298328 156.353
1340	1	999.753	23003.3	22992.3	10.9636	460	555	269	3	0.0001 Colloc0 460 3128 0.0282575 141.518
1350	1	1007.24	22945	22934.1	10.8067	458	560	264	2	0.0001 Colloc0 458 3121 0.0290621 132.414
1360	1	1014.59	23018.9	23007.9	11.0336	464	551	273	1	0.0001 Colloc0 464 3110 0.00894952 145.66
1370	1	1021.84	22882.3	22871.4	10.8873	453	570	254	0	0.0001 Colloc0 453 3113 0.0553525 137.06
1380	1	1029.14	22981	22970	10.997	457	547	277	2	0.0001 Colloc0 457 3108 0.00913345 143.487
1390	1	1036.64	23020.9	23009.8	11.1056	461	559	265	0	0.0001 Colloc0 461 3122 0.00422197 149.971
1400	1	1043.82	22958.2	22947.4	10.7771	462	548	276	1	0.0001 Colloc0 462 3122 0.0295393 130.721
1410	1	1051.38	22837.5	22826.8	10.6723	440	583	241	1	0.0001 Colloc0 440 3117 0.0610446 124.819
1420	1	1058.84	22876.6	22865.4	11.1704	453	579	245	1	0.0001 Colloc0 453 3120 0.00700725 153.894
1430	1	1066.36	22958.5	22947.6	10.8744	463	554	270	2	0.0001 Colloc0 463 3111 0.0539163 136.308
1440	1	1073.77	22859.3	22848.3	10.9582	457	583	241	0	0.0001 Colloc0 457 3082 0.00679751 141.197
1450	1	1081.09	22906.6	22895.9	10.7398	455	558	266	2	0.0001 Colloc0 455 3106 0.0292756 128.608
1460	1	1088.33	22941.1	22930.2	10.9552	463	561	263	0	0.0001 Colloc0 463 3106 0.00781584 141.022
1470	1	1095.86	22866.2	22855.2	11.0263	458	574	250	3	0.0001 Colloc0 458 3097 0.00529551 145.225
1480	1	1103.32	22984.9	22973.9	10.9887	458	561	263	0	0.0001 Colloc0 458 3103 0.00504938 142.997
1490	1	1110.81	22791.1	22780.4	10.7374	449	599	225	1	0.0001 Colloc0 449 3101 0.0239738 128.471
1500	1	1118.34	22807.5	22796.4	11.1021	450	586	238	0	0.0001 Colloc0 450 3116 0.00808868 149.763
1510	1	1125.75	22717.3	22706.2	11.1422	447	596	228	2	0.0001 Colloc0 447 3102 0.0149289 152.186
1520	1	1133.09	22792.8	22781.8	10.9615	461	577	247	1	0.0001 Colloc0 461 3081 0.00305157 141.392
1530	1	1140.68	22807	22795.9	11.1239	451	561	263	0	0.0001 Colloc0 451 3068 0.000677914 151.074
1540	1	1148.25	22813	22801.9	11.11	453	584	240	0	0.0001 Colloc0 453 3085 0.00536244 150.24
1550	1	1155.61	22760.2	22749.1	11.1518	461	602	222	0	0.0001 Colloc0 461 3074 0.00409582 152.766
1560	1	1163.25	22727.8	22716.7	11.1289	454	591	233	2	0.0001 Colloc0 454 3080 0.0262415 151.378
1570	1	1170.9	22835.5	22824.3	11.1417	459	565	259	1	0.0001 Colloc0 459 3090 0.00448344 152.153
1580	1	1178.61	22698.7	22687.9	10.8005	447	591	233	0	0.0001 Colloc0 447 3075 0.00187104 132.057
1590	1	1186.03	22736	22724.8	11.1861	463	586	238	0	0.0001 Colloc0 463 3077 0.0130893 154.85
1600	1	1193.51	22718.8	22707.9	10.9653	460	591	233	2	0.0001 Colloc0 460 3068 0.0015705 141.617
1610	1	1200.75	22716.5	22705.7	10.8653	459	587	237	1	0.0001 Colloc0 459 3089 0.0399771 135.78
1620	1	1208.43	22783.1	22772.1	11.0298	455	574	250	1	0.0001 Colloc0 455 3087 0.0106251 145.436
1630	1	1216.1	22796.1	22784.9	11.1601	461	569	255	2	0.0001 Colloc0 461 3090 0.024077 153.268
1640	1	1223.6	22750.7	22739.6	11.0567	459	570	254	0	0.0001 Colloc0 459 3079 0.00279096 147.041
1650	1	1231.22	22732.2	22721.3	10.9899	459	578	246	0	0.0001 Colloc0 459 3072 0.0423604 143.067
1660	1	1238.75	22632.9	22621.8	11.0927	444	614	210	0	0.0001 Colloc0 444 3074 0.00838869 149.198
1670	1	1246.19	22736.9	22726	10.9698	459	571	253	1	0.0001 Colloc0 459 3073 0.0022097 141.883
1680	1	1253.7	22753.6	22742.6	11.0353	457	576	248	0	0.0001 Colloc0 457 3071 0.0119947 145.763
1690	1	1261.3	22761.3	22750.8	10.5182	452	567	257	1	0.0001 Colloc0 452 3070 0.0673328 116.359
1700	1	1268.86	22768.8	22758	10.7682	460	587	237	3	0.0001 Colloc0 460 3083 0.0148232 130.215
1710	1	1276.17	22764.8	22753.5	11.3058	456	588	236	0	0.0001 Colloc0 456 3070 0.00514191 162.218
1720	1	1283.7	22779.3	22768.6	10.7482	456	589	235	0	0.0001 Colloc0 456 3090 0.0442706 129.083
1730	1	1291.26	22744.4	22733.6	10.7241	462	576	248	2	0.0001 Colloc0 462 3072 0.00645226 127.723
1740	1	1298.76	22789.4	22778.3	11.0814	461	564	260	5	0.0001 Colloc0 461 3080 0.0120054 148.518
1750	1	1306.53	22718.1	22707.2	10.8687	446	605	219	1	0.0001 Colloc0 446 3098 0.00648027 135.982
1760	1	1313.99	22788.6	22777.7	10.8195	465	570	254	2	0.0001 Colloc0 465 3077 0.032068 133.145
1770	1	1321.14	22732.8	22722	10.8609	453	594	230	1	0.0001 Colloc0 453 3091 0.0202467 135.529
1780	1	1328.54	22663.2	22652.1	11.0606	441	585	239	1	0.0001 Colloc0 441 3087 0.000294343 147.273
1790	1	1336.02	22754.5	22743.5	11.0064	447	585	239	0	0.0001 Colloc0 447 3080 0.00333988 144.046
1800	1	1343.5	22813.4	22802.7	10.7024	476	577	247	0	0.0001 Colloc0 476 3080 0.0572329 126.502
1810	1	1350.91	22782.4	22771.3	11.1532	469	570	254	1	0.0001 Colloc0 469 3071 0.0140216 152.85
1820	1	1358.4	22852.7	22841.8	10.9483	462	547	277	1	0.0001 Colloc0 462 3071 0.0098903 140.619
1830	1	1365.91	22801.3	22790.5	10.8382	468	563	261	2	0.0001 Colloc0 468 3084 0.00795822 134.22
1840	1	1373.43	22743.3	22732.1	11.1376	453	588	236	0	0.0001 Colloc0 453 3081 0.00134642 151.905
1850	1	1380.94	22701.7	22690.6	11.1539	449	597	227	2	0.0001 Colloc0 449 3080 0.00785655 152.892
1860	1	1388.49	22740.5	22729.5	10.9035	454	580	244	0	0.0001 Colloc0 454 3077 0.0128973 137.998
1870	1	1396.11	22676.4	22665.4	10.9892	449	622	202	1	0.0001 Colloc0 449 3073 0.0137359 143.026
1880	1	1403.67	22644.2	22633.3	10.8479	442	611	213	0	0.0001 Colloc0 442 3086 0.00351561 134.78
1890	1	1410.88	22735.2	22724.2	11.0464	449	597	227	2	0.0001 Colloc0 449 3070 0.00643457 146.425
1900	1	1418.19	22723	22711.7	11.2495	461	567	257	1	0.0001 Colloc0 461 3070 0.00765723 158.741
1910	1	1425.53	22802.4	22791.5	10.9102	460	577	247	2	0.0001 Colloc0 460 3088 0.0117037 138.39
1920	1	1432.9	22778.4	22767.5	10.8692	455	585	239	1	0.0001 Colloc0 455 3095 0.00810152 136.009
1930	1	1440.33	22828.8	22817.6	11.1806	473	575	249	2	0.0001 Colloc0 473 3084 0.00937569 154.517
1940	1	1447.44	22758.9	22747.8	11.0699	459	580	244	0	0.0001 Colloc0 459 3091 0.0123628 147.831
1950	1	1454.81	22779.6	22768.7	10.8538	454	558	266	0	0.0001 Colloc0 454 3079 0.0097836 135.116
1960	1	1462.05	22710.6	22699.5	11.0609	452	596	228	1	0.0001 Colloc0 452 3091 0.0190556 147.291
1970	1	1469.52	22728.4	22717.6	10.7346	460	604	220	0	0.0001 Colloc0 460 3082 0.0565232 128.312
1980	1	1476.92	22726	22714.9	11.1091	446	595	229	0	0.0001 Colloc0 446 3080 0.0116741 150.181
1990	1	1484.44	22729.2	22718.1	11.0393	454	577	247	0	0.0001 Colloc0 454 3062 0.0133743 145.999
2000	1	1492.08	22741.4	22730.4	11.0099	453	589	235	0	0.0001 Colloc0 453 3069 0.0256852 144.249
