# D = 0, E = 1, I = 1, P = 1, R = -1, n = 2000, N = 1, P = 1, w = 1, a = 0.0001, b = 10000, e = 1, f = 1, g = 100, h = 0.01, r = 14091, s = 1, S = 0, x = 10, m = 100, Z = 1, z = 0, T = 1, t = 1
# 8825 tokens in 824 sentences
#
# It	Temp	Time	-logP	-logPcorpus	-logPrior	tables	same	changed	reject	default_pya	(parent pym pyn pya pyb)*
0	1	0.577912	31747.4	31633.7	113.764	1872	0	824	0	0.0001 Colloc0 1872 3464 0.0001 10000
10	1	8.40372	24486.4	24474.7	11.7574	573	423	401	3	0.0001 Colloc0 573 3229 0.0247011 191.142
20	1	16.0226	24149.1	24137.8	11.2675	511	446	378	1	0.0001 Colloc0 511 3268 0.00426497 159.851
30	1	23.5544	24099.7	24088.2	11.5364	517	465	359	0	0.0001 Colloc0 517 3264 0.0275362 176.774
40	1	30.8763	23868.2	23856.8	11.4552	517	475	349	1	0.0001 Colloc0 517 3225 0.0062959 171.595
50	1	38.1412	23854.9	23843.9	10.9391	486	499	325	0	0.0001 Colloc0 486 3281 0.0326929 140.077
60	1	45.5291	23736.4	23725.2	11.174	486	486	338	3	0.0001 Colloc0 486 3252 0.00870247 154.115
70	1	52.9899	23656	23644.9	11.0932	477	496	328	0	0.0001 Colloc0 477 3256 0.00829028 149.226
80	1	60.6098	23759.1	23747.7	11.4165	496	476	348	1	0.0001 Colloc0 496 3256 0.0082393 169.146
90	1	68.0786	23491.2	23480.2	11.0096	471	521	303	1	0.0001 Colloc0 471 3252 0.0370435 144.236
100	1	75.4335	23505.3	23494.5	10.8492	461	525	299	0	0.0001 Colloc0 461 3271 0.0179835 134.854
110	1	82.6224	23466.3	23455.2	11.0568	458	547	277	0	0.0001 Colloc0 458 3262 0.0238358 147.047
120	1	89.9983	23544.9	23533.8	11.1421	475	527	297	0	0.0001 Colloc0 475 3261 0.00107503 152.176
130	1	97.3222	23521	23510	11.0803	462	529	295	0	0.0001 Colloc0 462 3275 0.00586274 148.454
140	1	104.665	23450.7	23440.1	10.6624	462	527	297	1	0.0001 Colloc0 462 3273 0.0384242 124.265
150	1	112	23488.5	23477.6	10.8726	472	520	304	1	0.0001 Colloc0 472 3257 0.00258695 136.203
160	1	119.115	23426.9	23415.9	10.9915	452	531	293	0	0.0001 Colloc0 452 3273 0.0319307 143.165
170	1	126.491	23342.7	23332	10.7129	451	533	291	2	0.0001 Colloc0 451 3273 0.0281816 127.091
180	1	133.998	23314.5	23303.7	10.8565	449	539	285	2	0.0001 Colloc0 449 3270 0.00309156 135.272
190	1	141.066	23553.1	23542.3	10.8539	471	497	327	2	0.0001 Colloc0 471 3266 0.00273171 135.121
200	1	148.333	23538.5	23527.5	11.0446	464	486	338	3	0.0001 Colloc0 464 3271 0.00401357 146.316
210	1	155.854	23401	23389.8	11.2941	457	495	329	2	0.0001 Colloc0 457 3251 0.024755 161.494
220	1	163.099	23603.6	23592.5	11.1428	486	473	351	1	0.0001 Colloc0 486 3255 0.0268411 152.221
230	1	170.321	23560.2	23549.3	10.8973	468	502	322	1	0.0001 Colloc0 468 3271 0.00926219 137.637
240	1	177.855	23518.2	23507.3	10.8616	472	518	306	1	0.0001 Colloc0 472 3254 0.0196546 135.569
250	1	185.379	23420.6	23409.8	10.7835	457	516	308	1	0.0001 Colloc0 457 3249 0.03326 131.088
260	1	192.92	23394	23383.1	10.9106	469	505	319	1	0.0001 Colloc0 469 3245 0.00355748 138.414
270	1	200.382	23316.4	23305.4	10.9767	470	539	285	3	0.0001 Colloc0 470 3245 0.017704 142.288
280	1	207.897	23298.5	23287.5	11.0162	456	561	263	3	0.0001 Colloc0 456 3255 0.0050126 144.623
290	1	215.252	23344.5	23333.5	11.0158	462	532	292	1	0.0001 Colloc0 462 3258 0.00243711 144.603
300	1	222.67	23373.6	23362.6	10.9811	453	539	285	1	0.0001 Colloc0 453 3244 0.0067519 142.546
310	1	229.932	23374.3	23363.4	10.8938	454	516	308	2	0.0001 Colloc0 454 3264 0.00985656 137.434
320	1	237.535	23327.2	23316.3	10.9224	452	506	318	3	0.0001 Colloc0 452 3248 0.013709 139.1
330	1	245.158	23216.6	23205.8	10.7082	455	560	264	2	0.0001 Colloc0 455 3253 0.00833797 126.827
340	1	252.555	23373	23361.8	11.1783	456	524	300	1	0.0001 Colloc0 456 3267 0.0146818 154.374
350	1	259.984	23308.2	23297.3	10.9501	456	527	297	3	0.0001 Colloc0 456 3246 0.0023068 140.725
360	1	267.387	23327.4	23316.4	10.9945	453	533	291	1	0.0001 Colloc0 453 3261 0.00128064 143.339
370	1	274.916	23223	23211.8	11.2654	457	537	287	1	0.0001 Colloc0 457 3221 0.0075048 159.717
380	1	282.438	23356.4	23345.5	10.9575	468	534	290	0	0.0001 Colloc0 468 3256 0.0170055 141.158
390	1	289.57	23269.9	23258.9	10.943	465	536	288	1	0.0001 Colloc0 465 3229 0.0332128 140.306
400	1	296.946	23162.7	23151.7	11.0574	452	550	274	1	0.0001 Colloc0 452 3238 0.0071751 147.081
410	1	304.307	23082.7	23071.9	10.8757	439	579	245	1	0.0001 Colloc0 439 3239 0.00662813 136.384
420	1	311.843	23275	23264	10.9488	474	553	271	2	0.0001 Colloc0 474 3232 0.0213413 140.648
430	1	319.368	23189.8	23178.4	11.3206	466	540	284	1	0.0001 Colloc0 466 3221 0.00558946 163.138
440	1	326.589	23102.4	23091.5	10.9148	457	555	269	1	0.0001 Colloc0 457 3209 0.0288631 138.658
450	1	333.94	23122.2	23110.9	11.3567	458	543	281	0	0.0001 Colloc0 458 3202 0.00552013 165.396
460	1	341.088	23182	23171.1	10.9443	461	513	311	0	0.0001 Colloc0 461 3206 0.0138719 140.385
470	1	348.477	23125.9	23115	10.9359	464	546	278	1	0.0001 Colloc0 464 3203 0.0174165 139.891
480	1	355.833	23140.5	23129.4	11.049	447	551	273	0	0.0001 Colloc0 447 3217 0.0170363 146.578
490	1	363.055	23080.3	23069.3	10.9482	451	551	273	0	0.0001 Colloc0 451 3204 0.0234329 140.614
500	1	370.538	23094.9	23084.1	10.8142	436	531	293	1	0.0001 Colloc0 436 3207 0.00900838 132.84
510	1	377.928	22875	22864.2	10.7879	455	612	212	1	0.0001 Colloc0 455 3171 0.014253 131.336
520	1	385.32	22963.9	22952.9	10.9081	447	565	259	1	0.0001 Colloc0 447 3167 0.0175867 138.269
530	1	392.767	22986.8	22976.3	10.4957	463	567	257	0	0.0001 Colloc0 463 3188 0.076762 115.145
540	1	400.212	22948.5	22937.4	11.1187	462	580	244	0	0.0001 Colloc0 462 3152 0.0126124 150.76
550	1	407.362	22777.5	22766.9	10.5933	449	596	228	2	0.0001 Colloc0 449 3152 0.0484765 120.444
560	1	414.522	22889.3	22878.3	10.9779	454	586	238	1	0.0001 Colloc0 454 3170 0.00454242 142.362
570	1	421.872	22956.2	22945.2	11.0197	454	571	253	3	0.0001 Colloc0 454 3162 0.00316609 144.833
580	1	429.302	22969.6	22958.5	11.1349	463	565	259	0	0.0001 Colloc0 463 3157 0.0139608 151.744
590	1	436.521	22866.5	22855.7	10.7791	451	610	214	1	0.0001 Colloc0 451 3165 0.0211966 130.834
600	1	443.745	22948.8	22937.8	11.0391	460	585	239	0	0.0001 Colloc0 460 3167 0.0260127 145.989
610	1	451.074	22798.9	22788.1	10.759	448	595	229	0	0.0001 Colloc0 448 3149 0.0214748 129.694
620	1	458.593	22833.1	22822.3	10.7845	448	596	228	1	0.0001 Colloc0 448 3169 0.0282407 131.143
630	1	466.173	22778.9	22767.9	11.0509	446	611	213	0	0.0001 Colloc0 446 3149 0.0114039 146.692
640	1	473.523	22892.5	22881.5	11.0161	450	583	241	0	0.0001 Colloc0 450 3151 0.00469546 144.621
650	1	480.651	22830.5	22819.7	10.8251	448	596	228	1	0.0001 Colloc0 448 3179 0.010118 133.467
660	1	487.97	22907.1	22896.2	10.9371	450	576	248	1	0.0001 Colloc0 450 3170 0.00802604 139.961
670	1	495.316	22894.9	22884.1	10.7949	459	583	241	0	0.0001 Colloc0 459 3128 0.0207682 131.739
680	1	502.715	22881.2	22870	11.223	451	574	250	1	0.0001 Colloc0 451 3115 0.016048 157.11
690	1	510.205	22785	22774	10.9958	443	599	225	0	0.0001 Colloc0 443 3148 0.00817789 143.418
700	1	517.771	22876.7	22865.9	10.7978	440	588	236	0	0.0001 Colloc0 440 3168 0.00618558 131.9
710	1	525.163	22829.7	22818.6	11.0927	463	595	229	1	0.0001 Colloc0 463 3136 0.0221439 149.199
720	1	532.501	22861.8	22850.8	10.9922	457	580	244	1	0.0001 Colloc0 457 3150 0.0134161 143.202
730	1	539.952	22863.2	22852.3	10.8424	455	569	255	1	0.0001 Colloc0 455 3146 0.0118802 134.459
740	1	547.228	22863.5	22852.5	10.976	461	587	237	2	0.0001 Colloc0 461 3137 0.0262563 142.25
750	1	554.863	22850.6	22839.7	10.8982	458	578	246	4	0.0001 Colloc0 458 3137 0.0110094 137.691
760	1	562.418	22922.1	22911.5	10.5593	468	567	257	1	0.0001 Colloc0 468 3140 0.0763623 118.586
770	1	569.955	22787.7	22776.7	10.9762	470	577	247	1	0.0001 Colloc0 470 3120 0.0127814 142.261
780	1	577.471	22848.6	22837.5	11.1235	447	583	241	0	0.0001 Colloc0 447 3149 0.0163025 151.051
790	1	584.995	22735.8	22724.8	11.0308	454	604	220	1	0.0001 Colloc0 454 3139 0.0250767 145.493
800	1	592.159	22788.2	22777.2	10.9578	457	588	236	0	0.0001 Colloc0 457 3138 0.0232692 141.177
810	1	599.564	22691	22680.1	10.8131	451	622	202	1	0.0001 Colloc0 451 3134 0.0190265 132.78
820	1	606.979	22719.4	22708.7	10.7075	446	603	221	1	0.0001 Colloc0 446 3142 0.0289793 126.786
830	1	614.519	22666	22655	10.9975	431	613	211	1	0.0001 Colloc0 431 3139 0.00254897 143.517
840	1	621.657	22856.5	22845.8	10.7397	456	578	246	2	0.0001 Colloc0 456 3148 0.014073 128.601
850	1	629.097	22756.9	22746.1	10.7423	453	587	237	1	0.0001 Colloc0 453 3147 0.0458535 128.751
860	1	636.638	22875.2	22864.3	10.8237	452	581	243	1	0.0001 Colloc0 452 3162 0.00273232 133.384
870	1	644.103	22822.5	22811.5	11.0249	469	599	225	3	0.0001 Colloc0 469 3140 0.0201106 145.145
880	1	651.624	22870	22858.9	11.042	452	545	279	2	0.0001 Colloc0 452 3147 0.00129542 146.162
890	1	659.05	22846.9	22835.9	11.0095	451	562	262	1	0.0001 Colloc0 451 3145 0.00296392 144.228
900	1	666.482	22806.9	22795.9	11.0613	458	596	228	0	0.0001 Colloc0 458 3133 0.00458419 147.314
910	1	674.028	22812.4	22801.4	10.9645	451	575	249	2	0.0001 Colloc0 451 3141 0.000224258 141.57
920	1	681.397	22709.1	22698.4	10.6979	449	600	224	0	0.0001 Colloc0 449 3144 0.0311201 126.248
930	1	688.889	22905.3	22894.2	11.1226	461	569	255	0	0.0001 Colloc0 461 3127 0.0146534 150.995
940	1	696.584	22878	22867.1	10.8189	461	581	243	0	0.0001 Colloc0 461 3135 0.000410534 133.109
950	1	704.083	22720.1	22709.4	10.7054	450	596	228	2	0.0001 Colloc0 450 3128 0.0513425 126.669
960	1	711.535	22712.2	22701	11.1835	455	612	212	0	0.0001 Colloc0 455 3125 0.00624223 154.691
970	1	718.886	22738.6	22727.6	10.9724	462	600	224	1	0.0001 Colloc0 462 3129 0.00923862 142.035
980	1	726.265	22735.1	22724.2	10.9081	454	620	204	0	0.0001 Colloc0 454 3121 0.0297368 138.269
990	1	733.677	22681.1	22669.9	11.187	439	615	209	1	0.0001 Colloc0 439 3127 0.000792757 154.906
1000	1	740.904	22716.8	22705.6	11.1742	463	612	212	0	0.0001 Colloc0 463 3111 0.0127568 154.125
1010	1	748.437	22809.9	22798.9	10.9915	466	576	248	1	0.0001 Colloc0 466 3131 0.0234181 143.162
1020	1	755.973	22766.6	22755.6	10.954	448	592	232	3	0.0001 Colloc0 448 3136 0.00345049 140.953
1030	1	763.484	22692.6	22681.5	11.0364	450	588	236	1	0.0001 Colloc0 450 3112 0.00635114 145.828
1040	1	771.06	22798.4	22787	11.3281	466	592	232	1	0.0001 Colloc0 466 3120 0.0112243 163.605
1050	1	778.56	22784.6	22773.6	10.9516	456	572	252	1	0.0001 Colloc0 456 3111 0.00592308 140.814
1060	1	785.832	22689.7	22679	10.7025	453	596	228	1	0.0001 Colloc0 453 3108 0.0119194 126.506
1070	1	793.143	22740	22729.1	10.8663	462	600	224	1	0.0001 Colloc0 462 3109 0.0521988 135.842
1080	1	800.684	22669.6	22658.7	10.8264	461	620	204	1	0.0001 Colloc0 461 3098 0.0511412 133.541
1090	1	807.967	22591.9	22581	10.8723	446	624	200	1	0.0001 Colloc0 446 3112 0.00160414 136.19
1100	1	815.52	22626.3	22615.2	11.0506	454	629	195	1	0.0001 Colloc0 454 3100 0.0157702 146.673
1110	1	822.906	22575.5	22564.6	10.9148	443	625	199	1	0.0001 Colloc0 443 3095 0.00019303 138.656
1120	1	830.285	22515.3	22504.6	10.681	440	626	198	0	0.0001 Colloc0 440 3085 0.0267795 125.304
1130	1	837.52	22600.2	22589.3	10.8583	447	616	208	0	0.0001 Colloc0 447 3088 0.0177457 135.38
1140	1	844.77	22749	22738.4	10.5962	449	594	230	0	0.0001 Colloc0 449 3106 0.0243862 120.609
1150	1	852.17	22721.3	22710.6	10.7483	453	597	227	0	0.0001 Colloc0 453 3105 0.0279391 129.086
1160	1	859.388	22662.3	22651.5	10.8539	452	607	217	0	0.0001 Colloc0 452 3089 0.0450248 135.123
1170	1	866.739	22672.6	22661.6	11.091	452	592	232	0	0.0001 Colloc0 452 3091 0.0111991 149.092
1180	1	874.02	22623.1	22612.3	10.7649	454	631	193	0	0.0001 Colloc0 454 3089 0.0118411 130.029
1190	1	881.329	22522.9	22512.3	10.5347	441	633	191	0	0.0001 Colloc0 441 3107 0.069758 117.249
1200	1	888.937	22590.8	22579.9	10.8945	448	626	198	0	0.0001 Colloc0 448 3094 0.0195371 137.478
1210	1	896.298	22662.4	22651.4	10.9905	449	604	220	0	0.0001 Colloc0 449 3126 0.00356815 143.106
1220	1	903.685	22563.8	22553	10.8477	428	627	197	0	0.0001 Colloc0 428 3099 0.0130896 134.765
1230	1	910.786	22591.1	22580.1	10.9447	447	596	228	1	0.0001 Colloc0 447 3089 0.000594336 140.406
1240	1	917.856	22675.8	22664.9	10.9151	446	593	231	1	0.0001 Colloc0 446 3096 0.00383101 138.675
1250	1	925.396	22649.1	22638.2	10.9542	454	602	222	0	0.0001 Colloc0 454 3089 0.0205665 140.965
1260	1	932.821	22646.2	22635.2	11.0062	452	596	228	2	0.0001 Colloc0 452 3112 0.000389941 144.035
1270	1	940.32	22608.5	22597.6	10.9216	437	612	212	0	0.0001 Colloc0 437 3107 0.0151944 139.057
1280	1	947.853	22526.2	22515.4	10.8073	431	628	196	2	0.0001 Colloc0 431 3111 0.00900862 132.443
1290	1	955.288	22574.8	22564.1	10.6749	453	637	187	2	0.0001 Colloc0 453 3098 0.024706 124.96
1300	1	962.664	22442.5	22431.5	10.9603	441	669	155	3	0.0001 Colloc0 441 3100 0.020792 141.321
1310	1	970.29	22640.1	22629.2	10.8901	452	619	205	0	0.0001 Colloc0 452 3113 0.0120589 137.218
1320	1	977.835	22601.5	22590.7	10.7963	452	603	221	1	0.0001 Colloc0 452 3091 0.015393 131.817
1330	1	985.29	22614.1	22603	11.154	456	625	199	0	0.0001 Colloc0 456 3080 0.0052635 152.9
1340	1	992.948	22577.3	22566.6	10.7094	449	625	199	1	0.0001 Colloc0 449 3099 0.0170213 126.894
1350	1	1000.43	22610.7	22599.7	10.942	451	634	190	1	0.0001 Colloc0 451 3099 0.00106518 140.248
1360	1	1007.71	22620.3	22609.2	11.0545	451	600	224	1	0.0001 Colloc0 451 3091 0.00645253 146.906
1370	1	1015.09	22648.4	22637.4	10.9971	448	598	226	2	0.0001 Colloc0 448 3104 0.00522927 143.493
1380	1	1022.52	22686.1	22674.8	11.2421	463	589	235	2	0.0001 Colloc0 463 3095 0.00362909 158.283
1390	1	1030.08	22604.7	22593.7	10.9916	450	626	198	2	0.0001 Colloc0 450 3085 0.0262748 143.168
1400	1	1037.51	22665.6	22654.9	10.7868	460	597	227	1	0.0001 Colloc0 460 3078 0.0494221 131.276
1410	1	1044.83	22569.3	22558.2	11.0095	449	609	215	0	0.0001 Colloc0 449 3089 0.00880615 144.226
1420	1	1052.19	22525.8	22514.9	10.9308	448	607	217	1	0.0001 Colloc0 448 3106 0.00987035 139.593
1430	1	1059.62	22660.1	22649.4	10.7066	449	598	226	2	0.0001 Colloc0 449 3086 0.035865 126.736
1440	1	1067.11	22716.1	22705.1	11.0407	458	584	240	0	0.0001 Colloc0 458 3093 0.0105875 146.085
1450	1	1074.39	22596.4	22585.7	10.6778	449	623	201	1	0.0001 Colloc0 449 3097 0.0250079 125.125
1460	1	1081.35	22555.9	22545.3	10.6743	449	622	202	0	0.0001 Colloc0 449 3083 0.0601571 124.929
1470	1	1088.71	22688.6	22677.7	10.8963	467	583	241	0	0.0001 Colloc0 467 3099 0.03368 137.58
1480	1	1096.16	22573.7	22562.9	10.7664	452	619	205	0	0.0001 Colloc0 452 3081 0.0336111 130.112
1490	1	1103.26	22552.1	22541.4	10.7629	445	631	193	0	0.0001 Colloc0 445 3094 0.0415688 129.914
1500	1	1110.79	22567.3	22556.3	10.9352	447	619	205	2	0.0001 Colloc0 447 3094 0.00980103 139.853
1510	1	1118.05	22555.7	22545	10.6381	448	623	201	1	0.0001 Colloc0 448 3099 0.0618349 122.918
1520	1	1125.37	22532.8	22522.1	10.6909	458	643	181	1	0.0001 Colloc0 458 3083 0.0556371 125.858
1530	1	1132.87	22641.6	22630.8	10.7763	444	586	238	1	0.0001 Colloc0 444 3078 0.027242 130.677
1540	1	1140.22	22717.2	22706.4	10.8097	456	579	245	1	0.0001 Colloc0 456 3098 0.048901 132.581
1550	1	1147.82	22545.6	22534.8	10.817	449	616	208	2	0.0001 Colloc0 449 3082 0.0327139 133.001
1560	1	1155.37	22548.5	22537.7	10.7506	457	625	199	0	0.0001 Colloc0 457 3053 0.0110323 129.22
1570	1	1162.83	22601.3	22590.6	10.7589	471	607	217	2	0.0001 Colloc0 471 3059 0.0300094 129.688
1580	1	1170.4	22563	22551.9	11.1351	457	632	192	1	0.0001 Colloc0 457 3065 0.0294693 151.754
1590	1	1177.64	22476.3	22465.3	10.9699	449	643	181	0	0.0001 Colloc0 449 3046 0.0226091 141.891
1600	1	1185.15	22467.3	22456.5	10.7275	451	639	185	3	0.0001 Colloc0 451 3070 0.0283921 127.914
1610	1	1192.64	22623.7	22613	10.7379	460	620	204	2	0.0001 Colloc0 460 3068 0.0148844 128.501
1620	1	1200.32	22643.3	22632.1	11.1457	461	592	232	1	0.0001 Colloc0 461 3072 0.0154988 152.396
1630	1	1208.03	22545.2	22534.2	11.0743	449	595	229	1	0.0001 Colloc0 449 3068 0.00336115 148.092
1640	1	1215.56	22562.3	22551.2	11.0949	461	612	212	1	0.0001 Colloc0 461 3066 0.00671288 149.329
1650	1	1222.96	22551.3	22540.3	11.0531	458	625	199	1	0.0001 Colloc0 458 3086 0.0107202 146.826
1660	1	1230.29	22506.4	22495.2	11.2332	459	641	183	0	0.0001 Colloc0 459 3060 0.000328525 157.734
1670	1	1237.5	22557	22545.8	11.1207	464	610	214	0	0.0001 Colloc0 464 3059 0.0145026 150.88
1680	1	1244.96	22495.9	22484.8	11.037	453	630	194	1	0.0001 Colloc0 453 3059 0.00985604 145.86
1690	1	1252.37	22487.9	22476.8	11.1162	452	625	199	0	0.0001 Colloc0 452 3082 0.0112205 150.612
1700	1	1259.88	22530.6	22519.8	10.8796	461	629	195	0	0.0001 Colloc0 461 3065 0.0295515 136.612
1710	1	1267.32	22505.9	22495	10.9843	445	620	204	2	0.0001 Colloc0 445 3061 0.000738594 142.735
1720	1	1274.75	22524.4	22513.5	10.8653	443	629	195	1	0.0001 Colloc0 443 3072 0.0255961 135.781
1730	1	1282.22	22568.9	22558.2	10.7506	458	597	227	1	0.0001 Colloc0 458 3067 0.0484386 129.218
1740	1	1289.69	22566.9	22555.8	11.0437	456	618	206	1	0.0001 Colloc0 456 3066 0.0063167 146.263
1750	1	1297.31	22629.2	22618	11.2224	462	620	204	0	0.0001 Colloc0 462 3086 0.000930173 157.072
1760	1	1304.64	22564.3	22553	11.3202	447	610	214	0	0.0001 Colloc0 447 3089 0.00381544 163.115
1770	1	1312.02	22524	22513.3	10.6773	446	615	209	3	0.0001 Colloc0 446 3073 0.0464769 125.095
1780	1	1319.21	22505.7	22494.7	11.0066	450	629	195	0	0.0001 Colloc0 450 3053 0.0140191 144.057
1790	1	1326.47	22430.4	22419.5	10.8978	448	626	198	0	0.0001 Colloc0 448 3056 0.023189 137.67
1800	1	1333.88	22333.4	22322.5	10.8483	445	629	195	1	0.0001 Colloc0 445 3053 0.0185426 134.8
1810	1	1341.27	22449.7	22438.8	10.8187	457	611	213	2	0.0001 Colloc0 457 3069 0.0157466 133.1
1820	1	1348.65	22374.8	22363.8	11.0109	439	645	179	0	0.0001 Colloc0 439 3050 0.000474068 144.313
1830	1	1356.24	22455.5	22444.6	10.8662	453	615	209	0	0.0001 Colloc0 453 3064 0.0256738 135.834
1840	1	1363.57	22253.4	22242.7	10.705	438	679	145	1	0.0001 Colloc0 438 3037 0.0292267 126.647
1850	1	1370.78	22415.1	22404.2	10.9558	451	627	197	0	0.0001 Colloc0 451 3036 0.0064776 141.059
1860	1	1378.02	22405	22394.3	10.6927	454	631	193	0	0.0001 Colloc0 454 3038 0.0496281 125.957
1870	1	1385.56	22370.3	22359.6	10.7361	447	610	214	1	0.0001 Colloc0 447 3047 0.0333136 128.397
1880	1	1393.12	22338.8	22327.9	10.8476	438	630	194	2	0.0001 Colloc0 438 3057 0.00320219 134.76
1890	1	1400.6	22367.4	22356.4	10.9631	443	640	184	1	0.0001 Colloc0 443 3055 0.00425625 141.49
1900	1	1408.02	22425.5	22414.9	10.6437	444	623	201	0	0.0001 Colloc0 444 3041 0.0194356 123.225
1910	1	1415.33	22373.7	22363.1	10.6514	447	665	159	0	0.0001 Colloc0 447 3065 0.0558637 123.655
1920	1	1422.53	22334.9	22324.4	10.555	443	653	171	1	0.0001 Colloc0 443 3056 0.0521039 118.354
1930	1	1429.92	22418.4	22407.4	10.9486	450	614	210	2	0.0001 Colloc0 450 3054 0.00988176 140.635
1940	1	1437.24	22413	22402.3	10.6322	445	623	201	1	0.0001 Colloc0 445 3054 0.0533788 122.591
1950	1	1444.84	22282.3	22271.4	10.8938	434	647	177	1	0.0001 Colloc0 434 3049 0.0180768 137.437
1960	1	1452.14	22354.1	22343.4	10.6689	428	636	188	2	0.0001 Colloc0 428 3063 0.0341239 124.63
1970	1	1459.27	22360.3	22349.9	10.3741	437	631	193	1	0.0001 Colloc0 437 3038 0.0874081 108.691
1980	1	1466.72	22355	22343.8	11.1133	450	631	193	0	0.0001 Colloc0 450 3050 0.00717769 150.434
1990	1	1474.24	22427.2	22416.5	10.7007	461	616	208	0	0.0001 Colloc0 461 3059 0.035711 126.409
2000	1	1481.54	22402.3	22391.3	11.0519	447	622	202	0	0.0001 Colloc0 447 3039 0.0209774 146.754
