# D = 0, E = 1, I = 1, P = 1, R = -1, n = 2000, N = 1, P = 1, w = 1, a = 0.0001, b = 10000, e = 1, f = 1, g = 100, h = 0.01, r = 10772, s = 1, S = 0, x = 10, m = 100, Z = 1, z = 0, T = 1, t = 1
# 8825 tokens in 824 sentences
#
# It	Temp	Time	-logP	-logPcorpus	-logPrior	tables	same	changed	reject	default_pya	(parent pym pyn pya pyb)*
0	1	0.541917	30158.3	30044.6	113.764	1412	0	824	0	0.0001 Colloc0 1412 2781 0.0001 10000
10	1	8.12176	23951.3	23939.2	12.147	569	485	339	1	0.0001 Colloc0 569 3022 0.0196203 217.366
20	1	15.2807	23715.1	23703.5	11.6081	529	502	322	2	0.0001 Colloc0 529 3040 0.0168243 181.39
30	1	22.5476	23423	23411.4	11.5371	514	536	288	0	0.0001 Colloc0 514 3023 0.00894633 176.816
40	1	29.4925	23328.8	23317.3	11.4397	499	558	266	4	0.0001 Colloc0 499 3020 0.0201116 170.617
50	1	36.7364	23272.3	23260.9	11.4018	493	558	266	1	0.0001 Colloc0 493 3041 0.00270797 168.225
60	1	44.0523	23276.8	23265.7	11.1401	502	557	267	1	0.0001 Colloc0 502 3043 0.0433382 152.055
70	1	51.1702	23156.4	23145.3	11.1342	486	556	268	0	0.0001 Colloc0 486 3022 0.00230966 151.701
80	1	58.2072	23177.3	23165.9	11.3527	489	566	258	1	0.0001 Colloc0 489 3028 0.00232743 165.146
90	1	65.555	23233.1	23221.9	11.2617	501	550	274	1	0.0001 Colloc0 501 3041 0.0113878 159.491
100	1	72.8599	23037.5	23026.3	11.1799	480	560	264	4	0.0001 Colloc0 480 3026 0.00618327 154.474
110	1	80.2358	22966.7	22955.7	10.9397	470	573	251	1	0.0001 Colloc0 470 3047 0.0201898 140.115
120	1	87.3157	22894.5	22883.2	11.3653	492	608	216	2	0.0001 Colloc0 492 3020 0.0304481 165.929
130	1	94.1427	22986.6	22975.4	11.2279	476	593	231	0	0.0001 Colloc0 476 3040 0.00802061 157.409
140	1	101.078	22967.1	22956.1	11.0327	489	579	245	0	0.0001 Colloc0 489 3031 0.0285498 145.607
150	1	107.971	23015.7	23004.7	11.0779	480	577	247	1	0.0001 Colloc0 480 3030 0.00189662 148.308
160	1	115.078	22992	22980.7	11.3226	491	572	252	0	0.0001 Colloc0 491 3019 0.00727076 163.265
170	1	122.217	22950.1	22939	11.0827	465	572	252	1	0.0001 Colloc0 465 3033 0.000209505 148.597
180	1	129.422	22919.8	22908.8	11.08	470	601	223	1	0.0001 Colloc0 470 3041 0.0152814 148.436
190	1	136.634	22898.2	22887.1	11.0347	471	603	221	2	0.0001 Colloc0 471 3030 0.00473163 145.725
200	1	143.957	22942.3	22931	11.2792	474	580	244	1	0.0001 Colloc0 474 3039 0.00789985 160.57
210	1	151.073	22877.9	22866.7	11.1848	475	602	222	1	0.0001 Colloc0 475 3025 0.0144768 154.774
220	1	158.191	22905	22894	11.0712	469	609	215	1	0.0001 Colloc0 469 3037 0.0109303 147.904
230	1	165.287	22871.3	22859.9	11.3532	482	590	234	2	0.0001 Colloc0 482 3010 0.00574521 165.171
240	1	172.505	22803.7	22792.7	10.9842	469	600	224	1	0.0001 Colloc0 469 3021 0.0147896 142.73
250	1	179.729	22836.8	22825.7	11.0508	470	582	242	0	0.0001 Colloc0 470 3036 0.00480154 146.689
260	1	187.044	22836.5	22825.5	10.9621	480	607	217	1	0.0001 Colloc0 480 3031 0.0249811 141.428
270	1	193.985	22870.2	22859.4	10.8091	473	595	229	0	0.0001 Colloc0 473 3048 0.0326028 132.548
280	1	201.215	22826	22815.1	10.9634	463	619	205	1	0.0001 Colloc0 463 3040 0.0237782 141.506
290	1	208.262	22874.8	22863.6	11.2072	475	580	244	0	0.0001 Colloc0 475 3035 0.00734835 156.139
300	1	215.351	22839.7	22828.7	11.0212	457	593	231	1	0.0001 Colloc0 457 3039 0.00227737 144.922
310	1	222.347	22829.5	22818.7	10.8344	462	608	216	2	0.0001 Colloc0 462 3039 0.0516546 134
320	1	229.179	22876.2	22865.1	11.1329	470	574	250	1	0.0001 Colloc0 470 3032 0.00673398 151.618
330	1	235.953	22849.1	22838.5	10.5812	473	601	223	0	0.0001 Colloc0 473 3037 0.0748601 119.782
340	1	243.01	22968	22957.2	10.8637	485	574	250	2	0.0001 Colloc0 485 3045 0.0738805 135.689
350	1	250.252	22817.8	22807	10.8523	467	614	210	1	0.0001 Colloc0 467 3039 0.0371728 135.033
360	1	257.456	22851.2	22840.3	10.8744	462	585	239	1	0.0001 Colloc0 462 3031 0.0229595 136.31
370	1	264.665	22883.7	22872.5	11.2012	474	590	234	1	0.0001 Colloc0 474 3050 0.0434161 155.776
380	1	271.931	22859.8	22848.6	11.1902	476	587	237	2	0.0001 Colloc0 476 3032 0.00958907 155.104
390	1	279.106	22875.1	22863.8	11.2728	471	592	232	1	0.0001 Colloc0 471 3039 0.0191104 160.176
400	1	286.142	22867.8	22856.4	11.3411	475	581	243	1	0.0001 Colloc0 475 3026 0.0218906 164.416
410	1	293.408	22886.7	22875.7	11.0134	470	586	238	1	0.0001 Colloc0 470 3032 0.0157687 144.46
420	1	300.494	22800	22788.7	11.3027	467	591	233	1	0.0001 Colloc0 467 3024 0.00259704 162.028
430	1	307.632	22877.4	22866.3	11.0679	464	581	243	0	0.0001 Colloc0 464 3042 0.00515283 147.709
440	1	314.946	22946.6	22935.6	10.9751	477	570	254	3	0.0001 Colloc0 477 3019 0.0187445 142.192
450	1	322.081	22912.7	22901.5	11.2701	484	569	255	3	0.0001 Colloc0 484 3024 0.0180162 160.009
460	1	329.231	22807.9	22796.9	11.001	465	598	226	3	0.0001 Colloc0 465 3017 0.0144777 143.725
470	1	336.378	22828.5	22817.4	11.1098	472	620	204	1	0.0001 Colloc0 472 3025 0.00847479 150.227
480	1	343.494	22781.5	22770.4	11.1186	469	595	229	1	0.0001 Colloc0 469 3024 0.00770322 150.756
490	1	350.568	22688.1	22677.4	10.7299	456	613	211	0	0.0001 Colloc0 456 3008 0.0357252 128.049
500	1	357.757	22671.2	22660.5	10.7081	444	634	190	1	0.0001 Colloc0 444 3012 0.0105912 126.822
510	1	365.002	22846.1	22835	11.151	479	582	242	0	0.0001 Colloc0 479 2989 0.0327849 152.716
520	1	372.164	22809.3	22798.4	10.8534	472	570	254	1	0.0001 Colloc0 472 3003 0.0345032 135.095
530	1	379.319	22796.8	22785.7	11.0965	469	588	236	0	0.0001 Colloc0 469 2991 0.0225451 149.422
540	1	386.511	22730.8	22719.9	10.8994	476	602	222	1	0.0001 Colloc0 476 2967 0.038836 137.761
550	1	393.733	22734.7	22723.5	11.1799	471	597	227	2	0.0001 Colloc0 471 2993 0.0154328 154.471
560	1	400.966	22637	22626	11.0659	452	609	215	2	0.0001 Colloc0 452 2988 0.00375339 147.589
570	1	408.235	22692.8	22681.9	10.9115	467	597	227	1	0.0001 Colloc0 467 2988 0.047678 138.464
580	1	415.429	22607.1	22596.1	10.975	462	624	200	1	0.0001 Colloc0 462 2993 0.0188542 142.188
590	1	422.619	22625.8	22614.9	10.8599	448	623	201	1	0.0001 Colloc0 448 2985 0.00338015 135.47
600	1	429.838	22635.2	22624.1	11.05	449	620	204	0	0.0001 Colloc0 449 3000 0.00796801 146.638
610	1	437.007	22565.4	22554.4	10.911	445	631	193	1	0.0001 Colloc0 445 2985 0.00190937 138.438
620	1	444.191	22682.3	22671.1	11.1378	457	600	224	0	0.0001 Colloc0 457 2998 0.0199451 151.915
630	1	451.228	22701.6	22690.5	11.1352	465	608	216	2	0.0001 Colloc0 465 3004 0.0237033 151.761
640	1	458.496	22672	22661.1	10.9126	462	593	231	1	0.0001 Colloc0 462 3004 0.0113436 138.529
650	1	465.825	22650	22639.2	10.8106	449	616	208	0	0.0001 Colloc0 449 3003 0.0174046 132.635
660	1	472.975	22651.6	22640.3	11.2631	471	611	213	1	0.0001 Colloc0 471 2989 0.00480197 159.574
670	1	480.105	22682.9	22672	10.9223	457	609	215	1	0.0001 Colloc0 457 2982 0.017929 139.095
680	1	487.263	22608.1	22597.2	10.9456	460	601	223	3	0.0001 Colloc0 460 2981 0.032399 140.461
690	1	494.225	22598.5	22587.4	11.1054	456	607	217	1	0.0001 Colloc0 456 2979 0.00301436 149.96
700	1	501.093	22646.9	22636.1	10.8244	462	607	217	0	0.0001 Colloc0 462 2971 0.0316422 133.426
710	1	507.916	22623.9	22612.8	11.1209	471	611	213	1	0.0001 Colloc0 471 2987 0.0163446 150.894
720	1	514.917	22578.6	22567.7	10.9028	465	615	209	0	0.0001 Colloc0 465 2962 0.0471374 137.96
730	1	521.826	22642.2	22631.2	11.0243	472	610	214	2	0.0001 Colloc0 472 2970 0.0426753 145.104
740	1	528.83	22517.7	22506.4	11.3128	468	633	191	0	0.0001 Colloc0 468 2960 0.0267379 162.654
750	1	536.056	22487.2	22476.6	10.5993	458	639	185	0	0.0001 Colloc0 458 2944 0.0370037 120.774
760	1	543.305	22454	22442.9	11.0647	456	647	177	1	0.0001 Colloc0 456 2936 0.00392005 147.516
770	1	550.471	22519.6	22508.5	11.0924	460	633	191	0	0.0001 Colloc0 460 2949 0.0142437 149.176
780	1	557.583	22405.4	22394.3	11.1387	455	623	201	0	0.0001 Colloc0 455 2923 0.00111582 151.973
790	1	564.719	22370.2	22359.1	11.0876	473	637	187	0	0.0001 Colloc0 473 2920 0.00173258 148.891
800	1	571.886	22384.4	22373	11.3793	467	630	194	1	0.0001 Colloc0 467 2907 0.00216301 166.808
810	1	579.093	22345.8	22334.7	11.056	464	631	193	1	0.0001 Colloc0 464 2897 0.0038308 146.995
820	1	586.228	22476.5	22465.4	11.1349	468	618	206	0	0.0001 Colloc0 468 2932 0.0146379 151.743
830	1	593.515	22340.5	22329.5	11.047	461	650	174	1	0.0001 Colloc0 461 2929 0.0113476 146.461
840	1	600.847	22343.6	22332.6	11.0658	451	653	171	1	0.0001 Colloc0 451 2918 0.0232922 147.583
850	1	607.887	22350.9	22339.9	10.9934	454	660	164	1	0.0001 Colloc0 454 2936 0.00314148 143.277
860	1	615.109	22309.9	22298.9	10.997	445	636	188	0	0.0001 Colloc0 445 2927 0.0068147 143.49
870	1	622.352	22362.8	22351.8	11.0469	466	628	196	1	0.0001 Colloc0 466 2918 0.00727774 146.454
880	1	629.402	22267	22256.3	10.7148	453	671	153	2	0.0001 Colloc0 453 2919 0.0174653 127.2
890	1	636.529	22347.6	22336.4	11.2184	453	652	172	1	0.0001 Colloc0 453 2936 0.000346623 156.83
900	1	643.574	22309.9	22298.8	11.0499	455	650	174	1	0.0001 Colloc0 455 2922 0.00120106 146.632
910	1	650.855	22281.2	22270.3	10.913	448	666	158	2	0.0001 Colloc0 448 2922 0.00922118 138.552
920	1	658.133	22259.9	22248.9	11.0192	461	685	139	0	0.0001 Colloc0 461 2908 0.0223707 144.806
930	1	665.419	22353.2	22342	11.1778	467	645	179	2	0.0001 Colloc0 467 2893 0.0053556 154.347
940	1	672.656	22339.1	22328.3	10.8147	459	624	200	1	0.0001 Colloc0 459 2920 0.00475735 132.868
950	1	679.804	22384.3	22373	11.3111	462	617	207	2	0.0001 Colloc0 462 2924 0.0013535 162.551
960	1	686.896	22299.2	22287.9	11.2244	456	656	168	1	0.0001 Colloc0 456 2910 0.0185898 157.197
970	1	694.297	22227.2	22216.3	10.9323	455	646	178	1	0.0001 Colloc0 455 2921 0.00262454 139.681
980	1	701.48	22301.9	22290.8	11.0797	460	645	179	0	0.0001 Colloc0 460 2910 0.0231594 148.416
990	1	708.471	22302.3	22291.3	10.9998	462	633	191	1	0.0001 Colloc0 462 2910 0.00384943 143.654
1000	1	715.544	22338.3	22327.1	11.1707	472	638	186	1	0.0001 Colloc0 472 2932 0.0011019 153.915
1010	1	722.61	22302	22290.8	11.2519	460	628	196	3	0.0001 Colloc0 460 2908 0.00591419 158.884
1020	1	729.773	22273.5	22262.4	11.1765	459	642	182	0	0.0001 Colloc0 459 2899 0.0146484 154.265
1030	1	736.829	22185	22174	10.9389	454	663	161	1	0.0001 Colloc0 454 2916 0.00949437 140.068
1040	1	743.928	22228.5	22217.4	11.1026	459	648	176	0	0.0001 Colloc0 459 2899 0.00416167 149.79
1050	1	751.347	22249.6	22238.5	11.1304	463	648	176	0	0.0001 Colloc0 463 2902 0.0377305 151.47
1060	1	758.418	22404.3	22392.9	11.354	479	610	214	1	0.0001 Colloc0 479 2927 0.00528315 165.226
1070	1	765.459	22294.4	22283.6	10.8074	462	632	192	0	0.0001 Colloc0 462 2910 0.0051174 132.449
1080	1	772.45	22243.3	22232.3	10.9362	458	653	171	0	0.0001 Colloc0 458 2912 0.0372717 139.907
1090	1	779.688	22175.9	22164.9	10.9649	448	658	166	1	0.0001 Colloc0 448 2900 0.0180869 141.591
1100	1	786.618	22215	22204.1	10.9516	456	658	166	0	0.0001 Colloc0 456 2925 0.0409156 140.809
1110	1	793.453	22106.5	22095.8	10.6825	441	688	136	1	0.0001 Colloc0 441 2908 0.008261 125.389
1120	1	800.275	22191.7	22180.4	11.3011	454	670	154	1	0.0001 Colloc0 454 2899 0.0199952 161.931
1130	1	807.108	22301.7	22290.6	11.1088	462	648	176	0	0.0001 Colloc0 462 2921 0.0136197 150.165
1140	1	814.059	22360.6	22349.6	11.0221	467	622	202	1	0.0001 Colloc0 467 2930 0.0324178 144.975
1150	1	820.861	22193.8	22182.8	11.0197	449	664	160	1	0.0001 Colloc0 449 2929 0.0131455 144.832
1160	1	827.81	22234.8	22224.2	10.5955	445	655	169	1	0.0001 Colloc0 445 2925 0.0149775 120.569
1170	1	834.747	22283.1	22272.2	10.8921	457	647	177	0	0.0001 Colloc0 457 2931 0.00266281 137.337
1180	1	841.618	22314.9	22304	10.8396	466	634	190	1	0.0001 Colloc0 466 2919 0.0133827 134.302
1190	1	848.685	22316.1	22305.3	10.7958	455	614	210	1	0.0001 Colloc0 455 2923 0.00189753 131.789
1200	1	855.763	22225.9	22215.1	10.8767	443	644	180	0	0.0001 Colloc0 443 2912 0.0184135 136.443
1210	1	862.94	22183.4	22172.4	10.9263	442	656	168	1	0.0001 Colloc0 442 2910 0.0370138 139.329
1220	1	870.049	22193.7	22182.6	11.1024	452	660	164	0	0.0001 Colloc0 452 2901 0.0129972 149.779
1230	1	877.348	22240.6	22229.7	10.9464	452	653	171	0	0.0001 Colloc0 452 2928 0.0231892 140.509
1240	1	884.36	22215.8	22204.7	11.056	451	641	183	2	0.0001 Colloc0 451 2921 0.00281745 146.997
1250	1	891.164	22199	22188	10.9968	453	641	183	0	0.0001 Colloc0 453 2903 0.00856313 143.475
1260	1	897.922	22214.5	22203.4	11.0801	451	636	188	0	0.0001 Colloc0 451 2906 0.0311037 148.438
1270	1	905.068	22309.5	22298.2	11.3456	462	643	181	0	0.0001 Colloc0 462 2924 0.0357425 164.701
1280	1	912.237	22240.2	22229.3	10.9764	452	626	198	0	0.0001 Colloc0 452 2927 0.0174053 142.269
1290	1	919.051	22294.7	22283.8	10.8646	461	639	185	1	0.0001 Colloc0 461 2934 0.0237517 135.743
1300	1	926.092	22287.8	22276.6	11.2003	461	639	185	1	0.0001 Colloc0 461 2930 0.00697103 155.719
1310	1	932.908	22268.9	22258	10.9146	461	631	193	1	0.0001 Colloc0 461 2930 0.00524973 138.643
1320	1	939.703	22164.7	22153.6	11.0348	452	672	152	1	0.0001 Colloc0 452 2907 0.00558947 145.734
1330	1	946.641	22184.5	22173.4	11.0747	445	664	160	1	0.0001 Colloc0 445 2918 0.0123131 148.113
1340	1	953.769	22177.4	22166.4	10.9596	444	649	175	2	0.0001 Colloc0 444 2919 0.00891757 141.282
1350	1	960.876	22148.4	22137.5	10.9064	439	675	149	0	0.0001 Colloc0 439 2917 0.0101263 138.166
1360	1	967.898	22200.9	22189.6	11.273	453	659	165	1	0.0001 Colloc0 453 2931 0.0189634 160.188
1370	1	975.115	22215	22204.1	10.953	433	652	172	1	0.0001 Colloc0 433 2926 0.00104442 140.895
1380	1	982.27	22164.8	22153.6	11.1893	452	677	147	0	0.0001 Colloc0 452 2902 0.00892424 155.045
1390	1	989.344	22163.4	22152.6	10.7971	447	672	152	0	0.0001 Colloc0 447 2916 0.0252867 131.862
1400	1	996.534	22163.8	22152.5	11.2794	446	668	156	0	0.0001 Colloc0 446 2928 0.00349276 160.584
1410	1	1003.68	22284.8	22273.7	11.1313	453	632	192	1	0.0001 Colloc0 453 2918 0.00993758 151.525
1420	1	1010.74	22093.3	22082.5	10.8587	433	691	133	1	0.0001 Colloc0 433 2937 0.0160525 135.401
1430	1	1017.97	22218.3	22207.2	11.1031	459	647	177	0	0.0001 Colloc0 459 2917 0.0179296 149.819
1440	1	1024.93	22244.1	22233.1	10.9905	454	660	164	0	0.0001 Colloc0 454 2935 0.0205676 143.105
1450	1	1032.14	22235.8	22224.7	11.0998	457	641	183	1	0.0001 Colloc0 457 2943 0.00244138 149.624
1460	1	1038.93	22249.3	22238.2	11.1517	461	654	170	0	0.0001 Colloc0 461 2935 0.00635379 152.758
1470	1	1045.85	22214.5	22203.3	11.2225	464	669	155	0	0.0001 Colloc0 464 2916 0.0208103 157.08
1480	1	1053	22180.3	22169.2	11.1201	449	655	169	0	0.0001 Colloc0 449 2922 0.00752265 150.844
1490	1	1060.21	22185.6	22174.5	11.1575	452	654	170	0	0.0001 Colloc0 452 2928 0.01164 153.111
1500	1	1067.38	22153.9	22143	10.8846	448	667	157	0	0.0001 Colloc0 448 2924 0.0205699 136.903
1510	1	1074.41	22153.2	22141.9	11.3119	458	657	167	0	0.0001 Colloc0 458 2914 0.00262328 162.598
1520	1	1081.57	22199.9	22189.3	10.595	454	654	170	0	0.0001 Colloc0 454 2908 0.0684771 120.542
1530	1	1088.4	22131.2	22120.5	10.7569	445	666	158	0	0.0001 Colloc0 445 2924 0.0145215 129.575
1540	1	1095.22	22236.8	22225.6	11.109	451	650	174	0	0.0001 Colloc0 451 2925 0.0160534 150.174
1550	1	1102.17	22178.2	22167	11.1749	451	654	170	0	0.0001 Colloc0 451 2917 0.00807207 154.171
1560	1	1109.01	22265.2	22254	11.1924	464	646	178	0	0.0001 Colloc0 464 2929 0.0248587 155.236
1570	1	1115.87	22142.1	22131.3	10.8138	455	650	174	0	0.0001 Colloc0 455 2911 0.0240334 132.818
1580	1	1122.78	22231.3	22220.3	11.0443	452	654	170	1	0.0001 Colloc0 452 2917 0.0173237 146.301
1590	1	1129.61	22187.3	22176.4	10.8708	452	653	171	1	0.0001 Colloc0 452 2909 0.0218512 136.101
1600	1	1136.56	22178.7	22167.8	10.9328	452	658	166	2	0.0001 Colloc0 452 2891 0.0155043 139.709
1610	1	1143.73	22206.5	22195.4	11.1326	457	653	171	1	0.0001 Colloc0 457 2905 0.0332694 151.604
1620	1	1150.94	22206.4	22195.7	10.7834	460	657	167	1	0.0001 Colloc0 460 2908 0.0320809 131.083
1630	1	1158.07	22231.7	22220.6	11.0884	454	654	170	0	0.0001 Colloc0 454 2909 0.0278465 148.935
1640	1	1165.21	22179.1	22168.2	10.9662	448	657	167	1	0.0001 Colloc0 448 2913 0.0104208 141.673
1650	1	1172.46	22213.9	22203.1	10.7897	450	650	174	0	0.0001 Colloc0 450 2907 0.0156315 131.438
1660	1	1179.56	22221.1	22209.9	11.1551	453	651	173	1	0.0001 Colloc0 453 2906 0.00162787 152.966
1670	1	1186.78	22227.7	22216.8	10.8935	464	650	174	0	0.0001 Colloc0 464 2894 0.0270025 137.419
1680	1	1193.85	22142.2	22131.6	10.6439	447	657	167	1	0.0001 Colloc0 447 2899 0.0588726 123.241
1690	1	1200.61	22202.6	22191.4	11.2495	453	660	164	1	0.0001 Colloc0 453 2907 0.000367938 158.739
1700	1	1207.44	22145	22133.9	11.1682	450	665	159	0	0.0001 Colloc0 450 2895 0.00121783 153.761
1710	1	1214.27	22211.6	22200.7	10.8516	451	652	172	1	0.0001 Colloc0 451 2906 0.040957 134.989
1720	1	1221.03	22176.3	22165.5	10.7876	447	666	158	0	0.0001 Colloc0 447 2894 0.0524029 131.322
1730	1	1227.99	22165.6	22154.4	11.2034	459	660	164	1	0.0001 Colloc0 459 2903 0.00438356 155.909
1740	1	1235.13	22244.8	22233.7	11.0882	461	646	178	0	0.0001 Colloc0 461 2893 0.00610243 148.923
1750	1	1242.26	22203.8	22192.9	10.8873	457	647	177	0	0.0001 Colloc0 457 2894 0.02457 137.058
1760	1	1249.36	22256.5	22245.1	11.3709	459	628	196	0	0.0001 Colloc0 459 2903 0.00373757 166.282
1770	1	1256.36	22169.2	22158	11.184	456	652	172	1	0.0001 Colloc0 456 2886 0.00136442 154.725
1780	1	1263.4	22215.5	22204.1	11.4063	473	630	194	0	0.0001 Colloc0 473 2895 0.00235969 168.507
1790	1	1270.54	22268.6	22258	10.6779	461	624	200	0	0.0001 Colloc0 461 2907 0.0646485 125.132
1800	1	1277.62	22123.5	22112.5	11.0714	451	669	155	1	0.0001 Colloc0 451 2892 2.78175e-05 147.917
1810	1	1284.62	22094.6	22083.5	11.1006	452	660	164	1	0.0001 Colloc0 452 2888 0.0176469 149.674
1820	1	1291.79	22104.2	22093.3	10.9354	445	646	178	0	0.0001 Colloc0 445 2896 0.0192885 139.86
1830	1	1299	22087.3	22076.4	10.8806	450	658	166	2	0.0001 Colloc0 450 2897 0.0275192 136.67
1840	1	1306.11	22203	22192	11.0499	461	642	182	0	0.0001 Colloc0 461 2904 0.0246281 146.631
1850	1	1313.29	22192.9	22182.1	10.7866	457	648	176	1	0.0001 Colloc0 457 2902 0.045196 131.265
1860	1	1320.46	22221.9	22210.6	11.2724	464	616	208	0	0.0001 Colloc0 464 2902 0.00412102 160.152
1870	1	1327.67	22154.5	22143.3	11.1895	460	656	168	1	0.0001 Colloc0 460 2898 0.0115756 155.06
1880	1	1334.77	22145.7	22134.7	11.0533	465	648	176	0	0.0001 Colloc0 465 2898 0.021461 146.838
1890	1	1341.94	22115.1	22104	11.1196	452	661	163	1	0.0001 Colloc0 452 2904 0.0194166 150.814
1900	1	1349.11	22151	22139.8	11.2568	460	634	190	0	0.0001 Colloc0 460 2898 0.00719355 159.187
1910	1	1356.26	22210.3	22199.3	11.0262	458	641	183	3	0.0001 Colloc0 458 2909 0.00735132 145.217
1920	1	1363.24	22179	22168	11.0123	458	619	205	0	0.0001 Colloc0 458 2894 0.00311527 144.395
1930	1	1370.19	22165.8	22154.7	11.091	455	613	211	0	0.0001 Colloc0 455 2885 0.000680266 149.097
1940	1	1377.13	22214.8	22203.6	11.1362	454	623	201	0	0.0001 Colloc0 454 2914 0.00298108 151.82
1950	1	1384.09	22141.5	22130.7	10.8388	447	641	183	1	0.0001 Colloc0 447 2900 0.00948781 134.256
1960	1	1391.01	22116.9	22106	10.8637	444	645	179	1	0.0001 Colloc0 444 2893 0.0324874 135.688
1970	1	1398.12	22130.4	22119.3	11.1592	453	654	170	1	0.0001 Colloc0 453 2902 0.00971466 153.212
1980	1	1405.37	22081.8	22070.9	10.9879	449	671	153	2	0.0001 Colloc0 449 2912 0.0258206 142.949
1990	1	1412.54	22079.7	22069	10.6928	445	662	162	2	0.0001 Colloc0 445 2906 0.0690031 125.963
2000	1	1419.77	22096.2	22085.2	11.0494	443	673	151	0	0.0001 Colloc0 443 2914 0.0105664 146.604
