# D = 0, E = 1, I = 1, P = 1, R = -1, n = 2000, N = 1, P = 1, w = 1, a = 0.0001, b = 10000, e = 1, f = 1, g = 100, h = 0.01, r = 14478, s = 1, S = 0, x = 10, m = 100, Z = 1, z = 0, T = 1, t = 1
# 8825 tokens in 824 sentences
#
# It	Temp	Time	-logP	-logPcorpus	-logPrior	tables	same	changed	reject	default_pya	(parent pym pyn pya pyb)*
0	1	0.549916	31089.5	30975.8	113.764	1781	0	824	0	0.0001 Colloc0 1781 3427 0.0001 10000
10	1	8.41272	24282.6	24271.3	11.3193	521	421	403	2	0.0001 Colloc0 521 3265 0.00257358 163.059
20	1	15.7126	24030.3	24018.7	11.6082	515	452	372	1	0.0001 Colloc0 515 3269 0.00395012 181.4
30	1	22.9395	23751.4	23740.1	11.272	491	523	301	0	0.0001 Colloc0 491 3270 0.00140377 160.124
40	1	30.1814	23518	23507.2	10.812	450	552	272	1	0.0001 Colloc0 450 3265 0.0242639 132.717
50	1	37.3633	23694.6	23683.2	11.3953	486	515	309	1	0.0001 Colloc0 486 3268 0.00448601 167.815
60	1	44.6132	23566.6	23555.3	11.2973	476	539	285	1	0.0001 Colloc0 476 3236 0.011896 161.695
70	1	51.8701	23503.9	23492.6	11.2794	481	535	289	1	0.0001 Colloc0 481 3233 0.00499627 160.582
80	1	59.023	23498.1	23487.2	10.9124	489	534	290	2	0.0001 Colloc0 489 3219 0.0200526 138.519
90	1	66.1979	23359.1	23348.2	10.9223	486	557	267	1	0.0001 Colloc0 486 3200 0.0368802 139.095
100	1	73.3418	23308.4	23297.7	10.6741	464	556	268	1	0.0001 Colloc0 464 3217 0.0436207 124.92
110	1	80.5438	23348.2	23337.2	11.0383	466	549	275	3	0.0001 Colloc0 466 3224 0.000767576 145.94
120	1	87.5497	23254.1	23243.2	10.9023	462	560	264	1	0.0001 Colloc0 462 3221 0.0329691 137.932
130	1	94.6476	23252	23240.9	11.0594	465	524	300	3	0.0001 Colloc0 465 3217 0.00707282 147.202
140	1	101.786	23059.4	23048.4	11.0081	452	565	259	2	0.0001 Colloc0 452 3206 0.0203825 144.145
150	1	108.829	23139.8	23128.9	10.8711	451	545	279	3	0.0001 Colloc0 451 3196 2.31635e-05 136.121
160	1	115.848	23147.7	23136.7	11.0414	460	550	274	2	0.0001 Colloc0 460 3195 0.0242325 146.126
170	1	123.085	23037.8	23026.7	11.1101	461	552	272	1	0.0001 Colloc0 461 3192 0.0177939 150.246
180	1	130.285	23036.5	23025.6	10.8923	454	547	277	1	0.0001 Colloc0 454 3202 0.0159165 137.346
190	1	137.471	23186	23175	11.079	470	534	290	0	0.0001 Colloc0 470 3211 0.0274944 148.373
200	1	144.618	23061.2	23050.1	11.1221	445	557	267	2	0.0001 Colloc0 445 3190 0.00267981 150.965
210	1	151.668	22976.5	22965.5	10.9949	448	574	250	0	0.0001 Colloc0 448 3208 0.0283383 143.365
220	1	158.705	22901.2	22890.3	10.9231	434	586	238	0	0.0001 Colloc0 434 3201 0.00624377 139.144
230	1	165.805	22993.5	22982.7	10.7808	465	573	251	0	0.0001 Colloc0 465 3186 0.0382414 130.93
240	1	173.036	23124.5	23113.7	10.7985	457	547	277	1	0.0001 Colloc0 457 3207 0.0409879 131.944
250	1	180.166	23076	23065.1	10.9008	463	545	279	0	0.0001 Colloc0 463 3205 0.00316984 137.84
260	1	187.327	23015	23004.4	10.638	446	552	272	0	0.0001 Colloc0 446 3227 0.0375946 122.91
270	1	194.348	22965.5	22954.7	10.7764	449	574	250	1	0.0001 Colloc0 449 3204 0.0225552 130.682
280	1	201.412	22990.3	22979.6	10.7349	442	558	266	2	0.0001 Colloc0 442 3207 0.00607054 128.33
290	1	208.539	23025.3	23014.3	11.0418	473	557	267	3	0.0001 Colloc0 473 3175 0.0278765 146.147
300	1	215.629	23007.4	22996.5	10.8516	459	549	275	2	0.0001 Colloc0 459 3193 0.0607851 134.99
310	1	222.776	22905.4	22894.7	10.6512	444	568	256	1	0.0001 Colloc0 444 3172 0.0274847 123.643
320	1	229.895	22933.1	22922	11.0768	459	580	244	1	0.0001 Colloc0 459 3192 0.00966381 148.244
330	1	237.08	22914.1	22903.2	10.9568	441	584	240	2	0.0001 Colloc0 441 3186 0.0110642 141.116
340	1	244.24	22874.1	22863.1	11.0391	450	584	240	2	0.0001 Colloc0 450 3179 0.0186553 145.991
350	1	251.388	22949.9	22939	10.8786	457	582	242	1	0.0001 Colloc0 457 3188 0.0101529 136.554
360	1	258.152	22883.9	22873.5	10.416	459	613	211	4	0.0001 Colloc0 459 3191 0.0560094 110.898
370	1	265.18	22844.3	22833.4	10.9642	442	617	207	3	0.0001 Colloc0 442 3180 0.000919541 141.555
380	1	272.235	22812.8	22802.1	10.7891	431	609	215	1	0.0001 Colloc0 431 3193 0.00558431 131.404
390	1	278.998	22822.4	22811.6	10.7965	445	584	240	2	0.0001 Colloc0 445 3178 0.0421166 131.829
400	1	285.998	22734.4	22723.3	11.0788	434	625	199	0	0.0001 Colloc0 434 3169 0.00335054 148.361
410	1	293.274	22949.7	22938.7	10.9754	462	570	254	2	0.0001 Colloc0 462 3178 0.00917232 142.211
420	1	300.359	22752.5	22741.9	10.5782	432	594	230	1	0.0001 Colloc0 432 3167 0.0143961 119.617
430	1	307.479	22967.4	22956.7	10.6829	448	546	278	0	0.0001 Colloc0 448 3190 0.0475289 125.408
440	1	314.581	22937.1	22926.1	11.051	454	535	289	1	0.0001 Colloc0 454 3171 0.0160291 146.697
450	1	321.677	22851.1	22840.4	10.6467	456	595	229	3	0.0001 Colloc0 456 3191 0.0520124 123.396
460	1	328.801	22744.3	22733.4	10.8602	439	593	231	0	0.0001 Colloc0 439 3157 0.0167916 135.49
470	1	335.887	22675	22664.4	10.6491	431	622	202	1	0.0001 Colloc0 431 3162 0.0303605 123.526
480	1	343.08	22697.4	22686.5	10.9283	450	607	217	1	0.0001 Colloc0 450 3142 0.00652918 139.449
490	1	350.163	22807.6	22796.6	11.031	449	568	256	0	0.0001 Colloc0 449 3152 0.0130159 145.506
500	1	357.344	22912.8	22901.6	11.1921	449	564	260	1	0.0001 Colloc0 449 3145 0.00694346 155.221
510	1	364.377	22869.2	22858.3	10.9403	436	560	264	1	0.0001 Colloc0 436 3163 0.0108713 140.152
520	1	371.568	22835.1	22824.1	10.9812	452	571	253	1	0.0001 Colloc0 452 3153 0.00523189 142.552
530	1	378.805	22888.6	22877.7	10.8349	445	534	290	2	0.0001 Colloc0 445 3165 0.00672188 134.026
540	1	385.872	22696.6	22685.6	11.0263	446	607	217	0	0.0001 Colloc0 446 3153 0.0055041 145.224
550	1	392.917	22730.7	22720	10.6091	438	581	243	3	0.0001 Colloc0 438 3149 0.00913486 121.316
560	1	399.932	22652.6	22641.5	11.007	447	593	231	0	0.0001 Colloc0 447 3144 0.00939079 144.081
570	1	407.068	22752	22741.1	10.9397	436	575	249	1	0.0001 Colloc0 436 3135 0.00197617 140.116
580	1	414.249	22739.8	22729.1	10.7645	442	584	240	1	0.0001 Colloc0 442 3144 0.0495779 130.004
590	1	421.372	22681.2	22670.3	10.8459	442	597	227	2	0.0001 Colloc0 442 3141 0.000364722 134.663
600	1	428.232	22778	22766.9	11.0661	445	575	249	0	0.0001 Colloc0 445 3133 0.0191395 147.598
610	1	435.017	22694.9	22684.1	10.772	437	610	214	1	0.0001 Colloc0 437 3133 0.0152643 130.432
620	1	441.82	22694.4	22683.3	11.089	444	582	242	1	0.0001 Colloc0 444 3146 0.00870101 148.976
630	1	448.862	22699.6	22688.8	10.83	456	583	241	4	0.0001 Colloc0 456 3124 0.0324393 133.748
640	1	456.02	22704.3	22693.4	10.9222	446	563	261	1	0.0001 Colloc0 446 3132 0.0215198 139.089
650	1	463.202	22748.4	22737.4	10.9695	450	583	241	1	0.0001 Colloc0 450 3141 0.0124782 141.862
660	1	470.209	22729	22718.2	10.8264	444	572	252	0	0.0001 Colloc0 444 3138 0.00409247 133.539
670	1	477.291	22722.1	22711.4	10.7036	443	593	231	1	0.0001 Colloc0 443 3138 0.0256569 126.569
680	1	484.394	22662.8	22651.8	10.9681	434	608	216	0	0.0001 Colloc0 434 3151 0.00494583 141.783
690	1	491.564	22548.5	22537.8	10.6809	420	644	180	1	0.0001 Colloc0 420 3150 0.0194081 125.296
700	1	498.625	22612.9	22602.2	10.7536	425	620	204	0	0.0001 Colloc0 425 3133 0.000120608 129.389
710	1	505.663	22658.9	22648.3	10.6035	424	610	214	1	0.0001 Colloc0 424 3141 0.000904213 121.01
720	1	512.688	22736.7	22726.2	10.5284	447	571	253	1	0.0001 Colloc0 447 3158 0.0347432 116.908
730	1	519.835	22778.8	22768.1	10.7119	443	566	258	1	0.0001 Colloc0 443 3137 0.0609141 127.034
740	1	526.861	22821.8	22811.1	10.6516	440	554	270	2	0.0001 Colloc0 440 3149 0.0204346 123.669
750	1	533.995	22830.9	22820.1	10.7928	456	547	277	0	0.0001 Colloc0 456 3148 0.0252117 131.615
760	1	541.136	22835.9	22825	10.9056	441	555	269	0	0.0001 Colloc0 441 3146 0.000390619 138.121
770	1	548.196	22842.7	22831.6	11.023	449	545	279	0	0.0001 Colloc0 449 3141 0.0118741 145.032
780	1	555.158	22722.6	22711.5	11.0834	459	583	241	0	0.0001 Colloc0 459 3118 0.0113203 148.639
790	1	561.97	22725.7	22714.9	10.8285	443	569	255	0	0.0001 Colloc0 443 3126 0.0492751 133.658
800	1	568.75	22634.1	22623.4	10.7234	442	590	234	0	0.0001 Colloc0 442 3113 0.0410566 127.681
810	1	575.81	22766	22755.2	10.7789	448	586	238	0	0.0001 Colloc0 448 3128 0.0133108 130.827
820	1	582.746	22769.9	22759.1	10.8525	452	570	254	0	0.0001 Colloc0 452 3117 0.0470679 135.042
830	1	589.741	22672.8	22661.6	11.1855	434	588	236	0	0.0001 Colloc0 434 3117 0.000531654 154.817
840	1	596.564	22728.6	22717.6	10.993	438	582	242	0	0.0001 Colloc0 438 3134 0.00769163 143.254
850	1	603.811	22690.6	22679.6	10.9676	453	574	250	2	0.0001 Colloc0 453 3128 0.0148786 141.754
860	1	610.897	22586	22575.1	10.9183	438	607	217	0	0.0001 Colloc0 438 3128 0.00933288 138.862
870	1	617.968	22627.7	22617.1	10.5446	453	618	206	0	0.0001 Colloc0 453 3117 0.0407514 117.79
880	1	625.076	22619.5	22608.7	10.7711	444	611	213	1	0.0001 Colloc0 444 3115 0.0146406 130.383
890	1	631.951	22654.8	22644.1	10.7446	438	602	222	0	0.0001 Colloc0 438 3132 0.0113945 128.881
900	1	638.802	22686.1	22675.3	10.8479	445	584	240	0	0.0001 Colloc0 445 3119 0.00954218 134.779
910	1	645.937	22634.9	22624	10.8997	427	624	200	2	0.0001 Colloc0 427 3139 0.028305 137.78
920	1	652.987	22595.5	22584.8	10.7967	436	607	217	2	0.0001 Colloc0 436 3129 0.0147999 131.841
930	1	660.099	22803.9	22792.6	11.2397	454	566	258	2	0.0001 Colloc0 454 3135 0.000279238 158.135
940	1	667.196	22822.6	22811.4	11.1311	454	557	267	0	0.0001 Colloc0 454 3132 0.00522984 151.51
950	1	674.209	22777.9	22766.8	11.0856	456	577	247	0	0.0001 Colloc0 456 3132 0.00129372 148.768
960	1	681.235	22740.8	22729.8	11.0363	453	573	251	2	0.0001 Colloc0 453 3135 0.00429213 145.821
970	1	688.309	22774.4	22763.3	11.13	461	574	250	0	0.0001 Colloc0 461 3140 0.012014 151.448
980	1	695.386	22685	22674	10.9898	439	591	233	2	0.0001 Colloc0 439 3128 0.00577898 143.061
990	1	702.303	22788.5	22777.7	10.7844	452	554	270	2	0.0001 Colloc0 452 3147 0.0377473 131.14
1000	1	709.258	22745.9	22734.8	11.1102	447	557	267	0	0.0001 Colloc0 447 3139 0.0294421 150.247
1010	1	716.043	22718.7	22707.4	11.2788	458	592	232	0	0.0001 Colloc0 458 3126 0.0172067 160.546
1020	1	723.19	22651.2	22640.4	10.7874	446	601	223	1	0.0001 Colloc0 446 3114 0.00189195 131.31
1030	1	730.112	22665	22654.2	10.8266	441	606	218	0	0.0001 Colloc0 441 3142 0.0492252 133.551
1040	1	737.148	22616.2	22605.2	11.0162	436	604	220	0	0.0001 Colloc0 436 3126 0.00560186 144.628
1050	1	744.122	22676.1	22665	11.0756	460	597	227	2	0.0001 Colloc0 460 3113 0.0122283 148.17
1060	1	751.41	22624.5	22613.9	10.5857	447	603	221	0	0.0001 Colloc0 447 3120 0.067357 120.032
1070	1	758.63	22736.1	22725.3	10.7892	440	576	248	1	0.0001 Colloc0 440 3141 0.00472891 131.413
1080	1	765.626	22684	22673.4	10.5756	450	566	258	2	0.0001 Colloc0 450 3121 0.0581687 119.475
1090	1	772.822	22674.3	22663.3	10.9956	439	599	225	2	0.0001 Colloc0 439 3136 0.00934725 143.403
1100	1	779.753	22696.8	22686.2	10.5961	448	598	226	1	0.0001 Colloc0 448 3129 0.0132373 120.601
1110	1	786.761	22651.2	22640.1	11.0101	450	607	217	1	0.0001 Colloc0 450 3118 0.000541364 144.261
1120	1	793.533	22733.7	22723	10.7089	455	574	250	1	0.0001 Colloc0 455 3121 0.0388355 126.866
1130	1	800.425	22753.4	22742.4	11.0414	450	591	233	1	0.0001 Colloc0 450 3126 0.00227259 146.124
1140	1	807.451	22738.8	22727.8	11.0735	445	570	254	1	0.0001 Colloc0 445 3134 0.0016928 148.042
1150	1	814.472	22685	22674.2	10.8031	437	550	274	2	0.0001 Colloc0 437 3127 0.00510557 132.206
1160	1	821.631	22701.6	22690.7	10.8554	443	573	251	2	0.0001 Colloc0 443 3115 0.00935303 135.208
1170	1	828.64	22772	22760.8	11.1736	455	581	243	1	0.0001 Colloc0 455 3129 0.0119125 154.092
1180	1	835.759	22756.3	22745.8	10.5795	454	564	260	1	0.0001 Colloc0 454 3135 0.0562341 119.692
1190	1	842.95	22746.4	22735.4	11.0256	445	579	245	0	0.0001 Colloc0 445 3136 0.0142579 145.184
1200	1	850.03	22690.9	22680	10.9609	445	591	233	1	0.0001 Colloc0 445 3122 0.00575496 141.358
1210	1	857.133	22655	22644.1	10.8601	449	609	215	1	0.0001 Colloc0 449 3111 0.0195123 135.481
1220	1	864.327	22706.7	22695.8	10.9145	446	581	243	1	0.0001 Colloc0 446 3124 0.00526266 138.64
1230	1	871.43	22562.6	22552.2	10.4186	443	623	201	0	0.0001 Colloc0 443 3100 0.060442 111.032
1240	1	878.559	22622.4	22611.6	10.8633	447	608	216	0	0.0001 Colloc0 447 3105 0.0226477 135.667
1250	1	885.656	22631.9	22620.6	11.2505	439	619	205	1	0.0001 Colloc0 439 3122 0.00620997 158.803
1260	1	892.762	22611.4	22600.5	10.9123	452	586	238	0	0.0001 Colloc0 452 3109 0.0188275 138.513
1270	1	899.617	22664.2	22653.3	10.9091	453	600	224	0	0.0001 Colloc0 453 3112 0.019325 138.328
1280	1	906.542	22618	22607.1	10.8348	435	610	214	1	0.0001 Colloc0 435 3130 0.000385351 134.023
1290	1	913.301	22624.5	22613.9	10.6026	434	607	217	0	0.0001 Colloc0 434 3131 0.0471586 120.959
1300	1	920.089	22627.8	22616.8	11.0849	443	608	216	3	0.0001 Colloc0 443 3125 0.00853941 148.728
1310	1	926.93	22637	22626.4	10.5619	436	601	223	1	0.0001 Colloc0 436 3143 0.0308138 118.729
1320	1	933.913	22657.7	22646.9	10.869	443	591	233	0	0.0001 Colloc0 443 3135 0.011027 135.995
1330	1	941.023	22674.5	22663.6	10.9381	438	600	224	1	0.0001 Colloc0 438 3123 0.0107172 140.021
1340	1	948.048	22669.5	22658.5	11.0211	445	598	226	0	0.0001 Colloc0 445 3121 0.024717 144.916
1350	1	955.187	22772.7	22761.5	11.1971	459	548	276	1	0.0001 Colloc0 459 3119 0.0030769 155.523
1360	1	962.256	22696.1	22685.2	10.8561	443	571	253	2	0.0001 Colloc0 443 3124 0.0332761 135.253
1370	1	969.39	22583.9	22572.8	11.1099	438	635	189	0	0.0001 Colloc0 438 3111 0.00586643 150.231
1380	1	976.52	22690	22679.4	10.6712	443	591	233	0	0.0001 Colloc0 443 3101 0.00122973 124.756
1390	1	983.513	22633.5	22622.7	10.8669	440	614	210	2	0.0001 Colloc0 440 3117 0.0158066 135.878
1400	1	990.616	22536.7	22526.1	10.6409	431	622	202	2	0.0001 Colloc0 431 3098 0.00631942 123.073
1410	1	997.437	22590.9	22580	10.8931	443	610	214	2	0.0001 Colloc0 443 3115 0.0350283 137.395
1420	1	1004.23	22569.8	22559	10.8379	443	611	213	0	0.0001 Colloc0 443 3115 0.00788964 134.203
1430	1	1011.22	22450.9	22440	10.8563	431	628	196	1	0.0001 Colloc0 431 3102 0.0148413 135.263
1440	1	1018.26	22544.6	22533.9	10.7657	439	625	199	0	0.0001 Colloc0 439 3110 0.015767 130.077
1450	1	1025.2	22592.5	22581.4	11.0375	448	602	222	1	0.0001 Colloc0 448 3118 0.0156704 145.892
1460	1	1032.21	22554.9	22544.2	10.72	440	624	200	1	0.0001 Colloc0 440 3113 0.0216784 127.491
1470	1	1039.04	22570.9	22560.4	10.545	438	626	198	2	0.0001 Colloc0 438 3118 0.0592566 117.807
1480	1	1045.81	22661.1	22650.2	10.8667	463	590	234	0	0.0001 Colloc0 463 3111 0.00292674 135.862
1490	1	1052.75	22514.8	22503.9	10.9761	434	636	188	2	0.0001 Colloc0 434 3109 0.00275179 142.251
1500	1	1059.64	22591.4	22580.7	10.744	444	610	214	0	0.0001 Colloc0 444 3119 0.0318845 128.843
1510	1	1066.75	22658	22647.1	10.8822	448	608	216	1	0.0001 Colloc0 448 3123 0.0268384 136.762
1520	1	1073.73	22602.9	22591.9	11.0673	452	604	220	0	0.0001 Colloc0 452 3112 0.0112466 147.674
1530	1	1080.75	22555.2	22544.3	10.8725	447	618	206	0	0.0001 Colloc0 447 3107 0.0223852 136.201
1540	1	1087.73	22469.6	22459.1	10.4804	431	662	162	0	0.0001 Colloc0 431 3127 0.0244033 114.325
1550	1	1094.63	22578.7	22567.7	10.9791	444	626	198	1	0.0001 Colloc0 444 3120 0.0172371 142.428
1560	1	1101.38	22489.1	22478.4	10.6963	436	625	199	0	0.0001 Colloc0 436 3107 0.0106582 126.159
1570	1	1108.35	22522.2	22511.4	10.8273	431	611	213	0	0.0001 Colloc0 431 3121 0.00126299 133.59
1580	1	1115.38	22559.6	22548.6	10.9605	437	607	217	2	0.0001 Colloc0 437 3119 0.00146536 141.332
1590	1	1122.37	22491.6	22480.7	10.8572	431	623	201	1	0.0001 Colloc0 431 3118 0.0101247 135.312
1600	1	1129.31	22601.5	22590.8	10.7471	434	590	234	0	0.0001 Colloc0 434 3113 0.0147659 129.021
1610	1	1136.42	22599	22588.3	10.7386	428	582	242	0	0.0001 Colloc0 428 3105 0.0179954 128.537
1620	1	1143.44	22593.4	22582.4	10.9326	439	593	231	2	0.0001 Colloc0 439 3100 0.0067466 139.697
1630	1	1150.29	22640.1	22629.1	11.013	440	544	280	1	0.0001 Colloc0 440 3101 0.0136776 144.439
1640	1	1157.18	22693	22682.2	10.7881	445	583	241	0	0.0001 Colloc0 445 3105 0.0167695 131.35
1650	1	1164.33	22650.6	22639.8	10.8357	442	567	257	0	0.0001 Colloc0 442 3102 0.0304645 134.073
1660	1	1171.52	22588	22577.3	10.717	441	598	226	0	0.0001 Colloc0 441 3092 0.0113913 127.324
1670	1	1178.53	22572.9	22562	10.9284	435	612	212	0	0.0001 Colloc0 435 3101 0.00507429 139.453
1680	1	1185.62	22632.4	22621.8	10.6349	446	599	225	0	0.0001 Colloc0 446 3122 0.0135395 122.741
1690	1	1192.81	22552.4	22541.4	11.0198	445	617	207	0	0.0001 Colloc0 445 3112 0.0178503 144.84
1700	1	1199.8	22570.8	22559.7	11.1016	432	598	226	0	0.0001 Colloc0 432 3102 0.00313195 149.734
1710	1	1206.67	22547.7	22537	10.7178	445	616	208	1	0.0001 Colloc0 445 3102 0.013121 127.365
1720	1	1213.44	22556	22545.2	10.7851	439	615	209	1	0.0001 Colloc0 439 3089 0.0257941 131.18
1730	1	1220.48	22621.3	22610.3	10.9907	446	597	227	0	0.0001 Colloc0 446 3092 0.00476225 143.113
1740	1	1227.65	22533.7	22523.1	10.5544	433	622	202	1	0.0001 Colloc0 433 3098 0.0395263 118.323
1750	1	1234.83	22572.5	22561.5	10.9317	447	602	222	0	0.0001 Colloc0 447 3088 0.00474184 139.648
1760	1	1242	22632.2	22621.2	10.9834	448	601	223	1	0.0001 Colloc0 448 3075 0.0259859 142.687
1770	1	1249.17	22545	22534.1	10.902	445	622	202	1	0.0001 Colloc0 445 3089 0.00534772 137.91
1780	1	1256.25	22596	22584.9	11.0966	449	603	221	1	0.0001 Colloc0 449 3098 0.00754383 149.433
1790	1	1263.38	22539.9	22529.1	10.7804	451	582	242	4	0.0001 Colloc0 451 3095 0.00614093 130.911
1800	1	1270.5	22531.6	22520.9	10.7352	441	610	214	2	0.0001 Colloc0 441 3087 0.0297886 128.349
1810	1	1277.68	22647.9	22637.1	10.783	443	592	232	0	0.0001 Colloc0 443 3100 0.0354807 131.058
1820	1	1284.78	22582.7	22571.7	10.9607	449	597	227	0	0.0001 Colloc0 449 3112 0.0123175 141.344
1830	1	1291.89	22541.6	22530.6	11.0366	441	610	214	2	0.0001 Colloc0 441 3095 0.00918458 145.837
1840	1	1298.92	22505	22494.2	10.7848	439	618	206	1	0.0001 Colloc0 439 3077 0.00974387 131.162
1850	1	1305.99	22509.5	22498.5	10.9735	434	609	215	1	0.0001 Colloc0 434 3078 0.00160142 142.099
1860	1	1313.06	22658.1	22647.2	10.9157	442	566	258	0	0.0001 Colloc0 442 3092 0.0186989 138.711
1870	1	1320.21	22638.5	22627.6	10.8938	452	592	232	0	0.0001 Colloc0 452 3091 0.0219117 137.436
1880	1	1327.2	22530.2	22519.6	10.6666	441	599	225	0	0.0001 Colloc0 441 3088 0.0292942 124.5
1890	1	1334.23	22500	22489.2	10.8156	441	601	223	1	0.0001 Colloc0 441 3101 0.00823919 132.92
1900	1	1341.23	22513.5	22502.5	10.9779	441	633	191	3	0.0001 Colloc0 441 3089 0.0120553 142.359
1910	1	1348.09	22610.1	22599.1	11.0148	437	575	249	2	0.0001 Colloc0 437 3096 0.00130179 144.546
1920	1	1355.02	22573.3	22562.2	11.0821	439	578	246	2	0.0001 Colloc0 439 3086 0.00495115 148.557
1930	1	1361.81	22676.4	22665.6	10.8069	440	548	276	2	0.0001 Colloc0 440 3101 0.0061168 132.424
1940	1	1368.84	22595	22584.1	10.9515	441	576	248	2	0.0001 Colloc0 441 3106 0.00346991 140.808
1950	1	1375.85	22493.7	22483.1	10.5819	432	612	212	3	0.0001 Colloc0 432 3101 0.0424872 119.823
1960	1	1382.84	22535.3	22524.3	10.9732	437	574	250	1	0.0001 Colloc0 437 3093 0.00797314 142.081
1970	1	1390.03	22529.8	22518.7	11.133	437	602	222	0	0.0001 Colloc0 437 3104 0.0248273 151.629
1980	1	1397.11	22500.7	22489.9	10.8092	427	602	222	1	0.0001 Colloc0 427 3102 0.0262428 132.556
1990	1	1404.18	22447.9	22437.1	10.8293	428	621	203	1	0.0001 Colloc0 428 3103 0.0122075 133.707
2000	1	1411.06	22541.5	22530.7	10.7596	439	598	226	1	0.0001 Colloc0 439 3105 0.0184006 129.73
