# D = 0, E = 1, I = 1, P = 1, R = -1, n = 2000, N = 1, P = 1, w = 1, a = 0.0001, b = 10000, e = 1, f = 1, g = 100, h = 0.01, r = 4131, s = 1, S = 0, x = 10, m = 100, Z = 1, z = 0, T = 1, t = 1
# 8825 tokens in 824 sentences
#
# It	Temp	Time	-logP	-logPcorpus	-logPrior	tables	same	changed	reject	default_pya	(parent pym pyn pya pyb)*
0	1	0.59191	32890.1	32776.4	113.764	2171	0	824	0	0.0001 Colloc0 2171 3914 0.0001 10000
10	1	8.64569	24632.8	24621.3	11.5202	559	425	399	1	0.0001 Colloc0 559 3330 0.0178455 175.737
20	1	16.2395	24335.8	24324.6	11.2086	507	443	381	1	0.0001 Colloc0 507 3327 0.022057 156.228
30	1	23.7484	24227.4	24216.4	10.9553	487	449	375	3	0.0001 Colloc0 487 3338 0.0269468 141.028
40	1	31.2672	24138.2	24126.9	11.3374	496	475	349	2	0.0001 Colloc0 496 3325 0.00986923 164.187
50	1	38.7471	23978.7	23967.7	11.0303	481	498	326	1	0.0001 Colloc0 481 3333 0.0111085 145.462
60	1	46.295	23856	23844.9	11.0984	466	519	305	0	0.0001 Colloc0 466 3311 0.0103078 149.542
70	1	53.7558	23884.9	23873.7	11.2094	482	492	332	2	0.0001 Colloc0 482 3306 0.022391 156.274
80	1	61.3017	23754.9	23744.1	10.7869	476	510	314	0	0.0001 Colloc0 476 3280 0.0348059 131.278
90	1	68.7475	23711	23699.9	11.0859	483	541	283	0	0.0001 Colloc0 483 3282 0.00331366 148.79
100	1	76.2804	23748.4	23737.2	11.1178	486	541	283	0	0.0001 Colloc0 486 3286 0.0233168 150.706
110	1	83.7003	23642.8	23631.8	10.9447	456	553	271	0	0.0001 Colloc0 456 3293 0.00246005 140.404
120	1	91.0232	23675.3	23664	11.2633	471	535	289	0	0.0001 Colloc0 471 3286 0.0177418 159.587
130	1	98.448	23566.8	23555.9	10.8864	456	550	274	1	0.0001 Colloc0 456 3284 0.00919793 137.002
140	1	105.925	23592.9	23581.9	11.0296	477	533	291	0	0.0001 Colloc0 477 3268 0.0260829 145.422
150	1	113.436	23533.4	23522.3	11.0646	458	550	274	1	0.0001 Colloc0 458 3265 0.00163956 147.511
160	1	120.848	23644.4	23633.4	11.0597	477	523	301	2	0.0001 Colloc0 477 3288 0.0137726 147.216
170	1	128.295	23601.6	23590.4	11.2423	476	528	296	1	0.0001 Colloc0 476 3259 0.00562433 158.298
180	1	135.907	23752.1	23741	11.082	488	478	346	1	0.0001 Colloc0 488 3256 0.0081362 148.551
190	1	143.345	23480.8	23469.7	11.1006	458	510	314	1	0.0001 Colloc0 458 3271 0.025739 149.673
200	1	150.6	23398.5	23387.8	10.7719	452	557	267	1	0.0001 Colloc0 452 3246 0.0283466 130.429
210	1	157.869	23393.3	23382.7	10.6563	473	545	279	1	0.0001 Colloc0 473 3236 0.0394883 123.927
220	1	164.944	23305	23294	10.9411	459	572	252	1	0.0001 Colloc0 459 3228 0.00203915 140.194
230	1	172.261	23266.9	23256	10.8881	451	582	242	3	0.0001 Colloc0 451 3235 0.0101928 137.103
240	1	179.834	23274.5	23263.6	10.9404	459	580	244	3	0.0001 Colloc0 459 3225 0.0165082 140.153
250	1	187.305	23223.4	23212.4	11.072	452	576	248	2	0.0001 Colloc0 452 3219 0.00679618 147.954
260	1	194.688	23405.2	23394.1	11.0638	463	524	300	3	0.0001 Colloc0 463 3240 0.00285416 147.464
270	1	202.14	23268.4	23257.5	10.9107	456	565	259	2	0.0001 Colloc0 456 3222 0.0121256 138.418
280	1	209.337	23276.2	23265.3	10.8495	464	576	248	2	0.0001 Colloc0 464 3232 0.02823 134.868
290	1	216.577	23332	23321.2	10.7813	455	546	278	2	0.0001 Colloc0 455 3219 0.0199155 130.964
300	1	223.727	23343.6	23332.4	11.2493	459	549	275	1	0.0001 Colloc0 459 3234 0.00280924 158.727
310	1	230.915	23201.2	23190.5	10.7082	441	570	254	2	0.0001 Colloc0 441 3241 0.0462385 126.825
320	1	238.266	23397.3	23386.5	10.8071	451	532	292	2	0.0001 Colloc0 451 3245 0.0106343 132.432
330	1	245.625	23240.8	23229.9	10.8423	446	567	257	1	0.0001 Colloc0 446 3218 0.00827093 134.454
340	1	252.951	23399.4	23388.6	10.7582	464	535	289	1	0.0001 Colloc0 464 3225 0.0403183 129.646
350	1	260.28	23344.2	23333.4	10.8024	467	550	274	2	0.0001 Colloc0 467 3226 0.00291984 132.165
360	1	267.644	23414.6	23403.7	10.872	456	542	282	3	0.0001 Colloc0 456 3256 0.0115991 136.168
370	1	275.108	23155.1	23144.4	10.7303	453	579	245	4	0.0001 Colloc0 453 3225 0.0142681 128.071
380	1	282.548	23235.9	23224.8	11.067	462	563	261	2	0.0001 Colloc0 462 3207 0.0122011 147.656
390	1	289.969	23081.2	23070.3	10.9779	454	559	265	1	0.0001 Colloc0 454 3207 0.01525 142.362
400	1	297.284	23005.1	22994.5	10.6399	436	581	243	1	0.0001 Colloc0 436 3211 0.00437241 123.017
410	1	304.456	23068.9	23058.1	10.7928	456	563	261	1	0.0001 Colloc0 456 3200 0.00616908 131.618
420	1	311.607	23106.2	23095.3	10.887	445	559	265	1	0.0001 Colloc0 445 3213 0.0167573 137.04
430	1	318.95	23021.1	23010.3	10.8284	447	574	250	2	0.0001 Colloc0 447 3195 0.0271472 133.656
440	1	326.521	23044.4	23033.4	10.9924	467	563	261	2	0.0001 Colloc0 467 3180 0.00843576 143.215
450	1	334.045	22775.4	22764.5	10.8974	446	612	212	2	0.0001 Colloc0 446 3172 0.0272933 137.644
460	1	341.496	22729.9	22719	10.8678	445	619	205	2	0.0001 Colloc0 445 3153 0.0220376 135.925
470	1	349.103	22821.2	22810.2	11.0447	453	587	237	1	0.0001 Colloc0 453 3149 0.00259694 146.319
480	1	356.57	22721.5	22710.6	10.8828	439	608	216	1	0.0001 Colloc0 439 3151 0.0106418 136.795
490	1	363.882	22760.7	22749.9	10.8025	446	614	210	2	0.0001 Colloc0 446 3166 0.013106 132.172
500	1	371.269	22717	22706.1	10.9165	448	622	202	3	0.0001 Colloc0 448 3154 0.0463395 138.757
510	1	378.635	22736.5	22725.7	10.7778	437	619	205	1	0.0001 Colloc0 437 3167 0.00635092 130.765
520	1	386.239	22817.2	22806.4	10.844	457	596	228	2	0.0001 Colloc0 457 3167 0.00986064 134.556
530	1	393.699	22776.5	22765.8	10.7196	446	614	210	2	0.0001 Colloc0 446 3166 0.0260952 127.471
540	1	401.085	22706.6	22695.8	10.7977	438	604	220	2	0.0001 Colloc0 438 3130 0.0107611 131.9
550	1	408.517	22800.7	22789.7	11.0096	430	597	227	2	0.0001 Colloc0 430 3170 0.01682 144.234
560	1	415.697	22894.5	22884.1	10.4318	455	593	231	4	0.0001 Colloc0 455 3159 0.0524214 111.73
570	1	422.919	22817.1	22806.2	10.8313	452	593	231	2	0.0001 Colloc0 452 3169 0.0244039 133.821
580	1	430.148	22748.6	22737.9	10.6592	445	604	220	1	0.0001 Colloc0 445 3143 0.0177343 124.088
590	1	437.424	22793.3	22782.4	10.9517	455	611	213	2	0.0001 Colloc0 455 3165 0.00337228 140.819
600	1	444.774	22770.5	22759.6	10.9814	449	609	215	4	0.0001 Colloc0 449 3162 0.00963072 142.564
610	1	451.94	22762.2	22751.3	10.927	449	598	226	2	0.0001 Colloc0 449 3161 0.0263583 139.371
620	1	459.35	22749.7	22739	10.7383	439	606	218	1	0.0001 Colloc0 439 3174 0.0242593 128.521
630	1	466.733	22766.5	22755.6	10.8506	442	609	215	4	0.0001 Colloc0 442 3155 0.0161346 134.932
640	1	474.176	22769.9	22759.1	10.7914	440	617	207	1	0.0001 Colloc0 440 3161 0.0193522 131.535
650	1	481.582	22725.4	22714.2	11.1657	441	621	203	1	0.0001 Colloc0 441 3145 0.00929652 153.61
660	1	488.944	22795	22784.3	10.7101	439	613	211	1	0.0001 Colloc0 439 3138 0.0268561 126.931
670	1	496.279	22710.6	22699.9	10.7633	445	630	194	2	0.0001 Colloc0 445 3146 0.000806588 129.938
680	1	503.672	22734.3	22723.5	10.8203	455	604	220	2	0.0001 Colloc0 455 3144 0.024893 133.188
690	1	511.055	22718.9	22708	10.8839	445	626	198	1	0.0001 Colloc0 445 3149 0.00806083 136.857
700	1	518.192	22778.5	22767.6	10.8368	458	584	240	1	0.0001 Colloc0 458 3144 0.0427913 134.14
710	1	525.643	22686.3	22675.3	10.982	449	619	205	1	0.0001 Colloc0 449 3127 0.00632354 142.604
720	1	533.092	22752.5	22741.5	10.9317	449	630	194	1	0.0001 Colloc0 449 3144 0.0053233 139.644
730	1	540.466	22723.8	22713.2	10.6133	451	623	201	1	0.0001 Colloc0 451 3139 0.00549175 121.546
740	1	547.99	22902.6	22891.5	11.1755	463	556	268	2	0.0001 Colloc0 463 3140 0.00920912 154.207
750	1	555.471	22744.5	22733.5	11.058	443	585	239	1	0.0001 Colloc0 443 3142 0.00252029 147.119
760	1	562.884	22735.9	22725.1	10.8026	428	579	245	4	0.0001 Colloc0 428 3140 0.02171 132.177
770	1	570.096	22645.6	22634.5	11.0448	447	622	202	2	0.0001 Colloc0 447 3133 0.0171632 146.328
780	1	577.419	22761.6	22750.6	11.0289	445	585	239	2	0.0001 Colloc0 445 3147 0.00385926 145.379
790	1	584.851	22808.8	22797.8	10.9398	452	561	263	4	0.0001 Colloc0 452 3137 0.0198604 140.121
800	1	592.076	22737.8	22727.2	10.5636	430	583	241	3	0.0001 Colloc0 430 3131 0.0172014 118.822
810	1	599.251	22763.4	22752.5	10.8485	439	581	243	2	0.0001 Colloc0 439 3136 0.00470806 134.813
820	1	606.619	22736.8	22725.9	10.9063	448	600	224	5	0.0001 Colloc0 448 3132 0.00380538 138.161
830	1	613.763	22720	22709.1	10.8886	440	606	218	1	0.0001 Colloc0 440 3128 0.00649446 137.133
840	1	621.158	22820.1	22809.4	10.7237	464	600	224	1	0.0001 Colloc0 464 3140 0.0368173 127.696
850	1	628.304	22767.7	22756.9	10.7859	447	604	220	1	0.0001 Colloc0 447 3146 0.0318312 131.221
860	1	635.746	22745.5	22734.7	10.7698	446	613	211	2	0.0001 Colloc0 446 3160 0.0222042 130.305
870	1	643.174	22724.1	22713.4	10.6261	445	605	219	2	0.0001 Colloc0 445 3144 0.0312547 122.253
880	1	650.628	22720.6	22709.7	10.8483	444	602	222	3	0.0001 Colloc0 444 3168 0.0234326 134.798
890	1	658.039	22661.2	22650.3	10.8867	429	627	197	2	0.0001 Colloc0 429 3158 8.55494e-05 137.02
900	1	665.436	22661.8	22650.9	10.8821	441	614	210	4	0.0001 Colloc0 441 3144 0.015194 136.753
910	1	672.93	22734.7	22724	10.7545	434	597	227	3	0.0001 Colloc0 434 3150 0.00279244 129.44
920	1	680.062	22798.6	22787.7	10.862	455	586	238	2	0.0001 Colloc0 455 3152 0.00107549 135.591
930	1	687.287	22774.2	22763.4	10.8301	455	583	241	4	0.0001 Colloc0 455 3168 0.0206867 133.756
940	1	694.754	22699.4	22688.4	10.9264	442	592	232	2	0.0001 Colloc0 442 3155 0.00141645 139.337
950	1	702.155	22675.2	22664.8	10.4363	435	609	215	3	0.0001 Colloc0 435 3160 0.0826082 111.973
960	1	709.571	22681.9	22670.7	11.2656	441	630	194	3	0.0001 Colloc0 441 3141 0.00487357 159.734
970	1	716.999	22641.7	22631.1	10.6494	431	637	187	1	0.0001 Colloc0 431 3158 0.0282696 123.541
980	1	724.612	22605.5	22594.9	10.6212	440	629	195	1	0.0001 Colloc0 440 3151 0.0356559 121.981
990	1	731.78	22767.7	22756.8	10.8847	451	586	238	2	0.0001 Colloc0 451 3141 0.00118766 136.907
1000	1	739.208	22737.6	22726.8	10.8046	441	609	215	2	0.0001 Colloc0 441 3161 0.013042 132.29
1010	1	746.661	22695.7	22684.7	11.0505	455	624	200	2	0.0001 Colloc0 455 3149 0.0288181 146.665
1020	1	753.923	22678.8	22668	10.8097	439	621	203	1	0.0001 Colloc0 439 3139 0.00871069 132.584
1030	1	761.384	22670.9	22660.1	10.8173	444	631	193	2	0.0001 Colloc0 444 3149 0.0221559 133.021
1040	1	768.677	22729.3	22718.6	10.694	435	597	227	2	0.0001 Colloc0 435 3163 0.0389043 126.033
1050	1	776.018	22810.7	22799.5	11.1982	462	574	250	1	0.0001 Colloc0 462 3155 0.00224866 155.593
1060	1	783.386	22561.3	22550.5	10.7209	421	614	210	0	0.0001 Colloc0 421 3140 0.0154704 127.541
1070	1	790.734	22696.5	22685.7	10.818	437	582	242	1	0.0001 Colloc0 437 3144 0.0157797 133.06
1080	1	798.151	22610.4	22599.8	10.6508	433	595	229	1	0.0001 Colloc0 433 3138 0.0253128 123.621
1090	1	805.429	22576.2	22565.6	10.6216	436	604	220	1	0.0001 Colloc0 436 3153 0.0210898 122.003
1100	1	812.769	22592.2	22581.5	10.715	425	612	212	0	0.0001 Colloc0 425 3149 0.0389596 127.21
1110	1	820.325	22650.7	22640	10.6476	429	596	228	1	0.0001 Colloc0 429 3148 0.0118229 123.442
1120	1	827.498	22664.2	22653.4	10.7951	439	573	251	2	0.0001 Colloc0 439 3148 0.00674046 131.748
1130	1	834.735	22668.2	22657.6	10.6299	440	606	218	2	0.0001 Colloc0 440 3141 0.0149325 122.461
1140	1	842.273	22640.1	22629.3	10.7837	431	581	243	2	0.0001 Colloc0 431 3134 0.00701288 131.1
1150	1	849.796	22535.1	22524.1	10.9338	430	611	213	0	0.0001 Colloc0 430 3136 0.00953211 139.771
1160	1	857.272	22594.4	22583.4	11.002	441	594	230	2	0.0001 Colloc0 441 3135 0.0155088 143.783
1170	1	864.713	22576	22564.9	11.0484	441	638	186	0	0.0001 Colloc0 441 3149 0.00733712 146.544
1180	1	871.952	22581.6	22570.9	10.6365	441	618	206	0	0.0001 Colloc0 441 3134 0.0502785 122.831
1190	1	879.199	22517.7	22507	10.7751	435	628	196	1	0.0001 Colloc0 435 3135 0.0110005 130.606
1200	1	886.61	22603.2	22592.4	10.7918	441	599	225	0	0.0001 Colloc0 441 3130 0.0178789 131.561
1210	1	894.021	22611.2	22600.4	10.7991	443	607	217	1	0.0001 Colloc0 443 3128 0.0210558 131.976
1220	1	901.244	22602.2	22591.3	10.8297	433	591	233	1	0.0001 Colloc0 433 3130 0.0184531 133.733
1230	1	908.691	22610.1	22599.3	10.7285	456	589	235	2	0.0001 Colloc0 456 3129 0.0288518 127.969
1240	1	916.283	22540.8	22529.7	11.0315	443	620	204	2	0.0001 Colloc0 443 3103 0.00120446 145.535
1250	1	923.812	22580.9	22570.1	10.7725	438	599	225	0	0.0001 Colloc0 438 3123 0.0137354 130.461
1260	1	931.249	22520.2	22509.4	10.7758	431	619	205	1	0.0001 Colloc0 431 3132 0.0127797 130.647
1270	1	938.799	22486.6	22475.8	10.841	434	630	194	2	0.0001 Colloc0 434 3126 0.0162241 134.379
1280	1	946.149	22621.3	22610.5	10.7914	438	623	201	1	0.0001 Colloc0 438 3153 0.0144577 131.537
1290	1	953.43	22549.2	22538.3	10.8146	437	612	212	1	0.0001 Colloc0 437 3118 0.0183415 132.861
1300	1	960.759	22513.3	22502.6	10.7563	431	640	184	1	0.0001 Colloc0 431 3142 0.0142245 129.544
1310	1	968.072	22587.4	22576.8	10.6269	431	617	207	2	0.0001 Colloc0 431 3152 0.00375573 122.297
1320	1	975.49	22410.7	22399.7	11.0015	427	651	173	0	0.0001 Colloc0 427 3141 0.00383387 143.753
1330	1	982.77	22445.2	22434.5	10.7788	428	656	168	0	0.0001 Colloc0 428 3127 0.0165298 130.819
1340	1	990.07	22539.7	22529.2	10.4956	435	618	206	1	0.0001 Colloc0 435 3140 0.0124366 115.142
1350	1	997.386	22552.7	22541.9	10.8297	432	625	199	1	0.0001 Colloc0 432 3144 0.0195804 133.729
1360	1	1004.5	22618.8	22607.5	11.2178	442	597	227	3	0.0001 Colloc0 442 3157 0.0032311 156.788
1370	1	1012.01	22457.1	22446.3	10.8446	427	647	177	1	0.0001 Colloc0 427 3139 0.00455072 134.59
1380	1	1019.42	22531.3	22520.8	10.5517	429	612	212	0	0.0001 Colloc0 429 3144 0.0182976 118.176
1390	1	1026.81	22497.5	22487.1	10.3932	435	625	199	0	0.0001 Colloc0 435 3132 0.0600814 109.695
1400	1	1034.01	22521.4	22510.8	10.5433	434	620	204	0	0.0001 Colloc0 434 3146 0.0200726 117.717
1410	1	1041.36	22481.6	22471.1	10.5467	429	639	185	2	0.0001 Colloc0 429 3137 0.0269884 117.904
1420	1	1048.8	22536.6	22525.7	10.9069	437	625	199	1	0.0001 Colloc0 437 3128 0.0119181 138.199
1430	1	1056.18	22659.7	22648.9	10.7854	431	566	258	2	0.0001 Colloc0 431 3141 0.0110044 131.195
1440	1	1063.7	22615	22604	10.9909	435	597	227	2	0.0001 Colloc0 435 3141 0.0215957 143.13
1450	1	1071.3	22500.2	22489.3	10.899	435	620	204	1	0.0001 Colloc0 435 3135 0.0342627 137.737
1460	1	1078.71	22474.1	22463.5	10.669	435	640	184	1	0.0001 Colloc0 435 3122 0.00832454 124.636
1470	1	1086.13	22519.8	22508.9	10.8846	440	641	183	2	0.0001 Colloc0 440 3137 0.0165676 136.902
1480	1	1093.61	22542.9	22531.9	10.948	437	615	209	0	0.0001 Colloc0 437 3120 0.0120535 140.599
1490	1	1100.97	22546.4	22535.2	11.1534	444	614	210	0	0.0001 Colloc0 444 3113 0.0011409 152.86
1500	1	1108.48	22424.7	22414.2	10.5361	436	646	178	1	0.0001 Colloc0 436 3109 0.0381534 117.324
1510	1	1115.82	22452.5	22441.9	10.6373	431	644	180	1	0.0001 Colloc0 431 3121 0.00559596 122.875
1520	1	1123.18	22468.8	22458.3	10.5167	425	609	215	0	0.0001 Colloc0 425 3123 0.0578179 116.277
1530	1	1130.43	22518.2	22507.2	10.982	437	630	194	0	0.0001 Colloc0 437 3142 0.0295571 142.599
1540	1	1137.87	22453.6	22442.9	10.7625	430	636	188	0	0.0001 Colloc0 430 3132 0.0123797 129.891
1550	1	1145.23	22534	22523	10.9395	429	609	215	0	0.0001 Colloc0 429 3137 0.000225145 140.101
1560	1	1152.49	22493.8	22483.5	10.3775	425	632	192	1	0.0001 Colloc0 425 3126 0.0253867 108.871
1570	1	1159.72	22448	22437	10.9455	429	631	193	0	0.0001 Colloc0 429 3122 0.00137213 140.454
1580	1	1167.14	22604.6	22594	10.6085	442	599	225	1	0.0001 Colloc0 442 3137 0.030751 121.285
1590	1	1174.4	22486.1	22475.1	10.9054	435	621	203	1	0.0001 Colloc0 435 3122 0.00495904 138.11
1600	1	1181.61	22560.6	22549.6	10.9247	438	606	218	2	0.0001 Colloc0 438 3134 0.0195117 139.236
1610	1	1188.86	22462.1	22451.3	10.7686	431	626	198	0	0.0001 Colloc0 431 3128 0.0135336 130.238
1620	1	1196.29	22438.9	22428.3	10.6682	427	639	185	1	0.0001 Colloc0 427 3129 0.0271279 124.591
1630	1	1203.78	22443	22432.4	10.6175	433	612	212	0	0.0001 Colloc0 433 3108 0.0196963 121.777
1640	1	1211.21	22546.6	22535.5	11.0083	430	611	213	2	0.0001 Colloc0 430 3151 0.00581259 144.155
1650	1	1218.66	22480.5	22469.9	10.5426	429	633	191	4	0.0001 Colloc0 429 3140 0.00640332 117.677
1660	1	1226.2	22465.2	22454.5	10.7001	432	623	201	1	0.0001 Colloc0 432 3126 0.0346383 126.37
1670	1	1233.6	22558	22546.8	11.1539	445	611	213	1	0.0001 Colloc0 445 3138 0.0108524 152.892
1680	1	1241.11	22572.8	22562.1	10.7758	439	603	221	1	0.0001 Colloc0 439 3129 0.011037 130.646
1690	1	1248.55	22502.7	22492	10.6761	434	620	204	2	0.0001 Colloc0 434 3155 0.00447142 125.031
1700	1	1256.16	22523.7	22513.1	10.5869	442	625	199	1	0.0001 Colloc0 442 3124 0.0130176 120.094
1710	1	1263.66	22550.8	22539.7	11.0617	442	630	194	1	0.0001 Colloc0 442 3150 0.0230102 147.337
1720	1	1271.2	22629.4	22618.6	10.8606	445	598	226	3	0.0001 Colloc0 445 3148 0.00119595 135.508
1730	1	1278.56	22509.4	22498.4	10.9819	437	609	215	1	0.0001 Colloc0 437 3121 0.00101841 142.597
1740	1	1285.75	22395.4	22384.7	10.7219	419	656	168	0	0.0001 Colloc0 419 3132 0.00097093 127.596
1750	1	1292.69	22352.5	22342.1	10.3978	419	658	166	3	0.0001 Colloc0 419 3129 0.0444683 109.938
1760	1	1299.96	22463.5	22452.6	10.8094	436	623	201	1	0.0001 Colloc0 436 3134 0.0217341 132.567
1770	1	1307.28	22431.7	22421	10.7015	439	626	198	0	0.0001 Colloc0 439 3114 0.0427303 126.452
1780	1	1314.58	22478	22467.5	10.5691	424	620	204	0	0.0001 Colloc0 424 3139 0.037283 119.121
1790	1	1321.79	22457.6	22446.7	10.8957	435	623	201	2	0.0001 Colloc0 435 3127 0.0217357 137.548
1800	1	1329.13	22443.7	22432.8	10.9443	430	628	196	0	0.0001 Colloc0 430 3115 0.00703773 140.386
1810	1	1336.46	22395	22384.3	10.651	424	642	182	0	0.0001 Colloc0 424 3115 0.0173615 123.634
1820	1	1343.83	22433.2	22422.2	11.0186	425	635	189	0	0.0001 Colloc0 425 3140 0.0025573 144.771
1830	1	1351.17	22497.7	22486.8	10.902	440	618	206	2	0.0001 Colloc0 440 3112 0.00112365 137.911
1840	1	1358.63	22465.7	22455	10.7273	436	628	196	0	0.0001 Colloc0 436 3122 0.0151739 127.902
1850	1	1365.91	22361.5	22350.7	10.7932	429	656	168	0	0.0001 Colloc0 429 3125 0.0076226 131.638
1860	1	1373.34	22376.8	22366.1	10.6868	422	647	177	0	0.0001 Colloc0 422 3134 0.016558 125.626
1870	1	1380.73	22406	22394.9	11.065	437	633	191	1	0.0001 Colloc0 437 3097 0.00309231 147.534
1880	1	1388.14	22420.6	22409.8	10.8368	419	627	197	0	0.0001 Colloc0 419 3105 0.014288 134.139
1890	1	1395.45	22441.1	22430.1	10.966	433	613	211	2	0.0001 Colloc0 433 3104 0.00226896 141.66
1900	1	1402.78	22398.7	22387.9	10.8774	433	622	202	1	0.0001 Colloc0 433 3096 0.00668409 136.481
1910	1	1410.07	22406.1	22395.7	10.4199	424	624	200	0	0.0001 Colloc0 424 3102 0.0324886 111.101
1920	1	1417.43	22457.8	22447	10.8652	439	593	231	1	0.0001 Colloc0 439 3102 0.0121618 135.774
1930	1	1424.7	22410	22399.2	10.7228	436	612	212	0	0.0001 Colloc0 436 3098 0.0134451 127.648
1940	1	1432.08	22364.9	22354.5	10.4584	430	636	188	2	0.0001 Colloc0 430 3094 0.0329813 113.149
1950	1	1439.33	22348.2	22337.4	10.8008	426	651	173	1	0.0001 Colloc0 426 3116 0.0287524 132.073
1960	1	1446.72	22360	22349.3	10.674	424	633	191	2	0.0001 Colloc0 424 3098 0.0494662 124.911
1970	1	1453.93	22279.5	22269	10.5198	424	662	162	2	0.0001 Colloc0 424 3092 0.00255112 116.444
1980	1	1461.03	22332.7	22321.9	10.7268	433	646	178	2	0.0001 Colloc0 433 3074 0.0149965 127.876
1990	1	1468.09	22340	22329.3	10.7008	420	662	162	2	0.0001 Colloc0 420 3081 0.049198 126.412
2000	1	1475.57	22338.2	22327.6	10.5994	424	639	185	1	0.0001 Colloc0 424 3103 0.0198256 120.785
