# D = 0, E = 1, I = 1, P = 1, R = -1, n = 2000, N = 1, P = 1, w = 1, a = 0.0001, b = 10000, e = 1, f = 1, g = 100, h = 0.01, r = 10240, s = 1, S = 0, x = 10, m = 100, Z = 1, z = 0, T = 1, t = 1
# 8825 tokens in 824 sentences
#
# It	Temp	Time	-logP	-logPcorpus	-logPrior	tables	same	changed	reject	default_pya	(parent pym pyn pya pyb)*
0	1	0.548916	30650.2	30536.4	113.764	1718	0	824	0	0.0001 Colloc0 1718 3287 0.0001 10000
10	1	8.25174	23933.4	23921.7	11.6063	525	421	403	2	0.0001 Colloc0 525 3171 0.011578 181.272
20	1	15.4387	23519.1	23507.9	11.269	474	519	305	1	0.0001 Colloc0 474 3186 0.0116306 159.94
30	1	22.6246	23604.7	23593.7	11.0154	495	507	317	1	0.0001 Colloc0 495 3196 0.0275575 144.581
40	1	30.0114	23425.3	23414.1	11.1669	469	526	298	1	0.0001 Colloc0 469 3178 0.0101317 153.682
50	1	36.9674	23416.9	23405.9	11.0013	473	515	309	0	0.0001 Colloc0 473 3166 0.00163992 143.742
60	1	44.1573	23389.4	23378.2	11.2404	498	533	291	0	0.0001 Colloc0 498 3142 0.0104652 158.179
70	1	51.3462	23112.4	23101.2	11.2021	475	561	263	1	0.0001 Colloc0 475 3134 0.00371933 155.827
80	1	58.5931	23206.8	23196	10.765	463	534	290	1	0.0001 Colloc0 463 3137 0.0704899 130.035
90	1	65.904	23033.5	23022.7	10.7983	463	576	248	2	0.0001 Colloc0 463 3122 0.0224521 131.933
100	1	72.8029	23082.3	23071.4	10.943	485	580	244	2	0.0001 Colloc0 485 3121 0.0236402 140.305
110	1	80.1408	23119.3	23107.8	11.4541	477	548	276	2	0.0001 Colloc0 477 3123 0.00601246 171.525
120	1	87.2227	23050.3	23039.5	10.7811	470	555	269	2	0.0001 Colloc0 470 3123 0.0201563 130.95
130	1	94.3886	23088.9	23077.6	11.3536	468	539	285	1	0.0001 Colloc0 468 3141 0.00729074 165.2
140	1	101.366	22943.4	22932.4	11.04	450	579	245	2	0.0001 Colloc0 450 3128 0.00936186 146.043
150	1	108.324	22993.3	22982.3	11.0054	446	563	261	2	0.0001 Colloc0 446 3143 0.0398817 143.987
160	1	115.418	23072.5	23061.8	10.7196	455	555	269	1	0.0001 Colloc0 455 3167 0.0212438 127.469
170	1	122.246	22946.8	22935.7	11.0312	451	577	247	1	0.0001 Colloc0 451 3147 0.000830476 145.515
180	1	129.126	22973	22962	10.9883	458	557	267	2	0.0001 Colloc0 458 3130 0.00949542 142.973
190	1	135.934	22871.6	22860.7	10.9398	450	589	235	1	0.0001 Colloc0 450 3136 0.0156262 140.117
200	1	143.06	22881.2	22870.3	10.9567	448	561	263	2	0.0001 Colloc0 448 3124 0.00434891 141.112
210	1	150.19	22905.9	22895	10.9085	457	599	225	1	0.0001 Colloc0 457 3128 0.0273017 138.288
220	1	157.275	22687.5	22676.5	10.9881	453	623	201	2	0.0001 Colloc0 453 3117 0.00296972 142.963
230	1	164.414	22594.7	22583.9	10.8155	432	619	205	3	0.0001 Colloc0 432 3118 0.0273284 132.915
240	1	171.613	22598	22586.9	11.0925	443	603	221	3	0.0001 Colloc0 443 3108 0.00880636 149.182
250	1	178.765	22573.9	22563	10.9581	438	608	216	2	0.0001 Colloc0 438 3115 0.00173867 141.194
260	1	185.764	22606.2	22595.3	10.8847	447	598	226	3	0.0001 Colloc0 447 3117 0.0080787 136.908
270	1	192.555	22543	22532.4	10.6025	437	596	228	2	0.0001 Colloc0 437 3101 0.0217754 120.952
280	1	199.452	22657	22646.2	10.7996	455	592	232	3	0.0001 Colloc0 455 3106 0.000796191 132.008
290	1	206.231	22628.5	22617.3	11.1524	446	590	234	3	0.0001 Colloc0 446 3109 0.0128608 152.801
300	1	213.269	22506.9	22496.3	10.5998	436	631	193	2	0.0001 Colloc0 436 3117 0.0460739 120.805
310	1	220.563	22621.1	22610.1	11.0556	453	597	227	2	0.0001 Colloc0 453 3096 0.024606 146.971
320	1	227.697	22548.3	22537.6	10.6859	437	606	218	3	0.0001 Colloc0 437 3094 0.00355956 125.578
330	1	234.903	22574	22563.5	10.5602	440	590	234	1	0.0001 Colloc0 440 3110 0.029481 118.639
340	1	241.881	22614.2	22603.4	10.8323	445	574	250	2	0.0001 Colloc0 445 3111 0.0100866 133.88
350	1	248.923	22661.5	22650.6	10.8804	430	587	237	2	0.0001 Colloc0 430 3123 0.034782 136.656
360	1	256.135	22541.5	22530.5	10.9781	441	624	200	2	0.0001 Colloc0 441 3096 0.0258709 142.374
370	1	263.104	22513.7	22502.9	10.8371	440	610	214	1	0.0001 Colloc0 440 3101 0.00544506 134.153
380	1	270.258	22603.4	22592.6	10.8137	451	576	248	3	0.0001 Colloc0 451 3108 0.0325133 132.811
390	1	277.341	22542.8	22531.7	11.1486	440	615	209	2	0.0001 Colloc0 440 3089 0.000536727 152.57
400	1	284.332	22553.2	22542.2	10.9908	453	589	235	1	0.0001 Colloc0 453 3089 0.0166598 143.121
410	1	291.465	22658.2	22647.3	10.9176	463	563	261	3	0.0001 Colloc0 463 3083 0.0357489 138.824
420	1	298.626	22596.8	22585.8	11.042	452	589	235	1	0.0001 Colloc0 452 3087 0.00125031 146.16
430	1	305.842	22485.2	22474.4	10.8244	444	594	230	5	0.0001 Colloc0 444 3080 0.0238435 133.425
440	1	312.767	22481.7	22470.6	11.1011	435	576	248	3	0.0001 Colloc0 435 3076 0.00260356 149.701
450	1	319.795	22450.2	22439.3	10.9201	441	630	194	1	0.0001 Colloc0 441 3089 0.00119257 138.966
460	1	326.961	22423.7	22413	10.6753	430	620	204	1	0.0001 Colloc0 430 3086 0.00337256 124.983
470	1	334.098	22547.9	22536.7	11.1458	443	608	216	0	0.0001 Colloc0 443 3071 0.0160374 152.399
480	1	341.21	22542.7	22532.1	10.5246	451	605	219	0	0.0001 Colloc0 451 3084 0.0805559 116.704
490	1	348.298	22509.8	22498.8	11.024	441	590	234	0	0.0001 Colloc0 441 3079 0.00023042 145.089
500	1	355.465	22584.6	22573.5	11.0479	452	600	224	2	0.0001 Colloc0 452 3090 0.0206466 146.515
510	1	362.554	22524.1	22513	11.031	436	620	204	0	0.0001 Colloc0 436 3082 0.0364458 145.504
520	1	369.786	22502.6	22491.6	10.9849	434	616	208	2	0.0001 Colloc0 434 3079 0.00126357 142.776
530	1	376.867	22485.4	22474.2	11.1647	444	609	215	0	0.0001 Colloc0 444 3084 0.00869611 153.549
540	1	383.826	22473	22462.5	10.5406	436	596	228	0	0.0001 Colloc0 436 3080 0.0195259 117.57
550	1	390.633	22488.6	22477.8	10.8509	444	599	225	3	0.0001 Colloc0 444 3086 0.0258887 134.951
560	1	397.718	22490.7	22479.7	11.0678	447	588	236	1	0.0001 Colloc0 447 3099 0.00490083 147.702
570	1	404.574	22513.2	22502.1	11.0337	452	598	226	1	0.0001 Colloc0 452 3085 0.00286855 145.667
580	1	411.415	22411	22400.2	10.852	431	640	184	2	0.0001 Colloc0 431 3087 0.0108908 135.015
590	1	418.259	22355.5	22344.8	10.749	441	636	188	0	0.0001 Colloc0 441 3080 0.0414141 129.13
600	1	425.022	22556.5	22545.5	11.0452	448	587	237	1	0.0001 Colloc0 448 3077 0.0115532 146.351
610	1	431.748	22465.1	22454.3	10.7615	434	597	227	1	0.0001 Colloc0 434 3097 0.0211932 129.836
620	1	438.879	22410	22399.2	10.8817	434	613	211	0	0.0001 Colloc0 434 3072 0.0241259 136.735
630	1	445.972	22395.8	22385	10.7821	431	628	196	0	0.0001 Colloc0 431 3067 0.00967099 131.009
640	1	452.736	22438.2	22427.2	10.9736	443	615	209	0	0.0001 Colloc0 443 3089 0.00799382 142.109
650	1	459.52	22454.7	22443.9	10.801	439	612	212	0	0.0001 Colloc0 439 3091 0.0315666 132.086
660	1	466.315	22484.3	22473.4	10.9456	444	602	222	0	0.0001 Colloc0 444 3087 0.0186906 140.46
670	1	473.172	22455.6	22444.8	10.7731	438	582	242	0	0.0001 Colloc0 438 3063 0.0154285 130.497
680	1	480.065	22428.4	22417.5	10.8588	440	612	212	1	0.0001 Colloc0 440 3076 0.00773608 135.407
690	1	487.044	22350.1	22339.5	10.6829	441	630	194	0	0.0001 Colloc0 441 3062 0.0465618 125.411
700	1	493.831	22406.2	22395.4	10.8408	443	607	217	1	0.0001 Colloc0 443 3062 0.00391105 134.37
710	1	500.751	22400.3	22389.3	10.9291	452	620	204	1	0.0001 Colloc0 452 3056 0.02127 139.491
720	1	507.773	22408	22397.1	10.8772	439	618	206	2	0.0001 Colloc0 439 3066 0.00548115 136.47
730	1	514.847	22382.6	22372	10.6698	431	624	200	0	0.0001 Colloc0 431 3056 0.018511 124.677
740	1	521.933	22417.5	22406.3	11.2075	439	627	197	0	0.0001 Colloc0 439 3061 0.0150587 156.159
750	1	529.015	22427.2	22416.2	10.9835	438	626	198	0	0.0001 Colloc0 438 3059 0.0116609 142.692
760	1	536.034	22422.4	22411.5	10.9054	447	618	206	3	0.0001 Colloc0 447 3058 0.00693999 138.108
770	1	543.11	22466	22455.5	10.5161	445	607	217	0	0.0001 Colloc0 445 3059 0.0369574 116.241
780	1	550.113	22405.1	22394.5	10.5931	443	608	216	3	0.0001 Colloc0 443 3066 0.0337548 120.434
790	1	557.138	22492.9	22482	10.8872	452	596	228	1	0.0001 Colloc0 452 3067 0.0271371 137.05
800	1	564.052	22337.3	22326.4	10.8511	434	636	188	1	0.0001 Colloc0 434 3048 0.0148361 134.964
810	1	571.051	22426	22414.9	11.0574	446	606	218	2	0.0001 Colloc0 446 3075 0.0144906 147.08
820	1	578.143	22300.4	22289.6	10.8267	429	669	155	0	0.0001 Colloc0 429 3058 0.00365005 133.555
830	1	585.334	22363.4	22352.6	10.7951	433	610	214	1	0.0001 Colloc0 433 3055 0.0211398 131.748
840	1	592.391	22414.6	22404	10.628	448	616	208	1	0.0001 Colloc0 448 3042 0.0489319 122.361
850	1	599.701	22437.2	22426.5	10.793	438	603	221	2	0.0001 Colloc0 438 3067 0.00503548 131.628
860	1	606.802	22397.4	22386.9	10.4298	426	608	216	1	0.0001 Colloc0 426 3085 0.0308629 111.628
870	1	613.858	22424	22413.2	10.821	433	602	222	0	0.0001 Colloc0 433 3077 0.0140042 133.233
880	1	620.825	22436	22425.2	10.7938	438	592	232	0	0.0001 Colloc0 438 3067 0.00394796 131.672
890	1	627.88	22433.2	22422.4	10.8381	446	599	225	1	0.0001 Colloc0 446 3060 0.030347 134.211
900	1	634.923	22339.3	22328.3	10.9842	434	618	206	1	0.0001 Colloc0 434 3067 0.000875192 142.732
910	1	641.782	22384.5	22373.7	10.8033	437	610	214	1	0.0001 Colloc0 437 3055 0.00467404 132.217
920	1	648.716	22281.7	22271	10.7238	428	643	181	3	0.0001 Colloc0 428 3055 0.0201013 127.706
930	1	655.792	22394.9	22383.9	10.9382	434	626	198	0	0.0001 Colloc0 434 3066 0.0277499 140.024
940	1	663.006	22360.8	22349.8	10.973	435	621	203	0	0.0001 Colloc0 435 3058 0.00261874 142.069
950	1	669.894	22407.3	22396.3	11.0129	440	614	210	2	0.0001 Colloc0 440 3071 0.0158692 144.432
960	1	676.703	22420	22409.2	10.8067	446	599	225	2	0.0001 Colloc0 446 3079 0.0161244 132.412
970	1	683.57	22382.2	22371.2	10.9969	433	608	216	1	0.0001 Colloc0 433 3056 0.0126043 143.482
980	1	690.341	22360.6	22349.7	10.9265	435	623	201	0	0.0001 Colloc0 435 3075 0.0139475 139.342
990	1	697.132	22305.5	22294.9	10.6555	429	634	190	1	0.0001 Colloc0 429 3065 0.0407626 123.882
1000	1	704.035	22420.5	22410	10.4756	438	608	216	1	0.0001 Colloc0 438 3059 0.04066 114.064
1010	1	711.082	22419.6	22408.4	11.2432	447	617	207	0	0.0001 Colloc0 447 3075 0.0149011 158.348
1020	1	718.108	22395.7	22384.7	10.9569	432	599	225	3	0.0001 Colloc0 432 3068 0.0134683 141.121
1030	1	725.223	22449.7	22438.8	10.9098	444	595	229	0	0.0001 Colloc0 444 3072 0.000846581 138.368
1040	1	732.261	22385.5	22374.8	10.7613	434	589	235	2	0.0001 Colloc0 434 3051 0.0124617 129.824
1050	1	739.372	22424.8	22413.6	11.203	437	615	209	0	0.0001 Colloc0 437 3063 0.00427743 155.886
1060	1	746.46	22276.1	22265.5	10.6326	433	635	189	3	0.0001 Colloc0 433 3052 0.00103771 122.615
1070	1	753.529	22368.6	22357.5	11.0163	442	620	204	1	0.0001 Colloc0 442 3066 0.00292502 144.63
1080	1	760.275	22338.6	22327.8	10.7282	428	619	205	1	0.0001 Colloc0 428 3066 0.00336224 127.951
1090	1	767.479	22402	22390.9	11.092	444	619	205	1	0.0001 Colloc0 444 3058 0.00105051 149.155
1100	1	774.632	22321.8	22310.9	10.8614	427	627	197	1	0.0001 Colloc0 427 3061 0.0145924 135.556
1110	1	781.656	22334.9	22324.4	10.5505	433	625	199	2	0.0001 Colloc0 433 3082 0.018833 118.11
1120	1	788.735	22282.2	22271.4	10.8254	428	636	188	1	0.0001 Colloc0 428 3075 0.00166272 133.481
1130	1	795.849	22377.4	22366.6	10.8657	444	612	212	0	0.0001 Colloc0 444 3065 0.0336957 135.806
1140	1	803.037	22428.2	22417.5	10.7602	444	591	233	0	0.0001 Colloc0 444 3061 0.0414955 129.761
1150	1	810.043	22392.2	22381.3	10.8691	438	619	205	0	0.0001 Colloc0 438 3074 0.00862796 136.005
1160	1	817.067	22378.5	22367.6	10.9348	443	614	210	0	0.0001 Colloc0 443 3065 0.00835715 139.825
1170	1	824.055	22382.6	22371.9	10.7216	441	619	205	0	0.0001 Colloc0 441 3079 0.019588 127.578
1180	1	831.168	22362.7	22351.8	10.9024	439	615	209	2	0.0001 Colloc0 439 3051 0.00931722 137.936
1190	1	838.269	22332.3	22321.8	10.505	427	628	196	1	0.0001 Colloc0 427 3059 0.0490507 115.644
1200	1	845.256	22407.6	22396.9	10.7912	437	625	199	1	0.0001 Colloc0 437 3071 0.00994696 131.527
1210	1	852.118	22274.1	22263.2	10.9206	432	630	194	3	0.0001 Colloc0 432 3056 0.011351 138.995
1220	1	858.961	22343.8	22333.2	10.6048	437	615	209	2	0.0001 Colloc0 437 3056 0.0203063 121.079
1230	1	865.977	22407.8	22397.5	10.3126	421	629	195	2	0.0001 Colloc0 421 3073 0.0308297 105.496
1240	1	872.99	22325.5	22314.7	10.7816	426	632	192	2	0.0001 Colloc0 426 3055 0.0167794 130.981
1250	1	880.057	22203.6	22193	10.5791	430	662	162	0	0.0001 Colloc0 430 3066 0.0405222 119.667
1260	1	887.221	22291.9	22281.4	10.4621	415	628	196	0	0.0001 Colloc0 415 3081 0.0404195 113.345
1270	1	894.31	22285.8	22275.2	10.634	423	637	187	1	0.0001 Colloc0 423 3064 0.0128221 122.689
1280	1	901.504	22414.5	22403.6	10.9159	442	606	218	0	0.0001 Colloc0 442 3062 0.00462922 138.722
1290	1	908.499	22403.3	22392.4	10.8635	434	600	224	1	0.0001 Colloc0 434 3066 0.0168373 135.678
1300	1	915.518	22385.7	22375.1	10.6464	437	612	212	2	0.0001 Colloc0 437 3076 0.00987124 123.378
1310	1	922.557	22470.8	22459.9	10.902	443	585	239	1	0.0001 Colloc0 443 3064 0.00698406 137.911
1320	1	929.559	22397.7	22386.8	10.919	439	609	215	0	0.0001 Colloc0 439 3059 0.0102364 138.9
1330	1	936.702	22385.5	22374.8	10.6768	433	602	222	0	0.0001 Colloc0 433 3062 0.000346694 125.071
1340	1	943.813	22443	22432.1	10.8479	440	611	213	1	0.0001 Colloc0 440 3078 0.0275752 134.777
1350	1	950.949	22363.4	22352.7	10.7183	439	624	200	1	0.0001 Colloc0 439 3065 0.035411 127.397
1360	1	958.133	22426.4	22415.7	10.7344	439	612	212	0	0.0001 Colloc0 439 3085 0.0218526 128.302
1370	1	965.1	22274	22263.5	10.5204	420	635	189	1	0.0001 Colloc0 420 3065 0.00997074 116.474
1380	1	971.87	22393.4	22382.4	11.0152	438	589	235	1	0.0001 Colloc0 438 3051 0.00377796 144.566
1390	1	978.61	22394	22383.3	10.7373	444	607	217	0	0.0001 Colloc0 444 3049 0.0128644 128.467
1400	1	985.328	22394.5	22383.6	10.8811	446	586	238	0	0.0001 Colloc0 446 3033 0.0315969 136.696
1410	1	992.017	22318.4	22307.8	10.556	430	612	212	2	0.0001 Colloc0 430 3048 0.0563982 118.409
1420	1	999.106	22297.4	22286.6	10.7857	435	620	204	2	0.0001 Colloc0 435 3049 0.00840177 131.213
1430	1	1006.11	22382.5	22371.6	10.8803	455	601	223	1	0.0001 Colloc0 455 3033 0.0257277 136.65
1440	1	1013.2	22351	22340.6	10.3987	438	617	207	0	0.0001 Colloc0 438 3050 0.0542427 109.982
1450	1	1020.26	22316.6	22305.7	10.8599	439	598	226	0	0.0001 Colloc0 439 3040 0.000603676 135.472
1460	1	1027.33	22370.3	22359.5	10.7997	442	610	214	0	0.0001 Colloc0 442 3058 0.0167002 132.012
1470	1	1034.42	22265.1	22254.1	10.934	434	618	206	0	0.0001 Colloc0 434 3049 0.0474908 139.783
1480	1	1041.46	22354.3	22343.4	10.8918	441	593	231	0	0.0001 Colloc0 441 3048 0.0258236 137.321
1490	1	1048.47	22391.5	22380.7	10.7535	437	609	215	0	0.0001 Colloc0 437 3048 0.0285627 129.383
1500	1	1055.64	22365.4	22354.6	10.7655	438	591	233	0	0.0001 Colloc0 438 3033 0.00958735 130.064
1510	1	1062.81	22325.7	22314.8	10.9019	444	597	227	2	0.0001 Colloc0 444 3037 0.00713277 137.907
1520	1	1069.88	22380.1	22369.2	10.893	451	604	220	2	0.0001 Colloc0 451 3021 0.030171 137.391
1530	1	1076.6	22319.9	22309	10.9077	440	613	211	1	0.0001 Colloc0 440 3032 0.00741274 138.241
1540	1	1083.44	22260.8	22249.8	10.9646	439	612	212	2	0.0001 Colloc0 439 3036 0.0221166 141.573
1550	1	1090.43	22389.1	22378.3	10.7103	437	595	229	0	0.0001 Colloc0 437 3049 0.0273972 126.946
1560	1	1097.34	22288.2	22277.5	10.7021	427	632	192	2	0.0001 Colloc0 427 3056 0.0262912 126.483
1570	1	1104.23	22384.4	22373.8	10.6148	438	613	211	0	0.0001 Colloc0 438 3067 0.0385082 121.628
1580	1	1111.19	22411.4	22400.5	10.8965	443	594	230	1	0.0001 Colloc0 443 3055 0.0264257 137.592
1590	1	1118.22	22305.6	22294.7	10.9507	431	612	212	1	0.0001 Colloc0 431 3040 0.0297197 140.757
1600	1	1125.25	22365.2	22354.5	10.7017	439	606	218	2	0.0001 Colloc0 439 3048 0.00932841 126.463
1610	1	1132.29	22371.9	22361.1	10.7652	444	606	218	0	0.0001 Colloc0 444 3055 0.0219188 130.047
1620	1	1139.55	22491.7	22480.8	10.9119	455	574	250	1	0.0001 Colloc0 455 3039 0.00115908 138.487
1630	1	1146.76	22274.2	22263.4	10.8489	431	632	192	0	0.0001 Colloc0 431 3041 0.0233057 134.835
1640	1	1153.82	22270.3	22259.7	10.6425	432	648	176	0	0.0001 Colloc0 432 3033 0.0168884 123.159
1650	1	1160.86	22213.8	22202.9	10.9012	436	642	182	0	0.0001 Colloc0 436 3028 0.0427439 137.864
1660	1	1167.95	22358.6	22347.8	10.8645	462	616	208	1	0.0001 Colloc0 462 3034 0.0308151 135.737
1670	1	1174.88	22345.7	22334.8	10.9318	453	626	198	3	0.0001 Colloc0 453 3033 0.039993 139.651
1680	1	1181.79	22365.6	22354.8	10.8079	451	596	228	1	0.0001 Colloc0 451 3034 0.0129361 132.477
1690	1	1188.86	22243.3	22232.3	10.9457	433	638	186	1	0.0001 Colloc0 433 3023 0.00110712 140.464
1700	1	1195.96	22378.4	22367.4	10.9339	454	593	231	1	0.0001 Colloc0 454 3034 0.0376805 139.773
1710	1	1203.02	22241.6	22230.7	10.888	430	621	203	0	0.0001 Colloc0 430 3031 0.00501389 137.1
1720	1	1210.07	22308.2	22297.2	10.9567	451	619	205	1	0.0001 Colloc0 451 3045 0.00371115 141.109
1730	1	1217.08	22337.7	22326.7	11.0253	443	603	221	2	0.0001 Colloc0 443 3027 0.0294098 145.164
1740	1	1224.15	22215.3	22204.5	10.8352	426	647	177	2	0.0001 Colloc0 426 3035 0.0121982 134.047
1750	1	1231.18	22238.8	22228.3	10.4668	433	637	187	1	0.0001 Colloc0 433 3035 0.0491035 113.594
1760	1	1238.12	22348.1	22337.1	11.0334	450	590	234	1	0.0001 Colloc0 450 3042 0.00642134 145.651
1770	1	1245.29	22305.1	22294.3	10.7817	433	626	198	0	0.0001 Colloc0 433 3040 0.036728 130.984
1780	1	1252.35	22287	22276.4	10.6307	431	629	195	2	0.0001 Colloc0 431 3052 0.017048 122.51
1790	1	1259.5	22359.3	22348.4	10.8607	436	607	217	0	0.0001 Colloc0 436 3037 0.00552797 135.517
1800	1	1266.62	22276.1	22265.1	11.0105	432	618	206	0	0.0001 Colloc0 432 3045 0.0148914 144.288
1810	1	1273.64	22288	22277.2	10.8083	432	606	218	0	0.0001 Colloc0 432 3050 0.0165902 132.502
1820	1	1280.74	22280	22269.4	10.6119	445	625	199	2	0.0001 Colloc0 445 3055 0.0917886 121.472
1830	1	1287.83	22280.4	22269.7	10.7335	428	637	187	2	0.0001 Colloc0 428 3065 0.0286337 128.251
1840	1	1294.84	22249.9	22239	10.857	436	649	175	2	0.0001 Colloc0 436 3035 0.0174597 135.302
1850	1	1301.72	22272.3	22261.4	10.9438	448	643	181	0	0.0001 Colloc0 448 3049 0.0148556 140.356
1860	1	1308.78	22343.3	22332.3	10.9803	450	616	208	1	0.0001 Colloc0 450 3042 0.0112323 142.501
1870	1	1315.74	22289.9	22279.1	10.7356	439	619	205	1	0.0001 Colloc0 439 3041 0.00124691 128.369
1880	1	1322.92	22319.1	22308.1	11.0625	438	615	209	0	0.0001 Colloc0 438 3026 0.00301688 147.388
1890	1	1330.02	22352.8	22341.9	10.9148	456	608	216	1	0.0001 Colloc0 456 3027 0.00338391 138.655
1900	1	1337.28	22263	22252.2	10.7867	434	611	213	2	0.0001 Colloc0 434 3045 0.0154001 131.269
1910	1	1344.39	22298.5	22287.6	10.9056	450	626	198	1	0.0001 Colloc0 450 3030 0.00327197 138.119
1920	1	1351.5	22269.9	22259	10.8616	436	629	195	0	0.0001 Colloc0 436 3035 0.0026358 135.568
1930	1	1358.52	22321.2	22310.5	10.6338	437	621	203	1	0.0001 Colloc0 437 3047 0.0181656 122.678
1940	1	1365.61	22385	22374.5	10.5362	450	609	215	0	0.0001 Colloc0 450 3041 0.0741347 117.33
1950	1	1372.52	22247.6	22237.1	10.5553	430	649	175	0	0.0001 Colloc0 430 3048 0.0511029 118.368
1960	1	1379.52	22252.6	22241.9	10.6923	434	621	203	0	0.0001 Colloc0 434 3060 0.018574 125.936
1970	1	1386.46	22372.7	22361.5	11.1634	463	588	236	0	0.0001 Colloc0 463 3030 0.00133511 153.47
1980	1	1393.26	22315.1	22304.3	10.8452	433	610	214	1	0.0001 Colloc0 433 3054 0.0256546 134.622
1990	1	1400.36	22271.9	22261.1	10.8	437	635	189	0	0.0001 Colloc0 437 3056 0.00118491 132.029
2000	1	1407.39	22233.5	22222.6	10.9222	439	610	214	1	0.0001 Colloc0 439 3037 0.00913473 139.088
