# D = 0, E = 1, I = 1, P = 1, R = -1, n = 2000, N = 1, P = 1, w = 1, a = 0.0001, b = 10000, e = 1, f = 1, g = 100, h = 0.01, r = 31061, s = 1, S = 0, x = 10, m = 100, Z = 1, z = 0, T = 1, t = 1
# 5901 tokens in 266 sentences
#
# It	Temp	Time	-logP	-logPcorpus	-logPrior	tables	same	changed	reject	default_pya	(parent pym pyn pya pyb)*
0	1	0.814876	22896.5	22782.7	113.764	1547	0	266	0	0.0001 Colloc0 1547 2268 0.0001 10000
10	1	12.1292	18062.6	18050.7	11.9748	569	48	218	3	0.0001 Colloc0 569 2330 0.0511442 205.64
20	1	23.1285	17894.6	17883.1	11.4879	537	58	208	4	0.0001 Colloc0 537 2332 0.0695843 173.677
30	1	33.6479	17788.9	17777.1	11.8267	528	62	204	1	0.0001 Colloc0 528 2352 0.0929501 195.72
40	1	44.6562	17366.9	17355.4	11.4436	513	74	192	3	0.0001 Colloc0 513 2315 0.102942 170.864
50	1	55.5676	17224.6	17213.9	10.6588	473	76	190	3	0.0001 Colloc0 473 2334 0.166497 124.066
60	1	66.3549	17231.2	17220.2	10.9857	470	91	175	2	0.0001 Colloc0 470 2343 0.0886987 142.822
70	1	76.9953	17153.2	17142.4	10.8072	458	84	182	5	0.0001 Colloc0 458 2318 0.0874552 132.441
80	1	87.6367	17166.1	17155.9	10.276	467	82	184	3	0.0001 Colloc0 467 2313 0.186024 103.618
90	1	98.419	17042.1	17031.3	10.7499	460	95	171	4	0.0001 Colloc0 460 2315 0.0985434 129.176
100	1	108.9	17044.7	17033.5	11.1655	469	82	184	4	0.0001 Colloc0 469 2293 0.0801524 153.595
110	1	119.388	16888.7	16878.6	10.0834	446	103	163	6	0.0001 Colloc0 446 2298 0.166228 93.9997
120	1	130.314	17129.3	17117.9	11.4044	471	84	182	3	0.0001 Colloc0 471 2302 0.0785067 168.389
130	1	140.989	16940.9	16930.3	10.5575	458	94	172	3	0.0001 Colloc0 458 2298 0.147365 118.492
140	1	151.878	17032.2	17021.9	10.3598	474	87	179	4	0.0001 Colloc0 474 2302 0.184535 107.944
150	1	162.752	16859.3	16848.6	10.6958	438	89	177	2	0.0001 Colloc0 438 2295 0.10144 126.131
160	1	173.502	16940.6	16930.3	10.3121	449	83	183	5	0.0001 Colloc0 449 2295 0.17395 105.469
170	1	184.058	16870.8	16860.3	10.4529	451	95	171	5	0.0001 Colloc0 451 2292 0.1227 112.854
180	1	194.529	16809.1	16798.2	10.8586	463	107	159	1	0.0001 Colloc0 463 2263 0.131284 135.393
190	1	205.305	16805.7	16795.5	10.1327	436	103	163	4	0.0001 Colloc0 436 2279 0.174629 96.4193
200	1	215.959	16900.6	16890.1	10.4355	458	101	165	1	0.0001 Colloc0 458 2310 0.175574 111.93
210	1	226.808	16948.4	16937.5	10.8753	463	90	176	5	0.0001 Colloc0 463 2299 0.142211 136.36
220	1	237.463	16928.6	16917.8	10.8107	445	95	171	5	0.0001 Colloc0 445 2290 0.0844747 132.643
230	1	248.07	16827.2	16815.7	11.483	446	94	172	3	0.0001 Colloc0 446 2300 0.0162651 173.366
240	1	258.688	16839.3	16828.3	10.9545	465	106	160	1	0.0001 Colloc0 465 2306 0.122828 140.984
250	1	269.163	16811.4	16801	10.4404	471	104	162	0	0.0001 Colloc0 471 2290 0.199267 112.188
260	1	280.06	16714.2	16703.8	10.448	446	104	162	1	0.0001 Colloc0 446 2277 0.114106 112.594
270	1	290.853	16717.9	16708.2	9.68331	464	106	160	3	0.0001 Colloc0 464 2287 0.227064 75.5819
280	1	301.602	16825.7	16814.7	11.0892	451	89	177	5	0.0001 Colloc0 451 2289 0.0738182 148.984
290	1	312.303	16685.3	16674.3	11.0346	436	110	156	3	0.0001 Colloc0 436 2302 0.045671 145.718
300	1	323.069	16709.8	16699.3	10.4229	446	119	147	3	0.0001 Colloc0 446 2293 0.160729 111.259
310	1	333.663	16687.8	16676.4	11.3747	455	110	156	5	0.0001 Colloc0 455 2282 0.0444822 166.523
320	1	344.202	16826.3	16815.3	11.0338	440	94	172	5	0.0001 Colloc0 440 2320 0.0286245 145.672
330	1	354.569	16895.4	16884.4	11.0384	466	76	190	1	0.0001 Colloc0 466 2301 0.117053 145.944
340	1	364.905	16741.6	16730.7	10.8808	432	91	175	1	0.0001 Colloc0 432 2300 0.0441762 136.68
350	1	375.639	16813.6	16803.1	10.5035	453	87	179	2	0.0001 Colloc0 453 2278 0.161564 115.566
360	1	386.545	16961.8	16951.2	10.6644	442	85	181	0	0.0001 Colloc0 442 2297 0.116763 124.376
370	1	397.123	16987.8	16976.8	11.0633	458	73	193	1	0.0001 Colloc0 458 2310 0.0741825 147.433
380	1	407.768	16819.1	16808.1	11.0658	452	89	177	3	0.0001 Colloc0 452 2282 0.0897433 147.581
390	1	418.234	16872.8	16862.2	10.5643	460	75	191	1	0.0001 Colloc0 460 2272 0.193363 118.859
400	1	428.9	16706.1	16695.7	10.3165	440	95	171	2	0.0001 Colloc0 440 2293 0.167945 105.701
410	1	439.45	16804.9	16794.4	10.54	454	90	176	3	0.0001 Colloc0 454 2293 0.173119 117.54
420	1	450.096	16746.9	16735.9	10.9454	441	111	155	4	0.0001 Colloc0 441 2297 0.036118 140.446
430	1	460.93	16657.1	16646.4	10.7402	445	104	162	3	0.0001 Colloc0 445 2300 0.103182 128.632
440	1	471.453	16762.7	16752.3	10.3959	456	104	162	3	0.0001 Colloc0 456 2310 0.179097 109.837
450	1	481.88	16767.2	16756.8	10.4359	456	103	163	1	0.0001 Colloc0 456 2313 0.166545 111.952
460	1	492.652	16823.1	16812.4	10.6491	480	94	172	3	0.0001 Colloc0 480 2295 0.202548 123.53
470	1	503.286	16634.2	16623.7	10.5406	442	112	154	2	0.0001 Colloc0 442 2285 0.168275 117.571
480	1	513.743	16605.3	16595.2	10.1342	443	116	150	2	0.0001 Colloc0 443 2265 0.152688 96.4914
490	1	524.112	16659.2	16649	10.197	443	103	163	2	0.0001 Colloc0 443 2271 0.211558 99.6161
500	1	534.927	16561.9	16551.7	10.1509	446	117	149	3	0.0001 Colloc0 446 2274 0.171274 97.3187
510	1	545.747	16575	16564.5	10.485	441	117	149	2	0.0001 Colloc0 441 2269 0.159486 114.568
520	1	556.035	16705.7	16694.9	10.8136	452	100	166	0	0.0001 Colloc0 452 2265 0.1476 132.808
530	1	566.334	16765.3	16754.4	10.8739	456	98	168	3	0.0001 Colloc0 456 2285 0.119433 136.28
540	1	577.063	16717.1	16706.3	10.7655	439	93	173	4	0.0001 Colloc0 439 2272 0.104024 130.061
550	1	587.946	16577.6	16567	10.67	441	120	146	3	0.0001 Colloc0 441 2263 0.0895746 124.688
560	1	598.78	16579.4	16568.8	10.5968	439	117	149	2	0.0001 Colloc0 439 2298 0.154877 120.637
570	1	609.522	16635.4	16625.1	10.2806	449	112	154	3	0.0001 Colloc0 449 2268 0.216411 103.852
580	1	620.28	16494.3	16483.4	10.8773	432	132	134	3	0.0001 Colloc0 432 2275 0.0699398 136.476
590	1	631.121	16478.1	16467.6	10.5045	424	127	139	3	0.0001 Colloc0 424 2267 0.123456 115.616
600	1	641.912	16502.5	16492.3	10.257	444	112	154	4	0.0001 Colloc0 444 2294 0.188336 102.646
610	1	652.607	16680.6	16670.2	10.3784	458	116	150	2	0.0001 Colloc0 458 2275 0.18033 108.916
620	1	663.284	16569.3	16558.8	10.4918	444	117	149	3	0.0001 Colloc0 444 2331 0.176848 114.936
630	1	673.976	16610	16599.6	10.4541	436	104	162	3	0.0001 Colloc0 436 2291 0.167211 112.915
640	1	684.495	16628.3	16617.4	10.8434	430	107	159	5	0.0001 Colloc0 430 2311 0.0237303 134.521
650	1	694.997	16646	16635.3	10.7142	436	109	157	2	0.0001 Colloc0 436 2273 0.0632096 127.166
660	1	705.629	16655.1	16644.3	10.8343	446	106	160	2	0.0001 Colloc0 446 2256 0.0817146 133.994
670	1	716.165	16650.9	16639.8	11.0369	443	107	159	3	0.0001 Colloc0 443 2273 0.0211131 145.859
680	1	726.679	16660.2	16649.9	10.3509	451	108	158	3	0.0001 Colloc0 451 2265 0.136245 107.481
690	1	737.385	16511.9	16501.2	10.7244	436	129	137	2	0.0001 Colloc0 436 2298 0.0887366 127.737
700	1	747.731	16400.8	16391	9.84201	444	133	133	1	0.0001 Colloc0 444 2238 0.222834 82.6277
710	1	758.316	16530.9	16520.3	10.6351	455	125	141	4	0.0001 Colloc0 455 2232 0.154775 122.753
720	1	769.081	16450.6	16440.5	10.0803	435	121	145	4	0.0001 Colloc0 435 2251 0.218393 93.8504
730	1	779.706	16595.2	16584.2	10.9742	446	115	151	2	0.0001 Colloc0 446 2243 0.0532088 142.144
740	1	790.529	16747.9	16737.3	10.5777	445	96	170	2	0.0001 Colloc0 445 2276 0.113227 119.59
750	1	801.355	16682.9	16672.3	10.6022	455	104	162	3	0.0001 Colloc0 455 2255 0.128103 120.938
760	1	811.913	16543.1	16532.2	10.9465	444	119	147	1	0.0001 Colloc0 444 2259 0.0947994 140.512
770	1	822.661	16494.2	16483.6	10.5695	450	111	155	6	0.0001 Colloc0 450 2257 0.162687 119.142
780	1	833.587	16414.9	16404.1	10.8579	451	125	141	2	0.0001 Colloc0 451 2218 0.153307 135.357
790	1	844.55	16356	16345.9	10.1053	430	145	121	3	0.0001 Colloc0 430 2232 0.170347 95.0701
800	1	855.17	16336.2	16325.5	10.663	433	127	139	1	0.0001 Colloc0 433 2229 0.179028 124.298
810	1	865.653	16437.8	16427.4	10.3581	435	114	152	1	0.0001 Colloc0 435 2230 0.249553 107.857
820	1	876.311	16556.1	16546.2	9.90122	455	106	160	4	0.0001 Colloc0 455 2219 0.240255 85.345
830	1	887.163	16391.6	16381.2	10.3967	451	123	143	5	0.0001 Colloc0 451 2239 0.16588 109.88
840	1	897.69	16429.2	16418.4	10.7914	437	129	137	5	0.0001 Colloc0 437 2228 0.125145 131.537
850	1	908.295	16455.8	16444.8	11.0605	446	122	144	2	0.0001 Colloc0 446 2248 0.0910156 147.266
860	1	918.862	16478.1	16467.5	10.5437	440	118	148	3	0.0001 Colloc0 440 2239 0.0845187 117.736
870	1	929.452	16551.7	16541.2	10.4561	451	108	158	4	0.0001 Colloc0 451 2263 0.162303 113.024
880	1	940.257	16431.4	16421.7	9.68209	439	117	149	6	0.0001 Colloc0 439 2239 0.238415 75.5288
890	1	951.048	16467.6	16457.3	10.3516	430	105	161	4	0.0001 Colloc0 430 2249 0.118662 107.521
900	1	961.892	16568.9	16558.3	10.5849	457	116	150	4	0.0001 Colloc0 457 2246 0.133596 119.986
910	1	972.539	16638.3	16628.1	10.2038	453	107	159	4	0.0001 Colloc0 453 2267 0.203343 99.9566
920	1	983.212	16561.5	16551	10.5017	447	106	160	2	0.0001 Colloc0 447 2252 0.174282 115.468
930	1	993.761	16487.3	16476.8	10.5167	428	121	145	4	0.0001 Colloc0 428 2293 0.0747285 116.277
940	1	1004.27	16430.5	16419.7	10.7873	433	123	143	5	0.0001 Colloc0 433 2256 0.111386 131.304
950	1	1014.71	16538.2	16527.5	10.6698	454	117	149	1	0.0001 Colloc0 454 2260 0.161494 124.679
960	1	1025.43	16459.6	16448.5	11.0934	431	116	150	4	0.0001 Colloc0 431 2243 0.0178915 149.239
970	1	1036.29	16502.5	16492.4	10.1269	441	120	146	2	0.0001 Colloc0 441 2246 0.160965 96.13
980	1	1046.79	16468.6	16457.8	10.7371	444	124	142	2	0.0001 Colloc0 444 2233 0.105589 128.453
990	1	1057.57	16424.7	16414.6	10.085	435	126	140	3	0.0001 Colloc0 435 2249 0.199564 94.0796
1000	1	1068.38	16512.6	16502.3	10.3046	472	114	152	2	0.0001 Colloc0 472 2266 0.252865 105.083
1010	1	1079.09	16478.8	16469.1	9.6517	460	104	162	2	0.0001 Colloc0 460 2248 0.31105 74.2202
1020	1	1089.95	16404	16394	10.0365	445	117	149	2	0.0001 Colloc0 445 2245 0.260725 91.7308
1030	1	1100.64	16452.4	16442.1	10.2534	444	112	154	2	0.0001 Colloc0 444 2249 0.126121 102.463
1040	1	1111.02	16348.4	16337.9	10.545	439	126	140	1	0.0001 Colloc0 439 2222 0.0825834 117.811
1050	1	1121.68	16338.1	16327.4	10.7643	438	130	136	2	0.0001 Colloc0 438 2240 0.106325 129.994
1060	1	1132.02	16437.3	16427.5	9.81332	432	118	148	2	0.0001 Colloc0 432 2251 0.24866 81.3284
1070	1	1142.83	16405.5	16395	10.4886	429	128	138	2	0.0001 Colloc0 429 2260 0.160787 114.765
1080	1	1153.42	16355.8	16345	10.8361	435	134	132	4	0.0001 Colloc0 435 2245 0.10016 134.1
1090	1	1164.18	16348	16338	10.0928	431	125	141	3	0.0001 Colloc0 431 2226 0.195156 94.4593
1100	1	1175.08	16473.7	16463.3	10.4018	449	110	156	2	0.0001 Colloc0 449 2232 0.183988 110.148
1110	1	1185.83	16409.9	16399.2	10.7055	437	118	148	3	0.0001 Colloc0 437 2218 0.122713 126.677
1120	1	1196.63	16499.9	16488.9	11.09	437	115	151	3	0.0001 Colloc0 437 2262 0.0770489 149.036
1130	1	1207.03	16361.7	16351.4	10.323	441	129	137	1	0.0001 Colloc0 441 2246 0.189509 106.034
1140	1	1217.34	16327	16316.2	10.8007	431	139	127	2	0.0001 Colloc0 431 2236 0.0660773 132.066
1150	1	1227.86	16441.6	16430.8	10.8219	444	114	152	3	0.0001 Colloc0 444 2230 0.14741 133.281
1160	1	1238.39	16370	16359.4	10.5649	426	125	141	3	0.0001 Colloc0 426 2257 0.120858 118.891
1170	1	1248.9	16399.9	16389.5	10.3352	444	123	143	3	0.0001 Colloc0 444 2259 0.208406 106.665
1180	1	1259.73	16332.5	16321.6	10.8899	435	129	137	3	0.0001 Colloc0 435 2262 0.0911341 137.208
1190	1	1270.47	16324.1	16314	10.0868	427	137	129	0	0.0001 Colloc0 427 2265 0.193431 94.1661
1200	1	1281.32	16359.1	16348.8	10.3432	432	131	135	4	0.0001 Colloc0 432 2249 0.157328 107.08
1210	1	1292.09	16300	16289.4	10.5813	420	136	130	2	0.0001 Colloc0 420 2241 0.113736 119.788
1220	1	1302.64	16437.8	16427.8	10.0069	435	125	141	3	0.0001 Colloc0 435 2246 0.196875 90.3115
1230	1	1313.14	16365.3	16355.1	10.2842	422	124	142	1	0.0001 Colloc0 422 2250 0.172922 104.036
1240	1	1323.74	16486.1	16475.9	10.1551	444	120	146	1	0.0001 Colloc0 444 2261 0.216507 97.5238
1250	1	1334.31	16327.7	16317.4	10.2783	436	136	130	3	0.0001 Colloc0 436 2242 0.136899 103.735
1260	1	1344.89	16326	16316.1	9.87852	425	142	124	3	0.0001 Colloc0 425 2259 0.21251 84.2978
1270	1	1355.35	16342.1	16332.4	9.7099	450	132	134	3	0.0001 Colloc0 450 2251 0.266229 76.7379
1280	1	1365.78	16399.3	16389.3	9.97183	438	120	146	3	0.0001 Colloc0 438 2269 0.218581 88.6477
1290	1	1376.28	16414.7	16404.2	10.4886	435	117	149	3	0.0001 Colloc0 435 2268 0.0955467 114.765
1300	1	1386.61	16513.6	16503.8	9.82045	443	106	160	4	0.0001 Colloc0 443 2257 0.22618 81.6501
1310	1	1397.36	16416.4	16406	10.3844	434	121	145	2	0.0001 Colloc0 434 2256 0.159224 109.232
1320	1	1408.07	16411.1	16400.2	10.9006	430	117	149	2	0.0001 Colloc0 430 2268 0.102734 137.828
1330	1	1418.47	16416.9	16406.5	10.3822	453	125	141	3	0.0001 Colloc0 453 2268 0.179618 109.119
1340	1	1429.2	16426.7	16416.4	10.2499	439	118	148	3	0.0001 Colloc0 439 2246 0.178674 102.287
1350	1	1439.93	16268.9	16258.1	10.8085	413	137	129	5	0.0001 Colloc0 413 2266 0.06 132.516
1360	1	1450.73	16322.1	16311.7	10.4753	428	138	128	1	0.0001 Colloc0 428 2252 0.174541 114.048
1370	1	1461.6	16414.1	16403.7	10.3777	443	125	141	4	0.0001 Colloc0 443 2232 0.163423 108.882
1380	1	1472.38	16353.2	16343.2	9.94359	431	132	134	5	0.0001 Colloc0 431 2235 0.189091 87.319
1390	1	1483.14	16306.8	16296.4	10.3307	439	128	138	1	0.0001 Colloc0 439 2258 0.196256 106.433
1400	1	1493.87	16361.3	16351.1	10.1573	429	126	140	2	0.0001 Colloc0 429 2248 0.207889 97.6325
1410	1	1504.54	16447.8	16437.2	10.5546	445	122	144	2	0.0001 Colloc0 445 2244 0.160663 118.331
1420	1	1515.23	16514.8	16504.2	10.6017	437	102	164	3	0.0001 Colloc0 437 2248 0.0755318 120.909
1430	1	1525.77	16503.6	16493	10.6123	448	109	157	5	0.0001 Colloc0 448 2244 0.162041 121.493
1440	1	1536.04	16581.7	16571.5	10.242	443	104	162	5	0.0001 Colloc0 443 2235 0.19681 101.886
1450	1	1546.6	16399.3	16389	10.2244	425	111	155	4	0.0001 Colloc0 425 2217 0.140921 100.995
1460	1	1557.03	16370.9	16360.4	10.5158	434	127	139	4	0.0001 Colloc0 434 2236 0.168109 116.225
1470	1	1567.4	16343.7	16333.4	10.2617	438	125	141	4	0.0001 Colloc0 438 2256 0.180558 102.889
1480	1	1577.68	16354.3	16344.4	9.97461	428	123	143	1	0.0001 Colloc0 428 2262 0.204063 88.7789
1490	1	1588.01	16387.5	16377.3	10.2798	441	133	133	3	0.0001 Colloc0 441 2253 0.182116 103.814
1500	1	1598.43	16374.2	16363.7	10.5373	429	121	145	2	0.0001 Colloc0 429 2228 0.128194 117.393
1510	1	1609.2	16475.4	16465.3	10.0918	440	107	159	3	0.0001 Colloc0 440 2224 0.19288 94.4118
1520	1	1619.94	16544.1	16533.5	10.6401	444	102	164	2	0.0001 Colloc0 444 2263 0.077102 123.029
1530	1	1630.36	16462.6	16452.8	9.84865	445	108	158	2	0.0001 Colloc0 445 2233 0.231478 82.9301
1540	1	1640.77	16497.4	16487.2	10.1367	445	111	155	2	0.0001 Colloc0 445 2237 0.163036 96.6153
1550	1	1651.61	16550.2	16539	11.1358	445	103	163	4	0.0001 Colloc0 445 2240 0.0470046 151.794
1560	1	1662.12	16443.5	16432.8	10.7312	437	115	151	1	0.0001 Colloc0 437 2238 0.0636184 128.124
1570	1	1672.79	16408.9	16399.1	9.80029	444	118	148	1	0.0001 Colloc0 444 2240 0.217517 80.7416
1580	1	1683.33	16363.5	16352.7	10.7884	437	124	142	1	0.0001 Colloc0 437 2247 0.12929 131.365
1590	1	1693.8	16415.1	16404.6	10.5494	437	117	149	2	0.0001 Colloc0 437 2222 0.135185 118.051
1600	1	1704.29	16483.4	16472.8	10.6037	436	115	151	4	0.0001 Colloc0 436 2225 0.121272 121.019
1610	1	1714.73	16468.1	16457.4	10.7308	429	107	159	4	0.0001 Colloc0 429 2254 0.0488262 128.1
1620	1	1725.18	16332.4	16321.2	11.2366	425	129	137	3	0.0001 Colloc0 425 2220 0.0498994 157.948
1630	1	1735.57	16370.2	16360.1	10.1738	445	129	137	2	0.0001 Colloc0 445 2257 0.189252 98.4567
1640	1	1746.15	16443.5	16432.8	10.6817	442	116	150	5	0.0001 Colloc0 442 2256 0.137097 125.342
1650	1	1756.81	16418.5	16408.4	10.1297	432	104	162	3	0.0001 Colloc0 432 2236 0.164863 96.2696
1660	1	1767.49	16357.4	16346.6	10.8028	433	107	159	5	0.0001 Colloc0 433 2217 0.147831 132.189
1670	1	1778.29	16390.4	16380.1	10.314	454	113	153	2	0.0001 Colloc0 454 2204 0.249578 105.57
1680	1	1789	16321.9	16312	9.92722	417	127	139	4	0.0001 Colloc0 417 2229 0.187045 86.5532
1690	1	1799.34	16397	16387.1	9.87301	443	117	149	5	0.0001 Colloc0 443 2241 0.2628 84.0447
1700	1	1810.05	16425.6	16415.1	10.5032	430	121	145	6	0.0001 Colloc0 430 2255 0.130465 115.55
1710	1	1820.35	16328.8	16318.1	10.7063	418	118	148	2	0.0001 Colloc0 418 2243 0.113541 126.721
1720	1	1830.75	16397.1	16386.7	10.4434	442	134	132	2	0.0001 Colloc0 442 2253 0.194242 112.348
1730	1	1841.43	16541.1	16530.6	10.5276	439	102	164	2	0.0001 Colloc0 439 2250 0.14692 116.865
1740	1	1851.93	16356.8	16346.7	10.1822	445	111	155	3	0.0001 Colloc0 445 2224 0.219217 98.875
1750	1	1862.47	16367.8	16357.2	10.6152	427	131	135	2	0.0001 Colloc0 427 2228 0.0784526 121.654
1760	1	1872.95	16408.4	16397.6	10.7498	439	125	141	2	0.0001 Colloc0 439 2234 0.137352 129.171
1770	1	1883.76	16446.5	16436.4	10.1208	438	117	149	5	0.0001 Colloc0 438 2228 0.230054 95.8312
1780	1	1894.49	16392.1	16381.9	10.185	445	126	140	4	0.0001 Colloc0 445 2233 0.162224 99.0133
1790	1	1905.05	16433.3	16422.9	10.3555	441	111	155	2	0.0001 Colloc0 441 2231 0.164894 107.721
1800	1	1915.49	16540.4	16530	10.4541	455	112	154	3	0.0001 Colloc0 455 2226 0.138839 112.915
1810	1	1926.02	16449.8	16439.6	10.2619	432	109	157	4	0.0001 Colloc0 432 2233 0.165593 102.9
1820	1	1936.82	16482.1	16471	11.1394	448	118	148	4	0.0001 Colloc0 448 2245 0.122809 152.016
1830	1	1947.5	16373.5	16363.2	10.3096	441	115	151	5	0.0001 Colloc0 441 2244 0.166064 105.343
1840	1	1958.03	16432.1	16421.6	10.5685	437	116	150	2	0.0001 Colloc0 437 2238 0.113763 119.09
1850	1	1968.68	16559	16549.3	9.68734	448	110	156	3	0.0001 Colloc0 448 2251 0.265296 75.7562
1860	1	1979.38	16521.3	16511.4	9.9355	454	108	158	3	0.0001 Colloc0 454 2258 0.253573 86.9401
1870	1	1989.95	16497.1	16486.5	10.6788	433	98	168	3	0.0001 Colloc0 433 2278 0.112613 125.179
1880	1	2000.58	16451.4	16440.9	10.4234	449	120	146	2	0.0001 Colloc0 449 2244 0.173276 111.287
1890	1	2010.92	16325.3	16314.6	10.6824	432	120	146	3	0.0001 Colloc0 432 2201 0.127052 125.385
1900	1	2021.26	16437.8	16427.9	9.87984	436	109	157	4	0.0001 Colloc0 436 2218 0.20715 84.3584
1910	1	2031.61	16488.7	16478.3	10.3564	454	118	148	3	0.0001 Colloc0 454 2223 0.216341 107.767
1920	1	2042.27	16473.2	16463.5	9.71117	436	117	149	2	0.0001 Colloc0 436 2235 0.23066 76.7933
1930	1	2053.04	16376.9	16366.4	10.5534	426	119	147	2	0.0001 Colloc0 426 2249 0.109576 118.266
1940	1	2063.65	16432.6	16422.7	9.90128	433	112	154	7	0.0001 Colloc0 433 2238 0.229174 85.3478
1950	1	2073.92	16432.3	16421.9	10.4433	440	124	142	3	0.0001 Colloc0 440 2263 0.164753 112.343
1960	1	2084.4	16479.8	16469.5	10.3263	447	107	159	3	0.0001 Colloc0 447 2235 0.188063 106.204
1970	1	2095.05	16416.3	16405.5	10.723	433	114	152	4	0.0001 Colloc0 433 2206 0.131309 127.66
1980	1	2105.69	16478.5	16467.9	10.541	451	113	153	5	0.0001 Colloc0 451 2254 0.195042 117.592
1990	1	2115.94	16432.6	16422	10.6066	425	121	145	2	0.0001 Colloc0 425 2219 0.0960877 121.18
2000	1	2125.99	16371.2	16361.2	10.0458	423	117	149	3	0.0001 Colloc0 423 2225 0.206714 92.1766
