# D = 0, E = 1, I = 1, P = 1, R = -1, n = 2000, N = 1, P = 1, w = 1, a = 0.0001, b = 10000, e = 1, f = 1, g = 100, h = 0.01, r = 19162, s = 1, S = 0, x = 10, m = 100, Z = 1, z = 0, T = 1, t = 1
# 5901 tokens in 266 sentences
#
# It	Temp	Time	-logP	-logPcorpus	-logPrior	tables	same	changed	reject	default_pya	(parent pym pyn pya pyb)*
0	1	0.839872	23599.9	23486.1	113.764	1931	0	266	0	0.0001 Colloc0 1931 2732 0.0001 10000
10	1	12.3091	18372.1	18360.4	11.731	579	35	231	5	0.0001 Colloc0 579 2451 0.0754779 189.4
20	1	23.1905	17658.9	17647.3	11.5854	522	66	200	3	0.0001 Colloc0 522 2404 0.0287112 179.927
30	1	33.8988	17399.1	17387.6	11.5274	485	80	186	8	0.0001 Colloc0 485 2393 0.0296203 176.198
40	1	44.4902	17330	17318.4	11.5389	484	72	194	2	0.0001 Colloc0 484 2394 0.015793 176.933
50	1	55.1476	17229.8	17218.2	11.5459	471	85	181	1	0.0001 Colloc0 471 2402 0.0183202 177.381
60	1	65.769	17147.3	17136.5	10.8035	466	89	177	3	0.0001 Colloc0 466 2349 0.11497 132.23
70	1	76.6773	17158.4	17147.2	11.2171	469	91	175	3	0.0001 Colloc0 469 2389 0.0394876 156.746
80	1	87.4407	17141.2	17130.8	10.4832	460	76	190	5	0.0001 Colloc0 460 2349 0.140515 114.473
90	1	98.1911	17263.5	17252.5	11.0502	490	78	188	3	0.0001 Colloc0 490 2376 0.0954194 146.65
100	1	108.899	17159.3	17148.5	10.7288	470	89	177	3	0.0001 Colloc0 470 2351 0.129534 127.986
110	1	119.455	17039.9	17029.1	10.7837	467	93	173	3	0.0001 Colloc0 467 2305 0.162417 131.097
120	1	130.036	17014.5	17004.2	10.3728	464	93	173	3	0.0001 Colloc0 464 2328 0.181527 108.623
130	1	140.765	16914.2	16903.6	10.6289	440	95	171	2	0.0001 Colloc0 440 2305 0.150911 122.409
140	1	151.29	16936.5	16925.4	11.0783	445	95	171	2	0.0001 Colloc0 445 2315 0.0515407 148.328
150	1	162.125	16987.9	16976.8	11.0688	445	90	176	3	0.0001 Colloc0 445 2346 0.042254 147.763
160	1	172.912	17023.8	17013.1	10.6737	453	98	168	3	0.0001 Colloc0 453 2333 0.0985929 124.895
170	1	183.424	16912.2	16901.3	10.9259	459	97	169	2	0.0001 Colloc0 459 2320 0.0716547 139.308
180	1	193.987	16946.2	16935.7	10.4642	454	94	172	1	0.0001 Colloc0 454 2338 0.129233 113.454
190	1	204.7	16931	16920.3	10.7568	446	92	174	2	0.0001 Colloc0 446 2357 0.0834782 129.572
200	1	215.45	16965.8	16954.9	10.9714	451	92	174	3	0.0001 Colloc0 451 2336 0.0947772 141.975
210	1	226.246	16885.1	16874.2	10.9037	440	95	171	4	0.0001 Colloc0 440 2345 0.0552836 138.013
220	1	236.795	16864.4	16853.4	10.9792	454	100	166	2	0.0001 Colloc0 454 2353 0.0732865 142.438
230	1	247.434	16850	16839.2	10.8275	446	93	173	4	0.0001 Colloc0 446 2312 0.0987133 133.604
240	1	257.998	16737.1	16726.5	10.6464	429	115	151	3	0.0001 Colloc0 429 2335 0.120794 123.378
250	1	268.758	16792.4	16781.9	10.4728	446	97	169	1	0.0001 Colloc0 446 2343 0.206807 113.919
260	1	279.473	16934.2	16923.4	10.7803	430	94	172	3	0.0001 Colloc0 430 2336 0.0290298 130.905
270	1	289.967	16918	16907.3	10.7305	432	102	164	4	0.0001 Colloc0 432 2353 0.0774003 128.081
280	1	300.521	16913	16901.9	11.0965	460	91	175	9	0.0001 Colloc0 460 2334 0.0744189 149.423
290	1	311.083	16925.4	16914.6	10.724	451	89	177	5	0.0001 Colloc0 451 2317 0.146071 127.718
300	1	321.703	16797.6	16787.1	10.5453	435	98	168	3	0.0001 Colloc0 435 2305 0.136045 117.827
310	1	332.377	16939.2	16928.7	10.5087	442	91	175	5	0.0001 Colloc0 442 2361 0.131112 115.842
320	1	342.845	16953.7	16943.1	10.527	456	83	183	5	0.0001 Colloc0 456 2339 0.124355 116.83
330	1	353.168	16816.5	16806	10.5746	432	99	167	2	0.0001 Colloc0 432 2332 0.1543 119.422
340	1	363.553	16843	16832.8	10.1757	443	100	166	2	0.0001 Colloc0 443 2329 0.160264 98.5488
350	1	374.057	16803.7	16793.7	9.96981	444	106	160	1	0.0001 Colloc0 444 2336 0.24975 88.552
360	1	384.241	16756.2	16745.7	10.5276	439	109	157	2	0.0001 Colloc0 439 2319 0.115615 116.865
370	1	394.792	16788.7	16777.6	11.1066	441	99	167	6	0.0001 Colloc0 441 2311 0.031706 150.033
380	1	405.335	16741.3	16729.9	11.3251	441	103	163	3	0.0001 Colloc0 441 2315 0.0221764 163.422
390	1	416.132	16687.4	16676.9	10.5194	431	108	158	3	0.0001 Colloc0 431 2303 0.137266 116.419
400	1	426.765	16755.2	16744.4	10.8854	442	102	164	3	0.0001 Colloc0 442 2296 0.0506021 136.949
410	1	437.276	16773.7	16762.9	10.8279	449	90	176	3	0.0001 Colloc0 449 2327 0.0837048 133.627
420	1	447.915	16800.1	16789.6	10.5445	427	102	164	4	0.0001 Colloc0 427 2348 0.0553815 117.781
430	1	458.597	16696.7	16685.4	11.3145	424	105	161	3	0.0001 Colloc0 424 2299 0.00719078 162.759
440	1	469.192	16836.7	16825.9	10.8385	440	98	168	4	0.0001 Colloc0 440 2375 0.0643838 134.238
450	1	479.875	16767.7	16757	10.7191	442	114	152	1	0.0001 Colloc0 442 2341 0.0868377 127.443
460	1	490.713	16807.9	16797.2	10.72	437	102	164	4	0.0001 Colloc0 437 2339 0.120968 127.49
470	1	501.249	16810.3	16799.2	11.1653	441	103	163	2	0.0001 Colloc0 441 2302 0.0124646 153.586
480	1	511.787	16805.4	16794.8	10.639	429	89	177	5	0.0001 Colloc0 429 2318 0.0764887 122.969
490	1	522.263	16739.9	16729.1	10.8169	438	101	165	4	0.0001 Colloc0 438 2296 0.107386 132.996
500	1	533.096	16873.4	16862	11.3938	463	95	171	4	0.0001 Colloc0 463 2339 0.00984266 167.719
510	1	543.973	16771.5	16761	10.5658	427	109	157	3	0.0001 Colloc0 427 2317 0.122593 118.94
520	1	554.524	16781.1	16770.6	10.5743	449	111	155	2	0.0001 Colloc0 449 2332 0.16308 119.404
530	1	565.078	16862.3	16851.3	11.0482	441	90	176	6	0.0001 Colloc0 441 2343 0.0789691 146.532
540	1	575.456	16862.4	16851.7	10.6306	440	83	183	2	0.0001 Colloc0 440 2325 0.0753534 122.504
550	1	585.989	16859.1	16848.4	10.6392	448	108	158	4	0.0001 Colloc0 448 2331 0.0598106 122.978
560	1	596.698	16753.3	16742.4	10.9049	441	107	159	3	0.0001 Colloc0 441 2316 0.0894213 138.081
570	1	607.141	16849	16838.9	10.1121	448	92	174	8	0.0001 Colloc0 448 2324 0.171618 95.4032
580	1	617.601	16865.1	16854.1	10.9996	442	89	177	7	0.0001 Colloc0 442 2351 0.05779 143.642
590	1	627.949	16811.8	16800.8	11.0243	445	107	159	7	0.0001 Colloc0 445 2332 0.0475811 145.109
600	1	638.336	16726	16715.3	10.6827	426	105	161	2	0.0001 Colloc0 426 2315 0.0981976 125.401
610	1	649.025	16664.4	16653.7	10.7025	426	118	148	2	0.0001 Colloc0 426 2345 0.0945327 126.505
620	1	659.215	16689	16677.9	11.0914	430	103	163	8	0.0001 Colloc0 430 2311 0.0150661 149.12
630	1	669.576	16774.7	16763.8	10.902	455	99	167	6	0.0001 Colloc0 455 2314 0.0898304 137.912
640	1	680.133	16671.5	16660.9	10.622	454	115	151	4	0.0001 Colloc0 454 2289 0.147073 122.027
650	1	690.516	16680.4	16669.3	11.1607	441	116	150	3	0.0001 Colloc0 441 2310 0.0374503 153.309
660	1	701.033	16658.2	16647.5	10.683	444	124	142	1	0.0001 Colloc0 444 2341 0.0661851 125.414
670	1	711.629	16810.1	16799.4	10.7047	455	98	168	2	0.0001 Colloc0 455 2315 0.132139 126.632
680	1	722.224	16751	16739.8	11.2259	446	106	160	5	0.0001 Colloc0 446 2313 0.0592609 157.286
690	1	732.759	16830.6	16820	10.5696	456	94	172	4	0.0001 Colloc0 456 2335 0.156807 119.151
700	1	743.271	16870.5	16860	10.5123	458	106	160	5	0.0001 Colloc0 458 2322 0.1272 116.04
710	1	753.947	16786	16775.4	10.5942	439	101	165	3	0.0001 Colloc0 439 2325 0.100649 120.498
720	1	764.49	16890.9	16879.6	11.2218	454	95	171	5	0.0001 Colloc0 454 2313 0.0423685 157.033
730	1	775.032	16845.8	16834.9	10.9788	449	88	178	2	0.0001 Colloc0 449 2339 0.109289 142.41
740	1	785.59	16710.5	16699.8	10.6705	444	105	161	6	0.0001 Colloc0 444 2303 0.0831651 124.718
750	1	796.197	16859.3	16848.4	10.9774	453	95	171	5	0.0001 Colloc0 453 2321 0.0835344 142.331
760	1	806.631	16776	16765.5	10.5284	458	98	168	3	0.0001 Colloc0 458 2322 0.115873 116.907
770	1	817.229	16585.1	16574.3	10.7621	430	108	158	4	0.0001 Colloc0 430 2302 0.0978415 129.871
780	1	827.405	16667	16656.2	10.8109	436	112	154	5	0.0001 Colloc0 436 2296 0.131062 132.654
790	1	837.975	16682.7	16671.9	10.8515	432	98	168	1	0.0001 Colloc0 432 2294 0.0807655 134.986
800	1	848.353	16645.2	16634.8	10.4555	436	99	167	2	0.0001 Colloc0 436 2304 0.135517 112.995
810	1	859.102	16755.1	16743.7	11.4526	452	98	168	4	0.0001 Colloc0 452 2321 0.0128474 171.431
820	1	869.712	16706.9	16696.8	10.0353	449	111	155	3	0.0001 Colloc0 449 2302 0.2362 91.6704
830	1	880.121	16710.4	16699.9	10.4419	433	107	159	2	0.0001 Colloc0 433 2345 0.133239 112.271
840	1	890.409	16815.7	16804.3	11.3926	455	99	167	3	0.0001 Colloc0 455 2295 0.0310936 167.643
850	1	900.933	16719.3	16708.3	10.983	444	111	155	6	0.0001 Colloc0 444 2287 0.0660338 142.659
860	1	912.517	16747.8	16736.9	10.8255	426	104	162	3	0.0001 Colloc0 426 2284 0.072428 133.488
870	1	923.027	16790.2	16779.8	10.3403	448	94	172	3	0.0001 Colloc0 448 2295 0.129081 106.929
880	1	933.719	16793	16782.8	10.2252	448	94	172	1	0.0001 Colloc0 448 2310 0.184428 101.035
890	1	944.339	16745.1	16734	11.0547	444	86	180	1	0.0001 Colloc0 444 2300 0.0435659 146.922
900	1	954.945	16736.3	16725.7	10.6522	459	101	165	1	0.0001 Colloc0 459 2266 0.172627 123.699
910	1	965.497	16610.8	16600.1	10.7296	430	114	152	4	0.0001 Colloc0 430 2328 0.126888 128.032
920	1	975.98	16671.7	16661	10.656	443	108	158	2	0.0001 Colloc0 443 2287 0.10559 123.911
930	1	986.742	16573.3	16562.1	11.192	429	112	154	2	0.0001 Colloc0 429 2281 0.0115589 155.21
940	1	997.491	16718.8	16708	10.8142	433	96	170	2	0.0001 Colloc0 433 2302 0.0514013 132.841
950	1	1008.12	16646.7	16636.7	10.0982	433	115	151	3	0.0001 Colloc0 433 2311 0.16364 94.723
960	1	1018.66	16584.5	16574	10.4294	431	114	152	3	0.0001 Colloc0 431 2305 0.128128 111.607
970	1	1029.34	16784.3	16773.2	11.1393	457	101	165	1	0.0001 Colloc0 457 2304 0.074012 152.009
980	1	1040	16657.5	16646.6	10.8859	434	109	157	3	0.0001 Colloc0 434 2320 0.0537939 136.974
990	1	1050.43	16569	16558.6	10.4771	437	99	167	2	0.0001 Colloc0 437 2289 0.146755 114.148
1000	1	1060.97	16665.5	16655	10.4595	437	105	161	3	0.0001 Colloc0 437 2320 0.128123 113.204
1010	1	1071.65	16701.9	16691.2	10.6873	453	106	160	1	0.0001 Colloc0 453 2301 0.0974641 125.658
1020	1	1082.43	16663.6	16653	10.6254	438	93	173	5	0.0001 Colloc0 438 2306 0.150333 122.214
1030	1	1092.92	16586.8	16575.5	11.2799	437	111	155	5	0.0001 Colloc0 437 2304 0.0288063 160.616
1040	1	1103.38	16604.4	16593.7	10.7379	435	102	164	0	0.0001 Colloc0 435 2273 0.0960202 128.499
1050	1	1113.92	16607.4	16596.4	10.924	436	114	152	5	0.0001 Colloc0 436 2278 0.0598259 139.192
1060	1	1124.39	16697.7	16686.9	10.732	443	106	160	1	0.0001 Colloc0 443 2308 0.100174 128.166
1070	1	1135.29	16742.4	16731.8	10.5877	448	107	159	2	0.0001 Colloc0 448 2314 0.152296 120.142
1080	1	1145.98	16740.3	16729.2	11.0128	456	97	169	2	0.0001 Colloc0 456 2266 0.0936972 144.423
1090	1	1156.38	16641	16630.2	10.8376	442	97	169	0	0.0001 Colloc0 442 2294 0.0829834 134.184
1100	1	1166.86	16648.4	16637.7	10.6925	463	106	160	0	0.0001 Colloc0 463 2281 0.143445 125.944
1110	1	1177.63	16514.9	16504.6	10.3004	430	117	149	0	0.0001 Colloc0 430 2291 0.128554 104.868
1120	1	1188.42	16655.8	16645.7	10.0565	455	115	151	0	0.0001 Colloc0 455 2295 0.230994 92.6935
1130	1	1199.18	16711.7	16700.5	11.2117	458	89	177	2	0.0001 Colloc0 458 2307 0.0477384 156.415
1140	1	1209.81	16729.9	16719.4	10.4764	447	98	168	2	0.0001 Colloc0 447 2314 0.135617 114.111
1150	1	1220.54	16760.9	16750.2	10.7012	449	96	170	2	0.0001 Colloc0 449 2337 0.0995522 126.434
1160	1	1231.16	16605.5	16594.7	10.8266	430	101	165	3	0.0001 Colloc0 430 2293 0.0959679 133.555
1170	1	1241.61	16605.3	16594.3	11.0554	421	113	153	4	0.0001 Colloc0 421 2316 0.0301635 146.959
1180	1	1252.05	16667.9	16657	10.9606	452	107	159	7	0.0001 Colloc0 452 2294 0.11013 141.341
1190	1	1262.64	16692.6	16682.7	9.87243	464	90	176	2	0.0001 Colloc0 464 2271 0.232332 84.0179
1200	1	1273.28	16571.3	16561.4	9.98632	428	107	159	3	0.0001 Colloc0 428 2272 0.19141 89.3334
1210	1	1283.8	16744.9	16734.2	10.6663	447	101	165	1	0.0001 Colloc0 447 2289 0.14194 124.485
1220	1	1294.24	16705.9	16695.3	10.5716	454	103	163	0	0.0001 Colloc0 454 2298 0.0989241 119.261
1230	1	1304.62	16697.2	16686.4	10.8512	440	94	172	4	0.0001 Colloc0 440 2289 0.127104 134.967
1240	1	1315.13	16687.6	16676.9	10.7871	440	100	166	5	0.0001 Colloc0 440 2291 0.0791797 131.292
1250	1	1325.56	16620	16609.8	10.1709	447	115	151	3	0.0001 Colloc0 447 2286 0.212338 98.3099
1260	1	1335.92	16495.5	16485.1	10.3635	427	121	145	3	0.0001 Colloc0 427 2290 0.140885 108.138
1270	1	1346.49	16716.6	16706.3	10.2646	443	112	154	2	0.0001 Colloc0 443 2297 0.16286 103.034
1280	1	1357.21	16623.1	16612.4	10.6483	436	110	156	1	0.0001 Colloc0 436 2276 0.125991 123.482
1290	1	1367.81	16536.6	16526.2	10.4099	426	123	143	2	0.0001 Colloc0 426 2269 0.122279 110.573
1300	1	1378.25	16595.5	16584.5	11.0802	434	112	154	2	0.0001 Colloc0 434 2280 0.00898206 148.446
1310	1	1388.78	16595.7	16584.8	10.8226	441	106	160	1	0.0001 Colloc0 441 2240 0.0773678 133.325
1320	1	1399.39	16648.1	16637.6	10.4684	445	104	162	5	0.0001 Colloc0 445 2285 0.145623 113.679
1330	1	1409.9	16594.1	16583.9	10.2323	427	110	156	4	0.0001 Colloc0 427 2295 0.157705 101.395
1340	1	1420.52	16538.8	16528.3	10.4824	441	113	153	7	0.0001 Colloc0 441 2257 0.164021 114.428
1350	1	1431.13	16613.8	16603.1	10.757	446	125	141	1	0.0001 Colloc0 446 2267 0.0495073 129.583
1360	1	1441.86	16681.7	16670.7	11.0536	436	99	167	1	0.0001 Colloc0 436 2297 0.0594643 146.856
1370	1	1452.39	16513.4	16502.8	10.5492	439	120	146	5	0.0001 Colloc0 439 2235 0.114619 118.04
1380	1	1462.72	16591.6	16580.4	11.1857	449	110	156	3	0.0001 Colloc0 449 2248 0.0478526 154.828
1390	1	1473.11	16598.1	16587	11.0464	443	99	167	2	0.0001 Colloc0 443 2247 0.0371059 146.423
1400	1	1483.71	16524.7	16513.9	10.8359	438	119	147	3	0.0001 Colloc0 438 2250 0.127257 134.088
1410	1	1494.15	16526.1	16515	11.1681	433	110	156	3	0.0001 Colloc0 433 2249 0.0331342 153.756
1420	1	1504.44	16543.7	16533.2	10.5273	432	121	145	4	0.0001 Colloc0 432 2256 0.12653 116.852
1430	1	1515.23	16565.6	16554.8	10.7592	447	118	148	3	0.0001 Colloc0 447 2259 0.116113 129.705
1440	1	1525.9	16582.3	16571.7	10.5159	429	110	156	2	0.0001 Colloc0 429 2261 0.110642 116.231
1450	1	1536.69	16608.8	16597.8	11.0432	442	106	160	2	0.0001 Colloc0 442 2249 0.107692 146.235
1460	1	1547.24	16495.2	16484.3	10.9112	427	123	143	3	0.0001 Colloc0 427 2239 0.0239159 138.447
1470	1	1557.71	16482.9	16472.4	10.503	413	128	138	3	0.0001 Colloc0 413 2267 0.0832908 115.538
1480	1	1567.95	16470.3	16459.7	10.5911	420	122	144	2	0.0001 Colloc0 420 2258 0.0921801 120.325
1490	1	1578.41	16618.3	16607.7	10.5803	458	112	154	5	0.0001 Colloc0 458 2253 0.141665 119.733
1500	1	1588.74	16531.4	16520.4	10.9884	440	117	149	2	0.0001 Colloc0 440 2235 0.090967 142.977
1510	1	1599.24	16607.3	16596.5	10.7238	437	116	150	2	0.0001 Colloc0 437 2286 0.0995553 127.707
1520	1	1609.93	16510.4	16499	11.3381	438	113	153	2	0.0001 Colloc0 438 2236 0.024431 164.231
1530	1	1620.41	16531.6	16520.6	11.0549	444	118	148	4	0.0001 Colloc0 444 2249 0.0426985 146.931
1540	1	1630.89	16525.1	16513.8	11.3117	441	115	151	2	0.0001 Colloc0 441 2238 0.0466569 162.588
1550	1	1641.6	16579	16568.3	10.6739	446	105	161	4	0.0001 Colloc0 446 2251 0.102063 124.908
1560	1	1652.3	16545.1	16534.2	10.8908	437	112	154	6	0.0001 Colloc0 437 2239 0.0903453 137.259
1570	1	1662.99	16502.6	16491.7	10.8863	449	112	154	2	0.0001 Colloc0 449 2218 0.0947826 137
1580	1	1673.58	16487.7	16477.1	10.6395	432	126	140	6	0.0001 Colloc0 432 2252 0.118773 122.997
1590	1	1684.29	16523.8	16513.7	10.1447	445	132	134	4	0.0001 Colloc0 445 2231 0.174714 97.0125
1600	1	1694.88	16609.2	16598.5	10.6288	456	113	153	2	0.0001 Colloc0 456 2231 0.116311 122.405
1610	1	1705.56	16582	16571	11.0177	450	112	154	2	0.0001 Colloc0 450 2233 0.0628264 144.717
1620	1	1716.23	16591.4	16580.4	10.9989	449	115	151	4	0.0001 Colloc0 449 2246 0.0829757 143.598
1630	1	1726.53	16457.5	16446.8	10.6736	424	130	136	3	0.0001 Colloc0 424 2246 0.121874 124.893
1640	1	1737.03	16540.8	16530.3	10.5342	434	110	156	3	0.0001 Colloc0 434 2219 0.144708 117.222
1650	1	1747.5	16378.8	16368	10.8165	434	128	138	2	0.0001 Colloc0 434 2208 0.0842918 132.972
1660	1	1758.1	16532.4	16522.2	10.1799	443	115	151	2	0.0001 Colloc0 443 2253 0.191756 98.759
1670	1	1768.71	16392.7	16382.1	10.5592	441	119	147	1	0.0001 Colloc0 441 2234 0.0738607 118.584
1680	1	1779.44	16487.1	16476.4	10.7031	442	115	151	3	0.0001 Colloc0 442 2212 0.0627184 126.542
1690	1	1790.02	16528.6	16518.2	10.4032	454	123	143	2	0.0001 Colloc0 454 2223 0.151653 110.223
1700	1	1800.29	16551.8	16540.3	11.4328	428	119	147	0	0.0001 Colloc0 428 2245 0.0141682 170.177
1710	1	1810.64	16480.8	16469.8	10.9958	446	111	155	2	0.0001 Colloc0 446 2206 0.101316 143.419
1720	1	1821.14	16503.8	16492.6	11.2266	442	112	154	2	0.0001 Colloc0 442 2207 0.0434262 157.333
1730	1	1832.14	16486.7	16476.2	10.465	456	117	149	2	0.0001 Colloc0 456 2204 0.141607 113.498
1740	1	1843.09	16446.7	16436.1	10.6931	445	120	146	2	0.0001 Colloc0 445 2191 0.144955 125.98
1750	1	1853.79	16597.6	16586.4	11.1648	454	112	154	3	0.0001 Colloc0 454 2240 0.0736308 153.553
1760	1	1864.62	16613.2	16602.8	10.3813	468	109	157	2	0.0001 Colloc0 468 2261 0.228861 109.072
1770	1	1874.96	16546	16534.4	11.5453	446	105	161	2	0.0001 Colloc0 446 2224 0.0485961 177.344
1780	1	1885.63	16548.3	16537.3	10.9512	449	108	158	7	0.0001 Colloc0 449 2244 0.0703551 140.786
1790	1	1896.1	16551	16540.8	10.1867	447	110	156	3	0.0001 Colloc0 447 2232 0.165202 99.1023
1800	1	1906.73	16493.6	16482.8	10.8063	443	123	143	1	0.0001 Colloc0 443 2221 0.0657535 132.386
1810	1	1917.41	16511.1	16499.8	11.304	454	118	148	0	0.0001 Colloc0 454 2226 0.0195914 162.109
1820	1	1928.08	16503.4	16492.4	10.9544	439	116	150	3	0.0001 Colloc0 439 2231 0.0598904 140.975
1830	1	1938.58	16455.2	16444.2	10.9584	436	114	152	1	0.0001 Colloc0 436 2227 0.0884168 141.209
1840	1	1949.18	16450.5	16440.1	10.4543	457	112	154	3	0.0001 Colloc0 457 2199 0.16428 112.931
1850	1	1959.72	16505.8	16494.9	10.9402	444	119	147	3	0.0001 Colloc0 444 2207 0.043263 140.145
1860	1	1969.95	16479.1	16468.3	10.7982	433	108	158	3	0.0001 Colloc0 433 2222 0.0911464 131.925
1870	1	1980.25	16476.5	16465.9	10.6015	449	106	160	2	0.0001 Colloc0 449 2203 0.170673 120.897
1880	1	1990.8	16454.5	16443.6	10.8619	429	123	143	3	0.0001 Colloc0 429 2226 0.0707737 135.587
1890	1	2001.09	16432.2	16421	11.1358	435	117	149	2	0.0001 Colloc0 435 2196 0.00344271 151.798
1900	1	2011.24	16492.8	16481.7	11.1358	443	104	162	3	0.0001 Colloc0 443 2208 0.0258963 151.798
1910	1	2021.51	16517.2	16506.4	10.8278	450	121	145	4	0.0001 Colloc0 450 2216 0.0780476 133.618
1920	1	2031.55	16503.4	16491.9	11.4673	451	117	149	2	0.0001 Colloc0 451 2211 0.0137419 172.368
1930	1	2042.06	16484.1	16474	10.0864	443	118	148	4	0.0001 Colloc0 443 2197 0.216696 94.1455
1940	1	2052.17	16493.2	16482.3	10.914	439	121	145	3	0.0001 Colloc0 439 2203 0.0459068 138.61
1950	1	2062.67	16474.8	16464.3	10.5398	432	105	161	6	0.0001 Colloc0 432 2201 0.0769603 117.529
1960	1	2072.96	16462	16450.7	11.3459	432	126	140	1	0.0001 Colloc0 432 2206 0.00476473 164.717
1970	1	2083.13	16526.5	16515.7	10.7861	446	106	160	2	0.0001 Colloc0 446 2234 0.0461282 131.236
1980	1	2093.2	16557.8	16547	10.7984	444	108	158	5	0.0001 Colloc0 444 2209 0.127121 131.939
1990	1	2103.4	16669.4	16658.2	11.148	445	96	170	6	0.0001 Colloc0 445 2251 0.0309449 152.533
2000	1	2113.48	16517.2	16505.6	11.5699	446	121	145	3	0.0001 Colloc0 446 2213 0.0336136 178.929
