# D = 0, E = 1, I = 1, P = 1, R = -1, n = 2000, N = 1, P = 1, w = 1, a = 0.0001, b = 10000, e = 1, f = 1, g = 100, h = 0.01, r = 13411, s = 1, S = 0, x = 10, m = 100, Z = 1, z = 0, T = 1, t = 1
# 5901 tokens in 266 sentences
#
# It	Temp	Time	-logP	-logPcorpus	-logPrior	tables	same	changed	reject	default_pya	(parent pym pyn pya pyb)*
0	1	0.839872	23312.5	23198.7	113.764	1766	0	266	0	0.0001 Colloc0 1766 2537 0.0001 10000
10	1	12.3511	17747.2	17735.5	11.6867	513	56	210	4	0.0001 Colloc0 513 2365 0.0479394 186.498
20	1	22.6596	17270.2	17258.9	11.3171	461	85	181	5	0.0001 Colloc0 461 2408 0.00980463 162.925
30	1	33.4669	17330.7	17319.9	10.8188	460	73	193	9	0.0001 Colloc0 460 2387 0.0682374 133.104
40	1	44.1423	17108.9	17097.8	11.1258	472	93	173	4	0.0001 Colloc0 472 2341 0.100472 151.19
50	1	54.8057	16910.4	16899.7	10.7305	453	106	160	6	0.0001 Colloc0 453 2338 0.0827873 128.08
60	1	65.2551	16893.6	16882.6	10.954	446	96	170	5	0.0001 Colloc0 446 2321 0.104572 140.954
70	1	76.1554	16816.5	16805.4	11.1048	445	112	154	4	0.0001 Colloc0 445 2296 0.070602 149.922
80	1	86.9508	16806.4	16796.1	10.2877	458	95	171	5	0.0001 Colloc0 458 2282 0.220458 104.214
90	1	97.4092	16909.5	16898.5	11.0356	456	103	163	6	0.0001 Colloc0 456 2294 0.0488825 145.778
100	1	108.082	16850.5	16839.5	10.98	440	104	162	6	0.0001 Colloc0 440 2320 0.0800472 142.481
110	1	118.58	16870	16858.9	11.1133	438	103	163	4	0.0001 Colloc0 438 2321 0.0321724 150.436
120	1	129.218	16882.3	16871.7	10.6133	454	99	167	3	0.0001 Colloc0 454 2331 0.104359 121.549
130	1	139.86	16907.5	16896.4	11.1393	460	86	180	3	0.0001 Colloc0 460 2325 0.0840931 152.01
140	1	150.317	16902.1	16891.2	10.8714	429	94	172	3	0.0001 Colloc0 429 2361 0.0342507 136.138
150	1	161.114	16775.1	16764	11.0958	447	102	164	3	0.0001 Colloc0 447 2296 0.0492085 149.381
160	1	171.795	16892.7	16882.3	10.3685	456	106	160	2	0.0001 Colloc0 456 2328 0.158401 108.398
170	1	182.451	16793	16782	10.9683	427	108	158	1	0.0001 Colloc0 427 2310 0.0485678 141.795
180	1	193.081	16901.9	16890.7	11.1427	448	94	172	4	0.0001 Colloc0 448 2325 0.0216276 152.217
190	1	203.515	16706.8	16696.5	10.2631	437	105	161	2	0.0001 Colloc0 437 2306 0.149009 102.96
200	1	213.95	16753.8	16742.7	11.128	436	107	159	4	0.0001 Colloc0 436 2325 0.0242514 151.325
210	1	224.37	16772.4	16761.9	10.4857	444	95	171	1	0.0001 Colloc0 444 2299 0.14342 114.607
220	1	234.899	16809.3	16798.8	10.5543	454	99	167	4	0.0001 Colloc0 454 2301 0.168626 118.316
230	1	245.534	16686	16675.2	10.7655	439	103	163	7	0.0001 Colloc0 439 2290 0.0788407 130.063
240	1	256.308	16654.4	16644	10.3814	436	101	165	3	0.0001 Colloc0 436 2288 0.139567 109.073
250	1	266.794	16539.3	16529.1	10.2575	444	125	141	4	0.0001 Colloc0 444 2282 0.183343 102.673
260	1	277.473	16658.2	16648.1	10.0789	421	119	147	2	0.0001 Colloc0 421 2321 0.20155 93.7805
270	1	288.094	16689.1	16678.1	10.9894	444	103	163	3	0.0001 Colloc0 444 2284 0.0569732 143.036
280	1	298.909	16577.4	16567.2	10.1672	449	113	153	2	0.0001 Colloc0 449 2276 0.179975 98.1272
290	1	309.722	16584	16573.8	10.1906	441	103	163	6	0.0001 Colloc0 441 2295 0.14952 99.297
300	1	320.525	16635.2	16624.7	10.4128	450	102	164	3	0.0001 Colloc0 450 2268 0.127644 110.726
310	1	331.451	16716.9	16706.6	10.2961	432	105	161	4	0.0001 Colloc0 432 2309 0.160219 104.647
320	1	342.157	16719.2	16708.3	10.8883	444	91	175	2	0.0001 Colloc0 444 2311 0.076052 137.114
330	1	352.908	16557.6	16547.1	10.5092	430	103	163	4	0.0001 Colloc0 430 2290 0.119441 115.869
340	1	363.209	16557.2	16546.7	10.5306	430	112	154	4	0.0001 Colloc0 430 2301 0.0669342 117.026
350	1	373.593	16589.4	16579.1	10.2872	439	107	159	3	0.0001 Colloc0 439 2286 0.173146 104.189
360	1	384.072	16620.7	16610	10.7055	449	108	158	3	0.0001 Colloc0 449 2310 0.136253 126.674
370	1	394.375	16600.7	16590.1	10.6385	431	102	164	3	0.0001 Colloc0 431 2274 0.0823305 122.941
380	1	404.954	16648.3	16637.3	11.0147	456	99	167	3	0.0001 Colloc0 456 2276 0.0860771 144.535
390	1	415.514	16784.7	16773.4	11.3531	444	89	177	4	0.0001 Colloc0 444 2283 0.0286728 165.169
400	1	426.108	16679.6	16669.1	10.468	446	90	176	4	0.0001 Colloc0 446 2263 0.120124 113.661
410	1	436.797	16720.6	16710.2	10.3873	445	95	171	6	0.0001 Colloc0 445 2299 0.117175 109.383
420	1	447.508	16687.5	16676.8	10.7358	450	102	164	5	0.0001 Colloc0 450 2298 0.132806 128.379
430	1	458.01	16657.1	16646.7	10.4565	452	95	171	1	0.0001 Colloc0 452 2297 0.17589 113.044
440	1	468.665	16632.6	16621.5	11.0887	446	108	158	4	0.0001 Colloc0 446 2287 0.0780599 148.954
450	1	479.185	16738.1	16727.8	10.2922	459	97	169	2	0.0001 Colloc0 459 2282 0.170994 104.446
460	1	489.923	16675.8	16665.4	10.3576	436	110	156	5	0.0001 Colloc0 436 2304 0.182863 107.832
470	1	500.544	16587.4	16577.2	10.2802	444	101	165	6	0.0001 Colloc0 444 2259 0.167755 103.83
480	1	511.149	16579.2	16568.6	10.6097	442	109	157	3	0.0001 Colloc0 442 2266 0.10671 121.351
490	1	521.743	16530.9	16520.7	10.2853	438	110	156	2	0.0001 Colloc0 438 2271 0.173443 104.096
500	1	532.348	16541.2	16530.5	10.632	441	116	150	4	0.0001 Colloc0 441 2262 0.154122 122.578
510	1	542.862	16485	16474.4	10.5626	421	126	140	3	0.0001 Colloc0 421 2276 0.0796517 118.766
520	1	553.588	16577.7	16566.9	10.8205	433	119	147	0	0.0001 Colloc0 433 2295 0.0798533 133.201
530	1	564.196	16505.1	16494.2	10.8523	447	105	161	1	0.0001 Colloc0 447 2261 0.0911976 135.034
540	1	575.12	16421.6	16411.4	10.1612	457	111	155	4	0.0001 Colloc0 457 2248 0.198589 97.8299
550	1	585.901	16421.5	16411.3	10.1528	433	103	163	2	0.0001 Colloc0 433 2256 0.109649 97.4098
560	1	596.691	16514.8	16504	10.773	452	108	158	0	0.0001 Colloc0 452 2256 0.128235 130.491
570	1	607.272	16471.5	16461.2	10.2561	443	108	158	2	0.0001 Colloc0 443 2252 0.130805 102.604
580	1	617.776	16562.7	16552.3	10.3404	448	113	153	7	0.0001 Colloc0 448 2274 0.145239 106.937
590	1	628.134	16480.4	16469.7	10.6478	436	109	157	4	0.0001 Colloc0 436 2248 0.149974 123.456
600	1	638.812	16478	16467.3	10.7608	432	120	146	5	0.0001 Colloc0 432 2295 0.0485906 129.794
610	1	649.468	16398.8	16387.9	10.8913	433	120	146	2	0.0001 Colloc0 433 2254 0.0889257 137.288
620	1	659.95	16454.1	16443.9	10.2117	439	113	153	3	0.0001 Colloc0 439 2251 0.146388 100.355
630	1	670.602	16410	16399.3	10.7582	444	127	139	2	0.0001 Colloc0 444 2271 0.0821433 129.648
640	1	681.214	16484.4	16473.6	10.767	457	107	159	6	0.0001 Colloc0 457 2232 0.12812 130.147
650	1	692.143	16438.3	16427.5	10.7824	441	115	151	3	0.0001 Colloc0 441 2255 0.133095 131.027
660	1	702.591	16450.6	16440.6	9.96251	435	117	149	4	0.0001 Colloc0 435 2259 0.206215 88.2081
670	1	713.461	16392.1	16381.3	10.8102	443	113	153	4	0.0001 Colloc0 443 2238 0.0662747 132.613
680	1	724.084	16506.1	16495.3	10.8588	445	109	157	2	0.0001 Colloc0 445 2248 0.126141 135.408
690	1	734.636	16563.6	16553.1	10.4254	438	98	168	2	0.0001 Colloc0 438 2257 0.140154 111.392
700	1	745.372	16540.1	16528.9	11.2165	440	105	161	3	0.0001 Colloc0 440 2246 0.0809358 156.714
710	1	756.127	16603.6	16593.4	10.1467	454	102	164	4	0.0001 Colloc0 454 2236 0.214635 97.1079
720	1	766.76	16585.5	16574.9	10.5627	432	102	164	1	0.0001 Colloc0 432 2260 0.103787 118.775
730	1	777.416	16574.5	16564.1	10.3966	453	104	162	7	0.0001 Colloc0 453 2248 0.182625 109.872
740	1	788.043	16606	16595.8	10.2087	464	101	165	6	0.0001 Colloc0 464 2266 0.234001 100.202
750	1	798.579	16480.6	16470.2	10.4103	443	112	154	2	0.0001 Colloc0 443 2230 0.196423 110.595
760	1	808.958	16445.4	16434.5	10.9587	448	117	149	4	0.0001 Colloc0 448 2257 0.0836823 141.228
770	1	819.615	16407.2	16396.6	10.5674	436	107	159	2	0.0001 Colloc0 436 2229 0.131813 119.031
780	1	830.269	16512.2	16501.5	10.6611	440	106	160	3	0.0001 Colloc0 440 2235 0.101098 124.196
790	1	840.543	16549.1	16538.8	10.3193	448	106	160	4	0.0001 Colloc0 448 2227 0.162604 105.845
800	1	851.252	16511.4	16500.7	10.652	447	104	162	3	0.0001 Colloc0 447 2222 0.129588 123.686
810	1	861.912	16471.3	16460.6	10.7122	450	112	154	3	0.0001 Colloc0 450 2245 0.101665 127.051
820	1	872.626	16371.8	16361.7	10.1102	437	136	130	2	0.0001 Colloc0 437 2240 0.196977 95.3126
830	1	883.342	16491.8	16481.2	10.5223	443	104	162	0	0.0001 Colloc0 443 2267 0.162088 116.577
840	1	893.896	16588.1	16577.1	10.9583	449	107	159	3	0.0001 Colloc0 449 2246 0.0982286 141.205
850	1	904.641	16404.2	16394.2	10.0304	442	108	158	5	0.0001 Colloc0 442 2240 0.212421 91.4395
860	1	915.21	16377.3	16366.6	10.7051	438	120	146	3	0.0001 Colloc0 438 2215 0.0819317 126.653
870	1	925.727	16322.2	16311.8	10.4634	436	131	135	1	0.0001 Colloc0 436 2211 0.139304 113.414
880	1	936.102	16526.5	16515.9	10.6386	442	106	160	2	0.0001 Colloc0 442 2258 0.150644 122.945
890	1	946.301	16471.8	16461.5	10.3078	441	106	160	4	0.0001 Colloc0 441 2237 0.167942 105.249
900	1	956.882	16436.2	16425.6	10.6293	436	123	143	2	0.0001 Colloc0 436 2253 0.163268 122.429
910	1	967.423	16435	16424.6	10.4174	434	121	145	5	0.0001 Colloc0 434 2218 0.16882 110.971
920	1	978.182	16392.3	16382.2	10.1505	442	116	150	3	0.0001 Colloc0 442 2250 0.179682 97.295
930	1	988.952	16446.2	16435.1	11.1158	436	120	146	2	0.0001 Colloc0 436 2254 0.0513305 150.587
940	1	999.749	16461.4	16450.6	10.828	438	110	156	4	0.0001 Colloc0 438 2240 0.0728583 133.631
950	1	1010.35	16528.6	16518.2	10.4614	450	111	155	2	0.0001 Colloc0 450 2244 0.175265 113.307
960	1	1020.58	16455.9	16445.1	10.7453	435	115	151	4	0.0001 Colloc0 435 2230 0.0667971 128.918
970	1	1031.31	16475.7	16465.9	9.87868	436	114	152	3	0.0001 Colloc0 436 2237 0.225711 84.3052
980	1	1041.96	16416.6	16406.3	10.2499	445	108	158	4	0.0001 Colloc0 445 2216 0.170738 102.286
990	1	1052.8	16357.5	16347.3	10.2157	433	122	144	3	0.0001 Colloc0 433 2226 0.153766 100.558
1000	1	1063.31	16422.5	16412.1	10.3797	437	113	153	6	0.0001 Colloc0 437 2251 0.163593 108.985
1010	1	1074.06	16375.8	16365.7	10.1103	439	133	133	2	0.0001 Colloc0 439 2256 0.181131 95.3172
1020	1	1084.72	16305.7	16295.7	9.9833	439	133	133	4	0.0001 Colloc0 439 2248 0.183313 89.1905
1030	1	1095.6	16389.7	16379.7	9.93916	436	124	142	5	0.0001 Colloc0 436 2261 0.227342 87.1112
1040	1	1106.33	16295.1	16285	10.1025	430	117	149	3	0.0001 Colloc0 430 2267 0.189729 94.9312
1050	1	1116.78	16404.8	16394.2	10.6044	430	126	140	2	0.0001 Colloc0 430 2238 0.128787 121.059
1060	1	1127.61	16417.4	16406.6	10.7851	435	118	148	4	0.0001 Colloc0 435 2250 0.108448 131.179
1070	1	1138.27	16409.3	16398.6	10.6718	448	100	166	2	0.0001 Colloc0 448 2220 0.125744 124.787
1080	1	1148.86	16449.2	16438.6	10.6014	452	122	144	1	0.0001 Colloc0 452 2227 0.147536 120.891
1090	1	1159.55	16498.2	16487.9	10.3515	436	105	161	3	0.0001 Colloc0 436 2257 0.192509 107.515
1100	1	1170.06	16391.8	16381.3	10.5262	423	117	149	3	0.0001 Colloc0 423 2252 0.147146 116.79
1110	1	1180.51	16429.6	16419	10.6217	453	118	148	3	0.0001 Colloc0 453 2268 0.144059 122.012
1120	1	1190.84	16521	16510.4	10.5708	448	102	164	5	0.0001 Colloc0 448 2255 0.188438 119.214
1130	1	1201.67	16362.9	16351.7	11.2319	434	113	153	3	0.0001 Colloc0 434 2222 0.0316096 157.655
1140	1	1212.14	16249.7	16239.2	10.5593	442	138	128	5	0.0001 Colloc0 442 2218 0.158654 118.588
1150	1	1222.89	16333.6	16323.6	10.0423	439	134	132	3	0.0001 Colloc0 439 2217 0.192729 92.0108
1160	1	1233.74	16438.7	16427.7	11.0055	428	119	147	3	0.0001 Colloc0 428 2231 0.108983 143.992
1170	1	1244.57	16524.7	16515.1	9.56315	460	105	161	4	0.0001 Colloc0 460 2246 0.2886 70.4819
1180	1	1255.18	16419.2	16408.7	10.4978	438	117	149	4	0.0001 Colloc0 438 2237 0.156868 115.258
1190	1	1265.57	16242.2	16232.2	10.0357	420	138	128	3	0.0001 Colloc0 420 2205 0.178867 91.6901
1200	1	1276.13	16305.9	16295.5	10.3958	436	142	124	2	0.0001 Colloc0 436 2232 0.166704 109.83
1210	1	1286.7	16452	16441.9	10.14	448	113	153	6	0.0001 Colloc0 448 2222 0.268595 96.779
1220	1	1297.03	16371.5	16361.4	10.0474	439	122	144	5	0.0001 Colloc0 439 2253 0.225654 92.2551
1230	1	1307.79	16457.9	16447.5	10.4616	456	112	154	2	0.0001 Colloc0 456 2231 0.204859 113.32
1240	1	1318.17	16464.3	16453.8	10.4678	453	107	159	4	0.0001 Colloc0 453 2237 0.162359 113.647
1250	1	1328.78	16366	16355.2	10.8064	446	118	148	2	0.0001 Colloc0 446 2251 0.138828 132.395
1260	1	1339.77	16433.6	16423.4	10.1216	449	125	141	2	0.0001 Colloc0 449 2258 0.191588 95.8685
1270	1	1350.53	16372.6	16362	10.6082	445	124	142	2	0.0001 Colloc0 445 2261 0.157656 121.265
1280	1	1361.14	16611.6	16600.7	10.8591	446	102	164	4	0.0001 Colloc0 446 2263 0.112307 135.423
1290	1	1371.63	16474.8	16464.7	10.1866	439	113	153	1	0.0001 Colloc0 439 2235 0.170445 99.0948
1300	1	1382.23	16456.7	16446.1	10.596	435	103	163	4	0.0001 Colloc0 435 2253 0.155326 120.596
1310	1	1392.79	16436.1	16425.6	10.463	448	110	156	4	0.0001 Colloc0 448 2249 0.139679 113.392
1320	1	1403.07	16468.8	16457.8	10.9806	451	115	151	4	0.0001 Colloc0 451 2232 0.107729 142.521
1330	1	1413.96	16288.3	16278.1	10.2158	433	142	124	2	0.0001 Colloc0 433 2241 0.180854 100.559
1340	1	1424.98	16385.3	16375.6	9.70294	441	111	155	2	0.0001 Colloc0 441 2220 0.301976 76.4343
1350	1	1435.61	16392.1	16381.2	10.8939	445	121	145	3	0.0001 Colloc0 445 2231 0.0955217 137.438
1360	1	1446.46	16485.7	16474.6	11.1463	449	114	152	3	0.0001 Colloc0 449 2248 0.0371475 152.434
1370	1	1456.84	16390	16379	10.9652	442	114	152	2	0.0001 Colloc0 442 2240 0.0303243 141.61
1380	1	1467.23	16505.4	16494.2	11.2274	448	113	153	3	0.0001 Colloc0 448 2220 0.0591661 157.381
1390	1	1477.96	16464.9	16454.3	10.619	440	123	143	2	0.0001 Colloc0 440 2236 0.142822 121.861
1400	1	1488.74	16394.5	16384.2	10.2882	436	115	151	3	0.0001 Colloc0 436 2214 0.195276 104.241
1410	1	1499.36	16499.4	16489.2	10.17	453	110	156	2	0.0001 Colloc0 453 2218 0.192007 98.2645
1420	1	1509.93	16486.4	16475.7	10.7035	441	100	166	5	0.0001 Colloc0 441 2213 0.125963 126.564
1430	1	1520.21	16386.5	16375.5	11.0357	428	120	146	3	0.0001 Colloc0 428 2225 0.0714949 145.787
1440	1	1530.71	16537.9	16527.4	10.438	451	108	158	3	0.0001 Colloc0 451 2227 0.177134 112.059
1450	1	1541.59	16513.7	16503.2	10.5023	451	108	158	2	0.0001 Colloc0 451 2209 0.182001 115.499
1460	1	1552.52	16491.4	16481	10.4001	436	109	157	4	0.0001 Colloc0 436 2236 0.168847 110.058
1470	1	1563.3	16358.5	16347.9	10.657	430	118	148	3	0.0001 Colloc0 430 2232 0.097647 123.963
1480	1	1574.08	16483.1	16472.8	10.3048	461	114	152	6	0.0001 Colloc0 461 2241 0.209486 105.095
1490	1	1584.35	16531.9	16522.1	9.79176	462	102	164	2	0.0001 Colloc0 462 2239 0.273046 80.3591
1500	1	1594.88	16347.4	16337.3	10.1729	442	113	153	1	0.0001 Colloc0 442 2216 0.211994 98.4127
1510	1	1605.84	16425.9	16415.5	10.3349	436	113	153	2	0.0001 Colloc0 436 2207 0.205899 106.649
1520	1	1616.49	16480.5	16470.4	10.0866	462	112	154	1	0.0001 Colloc0 462 2225 0.225313 94.1582
1530	1	1627.22	16369.6	16359.6	10.0612	440	124	142	4	0.0001 Colloc0 440 2210 0.239516 92.9219
1540	1	1637.65	16370.6	16360.2	10.407	441	116	150	2	0.0001 Colloc0 441 2245 0.143531 110.419
1550	1	1648.26	16280.4	16270.4	10.0785	443	116	150	2	0.0001 Colloc0 443 2227 0.210983 93.7631
1560	1	1659.11	16358.2	16348.2	9.96271	440	119	147	3	0.0001 Colloc0 440 2228 0.210311 88.2173
1570	1	1669.57	16462.3	16452.2	10.087	459	111	155	2	0.0001 Colloc0 459 2268 0.17289 94.1766
1580	1	1680.45	16513.6	16502.9	10.6802	450	107	159	1	0.0001 Colloc0 450 2235 0.112647 125.258
1590	1	1691.27	16491	16480.4	10.6045	463	112	154	3	0.0001 Colloc0 463 2231 0.202397 121.065
1600	1	1702.13	16488.9	16478.2	10.6949	437	102	164	1	0.0001 Colloc0 437 2251 0.104386 126.081
1610	1	1712.85	16424.8	16414.5	10.2936	449	110	156	5	0.0001 Colloc0 449 2222 0.182818 104.517
1620	1	1723.66	16397.7	16387.5	10.1763	435	118	148	0	0.0001 Colloc0 435 2216 0.238905 98.581
1630	1	1734.35	16309.9	16299.8	10.0204	422	123	143	1	0.0001 Colloc0 422 2172 0.248088 90.9587
1640	1	1744.82	16385	16375.5	9.4818	459	122	144	3	0.0001 Colloc0 459 2217 0.330235 67.1462
1650	1	1755.78	16334.6	16324.1	10.5491	433	118	148	5	0.0001 Colloc0 433 2195 0.162297 118.031
1660	1	1766.52	16415.2	16404	11.1873	434	114	152	4	0.0001 Colloc0 434 2237 0.0409374 154.925
1670	1	1777.2	16306.1	16295.7	10.3998	441	111	155	6	0.0001 Colloc0 441 2188 0.19953 110.04
1680	1	1787.99	16271.9	16261.6	10.3423	434	118	148	1	0.0001 Colloc0 434 2207 0.21085 107.036
1690	1	1798.59	16325.7	16315.4	10.302	432	126	140	2	0.0001 Colloc0 432 2222 0.183436 104.951
1700	1	1809.25	16436.3	16426.4	9.8986	451	102	164	4	0.0001 Colloc0 451 2221 0.209998 85.224
1710	1	1819.77	16283.9	16273.7	10.2076	425	119	147	0	0.0001 Colloc0 425 2202 0.178087 100.148
1720	1	1830.32	16374	16363.7	10.2408	435	121	145	5	0.0001 Colloc0 435 2231 0.109296 101.825
1730	1	1840.97	16309.6	16299.4	10.2824	435	118	148	1	0.0001 Colloc0 435 2195 0.207468 103.945
1740	1	1851.58	16299.9	16289.3	10.6375	448	126	140	5	0.0001 Colloc0 448 2215 0.174658 122.884
1750	1	1862.38	16267.5	16257.6	9.96991	428	131	135	0	0.0001 Colloc0 428 2215 0.24344 88.557
1760	1	1873.1	16253	16243.2	9.84266	445	141	125	3	0.0001 Colloc0 445 2212 0.288996 82.6571
1770	1	1883.97	16289.1	16278.4	10.7207	452	125	141	4	0.0001 Colloc0 452 2186 0.143512 127.528
1780	1	1894.48	16394.2	16383.5	10.7029	460	111	155	0	0.0001 Colloc0 460 2220 0.158229 126.528
1790	1	1904.81	16316.4	16305.4	10.9852	449	120	146	0	0.0001 Colloc0 449 2177 0.052718 142.79
1800	1	1915.51	16384.9	16374.1	10.7638	441	109	157	1	0.0001 Colloc0 441 2192 0.122085 129.966
1810	1	1926.37	16359.8	16349.3	10.5365	452	119	147	3	0.0001 Colloc0 452 2190 0.167548 117.35
1820	1	1937.09	16272.6	16262.2	10.4017	437	120	146	2	0.0001 Colloc0 437 2187 0.200155 110.139
1830	1	1947.61	16352.8	16342.3	10.5209	465	118	148	3	0.0001 Colloc0 465 2203 0.178614 116.5
1840	1	1958.2	16312.9	16302.6	10.2646	445	124	142	1	0.0001 Colloc0 445 2197 0.207151 103.036
1850	1	1968.81	16181.5	16170.5	11.0335	437	140	126	2	0.0001 Colloc0 437 2185 0.124133 145.652
1860	1	1979.3	16247.3	16236.9	10.4533	429	133	133	1	0.0001 Colloc0 429 2212 0.173233 112.876
1870	1	1989.8	16352.4	16342.5	9.90746	453	127	139	2	0.0001 Colloc0 453 2226 0.259521 85.6345
1880	1	2000.3	16416.1	16405.2	10.9225	458	113	153	7	0.0001 Colloc0 458 2213 0.0901607 139.108
1890	1	2010.98	16459.5	16449	10.4965	473	104	162	4	0.0001 Colloc0 473 2194 0.237 115.185
1900	1	2021.77	16279.5	16269	10.5045	472	118	148	2	0.0001 Colloc0 472 2176 0.243699 115.617
1910	1	2032.56	16240.1	16229.6	10.5203	441	147	119	1	0.0001 Colloc0 441 2205 0.151393 116.47
1920	1	2043.02	16219.7	16209.3	10.4792	430	131	135	1	0.0001 Colloc0 430 2211 0.146375 114.258
1930	1	2053.44	16282.4	16272	10.4307	449	131	135	4	0.0001 Colloc0 449 2221 0.111784 111.674
1940	1	2063.98	16305.7	16295.4	10.2181	441	120	146	2	0.0001 Colloc0 441 2197 0.134986 100.678
1950	1	2074.52	16401.4	16390.6	10.7457	442	110	156	3	0.0001 Colloc0 442 2212 0.09683 128.94
1960	1	2084.81	16216.1	16205.5	10.5919	431	130	136	3	0.0001 Colloc0 431 2203 0.0980645 120.369
1970	1	2095.16	16292.8	16283.4	9.47532	434	134	132	2	0.0001 Colloc0 434 2222 0.232694 66.8846
1980	1	2105.26	16316.2	16305.8	10.4023	420	131	135	6	0.0001 Colloc0 420 2214 0.130094 110.173
1990	1	2115.39	16397.6	16386.8	10.7638	446	104	162	4	0.0001 Colloc0 446 2217 0.151315 129.965
2000	1	2125.45	16304	16293.3	10.7097	439	135	131	2	0.0001 Colloc0 439 2204 0.143437 126.911
