# D = 0, E = 1, I = 1, P = 1, R = -1, n = 2000, N = 1, P = 1, w = 1, a = 0.0001, b = 10000, e = 1, f = 1, g = 100, h = 0.01, r = 32191, s = 1, S = 0, x = 10, m = 100, Z = 1, z = 0, T = 1, t = 1
# 5901 tokens in 266 sentences
#
# It	Temp	Time	-logP	-logPcorpus	-logPrior	tables	same	changed	reject	default_pya	(parent pym pyn pya pyb)*
0	1	0.802877	22470.7	22356.9	113.764	1339	0	266	0	0.0001 Colloc0 1339 2005 0.0001 10000
10	1	12.3381	17807.8	17795.8	11.9936	541	56	210	4	0.0001 Colloc0 541 2353 0.0457649 206.909
20	1	23.3514	17454	17442.7	11.2765	494	67	199	2	0.0001 Colloc0 494 2336 0.0500527 160.406
30	1	33.7359	16970.1	16959.7	10.4766	455	98	168	3	0.0001 Colloc0 455 2307 0.169111 114.119
40	1	43.7803	17082.2	17071	11.1604	466	89	177	5	0.0001 Colloc0 466 2348 0.0505236 153.285
50	1	54.5397	16840	16829	11.0452	451	100	166	2	0.0001 Colloc0 451 2305 0.0649981 146.35
60	1	65.496	16909.8	16898.9	10.9165	476	105	161	3	0.0001 Colloc0 476 2318 0.139108 138.759
70	1	76.1204	16777.4	16766.3	11.05	447	111	155	3	0.0001 Colloc0 447 2314 0.0625221 146.636
80	1	86.9168	16758.9	16747.6	11.3474	459	105	161	4	0.0001 Colloc0 459 2265 0.0779931 164.814
90	1	97.5802	16731.4	16720.4	11.0165	467	121	145	3	0.0001 Colloc0 467 2243 0.10164 144.646
100	1	108.176	16876.4	16865.4	11.0165	467	96	170	2	0.0001 Colloc0 467 2290 0.0978879 144.647
110	1	118.857	16812.9	16802	10.8643	460	97	169	2	0.0001 Colloc0 460 2255 0.100239 135.723
120	1	129.329	16837.4	16826.7	10.6714	460	96	170	5	0.0001 Colloc0 460 2282 0.163522 124.769
130	1	139.603	16834.4	16823.7	10.7404	464	102	164	1	0.0001 Colloc0 464 2288 0.120665 128.643
140	1	149.915	16843.6	16832.6	10.9944	453	100	166	4	0.0001 Colloc0 453 2301 0.0465038 143.333
150	1	160.798	16834.5	16823.4	11.0711	470	89	177	3	0.0001 Colloc0 470 2227 0.113827 147.898
160	1	171.515	16791.6	16781.1	10.4316	468	96	170	2	0.0001 Colloc0 468 2245 0.183945 111.722
170	1	182.223	16741.1	16729.7	11.446	455	104	162	6	0.0001 Colloc0 455 2298 0.0306067 171.012
180	1	192.939	16735	16723.7	11.3312	454	104	162	4	0.0001 Colloc0 454 2277 0.0422224 163.802
190	1	202.997	16758.9	16748	10.8343	457	102	164	6	0.0001 Colloc0 457 2253 0.122807 133.994
200	1	213.635	16876.6	16866.1	10.508	473	93	173	2	0.0001 Colloc0 473 2248 0.174871 115.805
210	1	224.64	16769.2	16758.6	10.6276	464	91	175	2	0.0001 Colloc0 464 2268 0.184778 122.336
220	1	235.444	16661.9	16651.2	10.7323	445	109	157	2	0.0001 Colloc0 445 2262 0.0870751 128.182
230	1	246.045	16705.2	16694.6	10.5617	455	102	164	0	0.0001 Colloc0 455 2266 0.104323 118.721
240	1	256.076	16698.5	16687.8	10.7511	454	106	160	1	0.0001 Colloc0 454 2267 0.153417 129.245
250	1	266.016	16686.2	16674.9	11.286	459	99	167	2	0.0001 Colloc0 459 2245 0.0679523 160.991
260	1	276.9	16770.1	16758.9	11.1377	463	112	154	3	0.0001 Colloc0 463 2263 0.0892645 151.909
270	1	287.559	16567.1	16556.3	10.7682	469	108	158	3	0.0001 Colloc0 469 2236 0.117971 130.219
280	1	298.053	16728.8	16717.8	11.0248	459	103	163	1	0.0001 Colloc0 459 2250 0.0514463 145.138
290	1	308.908	16538.5	16528	10.5014	450	122	144	2	0.0001 Colloc0 450 2233 0.120201 115.449
300	1	319.674	16685.7	16675.2	10.4811	460	107	159	2	0.0001 Colloc0 460 2229 0.162519 114.359
310	1	330.579	16613.8	16602.4	11.3807	461	124	142	1	0.0001 Colloc0 461 2250 0.0448973 166.896
320	1	341.369	16486	16474.9	11.1498	440	114	152	0	0.0001 Colloc0 440 2238 0.0654276 152.644
330	1	352.117	16700.1	16688.8	11.2843	461	106	160	4	0.0001 Colloc0 461 2265 0.0285747 160.887
340	1	362.787	16716.4	16705.6	10.8706	470	104	162	5	0.0001 Colloc0 470 2248 0.108394 136.088
350	1	373.447	16662.9	16651.7	11.1583	455	102	164	2	0.0001 Colloc0 455 2245 0.0419809 153.163
360	1	384.241	16724.5	16713	11.4326	440	98	168	6	0.0001 Colloc0 440 2248 0.00729661 170.169
370	1	395.042	16709.8	16699	10.7341	447	109	157	3	0.0001 Colloc0 447 2271 0.11283 128.288
380	1	405.189	16612.6	16601.4	11.1733	435	108	158	2	0.0001 Colloc0 435 2264 0.0430296 154.07
390	1	415.926	16713.8	16703	10.7817	461	97	169	5	0.0001 Colloc0 461 2273 0.108506 130.984
400	1	426.612	16708.9	16697.6	11.2786	445	111	155	3	0.0001 Colloc0 445 2281 0.0169236 160.534
410	1	437.48	16666.3	16656.4	9.96567	450	107	159	2	0.0001 Colloc0 450 2255 0.19962 88.3568
420	1	448.555	16603.4	16592.4	11.0555	451	111	155	5	0.0001 Colloc0 451 2257 0.084308 146.969
430	1	459.446	16515.1	16504.5	10.5378	445	123	143	1	0.0001 Colloc0 445 2255 0.132013 117.42
440	1	470.224	16607.9	16597.2	10.7541	461	127	139	2	0.0001 Colloc0 461 2260 0.138083 129.415
450	1	481.232	16597.4	16586.5	10.8845	440	102	164	3	0.0001 Colloc0 440 2237 0.0905729 136.895
460	1	491.902	16688.2	16676.4	11.7478	456	84	182	1	0.0001 Colloc0 456 2231 0.0255591 190.505
470	1	502.457	16602.2	16591.5	10.6329	457	110	156	5	0.0001 Colloc0 457 2230 0.117056 122.631
480	1	513.126	16667.9	16657	10.8411	447	100	166	3	0.0001 Colloc0 447 2237 0.0887883 134.388
490	1	523.89	16685.6	16674.5	11.0545	455	100	166	3	0.0001 Colloc0 455 2275 0.0697237 146.906
500	1	534.225	16611.9	16601.2	10.7638	445	108	158	1	0.0001 Colloc0 445 2244 0.0813694 129.967
510	1	544.207	16545.2	16534.6	10.6359	461	108	158	1	0.0001 Colloc0 461 2226 0.206805 122.797
520	1	554.332	16618.3	16607.1	11.2267	451	104	162	3	0.0001 Colloc0 451 2257 0.0359084 157.334
530	1	565.195	16601.2	16590.2	11.0486	453	119	147	2	0.0001 Colloc0 453 2246 0.137564 146.554
540	1	575.893	16537.2	16525.9	11.2983	446	111	155	6	0.0001 Colloc0 446 2247 0.0422561 161.756
550	1	586.61	16607.6	16596.5	11.1266	451	109	157	6	0.0001 Colloc0 451 2249 0.02167 151.241
560	1	597.423	16483.1	16472.5	10.6236	448	116	150	4	0.0001 Colloc0 448 2212 0.0888436 122.113
570	1	608.159	16508.4	16497.8	10.605	442	110	156	2	0.0001 Colloc0 442 2248 0.111904 121.089
580	1	618.942	16628.4	16617	11.3728	452	103	163	1	0.0001 Colloc0 452 2256 0.0150258 166.4
590	1	629.482	16693.9	16683.1	10.7778	456	103	163	3	0.0001 Colloc0 456 2250 0.13935 130.763
600	1	640.327	16615.4	16604.6	10.8132	454	104	162	3	0.0001 Colloc0 454 2257 0.0828293 132.786
610	1	651.053	16607.8	16597.3	10.5234	457	109	157	3	0.0001 Colloc0 457 2265 0.137495 116.639
620	1	661.919	16672.6	16662.4	10.2231	453	97	169	2	0.0001 Colloc0 453 2254 0.194461 100.928
630	1	672.777	16625.2	16614.8	10.396	452	101	165	4	0.0001 Colloc0 452 2229 0.146156 109.84
640	1	683.526	16606.4	16595.8	10.6046	441	105	161	1	0.0001 Colloc0 441 2245 0.0909833 121.067
650	1	694.429	16537.4	16526.3	11.1391	457	108	158	3	0.0001 Colloc0 457 2242 0.0298721 151.998
660	1	705.251	16609.6	16598.6	10.9739	458	109	157	2	0.0001 Colloc0 458 2230 0.111681 142.126
670	1	716.19	16650	16638.8	11.236	449	104	162	3	0.0001 Colloc0 449 2249 0.0610765 157.906
680	1	726.874	16564.7	16553.8	10.827	441	114	152	2	0.0001 Colloc0 441 2228 0.114838 133.575
690	1	737.653	16500.4	16490.1	10.2488	443	112	154	5	0.0001 Colloc0 443 2222 0.184959 102.232
700	1	748.223	16689.9	16678.8	11.0426	453	98	168	2	0.0001 Colloc0 453 2226 0.091663 146.196
710	1	758.844	16529.2	16518.3	10.9089	439	110	156	3	0.0001 Colloc0 439 2247 0.0773912 138.317
720	1	769.552	16296.7	16286.6	10.0843	429	122	144	3	0.0001 Colloc0 429 2215 0.169761 94.0429
730	1	780.056	16556.8	16546.3	10.5158	460	103	163	4	0.0001 Colloc0 460 2242 0.183085 116.229
740	1	790.822	16463	16452.1	10.9391	449	122	144	3	0.0001 Colloc0 449 2233 0.0933034 140.078
750	1	801.856	16471	16460.4	10.6294	432	112	154	4	0.0001 Colloc0 432 2224 0.105072 122.435
760	1	812.656	16410.5	16399.6	10.836	428	129	137	0	0.0001 Colloc0 428 2229 0.103665 134.091
770	1	823.581	16464.2	16453.4	10.81	449	111	155	2	0.0001 Colloc0 449 2220 0.123048 132.599
780	1	834.008	16522.3	16512.1	10.2413	456	112	154	2	0.0001 Colloc0 456 2242 0.18257 101.849
790	1	844.266	16467.3	16457.6	9.77554	441	119	147	0	0.0001 Colloc0 441 2243 0.228052 79.6341
800	1	855.096	16466.6	16456.2	10.4069	441	114	152	2	0.0001 Colloc0 441 2230 0.183576 110.415
810	1	866.059	16506.7	16495.6	11.1202	441	109	157	2	0.0001 Colloc0 441 2239 0.0374898 150.851
820	1	876.782	16588.9	16578.2	10.639	439	100	166	1	0.0001 Colloc0 439 2227 0.164326 122.967
830	1	887.677	16345.6	16335.6	10.0272	430	123	143	0	0.0001 Colloc0 430 2249 0.216399 91.282
840	1	898.463	16318.8	16308.4	10.3591	432	133	133	2	0.0001 Colloc0 432 2248 0.148682 107.908
850	1	909.471	16301.1	16291	10.0042	423	129	137	1	0.0001 Colloc0 423 2242 0.229208 90.1847
860	1	919.63	16436.9	16426.6	10.2762	438	122	144	1	0.0001 Colloc0 438 2246 0.215353 103.63
870	1	929.851	16330.4	16319.9	10.5113	429	134	132	2	0.0001 Colloc0 429 2243 0.158211 115.986
880	1	940.217	16353.5	16343.4	10.049	432	133	133	3	0.0001 Colloc0 432 2254 0.206113 92.3336
890	1	951.018	16404.7	16394.3	10.3641	422	122	144	2	0.0001 Colloc0 422 2268 0.179635 108.172
900	1	961.924	16499.5	16489	10.4987	443	102	164	3	0.0001 Colloc0 443 2274 0.158431 115.305
910	1	972.683	16533.8	16523.8	9.98051	438	94	172	4	0.0001 Colloc0 438 2261 0.232683 89.0584
920	1	983.403	16428.2	16417.6	10.5741	431	100	166	3	0.0001 Colloc0 431 2272 0.0922967 119.398
930	1	994.135	16326.2	16316.3	9.90388	439	133	133	2	0.0001 Colloc0 439 2268 0.222047 85.4685
940	1	1004.96	16344.3	16333.4	10.8668	428	124	142	4	0.0001 Colloc0 428 2253 0.0712214 135.87
950	1	1015.81	16263.7	16254.2	9.48516	424	138	128	4	0.0001 Colloc0 424 2206 0.257529 67.282
960	1	1026.71	16407.3	16396.8	10.4222	434	126	140	2	0.0001 Colloc0 434 2256 0.120863 111.223
970	1	1037.63	16339.6	16329.6	9.96744	433	130	136	4	0.0001 Colloc0 433 2228 0.211974 88.4405
980	1	1048.32	16344.1	16334	10.0307	425	129	137	4	0.0001 Colloc0 425 2221 0.239458 91.454
990	1	1059.03	16502.5	16492.3	10.2764	435	97	169	2	0.0001 Colloc0 435 2235 0.125653 103.639
1000	1	1069.66	16433.2	16422.8	10.4308	437	114	152	5	0.0001 Colloc0 437 2242 0.192216 111.678
1010	1	1080.65	16415.3	16405.8	9.47918	433	113	153	4	0.0001 Colloc0 433 2237 0.300919 67.0405
1020	1	1091.55	16422.6	16411.9	10.6175	443	117	149	6	0.0001 Colloc0 443 2254 0.14974 121.778
1030	1	1102.3	16300.1	16290.1	10.0414	431	134	132	2	0.0001 Colloc0 431 2243 0.193301 91.9659
1040	1	1113.2	16278.5	16269	9.55805	443	119	147	0	0.0001 Colloc0 443 2222 0.266193 70.27
1050	1	1124.11	16298.1	16288.3	9.77654	436	124	142	2	0.0001 Colloc0 436 2212 0.232684 79.6787
1060	1	1134.87	16309.8	16299.3	10.5558	437	125	141	2	0.0001 Colloc0 437 2216 0.155996 118.395
1070	1	1145.26	16406.3	16396.5	9.8161	425	120	146	5	0.0001 Colloc0 425 2238 0.245668 81.4535
1080	1	1155.85	16374.3	16363.7	10.5909	436	119	147	3	0.0001 Colloc0 436 2231 0.141861 120.315
1090	1	1166.07	16348.2	16337.5	10.7275	429	110	156	2	0.0001 Colloc0 429 2238 0.137657 127.911
1100	1	1176.45	16526.6	16516.3	10.3028	444	103	163	4	0.0001 Colloc0 444 2244 0.19403 104.992
1110	1	1187.28	16386.4	16376.3	10.1525	447	108	158	4	0.0001 Colloc0 447 2237 0.184948 97.3961
1120	1	1197.88	16359.3	16348.1	11.1953	440	110	156	5	0.0001 Colloc0 440 2226 0.0348258 155.411
1130	1	1208.8	16424.4	16414.5	9.83037	443	105	161	2	0.0001 Colloc0 443 2238 0.278016 82.0991
1140	1	1219.07	16325.5	16315.5	10.0259	418	119	147	1	0.0001 Colloc0 418 2223 0.175325 91.2214
1150	1	1229.97	16477.6	16467	10.5648	444	109	157	3	0.0001 Colloc0 444 2230 0.132837 118.887
1160	1	1240.74	16410.6	16400.3	10.3285	441	109	157	4	0.0001 Colloc0 441 2236 0.188061 106.319
1170	1	1251.37	16357.9	16347.9	10.0351	437	126	140	3	0.0001 Colloc0 437 2210 0.212891 91.6643
1180	1	1262.12	16408	16397.3	10.7124	439	109	157	1	0.0001 Colloc0 439 2235 0.0903881 127.061
1190	1	1272.97	16453.1	16442.6	10.4991	444	111	155	1	0.0001 Colloc0 444 2218 0.189155 115.326
1200	1	1283.88	16376.2	16366	10.2105	441	110	156	1	0.0001 Colloc0 441 2193 0.185127 100.296
1210	1	1294.82	16408.1	16397.8	10.2205	428	122	144	1	0.0001 Colloc0 428 2209 0.167714 100.797
1220	1	1305.66	16396.8	16386.9	9.9069	442	121	145	2	0.0001 Colloc0 442 2226 0.236153 85.6083
1230	1	1316.51	16359.6	16349.1	10.4564	443	117	149	0	0.0001 Colloc0 443 2204 0.133858 113.038
1240	1	1327.23	16481.2	16470.5	10.6968	457	113	153	3	0.0001 Colloc0 457 2216 0.167766 126.185
1250	1	1338.08	16373.6	16362.8	10.7978	444	116	150	3	0.0001 Colloc0 444 2205 0.0715308 131.9
1260	1	1348.26	16315.8	16305.8	10.0153	438	128	138	2	0.0001 Colloc0 438 2210 0.178028 90.7151
1270	1	1358.38	16417.8	16407.6	10.2535	447	128	138	1	0.0001 Colloc0 447 2210 0.21156 102.47
1280	1	1368.55	16405.9	16395.8	10.0409	438	112	154	1	0.0001 Colloc0 438 2215 0.199186 91.9402
1290	1	1378.68	16394	16383.2	10.7953	436	121	145	2	0.0001 Colloc0 436 2211 0.0548282 131.759
1300	1	1388.85	16383.3	16372.7	10.5496	451	112	154	3	0.0001 Colloc0 451 2201 0.145058 118.062
1310	1	1399.02	16297.2	16287.5	9.67724	426	119	147	3	0.0001 Colloc0 426 2203 0.244448 75.319
1320	1	1409.89	16371.6	16361.4	10.208	443	123	143	2	0.0001 Colloc0 443 2236 0.182798 100.168
1330	1	1420.49	16329.2	16319.2	10.0257	431	114	152	2	0.0001 Colloc0 431 2239 0.245414 91.2112
1340	1	1430.76	16444.2	16434.2	10.0084	440	115	151	3	0.0001 Colloc0 440 2219 0.195068 90.3845
1350	1	1441.41	16381.3	16370.6	10.7208	430	113	153	3	0.0001 Colloc0 430 2227 0.10377 127.534
1360	1	1451.64	16409.7	16399.7	9.98706	446	125	141	2	0.0001 Colloc0 446 2245 0.171509 89.3686
1370	1	1462.58	16339.3	16329.3	9.95036	440	121	145	3	0.0001 Colloc0 440 2198 0.223574 87.6364
1380	1	1472.92	16445.6	16435	10.596	442	109	157	3	0.0001 Colloc0 442 2205 0.127634 120.598
1390	1	1483.76	16469.2	16458.6	10.6189	442	101	165	3	0.0001 Colloc0 442 2206 0.153892 121.856
1400	1	1493.89	16469.1	16458.2	10.8497	439	110	156	3	0.0001 Colloc0 439 2227 0.13192 134.88
1410	1	1504.08	16428.6	16417.9	10.7927	462	114	152	2	0.0001 Colloc0 462 2232 0.167944 131.611
1420	1	1514.77	16389.3	16378.5	10.7934	430	115	151	2	0.0001 Colloc0 430 2235 0.0841736 131.649
1430	1	1525.45	16452	16441.7	10.2973	437	113	153	2	0.0001 Colloc0 437 2213 0.168888 104.711
1440	1	1535.44	16352.5	16341.8	10.6049	441	115	151	3	0.0001 Colloc0 441 2229 0.128803 121.082
1450	1	1545.45	16335	16324.1	10.893	432	121	145	3	0.0001 Colloc0 432 2214 0.0955727 137.391
1460	1	1555.51	16445.5	16434.6	10.8942	437	117	149	5	0.0001 Colloc0 437 2223 0.0634369 137.456
1470	1	1565.7	16417.6	16407.1	10.5606	446	121	145	6	0.0001 Colloc0 446 2225 0.132199 118.658
1480	1	1576.17	16409.3	16398.5	10.7579	435	112	154	4	0.0001 Colloc0 435 2235 0.107244 129.629
1490	1	1586.11	16349.1	16338.6	10.4655	436	114	152	5	0.0001 Colloc0 436 2197 0.129943 113.524
1500	1	1596.37	16471	16460.9	10.125	439	105	161	1	0.0001 Colloc0 439 2218 0.180413 96.0398
1510	1	1606.51	16420.5	16410.6	9.9391	443	113	153	2	0.0001 Colloc0 443 2225 0.24301 87.1084
1520	1	1616.82	16335.2	16324.3	10.9039	427	119	147	2	0.0001 Colloc0 427 2215 0.120619 138.02
1530	1	1627.44	16424.7	16413.5	11.1409	438	119	147	4	0.0001 Colloc0 438 2207 0.046516 152.103
1540	1	1638.16	16339.6	16329.2	10.4081	439	127	139	4	0.0001 Colloc0 439 2219 0.165453 110.478
1550	1	1648.98	16355.7	16345.5	10.1978	437	108	158	6	0.0001 Colloc0 437 2233 0.177571 99.6565
1560	1	1659.86	16307.9	16297.2	10.6714	448	127	139	3	0.0001 Colloc0 448 2232 0.16307 124.77
1570	1	1670.54	16271.7	16261.3	10.451	435	118	148	4	0.0001 Colloc0 435 2203 0.114723 112.751
1580	1	1680.94	16315.5	16305.2	10.296	434	111	155	3	0.0001 Colloc0 434 2194 0.193452 104.643
1590	1	1691.93	16407.5	16397.1	10.372	450	103	163	2	0.0001 Colloc0 450 2234 0.187545 108.581
1600	1	1702.73	16342.3	16331.6	10.716	438	116	150	3	0.0001 Colloc0 438 2214 0.171277 127.265
1610	1	1713.62	16400.8	16390	10.7684	437	111	155	2	0.0001 Colloc0 437 2209 0.121668 130.226
1620	1	1724.41	16253.4	16243.1	10.2585	431	125	141	3	0.0001 Colloc0 431 2231 0.19678 102.724
1630	1	1734.58	16335	16324.4	10.6693	419	116	150	4	0.0001 Colloc0 419 2199 0.0969111 124.648
1640	1	1745.31	16438.9	16428.3	10.6638	450	118	148	3	0.0001 Colloc0 450 2203 0.142053 124.347
1650	1	1756.17	16332.8	16322.1	10.7767	437	122	144	5	0.0001 Colloc0 437 2208 0.0808354 130.701
1660	1	1767.04	16309.7	16299.1	10.5829	427	131	135	2	0.0001 Colloc0 427 2221 0.131279 119.875
1670	1	1777.8	16369.1	16358.2	10.8963	444	121	145	3	0.0001 Colloc0 444 2195 0.11397 137.583
1680	1	1788.33	16333.8	16323.3	10.5088	449	123	143	1	0.0001 Colloc0 449 2193 0.150383 115.849
1690	1	1798.83	16378.4	16367.8	10.5624	438	130	136	3	0.0001 Colloc0 438 2209 0.145643 118.755
1700	1	1809.58	16353.3	16343	10.3408	426	116	150	7	0.0001 Colloc0 426 2224 0.166266 106.956
1710	1	1820.29	16367.5	16356.7	10.778	433	117	149	3	0.0001 Colloc0 433 2213 0.0823459 130.776
1720	1	1831.01	16369.6	16358.9	10.6849	431	104	162	5	0.0001 Colloc0 431 2208 0.101106 125.521
1730	1	1841.69	16486.1	16475	11.1327	432	107	159	4	0.0001 Colloc0 432 2197 0.0288922 151.61
1740	1	1852.05	16434.8	16424.8	9.96509	445	116	150	0	0.0001 Colloc0 445 2210 0.243753 88.3297
1750	1	1862.43	16439	16428.9	10.0964	446	109	157	0	0.0001 Colloc0 446 2202 0.175518 94.6353
1760	1	1872.96	16335.8	16325.8	9.92828	436	125	141	1	0.0001 Colloc0 436 2210 0.227507 86.603
1770	1	1883.7	16368	16357.2	10.7263	433	118	148	3	0.0001 Colloc0 433 2208 0.078652 127.844
1780	1	1894.03	16416.3	16405.4	10.8894	437	112	154	2	0.0001 Colloc0 437 2220 0.0682956 137.179
1790	1	1904.5	16303.5	16292.9	10.5762	432	124	142	2	0.0001 Colloc0 432 2207 0.128922 119.509
1800	1	1914.96	16381.9	16371.3	10.6251	443	116	150	3	0.0001 Colloc0 443 2210 0.148393 122.199
1810	1	1925.39	16424.8	16414.3	10.4757	442	118	148	1	0.0001 Colloc0 442 2221 0.196314 114.072
1820	1	1936.11	16346.7	16336.4	10.3697	447	126	140	1	0.0001 Colloc0 447 2222 0.178616 108.462
1830	1	1947.02	16374.2	16364.1	10.1403	440	127	139	5	0.0001 Colloc0 440 2233 0.188684 96.7931
1840	1	1957.71	16243.3	16233.2	10.1445	432	145	121	1	0.0001 Colloc0 432 2227 0.196699 97.0002
1850	1	1968.41	16322.8	16311.8	11.0118	442	129	137	4	0.0001 Colloc0 442 2224 0.0951666 144.365
1860	1	1978.99	16346.3	16335.2	11.0517	427	119	147	1	0.0001 Colloc0 427 2222 0.0319285 146.741
1870	1	1989.12	16181.5	16171.5	9.96396	410	145	121	2	0.0001 Colloc0 410 2199 0.124924 88.2763
1880	1	1999.61	16369.2	16358.4	10.7567	436	117	149	2	0.0001 Colloc0 436 2222 0.0872787 129.564
1890	1	2010.19	16382.9	16372	10.9041	432	112	154	3	0.0001 Colloc0 432 2210 0.0710206 138.034
1900	1	2020.97	16216.5	16206.2	10.2988	430	137	129	2	0.0001 Colloc0 430 2202 0.168021 104.785
1910	1	2031.49	16287.4	16277.1	10.3185	436	134	132	3	0.0001 Colloc0 436 2224 0.142036 105.8
1920	1	2042.34	16308.3	16298.4	9.96388	445	131	135	2	0.0001 Colloc0 445 2222 0.267031 88.2724
1930	1	2052.9	16180.6	16170.2	10.3672	430	147	119	2	0.0001 Colloc0 430 2217 0.205385 108.33
1940	1	2063.61	16389	16378.9	10.1327	440	107	159	1	0.0001 Colloc0 440 2241 0.1767 96.4156
1950	1	2074.25	16375.9	16365.2	10.758	436	112	154	3	0.0001 Colloc0 436 2227 0.0945682 129.639
1960	1	2085	16349.4	16339.5	9.94885	452	123	143	3	0.0001 Colloc0 452 2217 0.246646 87.5654
1970	1	2095.59	16403.2	16392.8	10.4185	436	116	150	1	0.0001 Colloc0 436 2221 0.150927 111.028
1980	1	2105.49	16375.9	16366.1	9.8473	427	116	150	2	0.0001 Colloc0 427 2222 0.208692 82.8686
1990	1	2115.58	16422.6	16411.8	10.8273	449	110	156	2	0.0001 Colloc0 449 2225 0.110197 133.591
2000	1	2125.39	16360.8	16350.1	10.7226	441	122	144	6	0.0001 Colloc0 441 2240 0.12785 127.638
