# D = 0, E = 1, I = 1, P = 1, R = -1, n = 2000, N = 1, P = 1, w = 1, a = 0.0001, b = 10000, e = 1, f = 1, g = 100, h = 0.01, r = 25481, s = 1, S = 0, x = 10, m = 100, Z = 1, z = 0, T = 1, t = 1
# 5901 tokens in 266 sentences
#
# It	Temp	Time	-logP	-logPcorpus	-logPrior	tables	same	changed	reject	default_pya	(parent pym pyn pya pyb)*
0	1	0.835872	23938.7	23824.9	113.764	2129	0	266	0	0.0001 Colloc0 2129 3012 0.0001 10000
10	1	12.1941	18658.3	18646.1	12.2191	597	37	229	4	0.0001 Colloc0 597 2518 0.113112 222.338
20	1	22.5136	18090.2	18079	11.2053	499	51	215	8	0.0001 Colloc0 499 2563 0.0823473 156.022
30	1	33.2739	17930.2	17919	11.1652	480	51	215	5	0.0001 Colloc0 480 2553 0.0288404 153.581
40	1	43.8163	17821	17809.9	11.1928	464	53	213	5	0.0001 Colloc0 464 2557 0.00123562 155.264
50	1	53.9598	17375.7	17364.8	10.8375	444	80	186	4	0.0001 Colloc0 444 2478 0.080431 134.181
60	1	64.4612	17452.9	17442.2	10.6874	431	71	195	9	0.0001 Colloc0 431 2486 0.0459526 125.662
70	1	74.6656	17394.2	17383.3	10.8851	457	83	183	8	0.0001 Colloc0 457 2489 0.128927 136.928
80	1	85.18	17243.3	17232.3	10.9997	435	81	185	4	0.0001 Colloc0 435 2464 0.0303281 143.647
90	1	95.7384	17392.3	17381.4	10.9554	450	78	188	3	0.0001 Colloc0 450 2455 0.0386717 141.034
100	1	106.292	17283.7	17272.3	11.4572	464	85	181	3	0.0001 Colloc0 464 2442 0.00623535 171.727
110	1	116.991	17428	17416.8	11.1985	483	75	191	4	0.0001 Colloc0 483 2445 0.0627708 155.609
120	1	127.402	17258.4	17247.4	10.9906	475	91	175	3	0.0001 Colloc0 475 2400 0.111153 143.11
130	1	138.175	17256	17245	11.0111	466	83	183	4	0.0001 Colloc0 466 2407 0.0850619 144.322
140	1	148.953	17111.2	17100	11.1447	473	86	180	4	0.0001 Colloc0 473 2376 0.0826872 152.337
150	1	159.72	17093.5	17082.8	10.7144	456	90	176	3	0.0001 Colloc0 456 2372 0.139283 127.178
160	1	170.287	16965.5	16955.1	10.4088	458	98	168	2	0.0001 Colloc0 458 2370 0.158877 110.518
170	1	180.967	16923.9	16912.6	11.2854	450	101	165	5	0.0001 Colloc0 450 2378 0.0571681 160.955
180	1	191.37	16929.3	16917.9	11.4297	453	100	166	4	0.0001 Colloc0 453 2353 0.0248134 169.985
190	1	201.908	17018.3	17007.3	11.0042	467	92	174	7	0.0001 Colloc0 467 2390 0.112852 143.916
200	1	212.493	17002.2	16991.7	10.5055	448	90	176	7	0.0001 Colloc0 448 2399 0.115781 115.673
210	1	222.616	16827.8	16817.2	10.5847	442	106	160	4	0.0001 Colloc0 442 2381 0.101066 119.973
220	1	233.274	16887.7	16877.3	10.4063	444	85	181	4	0.0001 Colloc0 444 2382 0.153043 110.386
230	1	243.925	16844.4	16833.6	10.8284	447	110	156	3	0.0001 Colloc0 447 2392 0.110635 133.655
240	1	254.659	16914.3	16904.9	9.37648	453	88	178	4	0.0001 Colloc0 453 2372 0.309753 62.9706
250	1	265.61	16872.5	16861.8	10.6889	446	98	168	5	0.0001 Colloc0 446 2403 0.0853742 125.748
260	1	276.296	16794.5	16784	10.4938	447	101	165	6	0.0001 Colloc0 447 2371 0.117974 115.041
270	1	286.988	16780.7	16769.6	11.0877	430	95	171	2	0.0001 Colloc0 430 2357 0.020874 148.895
280	1	297.73	16874.3	16863.3	10.9508	437	92	174	4	0.0001 Colloc0 437 2376 0.0670114 140.765
290	1	308.046	16877.2	16866.3	10.8354	445	91	175	2	0.0001 Colloc0 445 2339 0.0560528 134.06
300	1	318.113	16809.9	16799.4	10.5666	431	104	162	2	0.0001 Colloc0 431 2356 0.106849 118.987
310	1	328.864	16682.1	16671.2	10.8552	429	103	163	6	0.0001 Colloc0 429 2337 0.0694278 135.199
320	1	339.359	16689.5	16679.8	9.76327	430	111	155	3	0.0001 Colloc0 430 2343 0.198978 79.0883
330	1	349.998	16715.2	16704.3	10.8408	430	103	163	5	0.0001 Colloc0 430 2384 0.0718057 134.367
340	1	360.408	16747.2	16737	10.2623	435	102	164	4	0.0001 Colloc0 435 2371 0.147365 102.919
350	1	370.734	16625.5	16614.7	10.831	418	113	153	2	0.0001 Colloc0 418 2358 0.0942451 133.805
360	1	380.918	16716.9	16706.7	10.204	439	102	164	2	0.0001 Colloc0 439 2370 0.164412 99.9668
370	1	391.491	16790.4	16779.9	10.4777	442	96	170	6	0.0001 Colloc0 442 2343 0.156164 114.177
380	1	402.037	16754	16743.4	10.6365	426	100	166	4	0.0001 Colloc0 426 2328 0.0874939 122.827
390	1	412.355	16725.7	16714.8	10.8716	414	102	164	2	0.0001 Colloc0 414 2348 0.0329225 136.146
400	1	422.799	16786.5	16775.7	10.7765	430	97	169	2	0.0001 Colloc0 430 2357 0.0788799 130.686
410	1	433.411	16735	16724.7	10.2612	438	100	166	2	0.0001 Colloc0 438 2344 0.147134 102.859
420	1	444.18	16730.3	16719.7	10.6152	450	109	157	2	0.0001 Colloc0 450 2310 0.111781 121.651
430	1	454.896	16673.7	16663.1	10.5847	441	114	152	2	0.0001 Colloc0 441 2311 0.116802 119.977
440	1	465.395	16643.1	16633	10.1674	427	110	156	2	0.0001 Colloc0 427 2337 0.165194 98.1386
450	1	475.869	16706.5	16695.6	10.8703	436	100	166	3	0.0001 Colloc0 436 2316 0.0688285 136.069
460	1	486.598	16644.7	16634.8	9.91936	447	106	160	5	0.0001 Colloc0 447 2320 0.22353 86.1871
470	1	497.224	16784.3	16773.5	10.7815	435	101	165	3	0.0001 Colloc0 435 2341 0.100175 130.972
480	1	507.74	16704.8	16694.1	10.6618	453	106	160	4	0.0001 Colloc0 453 2334 0.183424 124.233
490	1	518.427	16505.4	16494.6	10.8232	410	124	142	4	0.0001 Colloc0 410 2335 0.0353667 133.355
500	1	528.888	16595.1	16584.7	10.4534	428	115	151	2	0.0001 Colloc0 428 2329 0.131451 112.878
510	1	539.433	16749.8	16739	10.8619	427	102	164	2	0.0001 Colloc0 427 2364 0.0761017 135.585
520	1	549.845	16579.7	16569.5	10.2053	427	118	148	5	0.0001 Colloc0 427 2353 0.147533 100.034
530	1	560.5	16732.5	16721.2	11.253	430	94	172	5	0.0001 Colloc0 430 2352 0.0174502 158.955
540	1	571.109	16643	16632	10.9938	437	104	162	2	0.0001 Colloc0 437 2313 0.0736296 143.3
550	1	581.425	16676.1	16665.3	10.8774	437	111	155	3	0.0001 Colloc0 437 2342 0.0749025 136.482
560	1	591.968	16662.4	16651.8	10.6257	442	105	161	2	0.0001 Colloc0 442 2304 0.0841741 122.233
570	1	602.24	16627.4	16616.5	10.8847	432	108	158	1	0.0001 Colloc0 432 2306 0.0405191 136.904
580	1	612.663	16629.9	16619	10.8863	445	110	156	2	0.0001 Colloc0 445 2321 0.0974446 136.998
590	1	623.463	16542.9	16532.2	10.6385	418	121	145	5	0.0001 Colloc0 418 2320 0.13378 122.942
600	1	634.015	16561.2	16550.9	10.3051	427	113	153	1	0.0001 Colloc0 427 2317 0.135043 105.109
610	1	644.685	16554.8	16544.9	9.89087	433	128	138	1	0.0001 Colloc0 433 2296 0.192855 84.8666
620	1	655.363	16610.5	16599.5	11.0323	424	113	153	1	0.0001 Colloc0 424 2317 0.0542832 145.583
630	1	665.878	16744.8	16734.2	10.55	439	95	171	4	0.0001 Colloc0 439 2304 0.11138 118.079
640	1	676.204	16534.5	16524.1	10.3929	416	99	167	2	0.0001 Colloc0 416 2275 0.130081 109.679
650	1	686.893	16628	16617.7	10.3216	442	117	149	3	0.0001 Colloc0 442 2319 0.185353 105.964
660	1	697.581	16634.8	16624.7	10.0986	431	119	147	1	0.0001 Colloc0 431 2317 0.177062 94.7422
670	1	708.163	16511.4	16500.6	10.8403	428	120	146	5	0.0001 Colloc0 428 2307 0.065647 134.339
680	1	718.45	16631.7	16620.9	10.798	438	110	156	1	0.0001 Colloc0 438 2308 0.0964274 131.915
690	1	729.164	16636.1	16625	11.0925	441	110	156	3	0.0001 Colloc0 441 2319 0.0899306 149.184
700	1	740.075	16649.9	16639.5	10.3233	433	107	159	2	0.0001 Colloc0 433 2334 0.171571 106.052
710	1	750.806	16635.5	16624.7	10.7933	430	110	156	5	0.0001 Colloc0 430 2335 0.0715339 131.647
720	1	761.518	16717.1	16706.3	10.797	441	100	166	2	0.0001 Colloc0 441 2332 0.0489334 131.855
730	1	771.921	16590.4	16579.9	10.4445	432	102	164	3	0.0001 Colloc0 432 2282 0.176132 112.409
740	1	782.161	16469.7	16459.8	9.85725	431	114	152	1	0.0001 Colloc0 431 2284 0.178849 83.3227
750	1	792.614	16676.7	16665.9	10.8093	437	118	148	0	0.0001 Colloc0 437 2314 0.0863702 132.559
760	1	803.205	16616.2	16605.9	10.2667	441	115	151	2	0.0001 Colloc0 441 2286 0.164342 103.143
770	1	813.623	16757	16746.3	10.6712	446	101	165	4	0.0001 Colloc0 446 2307 0.11106 124.758
780	1	824.313	16641.8	16631	10.7705	444	100	166	2	0.0001 Colloc0 444 2291 0.119467 130.349
790	1	835.016	16607.3	16596.7	10.5556	441	109	157	5	0.0001 Colloc0 441 2270 0.140755 118.385
800	1	845.581	16597.8	16587.5	10.2666	439	110	156	2	0.0001 Colloc0 439 2297 0.152985 103.139
810	1	856.039	16699.7	16688.8	10.8683	436	106	160	2	0.0001 Colloc0 436 2286 0.0822078 135.959
820	1	866.656	16777.1	16766.3	10.7234	439	97	169	0	0.0001 Colloc0 439 2309 0.131195 127.681
830	1	877.04	16738	16727.4	10.6521	453	105	161	3	0.0001 Colloc0 453 2304 0.136397 123.693
840	1	887.652	16657.2	16646.8	10.3303	441	105	161	4	0.0001 Colloc0 441 2288 0.138096 106.413
850	1	898.388	16661.2	16651.1	10.1611	448	106	160	2	0.0001 Colloc0 448 2307 0.212368 97.826
860	1	908.877	16613.1	16602.8	10.3128	428	115	151	6	0.0001 Colloc0 428 2298 0.12203 105.507
870	1	919.171	16575.9	16565.5	10.3964	437	104	162	2	0.0001 Colloc0 437 2267 0.180822 109.862
880	1	929.647	16637.5	16626.7	10.8268	437	107	159	0	0.0001 Colloc0 437 2289 0.0817522 133.564
890	1	940.261	16478.7	16468.4	10.3534	428	129	137	6	0.0001 Colloc0 428 2290 0.152031 107.61
900	1	950.774	16552.7	16542.1	10.5757	415	119	147	3	0.0001 Colloc0 415 2282 0.110289 119.482
910	1	961.263	16463	16453.2	9.78261	422	121	145	1	0.0001 Colloc0 422 2276 0.226472 79.9498
920	1	971.367	16543.8	16533.2	10.5113	426	107	159	1	0.0001 Colloc0 426 2301 0.123401 115.986
930	1	982.051	16670.2	16659.2	11.0538	430	101	165	2	0.0001 Colloc0 430 2333 0.0470626 146.863
940	1	992.828	16594.3	16584	10.2827	433	115	151	1	0.0001 Colloc0 433 2279 0.109934 103.958
950	1	1003.62	16520.1	16509.5	10.6255	433	118	148	1	0.0001 Colloc0 433 2261 0.0856739 122.218
960	1	1014.45	16412.3	16402.2	10.1116	415	123	143	1	0.0001 Colloc0 415 2262 0.150773 95.378
970	1	1024.84	16605.7	16595	10.7014	435	105	161	3	0.0001 Colloc0 435 2292 0.0964691 126.443
980	1	1035.49	16573.8	16563.2	10.6152	425	114	152	3	0.0001 Colloc0 425 2273 0.126049 121.652
990	1	1046.09	16493	16482.2	10.8598	418	121	145	1	0.0001 Colloc0 418 2259 0.0243692 135.463
1000	1	1056.84	16618.4	16608.1	10.2883	454	103	163	2	0.0001 Colloc0 454 2258 0.187181 104.247
1010	1	1067.52	16604.4	16593.9	10.5101	438	114	152	2	0.0001 Colloc0 438 2274 0.127439 115.921
1020	1	1077.88	16581.5	16571	10.5424	429	117	149	2	0.0001 Colloc0 429 2265 0.0914844 117.668
1030	1	1088.19	16617.5	16607.3	10.1969	431	104	162	5	0.0001 Colloc0 431 2280 0.201551 99.6087
1040	1	1098.82	16624.2	16613.4	10.8025	426	107	159	3	0.0001 Colloc0 426 2282 0.0757921 132.173
1050	1	1109.27	16540.3	16529.5	10.8073	432	115	151	2	0.0001 Colloc0 432 2278 0.0613049 132.446
1060	1	1119.69	16612.8	16602.1	10.6268	440	110	156	3	0.0001 Colloc0 440 2269 0.136057 122.29
1070	1	1130.18	16687.8	16677.2	10.577	451	100	166	1	0.0001 Colloc0 451 2280 0.180226 119.555
1080	1	1141	16562	16550.8	11.1816	440	118	148	5	0.0001 Colloc0 440 2281 0.0393463 154.578
1090	1	1151.5	16480.2	16469.7	10.5314	430	120	146	8	0.0001 Colloc0 430 2276 0.148231 117.073
1100	1	1161.92	16518.5	16508.5	10.0427	431	113	153	4	0.0001 Colloc0 431 2256 0.229391 92.0285
1110	1	1172.12	16510	16499.3	10.7199	428	132	134	3	0.0001 Colloc0 428 2272 0.0938897 127.484
1120	1	1182.75	16656.4	16645.5	10.8602	433	103	163	3	0.0001 Colloc0 433 2272 0.0786481 135.489
1130	1	1193.4	16470	16459.5	10.563	420	117	149	1	0.0001 Colloc0 420 2254 0.124134 118.791
1140	1	1203.97	16518.1	16507.4	10.6956	431	116	150	5	0.0001 Colloc0 431 2235 0.135047 126.118
1150	1	1214.91	16481.1	16470.6	10.4387	429	124	142	5	0.0001 Colloc0 429 2269 0.17894 112.097
1160	1	1225.62	16405.8	16395.2	10.6059	443	131	135	2	0.0001 Colloc0 443 2259 0.183335 121.138
1170	1	1236.42	16488.5	16478.1	10.4558	436	127	139	1	0.0001 Colloc0 436 2235 0.151647 113.006
1180	1	1247.16	16523.2	16512.5	10.7331	413	114	152	2	0.0001 Colloc0 413 2269 0.0476536 128.228
1190	1	1257.92	16578.4	16567.2	11.2222	437	104	162	5	0.0001 Colloc0 437 2252 0.00600275 157.06
1200	1	1268.53	16613.4	16603.3	10.1369	440	118	148	5	0.0001 Colloc0 440 2273 0.208617 96.6224
1210	1	1279.09	16634.6	16623.9	10.7102	439	106	160	4	0.0001 Colloc0 439 2270 0.113129 126.938
1220	1	1289.5	16558.8	16548.8	9.98013	446	123	143	5	0.0001 Colloc0 446 2276 0.223793 89.0402
1230	1	1300.25	16515.2	16504.9	10.3222	427	119	147	4	0.0001 Colloc0 427 2275 0.165089 105.991
1240	1	1311	16549.8	16539.2	10.5877	439	115	151	2	0.0001 Colloc0 439 2266 0.13736 120.139
1250	1	1321.79	16721.5	16710.3	11.2002	434	99	167	3	0.0001 Colloc0 434 2300 0.0103436 155.711
1260	1	1332.42	16609.8	16599.1	10.7155	444	98	168	2	0.0001 Colloc0 444 2260 0.096987 127.237
1270	1	1342.87	16618.8	16607.8	11.0528	440	98	168	7	0.0001 Colloc0 440 2276 0.0692797 146.805
1280	1	1353.48	16559.3	16549	10.3563	436	101	165	4	0.0001 Colloc0 436 2254 0.220226 107.763
1290	1	1364.23	16624.3	16613.3	10.928	433	88	178	4	0.0001 Colloc0 433 2254 0.0513007 139.43
1300	1	1374.91	16530.4	16519.2	11.1763	427	111	155	4	0.0001 Colloc0 427 2269 0.0116915 154.256
1310	1	1385.4	16586.1	16575.3	10.7905	443	114	152	4	0.0001 Colloc0 443 2282 0.117951 131.486
1320	1	1395.98	16562.7	16551.6	11.0877	423	104	162	5	0.0001 Colloc0 423 2238 0.0290902 148.898
1330	1	1406.58	16505	16494.7	10.2809	444	125	141	4	0.0001 Colloc0 444 2265 0.217519 103.868
1340	1	1416.97	16652.9	16641.8	11.0903	453	105	161	3	0.0001 Colloc0 453 2274 0.0711647 149.051
1350	1	1427.38	16486.1	16475	11.0616	426	129	137	1	0.0001 Colloc0 426 2251 0.0393477 147.331
1360	1	1437.6	16584	16572.7	11.2529	432	112	154	4	0.0001 Colloc0 432 2270 0.0228293 158.945
1370	1	1448	16619.8	16609.5	10.3921	438	106	160	4	0.0001 Colloc0 438 2278 0.173427 109.637
1380	1	1458.14	16576.8	16566.6	10.2032	438	110	156	2	0.0001 Colloc0 438 2271 0.193325 99.9262
1390	1	1468.53	16549.4	16539	10.4034	431	108	158	3	0.0001 Colloc0 431 2279 0.150758 110.229
1400	1	1479.01	16605.3	16594.6	10.7057	428	114	152	3	0.0001 Colloc0 428 2292 0.0789274 126.689
1410	1	1489.65	16435.1	16424.5	10.5817	418	127	139	5	0.0001 Colloc0 418 2274 0.0831123 119.813
1420	1	1499.96	16483	16472.5	10.5206	418	128	138	1	0.0001 Colloc0 418 2281 0.135734 116.487
1430	1	1510.31	16457.7	16447	10.7186	428	116	150	6	0.0001 Colloc0 428 2250 0.0730422 127.415
1440	1	1520.79	16513.2	16502.1	11.117	419	118	148	4	0.0001 Colloc0 419 2294 0.0276068 150.66
1450	1	1531.63	16512.5	16502.2	10.272	425	122	144	3	0.0001 Colloc0 425 2290 0.176846 103.411
1460	1	1542.2	16530.8	16520.2	10.6517	426	118	148	3	0.0001 Colloc0 426 2299 0.0897448 123.67
1470	1	1552.6	16508.6	16498	10.6284	421	115	151	2	0.0001 Colloc0 421 2264 0.0880911 122.379
1480	1	1563.21	16600.3	16589.7	10.5435	449	103	163	3	0.0001 Colloc0 449 2271 0.133977 117.726
1490	1	1573.93	16611.5	16600.5	11.0433	443	100	166	2	0.0001 Colloc0 443 2270 0.129969 146.24
1500	1	1584.52	16479.3	16468	11.2777	444	118	148	3	0.0001 Colloc0 444 2266 0.0325611 160.478
1510	1	1595.03	16481.5	16471	10.5426	437	121	145	3	0.0001 Colloc0 437 2275 0.103713 117.68
1520	1	1605.62	16521.1	16510.1	11.0263	415	118	148	4	0.0001 Colloc0 415 2285 0.0141369 145.227
1530	1	1615.69	16585.4	16574.9	10.5268	440	110	156	5	0.0001 Colloc0 440 2251 0.118532 116.822
1540	1	1625.91	16534.7	16524	10.7344	435	104	162	5	0.0001 Colloc0 435 2276 0.0782236 128.304
1550	1	1636.35	16492.3	16482.1	10.1946	438	119	147	1	0.0001 Colloc0 438 2264 0.19002 99.4966
1560	1	1646.97	16480.3	16470.1	10.1717	437	129	137	2	0.0001 Colloc0 437 2254 0.19824 98.3513
1570	1	1657.69	16576.8	16566.2	10.6643	439	109	157	4	0.0001 Colloc0 439 2273 0.100019 124.372
1580	1	1668.24	16572.1	16561.7	10.4426	450	99	167	1	0.0001 Colloc0 450 2265 0.14134 112.305
1590	1	1678.86	16520.5	16509.8	10.6323	448	123	143	4	0.0001 Colloc0 448 2254 0.155356 122.595
1600	1	1689.44	16560.1	16549.3	10.8167	443	117	149	3	0.0001 Colloc0 443 2256 0.142388 132.983
1610	1	1699.56	16498.2	16487.8	10.4299	425	109	157	2	0.0001 Colloc0 425 2270 0.169022 111.633
1620	1	1710.26	16540	16530	9.98006	439	105	161	5	0.0001 Colloc0 439 2261 0.261571 89.037
1630	1	1720.93	16563.3	16552.7	10.5944	437	113	153	2	0.0001 Colloc0 437 2287 0.0907959 120.508
1640	1	1731.57	16473.6	16462.9	10.6669	429	117	149	4	0.0001 Colloc0 429 2263 0.0890527 124.517
1650	1	1742.15	16471.5	16460.4	11.0769	424	120	146	6	0.0001 Colloc0 424 2249 0.0481835 148.249
1660	1	1752.8	16441.6	16430.6	11.0956	423	120	146	5	0.0001 Colloc0 423 2230 0.0615299 149.371
1670	1	1763.4	16549.2	16538.3	10.8999	432	108	158	5	0.0001 Colloc0 432 2237 0.0747277 137.79
1680	1	1773.44	16598.4	16587.3	11.1151	443	101	165	4	0.0001 Colloc0 443 2250 0.0406908 150.543
1690	1	1783.66	16518.8	16507.9	10.8782	445	111	155	2	0.0001 Colloc0 445 2236 0.109067 136.529
1700	1	1793.81	16492.2	16481.6	10.5721	444	125	141	1	0.0001 Colloc0 444 2255 0.181019 119.286
1710	1	1804.34	16436.1	16426.3	9.74833	449	120	146	5	0.0001 Colloc0 449 2249 0.270409 78.4264
1720	1	1815.15	16354.3	16344.1	10.2082	431	134	132	3	0.0001 Colloc0 431 2264 0.17895 100.179
1730	1	1825.58	16418.1	16408.3	9.72172	434	116	150	4	0.0001 Colloc0 434 2229 0.228501 77.255
1740	1	1836.2	16458.4	16448	10.4387	441	115	151	2	0.0001 Colloc0 441 2273 0.127908 112.101
1750	1	1846.75	16419.5	16409.1	10.3575	434	121	145	3	0.0001 Colloc0 434 2266 0.146987 107.826
1760	1	1856.89	16409.4	16398.9	10.553	430	126	140	4	0.0001 Colloc0 430 2266 0.089771 118.243
1770	1	1867.4	16369.5	16359.3	10.2482	435	135	131	3	0.0001 Colloc0 435 2272 0.20295 102.198
1780	1	1878.28	16396.1	16385.4	10.6603	433	125	141	4	0.0001 Colloc0 433 2244 0.148874 124.152
1790	1	1888.98	16423.4	16413.5	9.90905	423	119	147	3	0.0001 Colloc0 423 2254 0.213322 85.7081
1800	1	1899.87	16478.8	16468.3	10.5398	435	123	143	4	0.0001 Colloc0 435 2272 0.124609 117.525
1810	1	1910.4	16450.9	16440.9	10.0247	434	117	149	3	0.0001 Colloc0 434 2272 0.195563 91.1626
1820	1	1921.09	16544.3	16534.2	10.0836	445	103	163	4	0.0001 Colloc0 445 2268 0.194511 94.0088
1830	1	1931.46	16480.2	16469.6	10.5589	436	114	152	2	0.0001 Colloc0 436 2269 0.165648 118.567
1840	1	1941.92	16399.8	16389.6	10.1969	427	122	144	3	0.0001 Colloc0 427 2265 0.161955 99.6099
1850	1	1952.42	16507.9	16497.9	9.95759	441	106	160	5	0.0001 Colloc0 441 2250 0.214258 87.9764
1860	1	1962.98	16356.7	16346.2	10.5027	420	120	146	7	0.0001 Colloc0 420 2206 0.12795 115.523
1870	1	1973.35	16499.6	16489.2	10.4085	446	113	153	2	0.0001 Colloc0 446 2247 0.190861 110.502
1880	1	1983.44	16522.8	16511.9	10.8088	447	107	159	1	0.0001 Colloc0 447 2237 0.0859697 132.53
1890	1	1993.93	16449.8	16439.5	10.244	430	117	149	4	0.0001 Colloc0 430 2233 0.171677 101.988
1900	1	2004.43	16546	16535.5	10.5229	434	98	168	3	0.0001 Colloc0 434 2269 0.140237 116.609
1910	1	2014.89	16402.3	16391.6	10.6722	428	122	144	3	0.0001 Colloc0 428 2227 0.14552 124.815
1920	1	2025.38	16424	16413.5	10.582	428	122	144	2	0.0001 Colloc0 428 2232 0.0998233 119.826
1930	1	2035.76	16433.1	16422.6	10.4855	436	118	148	3	0.0001 Colloc0 436 2251 0.20388 114.598
1940	1	2046.39	16521	16511.4	9.62314	435	108	158	1	0.0001 Colloc0 435 2237 0.247878 73.0024
1950	1	2056.76	16485.5	16475.3	10.2418	430	112	154	2	0.0001 Colloc0 430 2272 0.204166 101.876
1960	1	2066.96	16490.3	16480.2	10.149	431	102	164	5	0.0001 Colloc0 431 2241 0.197086 97.2209
1970	1	2077.25	16586.3	16575.8	10.4551	431	85	181	5	0.0001 Colloc0 431 2277 0.110339 112.97
1980	1	2087.51	16505.3	16494.6	10.6909	423	104	162	2	0.0001 Colloc0 423 2251 0.090176 125.857
1990	1	2097.89	16477.5	16466.5	11.0677	436	130	136	1	0.0001 Colloc0 436 2282 0.0652585 147.699
2000	1	2108.01	16632.9	16622.8	10.072	445	102	164	2	0.0001 Colloc0 445 2282 0.204328 93.4436
