# D = 0, E = 1, I = 1, P = 1, R = -1, n = 2000, N = 1, P = 1, w = 1, a = 0.0001, b = 10000, e = 1, f = 1, g = 100, h = 0.01, r = 29048, s = 1, S = 0, x = 10, m = 100, Z = 1, z = 0, T = 1, t = 1
# 5901 tokens in 266 sentences
#
# It	Temp	Time	-logP	-logPcorpus	-logPrior	tables	same	changed	reject	default_pya	(parent pym pyn pya pyb)*
0	1	0.811876	23382.4	23268.7	113.764	1767	0	266	0	0.0001 Colloc0 1767 2505 0.0001 10000
10	1	11.9102	18313.4	18301.5	11.822	543	52	214	8	0.0001 Colloc0 543 2468 0.071382 195.41
20	1	22.7015	17918.7	17907.2	11.5629	494	54	212	6	0.0001 Colloc0 494 2482 0.021556 178.476
30	1	33.6019	17543.1	17532	11.1097	459	65	201	7	0.0001 Colloc0 459 2446 0.0463343 150.219
40	1	44.1343	17542.3	17530.7	11.6096	483	69	197	4	0.0001 Colloc0 483 2451 0.0060912 181.49
50	1	54.5837	17418.9	17407.5	11.411	464	68	198	3	0.0001 Colloc0 464 2448 0.0136354 168.801
60	1	64.5942	17191.6	17181.4	10.2343	452	90	176	1	0.0001 Colloc0 452 2435 0.105107 101.496
70	1	74.6067	17280	17268.9	11.0806	447	83	183	3	0.0001 Colloc0 447 2412 0.0853769 148.472
80	1	84.5871	17445	17433.8	11.1761	482	75	191	3	0.0001 Colloc0 482 2445 0.12028 154.242
90	1	94.9056	17100.7	17089.4	11.2653	445	95	171	5	0.0001 Colloc0 445 2402 0.0140328 159.712
100	1	105.493	16968.5	16958	10.4877	430	102	164	2	0.0001 Colloc0 430 2420 0.0879737 114.716
110	1	116.317	17005.3	16994.4	10.9004	449	104	162	3	0.0001 Colloc0 449 2435 0.0812769 137.82
120	1	126.97	16974.5	16963.7	10.8568	449	96	170	4	0.0001 Colloc0 449 2418 0.0877337 135.292
130	1	137.733	16929.6	16919.1	10.5061	452	93	173	7	0.0001 Colloc0 452 2394 0.143179 115.705
140	1	148.42	16834.9	16824.2	10.7562	427	108	158	4	0.0001 Colloc0 427 2366 0.0655283 129.538
150	1	159.035	16868.3	16857.8	10.5171	433	113	153	2	0.0001 Colloc0 433 2424 0.0979588 116.298
160	1	169.663	16818.3	16807.7	10.6305	435	111	155	4	0.0001 Colloc0 435 2387 0.134743 122.499
170	1	180.354	16845.8	16835.8	10.0332	442	99	167	2	0.0001 Colloc0 442 2382 0.191367 91.5736
180	1	191.227	16876.1	16865.5	10.6468	446	109	157	5	0.0001 Colloc0 446 2359 0.0899483 123.401
190	1	201.89	16797.3	16786.6	10.716	436	106	160	4	0.0001 Colloc0 436 2372 0.118268 127.268
200	1	212.64	16709.9	16699.2	10.7428	435	118	148	4	0.0001 Colloc0 435 2375 0.0419921 128.777
210	1	223.423	16734.5	16723.8	10.7386	432	108	158	3	0.0001 Colloc0 432 2353 0.102616 128.541
220	1	234.265	16876.7	16866	10.6894	440	97	169	3	0.0001 Colloc0 440 2380 0.0767361 125.776
230	1	245.02	16689.4	16679.9	9.48012	429	124	142	8	0.0001 Colloc0 429 2375 0.282907 67.0785
240	1	255.711	16852.6	16841.8	10.8208	435	105	161	4	0.0001 Colloc0 435 2364 0.0945087 133.219
250	1	266.333	16778.7	16768.1	10.5781	432	112	154	6	0.0001 Colloc0 432 2358 0.0885706 119.615
260	1	276.328	16719.6	16709.4	10.2425	416	110	156	3	0.0001 Colloc0 416 2383 0.172158 101.91
270	1	287.127	16724.4	16714.3	10.0936	442	120	146	3	0.0001 Colloc0 442 2382 0.226858 94.4972
280	1	297.428	16721.5	16711.2	10.3527	432	113	153	5	0.0001 Colloc0 432 2372 0.120545 107.575
290	1	307.441	16801.8	16791.2	10.5474	442	102	164	3	0.0001 Colloc0 442 2375 0.137114 117.938
300	1	317.422	16796.4	16785.5	10.927	435	105	161	3	0.0001 Colloc0 435 2346 0.0947649 139.372
310	1	328.054	16953.6	16943.1	10.509	450	80	186	0	0.0001 Colloc0 450 2373 0.11351 115.859
320	1	338.802	16877.1	16866	11.0608	444	91	175	3	0.0001 Colloc0 444 2346 0.072778 147.284
330	1	349.373	16704	16693.6	10.4535	430	112	154	3	0.0001 Colloc0 430 2344 0.153744 112.888
340	1	360.129	16705.4	16695	10.4548	430	103	163	2	0.0001 Colloc0 430 2346 0.126329 112.953
350	1	370.945	16737	16727.1	9.89833	445	111	155	4	0.0001 Colloc0 445 2344 0.242278 85.2113
360	1	381.749	16925	16914.6	10.4769	442	93	173	5	0.0001 Colloc0 442 2377 0.128768 114.134
370	1	392.43	16844.5	16834.1	10.3978	444	98	168	4	0.0001 Colloc0 444 2354 0.154105 109.936
380	1	403.035	16724.6	16713.7	10.8512	430	109	157	4	0.0001 Colloc0 430 2360 0.0987346 134.965
390	1	413.052	16599.3	16589.1	10.1481	433	123	143	5	0.0001 Colloc0 433 2343 0.189097 97.1789
400	1	423	16655.9	16644.8	11.1049	422	112	154	0	0.0001 Colloc0 422 2352 0.0496808 149.933
410	1	432.951	16625.3	16615.2	10.0658	430	117	149	3	0.0001 Colloc0 430 2347 0.151079 93.1462
420	1	443.349	16722.8	16712.8	10.0256	423	98	168	4	0.0001 Colloc0 423 2327 0.169272 91.2052
430	1	453.922	16782.7	16772.2	10.4749	424	96	170	3	0.0001 Colloc0 424 2383 0.0930935 114.027
440	1	464.438	16695.7	16685	10.6775	434	102	164	6	0.0001 Colloc0 434 2356 0.109613 125.107
450	1	474.953	16699	16688.4	10.5865	418	112	154	1	0.0001 Colloc0 418 2347 0.115143 120.076
460	1	485.683	16768.9	16758.6	10.3214	438	104	162	2	0.0001 Colloc0 438 2360 0.17418 105.953
470	1	496.176	16691.2	16680.4	10.8348	420	104	162	4	0.0001 Colloc0 420 2362 0.0299803 134.022
480	1	506.611	16825	16814.6	10.4069	435	96	170	1	0.0001 Colloc0 435 2367 0.136315 110.416
490	1	517.201	16761	16750	10.9878	420	105	161	0	0.0001 Colloc0 420 2338 0.000834871 142.944
500	1	527.246	16848	16837.5	10.4706	423	98	168	1	0.0001 Colloc0 423 2374 0.0600566 113.796
510	1	537.448	16668.1	16657.8	10.2232	421	101	165	5	0.0001 Colloc0 421 2334 0.142461 100.936
520	1	547.961	16538.1	16527.9	10.1512	426	121	145	3	0.0001 Colloc0 426 2360 0.187407 97.3346
530	1	558.921	16581.2	16571	10.214	416	115	151	3	0.0001 Colloc0 416 2349 0.178717 100.472
540	1	569.629	16731.1	16720.7	10.4358	436	107	159	2	0.0001 Colloc0 436 2339 0.172972 111.942
550	1	580.31	16666.8	16656.3	10.4873	427	109	157	2	0.0001 Colloc0 427 2344 0.130216 114.691
560	1	590.488	16713.2	16702.6	10.5404	437	102	164	3	0.0001 Colloc0 437 2353 0.132698 117.561
570	1	600.841	16744.7	16734.2	10.5131	442	108	158	3	0.0001 Colloc0 442 2339 0.145168 116.084
580	1	611.806	16671.8	16661.2	10.6065	425	109	157	0	0.0001 Colloc0 425 2329 0.120155 121.172
590	1	622.56	16635	16624.6	10.3836	439	118	148	1	0.0001 Colloc0 439 2336 0.172392 109.193
600	1	633.111	16767.1	16756.7	10.4873	439	105	161	1	0.0001 Colloc0 439 2338 0.100435 114.691
610	1	643.786	16722.1	16711.2	10.9053	447	116	150	0	0.0001 Colloc0 447 2366 0.0745354 138.103
620	1	654.619	16668	16656.9	11.111	427	112	154	5	0.0001 Colloc0 427 2307 0.011467 150.295
630	1	665.311	16668.4	16658.2	10.2638	432	104	162	2	0.0001 Colloc0 432 2346 0.194906 102.996
640	1	675.973	16633.9	16623.8	10.0627	438	111	155	1	0.0001 Colloc0 438 2302 0.178822 92.9967
650	1	686.679	16600.8	16590.5	10.2821	424	130	136	3	0.0001 Colloc0 424 2351 0.148875 103.931
660	1	697.426	16699.3	16689.4	9.92261	439	107	159	2	0.0001 Colloc0 439 2324 0.207242 86.3386
670	1	708.007	16664.8	16654.4	10.4175	437	109	157	2	0.0001 Colloc0 437 2313 0.150771 110.974
680	1	718.664	16764.2	16753.1	11.1479	431	102	164	2	0.0001 Colloc0 431 2291 0.0256168 152.526
690	1	729.382	16695.4	16685.1	10.2346	451	102	164	2	0.0001 Colloc0 451 2314 0.189936 101.51
700	1	740.172	16701.4	16691.3	10.0894	439	107	159	1	0.0001 Colloc0 439 2291 0.19598 94.2918
710	1	750.741	16641.5	16631.1	10.3868	432	113	153	2	0.0001 Colloc0 432 2313 0.13991 109.357
720	1	761.439	16756.9	16746.3	10.5462	436	105	161	2	0.0001 Colloc0 436 2329 0.135564 117.874
730	1	772.09	16629.5	16618.9	10.6625	440	108	158	5	0.0001 Colloc0 440 2328 0.0787058 124.274
740	1	782.733	16644.3	16633.3	10.9952	435	108	158	1	0.0001 Colloc0 435 2289 0.0985764 143.383
750	1	793.174	16550.5	16540.1	10.4763	445	117	149	2	0.0001 Colloc0 445 2308 0.131598 114.103
760	1	803.987	16657.7	16646.9	10.8537	437	109	157	0	0.0001 Colloc0 437 2304 0.112671 135.112
770	1	814.351	16669.1	16658.6	10.5601	436	110	156	1	0.0001 Colloc0 436 2327 0.141593 118.633
780	1	824.581	16628.9	16618.5	10.4167	428	97	169	4	0.0001 Colloc0 428 2320 0.130701 110.935
790	1	834.943	16673.8	16663.1	10.6563	426	111	155	5	0.0001 Colloc0 426 2321 0.0974058 123.925
800	1	845.351	16723.1	16712.3	10.7321	444	106	160	2	0.0001 Colloc0 444 2342 0.110956 128.172
810	1	855.851	16753.7	16742.9	10.8887	436	105	161	3	0.0001 Colloc0 436 2344 0.0762322 137.137
820	1	866.532	16623.9	16613.7	10.2379	424	113	153	3	0.0001 Colloc0 424 2324 0.161551 101.677
830	1	877.213	16639.5	16629.2	10.326	430	108	158	5	0.0001 Colloc0 430 2316 0.176824 106.19
840	1	887.863	16434.6	16424.2	10.3771	403	132	134	1	0.0001 Colloc0 403 2325 0.0844628 108.852
850	1	898.471	16475.7	16465.5	10.1437	413	120	146	3	0.0001 Colloc0 413 2310 0.146307 96.9607
860	1	909.064	16583.6	16573	10.6288	422	112	154	3	0.0001 Colloc0 422 2345 0.104596 122.405
870	1	919.781	16510.8	16500.5	10.302	410	134	132	3	0.0001 Colloc0 410 2324 0.144046 104.953
880	1	930.641	16607	16597.3	9.74602	421	126	140	2	0.0001 Colloc0 421 2332 0.221027 78.3242
890	1	941.452	16566.2	16556.1	10.0799	440	132	134	2	0.0001 Colloc0 440 2303 0.194875 93.8293
900	1	952.16	16755.5	16745	10.5013	451	96	170	4	0.0001 Colloc0 451 2329 0.164436 115.447
910	1	962.512	16549	16539.1	9.88124	416	121	145	3	0.0001 Colloc0 416 2304 0.215055 84.4229
920	1	973.209	16561.3	16550.9	10.467	428	107	159	3	0.0001 Colloc0 428 2306 0.122886 113.608
930	1	983.901	16585.9	16575.7	10.2544	423	107	159	4	0.0001 Colloc0 423 2322 0.120087 102.515
940	1	994.738	16647.1	16636.5	10.5317	434	115	151	1	0.0001 Colloc0 434 2325 0.116942 117.085
950	1	1005.14	16615.6	16605.2	10.4417	448	117	149	2	0.0001 Colloc0 448 2327 0.193344 112.256
960	1	1015.79	16509.8	16498.9	10.8754	422	122	144	2	0.0001 Colloc0 422 2293 0.0709837 136.369
970	1	1026.48	16659.1	16649.1	9.98815	445	104	162	5	0.0001 Colloc0 445 2337 0.22045 89.4202
980	1	1037.2	16677.3	16667	10.3496	433	106	160	3	0.0001 Colloc0 433 2349 0.136856 107.413
990	1	1047.79	16653.7	16643	10.6934	426	112	154	1	0.0001 Colloc0 426 2332 0.0841251 125.996
1000	1	1058.52	16653.1	16642.8	10.3144	430	107	159	2	0.0001 Colloc0 430 2317 0.144435 105.588
1010	1	1069.13	16751.4	16740.8	10.5759	438	103	163	2	0.0001 Colloc0 438 2312 0.123511 119.495
1020	1	1079.36	16635.8	16624.8	10.9957	427	104	162	6	0.0001 Colloc0 427 2309 0.0716616 143.411
1030	1	1090.09	16532.9	16522.9	9.98883	418	117	149	6	0.0001 Colloc0 418 2314 0.169538 89.4529
1040	1	1100.89	16613.2	16602.6	10.5389	420	117	149	2	0.0001 Colloc0 420 2327 0.107723 117.481
1050	1	1111.76	16612.8	16602.5	10.3	425	103	163	2	0.0001 Colloc0 425 2307 0.163003 104.85
1060	1	1122.41	16612	16601.6	10.4474	428	110	156	3	0.0001 Colloc0 428 2318 0.12185 112.563
1070	1	1133.2	16623.8	16614.1	9.74361	431	106	160	3	0.0001 Colloc0 431 2315 0.276769 78.2176
1080	1	1144.21	16606.2	16596.3	9.84615	424	119	147	2	0.0001 Colloc0 424 2323 0.211716 82.8162
1090	1	1154.95	16606.2	16595.7	10.4731	415	112	154	3	0.0001 Colloc0 415 2314 0.0881431 113.934
1100	1	1165.54	16593.7	16583.6	10.1005	428	118	148	1	0.0001 Colloc0 428 2286 0.180968 94.837
1110	1	1176.3	16578	16567.2	10.8505	430	118	148	0	0.0001 Colloc0 430 2305 0.0576044 134.928
1120	1	1187.07	16625.5	16615	10.534	449	108	158	4	0.0001 Colloc0 449 2282 0.155354 117.213
1130	1	1197.94	16513.7	16502.8	10.8928	429	118	148	3	0.0001 Colloc0 429 2291 0.0808298 137.378
1140	1	1208.54	16522	16511.8	10.2278	426	119	147	4	0.0001 Colloc0 426 2281 0.170208 101.165
1150	1	1219.34	16548.7	16538.1	10.6158	450	118	148	3	0.0001 Colloc0 450 2271 0.19025 121.685
1160	1	1229.78	16635.3	16625.2	10.1132	432	112	154	1	0.0001 Colloc0 432 2309 0.213362 95.4564
1170	1	1240.61	16538.5	16528	10.4782	439	118	148	1	0.0001 Colloc0 439 2291 0.162203 114.203
1180	1	1251.25	16561	16551.2	9.85222	427	115	151	2	0.0001 Colloc0 427 2304 0.251333 83.0928
1190	1	1261.84	16495.8	16485.6	10.1974	429	125	141	5	0.0001 Colloc0 429 2314 0.255593 99.6346
1200	1	1271.88	16559.6	16549.5	10.0872	443	123	143	3	0.0001 Colloc0 443 2291 0.246895 94.1843
1210	1	1282.05	16561.1	16550.8	10.2713	426	112	154	1	0.0001 Colloc0 426 2301 0.196021 103.377
1220	1	1292.18	16692.3	16681.9	10.3315	426	111	155	3	0.0001 Colloc0 426 2327 0.129638 106.472
1230	1	1302.76	16567	16556.8	10.146	424	111	155	1	0.0001 Colloc0 424 2285 0.223592 97.0767
1240	1	1313.44	16512.6	16502.1	10.5303	418	107	159	5	0.0001 Colloc0 418 2294 0.0897354 117.014
1250	1	1324.23	16440.6	16431	9.64356	433	123	143	2	0.0001 Colloc0 433 2288 0.249324 73.8719
1260	1	1335.09	16480.7	16471.1	9.50511	438	126	140	1	0.0001 Colloc0 438 2291 0.293423 68.0923
1270	1	1345.81	16449.9	16440	9.91027	422	125	141	1	0.0001 Colloc0 422 2296 0.205903 85.7648
1280	1	1356.6	16352.1	16342.4	9.67383	422	132	134	3	0.0001 Colloc0 422 2279 0.240054 75.172
1290	1	1367.19	16615.3	16604.8	10.5158	437	113	153	4	0.0001 Colloc0 437 2318 0.123262 116.225
1300	1	1377.92	16509.6	16500.1	9.43011	432	120	146	2	0.0001 Colloc0 432 2294 0.245505 65.0767
1310	1	1388.72	16394.1	16383.4	10.6773	429	124	142	3	0.0001 Colloc0 429 2264 0.144232 125.097
1320	1	1399.64	16423.3	16413	10.2575	433	116	150	2	0.0001 Colloc0 433 2270 0.210587 102.674
1330	1	1410.09	16533.7	16523.8	9.92837	421	127	139	2	0.0001 Colloc0 421 2272 0.19395 86.6073
1340	1	1420.69	16460.7	16450.5	10.12	424	125	141	8	0.0001 Colloc0 424 2270 0.188655 95.7909
1350	1	1431.42	16562.8	16552.4	10.3495	444	123	143	2	0.0001 Colloc0 444 2303 0.151658 107.409
1360	1	1442.19	16492.8	16482.7	10.0296	440	111	155	4	0.0001 Colloc0 440 2279 0.208539 91.3974
1370	1	1453.01	16500.4	16490.6	9.78689	433	115	151	3	0.0001 Colloc0 433 2275 0.246357 80.1411
1380	1	1463.86	16457.3	16447.1	10.1507	432	119	147	1	0.0001 Colloc0 432 2270 0.21783 97.3068
1390	1	1474.63	16486.4	16477.1	9.31129	429	119	147	2	0.0001 Colloc0 429 2257 0.314748 60.4674
1400	1	1485.36	16466.5	16456.8	9.65078	435	125	141	2	0.0001 Colloc0 435 2263 0.276995 74.1809
1410	1	1495.68	16467.4	16457.1	10.2903	429	114	152	0	0.0001 Colloc0 429 2260 0.157151 104.348
1420	1	1506.46	16490	16479.9	10.1825	431	110	156	2	0.0001 Colloc0 431 2266 0.19535 98.8912
1430	1	1517.19	16436.8	16426.7	10.0769	421	129	137	2	0.0001 Colloc0 421 2269 0.22721 93.6835
1440	1	1527.9	16514.4	16504.5	9.878	447	112	154	6	0.0001 Colloc0 447 2280 0.220515 84.2737
1450	1	1538.22	16560.7	16550.7	9.92625	430	120	146	5	0.0001 Colloc0 430 2298 0.230759 86.508
1460	1	1549.15	16588.9	16578.2	10.6898	439	102	164	2	0.0001 Colloc0 439 2302 0.0784653 125.795
1470	1	1559.38	16532.1	16521.2	10.9198	422	99	167	5	0.0001 Colloc0 422 2289 0.0740915 138.952
1480	1	1569.28	16585.8	16575.2	10.5969	409	84	182	3	0.0001 Colloc0 409 2294 0.081654 120.646
1490	1	1579.67	16551.6	16541.3	10.3215	433	95	171	1	0.0001 Colloc0 433 2244 0.133276 105.956
1500	1	1590.35	16506.5	16495.7	10.8032	412	89	177	2	0.0001 Colloc0 412 2240 0.0633897 132.211
1510	1	1601.09	16518.1	16507.4	10.7048	418	104	162	4	0.0001 Colloc0 418 2248 0.0602943 126.636
1520	1	1611.69	16461.9	16451.7	10.1984	441	101	165	3	0.0001 Colloc0 441 2267 0.194515 99.6854
1530	1	1622.22	16417.7	16407.8	9.9066	415	101	165	2	0.0001 Colloc0 415 2272 0.200862 85.5943
1540	1	1632.45	16442.1	16432	10.0463	422	118	148	3	0.0001 Colloc0 422 2271 0.12663 92.2007
1550	1	1643.03	16356	16346.4	9.59567	429	124	142	2	0.0001 Colloc0 429 2265 0.234206 71.8418
1560	1	1653.13	16459.3	16449.1	10.211	441	113	153	3	0.0001 Colloc0 441 2251 0.219985 100.32
1570	1	1663.25	16364.9	16354.4	10.4684	421	120	146	4	0.0001 Colloc0 421 2242 0.151316 113.679
1580	1	1674.1	16479.6	16469.1	10.5294	431	105	161	2	0.0001 Colloc0 431 2246 0.164307 116.963
1590	1	1684.52	16431.5	16420.8	10.7325	440	109	157	5	0.0001 Colloc0 440 2225 0.105599 128.195
1600	1	1695.33	16426.3	16416.2	10.0194	428	115	151	2	0.0001 Colloc0 428 2253 0.204534 90.9107
1610	1	1706.16	16343.6	16333.1	10.5926	413	119	147	2	0.0001 Colloc0 413 2262 0.0835111 120.408
1620	1	1717.03	16374.2	16363.4	10.8108	425	122	144	4	0.0001 Colloc0 425 2259 0.110591 132.645
1630	1	1727.74	16341.1	16330.9	10.2333	433	139	127	2	0.0001 Colloc0 433 2257 0.192589 101.446
1640	1	1738.55	16493.9	16483.2	10.7827	437	113	153	1	0.0001 Colloc0 437 2290 0.0959098 131.044
1650	1	1749.37	16418.2	16407.8	10.3517	420	113	153	5	0.0001 Colloc0 420 2268 0.138056 107.522
1660	1	1759.78	16475.7	16465.2	10.4543	436	113	153	1	0.0001 Colloc0 436 2272 0.151357 112.928
1670	1	1769.98	16493.5	16483	10.5552	441	99	167	2	0.0001 Colloc0 441 2278 0.136343 118.364
1680	1	1780.12	16387.2	16376.7	10.4292	428	117	149	2	0.0001 Colloc0 428 2278 0.0658467 111.595
1690	1	1790.91	16370.9	16361.3	9.68687	428	123	143	3	0.0001 Colloc0 428 2253 0.262887 75.7359
1700	1	1801.68	16510.9	16501.1	9.75667	435	99	167	4	0.0001 Colloc0 435 2251 0.292347 78.7952
1710	1	1812.27	16415.8	16405.5	10.2939	430	109	157	4	0.0001 Colloc0 430 2265 0.124011 104.535
1720	1	1823.05	16465.3	16454.8	10.5068	436	118	148	2	0.0001 Colloc0 436 2268 0.154109 115.741
1730	1	1833.24	16429.8	16419.8	10.0507	420	120	146	1	0.0001 Colloc0 420 2262 0.178708 92.4137
1740	1	1843.87	16334.8	16324.4	10.3346	425	114	152	3	0.0001 Colloc0 425 2267 0.157648 106.635
1750	1	1854.57	16518.3	16508.5	9.76058	437	103	163	2	0.0001 Colloc0 437 2239 0.219186 78.9686
1760	1	1865.25	16497.9	16487.8	10.1388	433	98	168	5	0.0001 Colloc0 433 2260 0.171366 96.7174
1770	1	1875.94	16506	16495.3	10.627	443	110	156	2	0.0001 Colloc0 443 2302 0.12556 122.306
1780	1	1886.88	16404	16393.5	10.4933	443	109	157	1	0.0001 Colloc0 443 2243 0.140889 115.017
1790	1	1897.63	16451.3	16440.8	10.4987	425	115	151	4	0.0001 Colloc0 425 2258 0.107473 115.306
1800	1	1908.48	16400.6	16390.5	10.055	431	119	147	3	0.0001 Colloc0 431 2233 0.185819 92.6241
1810	1	1919.17	16454.1	16444	10.1398	432	108	158	5	0.0001 Colloc0 432 2235 0.225216 96.7656
1820	1	1929.86	16353.9	16343.7	10.179	429	139	127	2	0.0001 Colloc0 429 2252 0.196269 98.7159
1830	1	1940.67	16445.9	16436	9.93362	431	112	154	2	0.0001 Colloc0 431 2255 0.200209 86.8523
1840	1	1951.48	16426	16415.3	10.6486	432	119	147	2	0.0001 Colloc0 432 2286 0.106886 123.498
1850	1	1962.01	16506	16495.2	10.7979	445	107	159	3	0.0001 Colloc0 445 2288 0.0766863 131.911
1860	1	1972.5	16459.7	16449.2	10.4202	428	114	152	3	0.0001 Colloc0 428 2255 0.15945 111.117
1870	1	1983.13	16537.9	16527.3	10.6273	438	111	155	2	0.0001 Colloc0 438 2262 0.0925554 122.322
1880	1	1993.73	16483.1	16472.5	10.6796	429	113	153	3	0.0001 Colloc0 429 2291 0.113931 125.228
1890	1	2004.4	16454.5	16443.9	10.5552	426	107	159	1	0.0001 Colloc0 426 2277 0.0870113 118.361
1900	1	2014.58	16471.1	16460.5	10.5555	436	109	157	4	0.0001 Colloc0 436 2269 0.118182 118.378
1910	1	2024.92	16519.5	16509	10.4844	448	117	149	0	0.0001 Colloc0 448 2271 0.148211 114.537
1920	1	2035.48	16430.7	16421.1	9.60442	423	110	156	3	0.0001 Colloc0 423 2254 0.216692 72.2101
1930	1	2046.16	16474.4	16464.1	10.2267	442	105	161	2	0.0001 Colloc0 442 2273 0.19613 101.111
1940	1	2056.77	16448.7	16438.5	10.2298	435	121	145	3	0.0001 Colloc0 435 2242 0.226154 101.267
1950	1	2067.34	16368.7	16358.5	10.1586	430	113	153	2	0.0001 Colloc0 430 2267 0.217894 97.7002
1960	1	2078.18	16466.4	16456.3	10.1163	440	110	156	1	0.0001 Colloc0 440 2274 0.222235 95.6094
1970	1	2088.89	16431.7	16422.1	9.64203	436	110	156	2	0.0001 Colloc0 436 2259 0.252041 73.8064
1980	1	2099.49	16273.7	16263.9	9.79383	426	131	135	1	0.0001 Colloc0 426 2251 0.214231 80.452
1990	1	2109.83	16362	16352.5	9.5003	431	129	137	2	0.0001 Colloc0 431 2267 0.268064 67.8966
2000	1	2119.98	16409.9	16399.8	10.0771	436	120	146	3	0.0001 Colloc0 436 2267 0.158519 93.6952
