# D = 0, E = 1, I = 1, P = 1, R = -1, n = 2000, N = 1, P = 1, w = 1, a = 0.0001, b = 10000, e = 1, f = 1, g = 100, h = 0.01, r = 4514, s = 1, S = 0, x = 10, m = 100, Z = 1, z = 0, T = 1, t = 1
# 5901 tokens in 266 sentences
#
# It	Temp	Time	-logP	-logPcorpus	-logPrior	tables	same	changed	reject	default_pya	(parent pym pyn pya pyb)*
0	1	0.846871	23815.2	23701.5	113.764	2000	0	266	0	0.0001 Colloc0 2000 2790 0.0001 10000
10	1	12.5971	18321.3	18309.7	11.6234	564	49	217	6	0.0001 Colloc0 564 2483 0.103302 182.385
20	1	23.4854	17642.3	17631.8	10.5253	467	72	194	4	0.0001 Colloc0 467 2417 0.136647 116.739
30	1	34.2398	17429	17418.4	10.5822	456	62	204	2	0.0001 Colloc0 456 2419 0.128477 119.84
40	1	44.5482	17396.7	17385.7	11.0448	462	70	196	4	0.0001 Colloc0 462 2406 0.0786077 146.328
50	1	55.1226	17174	17163.6	10.4146	453	73	193	6	0.0001 Colloc0 453 2408 0.161073 110.823
60	1	65.801	17148.7	17138.1	10.599	451	79	187	4	0.0001 Colloc0 451 2399 0.085294 120.763
70	1	76.3784	16948.5	16937.9	10.5936	445	100	166	1	0.0001 Colloc0 445 2387 0.0997934 120.465
80	1	86.6558	17030.8	17020.1	10.6979	443	104	162	3	0.0001 Colloc0 443 2371 0.0996296 126.252
90	1	97.1022	16980.3	16969.2	11.0781	447	96	170	2	0.0001 Colloc0 447 2367 0.0709926 148.32
100	1	107.622	17028.7	17018	10.7329	441	83	183	4	0.0001 Colloc0 441 2384 0.0647636 128.219
110	1	118.254	16983.9	16973.3	10.566	454	92	174	3	0.0001 Colloc0 454 2339 0.144579 118.954
120	1	128.492	16948.2	16937.4	10.8165	454	93	173	1	0.0001 Colloc0 454 2334 0.0993802 132.974
130	1	139.126	16900.6	16889.7	10.9275	436	102	164	5	0.0001 Colloc0 436 2357 0.104259 139.401
140	1	150.03	16871.7	16861.1	10.6076	439	96	170	6	0.0001 Colloc0 439 2364 0.101435 121.235
150	1	160.619	16918.9	16907.5	11.3669	457	98	168	3	0.0001 Colloc0 457 2311 0.00588859 166.033
160	1	171.267	16877.7	16867.2	10.4236	452	103	163	6	0.0001 Colloc0 452 2324 0.167911 111.299
170	1	181.958	16748.9	16738	10.8628	438	109	157	5	0.0001 Colloc0 438 2304 0.0806188 135.638
180	1	192.292	16851.9	16840.7	11.2088	451	94	172	9	0.0001 Colloc0 451 2314 0.00810183 156.242
190	1	202.622	16675.5	16664.8	10.7575	435	107	159	5	0.0001 Colloc0 435 2312 0.084478 129.606
200	1	213.158	16775.6	16764.6	11.0055	443	102	164	3	0.0001 Colloc0 443 2299 0.0616277 143.991
210	1	223.805	16708.1	16697.8	10.2261	442	100	166	4	0.0001 Colloc0 442 2290 0.172864 101.081
220	1	234.28	16719.7	16708.8	10.9293	436	117	149	8	0.0001 Colloc0 436 2312 0.0998639 139.506
230	1	244.773	16732.1	16721	11.093	433	107	159	3	0.0001 Colloc0 433 2295 0.0217383 149.213
240	1	255.066	16701	16690.4	10.603	425	121	145	3	0.0001 Colloc0 425 2314 0.102923 120.98
250	1	265.679	16724.9	16714.2	10.6715	443	119	147	5	0.0001 Colloc0 443 2306 0.120458 124.773
260	1	276.275	16838	16827.2	10.7646	441	96	170	6	0.0001 Colloc0 441 2294 0.0768775 130.011
270	1	286.984	16744.2	16733.8	10.4044	445	105	161	5	0.0001 Colloc0 445 2285 0.171009 110.282
280	1	297.385	16830.9	16820.4	10.5083	440	99	167	5	0.0001 Colloc0 440 2336 0.107723 115.822
290	1	308.271	16801.6	16791	10.5493	454	97	169	4	0.0001 Colloc0 454 2300 0.112444 118.041
300	1	318.947	16796.3	16785.8	10.5285	448	99	167	3	0.0001 Colloc0 448 2320 0.126967 116.912
310	1	329.16	16804.6	16793.6	10.921	449	101	165	5	0.0001 Colloc0 449 2310 0.0854046 139.021
320	1	339.872	16639.3	16629.2	10.1357	436	120	146	2	0.0001 Colloc0 436 2269 0.186041 96.5647
330	1	350.684	16701	16690.3	10.7609	443	103	163	3	0.0001 Colloc0 443 2238 0.0816565 129.805
340	1	361.481	16739.7	16728.9	10.7266	442	105	161	10	0.0001 Colloc0 442 2280 0.154615 127.864
350	1	372.195	16788.4	16777.4	11.0412	438	109	157	3	0.0001 Colloc0 438 2295 0.00191214 146.112
360	1	382.812	16858.8	16848.6	10.2365	458	97	169	5	0.0001 Colloc0 458 2306 0.186716 101.608
370	1	393.49	16839.7	16829	10.6583	446	101	165	6	0.0001 Colloc0 446 2298 0.0957182 124.04
380	1	404.409	16742.4	16733	9.42423	440	104	162	3	0.0001 Colloc0 440 2319 0.347299 64.8436
390	1	414.973	16723.3	16713.1	10.2696	448	99	167	3	0.0001 Colloc0 448 2342 0.204575 103.292
400	1	425.601	16664.6	16654.4	10.1711	439	104	162	2	0.0001 Colloc0 439 2295 0.193955 98.3194
410	1	436.188	16705.2	16694.6	10.5815	446	93	173	2	0.0001 Colloc0 446 2298 0.179545 119.8
420	1	446.746	16660.6	16649.5	11.0285	420	106	160	0	0.0001 Colloc0 420 2301 0.0617517 145.354
430	1	457.292	16648.5	16638.1	10.4024	433	105	161	4	0.0001 Colloc0 433 2287 0.137727 110.181
440	1	468.098	16657.5	16647.2	10.3654	429	98	168	4	0.0001 Colloc0 429 2300 0.131592 108.239
450	1	479.074	16538	16527.7	10.2975	421	109	157	4	0.0001 Colloc0 421 2318 0.13087 104.72
460	1	489.886	16484.4	16474.2	10.1927	439	118	148	3	0.0001 Colloc0 439 2282 0.269876 99.401
470	1	500.665	16600.6	16590.1	10.5466	439	106	160	3	0.0001 Colloc0 439 2294 0.0990275 117.898
480	1	511.512	16613.1	16602.7	10.3753	449	108	158	3	0.0001 Colloc0 449 2298 0.149378 108.755
490	1	522.35	16584.9	16574.7	10.1899	441	98	168	2	0.0001 Colloc0 441 2299 0.171449 99.2579
500	1	532.815	16516.4	16506.1	10.3791	419	123	143	3	0.0001 Colloc0 419 2281 0.161976 108.957
510	1	543.087	16640.1	16629.2	10.8637	435	95	171	1	0.0001 Colloc0 435 2291 0.0507646 135.687
520	1	553.649	16658	16647.4	10.5861	451	100	166	2	0.0001 Colloc0 451 2302 0.146994 120.052
530	1	563.973	16601.1	16590.6	10.5775	433	108	158	3	0.0001 Colloc0 433 2286 0.0917789 119.583
540	1	574.758	16626.4	16616	10.4206	444	108	158	2	0.0001 Colloc0 444 2272 0.147832 111.142
550	1	585.389	16588.6	16578.2	10.3524	445	120	146	5	0.0001 Colloc0 445 2287 0.130478 107.558
560	1	596.18	16484.9	16474.7	10.2716	440	117	149	2	0.0001 Colloc0 440 2260 0.190557 103.391
570	1	607.073	16512.6	16502.5	10.0777	440	122	144	2	0.0001 Colloc0 440 2282 0.207667 93.7219
580	1	617.84	16450.8	16440.1	10.6865	424	129	137	1	0.0001 Colloc0 424 2239 0.107699 125.609
590	1	628.371	16598.7	16588.1	10.6156	437	116	150	2	0.0001 Colloc0 437 2288 0.0922164 121.672
600	1	639.179	16702.7	16691.8	10.9576	440	97	169	4	0.0001 Colloc0 440 2300 0.0901085 141.164
610	1	649.958	16594.3	16584.3	9.99721	434	109	157	2	0.0001 Colloc0 434 2280 0.261665 89.8506
620	1	660.716	16695.5	16685.3	10.2296	436	98	168	2	0.0001 Colloc0 436 2294 0.178074 101.26
630	1	671.558	16473.5	16463.3	10.2943	450	108	158	2	0.0001 Colloc0 450 2261 0.209688 104.555
640	1	682.491	16441.9	16431.2	10.6423	430	107	159	1	0.0001 Colloc0 430 2270 0.107643 123.15
650	1	693.441	16522.5	16512.5	10.0545	432	113	153	3	0.0001 Colloc0 432 2256 0.196597 92.5994
660	1	704.362	16537.1	16526.7	10.447	427	115	151	1	0.0001 Colloc0 427 2268 0.201127 112.541
670	1	715.166	16507.7	16497.9	9.8029	442	110	156	1	0.0001 Colloc0 442 2274 0.289209 80.8589
680	1	725.817	16536.6	16526.7	9.95442	423	119	147	2	0.0001 Colloc0 423 2298 0.178177 87.8273
690	1	736.681	16536.3	16526.4	9.93922	445	115	151	1	0.0001 Colloc0 445 2259 0.229039 87.1141
700	1	747.359	16647.3	16637.2	10.1439	447	103	163	2	0.0001 Colloc0 447 2278 0.227014 96.97
710	1	757.733	16512.7	16502.1	10.5797	420	112	154	2	0.0001 Colloc0 420 2292 0.104009 119.704
720	1	768.562	16548.2	16538	10.1189	428	104	162	3	0.0001 Colloc0 428 2303 0.191429 95.7389
730	1	779.421	16529.7	16519	10.705	451	114	152	0	0.0001 Colloc0 451 2271 0.155078 126.646
740	1	790.231	16557	16546.4	10.6096	437	107	159	3	0.0001 Colloc0 437 2284 0.118982 121.343
750	1	800.874	16590	16579.2	10.8367	435	102	164	3	0.0001 Colloc0 435 2264 0.0816158 134.131
760	1	811.601	16431	16421.3	9.76683	430	133	133	3	0.0001 Colloc0 430 2262 0.262625 79.2464
770	1	822.407	16444.9	16435.2	9.69046	431	120	146	2	0.0001 Colloc0 431 2282 0.242676 75.8915
780	1	833.184	16490.7	16480.2	10.545	435	109	157	5	0.0001 Colloc0 435 2283 0.178941 117.809
790	1	843.537	16604.3	16593.7	10.5771	435	102	164	2	0.0001 Colloc0 435 2266 0.1158 119.562
800	1	854.313	16513.2	16503.2	10.0427	429	105	161	1	0.0001 Colloc0 429 2260 0.175613 92.0308
810	1	865.127	16502.1	16492.5	9.64767	439	116	150	0	0.0001 Colloc0 439 2268 0.210426 74.0475
820	1	875.861	16472.6	16462.8	9.79833	426	130	136	3	0.0001 Colloc0 426 2296 0.229065 80.6536
830	1	886.574	16549.1	16539.3	9.84086	444	108	158	1	0.0001 Colloc0 444 2313 0.213892 82.5753
840	1	897.219	16409.4	16399	10.4099	435	119	147	1	0.0001 Colloc0 435 2274 0.16896 110.577
850	1	907.874	16594.3	16583.6	10.6658	446	103	163	2	0.0001 Colloc0 446 2263 0.118587 124.457
860	1	918.492	16636.6	16626.6	10.0093	450	100	166	2	0.0001 Colloc0 450 2252 0.206933 90.4289
870	1	929.055	16619.6	16609.2	10.467	458	104	162	2	0.0001 Colloc0 458 2264 0.184855 113.607
880	1	939.925	16427.7	16417.9	9.81272	430	110	156	3	0.0001 Colloc0 430 2258 0.221564 81.3013
890	1	950.909	16566.7	16556.6	10.0592	447	106	160	3	0.0001 Colloc0 447 2241 0.235035 92.8239
900	1	961.614	16433.7	16424.5	9.27117	429	116	150	2	0.0001 Colloc0 429 2240 0.292434 58.9582
910	1	972.227	16447.2	16436.9	10.384	425	115	151	1	0.0001 Colloc0 425 2224 0.137692 109.213
920	1	982.815	16505.4	16495.5	9.90864	443	107	159	0	0.0001 Colloc0 443 2289 0.224927 85.6892
930	1	993.543	16516.4	16505.9	10.4452	450	107	159	0	0.0001 Colloc0 450 2289 0.182169 112.445
940	1	1004.33	16396.8	16385.9	10.871	423	125	141	2	0.0001 Colloc0 423 2224 0.0542857 136.112
950	1	1014.99	16525.4	16515.3	10.0938	451	108	158	3	0.0001 Colloc0 451 2222 0.220937 94.5096
960	1	1025.74	16508	16498.3	9.75485	446	112	154	3	0.0001 Colloc0 446 2230 0.259101 78.7145
970	1	1036.72	16522.4	16511.4	10.9865	447	112	154	2	0.0001 Colloc0 447 2217 0.103788 142.867
980	1	1047.5	16625.9	16615.6	10.2688	435	97	169	2	0.0001 Colloc0 435 2272 0.217374 103.247
990	1	1058.13	16515.2	16504.6	10.6589	448	114	152	1	0.0001 Colloc0 448 2254 0.113231 124.072
1000	1	1068.65	16529.4	16518.9	10.4749	435	114	152	2	0.0001 Colloc0 435 2261 0.152215 114.03
1010	1	1079.38	16637.3	16626.9	10.3649	453	104	162	1	0.0001 Colloc0 453 2270 0.215907 108.213
1020	1	1089.94	16519.1	16508.4	10.6632	431	105	161	3	0.0001 Colloc0 431 2241 0.108309 124.309
1030	1	1100.82	16538.5	16528.5	9.98686	439	110	156	4	0.0001 Colloc0 439 2283 0.236895 89.3592
1040	1	1111.35	16523.7	16513.3	10.3834	426	98	168	1	0.0001 Colloc0 426 2275 0.149026 109.178
1050	1	1121.71	16672	16660.9	11.0287	452	99	167	5	0.0001 Colloc0 452 2293 0.0969203 145.367
1060	1	1132.32	16524.3	16514	10.3291	438	115	151	6	0.0001 Colloc0 438 2260 0.156477 106.353
1070	1	1143.13	16569.9	16559.3	10.6274	433	108	158	0	0.0001 Colloc0 433 2256 0.150777 122.325
1080	1	1153.39	16521	16510.6	10.3643	428	109	157	2	0.0001 Colloc0 428 2243 0.15854 108.18
1090	1	1164	16423.1	16412.8	10.3073	433	131	135	4	0.0001 Colloc0 433 2245 0.185873 105.222
1100	1	1174.79	16513.1	16502.6	10.4949	441	109	157	2	0.0001 Colloc0 441 2273 0.154622 115.099
1110	1	1185.59	16510.5	16500.2	10.3918	434	114	152	3	0.0001 Colloc0 434 2269 0.177537 109.619
1120	1	1196.45	16576	16565.4	10.6144	433	99	167	3	0.0001 Colloc0 433 2281 0.167797 121.607
1130	1	1207	16414.9	16404.3	10.5383	409	120	146	1	0.0001 Colloc0 409 2272 0.0803165 117.444
1140	1	1217.85	16404.7	16394.5	10.1425	425	115	151	2	0.0001 Colloc0 425 2246 0.174763 96.8992
1150	1	1228.55	16643.1	16632.9	10.2368	448	86	180	3	0.0001 Colloc0 448 2284 0.174481 101.62
1160	1	1239.09	16553.2	16542.5	10.6105	427	93	173	3	0.0001 Colloc0 427 2260 0.0952743 121.393
1170	1	1249.91	16486.4	16476.2	10.1733	439	99	167	3	0.0001 Colloc0 439 2244 0.192335 98.4329
1180	1	1260.44	16537.3	16527.2	10.0913	433	97	169	1	0.0001 Colloc0 433 2246 0.179996 94.3855
1190	1	1270.92	16475.5	16465.5	9.94709	439	93	173	3	0.0001 Colloc0 439 2233 0.241698 87.483
1200	1	1281.57	16461.2	16450.7	10.5558	421	104	162	3	0.0001 Colloc0 421 2240 0.0881956 118.397
1210	1	1292.21	16499.2	16488.5	10.7149	435	100	166	3	0.0001 Colloc0 435 2225 0.0893134 127.203
1220	1	1302.8	16489.1	16478.9	10.1533	444	104	162	3	0.0001 Colloc0 444 2243 0.227574 97.4356
1230	1	1313.65	16493.9	16483.4	10.448	441	93	173	2	0.0001 Colloc0 441 2230 0.171789 112.592
1240	1	1324.34	16639.9	16629.3	10.5809	442	76	190	0	0.0001 Colloc0 442 2225 0.177799 119.767
1250	1	1335.1	16651.2	16641.4	9.8321	441	96	170	0	0.0001 Colloc0 441 2231 0.217161 82.1775
1260	1	1345.97	16640.1	16629.8	10.2347	440	92	174	2	0.0001 Colloc0 440 2271 0.201639 101.517
1270	1	1356.32	16535.3	16524.5	10.8057	427	84	182	1	0.0001 Colloc0 427 2255 0.0660285 132.355
1280	1	1366.73	16439.8	16429.3	10.5338	430	93	173	2	0.0001 Colloc0 430 2267 0.16321 117.203
1290	1	1377.37	16349.8	16339.3	10.4387	438	125	141	3	0.0001 Colloc0 438 2277 0.150393 112.1
1300	1	1388.18	16328	16317.8	10.1712	421	127	139	2	0.0001 Colloc0 421 2244 0.104746 98.3265
1310	1	1398.86	16452.7	16441.8	10.9672	421	119	147	2	0.0001 Colloc0 421 2237 0.0542959 141.727
1320	1	1408.95	16395.9	16386	9.87067	431	124	142	1	0.0001 Colloc0 431 2250 0.227447 83.9371
1330	1	1419.53	16487.4	16476.3	11.0647	437	117	149	7	0.0001 Colloc0 437 2266 0.0315142 147.519
1340	1	1430.18	16479.9	16469.3	10.6381	441	102	164	2	0.0001 Colloc0 441 2255 0.0965415 122.919
1350	1	1440.64	16368.4	16358.5	9.87863	423	116	150	3	0.0001 Colloc0 423 2267 0.223603 84.3029
1360	1	1451.53	16460.1	16449	11.0617	443	129	137	0	0.0001 Colloc0 443 2251 0.122019 147.339
1370	1	1462.44	16412.4	16402.3	10.1529	448	122	144	1	0.0001 Colloc0 448 2238 0.218736 97.4142
1380	1	1473.13	16461	16450.9	10.0773	456	106	160	0	0.0001 Colloc0 456 2260 0.233979 93.7039
1390	1	1483.52	16278.7	16268.9	9.8673	439	126	140	2	0.0001 Colloc0 439 2212 0.292815 83.7824
1400	1	1494.27	16357.6	16347.9	9.76369	434	120	146	2	0.0001 Colloc0 434 2220 0.210493 79.1066
1410	1	1505.14	16332.2	16321.7	10.499	428	130	136	1	0.0001 Colloc0 428 2231 0.182039 115.324
1420	1	1515.39	16335.7	16325.2	10.4998	427	132	134	2	0.0001 Colloc0 427 2255 0.141908 115.366
1430	1	1525.79	16317.4	16307.5	9.8555	420	125	141	4	0.0001 Colloc0 420 2243 0.24135 83.2427
1440	1	1536.5	16323.8	16313.8	9.98551	423	127	139	1	0.0001 Colloc0 423 2217 0.215203 89.295
1450	1	1547.3	16378.1	16368.2	9.90944	433	122	144	5	0.0001 Colloc0 433 2250 0.235691 85.7261
1460	1	1557.91	16398.4	16388.4	9.9611	430	131	135	5	0.0001 Colloc0 430 2249 0.188889 88.1413
1470	1	1568.67	16441.3	16430.3	10.9458	450	114	152	3	0.0001 Colloc0 450 2280 0.112437 140.474
1480	1	1579.4	16362.7	16352.7	9.99432	429	118	148	3	0.0001 Colloc0 429 2256 0.292263 89.7133
1490	1	1590.2	16460.7	16450.3	10.42	442	108	158	2	0.0001 Colloc0 442 2262 0.134553 111.105
1500	1	1601.07	16332.1	16321.6	10.4868	429	110	156	2	0.0001 Colloc0 429 2239 0.168453 114.668
1510	1	1611.75	16384.2	16374.9	9.39018	429	119	147	1	0.0001 Colloc0 429 2269 0.35212 63.5047
1520	1	1622.61	16357.3	16347	10.3044	422	119	147	0	0.0001 Colloc0 422 2235 0.113193 105.076
1530	1	1633.33	16413.2	16403.2	9.94357	429	109	157	0	0.0001 Colloc0 429 2247 0.22647 87.3181
1540	1	1644	16304.8	16294.4	10.3875	431	112	154	1	0.0001 Colloc0 431 2251 0.144845 109.393
1550	1	1654.92	16323.2	16312.9	10.2953	437	123	143	1	0.0001 Colloc0 437 2262 0.185667 104.607
1560	1	1665.78	16403.2	16393.2	10.0026	446	110	156	1	0.0001 Colloc0 446 2243 0.249506 90.1087
1570	1	1676.78	16418.6	16408.2	10.3889	430	113	153	1	0.0001 Colloc0 430 2255 0.202074 109.466
1580	1	1687.73	16443.8	16433.7	10.1182	443	110	156	1	0.0001 Colloc0 443 2242 0.236997 95.7029
1590	1	1698.24	16412.6	16402.7	9.84265	434	111	155	2	0.0001 Colloc0 434 2259 0.229215 82.657
1600	1	1708.78	16500.1	16489.8	10.3302	454	105	161	3	0.0001 Colloc0 454 2239 0.19382 106.406
1610	1	1719.09	16391.9	16381.4	10.4727	439	116	150	1	0.0001 Colloc0 439 2276 0.184505 113.911
1620	1	1729.7	16329.1	16318.5	10.5404	431	135	131	2	0.0001 Colloc0 431 2237 0.161382 117.559
1630	1	1740.29	16418.8	16408.3	10.5402	435	115	151	3	0.0001 Colloc0 435 2238 0.134995 117.551
1640	1	1750.8	16401	16390.3	10.7159	444	130	136	1	0.0001 Colloc0 444 2230 0.086925 127.261
1650	1	1761.06	16314.9	16304.3	10.5914	446	117	149	2	0.0001 Colloc0 446 2233 0.137532 120.343
1660	1	1771.24	16380.1	16369.8	10.3785	422	126	140	4	0.0001 Colloc0 422 2237 0.10311 108.924
1670	1	1781.46	16441.9	16431.5	10.3326	445	107	159	2	0.0001 Colloc0 445 2224 0.187221 106.529
1680	1	1791.79	16342.7	16332.2	10.4268	427	123	143	4	0.0001 Colloc0 427 2220 0.203145 111.468
1690	1	1802.39	16396.1	16385.5	10.6249	443	112	154	5	0.0001 Colloc0 443 2237 0.107761 122.186
1700	1	1813.08	16335.4	16325	10.3861	428	120	146	3	0.0001 Colloc0 428 2227 0.143802 109.319
1710	1	1823.61	16379.2	16368.8	10.3371	431	114	152	2	0.0001 Colloc0 431 2205 0.166438 106.763
1720	1	1834.3	16425	16415	10.0425	438	113	153	1	0.0001 Colloc0 438 2202 0.198098 92.0187
1730	1	1844.87	16407.4	16396.7	10.6346	434	115	151	5	0.0001 Colloc0 434 2222 0.134758 122.723
1740	1	1855.47	16398.1	16387.6	10.5116	435	122	144	2	0.0001 Colloc0 435 2235 0.143747 116
1750	1	1866.22	16275	16264.9	10.0854	430	125	141	2	0.0001 Colloc0 430 2223 0.200906 94.098
1760	1	1876.81	16320.1	16310.2	9.87198	415	129	137	1	0.0001 Colloc0 415 2243 0.219128 83.9972
1770	1	1887.25	16299.2	16289.1	10.0709	431	123	143	2	0.0001 Colloc0 431 2238 0.194783 93.3909
1780	1	1898.08	16327.6	16317.6	9.92397	419	116	150	1	0.0001 Colloc0 419 2228 0.17277 86.402
1790	1	1908.54	16507.8	16497.2	10.641	434	103	163	3	0.0001 Colloc0 434 2250 0.139273 123.076
1800	1	1918.65	16540.1	16529.2	10.9017	441	101	165	4	0.0001 Colloc0 441 2254 0.0934754 137.896
1810	1	1928.98	16360.9	16350.7	10.1401	415	124	142	2	0.0001 Colloc0 415 2234 0.125197 96.7843
1820	1	1939.62	16373	16363.6	9.40542	428	108	158	3	0.0001 Colloc0 428 2238 0.278049 64.1018
1830	1	1949.95	16338.6	16328.2	10.3996	429	116	150	3	0.0001 Colloc0 429 2247 0.157362 110.034
1840	1	1960.21	16353.6	16343.5	10.0856	435	121	145	2	0.0001 Colloc0 435 2240 0.236408 94.1062
1850	1	1970.98	16402.9	16393.1	9.87797	439	105	161	3	0.0001 Colloc0 439 2237 0.243929 84.2725
1860	1	1981.44	16423.2	16412.3	10.9205	430	105	161	3	0.0001 Colloc0 430 2225 0.0917516 138.992
1870	1	1992.02	16340	16329.9	10.0217	425	108	158	2	0.0001 Colloc0 425 2225 0.187692 91.0188
1880	1	2002.89	16402.4	16391.3	11.0789	431	96	170	2	0.0001 Colloc0 431 2222 0.032649 148.366
1890	1	2013.54	16377.2	16366.9	10.216	432	124	142	3	0.0001 Colloc0 432 2251 0.186775 100.57
1900	1	2023.89	16335.1	16325	10.1309	434	104	162	3	0.0001 Colloc0 434 2226 0.216477 96.3287
1910	1	2034.37	16322.7	16312.2	10.5463	429	122	144	4	0.0001 Colloc0 429 2234 0.139764 117.88
1920	1	2044.36	16375.9	16366	9.93733	435	116	150	3	0.0001 Colloc0 435 2257 0.223849 87.0259
1930	1	2054.43	16270.3	16259.4	10.8895	413	122	144	1	0.0001 Colloc0 413 2219 0.0203612 137.186
1940	1	2064.46	16334	16323.8	10.2352	436	114	152	3	0.0001 Colloc0 436 2236 0.175421 101.542
1950	1	2074.85	16325.1	16315.3	9.81842	426	113	153	1	0.0001 Colloc0 426 2217 0.188705 81.5583
1960	1	2084.95	16436.4	16425.3	11.0243	439	102	164	5	0.0001 Colloc0 439 2237 0.0837234 145.109
1970	1	2095.44	16435.6	16425.2	10.4681	426	110	156	3	0.0001 Colloc0 426 2233 0.112559 113.664
1980	1	2105.59	16442.8	16431.8	11.0107	434	107	159	2	0.0001 Colloc0 434 2240 0.0397148 144.3
1990	1	2115.9	16343.2	16332.8	10.4582	433	121	145	3	0.0001 Colloc0 433 2217 0.118237 113.138
2000	1	2125.71	16365.8	16355.3	10.4993	441	119	147	0	0.0001 Colloc0 441 2239 0.148535 115.339
