# D = 0, E = 1, I = 1, P = 1, R = -1, n = 2000, N = 1, P = 1, w = 1, a = 0.0001, b = 10000, e = 1, f = 1, g = 100, h = 0.01, r = 24785, s = 1, S = 0, x = 10, m = 100, Z = 1, z = 0, T = 1, t = 1
# 90585 tokens in 8248 sentences
#
# It	Temp	Time	-logP	-logPcorpus	-logPrior	tables	same	changed	reject	default_pya	(parent pym pyn pya pyb)*
0	1	8.19875	297861	297747	113.764	8167	0	8248	0	0.0001 Colloc0 8167 36432 0.0001 10000
10	1	117.446	252112	252097	14.8023	2146	2685	5563	5	0.0001 Colloc0 2146 33845 0.0750244 418.134
20	1	207.41	245765	245751	14.0043	1794	3046	5202	8	0.0001 Colloc0 1794 33652 0.0470806 354.642
30	1	298.396	242578	242564	13.9373	1686	3293	4955	2	0.0001 Colloc0 1686 33504 0.0146566 349.411
40	1	389.039	240311	240297	13.974	1620	3482	4766	8	0.0001 Colloc0 1620 33528 0.0160683 352.273
50	1	478.994	237973	237960	13.1703	1604	3733	4515	4	0.0001 Colloc0 1604 33346 0.053861 290.863
60	1	564.901	236065	236051	13.4394	1570	4030	4218	3	0.0001 Colloc0 1570 33276 0.0213174 311.113
70	1	653.235	234215	234202	12.9862	1556	4183	4065	4	0.0001 Colloc0 1556 33195 0.0573543 277.213
80	1	725.532	232866	232853	13.2892	1527	4399	3849	3	0.0001 Colloc0 1527 33120 0.0348797 299.771
90	1	796.545	231842	231829	12.9794	1551	4548	3700	3	0.0001 Colloc0 1551 33056 0.0716355 276.711
100	1	867.919	230717	230705	12.4248	1532	4694	3554	5	0.0001 Colloc0 1532 32989 0.0976544 236.713
110	1	938.627	230119	230106	12.8074	1543	4783	3465	4	0.0001 Colloc0 1543 32979 0.0827196 264.123
120	1	1009.57	229199	229185	13.0472	1523	4989	3259	6	0.0001 Colloc0 1523 32926 0.039012 281.718
130	1	1080.72	229180	229167	12.2374	1512	4932	3316	3	0.0001 Colloc0 1512 32926 0.118123 223.61
140	1	1150.56	228309	228296	12.5383	1501	4976	3272	5	0.0001 Colloc0 1501 32851 0.0834867 244.754
150	1	1221.24	227521	227508	12.3876	1502	5137	3111	7	0.0001 Colloc0 1502 32837 0.105978 234.095
160	1	1291.13	226419	226406	12.9947	1479	5389	2859	5	0.0001 Colloc0 1479 32785 0.0423341 277.843
170	1	1360.85	226554	226542	12.0589	1495	5261	2987	5	0.0001 Colloc0 1495 32712 0.118523 211.345
180	1	1431.68	226656	226644	12.5095	1476	5162	3086	4	0.0001 Colloc0 1476 32733 0.0938089 242.705
190	1	1501.32	226781	226769	12.3296	1508	5095	3153	6	0.0001 Colloc0 1508 32674 0.113838 230.029
200	1	1571.18	226103	226091	11.93	1515	5288	2960	4	0.0001 Colloc0 1515 32630 0.139632 202.621
210	1	1642.22	225783	225771	12.6349	1505	5318	2930	4	0.0001 Colloc0 1505 32595 0.0793624 251.661
220	1	1710.77	225778	225766	12.134	1504	5292	2956	3	0.0001 Colloc0 1504 32569 0.109182 216.477
230	1	1778.68	224857	224844	12.3558	1519	5419	2829	3	0.0001 Colloc0 1519 32463 0.106697 231.863
240	1	1845.26	224615	224602	12.2045	1522	5473	2775	6	0.0001 Colloc0 1522 32395 0.119962 221.33
250	1	1911.68	223813	223802	11.923	1502	5549	2699	2	0.0001 Colloc0 1502 32393 0.12066 202.151
260	1	1976.72	223940	223928	12.5726	1496	5475	2773	7	0.0001 Colloc0 1496 32346 0.0790937 247.2
270	1	2041.55	224602	224590	12.2187	1505	5316	2932	3	0.0001 Colloc0 1505 32418 0.116547 222.313
280	1	2105.52	224393	224380	12.3112	1519	5322	2926	3	0.0001 Colloc0 1519 32378 0.111126 228.741
290	1	2169.12	223925	223912	12.3505	1510	5498	2750	4	0.0001 Colloc0 1510 32343 0.110828 231.49
300	1	2232.1	223220	223207	12.2945	1495	5546	2702	2	0.0001 Colloc0 1495 32316 0.103554 227.579
310	1	2295.39	222953	222941	12.4095	1511	5645	2603	3	0.0001 Colloc0 1511 32257 0.101358 235.634
320	1	2358.63	221493	221481	11.9192	1511	6005	2243	6	0.0001 Colloc0 1511 32188 0.128396 201.896
330	1	2422.19	222037	222025	11.8719	1491	5957	2291	5	0.0001 Colloc0 1491 32211 0.136917 198.73
340	1	2483.61	221073	221061	12.0857	1448	5960	2288	2	0.0001 Colloc0 1448 32168 0.127109 213.172
350	1	2545.27	221495	221483	11.9947	1502	5858	2390	4	0.0001 Colloc0 1502 32168 0.129201 206.988
360	1	2607.14	221426	221414	12.4557	1503	5786	2462	4	0.0001 Colloc0 1503 32097 0.103145 238.895
370	1	2669.18	221985	221973	11.4952	1508	5667	2581	1	0.0001 Colloc0 1508 32129 0.169115 174.143
380	1	2730.72	221477	221465	11.9314	1513	5734	2514	3	0.0001 Colloc0 1513 32086 0.135632 202.716
390	1	2792.53	221563	221551	11.8748	1502	5743	2505	3	0.0001 Colloc0 1502 32064 0.138011 198.923
400	1	2852.79	221152	221140	11.9874	1486	5763	2485	1	0.0001 Colloc0 1486 32071 0.128785 206.491
410	1	2914.17	221390	221378	12.1013	1518	5740	2508	3	0.0001 Colloc0 1518 32032 0.143971 214.238
420	1	2975.44	221215	221203	11.5146	1500	5735	2513	3	0.0001 Colloc0 1500 32014 0.167005 175.377
430	1	3036.98	221044	221032	11.7695	1523	5721	2527	2	0.0001 Colloc0 1523 31975 0.152072 191.938
440	1	3098.59	220973	220960	12.2377	1483	5786	2462	3	0.0001 Colloc0 1483 31994 0.101062 223.625
450	1	3159.35	220940	220928	12.352	1516	5912	2336	1	0.0001 Colloc0 1516 31963 0.118899 231.592
460	1	3218.87	221209	221197	12.0995	1489	5783	2465	3	0.0001 Colloc0 1489 31966 0.117545 214.115
470	1	3275.39	220828	220815	12.5319	1515	5965	2283	4	0.0001 Colloc0 1515 31921 0.0887063 244.299
480	1	3335.12	221195	221183	12.1455	1506	5883	2365	2	0.0001 Colloc0 1506 31953 0.105308 217.264
490	1	3395.74	221399	221386	12.9924	1514	5843	2405	3	0.0001 Colloc0 1514 31932 0.088259 277.67
500	1	3456.75	221331	221318	12.5452	1526	5882	2366	6	0.0001 Colloc0 1526 31894 0.102268 245.244
510	1	3516.72	221140	221127	12.33	1521	5919	2329	2	0.0001 Colloc0 1521 31918 0.10291 230.052
520	1	3576.93	221030	221018	12.0737	1518	5906	2342	3	0.0001 Colloc0 1518 31900 0.133411 212.35
530	1	3637.61	220879	220867	12.0464	1494	5920	2328	4	0.0001 Colloc0 1494 31921 0.110942 210.494
540	1	3698.33	220744	220732	12.2335	1516	5944	2304	3	0.0001 Colloc0 1516 31885 0.130059 223.34
550	1	3759.27	220545	220532	12.6361	1502	5944	2304	4	0.0001 Colloc0 1502 31867 0.0892665 251.742
560	1	3820.15	220248	220236	12.0009	1536	6028	2220	3	0.0001 Colloc0 1536 31855 0.135673 207.406
570	1	3880.52	221177	221165	12.6531	1516	5860	2388	6	0.0001 Colloc0 1516 31833 0.0956238 252.968
580	1	3941.25	221704	221691	12.704	1530	5646	2602	3	0.0001 Colloc0 1530 31823 0.114237 256.631
590	1	4000.19	220950	220938	12.5572	1496	5702	2546	1	0.0001 Colloc0 1496 31812 0.0817217 246.098
600	1	4059.95	220785	220772	12.4874	1546	5744	2504	1	0.0001 Colloc0 1546 31756 0.123692 241.137
610	1	4118.39	220829	220817	12.377	1516	5718	2530	5	0.0001 Colloc0 1516 31831 0.109675 233.348
620	1	4178.22	220656	220644	12.2396	1504	5758	2490	1	0.0001 Colloc0 1504 31815 0.108786 223.759
630	1	4237.5	220490	220477	12.7599	1524	5773	2475	4	0.0001 Colloc0 1524 31750 0.106716 260.67
640	1	4297.42	220128	220116	12.1379	1530	5893	2355	2	0.0001 Colloc0 1530 31717 0.142257 216.746
650	1	4357.57	220085	220073	12.1488	1536	5923	2325	2	0.0001 Colloc0 1536 31770 0.13781 217.49
660	1	4417.86	219870	219859	11.6481	1520	5991	2257	1	0.0001 Colloc0 1520 31763 0.1641 183.986
670	1	4476.72	219987	219975	12.0324	1513	5959	2289	3	0.0001 Colloc0 1513 31749 0.133629 209.539
680	1	4535.61	220023	220010	12.2265	1511	5888	2360	2	0.0001 Colloc0 1511 31728 0.115728 222.854
690	1	4596.6	219454	219442	11.9456	1518	6036	2212	3	0.0001 Colloc0 1518 31703 0.14336 203.672
700	1	4657.91	220088	220076	12.1997	1545	5951	2297	1	0.0001 Colloc0 1545 31703 0.12375 221
710	1	4718.31	219831	219819	12.0843	1541	5941	2307	2	0.0001 Colloc0 1541 31687 0.136558 213.073
720	1	4775.08	219914	219902	12.1034	1548	5939	2309	2	0.0001 Colloc0 1548 31686 0.127591 214.382
730	1	4834.72	220253	220241	11.9357	1535	5832	2416	4	0.0001 Colloc0 1535 31701 0.146326 203.005
740	1	4894.98	220714	220702	12.5908	1550	5650	2598	2	0.0001 Colloc0 1550 31709 0.0996881 248.497
750	1	4954.39	219982	219970	12.132	1535	5846	2402	6	0.0001 Colloc0 1535 31715 0.157437 216.342
760	1	5013.45	219777	219764	12.739	1493	5907	2341	6	0.0001 Colloc0 1493 31672 0.077312 259.163
770	1	5073.16	220590	220577	12.4264	1529	5720	2528	2	0.0001 Colloc0 1529 31681 0.116769 236.819
780	1	5132.03	220558	220546	12.3012	1523	5655	2593	5	0.0001 Colloc0 1523 31670 0.109933 228.041
790	1	5191.32	220264	220252	12.138	1543	5798	2450	4	0.0001 Colloc0 1543 31670 0.149194 216.749
800	1	5251.2	220133	220121	12.0158	1553	5882	2366	2	0.0001 Colloc0 1553 31659 0.149842 208.413
810	1	5311.69	219541	219529	12.0661	1536	5990	2258	4	0.0001 Colloc0 1536 31659 0.133193 211.835
820	1	5371.24	219793	219781	12.3752	1547	5924	2324	1	0.0001 Colloc0 1547 31595 0.131964 233.22
830	1	5430.91	219674	219662	12.4676	1514	5932	2316	3	0.0001 Colloc0 1514 31625 0.102507 239.731
840	1	5489.14	219817	219805	11.354	1552	5966	2282	3	0.0001 Colloc0 1552 31669 0.183164 165.223
850	1	5546.86	219611	219599	12.5366	1531	5922	2326	3	0.0001 Colloc0 1531 31613 0.0916418 244.632
860	1	5605.89	219783	219771	11.8917	1536	5865	2383	3	0.0001 Colloc0 1536 31593 0.148349 200.056
870	1	5664.29	219441	219429	11.8653	1517	5979	2269	2	0.0001 Colloc0 1517 31579 0.152353 198.291
880	1	5723.73	218931	218918	12.529	1517	6073	2175	5	0.0001 Colloc0 1517 31581 0.0947712 244.088
890	1	5782.66	219340	219328	12.2559	1518	5873	2375	3	0.0001 Colloc0 1518 31548 0.117222 224.891
900	1	5839.73	220086	220074	12.2788	1516	5729	2519	4	0.0001 Colloc0 1516 31563 0.103555 226.486
910	1	5894.38	219440	219428	11.6605	1546	5836	2412	3	0.0001 Colloc0 1546 31501 0.153229 184.792
920	1	5954.16	218702	218690	12.0733	1515	5896	2352	1	0.0001 Colloc0 1515 31494 0.136928 212.323
930	1	6011.36	218957	218945	12.1852	1550	6049	2199	3	0.0001 Colloc0 1550 31547 0.140267 219.998
940	1	6068.99	219169	219156	12.1806	1497	5905	2343	2	0.0001 Colloc0 1497 31563 0.117069 219.684
950	1	6124.54	218727	218714	12.1503	1513	6050	2198	3	0.0001 Colloc0 1513 31510 0.130012 217.593
960	1	6182.04	219145	219133	11.6844	1500	5926	2322	3	0.0001 Colloc0 1500 31526 0.147293 186.352
970	1	6239.47	219807	219795	12.1958	1530	5827	2421	2	0.0001 Colloc0 1530 31528 0.122139 220.727
980	1	6296.87	219712	219700	12.1184	1569	5807	2441	2	0.0001 Colloc0 1569 31535 0.140452 215.404
990	1	6355.31	219790	219778	12.5093	1544	5802	2446	1	0.0001 Colloc0 1544 31551 0.122781 242.689
1000	1	6412.46	219776	219763	12.2448	1527	5831	2417	0	0.0001 Colloc0 1527 31529 0.109586 224.121
1010	1	6470.6	219091	219078	12.4682	1535	6013	2235	1	0.0001 Colloc0 1535 31431 0.111174 239.779
1020	1	6527.56	218819	218807	11.9131	1543	5814	2434	2	0.0001 Colloc0 1543 31362 0.147629 201.488
1030	1	6584.75	218214	218201	12.3391	1500	6028	2220	2	0.0001 Colloc0 1500 31362 0.120922 230.688
1040	1	6641.93	218558	218546	12.1407	1526	5875	2373	2	0.0001 Colloc0 1526 31347 0.124031 216.938
1050	1	6697.63	218724	218711	12.4931	1527	5863	2385	2	0.0001 Colloc0 1527 31333 0.106177 241.538
1060	1	6754.54	218690	218677	12.2461	1504	5903	2345	0	0.0001 Colloc0 1504 31355 0.116801 224.209
1070	1	6812.83	218134	218121	12.3806	1534	6029	2219	1	0.0001 Colloc0 1534 31315 0.120199 233.599
1080	1	6867.32	217500	217487	12.3869	1520	6084	2164	0	0.0001 Colloc0 1520 31277 0.118791 234.045
1090	1	6921.73	217840	217828	12.0133	1523	6047	2201	1	0.0001 Colloc0 1523 31312 0.144974 208.246
1100	1	6974.74	217889	217877	12.2502	1500	5969	2279	1	0.0001 Colloc0 1500 31305 0.116284 224.496
1110	1	7030.93	217935	217923	12.4289	1552	6041	2207	2	0.0001 Colloc0 1552 31313 0.126379 236.997
1120	1	7085.32	217760	217747	12.4666	1514	6097	2151	3	0.0001 Colloc0 1514 31310 0.0945842 239.66
1130	1	7138.67	217888	217875	12.511	1508	6075	2173	1	0.0001 Colloc0 1508 31312 0.103568 242.814
1140	1	7195.27	217979	217966	12.1384	1528	6051	2197	1	0.0001 Colloc0 1528 31266 0.126565 216.781
1150	1	7250.48	218083	218071	12.5099	1560	5967	2281	3	0.0001 Colloc0 1560 31266 0.108769 242.73
1160	1	7306.25	217764	217751	12.5903	1527	6057	2191	0	0.0001 Colloc0 1527 31272 0.10235 248.466
1170	1	7362.51	217939	217927	11.9775	1541	6017	2231	0	0.0001 Colloc0 1541 31317 0.130281 205.821
1180	1	7419.16	217620	217608	11.6433	1525	6071	2177	3	0.0001 Colloc0 1525 31264 0.190631 183.677
1190	1	7475.4	217924	217912	12.1193	1538	6005	2243	2	0.0001 Colloc0 1538 31259 0.123971 215.469
1200	1	7528.44	217930	217919	11.8838	1544	6122	2126	6	0.0001 Colloc0 1544 31273 0.140174 199.529
1210	1	7583.78	217968	217955	12.3281	1550	6074	2174	0	0.0001 Colloc0 1550 31244 0.132548 229.924
1220	1	7637.94	217656	217644	12.2021	1522	6087	2161	3	0.0001 Colloc0 1522 31251 0.133838 221.162
1230	1	7689.98	216950	216937	12.2	1525	6162	2086	3	0.0001 Colloc0 1525 31230 0.117581 221.017
1240	1	7740.47	216955	216943	12.1098	1517	6217	2031	2	0.0001 Colloc0 1517 31232 0.131798 214.818
1250	1	7791.1	217283	217270	12.4341	1512	6175	2073	1	0.0001 Colloc0 1512 31253 0.106403 237.365
1260	1	7845.47	217159	217147	11.8413	1549	6124	2124	1	0.0001 Colloc0 1549 31196 0.155564 196.693
1270	1	7898.51	217529	217517	11.8561	1520	6015	2233	3	0.0001 Colloc0 1520 31258 0.155087 197.677
1280	1	7950.78	217684	217672	12.3692	1489	5992	2256	4	0.0001 Colloc0 1489 31280 0.119464 232.797
1290	1	8003.29	217529	217517	12.0951	1519	6018	2230	0	0.0001 Colloc0 1519 31233 0.134109 213.813
1300	1	8055.44	217874	217862	12.1845	1560	6011	2237	3	0.0001 Colloc0 1560 31277 0.135329 219.952
1310	1	8107.85	217614	217602	12.3449	1523	6006	2242	2	0.0001 Colloc0 1523 31244 0.118838 231.097
1320	1	8161.01	217251	217239	11.9259	1509	6138	2110	3	0.0001 Colloc0 1509 31246 0.138872 202.35
1330	1	8213.65	217170	217158	12.0917	1523	6202	2046	3	0.0001 Colloc0 1523 31267 0.139304 213.582
1340	1	8266.91	217185	217173	12.0452	1501	6114	2134	2	0.0001 Colloc0 1501 31236 0.13751 210.412
1350	1	8317.78	216814	216802	12.2198	1507	6210	2038	2	0.0001 Colloc0 1507 31233 0.132767 222.391
1360	1	8369.55	217032	217020	11.9059	1513	6091	2157	1	0.0001 Colloc0 1513 31205 0.144918 201.009
1370	1	8420.81	217185	217173	11.8191	1555	6053	2195	1	0.0001 Colloc0 1555 31147 0.145653 195.218
1380	1	8471.51	217156	217144	11.8964	1514	6077	2171	3	0.0001 Colloc0 1514 31208 0.1458 200.367
1390	1	8525.11	217466	217454	11.9524	1543	6056	2192	1	0.0001 Colloc0 1543 31207 0.156017 204.131
1400	1	8577.28	217667	217654	12.5772	1524	6060	2188	1	0.0001 Colloc0 1524 31187 0.0910424 247.524
1410	1	8629.35	217478	217466	12.0739	1561	6101	2147	0	0.0001 Colloc0 1561 31197 0.137736 212.363
1420	1	8682.16	217032	217019	12.8233	1523	6197	2051	2	0.0001 Colloc0 1523 31175 0.0761794 265.283
1430	1	8731.67	216894	216882	12.1764	1522	6140	2108	4	0.0001 Colloc0 1522 31131 0.137407 219.394
1440	1	8783.29	217421	217409	12.2973	1543	6037	2211	1	0.0001 Colloc0 1543 31146 0.128086 227.774
1450	1	8834.74	217386	217374	12.0571	1563	6082	2166	2	0.0001 Colloc0 1563 31157 0.152256 211.223
1460	1	8884.7	217292	217280	11.6718	1537	6033	2215	3	0.0001 Colloc0 1537 31147 0.154844 185.529
1470	1	8935.34	216751	216739	12.4613	1523	6223	2025	2	0.0001 Colloc0 1523 31164 0.103977 239.285
1480	1	8985.96	216820	216808	12.4473	1512	6186	2062	3	0.0001 Colloc0 1512 31178 0.0923332 238.296
1490	1	9036.95	216817	216804	12.2476	1539	6168	2080	1	0.0001 Colloc0 1539 31157 0.14817 224.316
1500	1	9087.38	216760	216748	12.3319	1532	6213	2035	2	0.0001 Colloc0 1532 31161 0.119138 230.189
1510	1	9138.7	216762	216750	12.2598	1519	6101	2147	2	0.0001 Colloc0 1519 31160 0.108195 225.162
1520	1	9189.13	217105	217093	11.8822	1568	6059	2189	1	0.0001 Colloc0 1568 31166 0.1766 199.42
1530	1	9238.99	216782	216770	12.344	1535	6185	2063	4	0.0001 Colloc0 1535 31150 0.10751 231.033
1540	1	9292.39	216477	216465	12.247	1502	6144	2104	2	0.0001 Colloc0 1502 31140 0.109159 224.276
1550	1	9345.94	216831	216819	12.2716	1530	5937	2311	1	0.0001 Colloc0 1530 31165 0.124462 225.979
1560	1	9398.05	216852	216840	11.9352	1511	5923	2325	1	0.0001 Colloc0 1511 31113 0.140933 202.973
1570	1	9449.08	217050	217037	12.2383	1558	6024	2224	3	0.0001 Colloc0 1558 31117 0.132556 223.669
1580	1	9501.6	217243	217231	12.3189	1539	5969	2279	3	0.0001 Colloc0 1539 31101 0.105363 229.279
1590	1	9554.38	217027	217015	12.4013	1549	6064	2184	4	0.0001 Colloc0 1549 31060 0.129008 235.058
1600	1	9604.49	217311	217298	12.4491	1539	5956	2292	2	0.0001 Colloc0 1539 31124 0.111897 238.428
1610	1	9655.88	217017	217006	11.7966	1528	5968	2280	2	0.0001 Colloc0 1528 31118 0.170368 193.727
1620	1	9708.56	216745	216733	12.0967	1541	6001	2247	3	0.0001 Colloc0 1541 31080 0.15 213.921
1630	1	9761.33	216740	216728	12.4254	1532	6012	2236	2	0.0001 Colloc0 1532 31115 0.120641 236.749
1640	1	9812.9	217505	217493	12.0888	1540	5870	2378	2	0.0001 Colloc0 1540 31143 0.128721 213.384
1650	1	9861.81	216763	216751	11.7087	1554	6031	2217	3	0.0001 Colloc0 1554 31125 0.175916 187.939
1660	1	9911.6	216729	216717	12.3167	1524	5995	2253	4	0.0001 Colloc0 1524 31175 0.11345 229.124
1670	1	9961.65	216654	216642	11.7528	1556	6008	2240	2	0.0001 Colloc0 1556 31100 0.171846 190.835
1680	1	10012.8	216798	216786	11.927	1540	6031	2217	0	0.0001 Colloc0 1540 31135 0.129215 202.419
1690	1	10063.1	217002	216990	12.3911	1524	6041	2207	2	0.0001 Colloc0 1524 31138 0.107596 234.334
1700	1	10111.9	216663	216651	12.2044	1537	6100	2148	2	0.0001 Colloc0 1537 31082 0.130613 221.323
1710	1	10162.5	216976	216964	12.0066	1505	6030	2218	1	0.0001 Colloc0 1505 31177 0.136917 207.79
1720	1	10214.2	217444	217432	12.1651	1552	5921	2327	3	0.0001 Colloc0 1552 31124 0.134058 218.612
1730	1	10264.6	216766	216754	12.5155	1507	6053	2195	1	0.0001 Colloc0 1507 31144 0.102027 243.131
1740	1	10314.5	216419	216407	11.8992	1511	6121	2127	1	0.0001 Colloc0 1511 31133 0.149115 200.56
1750	1	10364.9	216814	216802	12.0707	1537	6029	2219	4	0.0001 Colloc0 1537 31131 0.140204 212.149
1760	1	10415.4	216904	216892	11.8898	1522	5977	2271	1	0.0001 Colloc0 1522 31126 0.149175 199.931
1770	1	10467.9	216980	216968	12.3879	1518	5987	2261	2	0.0001 Colloc0 1518 31130 0.114034 234.113
1780	1	10518.8	216936	216924	12.0011	1543	6011	2237	5	0.0001 Colloc0 1543 31092 0.158022 207.415
1790	1	10569.4	216834	216822	12.1915	1590	6052	2196	2	0.0001 Colloc0 1590 31057 0.14355 220.433
1800	1	10622.2	217004	216992	11.99	1553	5912	2336	1	0.0001 Colloc0 1553 31075 0.144498 206.668
1810	1	10673.4	216962	216950	12.2887	1554	5937	2311	3	0.0001 Colloc0 1554 31068 0.125608 227.174
1820	1	10722.1	216845	216832	12.6115	1530	6029	2219	0	0.0001 Colloc0 1530 31124 0.0958467 249.977
1830	1	10772	216637	216625	12.218	1522	6080	2168	1	0.0001 Colloc0 1522 31053 0.122271 222.267
1840	1	10820.5	216718	216706	12.3583	1542	6016	2232	3	0.0001 Colloc0 1542 31054 0.125346 232.036
1850	1	10872.1	216931	216918	12.1555	1538	6017	2231	1	0.0001 Colloc0 1538 31095 0.131304 217.956
1860	1	10923.5	216660	216648	12.1244	1537	6070	2178	4	0.0001 Colloc0 1537 31096 0.133982 215.814
1870	1	10974.9	216413	216401	11.7827	1528	6100	2148	3	0.0001 Colloc0 1528 31022 0.162713 192.807
1880	1	11028.1	216467	216455	12.1066	1522	6075	2173	2	0.0001 Colloc0 1522 31070 0.120778 214.597
1890	1	11079.9	216564	216552	11.9876	1517	6019	2229	1	0.0001 Colloc0 1517 31071 0.142959 206.504
1900	1	11130.2	215702	215691	11.8614	1528	6239	2009	2	0.0001 Colloc0 1528 31002 0.155141 198.032
1910	1	11179.8	215853	215841	12.0489	1528	6208	2040	0	0.0001 Colloc0 1528 31012 0.140624 210.661
1920	1	11229.5	215872	215859	12.5337	1551	6165	2083	3	0.0001 Colloc0 1551 31016 0.119222 244.425
1930	1	11279	215704	215692	11.929	1518	6145	2103	0	0.0001 Colloc0 1518 31014 0.135383 202.554
1940	1	11331.3	215865	215854	11.7597	1532	6188	2060	3	0.0001 Colloc0 1532 31015 0.151255 191.29
1950	1	11382.2	215767	215755	11.9266	1522	6097	2151	3	0.0001 Colloc0 1522 30953 0.140496 202.397
1960	1	11433.6	215636	215624	11.9773	1570	6222	2026	3	0.0001 Colloc0 1570 30950 0.159988 205.807
1970	1	11482.1	215518	215506	12.135	1550	6202	2046	2	0.0001 Colloc0 1550 30990 0.134195 216.543
1980	1	11532.4	215853	215841	12.5244	1528	6191	2057	2	0.0001 Colloc0 1528 31018 0.12314 243.766
1990	1	11583.5	215731	215719	12.2051	1526	6202	2046	5	0.0001 Colloc0 1526 30940 0.137216 221.37
2000	1	11635.4	216014	216002	12.0861	1539	6116	2132	3	0.0001 Colloc0 1539 30989 0.140596 213.194
