# D = 0, E = 1, I = 1, P = 1, R = -1, n = 2000, N = 1, P = 1, w = 1, a = 0.0001, b = 10000, e = 1, f = 1, g = 100, h = 0.01, r = 30434, s = 1, S = 0, x = 10, m = 100, Z = 1, z = 0, T = 1, t = 1
# 90585 tokens in 8248 sentences
#
# It	Temp	Time	-logP	-logPcorpus	-logPrior	tables	same	changed	reject	default_pya	(parent pym pyn pya pyb)*
0	1	7.8958	301953	301839	113.764	8108	0	8248	0	0.0001 Colloc0 8108 37741 0.0001 10000
10	1	121.648	257007	256993	14.3436	2240	2461	5787	6	0.0001 Colloc0 2240 35043 0.0994198 381.373
20	1	210.217	249812	249798	13.5027	1748	2764	5484	7	0.0001 Colloc0 1748 34844 0.0506161 315.926
30	1	290.133	246517	246504	12.9968	1604	2893	5355	5	0.0001 Colloc0 1604 34800 0.0581558 277.991
40	1	372.544	244131	244118	12.5557	1546	3068	5180	4	0.0001 Colloc0 1546 34626 0.0730429 245.994
50	1	458.11	241167	241154	12.641	1501	3294	4954	5	0.0001 Colloc0 1501 34453 0.0574126 252.096
60	1	541.088	240188	240175	12.6329	1505	3481	4767	3	0.0001 Colloc0 1505 34392 0.0678405 251.517
70	1	628.339	238428	238416	12.7819	1477	3601	4647	5	0.0001 Colloc0 1477 34311 0.062205 262.269
80	1	699.637	236053	236040	12.1999	1472	3952	4296	7	0.0001 Colloc0 1472 34183 0.120885 221.013
90	1	770.409	235969	235956	12.5152	1496	4021	4227	2	0.0001 Colloc0 1496 34118 0.100565 243.106
100	1	841.323	235111	235099	12.2205	1484	4056	4192	6	0.0001 Colloc0 1484 34037 0.107131 222.44
110	1	911.731	234252	234240	12.0794	1505	4204	4044	3	0.0001 Colloc0 1505 33987 0.11704 212.738
120	1	982.479	233838	233826	12.1191	1458	4135	4113	2	0.0001 Colloc0 1458 34016 0.106342 215.455
130	1	1050.26	232269	232257	12.0341	1477	4470	3778	2	0.0001 Colloc0 1477 33889 0.122671 209.657
140	1	1119.46	231784	231771	12.3756	1469	4421	3827	2	0.0001 Colloc0 1469 33728 0.113137 233.247
150	1	1190.07	230368	230355	12.1803	1474	4617	3631	3	0.0001 Colloc0 1474 33581 0.109849 219.664
160	1	1258.36	229970	229958	12.2309	1492	4738	3510	4	0.0001 Colloc0 1492 33562 0.12045 223.159
170	1	1322.66	229537	229525	11.9126	1462	4941	3307	2	0.0001 Colloc0 1462 33547 0.136063 201.453
180	1	1386.91	229085	229073	11.8572	1470	4994	3254	3	0.0001 Colloc0 1470 33440 0.120465 197.755
190	1	1457.08	228456	228444	12.0879	1501	5050	3198	2	0.0001 Colloc0 1501 33384 0.150479 213.32
200	1	1527.19	227407	227395	12.1295	1466	5151	3097	4	0.0001 Colloc0 1466 33316 0.113016 216.165
210	1	1596.34	226896	226884	12.03	1451	5337	2911	3	0.0001 Colloc0 1451 33338 0.134046 209.376
220	1	1660.41	226486	226474	11.6626	1454	5426	2822	4	0.0001 Colloc0 1454 33261 0.133431 184.932
230	1	1728.38	226445	226433	12.1512	1484	5405	2843	3	0.0001 Colloc0 1484 33229 0.105783 217.656
240	1	1795.18	226275	226264	11.896	1491	5488	2760	2	0.0001 Colloc0 1491 33228 0.140087 200.345
250	1	1860.23	224691	224679	11.7331	1453	5751	2497	3	0.0001 Colloc0 1453 33118 0.143922 189.543
260	1	1924.07	224448	224436	12.0565	1441	5758	2490	4	0.0001 Colloc0 1441 33066 0.12735 211.179
270	1	1988.68	225094	225083	11.69	1456	5658	2590	5	0.0001 Colloc0 1456 33084 0.134746 186.72
280	1	2052.38	223743	223732	11.3566	1474	5886	2362	7	0.0001 Colloc0 1474 33009 0.17279 165.387
290	1	2115.01	223941	223929	11.6884	1468	5772	2476	7	0.0001 Colloc0 1468 33059 0.162575 186.613
300	1	2179.2	224502	224490	11.8077	1484	5699	2549	3	0.0001 Colloc0 1484 32982 0.130497 194.46
310	1	2241.95	224242	224230	11.8887	1475	5649	2599	4	0.0001 Colloc0 1475 32946 0.141496 199.854
320	1	2303.99	223924	223912	11.4545	1450	5773	2475	5	0.0001 Colloc0 1450 32911 0.168853 171.55
330	1	2366.8	223558	223547	11.6751	1474	5794	2454	3	0.0001 Colloc0 1474 32860 0.154835 185.747
340	1	2429.13	223229	223217	11.8093	1466	5852	2396	4	0.0001 Colloc0 1466 32847 0.148104 194.567
350	1	2491.11	223062	223051	11.5702	1468	5943	2305	4	0.0001 Colloc0 1468 32779 0.159283 178.944
360	1	2552.65	222498	222487	11.9533	1479	5937	2311	3	0.0001 Colloc0 1479 32692 0.135506 204.191
370	1	2614.6	222724	222712	11.7889	1491	5880	2368	4	0.0001 Colloc0 1491 32703 0.157946 193.217
380	1	2675.73	222559	222547	11.6715	1470	5949	2299	6	0.0001 Colloc0 1470 32718 0.145264 185.512
390	1	2736.65	222621	222609	12.0198	1484	5957	2291	7	0.0001 Colloc0 1484 32691 0.122367 208.684
400	1	2797.56	222964	222952	12.2569	1497	5884	2364	4	0.0001 Colloc0 1497 32631 0.122323 224.957
410	1	2859.5	222774	222762	11.8801	1483	5901	2347	4	0.0001 Colloc0 1483 32622 0.14351 199.28
420	1	2921.07	222655	222643	11.6339	1513	5840	2408	6	0.0001 Colloc0 1513 32589 0.155895 183.063
430	1	2982.46	222404	222392	11.8834	1475	5894	2354	3	0.0001 Colloc0 1475 32605 0.126651 199.504
440	1	3043.66	222208	222196	12.0062	1483	5893	2355	5	0.0001 Colloc0 1483 32553 0.134897 207.765
450	1	3104.89	222106	222094	11.502	1469	5887	2361	4	0.0001 Colloc0 1469 32602 0.159228 174.575
460	1	3165.42	222271	222260	11.605	1482	5933	2315	7	0.0001 Colloc0 1482 32581 0.175203 181.193
470	1	3225.65	222257	222245	11.8204	1468	5927	2321	5	0.0001 Colloc0 1468 32585 0.129777 195.308
480	1	3286.53	222689	222677	11.814	1469	5785	2463	5	0.0001 Colloc0 1469 32561 0.126237 194.879
490	1	3347.33	222798	222786	12.2534	1509	5814	2434	5	0.0001 Colloc0 1509 32541 0.122515 224.716
500	1	3408.42	222532	222521	11.7162	1499	5846	2402	5	0.0001 Colloc0 1499 32553 0.153597 188.43
510	1	3469.51	222133	222120	12.2237	1456	5935	2313	2	0.0001 Colloc0 1456 32520 0.113326 222.66
520	1	3529.67	221970	221958	11.752	1444	5939	2309	2	0.0001 Colloc0 1444 32504 0.126006 190.782
530	1	3590.08	222059	222047	11.8712	1492	5832	2416	4	0.0001 Colloc0 1492 32469 0.138724 198.689
540	1	3650.99	221855	221843	11.8539	1495	5994	2254	4	0.0001 Colloc0 1495 32455 0.160025 197.531
550	1	3711.64	221842	221830	11.6594	1497	5895	2353	3	0.0001 Colloc0 1497 32411 0.160629 184.718
560	1	3772.62	222091	222079	11.7786	1474	5927	2321	3	0.0001 Colloc0 1474 32431 0.128886 192.539
570	1	3833.33	222331	222319	12.1382	1516	5815	2433	5	0.0001 Colloc0 1516 32408 0.136689 216.766
580	1	3892.94	222387	222375	11.8915	1530	5785	2463	4	0.0001 Colloc0 1530 32376 0.162302 200.039
590	1	3952.27	222061	222049	11.9297	1501	5833	2415	5	0.0001 Colloc0 1501 32356 0.139279 202.602
600	1	4012.38	222209	222197	11.7644	1517	5774	2474	5	0.0001 Colloc0 1517 32379 0.164697 191.598
610	1	4072	222575	222563	11.9132	1520	5700	2548	3	0.0001 Colloc0 1520 32322 0.152425 201.495
620	1	4131.9	222357	222345	11.647	1542	5684	2564	6	0.0001 Colloc0 1542 32335 0.156898 183.914
630	1	4191.65	222114	222102	11.8645	1487	5738	2510	3	0.0001 Colloc0 1487 32291 0.137637 198.236
640	1	4251.37	221762	221750	11.459	1511	5790	2458	3	0.0001 Colloc0 1511 32298 0.168206 171.835
650	1	4310.91	221839	221828	11.5422	1506	5726	2522	3	0.0001 Colloc0 1506 32311 0.165148 177.147
660	1	4370.58	221451	221438	12.3231	1498	5841	2407	3	0.0001 Colloc0 1498 32243 0.112336 229.569
670	1	4429.08	221644	221632	11.7981	1523	5797	2451	2	0.0001 Colloc0 1523 32323 0.164295 193.827
680	1	4487.94	221178	221167	11.8835	1486	5883	2365	7	0.0001 Colloc0 1486 32268 0.151413 199.506
690	1	4547.51	221295	221283	11.7241	1519	5938	2310	3	0.0001 Colloc0 1519 32248 0.148784 188.953
700	1	4607.15	220800	220788	11.6613	1472	5905	2343	5	0.0001 Colloc0 1472 32235 0.160694 184.845
710	1	4665.89	221057	221045	11.556	1495	5868	2380	6	0.0001 Colloc0 1495 32258 0.134233 178.032
720	1	4723.25	220291	220280	11.4543	1467	6040	2208	3	0.0001 Colloc0 1467 32262 0.165509 171.54
730	1	4783.57	220544	220532	12.2305	1479	6007	2241	2	0.0001 Colloc0 1479 32236 0.108178 223.129
740	1	4843.4	220730	220718	11.9563	1492	5960	2288	4	0.0001 Colloc0 1492 32233 0.141934 204.39
750	1	4901.92	220428	220416	11.9382	1490	5991	2257	5	0.0001 Colloc0 1490 32198 0.14728 203.174
760	1	4961.64	220618	220607	11.9517	1453	5984	2264	2	0.0001 Colloc0 1453 32250 0.125051 204.082
770	1	5020.37	220487	220475	11.7085	1494	5966	2282	6	0.0001 Colloc0 1494 32170 0.170557 187.928
780	1	5080.17	220508	220496	11.8244	1512	5968	2280	3	0.0001 Colloc0 1512 32119 0.151794 195.569
790	1	5140.02	220438	220426	11.8744	1489	5956	2292	3	0.0001 Colloc0 1489 32179 0.139313 198.9
800	1	5199.18	220919	220908	11.865	1521	5881	2367	4	0.0001 Colloc0 1521 32129 0.166797 198.274
810	1	5260.55	221022	221010	11.9718	1505	5868	2380	4	0.0001 Colloc0 1505 32194 0.147281 205.436
820	1	5320.11	220787	220775	11.5154	1505	6005	2243	3	0.0001 Colloc0 1505 32212 0.159657 175.428
830	1	5379.77	220074	220063	11.8121	1485	6097	2151	4	0.0001 Colloc0 1485 32116 0.132661 194.753
840	1	5438.12	220329	220317	12.212	1492	5990	2258	5	0.0001 Colloc0 1492 32104 0.120832 221.85
850	1	5496.04	220592	220580	11.564	1500	5919	2329	3	0.0001 Colloc0 1500 32109 0.156876 178.55
860	1	5554.03	220552	220541	11.4621	1506	5895	2353	2	0.0001 Colloc0 1506 32069 0.161109 172.037
870	1	5611.51	220049	220037	11.9406	1488	6002	2246	3	0.0001 Colloc0 1488 32034 0.136093 203.338
880	1	5667.12	220339	220327	11.9341	1500	5996	2252	4	0.0001 Colloc0 1500 32066 0.139157 202.896
890	1	5727.01	220594	220582	11.9734	1537	5843	2405	3	0.0001 Colloc0 1537 32036 0.153454 205.547
900	1	5783.98	220567	220555	11.9455	1510	5974	2274	4	0.0001 Colloc0 1510 32033 0.144286 203.667
910	1	5841.51	220273	220261	12.1258	1505	6057	2191	6	0.0001 Colloc0 1505 32011 0.130975 215.917
920	1	5897.54	220639	220626	12.1878	1502	6015	2233	3	0.0001 Colloc0 1502 32040 0.123191 220.177
930	1	5956.39	220792	220780	12.3774	1497	5981	2267	2	0.0001 Colloc0 1497 32046 0.111038 233.378
940	1	6013.04	220524	220512	11.7566	1549	5948	2300	4	0.0001 Colloc0 1549 32011 0.177813 191.084
950	1	6067.35	220233	220221	11.7323	1524	6030	2218	3	0.0001 Colloc0 1524 32027 0.149509 189.486
960	1	6124.62	220554	220542	11.9638	1522	5952	2296	7	0.0001 Colloc0 1522 32008 0.15224 204.895
970	1	6182.08	219905	219893	12.0413	1511	6007	2241	2	0.0001 Colloc0 1511 31984 0.137766 210.144
980	1	6236.33	219472	219460	11.9464	1495	6220	2028	4	0.0001 Colloc0 1495 31968 0.143401 203.727
990	1	6292.23	219116	219103	12.2119	1512	6324	1924	5	0.0001 Colloc0 1512 31882 0.127347 221.84
1000	1	6350.41	219281	219270	11.5193	1500	6154	2094	4	0.0001 Colloc0 1500 31919 0.168938 175.68
1010	1	6406.16	219173	219161	11.5914	1488	6187	2061	3	0.0001 Colloc0 1488 31947 0.166053 180.311
1020	1	6461.85	219108	219096	11.3629	1487	6211	2037	3	0.0001 Colloc0 1487 31903 0.165371 165.781
1030	1	6517.71	219481	219469	11.6511	1487	6120	2128	4	0.0001 Colloc0 1487 31910 0.148222 184.184
1040	1	6571.92	219823	219812	11.6504	1501	5964	2284	3	0.0001 Colloc0 1501 31867 0.158815 184.133
1050	1	6627.59	219903	219891	12.0054	1510	5920	2328	5	0.0001 Colloc0 1510 31879 0.123722 207.711
1060	1	6682.75	219917	219906	11.684	1512	5911	2337	2	0.0001 Colloc0 1512 31878 0.175664 186.327
1070	1	6738.16	219164	219152	12.3125	1488	6141	2107	6	0.0001 Colloc0 1488 31870 0.113915 228.832
1080	1	6793.75	219501	219489	12.0446	1523	6106	2142	3	0.0001 Colloc0 1523 31827 0.13916 210.37
1090	1	6849.18	219355	219343	11.818	1516	6115	2133	4	0.0001 Colloc0 1516 31863 0.143363 195.149
1100	1	6903.55	219407	219396	11.366	1512	6046	2202	2	0.0001 Colloc0 1512 31868 0.178269 165.978
1110	1	6957.21	219677	219665	12.0859	1522	5953	2295	5	0.0001 Colloc0 1522 31897 0.138696 213.18
1120	1	7013.73	219893	219882	11.8474	1523	5922	2326	2	0.0001 Colloc0 1523 31859 0.151247 197.1
1130	1	7069.56	220066	220054	12.1146	1522	5874	2374	3	0.0001 Colloc0 1522 31852 0.138054 215.149
1140	1	7124.51	219885	219873	11.6608	1541	5988	2260	3	0.0001 Colloc0 1541 31882 0.167605 184.812
1150	1	7177.48	220021	220009	11.9574	1496	5866	2382	4	0.0001 Colloc0 1496 31857 0.144454 204.468
1160	1	7233.24	220065	220053	12.1835	1521	5907	2341	4	0.0001 Colloc0 1521 31866 0.143186 219.881
1170	1	7288.91	219637	219625	11.9545	1512	5979	2269	3	0.0001 Colloc0 1512 31841 0.145999 204.273
1180	1	7343.38	220152	220140	11.9523	1536	5895	2353	2	0.0001 Colloc0 1536 31857 0.162109 204.123
1190	1	7396.98	219845	219833	11.9909	1526	5970	2278	3	0.0001 Colloc0 1526 31840 0.14814 206.729
1200	1	7452.95	219472	219460	11.6767	1514	6021	2227	3	0.0001 Colloc0 1514 31860 0.168265 185.848
1210	1	7509.52	219414	219402	12.1523	1522	5986	2262	3	0.0001 Colloc0 1522 31872 0.131177 217.732
1220	1	7563.76	218787	218775	12.0284	1519	6230	2018	3	0.0001 Colloc0 1519 31830 0.132248 209.271
1230	1	7615.1	218507	218495	11.7283	1534	6353	1895	3	0.0001 Colloc0 1534 31813 0.175525 189.228
1240	1	7669.99	218397	218385	12.2781	1485	6326	1922	4	0.0001 Colloc0 1485 31848 0.0993633 226.436
1250	1	7724.74	219066	219054	12.1519	1548	6177	2071	4	0.0001 Colloc0 1548 31848 0.14897 217.707
1260	1	7779.94	218969	218957	11.7043	1529	6038	2210	2	0.0001 Colloc0 1529 31845 0.166572 187.656
1270	1	7833.5	219396	219385	11.6991	1522	5994	2254	9	0.0001 Colloc0 1522 31874 0.167689 187.315
1280	1	7887.22	219367	219355	11.8314	1505	5974	2274	5	0.0001 Colloc0 1505 31859 0.138734 196.033
1290	1	7942.47	219555	219544	11.5197	1508	6060	2188	5	0.0001 Colloc0 1508 31863 0.16539 175.706
1300	1	7995.65	219945	219933	11.8388	1528	5922	2326	4	0.0001 Colloc0 1528 31917 0.141027 196.53
1310	1	8046.57	220394	220382	12.131	1534	5792	2456	4	0.0001 Colloc0 1534 31863 0.124724 216.267
1320	1	8097.65	220755	220743	12.0277	1517	5728	2520	4	0.0001 Colloc0 1517 31841 0.134674 209.222
1330	1	8148.28	220548	220536	11.9503	1535	5764	2484	2	0.0001 Colloc0 1535 31906 0.153291 203.988
1340	1	8202.09	220083	220071	11.8838	1518	5876	2372	2	0.0001 Colloc0 1518 31836 0.130076 199.53
1350	1	8252.49	219981	219968	12.4413	1534	5849	2399	4	0.0001 Colloc0 1534 31856 0.0961254 237.877
1360	1	8303.7	219531	219519	11.7809	1502	5874	2374	2	0.0001 Colloc0 1502 31842 0.143196 192.687
1370	1	8353.49	219667	219655	11.9257	1509	5875	2373	4	0.0001 Colloc0 1509 31834 0.136656 202.334
1380	1	8405.98	219837	219824	12.4413	1505	5815	2433	2	0.0001 Colloc0 1505 31894 0.111593 237.874
1390	1	8455.93	219653	219641	12.0987	1525	5833	2415	2	0.0001 Colloc0 1525 31851 0.121364 214.058
1400	1	8507.22	219047	219035	11.9786	1506	6049	2199	3	0.0001 Colloc0 1506 31879 0.155238 205.894
1410	1	8558.73	219538	219526	12.2841	1520	5900	2348	6	0.0001 Colloc0 1520 31873 0.111604 226.849
1420	1	8608.14	219818	219806	12.0709	1541	5928	2320	4	0.0001 Colloc0 1541 31842 0.133144 212.161
1430	1	8659.27	219636	219624	12.1772	1519	5909	2339	5	0.0001 Colloc0 1519 31864 0.128122 219.45
1440	1	8708.96	219611	219599	12.3431	1502	5968	2280	4	0.0001 Colloc0 1502 31860 0.112539 230.97
1450	1	8760.64	219387	219375	11.494	1541	6011	2237	3	0.0001 Colloc0 1541 31824 0.179201 174.064
1460	1	8812.79	219758	219746	11.6344	1543	5946	2302	4	0.0001 Colloc0 1543 31812 0.180273 183.098
1470	1	8865.85	219698	219685	12.0701	1506	5909	2339	9	0.0001 Colloc0 1506 31797 0.122009 212.107
1480	1	8917.06	219549	219537	12.1232	1527	5991	2257	7	0.0001 Colloc0 1527 31796 0.130889 215.737
1490	1	8967.09	219758	219746	11.9406	1538	5960	2288	5	0.0001 Colloc0 1538 31806 0.138945 203.335
1500	1	9017.7	219461	219450	11.7919	1513	5931	2317	4	0.0001 Colloc0 1513 31760 0.145553 193.42
1510	1	9067.87	220033	220021	11.9485	1553	5855	2393	3	0.0001 Colloc0 1553 31791 0.16471 203.866
1520	1	9119.61	219904	219892	12.5389	1538	5823	2425	5	0.0001 Colloc0 1538 31840 0.124027 244.792
1530	1	9168.75	219524	219512	12.3048	1532	5850	2398	2	0.0001 Colloc0 1532 31793 0.135825 228.294
1540	1	9218.97	219907	219895	11.9753	1541	5831	2417	7	0.0001 Colloc0 1541 31813 0.152629 205.672
1550	1	9269.7	219754	219743	11.7372	1525	5860	2388	3	0.0001 Colloc0 1525 31803 0.146165 189.812
1560	1	9321.5	219167	219155	12.0883	1520	6118	2130	4	0.0001 Colloc0 1520 31791 0.135196 213.349
1570	1	9372.32	219263	219250	12.0364	1517	6046	2202	5	0.0001 Colloc0 1517 31836 0.144046 209.813
1580	1	9425.87	219124	219112	11.9632	1515	6078	2170	2	0.0001 Colloc0 1515 31823 0.157854 204.857
1590	1	9477.36	219357	219345	12.0559	1524	6001	2247	3	0.0001 Colloc0 1524 31799 0.137285 211.14
1600	1	9526.64	219234	219222	11.9723	1524	5890	2358	3	0.0001 Colloc0 1524 31815 0.156757 205.471
1610	1	9578.05	219481	219469	11.6632	1529	5856	2392	3	0.0001 Colloc0 1529 31806 0.155704 184.97
1620	1	9629.28	219516	219504	11.965	1515	5880	2368	3	0.0001 Colloc0 1515 31740 0.148737 204.976
1630	1	9682.07	218948	218936	11.938	1523	5977	2271	6	0.0001 Colloc0 1523 31715 0.151728 203.16
1640	1	9733.94	218725	218713	11.9011	1507	6009	2239	5	0.0001 Colloc0 1507 31710 0.132316 200.685
1650	1	9782.49	218319	218307	12.0945	1543	6100	2148	3	0.0001 Colloc0 1543 31671 0.148151 213.768
1660	1	9833.83	218759	218747	11.6136	1516	6016	2232	3	0.0001 Colloc0 1516 31667 0.161576 181.748
1670	1	9883.47	219097	219085	12.1317	1562	6008	2240	5	0.0001 Colloc0 1562 31689 0.139896 216.316
1680	1	9934.48	219573	219561	12.2083	1553	5958	2290	4	0.0001 Colloc0 1553 31720 0.126702 221.592
1690	1	9985.6	219141	219129	12.4558	1555	5976	2272	3	0.0001 Colloc0 1555 31665 0.125194 238.897
1700	1	10037.6	218400	218388	12.035	1520	6172	2076	7	0.0001 Colloc0 1520 31690 0.149691 209.714
1710	1	10087.5	218171	218159	11.8988	1502	6196	2052	2	0.0001 Colloc0 1502 31726 0.135885 200.531
1720	1	10138.3	218044	218032	11.9857	1524	6298	1950	4	0.0001 Colloc0 1524 31691 0.153103 206.376
1730	1	10187.8	218498	218486	11.7047	1518	6171	2077	4	0.0001 Colloc0 1518 31688 0.15172 187.678
1740	1	10238.8	218248	218236	12.0499	1500	6157	2091	7	0.0001 Colloc0 1500 31665 0.130837 210.726
1750	1	10288.2	217770	217758	11.4253	1488	6399	1849	4	0.0001 Colloc0 1488 31635 0.177703 169.702
1760	1	10337.5	217656	217644	11.6873	1500	6411	1837	3	0.0001 Colloc0 1500 31670 0.164431 186.542
1770	1	10387.7	217583	217572	11.4325	1497	6365	1883	6	0.0001 Colloc0 1497 31650 0.181533 170.162
1780	1	10439.6	217648	217636	11.6782	1515	6416	1832	5	0.0001 Colloc0 1515 31626 0.17467 185.948
1790	1	10492.4	217368	217357	11.6131	1520	6435	1813	3	0.0001 Colloc0 1520 31584 0.166223 181.714
1800	1	10543.4	217834	217822	12.0604	1511	6318	1930	3	0.0001 Colloc0 1511 31628 0.148242 211.447
1810	1	10592.4	217980	217968	11.877	1522	6213	2035	4	0.0001 Colloc0 1522 31638 0.153545 199.074
1820	1	10643.8	218143	218131	12.1839	1519	6205	2043	2	0.0001 Colloc0 1519 31638 0.134488 219.906
1830	1	10691.9	218326	218314	11.6956	1528	6171	2077	3	0.0001 Colloc0 1528 31641 0.158047 187.086
1840	1	10743.1	218542	218530	12.1862	1529	6138	2110	6	0.0001 Colloc0 1529 31592 0.111286 220.067
1850	1	10794.1	217900	217888	11.8464	1529	6267	1981	3	0.0001 Colloc0 1529 31605 0.170263 197.03
1860	1	10848.1	217809	217797	11.5053	1539	6280	1968	3	0.0001 Colloc0 1539 31593 0.177623 174.785
1870	1	10901.7	218139	218128	11.7982	1540	6220	2028	3	0.0001 Colloc0 1540 31543 0.167958 193.831
1880	1	10952.2	218621	218609	11.9995	1522	6023	2225	3	0.0001 Colloc0 1522 31554 0.148613 207.309
1890	1	11006.2	218425	218413	11.62	1568	6074	2174	4	0.0001 Colloc0 1568 31554 0.161648 182.16
1900	1	11054.6	218475	218463	11.9853	1522	6040	2208	2	0.0001 Colloc0 1522 31534 0.143839 206.347
1910	1	11105.6	218935	218923	12.1527	1542	5985	2263	3	0.0001 Colloc0 1542 31562 0.129416 217.763
1920	1	11156.7	218999	218987	12.5246	1547	5980	2268	4	0.0001 Colloc0 1547 31550 0.112818 243.78
1930	1	11210.9	218948	218937	11.8113	1532	5958	2290	2	0.0001 Colloc0 1532 31536 0.150899 194.701
1940	1	11263.7	218394	218383	11.7557	1568	6039	2209	4	0.0001 Colloc0 1568 31498 0.177707 191.026
1950	1	11315.7	218438	218427	11.8212	1544	6085	2163	4	0.0001 Colloc0 1544 31490 0.165051 195.357
1960	1	11368.7	218458	218446	11.9378	1541	6067	2181	4	0.0001 Colloc0 1541 31524 0.166713 203.145
1970	1	11420.6	218576	218564	12.1247	1527	6107	2141	2	0.0001 Colloc0 1527 31552 0.130631 215.835
1980	1	11471.1	218405	218393	12.2024	1530	6139	2109	4	0.0001 Colloc0 1530 31526 0.126853 221.187
1990	1	11522.5	218263	218250	12.3288	1535	6131	2117	5	0.0001 Colloc0 1535 31512 0.112382 229.971
2000	1	11573.5	217975	217962	12.2825	1519	6156	2092	3	0.0001 Colloc0 1519 31532 0.114514 226.74
