# D = 0, E = 1, I = 1, P = 1, R = -1, n = 2000, N = 1, P = 1, w = 1, a = 0.0001, b = 10000, e = 1, f = 1, g = 100, h = 0.01, r = 21911, s = 1, S = 0, x = 10, m = 100, Z = 1, z = 0, T = 1, t = 1
# 90585 tokens in 8248 sentences
#
# It	Temp	Time	-logP	-logPcorpus	-logPrior	tables	same	changed	reject	default_pya	(parent pym pyn pya pyb)*
0	1	8.5747	316785	316671	113.764	9200	0	8248	0	0.0001 Colloc0 9200 39500 0.0001 10000
10	1	114.766	258072	258058	14.5993	2297	2671	5577	8	0.0001 Colloc0 2297 35135 0.11059 401.786
20	1	205.211	249487	249473	14.0099	1729	3074	5174	0	0.0001 Colloc0 1729 34840 0.01308 355.075
30	1	293.185	245268	245255	13.7636	1602	3255	4993	5	0.0001 Colloc0 1602 34623 0.010943 335.936
40	1	380.744	241714	241701	13.0994	1533	3493	4755	6	0.0001 Colloc0 1533 34383 0.0393017 285.589
50	1	467.783	239064	239051	12.9463	1499	3613	4635	4	0.0001 Colloc0 1499 34129 0.0329086 274.279
60	1	554.177	237284	237271	12.2878	1500	3782	4466	4	0.0001 Colloc0 1500 34045 0.105793 227.109
70	1	638.396	236210	236198	12.5925	1470	3920	4328	5	0.0001 Colloc0 1470 33993 0.065176 248.623
80	1	704.04	235386	235373	12.8151	1487	4030	4218	6	0.0001 Colloc0 1487 33885 0.0567728 264.686
90	1	772.092	233563	233551	12.4143	1471	4273	3975	5	0.0001 Colloc0 1471 33746 0.0869767 235.969
100	1	839.77	233152	233139	12.5225	1478	4185	4063	3	0.0001 Colloc0 1478 33663 0.0748474 243.629
110	1	908.865	232786	232774	12.2622	1470	4253	3995	2	0.0001 Colloc0 1470 33674 0.0881495 225.328
120	1	977.462	232483	232471	12.1978	1483	4266	3982	8	0.0001 Colloc0 1483 33619 0.119563 220.867
130	1	1047.92	232064	232052	11.9481	1502	4248	4000	1	0.0001 Colloc0 1502 33473 0.124564 203.838
140	1	1113.95	230712	230700	12.5065	1483	4371	3877	2	0.0001 Colloc0 1483 33373 0.0965036 242.493
150	1	1183.82	230353	230340	12.2782	1484	4448	3800	1	0.0001 Colloc0 1484 33337 0.0946551 226.438
160	1	1255.67	229499	229487	12.0073	1470	4552	3696	0	0.0001 Colloc0 1470 33288 0.116068 207.838
170	1	1324.97	229002	228990	12.31	1462	4549	3699	2	0.0001 Colloc0 1462 33240 0.0760127 228.658
180	1	1390.34	227524	227512	12.0716	1469	4795	3453	2	0.0001 Colloc0 1469 33132 0.111096 212.207
190	1	1459.38	226997	226986	11.6305	1467	4891	3357	4	0.0001 Colloc0 1467 33100 0.155889 182.842
200	1	1528.97	226383	226371	11.8251	1449	4979	3269	4	0.0001 Colloc0 1449 33094 0.141111 195.62
210	1	1596.57	226405	226393	12.0276	1464	4983	3265	4	0.0001 Colloc0 1464 33026 0.127741 209.216
220	1	1666.59	226258	226245	12.2122	1473	4953	3295	1	0.0001 Colloc0 1473 33006 0.122242 221.865
230	1	1735.31	226371	226359	12.2199	1474	5041	3207	2	0.0001 Colloc0 1474 32992 0.132826 222.394
240	1	1803.06	225769	225758	11.499	1461	5100	3148	0	0.0001 Colloc0 1461 32987 0.157048 174.38
250	1	1870.12	225127	225115	11.9913	1435	5245	3003	1	0.0001 Colloc0 1435 32994 0.11205 206.752
260	1	1934.57	225118	225106	11.5635	1436	5181	3067	2	0.0001 Colloc0 1436 33028 0.13618 178.512
270	1	1998.66	224840	224828	11.7611	1431	5213	3035	0	0.0001 Colloc0 1431 32934 0.131089 191.386
280	1	2061.32	226070	226058	11.9543	1425	4925	3323	3	0.0001 Colloc0 1425 32965 0.12428 204.256
290	1	2125.22	225830	225818	12.3099	1451	4934	3314	2	0.0001 Colloc0 1451 32956 0.105725 228.647
300	1	2189.27	225415	225403	12.2896	1454	4978	3270	2	0.0001 Colloc0 1454 32874 0.102584 227.232
310	1	2252.66	224776	224764	11.63	1457	5205	3043	2	0.0001 Colloc0 1457 32905 0.146561 182.812
320	1	2315.72	224346	224334	11.8432	1451	5227	3021	4	0.0001 Colloc0 1451 32852 0.139219 196.823
330	1	2378.14	224249	224237	12.1042	1445	5276	2972	4	0.0001 Colloc0 1445 32890 0.127745 214.434
340	1	2440.37	223854	223842	11.395	1450	5388	2860	1	0.0001 Colloc0 1450 32867 0.15621 167.797
350	1	2502.39	223841	223829	12.2872	1443	5339	2909	1	0.0001 Colloc0 1443 32844 0.0918524 227.064
360	1	2565.17	223848	223836	12.0322	1466	5401	2847	2	0.0001 Colloc0 1466 32811 0.117919 209.529
370	1	2625.72	223317	223305	12.0362	1460	5499	2749	3	0.0001 Colloc0 1460 32741 0.141681 209.801
380	1	2687.01	223318	223306	11.677	1467	5569	2679	0	0.0001 Colloc0 1467 32709 0.161586 185.869
390	1	2747.65	223492	223481	11.6108	1459	5476	2772	3	0.0001 Colloc0 1459 32730 0.134983 181.566
400	1	2808.43	223866	223854	12.1457	1432	5400	2848	1	0.0001 Colloc0 1432 32768 0.0960652 217.278
410	1	2870.01	223695	223683	11.7595	1476	5344	2904	1	0.0001 Colloc0 1476 32710 0.151551 191.279
420	1	2931.09	223558	223546	11.5054	1479	5507	2741	1	0.0001 Colloc0 1479 32743 0.171629 174.793
430	1	2991.63	223632	223620	12.1717	1475	5537	2711	3	0.0001 Colloc0 1475 32703 0.12041 219.07
440	1	3052.2	223437	223425	11.6888	1475	5527	2721	0	0.0001 Colloc0 1475 32684 0.141886 186.639
450	1	3112.91	223182	223170	11.9301	1460	5493	2755	5	0.0001 Colloc0 1460 32742 0.129783 202.628
460	1	3174.21	223139	223128	11.5626	1486	5479	2769	4	0.0001 Colloc0 1486 32684 0.168831 178.454
470	1	3234.42	223568	223556	12.1549	1467	5372	2876	1	0.0001 Colloc0 1467 32695 0.114471 217.911
480	1	3293.59	223828	223816	11.5428	1432	5199	3049	0	0.0001 Colloc0 1432 32684 0.133461 177.187
490	1	3354.33	223919	223907	11.6624	1465	5178	3070	3	0.0001 Colloc0 1465 32656 0.152413 184.917
500	1	3415.65	222702	222690	11.5655	1448	5376	2872	2	0.0001 Colloc0 1448 32594 0.155468 178.645
510	1	3476.7	222510	222499	11.4194	1474	5462	2786	0	0.0001 Colloc0 1474 32556 0.16873 169.335
520	1	3537.48	222380	222369	11.1309	1472	5475	2773	1	0.0001 Colloc0 1472 32570 0.181538 151.5
530	1	3598.87	221791	221779	11.5949	1470	5546	2702	0	0.0001 Colloc0 1470 32568 0.158104 180.535
540	1	3659.4	221368	221357	11.0364	1427	5781	2467	3	0.0001 Colloc0 1427 32520 0.172843 145.829
550	1	3719.64	221662	221650	11.4621	1468	5646	2602	2	0.0001 Colloc0 1468 32527 0.158697 172.035
560	1	3780.04	221369	221357	11.4376	1452	5702	2546	3	0.0001 Colloc0 1452 32489 0.159787 170.485
570	1	3840.06	221484	221472	11.8473	1469	5671	2577	3	0.0001 Colloc0 1469 32476 0.141955 197.096
580	1	3900.84	221696	221685	11.4903	1446	5580	2668	3	0.0001 Colloc0 1446 32465 0.148907 173.831
590	1	3959.6	222089	222077	12.0393	1466	5515	2733	2	0.0001 Colloc0 1466 32492 0.145641 210.007
600	1	4016.98	221903	221891	11.8982	1462	5473	2775	4	0.0001 Colloc0 1462 32469 0.127162 200.491
610	1	4075.57	222023	222011	12.167	1455	5526	2722	1	0.0001 Colloc0 1455 32473 0.101853 218.742
620	1	4135.13	222380	222368	11.9934	1485	5413	2835	4	0.0001 Colloc0 1485 32493 0.131796 206.899
630	1	4195.12	222660	222648	11.7039	1503	5328	2920	3	0.0001 Colloc0 1503 32415 0.166608 187.623
640	1	4254.85	222724	222713	11.3927	1493	5350	2898	1	0.0001 Colloc0 1493 32426 0.166425 167.65
650	1	4314.81	222495	222483	12.011	1486	5395	2853	5	0.0001 Colloc0 1486 32388 0.134617 208.087
660	1	4374.22	222535	222524	11.8584	1498	5389	2859	3	0.0001 Colloc0 1498 32377 0.151694 197.831
670	1	4434.9	221820	221809	11.5755	1468	5478	2770	1	0.0001 Colloc0 1468 32359 0.161827 179.29
680	1	4492.57	221792	221781	11.6698	1494	5499	2749	1	0.0001 Colloc0 1494 32356 0.166483 185.399
690	1	4550.24	221963	221951	11.9021	1466	5526	2722	3	0.0001 Colloc0 1466 32363 0.128817 200.754
700	1	4610.35	221630	221618	11.9887	1481	5634	2614	4	0.0001 Colloc0 1481 32310 0.14514 206.578
710	1	4668.99	221560	221549	11.6389	1482	5597	2651	1	0.0001 Colloc0 1482 32308 0.157931 183.387
720	1	4727.99	221522	221510	11.7815	1506	5605	2643	2	0.0001 Colloc0 1506 32271 0.151052 192.727
730	1	4785.35	221204	221192	11.8192	1472	5595	2653	2	0.0001 Colloc0 1472 32294 0.150838 195.224
740	1	4845.47	221243	221231	11.6038	1474	5581	2667	1	0.0001 Colloc0 1474 32299 0.169388 181.113
750	1	4902.51	221417	221405	12.3418	1492	5647	2601	5	0.0001 Colloc0 1492 32277 0.115836 230.88
760	1	4963.33	221945	221933	11.803	1502	5510	2738	1	0.0001 Colloc0 1502 32305 0.163933 194.154
770	1	5023.62	222100	222088	12.0173	1497	5414	2834	2	0.0001 Colloc0 1497 32294 0.133153 208.518
780	1	5082.52	222483	222472	11.9473	1480	5197	3051	3	0.0001 Colloc0 1480 32280 0.132841 203.784
790	1	5143.36	222457	222445	11.7205	1469	5261	2987	3	0.0001 Colloc0 1469 32322 0.128492 188.712
800	1	5202.97	222418	222406	11.7919	1462	5257	2991	1	0.0001 Colloc0 1462 32272 0.136231 193.418
810	1	5262.51	221949	221938	11.2374	1466	5407	2841	3	0.0001 Colloc0 1466 32283 0.205967 157.995
820	1	5321.9	221930	221918	11.778	1516	5357	2891	2	0.0001 Colloc0 1516 32247 0.1642 192.499
830	1	5381.49	222313	222301	11.438	1510	5284	2964	2	0.0001 Colloc0 1510 32276 0.183728 170.51
840	1	5440.33	222267	222255	11.6888	1473	5300	2948	3	0.0001 Colloc0 1473 32231 0.168598 186.636
850	1	5498.54	221874	221862	11.9772	1457	5340	2908	3	0.0001 Colloc0 1457 32259 0.115536 205.801
860	1	5557.79	222012	222000	11.8915	1504	5407	2841	5	0.0001 Colloc0 1504 32243 0.143425 200.044
870	1	5616.54	221749	221737	12.0232	1512	5443	2805	2	0.0001 Colloc0 1512 32200 0.133603 208.918
880	1	5673.12	221366	221354	11.9502	1456	5576	2672	1	0.0001 Colloc0 1456 32216 0.129948 203.98
890	1	5732.81	221268	221255	12.334	1491	5591	2657	2	0.0001 Colloc0 1491 32185 0.109913 230.332
900	1	5791.31	221307	221296	11.6085	1505	5656	2592	4	0.0001 Colloc0 1505 32174 0.156592 181.421
910	1	5850.21	220970	220959	11.5602	1507	5736	2512	3	0.0001 Colloc0 1507 32183 0.162544 178.299
920	1	5907.93	220673	220661	12.0948	1493	5778	2470	2	0.0001 Colloc0 1493 32131 0.135222 213.791
930	1	5966.82	221061	221049	12.0675	1516	5673	2575	5	0.0001 Colloc0 1516 32116 0.136336 211.93
940	1	6024.69	220254	220242	11.4324	1473	5815	2433	3	0.0001 Colloc0 1473 32064 0.178401 170.151
950	1	6078.98	220436	220424	12.267	1469	5822	2426	3	0.0001 Colloc0 1469 32095 0.102799 225.662
960	1	6134.55	220158	220146	11.7231	1491	5773	2475	2	0.0001 Colloc0 1491 32017 0.157735 188.887
