# D = 0, E = 1, I = 1, P = 1, R = -1, n = 2000, N = 1, P = 1, w = 1, a = 0.0001, b = 10000, e = 1, f = 1, g = 100, h = 0.01, r = 2049, s = 1, S = 0, x = 10, m = 100, Z = 1, z = 0, T = 1, t = 1
# 90585 tokens in 8248 sentences
#
# It	Temp	Time	-logP	-logPcorpus	-logPrior	tables	same	changed	reject	default_pya	(parent pym pyn pya pyb)*
0	1	8.40972	313996	313882	113.764	8964	0	8248	0	0.0001 Colloc0 8964 39526 0.0001 10000
10	1	127.916	259042	259029	13.9	2305	2591	5657	5	0.0001 Colloc0 2305 35295 0.148025 346.505
20	1	219.32	253029	253015	14.1623	1745	2780	5468	7	0.0001 Colloc0 1745 35071 0.0230133 367.039
30	1	306.485	249352	249339	13.4143	1605	3017	5231	5	0.0001 Colloc0 1605 35035 0.0264833 309.212
40	1	393.133	245747	245733	13.4662	1572	3272	4976	5	0.0001 Colloc0 1572 34734 0.0289229 313.15
50	1	479.864	243678	243665	13.015	1551	3404	4844	7	0.0001 Colloc0 1551 34612 0.0605854 279.337
60	1	566.359	242777	242763	13.5117	1552	3443	4805	9	0.0001 Colloc0 1552 34567 0.0190572 316.605
70	1	652.361	240233	240220	12.7665	1544	3531	4717	5	0.0001 Colloc0 1544 34356 0.0665904 261.155
80	1	722.612	238678	238665	12.6313	1510	3697	4551	12	0.0001 Colloc0 1510 34308 0.0716361 251.398
90	1	792.621	236918	236905	12.8091	1503	3784	4464	5	0.0001 Colloc0 1503 34155 0.0688994 264.242
100	1	862.63	236428	236415	12.4419	1520	3727	4521	8	0.0001 Colloc0 1520 34024 0.0897945 237.916
110	1	932.186	236410	236398	12.1331	1522	3825	4423	5	0.0001 Colloc0 1522 34048 0.127763 216.415
120	1	1001.49	235529	235517	11.9082	1496	3939	4309	5	0.0001 Colloc0 1496 34026 0.120156 201.163
130	1	1071.13	234448	234435	12.3408	1504	4127	4121	5	0.0001 Colloc0 1504 33942 0.107751 230.809
140	1	1141.2	234002	233989	12.7068	1470	4156	4092	3	0.0001 Colloc0 1470 33864 0.0520666 256.831
150	1	1211.94	233673	233661	11.8948	1512	4164	4084	3	0.0001 Colloc0 1512 33753 0.124819 200.266
160	1	1281.77	232901	232889	12.0103	1477	4196	4052	5	0.0001 Colloc0 1477 33762 0.100681 208.038
170	1	1350	232338	232326	11.792	1476	4294	3954	4	0.0001 Colloc0 1476 33703 0.145178 193.425
180	1	1419.21	231654	231641	12.2744	1470	4343	3905	5	0.0001 Colloc0 1470 33613 0.11012 226.18
190	1	1490.04	231685	231673	12.1739	1477	4365	3883	4	0.0001 Colloc0 1477 33587 0.111699 219.222
200	1	1556.55	231371	231359	11.9532	1474	4290	3958	5	0.0001 Colloc0 1474 33569 0.114727 204.186
210	1	1622.18	230244	230231	12.2495	1460	4458	3790	4	0.0001 Colloc0 1460 33541 0.101109 224.448
220	1	1688.52	230336	230324	11.8464	1508	4494	3754	4	0.0001 Colloc0 1508 33486 0.146157 197.035
230	1	1755.09	229427	229415	11.9834	1465	4612	3636	3	0.0001 Colloc0 1465 33419 0.140956 206.22
240	1	1823.45	229619	229607	12.1161	1499	4687	3561	2	0.0001 Colloc0 1499 33427 0.123811 215.246
250	1	1890.1	229255	229243	12.0416	1467	4859	3389	4	0.0001 Colloc0 1467 33403 0.110014 210.162
260	1	1955.16	228154	228142	12.3093	1453	5001	3247	4	0.0001 Colloc0 1453 33396 0.094512 228.608
270	1	2019.73	227433	227422	11.7497	1454	5095	3153	3	0.0001 Colloc0 1454 33333 0.132354 190.634
280	1	2085.91	227841	227829	11.8172	1452	4977	3271	3	0.0001 Colloc0 1452 33317 0.128263 195.095
290	1	2149.58	226199	226187	11.7487	1453	5378	2870	3	0.0001 Colloc0 1453 33311 0.137214 190.57
300	1	2212.33	226563	226551	11.3	1487	5356	2892	2	0.0001 Colloc0 1487 33297 0.177914 161.858
310	1	2275.17	227170	227158	11.6251	1490	5228	3020	4	0.0001 Colloc0 1490 33280 0.15845 182.491
320	1	2337.41	227193	227181	12.5823	1464	5064	3184	2	0.0001 Colloc0 1464 33283 0.091568 247.893
330	1	2400.15	227137	227125	11.8489	1488	5066	3182	5	0.0001 Colloc0 1488 33200 0.151277 197.198
340	1	2462.14	226395	226382	12.4797	1470	5105	3143	4	0.0001 Colloc0 1470 33086 0.112209 240.589
350	1	2524.22	226343	226331	11.8108	1474	5176	3072	6	0.0001 Colloc0 1474 33111 0.133 194.667
360	1	2586.11	226690	226678	11.9996	1499	5054	3194	4	0.0001 Colloc0 1499 32963 0.11287 207.314
370	1	2647.66	227056	227044	11.8709	1518	5007	3241	4	0.0001 Colloc0 1518 32988 0.14406 198.664
380	1	2709.43	226891	226878	12.0928	1471	5048	3200	3	0.0001 Colloc0 1471 32967 0.123921 213.655
390	1	2770.69	226982	226971	11.4957	1502	4959	3289	5	0.0001 Colloc0 1502 32981 0.166477 174.175
400	1	2832.14	226580	226568	12.3842	1510	5066	3182	3	0.0001 Colloc0 1510 32873 0.10583 233.85
410	1	2893	226706	226694	11.6489	1515	5044	3204	1	0.0001 Colloc0 1515 32931 0.159791 184.039
420	1	2953.47	226313	226302	11.5042	1522	5122	3126	4	0.0001 Colloc0 1522 32961 0.163392 174.717
430	1	3014.82	225550	225538	11.9437	1479	5241	3007	5	0.0001 Colloc0 1479 32824 0.118324 203.542
440	1	3075.25	225269	225257	12.1066	1502	5224	3024	4	0.0001 Colloc0 1502 32823 0.129494 214.597
450	1	3136.98	225320	225309	11.9169	1492	5235	3013	6	0.0001 Colloc0 1492 32808 0.127008 201.742
460	1	3197.48	224833	224821	11.7235	1507	5348	2900	3	0.0001 Colloc0 1507 32784 0.159087 188.914
470	1	3258.29	224852	224840	11.9897	1474	5398	2850	4	0.0001 Colloc0 1474 32795 0.122533 206.646
480	1	3318.34	224669	224658	11.847	1481	5410	2838	2	0.0001 Colloc0 1481 32706 0.123903 197.074
490	1	3379.18	224412	224400	12.0495	1467	5467	2781	2	0.0001 Colloc0 1467 32699 0.109833 210.703
500	1	3440.23	224933	224921	12.3348	1507	5412	2836	3	0.0001 Colloc0 1507 32748 0.105018 230.387
510	1	3501.81	224835	224823	11.9249	1515	5493	2755	3	0.0001 Colloc0 1515 32716 0.134589 202.284
520	1	3563	224569	224557	11.9785	1495	5446	2802	3	0.0001 Colloc0 1495 32684 0.121777 205.891
530	1	3623.7	224909	224897	11.9568	1548	5473	2775	4	0.0001 Colloc0 1548 32667 0.145555 204.43
540	1	3684.99	224725	224713	12.0041	1524	5548	2700	4	0.0001 Colloc0 1524 32641 0.113151 207.621
550	1	3746.09	224711	224699	12.1287	1534	5502	2746	5	0.0001 Colloc0 1534 32590 0.131576 216.114
560	1	3807.03	224382	224370	12.2825	1505	5597	2651	1	0.0001 Colloc0 1505 32638 0.101041 226.738
570	1	3866.46	224529	224517	12.1848	1535	5511	2737	4	0.0001 Colloc0 1535 32637 0.128907 219.972
580	1	3926.46	224189	224177	11.5118	1526	5626	2622	5	0.0001 Colloc0 1526 32602 0.183739 175.199
590	1	3986.7	223352	223340	11.7246	1502	5770	2478	7	0.0001 Colloc0 1502 32534 0.164161 188.98
600	1	4046.46	223282	223270	12.1556	1484	5813	2435	4	0.0001 Colloc0 1484 32594 0.114308 217.958
610	1	4106.37	223697	223685	11.8749	1556	5699	2549	3	0.0001 Colloc0 1556 32492 0.160722 198.932
620	1	4166.03	223554	223542	12.2055	1545	5739	2509	3	0.0001 Colloc0 1545 32555 0.149728 221.403
630	1	4225.01	223244	223232	11.8455	1505	5820	2428	1	0.0001 Colloc0 1505 32538 0.154656 196.972
640	1	4284.7	223528	223516	12.4761	1517	5704	2544	4	0.0001 Colloc0 1517 32506 0.102594 240.336
650	1	4344.53	223449	223437	12.0524	1506	5777	2471	2	0.0001 Colloc0 1506 32480 0.128847 210.903
660	1	4403.48	223750	223738	11.8133	1541	5727	2521	2	0.0001 Colloc0 1541 32501 0.148789 194.837
670	1	4462.67	223713	223702	11.9615	1557	5729	2519	5	0.0001 Colloc0 1557 32515 0.15486 204.74
680	1	4523.07	222886	222874	11.8925	1511	5895	2353	3	0.0001 Colloc0 1511 32503 0.143239 200.111
690	1	4582.3	223053	223041	12.4858	1513	5800	2448	2	0.0001 Colloc0 1513 32459 0.104185 241.021
700	1	4643.29	222944	222932	11.5808	1517	5906	2342	5	0.0001 Colloc0 1517 32507 0.151022 179.631
710	1	4702.59	222347	222336	11.7307	1540	6086	2162	1	0.0001 Colloc0 1540 32461 0.158056 189.383
720	1	4760.99	221989	221977	11.9558	1532	6015	2233	3	0.0001 Colloc0 1532 32428 0.145179 204.36
730	1	4819.46	221563	221551	12.1172	1519	6089	2159	2	0.0001 Colloc0 1519 32322 0.119665 215.326
740	1	4879.65	222030	222018	12.25	1524	5986	2262	1	0.0001 Colloc0 1524 32365 0.104447 224.48
750	1	4940.4	222038	222026	11.8815	1518	6025	2223	1	0.0001 Colloc0 1518 32338 0.159796 199.373
760	1	5000.08	221879	221867	12.0223	1518	6042	2206	3	0.0001 Colloc0 1518 32309 0.139442 208.856
770	1	5059.71	222089	222077	12.2767	1536	5953	2295	3	0.0001 Colloc0 1536 32286 0.135308 226.337
780	1	5120.73	221866	221854	12.1528	1499	5977	2271	4	0.0001 Colloc0 1499 32292 0.127546 217.771
790	1	5179.39	222333	222321	12.0454	1530	5875	2373	3	0.0001 Colloc0 1530 32278 0.152953 210.421
800	1	5239.38	222843	222831	12.4299	1530	5791	2457	5	0.0001 Colloc0 1530 32279 0.115475 237.069
810	1	5297.14	222041	222028	12.4703	1521	5947	2301	2	0.0001 Colloc0 1521 32255 0.125165 239.927
820	1	5356.45	221850	221838	11.7968	1522	6016	2232	4	0.0001 Colloc0 1522 32246 0.136318 193.743
830	1	5416.63	221785	221773	12.1125	1490	5934	2314	3	0.0001 Colloc0 1490 32239 0.131969 215.002
840	1	5476.95	221976	221964	12.1417	1510	5878	2370	3	0.0001 Colloc0 1510 32256 0.132134 217.003
850	1	5536.59	222038	222026	12.0842	1522	5870	2378	4	0.0001 Colloc0 1522 32260 0.131695 213.066
860	1	5595.2	222337	222326	11.8746	1513	5881	2367	3	0.0001 Colloc0 1513 32266 0.136486 198.91
870	1	5652.34	222054	222042	12.5214	1512	5920	2328	1	0.0001 Colloc0 1512 32215 0.0969746 243.55
880	1	5710.57	221710	221698	11.8027	1510	5949	2299	7	0.0001 Colloc0 1510 32229 0.144696 194.131
890	1	5769.82	221804	221792	12.305	1525	5878	2370	2	0.0001 Colloc0 1525 32262 0.110479 228.31
900	1	5828.84	221552	221540	12.0394	1520	5927	2321	5	0.0001 Colloc0 1520 32144 0.134701 210.016
910	1	5885.35	221894	221883	11.8537	1518	5838	2410	5	0.0001 Colloc0 1518 32173 0.139337 197.521
920	1	5942.55	221678	221665	12.1963	1531	5868	2380	2	0.0001 Colloc0 1531 32157 0.123502 220.766
930	1	6002.6	221692	221680	12.0706	1514	5890	2358	2	0.0001 Colloc0 1514 32116 0.126122 212.142
940	1	6058.83	221054	221041	12.5318	1520	5988	2260	3	0.0001 Colloc0 1520 32092 0.110604 244.287
950	1	6116.34	221451	221439	12.0437	1514	5930	2318	2	0.0001 Colloc0 1514 32107 0.128457 210.308
960	1	6172.52	221949	221937	12.0398	1518	5711	2537	3	0.0001 Colloc0 1518 32090 0.125848 210.045
