# D = 0, E = 1, I = 1, P = 1, R = -1, n = 2000, N = 1, P = 1, w = 1, a = 0.0001, b = 10000, e = 1, f = 1, g = 100, h = 0.01, r = 16446, s = 1, S = 0, x = 10, m = 100, Z = 1, z = 0, T = 1, t = 1
# 90585 tokens in 8248 sentences
#
# It	Temp	Time	-logP	-logPcorpus	-logPrior	tables	same	changed	reject	default_pya	(parent pym pyn pya pyb)*
0	1	8.51571	305240	305126	113.764	8328	0	8248	0	0.0001 Colloc0 8328 37473 0.0001 10000
10	1	116.028	259580	259565	14.9901	2275	2430	5818	7	0.0001 Colloc0 2275 35041 0.0729426 433.37
20	1	207.417	252416	252401	14.1177	1715	2862	5386	5	0.0001 Colloc0 1715 34834 0.00311453 363.53
30	1	293.942	248348	248335	13.8354	1626	3173	5075	4	0.0001 Colloc0 1626 34647 0.0188325 341.491
40	1	378.298	245571	245558	12.9994	1545	3418	4830	5	0.0001 Colloc0 1545 34598 0.0562449 278.19
50	1	465.287	243581	243568	13.3933	1547	3629	4619	3	0.0001 Colloc0 1547 34488 0.0345801 307.62
60	1	552.006	242400	242387	13.1534	1532	3723	4525	1	0.0001 Colloc0 1532 34392 0.0331377 289.603
70	1	629.669	242070	242057	13.0144	1523	3786	4462	1	0.0001 Colloc0 1523 34382 0.0388314 279.293
80	1	698.237	241265	241252	12.8413	1486	3889	4359	2	0.0001 Colloc0 1486 34326 0.0495716 266.592
90	1	764.337	238889	238876	12.6593	1470	4135	4113	4	0.0001 Colloc0 1470 34131 0.0664406 253.409
100	1	834.393	238119	238106	12.5054	1508	4158	4090	6	0.0001 Colloc0 1508 33952 0.0760231 242.41
110	1	904.078	237315	237302	12.6405	1489	4221	4027	2	0.0001 Colloc0 1489 33893 0.0711514 252.057
120	1	973.892	236938	236925	12.7756	1502	4271	3977	1	0.0001 Colloc0 1502 33832 0.0647853 261.814
130	1	1044.27	235263	235250	12.9434	1485	4557	3691	3	0.0001 Colloc0 1485 33737 0.0437774 274.063
140	1	1114.42	235851	235838	12.6977	1518	4462	3786	3	0.0001 Colloc0 1518 33725 0.0598663 256.179
150	1	1184.83	235319	235306	12.988	1506	4447	3801	3	0.0001 Colloc0 1506 33717 0.0509867 277.346
160	1	1254.82	234908	234895	13.3569	1517	4573	3675	3	0.0001 Colloc0 1517 33607 0.020721 304.865
170	1	1325.04	234491	234479	12.492	1516	4633	3615	5	0.0001 Colloc0 1516 33503 0.0855033 241.462
180	1	1394.84	234260	234248	12.3873	1507	4504	3744	3	0.0001 Colloc0 1507 33462 0.10536 234.07
190	1	1464.04	234123	234110	12.754	1494	4482	3766	3	0.0001 Colloc0 1494 33442 0.0658373 260.247
200	1	1532.19	233847	233835	12.633	1480	4570	3678	2	0.0001 Colloc0 1480 33417 0.0770457 251.524
210	1	1598.93	233991	233979	12.6424	1504	4588	3660	2	0.0001 Colloc0 1504 33382 0.0609599 252.197
220	1	1667.16	233935	233921	13.6143	1463	4614	3634	5	0.0001 Colloc0 1463 33405 0.00444269 324.449
230	1	1735.25	233072	233060	12.5655	1508	4699	3549	3	0.0001 Colloc0 1508 33358 0.0778227 246.69
240	1	1802.63	233426	233413	12.7211	1553	4721	3527	3	0.0001 Colloc0 1553 33353 0.0938207 257.865
250	1	1868.1	233024	233011	12.3873	1525	4697	3551	4	0.0001 Colloc0 1525 33300 0.10172 234.069
260	1	1934.17	233126	233113	12.8047	1535	4698	3550	4	0.0001 Colloc0 1535 33264 0.0725202 263.929
270	1	1998.91	232691	232678	13.061	1528	4855	3393	2	0.0001 Colloc0 1528 33275 0.0523465 282.74
280	1	2063.92	232504	232491	12.6458	1526	4857	3391	5	0.0001 Colloc0 1526 33270 0.0652973 252.439
290	1	2127.1	232251	232238	12.6827	1558	4892	3356	6	0.0001 Colloc0 1558 33181 0.103461 255.097
300	1	2191.54	231603	231590	12.9409	1539	4934	3314	5	0.0001 Colloc0 1539 33124 0.0681284 273.881
310	1	2255.46	231383	231370	12.9984	1517	4982	3266	3	0.0001 Colloc0 1517 33163 0.0753516 278.113
320	1	2317.92	231669	231656	12.4226	1531	4897	3351	5	0.0001 Colloc0 1531 33158 0.104699 236.552
330	1	2380.45	231864	231851	12.5357	1504	4808	3440	4	0.0001 Colloc0 1504 33202 0.0783842 244.57
340	1	2442.83	231779	231767	12.2113	1538	4762	3486	2	0.0001 Colloc0 1538 33167 0.135098 221.799
350	1	2505.79	231344	231332	12.4404	1548	4898	3350	3	0.0001 Colloc0 1548 33184 0.103858 237.808
360	1	2568.69	230766	230753	12.5645	1531	5011	3237	2	0.0001 Colloc0 1531 33112 0.091288 246.621
370	1	2630.39	231081	231069	12.2777	1515	4893	3355	3	0.0001 Colloc0 1515 33094 0.0978377 226.406
380	1	2692.67	231207	231194	12.7675	1521	4852	3396	3	0.0001 Colloc0 1521 33035 0.0710644 261.222
390	1	2754.36	230542	230529	12.562	1520	4906	3342	3	0.0001 Colloc0 1520 32959 0.0886708 246.442
400	1	2816.12	230294	230282	12.346	1545	4902	3346	3	0.0001 Colloc0 1545 32905 0.0990836 231.172
410	1	2877.36	230120	230108	12.5466	1534	5038	3210	1	0.0001 Colloc0 1534 32915 0.100873 245.343
420	1	2938.27	229718	229706	12.2938	1511	4968	3280	2	0.0001 Colloc0 1511 32912 0.108243 227.529
430	1	2999.18	229047	229034	12.7098	1525	5062	3186	2	0.0001 Colloc0 1525 32813 0.0806883 257.053
440	1	3060.41	228490	228477	12.4531	1490	4993	3255	4	0.0001 Colloc0 1490 32816 0.0893666 238.707
450	1	3121.86	228250	228237	12.4569	1540	5016	3232	2	0.0001 Colloc0 1540 32799 0.105034 238.976
460	1	3182.22	227297	227285	12.4374	1488	5233	3015	1	0.0001 Colloc0 1488 32848 0.0994355 237.596
470	1	3243.5	226929	226917	12.5867	1502	5225	3023	1	0.0001 Colloc0 1502 32824 0.0933175 248.205
480	1	3304.68	227255	227242	12.5015	1523	5202	3046	3	0.0001 Colloc0 1523 32772 0.108315 242.138
490	1	3365.13	227471	227458	12.7872	1512	5102	3146	1	0.0001 Colloc0 1512 32827 0.0804232 262.65
500	1	3426.34	226885	226873	12.4723	1496	5181	3067	2	0.0001 Colloc0 1496 32728 0.0903366 240.063
510	1	3487.13	227091	227078	12.2118	1474	5091	3157	2	0.0001 Colloc0 1474 32762 0.1168 221.835
520	1	3548.22	227174	227163	11.9743	1475	5150	3098	4	0.0001 Colloc0 1475 32769 0.11369 205.61
530	1	3609.09	227721	227709	12.354	1486	5143	3105	3	0.0001 Colloc0 1486 32764 0.095408 231.733
540	1	3669.56	226232	226219	12.314	1448	5240	3008	4	0.0001 Colloc0 1448 32740 0.0852465 228.935
550	1	3729.58	226467	226455	12.5672	1500	5191	3057	3	0.0001 Colloc0 1500 32668 0.0974364 246.81
560	1	3790.69	226259	226247	12.2609	1487	5125	3123	5	0.0001 Colloc0 1487 32662 0.112146 225.239
570	1	3851.59	226043	226031	12.0678	1477	5201	3047	2	0.0001 Colloc0 1477 32670 0.124547 211.947
580	1	3908.5	225985	225973	12.4858	1474	5271	2977	3	0.0001 Colloc0 1474 32670 0.0920094 241.019
590	1	3967.68	225528	225516	11.9586	1476	5232	3016	5	0.0001 Colloc0 1476 32658 0.106837 204.55
600	1	4027.38	225707	225695	11.5435	1510	5276	2972	2	0.0001 Colloc0 1510 32666 0.178959 177.227
610	1	4086.67	226268	226256	11.7975	1541	5169	3079	2	0.0001 Colloc0 1541 32601 0.148108 193.789
620	1	4146.1	226820	226807	12.4326	1513	5071	3177	2	0.0001 Colloc0 1513 32610 0.0911999 237.257
630	1	4206.14	226588	226576	12.4345	1485	5070	3178	2	0.0001 Colloc0 1485 32593 0.0781901 237.393
640	1	4266.15	226157	226145	12.276	1502	5165	3083	2	0.0001 Colloc0 1502 32610 0.110479 226.288
650	1	4325.16	225734	225723	11.7525	1557	5323	2925	2	0.0001 Colloc0 1557 32566 0.165533 190.815
660	1	4383.94	225654	225642	12.4072	1513	5361	2887	2	0.0001 Colloc0 1513 32534 0.107051 235.473
670	1	4444.84	225610	225597	12.3968	1493	5281	2967	2	0.0001 Colloc0 1493 32511 0.119141 234.739
680	1	4504.17	225699	225687	12.3002	1522	5273	2975	2	0.0001 Colloc0 1522 32523 0.104012 227.971
690	1	4564.1	225576	225563	12.6619	1513	5218	3030	2	0.0001 Colloc0 1513 32506 0.0926711 253.597
700	1	4624.56	225885	225873	12.004	1520	5121	3127	2	0.0001 Colloc0 1520 32507 0.122256 207.613
710	1	4682.59	225645	225633	12.4439	1508	5129	3119	2	0.0001 Colloc0 1508 32476 0.115641 238.06
720	1	4742.81	226083	226070	12.7733	1534	5176	3072	2	0.0001 Colloc0 1534 32467 0.0764393 261.648
730	1	4802.91	225815	225803	12.6539	1513	5224	3024	4	0.0001 Colloc0 1513 32458 0.0965481 253.024
740	1	4863.34	224603	224591	12.4317	1496	5356	2892	2	0.0001 Colloc0 1496 32428 0.105094 237.198
750	1	4922.8	225035	225023	12.1837	1538	5384	2864	2	0.0001 Colloc0 1538 32473 0.129085 219.897
760	1	4981.38	225100	225088	11.9213	1508	5447	2801	3	0.0001 Colloc0 1508 32391 0.121809 202.037
770	1	5042.08	225090	225077	12.0928	1504	5303	2945	2	0.0001 Colloc0 1504 32404 0.1123 213.652
780	1	5102.61	224903	224891	12.3259	1525	5407	2841	1	0.0001 Colloc0 1525 32381 0.0941121 229.771
790	1	5161.28	224575	224562	12.2624	1512	5510	2738	2	0.0001 Colloc0 1512 32363 0.111119 225.344
800	1	5220.81	223635	223623	12.1881	1492	5800	2448	2	0.0001 Colloc0 1492 32304 0.11859 220.201
810	1	5281.32	223594	223581	12.6764	1518	5831	2417	1	0.0001 Colloc0 1518 32346 0.0898768 254.641
820	1	5342.48	223248	223235	12.4174	1536	5882	2366	2	0.0001 Colloc0 1536 32283 0.124835 236.191
830	1	5401.96	223418	223405	12.535	1492	5866	2382	1	0.0001 Colloc0 1492 32344 0.0863043 244.516
840	1	5461.41	223441	223429	12.0276	1503	5845	2403	1	0.0001 Colloc0 1503 32347 0.14412 209.216
850	1	5519.51	223581	223569	12.3756	1514	5704	2544	1	0.0001 Colloc0 1514 32339 0.109921 233.251
860	1	5579.17	224525	224513	12.5783	1494	5563	2685	3	0.0001 Colloc0 1494 32391 0.100187 247.608
870	1	5638.64	224867	224855	12.5748	1523	5456	2792	3	0.0001 Colloc0 1523 32325 0.0946865 247.354
880	1	5696.68	225033	225020	12.4674	1541	5344	2904	3	0.0001 Colloc0 1541 32325 0.113308 239.722
890	1	5755.97	224467	224455	12.2387	1536	5484	2764	2	0.0001 Colloc0 1536 32259 0.128757 223.7
900	1	5815.1	224176	224163	12.7679	1520	5543	2705	3	0.0001 Colloc0 1520 32265 0.0632731 261.251
910	1	5874.99	224036	224024	12.0563	1511	5523	2725	3	0.0001 Colloc0 1511 32221 0.142995 211.167
920	1	5932.93	223989	223977	12.2112	1495	5411	2837	1	0.0001 Colloc0 1495 32238 0.133666 221.796
930	1	5989.72	223806	223793	12.4837	1521	5486	2762	2	0.0001 Colloc0 1521 32216 0.107553 240.875
940	1	6045.29	223771	223759	11.9256	1504	5416	2832	3	0.0001 Colloc0 1504 32238 0.12356 202.328
950	1	6101.62	223621	223608	12.1423	1499	5539	2709	2	0.0001 Colloc0 1499 32216 0.117533 217.046
