# D = 0, E = 1, I = 1, P = 1, R = -1, n = 2000, N = 1, P = 1, w = 1, a = 0.0001, b = 10000, e = 1, f = 1, g = 100, h = 0.01, r = 5756, s = 1, S = 0, x = 10, m = 100, Z = 1, z = 0, T = 1, t = 1
# 5872 tokens in 266 sentences
#
# It	Temp	Time	-logP	-logPcorpus	-logPrior	tables	same	changed	reject	default_pya	(parent pym pyn pya pyb)*
0	1	0.812876	21980.9	21867.1	113.764	626	0	266	0	0.0001 Colloc0 626 805 0.0001 10000
10	1	11.8132	17902	17890	11.9197	563	73	193	3	0.0001 Colloc0 563 2265 0.0974933 201.933
20	1	22.6006	17703.3	17691.7	11.5496	532	70	196	0	0.0001 Colloc0 532 2260 0.090877 177.621
30	1	32.884	17569	17557.7	11.2886	544	79	187	2	0.0001 Colloc0 544 2280 0.143126 161.156
40	1	43.1034	17429.8	17418.4	11.4398	512	92	174	1	0.0001 Colloc0 512 2307 0.0822169 170.621
50	1	53.3429	17319.6	17308.1	11.4816	512	77	189	4	0.0001 Colloc0 512 2267 0.0473441 173.272
60	1	64.1672	17256.9	17245.5	11.3612	498	87	179	0	0.0001 Colloc0 498 2267 0.118844 165.676
70	1	74.8996	17264.2	17252.9	11.3768	506	84	182	2	0.0001 Colloc0 506 2313 0.0860539 166.653
80	1	85.263	17189.2	17178.7	10.5052	482	93	173	2	0.0001 Colloc0 482 2301 0.120068 115.655
90	1	96.0334	17127.9	17116.3	11.6017	481	81	185	2	0.0001 Colloc0 481 2288 0.01078 180.98
100	1	106.81	17010.4	16999.2	11.1999	482	100	166	3	0.0001 Colloc0 482 2262 0.0362253 155.697
110	1	116.879	16965.4	16953.8	11.674	480	106	160	2	0.0001 Colloc0 480 2254 0.0219326 185.673
120	1	127.158	17041.6	17030.6	10.9505	490	100	166	4	0.0001 Colloc0 490 2237 0.0880778 140.748
130	1	138.131	17048	17036.9	11.1573	484	98	168	2	0.0001 Colloc0 484 2262 0.152057 153.102
140	1	148.982	16921.5	16910.3	11.2769	469	97	169	2	0.0001 Colloc0 469 2238 0.0343071 160.428
150	1	159.679	17047.9	17036.4	11.4899	481	94	172	2	0.0001 Colloc0 481 2265 0.0296878 173.802
160	1	170.49	17046.8	17035.7	11.1783	492	94	172	1	0.0001 Colloc0 492 2259 0.120283 154.377
170	1	181.54	16874.3	16863.7	10.6301	497	106	160	2	0.0001 Colloc0 497 2223 0.16461 122.472
180	1	192.335	16736.5	16726	10.4484	493	99	167	0	0.0001 Colloc0 493 2234 0.205178 112.612
190	1	203.181	16693.9	16683.1	10.7968	476	112	154	4	0.0001 Colloc0 476 2209 0.17901 131.848
200	1	213.863	16672.3	16660.9	11.3956	464	120	146	0	0.0001 Colloc0 464 2234 0.0771062 167.83
210	1	224.548	16729.2	16718.5	10.7305	468	98	168	3	0.0001 Colloc0 468 2223 0.158617 128.081
220	1	235.29	16740	16728.5	11.4628	488	110	156	2	0.0001 Colloc0 488 2219 0.0452796 172.077
230	1	246.078	16690.4	16679.6	10.8225	485	117	149	0	0.0001 Colloc0 485 2216 0.128221 133.314
240	1	257.091	16803.7	16792.6	11.1247	496	98	168	2	0.0001 Colloc0 496 2240 0.121937 151.124
250	1	267.92	16793.8	16782.6	11.1806	466	114	152	2	0.0001 Colloc0 466 2236 0.0643556 154.519
260	1	279.035	16723	16712.1	10.9327	477	105	161	3	0.0001 Colloc0 477 2216 0.141697 139.702
270	1	289.691	16699.9	16688.9	10.9334	455	102	164	1	0.0001 Colloc0 455 2228 0.113449 139.747
280	1	300.709	16697.9	16686.6	11.3079	483	110	156	0	0.0001 Colloc0 483 2223 0.0515718 162.353
290	1	311.577	16730.5	16718.9	11.5305	477	104	162	0	0.0001 Colloc0 477 2247 0.00379142 176.394
300	1	322.427	16739.2	16728.4	10.8426	478	102	164	5	0.0001 Colloc0 478 2252 0.16523 134.473
310	1	333.248	16736.5	16725.4	11.142	477	104	162	1	0.0001 Colloc0 477 2247 0.0968777 152.172
320	1	343.945	16716.9	16705.7	11.2472	461	101	165	2	0.0001 Colloc0 461 2250 0.0503423 158.599
330	1	354.677	16760.7	16749.1	11.5583	481	99	167	3	0.0001 Colloc0 481 2231 0.0802779 178.179
340	1	365.624	16741.3	16730.2	11.0575	472	114	152	1	0.0001 Colloc0 472 2228 0.0722168 147.087
350	1	376.283	16703.6	16693.1	10.4651	484	109	157	2	0.0001 Colloc0 484 2255 0.231271 113.504
360	1	387.256	16651.4	16640.6	10.7798	453	111	155	1	0.0001 Colloc0 453 2248 0.0918823 130.878
370	1	398.035	16751.8	16740.6	11.1497	466	106	160	1	0.0001 Colloc0 466 2262 0.0930016 152.636
380	1	408.814	16787.1	16776.4	10.6567	487	100	166	1	0.0001 Colloc0 487 2245 0.158529 123.947
390	1	419.397	16801.9	16790.9	11.0919	472	92	174	0	0.0001 Colloc0 472 2264 0.0500575 149.148
400	1	430.018	16764.2	16752.6	11.6221	461	101	165	3	0.0001 Colloc0 461 2227 0.0375303 182.296
410	1	440.963	16739.1	16727.8	11.2464	466	106	160	1	0.0001 Colloc0 466 2263 0.0898323 158.545
420	1	451.926	16668.5	16657.7	10.7471	481	114	152	2	0.0001 Colloc0 481 2236 0.166285 129.022
430	1	462.539	16591	16581	9.93345	475	112	154	2	0.0001 Colloc0 475 2228 0.25291 86.8443
440	1	473.608	16598.9	16588.1	10.7857	477	118	148	3	0.0001 Colloc0 477 2212 0.17794 131.214
450	1	483.85	16581.7	16570.8	10.8906	463	111	155	1	0.0001 Colloc0 463 2212 0.125772 137.248
460	1	494.462	16677.9	16666.6	11.2322	475	105	161	3	0.0001 Colloc0 475 2233 0.0800804 157.672
470	1	505.297	16720.8	16709.3	11.4213	466	108	158	3	0.0001 Colloc0 466 2229 0.0107009 169.452
480	1	516.093	16750.8	16739.6	11.1984	464	109	157	2	0.0001 Colloc0 464 2228 0.06377 155.601
490	1	526.611	16715.9	16704.5	11.4233	469	109	157	3	0.0001 Colloc0 469 2235 0.0189545 169.577
500	1	537.432	16752.6	16741.5	11.158	462	103	163	2	0.0001 Colloc0 462 2239 0.0651587 153.143
510	1	548.075	16709.7	16698.3	11.3737	470	96	170	2	0.0001 Colloc0 470 2229 0.0268096 166.459
520	1	558.806	16682.2	16670.9	11.3656	462	107	159	0	0.0001 Colloc0 462 2240 0.0366916 165.949
530	1	569.748	16646.9	16636.3	10.5684	448	103	163	3	0.0001 Colloc0 448 2228 0.13972 119.084
540	1	580.135	16717	16705.9	11.1016	455	108	158	0	0.0001 Colloc0 455 2259 0.0968882 149.731
550	1	590.503	16618.5	16607.2	11.328	456	103	163	1	0.0001 Colloc0 456 2220 0.0543452 163.603
560	1	601.439	16599.7	16589.3	10.4483	462	109	157	1	0.0001 Colloc0 462 2238 0.148924 112.608
570	1	612.216	16645.2	16634.3	10.8929	451	112	154	2	0.0001 Colloc0 451 2258 0.118759 137.385
580	1	622.77	16664.2	16653	11.1109	450	115	151	1	0.0001 Colloc0 450 2256 0.0709397 150.291
590	1	633.47	16622.4	16611.6	10.8379	449	130	136	2	0.0001 Colloc0 449 2246 0.101387 134.204
600	1	644.149	16687.3	16676.7	10.6679	482	105	161	1	0.0001 Colloc0 482 2226 0.170229 124.575
610	1	654.961	16609.3	16598.7	10.5841	455	110	156	0	0.0001 Colloc0 455 2233 0.121519 119.945
620	1	665.746	16670	16658.7	11.3099	452	117	149	0	0.0001 Colloc0 452 2256 0.0327815 162.476
630	1	676.676	16605.6	16594.7	10.9279	452	106	160	2	0.0001 Colloc0 452 2212 0.143166 139.424
640	1	687.524	16620	16608.8	11.2538	468	106	160	1	0.0001 Colloc0 468 2210 0.0715679 159.004
650	1	698.398	16731.8	16721.3	10.5359	481	108	158	3	0.0001 Colloc0 481 2248 0.149505 117.317
660	1	709.117	16656.9	16646.4	10.5199	469	117	149	1	0.0001 Colloc0 469 2248 0.164879 116.45
670	1	719.409	16631.4	16620.4	10.9315	451	107	159	2	0.0001 Colloc0 451 2239 0.0658268 139.636
680	1	729.453	16683.2	16671.9	11.2433	471	95	171	0	0.0001 Colloc0 471 2272 0.0922236 158.356
690	1	740.204	16571.1	16560.6	10.407	458	109	157	1	0.0001 Colloc0 458 2249 0.161634 110.423
700	1	750.917	16629.6	16618.7	10.8759	461	113	153	1	0.0001 Colloc0 461 2256 0.107164 136.397
710	1	761.817	16635	16623.9	11.0248	459	100	166	0	0.0001 Colloc0 459 2234 0.118381 145.135
720	1	772.742	16615.7	16605	10.7703	446	117	149	3	0.0001 Colloc0 446 2248 0.12023 130.336
730	1	783.289	16602	16590.6	11.3979	454	113	153	3	0.0001 Colloc0 454 2218 0.0344282 167.978
740	1	794.234	16655.4	16645	10.4412	465	114	152	3	0.0001 Colloc0 465 2253 0.156745 112.232
750	1	805.189	16600.7	16590	10.6441	458	111	155	2	0.0001 Colloc0 458 2233 0.178743 123.249
760	1	816.209	16612.9	16602.3	10.5885	475	109	157	0	0.0001 Colloc0 475 2224 0.19208 120.183
770	1	827.149	16470.5	16460.1	10.3543	461	118	148	2	0.0001 Colloc0 461 2213 0.181404 107.661
780	1	837.983	16613.1	16601.9	11.1853	460	106	160	1	0.0001 Colloc0 460 2252 0.0921053 154.806
790	1	848.753	16595.9	16584.6	11.3084	475	100	166	4	0.0001 Colloc0 475 2203 0.0423089 162.384
800	1	859.388	16620.2	16609.7	10.4063	464	119	147	0	0.0001 Colloc0 464 2221 0.146835 110.384
810	1	870.394	16661	16649.7	11.2203	469	105	161	1	0.0001 Colloc0 469 2221 0.00677621 156.945
820	1	881.185	16686.2	16675.9	10.3106	456	110	156	0	0.0001 Colloc0 456 2248 0.171534 105.394
830	1	892.105	16657.5	16646.9	10.6053	464	104	162	0	0.0001 Colloc0 464 2254 0.141576 121.105
840	1	902.801	16620.3	16609.4	10.9551	465	103	163	0	0.0001 Colloc0 465 2249 0.146639 141.016
850	1	913.592	16570.6	16559.4	11.1354	449	108	158	3	0.0001 Colloc0 449 2227 0.0708872 151.77
860	1	924.14	16633.9	16622.5	11.399	467	115	151	2	0.0001 Colloc0 467 2224 0.0094012 168.049
870	1	934.867	16629.2	16618.4	10.8397	463	108	158	2	0.0001 Colloc0 463 2241 0.14241 134.308
880	1	945.697	16604.3	16592.7	11.5954	470	115	151	2	0.0001 Colloc0 470 2206 0.0136314 180.569
890	1	955.781	16578.3	16566.7	11.5564	476	109	157	1	0.0001 Colloc0 476 2195 0.0245279 178.058
900	1	966.133	16469	16458.4	10.5975	458	121	145	2	0.0001 Colloc0 458 2232 0.13916 120.68
910	1	976.863	16575.8	16564.9	10.8772	452	113	153	2	0.0001 Colloc0 452 2221 0.116361 136.47
920	1	987.705	16705.2	16693.9	11.3582	484	98	168	2	0.0001 Colloc0 484 2234 0.0561685 165.484
930	1	998.598	16616.2	16604.6	11.5567	467	99	167	1	0.0001 Colloc0 467 2242 0.0226005 178.077
940	1	1009.53	16572.4	16561	11.4353	466	107	159	1	0.0001 Colloc0 466 2253 0.0280134 170.337
950	1	1020.58	16516.1	16505.2	10.9622	463	111	155	5	0.0001 Colloc0 463 2237 0.108847 141.434
960	1	1031.22	16586.8	16575.6	11.1389	455	119	147	3	0.0001 Colloc0 455 2241 0.0515461 151.985
970	1	1041.48	16525.9	16515.1	10.8194	441	110	156	1	0.0001 Colloc0 441 2257 0.0683382 133.138
980	1	1051.95	16605.4	16594.2	11.1979	458	103	163	4	0.0001 Colloc0 458 2259 0.00479119 155.575
990	1	1062.97	16546.2	16535.4	10.8165	441	114	152	1	0.0001 Colloc0 441 2220 0.038701 132.974
1000	1	1073.87	16549.5	16538.5	10.9876	440	115	151	3	0.0001 Colloc0 440 2245 0.0773494 142.93
1010	1	1084.7	16547.5	16536.5	10.9864	446	102	164	0	0.0001 Colloc0 446 2227 0.0766112 142.862
1020	1	1095.52	16556.5	16546.2	10.3637	456	106	160	4	0.0001 Colloc0 456 2238 0.174565 108.15
1030	1	1106.27	16572.3	16561.8	10.426	452	106	160	1	0.0001 Colloc0 452 2232 0.141926 111.426
1040	1	1116.79	16560	16548.7	11.2724	451	108	158	1	0.0001 Colloc0 451 2237 0.0749355 160.15
1050	1	1126.94	16493.2	16482	11.2551	434	118	148	1	0.0001 Colloc0 434 2237 0.0199818 159.086
1060	1	1137.22	16583.4	16572.5	10.8917	470	105	161	3	0.0001 Colloc0 470 2190 0.136288 137.311
1070	1	1148.01	16621	16609.9	11.1513	445	101	165	2	0.0001 Colloc0 445 2256 0.0475941 152.736
1080	1	1158.84	16577.3	16566.4	10.9151	462	106	160	3	0.0001 Colloc0 462 2204 0.105366 138.677
1090	1	1169.79	16472.6	16462.1	10.5515	451	117	149	1	0.0001 Colloc0 451 2220 0.127279 118.165
1100	1	1180.53	16511	16499.9	11.1092	447	111	155	3	0.0001 Colloc0 447 2228 0.0999659 150.19
1110	1	1191.18	16507	16495.8	11.234	450	112	154	5	0.0001 Colloc0 450 2202 0.0125676 157.785
1120	1	1201.63	16668.8	16657.8	11.0299	476	108	158	3	0.0001 Colloc0 476 2246 0.104179 145.44
1130	1	1212.3	16636.8	16626	10.76	455	104	162	2	0.0001 Colloc0 455 2251 0.110439 129.749
1140	1	1222.41	16551.2	16539.8	11.4166	449	106	160	4	0.0001 Colloc0 449 2227 0.0108828 169.156
1150	1	1232.5	16537.2	16526.8	10.3914	469	106	160	2	0.0001 Colloc0 469 2226 0.187112 109.602
1160	1	1242.97	16593.4	16582.9	10.4545	466	115	151	3	0.0001 Colloc0 466 2232 0.145451 112.939
1170	1	1253.49	16614.1	16603.2	10.9177	445	106	160	3	0.0001 Colloc0 445 2246 0.0495663 138.827
1180	1	1264.28	16582.7	16571.5	11.1378	471	108	158	3	0.0001 Colloc0 471 2218 0.124932 151.918
1190	1	1275.27	16619.5	16608	11.4768	459	106	160	1	0.0001 Colloc0 459 2225 0.0246713 172.97
1200	1	1286.23	16469	16458.1	10.8549	459	115	151	2	0.0001 Colloc0 459 2220 0.108829 135.184
1210	1	1297.16	16546.2	16535.2	10.9839	460	110	156	2	0.0001 Colloc0 460 2212 0.0606002 142.715
1220	1	1307.72	16607.6	16596.5	11.0935	444	98	168	0	0.0001 Colloc0 444 2243 0.0337943 149.246
1230	1	1318.36	16525.3	16514	11.2885	445	115	151	1	0.0001 Colloc0 445 2233 0.0408611 161.149
1240	1	1328.4	16536.4	16525.9	10.5066	442	116	150	1	0.0001 Colloc0 442 2239 0.10614 115.731
1250	1	1338.37	16562.6	16551.6	10.9665	443	109	157	0	0.0001 Colloc0 443 2261 0.0277543 141.69
1260	1	1348.45	16504.3	16493.7	10.6619	455	118	148	1	0.0001 Colloc0 455 2233 0.084442 124.239
1270	1	1359.07	16629.2	16618.2	10.9998	472	116	150	1	0.0001 Colloc0 472 2230 0.162786 143.651
1280	1	1369.84	16555.7	16545.3	10.4682	464	115	151	4	0.0001 Colloc0 464 2214 0.19212 113.668
1290	1	1380.46	16490.9	16480	10.9338	459	117	149	1	0.0001 Colloc0 459 2190 0.117163 139.768
1300	1	1391.19	16570.3	16559.5	10.8081	461	112	154	2	0.0001 Colloc0 461 2199 0.11217 132.489
1310	1	1401.76	16657.5	16646.6	10.8721	462	105	161	2	0.0001 Colloc0 462 2223 0.0951786 136.177
1320	1	1412.06	16598.3	16587.1	11.1089	457	95	171	2	0.0001 Colloc0 457 2198 0.0707594 150.168
1330	1	1422.78	16548.9	16537.7	11.1835	449	113	153	1	0.0001 Colloc0 449 2222 0.0725096 154.692
1340	1	1433.63	16624	16614	10.0281	450	101	165	1	0.0001 Colloc0 450 2209 0.192377 91.327
1350	1	1444.24	16608.6	16597.7	10.883	455	106	160	3	0.0001 Colloc0 455 2246 0.0980372 136.809
1360	1	1454.27	16656.6	16645.3	11.3395	462	86	180	3	0.0001 Colloc0 462 2244 0.0231219 164.321
1370	1	1464.43	16516.6	16505.2	11.4589	456	99	167	1	0.0001 Colloc0 456 2204 0.0128128 171.831
1380	1	1474.54	16489.4	16478.3	11.0895	449	115	151	2	0.0001 Colloc0 449 2225 0.0717437 149.005
1390	1	1485.23	16526.2	16514.9	11.2924	463	111	155	4	0.0001 Colloc0 463 2196 0.0365151 161.389
1400	1	1496.04	16551.1	16540.2	10.928	469	109	157	0	0.0001 Colloc0 469 2217 0.105565 139.428
1410	1	1506.37	16515	16503.5	11.5062	464	117	149	4	0.0001 Colloc0 464 2197 0.0454978 174.845
1420	1	1516.92	16566.1	16555.1	11.031	457	114	152	2	0.0001 Colloc0 457 2214 0.075516 145.505
1430	1	1527.86	16565.5	16555	10.4264	454	108	158	3	0.0001 Colloc0 454 2224 0.174633 111.445
1440	1	1538.81	16462.1	16451.4	10.6756	448	115	151	2	0.0001 Colloc0 448 2208 0.138027 125.002
1450	1	1549.5	16560	16548.8	11.2291	441	110	156	2	0.0001 Colloc0 441 2228 0.00771199 157.486
1460	1	1560.26	16632.5	16621.5	10.989	459	102	164	3	0.0001 Colloc0 459 2226 0.0912045 143.014
1470	1	1570.97	16581.6	16570.8	10.7928	451	103	163	1	0.0001 Colloc0 451 2240 0.118307 131.617
1480	1	1581.77	16650.6	16639.9	10.6899	457	99	167	0	0.0001 Colloc0 457 2250 0.110438 125.803
1490	1	1591.89	16586.8	16576.1	10.6896	456	101	165	0	0.0001 Colloc0 456 2245 0.116611 125.786
1500	1	1602.56	16584.6	16573.2	11.3358	455	109	157	2	0.0001 Colloc0 455 2261 0.051251 164.088
1510	1	1613.19	16562	16551	10.9463	449	106	160	1	0.0001 Colloc0 449 2225 0.0754315 140.501
1520	1	1623.88	16542.3	16531.2	11.1112	451	108	158	3	0.0001 Colloc0 451 2237 0.0723273 150.308
1530	1	1634.57	16517.5	16506	11.5387	460	105	161	1	0.0001 Colloc0 460 2227 0.0193498 176.919
1540	1	1645.17	16600.2	16589.1	11.1122	469	108	158	0	0.0001 Colloc0 469 2220 0.0492741 150.369
1550	1	1655.99	16470	16458.7	11.3154	446	110	156	3	0.0001 Colloc0 446 2208 0.0428547 162.816
1560	1	1666.61	16566.7	16555.2	11.5358	453	107	159	2	0.0001 Colloc0 453 2223 0.0340173 176.735
1570	1	1677.48	16461.1	16449.9	11.2215	452	115	151	3	0.0001 Colloc0 452 2211 0.0824722 157.016
1580	1	1688.23	16552.8	16541.6	11.173	455	105	161	2	0.0001 Colloc0 455 2219 0.0567938 154.051
1590	1	1698.9	16595.4	16584.2	11.1671	441	111	155	3	0.0001 Colloc0 441 2257 0.0202792 153.694
1600	1	1709.51	16588.8	16577.6	11.1857	448	100	166	1	0.0001 Colloc0 448 2236 0.0228115 154.827
1610	1	1720.23	16575.5	16564.2	11.28	467	112	154	1	0.0001 Colloc0 467 2231 0.0573566 160.619
1620	1	1730.88	16543.1	16531.7	11.4436	445	114	152	1	0.0001 Colloc0 445 2253 0.0391573 170.859
1630	1	1741.75	16561.9	16550.6	11.2686	448	110	156	0	0.0001 Colloc0 448 2247 0.0123581 159.918
1640	1	1752.67	16585.1	16573.8	11.284	443	101	165	1	0.0001 Colloc0 443 2255 0.0206294 160.867
1650	1	1763.55	16573.5	16562.5	11.0141	452	110	156	1	0.0001 Colloc0 452 2247 0.0245646 144.504
1660	1	1774.3	16515.7	16504.7	11.0034	453	105	161	1	0.0001 Colloc0 453 2211 0.0589182 143.869
1670	1	1784.99	16505.9	16494.7	11.2186	447	116	150	3	0.0001 Colloc0 447 2229 0.066327 156.841
1680	1	1795.76	16477.7	16466.4	11.2238	444	114	152	2	0.0001 Colloc0 444 2238 0.00626348 157.156
1690	1	1806.34	16528.3	16516.7	11.6234	452	112	154	1	0.0001 Colloc0 452 2223 1.29437e-05 182.384
1700	1	1817.16	16501	16490	11.0698	440	108	158	1	0.0001 Colloc0 440 2232 0.0687138 147.825
1710	1	1828.09	16501.1	16490.2	10.8541	462	105	161	3	0.0001 Colloc0 462 2216 0.0914589 135.133
1720	1	1838.52	16503.7	16492.1	11.5717	460	101	165	3	0.0001 Colloc0 460 2242 0.0171625 179.04
1730	1	1848.46	16459.6	16448.8	10.8124	447	112	154	2	0.0001 Colloc0 447 2238 0.109506 132.739
1740	1	1858.63	16636.5	16625.2	11.2356	465	97	169	0	0.0001 Colloc0 465 2224 0.0424305 157.883
1750	1	1868.6	16518.4	16506.8	11.5409	445	106	160	1	0.0001 Colloc0 445 2230 0.0299787 177.064
1760	1	1878.52	16537.3	16526	11.2651	472	116	150	3	0.0001 Colloc0 472 2208 0.0520279 159.699
1770	1	1889.01	16551.1	16540	11.0989	462	92	174	2	0.0001 Colloc0 462 2219 0.0328986 149.57
1780	1	1899.86	16460.8	16450	10.8135	447	120	146	2	0.0001 Colloc0 447 2232 0.0640096 132.8
1790	1	1910.3	16563.3	16552.2	11.1574	464	102	164	1	0.0001 Colloc0 464 2236 0.049532 153.104
1800	1	1921.1	16542.1	16530.8	11.2419	454	111	155	1	0.0001 Colloc0 454 2248 0.0215585 158.272
1810	1	1931.85	16545.5	16534.7	10.8474	450	107	159	1	0.0001 Colloc0 450 2247 0.109029 134.75
1820	1	1942.57	16522.4	16511.3	11.1047	449	93	173	3	0.0001 Colloc0 449 2235 0.0372503 149.919
1830	1	1952.85	16465.5	16454.5	10.9985	448	113	153	5	0.0001 Colloc0 448 2222 0.0528738 143.579
1840	1	1962.98	16508.7	16497.1	11.5705	439	106	160	2	0.0001 Colloc0 439 2223 0.0119727 178.964
1850	1	1973.19	16465.6	16454.5	11.068	440	114	152	3	0.0001 Colloc0 440 2234 0.0645694 147.717
1860	1	1983.8	16451	16439.5	11.4852	458	110	156	1	0.0001 Colloc0 458 2210 0.0350912 173.503
1870	1	1994.51	16391.3	16380.1	11.1589	441	118	148	2	0.0001 Colloc0 441 2201 0.0401591 153.198
1880	1	2005.3	16466.9	16456	10.8777	462	107	159	3	0.0001 Colloc0 462 2229 0.121188 136.499
1890	1	2015.69	16468.6	16457.5	11.0666	446	109	157	0	0.0001 Colloc0 446 2197 0.0476572 147.63
1900	1	2026.31	16451.8	16441.1	10.6701	450	113	153	5	0.0001 Colloc0 450 2195 0.0779939 124.693
1910	1	2036.99	16513.8	16502.6	11.1837	449	111	155	0	0.0001 Colloc0 449 2226 0.0766223 154.706
1920	1	2047.56	16528.4	16517.3	11.0863	454	109	157	3	0.0001 Colloc0 454 2209 0.0726702 148.812
1930	1	2058.28	16409.9	16399	10.9376	440	114	152	1	0.0001 Colloc0 440 2232 0.0621914 139.989
1940	1	2068.86	16454.2	16443.2	10.9939	456	115	151	3	0.0001 Colloc0 456 2173 0.0722434 143.302
1950	1	2078.74	16424.3	16413.2	11.0945	436	119	147	3	0.0001 Colloc0 436 2184 0.0447623 149.305
1960	1	2089.41	16466.2	16455	11.2034	458	116	150	2	0.0001 Colloc0 458 2200 0.0767238 155.909
1970	1	2100.07	16359.6	16348.5	11.0418	441	124	142	2	0.0001 Colloc0 441 2198 0.00953202 146.146
1980	1	2110.09	16486.7	16475.9	10.8029	453	111	155	1	0.0001 Colloc0 453 2214 0.123306 132.192
1990	1	2120.03	16512.5	16501.1	11.4207	448	118	148	1	0.0001 Colloc0 448 2238 0.0081153 169.415
2000	1	2130.13	16476.7	16465.5	11.1306	434	109	157	4	0.0001 Colloc0 434 2237 0.0105147 151.479
