# D = 0, E = 1, I = 1, P = 1, R = -1, n = 2000, N = 1, P = 1, w = 1, a = 0.0001, b = 10000, e = 1, f = 1, g = 100, h = 0.01, r = 26152, s = 1, S = 0, x = 10, m = 100, Z = 1, z = 0, T = 1, t = 1
# 5872 tokens in 266 sentences
#
# It	Temp	Time	-logP	-logPcorpus	-logPrior	tables	same	changed	reject	default_pya	(parent pym pyn pya pyb)*
0	1	0.826874	22387.3	22273.5	113.764	882	0	266	0	0.0001 Colloc0 882 1183 0.0001 10000
10	1	11.5482	17582.2	17569.9	12.2873	549	83	183	1	0.0001 Colloc0 549 2239 0.0360679 227.072
20	1	21.7247	17259.4	17247.7	11.6963	511	94	172	1	0.0001 Colloc0 511 2233 0.0157843 187.13
30	1	31.8472	17348.5	17336.8	11.6912	507	83	183	3	0.0001 Colloc0 507 2245 0.0361981 186.796
40	1	42.0756	17172.1	17160.3	11.858	506	97	169	3	0.0001 Colloc0 506 2222 0.012746 197.803
50	1	52.0731	17247.3	17235.5	11.8022	499	80	186	2	0.0001 Colloc0 499 2239 0.0478023 194.095
60	1	62.9524	17146.4	17135	11.4454	502	91	175	0	0.0001 Colloc0 502 2231 0.0280729 170.977
70	1	73.8348	17179.3	17167.6	11.6974	502	92	174	0	0.0001 Colloc0 502 2263 0.0183055 187.202
80	1	84.7971	17142.8	17131.2	11.6565	482	89	177	3	0.0001 Colloc0 482 2243 0.0198798 184.532
90	1	95.7164	17194.3	17183	11.2846	503	87	179	1	0.0001 Colloc0 503 2257 0.0533659 160.903
100	1	106.471	17056.8	17045	11.8393	519	96	170	1	0.0001 Colloc0 519 2187 0.0127227 196.562
110	1	117.354	16984.8	16973.4	11.4307	477	94	172	2	0.0001 Colloc0 477 2247 0.0312142 170.043
120	1	127.606	16854.4	16843.9	10.5071	462	101	165	2	0.0001 Colloc0 462 2234 0.133315 115.756
130	1	137.677	16977.6	16966.5	11.0711	502	89	177	1	0.0001 Colloc0 502 2246 0.074824 147.897
140	1	147.781	16936.5	16924.7	11.7816	502	107	159	3	0.0001 Colloc0 502 2226 0.0488192 192.735
150	1	158.104	16882.1	16870.9	11.2328	491	101	165	1	0.0001 Colloc0 491 2225 0.0862833 157.71
160	1	168.517	16990.8	16979.2	11.6673	480	95	171	2	0.0001 Colloc0 480 2219 0.0216331 185.237
170	1	179.417	17033.5	17022.2	11.2373	474	100	166	1	0.0001 Colloc0 474 2257 0.0338218 157.99
180	1	189.862	16977.1	16965.4	11.7009	487	104	162	0	0.0001 Colloc0 487 2241 0.0166594 187.432
190	1	200.729	16936.4	16924.8	11.5906	492	100	166	0	0.0001 Colloc0 492 2233 0.0499181 180.262
200	1	211.644	16790.1	16778.8	11.3358	467	105	161	3	0.0001 Colloc0 467 2232 0.0426604 164.086
210	1	222.427	16948.4	16937	11.4689	493	88	178	3	0.0001 Colloc0 493 2227 0.0409945 172.468
220	1	232.566	16825.6	16814	11.5822	489	104	162	1	0.0001 Colloc0 489 2197 0.0712285 179.72
230	1	243.259	16770.2	16759.4	10.8376	450	115	151	0	0.0001 Colloc0 450 2225 0.0945117 134.182
240	1	253.997	16939.1	16927.4	11.6537	488	103	163	0	0.0001 Colloc0 488 2256 0.00162624 184.347
250	1	264.807	17039.1	17027.5	11.642	502	88	178	1	0.0001 Colloc0 502 2249 0.0367203 183.59
260	1	275.614	16836.6	16825.2	11.3963	476	100	166	1	0.0001 Colloc0 476 2233 0.0861777 167.874
270	1	286.357	16819.4	16808.6	10.717	467	102	164	0	0.0001 Colloc0 467 2222 0.136615 127.324
280	1	296.912	16703.4	16692.5	10.9021	463	111	155	1	0.0001 Colloc0 463 2211 0.136453 137.916
290	1	306.899	16680.1	16668.5	11.568	475	114	152	1	0.0001 Colloc0 475 2200 0.0341512 178.801
300	1	316.872	16823.7	16812.1	11.6337	491	97	169	1	0.0001 Colloc0 491 2226 0.0790188 183.051
310	1	326.953	16829.2	16818.1	11.0499	455	105	161	2	0.0001 Colloc0 455 2247 0.0390889 146.635
320	1	336.949	16682.6	16671.8	10.8326	466	115	151	2	0.0001 Colloc0 466 2184 0.123948 133.897
330	1	347.249	16711.7	16700.4	11.3293	474	121	145	1	0.0001 Colloc0 474 2217 0.0453424 163.682
340	1	358.03	16843.7	16832.2	11.5105	490	99	167	3	0.0001 Colloc0 490 2211 0.00919592 175.116
350	1	368.717	16741.7	16730.5	11.1801	480	104	162	2	0.0001 Colloc0 480 2221 0.0339282 154.488
360	1	379.234	16787.9	16776.7	11.245	482	98	168	0	0.0001 Colloc0 482 2217 0.0909463 158.459
370	1	390.017	16759.4	16747.8	11.6262	480	109	157	1	0.0001 Colloc0 480 2224 0.0141719 182.561
380	1	400.803	16710.6	16699.1	11.4568	467	108	158	1	0.0001 Colloc0 467 2223 0.0184558 171.697
390	1	411.373	16731.4	16720	11.3927	447	109	157	4	0.0001 Colloc0 447 2255 0.0528546 167.647
400	1	421.811	16680.2	16668.8	11.3263	467	110	156	2	0.0001 Colloc0 467 2190 0.0420604 163.498
410	1	432.642	16687.7	16676.1	11.5837	481	108	158	0	0.0001 Colloc0 481 2184 0.0410493 179.814
420	1	442.974	16735.4	16724.1	11.2984	476	97	169	1	0.0001 Colloc0 476 2205 0.0502529 161.763
430	1	452.936	16720.2	16708.6	11.6411	483	103	163	3	0.0001 Colloc0 483 2194 0.00674566 183.531
440	1	463.343	16809.1	16797.9	11.2064	476	109	157	2	0.0001 Colloc0 476 2249 0.0436317 156.09
450	1	473.982	16769.1	16757.6	11.5141	471	102	164	3	0.0001 Colloc0 471 2231 0.0120443 175.349
460	1	484.684	16695.5	16684.3	11.1904	475	110	156	2	0.0001 Colloc0 475 2228 0.07272 155.113
470	1	495.375	16879	16867.3	11.6542	473	98	168	2	0.0001 Colloc0 473 2252 0.00380223 184.384
480	1	526.617	16708.4	16697.3	11.1164	472	105	161	2	0.0001 Colloc0 472 2212 0.109724 150.624
490	1	537.225	16732.5	16720.8	11.6935	478	95	171	0	0.0001 Colloc0 478 2210 0.0171351 186.948
500	1	547.921	16674.1	16663	11.1206	469	104	162	0	0.0001 Colloc0 469 2219 0.0764466 150.875
510	1	558.718	16726.4	16715.3	11.0763	475	114	152	2	0.0001 Colloc0 475 2229 0.0754509 148.209
520	1	569.415	16623.7	16612.1	11.5336	473	115	151	1	0.0001 Colloc0 473 2192 0.0403022 176.597
530	1	580.286	16707.9	16696.4	11.5632	476	108	158	3	0.0001 Colloc0 476 2219 0.00836026 178.494
540	1	591.168	16727.9	16716.8	11.1576	465	101	165	2	0.0001 Colloc0 465 2232 0.104408 153.118
550	1	602.009	16565.3	16554.1	11.2011	465	108	158	3	0.0001 Colloc0 465 2186 0.104732 155.771
560	1	612.831	16663.5	16652.4	11.0726	463	109	157	2	0.0001 Colloc0 463 2204 0.0960931 147.992
570	1	623.441	16775.6	16764.5	11.0964	479	94	172	4	0.0001 Colloc0 479 2239 0.0878083 149.419
580	1	634.09	16769.8	16758.8	10.9517	483	92	174	2	0.0001 Colloc0 483 2211 0.137751 140.816
590	1	644.065	16611.5	16599.7	11.8018	491	102	164	1	0.0001 Colloc0 491 2192 0.0189216 194.071
600	1	654.37	16633.5	16622.7	10.7542	486	108	158	2	0.0001 Colloc0 486 2208 0.170898 129.423
610	1	665.124	16608.9	16597.6	11.276	469	103	163	5	0.0001 Colloc0 469 2207 0.0482107 160.373
620	1	675.913	16723.9	16712.7	11.1664	487	109	157	2	0.0001 Colloc0 487 2191 0.0940528 153.654
630	1	686.726	16637.1	16626	11.0672	470	116	150	2	0.0001 Colloc0 470 2202 0.169179 147.666
640	1	697.335	16661.2	16649.7	11.5394	468	112	154	2	0.0001 Colloc0 468 2197 0.0209004 176.968
650	1	708.184	16675	16663.3	11.6721	473	112	154	2	0.0001 Colloc0 473 2207 0.0157247 185.551
660	1	718.35	16664.3	16653.6	10.7475	467	111	155	0	0.0001 Colloc0 467 2190 0.122508 129.044
670	1	728.971	16646.9	16635.5	11.4066	474	111	155	2	0.0001 Colloc0 474 2209 0.0510067 168.523
680	1	739.335	16730.3	16719.6	10.678	497	100	166	0	0.0001 Colloc0 497 2201 0.18532 125.133
690	1	749.961	16736.3	16725.4	10.9252	477	98	168	0	0.0001 Colloc0 477 2198 0.103732 139.265
700	1	760.905	16594.2	16583.3	10.8769	474	116	150	1	0.0001 Colloc0 474 2185 0.110338 136.453
710	1	771.583	16690	16678.6	11.3732	476	111	155	1	0.0001 Colloc0 476 2213 0.0238722 166.425
720	1	781.848	16642.7	16631.3	11.4207	488	103	163	0	0.0001 Colloc0 488 2189 0.0642198 169.416
730	1	792.299	16635.1	16623.6	11.4813	468	117	149	1	0.0001 Colloc0 468 2202 0.00729576 173.258
740	1	802.602	16797	16785.7	11.3546	474	102	164	2	0.0001 Colloc0 474 2247 0.0426875 165.263
750	1	813.426	16690.9	16679.5	11.473	483	101	165	1	0.0001 Colloc0 483 2204 0.0353707 172.728
760	1	824.168	16649.6	16637.8	11.8033	484	101	165	3	0.0001 Colloc0 484 2206 0.0212178 194.172
770	1	834.903	16678.9	16667.5	11.4288	472	102	164	1	0.0001 Colloc0 472 2195 0.0424587 169.924
780	1	845.608	16707.4	16695.7	11.6404	487	103	163	4	0.0001 Colloc0 487 2206 0.0194681 183.486
790	1	856.364	16711.3	16699.9	11.4631	466	110	156	2	0.0001 Colloc0 466 2220 0.0486867 172.098
800	1	867.117	16667.3	16655.8	11.4863	472	107	159	1	0.0001 Colloc0 472 2193 0.0302994 173.572
810	1	877.873	16706.2	16695.7	10.4481	452	114	152	1	0.0001 Colloc0 452 2236 0.103453 112.597
820	1	888.599	16640	16628.5	11.5417	480	95	171	1	0.0001 Colloc0 480 2199 0.0526654 177.112
830	1	899.339	16602	16591.4	10.6541	457	104	162	1	0.0001 Colloc0 457 2223 0.115351 123.804
840	1	910.083	16697.3	16686.1	11.2007	497	109	157	3	0.0001 Colloc0 497 2196 0.166601 155.743
850	1	920.941	16595.2	16583.9	11.3396	472	116	150	3	0.0001 Colloc0 472 2174 0.022491 164.324
860	1	931.73	16626.7	16615.4	11.3403	463	106	160	1	0.0001 Colloc0 463 2195 0.0478065 164.371
870	1	942.207	16706.2	16695.3	10.8651	466	108	158	0	0.0001 Colloc0 466 2211 0.135551 135.77
880	1	952.784	16613.2	16601.2	11.9168	474	107	159	1	0.0001 Colloc0 474 2182 0.00247019 201.739
890	1	963.43	16723.1	16711.4	11.637	466	98	168	2	0.0001 Colloc0 466 2199 0.0320932 183.266
900	1	974.094	16639.1	16627.7	11.3308	455	106	160	3	0.0001 Colloc0 455 2181 0.00110432 163.777
910	1	984.8	16753.4	16741.9	11.4823	481	97	169	2	0.0001 Colloc0 481 2200 0.105766 173.32
920	1	995.517	16590.3	16579.1	11.1586	466	112	154	1	0.0001 Colloc0 466 2181 0.00593875 153.176
930	1	1006.3	16565.2	16554	11.1744	473	114	152	2	0.0001 Colloc0 473 2161 0.0654173 154.137
940	1	1017.12	16525.6	16514.4	11.2134	449	117	149	1	0.0001 Colloc0 449 2197 0.0154504 156.518
950	1	1028.05	16550.6	16539.8	10.8359	465	118	148	1	0.0001 Colloc0 465 2188 0.104812 134.084
960	1	1038.98	16702.5	16690.8	11.6395	491	99	167	0	0.0001 Colloc0 491 2202 0.0438918 183.426
970	1	1049.81	16734.7	16723.3	11.4461	489	96	170	1	0.0001 Colloc0 489 2206 0.0867262 171.021
980	1	1060.3	16529.1	16517.8	11.3596	474	118	148	1	0.0001 Colloc0 474 2177 0.105367 165.577
990	1	1070.79	16578.9	16568.1	10.814	470	109	157	5	0.0001 Colloc0 470 2170 0.153528 132.832
1000	1	1081.52	16577.5	16566.2	11.2463	469	117	149	1	0.0001 Colloc0 469 2188 0.0841459 158.542
1010	1	1092.39	16566.3	16555.3	10.9761	462	101	165	3	0.0001 Colloc0 462 2188 0.104547 142.255
1020	1	1102.85	16632.8	16621.4	11.3324	483	110	156	1	0.0001 Colloc0 483 2199 0.0913532 163.878
1030	1	1113.36	16659.6	16648.1	11.4864	467	101	165	1	0.0001 Colloc0 467 2211 0.0299376 173.582
1040	1	1124.23	16685.6	16673.7	11.9109	462	110	156	1	0.0001 Colloc0 462 2220 0.0170613 201.339
1050	1	1134.92	16553.4	16542.1	11.3037	457	116	150	1	0.0001 Colloc0 457 2184 0.0592057 162.091
1060	1	1144.86	16577.3	16565.6	11.7171	461	113	153	3	0.0001 Colloc0 461 2205 0.00281336 188.492
1070	1	1155.39	16720.7	16709.4	11.2912	487	111	155	1	0.0001 Colloc0 487 2211 0.0738207 161.317
1080	1	1166.28	16583	16571.6	11.3811	461	117	149	7	0.0001 Colloc0 461 2194 0.0176016 166.92
1090	1	1177.09	16524.7	16513.7	11.048	456	110	156	4	0.0001 Colloc0 456 2188 0.120171 146.519
1100	1	1187.88	16659.1	16647.7	11.4279	474	108	158	1	0.0001 Colloc0 474 2206 0.0475972 169.87
1110	1	1198.66	16619.8	16608.3	11.4815	472	112	154	1	0.0001 Colloc0 472 2183 0.0325171 173.269
1120	1	1209.48	16595.6	16584.4	11.2009	462	110	156	0	0.0001 Colloc0 462 2193 0.105789 155.754
1130	1	1220.38	16650.1	16638.4	11.7352	479	116	150	2	0.0001 Colloc0 479 2207 0.0243917 189.678
1140	1	1230.75	16497.8	16486.9	10.9389	460	115	151	0	0.0001 Colloc0 460 2183 0.100998 140.065
1150	1	1240.76	16577.4	16566	11.3574	470	109	157	1	0.0001 Colloc0 470 2186 0.0436465 165.439
1160	1	1251.13	16552.1	16540.7	11.3951	457	112	154	2	0.0001 Colloc0 457 2195 0.0056727 167.801
1170	1	1261.85	16524.4	16513.1	11.2912	460	113	153	1	0.0001 Colloc0 460 2180 0.0270768 161.317
1180	1	1272.38	16593.4	16582.3	11.1365	464	110	156	2	0.0001 Colloc0 464 2209 0.0824213 151.839
1190	1	1283.26	16587.8	16576.6	11.1764	459	105	161	2	0.0001 Colloc0 459 2202 0.0634253 154.263
1200	1	1294.06	16586.6	16575.2	11.3574	485	103	163	0	0.0001 Colloc0 485 2189 0.0946674 165.439
1210	1	1304.56	16565.7	16554.8	10.8376	464	114	152	0	0.0001 Colloc0 464 2178 0.0875328 134.187
1220	1	1314.42	16515.9	16505.2	10.7254	466	118	148	1	0.0001 Colloc0 466 2185 0.158645 127.797
1230	1	1324.56	16537.3	16526	11.3464	440	107	159	1	0.0001 Colloc0 440 2209 0.00456625 164.748
1240	1	1335.11	16685	16673.6	11.3567	491	103	163	3	0.0001 Colloc0 491 2201 0.023199 165.394
1250	1	1345.84	16624.7	16613.1	11.6049	464	111	155	5	0.0001 Colloc0 464 2196 0.0104105 181.187
1260	1	1356.53	16563.2	16551.7	11.5587	464	98	168	1	0.0001 Colloc0 464 2197 0.0767988 178.206
1270	1	1367.12	16629.8	16618.5	11.2885	462	106	160	2	0.0001 Colloc0 462 2218 0.0324576 161.148
1280	1	1377.76	16537.1	16525.8	11.2749	461	117	149	3	0.0001 Colloc0 461 2216 0.0614529 160.306
1290	1	1388.59	16575.9	16564.5	11.3867	479	109	157	2	0.0001 Colloc0 479 2207 0.0311461 167.273
1300	1	1399.16	16571.1	16559.9	11.1502	459	114	152	3	0.0001 Colloc0 459 2199 0.0705246 152.666
1310	1	1409.15	16572.2	16561	11.2028	470	109	157	0	0.0001 Colloc0 470 2186 0.0812627 155.874
1320	1	1419.7	16582.8	16572.1	10.6797	456	105	161	1	0.0001 Colloc0 456 2224 0.135627 125.232
1330	1	1430.47	16532.2	16520.9	11.2609	461	108	158	1	0.0001 Colloc0 461 2188 0.0730628 159.441
1340	1	1441.39	16514.4	16503.2	11.1557	461	112	154	0	0.0001 Colloc0 461 2179 0.0347233 153.003
1350	1	1451.77	16616.6	16604.8	11.7232	488	103	163	1	0.0001 Colloc0 488 2178 0.045146 188.892
1360	1	1462.4	16584.9	16573.8	11.097	477	108	158	2	0.0001 Colloc0 477 2180 0.115738 149.454
1370	1	1473.05	16572.4	16560.8	11.5801	472	110	156	2	0.0001 Colloc0 472 2205 0.0412605 179.581
1380	1	1483.12	16605.8	16594.5	11.2655	470	110	156	2	0.0001 Colloc0 470 2215 0.0638942 159.726
1390	1	1493.19	16636.2	16624.7	11.4106	463	102	164	2	0.0001 Colloc0 463 2206 0.0120946 168.78
1400	1	1503.63	16552.9	16541.3	11.5899	458	112	154	1	0.0001 Colloc0 458 2189 0.00922393 180.213
1410	1	1513.86	16735.5	16724.6	10.9575	474	93	173	0	0.0001 Colloc0 474 2242 0.0587093 141.16
1420	1	1524.3	16576.8	16565.7	11.1393	468	109	157	0	0.0001 Colloc0 468 2212 0.0736031 152.01
1430	1	1534.83	16538.6	16527.4	11.1791	472	107	159	3	0.0001 Colloc0 472 2190 0.0970767 154.426
1440	1	1545.57	16632.7	16621.5	11.1434	478	107	159	3	0.0001 Colloc0 478 2199 0.122211 152.255
1450	1	1556.31	16548.6	16537.4	11.2263	469	110	156	0	0.0001 Colloc0 469 2209 0.0862628 157.311
1460	1	1566.97	16658.6	16647.2	11.3835	475	94	172	1	0.0001 Colloc0 475 2196 0.0192676 167.075
1470	1	1577.06	16617.1	16605.8	11.3162	495	109	157	1	0.0001 Colloc0 495 2197 0.12102 162.864
1480	1	1587.09	16656.7	16645.6	11.0899	478	107	159	1	0.0001 Colloc0 478 2206 0.0727813 149.025
1490	1	1597.19	16560.5	16549	11.5115	464	103	163	3	0.0001 Colloc0 464 2180 0.00823546 175.178
1500	1	1607.87	16572.1	16560.9	11.2931	462	109	157	2	0.0001 Colloc0 462 2215 0.0436613 161.434
1510	1	1618.58	16614.6	16603.4	11.2036	466	106	160	1	0.0001 Colloc0 466 2197 0.0947926 155.922
1520	1	1629.37	16626.6	16615.2	11.4361	484	105	161	4	0.0001 Colloc0 484 2225 0.0531034 170.388
1530	1	1640.21	16593.6	16582.2	11.4144	471	108	158	1	0.0001 Colloc0 471 2214 0.0471006 169.018
1540	1	1650.63	16587.9	16576.5	11.368	469	116	150	1	0.0001 Colloc0 469 2210 0.0155437 166.099
1550	1	1661.17	16682	16670.8	11.1696	472	97	169	2	0.0001 Colloc0 472 2223 0.0697821 153.85
1560	1	1672.06	16675.2	16664.1	11.1269	475	98	168	1	0.0001 Colloc0 475 2188 0.104849 151.259
1570	1	1682.31	16556.4	16545.3	11.0335	473	125	141	1	0.0001 Colloc0 473 2206 0.091572 145.657
1580	1	1693.01	16551.3	16540.9	10.4815	478	99	167	1	0.0001 Colloc0 478 2180 0.222782 114.385
1590	1	1703.51	16553.9	16542.5	11.4327	463	99	167	2	0.0001 Colloc0 463 2215 0.00232212 170.172
1600	1	1714.08	16653.7	16642.8	10.8405	468	102	164	2	0.0001 Colloc0 468 2197 0.0992036 134.352
1610	1	1724.69	16514.7	16503.3	11.3177	454	111	155	1	0.0001 Colloc0 454 2194 0.00648256 162.958
1620	1	1734.71	16610.2	16598.7	11.4923	478	113	153	0	0.0001 Colloc0 478 2210 0.0311369 173.956
1630	1	1744.72	16630.8	16619.2	11.6653	474	104	162	2	0.0001 Colloc0 474 2216 0.0107963 185.102
1640	1	1755.21	16574.8	16563.6	11.1498	476	110	156	3	0.0001 Colloc0 476 2225 0.0591954 152.644
1650	1	1765.88	16553.7	16542.4	11.3026	470	109	157	2	0.0001 Colloc0 470 2206 0.0581987 162.019
1660	1	1776.58	16583.8	16573.1	10.6895	453	107	159	2	0.0001 Colloc0 453 2207 0.0874237 125.779
1670	1	1787.26	16674.1	16662.9	11.2477	478	98	168	2	0.0001 Colloc0 478 2198 0.0358542 158.63
1680	1	1797.94	16554.9	16543.5	11.3706	466	115	151	1	0.0001 Colloc0 466 2215 0.0479631 166.263
1690	1	1808.67	16545.4	16534.4	11.0431	470	121	145	2	0.0001 Colloc0 470 2204 0.106232 146.225
1700	1	1819.4	16519.7	16508	11.6246	456	107	159	0	0.0001 Colloc0 456 2194 0.0287953 182.458
1710	1	1830.02	16563.7	16552.4	11.2931	471	111	155	2	0.0001 Colloc0 471 2192 0.101598 161.434
1720	1	1840.93	16612.2	16600.9	11.2889	479	104	162	2	0.0001 Colloc0 479 2192 0.0873589 161.17
1730	1	1851.8	16558.2	16546.5	11.7042	452	114	152	1	0.0001 Colloc0 452 2209 0.0101522 187.644
1740	1	1862.69	16576.8	16565.6	11.2333	487	111	155	3	0.0001 Colloc0 487 2192 0.0923905 157.743
1750	1	1873.62	16558	16546.9	11.177	458	113	153	3	0.0001 Colloc0 458 2185 0.0544556 154.297
1760	1	1884.4	16554.1	16542.8	11.3383	467	102	164	0	0.0001 Colloc0 467 2181 0.0401779 164.244
1770	1	1895.08	16578.1	16566.7	11.4084	476	111	155	1	0.0001 Colloc0 476 2186 0.0437385 168.639
1780	1	1905.75	16603.7	16592.7	11.0738	468	98	168	3	0.0001 Colloc0 468 2203 0.0792743 148.063
1790	1	1916.44	16614.8	16603.6	11.2164	463	97	169	1	0.0001 Colloc0 463 2211 0.0557702 156.707
1800	1	1927.15	16683.9	16672.8	11.0183	469	104	162	3	0.0001 Colloc0 469 2213 0.0594893 144.749
1810	1	1938.1	16527.1	16515.8	11.3251	466	121	145	0	0.0001 Colloc0 466 2181 0.0296508 163.422
1820	1	1948.96	16584.9	16573.9	11.0072	492	97	169	1	0.0001 Colloc0 492 2192 0.135971 144.092
1830	1	1959.73	16521	16510.1	10.9383	459	112	154	1	0.0001 Colloc0 459 2203 0.0807238 140.034
1840	1	1970.22	16544.9	16533.9	11.0527	481	104	162	2	0.0001 Colloc0 481 2209 0.124554 146.802
1850	1	1981.22	16483.6	16472.6	11.0046	457	112	154	2	0.0001 Colloc0 457 2194 0.0339421 143.94
1860	1	1992.02	16504.8	16493.6	11.1844	470	117	149	2	0.0001 Colloc0 470 2182 0.100767 154.747
1870	1	2002.77	16554.7	16543.8	10.9464	482	103	163	2	0.0001 Colloc0 482 2189 0.155816 140.504
1880	1	2013.4	16558.3	16547.6	10.6747	478	103	163	0	0.0001 Colloc0 478 2185 0.145103 124.953
1890	1	2024.12	16537.4	16527.1	10.2927	453	104	162	0	0.0001 Colloc0 453 2184 0.162483 104.472
1900	1	2034.52	16503.6	16492.5	11.1426	453	117	149	1	0.0001 Colloc0 453 2196 0.0150841 152.21
1910	1	2044.61	16591.8	16580.7	11.1545	477	101	165	1	0.0001 Colloc0 477 2183 0.111043 152.927
1920	1	2054.58	16644.5	16633	11.5141	477	99	167	1	0.0001 Colloc0 477 2185 0.0386443 175.345
1930	1	2064.66	16587.2	16576.4	10.7402	481	108	158	1	0.0001 Colloc0 481 2202 0.137562 128.627
1940	1	2074.76	16520.3	16508.8	11.4794	464	100	166	1	0.0001 Colloc0 464 2178 0.0216452 173.134
1950	1	2085.12	16629.7	16618	11.6526	476	103	163	0	0.0001 Colloc0 476 2201 0.000501765 184.28
1960	1	2095.43	16562.8	16551.5	11.3322	473	108	158	2	0.0001 Colloc0 473 2172 0.0922474 163.861
1970	1	2105.94	16496	16484.8	11.1753	463	124	142	3	0.0001 Colloc0 463 2204 0.0672756 154.192
1980	1	2116.71	16585.8	16574.2	11.5587	471	103	163	2	0.0001 Colloc0 471 2196 0.0540957 178.203
1990	1	2127.34	16598.6	16587	11.5885	473	110	156	3	0.0001 Colloc0 473 2176 0.0725345 180.124
2000	1	2137.58	16621.5	16609.6	11.8508	479	106	160	4	0.0001 Colloc0 479 2191 0.0103182 197.329
