# D = 0, E = 1, I = 1, P = 1, R = -1, n = 2000, N = 1, P = 1, w = 1, a = 0.0001, b = 10000, e = 1, f = 1, g = 100, h = 0.01, r = 11064, s = 1, S = 0, x = 10, m = 100, Z = 1, z = 0, T = 1, t = 1
# 9751 tokens in 824 sentences
#
# It	Temp	Time	-logP	-logPcorpus	-logPrior	tables	same	changed	reject	default_pya	(parent pym pyn pya pyb)*
0	1	0.802877	40356.2	40242.4	113.764	3371	0	824	0	0.0001 Colloc0 3371 5458 0.0001 10000
10	1	12.4851	29872.3	29860.4	11.937	633	230	594	2	0.0001 Colloc0 633 4141 0.00504809 203.093
20	1	22.0157	29303.7	29292.3	11.4096	580	275	549	2	0.0001 Colloc0 580 4139 0.00214873 168.714
30	1	32.0071	28730.3	28718.5	11.8463	577	348	476	1	0.0001 Colloc0 577 4043 0.0237254 197.027
40	1	41.7517	28125.9	28114.8	11.1136	541	381	443	2	0.0001 Colloc0 541 4046 0.0400549 150.456
50	1	51.2592	27693.6	27682.6	11.0696	525	396	428	0	0.0001 Colloc0 525 4029 0.00443402 147.812
60	1	60.5398	27312.2	27301	11.2465	510	453	371	1	0.0001 Colloc0 510 3960 0.00204069 158.555
70	1	69.9194	27374.1	27363.1	10.9797	498	414	410	2	0.0001 Colloc0 498 3961 0.0209276 142.467
80	1	79.5649	27209.5	27198.8	10.6952	485	450	374	2	0.0001 Colloc0 485 3962 0.0235878 126.099
90	1	89.1524	27077.7	27067.3	10.4196	494	443	381	1	0.0001 Colloc0 494 3938 0.092254 111.089
100	1	98.865	27064.3	27053.3	10.9483	493	447	377	3	0.0001 Colloc0 493 3921 0.00866752 140.62
110	1	108.419	27076.8	27066.2	10.6258	498	436	388	2	0.0001 Colloc0 498 3912 0.073275 122.238
120	1	117.798	27023.6	27012.4	11.2097	504	435	389	2	0.0001 Colloc0 504 3891 0.000994516 156.294
130	1	127.037	27052.8	27042.1	10.7369	502	443	381	1	0.0001 Colloc0 502 3902 0.0486416 128.443
140	1	136.673	27092.2	27081	11.1704	497	408	416	3	0.0001 Colloc0 497 3878 0.0010568 153.894
150	1	146.181	26883.5	26872.7	10.8378	499	453	371	2	0.0001 Colloc0 499 3884 0.0419638 134.198
160	1	155.683	26877.1	26865.8	11.3436	510	473	351	2	0.0001 Colloc0 510 3861 0.00615507 164.572
170	1	164.711	26754.4	26743.4	10.9171	497	470	354	3	0.0001 Colloc0 497 3847 0.0237643 138.793
180	1	174.13	26992.6	26981.6	11.0202	506	408	416	2	0.0001 Colloc0 506 3884 0.0473303 144.863
190	1	183.727	26798	26786.9	11.0823	499	450	374	2	0.0001 Colloc0 499 3871 0.0275843 148.574
200	1	193.123	26759.6	26748.5	11.1585	509	474	350	1	0.0001 Colloc0 509 3851 0.0256381 153.172
210	1	202.709	26780.6	26769.8	10.8175	494	438	386	5	0.0001 Colloc0 494 3842 0.04217 133.032
220	1	212.315	26519.6	26508.6	10.9786	492	509	315	1	0.0001 Colloc0 492 3832 0.02691 142.403
230	1	222.09	26575.2	26564.2	11.0496	492	501	323	1	0.0001 Colloc0 492 3845 0.0192869 146.617
240	1	231.769	26665.3	26654.5	10.8089	489	464	360	4	0.0001 Colloc0 489 3834 0.0102781 132.539
250	1	240.713	26471.6	26460.5	11.1238	482	502	322	3	0.0001 Colloc0 482 3834 0.00274987 151.071
260	1	250.178	26478.2	26467.3	10.8898	484	504	320	3	0.0001 Colloc0 484 3833 0.0130422 137.204
270	1	259.628	26630.1	26619.1	10.9594	505	464	360	4	0.0001 Colloc0 505 3820 0.0155036 141.272
280	1	269.006	26676.7	26665.7	11.0294	514	452	372	1	0.0001 Colloc0 514 3818 0.0338813 145.409
290	1	278.171	26458.4	26447.3	11.1582	511	478	346	2	0.0001 Colloc0 511 3775 0.0509764 153.153
300	1	287.263	26593.3	26582.3	11.0409	505	459	365	1	0.0001 Colloc0 505 3803 0.0147761 146.097
310	1	296.523	26445.5	26434.6	10.8829	484	485	339	2	0.0001 Colloc0 484 3818 0.0368485 136.803
320	1	306.027	26632.2	26621.5	10.6853	515	496	328	1	0.0001 Colloc0 515 3834 0.0680897 125.542
330	1	315.633	26340.5	26329.6	10.9185	494	542	282	3	0.0001 Colloc0 494 3808 0.0176982 138.873
340	1	325.36	26578.5	26567.8	10.6805	507	461	363	1	0.0001 Colloc0 507 3810 0.0676618 125.273
350	1	335.007	26529.2	26518.3	10.8059	506	456	368	1	0.0001 Colloc0 506 3787 0.0309531 132.366
360	1	344.368	26294.7	26283.6	11.1252	482	506	318	2	0.0001 Colloc0 482 3793 0.00524792 151.153
370	1	353.628	26428	26416.7	11.3072	500	473	351	1	0.0001 Colloc0 500 3792 0.00553311 162.305
380	1	362.946	26487.1	26476.3	10.818	485	463	361	2	0.0001 Colloc0 485 3795 0.0661424 133.058
390	1	372.332	26360.2	26348.9	11.242	498	482	342	3	0.0001 Colloc0 498 3781 0.0152123 158.277
400	1	381.636	26335.2	26324.3	10.9588	497	484	340	1	0.0001 Colloc0 497 3769 0.0357126 141.237
410	1	391.293	26378.8	26367.5	11.2962	513	467	357	2	0.0001 Colloc0 513 3759 0.0554483 161.622
420	1	400.834	26345.3	26334.8	10.5402	499	469	355	2	0.0001 Colloc0 499 3762 0.120087 117.546
430	1	410.603	26485.8	26475	10.8541	493	435	389	2	0.0001 Colloc0 493 3758 0.0646143 135.135
440	1	420.322	26431	26419.9	11.0268	503	466	358	5	0.0001 Colloc0 503 3773 0.0065232 145.254
450	1	430.059	26254.4	26243.7	10.7073	469	501	323	1	0.0001 Colloc0 469 3790 0.00459187 126.776
460	1	439.81	26346.9	26335.9	10.9865	502	460	364	4	0.0001 Colloc0 502 3763 0.00549306 142.868
470	1	449.455	26338.3	26327	11.3667	505	465	359	4	0.0001 Colloc0 505 3755 0.0055127 166.02
480	1	459.225	26193.4	26182.6	10.774	487	495	329	3	0.0001 Colloc0 487 3760 0.0503824 130.544
490	1	468.894	26226	26214.9	11.1211	495	493	331	1	0.0001 Colloc0 495 3761 0.00829721 150.907
500	1	478.606	26347.8	26336.8	10.9629	493	428	396	4	0.0001 Colloc0 493 3743 0.0169797 141.478
510	1	488.316	26362	26351.2	10.8156	504	465	359	1	0.0001 Colloc0 504 3764 0.0618088 132.919
520	1	497.834	26316.1	26305	11.1064	517	475	349	3	0.0001 Colloc0 517 3736 0.0179079 150.02
530	1	507.675	26305.7	26294.5	11.1816	510	465	359	2	0.0001 Colloc0 510 3750 0.0168873 154.577
540	1	516.959	26180.5	26169.4	11.0748	504	497	327	2	0.0001 Colloc0 504 3736 0.00376994 148.122
550	1	526.277	26213.7	26202.9	10.8376	499	483	341	4	0.0001 Colloc0 499 3756 0.0098388 134.183
560	1	536.001	26247.8	26236.9	10.9399	491	489	335	2	0.0001 Colloc0 491 3762 0.0141587 140.126
570	1	545.798	26279.9	26268.8	11.1338	488	475	349	1	0.0001 Colloc0 488 3742 0.0195017 151.677
580	1	555.556	26371.7	26360.4	11.285	509	471	353	1	0.0001 Colloc0 509 3741 0.015908 160.93
590	1	565.11	26275.4	26264.6	10.8607	495	470	354	2	0.0001 Colloc0 495 3745 0.0413942 135.518
600	1	574.542	26252.1	26241	11.1029	493	497	327	3	0.0001 Colloc0 493 3757 0.0122572 149.808
610	1	583.944	26162.1	26151.3	10.8199	490	506	318	2	0.0001 Colloc0 490 3747 0.0478143 133.168
620	1	593.343	26160.6	26149.6	10.9975	492	501	323	3	0.0001 Colloc0 492 3720 0.000891437 143.516
630	1	603.028	26237.3	26226.2	11.089	502	501	323	2	0.0001 Colloc0 502 3745 0.0242769 148.972
640	1	612.421	26197.3	26186.6	10.6881	496	496	328	2	0.0001 Colloc0 496 3732 0.0348231 125.702
650	1	621.818	26209.9	26198.9	10.9624	502	490	334	3	0.0001 Colloc0 502 3737 0.0382937 141.449
660	1	631.27	26100.9	26090	10.9795	472	484	340	3	0.0001 Colloc0 472 3738 0.0151528 142.453
670	1	640.895	26194.1	26183.2	10.9049	488	485	339	1	0.0001 Colloc0 488 3761 0.034638 138.08
680	1	650.24	26129.2	26118.4	10.8054	488	492	332	1	0.0001 Colloc0 488 3727 0.0346108 132.338
690	1	659.775	26055.6	26044.7	10.9022	497	501	323	3	0.0001 Colloc0 497 3690 0.0287602 137.925
700	1	669.34	26057	26045.8	11.1405	491	508	316	1	0.0001 Colloc0 491 3712 0.00978256 152.079
710	1	678.56	26054.5	26043.3	11.1903	492	501	323	2	0.0001 Colloc0 492 3707 0.0146782 155.111
720	1	687.785	25997.1	25986.4	10.6665	495	493	331	2	0.0001 Colloc0 495 3697 0.0885134 124.494
730	1	697.375	26056.2	26045.3	10.9183	502	490	334	3	0.0001 Colloc0 502 3687 0.0288286 138.861
740	1	706.649	25999.4	25988.4	10.9914	487	491	333	2	0.0001 Colloc0 487 3702 0.0280971 143.155
750	1	716.178	25900	25888.8	11.1943	481	530	294	3	0.0001 Colloc0 481 3694 5.51825e-05 155.354
760	1	725.722	25997.2	25986.1	11.0705	484	495	329	2	0.0001 Colloc0 484 3725 0.0270306 147.862
770	1	735.292	25917.1	25906	11.0875	485	515	309	2	0.0001 Colloc0 485 3702 0.0092352 148.884
780	1	744.823	25914.4	25903.3	11.0692	486	521	303	6	0.0001 Colloc0 486 3702 0.0192138 147.784
790	1	754.428	26089.2	26078.2	11.0683	502	499	325	3	0.0001 Colloc0 502 3700 0.0255852 147.733
800	1	764.128	25983.8	25972.6	11.2845	497	482	342	1	0.0001 Colloc0 497 3696 0.0107881 160.898
810	1	773.778	26082.3	26071.5	10.8081	485	477	347	1	0.0001 Colloc0 485 3729 0.0608014 132.492
820	1	783.441	26053	26042	11.0104	506	496	328	2	0.0001 Colloc0 506 3690 0.0126957 144.282
830	1	793.122	25828.1	25817.1	11.025	485	557	267	1	0.0001 Colloc0 485 3691 0.0237857 145.146
840	1	802.833	25948.8	25937.9	10.9572	496	524	300	1	0.0001 Colloc0 496 3696 0.0436397 141.142
850	1	812.481	26013.5	26002.5	10.9375	495	505	319	3	0.0001 Colloc0 495 3721 0.0510301 139.985
860	1	822.099	26024.1	26013.2	10.9725	487	502	322	2	0.0001 Colloc0 487 3709 0.00587231 142.042
870	1	831.543	25994.9	25984.3	10.5102	488	493	331	1	0.0001 Colloc0 488 3687 0.0668319 115.924
880	1	840.501	26096.8	26085.8	11.0908	496	497	327	1	0.0001 Colloc0 496 3692 0.0260468 149.081
890	1	850.003	26057.4	26046.3	11.0293	490	489	335	1	0.0001 Colloc0 490 3692 0.0290163 145.405
900	1	859.653	25904.6	25893.8	10.7754	484	509	315	2	0.0001 Colloc0 484 3662 0.0209397 130.626
910	1	868.717	25912.5	25901.3	11.1205	503	521	303	2	0.0001 Colloc0 503 3654 0.0369367 150.87
920	1	878.266	25908.7	25897.6	11.0318	505	533	291	1	0.0001 Colloc0 505 3639 0.0549343 145.553
930	1	887.996	25692.4	25681.4	11.0139	477	574	250	1	0.0001 Colloc0 477 3638 0.0400936 144.491
940	1	897.772	25757.6	25746.4	11.1709	479	546	278	2	0.0001 Colloc0 479 3632 0.02583 153.924
950	1	907.301	25737.3	25726	11.2251	490	572	252	2	0.0001 Colloc0 490 3634 0.0290955 157.241
960	1	916.578	25843.9	25833.2	10.7086	508	552	272	3	0.0001 Colloc0 508 3650 0.0638777 126.848
970	1	926.04	25806.9	25795.6	11.2606	489	537	287	3	0.0001 Colloc0 489 3647 0.00911917 159.422
980	1	935.757	25912	25900.6	11.3846	499	540	284	2	0.0001 Colloc0 499 3664 0.00882713 167.14
990	1	945.134	25986.8	25975.9	10.9009	507	508	316	2	0.0001 Colloc0 507 3655 0.0410388 137.846
1000	1	954.319	25754.1	25743.1	11.0207	486	543	281	1	0.0001 Colloc0 486 3626 0.0348877 144.893
1010	1	963.406	25678.5	25667.3	11.1836	484	543	281	1	0.0001 Colloc0 484 3674 0.00518932 154.7
1020	1	973.177	25757.4	25746.4	10.9988	491	567	257	1	0.0001 Colloc0 491 3633 0.00791238 143.595
1030	1	982.679	25752.4	25741.5	10.9381	490	547	277	1	0.0001 Colloc0 490 3641 0.018603 140.022
1040	1	992.242	25766	25755	11.0547	485	550	274	1	0.0001 Colloc0 485 3640 0.00526104 146.919
1050	1	1001.77	25752.4	25741.2	11.1788	490	544	280	3	0.0001 Colloc0 490 3626 0.0109725 154.407
1060	1	1011.41	25844.1	25833.2	10.9105	507	513	311	3	0.0001 Colloc0 507 3619 0.0801818 138.404
1070	1	1021.11	25686.7	25675.7	10.9691	483	549	275	1	0.0001 Colloc0 483 3610 0.0218841 141.839
1080	1	1030.71	25847.1	25836.4	10.6885	496	512	312	1	0.0001 Colloc0 496 3620 0.073534 125.722
1090	1	1040.17	25764.8	25753.6	11.2255	501	521	303	2	0.0001 Colloc0 501 3608 0.0160742 157.261
1100	1	1049.64	25842.8	25831.7	11.0995	491	467	357	3	0.0001 Colloc0 491 3606 0.0120723 149.606
1110	1	1058.76	25968.1	25956.9	11.168	494	447	377	2	0.0001 Colloc0 494 3624 0.000269138 153.75
1120	1	1067.99	25963.1	25951.8	11.3492	496	475	349	1	0.0001 Colloc0 496 3627 0.0128879 164.923
1130	1	1077.56	25844.9	25833.6	11.2458	492	485	339	2	0.0001 Colloc0 492 3613 0.00737722 158.512
1140	1	1087.29	25854.3	25843.3	11.0076	510	506	318	3	0.0001 Colloc0 510 3628 0.0526975 144.113
1150	1	1096.89	25803.8	25792.4	11.319	503	531	293	1	0.0001 Colloc0 503 3603 0.00790936 163.038
1160	1	1106.5	25703	25692.1	10.9135	481	523	301	1	0.0001 Colloc0 481 3617 0.0294546 138.581
1170	1	1115.96	25682.8	25672	10.8387	495	535	289	2	0.0001 Colloc0 495 3607 0.0408852 134.249
1180	1	1125.63	25594.3	25583.3	10.9837	483	547	277	2	0.0001 Colloc0 483 3594 0.0241005 142.7
1190	1	1135.36	25742.7	25731.7	10.9699	491	510	314	4	0.0001 Colloc0 491 3601 0.0377473 141.888
1200	1	1145.03	25626.7	25615.5	11.1885	498	545	279	2	0.0001 Colloc0 498 3596 0.0122851 154.996
1210	1	1154.71	25700	25688.8	11.2534	491	545	279	1	0.0001 Colloc0 491 3612 0.0353773 158.977
1220	1	1164.53	25758.7	25747.7	10.9561	493	521	303	1	0.0001 Colloc0 493 3594 0.0336582 141.074
1230	1	1174.3	25670.1	25659.2	10.9377	494	533	291	1	0.0001 Colloc0 494 3569 0.00428366 139.998
1240	1	1184.15	25595.2	25584	11.2605	502	565	259	2	0.0001 Colloc0 502 3568 0.0146879 159.414
1250	1	1193.97	25687.3	25676.3	11.0107	495	536	288	3	0.0001 Colloc0 495 3589 0.00113238 144.3
1260	1	1203.39	25629	25618.1	10.8791	489	536	288	1	0.0001 Colloc0 489 3585 0.0453185 136.584
1270	1	1213.13	25676	25665	11.0089	492	531	293	2	0.0001 Colloc0 492 3590 0.0531989 144.196
1280	1	1222.77	25665.5	25654.6	10.8922	513	548	276	2	0.0001 Colloc0 513 3581 0.0705201 137.344
1290	1	1232.1	25509.3	25498.9	10.4614	490	588	236	1	0.0001 Colloc0 490 3554 0.118598 113.308
1300	1	1241.75	25617.6	25606.6	10.9724	501	551	273	1	0.0001 Colloc0 501 3565 0.0487346 142.035
1310	1	1251.09	25601.3	25590.5	10.8449	499	542	282	2	0.0001 Colloc0 499 3583 0.0609056 134.604
1320	1	1260.36	25505.7	25494.7	10.9606	481	567	257	1	0.0001 Colloc0 481 3603 0.0318532 141.34
1330	1	1269.89	25507.1	25496.2	10.9729	489	573	251	2	0.0001 Colloc0 489 3587 0.0290279 142.067
1340	1	1279.42	25409.5	25398.7	10.8228	500	582	242	2	0.0001 Colloc0 500 3544 0.0634655 133.335
1350	1	1288.9	25369.4	25358.2	11.1803	491	578	246	1	0.0001 Colloc0 491 3528 0.0286959 154.498
1360	1	1298.38	25315.7	25304.8	10.9286	481	574	250	3	0.0001 Colloc0 481 3543 0.00615841 139.462
1370	1	1307.75	25404.4	25393.3	11.0127	508	581	243	3	0.0001 Colloc0 508 3533 0.021844 144.419
1380	1	1317.42	25286.1	25275.6	10.5089	485	591	233	2	0.0001 Colloc0 485 3519 0.0628805 115.857
1390	1	1327.08	25229.1	25217.9	11.1962	491	605	219	3	0.0001 Colloc0 491 3526 0.0176089 155.47
1400	1	1336.36	25342	25331.4	10.6353	488	607	217	5	0.0001 Colloc0 488 3543 0.0492654 122.762
1410	1	1345.97	25277.6	25266.4	11.1954	490	609	215	2	0.0001 Colloc0 490 3543 0.0116328 155.42
1420	1	1355.8	25319.5	25308.9	10.651	490	610	214	2	0.0001 Colloc0 490 3549 0.0487728 123.634
1430	1	1365.35	25367.5	25356.7	10.8615	495	588	236	2	0.0001 Colloc0 495 3554 0.0343223 135.563
1440	1	1374.96	25275.3	25264.4	10.9232	493	605	219	3	0.0001 Colloc0 493 3519 0.0167905 139.148
1450	1	1384.38	25293.5	25282.7	10.8125	492	588	236	2	0.0001 Colloc0 492 3542 0.0342353 132.746
1460	1	1393.76	25190.4	25179.3	11.0858	485	600	224	2	0.0001 Colloc0 485 3530 0.00972482 148.778
1470	1	1403.35	25373.1	25362	11.0823	492	538	286	3	0.0001 Colloc0 492 3522 0.00899486 148.571
1480	1	1412.97	25286.2	25275.2	11.0057	492	577	247	4	0.0001 Colloc0 492 3505 0.0415309 144.005
1490	1	1422.14	25314.5	25303.6	10.9526	492	607	217	1	0.0001 Colloc0 492 3532 0.0395148 140.87
1500	1	1431.56	25212.1	25201.2	10.9525	478	609	215	3	0.0001 Colloc0 478 3543 0.0431523 140.866
1510	1	1441.29	25290.6	25279.7	10.9674	494	591	233	1	0.0001 Colloc0 494 3521 0.0231422 141.739
1520	1	1450.85	25183.7	25172.7	11.0242	472	638	186	2	0.0001 Colloc0 472 3528 0.0132861 145.103
1530	1	1460.33	25288.5	25277.6	10.9404	482	573	251	1	0.0001 Colloc0 482 3538 0.0159688 140.154
1540	1	1469.88	25312.5	25301.8	10.6495	489	578	246	2	0.0001 Colloc0 489 3539 0.0511292 123.549
1550	1	1479.03	25253.1	25242.3	10.8323	498	567	257	1	0.0001 Colloc0 498 3525 0.0461396 133.88
1560	1	1488.17	25322	25311.6	10.4413	487	581	243	2	0.0001 Colloc0 487 3538 0.0889645 112.238
1570	1	1497.73	25352	25340.5	11.4692	494	566	258	1	0.0001 Colloc0 494 3529 0.00234188 172.487
1580	1	1507.04	25216.5	25205.6	10.8379	483	608	216	1	0.0001 Colloc0 483 3518 0.038544 134.204
1590	1	1516.09	25275.7	25265.1	10.571	479	596	228	1	0.0001 Colloc0 479 3523 0.0832185 119.225
1600	1	1525.42	25440.3	25429.3	11.0787	493	540	284	4	0.0001 Colloc0 493 3544 0.0265464 148.353
1610	1	1534.91	25380.8	25369.5	11.328	497	551	273	2	0.0001 Colloc0 497 3527 0.0108721 163.599
1620	1	1544.33	25394.1	25383.2	10.8915	500	552	272	1	0.0001 Colloc0 500 3528 0.0483957 137.301
1630	1	1553.7	25345	25334	11.0361	480	556	268	1	0.0001 Colloc0 480 3535 0.0101597 145.808
1640	1	1563.27	25355.3	25344	11.2676	492	565	259	1	0.0001 Colloc0 492 3533 0.0274341 159.857
1650	1	1572.81	25375.5	25364.5	11.0015	490	582	242	1	0.0001 Colloc0 490 3553 0.0115863 143.757
1660	1	1582.35	25421	25410.3	10.7687	500	549	275	2	0.0001 Colloc0 500 3546 0.0671362 130.245
1670	1	1591.75	25291.7	25280.8	10.9337	474	557	267	1	0.0001 Colloc0 474 3551 0.0313623 139.759
1680	1	1601.12	25296.4	25285.4	11.0812	492	563	261	2	0.0001 Colloc0 492 3538 0.019066 148.506
1690	1	1610.55	25403.7	25392.7	11.0439	490	535	289	1	0.0001 Colloc0 490 3546 0.0760231 146.273
1700	1	1620.05	25484.7	25474	10.7708	503	548	276	1	0.0001 Colloc0 503 3553 0.0678886 130.363
1710	1	1629.58	25496	25485	10.9771	510	529	295	4	0.0001 Colloc0 510 3544 0.0775862 142.315
1720	1	1638.96	25310.8	25299.9	10.9443	490	541	283	2	0.0001 Colloc0 490 3524 0.0635904 140.385
1730	1	1648.32	25285	25273.9	11.1735	484	580	244	2	0.0001 Colloc0 484 3521 0.0272461 154.084
1740	1	1657.67	25357.2	25346.1	11.1787	507	560	264	3	0.0001 Colloc0 507 3538 0.0476963 154.399
1750	1	1667.01	25212.3	25201.4	10.9457	472	574	250	3	0.0001 Colloc0 472 3515 1.80342e-05 140.465
1760	1	1676.26	25218.3	25207.1	11.1328	482	574	250	1	0.0001 Colloc0 482 3517 0.0063832 151.612
1770	1	1685.61	25318.3	25307.4	10.9246	471	568	256	3	0.0001 Colloc0 471 3545 0.0344069 139.228
1780	1	1694.91	25248.5	25237.5	11.0083	487	575	249	2	0.0001 Colloc0 487 3519 0.0266061 144.16
1790	1	1704.24	25294.1	25283.4	10.7617	495	569	255	3	0.0001 Colloc0 495 3521 0.0379797 129.849
1800	1	1713.58	25206.2	25195.1	11.0587	486	603	221	2	0.0001 Colloc0 486 3522 0.00801628 147.158
1810	1	1723.06	25274.7	25263.8	10.9503	484	583	241	3	0.0001 Colloc0 484 3514 0.0179648 140.733
1820	1	1732.51	25184.3	25172.9	11.4354	490	618	206	1	0.0001 Colloc0 490 3510 0.00125044 170.34
1830	1	1742.05	25195.2	25184.1	11.027	474	587	237	1	0.0001 Colloc0 474 3517 0.0480539 145.265
1840	1	1751.46	25271.6	25260.8	10.8444	487	556	268	1	0.0001 Colloc0 487 3530 0.0243161 134.579
1850	1	1760.86	25289.3	25278.4	10.9217	493	565	259	2	0.0001 Colloc0 493 3527 0.00965726 139.058
1860	1	1770.1	25229.5	25218.1	11.4385	489	564	260	2	0.0001 Colloc0 489 3516 0.00103487 170.54
1870	1	1779.52	25191.7	25180.4	11.262	486	590	234	1	0.0001 Colloc0 486 3503 0.021689 159.507
1880	1	1788.99	25045.8	25035	10.7716	482	597	227	3	0.0001 Colloc0 482 3509 0.00161363 130.412
1890	1	1798.16	24984.7	24973.9	10.7673	474	616	208	3	0.0001 Colloc0 474 3498 0.0565874 130.167
1900	1	1807.29	25052.2	25041.9	10.2637	475	602	222	4	0.0001 Colloc0 475 3488 0.115644 102.992
1910	1	1816.63	25189.6	25178.6	10.9454	500	572	252	4	0.0001 Colloc0 500 3495 0.0687308 140.448
1920	1	1826.04	25077	25066.1	10.9687	483	579	245	1	0.0001 Colloc0 483 3485 0.0364588 141.819
1930	1	1835.46	25028.7	25017.5	11.1406	481	606	218	2	0.0001 Colloc0 481 3497 0.0169963 152.084
1940	1	1844.87	25058	25047	10.9301	468	598	226	3	0.0001 Colloc0 468 3489 0.0108147 139.552
1950	1	1854.05	25108.4	25097.6	10.8278	477	588	236	2	0.0001 Colloc0 477 3502 0.00434151 133.621
1960	1	1863.17	25099.9	25089.1	10.8822	471	580	244	2	0.0001 Colloc0 471 3505 0.0549861 136.76
1970	1	1872.43	25050.8	25039.9	10.9746	474	588	236	3	0.0001 Colloc0 474 3496 0.0102023 142.166
1980	1	1881.85	24989	24978.1	10.8798	471	610	214	2	0.0001 Colloc0 471 3486 0.035254 136.62
1990	1	1890.78	25050	25039	11.0025	471	597	227	1	0.0001 Colloc0 471 3493 0.0135322 143.812
2000	1	1899.82	24984.3	24973.6	10.6611	467	625	199	1	0.0001 Colloc0 467 3507 0.053229 124.192
