# D = 0, E = 1, I = 1, P = 1, R = -1, n = 2000, N = 1, P = 1, w = 1, a = 0.0001, b = 10000, e = 1, f = 1, g = 100, h = 0.01, r = 18827, s = 1, S = 0, x = 10, m = 100, Z = 1, z = 0, T = 1, t = 1
# 124092 tokens in 11336 sentences
#
# It	Temp	Time	-logP	-logPcorpus	-logPrior	tables	same	changed	reject	default_pya	(parent pym pyn pya pyb)*
0	1	12.1342	417824	417710	113.764	9697	0	11336	0	0.0001 Colloc0 9697 50937 0.0001 10000
10	1	168.622	348343	348327	15.5166	2691	3439	7897	9	0.0001 Colloc0 2691 46214 0.0785571 476.603
20	1	298.513	340122	340107	15.1441	2214	3883	7453	7	0.0001 Colloc0 2214 45966 0.0352635 445.942
30	1	428.469	335234	335220	14.8716	2072	4235	7101	7	0.0001 Colloc0 2072 45805 0.016844 423.743
40	1	554.588	329972	329958	14.2199	2029	4701	6635	7	0.0001 Colloc0 2029 45430 0.0507664 371.58
50	1	681.048	327134	327120	13.7176	1936	4877	6459	5	0.0001 Colloc0 1936 45331 0.0689739 332.38
60	1	805.669	325824	325810	14.1803	1915	4948	6388	10	0.0001 Colloc0 1915 45192 0.0351281 368.452
70	1	932.585	324506	324493	13.6604	1957	5137	6199	6	0.0001 Colloc0 1957 45082 0.0650149 327.987
80	1	1059.82	322997	322983	14.3466	1931	5226	6110	7	0.0001 Colloc0 1931 44982 0.042152 381.611
90	1	1186.78	321495	321481	13.3786	1899	5421	5915	6	0.0001 Colloc0 1899 44822 0.0742741 306.509
100	1	1311.68	320347	320333	13.8188	1906	5509	5827	8	0.0001 Colloc0 1906 44837 0.0533334 340.204
110	1	1435.5	319943	319929	13.5134	1919	5619	5717	5	0.0001 Colloc0 1919 44733 0.0743795 316.738
120	1	1558.48	318907	318894	13.8129	1854	5686	5650	6	0.0001 Colloc0 1854 44659 0.0380197 339.746
130	1	1683.8	317535	317521	13.8548	1870	5801	5535	6	0.0001 Colloc0 1870 44464 0.0510829 342.993
140	1	1807.91	316894	316880	13.3419	1910	5861	5475	5	0.0001 Colloc0 1910 44428 0.0859701 303.734
150	1	1934.62	316621	316607	13.4633	1914	6007	5329	8	0.0001 Colloc0 1914 44330 0.0820517 312.926
160	1	2060.46	314916	314903	12.936	1935	6192	5144	4	0.0001 Colloc0 1935 44285 0.108068 273.519
170	1	2183.03	314355	314342	13.3033	1881	6168	5168	5	0.0001 Colloc0 1881 44214 0.0824535 300.831
180	1	2305.98	313510	313497	13.3728	1880	6319	5017	5	0.0001 Colloc0 1880 44171 0.0830469 306.068
190	1	2431.33	312956	312943	13.3975	1900	6466	4870	6	0.0001 Colloc0 1900 44100 0.0833109 307.937
200	1	2556.06	312737	312724	13.4312	1898	6577	4759	6	0.0001 Colloc0 1898 44109 0.0972019 310.491
210	1	2682.08	311893	311880	13.2128	1872	6741	4595	3	0.0001 Colloc0 1872 44070 0.0809313 294.038
220	1	2807.63	311746	311733	13.1268	1907	6724	4612	4	0.0001 Colloc0 1907 43969 0.110259 287.627
230	1	2933.73	311302	311288	13.2614	1898	6746	4590	6	0.0001 Colloc0 1898 43867 0.111407 297.679
240	1	3058.58	309486	309473	13.2771	1857	6929	4407	3	0.0001 Colloc0 1857 43805 0.084331 298.86
250	1	3177.73	309801	309787	13.5293	1922	6845	4491	5	0.0001 Colloc0 1922 43788 0.0701455 317.951
260	1	3295.65	308776	308763	12.9707	1938	7131	4205	6	0.0001 Colloc0 1938 43708 0.123307 276.071
270	1	3422.29	308550	308537	12.964	1889	7215	4121	3	0.0001 Colloc0 1889 43689 0.112171 275.578
280	1	3541.77	308432	308419	13.3475	1880	7242	4094	3	0.0001 Colloc0 1880 43648 0.0887886 304.157
290	1	3667.82	308632	308619	12.7043	1872	7200	4136	5	0.0001 Colloc0 1872 43667 0.123243 256.654
300	1	3795.6	308330	308316	13.395	1928	7206	4130	4	0.0001 Colloc0 1928 43581 0.107478 307.748
310	1	3922.69	308132	308118	13.0727	1903	7182	4154	3	0.0001 Colloc0 1903 43614 0.111006 283.605
320	1	4048.84	308414	308401	12.6757	1935	7069	4267	6	0.0001 Colloc0 1935 43590 0.146821 254.593
330	1	4174.33	307770	307757	12.8423	1942	7185	4151	3	0.0001 Colloc0 1942 43562 0.127476 266.662
340	1	4297.41	307690	307677	12.6755	1905	7223	4113	3	0.0001 Colloc0 1905 43561 0.146323 254.573
350	1	4412.86	307365	307352	13.0151	1882	7232	4104	6	0.0001 Colloc0 1882 43557 0.0930258 279.347
360	1	4528.78	307152	307139	12.9759	1897	7233	4103	5	0.0001 Colloc0 1897 43540 0.127938 276.456
370	1	4654.82	306357	306344	12.7724	1879	7322	4014	3	0.0001 Colloc0 1879 43404 0.128813 261.578
380	1	4780.81	306407	306394	13.2725	1896	7406	3930	4	0.0001 Colloc0 1896 43402 0.0870787 298.515
390	1	4904.72	307065	307052	12.9737	1881	7101	4235	5	0.0001 Colloc0 1881 43394 0.110818 276.293
400	1	5026.58	306890	306877	12.9946	1863	7135	4201	4	0.0001 Colloc0 1863 43393 0.100103 277.835
410	1	5150.47	306152	306139	13.1317	1900	7340	3996	3	0.0001 Colloc0 1900 43360 0.10285 287.989
420	1	5273.69	306762	306749	12.7715	1906	7262	4074	2	0.0001 Colloc0 1906 43383 0.135613 261.514
430	1	5398.97	306694	306681	12.9852	1875	7316	4020	4	0.0001 Colloc0 1875 43351 0.0901318 277.14
440	1	5525.08	306230	306217	13.1203	1930	7444	3892	4	0.0001 Colloc0 1930 43316 0.114119 287.14
450	1	5649.81	305575	305562	12.7628	1889	7500	3836	3	0.0001 Colloc0 1889 43256 0.123503 260.886
460	1	5771.93	305956	305942	13.2384	1914	7540	3796	4	0.0001 Colloc0 1914 43226 0.100843 295.956
470	1	5893.86	305625	305612	12.9742	1890	7522	3814	3	0.0001 Colloc0 1890 43249 0.112719 276.332
480	1	6014.05	304856	304843	13.0272	1900	7678	3658	2	0.0001 Colloc0 1900 43171 0.107243 280.239
490	1	6128.29	304560	304547	12.9637	1894	7662	3674	2	0.0001 Colloc0 1894 43162 0.124008 275.557
500	1	6251.36	304572	304559	12.9668	1910	7631	3705	3	0.0001 Colloc0 1910 43115 0.117729 275.783
510	1	6375.75	305626	305613	13.3756	1919	7458	3878	2	0.0001 Colloc0 1919 43164 0.0918036 306.278
520	1	6498.33	305333	305320	12.9339	1907	7489	3847	3	0.0001 Colloc0 1907 43082 0.0953212 273.364
530	1	6622.61	304919	304906	13.3844	1870	7491	3845	2	0.0001 Colloc0 1870 43078 0.0748886 306.95
540	1	6747.77	304943	304930	12.9459	1922	7553	3783	5	0.0001 Colloc0 1922 43053 0.120227 274.245
550	1	6872.69	304571	304557	13.1191	1878	7573	3763	3	0.0001 Colloc0 1878 43095 0.101399 287.053
560	1	6998.7	303683	303671	12.9691	1870	7678	3658	3	0.0001 Colloc0 1870 42954 0.0987928 275.951
570	1	7123.27	303062	303050	12.3414	1899	7849	3487	4	0.0001 Colloc0 1899 43018 0.148 230.85
580	1	7246.38	302294	302281	12.5891	1916	7935	3401	5	0.0001 Colloc0 1916 42903 0.135349 248.376
590	1	7364.89	303061	303048	12.9649	1928	7808	3528	4	0.0001 Colloc0 1928 42893 0.113626 275.645
600	1	7479.28	303020	303007	12.9646	1900	7768	3568	4	0.0001 Colloc0 1900 42897 0.117265 275.625
610	1	7593.78	303518	303504	13.3089	1890	7671	3665	4	0.0001 Colloc0 1890 42934 0.113511 301.253
620	1	7716.56	303155	303142	13.2661	1887	7584	3752	3	0.0001 Colloc0 1887 42840 0.0894089 298.034
630	1	7841.69	303244	303231	12.8523	1902	7683	3653	3	0.0001 Colloc0 1902 42850 0.125971 267.392
640	1	7965.05	303140	303127	13.4766	1902	7667	3669	3	0.0001 Colloc0 1902 42782 0.0827887 313.94
650	1	8088.12	302163	302151	12.5711	1914	7957	3379	3	0.0001 Colloc0 1914 42771 0.156682 247.089
660	1	8211.18	301862	301850	12.4176	1913	7969	3367	4	0.0001 Colloc0 1913 42692 0.149695 236.2
670	1	8335.48	300774	300761	12.8373	1899	8337	2999	3	0.0001 Colloc0 1899 42717 0.126906 266.297
680	1	8457.46	301347	301334	12.8436	1914	8240	3096	3	0.0001 Colloc0 1914 42749 0.107381 266.755
690	1	8579.55	301032	301019	12.9535	1894	8332	3004	3	0.0001 Colloc0 1894 42708 0.100493 274.808
700	1	8703.83	300525	300512	12.8376	1906	8442	2894	4	0.0001 Colloc0 1906 42626 0.140197 266.32
710	1	8826.4	300873	300860	12.7394	1892	8304	3032	2	0.0001 Colloc0 1892 42659 0.124346 259.187
720	1	8949.64	301101	301088	12.8863	1872	8248	3088	2	0.0001 Colloc0 1872 42690 0.119164 269.881
730	1	9076.51	301086	301073	12.9472	1885	8216	3120	4	0.0001 Colloc0 1885 42654 0.112769 274.342
740	1	9202.43	300536	300523	12.9346	1905	8272	3064	2	0.0001 Colloc0 1905 42546 0.121521 273.421
750	1	9321.72	300054	300041	12.4897	1873	8373	2963	3	0.0001 Colloc0 1873 42548 0.131291 241.298
760	1	9447.22	300283	300270	13.1446	1888	8266	3070	4	0.0001 Colloc0 1888 42604 0.10972 288.952
770	1	9569.99	300600	300587	13.2057	1900	8168	3168	5	0.0001 Colloc0 1900 42531 0.112974 293.512
780	1	9691.56	300489	300475	13.474	1910	8311	3025	3	0.0001 Colloc0 1910 42502 0.0886185 313.741
790	1	9809.27	300389	300375	13.4068	1913	8294	3042	4	0.0001 Colloc0 1913 42485 0.098962 308.64
800	1	9932.05	300443	300430	12.7599	1914	8105	3231	4	0.0001 Colloc0 1914 42483 0.130095 260.672
810	1	10055.5	300307	300294	12.8448	1898	8036	3300	4	0.0001 Colloc0 1898 42463 0.119953 266.847
820	1	10174.9	300224	300211	12.8935	1897	8150	3186	3	0.0001 Colloc0 1897 42475 0.118636 270.404
830	1	10295.8	300788	300775	13.1157	1907	7998	3338	3	0.0001 Colloc0 1907 42438 0.112788 286.796
840	1	10420.5	299662	299650	12.7818	1884	8239	3097	2	0.0001 Colloc0 1884 42423 0.111049 262.261
850	1	10539.7	298858	298846	12.4523	1920	8522	2814	3	0.0001 Colloc0 1920 42356 0.142356 238.653
860	1	10662.3	299334	299321	12.7163	1918	8361	2975	2	0.0001 Colloc0 1918 42354 0.139033 257.521
870	1	10788.4	299542	299529	13.0263	1915	8222	3114	4	0.0001 Colloc0 1915 42384 0.0982781 280.173
880	1	10906.6	299584	299571	13.1117	1902	8247	3089	5	0.0001 Colloc0 1902 42378 0.0969835 286.499
890	1	11020.3	300152	300140	12.9261	1933	8106	3230	4	0.0001 Colloc0 1933 42366 0.112524 272.796
