# D = 0, E = 1, I = 1, P = 1, R = -1, n = 2000, N = 1, P = 1, w = 1, a = 0.0001, b = 10000, e = 1, f = 1, g = 100, h = 0.01, r = 32112, s = 1, S = 0, x = 10, m = 100, Z = 1, z = 0, T = 1, t = 1
# 124092 tokens in 11336 sentences
#
# It	Temp	Time	-logP	-logPcorpus	-logPrior	tables	same	changed	reject	default_pya	(parent pym pyn pya pyb)*
0	1	14.2818	475890	475776	113.764	12387	0	11336	0	0.0001 Colloc0 12387 59826 0.0001 10000
10	1	211.635	369563	369548	14.7956	3060	3453	7883	6	0.0001 Colloc0 3060 50207 0.175192 417.59
20	1	347.145	358657	358642	15.0374	2189	3629	7707	7	0.0001 Colloc0 2189 49512 0.0277689 437.22
30	1	476.724	351419	351405	14.5158	1969	4006	7330	3	0.0001 Colloc0 1969 49092 0.0101554 395.094
40	1	602.999	347033	347019	14.2402	1974	4141	7195	7	0.0001 Colloc0 1974 48736 0.024782 373.182
50	1	724.186	343630	343616	14.0495	1892	4382	6954	4	0.0001 Colloc0 1892 48507 0.0229706 358.177
60	1	848.571	339666	339652	13.9575	1818	4604	6732	5	0.0001 Colloc0 1818 48153 0.0269925 350.984
70	1	973.309	337108	337094	13.485	1823	4892	6444	6	0.0001 Colloc0 1823 47933 0.0474746 314.576
80	1	1097.93	334883	334870	12.9435	1799	4999	6337	4	0.0001 Colloc0 1799 47699 0.0640481 274.072
90	1	1224.08	332929	332916	13.2197	1844	5087	6249	5	0.0001 Colloc0 1844 47425 0.0731567 294.555
100	1	1350.84	331081	331068	13.4495	1837	5182	6154	5	0.0001 Colloc0 1837 47199 0.0661116 311.875
110	1	1477.8	326942	326929	13.145	1829	5577	5759	3	0.0001 Colloc0 1829 46955 0.079517 288.98
120	1	1603.36	324347	324335	12.9629	1767	5718	5618	5	0.0001 Colloc0 1767 46520 0.0716914 275.497
130	1	1728.06	323940	323926	13.2806	1769	5821	5515	4	0.0001 Colloc0 1769 46504 0.0727828 299.124
140	1	1850.72	322027	322014	12.9731	1811	5865	5471	3	0.0001 Colloc0 1811 46093 0.0810351 276.246
150	1	1975.88	320889	320876	12.9865	1784	6041	5295	5	0.0001 Colloc0 1784 45947 0.0777752 277.233
160	1	2101.22	319604	319591	12.7423	1781	6201	5135	4	0.0001 Colloc0 1781 45747 0.0854818 259.397
170	1	2218.35	318220	318207	13.1772	1772	6396	4940	6	0.0001 Colloc0 1772 45617 0.0632305 291.381
180	1	2338.52	315823	315810	13.1132	1747	6659	4677	5	0.0001 Colloc0 1747 45479 0.0849932 286.613
190	1	2462.04	314453	314440	12.7473	1743	6875	4461	7	0.0001 Colloc0 1743 45435 0.0907858 259.758
200	1	2587.42	314031	314018	12.5742	1780	6960	4376	5	0.0001 Colloc0 1780 45283 0.0981539 247.309
210	1	2711.83	314592	314579	12.4227	1766	6802	4534	5	0.0001 Colloc0 1766 45263 0.108179 236.559
220	1	2835.69	313826	313813	12.8935	1730	6935	4401	6	0.0001 Colloc0 1730 45221 0.0859017 270.403
230	1	2960.94	313413	313401	12.4962	1788	6927	4409	7	0.0001 Colloc0 1788 45127 0.114616 241.762
240	1	3079.74	313170	313157	12.8486	1772	6944	4392	7	0.0001 Colloc0 1772 45054 0.0983895 267.125
250	1	3204.51	311931	311917	13.3306	1765	7296	4040	5	0.0001 Colloc0 1765 44862 0.0584502 302.883
260	1	3328.88	311472	311459	12.7391	1763	7431	3905	4	0.0001 Colloc0 1763 44946 0.099723 259.171
270	1	3452.26	310459	310446	13.093	1750	7632	3704	3	0.0001 Colloc0 1750 44840 0.0699272 285.11
280	1	3576.7	309349	309336	12.9263	1772	7722	3614	3	0.0001 Colloc0 1772 44745 0.0846039 272.806
290	1	3700.41	307768	307756	12.5787	1762	7937	3399	3	0.0001 Colloc0 1762 44680 0.112863 247.635
300	1	3824.37	307943	307931	12.4003	1803	7982	3354	4	0.0001 Colloc0 1803 44566 0.131267 234.983
310	1	3938.15	308250	308237	12.9044	1804	7785	3551	3	0.0001 Colloc0 1804 44541 0.102472 271.207
320	1	4061.61	307441	307428	12.7322	1799	7920	3416	3	0.0001 Colloc0 1799 44518 0.114856 258.671
330	1	4184.36	306638	306626	12.1436	1801	8156	3180	6	0.0001 Colloc0 1801 44481 0.157479 217.138
340	1	4306.12	306639	306626	12.8283	1769	8037	3299	4	0.0001 Colloc0 1769 44379 0.0977039 265.644
350	1	4427.43	306551	306539	12.4985	1798	8103	3233	3	0.0001 Colloc0 1798 44355 0.115475 241.926
360	1	4540.86	305711	305698	12.7804	1767	8279	3057	3	0.0001 Colloc0 1767 44336 0.113617 262.159
370	1	4658.87	305931	305918	12.4186	1813	8374	2962	5	0.0001 Colloc0 1813 44319 0.131736 236.276
380	1	4782.05	305943	305931	12.6274	1790	8243	3093	4	0.0001 Colloc0 1790 44297 0.109708 251.12
390	1	4897	306089	306076	12.4032	1809	8081	3255	7	0.0001 Colloc0 1809 44254 0.143056 235.188
400	1	5010.59	306515	306502	12.791	1769	8015	3321	4	0.0001 Colloc0 1769 44238 0.0863366 262.932
410	1	5130.49	306392	306379	12.4223	1778	7995	3341	5	0.0001 Colloc0 1778 44201 0.11818 236.535
420	1	5245.59	305952	305939	13.0633	1793	8073	3263	2	0.0001 Colloc0 1793 44181 0.0881197 282.91
430	1	5368.08	306078	306066	12.7124	1816	8143	3193	3	0.0001 Colloc0 1816 44181 0.118128 257.234
440	1	5493.63	305470	305457	12.9073	1753	8196	3140	3	0.0001 Colloc0 1753 44141 0.106599 271.417
450	1	5619.06	305011	304999	12.4349	1794	8299	3037	4	0.0001 Colloc0 1794 44108 0.13163 237.421
460	1	5741.53	304666	304653	13.3098	1774	8342	2994	6	0.0001 Colloc0 1774 44121 0.0570909 301.32
470	1	5865.08	305083	305071	12.3678	1794	8253	3083	2	0.0001 Colloc0 1794 44080 0.140256 232.702
480	1	5989.85	305093	305080	13.1845	1825	8231	3105	4	0.0001 Colloc0 1825 44040 0.0890659 291.927
490	1	6112.55	304251	304239	12.2209	1800	8404	2932	4	0.0001 Colloc0 1800 44022 0.148246 222.462
500	1	6232.67	304330	304317	12.8326	1790	8354	2982	4	0.0001 Colloc0 1790 44033 0.0982405 265.955
510	1	6345.21	304149	304137	12.4524	1820	8351	2985	3	0.0001 Colloc0 1820 43941 0.136366 238.659
520	1	6458.51	303294	303282	12.5211	1790	8425	2911	5	0.0001 Colloc0 1790 43933 0.135044 243.525
530	1	6573.66	303321	303308	12.7	1799	8392	2944	3	0.0001 Colloc0 1799 43822 0.115992 256.339
540	1	6688.7	303550	303538	12.6169	1800	8330	3006	3	0.0001 Colloc0 1800 43876 0.11698 250.371
550	1	6803.62	303308	303296	12.2377	1832	8477	2859	3	0.0001 Colloc0 1832 43844 0.15134 223.631
560	1	6917.4	303353	303340	12.9438	1805	8448	2888	4	0.0001 Colloc0 1805 43857 0.0994988 274.092
570	1	7037.02	303386	303373	12.7928	1812	8433	2903	4	0.0001 Colloc0 1812 43861 0.0985733 263.062
580	1	7162.31	303761	303748	12.8267	1805	8349	2987	6	0.0001 Colloc0 1805 43854 0.0946714 265.529
590	1	7284.96	303482	303469	13.0334	1782	8361	2975	7	0.0001 Colloc0 1782 43804 0.0980022 280.698
600	1	7405.1	303207	303194	12.2152	1810	8431	2905	3	0.0001 Colloc0 1810 43793 0.126638 222.07
610	1	7525.08	302686	302673	12.8714	1833	8586	2750	6	0.0001 Colloc0 1833 43687 0.121558 268.79
620	1	7648.83	302982	302969	12.8773	1836	8470	2866	4	0.0001 Colloc0 1836 43729 0.127168 269.219
630	1	7770.54	302683	302670	12.5572	1809	8475	2861	4	0.0001 Colloc0 1809 43685 0.13192 246.098
640	1	7893.88	302581	302568	12.7372	1833	8509	2827	5	0.0001 Colloc0 1833 43663 0.10983 259.03
650	1	8009.03	302547	302535	12.3143	1842	8516	2820	4	0.0001 Colloc0 1842 43633 0.150817 228.954
660	1	8124.07	301350	301337	12.671	1824	8488	2848	5	0.0001 Colloc0 1824 43437 0.129516 254.252
670	1	8243.67	301036	301023	12.7811	1849	8582	2754	4	0.0001 Colloc0 1849 43424 0.125148 262.214
680	1	8365.47	300304	300291	12.6901	1847	8797	2539	5	0.0001 Colloc0 1847 43371 0.139918 255.627
690	1	8488.65	300557	300545	12.1731	1809	8707	2629	6	0.0001 Colloc0 1809 43356 0.150063 219.166
700	1	8613.37	299715	299702	12.6431	1802	8786	2550	3	0.0001 Colloc0 1802 43305 0.131987 252.244
710	1	8738.35	299352	299339	12.6134	1789	8919	2417	4	0.0001 Colloc0 1789 43268 0.125899 250.115
720	1	8857.43	300124	300111	12.1148	1793	8603	2733	5	0.0001 Colloc0 1793 43274 0.153935 215.157
730	1	8976.75	300067	300054	12.2735	1838	8585	2751	6	0.0001 Colloc0 1838 43244 0.129993 226.116
740	1	9100.06	299894	299881	12.6408	1836	8583	2753	4	0.0001 Colloc0 1836 43223 0.120942 252.08
750	1	9222.86	300226	300213	13.0354	1820	8646	2690	4	0.0001 Colloc0 1820 43206 0.116234 280.841
760	1	9342.64	299912	299899	12.9905	1813	8639	2697	4	0.0001 Colloc0 1813 43223 0.101442 277.533
770	1	9464.86	299859	299847	12.1941	1842	8599	2737	7	0.0001 Colloc0 1842 43201 0.15857 220.614
780	1	9585.34	299775	299763	12.573	1861	8622	2714	3	0.0001 Colloc0 1861 43134 0.137009 247.23
790	1	9703.89	299297	299284	12.8265	1785	8635	2701	3	0.0001 Colloc0 1785 43126 0.102377 265.511
800	1	9826.57	299741	299728	12.4668	1832	8446	2890	5	0.0001 Colloc0 1832 43133 0.127395 239.675
810	1	9940.6	299589	299577	12.6785	1838	8581	2755	6	0.0001 Colloc0 1838 43068 0.132439 254.792
820	1	10054.3	299328	299316	12.4562	1824	8596	2740	4	0.0001 Colloc0 1824 43045 0.143328 238.927
830	1	10177.4	298552	298539	13.0656	1794	8689	2647	4	0.0001 Colloc0 1794 42991 0.0987441 283.08
840	1	10298.7	298832	298819	12.8446	1825	8635	2701	3	0.0001 Colloc0 1825 42951 0.124673 266.83
850	1	10412.8	298583	298570	12.5002	1852	8628	2708	5	0.0001 Colloc0 1852 42925 0.159698 242.047
860	1	10529.3	298514	298502	12.1998	1863	8686	2650	5	0.0001 Colloc0 1863 42897 0.167287 221.004
870	1	10648.1	298643	298630	12.8087	1845	8719	2617	6	0.0001 Colloc0 1845 42894 0.122252 264.218
880	1	10768	298617	298604	12.6769	1826	8629	2707	6	0.0001 Colloc0 1826 42877 0.123893 254.675
890	1	10892.9	298825	298812	12.6589	1852	8475	2861	3	0.0001 Colloc0 1852 42869 0.120368 253.379
900	1	11016.8	298392	298379	12.7148	1836	8598	2738	5	0.0001 Colloc0 1836 42717 0.121765 257.413
910	1	11135.7	297881	297869	12.7641	1917	8719	2617	7	0.0001 Colloc0 1917 42691 0.150428 260.977
920	1	11249.6	297885	297872	12.8639	1852	8711	2625	7	0.0001 Colloc0 1852 42691 0.125665 268.238
930	1	11370.8	298236	298223	12.6759	1877	8607	2729	5	0.0001 Colloc0 1877 42696 0.132375 254.608
940	1	11492.4	298050	298037	12.8845	1857	8709	2627	4	0.0001 Colloc0 1857 42668 0.113594 269.743
950	1	11606.4	297303	297290	12.4081	1860	8726	2610	4	0.0001 Colloc0 1860 42552 0.143658 235.531
960	1	11720.2	297683	297670	12.9319	1847	8645	2691	5	0.0001 Colloc0 1847 42549 0.115721 273.216
970	1	11839.1	297393	297381	12.5904	1870	8443	2893	8	0.0001 Colloc0 1870 42514 0.147135 248.474
980	1	11962.9	297466	297453	12.7834	1855	8509	2827	4	0.0001 Colloc0 1855 42511 0.132969 262.381
990	1	12086.9	296988	296976	12.12	1832	8602	2734	5	0.0001 Colloc0 1832 42466 0.157012 215.518
1000	1	12202.4	296832	296819	12.9634	1832	8603	2733	5	0.0001 Colloc0 1832 42442 0.106732 275.532
1010	1	12321.6	297321	297308	13.0199	1864	8505	2831	4	0.0001 Colloc0 1864 42454 0.114967 279.699
1020	1	12444.8	296594	296582	12.788	1872	8750	2586	6	0.0001 Colloc0 1872 42414 0.128923 262.715
1030	1	12565.7	295638	295625	12.6709	1864	8999	2337	8	0.0001 Colloc0 1864 42432 0.132456 254.247
1040	1	12688.8	296051	296039	12.2642	1850	8801	2535	5	0.0001 Colloc0 1850 42410 0.163228 225.465
1050	1	12807.1	296263	296250	12.8048	1834	8676	2660	4	0.0001 Colloc0 1834 42436 0.108067 263.933
1060	1	12925	296462	296449	12.9176	1843	8590	2746	6	0.0001 Colloc0 1843 42357 0.111609 272.17
1070	1	13044.4	296587	296574	13.126	1871	8661	2675	5	0.0001 Colloc0 1871 42341 0.114952 287.567
1080	1	13168.3	296094	296081	13.0343	1850	8747	2589	6	0.0001 Colloc0 1850 42292 0.0998473 280.761
1090	1	13292.7	295907	295894	12.7678	1855	8829	2507	5	0.0001 Colloc0 1855 42316 0.108289 261.243
1100	1	13417.4	295830	295818	12.7425	1880	8796	2540	4	0.0001 Colloc0 1880 42294 0.121684 259.413
1110	1	13542.1	295730	295717	12.7738	1843	8795	2541	4	0.0001 Colloc0 1843 42266 0.138155 261.679
1120	1	13664.5	295765	295752	12.6906	1837	8731	2605	5	0.0001 Colloc0 1837 42241 0.135284 255.667
1130	1	13785.3	295596	295584	12.4563	1859	8801	2535	3	0.0001 Colloc0 1859 42258 0.143425 238.934
1140	1	13910.2	295261	295248	12.5829	1870	8853	2483	5	0.0001 Colloc0 1870 42139 0.150111 247.931
1150	1	14026.6	294990	294978	12.3831	1884	8944	2392	3	0.0001 Colloc0 1884 42194 0.157373 233.774
1160	1	14150.4	295051	295038	12.9335	1898	8938	2398	6	0.0001 Colloc0 1898 42163 0.112823 273.336
1170	1	14275.4	294690	294677	12.8107	1876	9101	2235	8	0.0001 Colloc0 1876 42177 0.131514 264.361
1180	1	14399.2	294432	294420	12.7509	1858	9151	2185	5	0.0001 Colloc0 1858 42164 0.120475 260.02
1190	1	14521.4	293820	293807	12.6496	1836	9314	2022	4	0.0001 Colloc0 1836 42064 0.120052 252.713
1200	1	14644.5	294079	294067	12.0857	1861	9232	2104	5	0.0001 Colloc0 1861 42083 0.165577 213.172
1210	1	14767.8	294214	294202	12.5221	1872	9223	2113	4	0.0001 Colloc0 1872 42127 0.139619 243.597
1220	1	14892	294244	294232	12.444	1845	9226	2110	4	0.0001 Colloc0 1845 42090 0.146136 238.064
1230	1	15014.7	294668	294655	12.8088	1891	9053	2283	5	0.0001 Colloc0 1891 42114 0.108233 264.221
1240	1	15137.8	294299	294286	12.8582	1848	9120	2216	6	0.0001 Colloc0 1848 42114 0.114159 267.825
1250	1	15259.5	294245	294233	12.7251	1876	9097	2239	8	0.0001 Colloc0 1876 42114 0.134815 258.152
1260	1	15383.5	294402	294390	12.7871	1883	9106	2230	6	0.0001 Colloc0 1883 42094 0.125216 262.649
1270	1	15500.2	293843	293831	12.4683	1851	9243	2093	7	0.0001 Colloc0 1851 42098 0.145929 239.781
1280	1	15624.2	294137	294125	12.2059	1874	9192	2144	3	0.0001 Colloc0 1874 42096 0.162265 221.429
1290	1	15744.6	294167	294155	12.1824	1868	9243	2093	5	0.0001 Colloc0 1868 42130 0.165083 219.804
1300	1	15868.9	293871	293859	12.5603	1855	9240	2096	4	0.0001 Colloc0 1855 42080 0.141952 246.318
1310	1	15992.3	293663	293650	12.4732	1851	9308	2028	3	0.0001 Colloc0 1851 42088 0.13459 240.129
1320	1	16115	293615	293603	12.0186	1837	9226	2110	7	0.0001 Colloc0 1837 42074 0.1613 208.602
1330	1	16237.8	294178	294165	12.7966	1860	9158	2178	7	0.0001 Colloc0 1860 42063 0.138943 263.337
1340	1	16351.3	293855	293842	12.3953	1897	9208	2128	4	0.0001 Colloc0 1897 42036 0.149727 234.63
1350	1	16472.6	293597	293584	12.7909	1848	9156	2180	5	0.0001 Colloc0 1848 42029 0.118361 262.922
1360	1	16595.8	293439	293426	12.3697	1856	9252	2084	4	0.0001 Colloc0 1856 42029 0.142892 232.833
1370	1	16718.4	293562	293550	12.5738	1856	9131	2205	6	0.0001 Colloc0 1856 42049 0.14503 247.286
1380	1	16840.4	293531	293518	13.0294	1860	9219	2117	3	0.0001 Colloc0 1860 42054 0.106403 280.4
1390	1	16961.9	293588	293575	12.7219	1858	9197	2139	5	0.0001 Colloc0 1858 42042 0.122968 257.922
1400	1	17082.8	293674	293662	12.8156	1861	9201	2135	4	0.0001 Colloc0 1861 42023 0.12607 264.719
1410	1	17205.7	293384	293372	12.3874	1831	9140	2196	3	0.0001 Colloc0 1831 42027 0.137554 234.077
1420	1	17327.6	293169	293156	12.6922	1813	9324	2012	5	0.0001 Colloc0 1813 42008 0.125195 255.779
1430	1	17451.7	293416	293404	12.337	1839	9258	2078	5	0.0001 Colloc0 1839 42057 0.145329 230.541
1440	1	17569.6	293329	293317	12.376	1863	9340	1996	5	0.0001 Colloc0 1863 42032 0.147171 233.274
1450	1	17694	293362	293349	12.6265	1855	9318	2018	3	0.0001 Colloc0 1855 42028 0.122611 251.054
1460	1	17812.5	293324	293311	12.8873	1858	9402	1934	4	0.0001 Colloc0 1858 42042 0.121534 269.95
1470	1	17933.8	293120	293107	12.5928	1841	9530	1806	5	0.0001 Colloc0 1841 42042 0.138493 248.643
1480	1	18049.2	293143	293130	12.4215	1866	9422	1914	6	0.0001 Colloc0 1866 42004 0.148331 236.475
1490	1	18172.2	292725	292712	12.3702	1848	9462	1874	5	0.0001 Colloc0 1848 41995 0.145202 232.872
1500	1	18295	293099	293086	12.9651	1839	9331	2005	3	0.0001 Colloc0 1839 42008 0.110107 275.662
1510	1	18420.1	293750	293737	12.8575	1865	9168	2168	4	0.0001 Colloc0 1865 41955 0.125733 267.774
1520	1	18545.7	293171	293158	12.3539	1845	9225	2111	3	0.0001 Colloc0 1845 41990 0.138424 231.73
1530	1	18670.3	293215	293202	12.5762	1867	9294	2042	5	0.0001 Colloc0 1867 41945 0.141299 247.456
1540	1	18796.1	293101	293088	12.5605	1856	9326	2010	5	0.0001 Colloc0 1856 41923 0.142951 246.333
1550	1	18922	292440	292427	12.3769	1858	9484	1852	3	0.0001 Colloc0 1858 41945 0.149318 233.342
1560	1	19046.6	292616	292603	12.6126	1857	9468	1868	4	0.0001 Colloc0 1857 41949 0.123011 250.056
1570	1	19169.1	292992	292979	12.5138	1853	9387	1949	5	0.0001 Colloc0 1853 41949 0.128589 243.007
1580	1	19284.1	293206	293193	13.0362	1845	9228	2108	5	0.0001 Colloc0 1845 41920 0.0878091 280.907
1590	1	19398.1	293551	293539	12.7839	1874	9122	2214	4	0.0001 Colloc0 1874 41947 0.132293 262.417
1600	1	19512	293365	293353	12.5798	1850	9295	2041	3	0.0001 Colloc0 1850 41922 0.131811 247.71
1610	1	19632.1	293786	293774	12.2592	1885	9150	2186	5	0.0001 Colloc0 1885 41908 0.168676 225.12
1620	1	19755.8	293603	293590	12.8731	1854	9231	2105	6	0.0001 Colloc0 1854 41920 0.133727 268.911
1630	1	19873.4	293132	293120	12.5495	1870	9371	1965	4	0.0001 Colloc0 1870 41918 0.138429 245.551
1640	1	19998	293616	293604	12.4949	1883	9222	2114	4	0.0001 Colloc0 1883 41917 0.129294 241.67
1650	1	20119.7	293157	293144	12.8017	1851	9199	2137	4	0.0001 Colloc0 1851 41874 0.129454 263.711
1660	1	20244.3	293640	293627	12.8566	1862	9077	2259	4	0.0001 Colloc0 1862 41852 0.10965 267.709
1670	1	20361.8	293846	293833	12.6708	1843	8957	2379	4	0.0001 Colloc0 1843 41874 0.121634 254.236
1680	1	20479.9	294078	294065	13.0423	1871	9013	2323	3	0.0001 Colloc0 1871 41883 0.0976579 281.352
1690	1	20596.4	293914	293902	12.3521	1855	8947	2389	6	0.0001 Colloc0 1855 41900 0.143907 231.598
1700	1	20718	293370	293358	12.539	1869	9113	2223	3	0.0001 Colloc0 1869 41800 0.141119 244.801
1710	1	20840.2	293447	293435	12.6349	1861	9104	2232	4	0.0001 Colloc0 1861 41803 0.14452 251.654
1720	1	20958.3	293559	293547	12.7088	1889	9113	2223	4	0.0001 Colloc0 1889 41780 0.145712 256.979
1730	1	21080.5	293428	293416	12.3441	1882	9160	2176	4	0.0001 Colloc0 1882 41790 0.165055 231.042
1740	1	21206.2	293346	293333	12.7712	1867	9157	2179	4	0.0001 Colloc0 1867 41765 0.129239 261.491
1750	1	21329.3	293652	293639	13.0479	1885	9160	2176	3	0.0001 Colloc0 1885 41794 0.122051 281.768
1760	1	21454.7	293658	293645	12.8136	1889	9130	2206	4	0.0001 Colloc0 1889 41764 0.128025 264.57
1770	1	21572.9	293316	293304	12.2833	1925	9239	2097	5	0.0001 Colloc0 1925 41741 0.165596 226.793
1780	1	21693.5	293085	293072	12.6555	1873	9233	2103	4	0.0001 Colloc0 1873 41716 0.138273 253.14
1790	1	21814.9	293295	293282	12.3816	1897	9194	2142	3	0.0001 Colloc0 1897 41737 0.15752 233.67
1800	1	21935.8	293178	293165	13.0114	1861	9222	2114	7	0.0001 Colloc0 1861 41734 0.091424 279.071
1810	1	22056.5	293097	293084	12.8258	1854	9257	2079	4	0.0001 Colloc0 1854 41760 0.1128 265.464
1820	1	22178.8	293404	293392	12.4039	1886	9073	2263	4	0.0001 Colloc0 1886 41710 0.149334 235.236
1830	1	22298.9	293565	293552	12.8232	1869	8951	2385	5	0.0001 Colloc0 1869 41703 0.114875 265.274
1840	1	22420.1	293459	293447	12.9361	1879	9045	2291	5	0.0001 Colloc0 1879 41678 0.104604 273.528
1850	1	22541.2	293752	293739	12.8485	1891	8992	2344	5	0.0001 Colloc0 1891 41742 0.137889 267.113
1860	1	22663.2	293651	293638	12.8649	1905	9042	2294	6	0.0001 Colloc0 1905 41740 0.118846 268.315
1870	1	22782.5	293830	293817	12.3765	1879	8977	2359	3	0.0001 Colloc0 1879 41776 0.158825 233.312
1880	1	22900.6	292926	292914	12.0061	1876	9146	2190	5	0.0001 Colloc0 1876 41708 0.17394 207.757
1890	1	23018	293302	293289	12.9804	1891	9054	2282	5	0.0001 Colloc0 1891 41707 0.122817 276.786
1900	1	23136.6	293086	293073	12.8033	1885	9100	2236	3	0.0001 Colloc0 1885 41713 0.144046 263.821
1910	1	23254.4	293146	293133	12.6071	1884	9160	2176	4	0.0001 Colloc0 1884 41745 0.127636 249.667
1920	1	23374.7	292707	292694	12.8973	1868	9240	2096	5	0.0001 Colloc0 1868 41646 0.116135 270.68
1930	1	23495.8	293051	293038	12.5273	1899	9106	2230	5	0.0001 Colloc0 1899 41691 0.141364 243.97
1940	1	23612.7	292820	292808	12.3726	1904	9297	2039	4	0.0001 Colloc0 1904 41695 0.154991 233.038
1950	1	23730.9	293239	293226	12.5019	1894	9077	2259	3	0.0001 Colloc0 1894 41700 0.136206 242.161
1960	1	23842.3	293043	293030	12.7526	1880	9128	2208	5	0.0001 Colloc0 1880 41654 0.135333 260.143
1970	1	23958	293203	293190	12.8258	1899	9093	2243	3	0.0001 Colloc0 1899 41623 0.124216 265.464
1980	1	24073.3	293135	293123	12.403	1923	9186	2150	5	0.0001 Colloc0 1923 41657 0.157401 235.176
1990	1	24187.6	292860	292847	12.841	1919	9280	2056	4	0.0001 Colloc0 1919 41651 0.134987 266.571
2000	1	24301	292258	292246	12.1195	1885	9382	1954	4	0.0001 Colloc0 1885 41601 0.174516 215.482
