# D = 0, E = 1, I = 1, P = 1, R = -1, n = 2000, N = 1, P = 1, w = 1, a = 0.0001, b = 10000, e = 1, f = 1, g = 100, h = 0.01, r = 4574, s = 1, S = 0, x = 10, m = 100, Z = 1, z = 0, T = 1, t = 1
# 124092 tokens in 11336 sentences
#
# It	Temp	Time	-logP	-logPcorpus	-logPrior	tables	same	changed	reject	default_pya	(parent pym pyn pya pyb)*
0	1	13.067	438140	438027	113.764	10879	0	11336	0	0.0001 Colloc0 10879 55046 0.0001 10000
10	1	178.507	351863	351847	15.2809	2741	3635	7701	6	0.0001 Colloc0 2741 47606 0.111687 457.161
20	1	309.772	342776	342761	15.0959	2176	3943	7393	7	0.0001 Colloc0 2176 47071 0.015157 441.994
30	1	437.92	337881	337866	14.424	2010	4279	7057	7	0.0001 Colloc0 2010 46779 0.0331027 387.764
40	1	562.357	334725	334711	14.5168	1988	4547	6789	5	0.0001 Colloc0 1988 46489 0.0123764 395.177
50	1	681.433	332146	332132	13.6415	1986	4817	6519	5	0.0001 Colloc0 1986 46306 0.0721239 326.534
60	1	803.955	330775	330762	13.918	1976	4871	6465	6	0.0001 Colloc0 1976 46199 0.0585261 347.903
70	1	930.018	328570	328556	13.8229	1945	5043	6293	4	0.0001 Colloc0 1945 45904 0.0594564 340.519
80	1	1053.64	326344	326331	13.3896	1938	5259	6077	3	0.0001 Colloc0 1938 45754 0.0909457 307.343
90	1	1179.03	323126	323112	13.9381	1900	5565	5771	6	0.0001 Colloc0 1900 45400 0.04493 349.472
100	1	1304.75	322440	322427	13.1758	1899	5549	5787	6	0.0001 Colloc0 1899 45298 0.0937714 291.273
110	1	1429.43	321075	321061	13.6117	1897	5784	5552	3	0.0001 Colloc0 1897 45149 0.0649082 324.25
120	1	1547.88	319611	319598	13.6954	1898	5975	5361	3	0.0001 Colloc0 1898 45031 0.0498816 330.672
130	1	1665.18	318687	318673	13.1584	1922	6091	5245	4	0.0001 Colloc0 1922 44988 0.0927738 289.973
140	1	1787.62	317368	317355	12.8881	1909	6428	4908	8	0.0001 Colloc0 1909 44983 0.108626 270.009
150	1	1908.51	316537	316524	13.1987	1917	6544	4792	6	0.0001 Colloc0 1917 44880 0.10177 292.982
160	1	2033.94	315256	315243	12.9558	1924	6725	4611	6	0.0001 Colloc0 1924 44727 0.104895 274.974
170	1	2158.28	314647	314634	13.2579	1911	6888	4448	7	0.0001 Colloc0 1911 44675 0.088722 297.42
180	1	2277.86	313694	313681	12.8196	1881	6975	4361	4	0.0001 Colloc0 1881 44618 0.110633 265.011
190	1	2403.34	312532	312518	13.4592	1912	7179	4157	4	0.0001 Colloc0 1912 44397 0.0884592 312.618
200	1	2529.15	312090	312077	12.5554	1925	7185	4151	5	0.0001 Colloc0 1925 44311 0.144634 245.97
210	1	2649.28	311116	311103	12.5753	1932	7444	3892	4	0.0001 Colloc0 1932 44214 0.142762 247.394
220	1	2767.58	310016	310003	12.6037	1896	7477	3859	5	0.0001 Colloc0 1896 44142 0.127579 249.422
230	1	2890.36	310091	310078	12.8348	1892	7456	3880	5	0.0001 Colloc0 1892 44053 0.129655 266.117
240	1	3014.65	309298	309285	12.989	1925	7665	3671	4	0.0001 Colloc0 1925 44036 0.132814 277.422
250	1	3140.28	308816	308804	12.8729	1909	7823	3513	6	0.0001 Colloc0 1909 44003 0.114285 268.9
260	1	3266.3	309116	309103	12.6823	1884	7661	3675	3	0.0001 Colloc0 1884 44025 0.109043 255.067
270	1	3386.81	308761	308748	12.9753	1868	7665	3671	4	0.0001 Colloc0 1868 43980 0.0980527 276.413
280	1	3513.64	308745	308732	13.3873	1924	7562	3774	4	0.0001 Colloc0 1924 43923 0.0986068 307.168
290	1	3638.91	308402	308390	12.8089	1864	7668	3668	6	0.0001 Colloc0 1864 43945 0.125687 264.234
300	1	3756.42	307206	307193	13.1372	1885	7558	3778	7	0.0001 Colloc0 1885 43625 0.0992412 288.397
310	1	3873.3	307028	307015	12.8015	1927	7616	3720	6	0.0001 Colloc0 1927 43609 0.124725 263.695
320	1	3987.34	306980	306967	13.3665	1871	7682	3654	5	0.0001 Colloc0 1871 43622 0.0789543 305.592
330	1	4108.68	306272	306259	12.9959	1873	7792	3544	7	0.0001 Colloc0 1873 43528 0.119286 277.93
340	1	4233.53	306014	306000	13.3981	1886	7792	3544	4	0.0001 Colloc0 1886 43511 0.0951324 307.98
350	1	4357.99	305958	305945	13.3293	1904	7869	3467	5	0.0001 Colloc0 1904 43509 0.0922552 302.79
360	1	4474.59	305410	305397	12.8579	1923	7843	3493	6	0.0001 Colloc0 1923 43487 0.128178 267.805
370	1	4592.07	304723	304710	13.1116	1905	7883	3453	6	0.0001 Colloc0 1905 43314 0.103419 286.49
380	1	4716.76	304668	304655	13.0123	1934	8019	3317	4	0.0001 Colloc0 1934 43286 0.124721 279.135
390	1	4838.03	304289	304276	12.4476	1929	7991	3345	7	0.0001 Colloc0 1929 43242 0.143874 238.319
400	1	4962.82	302853	302841	12.6034	1915	8022	3314	4	0.0001 Colloc0 1915 43053 0.155853 249.397
410	1	5086.88	302830	302817	12.7747	1912	8034	3302	5	0.0001 Colloc0 1912 43080 0.129315 261.743
420	1	5211.99	302507	302494	13.0863	1887	8236	3100	4	0.0001 Colloc0 1887 43021 0.108577 284.612
430	1	5336.91	301514	301501	13.1435	1897	8471	2865	5	0.0001 Colloc0 1897 42975 0.11327 288.868
440	1	5460.11	301090	301077	13.1132	1906	8585	2751	7	0.0001 Colloc0 1906 42943 0.123434 286.612
450	1	5585.93	300246	300233	12.9911	1898	8784	2552	4	0.0001 Colloc0 1898 42929 0.130169 277.571
460	1	5708.13	300555	300543	12.4693	1900	8745	2591	4	0.0001 Colloc0 1900 43004 0.159638 239.852
470	1	5822.85	300715	300702	13.0365	1887	8603	2733	5	0.0001 Colloc0 1887 42980 0.11559 280.929
480	1	5941.34	300074	300061	12.8989	1895	8785	2551	6	0.0001 Colloc0 1895 42947 0.146872 270.8
490	1	6063.77	300584	300572	12.5935	1942	8592	2744	6	0.0001 Colloc0 1942 42851 0.138428 248.695
500	1	6178.5	300491	300478	12.6675	1922	8642	2694	5	0.0001 Colloc0 1922 42852 0.141606 254
510	1	6298.06	300452	300439	12.7196	1888	8579	2757	4	0.0001 Colloc0 1888 42843 0.129245 257.761
520	1	6422.11	300670	300657	12.3752	1915	8461	2875	7	0.0001 Colloc0 1915 42832 0.150863 233.22
530	1	6544.26	300904	300892	12.4855	1924	8456	2880	6	0.0001 Colloc0 1924 42834 0.146584 240.999
540	1	6665	300926	300913	12.7515	1906	8400	2936	5	0.0001 Colloc0 1906 42811 0.135396 260.065
550	1	6786.59	301236	301224	12.666	1922	8383	2953	4	0.0001 Colloc0 1922 42801 0.141504 253.893
560	1	6911.65	301479	301466	12.8705	1955	8394	2942	4	0.0001 Colloc0 1955 42842 0.136258 268.719
570	1	7037.24	301679	301666	12.5625	1948	8278	3058	4	0.0001 Colloc0 1948 42829 0.135435 246.478
580	1	7163.39	301332	301319	12.8937	1931	8208	3128	5	0.0001 Colloc0 1931 42786 0.102095 270.416
590	1	7288.04	301228	301215	12.9263	1908	8234	3102	3	0.0001 Colloc0 1908 42838 0.104928 272.81
600	1	7413.92	300909	300896	12.8004	1911	8268	3068	6	0.0001 Colloc0 1911 42830 0.142077 263.613
610	1	7534.49	301108	301096	12.7144	1919	8145	3191	3	0.0001 Colloc0 1919 42833 0.137178 257.379
620	1	7651.61	300927	300914	12.9856	1950	8296	3040	4	0.0001 Colloc0 1950 42778 0.134997 277.165
630	1	7772.32	300793	300781	12.9184	1927	8121	3215	3	0.0001 Colloc0 1927 42763 0.129883 272.231
640	1	7897.44	300458	300444	13.4592	1914	8223	3113	3	0.0001 Colloc0 1914 42738 0.124604 312.613
650	1	8020.16	300053	300040	13.0248	1904	8299	3037	3	0.0001 Colloc0 1904 42737 0.133844 280.063
660	1	8137.6	300033	300020	13.5118	1887	8378	2958	3	0.0001 Colloc0 1887 42762 0.0863598 316.614
670	1	8258.09	300297	300284	12.4949	1911	8282	3054	3	0.0001 Colloc0 1911 42694 0.148898 241.667
680	1	8376.08	300796	300783	12.8257	1980	8121	3215	4	0.0001 Colloc0 1980 42673 0.141804 265.457
690	1	8499.35	300938	300926	12.654	1939	8119	3217	5	0.0001 Colloc0 1939 42716 0.137118 253.029
700	1	8622.84	300995	300982	12.6092	1941	8016	3320	3	0.0001 Colloc0 1941 42631 0.142023 249.816
710	1	8748.86	299882	299869	12.52	1923	8209	3127	4	0.0001 Colloc0 1923 42575 0.144424 243.453
720	1	8871.21	299495	299482	12.8145	1915	8441	2895	4	0.0001 Colloc0 1915 42541 0.133158 264.636
730	1	8992.23	299382	299369	12.6607	1926	8331	3005	5	0.0001 Colloc0 1926 42555 0.133818 253.509
740	1	9116.38	299127	299114	12.5564	1883	8422	2914	4	0.0001 Colloc0 1883 42571 0.140586 246.042
750	1	9240.73	299710	299698	12.8543	1895	8232	3104	4	0.0001 Colloc0 1895 42564 0.121991 267.54
760	1	9365.69	299344	299332	12.4044	1902	8224	3112	3	0.0001 Colloc0 1902 42550 0.147706 235.274
770	1	9490.06	299897	299884	12.7016	1933	8183	3153	3	0.0001 Colloc0 1933 42533 0.140943 256.459
780	1	9613.05	299443	299430	13.2651	1899	8324	3012	3	0.0001 Colloc0 1899 42516 0.102198 297.957
790	1	9737.53	298809	298796	12.9331	1905	8518	2818	4	0.0001 Colloc0 1905 42508 0.123441 273.304
800	1	9859.86	298416	298403	13.0429	1919	8735	2601	7	0.0001 Colloc0 1919 42433 0.108031 281.4
810	1	9977.79	298738	298725	12.8814	1945	8667	2669	3	0.0001 Colloc0 1945 42511 0.129297 269.52
820	1	10100.3	298174	298161	12.9233	1892	8773	2563	5	0.0001 Colloc0 1892 42486 0.122314 272.59
830	1	10219.6	297923	297911	12.5936	1911	8905	2431	4	0.0001 Colloc0 1911 42485 0.143712 248.698
840	1	10344.2	297900	297887	13.1191	1943	8642	2694	5	0.0001 Colloc0 1943 42265 0.115852 287.052
850	1	10469.1	298229	298216	13.243	1930	8448	2888	4	0.0001 Colloc0 1930 42247 0.105645 296.299
860	1	10590.2	297736	297723	13.0084	1943	8507	2829	5	0.0001 Colloc0 1943 42151 0.138837 278.848
870	1	10714.6	296908	296895	12.8222	1927	8779	2557	4	0.0001 Colloc0 1927 42136 0.137982 265.198
880	1	10835.8	296829	296816	12.5955	1923	8869	2467	5	0.0001 Colloc0 1923 42166 0.146144 248.833
890	1	10956.6	296722	296709	12.9493	1924	8865	2471	3	0.0001 Colloc0 1924 42136 0.11681 274.501
900	1	11077.7	296422	296409	12.6407	1889	8874	2462	3	0.0001 Colloc0 1889 42140 0.130673 252.071
910	1	11201.4	296481	296468	12.7749	1932	8917	2419	3	0.0001 Colloc0 1932 42148 0.128671 261.758
920	1	11322.8	296494	296482	12.6083	1915	8882	2454	3	0.0001 Colloc0 1915 42148 0.141893 249.75
930	1	11443.5	296358	296346	12.4859	1923	8912	2424	5	0.0001 Colloc0 1923 42174 0.146983 241.031
940	1	11568	296020	296007	12.993	1941	9137	2199	3	0.0001 Colloc0 1941 42145 0.139265 277.717
950	1	11690.3	295864	295851	12.932	1892	9073	2263	4	0.0001 Colloc0 1892 42169 0.120368 273.224
960	1	11813.8	295733	295721	12.5789	1883	9066	2270	5	0.0001 Colloc0 1883 42136 0.142392 247.647
970	1	11936.7	296338	296326	11.8463	1942	8946	2390	3	0.0001 Colloc0 1942 42136 0.192469 197.023
980	1	12061.3	296623	296610	12.7026	1922	8895	2441	3	0.0001 Colloc0 1922 42167 0.156463 256.528
990	1	12186.1	296100	296087	12.9375	1908	8985	2351	4	0.0001 Colloc0 1908 42081 0.120776 273.631
1000	1	12309.6	296361	296348	12.8621	1934	8952	2384	6	0.0001 Colloc0 1934 42104 0.133329 268.112
1010	1	12434.2	296567	296555	12.7461	1904	8889	2447	3	0.0001 Colloc0 1904 42096 0.125835 259.674
1020	1	12559.9	297024	297011	12.9116	1962	8840	2496	4	0.0001 Colloc0 1962 42116 0.147687 271.733
1030	1	12683.5	296890	296878	12.4844	1941	8715	2621	6	0.0001 Colloc0 1941 42053 0.160192 240.926
1040	1	12808.1	296456	296444	12.6098	1916	8748	2588	4	0.0001 Colloc0 1916 42047 0.140576 249.857
1050	1	12929.8	296431	296418	12.7481	1939	8890	2446	4	0.0001 Colloc0 1939 42030 0.132153 259.821
1060	1	13054.9	296094	296081	12.6534	1915	8954	2382	5	0.0001 Colloc0 1915 42023 0.142246 252.985
1070	1	13176.3	295872	295859	13.0535	1897	8962	2374	5	0.0001 Colloc0 1897 42019 0.128527 282.183
1080	1	13294.1	295357	295345	12.4748	1905	9066	2270	6	0.0001 Colloc0 1905 41972 0.159133 240.241
1090	1	13419.3	295546	295534	12.6305	1959	9001	2335	5	0.0001 Colloc0 1959 41988 0.157807 251.341
1100	1	13545.2	295486	295474	11.9509	1930	9103	2233	5	0.0001 Colloc0 1930 41940 0.181103 204.027
1110	1	13668.8	295782	295770	12.6248	1916	8937	2399	3	0.0001 Colloc0 1916 41943 0.142239 250.933
1120	1	13791.1	295972	295960	12.8688	1941	8890	2446	3	0.0001 Colloc0 1941 41914 0.144753 268.601
1130	1	13912.8	295813	295800	12.5866	1928	8736	2600	6	0.0001 Colloc0 1928 41923 0.161056 248.196
1140	1	14034.3	295737	295724	13.0326	1906	8628	2708	4	0.0001 Colloc0 1906 41877 0.111015 280.637
1150	1	14155.9	295532	295518	13.2347	1915	8711	2625	6	0.0001 Colloc0 1915 41845 0.106553 295.675
1160	1	14278.4	295948	295935	13.2092	1923	8679	2657	4	0.0001 Colloc0 1923 41804 0.108909 293.773
1170	1	14402.1	295786	295774	12.6237	1934	8611	2725	3	0.0001 Colloc0 1934 41785 0.147883 250.857
1180	1	14523.1	295354	295340	13.2636	1941	8628	2708	3	0.0001 Colloc0 1941 41747 0.112293 297.845
1190	1	14643.9	295033	295021	12.6693	1959	8720	2616	5	0.0001 Colloc0 1959 41658 0.135911 254.129
1200	1	14764.4	294521	294508	13.084	1928	8818	2518	4	0.0001 Colloc0 1928 41650 0.130885 284.445
1210	1	14884.8	294276	294263	13.0759	1915	8830	2506	3	0.0001 Colloc0 1915 41610 0.121529 283.84
1220	1	15005.8	294562	294550	12.6646	1909	8691	2645	4	0.0001 Colloc0 1909 41582 0.122091 253.789
1230	1	15128.9	294451	294439	12.3688	1921	8662	2674	5	0.0001 Colloc0 1921 41595 0.160396 232.77
1240	1	15253.5	294648	294635	12.8682	1935	8664	2672	3	0.0001 Colloc0 1935 41607 0.135405 268.557
1250	1	15376.2	294635	294622	12.8451	1919	8723	2613	4	0.0001 Colloc0 1919 41562 0.119106 266.867
1260	1	15499.3	295168	295155	12.4218	1963	8610	2726	4	0.0001 Colloc0 1963 41569 0.158439 236.496
1270	1	15620.1	294276	294263	12.9888	1926	8751	2585	4	0.0001 Colloc0 1926 41529 0.125397 277.407
1280	1	15742.8	294065	294053	12.873	1915	8922	2414	4	0.0001 Colloc0 1915 41586 0.141104 268.902
1290	1	15860.5	294090	294077	12.9645	1896	8927	2409	5	0.0001 Colloc0 1896 41524 0.0992771 275.616
1300	1	15984.4	293768	293755	12.9987	1944	9098	2238	3	0.0001 Colloc0 1944 41533 0.139734 278.132
1310	1	16104.3	293599	293585	13.1866	1908	9195	2141	7	0.0001 Colloc0 1908 41491 0.111542 292.083
1320	1	16227.8	293516	293503	12.6928	1951	9094	2242	5	0.0001 Colloc0 1951 41509 0.135916 255.821
1330	1	16353.1	293913	293900	13.0552	1920	9125	2211	3	0.0001 Colloc0 1920 41547 0.121674 282.307
1340	1	16474	294368	294355	13.2576	1944	8967	2369	4	0.0001 Colloc0 1944 41544 0.119766 297.392
1350	1	16599.5	293645	293632	12.947	1930	8989	2347	6	0.0001 Colloc0 1930 41478 0.120813 274.33
1360	1	16724.1	293756	293743	12.8983	1930	8996	2340	6	0.0001 Colloc0 1930 41480 0.130153 270.759
1370	1	16845.9	293600	293586	13.3115	1902	8993	2343	6	0.0001 Colloc0 1902 41506 0.102654 301.444
1380	1	16966.9	293980	293968	12.837	1934	8805	2531	4	0.0001 Colloc0 1934 41445 0.123547 266.276
1390	1	17086.2	294203	294190	12.563	1915	8745	2591	3	0.0001 Colloc0 1915 41478 0.148582 246.51
1400	1	17206.5	294229	294216	12.6657	1935	8673	2663	4	0.0001 Colloc0 1935 41456 0.138825 253.874
1410	1	17321.8	293515	293502	13.0364	1907	8765	2571	4	0.0001 Colloc0 1907 41421 0.0986642 280.915
1420	1	17437.3	293903	293890	12.7341	1933	8750	2586	4	0.0001 Colloc0 1933 41426 0.133091 258.808
1430	1	17563.2	293861	293849	12.6722	1942	8672	2664	6	0.0001 Colloc0 1942 41422 0.135078 254.336
1440	1	17687.2	294063	294050	12.7295	1968	8766	2570	3	0.0001 Colloc0 1968 41417 0.160591 258.475
1450	1	17810.4	293580	293567	13.1049	1954	8898	2438	3	0.0001 Colloc0 1954 41427 0.124524 285.998
1460	1	17936.1	293572	293559	12.7367	1923	8981	2355	6	0.0001 Colloc0 1923 41439 0.146143 258.993
1470	1	18061	293567	293554	12.774	1926	8924	2412	3	0.0001 Colloc0 1926 41428 0.140212 261.693
1480	1	18186.1	293748	293736	12.7486	1945	8837	2499	4	0.0001 Colloc0 1945 41383 0.137257 259.858
1490	1	18310	293581	293568	12.5424	1936	8830	2506	6	0.0001 Colloc0 1936 41386 0.141057 245.041
1500	1	18428.8	293405	293393	12.5788	1924	8866	2470	6	0.0001 Colloc0 1924 41357 0.143711 247.643
1510	1	18544.9	293777	293764	13.2668	1933	8829	2507	5	0.0001 Colloc0 1933 41364 0.119062 298.088
1520	1	18661.2	294288	294275	13.0008	1968	8683	2653	6	0.0001 Colloc0 1968 41339 0.131268 278.289
1530	1	18777.9	293743	293730	13.0914	1934	8765	2571	7	0.0001 Colloc0 1934 41369 0.120409 284.992
1540	1	18896.2	293521	293508	12.9679	1936	8841	2495	3	0.0001 Colloc0 1936 41349 0.143869 275.865
1550	1	19021.2	293781	293768	13.1107	1936	8752	2584	4	0.0001 Colloc0 1936 41345 0.116712 286.425
1560	1	19144.3	293403	293390	13.0947	1950	8805	2531	3	0.0001 Colloc0 1950 41319 0.12012 285.234
1570	1	19268.6	292987	292974	13.0147	1902	9016	2320	4	0.0001 Colloc0 1902 41294 0.111529 279.318
1580	1	19393.6	293320	293307	13.2739	1902	8887	2449	4	0.0001 Colloc0 1902 41354 0.0971073 298.617
1590	1	19519.4	292935	292923	12.3677	1908	8851	2485	3	0.0001 Colloc0 1908 41321 0.156385 232.693
1600	1	19644.3	292867	292854	12.8993	1904	8903	2433	6	0.0001 Colloc0 1904 41273 0.11622 270.832
1610	1	19764.9	293207	293194	12.5934	1925	8796	2540	6	0.0001 Colloc0 1925 41310 0.14136 248.688
1620	1	19888	293598	293586	12.2514	1943	8558	2778	3	0.0001 Colloc0 1943 41309 0.19412 224.578
1630	1	20007.2	293569	293556	12.9125	1950	8742	2594	4	0.0001 Colloc0 1950 41303 0.119152 271.796
1640	1	20129.4	293950	293937	13.0479	1936	8553	2783	3	0.0001 Colloc0 1936 41280 0.125807 281.771
1650	1	20250.8	294097	294084	13.1185	1925	8517	2819	5	0.0001 Colloc0 1925 41317 0.115049 287.009
1660	1	20371	293759	293747	12.6407	1892	8602	2734	5	0.0001 Colloc0 1892 41320 0.144409 252.071
1670	1	20493.8	293805	293792	13.1651	1924	8598	2738	4	0.0001 Colloc0 1924 41291 0.108933 290.475
1680	1	20616.1	293948	293936	12.4588	1935	8681	2655	3	0.0001 Colloc0 1935 41328 0.153663 239.113
1690	1	20736.6	293321	293308	12.7588	1948	8791	2545	6	0.0001 Colloc0 1948 41322 0.151869 260.592
1700	1	20850.8	293068	293054	13.2332	1887	8782	2554	4	0.0001 Colloc0 1887 41266 0.104152 295.567
1710	1	20968	293841	293829	12.5186	1969	8646	2690	4	0.0001 Colloc0 1969 41300 0.162654 243.354
1720	1	21083.4	293439	293426	12.891	1933	8710	2626	3	0.0001 Colloc0 1933 41249 0.126669 270.22
1730	1	21205	293241	293229	12.3921	1949	8697	2639	3	0.0001 Colloc0 1949 41237 0.163391 234.405
1740	1	21322.6	293586	293573	12.9194	1914	8696	2640	3	0.0001 Colloc0 1914 41305 0.122382 272.301
1750	1	21437.8	293148	293135	12.9468	1932	8841	2495	3	0.0001 Colloc0 1932 41270 0.144273 274.317
1760	1	21561	292994	292981	12.8644	1940	8868	2468	4	0.0001 Colloc0 1940 41246 0.14046 268.274
1770	1	21680.9	292303	292290	12.8248	1912	9015	2321	4	0.0001 Colloc0 1912 41265 0.138851 265.387
1780	1	21800.9	292941	292928	12.9863	1923	8916	2420	2	0.0001 Colloc0 1923 41293 0.135976 277.217
1790	1	21919.8	293098	293085	12.7677	1935	8839	2497	6	0.0001 Colloc0 1935 41274 0.129872 261.238
1800	1	22041.2	292609	292596	12.4709	1909	8862	2474	3	0.0001 Colloc0 1909 41235 0.148718 239.969
1810	1	22160	292802	292789	12.5095	1945	8933	2403	5	0.0001 Colloc0 1945 41241 0.158217 242.702
1820	1	22279.9	293407	293394	13.4062	1942	8794	2542	3	0.0001 Colloc0 1942 41304 0.107992 308.595
1830	1	22396.4	292895	292882	12.4194	1932	8902	2434	3	0.0001 Colloc0 1932 41241 0.152874 236.331
1840	1	22510.5	292726	292713	12.7476	1950	8991	2345	4	0.0001 Colloc0 1950 41244 0.126816 259.783
1850	1	22619.7	293053	293040	12.8188	1937	8946	2390	2	0.0001 Colloc0 1937 41253 0.138138 264.949
1860	1	22728.6	293154	293141	12.6902	1929	8930	2406	5	0.0001 Colloc0 1929 41252 0.142551 255.634
1870	1	22839.8	292761	292748	13.111	1913	9006	2330	3	0.0001 Colloc0 1913 41256 0.119311 286.445
1880	1	22949.5	292646	292634	12.6837	1934	9054	2282	4	0.0001 Colloc0 1934 41217 0.142234 255.168
1890	1	23058.1	292106	292093	13.0887	1886	9243	2093	3	0.0001 Colloc0 1886 41240 0.0976305 284.792
1900	1	23166.6	292796	292783	12.6231	1941	9013	2323	5	0.0001 Colloc0 1941 41219 0.14611 250.813
1910	1	23277.2	292944	292932	12.6213	1933	8876	2460	4	0.0001 Colloc0 1933 41201 0.144116 250.683
1920	1	23386.9	292993	292980	12.515	1937	8881	2455	2	0.0001 Colloc0 1937 41217 0.147114 243.095
1930	1	23497.8	293324	293312	12.4453	1939	8782	2554	4	0.0001 Colloc0 1939 41221 0.136278 238.159
1940	1	23606.5	293375	293363	12.6002	1952	8662	2674	3	0.0001 Colloc0 1952 41182 0.124615 249.172
1950	1	23713.7	293054	293041	12.8989	1930	8740	2596	4	0.0001 Colloc0 1930 41153 0.13442 270.801
1960	1	23820.1	293422	293409	13.3848	1953	8621	2715	2	0.0001 Colloc0 1953 41215 0.101097 306.979
1970	1	23930.5	293268	293255	12.4956	1924	8629	2707	4	0.0001 Colloc0 1924 41219 0.157898 241.714
1980	1	24042.4	293547	293534	12.8446	1930	8444	2892	5	0.0001 Colloc0 1930 41187 0.122002 266.834
1990	1	24152.3	293301	293288	12.5518	1931	8582	2754	2	0.0001 Colloc0 1931 41158 0.160754 245.711
2000	1	24262.8	293211	293198	13.0056	1895	8633	2703	2	0.0001 Colloc0 1895 41166 0.0937971 278.641
