# D = 0, E = 1, I = 1, P = 1, R = -1, n = 2000, N = 1, P = 1, w = 1, a = 0.0001, b = 10000, e = 1, f = 1, g = 100, h = 0.01, r = 20534, s = 1, S = 0, x = 10, m = 100, Z = 1, z = 0, T = 1, t = 1
# 124092 tokens in 11336 sentences
#
# It	Temp	Time	-logP	-logPcorpus	-logPrior	tables	same	changed	reject	default_pya	(parent pym pyn pya pyb)*
0	1	13.233	450201	450087	113.764	11274	0	11336	0	0.0001 Colloc0 11274 55739 0.0001 10000
10	1	183.458	362848	362832	15.9734	2810	3188	8148	9	0.0001 Colloc0 2810 48518 0.0853567 514.679
20	1	315.485	352909	352894	15.0286	2155	3554	7782	4	0.0001 Colloc0 2155 48128 0.00796531 436.51
30	1	443.7	345801	345786	14.9051	1995	3812	7524	5	0.0001 Colloc0 1995 47717 0.00220436 426.457
40	1	565.427	343159	343145	14.3026	1950	4026	7310	4	0.0001 Colloc0 1950 47495 0.0226751 378.123
50	1	688.935	340734	340720	14.3272	1949	4207	7129	4	0.0001 Colloc0 1949 47325 0.0193327 380.074
60	1	816.217	337687	337673	14.1122	1871	4511	6825	3	0.0001 Colloc0 1871 47131 0.0264086 363.099
70	1	940.814	335140	335127	13.5775	1859	4782	6554	5	0.0001 Colloc0 1859 46987 0.0547103 321.632
80	1	1066.16	332324	332310	13.726	1848	5099	6237	4	0.0001 Colloc0 1848 46757 0.0371091 333.034
90	1	1191.87	331124	331111	13.0789	1838	5163	6173	5	0.0001 Colloc0 1838 46646 0.0881183 284.064
100	1	1317.19	330355	330341	13.5401	1840	5292	6044	4	0.0001 Colloc0 1840 46645 0.0620123 318.773
110	1	1443.88	329302	329289	13.4301	1879	5435	5901	3	0.0001 Colloc0 1879 46421 0.0868848 310.403
120	1	1568.28	327572	327560	12.884	1905	5503	5833	2	0.0001 Colloc0 1905 46277 0.101612 269.713
130	1	1690.5	326592	326578	13.4013	1835	5580	5756	3	0.0001 Colloc0 1835 46217 0.0804011 308.222
140	1	1813.68	326092	326079	13.3125	1848	5666	5670	2	0.0001 Colloc0 1848 46172 0.0745432 301.519
150	1	1936.55	324629	324616	13.1189	1824	5783	5553	5	0.0001 Colloc0 1824 46061 0.0776047 287.035
160	1	2061.57	324342	324329	13.0121	1893	5814	5522	2	0.0001 Colloc0 1893 46004 0.0945522 279.123
170	1	2186.84	323047	323034	13.2058	1812	5891	5445	5	0.0001 Colloc0 1812 45949 0.0776046 293.519
180	1	2311.76	322848	322834	13.5306	1801	5928	5408	7	0.0001 Colloc0 1801 45938 0.0647317 318.051
190	1	2436.26	321936	321923	13.5589	1835	6141	5195	4	0.0001 Colloc0 1835 45849 0.0602176 320.208
200	1	2559.74	321429	321415	13.1613	1830	6145	5191	3	0.0001 Colloc0 1830 45817 0.0893061 290.195
210	1	2683.29	320076	320063	13.1285	1831	6314	5022	4	0.0001 Colloc0 1831 45706 0.0918923 287.751
220	1	2808.23	318825	318811	13.1927	1852	6647	4689	4	0.0001 Colloc0 1852 45585 0.0917499 292.534
230	1	2934.75	317280	317267	13.6229	1852	6861	4475	5	0.0001 Colloc0 1852 45481 0.0708456 325.106
240	1	3059.57	317133	317120	12.8307	1814	6856	4480	3	0.0001 Colloc0 1814 45406 0.0843682 265.821
250	1	3183.79	316165	316152	13.3103	1867	7215	4121	5	0.0001 Colloc0 1867 45253 0.0849372 301.359
260	1	3304.26	316085	316071	13.3685	1843	7229	4107	6	0.0001 Colloc0 1843 45326 0.084763 305.747
270	1	3426.3	315234	315221	12.7383	1868	7455	3881	5	0.0001 Colloc0 1868 45207 0.111375 259.108
280	1	3550.81	313831	313817	13.7163	1837	7489	3847	6	0.0001 Colloc0 1837 44931 0.049828 332.281
290	1	3670.09	313591	313579	12.5105	1888	7448	3888	6	0.0001 Colloc0 1888 44872 0.124057 242.778
300	1	3793.93	313261	313248	13.3817	1867	7367	3969	4	0.0001 Colloc0 1867 44825 0.0830258 306.742
310	1	3917.83	312346	312332	13.6435	1821	7323	4013	5	0.0001 Colloc0 1821 44699 0.061089 326.682
320	1	4042.73	312932	312919	13.1115	1867	7230	4106	9	0.0001 Colloc0 1867 44621 0.0924859 286.486
330	1	4168.17	310979	310966	12.8931	1827	7480	3856	4	0.0001 Colloc0 1827 44468 0.0955996 270.374
340	1	4292.83	310667	310655	12.4106	1801	7592	3744	6	0.0001 Colloc0 1801 44488 0.126014 235.708
350	1	4416.65	310337	310325	12.6525	1882	7587	3749	6	0.0001 Colloc0 1882 44421 0.138911 252.921
360	1	4534.38	309327	309314	12.7131	1836	7839	3497	4	0.0001 Colloc0 1836 44355 0.124308 257.289
370	1	4656.4	308905	308893	12.7108	1792	7729	3607	4	0.0001 Colloc0 1792 44245 0.1211 257.12
380	1	4778.62	309182	309169	12.9067	1842	7756	3580	6	0.0001 Colloc0 1842 44259 0.12707 271.372
390	1	4893.99	309553	309539	13.1773	1840	7683	3653	4	0.0001 Colloc0 1840 44131 0.107227 291.387
400	1	5019.36	309290	309277	13.3266	1844	7644	3692	3	0.0001 Colloc0 1844 44144 0.0825512 302.584
410	1	5145.13	307794	307781	12.7874	1821	7758	3578	4	0.0001 Colloc0 1821 43992 0.10349 262.669
420	1	5267.63	308187	308174	13.0168	1833	7652	3684	4	0.0001 Colloc0 1833 43984 0.0914546 279.469
430	1	5384.66	308264	308251	13.2771	1858	7639	3697	5	0.0001 Colloc0 1858 43924 0.108036 298.862
440	1	5503.76	308513	308500	13.3724	1846	7449	3887	4	0.0001 Colloc0 1846 43876 0.0831235 306.037
450	1	5624.83	307742	307728	13.4898	1833	7655	3681	4	0.0001 Colloc0 1833 43861 0.0680568 314.938
460	1	5743.8	307696	307682	13.3021	1852	7634	3702	5	0.0001 Colloc0 1852 43858 0.0892463 300.74
470	1	5867.51	308090	308077	12.7056	1871	7612	3724	6	0.0001 Colloc0 1871 43787 0.125052 256.748
480	1	5988.16	307579	307566	13.3087	1875	7599	3737	4	0.0001 Colloc0 1875 43726 0.0834868 301.239
490	1	6106.24	308118	308105	13.4769	1859	7499	3837	6	0.0001 Colloc0 1859 43771 0.0837837 313.962
500	1	6232.14	307884	307871	13.6075	1902	7504	3832	6	0.0001 Colloc0 1902 43666 0.0877463 323.924
510	1	6357.99	308600	308586	13.3641	1887	7313	4023	6	0.0001 Colloc0 1887 43675 0.075013 305.416
520	1	6483.34	307757	307744	13.3967	1889	7534	3802	4	0.0001 Colloc0 1889 43585 0.0787558 307.874
530	1	6609.07	307765	307751	13.6921	1873	7605	3731	5	0.0001 Colloc0 1873 43659 0.0622093 330.422
540	1	6724.54	305849	305835	13.5688	1866	7525	3811	4	0.0001 Colloc0 1866 43368 0.075447 320.967
550	1	6845.63	305459	305446	12.8373	1883	7617	3719	2	0.0001 Colloc0 1883 43321 0.106949 266.299
560	1	6970.62	305246	305233	12.3764	1867	7583	3753	3	0.0001 Colloc0 1867 43330 0.125287 233.307
570	1	7090.67	305288	305275	13.2909	1874	7639	3697	4	0.0001 Colloc0 1874 43300 0.10078 299.893
580	1	7212.57	304808	304795	13.1974	1865	7723	3613	3	0.0001 Colloc0 1865 43315 0.09765 292.886
590	1	7336.8	304553	304540	12.6674	1905	7765	3571	6	0.0001 Colloc0 1905 43238 0.132073 253.992
600	1	7459.01	304878	304864	13.6923	1860	7769	3567	5	0.0001 Colloc0 1860 43218 0.0648502 330.435
610	1	7580.89	304515	304502	13.3582	1864	7848	3488	4	0.0001 Colloc0 1864 43232 0.0889671 304.965
620	1	7701.94	303911	303898	12.9356	1867	8131	3205	6	0.0001 Colloc0 1867 43250 0.108793 273.493
630	1	7827.38	303548	303535	13.3355	1860	8296	3040	6	0.0001 Colloc0 1860 43247 0.0776131 303.255
640	1	7951.09	302929	302916	12.962	1858	8521	2815	5	0.0001 Colloc0 1858 43200 0.0934783 275.434
650	1	8066.76	302948	302935	12.9702	1877	8431	2905	5	0.0001 Colloc0 1877 43184 0.108049 276.032
660	1	8180.53	301866	301853	12.8773	1833	8497	2839	3	0.0001 Colloc0 1833 43153 0.116833 269.217
670	1	8301.11	301982	301969	13.0701	1874	8502	2834	5	0.0001 Colloc0 1874 43106 0.0887361 283.414
680	1	8424.19	301813	301800	13.0309	1862	8610	2726	5	0.0001 Colloc0 1862 43036 0.104573 280.509
690	1	8547.84	301879	301866	12.5406	1899	8535	2801	2	0.0001 Colloc0 1899 43007 0.131826 244.918
700	1	8672.59	301843	301830	12.8852	1906	8556	2780	4	0.0001 Colloc0 1906 43007 0.107381 269.795
710	1	8796.09	302013	302000	13.0326	1882	8412	2924	3	0.0001 Colloc0 1882 42965 0.0979275 280.637
720	1	8923.09	302115	302102	13.1763	1850	8477	2859	4	0.0001 Colloc0 1850 43005 0.087097 291.312
730	1	9042.48	301800	301787	13.2731	1873	8487	2849	6	0.0001 Colloc0 1873 42940 0.0781986 298.559
740	1	9157.07	301775	301762	13.383	1874	8407	2929	4	0.0001 Colloc0 1874 42903 0.079884 306.842
750	1	9276.24	301452	301439	13.1325	1856	8500	2836	5	0.0001 Colloc0 1856 42925 0.0997104 288.047
760	1	9399.47	300705	300692	13.0097	1909	8547	2789	5	0.0001 Colloc0 1909 42791 0.113273 278.949
770	1	9523.25	300664	300651	12.9737	1892	8509	2827	3	0.0001 Colloc0 1892 42752 0.120259 276.291
780	1	9639.29	300137	300124	13.0887	1866	8599	2737	2	0.0001 Colloc0 1866 42808 0.0996553 284.791
790	1	9760.9	300394	300381	12.7953	1889	8565	2771	2	0.0001 Colloc0 1889 42764 0.130467 263.244
800	1	9885	300824	300811	13.0809	1878	8526	2810	3	0.0001 Colloc0 1878 42779 0.106826 284.215
810	1	10007.5	300731	300718	13.3875	1904	8573	2763	3	0.0001 Colloc0 1904 42734 0.0839615 307.183
820	1	10132.2	300238	300225	12.5995	1891	8609	2727	4	0.0001 Colloc0 1891 42725 0.153297 249.12
830	1	10250.8	299513	299500	12.7035	1880	8841	2495	2	0.0001 Colloc0 1880 42726 0.121395 256.597
840	1	10368.5	299680	299667	12.9231	1868	8839	2497	6	0.0001 Colloc0 1868 42751 0.11314 272.576
850	1	10491.8	299824	299811	12.9366	1886	8819	2517	4	0.0001 Colloc0 1886 42738 0.118148 273.567
860	1	10613.6	299662	299649	13.0706	1852	8791	2545	5	0.0001 Colloc0 1852 42701 0.0902092 283.452
870	1	10728.6	299252	299238	13.3163	1845	8741	2595	3	0.0001 Colloc0 1845 42680 0.091507 301.806
880	1	10853.2	299012	299000	12.5559	1872	8828	2508	7	0.0001 Colloc0 1872 42660 0.12856 246.006
890	1	10978.6	298815	298801	13.0775	1886	8860	2476	4	0.0001 Colloc0 1886 42618 0.0985223 283.96
