# D = 0, E = 1, I = 1, P = 1, R = -1, n = 2000, N = 1, P = 1, w = 1, a = 0.0001, b = 10000, e = 1, f = 1, g = 100, h = 0.01, r = 17529, s = 1, S = 0, x = 10, m = 100, Z = 1, z = 0, T = 1, t = 1
# 124092 tokens in 11336 sentences
#
# It	Temp	Time	-logP	-logPcorpus	-logPrior	tables	same	changed	reject	default_pya	(parent pym pyn pya pyb)*
0	1	13.153	447866	447753	113.764	11255	0	11336	0	0.0001 Colloc0 11255 56142 0.0001 10000
10	1	192.362	359316	359302	14.5498	2796	3566	7770	7	0.0001 Colloc0 2796 48798 0.143379 397.813
20	1	317.932	346193	346178	15.2985	2094	3928	7408	6	0.0001 Colloc0 2094 47963 0.004437 458.606
30	1	441.243	342589	342574	14.4612	1952	4156	7180	4	0.0001 Colloc0 1952 47844 0.0119386 390.735
40	1	564.427	338305	338291	14.3683	1931	4332	7004	3	0.0001 Colloc0 1931 47519 0.0247221 383.333
50	1	689.943	334212	334198	13.7002	1861	4713	6623	4	0.0001 Colloc0 1861 47179 0.0376336 331.043
60	1	805.749	331279	331265	13.4361	1824	5036	6300	6	0.0001 Colloc0 1824 47058 0.0575969 310.861
70	1	923.678	329795	329781	14.1077	1867	5168	6168	4	0.0001 Colloc0 1867 46873 0.03453 362.74
80	1	1041.4	328886	328872	13.8334	1828	5177	6159	4	0.0001 Colloc0 1828 46849 0.0456701 341.332
90	1	1163.83	326880	326867	13.4766	1809	5495	5841	3	0.0001 Colloc0 1809 46679 0.0457886 313.935
100	1	1286.31	325110	325097	13.1159	1819	5690	5646	3	0.0001 Colloc0 1819 46485 0.0871353 286.81
110	1	1405.21	323282	323269	13.4501	1834	5671	5665	2	0.0001 Colloc0 1834 46147 0.0542854 311.925
120	1	1524.32	322171	322157	13.611	1813	5966	5370	3	0.0001 Colloc0 1813 46083 0.0474255 324.198
130	1	1645.41	319719	319705	13.7008	1826	6104	5232	3	0.0001 Colloc0 1826 45863 0.0435705 331.088
140	1	1765.66	318040	318027	12.951	1827	6440	4896	4	0.0001 Colloc0 1827 45744 0.0809298 274.623
150	1	1886.65	315186	315173	12.8986	1768	6623	4713	4	0.0001 Colloc0 1768 45485 0.0927384 270.782
160	1	2008.06	314360	314348	12.6166	1818	6755	4581	2	0.0001 Colloc0 1818 45342 0.118012 250.343
170	1	2125.88	313693	313680	12.9132	1822	6799	4537	3	0.0001 Colloc0 1822 45154 0.101159 271.847
180	1	2243.97	313138	313125	12.9804	1788	6846	4490	6	0.0001 Colloc0 1788 45091 0.0992433 276.787
190	1	2369.1	311443	311430	12.6928	1780	7106	4230	4	0.0001 Colloc0 1780 44933 0.11061 255.823
200	1	2490.75	310696	310683	12.8173	1776	7318	4018	3	0.0001 Colloc0 1776 44975 0.0988645 264.841
210	1	2611.75	310960	310947	13.1562	1781	7107	4229	8	0.0001 Colloc0 1781 44888 0.0827711 289.81
220	1	2735.16	311365	311352	12.9584	1836	7043	4293	3	0.0001 Colloc0 1836 44822 0.0842477 275.17
230	1	2855.67	310677	310664	12.8566	1811	7075	4261	3	0.0001 Colloc0 1811 44766 0.102028 267.705
240	1	2980.84	310591	310578	13.2539	1774	7157	4179	3	0.0001 Colloc0 1774 44792 0.0692064 297.119
250	1	3104.03	308992	308979	12.8311	1772	7567	3769	3	0.0001 Colloc0 1772 44704 0.0770865 265.845
260	1	3222.29	308814	308801	12.7118	1798	7747	3589	6	0.0001 Colloc0 1798 44714 0.102226 257.193
270	1	3344.22	307986	307974	12.6727	1786	8002	3334	2	0.0001 Colloc0 1786 44669 0.112602 254.377
280	1	3469.09	307821	307809	12.6617	1835	7990	3346	3	0.0001 Colloc0 1835 44582 0.121446 253.585
290	1	3591.92	307648	307635	12.6767	1799	7955	3381	2	0.0001 Colloc0 1799 44521 0.106866 254.663
300	1	3715.13	307340	307328	12.7502	1811	8087	3249	2	0.0001 Colloc0 1811 44487 0.105037 259.973
310	1	3833.64	306742	306729	13.0334	1800	8116	3220	1	0.0001 Colloc0 1800 44429 0.0983551 280.694
320	1	3952.19	306623	306610	13.0114	1851	8224	3112	3	0.0001 Colloc0 1851 44402 0.104848 279.073
330	1	4074.9	305908	305895	12.4214	1799	8348	2988	3	0.0001 Colloc0 1799 44341 0.139586 236.467
340	1	4196.6	305842	305829	12.6786	1815	8385	2951	5	0.0001 Colloc0 1815 44273 0.114207 254.8
350	1	4316.94	305651	305638	12.5445	1838	8419	2917	2	0.0001 Colloc0 1838 44280 0.131925 245.195
360	1	4438.71	305994	305981	13.1478	1813	8414	2922	4	0.0001 Colloc0 1813 44263 0.0796428 289.186
370	1	4563.45	305287	305274	12.4703	1804	8603	2733	4	0.0001 Colloc0 1804 44233 0.129471 239.921
380	1	4687.36	305126	305113	12.5846	1816	8601	2735	3	0.0001 Colloc0 1816 44147 0.131864 248.052
390	1	4810.08	304207	304194	12.87	1799	8681	2655	5	0.0001 Colloc0 1799 44109 0.0985188 268.689
400	1	4924.86	304069	304057	12.9151	1807	8602	2734	1	0.0001 Colloc0 1807 44047 0.114568 271.985
410	1	5042.64	304464	304451	12.3516	1808	8566	2770	3	0.0001 Colloc0 1808 44057 0.128869 231.567
420	1	5165.12	304291	304279	12.4436	1819	8712	2624	2	0.0001 Colloc0 1819 44017 0.137451 238.039
430	1	5289.22	303298	303286	12.5838	1814	8815	2521	1	0.0001 Colloc0 1814 43993 0.121981 248
440	1	5412.61	303529	303516	12.8288	1803	8686	2650	1	0.0001 Colloc0 1803 43967 0.116137 265.682
450	1	5537.41	303083	303070	12.4992	1800	8744	2592	1	0.0001 Colloc0 1800 43922 0.118162 241.971
460	1	5657.19	303266	303254	12.4881	1833	8789	2547	2	0.0001 Colloc0 1833 43924 0.131453 241.188
470	1	5781.19	302674	302662	12.2943	1828	8915	2421	3	0.0001 Colloc0 1828 43866 0.134916 227.563
480	1	5903.83	301832	301819	12.4431	1805	9035	2301	2	0.0001 Colloc0 1805 43722 0.135323 238.002
490	1	6025.65	302853	302840	13.0673	1831	8846	2490	5	0.0001 Colloc0 1831 43773 0.100355 283.207
500	1	6149.67	301963	301950	12.2713	1885	8896	2440	4	0.0001 Colloc0 1885 43605 0.148172 225.961
510	1	6273.83	301872	301860	12.7012	1829	8889	2447	3	0.0001 Colloc0 1829 43639 0.101842 256.427
520	1	6397.97	300717	300705	12.3285	1821	9000	2336	3	0.0001 Colloc0 1821 43605 0.146368 229.947
530	1	6516.87	301227	301214	12.2073	1823	8859	2477	2	0.0001 Colloc0 1823 43571 0.160632 221.523
540	1	6640.61	301424	301411	12.3971	1834	8894	2442	4	0.0001 Colloc0 1834 43509 0.157946 234.762
550	1	6762.48	301469	301457	12.4865	1829	8772	2564	1	0.0001 Colloc0 1829 43531 0.12969 241.076
560	1	6878.7	300513	300500	12.88	1853	8845	2491	3	0.0001 Colloc0 1853 43382 0.125838 269.42
570	1	6998.08	299898	299886	12.6609	1829	8888	2448	2	0.0001 Colloc0 1829 43261 0.127204 253.527
580	1	7119.4	299977	299964	13.1386	1815	8878	2458	4	0.0001 Colloc0 1815 43236 0.102193 288.5
590	1	7244.17	300305	300292	12.4846	1839	8748	2588	7	0.0001 Colloc0 1839 43225 0.131755 240.939
600	1	7364.79	300298	300285	12.8761	1827	8724	2612	5	0.0001 Colloc0 1827 43182 0.105661 269.135
610	1	7483.92	299773	299760	12.5711	1805	8916	2420	5	0.0001 Colloc0 1805 43167 0.135415 247.089
620	1	7609.13	299549	299537	12.1817	1837	8892	2444	3	0.0001 Colloc0 1837 43167 0.150119 219.756
630	1	7732.09	299531	299518	12.4111	1844	9012	2324	4	0.0001 Colloc0 1844 43168 0.145881 235.745
640	1	7853.98	299506	299493	12.5472	1853	8999	2337	4	0.0001 Colloc0 1853 43130 0.147272 245.387
650	1	7975.35	299233	299220	13.0891	1853	9079	2257	6	0.0001 Colloc0 1853 43121 0.119076 284.825
660	1	8098.22	299267	299254	12.8548	1872	9085	2251	4	0.0001 Colloc0 1872 43113 0.101491 267.577
670	1	8219.68	299372	299359	12.9129	1815	9001	2335	3	0.0001 Colloc0 1815 43139 0.119648 271.825
680	1	8338.31	299400	299387	12.818	1838	8942	2394	9	0.0001 Colloc0 1838 43086 0.125617 264.89
690	1	8462.18	299463	299451	12.3433	1870	8927	2409	5	0.0001 Colloc0 1870 43077 0.143784 230.987
700	1	8584.54	298788	298776	12.2354	1851	9017	2319	4	0.0001 Colloc0 1851 43018 0.157729 223.472
710	1	8705.8	298586	298574	12.6261	1847	9080	2256	3	0.0001 Colloc0 1847 43027 0.118494 251.027
720	1	8828.05	298609	298596	12.4498	1851	9094	2242	5	0.0001 Colloc0 1851 42988 0.143231 238.478
730	1	8943.22	298246	298234	12.2067	1866	9169	2167	3	0.0001 Colloc0 1866 42967 0.158353 221.481
740	1	9063.8	298471	298459	12.3291	1845	9136	2200	2	0.0001 Colloc0 1845 42987 0.143304 229.992
750	1	9179.06	298366	298353	12.7237	1829	9101	2235	3	0.0001 Colloc0 1829 42985 0.12738 258.052
760	1	9296.41	298834	298821	12.7787	1862	8864	2472	4	0.0001 Colloc0 1862 42951 0.117968 262.036
770	1	9419.93	299327	299314	12.8545	1865	8791	2545	3	0.0001 Colloc0 1865 42921 0.124893 267.557
780	1	9543.32	298634	298622	12.348	1828	8920	2416	2	0.0001 Colloc0 1828 42928 0.133595 231.31
790	1	9666.16	298705	298693	12.6648	1877	8940	2396	3	0.0001 Colloc0 1877 42945 0.131229 253.806
800	1	9790.46	298722	298709	12.5069	1864	8885	2451	1	0.0001 Colloc0 1864 42949 0.139799 242.519
810	1	9915.78	298627	298614	12.738	1841	8890	2446	6	0.0001 Colloc0 1841 42889 0.119801 259.085
820	1	10040.8	298724	298711	12.558	1858	8871	2465	3	0.0001 Colloc0 1858 42955 0.136254 246.153
830	1	10164.4	298708	298696	12.3747	1871	8886	2450	3	0.0001 Colloc0 1871 42856 0.159916 233.186
840	1	10283.6	298680	298667	13.2196	1866	8791	2545	2	0.0001 Colloc0 1866 42852 0.107052 294.549
850	1	10400.6	298497	298485	12.5837	1855	8705	2631	3	0.0001 Colloc0 1855 42852 0.141566 247.993
860	1	10521.3	298504	298491	12.7728	1854	8861	2475	2	0.0001 Colloc0 1854 42916 0.130128 261.611
870	1	10642.3	298544	298531	12.5102	1850	8785	2551	2	0.0001 Colloc0 1850 42835 0.116182 242.755
880	1	10762.8	298402	298389	12.5899	1870	8797	2539	1	0.0001 Colloc0 1870 42800 0.136738 248.431
890	1	10885	298483	298470	12.6715	1843	8763	2573	2	0.0001 Colloc0 1843 42825 0.106482 254.287
900	1	11010.1	297865	297852	12.6789	1851	8925	2411	2	0.0001 Colloc0 1851 42801 0.13237 254.822
