# D = 0, E = 1, I = 1, P = 1, R = -1, n = 2000, N = 1, P = 1, w = 1, a = 0.0001, b = 10000, e = 1, f = 1, g = 100, h = 0.01, r = 28894, s = 1, S = 0, x = 10, m = 100, Z = 1, z = 0, T = 1, t = 1
# 124092 tokens in 11336 sentences
#
# It	Temp	Time	-logP	-logPcorpus	-logPrior	tables	same	changed	reject	default_pya	(parent pym pyn pya pyb)*
0	1	13.196	448277	448163	113.764	11345	0	11336	0	0.0001 Colloc0 11345 55743 0.0001 10000
10	1	170.756	363114	363098	15.7281	2940	3205	8131	5	0.0001 Colloc0 2940 48714 0.11325 494.171
20	1	305.598	348787	348772	15.3041	2214	3788	7548	9	0.0001 Colloc0 2214 47753 0.0145666 459.068
30	1	434.177	342627	342612	14.7236	2005	4064	7272	6	0.0001 Colloc0 2005 47316 0.0118155 411.778
40	1	560.263	334749	334735	14.4622	1897	4423	6913	4	0.0001 Colloc0 1897 46783 0.00188008 390.81
50	1	686.263	332023	332009	14.2477	1888	4710	6626	7	0.0001 Colloc0 1888 46619 0.0288953 373.775
60	1	812.302	328795	328782	13.2944	1866	4938	6398	8	0.0001 Colloc0 1866 46304 0.0671695 300.156
70	1	936.154	327098	327084	13.4556	1830	5168	6168	9	0.0001 Colloc0 1830 46164 0.0663363 312.343
80	1	1058.76	325254	325241	13.5922	1818	5226	6110	5	0.0001 Colloc0 1818 46023 0.0495477 322.754
90	1	1175.76	323733	323720	13.1813	1788	5383	5953	4	0.0001 Colloc0 1788 45902 0.0764268 291.687
100	1	1292.34	323841	323827	13.7268	1797	5375	5961	5	0.0001 Colloc0 1797 45871 0.0380456 333.096
110	1	1412.02	322840	322827	13.12	1827	5551	5785	6	0.0001 Colloc0 1827 45749 0.0888837 287.119
120	1	1527.62	320312	320299	12.9691	1806	5697	5639	5	0.0001 Colloc0 1806 45464 0.0894268 275.957
130	1	1648.41	319952	319938	13.4321	1847	5716	5620	12	0.0001 Colloc0 1847 45420 0.0778429 310.559
140	1	1766.21	318413	318400	12.9534	1846	5946	5390	7	0.0001 Colloc0 1846 45253 0.109338 274.797
150	1	1886.77	318332	318319	13.1206	1854	5973	5363	7	0.0001 Colloc0 1854 45298 0.0934432 287.163
160	1	2005.25	316448	316435	13.4511	1809	6381	4955	5	0.0001 Colloc0 1809 45234 0.0559236 311.998
170	1	2126.89	316085	316072	12.8964	1854	6394	4942	5	0.0001 Colloc0 1854 45136 0.108175 270.617
180	1	2245.54	315136	315124	12.7	1856	6522	4814	4	0.0001 Colloc0 1856 45024 0.111462 256.342
190	1	2360.57	314097	314084	13.3616	1808	6839	4497	6	0.0001 Colloc0 1808 45051 0.0746483 305.221
200	1	2476.6	313417	313404	12.6356	1833	6970	4366	8	0.0001 Colloc0 1833 44952 0.112219 251.705
210	1	2595.66	312784	312772	12.8652	1865	7192	4144	6	0.0001 Colloc0 1865 44898 0.10918 268.336
220	1	2721.89	311733	311720	12.9367	1846	7352	3984	5	0.0001 Colloc0 1846 44725 0.114506 273.576
230	1	2844.01	312178	312165	13.0482	1896	7300	4036	5	0.0001 Colloc0 1896 44690 0.116552 281.789
240	1	2963.38	312033	312021	12.5456	1911	7281	4055	4	0.0001 Colloc0 1911 44646 0.130499 245.272
250	1	3088.22	311640	311628	12.9552	1883	7151	4185	4	0.0001 Colloc0 1883 44633 0.109602 274.932
260	1	3213.5	311709	311696	13.3034	1883	7121	4215	5	0.0001 Colloc0 1883 44637 0.0940497 300.84
270	1	3337.5	310429	310416	13.0847	1883	7344	3992	6	0.0001 Colloc0 1883 44497 0.108686 284.495
280	1	3462.9	310221	310208	12.8691	1880	7267	4069	4	0.0001 Colloc0 1880 44422 0.107861 268.621
290	1	3587.15	309807	309795	12.7253	1850	7408	3928	6	0.0001 Colloc0 1850 44417 0.112493 258.171
300	1	3708.07	309932	309919	12.9899	1880	7235	4101	3	0.0001 Colloc0 1880 44378 0.0997018 277.482
310	1	3829.58	309917	309904	12.9576	1856	7254	4082	6	0.0001 Colloc0 1856 44364 0.1059 275.104
320	1	3954.33	310462	310449	12.7126	1899	7164	4172	6	0.0001 Colloc0 1899 44288 0.118091 257.254
330	1	4077.32	309654	309641	13.1713	1895	7197	4139	5	0.0001 Colloc0 1895 44214 0.110009 290.939
340	1	4195.37	309067	309054	13.0347	1910	7279	4057	6	0.0001 Colloc0 1910 44158 0.122027 280.795
350	1	4314.81	309217	309204	12.8887	1926	7292	4044	7	0.0001 Colloc0 1926 44132 0.117648 270.057
360	1	4439.28	308766	308752	13.1565	1880	7197	4139	8	0.0001 Colloc0 1880 44117 0.0915968 289.833
370	1	4562.83	308309	308296	12.9986	1900	7391	3945	5	0.0001 Colloc0 1900 44094 0.122713 278.13
380	1	4686.81	307792	307779	12.6905	1881	7420	3916	6	0.0001 Colloc0 1881 44049 0.11197 255.659
390	1	4808.47	307043	307030	12.53	1855	7625	3711	4	0.0001 Colloc0 1855 44068 0.121846 244.164
400	1	4927.61	306572	306560	12.7803	1849	7717	3619	5	0.0001 Colloc0 1849 44026 0.113818 262.155
410	1	5050.55	306291	306278	12.8907	1875	7900	3436	3	0.0001 Colloc0 1875 43958 0.110342 270.203
420	1	5174.68	306188	306175	12.5619	1859	7885	3451	7	0.0001 Colloc0 1859 43918 0.135067 246.432
430	1	5291.46	306499	306486	13.1746	1901	7696	3640	5	0.0001 Colloc0 1901 43868 0.102539 291.186
440	1	5407.31	305133	305120	12.5755	1853	8007	3329	6	0.0001 Colloc0 1853 43743 0.113331 247.405
450	1	5530.96	305380	305367	12.4017	1890	7806	3530	12	0.0001 Colloc0 1890 43718 0.142221 235.085
460	1	5652.68	303973	303961	12.757	1896	7996	3340	9	0.0001 Colloc0 1896 43470 0.125807 260.462
470	1	5776.3	303967	303954	12.9664	1910	8011	3325	5	0.0001 Colloc0 1910 43465 0.128925 275.757
480	1	5899.64	303912	303900	12.555	1929	8054	3282	6	0.0001 Colloc0 1929 43378 0.140943 245.946
490	1	6023.92	303257	303245	12.6665	1915	8284	3052	5	0.0001 Colloc0 1915 43352 0.144392 253.926
500	1	6146.96	303450	303437	13.2256	1883	8145	3191	8	0.0001 Colloc0 1883 43358 0.0997178 294.996
510	1	6269.14	303338	303325	12.9389	1900	8167	3169	5	0.0001 Colloc0 1900 43335 0.120986 273.734
520	1	6390.6	303195	303182	12.9679	1904	8241	3095	5	0.0001 Colloc0 1904 43341 0.111083 275.862
530	1	6509.46	301844	301831	12.9178	1865	8293	3043	4	0.0001 Colloc0 1865 43169 0.121744 272.185
540	1	6626.23	300965	300952	12.545	1901	8374	2962	4	0.0001 Colloc0 1901 43079 0.149394 245.226
550	1	6746.2	301228	301215	13.3271	1881	8354	2982	6	0.0001 Colloc0 1881 43065 0.0935769 302.621
560	1	6869.58	301091	301078	12.9937	1935	8405	2931	5	0.0001 Colloc0 1935 43038 0.115219 277.765
570	1	6989.95	300467	300454	12.2962	1887	8539	2797	6	0.0001 Colloc0 1887 43024 0.145011 227.695
580	1	7114.02	299930	299917	12.9464	1911	8585	2751	8	0.0001 Colloc0 1911 42964 0.128442 274.283
590	1	7237.19	299929	299916	12.5984	1924	8611	2725	5	0.0001 Colloc0 1924 42967 0.146853 249.043
600	1	7360.3	300423	300410	13.1259	1890	8438	2898	6	0.0001 Colloc0 1890 43038 0.0966756 287.558
610	1	7480.2	300096	300083	12.7014	1902	8405	2931	5	0.0001 Colloc0 1902 42923 0.135998 256.442
620	1	7603.08	300345	300333	12.9565	1889	8388	2948	8	0.0001 Colloc0 1889 42931 0.11604 275.028
630	1	7719.08	300524	300511	12.5891	1923	8248	3088	7	0.0001 Colloc0 1923 42887 0.166445 248.374
640	1	7836.11	300320	300307	12.6216	1892	8306	3030	8	0.0001 Colloc0 1892 42861 0.13017 250.701
650	1	7960.01	300092	300079	13.3465	1866	8325	3011	7	0.0001 Colloc0 1866 42872 0.102963 304.084
660	1	8082.09	299647	299635	12.8001	1893	8479	2857	8	0.0001 Colloc0 1893 42908 0.127838 263.592
670	1	8204.97	299691	299678	12.3996	1917	8494	2842	7	0.0001 Colloc0 1917 42911 0.155378 234.937
680	1	8322.82	299550	299538	12.6761	1888	8575	2761	6	0.0001 Colloc0 1888 42892 0.133643 254.617
690	1	8447.29	298893	298881	12.4887	1899	8606	2730	5	0.0001 Colloc0 1899 42853 0.135774 241.227
700	1	8565.3	298912	298900	12.2374	1907	8626	2710	7	0.0001 Colloc0 1907 42814 0.146076 223.608
710	1	8684.36	299250	299237	12.7187	1909	8505	2831	4	0.0001 Colloc0 1909 42811 0.141918 257.691
720	1	8806.83	298547	298535	12.7506	1897	8664	2672	5	0.0001 Colloc0 1897 42769 0.126534 259.999
730	1	8928.84	298512	298499	12.5635	1911	8776	2560	5	0.0001 Colloc0 1911 42740 0.147218 246.547
740	1	9053.02	298544	298531	12.691	1882	8768	2568	5	0.0001 Colloc0 1882 42780 0.131135 255.695
750	1	9174.69	297863	297851	12.4339	1899	8869	2467	6	0.0001 Colloc0 1899 42753 0.148627 237.354
760	1	9298.46	297785	297772	12.5867	1907	8934	2402	4	0.0001 Colloc0 1907 42712 0.148875 248.209
770	1	9419.47	297718	297705	12.4352	1890	8962	2374	7	0.0001 Colloc0 1890 42738 0.139558 237.442
780	1	9534.53	297530	297517	12.5579	1891	9007	2329	5	0.0001 Colloc0 1891 42752 0.146795 246.152
790	1	9658.67	297419	297406	12.3808	1928	9017	2319	5	0.0001 Colloc0 1928 42665 0.159998 233.614
800	1	9782.6	297650	297637	12.4038	1930	8957	2379	4	0.0001 Colloc0 1930 42668 0.149879 235.232
810	1	9906.65	298545	298532	12.6917	1914	8715	2621	4	0.0001 Colloc0 1914 42694 0.143059 255.744
820	1	10027.9	298220	298207	12.7867	1913	8669	2667	7	0.0001 Colloc0 1913 42655 0.138074 262.614
830	1	10153	298489	298477	12.7973	1919	8605	2731	5	0.0001 Colloc0 1919 42651 0.132283 263.386
840	1	10285	297826	297814	12.6885	1945	8775	2561	5	0.0001 Colloc0 1945 42585 0.134954 255.515
850	1	10406.5	298336	298323	12.6726	1893	8524	2812	6	0.0001 Colloc0 1893 42642 0.133439 254.368
860	1	10522.3	298636	298623	13.0372	1877	8500	2836	3	0.0001 Colloc0 1877 42597 0.0983758 280.98
870	1	10637.4	298904	298891	12.746	1916	8410	2926	6	0.0001 Colloc0 1916 42604 0.132198 259.665
880	1	10756	297964	297951	13.3772	1890	8717	2619	5	0.0001 Colloc0 1890 42567 0.0834186 306.406
890	1	10878.7	297152	297139	12.5332	1905	8760	2576	7	0.0001 Colloc0 1905 42545 0.161345 244.388
900	1	10997.7	297240	297227	12.7048	1923	8796	2540	5	0.0001 Colloc0 1923 42503 0.148423 256.689
910	1	11115.3	297605	297593	12.6024	1907	8657	2679	3	0.0001 Colloc0 1907 42495 0.141907 249.329
920	1	11234.1	298208	298195	12.569	1976	8525	2811	4	0.0001 Colloc0 1976 42490 0.154023 246.944
930	1	11356.2	297361	297349	12.8505	1919	8622	2714	6	0.0001 Colloc0 1919 42449 0.135922 267.265
940	1	11480	297632	297619	12.4851	1931	8659	2677	4	0.0001 Colloc0 1931 42413 0.141004 240.972
950	1	11600.8	297537	297525	12.6223	1906	8603	2733	5	0.0001 Colloc0 1906 42411 0.139792 250.757
960	1	11716.6	296871	296858	13.3235	1901	8740	2596	5	0.0001 Colloc0 1901 42386 0.106346 302.352
970	1	11835.1	296806	296793	12.9534	1893	8892	2444	3	0.0001 Colloc0 1893 42431 0.127434 274.801
980	1	11954.1	296681	296668	12.5818	1932	8791	2545	5	0.0001 Colloc0 1932 42340 0.138303 247.856
990	1	12076.5	296929	296916	13.2869	1924	8799	2537	3	0.0001 Colloc0 1924 42385 0.106948 299.6
1000	1	12201.6	296617	296604	13.1402	1902	8884	2452	5	0.0001 Colloc0 1902 42366 0.126555 288.622
1010	1	12326.6	296983	296970	12.9606	1920	8828	2508	4	0.0001 Colloc0 1920 42347 0.119394 275.331
1020	1	12446.7	296533	296520	12.466	1896	8829	2507	3	0.0001 Colloc0 1896 42287 0.132487 239.618
1030	1	12571.2	296699	296686	13.0113	1888	8705	2631	3	0.0001 Colloc0 1888 42303 0.105115 279.064
1040	1	12688.5	296163	296150	13.045	1909	8777	2559	6	0.0001 Colloc0 1909 42313 0.134841 281.555
1050	1	12804.1	296545	296532	12.7084	1922	8747	2589	4	0.0001 Colloc0 1922 42296 0.131609 256.946
1060	1	12923.8	296576	296563	12.997	1887	8663	2673	5	0.0001 Colloc0 1887 42272 0.109505 278.012
1070	1	13041.9	296380	296367	12.801	1899	8680	2656	6	0.0001 Colloc0 1899 42276 0.136999 263.659
1080	1	13160.2	296857	296844	12.8659	1934	8634	2702	5	0.0001 Colloc0 1934 42231 0.132711 268.384
1090	1	13278.4	296837	296824	12.9072	1925	8602	2734	3	0.0001 Colloc0 1925 42232 0.124552 271.41
1100	1	13395.2	297233	297220	12.9463	1937	8494	2842	3	0.0001 Colloc0 1937 42266 0.140732 274.274
1110	1	13520.1	296879	296866	12.9291	1917	8589	2747	6	0.0001 Colloc0 1917 42256 0.121321 273.013
1120	1	13644.9	296630	296617	12.6818	1915	8566	2770	6	0.0001 Colloc0 1915 42244 0.131208 255.027
1130	1	13768.3	296910	296898	12.5073	1945	8546	2790	4	0.0001 Colloc0 1945 42178 0.150129 242.549
1140	1	13892.5	296566	296553	12.8607	1909	8559	2777	4	0.0001 Colloc0 1909 42187 0.137571 268.008
1150	1	14010.3	296574	296561	12.7919	1928	8548	2788	5	0.0001 Colloc0 1928 42172 0.148308 262.997
1160	1	14128.1	296599	296585	13.1594	1928	8571	2765	4	0.0001 Colloc0 1928 42184 0.11186 290.052
1170	1	14250.6	296953	296940	12.8444	1936	8497	2839	7	0.0001 Colloc0 1936 42156 0.137726 266.818
1180	1	14370.2	296359	296347	12.5723	1899	8575	2761	6	0.0001 Colloc0 1899 42129 0.131962 247.174
1190	1	14490.9	296292	296279	12.9538	1892	8418	2918	6	0.0001 Colloc0 1892 42094 0.128464 274.827
1200	1	14610.8	296782	296769	13.0476	1934	8479	2857	7	0.0001 Colloc0 1934 42142 0.13406 281.749
1210	1	14734.7	296062	296049	12.5944	1940	8534	2802	3	0.0001 Colloc0 1940 42040 0.149695 248.759
1220	1	14858.3	295901	295888	12.8942	1908	8493	2843	4	0.0001 Colloc0 1908 42071 0.135189 270.454
1230	1	14980.7	295882	295869	12.9306	1928	8571	2765	4	0.0001 Colloc0 1928 42058 0.138893 273.122
1240	1	15103.2	296136	296123	12.7978	1923	8536	2800	3	0.0001 Colloc0 1923 42049 0.142263 263.425
1250	1	15227.4	296614	296601	12.6329	1948	8353	2983	3	0.0001 Colloc0 1948 42039 0.144457 251.517
1260	1	15350.3	296673	296660	12.6917	1939	8316	3020	2	0.0001 Colloc0 1939 42046 0.13477 255.745
1270	1	15466.1	296234	296221	12.8424	1941	8393	2943	3	0.0001 Colloc0 1941 42024 0.135891 266.674
1280	1	15581.3	296680	296668	12.531	1924	8335	3001	3	0.0001 Colloc0 1924 42050 0.142252 244.233
1290	1	15700.2	296202	296189	13.0803	1898	8368	2968	3	0.0001 Colloc0 1898 42060 0.114968 284.171
1300	1	15821.1	296635	296623	12.5404	1947	8260	3076	2	0.0001 Colloc0 1947 41962 0.16377 244.905
1310	1	15944.3	296610	296597	13.1243	1936	8311	3025	6	0.0001 Colloc0 1936 42009 0.12739 287.436
1320	1	16067.5	296331	296318	12.9129	1910	8332	3004	3	0.0001 Colloc0 1910 42021 0.137026 271.826
1330	1	16189.8	296332	296320	12.1471	1897	8311	3025	7	0.0001 Colloc0 1897 41994 0.15975 217.374
1340	1	16305.4	296323	296310	12.9111	1905	8447	2889	5	0.0001 Colloc0 1905 42014 0.136435 271.694
1350	1	16428.1	295798	295785	12.5672	1939	8580	2756	4	0.0001 Colloc0 1939 42027 0.147044 246.812
1360	1	16551.8	295968	295956	12.6018	1924	8508	2828	5	0.0001 Colloc0 1924 41986 0.142093 249.287
1370	1	16676.1	295827	295814	13.1982	1900	8530	2806	5	0.0001 Colloc0 1900 41952 0.106287 292.949
1380	1	16800.3	295791	295778	13.1149	1923	8564	2772	4	0.0001 Colloc0 1923 41957 0.114641 286.737
1390	1	16924.8	295853	295840	12.8834	1915	8541	2795	4	0.0001 Colloc0 1915 41950 0.130315 269.669
1400	1	17039.9	296021	296008	12.8597	1915	8435	2901	6	0.0001 Colloc0 1915 41949 0.125458 267.932
1410	1	17160.2	296016	296003	13.2915	1919	8528	2808	5	0.0001 Colloc0 1919 41899 0.0975055 299.942
1420	1	17281.3	296776	296762	13.1648	1922	8310	3026	4	0.0001 Colloc0 1922 41969 0.100945 290.452
1430	1	17402.8	296566	296552	13.2527	1928	8331	3005	4	0.0001 Colloc0 1928 41966 0.111405 297.027
1440	1	17526.8	296007	295993	13.0625	1936	8614	2722	4	0.0001 Colloc0 1936 41902 0.108332 282.852
1450	1	17648.8	296337	296325	12.5641	1960	8566	2770	2	0.0001 Colloc0 1960 41921 0.140253 246.591
1460	1	17768.7	295809	295796	12.8577	1952	8686	2650	2	0.0001 Colloc0 1952 41944 0.143111 267.791
1470	1	17890.4	295115	295103	12.777	1941	8788	2548	3	0.0001 Colloc0 1941 41897 0.134589 261.911
1480	1	18007.9	294985	294972	12.6269	1911	8858	2478	5	0.0001 Colloc0 1911 41921 0.14768 251.081
1490	1	18122.6	294279	294267	12.6126	1919	9113	2223	4	0.0001 Colloc0 1919 41890 0.133926 250.056
1500	1	18245.7	294427	294414	12.8756	1893	9059	2277	4	0.0001 Colloc0 1893 41952 0.111942 269.099
1510	1	18368.6	294680	294667	12.7051	1960	8962	2374	3	0.0001 Colloc0 1960 41880 0.149605 256.713
1520	1	18493.7	294823	294809	13.2754	1954	8938	2398	4	0.0001 Colloc0 1954 41886 0.124363 298.731
1530	1	18615	294900	294887	12.9633	1894	8790	2546	3	0.0001 Colloc0 1894 41894 0.124606 275.53
1540	1	18736.1	295253	295240	12.8987	1926	8790	2546	7	0.0001 Colloc0 1926 41916 0.135348 270.788
1550	1	18861	295243	295230	12.676	1917	8814	2522	3	0.0001 Colloc0 1917 41924 0.141904 254.609
1560	1	18983.3	294956	294943	13.0831	1928	8901	2435	3	0.0001 Colloc0 1928 41870 0.120082 284.378
1570	1	19108.4	294379	294366	12.8483	1939	9062	2274	2	0.0001 Colloc0 1939 41865 0.138132 267.099
1580	1	19232.6	294384	294371	12.9726	1931	9066	2270	4	0.0001 Colloc0 1931 41845 0.136368 276.209
1590	1	19354.8	294557	294544	12.7568	1932	9019	2317	4	0.0001 Colloc0 1932 41857 0.138273 260.446
1600	1	19477.9	294771	294758	12.7572	1947	9010	2326	3	0.0001 Colloc0 1947 41796 0.12728 260.478
1610	1	19597.7	294540	294528	12.3493	1924	8993	2343	2	0.0001 Colloc0 1924 41843 0.162142 231.405
1620	1	19719.3	294624	294612	12.8195	1937	9065	2271	2	0.0001 Colloc0 1937 41841 0.145204 265.005
1630	1	19840.3	294462	294449	12.5487	1950	9095	2241	2	0.0001 Colloc0 1950 41763 0.154054 245.49
1640	1	19962.6	294624	294611	13.0471	1924	8996	2340	3	0.0001 Colloc0 1924 41829 0.110576 281.711
1650	1	20083.9	295062	295049	12.9799	1944	8834	2502	6	0.0001 Colloc0 1944 41848 0.133301 276.749
1660	1	20203.2	294798	294785	12.9348	1933	8868	2468	5	0.0001 Colloc0 1933 41836 0.122826 273.432
1670	1	20327	294945	294932	12.9191	1937	8779	2557	2	0.0001 Colloc0 1937 41793 0.143292 272.283
1680	1	20449.1	295142	295129	12.8541	1938	8744	2592	4	0.0001 Colloc0 1938 41819 0.129953 267.522
1690	1	20570.5	295072	295059	12.9328	1947	8739	2597	3	0.0001 Colloc0 1947 41827 0.129983 273.288
1700	1	20693.2	295614	295601	13.1077	1981	8573	2763	5	0.0001 Colloc0 1981 41819 0.135775 286.206
1710	1	20816.6	295375	295362	12.7316	1959	8711	2625	5	0.0001 Colloc0 1959 41795 0.144448 258.625
1720	1	20938.2	295465	295451	13.3045	1968	8766	2570	4	0.0001 Colloc0 1968 41828 0.114253 300.918
1730	1	21057.6	295025	295012	12.9378	1971	8781	2555	4	0.0001 Colloc0 1971 41787 0.12149 273.656
1740	1	21180.7	295084	295072	12.6855	1917	8698	2638	6	0.0001 Colloc0 1917 41859 0.123062 255.3
1750	1	21302.2	295005	294993	12.6035	1927	8701	2635	4	0.0001 Colloc0 1927 41838 0.132544 249.409
1760	1	21423.4	295028	295015	12.7066	1929	8707	2629	4	0.0001 Colloc0 1929 41862 0.149053 256.821
1770	1	21545.2	295303	295290	12.8295	1917	8559	2777	2	0.0001 Colloc0 1917 41845 0.113669 265.731
1780	1	21664.8	294841	294828	13.0199	1907	8686	2650	3	0.0001 Colloc0 1907 41795 0.131032 279.696
1790	1	21786.9	294905	294892	12.8747	1990	8772	2564	4	0.0001 Colloc0 1990 41733 0.15211 269.026
1800	1	21907.8	294817	294804	12.9455	1935	8796	2540	2	0.0001 Colloc0 1935 41776 0.113784 274.216
1810	1	22026.3	294356	294344	12.4651	1942	8924	2412	2	0.0001 Colloc0 1942 41734 0.139753 239.554
1820	1	22147.3	294346	294333	12.5417	1982	8940	2396	2	0.0001 Colloc0 1982 41699 0.164905 244.992
1830	1	22268.2	295162	295148	13.1752	1952	8659	2677	2	0.0001 Colloc0 1952 41699 0.116946 291.233
1840	1	22381.9	294907	294893	13.2748	1950	8702	2634	2	0.0001 Colloc0 1950 41670 0.110286 298.686
1850	1	22502.9	294335	294322	12.7463	1943	8792	2544	3	0.0001 Colloc0 1943 41602 0.14748 259.685
1860	1	22622.5	293868	293855	13.4878	1926	8939	2397	2	0.0001 Colloc0 1926 41650 0.106727 314.792
1870	1	22736	293903	293890	12.8638	1917	8987	2349	3	0.0001 Colloc0 1917 41634 0.125751 268.232
1880	1	22852.4	294300	294287	12.9094	1942	8895	2441	4	0.0001 Colloc0 1942 41653 0.135682 271.572
1890	1	22973.5	293984	293972	12.842	1924	8889	2447	3	0.0001 Colloc0 1924 41619 0.125427 266.64
1900	1	23095.2	294182	294168	13.1592	1932	8865	2471	4	0.0001 Colloc0 1932 41621 0.119485 290.034
1910	1	23215.6	293666	293653	12.6706	1913	9010	2326	3	0.0001 Colloc0 1913 41598 0.145928 254.225
1920	1	23333.9	293868	293855	12.8942	1949	9061	2275	2	0.0001 Colloc0 1949 41579 0.140171 270.455
1930	1	23450.9	293826	293812	13.2016	1953	8999	2337	3	0.0001 Colloc0 1953 41589 0.115339 293.203
1940	1	23571.8	293493	293480	12.6581	1968	9031	2305	3	0.0001 Colloc0 1968 41609 0.150688 253.324
1950	1	23691.8	293664	293652	12.8381	1944	9048	2288	2	0.0001 Colloc0 1944 41557 0.139357 266.355
1960	1	23812.5	293757	293745	12.3189	1955	9095	2241	2	0.0001 Colloc0 1955 41543 0.156263 229.277
1970	1	23933.3	293912	293900	12.5793	1947	9091	2245	4	0.0001 Colloc0 1947 41568 0.16303 247.674
1980	1	24048.3	294031	294018	12.9406	1973	9021	2315	3	0.0001 Colloc0 1973 41598 0.136058 273.859
1990	1	24166.5	293926	293913	12.9639	1931	8944	2392	2	0.0001 Colloc0 1931 41550 0.112496 275.568
2000	1	24284	293381	293368	12.9548	1934	8966	2370	3	0.0001 Colloc0 1934 41541 0.122031 274.905
