# D = 0, E = 1, I = 1, P = 1, R = -1, n = 2000, N = 1, P = 1, w = 1, a = 0.0001, b = 10000, e = 1, f = 1, g = 100, h = 0.01, r = 28042, s = 1, S = 0, x = 10, m = 100, Z = 1, z = 0, T = 1, t = 1
# 124092 tokens in 11336 sentences
#
# It	Temp	Time	-logP	-logPcorpus	-logPrior	tables	same	changed	reject	default_pya	(parent pym pyn pya pyb)*
0	1	14.6098	485636	485523	113.764	12642	0	11336	0	0.0001 Colloc0 12642 60620 0.0001 10000
10	1	192.68	374230	374215	14.8595	3089	3117	8219	8	0.0001 Colloc0 3089 50456 0.150179 422.761
20	1	328.017	361782	361767	14.87	2196	3469	7867	8	0.0001 Colloc0 2196 49859 0.0257846 423.61
30	1	454.116	354618	354603	14.8442	2027	3777	7559	3	0.0001 Colloc0 2027 49397 0.00909317 421.522
40	1	579.895	348961	348946	14.7564	1969	4049	7287	4	0.0001 Colloc0 1969 48941 0.00513144 414.427
50	1	706.094	345478	345464	14.055	1905	4400	6936	6	0.0001 Colloc0 1905 48636 0.0310782 358.605
60	1	826.414	342995	342981	14.1675	1885	4539	6797	4	0.0001 Colloc0 1885 48537 0.0348995 367.442
70	1	949.046	341133	341119	14.1537	1843	4654	6682	5	0.0001 Colloc0 1843 48380 0.00924342 366.355
80	1	1075.24	339933	339919	13.9757	1882	4686	6650	6	0.0001 Colloc0 1882 48184 0.0477512 352.405
90	1	1201.26	337457	337444	13.0713	1868	4834	6502	7	0.0001 Colloc0 1868 47934 0.0792513 283.504
100	1	1325.62	334975	334961	13.8898	1820	5183	6153	5	0.0001 Colloc0 1820 47872 0.0291274 345.71
110	1	1449.84	333366	333353	12.8232	1830	5321	6015	5	0.0001 Colloc0 1830 47715 0.0941179 265.273
120	1	1569.57	332645	332633	12.7577	1846	5199	6137	4	0.0001 Colloc0 1846 47537 0.112768 260.511
130	1	1694.75	331599	331586	12.9819	1859	5431	5905	6	0.0001 Colloc0 1859 47416 0.0931546 276.893
140	1	1820.59	331613	331600	12.8639	1845	5420	5916	8	0.0001 Colloc0 1845 47395 0.105755 268.24
150	1	1945.89	330673	330659	13.7221	1808	5605	5731	5	0.0001 Colloc0 1808 47340 0.0419817 332.73
160	1	2068.3	329956	329942	13.4364	1839	5715	5621	8	0.0001 Colloc0 1839 47196 0.0572988 310.885
170	1	2191.85	328012	327999	13.0958	1866	5786	5550	6	0.0001 Colloc0 1866 46956 0.0809862 285.318
180	1	2316.72	327311	327298	13.2208	1865	6010	5326	7	0.0001 Colloc0 1865 46890 0.0926079 294.64
190	1	2442.9	326269	326256	13.4781	1827	6240	5096	5	0.0001 Colloc0 1827 46892 0.0666371 314.048
200	1	2563.36	324718	324705	12.8855	1843	6536	4800	5	0.0001 Colloc0 1843 46695 0.100193 269.822
210	1	2683.2	322359	322345	13.3227	1854	6715	4621	4	0.0001 Colloc0 1854 46453 0.0849436 302.287
220	1	2804.6	321711	321698	13.0832	1828	6645	4691	5	0.0001 Colloc0 1828 46314 0.0830645 284.381
230	1	2928.32	320240	320226	13.2822	1825	6916	4420	7	0.0001 Colloc0 1825 46178 0.0782725 299.243
240	1	3052.1	319383	319369	13.5128	1871	6986	4350	7	0.0001 Colloc0 1871 45982 0.0637202 316.694
250	1	3175.51	318014	318001	12.8547	1855	6966	4370	7	0.0001 Colloc0 1855 45735 0.105879 267.569
260	1	3299.81	316775	316761	13.2236	1862	7135	4201	6	0.0001 Colloc0 1862 45684 0.0886124 294.849
270	1	3423.49	316291	316278	12.9398	1822	7432	3904	7	0.0001 Colloc0 1822 45633 0.0889831 273.803
280	1	3548.16	315942	315929	12.7814	1812	7337	3999	7	0.0001 Colloc0 1812 45509 0.0857328 262.235
290	1	3672.83	315079	315066	12.9224	1826	7428	3908	5	0.0001 Colloc0 1826 45368 0.0964438 272.519
300	1	3789.27	314386	314373	13.0233	1843	7531	3805	5	0.0001 Colloc0 1843 45274 0.114698 279.948
310	1	3905.58	314620	314608	12.6712	1863	7308	4028	6	0.0001 Colloc0 1863 45190 0.119875 254.268
320	1	4021.85	314586	314574	12.6218	1857	7288	4048	8	0.0001 Colloc0 1857 45198 0.121894 250.72
330	1	4137.98	314382	314369	13.1371	1850	7413	3923	6	0.0001 Colloc0 1850 45164 0.112347 288.387
340	1	4256.22	314194	314181	12.7101	1835	7281	4055	7	0.0001 Colloc0 1835 45090 0.115572 257.067
350	1	4379.7	313482	313469	12.9409	1829	7302	4034	9	0.0001 Colloc0 1829 45000 0.0927269 273.879
360	1	4498.4	313708	313695	12.697	1877	7366	3970	6	0.0001 Colloc0 1877 44947 0.110471 256.125
370	1	4616.7	313359	313346	13.5422	1850	7139	4197	7	0.0001 Colloc0 1850 44908 0.0616714 318.93
380	1	4739.11	313549	313536	13.0842	1857	7178	4158	5	0.0001 Colloc0 1857 44921 0.108656 284.461
390	1	4863.95	313225	313212	13.0039	1858	7113	4223	6	0.0001 Colloc0 1858 44823 0.092758 278.518
400	1	4982.51	313389	313375	13.7742	1878	7102	4234	7	0.0001 Colloc0 1878 44765 0.0630709 336.754
410	1	5105.89	312271	312259	12.886	1822	7273	4063	8	0.0001 Colloc0 1822 44769 0.0972399 269.855
420	1	5230.28	311970	311957	12.5319	1862	7407	3929	6	0.0001 Colloc0 1862 44787 0.141258 244.296
430	1	5356.26	311166	311153	12.8417	1868	7708	3628	9	0.0001 Colloc0 1868 44717 0.111706 266.622
440	1	5480.99	311136	311123	12.5296	1854	7708	3628	6	0.0001 Colloc0 1854 44709 0.115959 244.132
450	1	5605.45	311242	311229	12.8092	1865	7622	3714	8	0.0001 Colloc0 1865 44675 0.114811 264.251
460	1	5730.08	310683	310670	13.1446	1846	7817	3519	6	0.0001 Colloc0 1846 44643 0.0967691 288.948
470	1	5852.32	310512	310500	12.4148	1859	7748	3588	5	0.0001 Colloc0 1859 44566 0.138317 236.003
480	1	5968.3	309703	309691	12.7861	1906	7971	3365	6	0.0001 Colloc0 1906 44418 0.115146 262.575
490	1	6091.09	309047	309034	12.8496	1851	8045	3291	5	0.0001 Colloc0 1851 44396 0.101263 267.199
500	1	6216.01	308843	308830	13.0026	1891	8153	3183	5	0.0001 Colloc0 1891 44428 0.120143 278.421
510	1	6339.76	309233	309220	12.8938	1893	8023	3313	3	0.0001 Colloc0 1893 44369 0.11458 270.43
520	1	6454.79	307048	307035	13.3859	1906	8205	3131	5	0.0001 Colloc0 1906 44112 0.0815657 307.058
530	1	6576.15	305405	305392	12.9885	1914	8290	3046	6	0.0001 Colloc0 1914 43934 0.116766 277.384
540	1	6701.5	305684	305671	12.8709	1922	8318	3018	3	0.0001 Colloc0 1922 43909 0.124298 268.753
550	1	6825.42	305211	305198	13.424	1871	8286	3050	4	0.0001 Colloc0 1871 43844 0.0865168 309.942
560	1	6946.38	305303	305290	13.0509	1858	8161	3175	3	0.0001 Colloc0 1858 43823 0.117082 281.992
570	1	7067.93	305380	305367	13.0216	1913	8213	3123	5	0.0001 Colloc0 1913 43780 0.124982 279.824
580	1	7191.45	304601	304588	13.1536	1844	8367	2969	6	0.0001 Colloc0 1844 43735 0.104504 289.615
590	1	7314.51	303761	303749	12.3954	1870	8478	2858	3	0.0001 Colloc0 1870 43644 0.140268 234.642
600	1	7429.73	302476	302464	12.644	1837	8692	2644	3	0.0001 Colloc0 1837 43561 0.1224 252.313
610	1	7547	301689	301677	12.6483	1831	8771	2565	4	0.0001 Colloc0 1831 43491 0.117901 252.619
620	1	7669.4	302084	302071	12.8857	1844	8685	2651	3	0.0001 Colloc0 1844 43482 0.120926 269.832
630	1	7792.47	302587	302575	12.5179	1869	8558	2778	4	0.0001 Colloc0 1869 43507 0.137837 243.304
640	1	7917.19	303100	303088	12.2738	1876	8390	2946	4	0.0001 Colloc0 1876 43409 0.142621 226.132
650	1	8040.96	302066	302054	12.6916	1845	8455	2881	5	0.0001 Colloc0 1845 43342 0.120602 255.739
660	1	8162.67	301987	301973	13.2007	1865	8552	2784	3	0.0001 Colloc0 1865 43312 0.0966309 293.136
670	1	8285	302445	302432	13.2626	1885	8449	2887	4	0.0001 Colloc0 1885 43314 0.0996089 297.769
680	1	8409.8	301814	301802	12.6875	1867	8628	2708	3	0.0001 Colloc0 1867 43268 0.137197 255.438
690	1	8532.98	302613	302600	13.0991	1880	8428	2908	5	0.0001 Colloc0 1880 43273 0.105201 285.564
700	1	8653.31	301994	301982	12.6446	1882	8567	2769	6	0.0001 Colloc0 1882 43272 0.13268 252.353
710	1	8772.9	301064	301051	12.4538	1839	8627	2709	3	0.0001 Colloc0 1839 43222 0.123926 238.759
720	1	8888.46	301234	301222	12.7145	1846	8584	2752	5	0.0001 Colloc0 1846 43244 0.126714 257.385
730	1	9004.22	301294	301281	12.454	1877	8656	2680	4	0.0001 Colloc0 1877 43173 0.133707 238.771
740	1	9120.16	301782	301769	12.5187	1879	8488	2848	3	0.0001 Colloc0 1879 43167 0.137422 243.359
750	1	9237.47	301785	301772	12.8343	1898	8518	2818	5	0.0001 Colloc0 1898 43165 0.122888 266.08
760	1	9356.02	301322	301309	12.9893	1910	8645	2691	4	0.0001 Colloc0 1910 43104 0.105377 277.44
770	1	9472.61	301680	301667	12.7914	1889	8586	2750	5	0.0001 Colloc0 1889 43111 0.125527 262.962
780	1	9597.28	301134	301121	12.8715	1890	8632	2704	6	0.0001 Colloc0 1890 43085 0.132279 268.795
790	1	9721.56	300850	300837	12.9631	1873	8784	2552	8	0.0001 Colloc0 1873 43059 0.106002 275.509
800	1	9846.25	300727	300714	12.8586	1855	8801	2535	4	0.0001 Colloc0 1855 43061 0.0949061 267.855
810	1	9965.03	300772	300759	13.1509	1889	8668	2668	5	0.0001 Colloc0 1889 43043 0.10763 289.42
820	1	10084.3	300973	300959	13.7451	1854	8654	2682	4	0.0001 Colloc0 1854 43096 0.0597701 334.501
830	1	10204.8	301005	300992	13.1539	1889	8657	2679	5	0.0001 Colloc0 1889 43075 0.11922 289.638
840	1	10327.7	300015	300002	12.6317	1856	8766	2570	3	0.0001 Colloc0 1856 43002 0.140313 251.427
850	1	10451.8	300056	300043	13.0519	1852	8739	2597	6	0.0001 Colloc0 1852 42969 0.112325 282.067
860	1	10576.4	299133	299120	13.3104	1868	8773	2563	5	0.0001 Colloc0 1868 42743 0.105555 301.362
870	1	10701.1	299024	299011	12.8255	1884	8813	2523	3	0.0001 Colloc0 1884 42755 0.114051 265.443
880	1	10823.4	298769	298756	12.7885	1853	8886	2450	7	0.0001 Colloc0 1853 42769 0.12536 262.748
890	1	10937.8	299092	299079	13.0776	1866	8709	2627	3	0.0001 Colloc0 1866 42722 0.106649 283.97
900	1	11052.8	299226	299213	12.9972	1874	8749	2587	6	0.0001 Colloc0 1874 42724 0.122913 278.025
910	1	11167.9	298944	298931	13.4025	1890	8809	2527	7	0.0001 Colloc0 1890 42740 0.0947804 308.312
920	1	11284.7	298901	298888	13.0245	1874	8832	2504	5	0.0001 Colloc0 1874 42710 0.106501 280.041
930	1	11406.3	298719	298706	12.5461	1884	8888	2448	4	0.0001 Colloc0 1884 42717 0.134891 245.305
940	1	11530.1	298505	298491	13.1143	1837	8932	2404	4	0.0001 Colloc0 1837 42639 0.0886155 286.697
950	1	11655.6	299206	299193	12.8952	1901	8792	2544	4	0.0001 Colloc0 1901 42608 0.112354 270.526
960	1	11775.5	298629	298616	12.756	1873	8884	2452	4	0.0001 Colloc0 1873 42545 0.122753 260.394
970	1	11898.2	298763	298750	12.6275	1900	8859	2477	3	0.0001 Colloc0 1900 42542 0.126089 251.13
980	1	12020.3	299048	299035	13.437	1865	8725	2611	6	0.0001 Colloc0 1865 42528 0.0698513 310.927
990	1	12142.4	299003	298990	12.7239	1878	8654	2682	6	0.0001 Colloc0 1878 42523 0.124385 258.07
1000	1	12265.1	298402	298390	12.6851	1885	8924	2412	4	0.0001 Colloc0 1885 42519 0.137659 255.27
1010	1	12389.2	298421	298408	12.7005	1872	8879	2457	6	0.0001 Colloc0 1872 42541 0.116985 256.38
1020	1	12513.2	298143	298130	13.148	1869	8939	2397	5	0.0001 Colloc0 1869 42517 0.104053 289.205
1030	1	12638	298373	298360	13.1961	1907	8753	2583	5	0.0001 Colloc0 1907 42462 0.110835 292.79
1040	1	12762.4	298228	298215	12.8839	1855	8821	2515	4	0.0001 Colloc0 1855 42465 0.114376 269.703
1050	1	12887	298375	298362	12.5876	1891	8780	2556	3	0.0001 Colloc0 1891 42480 0.149514 248.272
1060	1	13006.4	298328	298314	13.5286	1867	8759	2577	3	0.0001 Colloc0 1867 42470 0.0870359 317.898
1070	1	13130.5	298469	298457	12.6882	1898	8645	2691	7	0.0001 Colloc0 1898 42459 0.140236 255.491
1080	1	13254.9	298410	298397	13.1904	1847	8588	2748	4	0.0001 Colloc0 1847 42433 0.100854 292.361
1090	1	13376	298654	298641	13.177	1884	8665	2671	6	0.0001 Colloc0 1884 42437 0.0917404 291.362
1100	1	13493.5	298916	298904	12.2914	1893	8413	2923	4	0.0001 Colloc0 1893 42426 0.142779 227.363
1110	1	13617.7	298439	298426	12.7805	1895	8640	2696	4	0.0001 Colloc0 1895 42386 0.119714 262.17
1120	1	13735.8	298550	298537	13.3697	1854	8586	2750	5	0.0001 Colloc0 1854 42370 0.0915592 305.836
1130	1	13856	298946	298932	13.4862	1889	8386	2950	7	0.0001 Colloc0 1889 42414 0.0821109 314.669
1140	1	13980	298910	298897	13.1604	1871	8348	2988	4	0.0001 Colloc0 1871 42318 0.0965052 290.125
1150	1	14096.6	298613	298600	13.0535	1884	8419	2917	4	0.0001 Colloc0 1884 42357 0.113034 282.181
1160	1	14211.5	298791	298778	13.3998	1929	8458	2878	4	0.0001 Colloc0 1929 42390 0.101665 308.111
1170	1	14326.4	298137	298124	12.9502	1889	8683	2653	3	0.0001 Colloc0 1889 42339 0.119349 274.562
1180	1	14441.1	298029	298016	13.0607	1874	8736	2600	4	0.0001 Colloc0 1874 42359 0.109296 282.72
1190	1	14556.5	297452	297440	12.5172	1899	8696	2640	3	0.0001 Colloc0 1899 42228 0.14413 243.249
1200	1	14671.6	296626	296614	12.8456	1887	8921	2415	4	0.0001 Colloc0 1887 42179 0.141667 266.901
1210	1	14790.1	297310	297297	12.23	1888	8681	2655	4	0.0001 Colloc0 1888 42186 0.156785 223.097
1220	1	14914.5	297320	297307	13.043	1891	8763	2573	5	0.0001 Colloc0 1891 42201 0.104617 281.405
1230	1	15037.1	296893	296880	12.8289	1913	8789	2547	3	0.0001 Colloc0 1913 42173 0.145727 265.686
1240	1	15158.9	296187	296175	12.628	1898	9073	2263	3	0.0001 Colloc0 1898 42122 0.130415 251.16
1250	1	15274.2	296444	296431	12.8847	1864	9037	2299	3	0.0001 Colloc0 1864 42161 0.11215 269.762
1260	1	15389.2	296418	296406	12.6974	1899	8929	2407	5	0.0001 Colloc0 1899 42153 0.129404 256.157
1270	1	15511.4	296198	296186	12.3513	1898	8955	2381	4	0.0001 Colloc0 1898 42154 0.15522 231.542
1280	1	15636	296143	296130	12.9188	1887	8975	2361	4	0.0001 Colloc0 1887 42094 0.120356 272.259
1290	1	15760.8	296042	296029	12.665	1879	8949	2387	5	0.0001 Colloc0 1879 42069 0.13959 253.817
1300	1	15881.5	296405	296392	12.802	1912	8912	2424	5	0.0001 Colloc0 1912 42109 0.123957 263.731
1310	1	16005.6	296495	296482	12.6048	1878	8945	2391	4	0.0001 Colloc0 1878 42068 0.133428 249.498
1320	1	16130.2	296501	296489	12.5965	1913	8863	2473	3	0.0001 Colloc0 1913 42072 0.150499 248.907
1330	1	16254.4	296358	296345	13.1995	1878	8918	2418	7	0.0001 Colloc0 1878 42046 0.0899893 293.041
1340	1	16377.1	296902	296890	12.4898	1919	8727	2609	6	0.0001 Colloc0 1919 42033 0.141543 241.308
1350	1	16495	295860	295847	12.2294	1894	9015	2321	5	0.0001 Colloc0 1894 42007 0.147722 223.052
1360	1	16615.7	296480	296467	13.1938	1912	8856	2480	6	0.0001 Colloc0 1912 42022 0.108737 292.619
1370	1	16740.7	296348	296335	12.9575	1900	8886	2450	3	0.0001 Colloc0 1900 41984 0.10964 275.101
1380	1	16863.8	296349	296337	12.5058	1876	8822	2514	4	0.0001 Colloc0 1876 42002 0.143939 242.442
1390	1	16985.4	296000	295987	12.63	1896	8884	2452	5	0.0001 Colloc0 1896 41989 0.133318 251.307
1400	1	17105.3	295944	295931	12.9666	1895	8887	2449	3	0.0001 Colloc0 1895 42026 0.119774 275.767
1410	1	17221	295876	295863	12.5309	1883	8921	2415	4	0.0001 Colloc0 1883 42008 0.136132 244.226
1420	1	17336.6	295752	295739	12.9667	1876	8926	2410	5	0.0001 Colloc0 1876 41972 0.120484 275.778
1430	1	17458.9	295919	295906	12.8606	1883	8839	2497	4	0.0001 Colloc0 1883 41964 0.13614 267.999
1440	1	17583.7	295739	295726	12.5125	1887	8941	2395	4	0.0001 Colloc0 1887 41959 0.150246 242.916
1450	1	17707.1	295816	295803	12.5901	1904	8973	2363	6	0.0001 Colloc0 1904 41962 0.146368 248.445
1460	1	17832.1	295828	295815	13.0015	1887	8887	2449	5	0.0001 Colloc0 1887 41907 0.114875 278.342
1470	1	17951.5	295416	295403	13.5617	1918	9135	2201	5	0.0001 Colloc0 1918 41973 0.0881654 320.426
1480	1	18066.9	295232	295219	12.955	1886	9217	2119	6	0.0001 Colloc0 1886 41922 0.123224 274.914
1490	1	18188.7	295125	295113	12.7803	1899	9224	2112	6	0.0001 Colloc0 1899 41913 0.114958 262.154
1500	1	18312.6	294769	294755	13.4229	1861	9274	2062	4	0.0001 Colloc0 1861 41933 0.103695 309.861
1510	1	18437.3	294998	294985	13.0321	1898	9253	2083	4	0.0001 Colloc0 1898 41897 0.129124 280.603
1520	1	18563.2	294814	294801	12.8506	1905	9072	2264	3	0.0001 Colloc0 1905 41814 0.153827 267.271
1530	1	18687.7	294877	294864	12.9143	1930	9123	2213	6	0.0001 Colloc0 1930 41793 0.128607 271.926
1540	1	18812.9	294959	294946	12.9862	1938	9086	2250	5	0.0001 Colloc0 1938 41823 0.141945 277.21
1550	1	18934.7	294147	294134	13.0276	1889	9231	2105	6	0.0001 Colloc0 1889 41766 0.13132 280.272
1560	1	19049.6	294398	294386	12.4624	1911	9182	2154	7	0.0001 Colloc0 1911 41784 0.143545 239.368
1570	1	19164.9	294433	294421	12.2293	1911	9173	2163	5	0.0001 Colloc0 1911 41789 0.176104 223.049
1580	1	19280.9	294515	294502	12.8321	1888	9080	2256	6	0.0001 Colloc0 1888 41749 0.127946 265.921
1590	1	19402.2	294037	294024	12.7621	1896	9207	2129	5	0.0001 Colloc0 1896 41703 0.13566 260.831
1600	1	19524.9	294472	294459	12.7103	1903	9062	2274	4	0.0001 Colloc0 1903 41734 0.12386 257.085
1610	1	19647.9	294900	294887	12.5042	1925	8984	2352	5	0.0001 Colloc0 1925 41726 0.148746 242.327
1620	1	19773.8	294562	294549	13.051	1932	9031	2305	4	0.0001 Colloc0 1932 41687 0.123388 282.001
1630	1	19897.6	295003	294990	13.0074	1916	8860	2476	6	0.0001 Colloc0 1916 41718 0.10408 278.78
1640	1	20013.7	294134	294122	12.8482	1893	9008	2328	6	0.0001 Colloc0 1893 41679 0.123989 267.092
1650	1	20129.8	294024	294011	12.9767	1910	9046	2290	4	0.0001 Colloc0 1910 41566 0.133465 276.511
1660	1	20249.1	293883	293870	12.8446	1879	8997	2339	6	0.0001 Colloc0 1879 41574 0.124533 266.83
1670	1	20370.3	294008	293995	12.9506	1917	9010	2326	4	0.0001 Colloc0 1917 41515 0.123608 274.594
1680	1	20491.6	294038	294025	12.9269	1923	8989	2347	5	0.0001 Colloc0 1923 41507 0.114362 272.856
1690	1	20614.4	293255	293241	13.3385	1885	9260	2076	4	0.0001 Colloc0 1885 41507 0.0955424 303.477
1700	1	20736.7	293270	293258	12.3352	1958	9291	2045	4	0.0001 Colloc0 1958 41494 0.167452 230.418
1710	1	20858.5	292608	292596	12.3243	1906	9510	1826	4	0.0001 Colloc0 1906 41483 0.150428 229.653
1720	1	20981.8	292907	292895	12.4667	1940	9465	1871	4	0.0001 Colloc0 1940 41481 0.155852 239.669
1730	1	21098.2	292662	292650	12.8927	1909	9501	1835	3	0.0001 Colloc0 1909 41443 0.123263 270.345
1740	1	21219.4	292478	292465	12.9406	1911	9492	1844	6	0.0001 Colloc0 1911 41446 0.125819 273.86
1750	1	21339.5	292386	292373	12.9927	1907	9625	1711	3	0.0001 Colloc0 1907 41426 0.11622 277.696
1760	1	21462	293189	293176	13.1874	1958	9298	2038	4	0.0001 Colloc0 1958 41416 0.122842 292.138
1770	1	21586.4	293538	293526	12.8236	1915	9185	2151	5	0.0001 Colloc0 1915 41486 0.133412 265.301
1780	1	21707.6	293495	293482	13.0555	1948	9170	2166	7	0.0001 Colloc0 1948 41437 0.112523 282.331
1790	1	21830.1	293795	293782	13.5461	1932	9075	2261	5	0.0001 Colloc0 1932 41440 0.0937699 319.23
1800	1	21950.8	293348	293335	12.7462	1939	9101	2235	5	0.0001 Colloc0 1939 41427 0.134592 259.68
1810	1	22071.3	293206	293193	12.9247	1904	9167	2169	5	0.0001 Colloc0 1904 41455 0.129254 272.689
1820	1	22191.5	293309	293296	13.328	1904	9175	2161	3	0.0001 Colloc0 1904 41461 0.0935536 302.688
1830	1	22314.1	293373	293361	12.6239	1922	9189	2147	3	0.0001 Colloc0 1922 41455 0.141794 250.87
1840	1	22434	293712	293699	12.6905	1965	9125	2211	9	0.0001 Colloc0 1965 41416 0.141198 255.656
1850	1	22553	293663	293650	12.4394	1937	9107	2229	5	0.0001 Colloc0 1937 41445 0.159403 237.738
1860	1	22673.5	293441	293429	12.7355	1937	9084	2252	4	0.0001 Colloc0 1937 41427 0.140853 258.908
1870	1	22794.6	293224	293211	12.53	1946	9214	2122	5	0.0001 Colloc0 1946 41431 0.156798 244.16
1880	1	22915.4	293340	293328	12.5337	1943	9137	2199	3	0.0001 Colloc0 1943 41369 0.137373 244.422
1890	1	23035.8	293441	293429	12.5418	1931	9140	2196	6	0.0001 Colloc0 1931 41394 0.148783 245.002
1900	1	23155.6	293370	293357	12.7064	1927	9146	2190	4	0.0001 Colloc0 1927 41407 0.135286 256.804
1910	1	23274.9	293308	293295	12.7196	1944	9111	2225	6	0.0001 Colloc0 1944 41430 0.142166 257.756
1920	1	23396.5	292946	292933	12.8288	1949	9243	2093	4	0.0001 Colloc0 1949 41389 0.148574 265.683
1930	1	23516.2	293598	293585	13.5411	1931	9105	2231	6	0.0001 Colloc0 1931 41431 0.102285 318.848
1940	1	23636.7	293215	293202	12.5387	1930	9131	2205	4	0.0001 Colloc0 1930 41397 0.163978 244.782
1950	1	23757.5	293132	293119	12.6497	1928	9078	2258	3	0.0001 Colloc0 1928 41378 0.160555 252.722
1960	1	23878.1	292986	292973	12.6468	1939	8932	2404	6	0.0001 Colloc0 1939 41391 0.147587 252.515
1970	1	23998.1	292844	292831	13.0167	1933	9040	2296	5	0.0001 Colloc0 1933 41353 0.115963 279.462
1980	1	24117.5	292819	292806	12.8764	1921	9093	2243	6	0.0001 Colloc0 1921 41374 0.135893 269.155
1990	1	24230.6	292456	292443	12.8326	1903	9131	2205	3	0.0001 Colloc0 1903 41372 0.123984 265.96
2000	1	24347.9	292799	292787	12.8694	1924	9077	2259	4	0.0001 Colloc0 1924 41369 0.137327 268.644
