# D = 0, E = 1, I = 1, P = 1, R = -1, n = 2000, N = 1, P = 1, w = 1, a = 0.0001, b = 10000, e = 1, f = 1, g = 100, h = 0.01, r = 21700, s = 1, S = 0, x = 10, m = 100, Z = 1, z = 0, T = 1, t = 1
# 124092 tokens in 11336 sentences
#
# It	Temp	Time	-logP	-logPcorpus	-logPrior	tables	same	changed	reject	default_pya	(parent pym pyn pya pyb)*
0	1	12.918	434945	434831	113.764	10611	0	11336	0	0.0001 Colloc0 10611 54101 0.0001 10000
10	1	169.985	360625	360609	15.9923	2859	3423	7913	8	0.0001 Colloc0 2859 48376 0.0924027 516.262
20	1	301.504	350156	350141	14.7168	2243	3865	7471	9	0.0001 Colloc0 2243 47867 0.0388031 411.233
30	1	430.258	344434	344419	14.7781	1995	4226	7110	8	0.0001 Colloc0 1995 47589 0.00594271 416.173
40	1	556.912	342018	342004	14.0283	2013	4219	7117	4	0.0001 Colloc0 2013 47318 0.0442234 356.516
50	1	683.411	339026	339012	14.5465	1979	4523	6813	5	0.0001 Colloc0 1979 47185 0.00816799 397.553
60	1	808.861	334937	334923	13.8499	1917	4742	6594	4	0.0001 Colloc0 1917 47003 0.0433328 342.616
70	1	932.845	332824	332809	14.4526	1858	4856	6480	5	0.0001 Colloc0 1858 46817 0.000631017 390.044
80	1	1058.3	331766	331752	14.1163	1859	4900	6436	7	0.0001 Colloc0 1859 46700 0.0130876 363.413
90	1	1183.7	330454	330440	14.1121	1852	5083	6253	5	0.0001 Colloc0 1852 46481 0.0165171 363.087
100	1	1308.35	329670	329656	13.7773	1862	5134	6202	5	0.0001 Colloc0 1862 46381 0.0457028 336.993
110	1	1434.1	329144	329130	13.56	1910	5218	6118	5	0.0001 Colloc0 1910 46318 0.0666316 320.294
120	1	1558.5	327493	327479	13.7939	1884	5376	5960	4	0.0001 Colloc0 1884 46134 0.0599602 338.272
130	1	1683.39	325871	325858	13.3534	1888	5515	5821	2	0.0001 Colloc0 1888 45992 0.0645533 304.602
140	1	1806.88	324210	324197	13.0265	1905	5824	5512	3	0.0001 Colloc0 1905 45869 0.0849009 280.183
150	1	1931.73	323964	323951	13.8582	1862	5795	5541	2	0.0001 Colloc0 1862 45840 0.0444448 343.254
160	1	2053.52	321893	321880	13.089	1857	6205	5131	2	0.0001 Colloc0 1857 45628 0.0864621 284.818
170	1	2176.66	319368	319355	12.8706	1870	6543	4793	3	0.0001 Colloc0 1870 45382 0.10881 268.73
180	1	2301.29	318319	318306	13.0547	1902	6629	4707	3	0.0001 Colloc0 1902 45230 0.111159 282.271
190	1	2422.99	317984	317971	13.2149	1884	6681	4655	5	0.0001 Colloc0 1884 45253 0.105395 294.199
200	1	2546.93	315727	315714	12.9499	1865	6830	4506	4	0.0001 Colloc0 1865 44979 0.102359 274.541
210	1	2668.27	315347	315335	12.4839	1900	6973	4363	4	0.0001 Colloc0 1900 45002 0.153099 240.888
220	1	2791.34	315425	315411	13.1421	1878	6864	4472	1	0.0001 Colloc0 1878 44974 0.0961379 288.761
230	1	2912.56	314587	314574	13.3905	1836	6961	4375	3	0.0001 Colloc0 1836 44926 0.0889342 307.408
240	1	3037.41	314310	314297	13.1157	1871	6926	4410	4	0.0001 Colloc0 1871 44859 0.094572 286.801
250	1	3162.46	313626	313613	13.0102	1857	6768	4568	2	0.0001 Colloc0 1857 44695 0.102027 278.984
260	1	3284.65	313172	313159	12.8412	1831	6767	4569	5	0.0001 Colloc0 1831 44648 0.108739 266.585
270	1	3404.18	312854	312840	13.39	1833	6747	4589	5	0.0001 Colloc0 1833 44623 0.0716879 307.37
280	1	3528.55	312651	312638	13.1342	1880	6857	4479	5	0.0001 Colloc0 1880 44571 0.0954815 288.174
290	1	3651.49	311286	311273	13.1044	1862	7061	4275	7	0.0001 Colloc0 1862 44435 0.0957428 285.956
300	1	3775.49	310798	310784	13.5561	1823	7104	4232	5	0.0001 Colloc0 1823 44376 0.062713 319.991
310	1	3898.54	310984	310971	13.1699	1879	7087	4249	5	0.0001 Colloc0 1879 44405 0.0861237 290.832
320	1	4022.22	310716	310703	13.2349	1850	7042	4294	5	0.0001 Colloc0 1850 44358 0.0866099 295.695
330	1	4146.35	310687	310673	13.2965	1897	7076	4260	4	0.0001 Colloc0 1897 44291 0.087145 300.319
340	1	4268.49	309354	309341	12.9993	1880	7200	4136	5	0.0001 Colloc0 1880 44169 0.104043 278.181
350	1	4392.89	309162	309149	12.4971	1879	7318	4018	6	0.0001 Colloc0 1879 44164 0.133052 241.824
360	1	4516.01	307636	307624	12.55	1884	7369	3967	9	0.0001 Colloc0 1884 43942 0.12083 245.587
370	1	4640.95	307414	307400	13.2401	1904	7330	4006	6	0.0001 Colloc0 1904 43903 0.115622 296.085
380	1	4765.31	307505	307492	12.6021	1905	7277	4059	5	0.0001 Colloc0 1905 43878 0.140548 249.307
390	1	4889	307113	307100	12.9231	1857	7459	3877	6	0.0001 Colloc0 1857 43846 0.114324 272.575
400	1	5013.97	307010	306998	12.8614	1889	7255	4081	5	0.0001 Colloc0 1889 43784 0.116726 268.054
410	1	5137.67	306172	306159	12.7642	1907	7512	3824	5	0.0001 Colloc0 1907 43712 0.140507 260.982
420	1	5261.5	306047	306034	13.1519	1852	7456	3880	7	0.0001 Colloc0 1852 43720 0.0915429 289.492
430	1	5384.66	305243	305231	12.8793	1837	7538	3798	6	0.0001 Colloc0 1837 43560 0.101737 269.366
440	1	5506.67	305215	305202	13.0528	1884	7649	3687	5	0.0001 Colloc0 1884 43524 0.120613 282.13
450	1	5623.98	304170	304157	12.9742	1861	7937	3399	4	0.0001 Colloc0 1861 43507 0.100632 276.332
460	1	5743.65	304705	304692	12.7096	1899	7863	3473	3	0.0001 Colloc0 1899 43455 0.124383 257.035
470	1	5867.38	303642	303628	13.3039	1893	7900	3436	5	0.0001 Colloc0 1893 43212 0.105932 300.876
480	1	5991.62	303534	303521	13.0145	1880	7897	3439	7	0.0001 Colloc0 1880 43284 0.121019 279.301
490	1	6115.6	303622	303608	13.505	1878	7773	3563	3	0.0001 Colloc0 1878 43213 0.0741531 316.1
500	1	6239.95	303409	303395	13.3174	1919	7903	3433	6	0.0001 Colloc0 1919 43125 0.0954397 301.891
510	1	6363.98	302761	302749	12.602	1911	8006	3330	4	0.0001 Colloc0 1911 43120 0.134751 249.296
520	1	6489.34	303080	303067	13.2629	1913	7864	3472	6	0.0001 Colloc0 1913 43184 0.0897547 297.791
530	1	6613.6	302958	302946	12.645	1912	7856	3480	3	0.0001 Colloc0 1912 43113 0.125006 252.385
540	1	6737.68	302733	302720	12.8458	1919	7893	3443	5	0.0001 Colloc0 1919 43069 0.136009 266.918
550	1	6861.31	302020	302007	12.5483	1892	7992	3344	5	0.0001 Colloc0 1892 43073 0.153336 245.466
560	1	6978.64	301792	301780	12.7814	1893	8128	3208	5	0.0001 Colloc0 1893 43066 0.121695 262.235
570	1	7095.82	302258	302245	12.6557	1911	7897	3439	7	0.0001 Colloc0 1911 43007 0.137539 253.151
580	1	7214.83	302555	302542	13.1147	1921	7816	3520	3	0.0001 Colloc0 1921 43005 0.117718 286.723
590	1	7337.79	303202	303189	13.412	1920	7777	3559	6	0.0001 Colloc0 1920 43038 0.092524 309.038
600	1	7460.72	302756	302744	12.6034	1943	7798	3538	6	0.0001 Colloc0 1943 42997 0.141908 249.403
610	1	7584.25	302490	302477	13.2187	1921	7868	3468	5	0.0001 Colloc0 1921 42976 0.120371 294.48
620	1	7707.66	302157	302144	13.124	1864	7884	3452	6	0.0001 Colloc0 1864 42982 0.101464 287.418
630	1	7831.07	302047	302034	12.9996	1904	7951	3385	4	0.0001 Colloc0 1904 42930 0.129031 278.198
640	1	7952.85	302104	302091	12.6207	1906	7912	3424	4	0.0001 Colloc0 1906 42944 0.127409 250.641
650	1	8076.43	302543	302529	13.6009	1900	7733	3603	4	0.0001 Colloc0 1900 42914 0.0726119 323.424
660	1	8199.63	302647	302634	12.8767	1926	7661	3675	5	0.0001 Colloc0 1926 42883 0.124534 269.174
670	1	8324.41	302302	302289	12.8758	1927	7929	3407	6	0.0001 Colloc0 1927 42880 0.125382 269.108
680	1	8446.7	301683	301671	12.7634	1894	8079	3257	5	0.0001 Colloc0 1894 42875 0.124615 260.927
690	1	8569.82	301607	301594	12.892	1955	8175	3161	4	0.0001 Colloc0 1955 42809 0.114064 270.292
700	1	8694.26	301358	301345	12.7322	1915	8117	3219	5	0.0001 Colloc0 1915 42813 0.126921 258.668
710	1	8815.25	301255	301242	13.2018	1902	8090	3246	4	0.0001 Colloc0 1902 42820 0.122424 293.219
720	1	8932.06	300978	300965	13.05	1927	8173	3163	5	0.0001 Colloc0 1927 42799 0.112027 281.928
730	1	9049.53	301070	301057	12.7144	1917	8022	3314	6	0.0001 Colloc0 1917 42801 0.139922 257.384
740	1	9169.11	301084	301072	12.7672	1924	8139	3197	7	0.0001 Colloc0 1924 42756 0.143396 261.2
750	1	9294.05	301048	301035	13.0972	1917	8164	3172	4	0.0001 Colloc0 1917 42779 0.124941 285.423
760	1	9418.3	300894	300881	12.7261	1931	8119	3217	5	0.0001 Colloc0 1931 42750 0.136772 258.228
770	1	9541.81	301375	301362	13.215	1943	8124	3212	7	0.0001 Colloc0 1943 42793 0.117769 294.203
780	1	9666.19	301273	301260	12.5841	1963	8096	3240	6	0.0001 Colloc0 1963 42734 0.130515 248.018
790	1	9789.23	300723	300710	13.2284	1928	8204	3132	4	0.0001 Colloc0 1928 42743 0.102615 295.209
800	1	9912.9	300561	300548	13.0618	1941	8172	3164	6	0.0001 Colloc0 1941 42715 0.122161 282.801
810	1	10035.6	299923	299910	12.8838	1905	8494	2842	6	0.0001 Colloc0 1905 42719 0.129751 269.692
820	1	10158.3	299674	299661	12.9231	1921	8575	2761	6	0.0001 Colloc0 1921 42717 0.116154 272.577
830	1	10281.7	300003	299989	13.4458	1922	8500	2836	6	0.0001 Colloc0 1922 42638 0.101334 311.599
840	1	10405.7	299599	299585	13.1846	1933	8662	2674	7	0.0001 Colloc0 1933 42697 0.115303 291.929
850	1	10530.2	299344	299331	12.9537	1928	8635	2701	5	0.0001 Colloc0 1928 42661 0.124465 274.818
860	1	10652.3	299129	299116	12.9353	1916	8640	2696	4	0.0001 Colloc0 1916 42646 0.126636 273.466
870	1	10767.8	300033	300020	13.0522	1908	8335	3001	10	0.0001 Colloc0 1908 42672 0.118373 282.086
880	1	10890	300349	300336	13.0024	1920	8189	3147	7	0.0001 Colloc0 1920 42653 0.124182 278.409
890	1	11008.1	300448	300436	12.6899	1926	8133	3203	5	0.0001 Colloc0 1926 42603 0.139149 255.611
900	1	11130.1	300754	300741	12.9658	1967	8025	3311	5	0.0001 Colloc0 1967 42601 0.136979 275.711
910	1	11253.4	300587	300574	13.2707	1945	7969	3367	4	0.0001 Colloc0 1945 42576 0.10379 298.382
920	1	11377.3	300511	300498	13.1546	1951	7948	3388	6	0.0001 Colloc0 1951 42555 0.124361 289.691
930	1	11499.3	300732	300719	12.7204	1960	7909	3427	7	0.0001 Colloc0 1960 42559 0.132666 257.815
940	1	11620.8	300492	300479	12.9499	1945	7942	3394	5	0.0001 Colloc0 1945 42487 0.128807 274.54
950	1	11743.9	299846	299833	12.9676	1902	8022	3314	6	0.0001 Colloc0 1902 42471 0.110976 275.84
960	1	11866.4	299809	299796	12.6354	1911	8026	3310	7	0.0001 Colloc0 1911 42446 0.136867 251.692
970	1	11989.3	299872	299859	12.8078	1931	7997	3339	7	0.0001 Colloc0 1931 42442 0.13601 264.152
980	1	12112	299139	299126	12.9448	1946	7956	3380	8	0.0001 Colloc0 1946 42362 0.138696 274.163
990	1	12234.1	299478	299466	12.7301	1950	7837	3499	7	0.0001 Colloc0 1950 42404 0.137392 258.519
1000	1	12357.2	299042	299028	13.34	1953	7912	3424	7	0.0001 Colloc0 1953 42299 0.112107 303.593
1010	1	12478.5	298802	298790	12.391	1950	7809	3527	6	0.0001 Colloc0 1950 42252 0.153671 234.33
1020	1	12593.5	298945	298933	12.2105	1964	7754	3582	10	0.0001 Colloc0 1964 42238 0.176411 221.743
1030	1	12710.8	298996	298984	12.4816	1923	7804	3532	8	0.0001 Colloc0 1923 42227 0.159189 240.723
1040	1	12827.4	298908	298896	12.7478	1924	7943	3393	6	0.0001 Colloc0 1924 42222 0.136313 259.794
1050	1	12950.5	298706	298693	13.0821	1930	7892	3444	6	0.0001 Colloc0 1930 42243 0.138439 284.3
1060	1	13072.4	298761	298748	12.8106	1924	7929	3407	5	0.0001 Colloc0 1924 42174 0.125697 264.355
1070	1	13194.1	299171	299159	12.4771	1946	7838	3498	7	0.0001 Colloc0 1946 42176 0.133584 240.404
1080	1	13314.8	298758	298745	13.0816	1944	7921	3415	6	0.0001 Colloc0 1944 42236 0.118825 284.267
1090	1	13432.9	298484	298471	12.59	1941	8055	3281	6	0.0001 Colloc0 1941 42152 0.147712 248.438
1100	1	13553.1	298840	298827	12.7947	1965	7891	3445	7	0.0001 Colloc0 1965 42131 0.144798 263.196
1110	1	13677	298427	298415	12.6614	1936	8026	3310	6	0.0001 Colloc0 1936 42113 0.128041 253.561
1120	1	13800.1	298520	298507	12.7842	1945	7950	3386	6	0.0001 Colloc0 1945 42151 0.137113 262.436
1130	1	13917.3	298671	298658	12.5639	1948	7950	3386	8	0.0001 Colloc0 1948 42108 0.143281 246.577
1140	1	14041.1	298329	298316	13.3308	1954	7972	3364	9	0.0001 Colloc0 1954 42069 0.0998275 302.901
1150	1	14165.6	298210	298197	12.856	1944	8040	3296	7	0.0001 Colloc0 1944 42087 0.133148 267.661
1160	1	14289.6	298664	298651	13.0619	1964	8005	3331	9	0.0001 Colloc0 1964 42083 0.127436 282.802
1170	1	14409.5	298952	298939	13.303	1933	7874	3462	8	0.0001 Colloc0 1933 42109 0.107373 300.809
1180	1	14533.1	298449	298436	13.0645	1926	7960	3376	6	0.0001 Colloc0 1926 42075 0.126286 282.997
1190	1	14652	297823	297809	13.3402	1901	8151	3185	8	0.0001 Colloc0 1901 42092 0.0831998 303.608
1200	1	14768.2	297886	297873	12.8859	1965	8068	3268	7	0.0001 Colloc0 1965 42028 0.147565 269.85
1210	1	14892.1	297607	297594	13.0709	1940	8173	3163	8	0.0001 Colloc0 1940 42035 0.128951 283.476
1220	1	15015.3	297854	297841	13.4499	1907	7985	3351	6	0.0001 Colloc0 1907 42052 0.104937 311.906
1230	1	15138.5	297531	297518	12.9328	1948	8139	3197	8	0.0001 Colloc0 1948 42025 0.128219 273.284
1240	1	15262.1	297581	297568	13.0581	1934	8169	3167	6	0.0001 Colloc0 1934 42046 0.126601 282.523
1250	1	15386.8	297754	297741	13.091	1956	8146	3190	6	0.0001 Colloc0 1956 42043 0.104675 284.966
1260	1	15510.3	297483	297470	12.976	1959	8191	3145	7	0.0001 Colloc0 1959 42053 0.125481 276.461
1270	1	15634.2	297145	297132	12.8301	1980	8291	3045	6	0.0001 Colloc0 1980 42047 0.132125 265.775
1280	1	15755.5	297389	297376	12.7229	1956	8175	3161	8	0.0001 Colloc0 1956 42037 0.13608 257.999
1290	1	15879.4	297068	297055	13.0417	1941	8192	3144	6	0.0001 Colloc0 1941 42073 0.131289 281.312
1300	1	16000.6	297539	297526	12.8379	1968	8208	3128	5	0.0001 Colloc0 1968 42089 0.128236 266.341
1310	1	16117.2	297494	297482	12.7407	1918	8162	3174	9	0.0001 Colloc0 1918 42051 0.131443 259.281
1320	1	16233	297779	297766	12.8599	1969	8167	3169	6	0.0001 Colloc0 1969 42037 0.137716 267.95
1330	1	16356.3	297613	297600	12.5585	1922	8091	3245	7	0.0001 Colloc0 1922 42065 0.145976 246.195
1340	1	16479.4	297088	297075	13.273	1945	8188	3148	6	0.0001 Colloc0 1945 41992 0.104742 298.551
1350	1	16600.5	297268	297255	12.6825	1939	8296	3040	7	0.0001 Colloc0 1939 42031 0.13325 255.08
1360	1	16720.5	296983	296970	13.0041	1903	8258	3078	6	0.0001 Colloc0 1903 42009 0.117631 278.53
1370	1	16843.8	297194	297182	12.8372	1921	8196	3140	6	0.0001 Colloc0 1921 41992 0.131604 266.293
1380	1	16966.5	296405	296393	12.9747	1938	8324	3012	6	0.0001 Colloc0 1938 41862 0.124633 276.369
1390	1	17090.1	295483	295470	13.1207	1923	8524	2812	9	0.0001 Colloc0 1923 41797 0.126341 287.171
1400	1	17213	295620	295607	12.8989	1913	8571	2765	6	0.0001 Colloc0 1913 41810 0.124336 270.799
1410	1	17335.7	295390	295377	12.8058	1898	8637	2699	7	0.0001 Colloc0 1898 41802 0.126946 264.007
1420	1	17459.9	295616	295603	13.0756	1925	8579	2757	7	0.0001 Colloc0 1925 41806 0.11189 283.823
1430	1	17583	295606	295593	13.0909	1931	8683	2653	8	0.0001 Colloc0 1931 41751 0.122394 284.956
1440	1	17705.5	295742	295729	12.9599	1925	8588	2748	6	0.0001 Colloc0 1925 41770 0.135958 275.276
1450	1	17828.8	295726	295713	13.1792	1908	8652	2684	8	0.0001 Colloc0 1908 41774 0.104407 291.525
1460	1	17952.7	294967	294954	12.7897	1962	8983	2353	6	0.0001 Colloc0 1962 41705 0.141565 262.835
1470	1	18076.1	295770	295757	13.2857	1946	8661	2675	9	0.0001 Colloc0 1946 41712 0.109868 299.503
1480	1	18198.4	296130	296118	12.5119	1962	8458	2878	8	0.0001 Colloc0 1962 41694 0.153379 242.873
1490	1	18319.6	295799	295787	12.8377	1939	8511	2825	6	0.0001 Colloc0 1939 41701 0.123792 266.327
1500	1	18444	296161	296148	12.7275	1933	8339	2997	7	0.0001 Colloc0 1933 41727 0.136505 258.327
1510	1	18567.1	296695	296682	13.0991	1954	8116	3220	8	0.0001 Colloc0 1954 41723 0.118885 285.563
1520	1	18691.4	296252	296240	12.4896	1936	8105	3231	6	0.0001 Colloc0 1936 41698 0.148129 241.294
1530	1	18815.1	296934	296921	12.9807	1956	7936	3400	7	0.0001 Colloc0 1956 41687 0.124961 276.811
1540	1	18938.2	297038	297026	12.6888	1981	7898	3438	6	0.0001 Colloc0 1981 41656 0.143003 255.532
1550	1	19063.5	296479	296466	12.9338	1960	8057	3279	9	0.0001 Colloc0 1960 41682 0.135928 273.358
1560	1	19187.1	296194	296182	12.7235	1979	8238	3098	7	0.0001 Colloc0 1979 41644 0.147592 258.04
1570	1	19309.6	296207	296194	12.5492	1981	8244	3092	8	0.0001 Colloc0 1981 41682 0.157579 245.528
1580	1	19432.4	296747	296734	13.2636	1967	8047	3289	6	0.0001 Colloc0 1967 41655 0.124997 297.846
1590	1	19557.3	296305	296292	13.2411	1929	8124	3212	9	0.0001 Colloc0 1929 41705 0.111025 296.159
1600	1	19679.3	296297	296284	12.9645	1955	8143	3193	7	0.0001 Colloc0 1955 41619 0.127872 275.616
1610	1	19802.9	296527	296514	12.8208	1997	8134	3202	7	0.0001 Colloc0 1997 41680 0.128306 265.098
1620	1	19926.9	296784	296771	12.7821	1977	8076	3260	6	0.0001 Colloc0 1977 41654 0.155692 262.286
1630	1	20049.6	296253	296241	12.6342	1958	8147	3189	7	0.0001 Colloc0 1958 41632 0.142649 251.607
1640	1	20172.3	296022	296009	13.2824	1973	8218	3118	7	0.0001 Colloc0 1973 41640 0.121753 299.256
1650	1	20296.9	296474	296461	12.8234	1967	8110	3226	7	0.0001 Colloc0 1967 41655 0.137895 265.29
1660	1	20420.1	295391	295378	12.9154	1950	8502	2834	6	0.0001 Colloc0 1950 41624 0.1509 272.012
1670	1	20542.3	296094	296081	12.9423	1956	8407	2929	4	0.0001 Colloc0 1956 41626 0.111608 273.984
1680	1	20667.2	295916	295903	13.0524	1959	8392	2944	6	0.0001 Colloc0 1959 41585 0.127199 282.104
1690	1	20790.2	296324	296311	12.6443	1962	8172	3164	6	0.0001 Colloc0 1962 41527 0.130522 252.33
1700	1	20909.3	296043	296030	12.7793	1953	8130	3206	9	0.0001 Colloc0 1953 41507 0.140344 262.081
1710	1	21024.3	296097	296084	13.2155	1939	8053	3283	5	0.0001 Colloc0 1939 41529 0.115917 294.245
1720	1	21146.9	295993	295980	12.7695	1930	8116	3220	5	0.0001 Colloc0 1930 41525 0.123368 261.372
1730	1	21267	295709	295696	12.9347	1920	8129	3207	8	0.0001 Colloc0 1920 41571 0.140765 273.429
1740	1	21389.7	296209	296196	12.9317	1937	8064	3272	6	0.0001 Colloc0 1937 41546 0.131671 273.209
1750	1	21511.7	296713	296700	13.1526	1952	7880	3456	5	0.0001 Colloc0 1952 41540 0.112853 289.543
1760	1	21633.6	296010	295997	13.0265	1930	7971	3365	4	0.0001 Colloc0 1930 41539 0.116181 280.186
1770	1	21755	295523	295510	12.8001	1941	8144	3192	5	0.0001 Colloc0 1941 41497 0.145479 263.588
1780	1	21875.5	295540	295527	12.9616	1920	8135	3201	4	0.0001 Colloc0 1920 41427 0.134409 275.399
1790	1	21995.1	296182	296169	13.1673	1912	8013	3323	5	0.0001 Colloc0 1912 41531 0.119644 290.643
1800	1	22111.9	295710	295697	13.5291	1915	8056	3280	7	0.0001 Colloc0 1915 41444 0.0952962 317.934
1810	1	22231.6	295579	295567	12.5592	1939	8109	3227	4	0.0001 Colloc0 1939 41367 0.147165 246.238
1820	1	22352	295596	295583	13.3007	1942	8097	3239	5	0.0001 Colloc0 1942 41415 0.106248 300.636
1830	1	22472.9	295751	295738	12.76	1962	8048	3288	6	0.0001 Colloc0 1962 41375 0.145138 260.679
1840	1	22588.9	295725	295711	13.4939	1947	8016	3320	5	0.0001 Colloc0 1947 41368 0.102086 315.251
1850	1	22706.5	295622	295609	12.9348	1953	8043	3293	6	0.0001 Colloc0 1953 41396 0.130677 273.429
1860	1	22826.8	294845	294832	13.1203	1950	8131	3205	4	0.0001 Colloc0 1950 41370 0.123805 287.138
1870	1	22944.6	294585	294572	12.8876	1925	8340	2996	3	0.0001 Colloc0 1925 41353 0.127448 269.97
1880	1	23065.3	294478	294465	12.8673	1948	8303	3033	5	0.0001 Colloc0 1948 41302 0.12909 268.492
1890	1	23184.1	294359	294347	12.4679	1946	8427	2909	7	0.0001 Colloc0 1946 41306 0.140862 239.758
1900	1	23303.1	294799	294786	12.7507	1957	8268	3068	6	0.0001 Colloc0 1957 41324 0.1348 260.007
1910	1	23422	295209	295197	12.9577	1967	8089	3247	5	0.0001 Colloc0 1967 41380 0.130279 275.113
1920	1	23542.6	294777	294764	12.8991	1937	8197	3139	6	0.0001 Colloc0 1937 41310 0.135027 270.818
1930	1	23662.3	294896	294883	12.6688	1931	8123	3213	3	0.0001 Colloc0 1931 41360 0.136358 254.094
1940	1	23781.7	295034	295021	12.9687	1934	8183	3153	6	0.0001 Colloc0 1934 41361 0.12298 275.928
1950	1	23902	294470	294457	12.6888	1926	8367	2969	7	0.0001 Colloc0 1926 41357 0.138133 255.537
1960	1	24019.2	293842	293830	12.4878	1938	8508	2828	3	0.0001 Colloc0 1938 41337 0.141283 241.161
1970	1	24138.8	294063	294051	12.6668	1950	8564	2772	4	0.0001 Colloc0 1950 41316 0.149622 253.951
1980	1	24258.9	294339	294326	13.0087	1962	8417	2919	5	0.0001 Colloc0 1962 41321 0.125303 278.872
1990	1	24378.5	294291	294278	12.7361	1927	8415	2921	5	0.0001 Colloc0 1927 41320 0.122178 258.952
2000	1	24498.3	294124	294111	12.9095	1935	8516	2820	5	0.0001 Colloc0 1935 41328 0.132684 271.577
