# D = 0, E = 1, I = 1, P = 1, R = -1, n = 2000, N = 1, P = 1, w = 1, a = 0.0001, b = 10000, e = 1, f = 1, g = 100, h = 0.01, r = 15006, s = 1, S = 0, x = 10, m = 100, Z = 1, z = 0, T = 1, t = 1
# 10492 tokens in 824 sentences
#
# It	Temp	Time	-logP	-logPcorpus	-logPrior	tables	same	changed	reject	default_pya	(parent pym pyn pya pyb)*
0	1	0.871867	38330.4	38216.6	113.764	1924	0	824	0	0.0001 Colloc0 1924 3427 0.0001 10000
10	1	13.065	30279.6	30267.2	12.378	705	376	448	3	0.0001 Colloc0 705 3942 0.0303301 233.415
20	1	24.1973	29881.9	29869.8	12.1079	668	413	411	1	0.0001 Colloc0 668 3943 0.0305916 214.691
30	1	35.3166	29518.1	29506.6	11.5573	677	453	371	1	0.0001 Colloc0 677 3932 0.103739 178.115
40	1	46.4299	29481	29469.2	11.8073	628	456	368	2	0.0001 Colloc0 628 3950 0.0672929 194.433
50	1	56.9783	29303.9	29292.4	11.4191	632	475	349	1	0.0001 Colloc0 632 3942 0.0981802 169.315
60	1	67.5547	29176.8	29165.6	11.2119	608	498	326	2	0.0001 Colloc0 608 3927 0.11512 156.431
70	1	78.791	29304.9	29293.7	11.2598	646	463	361	1	0.0001 Colloc0 646 3939 0.120607 159.372
80	1	90.4153	29255.4	29243.9	11.416	636	448	376	2	0.0001 Colloc0 636 3945 0.101012 169.116
90	1	101.904	29234.1	29222.3	11.8095	616	447	377	3	0.0001 Colloc0 616 3942 0.018184 194.584
100	1	113.055	29113.7	29101.6	12.1413	640	483	341	2	0.0001 Colloc0 640 3904 0.0103822 216.979
110	1	124.493	29033.5	29021.6	11.8719	614	480	344	2	0.0001 Colloc0 614 3907 0.0563708 198.735
120	1	135.89	29078.9	29067	11.941	606	465	359	6	0.0001 Colloc0 606 3931 0.0110241 203.364
130	1	147.16	29067.6	29056	11.6102	609	486	338	2	0.0001 Colloc0 609 3930 0.0634935 181.529
140	1	158.472	29158	29146.4	11.5969	623	485	339	2	0.0001 Colloc0 623 3942 0.0655442 180.67
150	1	169.686	28958.9	28947.5	11.3645	627	473	351	1	0.0001 Colloc0 627 3901 0.0957467 165.879
160	1	180.893	28894	28882	11.9893	616	509	315	2	0.0001 Colloc0 616 3903 0.0229141 206.62
170	1	192.207	28996.2	28984.7	11.5294	624	504	320	2	0.0001 Colloc0 624 3887 0.125393 176.323
180	1	203.659	28860.7	28849.3	11.3886	608	526	298	1	0.0001 Colloc0 608 3893 0.100594 167.391
190	1	215.072	29024.7	29012.9	11.7371	650	482	342	2	0.0001 Colloc0 650 3889 0.10402 189.801
200	1	225.99	28860.1	28848.2	11.8332	631	511	313	2	0.0001 Colloc0 631 3880 0.0717827 196.156
210	1	237.269	28935.9	28925	10.9121	644	494	330	6	0.0001 Colloc0 644 3892 0.189683 138.5
220	1	248.464	28986.6	28975.2	11.3496	611	486	338	0	0.0001 Colloc0 611 3909 0.10075 164.951
230	1	259.003	29031.1	29020.3	10.8003	633	483	341	1	0.0001 Colloc0 633 3906 0.158169 132.045
240	1	269.61	28948.8	28937.5	11.2558	626	501	323	3	0.0001 Colloc0 626 3914 0.112684 159.127
250	1	280.165	28911.4	28900.2	11.1922	583	498	326	2	0.0001 Colloc0 583 3917 0.06911 155.227
260	1	291.452	28927	28915.7	11.3475	616	492	332	2	0.0001 Colloc0 616 3899 0.0895218 164.816
270	1	302.623	29032.1	29020.4	11.778	622	474	350	2	0.0001 Colloc0 622 3921 0.0350411 192.5
280	1	313.905	28875.3	28864.4	10.8634	624	511	313	2	0.0001 Colloc0 624 3905 0.143378 135.675
290	1	325.164	28893.8	28882.2	11.5767	626	481	343	3	0.0001 Colloc0 626 3898 0.10607 179.365
300	1	336.466	28949.7	28937.9	11.8282	618	480	344	1	0.0001 Colloc0 618 3906 0.018098 195.821
310	1	347.733	29002	28990.9	11.1314	622	450	374	1	0.0001 Colloc0 622 3921 0.129953 151.528
320	1	358.968	28713.8	28702.8	11.043	597	515	309	2	0.0001 Colloc0 597 3901 0.094242 146.221
330	1	370.063	29001.5	28990.3	11.1544	605	468	356	0	0.0001 Colloc0 605 3938 0.0675304 152.925
340	1	380.668	28961.5	28949.9	11.6477	618	471	353	6	0.0001 Colloc0 618 3931 0.0693083 183.961
350	1	391.461	28917.8	28906	11.7263	604	495	329	6	0.0001 Colloc0 604 3934 0.00709385 189.095
360	1	402.196	28763	28751	11.9669	615	498	326	3	0.0001 Colloc0 615 3906 0.0233717 205.105
370	1	413.619	28819.7	28808.5	11.1536	605	504	320	2	0.0001 Colloc0 605 3911 0.0954506 152.873
380	1	424.935	28854.9	28844.1	10.7568	630	501	323	2	0.0001 Colloc0 630 3904 0.188458 129.57
390	1	436.167	28805.9	28794.6	11.3038	605	479	345	4	0.0001 Colloc0 605 3908 0.0770796 162.094
400	1	446.789	28787.3	28776.1	11.2545	604	488	336	1	0.0001 Colloc0 604 3911 0.0574343 159.049
410	1	457.483	28909.9	28898.3	11.6201	616	482	342	2	0.0001 Colloc0 616 3900 0.0131565 182.17
420	1	468.464	28780.2	28768.3	11.8707	608	486	338	2	0.0001 Colloc0 608 3893 0.0280222 198.651
430	1	479.577	28938.1	28926.3	11.852	644	476	348	2	0.0001 Colloc0 644 3901 0.0618628 197.408
440	1	490.879	28821.8	28810.2	11.5246	618	501	323	1	0.0001 Colloc0 618 3912 0.0509694 176.015
450	1	502.203	28861.7	28850.5	11.2553	639	484	340	2	0.0001 Colloc0 639 3888 0.120203 159.097
460	1	513.414	28875	28863.7	11.2916	617	498	326	4	0.0001 Colloc0 617 3881 0.088442 161.341
470	1	524.43	28831.6	28820.6	10.984	617	518	306	2	0.0001 Colloc0 617 3899 0.145915 142.718
480	1	535.082	28798	28786.6	11.3396	633	500	324	0	0.0001 Colloc0 633 3900 0.128176 164.325
490	1	545.938	28819.1	28807.3	11.8139	627	482	342	2	0.0001 Colloc0 627 3906 0.0521341 194.872
500	1	557.342	28673	28661.6	11.3791	618	505	319	0	0.0001 Colloc0 618 3889 0.0654312 166.793
510	1	568.401	28756.8	28745.7	11.1002	631	499	325	2	0.0001 Colloc0 631 3883 0.137966 149.65
520	1	579.674	28646.5	28635	11.4848	612	499	325	2	0.0001 Colloc0 612 3882 0.111287 173.478
530	1	590.903	28721.2	28710.3	10.9331	608	474	350	1	0.0001 Colloc0 608 3883 0.115569 139.727
540	1	602.209	28630.1	28619	11.0477	607	494	330	1	0.0001 Colloc0 607 3857 0.121837 146.502
550	1	613.202	28762.1	28751.1	10.949	619	474	350	1	0.0001 Colloc0 619 3872 0.142432 140.657
560	1	623.758	28759	28748.2	10.7589	623	482	342	3	0.0001 Colloc0 623 3880 0.183558 129.687
570	1	635.01	28709.6	28697.9	11.6879	612	496	328	1	0.0001 Colloc0 612 3890 0.046357 186.577
580	1	646.152	28613.7	28602.6	11.0689	601	505	319	2	0.0001 Colloc0 601 3877 0.122705 147.766
590	1	657.293	28705.2	28693.9	11.327	603	508	316	1	0.0001 Colloc0 603 3901 0.0853183 163.539
600	1	668.602	28848.3	28836.4	11.9415	628	468	356	2	0.0001 Colloc0 628 3891 0.0244083 203.395
610	1	679.338	28817.8	28806	11.8383	619	471	353	1	0.0001 Colloc0 619 3893 0.0275861 196.492
620	1	690.649	28677.1	28666	11.0809	606	486	338	2	0.0001 Colloc0 606 3869 0.12807 148.489
630	1	701.768	28695.6	28684.1	11.487	594	495	329	1	0.0001 Colloc0 594 3869 0.0236578 173.617
640	1	712.936	28659.5	28647.9	11.5957	607	506	318	0	0.0001 Colloc0 607 3885 0.036103 180.589
650	1	724.1	28686.5	28675.3	11.1963	592	506	318	1	0.0001 Colloc0 592 3895 0.069891 155.477
660	1	735.491	28609.4	28598.5	10.9149	603	503	321	3	0.0001 Colloc0 603 3877 0.132775 138.662
670	1	746.773	28793.9	28782.4	11.4796	610	490	334	1	0.0001 Colloc0 610 3882 0.0891939 173.148
680	1	757.774	28563	28551.8	11.2721	600	521	303	1	0.0001 Colloc0 600 3876 0.092465 160.131
690	1	768.481	28655.5	28643.7	11.7726	626	496	328	2	0.0001 Colloc0 626 3839 0.0364601 192.139
700	1	779.124	28654.6	28643.1	11.4168	613	482	342	0	0.0001 Colloc0 613 3872 0.121497 169.166
710	1	789.997	28750.1	28738.6	11.4813	639	475	349	1	0.0001 Colloc0 639 3863 0.135931 173.258
720	1	801.32	28706.5	28695	11.5603	612	502	322	1	0.0001 Colloc0 612 3861 0.0684405 178.308
730	1	812.636	28613.9	28603.3	10.6818	621	519	305	2	0.0001 Colloc0 621 3847 0.186565 125.348
740	1	823.734	28603.8	28592.1	11.7375	620	511	313	1	0.0001 Colloc0 620 3840 0.040277 189.828
750	1	834.221	28647.1	28635.8	11.3316	600	522	302	2	0.0001 Colloc0 600 3892 0.0613114 163.822
760	1	845.528	28511.5	28499.9	11.5271	594	534	290	1	0.0001 Colloc0 594 3850 0.057045 176.181
770	1	856.801	28551.2	28540.1	11.078	594	517	307	0	0.0001 Colloc0 594 3867 0.11927 148.311
780	1	868.056	28627.5	28616.3	11.2114	606	514	310	3	0.0001 Colloc0 606 3881 0.112868 156.401
790	1	879.448	28711.1	28700.1	10.9699	616	496	328	4	0.0001 Colloc0 616 3890 0.134855 141.889
800	1	890.222	28707.7	28696.4	11.251	621	484	340	3	0.0001 Colloc0 621 3863 0.0923157 158.828
810	1	900.831	28731.9	28720	11.8982	598	476	348	1	0.0001 Colloc0 598 3871 0.0193224 200.492
820	1	911.362	28500.5	28488.6	11.8581	606	516	308	2	0.0001 Colloc0 606 3861 0.0173421 197.814
830	1	921.922	28692.7	28681.2	11.5489	615	510	314	1	0.0001 Colloc0 615 3865 0.0423097 177.575
840	1	932.637	28729.3	28718.3	10.9858	611	481	343	4	0.0001 Colloc0 611 3865 0.0721974 142.825
850	1	943.566	28709.6	28698	11.555	609	494	330	2	0.0001 Colloc0 609 3907 0.0583268 177.966
860	1	954.646	28612.3	28600.9	11.3386	590	500	324	1	0.0001 Colloc0 590 3864 0.0546837 164.26
870	1	965.96	28649.6	28639	10.6326	624	499	325	0	0.0001 Colloc0 624 3850 0.155756 122.615
880	1	976.858	28563.8	28552.6	11.2946	609	500	324	0	0.0001 Colloc0 609 3869 0.114559 161.523
890	1	987.4	28677.3	28666.5	10.8271	616	506	318	1	0.0001 Colloc0 616 3895 0.156815 133.582
900	1	998.352	28605.1	28594.1	10.933	630	491	333	1	0.0001 Colloc0 630 3842 0.140203 139.72
910	1	1009.42	28707	28695.7	11.3305	613	473	351	1	0.0001 Colloc0 613 3835 0.0971212 163.76
920	1	1020.17	28566.1	28554.9	11.1287	611	507	317	1	0.0001 Colloc0 611 3833 0.121907 151.368
930	1	1030.86	28806.5	28795.4	11.1732	623	483	341	1	0.0001 Colloc0 623 3866 0.103918 154.069
940	1	1042.11	28673.4	28661.7	11.6424	614	492	332	0	0.0001 Colloc0 614 3863 0.010509 183.613
950	1	1053.44	28591.8	28579.8	11.9525	616	501	323	1	0.0001 Colloc0 616 3849 0.0134726 204.14
960	1	1064.71	28636.8	28624.9	11.9592	603	513	311	1	0.0001 Colloc0 603 3867 0.002187 204.59
970	1	1076.01	28650.8	28639.2	11.6263	593	506	318	1	0.0001 Colloc0 593 3860 0.00478986 182.568
980	1	1087.31	28463.7	28452.8	10.9371	614	524	300	3	0.0001 Colloc0 614 3856 0.144731 139.963
990	1	1098.61	28508.6	28497.3	11.3066	593	517	307	0	0.0001 Colloc0 593 3844 0.106581 162.269
1000	1	1109.78	28654.6	28642.9	11.6592	601	514	310	1	0.0001 Colloc0 601 3882 0.0214718 184.709
1010	1	1120.93	28515.6	28504.3	11.2894	612	523	301	3	0.0001 Colloc0 612 3876 0.144193 161.204
1020	1	1132.17	28688.2	28676.5	11.7179	608	495	329	1	0.0001 Colloc0 608 3893 0.0404932 188.541
1030	1	1143.3	28687.6	28676.2	11.3205	606	498	326	3	0.0001 Colloc0 606 3862 0.0839794 163.131
1040	1	1154.55	28668.3	28656.5	11.7747	602	509	315	1	0.0001 Colloc0 602 3865 0.00757302 192.283
1050	1	1165.67	28493.1	28481.3	11.7519	597	505	319	2	0.0001 Colloc0 597 3870 0.0563505 190.777
1060	1	1176.52	28627.9	28616.9	11.0562	605	504	320	2	0.0001 Colloc0 605 3887 0.0926737 147.006
1070	1	1187.76	28637	28625.3	11.7069	610	503	321	1	0.0001 Colloc0 610 3846 0.0128951 187.82
1080	1	1198.81	28498.1	28486.5	11.6155	598	523	301	1	0.0001 Colloc0 598 3867 0.0830746 181.871
1090	1	1209.95	28667.8	28656.2	11.6439	605	491	333	1	0.0001 Colloc0 605 3859 0.0286119 183.716
1100	1	1221.24	28684.4	28672.8	11.6098	625	501	323	2	0.0001 Colloc0 625 3841 0.0308658 181.502
1110	1	1232.23	28587.8	28576.1	11.6887	589	489	335	1	0.0001 Colloc0 589 3877 0.0220011 186.633
1120	1	1243.33	28609.8	28598.5	11.2902	605	501	323	1	0.0001 Colloc0 605 3858 0.0712575 161.251
1130	1	1254.63	28518.1	28506.6	11.5087	616	506	318	2	0.0001 Colloc0 616 3852 0.0638649 175.001
1140	1	1266.24	28524.3	28513.3	10.9737	619	519	305	0	0.0001 Colloc0 619 3841 0.143581 142.115
1150	1	1277.54	28539.9	28528.6	11.3174	605	509	315	1	0.0001 Colloc0 605 3857 0.125054 162.943
1160	1	1288.59	28497	28486	10.9909	599	524	300	1	0.0001 Colloc0 599 3850 0.0963739 143.126
1170	1	1299.04	28500.1	28488.9	11.2205	596	521	303	0	0.0001 Colloc0 596 3873 0.0983681 156.958
1180	1	1309.58	28471.9	28460.6	11.2999	593	511	313	1	0.0001 Colloc0 593 3841 0.0884644 161.856
1190	1	1320.91	28456	28445.2	10.8436	589	542	282	2	0.0001 Colloc0 589 3847 0.142901 134.532
1200	1	1332.21	28566.9	28556.1	10.8007	612	519	305	0	0.0001 Colloc0 612 3848 0.157096 132.065
1210	1	1342.97	28558.9	28547.4	11.4572	593	527	297	2	0.0001 Colloc0 593 3861 0.0783971 171.724
1220	1	1353.57	28544.8	28533.5	11.3673	611	507	317	2	0.0001 Colloc0 611 3834 0.0554482 166.054
1230	1	1364.14	28677.2	28665.7	11.5183	632	489	335	1	0.0001 Colloc0 632 3830 0.108028 175.614
1240	1	1374.76	28691.6	28679.9	11.7422	611	474	350	2	0.0001 Colloc0 611 3868 0.0579018 190.136
1250	1	1385.42	28502.1	28490.9	11.2278	613	511	313	3	0.0001 Colloc0 613 3847 0.0823754 157.401
1260	1	1396.44	28566.4	28554.7	11.6407	613	515	309	2	0.0001 Colloc0 613 3859 0.0135006 183.504
1270	1	1407.03	28428.5	28417.3	11.2016	600	521	303	3	0.0001 Colloc0 600 3836 0.0909488 155.797
1280	1	1417.52	28432.1	28420.9	11.2103	605	533	291	2	0.0001 Colloc0 605 3875 0.0735815 156.33
1290	1	1428.67	28494.1	28483	11.0332	601	526	298	2	0.0001 Colloc0 601 3858 0.12983 145.638
1300	1	1439.74	28444.3	28432.7	11.6758	596	527	297	1	0.0001 Colloc0 596 3811 0.0135645 185.789
1310	1	1450.24	28538	28526.7	11.295	598	500	324	2	0.0001 Colloc0 598 3848 0.0774912 161.55
1320	1	1460.96	28535.7	28524.9	10.8356	612	486	338	0	0.0001 Colloc0 612 3828 0.148822 134.069
1330	1	1471.51	28512.5	28501.3	11.23	595	514	310	2	0.0001 Colloc0 595 3845 0.100938 157.538
1340	1	1482.25	28586.3	28575	11.3111	632	475	349	1	0.0001 Colloc0 632 3865 0.075238 162.549
1350	1	1493.31	28575.9	28565.2	10.7075	626	492	332	0	0.0001 Colloc0 626 3842 0.18914 126.79
1360	1	1504.09	28571.4	28560.5	10.9682	612	498	326	2	0.0001 Colloc0 612 3833 0.175755 141.786
1370	1	1515.51	28416	28404.2	11.7935	593	510	314	1	0.0001 Colloc0 593 3819 0.0312669 193.523
1380	1	1526.69	28367.6	28356.6	10.9744	595	530	294	1	0.0001 Colloc0 595 3814 0.133304 142.151
1390	1	1538.01	28308.7	28297.6	11.0562	595	542	282	1	0.0001 Colloc0 595 3846 0.0832146 147.008
1400	1	1549.18	28557.7	28546.9	10.7929	624	485	339	0	0.0001 Colloc0 624 3836 0.171838 131.621
1410	1	1560.47	28683.1	28671.4	11.7454	621	501	323	2	0.0001 Colloc0 621 3837 0.0531501 190.353
1420	1	1571.74	28566.1	28555.6	10.4945	609	499	325	0	0.0001 Colloc0 609 3837 0.196356 115.079
1430	1	1582.79	28632	28620.7	11.3678	620	479	345	0	0.0001 Colloc0 620 3855 0.0673627 166.088
1440	1	1593.81	28564.5	28553	11.5238	621	497	327	2	0.0001 Colloc0 621 3846 0.111564 175.965
1450	1	1604.77	28505.9	28494.1	11.8383	614	499	325	0	0.0001 Colloc0 614 3812 0.0270003 196.495
1460	1	1615.74	28520.6	28509.9	10.7834	628	497	327	1	0.0001 Colloc0 628 3808 0.154847 131.079
1470	1	1626.82	28418.2	28407.6	10.6513	622	522	302	1	0.0001 Colloc0 622 3822 0.201495 123.651
1480	1	1638.22	28520.8	28509.1	11.6394	628	514	310	3	0.0001 Colloc0 628 3829 0.074343 183.419
1490	1	1649.35	28587.2	28575.4	11.8291	617	516	308	1	0.0001 Colloc0 617 3834 0.0350072 195.882
1500	1	1660.36	28473.3	28462.2	11.0774	588	505	319	1	0.0001 Colloc0 588 3850 0.119611 148.276
1510	1	1671.45	28494	28482.5	11.5133	603	507	317	0	0.0001 Colloc0 603 3855 0.0471234 175.295
1520	1	1682.53	28464.4	28453.2	11.2785	602	519	305	3	0.0001 Colloc0 602 3848 0.0880462 160.526
1530	1	1693.55	28422.9	28411.7	11.1456	597	513	311	4	0.0001 Colloc0 597 3843 0.145676 152.387
1540	1	1704.49	28430.9	28419.6	11.2735	619	527	297	3	0.0001 Colloc0 619 3810 0.101772 160.218
1550	1	1715.42	28336	28324.4	11.5693	605	508	316	4	0.0001 Colloc0 605 3822 0.117536 178.887
1560	1	1726.43	28451.2	28439.6	11.6328	603	497	327	1	0.0001 Colloc0 603 3819 0.0349092 182.992
1570	1	1737.08	28382.9	28372	10.8645	609	532	292	3	0.0001 Colloc0 609 3799 0.159099 135.735
1580	1	1747.74	28373.9	28362.6	11.2705	594	529	295	1	0.0001 Colloc0 594 3820 0.0747611 160.033
1590	1	1758.44	28389.3	28378	11.2217	602	532	292	0	0.0001 Colloc0 602 3820 0.112554 157.03
1600	1	1769.13	28308.6	28297.5	11.1186	602	547	277	1	0.0001 Colloc0 602 3804 0.136103 150.757
1610	1	1780.06	28347.2	28335.2	11.9803	604	534	290	3	0.0001 Colloc0 604 3810 0.0126728 206.014
1620	1	1790.95	28368.5	28356.9	11.5459	620	532	292	0	0.0001 Colloc0 620 3810 0.104478 177.381
1630	1	1801.81	28511.7	28500.3	11.3428	613	495	329	1	0.0001 Colloc0 613 3815 0.08395 164.521
1640	1	1812.42	28339.6	28328.2	11.4113	595	534	290	2	0.0001 Colloc0 595 3800 0.085042 168.822
1650	1	1823.2	28313.1	28301.4	11.7543	601	540	284	3	0.0001 Colloc0 601 3799 0.056074 190.935
1660	1	1833.61	28446.8	28435.5	11.3118	616	500	324	2	0.0001 Colloc0 616 3799 0.102089 162.596
1670	1	1844.16	28415.4	28404.2	11.1214	610	512	312	3	0.0001 Colloc0 610 3803 0.131045 150.928
1680	1	1854.88	28290.2	28279.5	10.7694	625	532	292	0	0.0001 Colloc0 625 3769 0.190656 130.283
1690	1	1865.64	28321.7	28310.2	11.4557	603	521	303	0	0.0001 Colloc0 603 3768 0.0655874 171.626
1700	1	1876.36	28403.9	28393.3	10.6517	612	482	342	0	0.0001 Colloc0 612 3785 0.148848 123.673
1710	1	1886.9	28330.2	28318.7	11.5077	607	537	287	0	0.0001 Colloc0 607 3774 0.040267 174.938
1720	1	1897.29	28311.8	28300	11.7337	602	543	281	3	0.0001 Colloc0 602 3793 0.0308942 189.578
1730	1	1907.82	28238.1	28226.5	11.5359	625	555	269	1	0.0001 Colloc0 625 3775 0.0810097 176.744
1740	1	1918.37	28323.9	28312.1	11.8773	599	537	287	1	0.0001 Colloc0 599 3783 0.0080984 199.093
1750	1	1928.81	28246.9	28235.3	11.5403	592	517	307	1	0.0001 Colloc0 592 3780 0.0324823 177.027
1760	1	1939.26	28156.9	28145.6	11.2952	595	548	276	0	0.0001 Colloc0 595 3763 0.0829415 161.563
1770	1	1949.66	28359.3	28348.1	11.2251	607	514	310	3	0.0001 Colloc0 607 3790 0.0635372 157.24
1780	1	1960.1	28471.8	28459.9	11.8396	630	506	318	1	0.0001 Colloc0 630 3792 0.0541531 196.579
1790	1	1970.77	28313.3	28301.5	11.7652	602	529	295	0	0.0001 Colloc0 602 3781 0.0328037 191.651
1800	1	1981.44	28433.1	28421.1	11.9423	614	506	318	2	0.0001 Colloc0 614 3785 0.0240976 203.449
1810	1	1992.15	28372.6	28361	11.6537	618	506	318	2	0.0001 Colloc0 618 3784 0.0830194 184.349
1820	1	2002.8	28272.2	28260.5	11.7463	604	534	290	1	0.0001 Colloc0 604 3770 0.0843467 190.409
1830	1	2013.39	28215	28204	11.0313	605	548	276	0	0.0001 Colloc0 605 3782 0.131717 145.526
1840	1	2023.88	28339.2	28327.6	11.601	595	514	310	1	0.0001 Colloc0 595 3805 0.0386961 180.93
1850	1	2034.32	28230.6	28219.2	11.4136	595	533	291	1	0.0001 Colloc0 595 3762 0.0589499 168.967
1860	1	2044.79	28167.9	28157.4	10.5579	601	579	245	1	0.0001 Colloc0 601 3790 0.214683 118.512
1870	1	2055.28	28358.7	28347	11.6495	608	498	326	3	0.0001 Colloc0 608 3790 0.0254484 184.077
1880	1	2065.75	28280.2	28269.5	10.6878	600	534	290	2	0.0001 Colloc0 600 3780 0.163976 125.686
1890	1	2076.26	28193.2	28182	11.2163	600	549	275	1	0.0001 Colloc0 600 3801 0.102489 156.696
1900	1	2086.7	28306.4	28295.7	10.6605	619	519	305	2	0.0001 Colloc0 619 3790 0.192879 124.161
1910	1	2097.14	28314	28302.5	11.4944	599	509	315	1	0.0001 Colloc0 599 3789 0.0941587 174.089
1920	1	2107.62	28263	28251.7	11.3264	572	536	288	1	0.0001 Colloc0 572 3809 0.0432184 163.502
1930	1	2118.07	28280.1	28268.7	11.3767	599	537	287	1	0.0001 Colloc0 599 3788 0.0974833 166.645
1940	1	2128.56	28255.2	28244.1	11.1034	592	538	286	2	0.0001 Colloc0 592 3810 0.0637312 149.839
1950	1	2139.18	28430	28418.4	11.5611	623	508	316	1	0.0001 Colloc0 623 3817 0.0742516 178.363
1960	1	2149.64	28219.9	28208.3	11.6236	584	550	274	0	0.0001 Colloc0 584 3843 0.041498 182.394
1970	1	2160.04	28290.1	28279.1	11.0467	622	548	276	2	0.0001 Colloc0 622 3818 0.131258 146.443
1980	1	2170.58	28298	28286.6	11.3435	597	533	291	0	0.0001 Colloc0 597 3842 0.076245 164.569
1990	1	2180.86	28360.4	28348.9	11.5747	588	512	312	1	0.0001 Colloc0 588 3808 0.0167657 179.232
2000	1	2191.05	28293.4	28282.2	11.1541	605	533	291	2	0.0001 Colloc0 605 3815 0.108071 152.904
