# D = 0, E = 1, I = 1, P = 1, R = -1, n = 2000, N = 1, P = 1, w = 1, a = 0.0001, b = 10000, e = 1, f = 1, g = 100, h = 0.01, r = 10917, s = 1, S = 0, x = 10, m = 100, Z = 1, z = 0, T = 1, t = 1
# 10492 tokens in 824 sentences
#
# It	Temp	Time	-logP	-logPcorpus	-logPrior	tables	same	changed	reject	default_pya	(parent pym pyn pya pyb)*
0	1	0.913861	40365	40251.3	113.764	2620	0	824	0	0.0001 Colloc0 2620 4636 0.0001 10000
10	1	13.229	31202.2	31190.1	12.1885	731	273	551	4	0.0001 Colloc0 731 4186 0.0842369 220.224
20	1	24.6623	30378.5	30366.9	11.6575	648	357	467	6	0.0001 Colloc0 648 4156 0.0526618 184.595
30	1	36.0155	29999.3	29987.6	11.7226	595	402	422	3	0.0001 Colloc0 595 4176 0.0420401 188.854
40	1	47.2598	29783.4	29772.1	11.3264	623	404	420	4	0.0001 Colloc0 623 4119 0.106046 163.499
50	1	58.5561	29762.1	29750.6	11.5075	609	411	413	1	0.0001 Colloc0 609 4125 0.0367535 174.928
60	1	70.0124	29542.1	29530.7	11.4369	614	428	396	4	0.0001 Colloc0 614 4119 0.0655365 170.437
70	1	81.3986	29600.1	29588.8	11.3459	591	439	385	1	0.0001 Colloc0 591 4136 0.0447073 164.721
80	1	93.0699	29514.6	29504	10.6282	622	421	403	3	0.0001 Colloc0 622 4095 0.184272 122.37
90	1	104.387	29549.4	29537.7	11.7362	625	437	387	4	0.0001 Colloc0 625 4067 0.0305967 189.745
100	1	115.46	29467.1	29455	12.0611	624	424	400	3	0.0001 Colloc0 624 4098 0.0303311 211.495
110	1	126.608	29291.7	29280.7	10.9955	603	431	393	3	0.0001 Colloc0 603 4054 0.10413 143.4
120	1	138.141	29504.1	29492.3	11.7929	629	439	385	2	0.0001 Colloc0 629 4071 0.0895626 193.484
130	1	149.391	29316	29304.4	11.541	601	447	377	3	0.0001 Colloc0 601 4041 0.0721069 177.071
140	1	160.785	29454	29443.1	10.9222	612	408	416	2	0.0001 Colloc0 612 4061 0.137687 139.09
150	1	172.375	29341.5	29329.6	11.8634	610	463	361	4	0.0001 Colloc0 610 4077 0.00740681 198.163
160	1	183.913	29307.2	29295.7	11.4848	614	463	361	2	0.0001 Colloc0 614 4058 0.0729235 173.476
170	1	195.48	29321.8	29310.3	11.4957	609	447	377	2	0.0001 Colloc0 609 4054 0.0513953 174.175
180	1	206.873	29232.6	29221.4	11.1442	603	479	345	4	0.0001 Colloc0 603 4061 0.0503361 152.305
190	1	218.174	29287.6	29276.3	11.2838	609	452	372	1	0.0001 Colloc0 609 4060 0.0440467 160.853
200	1	229.258	29327.1	29315.7	11.4059	609	453	371	4	0.0001 Colloc0 609 4044 0.0752966 168.48
210	1	240.536	29382.5	29370.7	11.7135	618	439	385	3	0.0001 Colloc0 618 4016 0.0600166 188.252
220	1	251.948	29341.5	29330.4	11.1287	616	458	366	2	0.0001 Colloc0 616 4035 0.088381 151.367
230	1	263.068	29150.1	29139	11.1105	596	476	348	1	0.0001 Colloc0 596 4033 0.0564692 150.267
240	1	274.236	29291.9	29280.5	11.4408	614	474	350	3	0.0001 Colloc0 614 4042 0.0345175 170.682
250	1	285.331	28956.7	28945.7	10.9277	577	495	329	1	0.0001 Colloc0 577 4015 0.104974 139.411
260	1	296.491	29119.9	29108.9	11.041	607	480	344	3	0.0001 Colloc0 607 4016 0.112889 146.1
270	1	307.539	29230.6	29219.1	11.592	615	464	360	2	0.0001 Colloc0 615 3990 0.0490753 180.352
280	1	318.789	29220.7	29209.1	11.6333	597	453	371	2	0.0001 Colloc0 597 4017 0.0332538 183.027
290	1	330.322	29180.6	29169.4	11.1268	617	466	358	2	0.0001 Colloc0 617 4020 0.117681 151.253
300	1	341.614	29418.1	29406.3	11.8472	622	437	387	4	0.0001 Colloc0 622 4004 0.0204802 197.09
310	1	352.8	29214.6	29203.1	11.5042	593	448	376	2	0.0001 Colloc0 593 4016 0.0162792 174.715
320	1	364.108	29269.8	29257.9	11.857	604	458	366	2	0.0001 Colloc0 604 4014 0.0376471 197.738
330	1	375.292	29130.1	29118.8	11.3627	607	478	346	2	0.0001 Colloc0 607 3999 0.0587241 165.77
340	1	386.571	29166.4	29155.3	11.1882	602	470	354	1	0.0001 Colloc0 602 4008 0.114246 154.982
350	1	398.099	29429.1	29417.7	11.4613	615	430	394	3	0.0001 Colloc0 615 4043 0.0572372 171.982
360	1	409.364	29265.8	29253.9	11.8997	625	440	384	2	0.0001 Colloc0 625 3983 0.0310652 200.594
370	1	420.724	29314.9	29303.4	11.4682	635	456	368	3	0.0001 Colloc0 635 4004 0.0804939 172.424
380	1	432.019	29137.9	29127.2	10.6987	625	444	380	4	0.0001 Colloc0 625 3988 0.146199 126.294
390	1	443.176	29053.1	29041.8	11.3483	602	469	355	1	0.0001 Colloc0 602 3987 0.0856972 164.87
400	1	454.259	29043.8	29032.8	11.0275	610	478	346	2	0.0001 Colloc0 610 3973 0.139857 145.297
410	1	465.515	29056.4	29045.3	11.0651	608	479	345	2	0.0001 Colloc0 608 3993 0.124881 147.543
420	1	476.983	28991.5	28980.3	11.2474	591	489	335	2	0.0001 Colloc0 591 4000 0.0880899 158.61
430	1	488.511	29045.1	29033.5	11.6151	616	481	343	3	0.0001 Colloc0 616 4006 0.0551341 181.843
440	1	500.045	28998.3	28987.1	11.2001	600	463	361	3	0.0001 Colloc0 600 3987 0.111568 155.709
450	1	511.494	28951.2	28939.9	11.2537	596	484	340	2	0.0001 Colloc0 596 3988 0.079093 158.994
460	1	523.168	28843	28832.3	10.7731	596	490	334	2	0.0001 Colloc0 596 3978 0.142372 130.495
470	1	534.397	28925.9	28914.6	11.3394	602	484	340	2	0.0001 Colloc0 602 3981 0.0675125 164.313
480	1	545.801	28813.5	28803	10.5146	590	505	319	1	0.0001 Colloc0 590 3973 0.18799 116.164
490	1	557.404	28815.6	28805.4	10.1728	609	494	330	3	0.0001 Colloc0 609 3965 0.234525 98.4043
500	1	568.705	28855.5	28844	11.4684	598	512	312	3	0.0001 Colloc0 598 3967 0.0549551 172.432
510	1	580.006	28825.9	28814.9	10.9829	598	491	333	4	0.0001 Colloc0 598 3977 0.0997672 142.655
520	1	591.182	28962.1	28950.8	11.2555	612	485	339	4	0.0001 Colloc0 612 3973 0.0766188 159.111
530	1	602.564	28944.6	28933.7	10.9527	609	465	359	3	0.0001 Colloc0 609 3953 0.141426 140.878
540	1	614.068	28999	28988.1	10.8854	606	490	334	5	0.0001 Colloc0 606 3977 0.127522 136.945
550	1	625.165	28992.2	28980.6	11.6387	614	473	351	3	0.0001 Colloc0 614 3971 0.0781864 183.373
560	1	636.433	28960.1	28948.6	11.5597	607	481	343	3	0.0001 Colloc0 607 3972 0.0232217 178.268
570	1	647.677	28901.3	28889.9	11.365	594	478	346	3	0.0001 Colloc0 594 3947 0.0825122 165.912
580	1	659.009	28997.7	28986.7	10.9013	616	464	360	2	0.0001 Colloc0 616 3959 0.110897 137.871
590	1	670.029	28832.6	28821.4	11.1557	588	479	345	3	0.0001 Colloc0 588 3969 0.0997112 153.004
600	1	681.265	28800	28788.4	11.5261	598	501	323	3	0.0001 Colloc0 598 3959 0.0671441 176.112
610	1	692.72	28816.1	28805.3	10.8288	592	504	320	4	0.0001 Colloc0 592 3975 0.132806 133.68
620	1	704.137	28837.1	28825.5	11.6325	597	498	326	2	0.0001 Colloc0 597 3955 0.0555536 182.971
630	1	715.547	28795.8	28784.4	11.4094	601	497	327	3	0.0001 Colloc0 601 3950 0.0950199 168.705
640	1	727.072	28877.2	28865.9	11.2951	592	481	343	3	0.0001 Colloc0 592 3965 0.078783 161.554
650	1	738.249	28767.3	28755.4	11.8607	589	503	321	3	0.0001 Colloc0 589 3944 0.0318437 197.988
660	1	749.498	28893.3	28881.8	11.479	601	509	315	4	0.0001 Colloc0 601 3959 0.0260005 173.111
670	1	760.634	28861.8	28850	11.7414	592	484	340	4	0.0001 Colloc0 592 3939 0.00349091 190.088
680	1	771.778	28898	28886.4	11.6325	609	490	334	3	0.0001 Colloc0 609 3938 0.042065 182.972
690	1	783.014	28840.9	28830.2	10.7019	602	498	326	2	0.0001 Colloc0 602 3955 0.157798 126.475
700	1	794.043	28867.1	28856.3	10.7983	605	498	326	3	0.0001 Colloc0 605 3954 0.162405 131.932
710	1	805.145	29014.8	29003.5	11.2634	610	493	331	2	0.0001 Colloc0 610 3982 0.125655 159.595
720	1	816.302	28846.1	28834.9	11.1928	605	479	345	2	0.0001 Colloc0 605 3947 0.0748927 155.258
730	1	827.692	28898.2	28886.7	11.5454	602	483	341	4	0.0001 Colloc0 602 3951 0.0388033 177.349
740	1	839.031	28914.5	28903.1	11.3607	616	471	353	3	0.0001 Colloc0 616 3961 0.0626269 165.645
750	1	850.335	28860.7	28850	10.7121	614	465	359	2	0.0001 Colloc0 614 3930 0.150457 127.045
760	1	861.728	28668.4	28657.2	11.1875	606	511	313	4	0.0001 Colloc0 606 3913 0.085714 154.936
770	1	873.202	28855.9	28844.9	10.992	619	475	349	3	0.0001 Colloc0 619 3925 0.143735 143.19
780	1	884.342	28686.3	28674.8	11.463	592	515	309	4	0.0001 Colloc0 592 3922 0.047907 172.092
790	1	895.378	28706	28694.6	11.4218	595	506	318	4	0.0001 Colloc0 595 3923 0.0458611 169.486
800	1	906.547	28693.9	28682.7	11.2643	591	507	317	3	0.0001 Colloc0 591 3930 0.0843757 159.651
810	1	917.752	28921.2	28909.8	11.394	614	465	359	6	0.0001 Colloc0 614 3951 0.0778019 167.735
820	1	929.391	28780.3	28769.5	10.7835	593	479	345	2	0.0001 Colloc0 593 3923 0.142785 131.088
830	1	941.021	28872.5	28861.3	11.1647	619	469	355	2	0.0001 Colloc0 619 3919 0.119962 153.55
840	1	952.542	28759.5	28748.3	11.1866	599	475	349	3	0.0001 Colloc0 599 3943 0.103337 154.885
850	1	963.859	28652.6	28641.1	11.4624	594	523	301	3	0.0001 Colloc0 594 3922 0.0797798 172.055
860	1	975.075	28697.3	28685.7	11.6384	606	517	307	4	0.0001 Colloc0 606 3910 0.0517299 183.354
870	1	986.427	28687.2	28676.3	10.9636	600	500	324	3	0.0001 Colloc0 600 3915 0.120628 141.52
880	1	998.017	28854.7	28843.3	11.4005	608	478	346	1	0.0001 Colloc0 608 3942 0.0512171 168.143
890	1	1009.36	28854	28842.9	11.1568	623	467	357	2	0.0001 Colloc0 623 3912 0.0978982 153.068
900	1	1020.57	28604.4	28593.5	10.9047	602	528	296	3	0.0001 Colloc0 602 3911 0.147359 138.072
910	1	1031.75	28676.6	28665.5	11.143	588	514	310	3	0.0001 Colloc0 588 3919 0.109685 152.233
920	1	1043.22	28529.9	28518.7	11.2183	588	532	292	1	0.0001 Colloc0 588 3919 0.101852 156.82
930	1	1054.29	28785.5	28773.8	11.6869	600	484	340	1	0.0001 Colloc0 600 3931 0.00806747 186.515
940	1	1065.53	28772	28760.5	11.4471	601	499	325	1	0.0001 Colloc0 601 3930 0.0435515 171.085
950	1	1076.73	28749	28737.5	11.5759	600	514	310	1	0.0001 Colloc0 600 3913 0.0628605 179.316
960	1	1087.94	28653.3	28642.3	10.9596	600	507	317	1	0.0001 Colloc0 600 3875 0.129679 141.279
970	1	1098.88	28689.6	28678.4	11.2229	618	504	320	5	0.0001 Colloc0 618 3914 0.14968 157.101
980	1	1110	28660.9	28649.2	11.7584	597	523	301	1	0.0001 Colloc0 597 3919 0.0401255 191.208
990	1	1121.3	28791.7	28780.7	11.0528	623	494	330	1	0.0001 Colloc0 623 3911 0.110354 146.804
1000	1	1132.96	28677.5	28666.2	11.2448	609	507	317	2	0.0001 Colloc0 609 3904 0.100207 158.449
1010	1	1144.21	28685.4	28673.9	11.4701	593	498	326	1	0.0001 Colloc0 593 3911 0.0453647 172.543
1020	1	1155.47	28748.1	28736.2	11.8884	615	491	333	2	0.0001 Colloc0 615 3919 0.0338599 199.837
1030	1	1166.85	28674	28662.6	11.425	609	496	328	3	0.0001 Colloc0 609 3912 0.0742345 169.685
1040	1	1178.45	28699.1	28687.4	11.6862	609	485	339	1	0.0001 Colloc0 609 3888 0.0491616 186.468
1050	1	1189.89	28657	28645.4	11.6431	609	518	306	1	0.0001 Colloc0 609 3904 0.0898576 183.66
1060	1	1201.18	28591.3	28580.2	11.0735	589	500	324	4	0.0001 Colloc0 589 3903 0.100724 148.043
1070	1	1212.54	28658.5	28647.4	11.0609	593	532	292	3	0.0001 Colloc0 593 3910 0.100653 147.291
1080	1	1224.14	28530.2	28519.1	11.1237	598	532	292	2	0.0001 Colloc0 598 3887 0.105814 151.065
1090	1	1235.67	28762.8	28751.8	11.0158	624	495	329	2	0.0001 Colloc0 624 3911 0.135999 144.605
1100	1	1247.22	28587.3	28576.8	10.5593	597	499	325	2	0.0001 Colloc0 597 3902 0.179301 118.586
1110	1	1258.52	28648.3	28636.6	11.7216	599	511	313	2	0.0001 Colloc0 599 3928 0.0255524 188.789
1120	1	1269.92	28566.2	28554.9	11.3236	602	507	317	1	0.0001 Colloc0 602 3888 0.0973295 163.326
1130	1	1281.17	28698.2	28687.1	11.0902	602	468	356	3	0.0001 Colloc0 602 3904 0.134926 149.048
1140	1	1292.64	28757.1	28745.1	11.9817	597	477	347	4	0.0001 Colloc0 597 3903 0.000662032 206.106
1150	1	1304.04	28804.2	28792.7	11.536	611	486	338	4	0.0001 Colloc0 611 3910 0.0378308 176.746
1160	1	1315.5	28760.2	28749	11.2346	619	486	338	2	0.0001 Colloc0 619 3915 0.0877565 157.819
1170	1	1326.93	28556.9	28545.6	11.3121	603	523	301	2	0.0001 Colloc0 603 3892 0.0870301 162.609
1180	1	1338.52	28645.2	28634.1	11.1089	612	512	312	1	0.0001 Colloc0 612 3895 0.100759 150.173
1190	1	1349.94	28566.8	28555.5	11.292	595	519	305	4	0.0001 Colloc0 595 3905 0.0747262 161.361
1200	1	1361.1	28588.6	28577.3	11.21	598	503	321	1	0.0001 Colloc0 598 3874 0.117802 156.315
1210	1	1372.44	28609	28597.7	11.2517	614	503	321	2	0.0001 Colloc0 614 3867 0.12793 158.876
1220	1	1383.71	28663.7	28651.9	11.8353	608	461	363	4	0.0001 Colloc0 608 3862 0.0731105 196.297
1230	1	1395.11	28651.6	28640	11.582	606	505	319	3	0.0001 Colloc0 606 3898 0.0589709 179.704
1240	1	1406.94	28656.5	28644.7	11.8383	609	475	349	4	0.0001 Colloc0 609 3890 0.0110113 196.492
1250	1	1418.43	28679.3	28668.1	11.1665	616	485	339	2	0.0001 Colloc0 616 3891 0.0955124 153.661
1260	1	1430.01	28585.1	28573.4	11.6769	602	497	327	2	0.0001 Colloc0 602 3880 0.021971 185.863
1270	1	1441.4	28601.4	28590.4	10.9399	625	503	321	3	0.0001 Colloc0 625 3834 0.155183 140.125
1280	1	1453.04	28494	28482.9	11.1253	620	518	306	5	0.0001 Colloc0 620 3858 0.149406 151.161
1290	1	1464.75	28467.9	28456.4	11.4335	584	521	303	2	0.0001 Colloc0 584 3873 0.03784 170.222
1300	1	1476.34	28561.5	28550.2	11.2553	624	509	315	3	0.0001 Colloc0 624 3874 0.146742 159.096
1310	1	1487.62	28484	28472.2	11.8038	587	534	290	3	0.0001 Colloc0 587 3863 0.0309836 194.207
1320	1	1498.95	28675.3	28664.3	11.0143	597	495	329	1	0.0001 Colloc0 597 3873 0.090941 144.514
1330	1	1510.11	28497.3	28485.8	11.5476	596	502	322	3	0.0001 Colloc0 596 3880 0.0829506 177.494
1340	1	1521.45	28667.3	28656	11.2365	613	479	345	3	0.0001 Colloc0 613 3852 0.11495 157.937
1350	1	1532.7	28492.8	28481.8	11.0217	611	501	323	1	0.0001 Colloc0 611 3848 0.111433 144.95
1360	1	1544.05	28431.8	28420.6	11.1532	604	527	297	2	0.0001 Colloc0 604 3823 0.107711 152.848
1370	1	1555.48	28363.6	28352.4	11.2271	591	543	281	2	0.0001 Colloc0 591 3859 0.0915312 157.358
1380	1	1566.94	28359.8	28348.4	11.4209	598	535	289	1	0.0001 Colloc0 598 3842 0.0504928 169.429
1390	1	1578.1	28483.1	28471.7	11.4129	603	512	312	2	0.0001 Colloc0 603 3856 0.0653275 168.922
1400	1	1589.21	28474.9	28463.4	11.5825	608	542	282	2	0.0001 Colloc0 608 3868 0.0708023 179.74
1410	1	1600.3	28284.6	28272.9	11.6978	578	566	258	2	0.0001 Colloc0 578 3852 0.00745345 187.227
1420	1	1611.72	28438.2	28426.5	11.7148	594	531	293	3	0.0001 Colloc0 594 3831 0.0254962 188.342
1430	1	1622.76	28441.4	28429.8	11.6613	610	520	304	2	0.0001 Colloc0 610 3851 0.0649662 184.846
1440	1	1633.84	28401	28389.9	11.1268	597	504	320	1	0.0001 Colloc0 597 3833 0.0851894 151.254
1450	1	1645.14	28520.8	28509.4	11.4069	619	517	307	1	0.0001 Colloc0 619 3864 0.121395 168.545
1460	1	1655.92	28432.4	28421.6	10.8057	601	558	266	1	0.0001 Colloc0 601 3880 0.141962 132.354
1470	1	1667.25	28409	28398	11.0188	588	545	279	4	0.0001 Colloc0 588 3855 0.115294 144.778
1480	1	1678.48	28520.2	28508.5	11.6621	599	504	320	3	0.0001 Colloc0 599 3861 0.0387227 184.9
1490	1	1689.58	28481.2	28469.7	11.433	614	536	288	3	0.0001 Colloc0 614 3844 0.0982728 170.194
1500	1	1700.58	28403.3	28391.8	11.5252	584	534	290	3	0.0001 Colloc0 584 3823 0.0571841 176.06
1510	1	1711.5	28270.9	28259.9	11.0636	586	549	275	2	0.0001 Colloc0 586 3838 0.127903 147.453
1520	1	1722.69	28338.5	28327.3	11.1944	604	555	269	1	0.0001 Colloc0 604 3844 0.0912666 155.36
1530	1	1733.66	28349.2	28338.4	10.8274	616	523	301	5	0.0001 Colloc0 616 3799 0.172967 133.597
1540	1	1744.82	28485.8	28474	11.8461	597	520	304	3	0.0001 Colloc0 597 3857 0.00187581 197.012
1550	1	1755.9	28489.5	28478.3	11.206	611	523	301	4	0.0001 Colloc0 611 3836 0.104398 156.068
1560	1	1767.12	28438.6	28427.2	11.4156	601	521	303	2	0.0001 Colloc0 601 3829 0.0818343 169.093
1570	1	1778.27	28490	28479.2	10.8218	608	540	284	3	0.0001 Colloc0 608 3861 0.18271 133.279
1580	1	1789.5	28444.4	28432.9	11.5021	589	507	317	3	0.0001 Colloc0 589 3860 0.0851208 174.582
1590	1	1800.4	28452	28441.1	10.9072	606	517	307	2	0.0001 Colloc0 606 3837 0.145492 138.216
1600	1	1811.45	28466	28454.8	11.2019	612	525	299	3	0.0001 Colloc0 612 3843 0.130936 155.818
1610	1	1822.13	28467.1	28455.6	11.5608	598	510	314	3	0.0001 Colloc0 598 3846 0.0554771 178.34
1620	1	1833.13	28468.9	28457.4	11.5504	599	516	308	1	0.0001 Colloc0 599 3840 0.0189838 177.672
1630	1	1844.16	28307.1	28296	11.0283	592	550	274	1	0.0001 Colloc0 592 3824 0.134584 145.342
1640	1	1855.21	28375.6	28364.3	11.3529	599	521	303	1	0.0001 Colloc0 599 3828 0.083485 165.156
1650	1	1866.1	28387	28375.7	11.3043	580	542	282	3	0.0001 Colloc0 580 3864 0.034279 162.13
1660	1	1876.75	28493.8	28482.3	11.5171	579	537	287	1	0.0001 Colloc0 579 3876 0.00560027 175.539
1670	1	1887.74	28452.6	28441.1	11.5108	609	525	299	3	0.0001 Colloc0 609 3862 0.0316385 175.136
1680	1	1898.5	28414.4	28402.7	11.6443	604	523	301	3	0.0001 Colloc0 604 3848 0.0402151 183.738
1690	1	1909.19	28349.8	28338.4	11.4562	620	519	305	3	0.0001 Colloc0 620 3826 0.0797994 171.662
1700	1	1919.88	28240.6	28229.6	11.0231	611	551	273	1	0.0001 Colloc0 611 3822 0.145547 145.038
1710	1	1930.64	28151.8	28140.2	11.5852	584	572	252	1	0.0001 Colloc0 584 3825 0.0649726 179.911
1720	1	1941.35	28311.6	28299.8	11.7571	592	540	284	2	0.0001 Colloc0 592 3829 0.0333191 191.121
1730	1	1952.08	28240.8	28229.5	11.3179	605	539	285	1	0.0001 Colloc0 605 3802 0.0677882 162.973
1740	1	1962.62	28207.4	28196.5	10.919	587	563	261	2	0.0001 Colloc0 587 3840 0.099899 138.901
1750	1	1973.16	28214.7	28203.1	11.5878	584	561	263	3	0.0001 Colloc0 584 3821 0.0292123 180.08
1760	1	1983.75	28256.5	28245.6	10.8922	596	539	285	2	0.0001 Colloc0 596 3824 0.133234 137.34
1770	1	1994.39	28312.6	28301.2	11.3921	594	527	297	3	0.0001 Colloc0 594 3817 0.0878209 167.613
1780	1	2005.02	28290.7	28279.3	11.3784	580	540	284	4	0.0001 Colloc0 580 3813 0.0663261 166.751
1790	1	2015.7	28307.3	28295.9	11.4656	592	521	303	3	0.0001 Colloc0 592 3827 0.0658348 172.259
1800	1	2026.22	28470.1	28458.9	11.2467	595	502	322	7	0.0001 Colloc0 595 3852 0.106886 158.567
1810	1	2036.73	28256	28244.9	11.139	596	531	293	4	0.0001 Colloc0 596 3815 0.143656 151.992
1820	1	2047.43	28423.2	28412.2	11.0498	615	508	316	2	0.0001 Colloc0 615 3827 0.142566 146.627
1830	1	2058.11	28180.5	28169.3	11.198	590	571	253	2	0.0001 Colloc0 590 3789 0.090989 155.58
1840	1	2068.72	28245.4	28233.5	11.8434	599	563	261	3	0.0001 Colloc0 599 3793 0.0133551 196.833
1850	1	2079.38	28173	28161.7	11.3399	584	562	262	1	0.0001 Colloc0 584 3796 0.0655765 164.343
1860	1	2089.93	28221.6	28210	11.5826	597	556	268	1	0.0001 Colloc0 597 3792 0.0329868 179.745
1870	1	2100.65	28245	28233.7	11.2291	595	562	262	1	0.0001 Colloc0 595 3811 0.109422 157.482
1880	1	2111.31	28187.6	28176.3	11.3928	587	560	264	4	0.0001 Colloc0 587 3798 0.0537066 167.655
1890	1	2121.82	28328.6	28317.2	11.358	610	509	315	3	0.0001 Colloc0 610 3800 0.0900239 165.476
1900	1	2132.24	28284.9	28273.3	11.526	596	541	283	3	0.0001 Colloc0 596 3800 0.0411015 176.107
1910	1	2142.89	28244.4	28233.2	11.2364	599	548	276	3	0.0001 Colloc0 599 3811 0.082947 157.932
1920	1	2153.71	28258.4	28246.9	11.4274	582	536	288	3	0.0001 Colloc0 582 3812 0.0719942 169.84
1930	1	2164.36	28222.9	28210.9	12.0013	602	563	261	2	0.0001 Colloc0 602 3815 0.0400253 207.43
1940	1	2174.91	28255.9	28245	10.9067	612	550	274	2	0.0001 Colloc0 612 3806 0.170604 138.188
1950	1	2185.48	28158.8	28147.6	11.236	577	547	277	4	0.0001 Colloc0 577 3806 0.0728968 157.91
1960	1	2196.01	28080.1	28068.6	11.5439	577	577	247	3	0.0001 Colloc0 577 3798 0.0221806 177.258
1970	1	2206.41	28192.5	28181.5	10.9886	602	547	277	1	0.0001 Colloc0 602 3802 0.150376 142.992
1980	1	2216.82	28001.4	27989.6	11.7689	579	583	241	2	0.0001 Colloc0 579 3790 0.0326489 191.901
1990	1	2227.26	28071.6	28060.6	10.9634	600	560	264	2	0.0001 Colloc0 600 3761 0.0898036 141.503
2000	1	2237.53	28148.1	28136.5	11.5924	598	560	264	4	0.0001 Colloc0 598 3781 0.0368537 180.374
