# D = 0, E = 1, I = 1, P = 1, R = -1, n = 2000, N = 1, P = 1, w = 1, a = 0.0001, b = 10000, e = 1, f = 1, g = 100, h = 0.01, r = 6265, s = 1, S = 0, x = 10, m = 100, Z = 1, z = 0, T = 1, t = 1
# 10492 tokens in 824 sentences
#
# It	Temp	Time	-logP	-logPcorpus	-logPrior	tables	same	changed	reject	default_pya	(parent pym pyn pya pyb)*
0	1	0.831873	36954.3	36840.5	113.764	1374	0	824	0	0.0001 Colloc0 1374 2561 0.0001 10000
10	1	12.4411	29706.8	29694.1	12.7285	730	393	431	2	0.0001 Colloc0 730 3683 0.0138242 258.399
20	1	23.9274	29257	29244.7	12.3386	693	429	395	2	0.0001 Colloc0 693 3687 0.0453744 230.655
30	1	35.2516	29083.4	29070.9	12.5036	674	460	364	2	0.0001 Colloc0 674 3683 0.00648959 242.282
40	1	46.5959	28970.3	28958.9	11.4175	684	491	333	1	0.0001 Colloc0 684 3672 0.121218 169.215
50	1	57.9842	28881.7	28869.1	12.553	664	466	358	1	0.0001 Colloc0 664 3656 0.00500497 245.798
60	1	69.0725	28633.1	28621.2	11.9304	636	533	291	0	0.0001 Colloc0 636 3670 0.0561228 202.648
70	1	80.2978	28646.7	28634.9	11.7952	644	515	309	1	0.0001 Colloc0 644 3638 0.0766025 193.634
80	1	91.4921	28705	28693.3	11.762	648	503	321	1	0.0001 Colloc0 648 3661 0.0800139 191.443
90	1	102.787	28667.5	28655.8	11.7379	660	516	308	2	0.0001 Colloc0 660 3649 0.0885613 189.858
100	1	114.253	28465.7	28453.3	12.4053	630	535	289	1	0.0001 Colloc0 630 3633 0.00976313 235.335
110	1	125.356	28663.3	28651.7	11.5164	659	503	321	1	0.0001 Colloc0 659 3643 0.100209 175.492
120	1	136.234	28474	28461.6	12.3847	648	530	294	1	0.0001 Colloc0 648 3612 0.0247946 233.891
130	1	147.175	28513.1	28501.7	11.4427	639	510	314	1	0.0001 Colloc0 639 3643 0.101328 170.803
140	1	158.016	28626.5	28614.4	12.1893	645	507	317	1	0.0001 Colloc0 645 3661 0.00540274 220.279
150	1	169.277	28552.6	28540.7	11.9254	628	512	312	0	0.0001 Colloc0 628 3663 0.0118536 202.312
160	1	180.465	28474.1	28462	12.079	624	541	283	0	0.0001 Colloc0 624 3659 0.0498255 212.714
170	1	191.672	28552.5	28540.8	11.6984	631	523	301	1	0.0001 Colloc0 631 3649 0.0604879 187.263
180	1	202.638	28481.5	28470.1	11.3974	653	509	315	1	0.0001 Colloc0 653 3619 0.116809 167.945
190	1	213.801	28342.9	28331.3	11.5625	623	529	295	2	0.0001 Colloc0 623 3627 0.0833038 178.451
200	1	225.165	28451	28438.9	12.0732	642	529	295	1	0.0001 Colloc0 642 3669 0.0264633 212.314
210	1	236.523	28560.8	28549.5	11.3634	637	486	338	1	0.0001 Colloc0 637 3673 0.0940349 165.812
220	1	247.198	28391.5	28379.8	11.7186	630	522	302	1	0.0001 Colloc0 630 3636 0.0571856 188.588
230	1	258.204	28369.4	28357.6	11.8592	613	524	300	3	0.0001 Colloc0 613 3641 0.0135444 197.889
240	1	269.519	28258.8	28247.1	11.6983	601	540	284	2	0.0001 Colloc0 601 3627 0.0164352 187.258
250	1	281.001	28391.6	28379.8	11.7931	622	520	304	2	0.0001 Colloc0 622 3619 0.0566755 193.499
260	1	292.175	28489.2	28477.4	11.8345	632	501	323	0	0.0001 Colloc0 632 3643 0.0348291 196.24
270	1	302.929	28422.7	28411.3	11.4054	640	512	312	1	0.0001 Colloc0 640 3622 0.107281 168.45
280	1	313.719	28365.4	28353.3	12.0213	637	518	306	1	0.0001 Colloc0 637 3618 0.0270118 208.787
290	1	324.961	28469.2	28457.3	11.8945	643	524	300	2	0.0001 Colloc0 643 3650 0.0494936 200.24
300	1	336.181	28402.1	28390.2	11.9057	635	523	301	2	0.0001 Colloc0 635 3643 0.0532234 200.993
310	1	347.327	28315.1	28303.6	11.4644	650	528	296	0	0.0001 Colloc0 650 3627 0.13382 172.18
320	1	358.469	28304.6	28292.9	11.6719	621	551	273	2	0.0001 Colloc0 621 3645 0.0599727 185.533
330	1	369.713	28470.2	28458.2	12.0716	628	518	306	2	0.0001 Colloc0 628 3652 0.00457465 212.208
340	1	381.192	28354.2	28342.5	11.7084	615	517	307	2	0.0001 Colloc0 615 3641 0.0591596 187.918
350	1	392.233	28495.3	28483.6	11.7441	655	494	330	2	0.0001 Colloc0 655 3645 0.106005 190.267
360	1	403.502	28408.7	28396.9	11.8909	622	515	309	1	0.0001 Colloc0 622 3647 0.00489531 199.999
370	1	414.831	28512.2	28500.2	11.931	633	489	335	0	0.0001 Colloc0 633 3646 0.026712 202.69
380	1	426.219	28414.6	28402.4	12.2357	627	507	317	0	0.0001 Colloc0 627 3655 0.033452 223.491
390	1	437.384	28378.2	28366.2	11.9611	623	531	293	2	0.0001 Colloc0 623 3638 0.0623011 204.713
400	1	448.332	28347.6	28336	11.5762	629	523	301	1	0.0001 Colloc0 629 3610 0.0677548 179.334
410	1	459.642	28419	28407.4	11.6311	628	536	288	0	0.0001 Colloc0 628 3645 0.0693847 182.88
420	1	470.713	28351.5	28339.4	12.138	632	526	298	1	0.0001 Colloc0 632 3622 0.0530995 216.753
430	1	482.074	28264.9	28253.4	11.509	621	554	270	0	0.0001 Colloc0 621 3623 0.0943403 175.019
440	1	493.643	28273.7	28262.8	10.9276	623	539	285	1	0.0001 Colloc0 623 3626 0.129131 139.408
450	1	504.744	28127	28115.8	11.1857	611	565	259	1	0.0001 Colloc0 611 3620 0.12795 154.825
460	1	515.959	28379.9	28368.4	11.5412	641	540	284	3	0.0001 Colloc0 641 3640 0.0990921 177.081
470	1	527.124	28430.1	28418.1	11.9815	629	516	308	1	0.0001 Colloc0 629 3641 0.00453744 206.094
480	1	538.322	28376.9	28365.4	11.4599	631	526	298	0	0.0001 Colloc0 631 3612 0.102607 171.892
490	1	549.687	28262.3	28250	12.2616	619	533	291	0	0.0001 Colloc0 619 3593 0.019143 225.286
500	1	560.804	28365.5	28354.1	11.4571	633	535	289	2	0.0001 Colloc0 633 3627 0.109929 171.718
510	1	571.68	28326.7	28315.4	11.3185	636	512	312	2	0.0001 Colloc0 636 3616 0.120247 163.008
520	1	582.763	28391.9	28380.1	11.7765	642	495	329	2	0.0001 Colloc0 642 3618 0.0428533 192.399
530	1	594.215	28354.7	28342.5	12.1754	632	529	295	3	0.0001 Colloc0 632 3615 0.0220827 219.325
540	1	605.596	28412.2	28400.6	11.6265	644	508	316	1	0.0001 Colloc0 644 3619 0.0560987 182.584
550	1	616.808	28316.7	28304.9	11.7781	634	538	286	0	0.0001 Colloc0 634 3632 0.0408661 192.503
560	1	628.252	28290.8	28279.5	11.2589	644	540	284	1	0.0001 Colloc0 644 3628 0.137552 159.32
570	1	639.642	28237.5	28225.4	12.0808	616	544	280	0	0.0001 Colloc0 616 3615 0.016181 212.835
580	1	650.483	28168.7	28156.9	11.7957	634	533	291	0	0.0001 Colloc0 634 3598 0.0676708 193.671
590	1	661.692	28200.3	28188.5	11.8011	624	547	277	1	0.0001 Colloc0 624 3610 0.0632814 194.022
600	1	673.059	28298.3	28286.5	11.7733	635	524	300	3	0.0001 Colloc0 635 3619 0.0529802 192.189
610	1	683.944	28268.2	28257	11.2433	631	550	274	1	0.0001 Colloc0 631 3617 0.137675 158.357
620	1	695.106	28370.5	28358.1	12.3325	634	536	288	0	0.0001 Colloc0 634 3625 0.0330853 230.229
630	1	706.021	28304	28292.1	11.949	629	524	300	0	0.0001 Colloc0 629 3624 0.049274 203.9
640	1	716.971	28405.9	28394.2	11.6859	642	533	291	1	0.0001 Colloc0 642 3636 0.0908685 186.449
650	1	728.302	28328.6	28317.2	11.3915	631	521	303	0	0.0001 Colloc0 631 3601 0.101802 167.575
660	1	739.617	28108.8	28096.8	12.012	609	554	270	5	0.0001 Colloc0 609 3598 0.0150237 208.153
670	1	750.864	28404.9	28393.5	11.3216	631	498	326	2	0.0001 Colloc0 631 3629 0.0787505 163.204
680	1	762.198	28370.4	28358.6	11.7581	632	515	309	1	0.0001 Colloc0 632 3631 0.0412011 191.182
690	1	773.598	28298.1	28286.4	11.7407	620	515	309	2	0.0001 Colloc0 620 3655 0.0820553 190.043
700	1	784.982	28318	28306	11.9486	621	523	301	2	0.0001 Colloc0 621 3638 0.0147745 203.877
710	1	796.426	28203.8	28191.9	11.9504	627	541	283	0	0.0001 Colloc0 627 3619 0.0641588 203.992
720	1	807.587	28382.5	28370.5	12.0141	637	497	327	1	0.0001 Colloc0 637 3617 0.0103056 208.298
730	1	818.917	28199.3	28187.9	11.4074	624	546	278	1	0.0001 Colloc0 624 3619 0.0533439 168.577
740	1	830.251	28252.4	28240.7	11.6241	620	533	291	0	0.0001 Colloc0 620 3609 0.0316925 182.43
750	1	841.696	28279.7	28267.8	11.9542	622	512	312	1	0.0001 Colloc0 622 3613 0.0278021 204.248
760	1	853.115	28179.6	28168.5	11.1451	625	540	284	3	0.0001 Colloc0 625 3639 0.132613 152.358
770	1	864.505	28163.1	28151.5	11.6407	634	560	264	0	0.0001 Colloc0 634 3636 0.14687 183.507
780	1	875.85	28197.1	28185.4	11.6804	615	550	274	1	0.0001 Colloc0 615 3622 0.0506091 186.089
790	1	887.179	28179.1	28167.3	11.882	616	552	272	0	0.0001 Colloc0 616 3626 0.0369341 199.409
800	1	898.387	28286.9	28274.8	12.1211	642	553	271	1	0.0001 Colloc0 642 3632 0.0206263 215.59
810	1	909.479	28248	28236.3	11.6987	630	530	294	2	0.0001 Colloc0 630 3599 0.0290682 187.289
820	1	920.36	28187.4	28176.1	11.3379	625	539	285	1	0.0001 Colloc0 625 3590 0.0917284 164.22
830	1	931.254	28158.7	28147.4	11.2666	637	537	287	1	0.0001 Colloc0 637 3574 0.150396 159.794
840	1	942.23	28265.7	28253.6	12.1249	624	524	300	1	0.0001 Colloc0 624 3616 0.0264466 215.853
850	1	953.382	28303.2	28291.5	11.7029	650	509	315	2	0.0001 Colloc0 650 3601 0.0960479 187.558
860	1	964.084	28186.5	28174.5	12.0125	634	525	299	2	0.0001 Colloc0 634 3611 0.0166146 208.192
870	1	974.901	28286.8	28275.5	11.2945	647	527	297	1	0.0001 Colloc0 647 3615 0.142715 161.519
880	1	986.104	28172.7	28161.2	11.5035	624	538	286	1	0.0001 Colloc0 624 3617 0.136571 174.67
890	1	997.413	28169.6	28158.2	11.3482	627	523	301	1	0.0001 Colloc0 627 3596 0.109828 164.859
900	1	1008.82	28255.2	28243.4	11.8159	634	549	275	0	0.0001 Colloc0 634 3603 0.0680686 195.009
910	1	1020.02	28160.1	28148.3	11.8537	610	556	268	2	0.0001 Colloc0 610 3610 0.0162971 197.518
920	1	1031.1	28141	28129.5	11.4733	635	514	310	1	0.0001 Colloc0 635 3600 0.0725475 172.746
930	1	1042.26	28221	28209	11.9043	642	524	300	1	0.0001 Colloc0 642 3610 0.0471467 200.898
940	1	1053.53	28274.4	28263.3	11.1184	634	536	288	1	0.0001 Colloc0 634 3619 0.131658 150.744
950	1	1065.19	28175.4	28164.2	11.2495	631	536	288	2	0.0001 Colloc0 631 3585 0.0952358 158.741
960	1	1076.6	28192.3	28180.6	11.7577	630	537	287	2	0.0001 Colloc0 630 3596 0.061251 191.162
970	1	1087.98	28227.2	28215.8	11.32	626	532	292	2	0.0001 Colloc0 626 3608 0.0901266 163.1
980	1	1099.2	28166.6	28154.9	11.721	636	559	265	0	0.0001 Colloc0 636 3614 0.0637307 188.748
990	1	1110.25	28215.3	28203.4	11.8998	615	523	301	0	0.0001 Colloc0 615 3602 0.000996833 200.598
1000	1	1121.07	28222.5	28211.3	11.1858	639	526	298	2	0.0001 Colloc0 639 3614 0.157602 154.834
1010	1	1132.08	28187.1	28174.9	12.1696	623	537	287	1	0.0001 Colloc0 623 3592 0.0113787 218.923
1020	1	1142.73	28183.9	28172.3	11.6244	619	529	295	2	0.0001 Colloc0 619 3588 0.085341 182.45
1030	1	1153.55	28116.2	28104.7	11.422	617	530	294	1	0.0001 Colloc0 617 3606 0.109057 169.499
1040	1	1164.9	28115.8	28103.9	11.9192	626	549	275	1	0.0001 Colloc0 626 3581 0.0445132 201.901
1050	1	1176.15	28082	28070.4	11.5639	626	559	265	1	0.0001 Colloc0 626 3583 0.05775 178.543
1060	1	1187.37	28135.1	28123.4	11.661	617	553	271	1	0.0001 Colloc0 617 3605 0.0957403 184.825
1070	1	1198.59	28170.1	28158.8	11.2854	630	532	292	1	0.0001 Colloc0 630 3619 0.120424 160.957
1080	1	1209.96	28074.7	28063.5	11.1979	618	567	257	1	0.0001 Colloc0 618 3607 0.127428 155.57
1090	1	1221.55	28201	28188.8	12.1566	636	547	277	2	0.0001 Colloc0 636 3600 0.00769665 218.032
1100	1	1232.99	28245.6	28233.7	11.8634	635	517	307	0	0.0001 Colloc0 635 3583 0.0597549 198.163
1110	1	1244.28	28180.4	28168.6	11.7412	626	546	278	0	0.0001 Colloc0 626 3609 0.0523591 190.074
1120	1	1255.45	28174.2	28161.9	12.3014	631	533	291	3	0.0001 Colloc0 631 3588 0.0281459 228.057
1130	1	1266.52	28200.3	28188.5	11.7472	636	538	286	1	0.0001 Colloc0 636 3583 0.0921843 190.47
1140	1	1277.88	28203.5	28191.8	11.6886	630	534	290	0	0.0001 Colloc0 630 3596 0.0902402 186.625
1150	1	1289.27	28137.8	28126.2	11.563	634	535	289	1	0.0001 Colloc0 634 3583 0.0938198 178.483
1160	1	1300.27	28230.9	28219.5	11.419	615	521	303	3	0.0001 Colloc0 615 3601 0.0497886 169.304
1170	1	1311.18	28253.4	28242.1	11.3034	648	530	294	2	0.0001 Colloc0 648 3592 0.143092 162.07
1180	1	1322.49	28247.8	28236.6	11.157	637	522	302	1	0.0001 Colloc0 637 3613 0.162722 153.083
1190	1	1333.35	28139.9	28127.8	12.1496	626	543	281	2	0.0001 Colloc0 626 3604 0.0676288 217.547
1200	1	1344.08	28193.2	28181.3	11.9296	630	523	301	1	0.0001 Colloc0 630 3599 0.00285352 202.594
1210	1	1355.07	28225.7	28213.9	11.7354	612	540	284	1	0.0001 Colloc0 612 3630 0.0440155 189.694
1220	1	1366.17	28191	28179.1	11.8857	632	531	293	2	0.0001 Colloc0 632 3592 0.0869163 199.651
1230	1	1377.33	28165.9	28153.9	11.9538	623	552	272	3	0.0001 Colloc0 623 3619 0.0262593 204.221
1240	1	1388.19	28138.8	28126.6	12.1171	612	561	263	2	0.0001 Colloc0 612 3622 0.00934737 215.318
1250	1	1399.21	28168.3	28157.1	11.2268	627	526	298	1	0.0001 Colloc0 627 3590 0.108928 157.341
1260	1	1410.31	28140.9	28129.6	11.3552	610	545	279	2	0.0001 Colloc0 610 3622 0.112501 165.297
1270	1	1421.31	28071.6	28059.8	11.7328	609	542	282	1	0.0001 Colloc0 609 3616 0.0529156 189.522
1280	1	1432.51	28189.3	28177.5	11.851	641	536	288	2	0.0001 Colloc0 641 3622 0.0330711 197.342
1290	1	1443.74	28107.3	28096	11.2343	609	557	267	3	0.0001 Colloc0 609 3624 0.0873566 157.8
1300	1	1454.83	28248.5	28236.5	12	624	538	286	1	0.0001 Colloc0 624 3630 0.0105576 207.344
1310	1	1465.95	28222.9	28210.9	11.9651	608	538	286	0	0.0001 Colloc0 608 3642 0.0031418 204.984
1320	1	1476.96	28250.4	28239.6	10.7806	627	530	294	1	0.0001 Colloc0 627 3620 0.196152 130.921
1330	1	1487.92	28282.4	28271.2	11.2279	630	509	315	0	0.0001 Colloc0 630 3612 0.141331 157.41
1340	1	1498.87	28194	28182.2	11.7881	639	529	295	1	0.0001 Colloc0 639 3598 0.0518942 193.167
1350	1	1509.91	28047.8	28036.1	11.6952	606	555	269	1	0.0001 Colloc0 606 3598 0.0290637 187.054
1360	1	1521.21	28175.3	28163.8	11.5797	618	511	313	2	0.0001 Colloc0 618 3587 0.0588449 179.56
1370	1	1532.07	28283.5	28271.5	11.97	617	491	333	0	0.0001 Colloc0 617 3621 0.0144362 205.314
1380	1	1542.77	28139	28127.2	11.7914	635	529	295	2	0.0001 Colloc0 635 3602 0.0619252 193.386
1390	1	1553.95	28088.3	28076.4	11.8752	598	545	279	3	0.0001 Colloc0 598 3615 0.0135326 198.955
1400	1	1565.13	28142.5	28130.7	11.7555	612	548	276	3	0.0001 Colloc0 612 3609 0.0547793 191.013
1410	1	1576.39	28175	28163.3	11.7016	634	513	311	0	0.0001 Colloc0 634 3600 0.0793194 187.477
1420	1	1587.6	28151.6	28140.4	11.2118	620	507	317	2	0.0001 Colloc0 620 3599 0.130912 156.422
1430	1	1598.42	28103.3	28091.4	11.8849	599	526	298	0	0.0001 Colloc0 599 3623 0.025389 199.598
1440	1	1609.42	27968.3	27957	11.2531	601	571	253	0	0.0001 Colloc0 601 3599 0.0881517 158.961
1450	1	1620.35	28112	28100.4	11.5199	613	525	299	4	0.0001 Colloc0 613 3619 0.0732497 175.716
1460	1	1631.13	28147.2	28136.2	11.0839	618	529	295	2	0.0001 Colloc0 618 3628 0.140574 148.666
1470	1	1642.02	28119.5	28108.7	10.8651	628	540	284	2	0.0001 Colloc0 628 3629 0.185683 135.769
1480	1	1652.9	28016.8	28004.7	12.1589	603	576	248	0	0.0001 Colloc0 603 3614 0.00168825 218.19
1490	1	1664.21	28165.9	28154.7	11.283	638	530	294	0	0.0001 Colloc0 638 3626 0.142475 160.809
1500	1	1675.38	28094	28082.1	11.8948	604	549	275	0	0.0001 Colloc0 604 3617 0.0151912 200.262
1510	1	1686.37	28053	28041	11.9587	617	557	267	3	0.0001 Colloc0 617 3594 0.0235823 204.551
1520	1	1697.44	28089.6	28078.1	11.5246	625	557	267	1	0.0001 Colloc0 625 3607 0.0858722 176.015
1530	1	1708.58	28091.9	28080.5	11.3389	625	541	283	1	0.0001 Colloc0 625 3612 0.107351 164.282
1540	1	1719.66	28014.1	28002.3	11.8122	598	575	249	0	0.0001 Colloc0 598 3604 0.00911812 194.763
1550	1	1730.75	28073.1	28061	12.0711	606	539	285	2	0.0001 Colloc0 606 3620 0.0182549 212.171
1560	1	1741.7	28125.9	28113.9	11.992	612	518	306	1	0.0001 Colloc0 612 3618 0.00806864 206.803
1570	1	1752.53	28128.3	28116.8	11.546	620	547	277	0	0.0001 Colloc0 620 3616 0.0905032 177.389
1580	1	1763.48	28074.9	28063.5	11.3486	631	530	294	1	0.0001 Colloc0 631 3619 0.116259 164.889
1590	1	1774.3	28090.6	28079	11.6083	619	537	287	1	0.0001 Colloc0 619 3639 0.0575514 181.403
1600	1	1785.28	28005.3	27993.7	11.5768	617	568	256	1	0.0001 Colloc0 617 3603 0.061113 179.37
1610	1	1796.05	28019.4	28007.8	11.6263	622	560	264	0	0.0001 Colloc0 622 3602 0.0749785 182.567
1620	1	1806.98	28049.9	28038.7	11.2362	638	535	289	2	0.0001 Colloc0 638 3609 0.128905 157.919
1630	1	1817.67	28018.2	28006.3	11.9023	617	552	272	0	0.0001 Colloc0 617 3607 0.0743877 200.765
1640	1	1828.42	28059.3	28047.6	11.7265	612	534	290	1	0.0001 Colloc0 612 3604 0.0211789 189.105
1650	1	1839.24	28103.6	28091.5	12.1186	614	530	294	1	0.0001 Colloc0 614 3626 0.00894208 215.421
1660	1	1849.76	28168.4	28156.7	11.6731	646	520	304	2	0.0001 Colloc0 646 3605 0.104357 185.616
1670	1	1860.16	28058	28046.3	11.7046	628	542	282	2	0.0001 Colloc0 628 3583 0.0573826 187.67
1680	1	1870.71	28117.7	28106.2	11.4456	613	541	283	1	0.0001 Colloc0 613 3592 0.0836961 170.99
1690	1	1881.25	27965.9	27954.6	11.302	597	553	271	0	0.0001 Colloc0 597 3589 0.0650545 161.986
1700	1	1891.92	28044	28032.8	11.2276	617	558	266	1	0.0001 Colloc0 617 3616 0.146726 157.391
1710	1	1902.62	27968.1	27956.3	11.7853	607	538	286	0	0.0001 Colloc0 607 3601 0.0645208 192.978
1720	1	1913.31	28094.4	28082.8	11.6449	621	544	280	4	0.0001 Colloc0 621 3606 0.083306 183.778
1730	1	1923.97	28130.7	28118.9	11.783	624	550	274	0	0.0001 Colloc0 624 3612 0.0737417 192.83
1740	1	1934.68	28069.4	28058.7	10.7243	619	550	274	2	0.0001 Colloc0 619 3595 0.182137 127.732
1750	1	1945.23	28019.9	28008.1	11.7521	621	545	279	2	0.0001 Colloc0 621 3611 0.0536708 190.79
1760	1	1955.67	28088.1	28075.5	12.5728	644	533	291	0	0.0001 Colloc0 644 3566 0.00707137 247.215
1770	1	1966.21	28129.3	28117.4	11.8206	625	526	298	0	0.0001 Colloc0 625 3607 0.0928762 195.319
1780	1	1976.9	28012.8	28001.6	11.2243	604	544	280	1	0.0001 Colloc0 604 3596 0.114528 157.19
1790	1	1987.61	28040.4	28029	11.4075	628	549	275	0	0.0001 Colloc0 628 3602 0.0781886 168.58
1800	1	1998.03	28094.6	28083	11.6436	632	544	280	2	0.0001 Colloc0 632 3599 0.0507163 183.693
1810	1	2008.36	28102.5	28091.2	11.328	626	526	298	0	0.0001 Colloc0 626 3587 0.132048 163.603
1820	1	2018.69	28193	28181.1	11.9037	625	518	306	3	0.0001 Colloc0 625 3606 0.0511273 200.857
1830	1	2029.16	28194.4	28182.8	11.5944	634	494	330	1	0.0001 Colloc0 634 3591 0.0979237 180.504
1840	1	2039.63	28094.7	28083	11.702	621	548	276	1	0.0001 Colloc0 621 3588 0.0544877 187.501
1850	1	2050.02	28092	28080.4	11.6509	624	540	284	2	0.0001 Colloc0 624 3576 0.0501953 184.169
1860	1	2060.46	27988.5	27976.2	12.3246	624	553	271	2	0.0001 Colloc0 624 3580 0.00490314 229.674
1870	1	2070.83	27925.7	27914.5	11.1811	612	577	247	2	0.0001 Colloc0 612 3567 0.116381 154.545
1880	1	2081.15	28084.5	28073.3	11.2069	620	542	282	2	0.0001 Colloc0 620 3590 0.0926892 156.124
1890	1	2091.46	28091.8	28080.1	11.6566	606	544	280	2	0.0001 Colloc0 606 3581 0.0772914 184.538
1900	1	2101.81	27943.7	27931.7	12.0218	618	561	263	1	0.0001 Colloc0 618 3572 0.00617666 208.823
1910	1	2112.14	28046.9	28034.9	12.0451	626	544	280	1	0.0001 Colloc0 626 3570 0.0244786 210.4
1920	1	2122.41	28121.4	28109.6	11.8017	613	534	290	2	0.0001 Colloc0 613 3592 0.0787802 194.067
1930	1	2132.97	28110	28098	12.0463	616	525	299	1	0.0001 Colloc0 616 3587 0.0168152 210.483
1940	1	2143.32	28097.3	28085.7	11.6774	625	532	292	0	0.0001 Colloc0 625 3622 0.058308 185.897
1950	1	2153.8	28047.9	28036.5	11.3754	635	542	282	3	0.0001 Colloc0 635 3602 0.120899 166.562
1960	1	2164.06	27910.7	27899	11.682	604	548	276	2	0.0001 Colloc0 604 3567 0.0355711 186.195
1970	1	2174.18	27884.5	27873.3	11.1331	612	573	251	2	0.0001 Colloc0 612 3593 0.151498 151.629
1980	1	2184.44	28040.8	28029.3	11.4365	635	573	251	0	0.0001 Colloc0 635 3591 0.115185 170.415
1990	1	2194.62	27851.9	27840.2	11.7114	608	594	230	2	0.0001 Colloc0 608 3570 0.0240003 188.119
2000	1	2204.89	27898.2	27887.2	11.0621	623	583	241	1	0.0001 Colloc0 623 3552 0.153433 147.359
