# D = 0, E = 1, I = 1, P = 1, R = -1, n = 2000, N = 1, P = 1, w = 1, a = 0.0001, b = 10000, e = 1, f = 1, g = 100, h = 0.01, r = 16191, s = 1, S = 0, x = 10, m = 100, Z = 1, z = 0, T = 1, t = 1
# 10492 tokens in 824 sentences
#
# It	Temp	Time	-logP	-logPcorpus	-logPrior	tables	same	changed	reject	default_pya	(parent pym pyn pya pyb)*
0	1	0.936857	41589.1	41475.4	113.764	2956	0	824	0	0.0001 Colloc0 2956 5001 0.0001 10000
10	1	13.7529	31776.3	31763.7	12.5993	763	212	612	3	0.0001 Colloc0 763 4318 0.0405617 249.109
20	1	25.6891	30858.7	30847	11.692	635	311	513	9	0.0001 Colloc0 635 4312 0.0484616 186.847
30	1	37.7293	30689.7	30678.3	11.4453	630	323	501	4	0.0001 Colloc0 630 4326 0.0698595 170.967
40	1	49.8234	30583.2	30571.8	11.3868	611	309	515	3	0.0001 Colloc0 611 4311 0.0137016 167.277
50	1	61.8766	30449.9	30438.4	11.4709	619	339	485	6	0.0001 Colloc0 619 4274 0.0386335 172.596
60	1	73.4128	30270.6	30259.1	11.5262	615	345	479	1	0.0001 Colloc0 615 4269 0.0360941 176.119
70	1	85.647	30157.6	30146.8	10.7792	603	401	423	1	0.0001 Colloc0 603 4302 0.11511 130.844
80	1	97.6971	29976.9	29966.2	10.7437	597	406	418	1	0.0001 Colloc0 597 4276 0.132639 128.827
90	1	109.202	30041.1	30029.3	11.7693	639	375	449	3	0.0001 Colloc0 639 4237 0.0378753 191.922
100	1	121.119	29911.6	29899.9	11.6621	611	400	424	6	0.0001 Colloc0 611 4188 0.0183639 184.9
110	1	133.119	29975.1	29963.7	11.3481	612	398	426	1	0.0001 Colloc0 612 4214 0.0614932 164.855
120	1	145.33	29757.1	29745.6	11.5567	605	400	424	3	0.0001 Colloc0 605 4175 0.0579497 178.075
130	1	157.486	29709.1	29698.1	11.0669	597	393	431	4	0.0001 Colloc0 597 4194 0.0858095 147.651
140	1	168.934	29675	29664.4	10.6175	615	414	410	4	0.0001 Colloc0 615 4140 0.19428 121.777
150	1	181	29818.1	29807	11.1784	608	405	419	1	0.0001 Colloc0 608 4172 0.0711398 154.385
160	1	192.411	29710.9	29699.9	10.9824	594	414	410	2	0.0001 Colloc0 594 4202 0.121455 142.627
170	1	204.375	29739	29729.2	9.87649	632	412	412	0	0.0001 Colloc0 632 4193 0.273554 84.2044
180	1	216.38	29726.8	29715.9	10.8775	585	403	421	1	0.0001 Colloc0 585 4191 0.136665 136.486
190	1	227.488	29522.9	29511.9	10.9546	601	418	406	0	0.0001 Colloc0 601 4187 0.117339 140.987
200	1	239.089	29362.9	29352.2	10.6645	592	460	364	0	0.0001 Colloc0 592 4172 0.17771 124.384
210	1	250.846	29456.2	29445.4	10.7708	618	455	369	2	0.0001 Colloc0 618 4174 0.192632 130.363
220	1	263.104	29503.4	29492.3	11.0974	610	423	401	0	0.0001 Colloc0 610 4162 0.123241 149.48
230	1	274.838	29514.3	29503.3	10.967	608	446	378	2	0.0001 Colloc0 608 4202 0.158354 141.715
240	1	287.055	29378.2	29368.1	10.1053	612	465	359	1	0.0001 Colloc0 612 4165 0.189373 95.0711
250	1	299.182	29434.8	29423.7	11.16	609	452	372	3	0.0001 Colloc0 609 4175 0.108202 153.265
260	1	311.312	29530.9	29520.2	10.7047	593	409	415	1	0.0001 Colloc0 593 4168 0.141193 126.629
270	1	323.185	29087	29076.4	10.5996	599	491	333	1	0.0001 Colloc0 599 4118 0.183754 120.792
280	1	335.144	29346	29335.4	10.5133	611	460	364	2	0.0001 Colloc0 611 4151 0.192902 116.091
290	1	346.916	29439.3	29427.9	11.3583	593	436	388	2	0.0001 Colloc0 593 4152 0.0519491 165.492
300	1	359.036	29487	29475.9	11.0762	612	414	410	1	0.0001 Colloc0 612 4138 0.139588 148.203
310	1	370.922	29509.6	29498.9	10.7311	621	405	419	1	0.0001 Colloc0 621 4131 0.152289 128.118
320	1	382.298	29755.5	29744.5	10.974	638	388	436	3	0.0001 Colloc0 638 4146 0.144012 142.131
330	1	393.785	29424	29413.1	10.9584	609	462	362	1	0.0001 Colloc0 609 4154 0.156579 141.213
340	1	405.758	29418.8	29407.8	10.9975	591	436	388	0	0.0001 Colloc0 591 4126 0.0826982 143.515
350	1	417.621	29395.6	29384.3	11.3878	593	428	396	2	0.0001 Colloc0 593 4164 0.0729336 167.342
360	1	429.109	29267.5	29256.7	10.8287	600	446	378	1	0.0001 Colloc0 600 4137 0.161153 133.671
370	1	440.955	29193.8	29182.7	11.0771	587	461	363	1	0.0001 Colloc0 587 4126 0.109828 148.258
380	1	453.087	29282.5	29271.4	11.0576	611	471	353	2	0.0001 Colloc0 611 4115 0.118503 147.09
390	1	464.485	29276.3	29265.3	10.9507	611	439	385	1	0.0001 Colloc0 611 4110 0.142529 140.761
400	1	476.668	29306.5	29295.2	11.3025	599	438	386	2	0.0001 Colloc0 599 4111 0.090726 162.018
410	1	488.673	29307.6	29296.8	10.777	603	462	362	3	0.0001 Colloc0 603 4090 0.129852 130.714
420	1	500.767	29346.4	29335.2	11.2144	610	435	389	0	0.0001 Colloc0 610 4122 0.0688468 156.581
430	1	512.965	29356.3	29345.4	10.9931	621	428	396	1	0.0001 Colloc0 621 4106 0.111335 143.26
440	1	524.603	29025.5	29014.9	10.6102	589	471	353	2	0.0001 Colloc0 589 4042 0.145966 121.374
450	1	535.985	29101.5	29090	11.5101	597	464	360	1	0.0001 Colloc0 597 4043 0.0450804 175.088
460	1	547.717	29158.2	29146.7	11.4152	606	456	368	3	0.0001 Colloc0 606 4036 0.0668239 169.068
470	1	559.256	29236.1	29225	11.0613	612	434	390	1	0.0001 Colloc0 612 4049 0.102348 147.313
480	1	570.868	29143.7	29132.9	10.8821	605	471	353	0	0.0001 Colloc0 605 4060 0.191161 136.754
490	1	582.61	29140.4	29129.3	11.1905	589	431	393	1	0.0001 Colloc0 589 4052 0.0828847 155.118
500	1	594.057	29004.8	28993.4	11.384	591	479	345	1	0.0001 Colloc0 591 4030 0.0668345 167.101
510	1	605.417	28955.4	28944.3	11.1311	579	474	350	2	0.0001 Colloc0 579 4042 0.112079 151.51
520	1	617.15	28914.2	28903.1	11.1633	591	481	343	4	0.0001 Colloc0 591 4033 0.0886172 153.462
530	1	629.201	29114.9	29103.1	11.7416	597	482	342	4	0.0001 Colloc0 597 4041 0.00832588 190.098
540	1	641.245	29255.2	29244.5	10.6425	610	442	382	2	0.0001 Colloc0 610 4052 0.181229 123.162
550	1	653.492	29030.6	29019.4	11.1838	600	474	350	2	0.0001 Colloc0 600 4020 0.0807401 154.714
560	1	665.581	29039.1	29028.8	10.2908	601	476	348	1	0.0001 Colloc0 601 4006 0.222942 104.377
570	1	676.905	28939.9	28928.6	11.3401	589	485	339	5	0.0001 Colloc0 589 4000 0.089468 164.356
580	1	688.214	29031.8	29021.2	10.5665	598	468	356	1	0.0001 Colloc0 598 4014 0.166232 118.978
590	1	700.23	29011.3	29000.1	11.1814	591	478	346	4	0.0001 Colloc0 591 4032 0.0857298 154.567
600	1	712.262	29060	29049.1	10.9497	587	471	353	1	0.0001 Colloc0 587 4028 0.129507 140.699
610	1	724.368	28996.3	28984.3	11.9929	591	472	352	1	0.0001 Colloc0 591 4027 0.0116528 206.862
620	1	736.504	29161.5	29150.5	10.9763	603	452	372	3	0.0001 Colloc0 603 4035 0.155187 142.262
630	1	748.825	28989.3	28977.9	11.3426	600	491	333	1	0.0001 Colloc0 600 4014 0.079165 164.513
640	1	761.043	28924.3	28913.1	11.1468	597	505	319	2	0.0001 Colloc0 597 4004 0.126609 152.461
650	1	773.319	28793.9	28782.9	10.9858	586	518	306	2	0.0001 Colloc0 586 4011 0.11743 142.828
660	1	785.18	28770.2	28758.9	11.2466	573	516	308	0	0.0001 Colloc0 573 3979 0.0371524 158.562
670	1	796.689	29012.3	29001.6	10.7091	623	472	352	1	0.0001 Colloc0 623 3977 0.170392 126.877
680	1	808.81	29011.2	29000.6	10.6627	606	476	348	2	0.0001 Colloc0 606 3982 0.194008 124.282
690	1	821.084	29059.3	29048.2	11.1204	593	455	369	2	0.0001 Colloc0 593 4020 0.0874762 150.867
700	1	832.701	28937.7	28926.7	11.0257	608	502	322	4	0.0001 Colloc0 608 4019 0.136855 145.19
710	1	844.396	28816.1	28804.7	11.3685	592	509	315	2	0.0001 Colloc0 592 3982 0.0854614 166.132
720	1	856.684	28843.7	28832.8	10.9483	604	499	325	1	0.0001 Colloc0 604 3984 0.137172 140.619
730	1	868.787	29126.1	29114.8	11.2821	614	456	368	0	0.0001 Colloc0 614 4009 0.0813846 160.749
740	1	880.855	28967.2	28956	11.2129	607	468	356	1	0.0001 Colloc0 607 4022 0.0905958 156.492
750	1	892.828	28751.5	28741.1	10.4393	587	523	301	0	0.0001 Colloc0 587 3967 0.199481 112.133
760	1	905.136	28740.8	28730.2	10.5815	592	511	313	2	0.0001 Colloc0 592 3975 0.159879 119.8
770	1	916.982	28913.7	28902.8	10.9298	605	489	335	0	0.0001 Colloc0 605 3997 0.145272 139.532
780	1	928.738	28888.3	28877.4	10.9302	601	482	342	2	0.0001 Colloc0 601 3982 0.132019 139.556
790	1	940.716	28900.7	28890.1	10.6479	606	490	334	1	0.0001 Colloc0 606 3984 0.165862 123.458
800	1	953.099	28831.3	28820.8	10.5777	614	505	319	0	0.0001 Colloc0 614 3976 0.186118 119.59
810	1	965.285	28819.6	28808.6	10.9764	602	508	316	0	0.0001 Colloc0 602 3974 0.125201 142.27
820	1	976.76	28872.8	28862.1	10.7229	587	499	325	1	0.0001 Colloc0 587 4002 0.148063 127.656
830	1	988.596	28892	28880.4	11.5934	614	510	314	2	0.0001 Colloc0 614 3983 0.0663955 180.442
840	1	1000.88	28988.9	28978.3	10.6495	617	461	363	1	0.0001 Colloc0 617 3981 0.176232 123.551
850	1	1013.16	29043.1	29032	11.1508	602	476	348	2	0.0001 Colloc0 602 4004 0.104397 152.702
860	1	1025.35	29002.3	28990.9	11.3223	606	439	385	2	0.0001 Colloc0 606 3980 0.0902937 163.248
870	1	1037.12	29078.1	29066.7	11.4468	612	442	382	2	0.0001 Colloc0 612 3970 0.0751118 171.066
880	1	1049.39	28971	28960.5	10.5089	607	487	337	4	0.0001 Colloc0 607 3993 0.172556 115.855
890	1	1061.02	28979	28967.9	11.1483	618	489	335	2	0.0001 Colloc0 618 3999 0.126866 152.554
900	1	1072.87	28972.5	28961.4	11.1689	610	494	330	1	0.0001 Colloc0 610 3984 0.133962 153.803
910	1	1084.82	29084.8	29073	11.7506	600	463	361	1	0.0001 Colloc0 600 4008 0.0584955 190.691
920	1	1096.37	29019.9	29008.8	11.1309	621	489	335	2	0.0001 Colloc0 621 3999 0.134781 151.498
930	1	1108.09	28914.4	28903.4	10.9492	606	465	359	2	0.0001 Colloc0 606 4011 0.119425 140.673
940	1	1119.95	29012.8	29001.3	11.5128	597	480	344	0	0.0001 Colloc0 597 4001 0.0478854 175.262
950	1	1132.03	28947.4	28936.3	11.0358	597	484	340	4	0.0001 Colloc0 597 3994 0.089131 145.791
960	1	1144.07	28883.4	28872.1	11.3411	597	495	329	0	0.0001 Colloc0 597 3972 0.0592189 164.419
970	1	1155.86	28944.4	28933.2	11.14	612	474	350	5	0.0001 Colloc0 612 3959 0.0887094 152.05
980	1	1167.25	28903.4	28892.5	10.9341	599	486	338	2	0.0001 Colloc0 599 3979 0.113873 139.787
990	1	1179.49	28927.9	28916.8	11.145	603	496	328	0	0.0001 Colloc0 603 3986 0.104723 152.355
1000	1	1191.4	29055.9	29044.6	11.2377	616	479	345	0	0.0001 Colloc0 616 3979 0.115414 158.012
1010	1	1203.28	28809.2	28798.3	10.8742	599	503	321	1	0.0001 Colloc0 599 3977 0.127931 136.296
1020	1	1215.4	28803.7	28792.5	11.1824	596	486	338	1	0.0001 Colloc0 596 3946 0.110555 154.63
1030	1	1227.43	28869.1	28858	11.0122	621	488	336	2	0.0001 Colloc0 621 3952 0.142983 144.387
1040	1	1239.48	28786.7	28775.6	11.0635	604	490	334	0	0.0001 Colloc0 604 3936 0.118398 147.445
1050	1	1251.79	28795.3	28784.5	10.7984	621	504	320	0	0.0001 Colloc0 621 3938 0.147958 131.938
1060	1	1263.34	28830.2	28819.4	10.782	616	494	330	0	0.0001 Colloc0 616 3957 0.164823 130.999
1070	1	1275.54	28945.8	28935.4	10.3788	612	469	355	3	0.0001 Colloc0 612 3973 0.206795 108.938
1080	1	1287.33	28722.8	28711.9	10.9099	602	499	325	2	0.0001 Colloc0 602 3944 0.129819 138.371
1090	1	1298.71	28755.9	28744.2	11.6217	605	497	327	3	0.0001 Colloc0 605 3939 0.0513237 182.275
1100	1	1311.11	28783.7	28772.3	11.4393	595	498	326	0	0.0001 Colloc0 595 3971 0.0364218 170.589
1110	1	1322.63	28844.4	28833.3	11.1248	604	481	343	1	0.0001 Colloc0 604 3973 0.108512 151.133
1120	1	1334.28	28648.9	28637.7	11.2363	598	516	308	1	0.0001 Colloc0 598 3944 0.0855157 157.924
1130	1	1346.24	28897.9	28886.4	11.4778	616	472	352	0	0.0001 Colloc0 616 3937 0.0847729 173.033
1140	1	1358.35	28588.9	28577.9	10.9787	590	515	309	2	0.0001 Colloc0 590 3935 0.110022 142.41
1150	1	1369.91	28758.1	28747.6	10.4883	630	502	322	0	0.0001 Colloc0 630 3943 0.181537 114.746
1160	1	1381.34	28759.9	28749.3	10.5811	603	506	318	2	0.0001 Colloc0 603 3955 0.167892 119.777
1170	1	1392.81	28740.7	28729	11.6707	596	513	311	2	0.0001 Colloc0 596 3934 0.0550506 185.458
1180	1	1403.9	28731.4	28719.7	11.6858	612	486	338	1	0.0001 Colloc0 612 3962 0.0520449 186.446
1190	1	1415.21	28560	28549.2	10.7952	602	527	297	0	0.0001 Colloc0 602 3915 0.135078 131.753
1200	1	1426.55	28644.7	28633.4	11.2584	587	490	334	3	0.0001 Colloc0 587 3928 0.0934295 159.286
1210	1	1438.63	28732.1	28721.1	11.0036	590	480	344	2	0.0001 Colloc0 590 3929 0.128462 143.878
1220	1	1450.73	28790.4	28779.5	10.8229	600	481	343	2	0.0001 Colloc0 600 3937 0.136529 133.34
1230	1	1462.59	28858.3	28846.6	11.6556	604	462	362	2	0.0001 Colloc0 604 3967 0.027865 184.471
1240	1	1474.8	28683.7	28672.7	11.0156	593	490	334	4	0.0001 Colloc0 593 3947 0.14188 144.588
1250	1	1486.9	28745.6	28734.7	10.9482	608	495	329	2	0.0001 Colloc0 608 3940 0.124976 140.613
1260	1	1499.02	28748.3	28736.9	11.4199	604	491	333	2	0.0001 Colloc0 604 3969 0.0692531 169.365
1270	1	1510.7	28796.2	28785.1	11.1214	612	469	355	2	0.0001 Colloc0 612 3952 0.141926 150.926
1280	1	1522.04	28775.7	28763.9	11.7752	598	475	349	2	0.0001 Colloc0 598 3937 0.0146842 192.311
1290	1	1533.39	28765.4	28754.4	11.0467	607	473	351	1	0.0001 Colloc0 607 3949 0.139845 146.44
1300	1	1545.52	28755	28744.2	10.8515	603	476	348	2	0.0001 Colloc0 603 3951 0.14395 134.986
1310	1	1557.66	28781.9	28770.8	11.1022	610	493	331	1	0.0001 Colloc0 610 3971 0.123133 149.766
1320	1	1569.2	28640.4	28629.2	11.2161	579	483	341	2	0.0001 Colloc0 579 3960 0.0733595 156.684
1330	1	1580.85	28775.9	28764.3	11.5773	611	495	329	2	0.0001 Colloc0 611 3933 0.0777444 179.404
1340	1	1592.78	28748.8	28738	10.7699	592	486	338	5	0.0001 Colloc0 592 3935 0.14604 130.315
1350	1	1604.6	28691.1	28680.2	10.8658	607	493	331	2	0.0001 Colloc0 607 3929 0.163028 135.811
1360	1	1615.8	28728.2	28716.9	11.2738	585	492	332	1	0.0001 Colloc0 585 3947 0.0552586 160.236
1370	1	1627.44	28724.8	28714	10.7521	602	501	323	2	0.0001 Colloc0 602 3937 0.175276 129.302
1380	1	1639.37	28830.9	28819.6	11.3118	598	481	343	1	0.0001 Colloc0 598 3963 0.0968273 162.594
1390	1	1651.34	28773.9	28763.6	10.3488	592	473	351	2	0.0001 Colloc0 592 3962 0.170109 107.372
1400	1	1663.11	28884.6	28873.2	11.4108	589	476	348	2	0.0001 Colloc0 589 3967 0.0750241 168.791
1410	1	1674.69	28738.6	28727.6	11.008	596	466	358	5	0.0001 Colloc0 596 3947 0.111438 144.141
1420	1	1686.64	28895.6	28884.4	11.2024	611	440	384	1	0.0001 Colloc0 611 3948 0.0787689 155.85
1430	1	1698.55	28793.8	28782.9	10.9111	608	461	363	3	0.0001 Colloc0 608 3937 0.109978 138.439
1440	1	1710.61	28786.9	28775.8	11.076	601	475	349	2	0.0001 Colloc0 601 3942 0.11072 148.196
1450	1	1722.68	28779.5	28768.7	10.7528	615	469	355	1	0.0001 Colloc0 615 3905 0.163526 129.344
1460	1	1734.52	28693.2	28682.4	10.7919	604	491	333	1	0.0001 Colloc0 604 3917 0.108257 131.567
1470	1	1746.15	28522.4	28512.1	10.2661	586	519	305	1	0.0001 Colloc0 586 3915 0.221408 103.111
1480	1	1757.68	28740.8	28729.3	11.4409	596	517	307	2	0.0001 Colloc0 596 3935 0.0941171 170.691
1490	1	1769.17	28617.6	28606.1	11.5292	580	520	304	2	0.0001 Colloc0 580 3920 0.0408822 176.31
1500	1	1780.74	28797.5	28786.2	11.333	602	458	366	3	0.0001 Colloc0 602 3908 0.103698 163.912
1510	1	1792.13	28748.2	28737.5	10.6916	599	468	356	4	0.0001 Colloc0 599 3923 0.207031 125.894
1520	1	1803.55	28772.7	28761.3	11.4019	581	462	362	2	0.0001 Colloc0 581 3935 0.0864878 168.232
1530	1	1814.88	28741.4	28730	11.4625	595	472	352	1	0.0001 Colloc0 595 3935 0.0729234 172.062
1540	1	1826.36	28739.7	28728.9	10.7394	637	478	346	3	0.0001 Colloc0 637 3926 0.176379 128.586
1550	1	1837.65	28564.6	28554	10.5847	610	519	305	2	0.0001 Colloc0 610 3899 0.16717 119.978
1560	1	1848.9	28509.7	28498.6	11.1252	589	518	306	0	0.0001 Colloc0 589 3884 0.0668232 151.152
1570	1	1860.4	28436.4	28425.4	11.0056	596	545	279	3	0.0001 Colloc0 596 3875 0.152141 143.995
1580	1	1872.06	28513.2	28501.4	11.8271	588	517	307	0	0.0001 Colloc0 588 3901 0.00475363 195.75
1590	1	1883.77	28454.9	28443.6	11.3411	587	536	288	0	0.0001 Colloc0 587 3873 0.0656623 164.417
1600	1	1895.2	28373.5	28362	11.505	596	554	270	0	0.0001 Colloc0 596 3865 0.119334 174.765
1610	1	1906.3	28585.8	28574.3	11.5703	599	496	328	4	0.0001 Colloc0 599 3890 0.0347089 178.949
1620	1	1917.55	28460.4	28449.6	10.8576	599	538	286	1	0.0001 Colloc0 599 3884 0.135262 135.335
1630	1	1928.59	28420.8	28409.8	10.9314	594	557	267	1	0.0001 Colloc0 594 3871 0.159287 139.63
1640	1	1939.77	28383.5	28372.5	10.9295	593	546	278	3	0.0001 Colloc0 593 3886 0.133001 139.515
1650	1	1951.23	28395.3	28384.2	11.0964	592	562	262	0	0.0001 Colloc0 592 3863 0.0893602 149.419
1660	1	1962.05	28400.7	28389.4	11.2159	598	555	269	3	0.0001 Colloc0 598 3872 0.0978128 156.675
1670	1	1972.71	28368.4	28357.4	10.9964	594	550	274	1	0.0001 Colloc0 594 3880 0.130444 143.455
1680	1	1983.53	28502	28491.3	10.7457	617	520	304	2	0.0001 Colloc0 617 3880 0.166235 128.939
1690	1	1994.52	28406.5	28395.7	10.7999	592	523	301	0	0.0001 Colloc0 592 3877 0.125883 132.024
1700	1	2005.45	28576.9	28565.1	11.7274	614	495	329	1	0.0001 Colloc0 614 3868 0.0560566 189.163
1710	1	2016.57	28520.4	28508.9	11.5199	594	527	297	3	0.0001 Colloc0 594 3904 0.0685556 175.717
1720	1	2027.86	28497	28485.4	11.643	593	508	316	2	0.0001 Colloc0 593 3886 0.0503716 183.656
1730	1	2039.09	28310.5	28300.2	10.2924	579	549	275	4	0.0001 Colloc0 579 3870 0.150943 104.457
1740	1	2050.58	28287.4	28276.8	10.6372	588	571	253	4	0.0001 Colloc0 588 3865 0.208299 122.868
1750	1	2061.73	28514.6	28503.6	11.0151	590	505	319	2	0.0001 Colloc0 590 3862 0.116474 144.56
1760	1	2072.72	28570.4	28559.2	11.1979	598	508	316	4	0.0001 Colloc0 598 3876 0.127206 155.575
1770	1	2084.11	28387.3	28376.3	11.0078	585	524	300	3	0.0001 Colloc0 585 3863 0.126482 144.128
1780	1	2095.38	28317.2	28306.4	10.79	605	538	286	4	0.0001 Colloc0 605 3854 0.155876 131.459
1790	1	2106.68	28395.8	28384.5	11.3101	608	515	309	0	0.0001 Colloc0 608 3860 0.112938 162.487
1800	1	2117.82	28440	28428.9	11.1776	590	528	296	0	0.0001 Colloc0 590 3887 0.0902326 154.333
1810	1	2128.75	28383.2	28372.1	11.0639	586	518	306	3	0.0001 Colloc0 586 3858 0.0836574 147.471
1820	1	2139.52	28477	28466	11.0535	597	509	315	1	0.0001 Colloc0 597 3863 0.114764 146.849
1830	1	2150.46	28502.6	28491.9	10.6813	597	514	310	1	0.0001 Colloc0 597 3847 0.137392 125.323
1840	1	2161.58	28407.6	28396.2	11.3672	609	533	291	3	0.0001 Colloc0 609 3860 0.105263 166.048
1850	1	2172.87	28398.5	28387.6	10.9076	608	530	294	3	0.0001 Colloc0 608 3825 0.138253 138.237
1860	1	2183.76	28435.9	28424	11.9109	616	532	292	1	0.0001 Colloc0 616 3863 0.0411606 201.339
1870	1	2194.68	28307.9	28297.1	10.8057	593	541	283	0	0.0001 Colloc0 593 3852 0.147973 132.352
1880	1	2205.61	28247.3	28236.4	10.9162	586	576	248	4	0.0001 Colloc0 586 3865 0.14774 138.737
1890	1	2216.44	28292.1	28281.1	11.0201	607	539	285	1	0.0001 Colloc0 607 3865 0.140296 144.858
1900	1	2227.51	28417.9	28407.5	10.3892	609	526	298	0	0.0001 Colloc0 609 3877 0.228062 109.483
1910	1	2238.53	28349.2	28338.1	11.1407	593	529	295	0	0.0001 Colloc0 593 3862 0.0981136 152.095
1920	1	2249.3	28441.8	28430.7	11.0402	589	518	306	1	0.0001 Colloc0 589 3893 0.0990029 146.051
1930	1	2260.06	28429.9	28418.3	11.6357	601	512	312	0	0.0001 Colloc0 601 3873 0.0749038 183.178
1940	1	2271.01	28350.7	28339.5	11.2572	596	528	296	3	0.0001 Colloc0 596 3871 0.0920661 159.212
1950	1	2282.04	28382.5	28371.5	10.9681	586	517	307	2	0.0001 Colloc0 586 3852 0.111758 141.782
1960	1	2292.89	28417.5	28406.2	11.291	593	469	355	0	0.0001 Colloc0 593 3861 0.106734 161.303
1970	1	2304	28596.3	28585.4	10.8953	593	504	320	2	0.0001 Colloc0 593 3884 0.113156 137.522
1980	1	2315.13	28351.5	28340.6	10.9363	581	523	301	0	0.0001 Colloc0 581 3865 0.0946095 139.915
1990	1	2325.93	28287.4	28276.6	10.8046	595	552	272	1	0.0001 Colloc0 595 3841 0.156505 132.293
2000	1	2337.09	28336.4	28325.7	10.6784	608	544	280	1	0.0001 Colloc0 608 3867 0.181092 125.158
