# D = 0, E = 1, I = 1, P = 1, R = -1, n = 2000, N = 1, P = 1, w = 1, a = 0.0001, b = 10000, e = 1, f = 1, g = 100, h = 0.01, r = 29119, s = 1, S = 0, x = 10, m = 100, Z = 1, z = 0, T = 1, t = 1
# 10492 tokens in 824 sentences
#
# It	Temp	Time	-logP	-logPcorpus	-logPrior	tables	same	changed	reject	default_pya	(parent pym pyn pya pyb)*
0	1	0.897863	37898.5	37784.7	113.764	2059	0	824	0	0.0001 Colloc0 2059 3805 0.0001 10000
10	1	13.8899	30392	30379.5	12.4283	729	309	515	4	0.0001 Colloc0 729 4007 0.0426123 236.955
20	1	25.9671	29987.7	29975.6	12.1655	688	375	449	1	0.0001 Colloc0 688 4019 0.00369199 218.639
30	1	38.1202	29753.8	29741.9	11.8791	658	388	436	1	0.0001 Colloc0 658 3997 0.0404386 199.211
40	1	49.6914	29589.9	29578.5	11.4312	635	399	425	5	0.0001 Colloc0 635 4014 0.0755884 170.078
50	1	61.5706	29553.1	29541.3	11.7411	649	393	431	2	0.0001 Colloc0 649 3976 0.0448573 190.066
60	1	73.7198	29652.7	29641.6	11.0501	659	423	401	2	0.0001 Colloc0 659 4020 0.126928 146.646
70	1	84.8761	29423.3	29411.4	11.8692	620	442	382	2	0.0001 Colloc0 620 3998 0.0294478 198.549
80	1	96.4153	29369	29357.2	11.7466	632	417	407	2	0.0001 Colloc0 632 3970 0.0565307 190.429
90	1	108.161	29187.8	29176.3	11.5318	619	457	367	2	0.0001 Colloc0 619 3962 0.0506393 176.481
100	1	120.2	29156.9	29145.7	11.22	619	471	353	2	0.0001 Colloc0 619 3971 0.129087 156.926
110	1	132.149	29196.9	29185	11.8368	625	446	378	3	0.0001 Colloc0 625 3936 0.0418885 196.397
120	1	143.891	29017.8	29005.8	12.0458	614	478	346	4	0.0001 Colloc0 614 3937 0.0549181 210.454
130	1	155.98	29223	29211.4	11.5901	631	459	365	1	0.0001 Colloc0 631 3942 0.0697304 180.23
140	1	168.154	29381.1	29369.2	11.8732	647	430	394	0	0.0001 Colloc0 647 3962 0.0387638 198.821
150	1	180.239	29220.7	29209	11.6937	636	437	387	4	0.0001 Colloc0 636 3953 0.0511417 186.959
160	1	192.176	29310.4	29298.9	11.5699	620	439	385	3	0.0001 Colloc0 620 3964 0.0491825 178.925
170	1	203.369	29289.6	29277.8	11.8184	620	442	382	2	0.0001 Colloc0 620 3965 0.036518 195.172
180	1	215.269	29168.5	29156.7	11.7531	624	436	388	2	0.0001 Colloc0 624 3933 0.0370296 190.859
190	1	226.683	29096.8	29085.6	11.1994	618	440	384	2	0.0001 Colloc0 618 3952 0.0918459 155.665
200	1	237.929	29039.7	29028.3	11.3841	620	456	368	2	0.0001 Colloc0 620 3935 0.11269 167.11
210	1	249.937	29236.6	29224.5	12.1253	645	403	421	4	0.0001 Colloc0 645 3925 0.0654651 215.882
220	1	261.809	29199	29187.5	11.4546	627	421	403	0	0.0001 Colloc0 627 3929 0.0756001 171.556
230	1	273.71	28849.7	28838.2	11.5479	602	483	341	2	0.0001 Colloc0 602 3921 0.0535423 177.511
240	1	285.541	28900.5	28888.9	11.5584	612	475	349	1	0.0001 Colloc0 612 3911 0.0968934 178.188
250	1	297.404	28966.3	28954.8	11.5536	627	463	361	2	0.0001 Colloc0 627 3924 0.0690789 177.879
260	1	308.589	29058.1	29047.1	10.9723	632	441	383	2	0.0001 Colloc0 632 3891 0.136699 142.029
270	1	320.597	28895.1	28883.5	11.578	618	462	362	1	0.0001 Colloc0 618 3889 0.0470339 179.448
280	1	332.311	28877.1	28865.1	11.916	620	472	352	2	0.0001 Colloc0 620 3889 0.0302974 201.681
290	1	343.731	28631.3	28620	11.3469	594	510	314	3	0.0001 Colloc0 594 3875 0.0457838 164.783
300	1	354.946	28781	28769.4	11.6259	602	490	334	2	0.0001 Colloc0 602 3881 0.0251806 182.548
310	1	366.657	28764.7	28753.1	11.5531	618	477	347	0	0.0001 Colloc0 618 3898 0.0406577 177.845
320	1	378.484	28774.6	28762.6	12.0177	617	479	345	0	0.0001 Colloc0 617 3864 0.020411 208.545
330	1	389.607	28713.6	28702.2	11.4042	613	490	334	1	0.0001 Colloc0 613 3874 0.0518022 168.375
340	1	401.467	28592.2	28580.7	11.547	590	501	323	2	0.0001 Colloc0 590 3885 0.0226269 177.457
350	1	413.359	28741.9	28730.2	11.6824	610	473	351	2	0.0001 Colloc0 610 3871 0.0770891 186.218
360	1	425.329	28740.5	28729.7	10.7637	634	463	361	0	0.0001 Colloc0 634 3879 0.193567 129.961
370	1	437.082	28651.4	28639.7	11.6989	614	499	325	0	0.0001 Colloc0 614 3852 0.0828575 187.3
380	1	448.341	28831.2	28819.6	11.6616	614	438	386	1	0.0001 Colloc0 614 3876 0.0800795 184.865
390	1	460.214	28783.3	28772.4	10.9352	617	444	380	1	0.0001 Colloc0 617 3870 0.0905221 139.848
400	1	471.849	28583.3	28571.7	11.6459	618	495	329	3	0.0001 Colloc0 618 3852 0.0713914 183.846
410	1	483.576	28513	28501.6	11.3385	584	517	307	3	0.0001 Colloc0 584 3877 0.0454812 164.255
420	1	495.699	28551.9	28540.8	11.165	595	479	345	0	0.0001 Colloc0 595 3882 0.0911195 153.565
430	1	507.809	28555.2	28543.1	12.0579	606	485	339	1	0.0001 Colloc0 606 3862 0.0290201 211.272
440	1	520.135	28764.2	28752.9	11.3331	612	477	347	0	0.0001 Colloc0 612 3875 0.0810691 163.919
450	1	531.855	28726.2	28714.1	12.0108	601	475	349	1	0.0001 Colloc0 601 3865 0.0474064 208.078
460	1	543.51	28660.9	28648.8	12.1534	600	481	343	1	0.0001 Colloc0 600 3864 0.0140623 217.81
470	1	555.237	28564.6	28552.9	11.6726	604	496	328	1	0.0001 Colloc0 604 3861 0.0606947 185.581
480	1	566.502	28659	28647.4	11.5702	613	484	340	0	0.0001 Colloc0 613 3858 0.0512967 178.949
490	1	578.312	28556.8	28545	11.8701	607	489	335	1	0.0001 Colloc0 607 3839 0.0139018 198.61
500	1	589.911	28364.1	28353.1	11.0148	588	528	296	3	0.0001 Colloc0 588 3859 0.100236 144.545
510	1	601.865	28418.5	28407.2	11.3064	585	511	313	1	0.0001 Colloc0 585 3852 0.0575924 162.256
520	1	614.012	28464	28452.6	11.4437	600	519	305	0	0.0001 Colloc0 600 3842 0.0743679 170.87
530	1	626.018	28485.2	28474	11.1739	609	517	307	3	0.0001 Colloc0 609 3819 0.0874703 154.112
540	1	638.058	28515.4	28503.7	11.7069	608	514	310	1	0.0001 Colloc0 608 3847 0.0767354 187.821
550	1	649.612	28446.7	28435.5	11.1642	590	497	327	1	0.0001 Colloc0 590 3855 0.0809793 153.52
560	1	661.245	28498.1	28486.7	11.4962	599	501	323	1	0.0001 Colloc0 599 3853 0.0453526 174.207
570	1	673.213	28580.9	28569.6	11.3771	606	484	340	2	0.0001 Colloc0 606 3870 0.0854259 166.67
580	1	684.863	28518.4	28507.2	11.145	594	486	338	1	0.0001 Colloc0 594 3847 0.0643078 152.354
590	1	696.59	28421.6	28410	11.63	602	501	323	1	0.0001 Colloc0 602 3828 0.0682344 182.81
600	1	708.417	28414.4	28403.5	10.876	594	528	296	0	0.0001 Colloc0 594 3850 0.144125 136.399
610	1	720.203	28396	28385.5	10.4756	615	517	307	1	0.0001 Colloc0 615 3843 0.188226 114.068
620	1	732.129	28421.3	28410.1	11.2659	603	536	288	2	0.0001 Colloc0 603 3837 0.0727067 159.747
630	1	743.766	28297.6	28286.3	11.2964	588	522	302	3	0.0001 Colloc0 588 3843 0.0634426 161.638
640	1	755.788	28459.7	28448.7	10.9948	611	514	310	1	0.0001 Colloc0 611 3844 0.156677 143.359
650	1	767.846	28438	28426.7	11.305	585	519	305	0	0.0001 Colloc0 585 3831 0.0858721 162.17
660	1	780.018	28343.7	28333	10.7294	608	506	318	3	0.0001 Colloc0 608 3818 0.188774 128.019
670	1	791.949	28363.7	28352.2	11.4746	610	508	316	1	0.0001 Colloc0 610 3832 0.0834357 172.826
680	1	880.896	28347.6	28336.4	11.1841	602	505	319	2	0.0001 Colloc0 602 3833 0.0834364 154.732
690	1	892.465	28365	28353.6	11.3539	610	509	315	1	0.0001 Colloc0 610 3813 0.114538 165.218
700	1	904.368	28311.5	28300.2	11.265	603	553	271	2	0.0001 Colloc0 603 3822 0.111402 159.696
710	1	916.325	28449.4	28438	11.3717	615	499	325	2	0.0001 Colloc0 615 3837 0.0705953 166.331
720	1	928.312	28398.2	28386.3	11.909	598	512	312	5	0.0001 Colloc0 598 3835 0.0358006 201.217
730	1	940.355	28384.8	28373.4	11.3817	607	513	311	1	0.0001 Colloc0 607 3830 0.126945 166.962
740	1	952.146	28359.2	28347.8	11.4234	601	515	309	0	0.0001 Colloc0 601 3851 0.0838422 169.586
750	1	964.163	28459.8	28448.6	11.2173	604	501	323	4	0.0001 Colloc0 604 3847 0.0579936 156.757
760	1	976.026	28368.1	28356.2	11.8624	623	529	295	2	0.0001 Colloc0 623 3842 0.0520585 198.1
770	1	988.043	28303.9	28292.2	11.7326	607	534	290	1	0.0001 Colloc0 607 3816 0.010588 189.511
780	1	999.971	28315.8	28304.7	11.0896	598	524	300	1	0.0001 Colloc0 598 3820 0.109941 149.008
790	1	1012.13	28311.9	28300.9	11.0246	608	522	302	1	0.0001 Colloc0 608 3820 0.131491 145.128
800	1	1024.01	28299.5	28287.5	11.9431	620	544	280	3	0.0001 Colloc0 620 3836 0.0120779 203.503
810	1	1035.41	28269.6	28258	11.6628	598	532	292	1	0.0001 Colloc0 598 3827 0.0397837 184.945
820	1	1047.39	28361	28349.6	11.4214	610	510	314	2	0.0001 Colloc0 610 3829 0.0771374 169.46
830	1	1059.52	28496.4	28484.8	11.6375	606	503	321	0	0.0001 Colloc0 606 3852 0.0396889 183.298
840	1	1071.47	28451.1	28439.3	11.8146	609	479	345	1	0.0001 Colloc0 609 3834 0.03236 194.919
850	1	1083.01	28340.1	28328.8	11.3577	596	504	320	2	0.0001 Colloc0 596 3843 0.0854208 165.456
860	1	1094.59	28304.8	28293.4	11.378	593	521	303	1	0.0001 Colloc0 593 3824 0.0608475 166.726
870	1	1106.16	28387.4	28376.4	10.986	608	487	337	2	0.0001 Colloc0 608 3837 0.104681 142.835
880	1	1117.83	28381.4	28370.2	11.1729	587	527	297	0	0.0001 Colloc0 587 3860 0.0717344 154.046
890	1	1130.02	28346.1	28335.5	10.6924	593	505	319	2	0.0001 Colloc0 593 3817 0.175743 125.939
900	1	1142.43	28400.3	28388.6	11.6787	601	510	314	1	0.0001 Colloc0 601 3832 0.0294916 185.981
910	1	1154.64	28306.6	28295.6	10.99	579	514	310	1	0.0001 Colloc0 579 3847 0.0822192 143.074
920	1	1166.83	28250.5	28239.8	10.7192	576	523	301	0	0.0001 Colloc0 576 3845 0.110824 127.446
930	1	1178.97	28221.6	28210.1	11.411	595	538	286	2	0.0001 Colloc0 595 3821 0.0394918 168.803
940	1	1190.83	28290.3	28279.3	10.9407	602	521	303	3	0.0001 Colloc0 602 3834 0.14604 140.173
950	1	1202.38	28306.2	28295.1	11.1314	588	521	303	0	0.0001 Colloc0 588 3849 0.091115 151.53
960	1	1214.54	28213.4	28202.5	10.9481	598	538	286	2	0.0001 Colloc0 598 3824 0.161579 140.604
970	1	1226.79	28249.8	28238.1	11.7611	582	524	300	0	0.0001 Colloc0 582 3826 0.00341653 191.383
980	1	1238.84	28218.2	28206.4	11.7451	583	520	304	3	0.0001 Colloc0 583 3811 0.0149947 190.33
990	1	1251.06	28404.9	28393.2	11.726	602	524	300	1	0.0001 Colloc0 602 3854 0.0633309 189.072
1000	1	1263.25	28370.6	28359.4	11.2777	608	509	315	2	0.0001 Colloc0 608 3843 0.0892043 160.478
1010	1	1275.03	28343.7	28332.6	11.0688	589	514	310	3	0.0001 Colloc0 589 3833 0.0813408 147.762
1020	1	1286.23	28360.5	28349	11.4548	591	495	329	1	0.0001 Colloc0 591 3835 0.0350592 171.574
1030	1	1297.72	28224.8	28213.6	11.2699	585	522	302	0	0.0001 Colloc0 585 3814 0.0576102 159.997
1040	1	1309.86	28283.7	28272.5	11.2007	601	515	309	1	0.0001 Colloc0 601 3817 0.119001 155.742
1050	1	1321.83	28328.4	28317.5	10.961	609	503	321	2	0.0001 Colloc0 609 3837 0.136381 141.366
1060	1	1333.58	28253	28241.5	11.5435	583	530	294	1	0.0001 Colloc0 583 3811 0.0182428 177.229
1070	1	1344.86	28324.6	28313.4	11.154	605	522	302	0	0.0001 Colloc0 605 3824 0.145017 152.902
1080	1	1356.8	28175.3	28164.3	11.0322	595	538	286	1	0.0001 Colloc0 595 3827 0.13606 145.577
1090	1	1368.69	28294.9	28283.6	11.2332	605	528	296	0	0.0001 Colloc0 605 3823 0.0834377 157.736
1100	1	1380.42	28288.2	28277.3	10.9789	589	506	318	3	0.0001 Colloc0 589 3838 0.0683479 142.42
1110	1	1392.23	28322.9	28311.8	11.1544	567	506	318	0	0.0001 Colloc0 567 3826 0.0598115 152.925
1120	1	1403.94	28291.7	28280.5	11.1682	619	513	311	4	0.0001 Colloc0 619 3814 0.141729 153.764
1130	1	1415.01	28286.7	28275.1	11.6641	580	513	311	2	0.0001 Colloc0 580 3849 0.00878324 185.024
1140	1	1426.97	28357	28345.2	11.8525	599	494	330	3	0.0001 Colloc0 599 3829 0.0415797 197.442
1150	1	1439.03	28301.3	28290.1	11.2097	601	522	302	6	0.0001 Colloc0 601 3827 0.120639 156.297
1160	1	1451.04	28303.8	28292.7	11.1025	579	504	320	1	0.0001 Colloc0 579 3845 0.0753592 149.784
1170	1	1462.99	28372.4	28361.2	11.2059	600	492	332	1	0.0001 Colloc0 600 3840 0.0840828 156.063
1180	1	1474.71	28189.2	28177.7	11.4995	580	541	283	0	0.0001 Colloc0 580 3833 0.0165166 174.413
1190	1	1486.5	28199.6	28189.5	10.1426	576	538	286	1	0.0001 Colloc0 576 3837 0.230293 96.9043
1200	1	1498.94	28483.5	28471.8	11.7344	601	488	336	2	0.0001 Colloc0 601 3840 0.06773 189.629
1210	1	1510.68	28241.4	28229.8	11.5904	600	523	301	1	0.0001 Colloc0 600 3793 0.0595132 180.248
1220	1	1522.22	28279.6	28268.4	11.2047	585	528	296	3	0.0001 Colloc0 585 3812 0.0886106 155.986
1230	1	1534	28234.1	28223.3	10.7543	592	504	320	0	0.0001 Colloc0 592 3812 0.137781 129.43
1240	1	1545.18	28212.9	28201.8	11.1679	583	499	325	3	0.0001 Colloc0 583 3816 0.0821192 153.746
1250	1	1556.99	28247.9	28237.1	10.8261	597	529	295	1	0.0001 Colloc0 597 3822 0.135578 133.521
1260	1	1568.72	28291.4	28279.5	11.8281	600	531	293	1	0.0001 Colloc0 600 3842 0.0133269 195.818
1270	1	1580.39	28246.9	28235.7	11.251	594	517	307	2	0.0001 Colloc0 594 3818 0.117123 158.833
1280	1	1591.63	28211.8	28200.4	11.4491	594	539	285	2	0.0001 Colloc0 594 3818 0.0669379 171.213
1290	1	1603.37	28177.3	28166.6	10.6649	599	537	287	1	0.0001 Colloc0 599 3800 0.148282 124.404
1300	1	1615	28309.9	28298.7	11.2073	603	513	311	3	0.0001 Colloc0 603 3826 0.121232 156.15
1310	1	1626.79	28174.3	28163	11.3515	607	538	286	0	0.0001 Colloc0 607 3800 0.0952456 165.067
1320	1	1638.22	28413.9	28402.8	11.1519	605	500	324	0	0.0001 Colloc0 605 3844 0.134791 152.773
1330	1	1650.01	28215.2	28204	11.2697	585	526	298	2	0.0001 Colloc0 585 3805 0.116363 159.982
1340	1	1661.65	28011.5	28000.6	10.9025	592	563	261	0	0.0001 Colloc0 592 3794 0.142567 137.941
1350	1	1672.96	28218.7	28207.5	11.2893	587	529	295	0	0.0001 Colloc0 587 3797 0.0976291 161.197
1360	1	1684.55	28233.9	28223.3	10.5927	609	530	294	1	0.0001 Colloc0 609 3802 0.180403 120.413
1370	1	1696.29	28174.4	28163.5	10.8549	583	531	293	1	0.0001 Colloc0 583 3823 0.128846 135.183
1380	1	1707.71	28317.9	28306.2	11.7215	589	503	321	1	0.0001 Colloc0 589 3811 0.0103584 188.779
1390	1	1719.47	28198.1	28187.1	10.9915	607	539	285	0	0.0001 Colloc0 607 3797 0.119843 143.161
1400	1	1731.18	28253.9	28242.9	10.9814	593	517	307	1	0.0001 Colloc0 593 3809 0.0985471 142.564
1410	1	1742.71	28237.7	28226.8	10.923	600	515	309	1	0.0001 Colloc0 600 3805 0.137797 139.136
1420	1	1754.18	28325.5	28313.9	11.5809	598	525	299	1	0.0001 Colloc0 598 3801 0.0291344 179.636
1430	1	1765.8	28310.6	28299.9	10.7046	606	531	293	2	0.0001 Colloc0 606 3808 0.142148 126.625
1440	1	1777.72	28163.6	28152.2	11.4041	574	527	297	1	0.0001 Colloc0 574 3784 0.0705767 168.367
1450	1	1789.05	28334.6	28323.4	11.2355	596	482	342	1	0.0001 Colloc0 596 3796 0.114887 157.877
1460	1	1800.22	28212.4	28201.2	11.1727	608	499	325	2	0.0001 Colloc0 608 3804 0.0821825 154.033
1470	1	1812.07	27996.4	27985.5	10.8658	569	575	249	1	0.0001 Colloc0 569 3809 0.0744331 135.812
1480	1	1824.2	28109.5	28097.8	11.6785	584	520	304	0	0.0001 Colloc0 584 3758 0.0189656 185.965
1490	1	1835.95	28215.9	28204.1	11.7332	604	527	297	1	0.0001 Colloc0 604 3777 0.0102716 189.545
1500	1	1847.04	28120.8	28109.2	11.5333	603	541	283	0	0.0001 Colloc0 603 3779 0.0461776 176.576
1510	1	1858.18	28083.4	28071.9	11.549	600	551	273	0	0.0001 Colloc0 600 3779 0.0510594 177.584
1520	1	1871.95	28037.4	28026.6	10.771	601	533	291	0	0.0001 Colloc0 601 3763 0.181625 130.373
1530	1	1883.54	28118.6	28106.7	11.8657	591	517	307	2	0.0001 Colloc0 591 3772 0.0532433 198.316
1540	1	1894.96	28151.4	28140.4	11.0227	586	520	304	0	0.0001 Colloc0 586 3782 0.111039 145.01
1550	1	1906.54	28189.9	28178.9	11.0203	598	510	314	1	0.0001 Colloc0 598 3768 0.128907 144.869
1560	1	1917.97	27908.5	27897.3	11.1034	569	588	236	1	0.0001 Colloc0 569 3782 0.0968876 149.84
1570	1	1929.26	28092.5	28081.2	11.3041	588	560	264	1	0.0001 Colloc0 588 3772 0.0540406 162.115
1580	1	1940.74	28123.7	28112.5	11.1209	602	540	284	1	0.0001 Colloc0 602 3766 0.130018 150.897
1590	1	1952.03	28181	28169.3	11.7345	592	517	307	1	0.0001 Colloc0 592 3786 0.0342147 189.633
1600	1	1962.86	28171.1	28160.1	11.0837	596	524	300	1	0.0001 Colloc0 596 3800 0.0900049 148.656
1610	1	1973.9	27965.8	27955.1	10.782	576	561	263	2	0.0001 Colloc0 576 3781 0.126526 131.003
1620	1	1984.81	27949.5	27938.3	11.2191	594	548	276	0	0.0001 Colloc0 594 3765 0.0750247 156.87
1630	1	1995.9	28112.3	28101.6	10.652	591	546	278	1	0.0001 Colloc0 591 3759 0.160998 123.687
1640	1	2006.92	28065.6	28054.2	11.4711	611	552	272	0	0.0001 Colloc0 611 3758 0.0744822 172.605
1650	1	2017.95	28241.1	28229.3	11.889	593	505	319	1	0.0001 Colloc0 593 3798 0.0066837 199.872
1660	1	2028.86	28067.9	28057.1	10.8129	596	542	282	2	0.0001 Colloc0 596 3770 0.120468 132.769
1670	1	2040.07	28088.5	28076.9	11.5905	592	552	272	3	0.0001 Colloc0 592 3780 0.0480359 180.254
1680	1	2051.15	28157.4	28146	11.437	593	533	291	1	0.0001 Colloc0 593 3798 0.0686517 170.445
1690	1	2062.1	28119.8	28108.3	11.5587	598	521	303	2	0.0001 Colloc0 598 3785 0.0606315 178.206
1700	1	2073.13	27989.3	27978	11.3182	586	573	251	2	0.0001 Colloc0 586 3791 0.106253 162.99
1710	1	2083.67	28084.3	28073.1	11.1769	593	525	299	1	0.0001 Colloc0 593 3771 0.0939408 154.289
1720	1	2094.53	28138.9	28127.5	11.4316	606	523	301	3	0.0001 Colloc0 606 3784 0.0925649 170.103
1730	1	2105.62	28119.4	28108.4	11.044	605	528	296	3	0.0001 Colloc0 605 3782 0.105569 146.282
1740	1	2117.08	28019.9	28008.7	11.2429	593	551	273	3	0.0001 Colloc0 593 3803 0.0639042 158.334
1750	1	2128.02	28029.1	28017.9	11.1381	600	559	265	0	0.0001 Colloc0 600 3802 0.0883418 151.936
1760	1	2138.88	27907	27896	11.0544	577	588	236	1	0.0001 Colloc0 577 3781 0.0983168 146.904
1770	1	2149.89	27968	27957.3	10.7183	595	567	257	0	0.0001 Colloc0 595 3764 0.147817 127.398
1780	1	2160.66	28137.4	28126.1	11.2649	611	522	302	0	0.0001 Colloc0 611 3788 0.129502 159.688
1790	1	2171.74	28192.2	28181.4	10.7679	600	519	305	0	0.0001 Colloc0 600 3797 0.156343 130.197
1800	1	2182.46	28164.1	28152.3	11.8154	596	535	289	0	0.0001 Colloc0 596 3785 0.00834518 194.976
1810	1	2193.24	28185.2	28174.1	11.0715	615	522	302	1	0.0001 Colloc0 615 3775 0.0937956 147.923
1820	1	2204.04	28039.1	28028.7	10.468	592	559	265	1	0.0001 Colloc0 592 3777 0.184357 113.662
1830	1	2214.83	28140.6	28129.7	10.9193	603	511	313	2	0.0001 Colloc0 603 3803 0.186206 138.922
1840	1	2225.52	28069.8	28058.8	10.9979	603	526	298	1	0.0001 Colloc0 603 3776 0.130875 143.544
1850	1	2236.28	28102.4	28090.8	11.5983	583	535	289	0	0.0001 Colloc0 583 3786 0.0428171 180.756
1860	1	2247.05	28025.3	28014.1	11.21	580	567	257	0	0.0001 Colloc0 580 3796 0.0805024 156.31
1870	1	2257.84	28126	28114.6	11.3687	598	534	290	1	0.0001 Colloc0 598 3800 0.0705302 166.146
1880	1	2268.5	28197.3	28185.7	11.6151	607	500	324	2	0.0001 Colloc0 607 3760 0.0384659 181.845
1890	1	2279.45	28144	28132.6	11.3763	589	520	304	0	0.0001 Colloc0 589 3787 0.0563257 166.618
1900	1	2290.33	28044.7	28033.4	11.2586	581	545	279	2	0.0001 Colloc0 581 3774 0.0562372 159.301
1910	1	2301.38	28121.7	28110.8	10.9268	600	541	283	0	0.0001 Colloc0 600 3787 0.148401 139.36
1920	1	2312.18	27998.9	27987.4	11.5644	585	541	283	0	0.0001 Colloc0 585 3787 0.0716581 178.573
1930	1	2323.27	28030.4	28019.3	11.1095	596	538	286	2	0.0001 Colloc0 596 3757 0.144393 150.205
1940	1	2333.99	28164	28151.9	12.1167	595	528	296	0	0.0001 Colloc0 595 3788 0.00155256 215.293
1950	1	2344.69	28178.2	28166.8	11.4985	584	539	285	1	0.0001 Colloc0 584 3817 0.0331075 174.351
1960	1	2355.27	28004.7	27994.1	10.6215	605	553	271	2	0.0001 Colloc0 605 3760 0.170092 122
1970	1	2365.87	28147.9	28136	11.8763	595	521	303	2	0.0001 Colloc0 595 3784 0.0227076 199.03
1980	1	2376.49	28024.8	28014.1	10.696	593	525	299	4	0.0001 Colloc0 593 3748 0.122586 126.141
1990	1	2387.23	28076.9	28065.8	11.1838	582	506	318	3	0.0001 Colloc0 582 3779 0.0714793 154.714
2000	1	2398.22	28010.8	28000	10.777	611	563	261	3	0.0001 Colloc0 611 3752 0.148298 130.717
