# D = 0, E = 1, I = 1, P = 1, R = -1, n = 2000, N = 1, P = 1, w = 1, a = 0.0001, b = 10000, e = 1, f = 1, g = 100, h = 0.01, r = 27715, s = 1, S = 0, x = 10, m = 100, Z = 1, z = 0, T = 1, t = 1
# 10492 tokens in 824 sentences
#
# It	Temp	Time	-logP	-logPcorpus	-logPrior	tables	same	changed	reject	default_pya	(parent pym pyn pya pyb)*
0	1	0.925859	40434.7	40320.9	113.764	2715	0	824	0	0.0001 Colloc0 2715 4684 0.0001 10000
10	1	13.7769	30757.9	30745.7	12.2474	730	346	478	4	0.0001 Colloc0 730 4118 0.0686292 224.303
20	1	26.002	30062	30050	12.0095	638	393	431	2	0.0001 Colloc0 638 4103 0.0250389 207.989
30	1	38.3122	30022.7	30011	11.7079	645	399	425	3	0.0001 Colloc0 645 4114 0.0539593 187.891
40	1	50.6343	29769	29756.9	12.1433	635	435	389	1	0.0001 Colloc0 635 4083 0.0232706 217.112
50	1	62.5115	29310	29298.3	11.7168	604	479	345	4	0.0001 Colloc0 604 4041 0.0026024 188.474
60	1	73.7558	29472.3	29460.4	11.8672	629	470	354	4	0.0001 Colloc0 629 4037 0.0402248 198.42
70	1	85.9509	29351.5	29340.2	11.3376	619	480	344	3	0.0001 Colloc0 619 4034 0.0884206 164.203
80	1	97.7221	29470.2	29458.7	11.5444	634	466	358	3	0.0001 Colloc0 634 4071 0.0460643 177.285
90	1	109.884	29269	29258.1	10.8644	624	477	347	2	0.0001 Colloc0 624 4033 0.119281 135.732
100	1	121.386	29225.9	29215.4	10.5361	617	482	342	3	0.0001 Colloc0 617 4026 0.182137 117.327
110	1	133.443	29283.2	29272.7	10.4943	617	496	328	3	0.0001 Colloc0 617 4025 0.190089 115.068
120	1	145.699	29053.6	29042.5	11.1056	603	518	306	2	0.0001 Colloc0 603 4014 0.105856 149.975
130	1	157.518	29085.6	29074.8	10.8382	601	506	318	3	0.0001 Colloc0 601 3996 0.147644 134.221
140	1	169.596	29128.6	29116.8	11.756	592	509	315	3	0.0001 Colloc0 592 4027 0.0306625 191.046
150	1	181.679	29214.6	29202.8	11.725	596	495	329	4	0.0001 Colloc0 596 4039 0.0262533 189.012
160	1	193.759	29128.4	29117.3	11.0553	631	486	338	3	0.0001 Colloc0 631 4010 0.141086 146.956
170	1	205.336	29096.5	29084.7	11.7878	600	500	324	4	0.0001 Colloc0 600 4020 0.0196114 193.143
180	1	217.3	29121.6	29110.7	10.9135	615	488	336	3	0.0001 Colloc0 615 4024 0.105395 138.583
190	1	229.276	29255.5	29243.7	11.8665	606	465	359	4	0.0001 Colloc0 606 4025 0.00863636 198.374
200	1	241.257	29258.7	29247.4	11.2722	633	443	381	1	0.0001 Colloc0 633 4019 0.10083 160.139
210	1	253.406	29054.6	29043.5	11.0683	621	491	333	1	0.0001 Colloc0 621 4003 0.102092 147.735
220	1	265.593	29105.5	29094.1	11.4084	613	489	335	2	0.0001 Colloc0 613 3998 0.0575323 168.639
230	1	277.357	28916	28904.3	11.6261	588	519	305	3	0.0001 Colloc0 588 3999 0.0233259 182.559
240	1	289.528	28932.2	28920.9	11.3125	612	494	330	3	0.0001 Colloc0 612 3974 0.0959892 162.639
250	1	301.861	28779.3	28768.3	10.9961	585	515	309	3	0.0001 Colloc0 585 3964 0.104105 143.437
260	1	314.194	28947.9	28936.6	11.2473	612	509	315	2	0.0001 Colloc0 612 3982 0.0792794 158.602
270	1	326.431	28996.3	28985	11.307	603	489	335	3	0.0001 Colloc0 603 3980 0.0520152 162.295
280	1	338.754	28891.2	28879.8	11.3826	584	521	303	4	0.0001 Colloc0 584 3983 0.0632297 167.019
290	1	351.054	28727.9	28716.9	10.9454	588	503	321	2	0.0001 Colloc0 588 3961 0.109286 140.451
300	1	363.464	28847.8	28836.7	11.067	614	475	349	1	0.0001 Colloc0 614 3968 0.14166 147.657
310	1	375.76	28713.5	28702.9	10.617	603	509	315	1	0.0001 Colloc0 603 3978 0.192403 121.753
320	1	387.842	28810.8	28799.6	11.119	601	474	350	4	0.0001 Colloc0 601 3967 0.0897899 150.783
330	1	399.678	28705.5	28694.6	10.9028	597	510	314	2	0.0001 Colloc0 597 3955 0.108773 137.958
340	1	411.772	28642.8	28631.8	11.0544	591	513	311	3	0.0001 Colloc0 591 3976 0.100781 146.904
350	1	423.991	28684.3	28673.3	11.0097	586	521	303	2	0.0001 Colloc0 586 3979 0.0928594 144.242
360	1	436.381	28807.3	28795.6	11.7591	608	483	341	0	0.0001 Colloc0 608 3986 0.0446568 191.253
370	1	448.204	28644.8	28634.2	10.564	600	507	317	3	0.0001 Colloc0 600 3961 0.148305 118.842
380	1	460.392	28548.7	28537.6	11.0466	589	530	294	2	0.0001 Colloc0 589 3965 0.154257 146.433
390	1	472.694	28620.9	28609.9	10.9897	598	502	322	5	0.0001 Colloc0 598 3934 0.109598 143.057
400	1	484.407	28612	28600.7	11.3135	593	518	306	4	0.0001 Colloc0 593 3958 0.0503372 162.697
410	1	496.589	28635.9	28625.3	10.5648	593	512	312	3	0.0001 Colloc0 593 3936 0.151134 118.887
420	1	508.389	28711.3	28700.1	11.2816	601	480	344	2	0.0001 Colloc0 601 3975 0.0649737 160.72
430	1	520.216	28648.4	28636.9	11.5078	586	497	327	4	0.0001 Colloc0 586 3946 0.0311432 174.947
440	1	532.444	28726.1	28714.5	11.6114	614	485	339	1	0.0001 Colloc0 614 3935 0.0547189 181.608
450	1	544.76	28659.4	28647.9	11.5425	589	477	347	2	0.0001 Colloc0 589 3924 0.0708635 177.167
460	1	557.048	28615.3	28604.1	11.2042	589	503	321	2	0.0001 Colloc0 589 3939 0.0448233 155.96
470	1	569.137	28754.3	28742.5	11.867	597	475	349	0	0.0001 Colloc0 597 3948 0.0109958 198.409
480	1	580.463	28686	28674.8	11.1983	608	478	346	1	0.0001 Colloc0 608 3917 0.113082 155.597
490	1	592.247	28632.7	28621	11.7145	604	481	343	1	0.0001 Colloc0 604 3931 0.0229567 188.322
500	1	604.076	28474.7	28463.8	10.9196	580	527	297	0	0.0001 Colloc0 580 3936 0.104603 138.94
510	1	616.093	28478.4	28467	11.4167	601	503	321	2	0.0001 Colloc0 601 3932 0.0807144 169.164
520	1	628.457	28399.7	28388.5	11.1293	588	543	281	2	0.0001 Colloc0 588 3904 0.121098 151.401
530	1	639.822	28391	28379.8	11.2353	599	524	300	2	0.0001 Colloc0 599 3910 0.128862 157.864
540	1	651.8	28460.1	28449	11.1584	582	523	301	1	0.0001 Colloc0 582 3919 0.109909 153.165
550	1	663.961	28387.9	28376.7	11.1881	576	526	298	1	0.0001 Colloc0 576 3912 0.0728461 154.976
560	1	676.003	28335.6	28324.9	10.707	589	540	284	2	0.0001 Colloc0 589 3920 0.140293 126.759
570	1	688.077	28399.8	28388.6	11.1633	594	538	286	1	0.0001 Colloc0 594 3893 0.132518 153.464
580	1	699.562	28667.3	28655.5	11.8602	621	495	329	1	0.0001 Colloc0 621 3921 0.019244 197.953
590	1	711.457	28373.7	28362.6	11.1381	580	559	265	1	0.0001 Colloc0 580 3888 0.107261 151.938
600	1	723.549	28430.7	28419.4	11.2535	596	512	312	3	0.0001 Colloc0 596 3891 0.0866339 158.985
610	1	735.766	28573.9	28562.3	11.6341	575	513	311	0	0.0001 Colloc0 575 3913 0.0462351 183.075
620	1	747.711	28426.9	28415.7	11.1776	591	524	300	1	0.0001 Colloc0 591 3909 0.107989 154.333
630	1	759.352	28335	28323.9	11.0363	577	542	282	1	0.0001 Colloc0 577 3913 0.124519 145.819
640	1	770.686	28319.5	28308	11.4972	584	532	292	1	0.0001 Colloc0 584 3874 0.0293019 174.271
650	1	782.396	28349.2	28337.9	11.2882	602	523	301	1	0.0001 Colloc0 602 3870 0.104257 161.131
660	1	794.512	28367.9	28357.5	10.4429	594	511	313	2	0.0001 Colloc0 594 3878 0.13658 112.321
670	1	806.478	28296.2	28284.8	11.4058	585	538	286	1	0.0001 Colloc0 585 3862 0.0923921 168.473
680	1	818.673	28400.8	28389.3	11.5811	612	526	298	0	0.0001 Colloc0 612 3885 0.0414023 179.651
690	1	830.793	28399.3	28388.1	11.2956	606	516	308	3	0.0001 Colloc0 606 3886 0.0632691 161.588
700	1	842.788	28339.8	28328.8	10.974	603	512	312	1	0.0001 Colloc0 603 3849 0.141634 142.127
710	1	855.023	28291.8	28280.5	11.2677	589	535	289	1	0.0001 Colloc0 589 3888 0.0526731 159.861
720	1	867.215	28384.4	28373.1	11.344	593	512	312	2	0.0001 Colloc0 593 3871 0.058403 164.6
730	1	879.094	28379.9	28369.1	10.8024	590	531	293	3	0.0001 Colloc0 590 3874 0.176218 132.166
740	1	891.086	28297.8	28286.9	10.9048	578	520	304	1	0.0001 Colloc0 578 3856 0.0878101 138.078
750	1	903.183	28529.5	28518.4	11.1078	593	488	336	3	0.0001 Colloc0 593 3875 0.106255 150.104
760	1	915.174	28526.3	28514.9	11.3514	598	483	341	0	0.0001 Colloc0 598 3876 0.0532913 165.059
770	1	926.984	28434	28422.4	11.5963	598	519	305	1	0.0001 Colloc0 598 3906 0.073079 180.627
780	1	938.826	28315.5	28304.4	11.0816	606	552	272	2	0.0001 Colloc0 606 3882 0.113472 148.529
790	1	950.833	28380.7	28369.7	10.953	590	521	303	0	0.0001 Colloc0 590 3888 0.104727 140.895
800	1	962.327	28382.7	28372.3	10.3933	596	516	308	0	0.0001 Colloc0 596 3854 0.186322 109.701
810	1	974.075	28432.7	28421	11.6695	593	502	322	0	0.0001 Colloc0 593 3883 0.0292549 185.381
820	1	986.421	28306.2	28295.2	11.004	610	507	317	1	0.0001 Colloc0 610 3860 0.156467 143.904
830	1	998.955	28358.4	28347.3	11.1334	593	498	326	2	0.0001 Colloc0 593 3856 0.0676903 151.651
840	1	1011.31	28261.7	28250.4	11.2623	589	531	293	2	0.0001 Colloc0 589 3858 0.0817535 159.525
850	1	1023.4	28194	28182.6	11.3525	572	523	301	1	0.0001 Colloc0 572 3844 0.0657145 165.129
860	1	1035.39	28197.7	28186.2	11.5137	576	552	272	0	0.0001 Colloc0 576 3844 0.0758509 175.321
870	1	1047.02	28303.2	28291.9	11.3299	614	511	313	3	0.0001 Colloc0 614 3834 0.0904709 163.721
880	1	1058.38	28173.2	28162.2	11.0034	572	534	290	4	0.0001 Colloc0 572 3844 0.0818889 143.869
890	1	1070.3	28248.3	28237.4	10.8442	582	537	287	2	0.0001 Colloc0 582 3850 0.0905755 134.566
900	1	1082.53	28176.6	28165.6	10.9526	589	545	279	2	0.0001 Colloc0 589 3851 0.129415 140.871
910	1	1094.68	28280.7	28269.6	11.0131	582	535	289	2	0.0001 Colloc0 582 3834 0.0932326 144.443
920	1	1107	28301.4	28289.8	11.5227	591	531	293	3	0.0001 Colloc0 591 3850 0.0727352 175.897
930	1	1119.01	28320	28309.3	10.6893	604	536	288	2	0.0001 Colloc0 604 3846 0.175765 125.768
940	1	1130.71	28220.9	28209.5	11.3734	588	533	291	2	0.0001 Colloc0 588 3844 0.0824617 166.438
950	1	1142.6	28221.9	28210.8	11.1026	578	531	293	1	0.0001 Colloc0 578 3839 0.0947438 149.789
960	1	1154.63	28380.6	28369.5	11.0546	616	517	307	2	0.0001 Colloc0 616 3867 0.118897 146.911
970	1	1166.81	28138.4	28127.5	10.8537	589	552	272	2	0.0001 Colloc0 589 3857 0.100797 135.11
980	1	1178.75	28287.7	28276.5	11.1983	623	534	290	1	0.0001 Colloc0 623 3844 0.156496 155.599
990	1	1190.67	28164.7	28153.2	11.4801	596	572	252	0	0.0001 Colloc0 596 3824 0.0641546 173.177
1000	1	1202.85	28173.9	28162.7	11.1422	601	560	264	2	0.0001 Colloc0 601 3818 0.0928004 152.183
1010	1	1214.32	28172.2	28161.1	11.0484	603	554	270	1	0.0001 Colloc0 603 3836 0.0999022 146.543
1020	1	1225.85	28182.1	28171.4	10.7731	586	548	276	1	0.0001 Colloc0 586 3852 0.136269 130.495
1030	1	1237.96	28113.5	28102.5	10.9191	591	572	252	0	0.0001 Colloc0 591 3824 0.133465 138.91
1040	1	1249.73	28219.9	28208.4	11.4955	573	537	287	0	0.0001 Colloc0 573 3876 0.015643 174.161
1050	1	1261.99	28206.6	28195.8	10.8022	601	542	282	2	0.0001 Colloc0 601 3849 0.184854 132.152
1060	1	1273.86	28209.4	28198.7	10.768	610	539	285	1	0.0001 Colloc0 610 3837 0.198677 130.206
1070	1	1286.01	28233.2	28222.1	11.1661	609	545	279	1	0.0001 Colloc0 609 3829 0.104218 153.636
1080	1	1297.96	28280	28269	10.9539	599	535	289	2	0.0001 Colloc0 599 3862 0.149712 140.946
1090	1	1310.03	28274.7	28264.4	10.3286	598	510	314	3	0.0001 Colloc0 598 3829 0.213374 106.324
1100	1	1322.12	28186	28175.3	10.664	591	548	276	2	0.0001 Colloc0 591 3802 0.115711 124.356
1110	1	1334.35	28277.5	28266.8	10.6712	618	548	276	2	0.0001 Colloc0 618 3821 0.187714 124.756
1120	1	1346.64	28156.8	28145.8	11.027	585	560	264	3	0.0001 Colloc0 585 3829 0.115427 145.267
1130	1	1358.8	28137	28125.7	11.2795	593	556	268	3	0.0001 Colloc0 593 3816 0.121861 160.593
1140	1	1370.33	28042	28030.8	11.2171	590	573	251	5	0.0001 Colloc0 590 3807 0.0945607 156.746
1150	1	1382.25	28205.3	28194.5	10.8442	624	551	273	0	0.0001 Colloc0 624 3839 0.161327 134.563
1160	1	1393.91	28168.9	28157.7	11.2857	586	521	303	0	0.0001 Colloc0 586 3816 0.0679523 160.975
1170	1	1406.07	28168.7	28157.3	11.3299	597	538	286	1	0.0001 Colloc0 597 3826 0.0528286 163.718
1180	1	1417.56	28200.5	28189.7	10.7493	604	538	286	2	0.0001 Colloc0 604 3796 0.169735 129.143
1190	1	1428.68	28183	28172.1	10.9247	579	541	283	1	0.0001 Colloc0 579 3820 0.0715573 139.237
1200	1	1440.49	28211	28199.5	11.4789	598	522	302	1	0.0001 Colloc0 598 3821 0.03385 173.103
1210	1	1452.8	28245.5	28234.1	11.3371	590	526	298	1	0.0001 Colloc0 590 3826 0.0534515 164.166
1220	1	1464.92	28239.9	28228.7	11.1822	593	525	299	1	0.0001 Colloc0 593 3830 0.0804564 154.612
1230	1	1476.94	28115.9	28104.8	11.1447	586	537	287	1	0.0001 Colloc0 586 3833 0.118128 152.334
1240	1	1489.05	28191.3	28179.9	11.4457	584	513	311	2	0.0001 Colloc0 584 3829 0.0499654 170.992
1250	1	1501.2	28144.5	28133.7	10.8144	595	542	282	3	0.0001 Colloc0 595 3815 0.147357 132.852
1260	1	1513.37	28299.4	28287.9	11.5491	595	486	338	3	0.0001 Colloc0 595 3814 0.0505014 177.589
1270	1	1525.33	28195.3	28184.1	11.199	579	508	316	2	0.0001 Colloc0 579 3827 0.0754127 155.64
1280	1	1537.39	28196.2	28184.9	11.3002	594	546	278	1	0.0001 Colloc0 594 3826 0.0758581 161.874
1290	1	1549.49	28118.9	28107.9	10.9796	579	525	299	2	0.0001 Colloc0 579 3800 0.113457 142.462
1300	1	1561.12	28158	28147.1	10.8761	591	543	281	0	0.0001 Colloc0 591 3815 0.0931426 136.409
1310	1	1573.11	28076.8	28065.5	11.2567	592	556	268	1	0.0001 Colloc0 592 3822 0.0943783 159.184
1320	1	1585.16	28151.7	28140.8	10.8869	604	524	300	0	0.0001 Colloc0 604 3789 0.0971213 137.032
1330	1	1597.17	28062.9	28052.1	10.8151	591	548	276	1	0.0001 Colloc0 591 3806 0.11928 132.89
1340	1	1609.21	28155.2	28144.7	10.4763	571	528	296	0	0.0001 Colloc0 571 3819 0.181466 114.104
1350	1	1621.02	28296.1	28285	11.105	591	503	321	0	0.0001 Colloc0 591 3827 0.0930695 149.933
1360	1	1632.53	28076.8	28065.9	10.8936	584	542	282	3	0.0001 Colloc0 584 3815 0.0998844 137.421
1370	1	1644.53	28050.2	28039.5	10.7336	579	550	274	3	0.0001 Colloc0 579 3812 0.121086 128.256
1380	1	1656.59	27994.1	27983.5	10.6136	580	553	271	2	0.0001 Colloc0 580 3820 0.14341 121.563
1390	1	1668.48	27978	27966.6	11.4016	570	564	260	0	0.0001 Colloc0 570 3798 0.0625972 168.213
1400	1	1680.32	27986.6	27974.8	11.7703	585	569	255	1	0.0001 Colloc0 585 3796 0.0452966 191.989
1410	1	1692.32	28075.3	28064.4	10.8671	591	564	260	0	0.0001 Colloc0 591 3813 0.214406 135.886
1420	1	1704.33	28179.9	28168.9	10.9807	587	548	276	2	0.0001 Colloc0 587 3834 0.115777 142.526
1430	1	1716.27	28167.3	28156.7	10.5353	587	544	280	1	0.0001 Colloc0 587 3829 0.155751 117.285
1440	1	1728.1	28189.2	28177.9	11.3225	606	537	287	0	0.0001 Colloc0 606 3809 0.111608 163.258
1450	1	1739.7	28144.1	28133.1	10.9936	598	519	305	1	0.0001 Colloc0 598 3800 0.124163 143.287
1460	1	1751.11	28109.3	28098.3	10.977	596	556	268	1	0.0001 Colloc0 596 3835 0.132191 142.304
1470	1	1762.49	28015.6	28004.6	10.9892	590	549	275	2	0.0001 Colloc0 590 3784 0.119123 143.024
1480	1	1774.25	28106.6	28095.4	11.2284	580	541	283	1	0.0001 Colloc0 580 3825 0.0969932 157.443
1490	1	1786.05	28045.6	28034.8	10.7566	608	572	252	2	0.0001 Colloc0 608 3829 0.162489 129.556
1500	1	1797.56	27975.8	27965	10.853	590	554	270	0	0.0001 Colloc0 590 3782 0.151795 135.075
1510	1	1809.34	28068.4	28056.9	11.4309	580	553	271	2	0.0001 Colloc0 580 3795 0.0759997 170.057
1520	1	1820.99	28090.3	28079.3	10.9299	580	527	297	1	0.0001 Colloc0 580 3812 0.0913088 139.541
1530	1	1832.95	28070.2	28058.9	11.3444	580	549	275	1	0.0001 Colloc0 580 3802 0.0924791 164.626
1540	1	1844.37	28102.6	28091.9	10.7209	585	532	292	1	0.0001 Colloc0 585 3802 0.129871 127.54
1550	1	1856.11	28275.9	28264.4	11.5232	599	497	327	0	0.0001 Colloc0 599 3804 0.0293329 175.932
1560	1	1868.08	28229.5	28218.8	10.7125	597	508	316	0	0.0001 Colloc0 597 3827 0.16247 127.069
1570	1	1879.46	28192.5	28180.8	11.6681	604	532	292	1	0.0001 Colloc0 604 3787 0.058988 185.285
1580	1	1890.63	28039.3	28028.6	10.6507	583	562	262	0	0.0001 Colloc0 583 3813 0.122324 123.614
1590	1	1902.19	28125.3	28113.8	11.5845	598	533	291	1	0.0001 Colloc0 598 3793 0.0803607 179.87
1600	1	1913.78	28027.6	28016.4	11.1513	589	552	272	0	0.0001 Colloc0 589 3818 0.0790766 152.732
1610	1	1925.01	27998.4	27987.2	11.1631	584	570	254	2	0.0001 Colloc0 584 3803 0.124944 153.451
1620	1	1936.1	28065.5	28054.7	10.8569	607	579	245	0	0.0001 Colloc0 607 3814 0.148285 135.296
1630	1	1947.46	27993.1	27981.7	11.4216	580	573	251	1	0.0001 Colloc0 580 3787 0.0332373 169.47
1640	1	1958.85	28016	28005	10.9834	602	555	269	0	0.0001 Colloc0 602 3771 0.120822 142.686
1650	1	1970.28	28034.9	28024	10.8271	585	587	237	0	0.0001 Colloc0 585 3820 0.119118 133.583
1660	1	1981.77	28000.2	27988.7	11.4674	591	564	260	1	0.0001 Colloc0 591 3787 0.0393179 172.37
1670	1	1992.68	28182.9	28171.7	11.1736	604	522	302	2	0.0001 Colloc0 604 3783 0.104348 154.089
1680	1	2003.73	28176	28165	10.9938	583	527	297	2	0.0001 Colloc0 583 3813 0.110103 143.296
1690	1	2014.91	28093.9	28082.8	11.1134	573	555	269	2	0.0001 Colloc0 573 3792 0.0889246 150.441
1700	1	2025.86	28116	28105.1	10.977	575	538	286	0	0.0001 Colloc0 575 3816 0.0920355 142.308
1710	1	2037.64	28051.1	28040.3	10.7452	589	556	268	1	0.0001 Colloc0 589 3786 0.138852 128.914
1720	1	2048.89	28132.9	28121.3	11.6132	600	547	277	0	0.0001 Colloc0 600 3799 0.0680097 181.721
1730	1	2060.37	27957.6	27946.6	11.0198	579	579	245	3	0.0001 Colloc0 579 3813 0.110939 144.838
1740	1	2071.39	28163.2	28152.4	10.8397	587	537	287	1	0.0001 Colloc0 587 3822 0.117533 134.305
1750	1	2082.5	28106.8	28095.4	11.4529	586	524	300	2	0.0001 Colloc0 586 3800 0.0386457 171.452
1760	1	2093.58	28102.4	28090.5	11.8685	593	521	303	1	0.0001 Colloc0 593 3792 0.0358979 198.509
1770	1	2104.76	28116.7	28105.6	11.0379	608	519	305	1	0.0001 Colloc0 608 3784 0.106285 145.917
1780	1	2116.14	27961.5	27950.6	10.8969	577	578	246	2	0.0001 Colloc0 577 3797 0.0930921 137.617
1790	1	2126.95	27973.9	27963.1	10.8826	585	569	255	1	0.0001 Colloc0 585 3789 0.112915 136.785
1800	1	2138.26	28139.3	28128.2	11.1377	597	530	294	3	0.0001 Colloc0 597 3812 0.0774157 151.908
1810	1	2149.03	28000	27988.5	11.5062	587	558	266	1	0.0001 Colloc0 587 3789 0.0340829 174.844
1820	1	2159.92	28010.8	28000.1	10.7552	583	555	269	1	0.0001 Colloc0 583 3797 0.159924 129.477
1830	1	2170.94	27982.7	27972.1	10.5974	590	554	270	1	0.0001 Colloc0 590 3787 0.136078 120.675
1840	1	2182.04	27972.2	27961.7	10.4983	579	544	280	1	0.0001 Colloc0 579 3775 0.151573 115.286
1850	1	2192.77	28152	28140.4	11.5901	592	533	291	3	0.0001 Colloc0 592 3802 0.0561267 180.231
1860	1	2203.81	28155.1	28144.1	11.0495	609	520	304	2	0.0001 Colloc0 609 3796 0.118023 146.606
1870	1	2214.83	27960.8	27949.1	11.6715	598	561	263	1	0.0001 Colloc0 598 3781 0.0708759 185.512
1880	1	2225.74	28038.8	28027.7	11.094	589	522	302	0	0.0001 Colloc0 589 3786 0.104013 149.275
1890	1	2236.71	28008.6	27997.3	11.2659	588	551	273	1	0.0001 Colloc0 588 3763 0.10704 159.749
1900	1	2247.56	28069.4	28059	10.4101	612	503	321	2	0.0001 Colloc0 612 3760 0.18476 110.586
1910	1	2258.57	28020.5	28009.9	10.6952	601	547	277	1	0.0001 Colloc0 601 3762 0.174027 126.096
1920	1	2269.8	27989.9	27978.6	11.2361	598	541	283	0	0.0001 Colloc0 598 3764 0.0802362 157.917
1930	1	2280.65	28016.5	28005.5	10.9535	579	527	297	3	0.0001 Colloc0 579 3783 0.1028 140.925
1940	1	2291.55	28047	28036.2	10.7499	592	540	284	1	0.0001 Colloc0 592 3770 0.142383 129.179
1950	1	2302.68	28101.6	28091.1	10.5226	582	524	300	2	0.0001 Colloc0 582 3787 0.164882 116.597
1960	1	2313.81	28029.4	28018.2	11.1716	601	552	272	0	0.0001 Colloc0 601 3781 0.11531 153.972
1970	1	2324.83	28100.7	28089.6	11.0934	585	518	306	2	0.0001 Colloc0 585 3788 0.0704878 149.236
1980	1	2335.74	27990.5	27980	10.4984	584	567	257	2	0.0001 Colloc0 584 3799 0.166544 115.289
1990	1	2346.97	27924.9	27914	10.8692	586	572	252	1	0.0001 Colloc0 586 3767 0.139941 136.008
2000	1	2357.9	27962.7	27952	10.7332	591	580	244	1	0.0001 Colloc0 591 3792 0.178912 128.232
