# D = 0, E = 1, I = 1, P = 1, R = -1, n = 2000, N = 1, P = 1, w = 1, a = 0.0001, b = 10000, e = 1, f = 1, g = 100, h = 0.01, r = 32708, s = 1, S = 0, x = 10, m = 100, Z = 1, z = 0, T = 1, t = 1
# 10492 tokens in 824 sentences
#
# It	Temp	Time	-logP	-logPcorpus	-logPrior	tables	same	changed	reject	default_pya	(parent pym pyn pya pyb)*
0	1	0.906862	41099.6	40985.8	113.764	2855	0	824	0	0.0001 Colloc0 2855 4983 0.0001 10000
10	1	13.5739	31510.1	31497.9	12.2318	745	280	544	5	0.0001 Colloc0 745 4288 0.059576 223.217
20	1	24.9612	30955.9	30944.4	11.5487	670	318	506	4	0.0001 Colloc0 670 4283 0.116162 177.565
30	1	36.0595	30646.2	30634.1	12.1347	646	335	489	1	0.0001 Colloc0 646 4294 0.0170464 216.524
40	1	46.9219	30334.1	30323.3	10.8181	636	371	453	1	0.0001 Colloc0 636 4271 0.14259 133.064
50	1	58.0382	30080	30068.9	11.1226	631	399	425	1	0.0001 Colloc0 631 4217 0.0990578 150.996
60	1	69.2415	30121.8	30110	11.8105	619	398	426	1	0.0001 Colloc0 619 4220 0.00869776 194.646
70	1	80.5887	30119.1	30107.3	11.8091	622	403	421	0	0.0001 Colloc0 622 4237 0.0181901 194.557
80	1	91.4831	29894.6	29883	11.6208	614	422	402	2	0.0001 Colloc0 614 4228 0.0446126 182.213
90	1	102.711	29969	29957.4	11.5716	605	399	425	2	0.0001 Colloc0 605 4221 0.0620018 179.036
100	1	113.984	29993.1	29982.5	10.6065	606	399	425	3	0.0001 Colloc0 606 4255 0.127395 121.174
110	1	125.229	29748.8	29737.4	11.3957	610	421	403	3	0.0001 Colloc0 610 4215 0.0612307 167.837
120	1	136.355	29841.9	29830.8	11.1261	595	401	423	0	0.0001 Colloc0 595 4212 0.0764988 151.206
130	1	147.5	29787.6	29776.1	11.5258	604	418	406	2	0.0001 Colloc0 604 4204 0.0616303 176.096
140	1	158.629	29763.8	29753	10.7305	597	414	410	3	0.0001 Colloc0 597 4182 0.144835 128.081
150	1	169.823	30010.7	29999.6	11.0841	626	378	446	2	0.0001 Colloc0 626 4213 0.124663 148.681
160	1	180.914	29787.3	29775.8	11.4792	589	409	415	2	0.0001 Colloc0 589 4212 0.039431 173.124
170	1	192.134	29466.1	29455.2	10.9405	589	430	394	1	0.0001 Colloc0 589 4184 0.125925 140.163
180	1	203.324	29598.7	29587.3	11.408	589	451	373	3	0.0001 Colloc0 589 4195 0.0617054 168.613
190	1	214.214	29640.5	29629.2	11.3645	596	430	394	2	0.0001 Colloc0 596 4189 0.0463773 165.882
200	1	225.064	29613.9	29603	10.994	595	415	409	1	0.0001 Colloc0 595 4197 0.117502 143.313
210	1	235.95	29540	29528.8	11.237	603	455	369	1	0.0001 Colloc0 603 4183 0.0989477 157.97
220	1	246.954	29475.4	29464.1	11.3333	593	446	378	2	0.0001 Colloc0 593 4146 0.0770013 163.931
230	1	258.209	29649.3	29638.1	11.2295	597	405	419	1	0.0001 Colloc0 597 4186 0.0689391 157.506
240	1	269.496	29597.2	29586.2	10.9524	629	410	414	1	0.0001 Colloc0 629 4140 0.140281 140.859
250	1	280.641	29213.2	29202.4	10.8677	609	459	365	1	0.0001 Colloc0 609 4117 0.17703 135.92
260	1	291.994	29418.7	29407.7	11.038	616	412	412	2	0.0001 Colloc0 616 4131 0.119727 145.922
270	1	303.217	29485.6	29474.4	11.2369	605	419	405	1	0.0001 Colloc0 605 4119 0.109728 157.961
280	1	314.442	29465.4	29454.6	10.7732	611	442	382	0	0.0001 Colloc0 611 4139 0.154691 130.501
290	1	325.555	29288.3	29277.2	11.1391	595	499	325	2	0.0001 Colloc0 595 4132 0.123648 151.994
300	1	336.688	29377	29365.9	11.1463	596	451	373	0	0.0001 Colloc0 596 4145 0.0742762 152.431
310	1	347.813	29186.5	29175.3	11.2427	570	486	338	0	0.0001 Colloc0 570 4143 0.0398388 158.317
320	1	359.019	29426.8	29415.7	11.0988	597	471	353	3	0.0001 Colloc0 597 4151 0.0851863 149.564
330	1	370.23	29217.9	29207.1	10.8311	597	482	342	3	0.0001 Colloc0 597 4111 0.122604 133.811
340	1	381.545	29270.5	29259.7	10.7997	602	475	349	0	0.0001 Colloc0 602 4100 0.178102 132.012
350	1	392.965	29370.5	29359.1	11.416	597	427	397	1	0.0001 Colloc0 597 4089 0.047197 169.12
360	1	404.214	29477.6	29466	11.5545	612	438	386	1	0.0001 Colloc0 612 4126 0.0480349 177.935
370	1	415.605	29605.4	29594.3	11.0597	628	397	427	1	0.0001 Colloc0 628 4095 0.129099 147.218
380	1	426.726	29444.7	29432.8	11.8408	610	404	420	0	0.0001 Colloc0 610 4090 0.0213421 196.663
390	1	437.883	29576.8	29566	10.8138	607	405	419	3	0.0001 Colloc0 607 4119 0.132041 132.819
400	1	449.019	29390.4	29378.9	11.4578	604	436	388	3	0.0001 Colloc0 604 4100 0.0384995 171.763
410	1	460.199	29376.2	29365.5	10.682	614	431	393	1	0.0001 Colloc0 614 4090 0.171722 125.361
420	1	471.335	29399.2	29387.6	11.5909	610	424	400	1	0.0001 Colloc0 610 4080 0.0663168 180.282
430	1	482.43	29303.3	29291.9	11.3782	598	422	402	3	0.0001 Colloc0 598 4113 0.0551292 166.739
440	1	493.483	29245.4	29233.7	11.6855	590	440	384	3	0.0001 Colloc0 590 4091 0.0286884 186.42
450	1	504.645	29268.6	29257.5	11.0486	609	413	411	2	0.0001 Colloc0 609 4086 0.145292 146.552
460	1	515.994	29381.9	29370.9	11.0009	623	401	423	1	0.0001 Colloc0 623 4113 0.135189 143.719
470	1	527.131	29254.7	29244.1	10.6675	600	429	395	4	0.0001 Colloc0 600 4115 0.203234 124.549
480	1	538.232	29102.7	29091.7	11.0844	614	470	354	1	0.0001 Colloc0 614 4094 0.112664 148.7
490	1	549.348	29029.9	29018.2	11.6304	598	463	361	2	0.0001 Colloc0 598 4064 0.0470659 182.837
500	1	560.472	29172.5	29161.4	11.0885	591	450	374	1	0.0001 Colloc0 591 4090 0.0958015 148.944
510	1	571.324	29089.7	29079.6	10.1446	595	461	363	1	0.0001 Colloc0 595 4062 0.217871 97.0055
520	1	582.537	29290.3	29279.4	10.8833	608	435	389	2	0.0001 Colloc0 608 4077 0.0931066 136.827
530	1	593.644	29060.8	29049.3	11.5296	571	468	356	1	0.0001 Colloc0 571 4065 0.0268369 176.341
540	1	604.597	29222.2	29210.8	11.341	605	447	377	1	0.0001 Colloc0 605 4075 0.0804433 164.41
550	1	615.705	29141.1	29129.4	11.7308	589	444	380	2	0.0001 Colloc0 589 4065 0.00379131 189.388
560	1	626.856	29074.8	29063.5	11.2625	597	471	353	1	0.0001 Colloc0 597 4075 0.0546147 159.541
570	1	637.969	29031.5	29020.6	10.8886	586	478	346	3	0.0001 Colloc0 586 4091 0.125356 137.135
580	1	649.038	29159.1	29148.1	11.0669	584	451	373	2	0.0001 Colloc0 584 4069 0.0864682 147.649
590	1	660.166	29270.1	29259	11.0709	599	427	397	2	0.0001 Colloc0 599 4080 0.122231 147.886
600	1	671.385	29253.6	29242.2	11.4493	614	453	371	2	0.0001 Colloc0 614 4059 0.111084 171.22
610	1	682.705	29163.2	29152.4	10.8826	597	432	392	2	0.0001 Colloc0 597 4075 0.159594 136.785
620	1	693.922	29216.4	29204.7	11.7795	617	430	394	2	0.0001 Colloc0 617 4055 0.0355279 192.597
630	1	705.085	29188.5	29177.3	11.2471	604	444	380	2	0.0001 Colloc0 604 4034 0.0785219 158.588
640	1	716.491	29034.1	29023.1	10.9998	609	471	353	1	0.0001 Colloc0 609 4016 0.187616 143.654
650	1	727.799	29087.4	29075.9	11.4775	600	452	372	3	0.0001 Colloc0 600 4039 0.0392338 173.01
660	1	738.772	28933.4	28922.8	10.6126	586	496	328	1	0.0001 Colloc0 586 4066 0.124552 121.51
670	1	749.84	29136.3	29125.4	10.9004	584	463	361	0	0.0001 Colloc0 584 4075 0.117733 137.818
680	1	761.013	29004.2	28993.5	10.7352	597	484	340	0	0.0001 Colloc0 597 4070 0.169055 128.348
690	1	772.212	29137.3	29126.3	10.9495	608	451	373	1	0.0001 Colloc0 608 4059 0.127953 140.689
700	1	783.352	29270.6	29259.7	10.8737	598	435	389	2	0.0001 Colloc0 598 4100 0.122298 136.271
710	1	794.507	29170	29159.2	10.7616	616	430	394	3	0.0001 Colloc0 616 4093 0.139235 129.84
720	1	805.644	29228.8	29217.6	11.2178	598	421	403	2	0.0001 Colloc0 598 4054 0.0998529 156.793
730	1	816.74	29273.2	29262.3	10.8601	610	417	407	1	0.0001 Colloc0 610 4063 0.134907 135.483
740	1	827.654	29030.7	29019.7	10.9661	602	439	385	1	0.0001 Colloc0 602 4053 0.119189 141.666
750	1	838.612	28998.5	28988.1	10.4741	598	460	364	0	0.0001 Colloc0 598 4046 0.181281 113.987
760	1	849.869	28994	28982.9	11.0413	592	444	380	1	0.0001 Colloc0 592 4057 0.11207 146.118
770	1	860.938	29151.1	29139.9	11.2439	606	430	394	3	0.0001 Colloc0 606 4075 0.0987839 158.391
780	1	872.079	29129.9	29119.2	10.7183	603	429	395	2	0.0001 Colloc0 603 4047 0.186596 127.398
790	1	883.295	28998.8	28988.3	10.516	598	437	387	3	0.0001 Colloc0 598 4045 0.171542 116.237
800	1	894.355	29070.3	29059.1	11.23	579	434	390	1	0.0001 Colloc0 579 4064 0.0908733 157.539
810	1	905.137	29092.6	29081.6	10.9911	595	425	399	1	0.0001 Colloc0 595 4035 0.103543 143.141
820	1	915.923	29103.6	29092.9	10.7375	582	428	396	2	0.0001 Colloc0 582 4060 0.110005 128.477
830	1	926.927	29036.8	29025.9	10.8988	581	439	385	2	0.0001 Colloc0 581 4041 0.13376 137.728
840	1	938.03	29015.9	29004.8	11.0979	609	440	384	2	0.0001 Colloc0 609 4042 0.113488 149.509
850	1	949.17	29098.7	29088.1	10.614	577	439	385	1	0.0001 Colloc0 577 4100 0.137595 121.584
860	1	960.155	28890.4	28879.8	10.6174	599	451	373	1	0.0001 Colloc0 599 4026 0.178821 121.772
870	1	971.213	28817.3	28806.5	10.8016	583	490	334	3	0.0001 Colloc0 583 4037 0.116134 132.121
880	1	982.264	28873.4	28862.5	10.9019	591	475	349	1	0.0001 Colloc0 591 4041 0.132625 137.904
890	1	993.202	28695.9	28685.3	10.683	580	502	322	2	0.0001 Colloc0 580 4048 0.155135 125.415
900	1	1004.36	28679	28668.2	10.7563	584	505	319	3	0.0001 Colloc0 584 4028 0.119713 129.541
910	1	1015.65	28786	28775.2	10.8064	598	494	330	3	0.0001 Colloc0 598 4020 0.15563 132.394
920	1	1026.91	28997.2	28986.7	10.551	598	458	366	5	0.0001 Colloc0 598 4055 0.167512 118.137
930	1	1038.05	28751.6	28740.7	10.8397	586	492	332	3	0.0001 Colloc0 586 4035 0.140359 134.304
940	1	1049.28	28798.7	28787.5	11.1778	611	505	319	5	0.0001 Colloc0 611 4044 0.13072 154.347
950	1	1060.31	28796.9	28785.7	11.1864	591	507	317	3	0.0001 Colloc0 591 4031 0.0804401 154.872
960	1	1071.36	28986.1	28975.2	10.9498	604	453	371	4	0.0001 Colloc0 604 4048 0.124169 140.704
970	1	1082.41	28880.2	28869.4	10.7799	603	470	354	2	0.0001 Colloc0 603 4038 0.131714 130.88
980	1	1093.49	28821.9	28810.9	11.039	586	473	351	0	0.0001 Colloc0 586 4040 0.0899964 145.98
990	1	1104.56	29006.3	28995	11.347	584	456	368	1	0.0001 Colloc0 584 4039 0.0574076 164.784
1000	1	1115.79	28897.2	28886.9	10.2399	595	477	347	1	0.0001 Colloc0 595 4023 0.174662 101.779
1010	1	1126.78	28700.2	28689.4	10.7398	579	475	349	2	0.0001 Colloc0 579 4006 0.156174 128.608
1020	1	1137.73	28928.9	28917.7	11.1869	604	444	380	2	0.0001 Colloc0 604 4016 0.093565 154.899
1030	1	1148.63	28979	28967.7	11.3614	605	440	384	4	0.0001 Colloc0 605 4016 0.0722577 165.686
1040	1	1159.64	28786.3	28775.2	11.118	573	457	367	2	0.0001 Colloc0 573 4015 0.0640526 150.722
1050	1	1170.49	28795.9	28784.5	11.4151	596	486	338	3	0.0001 Colloc0 596 4058 0.0310187 169.058
1060	1	1181.8	28794.8	28784.5	10.2742	592	474	350	1	0.0001 Colloc0 592 4041 0.189899 103.524
1070	1	1192.96	28643.5	28633.3	10.2079	597	514	310	1	0.0001 Colloc0 597 4023 0.244357 100.163
1080	1	1204.04	28682.7	28671.8	10.868	583	480	344	1	0.0001 Colloc0 583 4017 0.129409 135.938
1090	1	1214.96	28794.9	28784.6	10.2856	588	487	337	3	0.0001 Colloc0 588 4029 0.167832 104.11
1100	1	1225.9	28659.1	28648.2	10.8826	578	482	342	2	0.0001 Colloc0 578 4034 0.0856483 136.786
1110	1	1236.58	28734.4	28724.1	10.2916	583	474	350	3	0.0001 Colloc0 583 4034 0.18128 104.414
1120	1	1247.62	28724.3	28713.5	10.7886	585	468	356	3	0.0001 Colloc0 585 4001 0.131005 131.375
1130	1	1258.61	28851.5	28840.3	11.1252	596	457	367	3	0.0001 Colloc0 596 4006 0.114983 151.153
1140	1	1269.47	28689.1	28678.3	10.826	580	464	360	2	0.0001 Colloc0 580 4001 0.117885 133.518
1150	1	1280.42	28825	28813.7	11.2645	583	443	381	3	0.0001 Colloc0 583 4004 0.0832195 159.662
1160	1	1291.42	28698.5	28686.9	11.5644	583	450	374	2	0.0001 Colloc0 583 4009 0.0459326 178.569
1170	1	1302.59	28656.7	28645.4	11.2967	588	452	372	4	0.0001 Colloc0 588 3998 0.106235 161.656
1180	1	1313.74	28662.3	28651.4	10.9095	590	477	347	2	0.0001 Colloc0 590 3983 0.107431 138.348
1190	1	1324.86	28819.7	28808.7	11.0192	594	452	372	1	0.0001 Colloc0 594 3983 0.11887 144.805
1200	1	1335.91	28705.5	28694.4	11.0502	589	463	361	1	0.0001 Colloc0 589 3984 0.0680524 146.652
1210	1	1346.81	28624.4	28614	10.3789	585	461	363	3	0.0001 Colloc0 585 3990 0.218333 108.944
1220	1	1357.68	28680.5	28669	11.4475	607	470	354	4	0.0001 Colloc0 607 3982 0.0867323 171.112
1230	1	1368.68	28533	28522.5	10.4548	576	480	344	0	0.0001 Colloc0 576 3976 0.135119 112.955
1240	1	1379.85	28745.3	28733.8	11.5121	584	453	371	1	0.0001 Colloc0 584 3989 0.0203103 175.218
1250	1	1390.97	28727.1	28716.3	10.7473	599	483	341	4	0.0001 Colloc0 599 4006 0.126047 129.03
1260	1	1402.04	28543.7	28532.6	11.1227	581	499	325	3	0.0001 Colloc0 581 3993 0.0855067 151.001
1270	1	1412.97	28541.2	28529.8	11.3232	565	487	337	4	0.0001 Colloc0 565 4003 0.0232283 163.302
1280	1	1424.01	28579.2	28568.4	10.8201	582	498	326	2	0.0001 Colloc0 582 3993 0.13048 133.181
1290	1	1435.05	28586.4	28575.3	11.1369	572	478	346	2	0.0001 Colloc0 572 3998 0.104955 151.861
1300	1	1446.07	28781.4	28770.5	10.93	613	471	353	3	0.0001 Colloc0 613 4004 0.169796 139.545
1310	1	1457.46	28607.9	28597.3	10.5789	601	490	334	0	0.0001 Colloc0 601 3987 0.177636 119.659
1320	1	1468.84	28718.8	28708.3	10.4535	609	477	347	2	0.0001 Colloc0 609 3975 0.188472 112.883
1330	1	1480.17	28604.6	28593.9	10.7052	577	489	335	3	0.0001 Colloc0 577 3971 0.153654 126.66
1340	1	1491.34	28430.3	28419.3	10.9737	585	518	306	2	0.0001 Colloc0 585 3955 0.133699 142.111
1350	1	1502.5	28521.9	28511	10.8444	584	486	338	3	0.0001 Colloc0 584 3938 0.146633 134.577
1360	1	1513.43	28724.5	28713.8	10.7089	606	460	364	1	0.0001 Colloc0 606 3985 0.156787 126.865
1370	1	1524.5	28696.3	28685	11.3132	583	467	357	2	0.0001 Colloc0 583 3958 0.0793112 162.678
1380	1	1535.53	28467.9	28457.2	10.7806	576	503	321	2	0.0001 Colloc0 576 3953 0.13424 130.919
1390	1	1546.67	28506.4	28494.9	11.4981	576	483	341	2	0.0001 Colloc0 576 3942 0.0630046 174.324
1400	1	1557.86	28724.6	28713.6	11.0654	599	473	351	2	0.0001 Colloc0 599 3964 0.112593 147.557
1410	1	1569.01	28670.7	28659.9	10.8333	614	470	354	2	0.0001 Colloc0 614 3935 0.152588 133.934
1420	1	1579.93	28572	28561.1	10.9203	604	495	329	2	0.0001 Colloc0 604 3943 0.169515 138.978
1430	1	1590.92	28729.8	28718.5	11.2995	595	474	350	3	0.0001 Colloc0 595 3964 0.0881375 161.827
1440	1	1602.1	28651.6	28640.5	11.1184	598	475	349	4	0.0001 Colloc0 598 3934 0.148197 150.743
1450	1	1613.03	28610.1	28600.2	9.96528	597	505	319	2	0.0001 Colloc0 597 3953 0.240832 88.3385
1460	1	1623.92	28667.6	28656.5	11.0435	592	478	346	1	0.0001 Colloc0 592 3957 0.122562 146.252
1470	1	1635.07	28591.3	28580.1	11.1517	584	491	333	2	0.0001 Colloc0 584 3957 0.0749788 152.758
1480	1	1646.03	28556.9	28546.8	10.1802	605	485	339	0	0.0001 Colloc0 605 3954 0.219327 98.7736
1490	1	1656.96	28598.9	28588.5	10.3868	596	492	332	1	0.0001 Colloc0 596 3955 0.208059 109.358
1500	1	1667.77	28656.7	28646	10.6897	601	484	340	1	0.0001 Colloc0 601 3951 0.166676 125.788
1510	1	1678.7	28497.1	28485.7	11.404	596	511	313	2	0.0001 Colloc0 596 3963 0.0702302 168.365
1520	1	1689.71	28515.5	28504.4	11.1087	595	504	320	6	0.0001 Colloc0 595 3960 0.108265 150.158
1530	1	1700.85	28706.1	28695.2	10.9014	601	473	351	2	0.0001 Colloc0 601 3969 0.117769 137.875
1540	1	1711.82	28618.7	28607.9	10.7834	614	483	341	3	0.0001 Colloc0 614 3957 0.141302 131.08
1550	1	1722.57	28786	28774.9	11.1076	606	459	365	2	0.0001 Colloc0 606 3981 0.106831 150.093
1560	1	1733.64	28727	28716.1	10.8856	615	444	380	1	0.0001 Colloc0 615 3941 0.146476 136.957
1570	1	1744.63	28664.4	28653.5	10.9539	604	484	340	0	0.0001 Colloc0 604 3946 0.156778 140.95
1580	1	1755.88	28569.6	28559.2	10.3824	612	496	328	3	0.0001 Colloc0 612 3957 0.203467 109.127
1590	1	1766.82	28634.2	28623.4	10.7995	618	469	355	1	0.0001 Colloc0 618 3951 0.161373 131.997
1600	1	1777.58	28656.5	28645.9	10.6	603	481	343	1	0.0001 Colloc0 603 3941 0.16165 120.816
1610	1	1788.57	28760.3	28749.5	10.7741	620	472	352	3	0.0001 Colloc0 620 3968 0.166737 130.554
1620	1	1799.64	28733.7	28723.1	10.5875	598	478	346	2	0.0001 Colloc0 598 3958 0.192462 120.127
1630	1	1810.4	28713.5	28702.3	11.1917	584	469	355	2	0.0001 Colloc0 584 3992 0.0975931 155.192
1640	1	1821.12	28769.7	28758.6	11.1147	606	445	379	2	0.0001 Colloc0 606 3973 0.11042 150.519
1650	1	1831.73	28515.9	28505.2	10.7019	579	491	333	4	0.0001 Colloc0 579 3956 0.110782 126.476
1660	1	1842.51	28574.8	28563.7	11.0497	580	506	318	2	0.0001 Colloc0 580 3965 0.07099 146.617
1670	1	1853.12	28636.4	28625.6	10.8068	601	483	341	1	0.0001 Colloc0 601 3989 0.143355 132.417
1680	1	1863.89	28689.5	28678.7	10.8253	603	462	362	1	0.0001 Colloc0 603 3954 0.156515 133.478
1690	1	1874.86	28617.3	28606.6	10.7301	586	489	335	1	0.0001 Colloc0 586 3957 0.117194 128.058
1700	1	1885.45	28478.9	28468.1	10.8231	579	497	327	1	0.0001 Colloc0 579 3948 0.104303 133.354
1710	1	1896.09	28645	28633.9	11.0962	598	458	366	2	0.0001 Colloc0 598 3945 0.145893 149.408
1720	1	1906.72	28626.3	28616	10.2647	609	471	353	3	0.0001 Colloc0 609 3953 0.219723 103.039
1730	1	1917.24	28393.9	28383.4	10.4949	586	524	300	3	0.0001 Colloc0 586 3927 0.206826 115.1
1740	1	1927.93	28518	28507.2	10.8549	601	479	345	2	0.0001 Colloc0 601 3946 0.154861 135.184
1750	1	1938.38	28614.9	28603.5	11.4689	597	481	343	0	0.0001 Colloc0 597 3944 0.0919031 172.465
1760	1	1948.92	28734.8	28723.5	11.3449	606	463	361	0	0.0001 Colloc0 606 3953 0.06971 164.658
1770	1	1959.61	28526.7	28515.6	11.1275	590	489	335	1	0.0001 Colloc0 590 3954 0.0994734 151.296
1780	1	1970.07	28668.1	28656.9	11.1857	604	479	345	3	0.0001 Colloc0 604 3948 0.104082 154.826
1790	1	1980.57	28604	28592.7	11.366	588	484	340	2	0.0001 Colloc0 588 3950 0.0646424 165.975
1800	1	1990.91	28554.5	28543.3	11.1546	594	475	349	0	0.0001 Colloc0 594 3944 0.109249 152.936
1810	1	2001.48	28530.2	28519.9	10.3691	593	480	344	2	0.0001 Colloc0 593 3943 0.203218 108.43
1820	1	2012.01	28386.5	28375.9	10.6769	594	514	310	3	0.0001 Colloc0 594 3937 0.180059 125.075
1830	1	2022.45	28657.9	28647.1	10.7747	598	490	334	0	0.0001 Colloc0 598 3956 0.147873 130.584
1840	1	2032.92	28532.7	28521.7	10.9428	580	489	335	2	0.0001 Colloc0 580 3945 0.115426 140.297
1850	1	2043.36	28669.5	28658.4	11.099	610	471	353	1	0.0001 Colloc0 610 3946 0.10583 149.578
1860	1	2053.73	28504	28492.7	11.3801	589	478	346	1	0.0001 Colloc0 589 3926 0.0523182 166.862
1870	1	2064.15	28533.2	28522.3	10.885	585	487	337	0	0.0001 Colloc0 585 3926 0.141272 136.925
1880	1	2074.85	28339.4	28328.9	10.5411	591	535	289	0	0.0001 Colloc0 591 3903 0.179798 117.595
1890	1	2085.19	28539.4	28528.8	10.5958	587	483	341	1	0.0001 Colloc0 587 3937 0.156584 120.587
1900	1	2095.54	28356.7	28345.7	11.0093	568	522	302	1	0.0001 Colloc0 568 3903 0.0953138 144.215
1910	1	2105.96	28605.6	28594.3	11.3308	593	503	321	2	0.0001 Colloc0 593 3921 0.060207 163.779
1920	1	2116.37	28502.5	28491.5	11.0064	587	493	331	4	0.0001 Colloc0 587 3910 0.0889691 144.047
1930	1	2126.79	28593.5	28582.2	11.3022	582	466	358	0	0.0001 Colloc0 582 3929 0.0394335 161.995
1940	1	2137.22	28408.3	28396.8	11.5171	573	521	303	3	0.0001 Colloc0 573 3924 0.0531822 175.54
1950	1	2147.56	28517.5	28506.7	10.8461	590	495	329	2	0.0001 Colloc0 590 3920 0.139719 134.675
1960	1	2157.87	28531.3	28520.6	10.6757	607	491	333	0	0.0001 Colloc0 607 3907 0.178638 125.009
1970	1	2168.28	28418.9	28407.5	11.4259	598	497	327	1	0.0001 Colloc0 598 3930 0.0825398 169.744
1980	1	2178.9	28390.3	28380	10.2907	583	524	300	0	0.0001 Colloc0 583 3929 0.207686 104.368
1990	1	2189.27	28597.4	28586.9	10.5294	597	482	342	0	0.0001 Colloc0 597 3938 0.110935 116.964
2000	1	2199.51	28488.8	28478.6	10.2476	606	498	326	1	0.0001 Colloc0 606 3925 0.251396 102.17
