# D = 0, E = 1, I = 1, P = 1, R = -1, n = 2000, N = 1, P = 1, w = 1, a = 0.0001, b = 10000, e = 1, f = 1, g = 100, h = 0.01, r = 20182, s = 1, S = 0, x = 10, m = 100, Z = 1, z = 0, T = 1, t = 1
# 8673 tokens in 824 sentences
#
# It	Temp	Time	-logP	-logPcorpus	-logPrior	tables	same	changed	reject	default_pya	(parent pym pyn pya pyb)*
0	1	0.563914	32482.2	32368.5	113.764	2163	0	824	0	0.0001 Colloc0 2163 3855 0.0001 10000
10	1	8.20575	24694.3	24682.4	11.8802	582	317	507	1	0.0001 Colloc0 582 3287 0.0330819 199.284
20	1	15.6186	24254.6	24243.6	11.0106	561	381	443	0	0.0001 Colloc0 561 3297 0.112027 144.296
30	1	22.6676	23817.7	23806.5	11.2303	554	502	322	0	0.0001 Colloc0 554 3296 0.111 157.557
40	1	30.0564	23777.4	23766.4	10.9763	541	509	315	1	0.0001 Colloc0 541 3272 0.0787917 142.265
50	1	37.3333	23596.1	23585.5	10.6842	548	523	301	1	0.0001 Colloc0 548 3229 0.125935 125.48
60	1	44.7462	23430.7	23419.4	11.237	514	557	267	1	0.0001 Colloc0 514 3255 0.0291214 157.972
70	1	51.7891	23499.9	23488.9	11.0403	523	532	292	2	0.0001 Colloc0 523 3255 0.0739884 146.057
80	1	59.144	23373.1	23362.1	10.9907	530	538	286	2	0.0001 Colloc0 530 3236 0.0753796 143.116
90	1	66.4899	23287.4	23276.4	10.9595	529	561	263	2	0.0001 Colloc0 529 3235 0.076914 141.276
100	1	73.7808	23383.9	23372.9	11.0214	518	538	286	1	0.0001 Colloc0 518 3253 0.0794487 144.933
110	1	80.7647	23203.9	23193.4	10.4807	506	588	236	3	0.0001 Colloc0 506 3223 0.122182 114.341
120	1	88.1046	23256.2	23245.4	10.8346	521	569	255	3	0.0001 Colloc0 521 3219 0.135337 134.012
130	1	95.3225	23227.8	23217	10.857	509	575	249	0	0.0001 Colloc0 509 3214 0.128232 135.303
140	1	102.422	23297.7	23286.7	11.038	508	555	269	2	0.0001 Colloc0 508 3245 0.0867911 145.925
150	1	109.823	23219.8	23209	10.8091	498	547	277	1	0.0001 Colloc0 498 3222 0.0832622 132.549
160	1	116.993	23159.6	23149.2	10.4249	486	596	228	0	0.0001 Colloc0 486 3242 0.0898126 111.368
170	1	124.055	23199.5	23189.1	10.4521	511	577	247	0	0.0001 Colloc0 511 3199 0.134371 112.81
180	1	131.476	23163.9	23153.4	10.5142	512	572	252	1	0.0001 Colloc0 512 3225 0.165414 116.143
190	1	138.744	23113.7	23103.3	10.3402	504	595	229	0	0.0001 Colloc0 504 3221 0.13528 106.928
200	1	146.01	23210.9	23200.8	10.0637	518	563	261	2	0.0001 Colloc0 518 3193 0.194373 93.0426
210	1	153.421	23192.9	23182.2	10.7539	518	579	245	1	0.0001 Colloc0 518 3211 0.105218 129.404
220	1	160.683	23186.7	23175.5	11.1618	499	568	256	2	0.0001 Colloc0 499 3204 0.0568922 153.374
230	1	167.748	23156.3	23146.8	9.50136	527	555	269	0	0.0001 Colloc0 527 3206 0.260269 67.9397
240	1	174.863	23290.1	23279.3	10.794	503	544	280	0	0.0001 Colloc0 503 3227 0.10144 131.683
250	1	182.187	23181.9	23171.2	10.6318	516	554	270	0	0.0001 Colloc0 516 3197 0.149867 122.567
260	1	189.432	23020.4	23010.5	9.87676	499	580	244	0	0.0001 Colloc0 499 3192 0.23903 84.2169
270	1	196.613	23153.6	23142.8	10.7695	510	577	247	0	0.0001 Colloc0 510 3211 0.122534 130.291
280	1	203.824	23083.4	23073.1	10.3526	498	572	252	1	0.0001 Colloc0 498 3202 0.128684 107.568
290	1	211.107	23051.2	23040.8	10.4339	493	585	239	2	0.0001 Colloc0 493 3194 0.126346 111.842
300	1	218.522	23116.7	23106.8	9.95718	502	580	244	2	0.0001 Colloc0 502 3196 0.226657 87.9569
310	1	225.895	23001.7	22991.1	10.6817	496	607	217	1	0.0001 Colloc0 496 3185 0.103739 125.342
320	1	233.298	23164.8	23154.3	10.4764	507	555	269	1	0.0001 Colloc0 507 3204 0.182771 114.108
330	1	240.754	23198	23187.3	10.7209	519	554	270	2	0.0001 Colloc0 519 3180 0.146844 127.543
340	1	248.163	23109.5	23098.9	10.5829	522	566	258	0	0.0001 Colloc0 522 3190 0.150985 119.878
350	1	255.423	23132.8	23122.1	10.7095	509	527	297	0	0.0001 Colloc0 509 3169 0.140742 126.899
360	1	262.647	22941.5	22930.6	10.8646	484	600	224	0	0.0001 Colloc0 484 3166 0.105759 135.744
370	1	270.058	23117.9	23107.5	10.4286	491	573	251	0	0.0001 Colloc0 491 3196 0.150459 111.56
380	1	277.387	22985	22974.9	10.1118	503	602	222	1	0.0001 Colloc0 503 3183 0.211882 95.3906
390	1	284.702	23023.2	23013.1	10.0464	500	575	249	1	0.0001 Colloc0 500 3183 0.22222 92.2068
400	1	291.91	23085.1	23074.7	10.3416	507	568	256	2	0.0001 Colloc0 507 3190 0.138904 106.997
410	1	299.058	22999.7	22988.9	10.8321	490	578	246	0	0.0001 Colloc0 490 3168 0.0415278 133.868
420	1	306.507	23026.4	23015.9	10.5542	519	568	256	0	0.0001 Colloc0 519 3143 0.147894 118.309
430	1	313.719	23042.6	23031.9	10.7215	484	569	255	1	0.0001 Colloc0 484 3194 0.0991848 127.575
440	1	320.834	23076.1	23065.2	10.9422	490	566	258	2	0.0001 Colloc0 490 3199 0.0656205 140.262
450	1	328.12	22983.9	22973.3	10.5696	490	598	226	2	0.0001 Colloc0 490 3180 0.129022 119.151
460	1	335.224	23077.3	23066.8	10.5183	512	596	228	0	0.0001 Colloc0 512 3190 0.149321 116.363
470	1	342.39	23066.5	23056.4	10.1844	508	569	255	0	0.0001 Colloc0 508 3157 0.184617 98.9848
480	1	349.648	23052.5	23042.5	10.0672	505	567	257	2	0.0001 Colloc0 505 3164 0.197406 93.2123
490	1	357.084	22969.4	22958.7	10.7175	500	579	245	0	0.0001 Colloc0 500 3153 0.107612 127.352
500	1	364.421	22933	22922.6	10.4584	499	607	217	1	0.0001 Colloc0 499 3163 0.147537 113.144
510	1	371.882	22881.1	22870.9	10.2065	497	610	214	1	0.0001 Colloc0 497 3166 0.20603 100.091
520	1	379.241	23028.7	23017.7	11.0368	503	572	252	0	0.0001 Colloc0 503 3178 0.0615694 145.849
530	1	386.621	22921	22911.2	9.8926	506	607	217	0	0.0001 Colloc0 506 3156 0.247797 84.9465
540	1	393.816	22978.7	22968.2	10.5266	485	577	247	1	0.0001 Colloc0 485 3175 0.100132 116.812
550	1	401.072	22990.5	22979.8	10.6641	500	585	239	0	0.0001 Colloc0 500 3183 0.131109 124.362
560	1	408.228	22901.3	22891.2	10.14	517	617	207	0	0.0001 Colloc0 517 3150 0.214973 96.7785
570	1	415.512	22873.3	22862.9	10.3952	486	618	206	1	0.0001 Colloc0 486 3147 0.146304 109.798
580	1	422.863	22920	22909.4	10.6392	487	599	225	0	0.0001 Colloc0 487 3161 0.0918727 122.979
590	1	430.121	22910.8	22900.6	10.2459	484	582	242	0	0.0001 Colloc0 484 3152 0.144709 102.085
600	1	437.34	22958.3	22947.5	10.8305	496	586	238	1	0.0001 Colloc0 496 3160 0.0861945 133.776
610	1	444.743	22868.9	22859.3	9.61759	499	625	199	1	0.0001 Colloc0 499 3135 0.227837 72.7671
620	1	452.068	22845.7	22835.2	10.5269	503	629	195	0	0.0001 Colloc0 503 3144 0.134434 116.829
630	1	459.352	22949.4	22939.4	9.93468	512	587	237	1	0.0001 Colloc0 512 3151 0.241612 86.902
640	1	466.697	22789.4	22779	10.4508	490	641	183	2	0.0001 Colloc0 490 3150 0.169669 112.74
650	1	474.079	22789.4	22779.4	9.98091	496	623	201	2	0.0001 Colloc0 496 3148 0.22736 89.0771
660	1	481.499	22841.6	22831.7	9.92058	509	619	205	0	0.0001 Colloc0 509 3150 0.234978 86.2441
670	1	488.766	22832	22821.2	10.8299	482	626	198	0	0.0001 Colloc0 482 3148 0.121604 133.743
680	1	496	22875.2	22864.9	10.3357	498	601	223	1	0.0001 Colloc0 498 3150 0.161571 106.693
690	1	502.997	22975.8	22965.5	10.2669	493	569	255	1	0.0001 Colloc0 493 3155 0.152318 103.154
700	1	510.048	22986.4	22975.4	11.0188	497	567	257	0	0.0001 Colloc0 497 3145 0.0652244 144.781
710	1	517.398	22821.6	22811.3	10.3345	475	628	196	0	0.0001 Colloc0 475 3169 0.146195 106.628
720	1	524.783	22871.9	22861.5	10.4166	493	596	228	0	0.0001 Colloc0 493 3140 0.151283 110.929
730	1	532.072	22792.5	22782	10.5401	486	578	246	0	0.0001 Colloc0 486 3117 0.145879 117.543
740	1	539.159	22797.3	22786.9	10.4129	509	594	230	1	0.0001 Colloc0 509 3121 0.147157 110.731
750	1	546.437	22792.7	22782	10.7145	490	617	207	0	0.0001 Colloc0 490 3104 0.126024 127.183
760	1	553.588	22788.9	22779	9.92702	513	603	221	4	0.0001 Colloc0 513 3133 0.229191 86.5443
770	1	560.693	22788.4	22778.1	10.3361	498	607	217	0	0.0001 Colloc0 498 3113 0.154317 106.714
780	1	567.891	22887.5	22876.7	10.8001	484	582	242	1	0.0001 Colloc0 484 3129 0.0749392 132.033
790	1	575.181	22816.2	22805.6	10.6386	498	608	216	0	0.0001 Colloc0 498 3117 0.127914 122.948
800	1	582.513	22908.1	22898.3	9.76324	503	585	239	3	0.0001 Colloc0 503 3131 0.282999 79.087
810	1	589.846	22674.5	22664.4	10.0912	497	645	179	0	0.0001 Colloc0 497 3112 0.211324 94.3792
820	1	597.228	22828.8	22818.5	10.2402	497	609	215	0	0.0001 Colloc0 497 3148 0.181813 101.792
830	1	604.427	22876.5	22866.2	10.3343	509	570	254	0	0.0001 Colloc0 509 3107 0.201141 106.619
840	1	611.611	22913.3	22903	10.2775	502	572	252	2	0.0001 Colloc0 502 3122 0.199754 103.694
850	1	618.777	22768.4	22758.3	10.1113	480	585	239	0	0.0001 Colloc0 480 3135 0.166447 95.3621
860	1	626.135	22884.2	22873.9	10.3918	509	586	238	0	0.0001 Colloc0 509 3158 0.163053 109.623
870	1	633.46	22808.1	22797.9	10.2026	498	609	215	1	0.0001 Colloc0 498 3124 0.178619 99.8978
880	1	640.466	22773.6	22763.7	9.89636	493	600	224	2	0.0001 Colloc0 493 3126 0.213282 85.1204
890	1	647.64	22861.4	22851	10.3873	490	596	228	1	0.0001 Colloc0 490 3144 0.145688 109.386
900	1	654.89	22845.3	22834.5	10.811	502	571	253	1	0.0001 Colloc0 502 3127 0.0978177 132.657
910	1	662.24	22792.5	22782.3	10.2435	489	591	233	0	0.0001 Colloc0 489 3126 0.174477 101.961
920	1	669.519	22776.5	22766.5	10.0326	474	608	216	1	0.0001 Colloc0 474 3116 0.205174 91.5445
930	1	676.675	22747.5	22737.1	10.404	493	599	225	0	0.0001 Colloc0 493 3123 0.186166 110.263
940	1	684.02	22750.6	22739.9	10.6261	495	623	201	2	0.0001 Colloc0 495 3136 0.188406 122.255
950	1	691.359	22880.3	22869.4	10.9028	504	584	240	1	0.0001 Colloc0 504 3140 0.0942479 137.958
960	1	698.552	22814.9	22804.2	10.6746	483	589	235	1	0.0001 Colloc0 483 3122 0.112496 124.945
970	1	705.853	22658.5	22648.2	10.3267	470	643	181	0	0.0001 Colloc0 470 3129 0.166916 106.225
980	1	712.903	22776.5	22766	10.4739	505	607	217	0	0.0001 Colloc0 505 3107 0.137874 113.974
990	1	720.048	22746.4	22736.1	10.3251	487	609	215	1	0.0001 Colloc0 487 3126 0.138712 106.142
1000	1	727.217	22779.2	22768.2	10.9513	486	590	234	0	0.0001 Colloc0 486 3098 0.097479 140.794
1010	1	734.508	22731	22720.5	10.5436	493	583	241	0	0.0001 Colloc0 493 3099 0.143474 117.733
1020	1	741.878	22849.8	22838.9	10.8986	495	577	247	2	0.0001 Colloc0 495 3112 0.0710261 137.715
1030	1	749.155	22712.7	22702.2	10.4333	494	604	220	1	0.0001 Colloc0 494 3085 0.144837 111.811
1040	1	756.452	22721.7	22711.4	10.2961	501	604	220	0	0.0001 Colloc0 501 3102 0.177018 104.648
1050	1	763.666	22897.6	22887.2	10.4183	504	566	258	0	0.0001 Colloc0 504 3106 0.133976 111.017
1060	1	770.91	22682	22671.3	10.684	483	610	214	1	0.0001 Colloc0 483 3108 0.109318 125.471
1070	1	778.137	22724.8	22714.4	10.3551	496	600	224	0	0.0001 Colloc0 496 3114 0.131445 107.699
1080	1	785.5	22619.7	22609.3	10.3763	480	649	175	1	0.0001 Colloc0 480 3110 0.137995 108.807
1090	1	792.769	22751.7	22741.4	10.2551	497	576	248	0	0.0001 Colloc0 497 3093 0.180903 102.551
1100	1	800.01	22744.1	22733.6	10.4519	502	608	216	0	0.0001 Colloc0 502 3088 0.163275 112.799
1110	1	807.383	22621	22610.3	10.6993	486	646	178	0	0.0001 Colloc0 486 3097 0.101515 126.326
1120	1	814.543	22608.9	22598.9	9.99806	482	642	182	1	0.0001 Colloc0 482 3087 0.213561 89.8915
1130	1	821.583	22679.7	22669.5	10.1847	493	615	209	0	0.0001 Colloc0 493 3095 0.174439 99.0011
1140	1	828.869	22722.1	22711.8	10.3298	499	593	231	0	0.0001 Colloc0 499 3094 0.150362 106.385
1150	1	836.233	22813.2	22802.5	10.6825	502	593	231	2	0.0001 Colloc0 502 3088 0.12345 125.386
1160	1	843.63	22768.7	22758	10.6777	492	593	231	0	0.0001 Colloc0 492 3088 0.0836435 125.122
1170	1	850.816	22758.5	22747.5	11.0766	502	592	232	0	0.0001 Colloc0 502 3093 0.0718133 148.231
1180	1	857.963	22660.8	22650.4	10.4472	500	636	188	0	0.0001 Colloc0 500 3116 0.162191 112.551
1190	1	865.288	22669	22658.3	10.6908	495	612	212	0	0.0001 Colloc0 495 3104 0.0927361 125.853
1200	1	872.531	22713.7	22702.9	10.7718	489	600	224	2	0.0001 Colloc0 489 3084 0.0698774 130.423
1210	1	879.866	22707.4	22696.7	10.6986	496	615	209	1	0.0001 Colloc0 496 3086 0.125175 126.289
1220	1	886.844	22646.6	22636.2	10.3813	484	617	207	1	0.0001 Colloc0 484 3075 0.160966 109.068
1230	1	893.889	22587.1	22576.4	10.6792	476	633	191	0	0.0001 Colloc0 476 3069 0.0532463 125.205
1240	1	901.066	22635.4	22625.1	10.2539	485	635	189	1	0.0001 Colloc0 485 3084 0.161629 102.488
1250	1	908.35	22647.6	22637.3	10.3406	500	618	206	0	0.0001 Colloc0 500 3094 0.166942 106.945
1260	1	915.583	22698.9	22688.4	10.4427	505	621	203	1	0.0001 Colloc0 505 3066 0.144699 112.311
1270	1	922.99	22746.5	22735.8	10.7128	497	588	236	2	0.0001 Colloc0 497 3083 0.114924 127.085
1280	1	930.337	22750.8	22740.4	10.37	493	568	256	1	0.0001 Colloc0 493 3108 0.123371 108.481
1290	1	937.574	22679.6	22669.2	10.4156	502	590	234	2	0.0001 Colloc0 502 3078 0.169293 110.873
1300	1	944.799	22710.8	22700.1	10.7503	498	594	230	1	0.0001 Colloc0 498 3081 0.132712 129.203
1310	1	951.931	22619.6	22609	10.6195	484	606	218	0	0.0001 Colloc0 484 3087 0.12392 121.888
1320	1	959.238	22651.9	22642	9.81056	482	606	218	0	0.0001 Colloc0 482 3065 0.244614 81.2035
1330	1	966.383	22779.1	22768.2	10.9631	506	570	254	1	0.0001 Colloc0 506 3073 0.125009 141.488
1340	1	973.762	22707.5	22697.3	10.2068	510	621	203	1	0.0001 Colloc0 510 3061 0.187485 100.109
1350	1	980.939	22775.2	22765.2	9.98798	514	577	247	0	0.0001 Colloc0 514 3082 0.240041 89.4123
1360	1	988.251	22622.2	22611.3	10.8931	484	617	207	1	0.0001 Colloc0 484 3076 0.106391 137.397
1370	1	995.497	22775.5	22765.6	9.93165	497	588	236	2	0.0001 Colloc0 497 3088 0.181603 86.7603
1380	1	1002.87	22630.2	22619.6	10.568	493	600	224	1	0.0001 Colloc0 493 3078 0.144811 119.06
1390	1	1010.19	22629.5	22619	10.4417	494	605	219	1	0.0001 Colloc0 494 3065 0.142684 112.259
1400	1	1017.52	22560.5	22549.8	10.6964	486	636	188	0	0.0001 Colloc0 486 3048 0.18824 126.167
1410	1	1024.69	22539.2	22529	10.207	490	611	213	1	0.0001 Colloc0 490 3048 0.173117 100.12
1420	1	1031.63	22647	22636.9	10.0985	508	602	222	0	0.0001 Colloc0 508 3032 0.218436 94.7374
1430	1	1038.73	22646.4	22636	10.4254	493	608	216	1	0.0001 Colloc0 493 3068 0.151445 111.394
1440	1	1046.1	22663.3	22653	10.3149	510	589	235	1	0.0001 Colloc0 510 3045 0.206594 105.614
1450	1	1053.42	22597.6	22587.4	10.1529	497	590	234	1	0.0001 Colloc0 497 3052 0.191085 97.4159
1460	1	1060.66	22516.3	22506	10.3539	495	635	189	1	0.0001 Colloc0 495 3043 0.196984 107.637
1470	1	1067.78	22547.4	22536.7	10.7417	500	622	202	1	0.0001 Colloc0 500 3035 0.140784 128.713
1480	1	1074.9	22515.6	22504.3	11.2577	489	621	203	0	0.0001 Colloc0 489 3022 0.0417144 159.243
1490	1	1082.23	22508.3	22497.9	10.3906	499	622	202	1	0.0001 Colloc0 499 3038 0.138132 109.559
1500	1	1089.5	22504	22493.6	10.3452	471	638	186	1	0.0001 Colloc0 471 3036 0.128368 107.187
1510	1	1096.81	22487.8	22476.8	11.0085	502	645	179	0	0.0001 Colloc0 502 3023 0.107115 144.169
1520	1	1104.02	22550.3	22539.7	10.5339	499	619	205	0	0.0001 Colloc0 499 3030 0.156427 117.208
1530	1	1111.3	22482.8	22472.6	10.2206	489	626	198	2	0.0001 Colloc0 489 3033 0.168783 100.803
1540	1	1118.52	22572.9	22562.5	10.3728	507	605	219	1	0.0001 Colloc0 507 3032 0.205473 108.627
1550	1	1125.78	22538.6	22527.5	11.0298	503	618	206	1	0.0001 Colloc0 503 3032 0.0889814 145.435
1560	1	1132.91	22605.7	22594.8	10.8253	501	580	244	3	0.0001 Colloc0 501 3037 0.114947 133.475
1570	1	1139.94	22591.5	22581.5	10.0059	508	593	231	2	0.0001 Colloc0 508 3059 0.209364 90.2634
1580	1	1147.14	22522.4	22511.6	10.8414	489	619	205	0	0.0001 Colloc0 489 3036 0.100253 134.402
1590	1	1154.54	22541.3	22531	10.3659	502	608	216	0	0.0001 Colloc0 502 3041 0.167383 108.267
1600	1	1161.89	22555.1	22544.7	10.4403	496	606	218	0	0.0001 Colloc0 496 3039 0.158393 112.186
1610	1	1169.31	22519.2	22509.1	10.0937	491	622	202	1	0.0001 Colloc0 491 3024 0.197801 94.5046
1620	1	1176.74	22610.5	22600.3	10.2458	521	596	228	1	0.0001 Colloc0 521 3036 0.210735 102.079
1630	1	1184.1	22458.1	22447.6	10.4643	501	635	189	4	0.0001 Colloc0 501 3037 0.19587 113.464
1640	1	1191.32	22521.9	22511.6	10.3522	489	614	210	0	0.0001 Colloc0 489 3046 0.152282 107.551
1650	1	1198.45	22545.5	22535.3	10.2365	493	607	217	1	0.0001 Colloc0 493 3062 0.16444 101.608
1660	1	1205.91	22549.5	22538.8	10.7419	497	616	208	2	0.0001 Colloc0 497 3056 0.155265 128.728
1670	1	1213.16	22552.2	22541.7	10.5054	492	619	205	0	0.0001 Colloc0 492 3049 0.13668 115.665
1680	1	1220.65	22421	22410.6	10.4786	487	630	194	0	0.0001 Colloc0 487 3012 0.163716 114.227
1690	1	1228.13	22508	22497.6	10.4091	495	623	201	1	0.0001 Colloc0 495 3027 0.215403 110.534
1700	1	1235.48	22577	22565.9	11.1382	493	623	201	0	0.0001 Colloc0 493 3046 0.0239842 151.94
1710	1	1242.82	22483.3	22472.8	10.5443	489	644	180	1	0.0001 Colloc0 489 3019 0.0967695 117.773
1720	1	1250.17	22577.3	22566.8	10.4771	502	600	224	0	0.0001 Colloc0 502 3024 0.15869 114.144
1730	1	1257.36	22571.1	22560.9	10.1894	511	609	215	2	0.0001 Colloc0 511 3046 0.228865 99.2344
1740	1	1264.43	22525.3	22514.9	10.4495	494	616	208	0	0.0001 Colloc0 494 3040 0.237724 112.671
1750	1	1271.72	22530.3	22519.8	10.5046	492	609	215	1	0.0001 Colloc0 492 3039 0.090691 115.622
1760	1	1278.74	22507.6	22497.3	10.3192	492	625	199	2	0.0001 Colloc0 492 3040 0.163394 105.839
1770	1	1286.14	22484.2	22474.1	10.0875	481	639	185	2	0.0001 Colloc0 481 3039 0.179093 94.1979
1780	1	1293.48	22519.7	22509	10.7202	490	615	209	0	0.0001 Colloc0 490 3025 0.0906462 127.503
1790	1	1300.6	22637.4	22626.7	10.7027	516	561	263	0	0.0001 Colloc0 516 3042 0.127308 126.519
1800	1	1307.69	22559.2	22548.6	10.6492	506	598	226	1	0.0001 Colloc0 506 3034 0.15566 123.535
1810	1	1314.86	22480.7	22469.7	11.0577	485	635	189	0	0.0001 Colloc0 485 3045 0.0213303 147.096
1820	1	1322.16	22490.7	22480.2	10.5048	498	640	184	1	0.0001 Colloc0 498 3033 0.144781 115.632
1830	1	1329.34	22588.5	22577.7	10.8499	494	607	217	1	0.0001 Colloc0 494 3038 0.124164 134.891
1840	1	1336.77	22534.4	22524.1	10.2672	498	599	225	0	0.0001 Colloc0 498 3036 0.179031 103.166
1850	1	1343.98	22471.6	22461.3	10.2943	493	630	194	1	0.0001 Colloc0 493 3049 0.211001 104.556
1860	1	1351.26	22479	22469	10.0327	487	621	203	1	0.0001 Colloc0 487 3047 0.189038 91.5499
1870	1	1358.31	22526.8	22515.9	10.8562	501	617	207	1	0.0001 Colloc0 501 3030 0.0720046 135.254
1880	1	1365.47	22495.4	22484.7	10.7395	496	600	224	1	0.0001 Colloc0 496 3028 0.134989 128.59
1890	1	1372.65	22414.6	22404.8	9.75947	498	637	187	0	0.0001 Colloc0 498 3031 0.232019 78.9193
1900	1	1379.82	22575.7	22565	10.7115	502	616	208	0	0.0001 Colloc0 502 3044 0.100056 127.012
1910	1	1387.02	22611.5	22600.6	10.885	505	619	205	0	0.0001 Colloc0 505 3044 0.138 136.924
1920	1	1394.43	22580.4	22569.8	10.5669	495	596	228	0	0.0001 Colloc0 495 3044 0.108205 119.003
1930	1	1401.62	22587.9	22577.2	10.7357	495	596	228	1	0.0001 Colloc0 495 3055 0.135779 128.376
1940	1	1408.89	22499.4	22489	10.4329	482	615	209	0	0.0001 Colloc0 482 3050 0.116558 111.79
1950	1	1416.32	22542.4	22531.9	10.5032	500	625	199	2	0.0001 Colloc0 500 3046 0.155468 115.546
1960	1	1423.69	22488.1	22477.9	10.2224	489	643	181	1	0.0001 Colloc0 489 3050 0.167671 100.895
1970	1	1431	22502.5	22492.1	10.3959	507	625	199	0	0.0001 Colloc0 507 3048 0.154491 109.839
1980	1	1438.52	22412.4	22402.5	9.9473	491	649	175	2	0.0001 Colloc0 491 3042 0.217102 87.4926
1990	1	1445.75	22484.1	22474	10.0871	495	614	210	0	0.0001 Colloc0 495 3050 0.153932 94.1807
2000	1	1453.03	22532.4	22521.7	10.7619	495	608	216	0	0.0001 Colloc0 495 3032 0.147836 129.857
