# D = 0, E = 1, I = 1, P = 1, R = -1, n = 2000, N = 1, P = 1, w = 1, a = 0.0001, b = 10000, e = 1, f = 1, g = 100, h = 0.01, r = 31363, s = 1, S = 0, x = 10, m = 100, Z = 1, z = 0, T = 1, t = 1
# 8673 tokens in 824 sentences
#
# It	Temp	Time	-logP	-logPcorpus	-logPrior	tables	same	changed	reject	default_pya	(parent pym pyn pya pyb)*
0	1	0.624905	34777.4	34663.6	113.764	2891	0	824	0	0.0001 Colloc0 2891 4635 0.0001 10000
10	1	9.8885	26041.7	26029.7	12.0157	646	336	488	1	0.0001 Colloc0 646 3546 0.0580725 208.406
20	1	17.4024	25240.7	25229.2	11.4119	540	391	433	0	0.0001 Colloc0 540 3545 0.00352422 168.861
30	1	25.2772	24888.1	24876.8	11.2893	535	434	390	1	0.0001 Colloc0 535 3541 0.0188736 161.196
40	1	33.053	24736.3	24725.2	11.0816	557	446	378	0	0.0001 Colloc0 557 3502 0.117666 148.531
50	1	40.6178	24492.6	24481.1	11.5657	532	489	335	4	0.0001 Colloc0 532 3468 0.00476049 178.659
60	1	48.3776	24585.4	24574.5	10.8142	549	473	351	0	0.0001 Colloc0 549 3448 0.107352 132.839
70	1	56.0845	24481	24470.7	10.2681	539	475	349	0	0.0001 Colloc0 539 3447 0.190284 103.211
80	1	63.9203	24420	24409.2	10.7911	531	486	338	1	0.0001 Colloc0 531 3450 0.154382 131.519
90	1	72.091	24244.8	24233.8	10.9876	514	486	338	1	0.0001 Colloc0 514 3477 0.112686 142.933
100	1	79.8189	24357.3	24346.9	10.422	525	463	361	0	0.0001 Colloc0 525 3446 0.168512 111.211
110	1	87.6207	24088.4	24077.8	10.6256	511	498	326	2	0.0001 Colloc0 511 3416 0.0979345 122.225
120	1	95.1585	24121.5	24110.2	11.2139	521	476	348	4	0.0001 Colloc0 521 3399 0.109028 156.553
130	1	102.745	24233.1	24221.7	11.3928	552	466	358	0	0.0001 Colloc0 552 3402 0.0936427 167.659
140	1	110.34	23940.3	23929.3	11.0278	516	495	329	3	0.0001 Colloc0 516 3374 0.0604823 145.314
150	1	117.836	23973.6	23962.8	10.7494	528	493	331	0	0.0001 Colloc0 528 3347 0.141296 129.152
160	1	125.651	23815.4	23804.4	10.9397	511	530	294	0	0.0001 Colloc0 511 3352 0.0658457 140.112
170	1	133.345	24064.8	24054	10.8091	537	478	346	0	0.0001 Colloc0 537 3360 0.116475 132.55
180	1	140.904	23789.7	23779	10.7284	509	507	317	2	0.0001 Colloc0 509 3344 0.138387 127.962
190	1	148.551	23657.9	23647.7	10.1166	500	532	292	1	0.0001 Colloc0 500 3349 0.212552 95.6249
200	1	156.226	23642.6	23631.9	10.7084	496	523	301	1	0.0001 Colloc0 496 3337 0.103134 126.838
210	1	163.845	23661.2	23650.5	10.6977	504	539	285	1	0.0001 Colloc0 504 3351 0.108741 126.235
220	1	171.39	23662.6	23651.5	11.0319	500	531	293	1	0.0001 Colloc0 500 3328 0.0753377 145.557
230	1	179.142	23554.2	23543.9	10.3541	496	537	287	0	0.0001 Colloc0 496 3328 0.163327 107.649
240	1	186.654	23705.7	23694.9	10.8078	500	506	318	2	0.0001 Colloc0 500 3318 0.063876 132.476
250	1	194.283	23501	23490	10.9768	494	544	280	0	0.0001 Colloc0 494 3310 0.0459418 142.295
260	1	201.772	23590.4	23579.8	10.6463	500	530	294	3	0.0001 Colloc0 500 3301 0.110367 123.372
270	1	209.376	23555	23544.1	10.8762	505	522	302	1	0.0001 Colloc0 505 3312 0.09848 136.413
280	1	216.723	23521.3	23511.1	10.1444	490	542	282	2	0.0001 Colloc0 490 3315 0.160015 96.9933
290	1	224.491	23471.6	23461	10.5681	486	538	286	1	0.0001 Colloc0 486 3309 0.0974233 119.067
300	1	231.762	23359.3	23348.8	10.4443	506	543	281	0	0.0001 Colloc0 506 3298 0.155287 112.395
310	1	239.134	23209.9	23199.7	10.188	490	552	272	0	0.0001 Colloc0 490 3289 0.159853 99.167
320	1	246.91	23335.7	23325.5	10.2306	486	542	282	0	0.0001 Colloc0 486 3310 0.1535 101.309
330	1	254.257	23102.9	23092.3	10.5231	487	588	236	2	0.0001 Colloc0 487 3288 0.154583 116.624
340	1	261.838	23243.7	23232.7	10.9312	481	568	256	0	0.0001 Colloc0 481 3287 0.0533586 139.618
350	1	269.46	23233.7	23222.9	10.7349	493	557	267	0	0.0001 Colloc0 493 3270 0.0792031 128.329
360	1	277.389	23249.7	23239.8	9.9583	493	585	239	0	0.0001 Colloc0 493 3292 0.213936 88.0095
370	1	285.121	23074.5	23064.2	10.2219	478	571	253	1	0.0001 Colloc0 478 3286 0.190373 100.866
380	1	292.721	22958.9	22948.7	10.2074	470	605	219	1	0.0001 Colloc0 470 3252 0.165186 100.14
390	1	300.579	23084.3	23073.9	10.3217	490	573	251	2	0.0001 Colloc0 490 3265 0.139052 105.966
400	1	308.517	22976.7	22966.5	10.2164	488	601	223	4	0.0001 Colloc0 488 3255 0.160327 100.591
410	1	316.435	23022.8	23012.8	9.99698	483	589	235	1	0.0001 Colloc0 483 3243 0.220312 89.8399
420	1	324.089	23141	23130.8	10.1086	511	565	259	1	0.0001 Colloc0 511 3262 0.228987 95.2315
430	1	331.564	22954.5	22944.2	10.3112	499	588	236	1	0.0001 Colloc0 499 3281 0.161708 105.424
440	1	339.306	23037.9	23027.5	10.3893	482	566	258	1	0.0001 Colloc0 482 3250 0.12375 109.488
450	1	347.214	22959.2	22949.5	9.67758	481	580	244	0	0.0001 Colloc0 481 3248 0.224406 75.3336
460	1	354.843	23079.1	23068.5	10.5306	491	568	256	0	0.0001 Colloc0 491 3253 0.103307 117.027
470	1	362.435	23058.6	23048.4	10.2353	492	535	289	0	0.0001 Colloc0 492 3244 0.155326 101.544
480	1	370.241	23000.7	22989.9	10.8135	490	576	248	0	0.0001 Colloc0 490 3244 0.0312149 132.798
490	1	378.05	22815	22804.7	10.2486	456	624	200	1	0.0001 Colloc0 456 3236 0.110266 102.22
500	1	385.903	22951.5	22940.8	10.6854	485	599	225	1	0.0001 Colloc0 485 3253 0.117308 125.552
510	1	393.691	22912	22902	10.0366	481	583	241	1	0.0001 Colloc0 481 3234 0.176368 91.7334
520	1	401.417	22973.4	22963.1	10.2925	486	568	256	1	0.0001 Colloc0 486 3238 0.160298 104.464
530	1	408.979	23013.6	23003.2	10.4453	493	579	245	0	0.0001 Colloc0 493 3228 0.176687 112.451
540	1	416.805	23058.9	23048.6	10.2408	496	565	259	2	0.0001 Colloc0 496 3262 0.172848 101.824
550	1	424.612	23117.9	23107.9	10.0054	496	564	260	4	0.0001 Colloc0 496 3250 0.203151 90.2417
560	1	432.258	23130.4	23120.1	10.2432	510	553	271	0	0.0001 Colloc0 510 3233 0.206016 101.949
570	1	440.169	23109.9	23099.1	10.8223	493	553	271	1	0.0001 Colloc0 493 3242 0.0881676 133.303
580	1	447.792	22980.8	22970.1	10.7335	477	568	256	1	0.0001 Colloc0 477 3247 0.118099 128.253
590	1	455.561	23048.2	23037.9	10.3014	484	566	258	0	0.0001 Colloc0 484 3258 0.145501 104.921
600	1	463.255	23044	23033.3	10.6732	488	582	242	1	0.0001 Colloc0 488 3251 0.0981095 124.867
610	1	470.634	22924.9	22914.6	10.2537	475	590	234	2	0.0001 Colloc0 475 3233 0.161949 102.478
620	1	477.944	22812.1	22802	10.0842	471	622	202	0	0.0001 Colloc0 471 3201 0.190547 94.0404
630	1	485.197	22913.2	22902	11.1484	488	635	189	1	0.0001 Colloc0 488 3244 0.0597544 152.562
640	1	492.572	22931.9	22921.7	10.2841	494	609	215	1	0.0001 Colloc0 494 3241 0.152576 104.031
650	1	500.306	22907.2	22896.8	10.4609	485	588	236	2	0.0001 Colloc0 485 3196 0.129912 113.278
660	1	508.216	22984.2	22973.6	10.5584	493	556	268	0	0.0001 Colloc0 493 3223 0.148455 118.538
670	1	516.049	23027.7	23017.5	10.1994	483	560	264	2	0.0001 Colloc0 483 3217 0.180146 99.7376
680	1	523.864	23046.6	23036.6	10.0392	492	556	268	2	0.0001 Colloc0 492 3219 0.177624 91.8623
690	1	531.54	22990.3	22980	10.2681	499	545	279	1	0.0001 Colloc0 499 3222 0.170324 103.211
700	1	539.236	23080.3	23069.6	10.723	492	538	286	0	0.0001 Colloc0 492 3231 0.0654558 127.66
710	1	546.695	22888.2	22877.8	10.3081	490	571	253	1	0.0001 Colloc0 490 3218 0.14265 105.263
720	1	554.388	22942.4	22932.1	10.2623	491	572	252	0	0.0001 Colloc0 491 3229 0.155694 102.919
730	1	561.982	22745.5	22735.5	10.0003	476	620	204	1	0.0001 Colloc0 476 3203 0.204715 89.9965
740	1	569.647	22842.1	22831.9	10.1556	480	595	229	2	0.0001 Colloc0 480 3215 0.181362 97.5498
750	1	577.168	22766.6	22756.5	10.1294	481	606	218	0	0.0001 Colloc0 481 3209 0.122319 96.2568
760	1	584.698	22852.5	22841.5	10.9436	479	579	245	2	0.0001 Colloc0 479 3202 0.0360432 140.345
770	1	592.519	22762.3	22752	10.2449	471	606	218	2	0.0001 Colloc0 471 3200 0.149598 102.034
780	1	600.266	22934.3	22923.6	10.7381	486	575	249	0	0.0001 Colloc0 486 3203 0.0825605 128.509
790	1	608.025	22961.4	22950.8	10.6237	497	550	274	1	0.0001 Colloc0 497 3204 0.0873823 122.118
800	1	615.82	22804.3	22793.7	10.6328	492	575	249	2	0.0001 Colloc0 492 3212 0.0783667 122.622
810	1	623.621	22813.9	22803.1	10.8392	482	589	235	4	0.0001 Colloc0 482 3237 0.117653 134.276
820	1	631.44	22737.6	22727.4	10.1719	476	631	193	3	0.0001 Colloc0 476 3201 0.175102 98.3595
830	1	638.815	22879.9	22869.4	10.48	481	570	254	1	0.0001 Colloc0 481 3211 0.14179 114.303
840	1	646.516	22811.2	22800.5	10.6813	484	578	246	0	0.0001 Colloc0 484 3200 0.134513 125.322
850	1	654.326	22823.7	22813.9	9.85393	506	580	244	0	0.0001 Colloc0 506 3184 0.234128 83.1709
860	1	661.947	22854.9	22844.8	10.1559	480	572	252	1	0.0001 Colloc0 480 3181 0.168369 97.5647
870	1	669.542	22963.9	22953.5	10.3719	503	567	257	0	0.0001 Colloc0 503 3213 0.156843 108.579
880	1	677.13	22729.5	22719.3	10.1618	468	580	244	1	0.0001 Colloc0 468 3180 0.180124 97.8563
890	1	684.616	22853.4	22842.6	10.8147	483	593	231	0	0.0001 Colloc0 483 3199 0.0914474 132.871
900	1	692.338	22726.7	22716.2	10.5004	472	618	206	1	0.0001 Colloc0 472 3195 0.121581 115.397
910	1	699.876	22884	22873.6	10.3505	487	578	246	1	0.0001 Colloc0 487 3210 0.140927 107.463
920	1	707.607	22847.8	22837.3	10.512	486	595	229	1	0.0001 Colloc0 486 3202 0.0927063 116.022
930	1	715.423	22793.8	22783.1	10.6411	480	570	254	0	0.0001 Colloc0 480 3183 0.103647 123.083
940	1	723.114	22804.1	22793.5	10.5358	483	579	245	1	0.0001 Colloc0 483 3193 0.106807 117.31
950	1	730.393	22787.7	22777.3	10.4241	472	603	221	2	0.0001 Colloc0 472 3207 0.130688 111.325
960	1	737.61	22853.1	22842.7	10.3762	484	571	253	0	0.0001 Colloc0 484 3171 0.179232 108.801
970	1	745.438	22859.3	22848.7	10.5959	492	576	248	1	0.0001 Colloc0 492 3157 0.127032 120.591
980	1	753.317	22918.3	22907.5	10.7252	497	593	231	2	0.0001 Colloc0 497 3196 0.0989278 127.785
990	1	760.987	22801.3	22790.9	10.3318	501	582	242	3	0.0001 Colloc0 501 3175 0.23216 106.489
1000	1	768.318	22633.2	22622.5	10.6927	481	648	176	1	0.0001 Colloc0 481 3161 0.0857097 125.956
1010	1	776.203	22902.1	22892.2	9.87213	503	595	229	0	0.0001 Colloc0 503 3205 0.247339 84.0041
1020	1	784.013	22763.1	22753	10.1497	492	615	209	0	0.0001 Colloc0 492 3179 0.151345 97.2593
1030	1	791.613	22777	22766.8	10.2107	495	598	226	1	0.0001 Colloc0 495 3155 0.188318 100.303
1040	1	799.093	22810.9	22801	9.8412	487	581	243	0	0.0001 Colloc0 487 3205 0.176042 82.5909
1050	1	806.722	22681	22670.7	10.2839	477	595	229	2	0.0001 Colloc0 477 3177 0.182494 104.023
1060	1	814.44	22743.5	22732.6	10.9169	479	599	225	1	0.0001 Colloc0 479 3190 0.0525166 138.782
1070	1	822.006	22726.5	22715.8	10.6773	481	590	234	0	0.0001 Colloc0 481 3154 0.0943895 125.096
1080	1	829.464	22768.1	22757.6	10.5308	498	578	246	1	0.0001 Colloc0 498 3179 0.136669 117.038
1090	1	837.176	22753.4	22743.2	10.1869	479	586	238	4	0.0001 Colloc0 479 3162 0.163878 99.111
1100	1	844.751	22797.4	22787.3	10.1525	489	593	231	2	0.0001 Colloc0 489 3178 0.16876 97.3963
1110	1	852.502	22866.2	22855.9	10.2303	509	558	266	0	0.0001 Colloc0 509 3168 0.19565 101.293
1120	1	860.229	22870.3	22859.6	10.7581	495	564	260	1	0.0001 Colloc0 495 3162 0.139004 129.643
1130	1	867.767	22914.6	22904.3	10.3548	511	548	276	0	0.0001 Colloc0 511 3177 0.217434 107.684
1140	1	875.411	22692.2	22681.7	10.5455	495	616	208	0	0.0001 Colloc0 495 3136 0.128471 117.837
1150	1	882.893	22766.7	22756.9	9.76345	482	600	224	0	0.0001 Colloc0 482 3174 0.20576 79.096
1160	1	890.065	22878.6	22868	10.5938	499	567	257	1	0.0001 Colloc0 499 3182 0.143806 120.473
1170	1	897.72	22834.3	22824	10.2451	493	582	242	0	0.0001 Colloc0 493 3184 0.163868 102.042
1180	1	905.224	22760	22749.4	10.595	481	568	256	1	0.0001 Colloc0 481 3173 0.092273 120.538
1190	1	912.8	22824.1	22813.8	10.2562	496	562	262	0	0.0001 Colloc0 496 3170 0.167963 102.607
1200	1	920.657	22776.1	22765.9	10.1408	484	588	236	0	0.0001 Colloc0 484 3153 0.174282 96.8196
1210	1	928.313	22755.3	22744.6	10.7245	482	571	253	0	0.0001 Colloc0 482 3148 0.112887 127.747
1220	1	935.963	22751.3	22741.3	9.94435	496	575	249	0	0.0001 Colloc0 496 3166 0.212663 87.3545
1230	1	943.911	22806.4	22796.7	9.67557	501	574	250	1	0.0001 Colloc0 501 3159 0.239615 75.2471
1240	1	951.719	22706	22695.7	10.2809	471	601	223	3	0.0001 Colloc0 471 3172 0.141461 103.866
1250	1	959.654	22712.2	22701.7	10.4785	484	625	199	2	0.0001 Colloc0 484 3172 0.130356 114.222
1260	1	967.235	22650.4	22640	10.3977	493	633	191	1	0.0001 Colloc0 493 3142 0.165682 109.931
1270	1	974.733	22725.8	22715.3	10.5362	489	590	234	1	0.0001 Colloc0 489 3160 0.132881 117.332
1280	1	982.221	22833	22822	11.0609	491	564	260	1	0.0001 Colloc0 491 3162 0.0555063 147.287
1290	1	990.05	22725.3	22714.3	10.9169	487	604	220	0	0.0001 Colloc0 487 3166 0.0599093 138.778
1300	1	997.855	22684.2	22674	10.2422	485	596	228	2	0.0001 Colloc0 485 3155 0.189396 101.896
1310	1	1005.42	22707.9	22697.3	10.533	484	602	222	4	0.0001 Colloc0 484 3132 0.175434 117.158
1320	1	1012.85	22721.5	22711.6	9.88777	485	580	244	4	0.0001 Colloc0 485 3126 0.216205 84.7237
1330	1	1020.51	22760.5	22750	10.472	490	600	224	2	0.0001 Colloc0 490 3161 0.0995393 113.875
1340	1	1028.24	22735.2	22724.8	10.3467	477	583	241	0	0.0001 Colloc0 477 3145 0.110259 107.262
1350	1	1035.92	22720.4	22709.9	10.5181	474	593	231	0	0.0001 Colloc0 474 3145 0.0903378 116.351
1360	1	1043.35	22651.2	22640.5	10.6418	469	619	205	0	0.0001 Colloc0 469 3147 0.0932591 123.121
1370	1	1051.06	22734	22723.7	10.2632	477	581	243	1	0.0001 Colloc0 477 3147 0.18219 102.962
1380	1	1058.56	22600.7	22590.9	9.75502	477	626	198	0	0.0001 Colloc0 477 3152 0.277495 78.722
1390	1	1066.24	22676.8	22666.7	10.108	481	615	209	1	0.0001 Colloc0 481 3172 0.152539 95.2004
1400	1	1073.64	22743.5	22733.3	10.1547	493	594	230	0	0.0001 Colloc0 493 3152 0.225082 97.5073
1410	1	1081.11	22681.9	22671.8	10.1046	493	626	198	1	0.0001 Colloc0 493 3163 0.194698 95.0346
1420	1	1088.75	22636	22625.8	10.2146	484	594	230	1	0.0001 Colloc0 484 3132 0.159157 100.501
1430	1	1096.51	22563.4	22553.2	10.2077	480	582	242	1	0.0001 Colloc0 480 3115 0.155559 100.154
1440	1	1104.34	22645	22634.5	10.4614	491	579	245	0	0.0001 Colloc0 491 3118 0.155213 113.308
1450	1	1112.17	22501.1	22490.6	10.4897	473	618	206	0	0.0001 Colloc0 473 3134 0.1613 114.821
1460	1	1119.77	22639.8	22629.9	9.8894	487	591	233	1	0.0001 Colloc0 487 3149 0.241611 84.7989
1470	1	1127.37	22590.9	22580.7	10.1637	496	601	223	0	0.0001 Colloc0 496 3157 0.198596 97.951
1480	1	1135.19	22548	22538.5	9.52411	475	616	208	0	0.0001 Colloc0 475 3154 0.213727 68.8692
1490	1	1142.53	22496.7	22486.8	9.81825	474	634	190	0	0.0001 Colloc0 474 3149 0.214244 81.5505
1500	1	1150.23	22452.5	22442.4	10.1538	472	651	173	0	0.0001 Colloc0 472 3163 0.220849 97.4621
1510	1	1157.87	22551.1	22540.5	10.5869	483	621	203	1	0.0001 Colloc0 483 3139 0.133875 120.098
1520	1	1165.63	22523.9	22513.4	10.4746	492	638	186	1	0.0001 Colloc0 492 3138 0.168764 114.013
1530	1	1173.3	22504.6	22494.5	10.0819	481	613	211	0	0.0001 Colloc0 481 3150 0.197616 93.9258
1540	1	1180.87	22616.8	22606.7	10.1487	491	591	233	1	0.0001 Colloc0 491 3140 0.177687 97.2061
1550	1	1188.34	22605.7	22595.6	10.1243	488	624	200	2	0.0001 Colloc0 488 3137 0.160969 96.0045
1560	1	1195.96	22692	22681.9	10.0851	494	574	250	1	0.0001 Colloc0 494 3140 0.179495 94.0843
1570	1	1203.4	22657.3	22647.5	9.84203	490	566	258	0	0.0001 Colloc0 490 3135 0.215627 82.6288
1580	1	1211.1	22522.3	22512.6	9.72131	475	608	216	0	0.0001 Colloc0 475 3136 0.248837 77.2369
1590	1	1218.46	22598.3	22588	10.2432	469	610	214	2	0.0001 Colloc0 469 3138 0.148081 101.948
1600	1	1226.15	22565.6	22555.7	9.9001	490	608	216	3	0.0001 Colloc0 490 3125 0.224338 85.2932
1610	1	1233.87	22687.7	22677.7	9.99974	481	565	259	1	0.0001 Colloc0 481 3148 0.181296 89.9715
1620	1	1241.21	22633.6	22622.8	10.7701	477	596	228	1	0.0001 Colloc0 477 3146 0.111454 130.326
1630	1	1248.94	22570.7	22560.3	10.4761	479	605	219	1	0.0001 Colloc0 479 3148 0.142211 114.092
1640	1	1256.72	22518.4	22508.1	10.2652	477	618	206	0	0.0001 Colloc0 477 3144 0.163743 103.065
1650	1	1264.32	22511.5	22501.8	9.71022	473	601	223	0	0.0001 Colloc0 473 3144 0.229331 76.7519
1660	1	1272.03	22544.7	22534.7	10.0602	485	570	254	0	0.0001 Colloc0 485 3124 0.226876 92.876
1670	1	1279.51	22612.8	22602	10.824	493	586	238	0	0.0001 Colloc0 493 3141 0.149872 133.401
1680	1	1287.04	22564.2	22553.9	10.3192	495	583	241	0	0.0001 Colloc0 495 3117 0.204534 105.84
1690	1	1294.72	22506.5	22496.6	9.87379	473	605	219	0	0.0001 Colloc0 473 3128 0.210501 84.0804
1700	1	1302.27	22532	22522.1	9.98457	487	618	206	1	0.0001 Colloc0 487 3157 0.252006 89.2505
1710	1	1310.12	22530.4	22520.4	9.98017	489	617	207	0	0.0001 Colloc0 489 3135 0.232657 89.0421
1720	1	1317.7	22440.7	22430.5	10.2093	472	633	191	0	0.0001 Colloc0 472 3141 0.149269 100.232
1730	1	1325.3	22459	22449.1	9.88606	466	630	194	2	0.0001 Colloc0 466 3139 0.19714 84.6448
1740	1	1332.86	22453.6	22443.5	10.0443	469	607	217	0	0.0001 Colloc0 469 3117 0.164086 92.1072
1750	1	1340.29	22408.5	22398.4	10.0683	473	633	191	0	0.0001 Colloc0 473 3133 0.182516 93.2658
1760	1	1347.94	22501.7	22490.9	10.7945	483	611	213	0	0.0001 Colloc0 483 3129 0.108962 131.712
1770	1	1355.61	22593	22582.7	10.36	482	595	229	0	0.0001 Colloc0 482 3143 0.162998 107.958
1780	1	1363.36	22561	22551.1	9.92508	492	579	245	1	0.0001 Colloc0 492 3151 0.194905 86.4538
1790	1	1371.01	22558.7	22548.9	9.88061	476	587	237	2	0.0001 Colloc0 476 3146 0.22403 84.3938
1800	1	1378.63	22518.4	22508.9	9.50127	488	609	215	0	0.0001 Colloc0 488 3126 0.233917 67.9361
1810	1	1386.42	22341.5	22331.6	9.94422	471	656	168	0	0.0001 Colloc0 471 3103 0.224452 87.3484
1820	1	1394.19	22488.6	22478.3	10.3569	483	617	207	0	0.0001 Colloc0 483 3131 0.18659 107.794
1830	1	1401.86	22607.6	22597.3	10.3041	499	570	254	0	0.0001 Colloc0 499 3136 0.229038 105.061
1840	1	1409.24	22537.3	22527	10.3328	486	566	258	2	0.0001 Colloc0 486 3134 0.138965 106.543
1850	1	1416.82	22419.4	22408.9	10.5419	465	616	208	0	0.0001 Colloc0 465 3116 0.119195 117.64
1860	1	1424.52	22478.6	22468.5	10.0663	494	598	226	0	0.0001 Colloc0 494 3124 0.165888 93.1696
1870	1	1432.09	22540.6	22530.7	9.90816	473	570	254	1	0.0001 Colloc0 473 3136 0.222409 85.6667
1880	1	1439.87	22479.9	22470	9.83366	480	603	221	1	0.0001 Colloc0 480 3143 0.224787 82.2485
1890	1	1447.75	22385.2	22375.2	9.99393	479	626	198	0	0.0001 Colloc0 479 3125 0.164702 89.6949
1900	1	1455.31	22377.6	22368.1	9.51865	478	647	177	1	0.0001 Colloc0 478 3133 0.26287 68.6455
1910	1	1462.87	22589.2	22579	10.1653	484	589	235	0	0.0001 Colloc0 484 3122 0.186079 98.0325
1920	1	1470.63	22467.7	22457.8	9.82182	483	610	214	0	0.0001 Colloc0 483 3124 0.241939 81.7119
1930	1	1478.39	22538	22528.4	9.55048	490	608	216	1	0.0001 Colloc0 490 3127 0.235283 69.9559
1940	1	1485.98	22385.9	22376.5	9.40973	487	647	177	1	0.0001 Colloc0 487 3124 0.274729 64.2712
1950	1	1493.44	22424.4	22414.4	9.97877	476	618	206	0	0.0001 Colloc0 476 3126 0.230296 88.9757
1960	1	1501.21	22434.5	22425	9.47276	475	631	193	1	0.0001 Colloc0 475 3141 0.235816 66.7817
1970	1	1508.96	22445.3	22435.2	10.1243	489	620	204	0	0.0001 Colloc0 489 3123 0.241053 96.0048
1980	1	1516.76	22468.6	22458.2	10.4657	471	625	199	0	0.0001 Colloc0 471 3124 0.148562 113.535
1990	1	1524.35	22369.5	22359.3	10.2224	471	665	159	1	0.0001 Colloc0 471 3119 0.195792 100.892
2000	1	1532.02	22520.1	22510	10.0779	491	589	235	0	0.0001 Colloc0 491 3115 0.212847 93.733
