# D = 0, E = 1, I = 1, P = 1, R = -1, n = 2000, N = 1, P = 1, w = 1, a = 0.0001, b = 10000, e = 1, f = 1, g = 100, h = 0.01, r = 8892, s = 1, S = 0, x = 10, m = 100, Z = 1, z = 0, T = 1, t = 1
# 8673 tokens in 824 sentences
#
# It	Temp	Time	-logP	-logPcorpus	-logPrior	tables	same	changed	reject	default_pya	(parent pym pyn pya pyb)*
0	1	0.532918	28973.7	28860	113.764	1239	0	824	0	0.0001 Colloc0 1239 2354 0.0001 10000
10	1	8.44272	23707.9	23695.6	12.2985	619	479	345	1	0.0001 Colloc0 619 2841 0.0239894 227.858
20	1	15.8676	23384.6	23372.7	11.8456	604	517	307	2	0.0001 Colloc0 604 2845 0.0833039 196.98
30	1	23.3005	23144	23132.2	11.7978	550	557	267	1	0.0001 Colloc0 550 2856 0.0488314 193.807
40	1	30.8693	23149.8	23137.9	11.897	577	558	266	1	0.0001 Colloc0 577 2826 0.0336521 200.408
50	1	38.1412	23110.1	23098.2	11.8758	569	555	269	2	0.0001 Colloc0 569 2837 0.0115454 198.992
60	1	45.3451	23080.9	23068.8	12.0142	553	558	266	5	0.0001 Colloc0 553 2853 0.0160773 208.303
70	1	52.446	22967.5	22955.9	11.5441	564	597	227	1	0.0001 Colloc0 564 2837 0.0526485 177.267
80	1	59.6209	22968.8	22957.2	11.5658	547	582	242	1	0.0001 Colloc0 547 2838 0.00743656 178.663
90	1	66.9508	22768.8	22757.3	11.53	532	627	197	0	0.0001 Colloc0 532 2816 0.0841442 176.367
100	1	74.4117	22925.7	22914	11.6264	553	555	269	1	0.0001 Colloc0 553 2821 0.0411159 182.578
110	1	81.8016	23010	22998.5	11.4352	547	550	274	1	0.0001 Colloc0 547 2873 0.0645007 170.332
120	1	89.2064	22997.8	22986.8	10.9393	551	558	266	0	0.0001 Colloc0 551 2881 0.137023 140.092
130	1	96.2644	22957.8	22946	11.7929	549	574	250	1	0.0001 Colloc0 549 2845 0.00936617 193.484
140	1	103.595	22988	22976	11.9585	557	565	259	1	0.0001 Colloc0 557 2838 0.0180685 204.538
150	1	111.051	22983.6	22971.6	11.9729	556	556	268	1	0.0001 Colloc0 556 2852 0.0155963 205.513
160	1	118.383	22868.4	22857	11.4364	535	576	248	1	0.0001 Colloc0 535 2833 0.0267482 170.403
170	1	125.636	22802	22790.3	11.6937	532	552	272	4	0.0001 Colloc0 532 2809 0.00766119 186.957
180	1	133.018	22853	22841.3	11.6806	547	564	260	0	0.0001 Colloc0 547 2825 0.0189585 186.103
190	1	140.385	22703.5	22692.6	10.8794	532	593	231	1	0.0001 Colloc0 532 2830 0.1398 136.599
200	1	147.924	22657.6	22647	10.6032	534	620	204	0	0.0001 Colloc0 534 2834 0.158038 120.988
210	1	155.41	22804.1	22792.4	11.701	539	570	254	2	0.0001 Colloc0 539 2797 0.0275569 187.437
220	1	162.801	22821.2	22809.4	11.7398	548	567	257	2	0.0001 Colloc0 548 2816 0.0243001 189.978
230	1	170.206	22717.7	22706.4	11.2972	533	604	220	0	0.0001 Colloc0 533 2817 0.0778993 161.684
240	1	177.564	22776.4	22765.2	11.2569	545	568	256	0	0.0001 Colloc0 545 2792 0.0718819 159.195
250	1	184.907	22755.9	22744.2	11.7004	552	561	263	0	0.0001 Colloc0 552 2810 0.047699 187.395
260	1	192.282	22753.9	22742.3	11.6308	550	568	256	2	0.0001 Colloc0 550 2811 0.0732738 182.86
270	1	199.451	22798.6	22788.1	10.5561	535	569	255	0	0.0001 Colloc0 535 2812 0.144331 118.415
280	1	206.654	22691.6	22679.9	11.6785	530	582	242	0	0.0001 Colloc0 530 2817 0.0115803 185.968
290	1	214.099	22671.3	22659.7	11.6083	535	595	229	2	0.0001 Colloc0 535 2804 0.0375879 181.406
300	1	221.446	22729.2	22717.7	11.5473	537	594	230	0	0.0001 Colloc0 537 2817 0.0777771 177.473
310	1	228.797	22743.3	22731.9	11.3745	538	570	254	0	0.0001 Colloc0 538 2820 0.103862 166.506
320	1	236.132	22755.3	22743.7	11.6136	537	566	258	0	0.0001 Colloc0 537 2822 0.0324125 181.75
330	1	243.435	22766.6	22755.3	11.257	560	581	243	1	0.0001 Colloc0 560 2825 0.126906 159.203
340	1	250.988	22648.3	22637.1	11.2066	532	587	237	1	0.0001 Colloc0 532 2814 0.116789 156.104
350	1	258.413	22591.9	22580.3	11.6612	535	611	213	0	0.0001 Colloc0 535 2800 0.0121127 184.839
360	1	265.838	22617.5	22605.9	11.6794	530	597	227	1	0.0001 Colloc0 530 2802 0.0277405 186.026
370	1	273.296	22735.4	22723.9	11.4652	527	579	245	0	0.0001 Colloc0 527 2821 0.0490889 172.232
380	1	280.636	22754.1	22742.4	11.6711	546	575	249	0	0.0001 Colloc0 546 2825 0.041616 185.485
390	1	287.966	22570.1	22559.3	10.8719	529	609	215	0	0.0001 Colloc0 529 2801 0.0891449 136.162
400	1	295.357	22808.9	22797.2	11.7342	542	570	254	0	0.0001 Colloc0 542 2825 0.00498644 189.612
410	1	302.83	22706.1	22694.7	11.4091	532	560	264	3	0.0001 Colloc0 532 2804 0.0227416 168.684
420	1	310.196	22643.6	22632.4	11.2578	529	584	240	1	0.0001 Colloc0 529 2803 0.0548298 159.249
430	1	317.297	22633	22621.3	11.7235	533	578	246	1	0.0001 Colloc0 533 2773 0.0409676 188.911
440	1	324.307	22601.7	22589.9	11.7412	540	592	232	0	0.0001 Colloc0 540 2793 0.0631733 190.073
450	1	331.249	22563.6	22552.1	11.4949	536	580	244	1	0.0001 Colloc0 536 2780 0.0480084 174.122
460	1	338.464	22524.6	22513.1	11.5347	523	610	214	1	0.0001 Colloc0 523 2777 0.0234569 176.664
470	1	345.788	22457	22445.4	11.6206	513	627	197	0	0.0001 Colloc0 513 2782 0.0323001 182.202
480	1	352.962	22444.7	22433.5	11.1849	523	636	188	0	0.0001 Colloc0 523 2789 0.0794111 154.778
490	1	359.997	22503.6	22492.2	11.4195	525	610	214	0	0.0001 Colloc0 525 2793 0.0245789 169.34
500	1	367.051	22558.8	22547.8	10.9864	523	576	248	2	0.0001 Colloc0 523 2796 0.109483 142.86
510	1	374.466	22444.5	22432.8	11.6622	510	592	232	0	0.0001 Colloc0 510 2805 0.0270659 184.901
520	1	381.892	22650.2	22638.6	11.6107	526	562	262	1	0.0001 Colloc0 526 2818 0.0151012 181.563
530	1	389.202	22490.4	22479.3	11.0374	520	602	222	1	0.0001 Colloc0 520 2797 0.0638033 145.884
540	1	396.482	22549.1	22537.9	11.2058	526	575	249	2	0.0001 Colloc0 526 2803 0.0419604 156.059
550	1	403.748	22407.9	22396.5	11.3997	512	615	209	2	0.0001 Colloc0 512 2799 0.0824931 168.089
560	1	411.23	22540.2	22528.9	11.3038	524	572	252	0	0.0001 Colloc0 524 2805 0.0631771 162.095
570	1	418.687	22482.9	22472.3	10.5934	521	584	240	0	0.0001 Colloc0 521 2788 0.143481 120.453
580	1	426.125	22488.3	22477.2	11.1622	520	599	225	0	0.0001 Colloc0 520 2802 0.0664078 153.399
590	1	433.498	22491.6	22479.9	11.761	515	608	216	2	0.0001 Colloc0 515 2815 0.00884772 191.374
600	1	440.885	22523.4	22511.7	11.7523	517	577	247	1	0.0001 Colloc0 517 2802 0.0213556 190.803
610	1	448.431	22594.5	22582.8	11.6461	524	575	249	0	0.0001 Colloc0 524 2818 0.0178541 183.857
620	1	455.648	22574.4	22563.1	11.2991	524	554	270	0	0.0001 Colloc0 524 2814 0.0609729 161.804
630	1	462.9	22470.5	22459.4	11.0465	529	589	235	1	0.0001 Colloc0 529 2799 0.128261 146.428
640	1	470.021	22416.4	22405.1	11.3247	527	631	193	2	0.0001 Colloc0 527 2810 0.0594245 163.393
650	1	477.083	22466.3	22454.7	11.6596	522	628	196	0	0.0001 Colloc0 522 2794 0.0065409 184.737
660	1	484.334	22523.9	22511.9	12.0451	526	578	246	0	0.0001 Colloc0 526 2779 0.0191946 210.404
670	1	491.648	22512.9	22501.8	11.0953	521	597	227	1	0.0001 Colloc0 521 2824 0.0884594 149.353
680	1	498.721	22553.4	22542.5	10.9348	516	581	243	0	0.0001 Colloc0 516 2809 0.109792 139.825
690	1	506.121	22500.1	22489	11.1099	514	580	244	1	0.0001 Colloc0 514 2794 0.0681479 150.231
700	1	513.483	22497	22485.4	11.5644	529	572	252	2	0.0001 Colloc0 529 2786 0.0711116 178.569
710	1	520.873	22443.6	22432.1	11.5434	528	606	218	2	0.0001 Colloc0 528 2778 0.0741247 177.226
720	1	528.105	22369	22358	10.9908	515	608	216	1	0.0001 Colloc0 515 2759 0.113409 143.123
730	1	535.305	22413.9	22402.6	11.311	522	620	204	3	0.0001 Colloc0 522 2776 0.0604086 162.544
740	1	542.627	22454	22442.2	11.8006	525	629	195	0	0.0001 Colloc0 525 2802 0.0448657 193.995
750	1	549.949	22493.8	22483.1	10.6836	525	615	209	0	0.0001 Colloc0 525 2789 0.131363 125.449
760	1	557.29	22382.4	22371.7	10.7309	517	628	196	0	0.0001 Colloc0 517 2778 0.163201 128.105
770	1	564.613	22409.2	22398.1	11.1346	529	606	218	0	0.0001 Colloc0 529 2775 0.0987201 151.722
780	1	572.023	22461	22450.2	10.7906	523	589	235	2	0.0001 Colloc0 523 2801 0.109761 131.491
790	1	579.478	22491.7	22480.1	11.6025	525	603	221	0	0.0001 Colloc0 525 2784 0.0275216 181.029
800	1	586.75	22393.8	22382.3	11.5199	524	616	208	0	0.0001 Colloc0 524 2779 0.0161092 175.716
810	1	593.891	22392	22381	11.0209	515	585	239	2	0.0001 Colloc0 515 2789 0.113545 144.906
820	1	601.289	22460.6	22449.1	11.4725	512	596	228	0	0.0001 Colloc0 512 2800 0.0532162 172.693
830	1	608.758	22424.7	22414.1	10.6359	530	644	180	1	0.0001 Colloc0 530 2788 0.173903 122.794
840	1	616.065	22534.1	22522.7	11.4569	540	603	221	0	0.0001 Colloc0 540 2777 0.0987227 171.708
850	1	623.186	22488	22477.2	10.8922	521	603	221	0	0.0001 Colloc0 521 2794 0.106422 137.344
860	1	630.506	22525.3	22513.6	11.7038	531	575	249	2	0.0001 Colloc0 531 2795 0.0122622 187.62
870	1	637.895	22496.6	22485.2	11.4731	520	563	261	0	0.0001 Colloc0 520 2794 0.0123147 172.734
880	1	644.8	22482	22471.2	10.8722	517	575	249	0	0.0001 Colloc0 517 2786 0.095524 136.184
890	1	651.786	22453.3	22442.4	10.966	528	591	233	1	0.0001 Colloc0 528 2786 0.137578 141.661
900	1	658.879	22304	22292.8	11.2558	522	652	172	0	0.0001 Colloc0 522 2772 0.0792829 159.125
910	1	665.777	22346.2	22335	11.2291	512	639	185	1	0.0001 Colloc0 512 2787 0.0189416 157.485
920	1	672.716	22408.6	22397.7	10.8445	530	613	211	0	0.0001 Colloc0 530 2791 0.142378 134.58
930	1	679.87	22446	22435	10.9553	533	602	222	1	0.0001 Colloc0 533 2791 0.146542 141.031
940	1	687.172	22493.5	22482.4	11.1647	525	595	229	3	0.0001 Colloc0 525 2788 0.0827107 153.551
950	1	694.54	22469.2	22458.2	11.0281	518	598	226	2	0.0001 Colloc0 518 2812 0.109697 145.33
960	1	701.833	22501.5	22489.9	11.6326	516	558	266	0	0.0001 Colloc0 516 2796 0.000908319 182.976
970	1	709.164	22436.8	22426.2	10.5867	511	576	248	0	0.0001 Colloc0 511 2774 0.18788 120.083
980	1	716.629	22427.7	22416.3	11.36	526	601	223	0	0.0001 Colloc0 526 2786 0.0889904 165.597
990	1	724.034	22419.8	22408.6	11.2072	508	617	207	1	0.0001 Colloc0 508 2795 0.0936461 156.139
1000	1	731.335	22514.9	22503.2	11.7329	525	562	262	2	0.0001 Colloc0 525 2785 0.00977494 189.531
1010	1	738.678	22451.6	22440.1	11.4821	519	593	231	0	0.0001 Colloc0 519 2802 0.00679298 173.309
1020	1	746.015	22405.7	22394.7	10.9804	516	626	198	1	0.0001 Colloc0 516 2805 0.103092 142.507
1030	1	753.415	22351.9	22341.2	10.6411	509	614	210	0	0.0001 Colloc0 509 2785 0.129502 123.081
1040	1	760.854	22352.3	22341.1	11.1442	521	604	220	0	0.0001 Colloc0 521 2789 0.123568 152.302
1050	1	768.146	22244.9	22233.7	11.1967	518	638	186	0	0.0001 Colloc0 518 2774 0.101617 155.501
1060	1	775.529	22252.5	22242	10.5288	520	629	195	0	0.0001 Colloc0 520 2768 0.143818 116.931
1070	1	782.959	22383.7	22372.5	11.1712	512	616	208	2	0.0001 Colloc0 512 2774 0.0675924 153.941
1080	1	790.27	22371.7	22360.3	11.3988	508	594	230	3	0.0001 Colloc0 508 2797 0.0298382 168.034
1090	1	797.641	22332.2	22321.1	11.0855	510	609	215	0	0.0001 Colloc0 510 2785 0.0698117 148.764
1100	1	804.892	22292.9	22282	10.9096	513	635	189	0	0.0001 Colloc0 513 2771 0.103978 138.357
1110	1	812.236	22264.9	22253.8	11.0697	507	627	197	1	0.0001 Colloc0 507 2769 0.096694 147.814
1120	1	819.174	22278.7	22267.2	11.5044	510	596	228	0	0.0001 Colloc0 510 2769 0.0401246 174.727
1130	1	826.135	22385.9	22374	11.8762	528	576	248	0	0.0001 Colloc0 528 2769 0.00692859 199.022
1140	1	833.221	22402.5	22391.6	10.8498	523	581	243	0	0.0001 Colloc0 523 2786 0.134777 134.886
1150	1	840.54	22401.4	22390.2	11.1676	525	584	240	0	0.0001 Colloc0 525 2791 0.0830125 153.725
1160	1	847.946	22278.3	22267.3	11.0584	507	608	216	0	0.0001 Colloc0 507 2774 0.0702857 147.14
1170	1	855.042	22253.3	22242.4	10.8728	516	600	224	0	0.0001 Colloc0 516 2766 0.137089 136.214
1180	1	862.316	22310.1	22298.9	11.1632	514	591	233	1	0.0001 Colloc0 514 2771 0.0805193 153.459
1190	1	869.595	22220.6	22209.6	11.0291	524	605	219	1	0.0001 Colloc0 524 2763 0.074035 145.39
1200	1	877.057	22224.3	22213.4	10.8858	526	624	200	0	0.0001 Colloc0 526 2764 0.172272 136.972
1210	1	884.324	22251.7	22240.4	11.3034	515	577	247	0	0.0001 Colloc0 515 2750 0.0779649 162.074
1220	1	891.574	22319.8	22308.7	11.1122	522	579	245	0	0.0001 Colloc0 522 2762 0.0618168 150.367
1230	1	898.986	22225.1	22214.3	10.7984	516	612	212	1	0.0001 Colloc0 516 2778 0.141281 131.939
1240	1	906.174	22255.4	22244	11.3874	519	627	197	0	0.0001 Colloc0 519 2789 0.0747959 167.315
1250	1	913.151	22225.3	22214	11.3111	513	599	225	0	0.0001 Colloc0 513 2762 0.0431238 162.549
1260	1	920.166	22276.9	22265.9	11.0341	526	595	229	1	0.0001 Colloc0 526 2762 0.121586 145.688
1270	1	927.21	22188.1	22176.8	11.2665	518	625	199	0	0.0001 Colloc0 518 2756 0.0636868 159.787
1280	1	934.243	22233.3	22222.1	11.2754	532	583	241	2	0.0001 Colloc0 532 2766 0.0928624 160.335
1290	1	941.66	22192.8	22180.9	11.8083	517	616	208	2	0.0001 Colloc0 517 2775 0.0133802 194.5
1300	1	948.832	22262.3	22251.1	11.1944	522	591	233	0	0.0001 Colloc0 522 2783 0.0767748 155.357
1310	1	956.155	22172.5	22161.4	11.1307	520	605	219	1	0.0001 Colloc0 520 2767 0.117355 151.489
1320	1	963.497	22129	22118.1	10.8928	515	631	193	0	0.0001 Colloc0 515 2763 0.123618 137.374
1330	1	970.961	22289.9	22278.6	11.3432	521	578	246	1	0.0001 Colloc0 521 2787 0.0626294 164.546
1340	1	978.297	22187.6	22176.3	11.2652	528	589	235	1	0.0001 Colloc0 528 2752 0.0990948 159.708
1350	1	985.616	22198.9	22187.9	10.9559	508	599	225	1	0.0001 Colloc0 508 2779 0.116288 141.065
1360	1	992.8	22193.4	22182.5	10.9153	516	614	210	0	0.0001 Colloc0 516 2763 0.131721 138.688
1370	1	999.866	22152.8	22141.8	11.0248	510	633	191	1	0.0001 Colloc0 510 2781 0.085711 145.135
1380	1	1006.92	22076.7	22065.6	11.0743	512	619	205	0	0.0001 Colloc0 512 2760 0.0729668 148.092
1390	1	1014.4	22176.1	22164.7	11.4001	531	618	206	0	0.0001 Colloc0 531 2764 0.0725855 168.117
1400	1	1021.77	22123.8	22112.7	11.1141	506	646	178	0	0.0001 Colloc0 506 2780 0.0920924 150.483
1410	1	1029.09	22266.4	22254.9	11.4538	514	595	229	1	0.0001 Colloc0 514 2780 0.0729081 171.507
1420	1	1036.37	22217.8	22207.2	10.6226	520	602	222	0	0.0001 Colloc0 520 2784 0.155937 122.058
1430	1	1043.71	22077.7	22066.4	11.2423	500	644	180	2	0.0001 Colloc0 500 2775 0.0286019 158.296
1440	1	1051.01	22093.5	22082.5	10.9813	496	657	167	1	0.0001 Colloc0 496 2797 0.0649852 142.561
1450	1	1058.32	22145.2	22134.1	11.142	516	629	195	1	0.0001 Colloc0 516 2784 0.0505062 152.173
1460	1	1065.59	22142.9	22131.6	11.3002	533	611	213	1	0.0001 Colloc0 533 2753 0.0720973 161.871
1470	1	1072.86	22180.3	22169.9	10.422	504	625	199	1	0.0001 Colloc0 504 2774 0.162575 111.214
1480	1	1080.17	22083.2	22072.2	11.0098	509	644	180	1	0.0001 Colloc0 509 2764 0.13972 144.249
1490	1	1087.47	22181.2	22170	11.1238	528	585	239	1	0.0001 Colloc0 528 2770 0.11061 151.071
1500	1	1094.82	22145.6	22134	11.6379	507	614	210	1	0.0001 Colloc0 507 2766 0.0243638 183.325
1510	1	1102.07	22104.5	22093.7	10.8639	521	627	197	0	0.0001 Colloc0 521 2762 0.156242 135.699
1520	1	1109.46	22168.3	22157.1	11.1889	516	611	213	0	0.0001 Colloc0 516 2769 0.122037 155.023
1530	1	1116.75	22217.7	22206.5	11.2089	508	604	220	1	0.0001 Colloc0 508 2787 0.0926464 156.246
1540	1	1124.02	22173.5	22162.7	10.8014	504	605	219	0	0.0001 Colloc0 504 2791 0.125374 132.108
1550	1	1131.28	22184.8	22173.1	11.7129	507	611	213	1	0.0001 Colloc0 507 2786 0.0141786 188.219
1560	1	1138.28	22132.9	22121.8	11.1221	505	617	207	1	0.0001 Colloc0 505 2790 0.0826777 150.968
1570	1	1145.48	22100.4	22088.9	11.507	501	639	185	1	0.0001 Colloc0 501 2768 0.0270167 174.893
1580	1	1152.91	22198	22187.2	10.8046	512	591	233	1	0.0001 Colloc0 512 2789 0.116031 132.293
1590	1	1160.32	22138.8	22128.2	10.5746	513	612	212	0	0.0001 Colloc0 513 2753 0.174007 119.422
1600	1	1167.61	22147.5	22136	11.4985	513	625	199	0	0.0001 Colloc0 513 2768 0.0662853 174.349
1610	1	1174.78	22074.5	22063.9	10.58	513	627	197	1	0.0001 Colloc0 513 2751 0.179934 119.72
1620	1	1182.16	22108.5	22097.7	10.7739	511	628	196	0	0.0001 Colloc0 511 2770 0.105302 130.538
1630	1	1189.55	22098.4	22087.3	11.0778	510	620	204	1	0.0001 Colloc0 510 2768 0.0387987 148.3
1640	1	1196.94	22169.7	22159.2	10.5547	502	599	225	0	0.0001 Colloc0 502 2756 0.194189 118.338
1650	1	1204.28	22117.7	22106.8	10.9032	509	620	204	0	0.0001 Colloc0 509 2731 0.0870769 137.984
1660	1	1211.79	22135.6	22125.3	10.2495	507	622	202	0	0.0001 Colloc0 507 2772 0.235076 102.265
1670	1	1219.17	22117.4	22106.3	11.0906	514	632	192	0	0.0001 Colloc0 514 2788 0.0965507 149.073
1680	1	1226.47	22159.5	22148.1	11.4876	505	626	198	1	0.0001 Colloc0 505 2781 0.0194512 173.656
1690	1	1233.82	22047	22036	10.9686	513	636	188	1	0.0001 Colloc0 513 2755 0.121377 141.809
1700	1	1241.09	22116.7	22105.6	11.1262	510	618	206	2	0.0001 Colloc0 510 2766 0.0766542 151.218
1710	1	1248.5	22067.9	22056.9	11.001	493	635	189	1	0.0001 Colloc0 493 2766 0.080685 143.722
1720	1	1255.74	22065.1	22054.2	10.9117	515	642	182	2	0.0001 Colloc0 515 2766 0.094182 138.479
1730	1	1262.93	22188.3	22177	11.3453	527	620	204	1	0.0001 Colloc0 527 2775 0.0830128 164.68
1740	1	1270.2	22182.5	22171.8	10.7208	520	602	222	2	0.0001 Colloc0 520 2771 0.151864 127.533
1750	1	1277.61	22056	22044.8	11.2563	496	643	181	1	0.0001 Colloc0 496 2769 0.0307798 159.159
1760	1	1284.78	22104.8	22093.9	10.9135	513	622	202	0	0.0001 Colloc0 513 2776 0.0722359 138.583
1770	1	1292.13	22114.4	22103	11.3908	503	624	200	1	0.0001 Colloc0 503 2775 0.00153714 167.531
1780	1	1299.44	22048.4	22037.4	10.9963	501	627	197	1	0.0001 Colloc0 501 2753 0.0858239 143.447
1790	1	1306.7	22104.9	22094.1	10.8005	512	614	210	2	0.0001 Colloc0 512 2764 0.120272 132.06
1800	1	1313.98	22065.5	22054	11.4275	512	616	208	0	0.0001 Colloc0 512 2769 0.0578402 169.845
1810	1	1321.19	21997.8	21987.1	10.6372	496	631	193	1	0.0001 Colloc0 496 2760 0.149896 122.865
1820	1	1328.58	22169.1	22157.8	11.2368	516	606	218	3	0.0001 Colloc0 516 2802 0.0499275 157.956
1830	1	1335.84	22035.8	22024.6	11.1875	496	634	190	0	0.0001 Colloc0 496 2768 0.0607242 154.939
1840	1	1343.14	22104.7	22093.2	11.5467	506	628	196	0	0.0001 Colloc0 506 2791 0.0324251 177.435
1850	1	1350.51	22047.9	22036.6	11.371	513	632	192	2	0.0001 Colloc0 513 2762 0.0655183 166.288
1860	1	1357.9	21961.3	21950.5	10.754	490	646	178	2	0.0001 Colloc0 490 2765 0.104093 129.413
1870	1	1365.08	22027.1	22015.6	11.5756	504	632	192	0	0.0001 Colloc0 504 2747 0.00822371 179.292
1880	1	1372.52	22106	22095.1	10.9005	499	611	213	0	0.0001 Colloc0 499 2772 0.0919852 137.824
1890	1	1379.83	22059.9	22048.4	11.5062	513	609	215	0	0.0001 Colloc0 513 2777 0.0507874 174.844
1900	1	1387.12	22043.8	22033.2	10.5703	493	626	198	0	0.0001 Colloc0 493 2773 0.12924 119.188
1910	1	1394.52	21971.3	21959.6	11.6363	504	629	195	0	0.0001 Colloc0 504 2747 0.0240794 183.217
1920	1	1401.69	22050	22039.5	10.5204	508	612	212	0	0.0001 Colloc0 508 2763 0.136503 116.478
1930	1	1408.99	22021.4	22010.6	10.7052	507	646	178	2	0.0001 Colloc0 507 2784 0.170573 126.659
1940	1	1416.11	21905.1	21894.1	11.0207	495	668	156	0	0.0001 Colloc0 495 2754 0.0465175 144.893
1950	1	1422.99	21939.1	21928.4	10.7204	506	655	169	0	0.0001 Colloc0 506 2762 0.123518 127.512
1960	1	1429.97	22057.8	22046.2	11.5439	509	607	217	1	0.0001 Colloc0 509 2756 0.0368743 177.253
1970	1	1437.32	21988.7	21977.6	11.1052	506	631	193	0	0.0001 Colloc0 506 2760 0.0324906 149.95
1980	1	1444.4	21967	21956	11.0264	501	644	180	2	0.0001 Colloc0 501 2754 0.114922 145.232
1990	1	1451.69	22036.9	22026	10.955	508	607	217	0	0.0001 Colloc0 508 2772 0.094161 141.012
2000	1	1458.62	22014	22002.8	11.2255	506	640	184	1	0.0001 Colloc0 506 2759 0.0348566 157.262
