# D = 0, E = 1, I = 1, P = 1, R = -1, n = 2000, N = 1, P = 1, w = 1, a = 0.0001, b = 10000, e = 1, f = 1, g = 100, h = 0.01, r = 6880, s = 1, S = 0, x = 10, m = 100, Z = 1, z = 0, T = 1, t = 1
# 8673 tokens in 824 sentences
#
# It	Temp	Time	-logP	-logPcorpus	-logPrior	tables	same	changed	reject	default_pya	(parent pym pyn pya pyb)*
0	1	0.573912	31043.2	30929.4	113.764	1941	0	824	0	0.0001 Colloc0 1941 3461 0.0001 10000
10	1	9.26559	24361.6	24350	11.6081	593	396	428	1	0.0001 Colloc0 593 3175 0.0645543 181.391
20	1	17.0694	23767.2	23755.9	11.3521	564	501	323	0	0.0001 Colloc0 564 3115 0.107334 165.108
30	1	24.6333	23543.3	23531.7	11.5858	539	542	282	0	0.0001 Colloc0 539 3121 0.067512 179.949
40	1	32.2721	23379	23367.6	11.4516	537	517	307	1	0.0001 Colloc0 537 3109 0.0621765 171.366
50	1	39.9749	23413.2	23402.3	10.8769	556	530	294	0	0.0001 Colloc0 556 3109 0.145524 136.457
60	1	47.9167	23383.9	23373.2	10.7013	536	536	288	0	0.0001 Colloc0 536 3138 0.123087 126.439
70	1	55.8155	23257	23246.2	10.8453	531	537	287	0	0.0001 Colloc0 531 3110 0.104338 134.629
80	1	63.7163	23145.6	23134.3	11.2412	521	556	268	0	0.0001 Colloc0 521 3097 0.0716824 158.23
90	1	71.0442	23153.5	23142.5	11.0103	523	555	269	0	0.0001 Colloc0 523 3122 0.107781 144.276
100	1	78.916	23110.3	23099.1	11.2062	513	568	256	1	0.0001 Colloc0 513 3143 0.0603283 156.078
110	1	86.6168	23147.7	23136.4	11.2893	519	532	292	0	0.0001 Colloc0 519 3123 0.08124 161.197
120	1	94.4686	23222.7	23212	10.6431	515	539	285	0	0.0001 Colloc0 515 3130 0.105384 123.192
130	1	102.334	23060	23049.1	10.8743	514	578	246	1	0.0001 Colloc0 514 3117 0.136107 136.304
140	1	109.734	23072.8	23062.4	10.4264	530	565	259	1	0.0001 Colloc0 530 3111 0.200817 111.444
150	1	117.337	22973.7	22962.7	10.9563	508	597	227	1	0.0001 Colloc0 508 3121 0.0734143 141.088
160	1	124.853	22995.3	22984.7	10.601	516	583	241	1	0.0001 Colloc0 516 3115 0.124719 120.871
170	1	132.837	23050	23039	10.95	509	577	247	1	0.0001 Colloc0 509 3097 0.0836233 140.719
180	1	140.62	23122.3	23111.5	10.8041	524	525	299	2	0.0001 Colloc0 524 3105 0.0974744 132.262
190	1	148.389	23020.9	23009.8	11.1646	513	568	256	0	0.0001 Colloc0 513 3121 0.0472647 153.54
200	1	156.149	23119.7	23109	10.6843	517	555	269	1	0.0001 Colloc0 517 3104 0.153807 125.487
210	1	164.005	23071.3	23060.5	10.8142	526	553	271	0	0.0001 Colloc0 526 3084 0.114417 132.843
220	1	171.413	22942.6	22931.9	10.7765	513	593	231	0	0.0001 Colloc0 513 3080 0.13406 130.69
230	1	178.957	22960	22949	10.9924	507	566	258	0	0.0001 Colloc0 507 3073 0.0816175 143.219
240	1	186.587	22960.6	22949.9	10.7255	507	576	248	0	0.0001 Colloc0 507 3112 0.139624 127.801
250	1	194.23	22930.4	22919.6	10.7706	513	593	231	0	0.0001 Colloc0 513 3089 0.135139 130.353
260	1	201.714	22825	22814.3	10.7496	497	600	224	0	0.0001 Colloc0 497 3102 0.116084 129.164
270	1	209.192	22961.7	22951.1	10.5536	512	580	244	0	0.0001 Colloc0 512 3097 0.136514 118.278
280	1	216.951	22869.7	22859.3	10.4838	511	588	236	0	0.0001 Colloc0 511 3077 0.187288 114.504
290	1	224.681	22873.7	22863.2	10.5791	498	585	239	0	0.0001 Colloc0 498 3091 0.142552 119.67
300	1	232.517	22894.5	22883.2	11.3453	515	574	250	1	0.0001 Colloc0 515 3084 0.0408896 164.682
310	1	240.39	22805.1	22794.7	10.3925	514	574	250	0	0.0001 Colloc0 514 3084 0.179901 109.656
320	1	248.199	22889.6	22878.5	11.0897	499	585	239	2	0.0001 Colloc0 499 3091 0.0823437 149.016
330	1	255.996	22931.1	22920.6	10.513	510	570	254	1	0.0001 Colloc0 510 3104 0.186516 116.075
340	1	264.013	22753.3	22742.8	10.4627	489	594	230	1	0.0001 Colloc0 489 3061 0.144725 113.378
350	1	271.449	22795.6	22785	10.5378	497	591	233	0	0.0001 Colloc0 497 3065 0.125168 117.419
360	1	279.114	22830.2	22819.3	10.8796	497	563	261	2	0.0001 Colloc0 497 3089 0.0854569 136.611
370	1	286.601	22710.5	22699.7	10.8286	501	593	231	0	0.0001 Colloc0 501 3073 0.0951915 133.67
380	1	294.331	22747.1	22736.4	10.7694	502	583	241	0	0.0001 Colloc0 502 3073 0.0915981 130.285
390	1	301.606	22719.3	22708.8	10.4524	491	606	218	0	0.0001 Colloc0 491 3103 0.189405 112.828
400	1	309.38	22808.6	22797.5	11.0567	508	575	249	3	0.0001 Colloc0 508 3077 0.115484 147.036
410	1	317.052	22898.8	22887.8	11.0442	502	545	279	0	0.0001 Colloc0 502 3081 0.0843303 146.29
420	1	324.602	22897.8	22886.9	10.8517	499	561	263	1	0.0001 Colloc0 499 3086 0.0670188 134.999
430	1	332.38	22895.7	22885.3	10.4274	512	548	276	1	0.0001 Colloc0 512 3069 0.187201 111.499
440	1	340.171	22857.9	22847.2	10.622	522	565	259	1	0.0001 Colloc0 522 3087 0.118035 122.025
450	1	347.859	22818.3	22807.5	10.7973	504	565	259	1	0.0001 Colloc0 504 3076 0.107155 131.875
460	1	355.814	22730.2	22719.5	10.6689	496	580	244	1	0.0001 Colloc0 496 3065 0.133327 124.628
470	1	363.219	22702.7	22691.7	11.0184	491	590	234	0	0.0001 Colloc0 491 3056 0.094984 144.755
480	1	370.744	22924.7	22914.3	10.4004	528	527	297	2	0.0001 Colloc0 528 3047 0.146602 110.072
490	1	378.303	22709	22698	11.024	513	565	259	1	0.0001 Colloc0 513 3036 0.124365 145.087
500	1	385.855	22680.5	22669.6	10.8224	498	585	239	0	0.0001 Colloc0 498 3063 0.0767823 133.312
510	1	393.484	22678.9	22668.3	10.5793	504	589	235	1	0.0001 Colloc0 504 3057 0.130209 119.678
520	1	400.819	22560.3	22549.9	10.3614	494	603	221	1	0.0001 Colloc0 494 3058 0.167348 108.031
530	1	408.614	22569.4	22558.7	10.7309	490	603	221	0	0.0001 Colloc0 490 3053 0.0754076 128.103
540	1	416.361	22668	22657.2	10.8827	502	578	246	1	0.0001 Colloc0 502 3037 0.0699187 136.788
550	1	424.09	22614.7	22603.8	10.8642	510	581	243	2	0.0001 Colloc0 510 3020 0.160218 135.721
560	1	431.742	22706.3	22695.7	10.5521	506	562	262	0	0.0001 Colloc0 506 3046 0.165594 118.197
570	1	439.492	22587.5	22577.4	10.1449	498	581	243	1	0.0001 Colloc0 498 3038 0.159171 97.0207
580	1	447.24	22532.8	22521.7	11.1722	511	601	223	0	0.0001 Colloc0 511 3044 0.108647 154.007
590	1	454.974	22596.7	22586.4	10.2899	507	582	242	0	0.0001 Colloc0 507 3042 0.107405 104.329
600	1	462.701	22632.3	22622.2	10.0882	506	591	233	1	0.0001 Colloc0 506 3027 0.191724 94.2342
610	1	470.582	22561	22550.5	10.45	498	583	241	1	0.0001 Colloc0 498 3021 0.154242 112.702
620	1	478.351	22457	22446.3	10.6249	503	633	191	0	0.0001 Colloc0 503 3022 0.163247 122.186
630	1	485.87	22594.6	22584.1	10.4498	504	578	246	0	0.0001 Colloc0 504 3063 0.136993 112.691
640	1	493.677	22539.2	22529.1	10.0666	502	610	214	0	0.0001 Colloc0 502 3027 0.181015 93.1816
650	1	501.072	22460.4	22450	10.3624	489	645	179	0	0.0001 Colloc0 489 3048 0.150532 108.079
660	1	508.547	22565.1	22554.8	10.2888	504	610	214	0	0.0001 Colloc0 504 3051 0.174371 104.274
670	1	516.076	22498.1	22487.4	10.6682	494	618	206	0	0.0001 Colloc0 494 3040 0.0962528 124.59
680	1	523.433	22558.4	22547.4	10.9808	495	591	233	1	0.0001 Colloc0 495 3029 0.094955 142.529
690	1	531.129	22486.2	22475.7	10.456	497	602	222	0	0.0001 Colloc0 497 3018 0.109552 113.021
700	1	538.919	22451.6	22441	10.6034	506	607	217	0	0.0001 Colloc0 506 3003 0.180737 121.001
710	1	546.348	22582.7	22571.3	11.3835	502	567	257	1	0.0001 Colloc0 502 3014 0.0414489 167.07
720	1	553.847	22518.7	22508.2	10.5296	508	597	227	0	0.0001 Colloc0 508 3014 0.188612 116.975
730	1	561.47	22483.5	22473.6	9.95734	510	600	224	2	0.0001 Colloc0 510 2976 0.21928 87.9647
740	1	569.098	22464.3	22453.6	10.7632	504	623	201	1	0.0001 Colloc0 504 2999 0.112485 129.93
750	1	576.526	22472.9	22462.5	10.403	500	605	219	0	0.0001 Colloc0 500 3005 0.144789 110.211
760	1	584.218	22409.4	22399	10.4827	504	622	202	1	0.0001 Colloc0 504 3003 0.174276 114.448
770	1	591.856	22474.6	22463.8	10.7306	503	584	240	1	0.0001 Colloc0 503 3000 0.120306 128.087
780	1	599.605	22537.4	22526.1	11.2743	502	566	258	0	0.0001 Colloc0 502 3011 0.0346478 160.271
790	1	607.239	22583.8	22572.9	10.8526	504	560	264	0	0.0001 Colloc0 504 3018 0.0699748 135.05
800	1	614.828	22511.5	22500	11.4767	509	592	232	0	0.0001 Colloc0 509 3005 0.0386328 172.965
810	1	622.596	22494.7	22483.4	11.3317	504	586	238	0	0.0001 Colloc0 504 3010 0.0160653 163.834
820	1	630.481	22454.1	22443.6	10.5881	501	599	225	1	0.0001 Colloc0 501 3002 0.12124 120.164
830	1	638.035	22355.1	22344.3	10.8446	499	626	198	0	0.0001 Colloc0 499 3010 0.119736 134.589
840	1	645.751	22377.1	22366.5	10.6019	492	614	210	1	0.0001 Colloc0 492 2996 0.154331 120.917
850	1	653.158	22401.6	22390.8	10.7422	504	604	220	3	0.0001 Colloc0 504 3013 0.102702 128.74
860	1	661.039	22384	22373.2	10.8129	502	621	203	2	0.0001 Colloc0 502 2994 0.106269 132.765
870	1	668.903	22345.8	22335.5	10.3081	505	651	173	0	0.0001 Colloc0 505 3000 0.200399 105.264
880	1	676.605	22390.8	22380.3	10.5533	508	627	197	0	0.0001 Colloc0 508 3000 0.155749 118.259
890	1	684.196	22405.3	22395.1	10.204	491	643	181	1	0.0001 Colloc0 491 3008 0.193496 99.9662
900	1	691.962	22352.7	22342	10.6801	498	633	191	0	0.0001 Colloc0 498 3006 0.126658 125.251
910	1	699.553	22356.5	22346.4	10.1039	499	630	194	0	0.0001 Colloc0 499 2996 0.182052 94.9999
920	1	707.111	22375	22364.2	10.7743	490	619	205	0	0.0001 Colloc0 490 2997 0.082165 130.565
930	1	714.859	22379	22368.3	10.6427	504	633	191	1	0.0001 Colloc0 504 2983 0.165183 123.174
940	1	722.52	22301.3	22290.8	10.539	484	647	177	0	0.0001 Colloc0 484 2999 0.138431 117.483
950	1	730.008	22321.8	22310.6	11.1273	497	649	175	1	0.0001 Colloc0 497 3008 0.0534624 151.28
960	1	737.529	22483.6	22472.6	10.9305	504	582	242	0	0.0001 Colloc0 504 2999 0.0968862 139.573
970	1	744.866	22466	22455.3	10.6832	502	594	230	0	0.0001 Colloc0 502 2969 0.101656 125.427
980	1	752.693	22382.5	22372.2	10.3243	498	597	227	0	0.0001 Colloc0 498 2988 0.15768 106.104
990	1	760.47	22301.8	22291.4	10.3964	489	629	195	0	0.0001 Colloc0 489 2987 0.143318 109.86
1000	1	768.132	22371.3	22360.5	10.7542	494	609	215	1	0.0001 Colloc0 494 2976 0.0913634 129.421
1010	1	775.809	22468.4	22457.3	11.0626	497	592	232	1	0.0001 Colloc0 497 3005 0.0654118 147.389
1020	1	783.519	22444	22432.7	11.3541	498	587	237	1	0.0001 Colloc0 498 2985 0.111752 165.232
1030	1	791.27	22455.1	22444	11.1474	505	584	240	0	0.0001 Colloc0 505 2995 0.0478769 152.499
1040	1	799.023	22437.5	22426.8	10.6908	500	606	218	0	0.0001 Colloc0 500 3017 0.123248 125.85
1050	1	806.775	22430	22419.2	10.7632	499	621	203	0	0.0001 Colloc0 499 2995 0.13931 129.931
1060	1	814.53	22434.2	22423.1	11.0929	496	581	243	0	0.0001 Colloc0 496 2998 0.0459293 149.21
1070	1	822.261	22457.8	22447.5	10.3271	513	592	232	0	0.0001 Colloc0 513 2982 0.186499 106.247
1080	1	830.211	22387.8	22376.9	10.9336	503	606	218	0	0.0001 Colloc0 503 2985 0.124187 139.756
1090	1	838.013	22370.9	22359.9	11.0055	508	612	212	0	0.0001 Colloc0 508 3001 0.0834131 143.994
1100	1	845.851	22238.4	22228	10.3549	489	654	170	0	0.0001 Colloc0 489 2985 0.183193 107.689
1110	1	853.559	22421.4	22410.2	11.2259	492	603	221	1	0.0001 Colloc0 492 3022 0.0396836 157.286
1120	1	861.169	22434	22423.2	10.807	505	599	225	2	0.0001 Colloc0 505 3007 0.132641 132.431
1130	1	868.903	22451.6	22440.8	10.8088	507	599	225	1	0.0001 Colloc0 507 3009 0.0868199 132.533
1140	1	876.601	22418.3	22407.3	11.0768	502	609	215	0	0.0001 Colloc0 502 3015 0.0442406 148.243
1150	1	884.218	22365.6	22355.3	10.2396	494	611	213	0	0.0001 Colloc0 494 3005 0.160734 101.764
1160	1	891.717	22335.4	22325.5	9.90056	494	631	193	0	0.0001 Colloc0 494 3011 0.20991 85.3147
1170	1	899.611	22346.4	22336.2	10.224	499	639	185	0	0.0001 Colloc0 499 2991 0.214448 100.974
1180	1	907.195	22335.8	22324.9	10.8457	491	645	179	1	0.0001 Colloc0 491 3001 0.136505 134.649
1190	1	914.92	22348.2	22337.8	10.4642	482	615	209	1	0.0001 Colloc0 482 3013 0.127668 113.458
1200	1	922.579	22452.4	22441.9	10.446	503	608	216	1	0.0001 Colloc0 503 3042 0.146443 112.484
1210	1	930.292	22348.5	22338.2	10.3806	507	622	202	1	0.0001 Colloc0 507 2984 0.196367 109.036
1220	1	937.838	22389.8	22379.3	10.4307	503	587	237	1	0.0001 Colloc0 503 2991 0.205422 111.673
1230	1	945.317	22337.6	22326.6	10.9796	488	631	193	1	0.0001 Colloc0 488 2991 0.132647 142.458
1240	1	952.955	22355.9	22345.1	10.8508	503	628	196	0	0.0001 Colloc0 503 2988 0.11086 134.943
1250	1	960.264	22359.8	22349.3	10.541	490	614	210	0	0.0001 Colloc0 490 3001 0.110716 117.591
1260	1	967.769	22429.9	22419	10.9153	503	606	218	1	0.0001 Colloc0 503 2998 0.103394 138.688
1270	1	975.267	22349.6	22339	10.6407	506	626	198	0	0.0001 Colloc0 506 2980 0.17572 123.059
1280	1	982.958	22282.5	22272.3	10.248	497	642	182	0	0.0001 Colloc0 497 2980 0.144293 102.192
1290	1	990.622	22364.9	22354.6	10.2924	505	629	195	0	0.0001 Colloc0 505 2971 0.192307 104.459
1300	1	998.528	22280.9	22270.3	10.6084	487	640	184	2	0.0001 Colloc0 487 2969 0.119601 121.277
1310	1	1006.31	22318.2	22307.6	10.6419	497	622	202	1	0.0001 Colloc0 497 2982 0.141494 123.128
1320	1	1013.83	22307.6	22296.8	10.8718	485	646	178	0	0.0001 Colloc0 485 2985 0.0890637 136.161
1330	1	1021.53	22229.5	22219.6	9.94381	500	659	165	2	0.0001 Colloc0 500 2977 0.214508 87.3292
1340	1	1029.19	22443.3	22432.8	10.4963	515	595	229	1	0.0001 Colloc0 515 2984 0.201953 115.176
1350	1	1036.75	22349.7	22339.2	10.5492	493	623	201	0	0.0001 Colloc0 493 2997 0.142363 118.038
1360	1	1044.1	22342.7	22332.5	10.2536	509	624	200	1	0.0001 Colloc0 509 2986 0.214501 102.476
1370	1	1051.42	22246.5	22235.9	10.5968	496	643	181	1	0.0001 Colloc0 496 3006 0.160494 120.642
1380	1	1059.03	22408.3	22397.6	10.6523	519	599	225	0	0.0001 Colloc0 519 2991 0.147174 123.707
1390	1	1066.97	22431.2	22420.3	10.8839	511	595	229	1	0.0001 Colloc0 511 3000 0.104883 136.863
1400	1	1074.43	22415.7	22405.5	10.2064	501	585	239	0	0.0001 Colloc0 501 2984 0.200985 100.087
1410	1	1082	22408	22397.7	10.2975	516	595	229	1	0.0001 Colloc0 516 3005 0.167166 104.718
1420	1	1089.57	22387.6	22376.5	11.0541	499	592	232	2	0.0001 Colloc0 499 3001 0.0529431 146.885
1430	1	1096.89	22375.4	22365.1	10.3285	508	604	220	1	0.0001 Colloc0 508 2996 0.156421 106.318
1440	1	1104.26	22348.9	22338.2	10.7325	496	610	214	0	0.0001 Colloc0 496 2991 0.0749931 128.195
1450	1	1111.83	22290.2	22280	10.2876	494	613	211	0	0.0001 Colloc0 494 2963 0.163099 104.21
1460	1	1119.57	22233.8	22223.8	10.0263	502	647	177	0	0.0001 Colloc0 502 2988 0.212602 91.241
1470	1	1127.34	22162.6	22152	10.6084	486	635	189	1	0.0001 Colloc0 486 2983 0.102756 121.276
1480	1	1135.2	22278.3	22267.6	10.6556	494	601	223	0	0.0001 Colloc0 494 2967 0.127514 123.888
1490	1	1143.17	22256.9	22246.2	10.7201	510	618	206	0	0.0001 Colloc0 510 3004 0.140297 127.495
1500	1	1150.87	22268.8	22257.8	10.9796	493	646	178	1	0.0001 Colloc0 493 2995 0.097808 142.462
1510	1	1158.67	22222.2	22211.7	10.4889	498	628	196	0	0.0001 Colloc0 498 2978 0.172521 114.778
1520	1	1166.39	22176.1	22165.9	10.1785	491	642	182	1	0.0001 Colloc0 491 2973 0.202306 98.6894
1530	1	1174.21	22264.6	22254.3	10.2041	500	626	198	1	0.0001 Colloc0 500 2960 0.182741 99.974
1540	1	1181.96	22158.2	22148.1	10.1636	483	661	163	2	0.0001 Colloc0 483 2982 0.19016 97.9459
1550	1	1189.69	22300.4	22289.6	10.7823	490	607	217	1	0.0001 Colloc0 490 2982 0.147578 131.016
1560	1	1197.3	22361.3	22350.9	10.3612	501	596	228	0	0.0001 Colloc0 501 2974 0.164723 108.018
1570	1	1204.87	22330.3	22319.2	11.094	505	596	228	0	0.0001 Colloc0 505 2985 0.0762044 149.273
1580	1	1212.77	22198	22187.4	10.6266	485	653	171	1	0.0001 Colloc0 485 2962 0.0978474 122.282
1590	1	1220.1	22282.8	22272.1	10.7769	494	625	199	0	0.0001 Colloc0 494 2984 0.111856 130.713
1600	1	1227.46	22331.8	22321.3	10.5811	492	604	220	1	0.0001 Colloc0 492 2988 0.113173 119.778
1610	1	1235.06	22280.8	22270.2	10.5939	489	598	226	1	0.0001 Colloc0 489 2986 0.159479 120.482
1620	1	1242.79	22348.8	22338.7	10.1668	503	598	226	2	0.0001 Colloc0 503 2984 0.179401 98.1055
1630	1	1250.45	22322.1	22311.1	11.0414	492	592	232	1	0.0001 Colloc0 492 2979 0.0325625 146.126
1640	1	1258.14	22201.3	22191.1	10.1761	488	608	216	0	0.0001 Colloc0 488 2971 0.225815 98.5683
1650	1	1266	22334.1	22323.6	10.4672	511	576	248	0	0.0001 Colloc0 511 2959 0.213243 113.617
1660	1	1273.7	22205.2	22194.9	10.3439	483	617	207	1	0.0001 Colloc0 483 2971 0.148923 107.116
1670	1	1281.62	22236.3	22226	10.2983	507	625	199	1	0.0001 Colloc0 507 2954 0.158151 104.759
1680	1	1289.28	22227.7	22216.9	10.7985	491	636	188	0	0.0001 Colloc0 491 2964 0.0941735 131.941
1690	1	1297.04	22172.7	22162.4	10.3106	497	633	191	0	0.0001 Colloc0 497 2961 0.195284 105.392
1700	1	1304.63	22260.1	22249.1	10.9836	501	633	191	1	0.0001 Colloc0 501 2975 0.0822391 142.697
1710	1	1312.38	22278.2	22267.2	10.9177	496	601	223	0	0.0001 Colloc0 496 2967 0.12822 138.828
1720	1	1320.06	22251.1	22239.9	11.1838	504	623	201	1	0.0001 Colloc0 504 2976 0.0858375 154.71
1730	1	1327.79	22168.3	22157.6	10.6659	490	647	177	0	0.0001 Colloc0 490 2984 0.137209 124.459
1740	1	1335.53	22274.9	22264.8	10.1024	505	614	210	0	0.0001 Colloc0 505 2977 0.206737 94.9257
1750	1	1343.26	22322.2	22311.2	10.922	500	608	216	0	0.0001 Colloc0 500 2986 0.134846 139.078
1760	1	1351.05	22221	22210.5	10.4504	487	618	206	3	0.0001 Colloc0 487 2986 0.164803 112.723
1770	1	1358.62	22300.4	22289.6	10.8296	498	601	223	2	0.0001 Colloc0 498 2997 0.127402 133.726
1780	1	1366.08	22153.1	22142.7	10.39	480	633	191	0	0.0001 Colloc0 480 2979 0.147534 109.528
1790	1	1373.52	22101	22090.9	10.1036	483	672	152	0	0.0001 Colloc0 483 2974 0.186564 94.9869
1800	1	1381.26	22139	22128.4	10.6401	487	662	162	0	0.0001 Colloc0 487 2973 0.089245 123.03
1810	1	1388.97	22147.4	22136.7	10.6771	472	651	173	0	0.0001 Colloc0 472 2984 0.113641 125.087
1820	1	1396.48	22224	22213.2	10.7837	483	608	216	2	0.0001 Colloc0 483 2980 0.119883 131.101
1830	1	1404	22252.1	22241.5	10.6445	491	645	179	1	0.0001 Colloc0 491 2990 0.132847 123.275
1840	1	1411.41	22253.2	22242.7	10.4563	484	623	201	1	0.0001 Colloc0 484 3013 0.142263 113.035
1850	1	1419.03	22175.6	22165.2	10.3484	473	637	187	0	0.0001 Colloc0 473 2982 0.13056 107.349
1860	1	1426.68	22208.1	22197.7	10.3082	488	633	191	0	0.0001 Colloc0 488 2966 0.163206 105.268
1870	1	1433.91	22226.5	22215.3	11.1472	495	640	184	0	0.0001 Colloc0 495 2989 0.0425717 152.489
1880	1	1441.57	22181.1	22170	11.0981	490	634	190	1	0.0001 Colloc0 490 2984 0.0170625 149.523
1890	1	1449.35	22257.6	22246.9	10.6438	493	633	191	0	0.0001 Colloc0 493 2990 0.151917 123.23
1900	1	1456.93	22293.2	22282.2	11.0253	489	610	214	1	0.0001 Colloc0 489 2963 0.0816301 145.166
1910	1	1464.64	22271.1	22260.1	10.9687	497	612	212	2	0.0001 Colloc0 497 2968 0.116788 141.82
1920	1	1472.41	22366.9	22355.8	11.0574	514	591	233	1	0.0001 Colloc0 514 2983 0.0996924 147.082
1930	1	1480.03	22201.4	22191.3	10.0739	488	642	182	2	0.0001 Colloc0 488 2977 0.237013 93.5383
1940	1	1487.48	22330.4	22319.9	10.5872	495	587	237	0	0.0001 Colloc0 495 2995 0.135379 120.114
1950	1	1495.31	22293.7	22282.4	11.263	488	583	241	1	0.0001 Colloc0 488 2978 0.0186728 159.57
1960	1	1502.95	22215	22205	9.97638	497	631	193	0	0.0001 Colloc0 497 2999 0.199112 88.8625
1970	1	1510.7	22266.9	22256.7	10.2507	486	604	220	0	0.0001 Colloc0 486 2984 0.21425 102.329
1980	1	1518.45	22222.8	22213.4	9.43589	485	626	198	0	0.0001 Colloc0 485 2992 0.25543 65.3062
1990	1	1526.41	22233.2	22223	10.2337	483	623	201	0	0.0001 Colloc0 483 2980 0.169792 101.467
2000	1	1533.97	22275.9	22265.8	10.0949	492	603	221	1	0.0001 Colloc0 492 2980 0.165881 94.5589
