# D = 0, E = 1, I = 1, P = 1, R = -1, n = 2000, N = 1, P = 1, w = 1, a = 0.0001, b = 10000, e = 1, f = 1, g = 100, h = 0.01, r = 30103, s = 1, S = 0, x = 10, m = 100, Z = 1, z = 0, T = 1, t = 1
# 8673 tokens in 824 sentences
#
# It	Temp	Time	-logP	-logPcorpus	-logPrior	tables	same	changed	reject	default_pya	(parent pym pyn pya pyb)*
0	1	0.578911	31793.6	31679.8	113.764	2135	0	824	0	0.0001 Colloc0 2135 3629 0.0001 10000
10	1	8.41172	25221.6	25209.7	11.8918	618	336	488	4	0.0001 Colloc0 618 3309 0.0418726 200.059
20	1	15.6596	24787.2	24775.5	11.7219	581	379	445	0	0.0001 Colloc0 581 3299 0.0201157 188.803
30	1	22.8655	24399	24387.5	11.4999	567	448	376	2	0.0001 Colloc0 567 3270 0.0570073 174.442
40	1	30.1854	24365.2	24354.2	11.052	550	458	366	2	0.0001 Colloc0 550 3302 0.0808761 146.76
50	1	37.5563	24199.8	24188.6	11.2033	535	482	342	3	0.0001 Colloc0 535 3269 0.0269894 155.903
60	1	44.7862	24237.9	24227.4	10.4815	562	489	335	1	0.0001 Colloc0 562 3262 0.180869 114.382
70	1	52.0681	24299.1	24288	11.112	561	441	383	2	0.0001 Colloc0 561 3271 0.0668607 150.357
80	1	59.358	24161.1	24149.6	11.464	545	453	371	1	0.0001 Colloc0 545 3242 0.058182 172.154
90	1	66.6339	23978.1	23967.4	10.7178	526	511	313	0	0.0001 Colloc0 526 3243 0.112541 127.367
100	1	73.9528	23761.5	23750.6	10.8865	517	579	245	2	0.0001 Colloc0 517 3242 0.111055 137.01
110	1	81.2307	23771.8	23761	10.8127	529	556	268	1	0.0001 Colloc0 529 3240 0.0956857 132.755
120	1	88.5835	23552.8	23541.7	11.1223	506	554	270	1	0.0001 Colloc0 506 3205 0.0268301 150.977
130	1	95.9014	23634.1	23623.8	10.3423	522	537	287	2	0.0001 Colloc0 522 3212 0.186084 107.035
140	1	103.25	23435.5	23424.4	11.1143	506	581	243	1	0.0001 Colloc0 506 3199 0.100767 150.497
150	1	110.72	23480.6	23470.3	10.2748	521	572	252	1	0.0001 Colloc0 521 3192 0.181781 103.554
160	1	118.132	23569.6	23558.3	11.3259	511	546	278	0	0.0001 Colloc0 511 3184 0.0478816 163.473
170	1	125.416	23476.9	23465.7	11.1227	526	577	247	3	0.0001 Colloc0 526 3202 0.100723 151.003
180	1	132.718	23565.7	23554.5	11.1365	524	526	298	0	0.0001 Colloc0 524 3181 0.0428994 151.839
190	1	140.064	23674.7	23663.5	11.2321	523	535	289	0	0.0001 Colloc0 523 3204 0.0508977 157.671
200	1	147.457	23521.4	23510.2	11.1501	509	539	285	0	0.0001 Colloc0 509 3188 0.0557022 152.66
210	1	154.857	23534.8	23524.1	10.7492	521	540	284	2	0.0001 Colloc0 521 3188 0.128784 129.14
220	1	162.179	23689.4	23678	11.3858	537	518	306	1	0.0001 Colloc0 537 3199 0.0872661 167.22
230	1	169.505	23491.3	23480.5	10.8127	522	555	269	0	0.0001 Colloc0 522 3208 0.100738 132.754
240	1	176.863	23438.1	23427	11.0944	506	566	258	1	0.0001 Colloc0 506 3218 0.0632971 149.298
250	1	184.11	23297.7	23286.5	11.1936	499	585	239	1	0.0001 Colloc0 499 3166 0.0401348 155.308
260	1	191.336	23402.1	23390.8	11.2947	508	526	298	1	0.0001 Colloc0 508 3157 0.0489383 161.531
270	1	198.554	23415.5	23404.6	10.8913	515	523	301	0	0.0001 Colloc0 515 3177 0.061774 137.289
280	1	205.847	23346.1	23334.8	11.3032	507	554	270	0	0.0001 Colloc0 507 3174 0.0180704 162.061
290	1	213.146	23356.1	23345.1	10.9671	503	549	275	0	0.0001 Colloc0 503 3177 0.068761 141.726
300	1	220.301	23423.8	23412.6	11.169	513	548	276	2	0.0001 Colloc0 513 3180 0.0215973 153.81
310	1	227.595	23355.3	23344.3	11.0716	508	528	296	1	0.0001 Colloc0 508 3142 0.0757914 147.932
320	1	234.55	23330.3	23319.4	10.9709	506	551	273	4	0.0001 Colloc0 506 3146 0.0748081 141.945
330	1	241.564	23288.8	23277.5	11.3123	502	537	287	1	0.0001 Colloc0 502 3154 0.0226453 162.622
340	1	248.572	23299.8	23288.8	10.9623	507	571	253	0	0.0001 Colloc0 507 3153 0.0401825 141.443
350	1	255.669	23204.4	23193	11.3671	498	595	229	1	0.0001 Colloc0 498 3163 0.00326172 166.041
360	1	262.87	23267.2	23256	11.1971	514	578	246	2	0.0001 Colloc0 514 3160 0.0541417 155.525
370	1	270.35	23346.7	23335.6	11.0779	515	532	292	0	0.0001 Colloc0 515 3124 0.0409323 148.307
380	1	277.558	23363.6	23352	11.6667	515	534	290	0	0.0001 Colloc0 515 3154 0.0163431 185.194
390	1	284.78	23374.5	23363.3	11.2529	519	523	301	0	0.0001 Colloc0 519 3142 0.0410894 158.949
400	1	292.179	23279.5	23268	11.5169	506	533	291	2	0.0001 Colloc0 506 3141 0.0241179 175.525
410	1	299.38	23143	23131.9	11.097	495	587	237	1	0.0001 Colloc0 495 3127 0.0178425 149.455
420	1	306.633	23138.3	23126.9	11.4156	493	592	232	0	0.0001 Colloc0 493 3133 0.000301207 169.092
430	1	313.765	23089.1	23078.3	10.8173	489	597	227	1	0.0001 Colloc0 489 3133 0.0628842 133.02
440	1	320.828	23055.5	23044.3	11.2451	493	598	226	1	0.0001 Colloc0 493 3112 0.0595957 158.467
450	1	327.933	23191.1	23181	10.1156	508	578	246	0	0.0001 Colloc0 508 3129 0.152085 95.5737
460	1	334.977	23234.8	23223.5	11.2564	511	549	275	0	0.0001 Colloc0 511 3134 0.030339 159.166
470	1	341.988	23147.7	23136.4	11.2776	490	582	242	1	0.0001 Colloc0 490 3144 0.000572714 160.472
480	1	349.109	23248	23237.6	10.4327	515	551	273	0	0.0001 Colloc0 515 3122 0.154803 111.779
490	1	356.194	23140.5	23129.1	11.4189	508	573	251	0	0.0001 Colloc0 508 3136 0.0126685 169.3
500	1	363.377	23251.3	23239.9	11.3187	519	548	276	0	0.0001 Colloc0 519 3147 0.0369805 163.019
510	1	370.613	23253.3	23241.9	11.3779	513	545	279	1	0.0001 Colloc0 513 3113 0.0214862 166.72
520	1	377.888	23080.1	23069	11.1126	493	593	231	0	0.0001 Colloc0 493 3122 0.0638968 150.394
530	1	385.153	23040.4	23029.6	10.8354	498	620	204	1	0.0001 Colloc0 498 3114 0.0622726 134.06
540	1	392.399	23143.4	23132.1	11.2759	507	569	255	0	0.0001 Colloc0 507 3109 0.0146622 160.37
550	1	399.826	23173.2	23162.3	10.8812	510	543	281	1	0.0001 Colloc0 510 3107 0.0820013 136.702
560	1	407.101	23096.3	23085.1	11.14	507	592	232	1	0.0001 Colloc0 507 3117 0.0957159 152.051
570	1	414.48	23245.9	23234.7	11.2029	517	533	291	2	0.0001 Colloc0 517 3122 0.0198339 155.878
580	1	421.774	23111.1	23099.9	11.2802	497	600	224	1	0.0001 Colloc0 497 3113 0.0782204 160.631
590	1	428.804	23158.4	23147.2	11.217	518	576	248	2	0.0001 Colloc0 518 3119 0.0162028 156.741
600	1	435.96	22987.2	22976.6	10.6297	511	611	213	0	0.0001 Colloc0 511 3092 0.132191 122.451
610	1	443.279	23031.5	23020.6	10.9564	507	610	214	1	0.0001 Colloc0 507 3100 0.111552 141.092
620	1	450.918	23058.9	23048.1	10.7743	511	576	248	1	0.0001 Colloc0 511 3091 0.118261 130.565
630	1	458.463	23148	23137.6	10.4538	515	588	236	0	0.0001 Colloc0 515 3112 0.209056 112.902
640	1	465.733	22898.4	22887.6	10.8529	499	623	201	1	0.0001 Colloc0 499 3083 0.0784052 135.066
650	1	473.183	22898.5	22887.7	10.7075	496	634	190	0	0.0001 Colloc0 496 3092 0.0904399 126.786
660	1	480.601	22932.3	22921.7	10.5649	515	614	210	0	0.0001 Colloc0 515 3089 0.173309 118.893
670	1	487.921	22921.2	22910.8	10.3815	493	634	190	1	0.0001 Colloc0 493 3083 0.132646 109.082
680	1	495.25	22944.9	22933.7	11.2279	512	612	212	1	0.0001 Colloc0 512 3063 0.0303589 157.408
690	1	502.579	23052.9	23042.6	10.3453	516	583	241	0	0.0001 Colloc0 516 3097 0.206572 107.193
700	1	509.845	23025.6	23014.3	11.3024	494	605	219	1	0.0001 Colloc0 494 3119 0.028941 162.011
710	1	517.158	23022.9	23011.9	11.0165	494	578	246	0	0.0001 Colloc0 494 3098 0.0595956 144.646
720	1	524.476	22966.6	22956.7	9.87574	507	600	224	1	0.0001 Colloc0 507 3091 0.250412 84.17
730	1	531.651	22967.5	22957.2	10.2698	498	535	289	0	0.0001 Colloc0 498 3062 0.18812 103.303
740	1	538.894	23007.6	22996.9	10.7019	512	560	264	0	0.0001 Colloc0 512 3079 0.106076 126.472
750	1	546.119	22977.5	22966.5	11.0045	513	578	246	0	0.0001 Colloc0 513 3062 0.117954 143.932
760	1	553.312	22959.6	22948.5	11.1537	507	596	228	0	0.0001 Colloc0 507 3059 0.0116021 152.879
770	1	560.63	23046.4	23035.6	10.8234	504	560	264	2	0.0001 Colloc0 504 3093 0.0660241 133.367
780	1	567.838	22990	22979.6	10.4008	504	589	235	0	0.0001 Colloc0 504 3100 0.118511 110.092
790	1	574.998	23037.9	23026.7	11.2316	493	585	239	1	0.0001 Colloc0 493 3107 0.0173795 157.636
800	1	582.25	23098.6	23087.5	11.0585	513	556	268	1	0.0001 Colloc0 513 3103 0.0892409 147.144
810	1	589.479	23017.7	23007.2	10.4897	514	571	253	0	0.0001 Colloc0 514 3090 0.14304 114.823
820	1	596.773	22989.7	22978.2	11.4589	503	564	260	1	0.0001 Colloc0 503 3098 0.0368134 171.829
830	1	603.961	22934.6	22923.8	10.8453	499	584	240	1	0.0001 Colloc0 499 3087 0.12293 134.626
840	1	611.097	22898.6	22887.9	10.7277	496	584	240	1	0.0001 Colloc0 496 3089 0.102517 127.922
850	1	618.115	22865.2	22854	11.1616	494	606	218	1	0.0001 Colloc0 494 3088 0.0678604 153.362
860	1	625.094	23045.3	23034.2	11.0665	503	574	250	1	0.0001 Colloc0 503 3095 0.0744185 147.627
870	1	632.282	22894.8	22884.4	10.3775	494	624	200	1	0.0001 Colloc0 494 3098 0.152288 108.869
880	1	639.62	22968.3	22957.4	10.9698	514	588	236	3	0.0001 Colloc0 514 3080 0.0804447 141.882
890	1	646.856	22894.6	22884.4	10.1895	493	586	238	4	0.0001 Colloc0 493 3093 0.191312 99.2395
900	1	654.133	22897	22886.3	10.7149	504	587	237	1	0.0001 Colloc0 504 3074 0.0955129 127.204
910	1	661.367	22903.7	22893	10.6911	502	589	235	5	0.0001 Colloc0 502 3074 0.103602 125.868
920	1	668.784	22841.2	22830	11.223	491	611	213	3	0.0001 Colloc0 491 3084 0.0195562 157.111
930	1	676.169	22929.9	22918.9	10.9455	498	586	238	1	0.0001 Colloc0 498 3097 0.0733184 140.457
940	1	683.475	22889.9	22879.7	10.2064	496	596	228	1	0.0001 Colloc0 496 3080 0.22133 100.09
950	1	690.789	22896.6	22885.7	10.893	487	606	218	3	0.0001 Colloc0 487 3073 0.0559455 137.388
960	1	698.062	22889	22878.8	10.2279	511	592	232	1	0.0001 Colloc0 511 3057 0.16836 101.172
970	1	705.391	22893.3	22882.8	10.5072	507	577	247	2	0.0001 Colloc0 507 3071 0.112603 115.764
980	1	712.708	22899.6	22888.7	10.8781	512	593	231	3	0.0001 Colloc0 512 3058 0.129317 136.524
990	1	719.889	23065.1	23053.7	11.4	514	535	289	2	0.0001 Colloc0 514 3079 0.0125044 168.112
1000	1	727.095	22947.8	22937	10.8661	489	562	262	3	0.0001 Colloc0 489 3086 0.0557482 135.828
1010	1	734.49	23007.4	22996.2	11.1882	502	547	277	1	0.0001 Colloc0 502 3073 0.0379499 154.982
1020	1	741.87	22940.6	22929.1	11.489	503	571	253	2	0.0001 Colloc0 503 3071 0.00355077 173.745
1030	1	749.222	22822.9	22812.5	10.4321	491	603	221	2	0.0001 Colloc0 491 3057 0.181722 111.746
1040	1	756.568	22974.8	22963.8	11.0311	506	561	263	2	0.0001 Colloc0 506 3082 0.0721703 145.511
1050	1	763.89	22791.9	22780.9	10.9964	498	640	184	2	0.0001 Colloc0 498 3067 0.0500783 143.454
1060	1	771.172	22810.7	22800.1	10.6042	498	608	216	3	0.0001 Colloc0 498 3060 0.119141 121.046
1070	1	778.372	22871.5	22861.1	10.4002	508	616	208	2	0.0001 Colloc0 508 3066 0.219992 110.063
1080	1	785.704	22813.2	22802.5	10.677	498	636	188	3	0.0001 Colloc0 498 3078 0.114657 125.081
1090	1	792.926	22856.9	22845.7	11.2512	493	604	220	2	0.0001 Colloc0 493 3073 0.0361329 158.845
1100	1	800.258	22844.9	22833.6	11.2792	498	573	251	2	0.0001 Colloc0 498 3076 0.00614191 160.573
1110	1	807.542	22785.5	22775	10.5118	498	613	211	2	0.0001 Colloc0 498 3055 0.135609 116.009
1120	1	814.84	22779.3	22768.5	10.7682	496	601	223	1	0.0001 Colloc0 496 3049 0.122016 130.214
1130	1	822.071	22806	22795.1	10.915	490	579	245	1	0.0001 Colloc0 490 3056 0.102266 138.669
1140	1	829.275	22950.3	22938.9	11.3259	510	579	245	1	0.0001 Colloc0 510 3077 0.041462 163.471
1150	1	836.356	22826.2	22815.2	11.0053	498	589	235	2	0.0001 Colloc0 498 3042 0.0524315 143.977
1160	1	843.571	22937.3	22926.4	10.9429	494	568	256	2	0.0001 Colloc0 494 3091 0.0222642 140.304
1170	1	850.776	22817.6	22806.5	11.1233	490	597	227	2	0.0001 Colloc0 490 3061 0.0629296 151.04
1180	1	858.043	22877.7	22866.9	10.7768	501	584	240	1	0.0001 Colloc0 501 3084 0.0927341 130.708
1190	1	865.371	22858.4	22847.5	10.8153	496	587	237	1	0.0001 Colloc0 496 3080 0.0728922 132.905
1200	1	872.578	22849.4	22838.8	10.6372	493	576	248	1	0.0001 Colloc0 493 3071 0.111519 122.869
1210	1	879.863	22991.7	22980.7	11.0249	502	536	288	3	0.0001 Colloc0 502 3068 0.053558 145.142
1220	1	887.085	23008.3	22997.3	10.9605	504	539	285	1	0.0001 Colloc0 504 3090 0.064058 141.336
1230	1	894.283	23036	23025	11.0261	519	541	283	2	0.0001 Colloc0 519 3096 0.0906489 145.215
1240	1	901.412	22890.3	22879.4	10.8439	493	585	239	1	0.0001 Colloc0 493 3081 0.0758461 134.548
1250	1	908.686	22805.1	22794	11.1478	493	608	216	1	0.0001 Colloc0 493 3048 0.0424623 152.526
1260	1	915.942	22825.2	22814.2	11.0674	489	595	229	2	0.0001 Colloc0 489 3084 0.0311291 147.68
1270	1	923.327	22796.9	22786.1	10.8777	502	609	215	3	0.0001 Colloc0 502 3079 0.102375 136.498
1280	1	930.593	22719.9	22709.7	10.1887	482	644	180	2	0.0001 Colloc0 482 3078 0.136118 99.1979
1290	1	937.795	22881.6	22871	10.5565	496	599	225	1	0.0001 Colloc0 496 3067 0.121614 118.433
1300	1	944.753	22960.1	22949.1	11.0017	506	571	253	2	0.0001 Colloc0 506 3097 0.075887 143.766
1310	1	951.934	22885.7	22875.3	10.4476	508	580	244	2	0.0001 Colloc0 508 3065 0.170857 112.573
1320	1	959.17	22975.3	22964.5	10.8019	506	556	268	2	0.0001 Colloc0 506 3052 0.085857 132.135
1330	1	966.52	22842.1	22831	11.065	511	603	221	2	0.0001 Colloc0 511 3044 0.0647079 147.532
1340	1	973.886	22696.1	22685.5	10.6183	494	641	183	2	0.0001 Colloc0 494 3033 0.164591 121.825
1350	1	981.242	22767.2	22756.5	10.7132	494	619	205	2	0.0001 Colloc0 494 3062 0.0845211 127.106
1360	1	988.668	22910.4	22899.2	11.1407	495	567	257	0	0.0001 Colloc0 495 3061 0.0323425 152.091
1370	1	995.929	22922.5	22912	10.4612	513	559	265	0	0.0001 Colloc0 513 3072 0.172408 113.298
1380	1	1003.21	22861.5	22850.2	11.323	500	593	231	0	0.0001 Colloc0 500 3055 0.0137892 163.287
1390	1	1010.47	22840.2	22829.6	10.562	506	586	238	0	0.0001 Colloc0 506 3041 0.119131 118.737
1400	1	1017.85	22765	22754.7	10.3175	492	617	207	0	0.0001 Colloc0 492 3031 0.203596 105.749
1410	1	1025.14	22897.7	22887.1	10.5422	515	584	240	0	0.0001 Colloc0 515 3067 0.128741 117.655
1420	1	1032.34	22844.1	22833	11.028	499	588	236	0	0.0001 Colloc0 499 3061 0.089884 145.328
1430	1	1039.54	22830.6	22819.6	10.9144	510	602	222	1	0.0001 Colloc0 510 3052 0.127183 138.633
1440	1	1046.67	22944.1	22933.6	10.5969	505	581	243	1	0.0001 Colloc0 505 3086 0.128616 120.647
1450	1	1053.71	22924.5	22913.3	11.2406	515	578	246	0	0.0001 Colloc0 515 3072 0.0849129 158.191
1460	1	1060.72	22880	22869.2	10.7443	495	621	203	2	0.0001 Colloc0 495 3067 0.120212 128.862
1470	1	1068.09	22875.2	22864	11.2195	491	593	231	0	0.0001 Colloc0 491 3060 0.0512348 156.898
1480	1	1075.37	22733.4	22722.8	10.632	495	636	188	1	0.0001 Colloc0 495 3050 0.102593 122.579
1490	1	1082.47	22795.9	22784.8	11.0719	491	639	185	1	0.0001 Colloc0 491 3078 0.0697024 147.947
1500	1	1089.52	22754.7	22743.9	10.7972	494	622	202	2	0.0001 Colloc0 494 3065 0.0943513 131.866
1510	1	1096.75	22794	22783.7	10.3065	514	621	203	1	0.0001 Colloc0 514 3070 0.155901 105.183
1520	1	1103.82	22935.9	22924.7	11.1331	508	570	254	1	0.0001 Colloc0 508 3061 0.0978613 151.634
1530	1	1111.16	22807.4	22796.7	10.6848	504	617	207	1	0.0001 Colloc0 504 3044 0.131947 125.514
1540	1	1118.46	22900.7	22890	10.705	502	590	234	0	0.0001 Colloc0 502 3069 0.130423 126.649
1550	1	1125.74	22893.5	22882.9	10.6475	494	607	217	2	0.0001 Colloc0 494 3082 0.0978245 123.441
1560	1	1132.98	22871.5	22861	10.4518	500	578	246	1	0.0001 Colloc0 500 3066 0.134769 112.795
1570	1	1140.38	22806.3	22794.9	11.4242	508	582	242	1	0.0001 Colloc0 508 3049 0.0181089 169.637
1580	1	1147.73	22681.7	22671.3	10.3673	495	633	191	0	0.0001 Colloc0 495 3039 0.157981 108.339
1590	1	1154.92	22745.4	22734.6	10.896	510	618	206	1	0.0001 Colloc0 510 3044 0.0990508 137.564
1600	1	1162.17	22740.5	22729.6	10.8876	501	608	216	0	0.0001 Colloc0 501 3025 0.0699146 137.076
1610	1	1169.51	22784.2	22773.6	10.5585	499	600	224	0	0.0001 Colloc0 499 3043 0.126919 118.543
1620	1	1176.89	22762.3	22751	11.3131	480	610	214	0	0.0001 Colloc0 480 3057 0.00559776 162.674
1630	1	1184.24	22779	22768.1	10.9213	480	577	247	1	0.0001 Colloc0 480 3048 0.0368482 139.037
1640	1	1191.56	22783.5	22772.7	10.7773	496	591	233	1	0.0001 Colloc0 496 3068 0.0740515 130.733
1650	1	1198.86	22780.4	22769.5	10.8886	488	570	254	0	0.0001 Colloc0 488 3015 0.0786109 137.132
1660	1	1206.19	22650	22639.4	10.6052	496	635	189	0	0.0001 Colloc0 496 3066 0.120754 121.099
1670	1	1213.54	22712.7	22702.2	10.4612	489	608	216	1	0.0001 Colloc0 489 3065 0.124642 113.295
1680	1	1220.77	22791.6	22780.8	10.7792	494	598	226	0	0.0001 Colloc0 494 3058 0.115613 130.844
1690	1	1228.04	22815.4	22804.9	10.5497	501	580	244	0	0.0001 Colloc0 501 3059 0.125663 118.065
1700	1	1235.37	22825.2	22814.2	10.9942	513	577	247	0	0.0001 Colloc0 513 3067 0.0883588 143.322
1710	1	1242.68	22851.9	22841.1	10.851	516	577	247	1	0.0001 Colloc0 516 3067 0.0996226 134.955
1720	1	1250.06	22816.8	22806.2	10.6107	497	596	228	0	0.0001 Colloc0 497 3046 0.123059 121.406
1730	1	1257.51	22735.9	22725.3	10.6415	499	590	234	0	0.0001 Colloc0 499 3038 0.115364 123.104
1740	1	1264.82	22813.9	22802.8	11.0244	500	580	244	0	0.0001 Colloc0 500 3051 0.0655419 145.116
1750	1	1272.03	22640.9	22630.5	10.4683	495	596	228	2	0.0001 Colloc0 495 3023 0.121911 113.678
1760	1	1279.4	22644.8	22633.9	10.9243	502	586	238	1	0.0001 Colloc0 502 3031 0.128149 139.211
1770	1	1286.67	22674.8	22663.7	11.0948	508	594	230	1	0.0001 Colloc0 508 3036 0.0453963 149.323
1780	1	1293.84	22683.1	22672.2	10.8629	513	584	240	2	0.0001 Colloc0 513 3045 0.141025 135.645
1790	1	1300.86	22468.1	22457.2	10.908	489	620	204	0	0.0001 Colloc0 489 3043 0.0806073 138.264
1800	1	1308.12	22483.1	22472.1	11.0435	494	611	213	0	0.0001 Colloc0 494 3025 0.0671543 146.25
1810	1	1315.3	22586.9	22576.2	10.7455	495	607	217	0	0.0001 Colloc0 495 3044 0.133651 128.931
1820	1	1322.52	22586.8	22575.7	11.1334	501	605	219	0	0.0001 Colloc0 501 3051 0.0461853 151.652
1830	1	1329.75	22479.1	22468.2	10.9072	502	625	199	0	0.0001 Colloc0 502 3025 0.0668394 138.216
1840	1	1337.19	22602	22591.6	10.4711	496	578	246	0	0.0001 Colloc0 496 3014 0.126632 113.824
1850	1	1344.5	22551.3	22540.5	10.7767	507	594	230	1	0.0001 Colloc0 507 3029 0.125122 130.7
1860	1	1351.77	22446.3	22435.3	11.0283	487	652	172	1	0.0001 Colloc0 487 3012 0.0644971 145.342
1870	1	1359.05	22604	22593.9	10.1335	504	605	219	0	0.0001 Colloc0 504 3034 0.221065 96.4567
1880	1	1366.34	22496.2	22485.6	10.6603	493	638	186	0	0.0001 Colloc0 493 3025 0.151338 124.148
1890	1	1373.68	22558.4	22547.4	11.0317	502	610	214	2	0.0001 Colloc0 502 3031 0.0737409 145.548
1900	1	1380.98	22676.3	22665	11.2927	502	566	258	1	0.0001 Colloc0 502 3034 0.0655298 161.405
1910	1	1388.17	22492.4	22481.6	10.872	487	625	199	1	0.0001 Colloc0 487 3021 0.0870055 136.17
1920	1	1395.46	22611	22600.6	10.3842	498	589	235	1	0.0001 Colloc0 498 3037 0.14838 109.224
1930	1	1402.83	22514.5	22504.1	10.4296	486	599	225	0	0.0001 Colloc0 486 3046 0.151783 111.618
1940	1	1410.22	22464.4	22454	10.3328	479	614	210	0	0.0001 Colloc0 479 3019 0.159301 106.54
1950	1	1417.4	22542.1	22531.5	10.5742	487	594	230	1	0.0001 Colloc0 487 3051 0.126973 119.403
1960	1	1424.88	22482.7	22473.2	9.44179	490	639	185	2	0.0001 Colloc0 490 3024 0.258315 65.5411
1970	1	1432.04	22408.8	22398.2	10.6112	490	645	179	2	0.0001 Colloc0 490 3026 0.153562 121.432
1980	1	1439.04	22418.4	22407.5	10.9368	489	643	181	1	0.0001 Colloc0 489 3031 0.0663204 139.944
1990	1	1446.14	22531	22520.5	10.5344	489	621	203	1	0.0001 Colloc0 489 3036 0.0965104 117.233
2000	1	1453.23	22466.7	22455.8	10.9005	493	639	185	0	0.0001 Colloc0 493 3036 0.0993516 137.824
