# D = 0, E = 1, I = 1, P = 1, R = -1, n = 2000, N = 1, P = 1, w = 1, a = 0.0001, b = 10000, e = 1, f = 1, g = 100, h = 0.01, r = 25745, s = 1, S = 0, x = 10, m = 100, Z = 1, z = 0, T = 1, t = 1
# 8673 tokens in 824 sentences
#
# It	Temp	Time	-logP	-logPcorpus	-logPrior	tables	same	changed	reject	default_pya	(parent pym pyn pya pyb)*
0	1	0.575912	29632.8	29519	113.764	1540	0	824	0	0.0001 Colloc0 1540 2908 0.0001 10000
10	1	8.45471	24050.2	24038.3	11.8547	616	437	387	1	0.0001 Colloc0 616 2982 0.0837608 197.586
20	1	15.9196	23819.7	23807.9	11.8092	599	473	351	2	0.0001 Colloc0 599 2975 0.0262854 194.565
30	1	23.4064	23691.1	23679.3	11.8704	574	500	324	2	0.0001 Colloc0 574 2969 0.00837776 198.63
40	1	31.0773	23530.4	23518.9	11.5855	555	496	328	1	0.0001 Colloc0 555 2987 0.0388782 179.932
50	1	38.6611	23519.5	23507.6	11.8769	557	519	305	1	0.0001 Colloc0 557 3002 0.0032835 199.066
60	1	46.2	23423.3	23411.8	11.4696	567	526	298	1	0.0001 Colloc0 567 3007 0.11163 172.509
70	1	53.6908	23397.9	23385.6	12.3171	553	520	304	2	0.0001 Colloc0 553 2990 0.00579472 229.153
80	1	61.2217	23340.7	23329.2	11.5408	554	526	298	2	0.0001 Colloc0 554 2995 0.0591209 177.058
90	1	68.9685	23226.6	23215.6	10.9592	547	549	275	2	0.0001 Colloc0 547 2979 0.147949 141.256
100	1	76.5044	23092.5	23080.8	11.6219	531	597	227	1	0.0001 Colloc0 531 2972 0.0584908 182.287
110	1	83.9702	23248	23236.4	11.6015	560	551	273	2	0.0001 Colloc0 560 2968 0.00323703 180.963
120	1	91.5081	23222.4	23211.3	11.117	550	543	281	3	0.0001 Colloc0 550 2991 0.0781154 150.658
130	1	98.973	23056.2	23045.2	11.0051	535	562	262	1	0.0001 Colloc0 535 2955 0.108296 143.97
140	1	106.536	22948.4	22936.9	11.4388	528	567	257	1	0.0001 Colloc0 528 2964 0.085338 170.56
150	1	113.914	22850.6	22839.7	10.915	520	559	265	1	0.0001 Colloc0 520 2950 0.0984924 138.671
160	1	121.386	23009.8	22998.4	11.3499	538	534	290	2	0.0001 Colloc0 538 2970 0.0659972 164.97
170	1	128.88	23017.3	23006.4	10.8847	533	531	293	3	0.0001 Colloc0 533 2982 0.114755 136.905
180	1	136.381	22943.4	22932.3	11.0509	525	530	294	1	0.0001 Colloc0 525 2971 0.105 146.693
190	1	143.872	22867.1	22855.8	11.2327	524	555	269	2	0.0001 Colloc0 524 2985 0.060947 157.704
200	1	151.291	22985.5	22974.1	11.4111	532	544	280	1	0.0001 Colloc0 532 2977 0.024341 168.807
210	1	158.663	22799.8	22788.7	11.1264	520	593	231	2	0.0001 Colloc0 520 2970 0.0730261 151.228
220	1	165.956	22827.2	22816.4	10.8909	517	597	227	1	0.0001 Colloc0 517 2970 0.118107 137.269
230	1	173.353	22759.1	22748.4	10.7176	510	593	231	1	0.0001 Colloc0 510 2959 0.145574 127.355
240	1	180.818	22907.6	22896	11.5246	529	539	285	1	0.0001 Colloc0 529 2981 0.0514992 176.018
250	1	188.34	22922.8	22911.2	11.5749	529	559	265	2	0.0001 Colloc0 529 2982 0.0884354 179.247
260	1	195.764	22782.4	22771.1	11.2376	503	569	255	1	0.0001 Colloc0 503 2964 0.040122 158.004
270	1	203.184	22871.3	22860	11.2788	524	551	273	1	0.0001 Colloc0 524 2949 0.0615694 160.546
280	1	210.623	22837.9	22827.3	10.5907	527	557	267	1	0.0001 Colloc0 527 2963 0.145393 120.304
290	1	218.091	22772.2	22760.5	11.7119	521	560	264	2	0.0001 Colloc0 521 2942 0.00215687 188.152
300	1	225.61	22790.1	22778.9	11.2039	512	555	269	1	0.0001 Colloc0 512 2995 0.0447373 155.937
310	1	232.997	22868.6	22856.8	11.7322	532	537	287	2	0.0001 Colloc0 532 2987 0.00287931 189.485
320	1	240.32	22756.4	22745.4	10.9966	528	557	267	1	0.0001 Colloc0 528 2953 0.133508 143.462
330	1	247.693	22886.2	22874.5	11.6665	537	544	280	1	0.0001 Colloc0 537 2970 0.0264785 185.183
340	1	255.134	22695.9	22684.7	11.1186	495	585	239	2	0.0001 Colloc0 495 2953 0.0248877 150.757
350	1	262.622	22781.4	22770	11.4582	521	561	263	4	0.0001 Colloc0 521 2963 0.00358101 171.785
360	1	270.138	22811.1	22799.7	11.4413	510	556	268	1	0.0001 Colloc0 510 2978 0.0755524 170.714
370	1	277.557	22809.5	22798.2	11.2768	505	561	263	3	0.0001 Colloc0 505 2984 0.0548451 160.426
380	1	284.923	22708.2	22697.4	10.8218	508	590	234	1	0.0001 Colloc0 508 2976 0.109486 133.277
390	1	292.2	22726	22714.8	11.1864	525	589	235	1	0.0001 Colloc0 525 2953 0.0990968 154.869
400	1	299.692	22696.6	22685.8	10.757	509	596	228	3	0.0001 Colloc0 509 2946 0.104239 129.581
410	1	307.254	22899.1	22887.6	11.4461	525	539	285	2	0.0001 Colloc0 525 2966 0.0629668 171.022
420	1	314.871	22778	22767.2	10.7924	523	567	257	1	0.0001 Colloc0 523 2985 0.145683 131.592
430	1	322.266	22805.3	22794.7	10.6414	531	564	260	1	0.0001 Colloc0 531 2971 0.186125 123.101
440	1	329.751	22799.8	22788.6	11.165	513	554	270	1	0.0001 Colloc0 513 2964 0.0251748 153.568
450	1	337.1	22769	22757.6	11.4166	516	557	267	1	0.0001 Colloc0 516 2981 0.0481087 169.154
460	1	344.601	22820.7	22809.6	11.0385	523	561	263	1	0.0001 Colloc0 523 2973 0.0757275 145.949
470	1	352.038	22920	22908.2	11.8465	547	545	279	2	0.0001 Colloc0 547 2961 0.0779304 197.042
480	1	359.341	22833.8	22822.7	11.0984	520	546	278	1	0.0001 Colloc0 520 2960 0.117758 149.537
490	1	366.77	22886.2	22874.8	11.3732	526	555	269	1	0.0001 Colloc0 526 2966 0.0655142 166.425
500	1	374.274	22812.7	22801.8	10.9311	523	550	274	2	0.0001 Colloc0 523 2986 0.105277 139.609
510	1	381.839	22744.2	22733.3	10.9096	523	565	259	1	0.0001 Colloc0 523 2968 0.0939912 138.358
520	1	389.378	22736.5	22725.9	10.5736	507	573	251	1	0.0001 Colloc0 507 2991 0.133405 119.368
530	1	396.776	22739.2	22728.4	10.8113	503	577	247	1	0.0001 Colloc0 503 2979 0.12425 132.675
540	1	404.224	22888.9	22878	10.9208	529	554	270	3	0.0001 Colloc0 529 2990 0.134264 139.01
550	1	411.627	22826.9	22815.4	11.4998	504	547	277	2	0.0001 Colloc0 504 2960 0.00273728 174.436
560	1	419.092	22766.3	22755.3	10.9816	512	580	244	3	0.0001 Colloc0 512 2960 0.0863896 142.576
570	1	426.525	22680.9	22670.4	10.4389	504	580	244	2	0.0001 Colloc0 504 2972 0.174411 112.109
580	1	434.123	22725.6	22714.1	11.439	508	589	235	3	0.0001 Colloc0 508 2974 0.00975712 170.573
590	1	441.726	22746.4	22735.4	11.0074	522	564	260	1	0.0001 Colloc0 522 2961 0.130124 144.101
600	1	449.361	22775	22763.6	11.4758	522	554	270	4	0.0001 Colloc0 522 2950 0.0305443 172.905
610	1	457.004	22743.2	22732.4	10.7764	531	553	271	1	0.0001 Colloc0 531 2943 0.160446 130.683
620	1	464.532	22795.8	22784.8	10.9287	531	551	273	1	0.0001 Colloc0 531 2955 0.109574 139.472
630	1	471.978	22822.4	22811.6	10.7559	516	543	281	1	0.0001 Colloc0 516 2958 0.111874 129.519
640	1	479.531	22866.4	22855.7	10.692	527	544	280	2	0.0001 Colloc0 527 2946 0.120895 125.917
650	1	487.235	22710.6	22699.7	10.939	523	561	263	1	0.0001 Colloc0 523 2916 0.0814286 140.074
660	1	494.622	22716.3	22705.5	10.763	517	570	254	2	0.0001 Colloc0 517 2928 0.108201 129.924
670	1	502.048	22749.4	22738.7	10.7125	515	544	280	1	0.0001 Colloc0 515 2937 0.154976 127.066
680	1	509.282	22692.2	22681.1	11.0923	512	557	267	3	0.0001 Colloc0 512 2938 0.0569858 149.173
690	1	516.534	22759.4	22748.5	10.8998	533	576	248	1	0.0001 Colloc0 533 2941 0.149853 137.783
700	1	523.964	22796.8	22785.2	11.6216	525	560	264	1	0.0001 Colloc0 525 2954 0.0439048 182.263
710	1	531.59	22800.3	22789.4	10.9617	526	564	260	3	0.0001 Colloc0 526 2949 0.108738 141.404
720	1	538.934	22749.9	22738.7	11.209	523	600	224	3	0.0001 Colloc0 523 2947 0.106203 156.251
730	1	546.449	22695	22684.3	10.7357	523	577	247	2	0.0001 Colloc0 523 2930 0.15366 128.377
740	1	553.899	22677.8	22666.7	11.0655	505	560	264	1	0.0001 Colloc0 505 2949 0.0355224 147.565
750	1	561.237	22622.5	22611.4	11.0614	502	588	236	2	0.0001 Colloc0 502 2947 0.0804104 147.321
760	1	568.76	22758.3	22747.6	10.736	533	562	262	1	0.0001 Colloc0 533 2954 0.1358 128.391
770	1	576.192	22714.3	22703.3	11.0422	507	576	248	1	0.0001 Colloc0 507 2950 0.0130443 146.171
780	1	583.846	22734.3	22723.3	10.9815	518	559	265	1	0.0001 Colloc0 518 2962 0.0744594 142.57
790	1	591.216	22744.3	22732.8	11.5727	508	554	270	3	0.0001 Colloc0 508 2965 0.0279455 179.105
800	1	598.658	22747.1	22736.4	10.6848	510	544	280	1	0.0001 Colloc0 510 2963 0.151555 125.515
810	1	606.067	22642.7	22632.1	10.6309	524	578	246	1	0.0001 Colloc0 524 2944 0.160897 122.52
820	1	613.532	22630.3	22620	10.3279	527	581	243	2	0.0001 Colloc0 527 2934 0.173379 106.288
830	1	621.005	22645.3	22634.7	10.5886	521	578	246	1	0.0001 Colloc0 521 2941 0.149305 120.191
840	1	628.448	22733.6	22722	11.6208	526	533	291	1	0.0001 Colloc0 526 2958 0.0068572 182.217
850	1	635.929	22535.2	22524.4	10.8689	517	597	227	1	0.0001 Colloc0 517 2929 0.12291 135.988
860	1	643.401	22563.2	22552.6	10.5983	517	586	238	1	0.0001 Colloc0 517 2946 0.143156 120.723
870	1	650.832	22483.1	22471.9	11.2082	500	602	222	1	0.0001 Colloc0 500 2920 0.0526265 156.2
880	1	658.248	22567.4	22556.3	11.1042	498	596	228	1	0.0001 Colloc0 498 2937 0.0807532 149.89
890	1	665.893	22575	22564.6	10.4172	515	581	243	1	0.0001 Colloc0 515 2926 0.188091 110.959
900	1	673.322	22692.6	22681.6	10.9494	520	550	274	2	0.0001 Colloc0 520 2946 0.0415909 140.682
910	1	680.805	22538.7	22527.8	10.9536	504	580	244	1	0.0001 Colloc0 504 2905 0.14065 140.929
920	1	688.267	22569.9	22559.3	10.5152	514	595	229	1	0.0001 Colloc0 514 2906 0.171333 116.197
930	1	695.793	22459.4	22448.5	10.8685	511	634	190	1	0.0001 Colloc0 511 2922 0.10524 135.968
940	1	703.293	22578.3	22567.2	11.0622	521	573	251	1	0.0001 Colloc0 521 2924 0.132261 147.366
950	1	710.75	22647	22636.3	10.7853	527	564	260	1	0.0001 Colloc0 527 2913 0.132837 131.19
960	1	718.283	22618.1	22607.3	10.8408	510	573	251	3	0.0001 Colloc0 510 2929 0.0999587 134.37
970	1	725.979	22581.7	22570.6	11.085	510	568	256	1	0.0001 Colloc0 510 2909 0.0463936 148.733
980	1	733.535	22555.8	22544.4	11.378	511	594	230	2	0.0001 Colloc0 511 2932 0.000484087 166.73
990	1	741.046	22577.5	22566.5	10.9408	500	577	247	2	0.0001 Colloc0 500 2947 0.0712726 140.177
1000	1	748.431	22582	22570.8	11.2354	516	591	233	1	0.0001 Colloc0 516 2943 0.0628008 157.871
1010	1	755.973	22470.5	22459.4	11.0908	497	587	237	1	0.0001 Colloc0 497 2934 0.0788204 149.081
1020	1	763.316	22590.6	22579.8	10.8794	516	542	282	1	0.0001 Colloc0 516 2935 0.110013 136.599
1030	1	770.78	22564.7	22553.7	10.9469	510	562	262	1	0.0001 Colloc0 510 2941 0.0955576 140.535
1040	1	778.117	22525	22513.7	11.3678	506	617	207	1	0.0001 Colloc0 506 2939 0.0430702 166.089
1050	1	785.416	22556.3	22545.5	10.7909	494	587	237	1	0.0001 Colloc0 494 2945 0.114687 131.507
1060	1	792.955	22636.6	22625.5	11.0902	522	565	259	2	0.0001 Colloc0 522 2929 0.0547799 149.045
1070	1	800.232	22640.6	22629.2	11.3574	521	571	253	2	0.0001 Colloc0 521 2942 0.0488612 165.435
1080	1	807.731	22623.2	22612.7	10.5259	526	574	250	1	0.0001 Colloc0 526 2956 0.152114 116.775
1090	1	815.258	22574	22562.9	11.0817	517	577	247	2	0.0001 Colloc0 517 2933 0.0656665 148.534
1100	1	822.529	22558.1	22546.9	11.202	514	581	243	1	0.0001 Colloc0 514 2930 0.0533786 155.824
1110	1	830.104	22500.3	22489.6	10.7006	490	599	225	4	0.0001 Colloc0 490 2942 0.114523 126.403
1120	1	837.446	22542.3	22531.3	10.9229	504	599	225	4	0.0001 Colloc0 504 2955 0.0854124 139.129
1130	1	844.956	22367.7	22356.6	11.0707	503	623	201	2	0.0001 Colloc0 503 2927 0.0912623 147.874
1140	1	852.492	22540.5	22529	11.4569	498	579	245	1	0.0001 Colloc0 498 2957 0.0290961 171.706
1150	1	859.967	22694.4	22683.5	10.9168	525	559	265	2	0.0001 Colloc0 525 2959 0.140431 138.774
1160	1	867.398	22583.1	22572	11.1158	515	570	254	1	0.0001 Colloc0 515 2939 0.0798056 150.59
1170	1	874.716	22580.2	22569.4	10.7429	523	555	269	1	0.0001 Colloc0 523 2944 0.150422 128.781
1180	1	882.072	22605.8	22594.8	10.9734	519	549	275	2	0.0001 Colloc0 519 2897 0.105382 142.094
1190	1	889.48	22662.3	22650.9	11.4197	522	568	256	1	0.0001 Colloc0 522 2934 0.0491237 169.349
1200	1	896.835	22583.8	22572.8	10.9958	513	570	254	1	0.0001 Colloc0 513 2927 0.0564034 143.416
1210	1	904.206	22520.3	22509.1	11.2382	518	583	241	1	0.0001 Colloc0 518 2930 0.0451168 158.044
1220	1	911.775	22468.8	22457.7	11.1079	505	619	205	1	0.0001 Colloc0 505 2915 0.123517 150.113
1230	1	919.231	22499.6	22488.9	10.6494	523	596	228	1	0.0001 Colloc0 523 2908 0.211329 123.542
1240	1	926.725	22358.7	22347.8	10.8533	509	635	189	1	0.0001 Colloc0 509 2910 0.124627 135.091
1250	1	934.173	22441.3	22430.4	10.8579	493	594	230	2	0.0001 Colloc0 493 2912 0.112623 135.357
1260	1	941.595	22477.2	22466.3	10.85	506	618	206	2	0.0001 Colloc0 506 2945 0.114445 134.901
1270	1	948.985	22423	22411.6	11.3335	511	620	204	1	0.0001 Colloc0 511 2925 0.0784668 163.942
1280	1	956.373	22494.5	22483.5	11.0451	507	579	245	4	0.0001 Colloc0 507 2946 0.054588 146.348
1290	1	963.855	22492.2	22481.3	10.9671	507	588	236	1	0.0001 Colloc0 507 2927 0.0761178 141.723
1300	1	971.36	22420.5	22409.1	11.3194	504	584	240	3	0.0001 Colloc0 504 2922 0.0308306 163.063
1310	1	978.623	22418.2	22406.9	11.3603	497	620	204	1	0.0001 Colloc0 497 2925 0.0666774 165.62
1320	1	986.163	22399.4	22388.7	10.7443	499	626	198	3	0.0001 Colloc0 499 2931 0.121888 128.861
1330	1	993.487	22384	22372.5	11.542	503	629	195	1	0.0001 Colloc0 503 2928 0.0641444 177.135
1340	1	1000.93	22408.2	22397.7	10.4935	494	623	201	2	0.0001 Colloc0 494 2928 0.113636 115.026
1350	1	1008.39	22538	22527	11.0762	503	573	251	2	0.0001 Colloc0 503 2946 0.0500056 148.205
1360	1	1015.85	22466.2	22455.8	10.3923	508	605	219	1	0.0001 Colloc0 508 2940 0.208097 109.646
1370	1	1023.34	22484.1	22473	11.0509	505	579	245	1	0.0001 Colloc0 505 2915 0.148977 146.693
1380	1	1030.54	22464.3	22453.1	11.2247	502	588	236	1	0.0001 Colloc0 502 2914 0.0489327 157.211
1390	1	1037.94	22449	22438.4	10.5891	505	624	200	1	0.0001 Colloc0 505 2932 0.154316 120.215
1400	1	1045.3	22594.4	22583.4	10.9568	516	562	262	1	0.0001 Colloc0 516 2947 0.104449 141.117
1410	1	1052.79	22496.7	22485.6	11.0605	507	576	248	1	0.0001 Colloc0 507 2921 0.0771649 147.264
1420	1	1060.24	22580	22568.6	11.3809	517	584	240	1	0.0001 Colloc0 517 2935 0.0139646 166.912
1430	1	1067.73	22449.5	22439	10.4819	504	592	232	3	0.0001 Colloc0 504 2918 0.15164 114.405
1440	1	1075.22	22467.1	22456.7	10.4243	517	603	221	1	0.0001 Colloc0 517 2924 0.206973 111.335
1450	1	1082.56	22492.1	22480.7	11.3185	502	605	219	1	0.0001 Colloc0 502 2941 0.0600871 163.008
1460	1	1089.84	22429.6	22418.6	11.0316	505	633	191	1	0.0001 Colloc0 505 2937 0.0831287 145.543
1470	1	1097.26	22366.1	22355.3	10.7899	504	641	183	2	0.0001 Colloc0 504 2916 0.119502 131.454
1480	1	1104.79	22399	22388.2	10.8584	502	617	207	1	0.0001 Colloc0 502 2925 0.120441 135.384
1490	1	1112.32	22490.7	22480.1	10.5306	524	615	209	1	0.0001 Colloc0 524 2928 0.16687 117.026
1500	1	1119.87	22462.3	22451.3	11.071	497	588	236	1	0.0001 Colloc0 497 2928 0.0654637 147.892
1510	1	1127.29	22409.3	22398.7	10.6037	515	630	194	1	0.0001 Colloc0 515 2934 0.168346 121.017
1520	1	1134.77	22504.1	22493	11.0893	494	590	234	2	0.0001 Colloc0 494 2931 0.0720046 148.992
1530	1	1142.16	22476.7	22465.9	10.7538	506	588	236	1	0.0001 Colloc0 506 2932 0.131602 129.399
1540	1	1149.61	22426.5	22415.1	11.4663	509	608	216	2	0.0001 Colloc0 509 2917 0.0363208 172.305
1550	1	1157.07	22423.2	22413.1	10.0735	516	600	224	1	0.0001 Colloc0 516 2914 0.21825 93.5195
1560	1	1164.69	22368.2	22357.4	10.7256	495	622	202	2	0.0001 Colloc0 495 2917 0.141007 127.805
1570	1	1172.42	22385.1	22374	11.1104	503	600	224	2	0.0001 Colloc0 503 2927 0.0662317 150.261
1580	1	1179.81	22434.6	22423.3	11.2765	498	609	215	2	0.0001 Colloc0 498 2925 0.0238894 160.402
1590	1	1187.27	22336.4	22325.7	10.7047	498	600	224	1	0.0001 Colloc0 498 2879 0.133864 126.632
1600	1	1194.87	22344.3	22333.5	10.778	502	628	196	1	0.0001 Colloc0 502 2928 0.121552 130.772
1610	1	1202.25	22519.6	22509	10.626	525	581	243	2	0.0001 Colloc0 525 2914 0.121834 122.247
1620	1	1209.66	22555.2	22544.7	10.4095	513	568	256	2	0.0001 Colloc0 513 2935 0.11338 110.555
1630	1	1217.17	22365.5	22354.3	11.1796	502	629	195	1	0.0001 Colloc0 502 2926 0.0839316 154.456
1640	1	1224.76	22344.7	22334.4	10.2862	502	615	209	1	0.0001 Colloc0 502 2898 0.183937 104.141
1650	1	1232.53	22404.8	22393.9	10.8749	500	615	209	1	0.0001 Colloc0 500 2932 0.109405 136.336
1660	1	1239.9	22429.9	22419.6	10.2382	504	617	207	1	0.0001 Colloc0 504 2932 0.198335 101.692
1670	1	1247.37	22416.2	22404.8	11.381	504	600	224	1	0.0001 Colloc0 504 2925 0.0668109 166.918
1680	1	1254.74	22560.1	22548.7	11.3984	513	578	246	1	0.0001 Colloc0 513 2931 0.0919073 168.009
1690	1	1262.15	22556	22545.3	10.6942	513	566	258	2	0.0001 Colloc0 513 2916 0.0712964 126.043
1700	1	1269.75	22431.8	22420	11.7935	514	599	225	1	0.0001 Colloc0 514 2920 0.00564349 193.52
1710	1	1277.04	22317.5	22307.3	10.2575	501	640	184	1	0.0001 Colloc0 501 2921 0.196552 102.672
1720	1	1284.55	22389.5	22378.7	10.7631	490	621	203	1	0.0001 Colloc0 490 2946 0.0884672 129.929
1730	1	1291.98	22361	22349.6	11.3338	496	622	202	1	0.0001 Colloc0 496 2922 0.0262317 163.964
1740	1	1299.43	22488.6	22477.2	11.4207	503	580	244	1	0.0001 Colloc0 503 2928 0.00434573 169.416
1750	1	1306.95	22431.8	22420.8	10.9722	498	588	236	2	0.0001 Colloc0 498 2923 0.0514125 142.024
1760	1	1314.3	22403.8	22392.5	11.2535	492	616	208	2	0.0001 Colloc0 492 2926 0.0379662 158.986
1770	1	1321.81	22499.4	22488.8	10.6387	512	588	236	1	0.0001 Colloc0 512 2925 0.148683 122.951
1780	1	1329.22	22440.6	22430	10.6173	511	583	241	3	0.0001 Colloc0 511 2919 0.162711 121.767
1790	1	1336.7	22426.4	22415.6	10.797	505	599	225	1	0.0001 Colloc0 505 2911 0.137895 131.859
1800	1	1344.13	22421.8	22411	10.7748	494	595	229	2	0.0001 Colloc0 494 2921 0.090799 130.592
1810	1	1351.65	22393.2	22382.4	10.8189	495	600	224	1	0.0001 Colloc0 495 2936 0.08035 133.109
1820	1	1358.99	22400.1	22389.2	10.9068	508	612	212	1	0.0001 Colloc0 508 2931 0.124001 138.194
1830	1	1366.47	22357.5	22347	10.4855	500	616	208	1	0.0001 Colloc0 500 2909 0.155591 114.598
1840	1	1373.91	22329.6	22318.7	10.9396	512	631	193	1	0.0001 Colloc0 512 2925 0.143611 140.11
1850	1	1381.33	22368.1	22357.1	10.9492	493	618	206	1	0.0001 Colloc0 493 2922 0.0523271 140.67
1860	1	1388.61	22361.7	22350.8	10.9778	497	636	188	1	0.0001 Colloc0 497 2940 0.138073 142.353
1870	1	1396.07	22334.3	22324.2	10.1174	495	633	191	1	0.0001 Colloc0 495 2907 0.169146 95.6635
1880	1	1403.39	22406	22395.1	10.9636	502	612	212	1	0.0001 Colloc0 502 2920 0.0963201 141.516
1890	1	1410.91	22386	22375.1	10.9607	496	603	221	2	0.0001 Colloc0 496 2931 0.112594 141.349
1900	1	1418.29	22385.2	22374.2	11.0777	497	593	231	2	0.0001 Colloc0 497 2910 0.076334 148.296
1910	1	1425.69	22406	22395.4	10.5797	504	624	200	1	0.0001 Colloc0 504 2920 0.17404 119.701
1920	1	1433.31	22409.6	22398.9	10.6915	497	584	240	1	0.0001 Colloc0 497 2918 0.0921004 125.893
1930	1	1440.71	22355.3	22344.7	10.6076	497	606	218	1	0.0001 Colloc0 497 2898 0.0944456 121.232
1940	1	1448.19	22301.9	22291.1	10.7782	505	635	189	1	0.0001 Colloc0 505 2900 0.103773 130.785
1950	1	1455.53	22379.9	22368.5	11.4224	500	593	231	1	0.0001 Colloc0 500 2896 0.0205647 169.52
1960	1	1462.86	22329.7	22318.3	11.4664	505	610	214	2	0.0001 Colloc0 505 2924 0.0011748 172.31
1970	1	1470.21	22379.4	22368.3	11.0708	484	616	208	3	0.0001 Colloc0 484 2942 0.0125325 147.881
1980	1	1477.73	22319.8	22308.8	10.9421	497	636	188	1	0.0001 Colloc0 497 2922 0.0502416 140.253
1990	1	1485.15	22382.5	22371.5	10.9689	510	628	196	1	0.0001 Colloc0 510 2907 0.0674838 141.832
2000	1	1492.57	22389.8	22378.7	11.0685	505	606	218	2	0.0001 Colloc0 505 2888 0.113509 147.745
