# D = 0, E = 1, I = 1, P = 1, R = -1, n = 2000, N = 1, P = 1, w = 1, a = 0.0001, b = 10000, e = 1, f = 1, g = 100, h = 0.01, r = 24829, s = 1, S = 0, x = 10, m = 100, Z = 1, z = 0, T = 1, t = 1
# 131224 tokens in 11336 sentences
#
# It	Temp	Time	-logP	-logPcorpus	-logPrior	tables	same	changed	reject	default_pya	(parent pym pyn pya pyb)*
0	1	20.1169	633157	633043	113.764	16880	0	11336	0	0.0001 Colloc0 16880 79605 0.0001 10000
10	1	308.494	445612	445598	13.7946	4846	1996	9340	10	0.0001 Colloc0 4846 61004 0.350508 338.325
20	1	477.938	409475	409460	15.835	2552	2821	8515	5	0.0001 Colloc0 2552 57402 0.0267494 503.088
30	1	623.353	393114	393099	14.9592	2154	3373	7963	8	0.0001 Colloc0 2154 55876 0.0255638 430.857
40	1	770.271	384816	384802	14.3848	2002	3659	7677	6	0.0001 Colloc0 2002 54903 0.0120606 384.651
50	1	908.322	378346	378332	14.4263	1945	3867	7469	3	0.0001 Colloc0 1945 54271 0.00504366 387.954
60	1	1044.66	372622	372608	14.3513	1919	4211	7125	5	0.0001 Colloc0 1919 53610 0.0120214 381.985
70	1	1182.67	366214	366201	13.8449	1911	4628	6708	7	0.0001 Colloc0 1911 53069 0.0370128 342.227
80	1	1320.12	363989	363975	13.6127	1882	4785	6551	9	0.0001 Colloc0 1882 52684 0.0396739 324.323
90	1	1465.38	361170	361156	13.9397	1879	4972	6364	4	0.0001 Colloc0 1879 52290 0.0197295 349.595
100	1	1606.96	358595	358582	13.6829	1873	5214	6122	5	0.0001 Colloc0 1873 52156 0.0440187 329.716
110	1	1751.89	356423	356409	13.6055	1877	5374	5962	10	0.0001 Colloc0 1877 51850 0.0439917 323.773
120	1	1893.09	354596	354583	12.5664	1862	5604	5732	5	0.0001 Colloc0 1862 51707 0.117156 246.754
130	1	2031.32	350489	350475	13.4548	1849	5803	5533	9	0.0001 Colloc0 1849 51191 0.0451715 312.282
140	1	2161.17	350137	350124	12.9582	1846	5806	5530	7	0.0001 Colloc0 1846 51083 0.0812702 275.153
150	1	2293.16	349730	349717	12.9823	1846	5965	5371	6	0.0001 Colloc0 1846 51070 0.0971223 276.929
160	1	2426.94	346154	346140	13.5273	1853	6208	5128	6	0.0001 Colloc0 1853 50622 0.0510784 317.799
170	1	2570.61	344204	344191	13.0842	1830	6244	5092	5	0.0001 Colloc0 1830 50261 0.0766459 284.46
180	1	2711.13	341800	341787	12.9844	1834	6545	4791	6	0.0001 Colloc0 1834 50075 0.0641263 277.08
190	1	2846.03	341191	341178	13.0027	1860	6577	4759	5	0.0001 Colloc0 1860 49913 0.0959857 278.429
200	1	2988.4	341449	341436	13.3287	1835	6646	4690	6	0.0001 Colloc0 1835 49914 0.0612666 302.742
210	1	3126.17	341073	341060	13.5152	1814	6518	4818	7	0.0001 Colloc0 1814 49869 0.0458237 316.876
220	1	3261.62	340419	340407	12.7959	1826	6636	4700	3	0.0001 Colloc0 1826 49731 0.0880766 263.285
230	1	3397.14	340090	340077	12.776	1863	6668	4668	8	0.0001 Colloc0 1863 49659 0.105247 261.841
240	1	3536.04	338876	338862	13.8768	1884	6737	4599	6	0.0001 Colloc0 1884 49400 0.0478265 344.705
250	1	3672.2	338491	338478	13.3983	1863	6853	4483	4	0.0001 Colloc0 1863 49403 0.0644133 308.001
260	1	3801.19	337921	337907	13.5547	1866	6774	4562	8	0.0001 Colloc0 1866 49241 0.0592385 319.888
270	1	3933.51	336387	336374	12.4689	1843	6988	4348	6	0.0001 Colloc0 1843 49141 0.117376 239.823
280	1	4067.93	335753	335740	13.3188	1851	6963	4373	5	0.0001 Colloc0 1851 48995 0.0773633 301.993
290	1	4208.87	335625	335612	12.6031	1887	6943	4393	5	0.0001 Colloc0 1887 48941 0.127213 249.381
300	1	4347.94	333028	333014	13.3386	1845	7350	3986	9	0.0001 Colloc0 1845 48568 0.0775979 303.49
310	1	4488.15	332620	332607	12.5409	1882	7368	3968	6	0.0001 Colloc0 1882 48539 0.119077 244.94
320	1	4628.25	331682	331669	12.7836	1852	7641	3695	4	0.0001 Colloc0 1852 48424 0.0967949 262.392
330	1	4760.87	330823	330810	13.3857	1848	7651	3685	4	0.0001 Colloc0 1848 48370 0.0659426 307.048
340	1	4900.06	330891	330879	12.8093	1897	7554	3782	3	0.0001 Colloc0 1897 48325 0.122969 264.262
350	1	5041.17	330933	330920	13.4073	1853	7579	3757	6	0.0001 Colloc0 1853 48281 0.0710365 308.678
360	1	5179.38	330700	330687	13.0342	1846	7550	3786	5	0.0001 Colloc0 1846 48262 0.0973306 280.755
370	1	5314.95	330443	330430	13.2456	1855	7566	3770	8	0.0001 Colloc0 1855 48206 0.0690285 296.498
380	1	5453.06	329514	329501	13.0074	1867	7868	3468	5	0.0001 Colloc0 1867 48166 0.0947171 278.777
390	1	5589.24	328912	328898	13.4543	1845	7976	3360	10	0.0001 Colloc0 1845 48135 0.0718661 312.24
400	1	5730.67	329792	329779	13.2374	1901	7804	3532	6	0.0001 Colloc0 1901 48063 0.0939477 295.879
410	1	5870.73	329334	329320	13.7779	1879	7874	3462	5	0.0001 Colloc0 1879 47969 0.0457598 337.037
420	1	6008.56	329191	329178	12.7932	1910	7867	3469	3	0.0001 Colloc0 1910 47950 0.127453 263.087
430	1	6144.26	328101	328088	13.1691	1926	7930	3406	5	0.0001 Colloc0 1926 47782 0.0946034 290.773
440	1	6283.54	327782	327769	12.8859	1901	7996	3340	8	0.0001 Colloc0 1901 47755 0.120452 269.851
450	1	6424.07	327835	327821	13.5588	1920	7884	3452	4	0.0001 Colloc0 1920 47662 0.0717308 320.198
460	1	6556.58	327014	327001	13.2485	1915	8013	3323	4	0.0001 Colloc0 1915 47588 0.0916214 296.716
470	1	6692.92	326023	326010	13.0469	1869	8171	3165	7	0.0001 Colloc0 1869 47557 0.09498 281.693
480	1	6833.52	326649	326636	13.2306	1920	8011	3325	6	0.0001 Colloc0 1920 47482 0.091756 295.372
490	1	6972.69	326668	326655	13.4987	1909	7967	3369	4	0.0001 Colloc0 1909 47469 0.0787216 315.616
500	1	7112.96	326110	326096	13.3174	1921	8062	3274	5	0.0001 Colloc0 1921 47348 0.091417 301.888
510	1	7253.66	324843	324830	12.8416	1929	8176	3160	7	0.0001 Colloc0 1929 47168 0.122273 266.612
520	1	7394.31	324247	324234	12.927	1912	8278	3058	7	0.0001 Colloc0 1912 47004 0.101287 272.862
530	1	7535.67	322972	322958	14.101	1929	8388	2948	7	0.0001 Colloc0 1929 46783 0.0424172 362.217
540	1	7675.19	323196	323183	13.1938	1927	8257	3079	4	0.0001 Colloc0 1927 46828 0.105587 292.617
550	1	7817.1	322896	322883	13.2531	1917	8287	3049	6	0.0001 Colloc0 1917 46786 0.0970159 297.055
560	1	7958.54	322102	322089	13.3159	1899	8445	2891	6	0.0001 Colloc0 1899 46745 0.0805174 301.781
570	1	8091.86	322100	322087	13.528	1901	8512	2824	6	0.0001 Colloc0 1901 46741 0.0634619 317.847
580	1	8232.98	321772	321759	13.0382	1937	8636	2700	5	0.0001 Colloc0 1937 46684 0.126174 281.049
590	1	8369.69	318088	318075	13.1692	1883	8884	2452	6	0.0001 Colloc0 1883 46183 0.089801 290.783
600	1	8505.61	318089	318076	13.0077	1900	8813	2523	5	0.0001 Colloc0 1900 46186 0.109017 278.801
610	1	8642.21	317904	317891	13.5747	1901	8833	2503	5	0.0001 Colloc0 1901 46080 0.0674473 321.416
620	1	8782.22	317706	317693	12.8048	1908	8777	2559	7	0.0001 Colloc0 1908 46078 0.113484 263.93
630	1	8920.41	317642	317630	12.53	1915	8798	2538	4	0.0001 Colloc0 1915 46008 0.132915 244.163
640	1	9053.01	317095	317082	13.4659	1862	8790	2546	7	0.0001 Colloc0 1862 45977 0.0746374 313.122
650	1	9187.64	317546	317533	13.2541	1907	8733	2603	4	0.0001 Colloc0 1907 45930 0.0913493 297.129
660	1	9322.76	317898	317885	12.9978	1933	8449	2887	8	0.0001 Colloc0 1933 45891 0.106641 278.067
670	1	9457.98	317343	317330	13.4015	1908	8514	2822	5	0.0001 Colloc0 1908 45871 0.0892454 308.239
680	1	9598.98	317704	317691	13.0495	1906	8346	2990	5	0.0001 Colloc0 1906 45868 0.0927524 281.887
690	1	9737.03	317633	317619	13.485	1890	8409	2927	5	0.0001 Colloc0 1890 45837 0.065098 314.578
700	1	9871.21	317252	317239	12.8771	1923	8487	2849	4	0.0001 Colloc0 1923 45821 0.11506 269.206
710	1	10001.7	317134	317121	12.9164	1914	8652	2684	6	0.0001 Colloc0 1914 45782 0.111477 272.08
720	1	10143.2	317214	317200	13.4737	1894	8551	2785	7	0.0001 Colloc0 1894 45818 0.0731145 313.717
730	1	10283	317060	317047	12.8755	1903	8522	2814	6	0.0001 Colloc0 1903 45776 0.127181 269.087
740	1	10424.2	317178	317165	13.5184	1917	8578	2758	6	0.0001 Colloc0 1917 45784 0.0794335 317.118
750	1	10562	316415	316402	13.112	1891	8599	2737	8	0.0001 Colloc0 1891 45680 0.0907235 286.524
760	1	10694.9	316031	316019	12.8215	1873	8643	2693	6	0.0001 Colloc0 1873 45671 0.114732 265.149
770	1	10835.3	316050	316037	13.4405	1883	8599	2737	7	0.0001 Colloc0 1883 45690 0.0738072 311.195
780	1	10975.1	315719	315706	13.1326	1874	8727	2609	7	0.0001 Colloc0 1874 45671 0.0947036 288.052
790	1	11113.8	316266	316253	12.7115	1893	8612	2724	5	0.0001 Colloc0 1893 45693 0.11007 257.17
800	1	11242.5	315939	315926	13.0579	1887	8689	2647	6	0.0001 Colloc0 1887 45629 0.0976307 282.511
810	1	11371	315924	315911	13.0834	1883	8687	2649	8	0.0001 Colloc0 1883 45625 0.101977 284.401
820	1	11508.2	316325	316311	13.2226	1899	8630	2706	5	0.0001 Colloc0 1899 45618 0.101243 294.773
830	1	11643.9	316193	316180	13.1447	1895	8662	2674	6	0.0001 Colloc0 1895 45601 0.0943175 288.952
840	1	11784.7	316025	316012	13.3524	1894	8743	2593	5	0.0001 Colloc0 1894 45609 0.0853577 304.528
850	1	11918.9	315529	315515	13.2807	1880	8808	2528	5	0.0001 Colloc0 1880 45597 0.0783439 299.128
860	1	12056.5	315497	315483	13.5091	1903	8819	2517	7	0.0001 Colloc0 1903 45549 0.0818457 316.412
870	1	12195.6	315485	315472	13.1142	1906	8797	2539	4	0.0001 Colloc0 1906 45540 0.0923963 286.683
880	1	12334.3	315705	315692	13.2621	1925	8774	2562	6	0.0001 Colloc0 1925 45486 0.0927618 297.732
890	1	12476.2	315906	315893	13.4897	1925	8753	2583	3	0.0001 Colloc0 1925 45521 0.0785667 314.936
900	1	12615.8	315620	315607	12.7921	1901	8755	2581	7	0.0001 Colloc0 1901 45479 0.11866 263.011
910	1	12747.2	314804	314790	13.8193	1871	8916	2420	7	0.0001 Colloc0 1871 45458 0.0577618 340.24
920	1	12882.9	314764	314751	13.0784	1910	9040	2296	4	0.0001 Colloc0 1910 45467 0.088679 284.029
930	1	13021.9	314455	314442	13.2219	1880	8948	2388	5	0.0001 Colloc0 1880 45435 0.0977844 294.72
940	1	13161.6	314416	314403	13.3278	1895	9023	2313	4	0.0001 Colloc0 1895 45383 0.0943568 302.677
950	1	13300.8	313633	313620	13.1109	1904	9215	2121	6	0.0001 Colloc0 1904 45349 0.105355 286.443
960	1	13442.2	313475	313462	12.8005	1883	9250	2086	5	0.0001 Colloc0 1883 45350 0.123791 263.618
970	1	13582.8	313883	313871	12.5587	1924	9234	2102	4	0.0001 Colloc0 1924 45326 0.153023 246.207
980	1	13722.1	313309	313296	12.9266	1880	9273	2063	3	0.0001 Colloc0 1880 45293 0.11142 272.828
990	1	13862.6	313796	313783	12.9119	1910	9248	2088	3	0.0001 Colloc0 1910 45287 0.116026 271.753
1000	1	14002.8	314017	314004	13.0916	1899	9162	2174	5	0.0001 Colloc0 1899 45255 0.096237 285.007
1010	1	14142.5	313896	313882	13.2149	1915	9135	2201	4	0.0001 Colloc0 1915 45230 0.0961186 294.198
1020	1	14283.2	314221	314208	13.1475	1941	8941	2395	5	0.0001 Colloc0 1941 45275 0.105374 289.166
1030	1	14424.1	313878	313865	13.2001	1933	9032	2304	5	0.0001 Colloc0 1933 45209 0.106394 293.091
1040	1	14564.3	314226	314212	13.906	1898	8957	2379	3	0.0001 Colloc0 1898 45213 0.0449061 346.968
1050	1	14702.4	314491	314478	13.0688	1914	8739	2597	5	0.0001 Colloc0 1914 45227 0.100148 283.317
1060	1	14842.8	315047	315033	13.4495	1943	8729	2607	5	0.0001 Colloc0 1943 45231 0.0794249 311.876
1070	1	14982.6	314659	314646	12.7057	1940	8756	2580	3	0.0001 Colloc0 1940 45222 0.141808 256.752
1080	1	15121.4	314000	313987	13.6895	1904	8864	2472	5	0.0001 Colloc0 1904 45166 0.0667716 330.22
1090	1	15253.7	313290	313277	13.1976	1894	9043	2293	6	0.0001 Colloc0 1894 45136 0.073276 292.899
1100	1	15394.3	313037	313024	13.1033	1920	9117	2219	4	0.0001 Colloc0 1920 45122 0.112029 285.873
1110	1	15535.1	312962	312949	12.9645	1921	9169	2167	5	0.0001 Colloc0 1921 45107 0.107852 275.614
1120	1	15675.3	313329	313316	13.1792	1914	9079	2257	7	0.0001 Colloc0 1914 45130 0.0990127 291.532
1130	1	15813.8	313323	313310	13.1191	1924	9139	2197	4	0.0001 Colloc0 1924 45099 0.108936 287.054
1140	1	15950.1	312797	312783	13.6149	1886	9228	2108	4	0.0001 Colloc0 1886 45086 0.0530383 324.494
1150	1	16084.8	313066	313052	13.322	1935	9036	2300	6	0.0001 Colloc0 1935 45029 0.0885659 302.237
1160	1	16216.9	312508	312495	12.9019	1952	9265	2071	6	0.0001 Colloc0 1952 45057 0.116644 271.023
1170	1	16353.9	312758	312745	13.0907	1931	9179	2157	4	0.0001 Colloc0 1931 45022 0.118266 284.942
1180	1	16487.7	312664	312650	13.3084	1923	9222	2114	5	0.0001 Colloc0 1923 45045 0.0873151 301.216
1190	1	16618.4	312741	312728	12.9697	1944	9318	2018	4	0.0001 Colloc0 1944 44972 0.119011 276
1200	1	16759	312554	312540	13.4792	1894	9319	2017	3	0.0001 Colloc0 1894 44997 0.0738023 314.136
1210	1	16899.6	312873	312859	13.6428	1915	9185	2151	4	0.0001 Colloc0 1915 45030 0.0755397 326.629
1220	1	17031.1	312720	312707	13.3332	1896	9195	2141	5	0.0001 Colloc0 1896 44970 0.0796696 303.078
1230	1	17171	312551	312537	13.4286	1904	9181	2155	4	0.0001 Colloc0 1904 45015 0.0759011 310.295
1240	1	17307.5	312577	312564	13.3247	1895	9236	2100	5	0.0001 Colloc0 1895 44994 0.0844508 302.442
1250	1	17442.4	312653	312640	13.0375	1905	9210	2126	3	0.0001 Colloc0 1905 45014 0.106179 280.996
1260	1	17582.5	312518	312504	13.519	1908	9341	1995	4	0.0001 Colloc0 1908 44984 0.0837449 317.161
1270	1	17720.5	312487	312474	13.0837	1938	9219	2117	4	0.0001 Colloc0 1938 44914 0.101957 284.423
1280	1	17860	312610	312596	13.1712	1914	9131	2205	5	0.0001 Colloc0 1914 44933 0.114256 290.935
1290	1	17998.3	312964	312950	13.5984	1929	9044	2292	3	0.0001 Colloc0 1929 44982 0.0887311 323.231
1300	1	18135	313123	313110	13.7141	1937	8921	2415	5	0.0001 Colloc0 1937 44944 0.0754432 332.117
1310	1	18274.4	312793	312779	13.6221	1910	9046	2290	4	0.0001 Colloc0 1910 44960 0.0821857 325.041
1320	1	18415.5	312262	312249	13.3698	1946	9059	2277	4	0.0001 Colloc0 1946 44888 0.0803478 305.842
1330	1	18553.3	312367	312354	13.4231	1908	9108	2228	4	0.0001 Colloc0 1908 44910 0.0997062 309.876
1340	1	18688.1	312409	312395	13.1446	1932	9029	2307	3	0.0001 Colloc0 1932 44908 0.0864567 288.945
1350	1	18829.5	312066	312053	13.0257	1920	9069	2267	7	0.0001 Colloc0 1920 44867 0.121563 280.124
1360	1	18970.5	312318	312305	13.273	1933	8979	2357	7	0.0001 Colloc0 1933 44880 0.0814864 298.555
1370	1	19110.1	312206	312192	13.5815	1928	9088	2248	6	0.0001 Colloc0 1928 44852 0.0711903 321.937
1380	1	19251.2	312190	312177	13.3891	1919	9009	2327	3	0.0001 Colloc0 1919 44820 0.0868982 307.303
1390	1	19391	312040	312027	13.3729	1931	9135	2201	4	0.0001 Colloc0 1931 44810 0.0864551 306.074
1400	1	19532.4	311524	311511	12.8661	1922	9247	2089	5	0.0001 Colloc0 1922 44836 0.12141 268.4
1410	1	19669.2	311363	311350	13.0682	1922	9249	2087	4	0.0001 Colloc0 1922 44819 0.11342 283.272
1420	1	19807.6	311826	311813	13.4787	1925	9184	2152	4	0.0001 Colloc0 1925 44801 0.0950264 314.098
1430	1	19939.9	311517	311504	13.336	1942	9170	2166	4	0.0001 Colloc0 1942 44769 0.114073 303.29
1440	1	20078.3	312204	312190	13.6018	1957	9028	2308	3	0.0001 Colloc0 1957 44782 0.0654369 323.493
1450	1	20217.8	311751	311737	13.4504	1959	9111	2225	5	0.0001 Colloc0 1959 44734 0.0969088 311.945
1460	1	20356.4	311698	311685	13.1305	1968	9202	2134	4	0.0001 Colloc0 1968 44726 0.121409 287.898
1470	1	20496	311543	311530	12.8362	1955	9138	2198	3	0.0001 Colloc0 1955 44716 0.126312 266.219
1480	1	20633.1	311160	311147	13.1414	1918	9215	2121	3	0.0001 Colloc0 1918 44662 0.0941246 288.708
1490	1	20770.4	311587	311574	13.2806	1948	9110	2226	3	0.0001 Colloc0 1948 44710 0.0895379 299.125
1500	1	20909.1	311454	311441	12.8313	1939	9093	2243	3	0.0001 Colloc0 1939 44674 0.118562 265.862
1510	1	21048.5	311565	311553	12.9261	1959	9039	2297	4	0.0001 Colloc0 1959 44617 0.121246 272.795
1520	1	21188.1	311744	311731	13.4315	1955	9017	2319	3	0.0001 Colloc0 1955 44649 0.0847477 310.51
1530	1	21320.7	310903	310889	13.6957	1933	9215	2121	6	0.0001 Colloc0 1933 44646 0.0667896 330.697
1540	1	21457.3	310987	310974	12.8662	1926	9142	2194	4	0.0001 Colloc0 1926 44611 0.107298 268.405
1550	1	21589.7	311257	311244	13.389	1944	9199	2137	4	0.0001 Colloc0 1944 44650 0.0919809 307.292
1560	1	21727.6	311310	311297	13.1666	1963	9164	2172	4	0.0001 Colloc0 1963 44555 0.114243 290.587
1570	1	21862.6	310849	310836	13.5484	1943	9277	2059	6	0.0001 Colloc0 1943 44600 0.0879108 319.405
1580	1	22000.3	311496	311483	13.2079	1942	9003	2333	6	0.0001 Colloc0 1942 44608 0.0952966 293.675
1590	1	22137.8	311037	311023	13.2818	1956	9146	2190	4	0.0001 Colloc0 1956 44591 0.0999966 299.215
1600	1	22274.5	310644	310631	13.1124	1959	9257	2079	3	0.0001 Colloc0 1959 44586 0.108882 286.55
1610	1	22411.2	310581	310567	13.5988	1948	9414	1922	4	0.0001 Colloc0 1948 44633 0.0709712 323.261
1620	1	22547.5	310358	310344	13.8061	1940	9320	2016	3	0.0001 Colloc0 1940 44536 0.070636 339.221
1630	1	22682.6	310908	310895	12.8644	1945	9026	2310	4	0.0001 Colloc0 1945 44529 0.122618 268.274
1640	1	22816.9	310773	310760	13.0152	1932	9015	2321	5	0.0001 Colloc0 1932 44530 0.12666 279.355
1650	1	22951.6	311080	311066	13.5154	1921	8916	2420	3	0.0001 Colloc0 1921 44557 0.0795974 316.89
1660	1	23086.3	310904	310890	13.3818	1925	8934	2402	4	0.0001 Colloc0 1925 44508 0.0902096 306.749
1670	1	23221.1	310689	310676	12.9617	1943	8970	2366	3	0.0001 Colloc0 1943 44492 0.122248 275.407
1680	1	23360.8	310547	310534	12.7913	1925	8963	2373	3	0.0001 Colloc0 1925 44468 0.123119 262.95
1690	1	23496.6	311087	311073	13.3736	1930	8906	2430	4	0.0001 Colloc0 1930 44494 0.0754363 306.131
1700	1	23632	311148	311134	13.1681	1939	8846	2490	4	0.0001 Colloc0 1939 44501 0.105637 290.702
1710	1	23764.8	310565	310551	13.7965	1919	9029	2307	3	0.0001 Colloc0 1919 44482 0.059945 338.477
1720	1	23899.1	311080	311067	13.48	1956	8834	2502	5	0.0001 Colloc0 1956 44409 0.0830031 314.195
1730	1	24033.6	311015	311002	13.1802	1961	8886	2450	4	0.0001 Colloc0 1961 44442 0.103376 291.601
1740	1	24170.2	310533	310519	13.6215	1987	8982	2354	4	0.0001 Colloc0 1987 44391 0.0851327 324.997
1750	1	24307.2	310141	310128	13.3639	1928	9083	2253	3	0.0001 Colloc0 1928 44379 0.0873522 305.397
1760	1	24439.1	309965	309952	13.6907	1937	9206	2130	3	0.0001 Colloc0 1937 44374 0.0940668 330.314
1770	1	24570.9	309701	309688	12.7103	1956	9225	2111	4	0.0001 Colloc0 1956 44314 0.125969 257.084
1780	1	24703.1	309628	309615	13.4497	1966	9265	2071	3	0.0001 Colloc0 1966 44352 0.0889344 311.895
1790	1	24833.9	309770	309756	13.5668	1958	9206	2130	4	0.0001 Colloc0 1958 44357 0.0860441 320.814
1800	1	24963.5	309665	309652	13.1712	1956	9286	2050	8	0.0001 Colloc0 1956 44344 0.116612 290.928
1810	1	25094.2	309175	309161	13.5651	1935	9313	2023	5	0.0001 Colloc0 1935 44364 0.0767444 320.682
1820	1	25228.8	309761	309747	13.4146	1942	9164	2172	5	0.0001 Colloc0 1942 44368 0.0827083 309.233
1830	1	25362.9	309902	309888	13.5065	1969	9161	2175	4	0.0001 Colloc0 1969 44343 0.0912732 316.214
1840	1	25496	309781	309767	13.5815	1952	9137	2199	3	0.0001 Colloc0 1952 44320 0.0962912 321.935
1850	1	25632.2	309917	309903	13.3815	1941	9115	2221	3	0.0001 Colloc0 1941 44336 0.0823208 306.724
1860	1	25766.2	309570	309557	13.1683	1923	9307	2029	5	0.0001 Colloc0 1923 44345 0.100776 290.717
1870	1	25900.3	309826	309813	13.2112	1952	9126	2210	3	0.0001 Colloc0 1952 44309 0.106809 293.919
1880	1	26038.9	309536	309522	13.576	1940	9203	2133	4	0.0001 Colloc0 1940 44305 0.0800379 321.515
1890	1	26168.4	309565	309552	13.1129	1932	9113	2223	3	0.0001 Colloc0 1932 44270 0.108295 286.589
1900	1	26297.3	309612	309598	13.8493	1949	9091	2245	3	0.0001 Colloc0 1949 44301 0.0700491 342.57
1910	1	26421.3	309328	309315	13.0615	1948	9213	2123	4	0.0001 Colloc0 1948 44315 0.106098 282.778
1920	1	26544.5	309627	309614	13.0126	1951	9174	2162	3	0.0001 Colloc0 1951 44295 0.101504 279.162
1930	1	26668.6	309753	309739	14.148	1952	9086	2250	5	0.0001 Colloc0 1952 44242 0.0582095 365.91
1940	1	26792.4	309853	309840	13.1892	1977	9070	2266	4	0.0001 Colloc0 1977 44285 0.107492 292.275
1950	1	26913.9	309391	309378	12.9208	1943	9139	2197	4	0.0001 Colloc0 1943 44243 0.116973 272.408
1960	1	27035.8	309364	309350	13.7956	1952	9192	2144	5	0.0001 Colloc0 1952 44283 0.0800411 338.404
1970	1	27157.6	309228	309216	12.6986	1967	9280	2056	3	0.0001 Colloc0 1967 44217 0.13392 256.242
1980	1	27280.8	309032	309018	13.7485	1962	9261	2075	3	0.0001 Colloc0 1962 44234 0.0776817 334.765
1990	1	27402.2	309565	309553	12.8683	1935	9036	2300	4	0.0001 Colloc0 1935 44263 0.107142 268.565
2000	1	27522.5	309499	309486	13.3862	1925	9084	2252	5	0.0001 Colloc0 1925 44254 0.0858034 307.083
