# D = 0, E = 1, I = 1, P = 1, R = -1, n = 2000, N = 1, P = 1, w = 1, a = 0.0001, b = 10000, e = 1, f = 1, g = 100, h = 0.01, r = 8450, s = 1, S = 0, x = 10, m = 100, Z = 1, z = 0, T = 1, t = 1
# 131224 tokens in 11336 sentences
#
# It	Temp	Time	-logP	-logPcorpus	-logPrior	tables	same	changed	reject	default_pya	(parent pym pyn pya pyb)*
0	1	13.148	430064	429951	113.764	9735	0	11336	0	0.0001 Colloc0 9735 52552 0.0001 10000
10	1	197.312	372527	372510	17.2489	2965	3265	8071	13	0.0001 Colloc0 2965 48956 0.0511882 623.273
20	1	344.129	363868	363852	16.0078	2380	3707	7629	11	0.0001 Colloc0 2380 48743 0.0121279 517.564
30	1	490.322	358539	358524	15.7493	2258	3909	7427	4	0.0001 Colloc0 2258 48477 0.00528284 495.938
40	1	634.23	356199	356184	15.1197	2214	4125	7211	3	0.0001 Colloc0 2214 48466 0.0058371 443.944
50	1	777.351	351833	351818	15.0951	2113	4320	7016	2	0.0001 Colloc0 2113 48147 0.00947409 441.932
60	1	917.515	348710	348695	14.9399	2066	4490	6846	6	0.0001 Colloc0 2066 47960 0.00400462 429.283
70	1	1060.74	348013	347999	14.642	2094	4558	6778	5	0.0001 Colloc0 2094 47848 0.0372512 405.213
80	1	1202.66	345658	345644	14.6919	2071	4675	6661	4	0.0001 Colloc0 2071 47755 0.0247952 409.223
90	1	1337.66	343582	343567	14.6388	2043	4838	6498	3	0.0001 Colloc0 2043 47586 0.0327418 404.956
100	1	1472.94	342602	342587	14.5573	2044	4975	6361	5	0.0001 Colloc0 2044 47534 0.0368975 398.412
110	1	1610.88	340223	340210	13.6851	2036	5317	6019	8	0.0001 Colloc0 2036 47460 0.0735168 329.885
120	1	1754.98	338702	338688	14.2198	2015	5552	5784	7	0.0001 Colloc0 2015 47323 0.036877 371.573
130	1	1892.05	337881	337866	14.2986	2019	5597	5739	7	0.0001 Colloc0 2019 47045 0.0488718 377.807
140	1	2033.19	337437	337422	14.7855	2008	5490	5846	5	0.0001 Colloc0 2008 46980 0.0171967 416.775
150	1	2174.58	336723	336709	14.0645	2024	5524	5812	7	0.0001 Colloc0 2024 46861 0.0444639 359.355
160	1	2312.51	336546	336532	14.4065	2019	5691	5645	4	0.0001 Colloc0 2019 46938 0.0488169 386.37
170	1	2450.27	335838	335825	13.9236	2033	5723	5613	3	0.0001 Colloc0 2033 46909 0.0517162 348.342
180	1	2589.45	335001	334987	13.3908	2036	5756	5580	4	0.0001 Colloc0 2036 46676 0.0805656 307.427
190	1	2731.28	333504	333490	13.4378	2044	5906	5430	4	0.0001 Colloc0 2044 46565 0.0910999 310.993
200	1	2875.09	332795	332781	13.9858	2033	5945	5391	6	0.0001 Colloc0 2033 46383 0.0548218 353.196
210	1	3016.37	332566	332552	14.1515	2040	5866	5470	10	0.0001 Colloc0 2040 46395 0.0589001 366.182
220	1	3155.27	332392	332378	13.953	2023	5967	5369	5	0.0001 Colloc0 2023 46383 0.0639331 350.632
230	1	3295.11	331499	331485	14.2379	2037	6085	5251	6	0.0001 Colloc0 2037 46206 0.0495101 373.004
240	1	3437.69	331045	331031	14.3804	2062	6207	5129	9	0.0001 Colloc0 2062 46145 0.0406972 384.299
250	1	3578.96	330353	330339	14.2355	2024	6369	4967	6	0.0001 Colloc0 2024 46163 0.0550388 372.814
260	1	3723.42	330019	330005	13.6825	2057	6266	5070	5	0.0001 Colloc0 2057 46064 0.1089 329.681
270	1	3865.13	329407	329393	14.2066	2001	6327	5009	5	0.0001 Colloc0 2001 46055 0.0405543 370.526
280	1	4007.96	329223	329209	14.6783	1991	6353	4983	4	0.0001 Colloc0 1991 46018 0.0161573 408.126
290	1	4147.79	329452	329438	14.1587	2048	6312	5024	6	0.0001 Colloc0 2048 45921 0.0634742 366.751
300	1	4286.82	328220	328207	13.7146	1980	6401	4935	5	0.0001 Colloc0 1980 45908 0.0745262 332.149
310	1	4427.45	328895	328881	13.596	2036	6373	4963	6	0.0001 Colloc0 2036 45841 0.0675412 323.042
320	1	4560.67	329074	329060	14.0286	2014	6257	5079	8	0.0001 Colloc0 2014 45844 0.051697 356.537
330	1	4690.97	328900	328886	14.1969	1999	6350	4986	6	0.0001 Colloc0 1999 45850 0.0363471 369.761
340	1	4826.71	328692	328677	14.392	2026	6395	4941	6	0.0001 Colloc0 2026 45857 0.031528 385.216
350	1	4963.52	328352	328338	13.8793	2019	6352	4984	5	0.0001 Colloc0 2019 45788 0.057995 344.899
360	1	5099.44	327458	327445	13.653	2024	6501	4835	7	0.0001 Colloc0 2024 45678 0.0792094 327.414
370	1	5237.77	327042	327028	14.1169	2031	6332	5004	5	0.0001 Colloc0 2031 45604 0.0565066 363.463
380	1	5376.01	327531	327517	14.3104	2031	6266	5070	6	0.0001 Colloc0 2031 45603 0.0373594 378.742
390	1	5512.24	327493	327478	14.3093	2027	6236	5100	6	0.0001 Colloc0 2027 45574 0.0403566 378.649
400	1	5649.87	327621	327607	14.2712	2041	6195	5141	8	0.0001 Colloc0 2041 45522 0.0525441 375.63
410	1	5787.54	327277	327263	14.1582	2016	6343	4993	5	0.0001 Colloc0 2016 45490 0.0388786 366.716
420	1	5928.29	326348	326335	13.5398	2031	6384	4952	10	0.0001 Colloc0 2031 45456 0.0980563 318.747
430	1	6065.84	324729	324715	13.5206	2042	6438	4898	9	0.0001 Colloc0 2042 45226 0.0932285 317.289
440	1	6202.67	324513	324499	14.4772	1997	6401	4935	6	0.0001 Colloc0 1997 45246 0.0403891 392.011
450	1	6339.65	325492	325477	14.2026	2030	6293	5043	7	0.0001 Colloc0 2030 45242 0.0552532 370.21
460	1	6481.67	323943	323929	13.9764	2042	6439	4897	8	0.0001 Colloc0 2042 44972 0.0685482 352.456
470	1	6619.58	323259	323245	14.069	2029	6529	4807	5	0.0001 Colloc0 2029 44966 0.0585839 359.7
480	1	6760.36	322538	322525	13.5355	2009	6725	4611	6	0.0001 Colloc0 2009 44974 0.0874479 318.42
490	1	6904.45	321984	321969	14.3255	1981	6880	4456	6	0.0001 Colloc0 1981 44969 0.0437252 379.94
500	1	7044.32	322208	322194	14.0712	2018	6806	4530	6	0.0001 Colloc0 2018 44977 0.0478616 359.879
510	1	7186.96	322019	322005	13.712	2007	6839	4497	7	0.0001 Colloc0 2007 44963 0.0826108 331.953
520	1	7331.48	321719	321704	14.5556	2004	6855	4481	7	0.0001 Colloc0 2004 44922 0.0377299 398.279
530	1	7472.65	321550	321537	13.9023	1987	6881	4455	8	0.0001 Colloc0 1987 44918 0.0741326 346.687
540	1	7609.66	321457	321443	14.1648	1979	6945	4391	8	0.0001 Colloc0 1979 44871 0.0459128 367.232
550	1	7748.05	320855	320842	13.6362	1995	7042	4294	5	0.0001 Colloc0 1995 44801 0.080873 326.128
560	1	7888.32	321175	321160	14.1153	2022	6994	4342	8	0.0001 Colloc0 2022 44833 0.0492014 363.335
570	1	8029.31	320978	320964	13.8754	2009	7018	4318	6	0.0001 Colloc0 2009 44843 0.0750506 344.59
580	1	8164.65	320595	320581	13.9658	2024	7067	4269	8	0.0001 Colloc0 2024 44777 0.0757205 351.634
590	1	8304.13	320284	320270	13.8524	2024	7130	4206	6	0.0001 Colloc0 2024 44794 0.0779852 342.811
600	1	8441.71	320747	320733	14.0556	2030	6924	4412	6	0.0001 Colloc0 2030 44710 0.0758401 358.652
610	1	8574.49	320903	320889	13.9986	2016	6882	4454	4	0.0001 Colloc0 2016 44708 0.0661485 354.193
620	1	8711.21	319946	319932	13.9315	1980	7035	4301	5	0.0001 Colloc0 1980 44666 0.0539384 348.954
630	1	8846.44	320522	320508	14.4079	2003	6939	4397	7	0.0001 Colloc0 2003 44669 0.0355764 386.481
640	1	8986.46	320037	320024	13.459	2014	7075	4261	5	0.0001 Colloc0 2014 44626 0.0871648 312.6
650	1	9129.15	320014	319999	14.2665	2009	6948	4388	4	0.0001 Colloc0 2009 44622 0.0445971 375.258
660	1	9268.9	319890	319876	14.2123	1985	6948	4388	6	0.0001 Colloc0 1985 44607 0.0489747 370.981
670	1	9408.69	319888	319874	13.957	2020	6975	4361	5	0.0001 Colloc0 2020 44628 0.0623486 350.942
680	1	9546.39	319246	319232	14.1534	2008	7104	4232	7	0.0001 Colloc0 2008 44597 0.0556132 366.339
690	1	9682.51	319615	319601	13.5938	2040	7113	4223	4	0.0001 Colloc0 2040 44585 0.092927 322.88
700	1	9818.67	319128	319114	13.9728	2042	7221	4115	7	0.0001 Colloc0 2042 44565 0.0680535 352.179
710	1	9958.55	318491	318477	14.0605	2000	7258	4078	4	0.0001 Colloc0 2000 44533 0.0529224 359.037
720	1	10097.6	319041	319027	13.836	1995	7118	4218	5	0.0001 Colloc0 1995 44588 0.069128 341.533
730	1	10236	319921	319907	13.9205	2023	6956	4380	5	0.0001 Colloc0 2023 44567 0.0704115 348.102
740	1	10371.4	319607	319592	14.5661	2008	6973	4363	4	0.0001 Colloc0 2008 44533 0.0392567 399.122
750	1	10501.4	319509	319494	14.301	2035	6954	4382	5	0.0001 Colloc0 2035 44469 0.0686697 377.993
760	1	10636.9	319558	319544	14.0925	2002	6979	4357	4	0.0001 Colloc0 2002 44459 0.0465518 361.546
770	1	10780.4	319557	319543	13.9577	2011	6933	4403	2	0.0001 Colloc0 2011 44457 0.0586248 350.999
780	1	10919.9	319824	319810	14.1083	2010	6842	4494	3	0.0001 Colloc0 2010 44508 0.0436734 362.79
790	1	11059.7	319570	319556	14.2968	2049	6904	4432	3	0.0001 Colloc0 2049 44450 0.0496651 377.661
800	1	11195.3	319151	319137	14.0882	2027	6948	4388	3	0.0001 Colloc0 2027 44452 0.0728446 361.212
810	1	11333.3	318504	318490	13.8518	2012	7225	4111	3	0.0001 Colloc0 2012 44418 0.0700449 342.757
820	1	11466.5	317821	317807	14.2365	2017	7383	3953	3	0.0001 Colloc0 2017 44365 0.0543311 372.89
830	1	11602.3	317676	317662	14.0757	2015	7420	3916	3	0.0001 Colloc0 2015 44344 0.0552739 360.227
840	1	11737.9	317658	317643	14.357	2004	7512	3824	4	0.0001 Colloc0 2004 44388 0.034968 382.44
850	1	11870.1	317070	317056	13.7799	2011	7538	3798	3	0.0001 Colloc0 2011 44300 0.0698425 337.189
860	1	12005.5	316961	316947	13.6169	2042	7713	3623	4	0.0001 Colloc0 2042 44294 0.101236 324.645
870	1	12143.6	317094	317081	13.5994	2025	7618	3718	4	0.0001 Colloc0 2025 44311 0.0775036 323.306
880	1	12284.1	316884	316870	13.5141	2034	7683	3653	2	0.0001 Colloc0 2034 44283 0.0862109 316.789
890	1	12418.3	317339	317324	14.6507	2041	7648	3688	2	0.0001 Colloc0 2041 44290 0.0487732 405.91
900	1	12551.1	316909	316895	13.6374	2014	7687	3649	3	0.0001 Colloc0 2014 44300 0.0832479 326.217
910	1	12688.2	314507	314493	14.5282	1997	7844	3492	3	0.0001 Colloc0 1997 44049 0.0336409 396.086
920	1	12827	314548	314534	14.0677	2006	7764	3572	2	0.0001 Colloc0 2006 44017 0.0601302 359.599
930	1	12967.4	313743	313729	14.071	1980	7964	3372	4	0.0001 Colloc0 1980 44038 0.057665 359.864
940	1	13105.9	313856	313842	14.0542	1970	8009	3327	3	0.0001 Colloc0 1970 44050 0.0444754 358.545
950	1	13240.3	314029	314016	13.1101	1994	7945	3391	2	0.0001 Colloc0 1994 43985 0.104515 286.381
960	1	13371.3	313387	313373	13.7871	1975	8166	3170	3	0.0001 Colloc0 1975 43967 0.077422 337.745
970	1	13502.2	313791	313776	14.584	1969	7926	3410	2	0.0001 Colloc0 1969 43968 0.0154506 400.556
980	1	13638.4	314473	314459	13.8086	2010	7795	3541	4	0.0001 Colloc0 2010 44008 0.06875 339.412
990	1	13769.9	314468	314454	14.2673	1989	7665	3671	4	0.0001 Colloc0 1989 44034 0.0428127 375.327
1000	1	13906.4	314350	314337	13.6969	1965	7654	3682	4	0.0001 Colloc0 1965 43925 0.0831212 330.786
1010	1	14042.9	314906	314892	14.0231	2027	7567	3769	4	0.0001 Colloc0 2027 43906 0.0753362 356.106
1020	1	14174.3	314460	314446	13.7996	2009	7599	3737	3	0.0001 Colloc0 2009 43945 0.0745703 338.715
1030	1	14304.3	315121	315107	13.9715	2003	7594	3742	4	0.0001 Colloc0 2003 43910 0.0678968 352.073
1040	1	14438.8	315124	315110	14.3428	2018	7663	3673	3	0.0001 Colloc0 2018 43895 0.0503043 381.311
1050	1	14575.9	314303	314288	14.3959	1993	7778	3558	2	0.0001 Colloc0 1993 43868 0.0302293 385.527
1060	1	14709.9	314173	314159	14.5196	2024	7813	3523	7	0.0001 Colloc0 2024 43833 0.0439643 395.401
1070	1	14843.9	313784	313769	14.393	2004	7815	3521	2	0.0001 Colloc0 2004 43863 0.0582572 385.296
1080	1	14978.7	313735	313721	13.7342	2002	7809	3527	4	0.0001 Colloc0 2002 43867 0.0817231 333.667
1090	1	15115.2	314125	314112	13.3974	2027	7842	3494	2	0.0001 Colloc0 2027 43847 0.112332 307.932
1100	1	15257.5	314234	314220	14.0867	2017	7794	3542	3	0.0001 Colloc0 2017 43824 0.0705618 361.096
1110	1	15398.1	314332	314318	13.9643	2039	7819	3517	3	0.0001 Colloc0 2039 43849 0.0818924 351.511
1120	1	15539.1	313058	313045	13.4555	1995	8047	3289	2	0.0001 Colloc0 1995 43804 0.0869345 312.337
1130	1	15680.9	313215	313201	13.8977	2011	8065	3271	2	0.0001 Colloc0 2011 43814 0.0664499 346.323
1140	1	15822.4	313591	313577	13.3966	2053	7959	3377	5	0.0001 Colloc0 2053 43783 0.0980987 307.873
1150	1	15961.4	313808	313794	13.364	2007	7815	3521	2	0.0001 Colloc0 2007 43843 0.100925 305.407
1160	1	16100.9	314064	314050	13.7628	1996	7776	3560	3	0.0001 Colloc0 1996 43864 0.0763031 335.87
1170	1	16234.4	313702	313688	14.0909	2054	7863	3473	2	0.0001 Colloc0 2054 43770 0.0687657 361.425
1180	1	16365.6	313576	313562	13.5414	2026	7887	3449	5	0.0001 Colloc0 2026 43733 0.0828342 318.872
1190	1	16503.9	313321	313307	14.058	1979	7858	3478	5	0.0001 Colloc0 1979 43721 0.0645732 358.842
1200	1	16641.1	313393	313379	14.003	2008	7881	3455	4	0.0001 Colloc0 2008 43667 0.0513909 354.537
1210	1	16775.4	313618	313604	14.4512	2001	7835	3501	3	0.0001 Colloc0 2001 43650 0.0316468 389.933
1220	1	16914.2	314054	314040	13.8641	2046	7685	3651	3	0.0001 Colloc0 2046 43625 0.0978923 343.715
1230	1	17052.8	314057	314044	13.8243	2025	7743	3593	3	0.0001 Colloc0 2025 43636 0.0916342 340.629
1240	1	17191.6	313596	313581	14.459	2003	7808	3528	2	0.0001 Colloc0 2003 43636 0.0406155 390.557
1250	1	17331.3	313645	313630	14.693	1994	7929	3407	2	0.0001 Colloc0 1994 43666 0.00256493 409.312
1260	1	17468.8	313137	313123	13.9059	2021	8024	3312	2	0.0001 Colloc0 2021 43656 0.0801373 346.966
1270	1	17603	313101	313087	14.1653	2006	7971	3365	5	0.0001 Colloc0 2006 43667 0.0748089 367.269
1280	1	17737.8	312795	312781	13.8414	2001	7986	3350	3	0.0001 Colloc0 2001 43687 0.077517 341.957
1290	1	17870.3	313137	313122	14.5357	2001	8035	3301	2	0.0001 Colloc0 2001 43664 0.0366956 396.683
1300	1	18008.1	313281	313266	14.1766	2009	8003	3333	3	0.0001 Colloc0 2009 43632 0.043405 368.16
1310	1	18146.9	312814	312800	13.9069	2010	8081	3255	5	0.0001 Colloc0 2010 43677 0.0651146 347.044
1320	1	18284.6	312451	312437	13.5702	2031	8163	3173	3	0.0001 Colloc0 2031 43620 0.081371 321.074
1330	1	18418.5	312447	312433	14.1984	2012	8110	3226	3	0.0001 Colloc0 2012 43595 0.0527207 369.884
1340	1	18557.3	312510	312496	14.2455	2008	8076	3260	2	0.0001 Colloc0 2008 43610 0.0520908 373.601
1350	1	18698.1	312499	312485	14.5472	1992	8111	3225	3	0.0001 Colloc0 1992 43582 0.0321198 397.602
1360	1	18838	312659	312645	14.2417	2012	8028	3308	3	0.0001 Colloc0 2012 43592 0.0535585 373.301
1370	1	18976.4	312357	312343	13.8061	2021	8091	3245	2	0.0001 Colloc0 2021 43532 0.0743689 339.223
1380	1	19109.3	312000	311985	14.4566	2002	8141	3195	2	0.0001 Colloc0 2002 43525 0.0423597 390.367
1390	1	19248.1	311913	311899	13.9228	1991	8124	3212	4	0.0001 Colloc0 1991 43548 0.0731566 348.276
1400	1	19388.2	312018	312004	14.2854	1977	8070	3266	2	0.0001 Colloc0 1977 43543 0.0517664 376.756
1410	1	19525.5	311801	311788	13.4883	2016	8173	3163	4	0.0001 Colloc0 2016 43516 0.0971504 314.826
1420	1	19661.1	311075	311061	13.7737	2006	8272	3064	4	0.0001 Colloc0 2006 43385 0.0697454 336.71
1430	1	19799.1	311447	311433	14.2689	2021	8189	3147	3	0.0001 Colloc0 2021 43429 0.0469839 375.456
1440	1	19939	311175	311161	13.8413	2017	8286	3050	4	0.0001 Colloc0 2017 43415 0.0810358 341.945
1450	1	20073.5	310604	310590	13.7932	2012	8386	2950	4	0.0001 Colloc0 2012 43370 0.0968197 338.219
1460	1	20214.5	310416	310402	14.1518	2002	8567	2769	4	0.0001 Colloc0 2002 43431 0.0453927 366.21
1470	1	20354	310133	310118	14.1861	2011	8489	2847	3	0.0001 Colloc0 2011 43338 0.0474103 368.914
1480	1	20491.4	310691	310677	13.8864	2004	8376	2960	3	0.0001 Colloc0 2004 43399 0.0783355 345.447
1490	1	20629.3	310690	310676	13.7582	2049	8471	2865	5	0.0001 Colloc0 2049 43341 0.101129 335.514
1500	1	20768.1	310976	310963	13.7541	2033	8290	3046	3	0.0001 Colloc0 2033 43352 0.0777397 335.2
1510	1	20907.7	310187	310174	13.672	2000	8515	2821	3	0.0001 Colloc0 2000 43335 0.0850382 328.874
1520	1	21041.9	310912	310899	13.3995	2016	8435	2901	3	0.0001 Colloc0 2016 43404 0.0986666 308.092
1530	1	21178.3	311160	311145	14.6055	2037	8238	3098	2	0.0001 Colloc0 2037 43393 0.0394433 402.277
1540	1	21317.3	310857	310843	13.9127	2039	8338	2998	4	0.0001 Colloc0 2039 43339 0.0680133 347.493
1550	1	21451.7	311098	311084	13.9797	2031	8298	3038	4	0.0001 Colloc0 2031 43381 0.0686456 352.715
1560	1	21589.3	311103	311089	13.8661	2014	8339	2997	3	0.0001 Colloc0 2014 43388 0.0834003 343.871
1570	1	21727.5	310659	310645	13.8931	2030	8313	3023	3	0.0001 Colloc0 2030 43353 0.0732213 345.967
1580	1	21862.5	310480	310466	13.9784	2002	8299	3037	3	0.0001 Colloc0 2002 43331 0.0764173 352.616
1590	1	21999.4	310686	310673	13.5519	2048	8340	2996	4	0.0001 Colloc0 2048 43327 0.0926355 319.67
1600	1	22136.8	310861	310847	13.8794	2010	8273	3063	3	0.0001 Colloc0 2010 43344 0.0720293 344.902
1610	1	22273.1	310806	310793	13.8375	2020	8239	3097	3	0.0001 Colloc0 2020 43371 0.0808776 341.653
1620	1	22409.8	311113	311099	13.7335	2013	8158	3178	2	0.0001 Colloc0 2013 43352 0.0872575 333.607
1630	1	22545.2	311026	311012	14.139	2002	8247	3089	3	0.0001 Colloc0 2002 43376 0.0547285 365.199
1640	1	22678.8	310407	310394	13.563	2003	8284	3052	4	0.0001 Colloc0 2003 43362 0.0855791 320.518
1650	1	22813.8	311476	311463	13.8029	2011	8146	3190	3	0.0001 Colloc0 2011 43341 0.0761265 338.971
1660	1	22945.6	311030	311016	14.6372	2009	8242	3094	2	0.0001 Colloc0 2009 43286 0.0211154 404.825
1670	1	23079.4	311206	311192	13.8096	2015	8233	3103	4	0.0001 Colloc0 2015 43303 0.0596744 339.487
1680	1	23213.4	311405	311391	13.9845	2003	8083	3253	3	0.0001 Colloc0 2003 43318 0.0644508 353.088
1690	1	23344.3	310823	310810	13.5229	2045	8330	3006	4	0.0001 Colloc0 2045 43252 0.109082 317.461
1700	1	23478.2	311108	311094	14.1817	2002	8158	3178	4	0.0001 Colloc0 2002 43267 0.0482898 368.563
1710	1	23612.6	310940	310926	13.6109	1997	8251	3085	6	0.0001 Colloc0 1997 43285 0.0820627 324.187
1720	1	23747.2	310608	310593	14.0539	2026	8268	3068	4	0.0001 Colloc0 2026 43224 0.0745827 358.518
1730	1	23878.2	310395	310381	14.0557	2032	8384	2952	4	0.0001 Colloc0 2032 43244 0.0606457 358.66
1740	1	24013.1	310384	310370	13.852	2020	8381	2955	4	0.0001 Colloc0 2020 43257 0.0653707 342.776
1750	1	24146.2	310806	310791	14.3701	2017	8289	3047	3	0.0001 Colloc0 2017 43283 0.044683 383.474
1760	1	24275	310972	310958	14.4136	2023	8208	3128	3	0.0001 Colloc0 2023 43235 0.0461114 386.936
1770	1	24401.5	311157	311142	14.8466	2026	8198	3138	5	0.0001 Colloc0 2026 43242 0.0262807 421.72
1780	1	24530.9	311295	311281	13.7582	2022	8228	3108	2	0.0001 Colloc0 2022 43240 0.0829788 335.512
1790	1	24661.1	311305	311291	13.9995	2013	8078	3258	2	0.0001 Colloc0 2013 43221 0.0583952 354.26
1800	1	24797.4	311530	311516	14.1026	2014	8047	3289	2	0.0001 Colloc0 2014 43245 0.0499713 362.344
1810	1	24931.9	311352	311338	14.2095	2009	8115	3221	3	0.0001 Colloc0 2009 43220 0.054409 370.756
1820	1	25064.3	311513	311499	13.6983	2070	8151	3185	4	0.0001 Colloc0 2070 43209 0.0890142 330.896
1830	1	25199.8	311170	311157	13.3387	2029	8063	3273	3	0.0001 Colloc0 2029 43263 0.0934705 303.498
1840	1	25333.7	310697	310683	13.9733	2030	8288	3048	2	0.0001 Colloc0 2030 43201 0.0708062 352.215
1850	1	25468.9	311009	310995	13.7841	2021	8239	3097	4	0.0001 Colloc0 2021 43216 0.0670686 337.514
1860	1	25602.4	310874	310860	13.741	2025	8194	3142	3	0.0001 Colloc0 2025 43204 0.0720844 334.189
1870	1	25731.9	310412	310398	14.033	2022	8224	3112	3	0.0001 Colloc0 2022 43192 0.0568571 356.884
1880	1	25858	310486	310473	13.8372	2037	8286	3050	4	0.0001 Colloc0 2037 43189 0.0661274 341.631
1890	1	25986.4	310475	310460	14.3979	2035	8293	3043	4	0.0001 Colloc0 2035 43185 0.0423756 385.691
1900	1	26117.9	310648	310635	13.5999	2055	8255	3081	4	0.0001 Colloc0 2055 43199 0.0872353 323.345
1910	1	26250.5	310620	310606	13.9626	2012	8139	3197	3	0.0001 Colloc0 2012 43205 0.0625148 351.385
1920	1	26378.9	310927	310913	13.7843	2029	8104	3232	3	0.0001 Colloc0 2029 43206 0.0673634 337.53
1930	1	26504.2	311302	311288	13.8803	2031	8109	3227	2	0.0001 Colloc0 2031 43205 0.072132 344.977
1940	1	26628.4	311112	311098	14.0958	2033	8126	3210	2	0.0001 Colloc0 2033 43177 0.0635686 361.807
1950	1	26751.4	311154	311140	13.962	2059	8214	3122	4	0.0001 Colloc0 2059 43160 0.0742777 351.338
1960	1	26873.5	310597	310583	13.944	2036	8184	3152	4	0.0001 Colloc0 2036 43092 0.0750796 349.934
1970	1	26995.6	310563	310549	14.3519	2019	8172	3164	3	0.0001 Colloc0 2019 43115 0.0364937 382.029
1980	1	27117.3	310990	310976	14.1993	2034	8075	3261	4	0.0001 Colloc0 2034 43118 0.0630681 369.956
1990	1	27239.6	310449	310436	13.7004	2023	8161	3175	3	0.0001 Colloc0 2023 43137 0.069631 331.058
2000	1	27362.2	310553	310539	13.91	2011	8165	3171	5	0.0001 Colloc0 2011 43150 0.0635593 347.285
