# D = 0, E = 1, I = 1, P = 1, R = -1, n = 2000, N = 1, P = 1, w = 1, a = 0.0001, b = 10000, e = 1, f = 1, g = 100, h = 0.01, r = 14256, s = 1, S = 0, x = 10, m = 100, Z = 1, z = 0, T = 1, t = 1
# 131224 tokens in 11336 sentences
#
# It	Temp	Time	-logP	-logPcorpus	-logPrior	tables	same	changed	reject	default_pya	(parent pym pyn pya pyb)*
0	1	13.451	439560	439447	113.764	10098	0	11336	0	0.0001 Colloc0 10098 54263 0.0001 10000
10	1	193.886	376112	376096	16.086	3038	3139	8197	6	0.0001 Colloc0 3038 50004 0.0931146 524.134
20	1	339.044	364721	364705	15.6718	2327	3537	7799	2	0.0001 Colloc0 2327 49424 0.00905604 489.488
30	1	482.818	357104	357089	14.9808	2161	4019	7317	3	0.0001 Colloc0 2161 49089 0.0226795 432.614
40	1	618.952	353717	353702	14.659	2085	4168	7168	4	0.0001 Colloc0 2085 48783 0.0205818 406.579
50	1	755.952	350556	350542	14.3878	2055	4318	7018	5	0.0001 Colloc0 2055 48441 0.038459 384.884
60	1	896.442	347513	347499	14.8484	2002	4444	6892	7	0.0001 Colloc0 2002 48216 0.0152205 421.861
70	1	1037.88	345521	345506	14.6139	2000	4573	6763	5	0.0001 Colloc0 2000 48067 0.0282801 402.957
80	1	1180.7	344324	344309	14.5534	2009	4654	6682	6	0.0001 Colloc0 2009 48016 0.0262598 398.106
90	1	1319.81	343440	343425	14.5067	1960	4922	6414	2	0.0001 Colloc0 1960 47967 0.0164636 394.365
100	1	1454.39	342217	342204	13.9409	1966	4969	6367	4	0.0001 Colloc0 1966 47846 0.0454006 349.691
110	1	1592.97	341950	341935	14.6462	1966	5113	6223	4	0.0001 Colloc0 1966 47756 0.00345058 405.545
120	1	1725.65	340898	340885	13.7329	1992	5205	6131	3	0.0001 Colloc0 1992 47665 0.0550013 333.56
130	1	1867.04	339871	339857	14.1446	1987	5226	6110	1	0.0001 Colloc0 1987 47572 0.0344384 365.643
140	1	1997.26	338996	338982	13.7071	1984	5234	6102	2	0.0001 Colloc0 1984 47527 0.0566085 331.573
150	1	2136.97	338196	338182	14.094	1992	5280	6056	1	0.0001 Colloc0 1992 47348 0.036566 361.666
160	1	2278.57	337568	337554	14.0869	1976	5324	6012	3	0.0001 Colloc0 1976 47306 0.0401633 361.105
170	1	2418.1	334920	334905	14.3275	2000	5450	5886	3	0.0001 Colloc0 2000 46861 0.0390968 380.097
180	1	2555.45	333051	333037	13.9712	1937	5595	5741	3	0.0001 Colloc0 1937 46707 0.0474113 352.052
190	1	2692.04	331884	331869	14.2781	1947	5712	5624	8	0.0001 Colloc0 1947 46592 0.0139477 376.177
200	1	2828.39	331171	331156	14.627	1934	5680	5656	5	0.0001 Colloc0 1934 46534 0.0172975 404.009
210	1	2968.64	330663	330649	13.5333	1981	5870	5466	4	0.0001 Colloc0 1981 46539 0.092081 318.256
220	1	3108.3	330293	330279	13.8437	1970	5936	5400	1	0.0001 Colloc0 1970 46414 0.0594239 342.129
230	1	3248.36	328779	328765	14.0674	1924	5973	5363	1	0.0001 Colloc0 1924 46353 0.030529 359.575
240	1	3382	328461	328447	13.9915	1934	5949	5387	5	0.0001 Colloc0 1934 46261 0.054194 353.638
250	1	3524.23	328182	328168	13.9161	1955	6093	5243	1	0.0001 Colloc0 1955 46244 0.0459775 347.758
260	1	3664.63	327453	327440	13.4071	1932	6172	5164	2	0.0001 Colloc0 1932 46229 0.0795784 308.664
270	1	3805.74	327257	327243	13.3968	1942	6166	5170	2	0.0001 Colloc0 1942 46095 0.0829409 307.887
280	1	3945.69	327155	327141	13.8195	1950	6169	5167	3	0.0001 Colloc0 1950 46086 0.0597216 340.257
290	1	4082.58	326713	326700	13.6245	1983	6265	5071	4	0.0001 Colloc0 1983 45946 0.0845511 325.226
300	1	4223.02	326146	326133	13.5346	1958	6264	5072	4	0.0001 Colloc0 1958 45937 0.0738539 318.356
310	1	4361.62	325604	325591	13.2723	1946	6402	4934	2	0.0001 Colloc0 1946 45907 0.097971 298.502
320	1	4492.55	325765	325751	14.1526	1915	6339	4997	2	0.0001 Colloc0 1915 45874 0.0173401 366.275
330	1	4622.27	325814	325800	13.7087	1965	6289	5047	1	0.0001 Colloc0 1965 45831 0.083081 331.702
340	1	4756.95	326256	326242	13.3746	1980	6240	5096	2	0.0001 Colloc0 1980 45778 0.0894651 306.209
350	1	4892.29	325699	325685	13.6578	1977	6367	4969	3	0.0001 Colloc0 1977 45754 0.0762588 327.784
360	1	5034.11	325192	325179	13.8126	1972	6488	4848	4	0.0001 Colloc0 1972 45727 0.060796 339.725
370	1	5174.82	325214	325200	13.4729	1965	6447	4889	2	0.0001 Colloc0 1965 45770 0.0879738 313.656
380	1	5315.26	325348	325334	14.2319	1952	6459	4877	2	0.0001 Colloc0 1952 45723 0.0244163 372.53
390	1	5449.39	324443	324429	13.7266	1944	6567	4769	5	0.0001 Colloc0 1944 45658 0.0590248 333.076
400	1	5591.13	323872	323858	13.842	1973	6780	4556	3	0.0001 Colloc0 1973 45696 0.0733282 342
410	1	5729.84	323655	323642	13.1723	1997	6768	4568	2	0.0001 Colloc0 1997 45641 0.0943735 291.016
420	1	5865.93	322802	322788	13.5608	1951	7041	4295	3	0.0001 Colloc0 1951 45590 0.07828 320.353
430	1	6005.47	322598	322585	13.4308	1951	7133	4203	5	0.0001 Colloc0 1951 45623 0.0777027 310.463
440	1	6143.7	321637	321623	13.9959	1940	7090	4246	3	0.0001 Colloc0 1940 45557 0.0549056 353.984
450	1	6283.87	321470	321456	13.5375	1941	7285	4051	5	0.0001 Colloc0 1941 45567 0.0706237 318.573
460	1	6421.52	322344	322330	13.3718	1917	7010	4326	3	0.0001 Colloc0 1917 45538 0.0712321 305.992
470	1	6563.19	322310	322297	13.6571	1943	6997	4339	4	0.0001 Colloc0 1943 45550 0.0920377 327.73
480	1	6704.76	321730	321716	13.5499	1940	7076	4260	1	0.0001 Colloc0 1940 45477 0.0772582 319.521
490	1	6844.42	321619	321606	13.519	1965	7160	4176	4	0.0001 Colloc0 1965 45488 0.0847082 317.166
500	1	6983.75	321323	321310	12.6752	1981	7076	4260	3	0.0001 Colloc0 1981 45379 0.124369 254.552
510	1	7122.53	320763	320750	13.3183	1925	7124	4212	2	0.0001 Colloc0 1925 45364 0.0822308 301.962
520	1	7260.92	320807	320793	13.1971	1956	7185	4151	2	0.0001 Colloc0 1956 45342 0.08586 292.866
530	1	7397.28	320631	320618	13.2729	1939	7180	4156	4	0.0001 Colloc0 1939 45321 0.0871124 298.543
540	1	7529.97	321393	321379	13.421	1961	7053	4283	2	0.0001 Colloc0 1961 45303 0.0961031 309.713
550	1	7665.7	321799	321785	14.0432	1968	6969	4367	1	0.0001 Colloc0 1968 45287 0.0499912 357.685
560	1	7802.9	320563	320549	13.6408	1954	7299	4037	3	0.0001 Colloc0 1954 45313 0.0771604 326.478
570	1	7944.85	320089	320075	13.2862	1921	7321	4015	2	0.0001 Colloc0 1921 45217 0.0790237 299.542
580	1	8087.75	319801	319788	13.4785	1941	7478	3858	2	0.0001 Colloc0 1941 45178 0.0734478 314.08
590	1	8227.86	319632	319618	13.3533	1921	7428	3908	2	0.0001 Colloc0 1921 45191 0.0778179 304.599
600	1	8358.91	319930	319917	13.6281	1960	7365	3971	1	0.0001 Colloc0 1960 45174 0.0814722 325.501
610	1	8496.05	319966	319952	13.6277	1971	7298	4038	5	0.0001 Colloc0 1971 45091 0.0779074 325.473
620	1	8625.9	319443	319429	13.6311	1971	7556	3780	1	0.0001 Colloc0 1971 45104 0.0817133 325.733
630	1	8763.74	318484	318470	13.8951	1943	7785	3551	3	0.0001 Colloc0 1943 45051 0.0556552 346.123
640	1	8893.78	318380	318366	14.0056	1941	7655	3681	2	0.0001 Colloc0 1941 45055 0.0608778 354.743
650	1	9030.25	317798	317784	13.4792	1933	7785	3551	3	0.0001 Colloc0 1933 45027 0.0870809 314.135
660	1	9168.07	317626	317612	13.5114	1941	7892	3444	3	0.0001 Colloc0 1941 45001 0.0765887 316.585
670	1	9309	317332	317318	14.0116	1912	7894	3442	1	0.0001 Colloc0 1912 44945 0.0588956 355.209
680	1	9450.96	317150	317137	13.5799	1929	7941	3395	2	0.0001 Colloc0 1929 44918 0.0673081 321.817
690	1	9590.55	317324	317310	13.4077	1951	7986	3350	1	0.0001 Colloc0 1951 44890 0.0921282 308.707
700	1	9732.47	317598	317584	13.5051	1992	7874	3462	3	0.0001 Colloc0 1992 44889 0.0891579 316.103
710	1	9871.89	317781	317767	13.967	1936	7789	3547	2	0.0001 Colloc0 1936 44862 0.0377616 351.725
720	1	10010.7	317336	317322	13.4755	1943	7832	3504	4	0.0001 Colloc0 1943 44882 0.0723191 313.854
730	1	10148.3	318082	318067	14.3368	1950	7782	3554	1	0.0001 Colloc0 1950 44918 0.0368694 380.835
740	1	10284.8	317169	317156	13.3528	1967	7870	3466	1	0.0001 Colloc0 1967 44792 0.0880898 304.557
750	1	10427	317249	317236	13.6506	1971	7829	3507	2	0.0001 Colloc0 1971 44809 0.0761598 327.228
760	1	10564.4	316538	316524	13.4999	1951	7979	3357	2	0.0001 Colloc0 1951 44791 0.0747294 315.707
770	1	10699.5	316615	316602	13.6908	1935	7900	3436	1	0.0001 Colloc0 1935 44706 0.0642198 330.321
780	1	10828.2	316381	316368	13.763	1947	7932	3404	1	0.0001 Colloc0 1947 44706 0.0672762 335.89
790	1	10964.7	315359	315346	13.3475	1934	8141	3195	3	0.0001 Colloc0 1934 44707 0.0914669 304.157
