# D = 0, E = 1, I = 1, P = 1, R = -1, n = 2000, N = 1, P = 1, w = 1, a = 0.0001, b = 10000, e = 1, f = 1, g = 100, h = 0.01, r = 12693, s = 1, S = 0, x = 10, m = 100, Z = 1, z = 0, T = 1, t = 1
# 131224 tokens in 11336 sentences
#
# It	Temp	Time	-logP	-logPcorpus	-logPrior	tables	same	changed	reject	default_pya	(parent pym pyn pya pyb)*
0	1	17.9143	566837	566724	113.764	14830	0	11336	0	0.0001 Colloc0 14830 71089 0.0001 10000
10	1	242.268	412666	412651	14.993	3548	2438	8898	7	0.0001 Colloc0 3548 55790 0.202064 433.605
20	1	390.968	393114	393098	15.5607	2327	2877	8459	8	0.0001 Colloc0 2327 54227 0.00876736 480.255
30	1	532.137	385389	385374	14.7371	2086	3130	8206	10	0.0001 Colloc0 2086 53686 0.0192172 412.866
40	1	673.133	376570	376556	14.6297	2004	3427	7909	8	0.0001 Colloc0 2004 52758 0.00441976 404.224
50	1	816.933	369699	369685	14.4699	1994	3699	7637	9	0.0001 Colloc0 1994 52103 0.0184377 391.424
60	1	959.357	364960	364946	13.8036	1891	4018	7318	7	0.0001 Colloc0 1891 51724 0.0409309 339.026
70	1	1103.88	362776	362762	13.9599	1928	4284	7052	7	0.0001 Colloc0 1928 51576 0.0272925 351.167
80	1	1249.39	359040	359026	13.8146	1894	4501	6835	12	0.0001 Colloc0 1894 51274 0.0423771 339.879
90	1	1395.82	357868	357854	13.8755	1883	4529	6807	9	0.0001 Colloc0 1883 51082 0.032166 344.601
100	1	1538.69	355378	355365	13.3058	1906	4743	6593	9	0.0001 Colloc0 1906 50911 0.079458 301.018
110	1	1679.63	353134	353120	13.8187	1869	4977	6359	8	0.0001 Colloc0 1869 50700 0.0333033 340.192
120	1	1817	352385	352371	13.4609	1914	5087	6249	8	0.0001 Colloc0 1914 50547 0.0705172 312.744
130	1	1951	350678	350664	13.8979	1874	5138	6198	9	0.0001 Colloc0 1874 50384 0.04719 346.34
140	1	2085.97	349867	349853	13.5565	1933	5285	6051	8	0.0001 Colloc0 1933 50235 0.0778149 320.022
150	1	2221.33	347107	347094	13.6372	1918	5327	6009	7	0.0001 Colloc0 1918 49844 0.0662714 326.2
160	1	2361.25	345534	345521	12.899	1889	5504	5832	8	0.0001 Colloc0 1889 49710 0.0884325 270.805
170	1	2502.97	344560	344547	13.1582	1893	5608	5728	6	0.0001 Colloc0 1893 49568 0.068473 289.964
180	1	2637.07	344211	344198	13.2703	1918	5651	5685	6	0.0001 Colloc0 1918 49426 0.0844535 298.349
190	1	2778.67	341996	341983	12.9083	1881	5673	5663	5	0.0001 Colloc0 1881 49136 0.0990609 271.488
200	1	2918.1	341228	341214	13.4878	1843	5624	5712	7	0.0001 Colloc0 1843 49065 0.0603135 314.785
210	1	3056.56	340685	340672	13.1929	1918	5757	5579	7	0.0001 Colloc0 1918 48970 0.0921719 292.551
220	1	3198.88	339835	339822	13.0163	1931	5779	5557	11	0.0001 Colloc0 1931 48835 0.107501 279.434
230	1	3339.76	339614	339601	13.1099	1892	5816	5520	7	0.0001 Colloc0 1892 48724 0.0979365 286.364
240	1	3475.42	340286	340273	13.1806	1867	5611	5725	7	0.0001 Colloc0 1867 48692 0.0770513 291.63
250	1	3617.48	340041	340028	13.2175	1923	5652	5684	9	0.0001 Colloc0 1923 48638 0.0850353 294.393
260	1	3758.32	339082	339068	13.5432	1918	5743	5593	7	0.0001 Colloc0 1918 48475 0.0783969 319.01
270	1	3899.85	338418	338404	13.044	1895	5846	5490	6	0.0001 Colloc0 1895 48421 0.0916514 281.484
280	1	4034.73	338207	338194	13.6448	1902	5948	5388	8	0.0001 Colloc0 1902 48378 0.0588143 326.787
290	1	4175.97	338351	338338	12.9796	1940	5877	5459	4	0.0001 Colloc0 1940 48311 0.0998922 276.726
300	1	4314.54	338787	338773	13.5746	1926	5679	5657	6	0.0001 Colloc0 1926 48276 0.062781 321.408
310	1	4452.38	338793	338779	13.5963	1925	5653	5683	4	0.0001 Colloc0 1925 48243 0.0644973 323.069
320	1	4584.5	338478	338465	13.5006	1926	5533	5803	8	0.0001 Colloc0 1926 48131 0.0712871 315.764
330	1	4722.46	337563	337549	13.747	1907	5700	5636	6	0.0001 Colloc0 1907 48045 0.0532186 334.655
340	1	4853.88	337280	337266	13.7306	1974	5838	5498	6	0.0001 Colloc0 1974 47969 0.0688581 333.385
350	1	4995.26	337425	337411	13.9206	1942	5898	5438	5	0.0001 Colloc0 1942 47994 0.0357123 348.106
360	1	5137.76	336396	336383	13.5137	1971	6055	5281	6	0.0001 Colloc0 1971 47888 0.0711941 316.76
370	1	5275.94	335485	335472	13.3749	1953	6158	5178	9	0.0001 Colloc0 1953 47796 0.0759462 306.226
380	1	5416.43	334658	334645	13.5826	1923	6343	4993	8	0.0001 Colloc0 1923 47795 0.0646976 322.018
390	1	5557.48	333322	333308	13.8068	1962	6495	4841	8	0.0001 Colloc0 1962 47535 0.0713346 339.277
400	1	5689.16	331147	331134	13.4432	1916	6669	4667	10	0.0001 Colloc0 1916 47383 0.0763143 311.4
410	1	5821.32	330133	330120	13.7272	1930	6840	4496	6	0.0001 Colloc0 1930 47304 0.0669423 333.126
420	1	5962.1	329474	329462	12.8405	1896	6963	4373	9	0.0001 Colloc0 1896 47272 0.112881 266.532
430	1	6095.44	329745	329732	13.4046	1927	6886	4450	6	0.0001 Colloc0 1927 47282 0.0743306 308.474
440	1	6236.65	329064	329051	13.2567	1909	7121	4215	8	0.0001 Colloc0 1909 47244 0.0806887 297.33
450	1	6378.07	326636	326624	12.5915	1963	7234	4102	9	0.0001 Colloc0 1963 46910 0.128847 248.552
460	1	6516.69	326382	326369	13.1874	1916	7170	4166	9	0.0001 Colloc0 1916 46877 0.0943752 292.14
470	1	6657.05	325806	325792	13.7152	1896	7042	4294	7	0.0001 Colloc0 1896 46747 0.0477952 332.197
480	1	6797.36	325406	325393	13.303	1908	7174	4162	6	0.0001 Colloc0 1908 46694 0.0825325 300.805
490	1	6929.89	324839	324826	13.4764	1882	7250	4086	7	0.0001 Colloc0 1882 46674 0.0746221 313.919
500	1	7070.39	324139	324125	13.7532	1901	7378	3958	8	0.0001 Colloc0 1901 46626 0.0492166 335.128
510	1	7207.82	324631	324618	13.3004	1926	7383	3953	9	0.0001 Colloc0 1926 46603 0.0963688 300.61
520	1	7340.46	324562	324549	13.2823	1941	7350	3986	7	0.0001 Colloc0 1941 46607 0.103289 299.248
530	1	7476.58	324631	324617	13.8247	1926	7315	4021	8	0.0001 Colloc0 1926 46590 0.0699606 340.661
540	1	7611.58	324519	324505	13.115	1921	7264	4072	7	0.0001 Colloc0 1921 46580 0.0991376 286.747
550	1	7749.33	323739	323726	13.3487	1910	7372	3964	6	0.0001 Colloc0 1910 46453 0.0783979 304.251
560	1	7889.35	322719	322705	13.3945	1892	7560	3776	7	0.0001 Colloc0 1892 46441 0.0648348 307.709
570	1	8030.45	323193	323179	13.202	1905	7520	3816	6	0.0001 Colloc0 1905 46452 0.0867089 293.233
580	1	8166.69	322817	322804	13.1745	1912	7453	3883	7	0.0001 Colloc0 1912 46446 0.092094 291.175
590	1	8308.34	322551	322538	13.3915	1907	7508	3828	8	0.0001 Colloc0 1907 46391 0.0855995 307.486
600	1	8443.69	321855	321842	13.365	1895	7670	3666	5	0.0001 Colloc0 1895 46387 0.082036 305.477
610	1	8579.14	321054	321041	12.8242	1889	7908	3428	5	0.0001 Colloc0 1889 46325 0.101118 265.345
620	1	8720.2	321866	321852	13.2068	1924	7734	3602	6	0.0001 Colloc0 1924 46367 0.0947547 293.591
630	1	8853.68	321458	321445	13.0533	1920	7746	3590	9	0.0001 Colloc0 1920 46296 0.107428 282.172
640	1	8990.65	321131	321118	13.383	1909	7897	3439	6	0.0001 Colloc0 1909 46290 0.0845174 306.842
650	1	9127	321705	321691	13.5209	1946	7750	3586	6	0.0001 Colloc0 1946 46283 0.0892024 317.308
660	1	9265.23	321473	321460	13.1178	1921	7751	3585	6	0.0001 Colloc0 1921 46237 0.0967549 286.951
670	1	9405.88	321489	321476	13.0598	1910	7753	3583	8	0.0001 Colloc0 1910 46217 0.0812245 282.65
680	1	9542.91	321316	321303	13.2751	1911	7612	3724	7	0.0001 Colloc0 1911 46164 0.0994202 298.707
690	1	9683.16	321213	321200	12.868	1946	7710	3626	6	0.0001 Colloc0 1946 46097 0.11411 268.537
700	1	9824.6	320732	320718	13.426	1922	7781	3555	7	0.0001 Colloc0 1922 46084 0.0898413 310.097
710	1	9965.15	320102	320088	13.1986	1915	7997	3339	6	0.0001 Colloc0 1915 46032 0.103005 292.976
720	1	10103.9	320084	320071	13.5249	1922	8055	3281	6	0.0001 Colloc0 1922 46041 0.0836973 317.616
730	1	10241.6	318887	318874	12.9493	1900	8275	3061	8	0.0001 Colloc0 1900 45967 0.108917 274.501
740	1	10380.1	319401	319388	13.3426	1938	8066	3270	8	0.0001 Colloc0 1938 45962 0.0958446 303.789
750	1	10515.4	319562	319549	13.1923	1908	8045	3291	6	0.0001 Colloc0 1908 45956 0.0970837 292.506
760	1	10644.6	318834	318820	13.7478	1905	8056	3280	9	0.0001 Colloc0 1905 45863 0.0731368 334.709
770	1	10784.1	318721	318707	13.1211	1925	7932	3404	6	0.0001 Colloc0 1925 45867 0.113916 287.202
780	1	10924.8	318923	318909	13.3544	1930	7888	3448	7	0.0001 Colloc0 1930 45811 0.10188 304.679
