# D = 0, E = 1, I = 1, P = 1, R = -1, n = 2000, N = 1, P = 1, w = 1, a = 0.0001, b = 10000, e = 1, f = 1, g = 100, h = 0.01, r = 22520, s = 1, S = 0, x = 10, m = 100, Z = 1, z = 0, T = 1, t = 1
# 131224 tokens in 11336 sentences
#
# It	Temp	Time	-logP	-logPcorpus	-logPrior	tables	same	changed	reject	default_pya	(parent pym pyn pya pyb)*
0	1	11.2413	374445	374331	113.764	6798	0	11336	0	0.0001 Colloc0 6798 44058 0.0001 10000
10	1	283.478	332561	332545	16.2712	2570	4935	6401	0	0.0001 Colloc0 2570 43386 0.0323183 539.751
20	1	419.608	326383	326368	15.6471	2288	5482	5854	3	0.0001 Colloc0 2288 43184 0.0247605 487.432
30	1	551.886	324239	324224	15.5217	2231	5797	5539	2	0.0001 Colloc0 2231 43126 0.0181519 477.028
40	1	686.214	321857	321842	15.2335	2198	6079	5257	4	0.0001 Colloc0 2198 43011 0.0135665 453.263
50	1	832.392	320131	320116	14.9592	2147	6370	4966	3	0.0001 Colloc0 2147 42942 0.0357154 430.852
60	1	977.744	318570	318556	14.2645	2127	6464	4872	2	0.0001 Colloc0 2127 42827 0.0666013 375.105
70	1	1122.67	316219	316203	15.2806	2137	6714	4622	3	0.0001 Colloc0 2137 42615 0.0118799 457.132
80	1	1256.29	315296	315282	14.5546	2132	6893	4443	1	0.0001 Colloc0 2132 42582 0.0462804 398.202
90	1	1396.78	314624	314610	14.2799	2124	7021	4315	3	0.0001 Colloc0 2124 42573 0.0794736 376.321
100	1	1532.6	314475	314461	14.286	2118	6863	4473	3	0.0001 Colloc0 2118 42491 0.062822 376.807
110	1	1674.31	312928	312914	13.9608	2110	7163	4173	2	0.0001 Colloc0 2110 42461 0.0972416 351.238
120	1	1809.56	312645	312630	14.4165	2089	7232	4104	1	0.0001 Colloc0 2089 42416 0.0640198 387.172
130	1	1947.01	312487	312472	14.4515	2115	7270	4066	2	0.0001 Colloc0 2115 42362 0.0582803 389.959
140	1	2079.79	311737	311723	14.5975	2132	7485	3851	1	0.0001 Colloc0 2132 42302 0.0554078 401.639
150	1	2215.62	311365	311350	14.7251	2120	7572	3764	3	0.0001 Colloc0 2120 42280 0.0489393 411.9
160	1	2355.24	310491	310476	14.2561	2134	7653	3683	1	0.0001 Colloc0 2134 42228 0.0663422 374.442
170	1	2491.04	309826	309811	14.4545	2112	7813	3523	1	0.0001 Colloc0 2112 42171 0.0682225 390.202
180	1	2627.05	310180	310166	14.2725	2112	7704	3632	1	0.0001 Colloc0 2112 42136 0.0725348 375.736
190	1	2761.38	309024	309009	14.4722	2107	7843	3493	5	0.0001 Colloc0 2107 42085 0.0639913 391.606
200	1	2900.32	308957	308944	13.6083	2096	7863	3473	1	0.0001 Colloc0 2096 42050 0.101464 323.984
210	1	3039.4	309055	309040	14.7241	2129	7751	3585	3	0.0001 Colloc0 2129 42034 0.0467177 411.823
220	1	3181.63	308534	308521	13.5544	2146	7970	3366	3	0.0001 Colloc0 2146 41980 0.114002 319.861
230	1	3319.88	305977	305962	14.3156	2128	8189	3147	1	0.0001 Colloc0 2128 41709 0.056586 379.153
240	1	3449.11	305431	305417	14.0852	2081	8157	3179	3	0.0001 Colloc0 2081 41684 0.0857173 360.973
250	1	3579.54	303709	303695	14.011	2057	8611	2725	2	0.0001 Colloc0 2057 41595 0.0894447 355.163
260	1	3716.05	304274	304260	14.1635	2109	8613	2723	2	0.0001 Colloc0 2109 41594 0.0654247 367.134
270	1	3857.92	303529	303515	14.3826	2068	8686	2650	4	0.0001 Colloc0 2068 41550 0.0683491 384.47
280	1	3998.18	303267	303253	13.9951	2080	8637	2699	3	0.0001 Colloc0 2080 41488 0.0909425 353.92
290	1	4134.46	303275	303260	14.2746	2072	8674	2662	2	0.0001 Colloc0 2072 41447 0.0573923 375.903
300	1	4273.47	303413	303400	13.801	2067	8645	2691	1	0.0001 Colloc0 2067 41422 0.0912511 338.825
310	1	4414.69	303150	303136	14.0053	2073	8695	2641	2	0.0001 Colloc0 2073 41422 0.0714045 354.714
320	1	4556.01	302774	302760	14.1084	2069	8765	2571	4	0.0001 Colloc0 2069 41383 0.0723678 362.797
330	1	4696.17	302207	302193	14.4289	2097	8867	2469	2	0.0001 Colloc0 2097 41279 0.0573889 388.156
340	1	4835.53	301476	301462	14.1643	2078	8902	2434	2	0.0001 Colloc0 2078 41245 0.0770741 367.196
350	1	4974.24	301573	301559	14.244	2073	8931	2405	2	0.0001 Colloc0 2073 41227 0.0678282 373.484
360	1	5114.44	301273	301258	14.4569	2091	9026	2310	3	0.0001 Colloc0 2091 41187 0.0737694 390.391
370	1	5254.54	301337	301323	14.1617	2099	9054	2282	1	0.0001 Colloc0 2099 41225 0.074001 366.993
380	1	5394.16	300951	300936	14.4371	2083	9061	2275	2	0.0001 Colloc0 2083 41178 0.0688938 388.812
390	1	5532.25	300881	300867	13.7921	2072	9114	2222	2	0.0001 Colloc0 2072 41206 0.0915997 338.136
400	1	5672.03	300884	300871	13.7555	2095	9101	2235	1	0.0001 Colloc0 2095 41189 0.111654 335.309
410	1	5803.21	300640	300626	14.3284	2092	9163	2173	2	0.0001 Colloc0 2092 41155 0.0840445 380.164
420	1	5935.15	300514	300500	13.9712	2099	9210	2126	1	0.0001 Colloc0 2099 41115 0.0847373 352.05
430	1	6063.07	300640	300625	14.5655	2073	9201	2135	1	0.0001 Colloc0 2073 41150 0.0477972 399.073
440	1	6198.83	300687	300673	14.2593	2069	9091	2245	2	0.0001 Colloc0 2069 41136 0.0716274 374.693
450	1	6335.37	300517	300503	13.858	2061	9156	2180	1	0.0001 Colloc0 2061 41108 0.0884972 343.24
460	1	6474.54	300622	300608	14.1924	2063	9105	2231	3	0.0001 Colloc0 2063 41129 0.0666637 369.406
470	1	6603.47	300590	300576	14.0418	2087	9063	2273	2	0.0001 Colloc0 2087 41134 0.0806163 357.569
480	1	6743.73	300432	300418	13.8948	2063	9052	2284	1	0.0001 Colloc0 2063 41107 0.0754139 346.099
490	1	6881.74	299882	299867	14.2895	2070	9152	2184	3	0.0001 Colloc0 2070 41059 0.0677711 377.08
500	1	7023.23	299726	299712	13.9347	2056	9142	2194	1	0.0001 Colloc0 2056 41024 0.0782593 349.21
510	1	7159.01	300383	300369	14.1205	2059	8965	2371	1	0.0001 Colloc0 2059 41054 0.0624202 363.747
520	1	7291.9	300297	300283	13.8111	2075	8928	2408	1	0.0001 Colloc0 2075 41034 0.0801862 339.608
530	1	7430.15	300529	300514	14.2471	2105	8991	2345	2	0.0001 Colloc0 2105 41038 0.0753907 373.726
540	1	7568.53	300371	300357	14.05	2093	8963	2373	2	0.0001 Colloc0 2093 40980 0.0940749 358.214
550	1	7705.36	300291	300277	13.7721	2083	8968	2368	2	0.0001 Colloc0 2083 40977 0.06928 336.592
560	1	7842.85	300531	300517	13.8896	2085	8858	2478	2	0.0001 Colloc0 2085 40980 0.0884479 345.693
570	1	7984.29	300334	300321	13.4519	2076	8984	2352	1	0.0001 Colloc0 2076 40956 0.0939861 312.06
580	1	8123.14	300174	300160	13.8393	2094	8902	2434	2	0.0001 Colloc0 2094 40907 0.0939068 341.789
590	1	8263.09	300666	300652	14.0748	2131	8843	2493	4	0.0001 Colloc0 2131 40912 0.0933931 360.161
600	1	8403.43	300819	300805	13.9908	2117	8776	2560	1	0.0001 Colloc0 2117 40922 0.0892868 353.581
610	1	8544.2	300696	300681	14.264	2132	8720	2616	2	0.0001 Colloc0 2132 40905 0.0733367 375.061
620	1	8685.59	300432	300418	14.5259	2111	8923	2413	3	0.0001 Colloc0 2111 40896 0.0559014 395.899
630	1	8822.33	300454	300440	14.5625	2092	8857	2479	4	0.0001 Colloc0 2092 40909 0.0620234 398.828
640	1	8955	300255	300241	14.224	2087	8873	2463	2	0.0001 Colloc0 2087 40869 0.0611668 371.901
650	1	9095.02	300562	300548	14.1328	2091	8718	2618	2	0.0001 Colloc0 2091 40873 0.0804361 364.718
660	1	9235.43	300184	300171	13.6667	2091	8894	2442	3	0.0001 Colloc0 2091 40847 0.0949507 328.469
670	1	9376.88	299351	299337	14.1439	2064	8990	2346	1	0.0001 Colloc0 2064 40842 0.0803061 365.584
680	1	9511.5	299866	299851	15.2493	2091	8955	2381	4	0.0001 Colloc0 2091 40851 0.029555 454.56
690	1	9651.75	299562	299548	14.1515	2070	8955	2381	1	0.0001 Colloc0 2070 40810 0.0736273 366.189
700	1	9791.82	299717	299703	14.5264	2081	8904	2432	2	0.0001 Colloc0 2081 40813 0.0444791 395.945
710	1	9927.32	299129	299114	14.2626	2066	8988	2348	1	0.0001 Colloc0 2066 40778 0.0590746 374.951
720	1	10067.5	299124	299110	13.9773	2048	8934	2402	2	0.0001 Colloc0 2048 40778 0.083437 352.529
730	1	10206.7	299062	299048	13.4703	2084	9097	2239	3	0.0001 Colloc0 2084 40762 0.12933 313.458
740	1	10346	298928	298914	13.6485	2079	9059	2277	2	0.0001 Colloc0 2079 40768 0.112556 327.072
750	1	10486.8	298869	298854	14.4189	2056	9037	2299	5	0.0001 Colloc0 2056 40811 0.0808847 387.363
760	1	10621.4	298508	298495	13.7667	2052	9092	2244	3	0.0001 Colloc0 2052 40732 0.085166 336.171
770	1	10760.8	298565	298551	13.6574	2095	9140	2196	3	0.0001 Colloc0 2095 40711 0.106861 327.754
780	1	10900.8	298262	298248	14.0095	2083	9207	2129	4	0.0001 Colloc0 2083 40670 0.0936121 355.041
790	1	11039.7	298382	298368	13.91	2061	9182	2154	3	0.0001 Colloc0 2061 40609 0.079685 347.282
