# D = 0, E = 1, I = 1, P = 1, R = -1, n = 2000, N = 1, P = 1, w = 1, a = 0.0001, b = 10000, e = 1, f = 1, g = 100, h = 0.01, r = 15715, s = 1, S = 0, x = 10, m = 100, Z = 1, z = 0, T = 1, t = 1
# 131224 tokens in 11336 sentences
#
# It	Temp	Time	-logP	-logPcorpus	-logPrior	tables	same	changed	reject	default_pya	(parent pym pyn pya pyb)*
0	1	15.2557	478325	478211	113.764	11917	0	11336	0	0.0001 Colloc0 11917 59676 0.0001 10000
10	1	205.932	388144	388128	15.9415	3034	2976	8360	9	0.0001 Colloc0 3034 51799 0.1043 511.998
20	1	354.506	377621	377606	15.4506	2270	3343	7993	9	0.0001 Colloc0 2270 51258 0.00772141 471.149
30	1	495.124	367624	367610	14.4823	2044	3641	7695	6	0.0001 Colloc0 2044 50729 0.0120133 392.413
40	1	637.344	363111	363097	14.4116	1978	3820	7516	5	0.0001 Colloc0 1978 50476 0.00327576 386.783
50	1	777.299	359137	359123	14.3387	1968	4079	7257	7	0.0001 Colloc0 1968 50248 0.0190513 380.988
60	1	916.216	356694	356680	14.5068	1953	4267	7069	6	0.0001 Colloc0 1953 50143 0.0246023 394.377
70	1	1056.94	353986	353972	13.9652	1847	4435	6901	5	0.0001 Colloc0 1847 50029 0.0210864 351.581
80	1	1193.14	350700	350686	13.6444	1863	4695	6641	2	0.0001 Colloc0 1863 49744 0.0509922 326.759
90	1	1328.53	348827	348813	13.6753	1866	4913	6423	2	0.0001 Colloc0 1866 49602 0.0484474 329.129
100	1	1461.03	346589	346575	13.9381	1876	5045	6291	10	0.0001 Colloc0 1876 49338 0.0200616 349.471
110	1	1603.72	344541	344527	14.1453	1899	5230	6106	4	0.0001 Colloc0 1899 49162 0.0253384 365.697
120	1	1737.62	343867	343853	13.838	1902	5319	6017	4	0.0001 Colloc0 1902 49044 0.0482026 341.691
130	1	1875.11	342645	342631	13.2791	1897	5482	5854	2	0.0001 Colloc0 1897 48946 0.0747955 299.006
140	1	2018.17	341380	341366	13.8281	1914	5599	5737	3	0.0001 Colloc0 1914 48752 0.0692156 340.92
150	1	2160.28	340486	340473	13.4381	1869	5631	5705	4	0.0001 Colloc0 1869 48710 0.046768 311.011
160	1	2302.7	340499	340486	13.9748	1851	5659	5677	4	0.0001 Colloc0 1851 48672 0.0178905 352.332
170	1	2439.54	339217	339203	13.839	1874	5539	5797	6	0.0001 Colloc0 1874 48483 0.0473588 341.768
180	1	2583.19	338898	338885	13.3675	1907	5579	5757	3	0.0001 Colloc0 1907 48388 0.0802627 305.672
190	1	2717.96	338403	338389	13.5926	1846	5655	5681	4	0.0001 Colloc0 1846 48332 0.0492399 322.784
200	1	2856.39	337681	337668	13.3183	1847	5732	5604	5	0.0001 Colloc0 1847 48320 0.0611573 301.96
210	1	2987.66	337484	337470	13.6637	1866	5715	5621	7	0.0001 Colloc0 1866 48217 0.0391753 328.238
220	1	3130.67	336248	336234	13.3348	1867	5794	5542	3	0.0001 Colloc0 1867 48073 0.0687429 303.202
230	1	3272.97	335188	335175	13.5209	1875	5930	5406	5	0.0001 Colloc0 1875 48002 0.0657059 317.31
240	1	3408.32	334318	334304	13.5004	1848	5864	5472	4	0.0001 Colloc0 1848 47934 0.0572473 315.745
250	1	3550.01	332838	332824	13.3995	1836	6104	5232	4	0.0001 Colloc0 1836 47824 0.0510645 308.089
260	1	3691.32	333582	333569	13.1923	1880	5961	5375	3	0.0001 Colloc0 1880 47861 0.0862589 292.508
270	1	3832.6	333204	333192	12.901	1883	5942	5394	4	0.0001 Colloc0 1883 47708 0.0989435 270.955
280	1	3962.99	331764	331751	12.9413	1857	6075	5261	5	0.0001 Colloc0 1857 47757 0.107299 273.912
290	1	4102.51	331211	331198	13.1851	1872	6224	5112	6	0.0001 Colloc0 1872 47634 0.087539 291.971
300	1	4237.86	331319	331306	13.0309	1888	6126	5210	6	0.0001 Colloc0 1888 47549 0.107714 280.508
310	1	4374.43	331246	331233	13.0778	1871	6095	5241	5	0.0001 Colloc0 1871 47412 0.0971595 283.985
320	1	4508.29	330204	330191	13.6525	1874	6228	5108	4	0.0001 Colloc0 1874 47262 0.0734486 327.38
330	1	4647.84	328945	328932	13.2448	1881	6217	5119	7	0.0001 Colloc0 1881 47049 0.0826146 296.435
340	1	4778.47	327992	327979	13.4142	1837	6374	4962	4	0.0001 Colloc0 1837 47047 0.0625368 309.204
350	1	4914.78	327426	327412	13.3791	1816	6477	4859	5	0.0001 Colloc0 1816 47045 0.0624166 306.543
360	1	5051.46	327332	327319	13.5675	1848	6549	4787	5	0.0001 Colloc0 1848 46969 0.0467815 320.864
370	1	5190.73	326961	326947	13.2569	1851	6576	4760	6	0.0001 Colloc0 1851 46932 0.0609767 297.344
380	1	5328.94	326513	326500	13.6352	1856	6689	4647	6	0.0001 Colloc0 1856 46910 0.0630719 326.045
390	1	5471.84	326386	326372	13.9403	1870	6693	4643	8	0.0001 Colloc0 1870 46836 0.0479973 349.64
400	1	5614.51	326166	326153	13.5904	1907	6674	4662	5	0.0001 Colloc0 1907 46751 0.0622666 322.62
410	1	5757.45	326607	326593	13.452	1902	6478	4858	6	0.0001 Colloc0 1902 46773 0.0886676 312.068
420	1	5901.19	326646	326633	13.1999	1883	6517	4819	3	0.0001 Colloc0 1883 46770 0.0979531 293.078
430	1	6041.59	325412	325400	12.8051	1888	6667	4669	5	0.0001 Colloc0 1888 46652 0.10844 263.957
440	1	6178.56	325144	325131	13.504	1867	6702	4634	6	0.0001 Colloc0 1867 46649 0.0687198 316.022
450	1	6317.77	325251	325238	13.5507	1893	6778	4558	5	0.0001 Colloc0 1893 46635 0.0764447 319.581
460	1	6458.96	324686	324673	12.8824	1861	6796	4540	6	0.0001 Colloc0 1861 46603 0.102016 269.596
470	1	6596.91	324348	324334	13.4286	1881	6944	4392	6	0.0001 Colloc0 1881 46613 0.083642 310.295
480	1	6734.07	324348	324335	13.071	1872	6754	4582	7	0.0001 Colloc0 1872 46604 0.0936195 283.482
490	1	6873.25	323811	323798	13.4272	1895	6873	4463	6	0.0001 Colloc0 1895 46565 0.0713233 310.19
500	1	7004.31	324022	324008	13.2055	1888	6896	4440	4	0.0001 Colloc0 1888 46484 0.0772285 293.491
510	1	7133.87	323300	323287	13.3826	1874	6926	4410	5	0.0001 Colloc0 1874 46469 0.0740009 306.811
520	1	7274.25	323963	323950	13.3022	1917	6831	4505	7	0.0001 Colloc0 1917 46434 0.088987 300.746
530	1	7414.51	322797	322784	13.3341	1887	7093	4243	6	0.0001 Colloc0 1887 46403 0.0761854 303.152
540	1	7547.02	322684	322671	13.2015	1873	6996	4340	4	0.0001 Colloc0 1873 46329 0.0779914 293.197
550	1	7682.12	322701	322688	13.0547	1882	7013	4323	7	0.0001 Colloc0 1882 46371 0.085988 282.271
560	1	7820.16	322388	322375	13.223	1883	7064	4272	4	0.0001 Colloc0 1883 46331 0.100033 294.806
570	1	7957.68	321605	321592	13.152	1866	7243	4093	8	0.0001 Colloc0 1866 46332 0.0797947 289.498
580	1	8096.47	322002	321989	12.9285	1868	7225	4111	7	0.0001 Colloc0 1868 46298 0.101325 272.971
590	1	8231.76	321551	321538	13.2337	1865	7236	4100	8	0.0001 Colloc0 1865 46278 0.0830171 295.601
600	1	8370.86	322441	322428	13.3996	1925	7104	4232	7	0.0001 Colloc0 1925 46257 0.0860231 308.095
610	1	8507.57	322127	322114	12.8966	1925	7160	4176	9	0.0001 Colloc0 1925 46196 0.113237 270.634
620	1	8643.63	322049	322036	13.2222	1864	7106	4230	8	0.0001 Colloc0 1864 46246 0.0819331 294.742
630	1	8775.22	321470	321456	13.4826	1866	7337	3999	9	0.0001 Colloc0 1866 46125 0.0562219 314.394
640	1	8914.31	321052	321039	13.2414	1890	7517	3819	7	0.0001 Colloc0 1890 46081 0.07917 296.181
650	1	9047.36	320855	320841	13.3827	1919	7554	3782	7	0.0001 Colloc0 1919 46016 0.0693484 306.821
660	1	9179.6	320462	320449	13.2458	1900	7604	3732	8	0.0001 Colloc0 1900 46014 0.097591 296.51
670	1	9318.84	320599	320586	13.3743	1921	7513	3823	7	0.0001 Colloc0 1921 45995 0.103361 306.186
680	1	9455.45	320335	320321	13.5049	1902	7553	3783	6	0.0001 Colloc0 1902 45982 0.0838564 316.093
690	1	9594.97	319975	319962	12.9992	1880	7775	3561	10	0.0001 Colloc0 1880 45984 0.0998271 278.174
700	1	9733.86	319659	319646	13.5522	1890	7680	3656	7	0.0001 Colloc0 1890 45867 0.0807756 319.697
710	1	9870.3	320327	320313	13.1308	1872	7542	3794	7	0.0001 Colloc0 1872 45911 0.0767901 287.919
720	1	10010.2	320140	320127	13.4593	1871	7594	3742	9	0.0001 Colloc0 1871 45942 0.0778522 312.619
730	1	10151.3	319593	319580	12.8527	1903	7886	3450	9	0.0001 Colloc0 1903 45856 0.0896514 267.42
740	1	10292.1	319740	319726	13.7709	1906	7893	3443	9	0.0001 Colloc0 1906 45831 0.0683317 336.499
750	1	10428.8	320078	320065	13.4232	1906	7688	3648	6	0.0001 Colloc0 1906 45809 0.0771232 309.88
760	1	10561.2	320827	320814	13.0747	1909	7576	3760	6	0.0001 Colloc0 1909 45892 0.0888591 283.757
770	1	10697	320597	320584	13.3963	1924	7560	3776	7	0.0001 Colloc0 1924 45842 0.0893548 307.848
780	1	10835	319728	319715	13.0934	1906	7617	3719	7	0.0001 Colloc0 1906 45813 0.0998746 285.139
790	1	10972.6	319982	319969	13.3976	1905	7598	3738	8	0.0001 Colloc0 1905 45814 0.0936335 307.941
