# D = 0, E = 1, I = 1, P = 1, R = -1, n = 2000, N = 1, P = 1, w = 1, a = 0.0001, b = 10000, e = 1, f = 1, g = 100, h = 0.01, r = 9162, s = 1, S = 0, x = 10, m = 100, Z = 1, z = 0, T = 1, t = 1
# 131224 tokens in 11336 sentences
#
# It	Temp	Time	-logP	-logPcorpus	-logPrior	tables	same	changed	reject	default_pya	(parent pym pyn pya pyb)*
0	1	17.9213	547845	547731	113.764	14526	0	11336	0	0.0001 Colloc0 14526 68757 0.0001 10000
10	1	249.211	413442	413426	15.5997	3639	2528	8808	10	0.0001 Colloc0 3639 55904 0.187383 483.497
20	1	407.535	396660	396644	15.9303	2390	2910	8426	9	0.0001 Colloc0 2390 54621 0.00510233 511.066
30	1	556.682	387453	387438	14.9007	2073	3171	8165	11	0.0001 Colloc0 2073 53954 0.0108146 426.1
40	1	703.07	379694	379679	14.4344	1988	3506	7830	7	0.0001 Colloc0 1988 53332 0.00101446 388.596
50	1	844.471	374620	374606	14.6474	1935	3676	7660	5	0.0001 Colloc0 1935 52842 0.000345095 405.645
60	1	988.562	369489	369475	14.0454	1926	3995	7341	3	0.0001 Colloc0 1926 52332 0.0225716 357.853
70	1	1132.78	363666	363652	13.9493	1897	4256	7080	4	0.0001 Colloc0 1897 51704 0.0325975 350.344
80	1	1276.07	360633	360619	14.3274	1877	4527	6809	4	0.0001 Colloc0 1877 51327 0.000598646 380.084
90	1	1418.86	358759	358746	13.7254	1889	4682	6654	5	0.0001 Colloc0 1889 51105 0.0585341 332.983
100	1	1561.21	357872	357858	13.6422	1889	4711	6625	3	0.0001 Colloc0 1889 51022 0.0405643 326.589
110	1	1700.27	356502	356488	13.7637	1885	4932	6404	4	0.0001 Colloc0 1885 50921 0.0509845 335.939
120	1	1843.72	354391	354377	14.0978	1881	5042	6294	4	0.0001 Colloc0 1881 50694 0.0205807 361.966
130	1	1986.69	353547	353532	14.2318	1894	5058	6278	3	0.0001 Colloc0 1894 50493 0.0118922 372.519
140	1	2128.62	351190	351177	13.3583	1911	5322	6014	6	0.0001 Colloc0 1911 50259 0.0797587 304.972
150	1	2271.71	350574	350560	13.1631	1883	5390	5946	5	0.0001 Colloc0 1883 50162 0.0776451 290.329
160	1	2414.1	348903	348890	13.661	1894	5479	5857	5	0.0001 Colloc0 1894 49992 0.0560056 328.033
170	1	2551.51	345978	345964	13.9982	1882	5505	5831	5	0.0001 Colloc0 1882 49464 0.0227162 354.161
180	1	2690.78	345456	345442	13.5606	1874	5708	5628	4	0.0001 Colloc0 1874 49336 0.0597553 320.336
190	1	2831.65	345161	345147	14.0516	1895	5750	5586	4	0.0001 Colloc0 1895 49196 0.0381512 358.344
200	1	2968.46	343082	343068	13.9528	1908	5995	5341	6	0.0001 Colloc0 1908 48964 0.0319307 350.613
210	1	3110.41	340607	340593	13.8417	1885	6077	5259	7	0.0001 Colloc0 1885 48661 0.0458373 341.976
220	1	3246.19	340223	340209	13.6471	1903	6050	5286	5	0.0001 Colloc0 1903 48593 0.0598468 326.961
230	1	3385.88	340321	340307	13.9155	1904	5990	5346	4	0.0001 Colloc0 1904 48509 0.0519204 347.71
240	1	3525.69	339216	339203	13.6039	1936	6246	5090	6	0.0001 Colloc0 1936 48420 0.0673428 323.65
250	1	3668	338197	338184	13.3976	1949	6382	4954	4	0.0001 Colloc0 1949 48325 0.0888 307.948
260	1	3799.28	337968	337955	13.4928	1924	6326	5010	7	0.0001 Colloc0 1924 48217 0.0765372 315.171
270	1	3930.56	337420	337407	13.2178	1915	6321	5015	4	0.0001 Colloc0 1915 48143 0.0904357 294.413
280	1	4061.64	336567	336553	13.6464	1919	6330	5006	5	0.0001 Colloc0 1919 47981 0.0583192 326.909
290	1	4192.25	336199	336185	13.7375	1923	6314	5022	6	0.0001 Colloc0 1923 47959 0.065688 333.92
300	1	4327.98	335536	335522	14.0897	1898	6277	5059	4	0.0001 Colloc0 1898 47873 0.0279221 361.325
310	1	4466.46	335412	335398	13.4881	1895	6426	4910	5	0.0001 Colloc0 1895 47853 0.0761517 314.814
320	1	4606.31	334947	334933	13.9215	1917	6457	4879	5	0.0001 Colloc0 1917 47793 0.044951 348.176
330	1	4738.49	334595	334581	13.6874	1922	6426	4910	4	0.0001 Colloc0 1922 47713 0.0621029 330.055
340	1	4874.73	333652	333638	13.6078	1951	6688	4648	3	0.0001 Colloc0 1951 47567 0.0621931 323.95
350	1	5015.63	332412	332399	13.7586	1930	6865	4471	4	0.0001 Colloc0 1930 47618 0.0622522 335.546
360	1	5158.22	332365	332352	13.2804	1960	6993	4343	7	0.0001 Colloc0 1960 47497 0.0950173 299.108
370	1	5294.84	331932	331918	13.5699	1943	7071	4265	6	0.0001 Colloc0 1943 47453 0.0802217 321.052
380	1	5429.92	332158	332144	13.6091	1964	6883	4453	3	0.0001 Colloc0 1964 47432 0.0783515 324.046
390	1	5570.45	332038	332025	13.4704	1943	6948	4388	3	0.0001 Colloc0 1943 47402 0.0690754 313.468
400	1	5711.11	331200	331186	13.8426	1960	7178	4158	1	0.0001 Colloc0 1960 47339 0.0437808 342.049
410	1	5852.48	331396	331382	13.2351	1968	6894	4442	5	0.0001 Colloc0 1968 47275 0.0874207 295.706
420	1	5986.75	330907	330893	13.8911	1937	7156	4180	1	0.0001 Colloc0 1937 47307 0.0565114 345.816
430	1	6124.8	331102	331089	13.2403	1952	7081	4255	4	0.0001 Colloc0 1952 47257 0.0995023 296.1
440	1	6266.95	330048	330035	13.6831	1963	7383	3953	4	0.0001 Colloc0 1963 47245 0.0776321 329.725
450	1	6408.75	329302	329288	13.8987	1981	7492	3844	2	0.0001 Colloc0 1981 47149 0.0605234 346.403
460	1	6549.78	329409	329396	13.7945	1990	7441	3895	2	0.0001 Colloc0 1990 47163 0.0656354 338.323
470	1	6691.51	328908	328895	13.3883	1939	7499	3837	2	0.0001 Colloc0 1939 47138 0.0889102 307.237
480	1	6832.78	328638	328624	13.337	1957	7411	3925	3	0.0001 Colloc0 1957 47079 0.0923675 303.368
490	1	6971.01	328778	328764	13.7757	1960	7517	3819	2	0.0001 Colloc0 1960 47116 0.0693901 336.867
500	1	7101.82	329619	329605	13.6801	1971	7366	3970	2	0.0001 Colloc0 1971 47122 0.0701868 329.5
510	1	7232.07	328776	328763	13.5389	1990	7427	3909	4	0.0001 Colloc0 1990 47062 0.0853966 318.681
520	1	7363.44	328255	328242	13.3291	1976	7666	3670	2	0.0001 Colloc0 1976 47040 0.0991437 302.771
530	1	7501.38	328355	328342	13.2399	1943	7602	3734	3	0.0001 Colloc0 1943 47026 0.0936403 296.068
540	1	7641.51	327730	327717	13.5807	1977	7624	3712	3	0.0001 Colloc0 1977 46991 0.0680734 321.876
550	1	7782.39	327004	326991	13.3361	1948	7688	3648	3	0.0001 Colloc0 1948 47023 0.092613 303.3
560	1	7923.37	327903	327890	12.8747	1984	7598	3738	2	0.0001 Colloc0 1984 47021 0.0950366 269.029
570	1	8064.23	325086	325073	13.2142	1955	7745	3591	2	0.0001 Colloc0 1955 46616 0.0916251 294.147
580	1	8205.35	323330	323317	13.4952	1924	7920	3416	1	0.0001 Colloc0 1924 46365 0.0792031 315.349
590	1	8347.09	323487	323474	13.3488	1957	7846	3490	2	0.0001 Colloc0 1957 46312 0.0910674 304.256
600	1	8489.27	322435	322422	13.3227	1913	7902	3434	2	0.0001 Colloc0 1913 46170 0.102937 302.287
610	1	8628.69	322770	322757	13.8168	1928	7818	3518	2	0.0001 Colloc0 1928 46200 0.0563436 340.046
620	1	8765.87	322750	322736	13.4672	1922	7689	3647	3	0.0001 Colloc0 1922 46117 0.0771739 313.221
630	1	8903.48	322191	322177	13.6929	1928	7737	3599	2	0.0001 Colloc0 1928 46114 0.0639617 330.481
640	1	9042.16	322164	322151	13.508	1914	7811	3525	2	0.0001 Colloc0 1914 46080 0.0670499 316.328
650	1	9182.55	321276	321263	13.5188	1934	7794	3542	1	0.0001 Colloc0 1934 45951 0.0752177 317.15
660	1	9322.54	321264	321251	13.3331	1894	7836	3500	2	0.0001 Colloc0 1894 45961 0.0670529 303.072
670	1	9461.81	320569	320556	13.2519	1944	7973	3363	1	0.0001 Colloc0 1944 45947 0.103476 296.97
680	1	9597.87	320515	320502	13.3039	1924	7996	3340	1	0.0001 Colloc0 1924 45884 0.0883278 300.878
690	1	9732.52	320064	320051	13.0982	1952	8025	3311	3	0.0001 Colloc0 1952 45855 0.102209 285.497
700	1	9868.51	319658	319644	13.643	1923	8054	3282	3	0.0001 Colloc0 1923 45814 0.0718918 326.648
710	1	10007	319608	319595	12.9104	1937	8163	3173	4	0.0001 Colloc0 1937 45797 0.110985 271.641
720	1	10137	319804	319790	13.6672	1937	8058	3278	1	0.0001 Colloc0 1937 45829 0.071247 328.509
730	1	10273.9	319469	319455	13.595	1921	8099	3237	5	0.0001 Colloc0 1921 45758 0.072093 322.969
740	1	10413	318788	318775	13.3615	1918	8180	3156	4	0.0001 Colloc0 1918 45738 0.0848544 305.218
750	1	10553	318808	318795	13.2296	1916	8204	3132	2	0.0001 Colloc0 1916 45709 0.103321 295.299
760	1	10692.8	317612	317599	13.2563	1901	8321	3015	5	0.0001 Colloc0 1901 45554 0.107934 297.297
770	1	10832.6	317832	317818	13.1116	1936	8246	3090	3	0.0001 Colloc0 1936 45546 0.116436 286.497
780	1	10972.7	317369	317356	13.4016	1929	8341	2995	2	0.0001 Colloc0 1929 45531 0.0963378 308.25
790	1	11112.4	317200	317187	13.5647	1928	8408	2928	2	0.0001 Colloc0 1928 45529 0.0716745 320.654
800	1	11248.6	317330	317317	13.3374	1924	8248	3088	4	0.0001 Colloc0 1924 45464 0.085478 303.396
