# D = 0, E = 1, I = 1, P = 1, R = -1, n = 2000, N = 1, P = 1, w = 1, a = 0.0001, b = 10000, e = 1, f = 1, g = 100, h = 0.01, r = 20684, s = 1, S = 0, x = 10, m = 100, Z = 1, z = 0, T = 1, t = 1
# 131224 tokens in 11336 sentences
#
# It	Temp	Time	-logP	-logPcorpus	-logPrior	tables	same	changed	reject	default_pya	(parent pym pyn pya pyb)*
0	1	13.8299	436166	436052	113.764	10154	0	11336	0	0.0001 Colloc0 10154 53836 0.0001 10000
10	1	195.474	369566	369549	16.9609	2829	3201	8135	10	0.0001 Colloc0 2829 48793 0.0381907 598.489
20	1	345.575	359738	359722	15.5888	2276	3575	7761	3	0.0001 Colloc0 2276 48285 0.00847866 482.585
30	1	491.017	354633	354617	15.2955	2158	3800	7536	5	0.0001 Colloc0 2158 48024 0.000520002 458.359
40	1	635.243	351078	351063	15.1555	2051	4039	7297	5	0.0001 Colloc0 2051 47853 0.000396838 446.872
50	1	778.798	348168	348153	14.6639	2036	4342	6994	5	0.0001 Colloc0 2036 47765 0.00682817 406.971
60	1	922.435	346321	346307	14.8656	2005	4453	6883	2	0.0001 Colloc0 2005 47698 0.0182252 423.258
70	1	1065.33	345030	345015	14.4324	1965	4540	6796	3	0.0001 Colloc0 1965 47687 0.0125068 388.438
80	1	1207.12	344110	344096	14.1681	1967	4620	6716	5	0.0001 Colloc0 1967 47599 0.0220272 367.494
90	1	1349.58	342098	342083	14.6661	1973	4701	6635	1	0.0001 Colloc0 1973 47409 0.00745712 407.15
100	1	1492.72	341043	341029	14.5123	1991	4762	6574	3	0.0001 Colloc0 1991 47282 0.018977 394.816
110	1	1635.13	339514	339500	14.459	1965	4954	6382	3	0.0001 Colloc0 1965 47138 0.0293165 390.557
120	1	1777.15	337433	337418	14.4217	1954	5329	6007	3	0.0001 Colloc0 1954 47010 0.0120063 387.582
130	1	1917.29	336848	336834	14.3853	1985	5381	5955	4	0.0001 Colloc0 1985 46952 0.0179863 384.687
140	1	2057.78	335389	335375	13.9505	1953	5604	5732	1	0.0001 Colloc0 1953 46914 0.0444615 350.439
150	1	2200.79	334664	334650	14.7067	1985	5688	5648	3	0.0001 Colloc0 1985 46789 0.0164977 410.416
160	1	2340.1	333797	333783	14.5749	2011	5885	5451	7	0.0001 Colloc0 2011 46732 0.0514087 399.825
170	1	2482.2	333764	333750	13.9195	2045	5822	5514	7	0.0001 Colloc0 2045 46677 0.0623281 348.023
180	1	2624.42	333218	333204	13.6123	2001	5976	5360	5	0.0001 Colloc0 2001 46626 0.0586044 324.29
190	1	2767.63	332487	332473	14.2695	1983	6067	5269	6	0.0001 Colloc0 1983 46582 0.0447125 375.499
200	1	2910.07	331231	331217	14.1531	1955	6178	5158	2	0.0001 Colloc0 1955 46498 0.0344342 366.312
210	1	3053.11	331719	331705	14.1259	2002	6209	5127	1	0.0001 Colloc0 2002 46473 0.0517873 364.175
220	1	3197.25	329267	329253	14.3024	1959	6332	5004	2	0.0001 Colloc0 1959 46171 0.0442248 378.105
230	1	3340.17	328898	328884	14.0778	1961	6543	4793	3	0.0001 Colloc0 1961 46190 0.0515949 360.397
240	1	3482.54	326819	326806	13.7378	1989	6860	4476	4	0.0001 Colloc0 1989 46026 0.0558524 333.942
250	1	3625.28	326046	326033	13.5509	1974	6928	4408	4	0.0001 Colloc0 1974 45966 0.0708132 319.595
260	1	3768.28	325366	325353	13.8363	1980	6972	4364	1	0.0001 Colloc0 1980 45895 0.0707426 341.558
270	1	3904.55	324955	324941	13.6654	1941	7118	4218	2	0.0001 Colloc0 1941 45926 0.0795187 328.366
280	1	4034.56	325156	325142	13.9835	1948	7110	4226	5	0.0001 Colloc0 1948 45905 0.0401845 353.016
290	1	4165.38	324162	324148	14.0828	1989	7225	4111	4	0.0001 Colloc0 1989 45796 0.0562206 360.783
300	1	4305.75	324067	324054	13.3096	1976	7209	4127	2	0.0001 Colloc0 1976 45736 0.106978 301.305
310	1	4448.65	325245	325231	14.1229	2019	6931	4405	3	0.0001 Colloc0 2019 45715 0.0517197 363.934
320	1	4590.59	323735	323721	13.7151	1992	7169	4167	3	0.0001 Colloc0 1992 45686 0.0652158 332.194
330	1	4731.02	324079	324065	13.787	1983	7136	4200	4	0.0001 Colloc0 1983 45679 0.0788108 337.742
340	1	4869.28	323798	323785	13.6318	1966	7140	4196	1	0.0001 Colloc0 1966 45623 0.0678162 325.785
350	1	5009.4	324039	324025	14.0517	1989	7019	4317	1	0.0001 Colloc0 1989 45579 0.0497765 358.346
360	1	5153.32	323851	323838	13.7203	2004	7002	4334	1	0.0001 Colloc0 2004 45520 0.072999 332.596
370	1	5296.38	322966	322952	14.0719	2004	7183	4153	3	0.0001 Colloc0 2004 45503 0.0599409 359.933
380	1	5436.52	322432	322418	13.8329	1961	7223	4113	3	0.0001 Colloc0 1961 45542 0.0433339 341.293
390	1	5576.83	321578	321564	13.3734	1977	7335	4001	3	0.0001 Colloc0 1977 45388 0.0859715 306.116
400	1	5716.25	321571	321558	13.5656	1980	7264	4072	1	0.0001 Colloc0 1980 45420 0.0824856 320.721
410	1	5855.03	321284	321270	13.7588	1975	7322	4014	1	0.0001 Colloc0 1975 45384 0.0638989 335.56
420	1	5993.13	320771	320758	13.6777	1968	7431	3905	5	0.0001 Colloc0 1968 45413 0.06688 329.314
430	1	6131.53	320697	320683	14.0323	1953	7349	3987	2	0.0001 Colloc0 1953 45366 0.0579808 356.832
440	1	6259.96	320607	320593	13.8922	1958	7425	3911	3	0.0001 Colloc0 1958 45364 0.0647778 345.897
450	1	6395.43	320360	320345	14.5527	1942	7351	3985	3	0.0001 Colloc0 1942 45304 0.00614394 398.048
460	1	6536.38	321580	321567	13.8182	1980	7222	4114	2	0.0001 Colloc0 1980 45305 0.0625964 340.159
470	1	6677.76	321442	321428	13.6893	1985	7270	4066	2	0.0001 Colloc0 1985 45249 0.0688125 330.208
480	1	6815.34	320201	320187	14.0116	1945	7461	3875	2	0.0001 Colloc0 1945 45263 0.0425717 355.21
490	1	6943.16	319707	319693	13.4826	1939	7508	3828	3	0.0001 Colloc0 1939 45213 0.0869892 314.391
500	1	7073.84	319395	319382	13.4459	1961	7486	3850	3	0.0001 Colloc0 1961 45189 0.0801728 311.605
510	1	7213.83	319854	319839	14.4542	1929	7445	3891	4	0.0001 Colloc0 1929 45208 0.0271823 390.173
520	1	7354.54	319755	319741	13.5534	1909	7385	3951	2	0.0001 Colloc0 1909 45180 0.0826486 319.792
530	1	7494.96	319080	319066	13.9702	1906	7505	3831	2	0.0001 Colloc0 1906 45192 0.041084 351.972
540	1	7633.53	318983	318969	13.9851	1959	7567	3769	2	0.0001 Colloc0 1959 45102 0.0583711 353.135
550	1	7771.65	318724	318711	13.5007	1937	7630	3706	5	0.0001 Colloc0 1937 45113 0.0786877 315.769
560	1	7912.29	318270	318256	13.5604	1941	7749	3587	1	0.0001 Colloc0 1941 45096 0.078536 320.325
570	1	8052.84	318319	318305	13.6913	1954	7764	3572	2	0.0001 Colloc0 1954 45045 0.0646651 330.358
580	1	8194.03	319205	319191	13.7447	1952	7583	3753	3	0.0001 Colloc0 1952 45041 0.0622461 334.474
590	1	8336.04	318466	318452	14.0115	1973	7644	3692	4	0.0001 Colloc0 1973 45066 0.0721569 355.199
600	1	8477.41	318928	318914	13.8038	2016	7585	3751	3	0.0001 Colloc0 2016 45065 0.0652023 339.038
610	1	8615.86	317711	317698	12.7458	1951	7780	3556	4	0.0001 Colloc0 1951 44969 0.115537 259.651
620	1	8755.85	318817	318803	13.9141	1956	7378	3958	4	0.0001 Colloc0 1956 45020 0.0534389 347.601
630	1	8891.19	318188	318175	13.812	1980	7589	3747	6	0.0001 Colloc0 1980 44949 0.059651 339.674
640	1	9032.04	317468	317454	13.8497	1911	7643	3693	4	0.0001 Colloc0 1911 44851 0.0519209 342.601
650	1	9173.13	316690	316677	13.2645	1969	7736	3600	6	0.0001 Colloc0 1969 44855 0.122194 297.917
660	1	9312.2	317293	317279	13.8634	1974	7699	3637	3	0.0001 Colloc0 1974 44882 0.0681144 343.662
670	1	9453.89	317609	317594	14.0889	1952	7621	3715	4	0.0001 Colloc0 1952 44872 0.06008 361.265
680	1	9591.9	317291	317277	13.7953	1936	7630	3706	4	0.0001 Colloc0 1936 44795 0.0605933 338.38
690	1	9733.7	317363	317350	13.5219	1950	7431	3905	2	0.0001 Colloc0 1950 44776 0.0755814 317.389
700	1	9875.41	317103	317090	13.6434	1943	7531	3805	2	0.0001 Colloc0 1943 44770 0.0802432 326.676
710	1	10011.9	316799	316785	14.054	1940	7562	3774	4	0.0001 Colloc0 1940 44700 0.0520185 358.531
720	1	10142.3	317120	317106	13.981	1976	7557	3779	2	0.0001 Colloc0 1976 44697 0.0539929 352.819
730	1	10273.6	317239	317226	13.4342	1981	7548	3788	5	0.0001 Colloc0 1981 44616 0.0933325 310.719
740	1	10414.6	317316	317302	13.8405	1966	7430	3906	5	0.0001 Colloc0 1966 44560 0.064452 341.881
750	1	10549.8	317547	317533	13.709	1942	7424	3912	4	0.0001 Colloc0 1942 44598 0.0694185 331.718
760	1	10687.5	316762	316748	13.4432	1952	7588	3748	5	0.0001 Colloc0 1952 44568 0.0830434 311.402
770	1	10829	316681	316667	13.4631	1972	7561	3775	2	0.0001 Colloc0 1972 44586 0.0854351 312.915
780	1	10968.9	316135	316121	13.6284	1960	7796	3540	4	0.0001 Colloc0 1960 44546 0.0646799 325.531
