# D = 0, E = 1, I = 1, P = 1, R = -1, n = 2000, N = 1, P = 1, w = 1, a = 0.0001, b = 10000, e = 1, f = 1, g = 100, h = 0.01, r = 29775, s = 1, S = 0, x = 10, m = 100, Z = 1, z = 0, T = 1, t = 1
# 131956 tokens in 11336 sentences
#
# It	Temp	Time	-logP	-logPcorpus	-logPrior	tables	same	changed	reject	default_pya	(parent pym pyn pya pyb)*
0	1	11.7332	391527	391413	113.764	7332	0	11336	0	0.0001 Colloc0 7332 47714 0.0001 10000
10	1	166.202	350568	350552	15.8478	2704	4415	6921	4	0.0001 Colloc0 2704 46843 0.067268 504.16
20	1	309.225	342112	342097	14.9379	2279	5029	6307	3	0.0001 Colloc0 2279 46637 0.062644 429.128
30	1	448.671	339342	339328	14.6188	2215	5281	6055	4	0.0001 Colloc0 2215 46423 0.0658079 403.346
40	1	587.863	336366	336352	14.1539	2201	5570	5766	7	0.0001 Colloc0 2201 46242 0.0829554 366.379
50	1	725.067	333272	333258	14.0063	2145	5917	5419	3	0.0001 Colloc0 2145 46129 0.0944759 354.795
60	1	860.993	330537	330523	14.0528	2133	6143	5193	3	0.0001 Colloc0 2133 45861 0.0759014 358.435
70	1	999.377	329042	329029	13.5936	2152	6459	4877	4	0.0001 Colloc0 2152 45696 0.110467 322.861
80	1	1132.01	327596	327583	13.2832	2112	6547	4789	3	0.0001 Colloc0 2112 45608 0.130545 299.315
90	1	1263.39	327067	327053	13.7672	2133	6639	4697	2	0.0001 Colloc0 2133 45572 0.106457 336.214
100	1	1398.01	325767	325754	13.5701	2110	6774	4562	4	0.0001 Colloc0 2110 45508 0.100022 321.064
110	1	1538.39	324929	324915	13.6149	2092	7010	4326	4	0.0001 Colloc0 2092 45399 0.106344 324.496
120	1	1675.28	323736	323722	13.5735	2071	7208	4128	6	0.0001 Colloc0 2071 45364 0.095561 321.328
130	1	1810.4	323092	323078	13.4766	2101	7447	3889	3	0.0001 Colloc0 2101 45338 0.115357 313.937
140	1	1950.52	322904	322891	13.1507	2118	7513	3823	3	0.0001 Colloc0 2118 45323 0.141205 289.4
150	1	2087.51	322931	322918	12.992	2110	7326	4010	4	0.0001 Colloc0 2110 45213 0.145007 277.642
160	1	2223.24	321911	321898	12.9512	2111	7448	3888	2	0.0001 Colloc0 2111 45191 0.143013 274.634
170	1	2358.52	322015	322002	13.5717	2070	7482	3854	5	0.0001 Colloc0 2070 45160 0.11049 321.188
180	1	2497.28	321340	321326	13.5133	2078	7581	3755	5	0.0001 Colloc0 2078 45150 0.112774 316.728
190	1	2634.76	320653	320640	12.7873	2112	7859	3477	4	0.0001 Colloc0 2112 45125 0.160138 262.661
200	1	2769.11	320669	320656	13.1491	2110	7941	3395	5	0.0001 Colloc0 2110 45121 0.137558 289.283
210	1	2908.94	319878	319865	13.5194	2069	8194	3142	3	0.0001 Colloc0 2069 45088 0.107902 317.195
220	1	3045.92	319757	319744	13.1521	2084	8125	3211	3	0.0001 Colloc0 2084 45091 0.135883 289.505
230	1	3180.36	319459	319446	13.0699	2095	8233	3103	5	0.0001 Colloc0 2095 44992 0.138488 283.402
240	1	3313.51	319882	319870	12.8152	2096	8083	3253	7	0.0001 Colloc0 2096 45067 0.141834 264.69
250	1	3447.3	320358	320344	13.6611	2105	7923	3413	6	0.0001 Colloc0 2105 45048 0.118845 328.038
260	1	3585.12	319723	319709	13.5808	2090	8081	3255	2	0.0001 Colloc0 2090 45042 0.108457 321.882
270	1	3721.56	319915	319902	12.9859	2094	7984	3352	6	0.0001 Colloc0 2094 44998 0.14218 277.19
280	1	3854.96	318441	318428	13.3193	2115	8161	3175	4	0.0001 Colloc0 2115 44859 0.132204 302.031
290	1	3986.93	318437	318423	13.2613	2086	8212	3124	3	0.0001 Colloc0 2086 44887 0.128438 297.673
300	1	4124.28	318227	318214	13.0248	2083	8317	3019	3	0.0001 Colloc0 2083 44882 0.134542 280.059
310	1	4263.04	317533	317520	12.801	2060	8359	2977	3	0.0001 Colloc0 2060 44869 0.148825 263.654
320	1	4397.37	317275	317261	13.1958	2079	8541	2795	3	0.0001 Colloc0 2079 44803 0.133111 292.77
330	1	4530.88	317650	317637	13.3583	2075	8415	2921	2	0.0001 Colloc0 2075 44770 0.12443 304.972
340	1	4668.07	317409	317396	12.8763	2074	8403	2933	2	0.0001 Colloc0 2074 44779 0.137989 269.149
350	1	4804.65	317167	317154	12.9718	2063	8316	3020	6	0.0001 Colloc0 2063 44756 0.146309 276.155
360	1	4941.02	316998	316985	12.8835	2069	8274	3062	5	0.0001 Colloc0 2069 44727 0.140904 269.671
370	1	5071.91	316325	316312	12.9142	2078	8481	2855	4	0.0001 Colloc0 2078 44695 0.154283 271.922
380	1	5205.87	316121	316108	13.5426	2083	8606	2730	4	0.0001 Colloc0 2083 44653 0.116196 318.967
390	1	5343.67	316430	316417	13.0324	2083	8654	2682	3	0.0001 Colloc0 2083 44695 0.143513 280.624
400	1	5481.58	316589	316575	13.2002	2092	8569	2767	2	0.0001 Colloc0 2092 44731 0.132234 293.1
410	1	5618.18	317074	317061	12.9385	2085	8281	3055	2	0.0001 Colloc0 2085 44645 0.152291 273.706
420	1	5748.61	316546	316533	13.1114	2084	8295	3041	3	0.0001 Colloc0 2084 44638 0.125824 286.475
430	1	5886.05	316716	316703	12.9525	2090	8154	3182	4	0.0001 Colloc0 2090 44586 0.147505 274.729
440	1	6019.57	316593	316579	13.1492	2100	8360	2976	3	0.0001 Colloc0 2100 44569 0.145276 289.29
450	1	6157.31	316661	316648	13.0938	2083	8271	3065	5	0.0001 Colloc0 2083 44514 0.148831 285.171
460	1	6294.59	317252	317239	13.2892	2068	8085	3251	3	0.0001 Colloc0 2068 44520 0.132574 299.768
470	1	6433.74	316577	316563	13.5593	2071	8220	3116	5	0.0001 Colloc0 2071 44454 0.106441 320.236
480	1	6571.06	316805	316792	13.4555	2089	8148	3188	4	0.0001 Colloc0 2089 44384 0.117943 312.333
490	1	6708.67	317190	317177	12.4923	2101	8185	3151	2	0.0001 Colloc0 2101 44431 0.157364 241.482
500	1	6846.87	317023	317010	13.2057	2106	8171	3165	5	0.0001 Colloc0 2106 44419 0.129862 293.505
510	1	6983.92	316811	316798	13.3608	2121	8157	3179	4	0.0001 Colloc0 2121 44368 0.128866 305.164
520	1	7122.51	316125	316111	13.8374	2085	8241	3095	4	0.0001 Colloc0 2085 44306 0.100408 341.64
530	1	7261.85	316428	316415	13.5713	2105	8169	3167	1	0.0001 Colloc0 2105 44268 0.112247 321.157
540	1	7399.95	316176	316162	13.3594	2090	8179	3157	2	0.0001 Colloc0 2090 44271 0.130101 305.056
550	1	7536.48	316117	316103	13.156	2103	8282	3054	3	0.0001 Colloc0 2103 44288 0.129999 289.799
560	1	7673.1	316242	316229	13.28	2084	8202	3134	1	0.0001 Colloc0 2084 44202 0.104083 299.076
570	1	7811.74	315929	315915	13.4041	2121	8226	3110	6	0.0001 Colloc0 2121 44152 0.114417 308.436
580	1	7948.95	315366	315352	13.4908	2098	8380	2956	6	0.0001 Colloc0 2098 44064 0.126438 315.02
590	1	8087.14	314866	314853	13.258	2107	8388	2948	1	0.0001 Colloc0 2107 44033 0.150804 297.429
600	1	8224.87	314710	314697	13.0441	2103	8494	2842	2	0.0001 Colloc0 2103 44034 0.136618 281.486
610	1	8362.02	314808	314794	13.3972	2161	8588	2748	2	0.0001 Colloc0 2161 44063 0.131907 307.917
620	1	8500.96	313896	313883	13.1626	2118	8782	2554	0	0.0001 Colloc0 2118 43999 0.143379 290.293
630	1	8636.52	313929	313916	13.751	2129	8803	2533	1	0.0001 Colloc0 2129 43952 0.12339 334.961
640	1	8772.01	314447	314434	12.859	2117	8606	2730	1	0.0001 Colloc0 2117 43959 0.133198 267.881
650	1	8908.93	314632	314619	13.1677	2132	8532	2804	1	0.0001 Colloc0 2132 43906 0.139112 290.673
660	1	9044.64	314228	314213	14.1689	2095	8630	2706	2	0.0001 Colloc0 2095 43943 0.0836414 367.553
670	1	9180.82	313589	313575	13.5011	2117	8801	2535	1	0.0001 Colloc0 2117 43899 0.124917 315.798
680	1	9315.7	313101	313088	12.8887	2084	8852	2484	1	0.0001 Colloc0 2084 43865 0.136211 270.051
690	1	9452.63	312577	312563	13.3442	2075	8980	2356	2	0.0001 Colloc0 2075 43781 0.113156 303.907
700	1	9590.17	312506	312493	12.6797	2101	8990	2346	2	0.0001 Colloc0 2101 43748 0.165785 254.879
710	1	9728.76	312145	312133	12.851	2102	9118	2218	0	0.0001 Colloc0 2102 43739 0.137776 267.299
720	1	9861.93	311701	311688	13.3868	2111	9118	2218	2	0.0001 Colloc0 2111 43589 0.132715 307.125
730	1	9997.62	311678	311666	12.4624	2110	9108	2228	3	0.0001 Colloc0 2110 43629 0.178079 239.366
740	1	10136.3	311729	311715	13.7599	2097	9156	2180	2	0.0001 Colloc0 2097 43650 0.106448 335.649
750	1	10275.1	311828	311815	13.4426	2101	9081	2255	1	0.0001 Colloc0 2101 43627 0.123958 311.352
760	1	10412	311823	311809	13.4633	2079	9079	2257	2	0.0001 Colloc0 2079 43614 0.116726 312.929
770	1	10549.7	311371	311357	13.2427	2106	9122	2214	0	0.0001 Colloc0 2106 43535 0.137738 296.275
780	1	10686.8	311719	311705	13.9058	2115	9181	2155	1	0.0001 Colloc0 2115 43572 0.107854 346.952
790	1	10823.9	311471	311457	13.2854	2090	9175	2161	0	0.0001 Colloc0 2090 43626 0.117002 299.485
800	1	10961	311689	311676	13.3146	2111	9075	2261	2	0.0001 Colloc0 2111 43551 0.131176 301.683
810	1	11098.6	311234	311221	13.2513	2098	9075	2261	1	0.0001 Colloc0 2098 43539 0.134454 296.924
820	1	11236.2	311390	311377	13.3016	2085	9102	2234	3	0.0001 Colloc0 2085 43578 0.126541 300.702
830	1	11372.6	310923	310910	12.7973	2104	9207	2129	4	0.0001 Colloc0 2104 43546 0.164469 263.386
840	1	11509.5	311402	311389	13.1529	2093	9091	2245	2	0.0001 Colloc0 2093 43577 0.140316 289.564
850	1	11647.8	311290	311276	13.3341	2120	9124	2212	2	0.0001 Colloc0 2120 43518 0.131152 303.147
860	1	11784.9	310931	310918	13.191	2103	9201	2135	1	0.0001 Colloc0 2103 43514 0.138147 292.412
870	1	11923.2	311010	310996	13.5706	2096	9180	2156	0	0.0001 Colloc0 2096 43509 0.100981 321.106
880	1	12055.6	310862	310849	12.9449	2078	9248	2088	2	0.0001 Colloc0 2078 43505 0.139572 274.178
890	1	12192	310650	310637	13.2221	2069	9238	2098	2	0.0001 Colloc0 2069 43518 0.120112 294.732
900	1	12327.2	310890	310877	13.0083	2098	9109	2227	2	0.0001 Colloc0 2098 43446 0.140539 278.841
910	1	12463.4	311291	311278	13.3104	2133	9084	2252	3	0.0001 Colloc0 2133 43454 0.130517 301.367
920	1	12597.1	311110	311097	13.1705	2109	8995	2341	3	0.0001 Colloc0 2109 43434 0.143087 290.877
930	1	12733.2	311370	311357	13.1991	2138	8903	2433	0	0.0001 Colloc0 2138 43466 0.140706 293.013
940	1	12872	310725	310712	12.9967	2091	8955	2381	1	0.0001 Colloc0 2091 43334 0.140709 277.987
950	1	13009.6	311086	311072	13.103	2108	8927	2409	3	0.0001 Colloc0 2108 43304 0.147342 285.856
960	1	13145.7	310610	310597	13.2637	2106	9016	2320	1	0.0001 Colloc0 2106 43315 0.141223 297.855
970	1	13282.7	310561	310548	13.1004	2119	9041	2295	3	0.0001 Colloc0 2119 43265 0.149149 285.663
980	1	13421.1	311239	311226	13.1908	2102	8815	2521	2	0.0001 Colloc0 2102 43286 0.131541 292.397
990	1	13557	311220	311207	12.7342	2109	8833	2503	2	0.0001 Colloc0 2109 43224 0.157755 258.814
1000	1	13695.1	311412	311399	13.5588	2135	8790	2546	3	0.0001 Colloc0 2135 43176 0.120215 320.199
1010	1	13828.4	311295	311281	13.2866	2120	8865	2471	1	0.0001 Colloc0 2120 43260 0.118059 299.575
1020	1	13962.4	311060	311047	13.2467	2147	8958	2378	2	0.0001 Colloc0 2147 43247 0.141464 296.576
1030	1	14097.8	310885	310872	13.2513	2136	8966	2370	3	0.0001 Colloc0 2136 43234 0.131636 296.923
1040	1	14234.2	310466	310453	13.5565	2111	9038	2298	3	0.0001 Colloc0 2111 43169 0.11401 320.028
1050	1	14368.8	310670	310657	13.2398	2124	9024	2312	2	0.0001 Colloc0 2124 43214 0.139098 296.063
1060	1	14502.4	310611	310598	13.5533	2127	9027	2309	3	0.0001 Colloc0 2127 43182 0.129327 319.777
1070	1	14637.9	310958	310945	12.9933	2144	8984	2352	2	0.0001 Colloc0 2144 43206 0.152851 277.735
1080	1	14774.4	311285	311272	13.1244	2149	8863	2473	4	0.0001 Colloc0 2149 43184 0.148911 287.446
1090	1	14910.5	310863	310849	13.9966	2111	8959	2377	1	0.0001 Colloc0 2111 43166 0.0937292 354.035
1100	1	15047.6	310805	310792	13.2311	2148	9022	2314	3	0.0001 Colloc0 2148 43104 0.136599 295.41
1110	1	15180.3	310628	310615	12.9012	2158	8991	2345	2	0.0001 Colloc0 2158 43152 0.165651 270.967
1120	1	15315.4	310782	310769	13.3353	2131	9005	2331	1	0.0001 Colloc0 2131 43098 0.122661 303.24
1130	1	15450	310568	310555	12.7845	2126	8985	2351	3	0.0001 Colloc0 2126 43083 0.155692 262.46
1140	1	15587.2	310510	310497	12.9955	2137	9039	2297	6	0.0001 Colloc0 2137 43103 0.152592 277.897
1150	1	15718.1	310064	310051	13.3295	2129	9184	2152	3	0.0001 Colloc0 2129 43053 0.131186 302.798
1160	1	15848.4	309910	309897	13.1707	2132	9250	2086	2	0.0001 Colloc0 2132 43055 0.148577 290.898
1170	1	15983.1	310003	309989	13.5154	2118	9237	2099	3	0.0001 Colloc0 2118 43119 0.122829 316.889
1180	1	16116.6	310019	310006	13.0986	2094	9220	2116	4	0.0001 Colloc0 2094 43082 0.127916 285.525
1190	1	16246.4	310541	310527	13.294	2126	9097	2239	4	0.0001 Colloc0 2126 43092 0.135257 300.132
1200	1	16381.2	310629	310616	13.1953	2131	9063	2273	2	0.0001 Colloc0 2131 43096 0.139879 292.729
1210	1	16521	310421	310407	13.3695	2091	9055	2281	4	0.0001 Colloc0 2091 43086 0.121638 305.818
1220	1	16657.8	310526	310513	13.0711	2164	9060	2276	2	0.0001 Colloc0 2164 43111 0.152485 283.489
1230	1	16797.4	310452	310439	13.1425	2110	9115	2221	1	0.0001 Colloc0 2110 43100 0.143549 288.789
1240	1	16936.5	310077	310064	13.6273	2133	9099	2237	2	0.0001 Colloc0 2133 43062 0.123438 325.442
1250	1	17070.4	309650	309637	12.735	2091	9169	2167	4	0.0001 Colloc0 2091 43053 0.148602 258.873
1260	1	17206.2	309874	309860	13.6261	2118	9202	2134	1	0.0001 Colloc0 2118 43029 0.125524 325.354
1270	1	17344.7	309586	309572	13.8687	2095	9237	2099	3	0.0001 Colloc0 2095 42975 0.0960688 344.075
1280	1	17480.9	309542	309529	13.7315	2109	9323	2013	1	0.0001 Colloc0 2109 43047 0.110937 333.455
1290	1	17619	309603	309590	13.7587	2116	9222	2114	1	0.0001 Colloc0 2116 43036 0.11239 335.555
1300	1	17757.3	309490	309477	13.0205	2125	9201	2135	2	0.0001 Colloc0 2125 42994 0.159996 279.746
1310	1	17894.3	310048	310035	13.1227	2110	9089	2247	5	0.0001 Colloc0 2110 43011 0.123346 287.319
1320	1	18029.5	310061	310048	13.4437	2099	9025	2311	6	0.0001 Colloc0 2099 43010 0.115591 311.439
1330	1	18167.9	309630	309617	13.1288	2123	9099	2237	4	0.0001 Colloc0 2123 42968 0.14127 287.775
1340	1	18304.2	309683	309670	13.3644	2102	9100	2236	6	0.0001 Colloc0 2102 42992 0.117954 305.438
1350	1	18440.6	309929	309916	12.9625	2116	8987	2349	2	0.0001 Colloc0 2116 42993 0.148549 275.467
1360	1	18579.2	310276	310263	13.1073	2140	8948	2388	2	0.0001 Colloc0 2140 42997 0.136241 286.172
1370	1	18716.7	309704	309691	13.3757	2128	9007	2329	3	0.0001 Colloc0 2128 42925 0.138931 306.289
1380	1	18854	309868	309855	13.5459	2120	9068	2268	2	0.0001 Colloc0 2120 42990 0.10354 319.215
1390	1	18991.5	309464	309451	13.4329	2127	9176	2160	1	0.0001 Colloc0 2127 42949 0.133149 310.622
1400	1	19136.5	308846	308833	13.3806	2109	9365	1971	1	0.0001 Colloc0 2109 42938 0.13391 306.662
1410	1	19270.9	308907	308894	12.8538	2102	9261	2075	1	0.0001 Colloc0 2102 42961 0.148582 267.501
1420	1	19405.9	309338	309325	13.4911	2151	9210	2126	3	0.0001 Colloc0 2151 42903 0.135534 315.038
1430	1	19538.9	308812	308799	13.2885	2121	9292	2044	3	0.0001 Colloc0 2121 42873 0.139528 299.716
1440	1	19670.4	309065	309052	13.1222	2135	9150	2186	2	0.0001 Colloc0 2135 42888 0.142277 287.285
1450	1	19807.6	308955	308942	13.244	2107	9249	2087	4	0.0001 Colloc0 2107 42891 0.148829 296.379
1460	1	19941.9	308845	308832	13.6494	2099	9298	2038	4	0.0001 Colloc0 2099 42893 0.103606 327.137
1470	1	20078.9	309173	309159	14.1279	2134	9156	2180	2	0.0001 Colloc0 2134 42769 0.088664 364.328
1480	1	20215.7	309658	309645	13.4133	2151	8953	2383	2	0.0001 Colloc0 2151 42764 0.126175 309.13
1490	1	20352.5	309081	309067	13.1464	2128	9070	2266	2	0.0001 Colloc0 2128 42767 0.154899 289.081
1500	1	20487.6	309247	309234	13.7514	2150	9056	2280	1	0.0001 Colloc0 2150 42752 0.116712 334.992
1510	1	20620.6	309058	309045	13.4617	2136	9097	2239	4	0.0001 Colloc0 2136 42775 0.123417 312.808
1520	1	20755.3	309449	309435	13.6794	2131	8963	2373	3	0.0001 Colloc0 2131 42743 0.105939 329.444
1530	1	20890.8	309547	309533	13.382	2171	8917	2419	4	0.0001 Colloc0 2171 42711 0.118635 306.762
1540	1	21027.8	309432	309418	13.754	2137	8924	2412	3	0.0001 Colloc0 2137 42720 0.110483 335.188
1550	1	21164.8	309545	309532	13.8632	2145	8891	2445	5	0.0001 Colloc0 2145 42739 0.112268 343.645
1560	1	21301.6	309058	309045	13.0603	2126	9058	2278	2	0.0001 Colloc0 2126 42723 0.143939 282.69
1570	1	21437.1	308700	308687	13.6695	2122	9115	2221	2	0.0001 Colloc0 2122 42711 0.0993093 328.681
1580	1	21572.8	308814	308800	13.7417	2087	9121	2215	2	0.0001 Colloc0 2087 42731 0.0976202 334.241
1590	1	21705.8	308580	308567	12.8356	2110	9215	2121	3	0.0001 Colloc0 2110 42726 0.14161 266.178
1600	1	21813.7	308234	308221	12.7856	2110	9278	2058	3	0.0001 Colloc0 2110 42686 0.150287 262.539
1610	1	21920.8	308555	308541	13.5265	2121	9273	2063	4	0.0001 Colloc0 2121 42759 0.128994 317.734
1620	1	22027.5	308523	308509	13.202	2163	9341	1995	3	0.0001 Colloc0 2163 42706 0.152578 293.228
1630	1	22130.8	308633	308620	13.3047	2126	9196	2140	5	0.0001 Colloc0 2126 42714 0.12247 300.933
1640	1	22234.4	308788	308775	13.0857	2122	9210	2126	3	0.0001 Colloc0 2122 42790 0.146793 284.571
1650	1	22340.2	308421	308408	13.3435	2133	9231	2105	3	0.0001 Colloc0 2133 42709 0.121629 303.857
1660	1	22444.4	308765	308752	13.3531	2135	9176	2160	1	0.0001 Colloc0 2135 42693 0.129679 304.583
1670	1	22549.1	309264	309250	13.5408	2161	9006	2330	2	0.0001 Colloc0 2161 42702 0.115294 318.828
1680	1	22653.7	309451	309438	13.2138	2170	8941	2395	1	0.0001 Colloc0 2170 42692 0.147148 294.115
1690	1	22758.8	308964	308951	13.4769	2168	9002	2334	4	0.0001 Colloc0 2168 42635 0.146625 313.959
1700	1	22862	308819	308806	13.2459	2147	8947	2389	0	0.0001 Colloc0 2147 42659 0.135078 296.514
1710	1	22966.6	308749	308736	12.9639	2130	8987	2349	3	0.0001 Colloc0 2130 42674 0.134197 275.57
1720	1	23071.3	309125	309111	14.2304	2089	8920	2416	3	0.0001 Colloc0 2089 42661 0.0699318 372.41
1730	1	23174.7	309446	309432	13.8485	2134	8862	2474	4	0.0001 Colloc0 2134 42646 0.114759 342.505
1740	1	23280.5	309647	309633	14.0631	2141	8757	2579	2	0.0001 Colloc0 2141 42615 0.100029 359.245
1750	1	23385	309461	309447	13.8316	2126	8739	2597	2	0.0001 Colloc0 2126 42652 0.106179 341.193
1760	1	23491.3	309174	309160	13.7346	2131	8850	2486	2	0.0001 Colloc0 2131 42618 0.107164 333.697
1770	1	23596.5	309244	309231	13.2557	2175	8848	2488	2	0.0001 Colloc0 2175 42631 0.155013 297.253
1780	1	23701	309273	309259	13.4066	2132	8779	2557	2	0.0001 Colloc0 2132 42640 0.138892 308.627
1790	1	23807.7	309383	309370	13.3489	2114	8835	2501	5	0.0001 Colloc0 2114 42663 0.143013 304.263
1800	1	23913.2	309433	309419	13.9864	2167	8691	2645	2	0.0001 Colloc0 2167 42580 0.114358 353.24
1810	1	24017	309481	309468	13.3535	2149	8769	2567	2	0.0001 Colloc0 2149 42622 0.132211 304.615
1820	1	24124.1	309152	309139	13.5744	2123	8675	2661	3	0.0001 Colloc0 2123 42607 0.113869 321.393
1830	1	24227.5	309409	309395	13.8416	2126	8559	2777	3	0.0001 Colloc0 2126 42617 0.105081 341.968
1840	1	24332.2	309757	309744	13.2869	2142	8658	2678	2	0.0001 Colloc0 2142 42645 0.146415 299.597
1850	1	24438.4	309638	309624	13.6966	2167	8653	2683	4	0.0001 Colloc0 2167 42612 0.127067 330.769
1860	1	24544.9	309724	309711	13.4844	2142	8663	2673	1	0.0001 Colloc0 2142 42598 0.134752 314.528
1870	1	24650.4	309831	309818	13.9039	2128	8634	2702	3	0.0001 Colloc0 2128 42585 0.103418 346.81
1880	1	24756.7	310053	310040	13.3434	2160	8649	2687	1	0.0001 Colloc0 2160 42608 0.143171 303.85
1890	1	24861.5	309854	309840	13.5702	2169	8657	2679	0	0.0001 Colloc0 2169 42579 0.109972 321.068
1900	1	24967.3	309923	309910	13.5843	2162	8484	2852	3	0.0001 Colloc0 2162 42579 0.132442 322.153
1910	1	25072.8	309929	309916	13.6421	2166	8608	2728	3	0.0001 Colloc0 2166 42577 0.115559 326.58
1920	1	25177.8	309606	309592	13.2206	2163	8546	2790	1	0.0001 Colloc0 2163 42576 0.142166 294.625
1930	1	25282.2	309268	309255	13.8591	2140	8767	2569	3	0.0001 Colloc0 2140 42542 0.124105 343.326
1940	1	25387.6	309145	309131	13.6661	2125	8886	2450	3	0.0001 Colloc0 2125 42548 0.114 328.421
1950	1	25487.3	309180	309167	13.6045	2150	8800	2536	6	0.0001 Colloc0 2150 42592 0.116906 323.698
1960	1	25592	308532	308519	12.9828	2130	9069	2267	1	0.0001 Colloc0 2130 42578 0.145771 276.964
1970	1	25697.6	308711	308697	13.4043	2140	8980	2356	1	0.0001 Colloc0 2140 42497 0.138676 308.448
1980	1	25803.5	309116	309102	13.626	2175	8934	2402	2	0.0001 Colloc0 2175 42578 0.127621 325.343
1990	1	25905	308787	308774	13.3946	2135	9041	2295	0	0.0001 Colloc0 2135 42536 0.123618 307.718
2000	1	26007	308639	308626	13.5482	2130	9075	2261	1	0.0001 Colloc0 2130 42493 0.12789 319.395
