# D = 0, E = 1, I = 1, P = 1, R = -1, n = 2000, N = 1, P = 1, w = 1, a = 0.0001, b = 10000, e = 1, f = 1, g = 100, h = 0.01, r = 29562, s = 1, S = 0, x = 10, m = 100, Z = 1, z = 0, T = 1, t = 1
# 131956 tokens in 11336 sentences
#
# It	Temp	Time	-logP	-logPcorpus	-logPrior	tables	same	changed	reject	default_pya	(parent pym pyn pya pyb)*
0	1	16.5645	515312	515199	113.764	13083	0	11336	0	0.0001 Colloc0 13083 64696 0.0001 10000
10	1	206.693	398279	398264	15.1347	3209	2702	8634	7	0.0001 Colloc0 3209 53675 0.162018 445.168
20	1	351.476	384215	384199	15.5078	2268	3280	8056	7	0.0001 Colloc0 2268 52830 0.00340743 475.875
30	1	484.695	376004	375989	14.7909	2092	3566	7770	2	0.0001 Colloc0 2092 52113 0.000815796 417.211
40	1	623.655	373650	373636	14.5366	2063	3666	7670	5	0.0001 Colloc0 2063 51962 0.0119319 396.755
50	1	759.22	370262	370247	14.3938	2023	3929	7407	4	0.0001 Colloc0 2023 51721 0.0265434 385.362
60	1	894.323	365981	365967	14.4266	1998	4113	7223	6	0.0001 Colloc0 1998 51325 0.0174508 387.978
70	1	1030.36	363225	363211	14.2208	2006	4295	7041	2	0.0001 Colloc0 2006 51050 0.0248536 371.651
80	1	1169.83	360330	360315	14.5899	1952	4468	6868	3	0.0001 Colloc0 1952 50800 0.0169305 401.026
90	1	1311.03	357484	357470	13.8624	1954	4645	6691	2	0.0001 Colloc0 1954 50596 0.0437684 343.587
100	1	1450.76	353839	353825	14.2122	1936	4817	6519	2	0.0001 Colloc0 1936 50159 0.0378654 370.969
110	1	1588.92	352467	352453	14.1542	1963	4927	6409	4	0.0001 Colloc0 1963 50018 0.0397989 366.395
120	1	1728.89	350661	350647	13.354	1939	5020	6316	4	0.0001 Colloc0 1939 49803 0.0814758 304.65
130	1	1865.47	349260	349247	13.1601	1982	5240	6096	2	0.0001 Colloc0 1982 49672 0.11473 290.105
140	1	2005.61	348823	348809	13.7397	1977	5250	6086	6	0.0001 Colloc0 1977 49568 0.0625328 334.085
150	1	2144.8	347239	347226	12.8198	1961	5312	6024	1	0.0001 Colloc0 1961 49370 0.116365 265.028
160	1	2282.88	346957	346944	13.1691	1966	5364	5972	1	0.0001 Colloc0 1966 49199 0.105999 290.777
170	1	2423.39	346098	346085	12.9981	1934	5486	5850	1	0.0001 Colloc0 1934 49173 0.0991999 278.088
180	1	2564.71	345684	345671	13.5822	1977	5532	5804	3	0.0001 Colloc0 1977 49100 0.0758956 321.986
190	1	2698.07	344736	344723	13.2309	1928	5677	5659	5	0.0001 Colloc0 1928 49042 0.0767358 295.397
200	1	2830.25	343692	343679	12.9714	1957	5697	5639	1	0.0001 Colloc0 1957 48862 0.102151 276.125
210	1	2971.03	342681	342668	13.3792	1943	5821	5515	4	0.0001 Colloc0 1943 48697 0.0751725 306.553
220	1	3110.46	341828	341815	13.5507	1965	5946	5390	4	0.0001 Colloc0 1965 48642 0.0848655 319.58
230	1	3251.03	341265	341251	14.0071	1975	6031	5305	5	0.0001 Colloc0 1975 48621 0.0612498 354.854
240	1	3389.01	340177	340164	12.9535	1961	6070	5266	1	0.0001 Colloc0 1961 48459 0.117924 274.806
250	1	3527.37	339585	339572	13.5139	2014	6259	5077	1	0.0001 Colloc0 2014 48422 0.0839597 316.779
260	1	3665.3	338466	338453	13.0554	1990	6425	4911	1	0.0001 Colloc0 1990 48314 0.119831 282.326
270	1	3802.82	338114	338101	12.7529	2010	6614	4722	4	0.0001 Colloc0 2010 48338 0.10876 260.165
280	1	3937.09	338404	338390	13.123	2036	6538	4798	3	0.0001 Colloc0 2036 48312 0.119392 287.338
290	1	4075.09	337549	337536	13.4605	2016	6709	4627	4	0.0001 Colloc0 2016 48257 0.0882768 312.71
300	1	4214.22	336808	336795	12.9355	1987	6790	4546	4	0.0001 Colloc0 1987 48251 0.115342 273.482
310	1	4352.38	336510	336497	13.062	1963	6803	4533	6	0.0001 Colloc0 1963 48148 0.108685 282.81
320	1	4489.75	335849	335836	13.1695	2022	6788	4548	4	0.0001 Colloc0 2022 48024 0.13533 290.806
330	1	4623.32	334554	334541	13.1606	1964	6875	4461	3	0.0001 Colloc0 1964 47901 0.0919389 290.138
340	1	4762	333475	333463	12.6477	2026	7066	4270	4	0.0001 Colloc0 2026 47788 0.129022 252.574
350	1	4899.91	333400	333386	13.294	2020	7118	4218	1	0.0001 Colloc0 2020 47800 0.11736 300.128
360	1	5034.97	332885	332873	12.7844	1993	7146	4190	4	0.0001 Colloc0 1993 47732 0.133476 262.454
370	1	5172.94	331787	331774	12.9724	1992	7291	4045	6	0.0001 Colloc0 1992 47631 0.124283 276.197
380	1	5310.75	330486	330473	13.2929	1994	7559	3777	6	0.0001 Colloc0 1994 47596 0.11058 300.043
390	1	5450.09	330383	330370	12.8118	1993	7543	3793	3	0.0001 Colloc0 1993 47551 0.130707 264.443
400	1	5587.87	330368	330355	13.0228	2053	7646	3690	5	0.0001 Colloc0 2053 47420 0.124545 279.916
410	1	5725.97	329245	329232	12.761	1990	7798	3538	4	0.0001 Colloc0 1990 47373 0.12855 260.755
420	1	5858.82	329058	329045	12.7009	1979	7710	3626	4	0.0001 Colloc0 1979 47305 0.14117 256.408
430	1	5996.08	328881	328868	12.7697	2002	7691	3645	3	0.0001 Colloc0 2002 47281 0.139197 261.384
440	1	6132.15	327938	327925	12.7796	1967	7649	3687	4	0.0001 Colloc0 1967 47188 0.122864 262.1
450	1	6268.9	328831	328818	13.1758	1994	7461	3875	5	0.0001 Colloc0 1994 47153 0.114821 291.277
460	1	6406.34	328859	328846	12.4823	2029	7377	3959	4	0.0001 Colloc0 2029 47118 0.162013 240.775
470	1	6543.96	328873	328859	13.6092	2027	7387	3949	1	0.0001 Colloc0 2027 47105 0.0954728 324.056
480	1	6680.86	328542	328529	13.0208	2024	7346	3990	3	0.0001 Colloc0 2024 47062 0.127957 279.768
490	1	6813.84	327844	327830	13.5227	2007	7489	3847	4	0.0001 Colloc0 2007 46992 0.0993047 317.448
500	1	6949.07	327298	327285	12.8714	1995	7561	3775	2	0.0001 Colloc0 1995 46831 0.139784 268.785
510	1	7082.77	327049	327036	13.2907	2017	7595	3741	3	0.0001 Colloc0 2017 46798 0.114813 299.879
520	1	7220.07	327366	327352	13.0945	2018	7570	3766	4	0.0001 Colloc0 2018 46817 0.118175 285.226
530	1	7358	327673	327660	13.0946	2026	7342	3994	3	0.0001 Colloc0 2026 46764 0.127326 285.227
540	1	7490.33	328027	328014	12.7618	2040	7163	4173	5	0.0001 Colloc0 2040 46763 0.143602 260.809
550	1	7620.37	327712	327699	13.1043	2025	7276	4060	3	0.0001 Colloc0 2025 46721 0.134339 285.952
560	1	7750.94	327400	327388	12.7025	2025	7339	3997	4	0.0001 Colloc0 2025 46758 0.133563 256.519
570	1	7888.3	326988	326976	12.6891	2012	7429	3907	6	0.0001 Colloc0 2012 46742 0.142455 255.556
580	1	8023.42	326829	326816	13.082	2029	7562	3774	5	0.0001 Colloc0 2029 46731 0.121908 284.298
590	1	8160.91	327595	327582	13.0823	2059	7319	4017	4	0.0001 Colloc0 2059 46688 0.127129 284.317
600	1	8299.23	327482	327468	13.3111	2047	7399	3937	5	0.0001 Colloc0 2047 46711 0.119033 301.414
610	1	8437.99	327107	327094	13.1676	2062	7459	3877	3	0.0001 Colloc0 2062 46661 0.129698 290.661
620	1	8574.59	327117	327104	12.8216	2047	7453	3883	3	0.0001 Colloc0 2047 46659 0.155777 265.155
630	1	8711.62	326427	326414	12.8057	2042	7452	3884	2	0.0001 Colloc0 2042 46579 0.156856 264.001
640	1	8849.86	327413	327400	12.9023	2073	7471	3865	2	0.0001 Colloc0 2073 46707 0.135471 271.048
650	1	8983.8	327121	327108	13.1351	2049	7334	4002	1	0.0001 Colloc0 2049 46651 0.118911 288.243
660	1	9116.54	327169	327156	13.0069	2049	7294	4042	2	0.0001 Colloc0 2049 46660 0.120323 278.738
670	1	9251.87	327379	327366	13.0006	2029	7315	4021	3	0.0001 Colloc0 2029 46639 0.124988 278.275
680	1	9386.99	326800	326787	13.182	2008	7398	3938	2	0.0001 Colloc0 2008 46623 0.111612 291.74
690	1	9520.68	326764	326751	13.2354	2033	7364	3972	2	0.0001 Colloc0 2033 46628 0.124256 295.729
700	1	9659.87	326954	326941	12.9753	2046	7420	3916	1	0.0001 Colloc0 2046 46635 0.138549 276.408
710	1	9795.24	326689	326677	12.705	2046	7545	3791	6	0.0001 Colloc0 2046 46595 0.152779 256.702
720	1	9933.75	326062	326048	13.0624	2022	7636	3700	3	0.0001 Colloc0 2022 46590 0.119783 282.846
730	1	10072.4	325950	325937	13.0535	2038	7774	3562	3	0.0001 Colloc0 2038 46537 0.133544 282.183
740	1	10210.3	326082	326070	12.7646	2035	7636	3700	5	0.0001 Colloc0 2035 46508 0.145187 261.017
750	1	10343.7	325713	325700	13.2024	1993	7636	3700	2	0.0001 Colloc0 1993 46442 0.114055 293.258
760	1	10474.6	325617	325603	13.4313	2025	7742	3594	3	0.0001 Colloc0 2025 46441 0.105022 310.5
770	1	10608.1	323601	323588	13.1271	2007	7719	3617	3	0.0001 Colloc0 2007 46048 0.114525 287.645
780	1	10742.2	323331	323318	13.3342	2028	7705	3631	2	0.0001 Colloc0 2028 46028 0.117822 303.159
790	1	10877.2	323061	323048	13.0906	2030	7797	3539	1	0.0001 Colloc0 2030 46034 0.136329 284.932
800	1	11015.1	323391	323379	12.7442	2049	7712	3624	3	0.0001 Colloc0 2049 45986 0.132707 259.535
810	1	11149.2	323074	323062	12.6935	2060	7751	3585	3	0.0001 Colloc0 2060 45992 0.156316 255.875
820	1	11284.3	322285	322272	12.7118	2037	7995	3341	4	0.0001 Colloc0 2037 45965 0.14895 257.196
830	1	11421.5	322399	322387	12.3239	2027	7902	3434	4	0.0001 Colloc0 2027 45899 0.169499 229.63
840	1	11561	322401	322388	12.9342	2061	7992	3344	2	0.0001 Colloc0 2061 45910 0.146769 273.388
850	1	11697.7	321812	321798	13.1178	2036	8204	3132	2	0.0001 Colloc0 2036 45925 0.127635 286.951
860	1	11837.3	321459	321446	12.9713	2031	8273	3063	5	0.0001 Colloc0 2031 45883 0.141414 276.115
870	1	11976.3	321582	321568	13.2491	2059	8392	2944	3	0.0001 Colloc0 2059 45845 0.113694 296.758
880	1	12116.4	321630	321617	12.5843	2025	8266	3070	3	0.0001 Colloc0 2025 45914 0.147891 248.032
890	1	12254.9	321436	321423	13.0783	2021	8096	3240	1	0.0001 Colloc0 2021 45876 0.136462 284.019
900	1	12393.5	320240	320227	13.0542	2047	8222	3114	6	0.0001 Colloc0 2047 45674 0.146646 282.235
910	1	12530.7	319592	319579	12.8278	2029	8321	3015	4	0.0001 Colloc0 2029 45593 0.148635 265.605
920	1	12667.7	319888	319875	12.7867	2061	8354	2982	2	0.0001 Colloc0 2061 45609 0.159098 262.62
930	1	12804.9	318658	318645	13.1618	1998	8608	2728	3	0.0001 Colloc0 1998 45538 0.114915 290.234
940	1	12942.2	318654	318641	13.6571	2039	8635	2701	3	0.0001 Colloc0 2039 45503 0.108238 327.732
950	1	13081.2	318042	318029	12.8817	2052	8653	2683	4	0.0001 Colloc0 2052 45306 0.141935 269.545
960	1	13219.8	318166	318153	12.6032	2027	8647	2689	2	0.0001 Colloc0 2027 45317 0.155589 249.385
970	1	13356	317597	317584	13.014	2010	8772	2564	7	0.0001 Colloc0 2010 45356 0.128379 279.262
980	1	13494.9	318198	318185	13.1903	2028	8562	2774	3	0.0001 Colloc0 2028 45322 0.126559 292.359
990	1	13627.2	317360	317347	13.0907	2039	8872	2464	3	0.0001 Colloc0 2039 45328 0.142511 284.943
1000	1	13758.1	316982	316970	12.7655	2021	8912	2424	1	0.0001 Colloc0 2021 45214 0.137892 261.077
1010	1	13892.2	317186	317172	13.2008	2047	8894	2442	2	0.0001 Colloc0 2047 45185 0.129458 293.139
1020	1	14026.7	316973	316960	12.8047	2048	8892	2444	2	0.0001 Colloc0 2048 45184 0.139664 263.926
1030	1	14162.6	316541	316528	13.0934	2062	9000	2336	2	0.0001 Colloc0 2062 45203 0.130517 285.138
1040	1	14292.4	316645	316632	12.827	2064	8883	2453	1	0.0001 Colloc0 2064 45154 0.151148 265.552
1050	1	14424.2	316851	316838	13.1404	2035	8793	2543	4	0.0001 Colloc0 2035 45122 0.125745 288.632
1060	1	14562.1	316177	316164	12.7822	2034	9124	2212	2	0.0001 Colloc0 2034 45113 0.146323 262.291
1070	1	14699.7	316459	316446	12.6939	2044	9116	2220	2	0.0001 Colloc0 2044 45128 0.155123 255.905
1080	1	14838.2	316463	316449	13.2022	2052	9110	2226	1	0.0001 Colloc0 2052 45116 0.12104 293.244
1090	1	14977.1	316269	316257	12.5332	2046	9140	2196	2	0.0001 Colloc0 2046 45149 0.149829 244.388
1100	1	15114.7	315951	315938	12.9685	2043	9194	2142	5	0.0001 Colloc0 2043 45066 0.1426 275.911
1110	1	15252.7	315493	315479	13.4062	2031	9319	2017	1	0.0001 Colloc0 2031 45099 0.105612 308.596
1120	1	15389.1	315641	315629	12.7055	2054	9269	2067	3	0.0001 Colloc0 2054 45065 0.15834 256.74
1130	1	15526	316057	316045	12.8049	2048	9155	2181	4	0.0001 Colloc0 2048 45076 0.148688 263.939
1140	1	15658.1	315763	315750	12.7064	2045	9118	2218	1	0.0001 Colloc0 2045 45035 0.15304 256.804
1150	1	15795.5	316467	316455	12.7281	2062	8877	2459	6	0.0001 Colloc0 2062 45064 0.155984 258.368
1160	1	15933.5	316230	316217	13.0126	2052	9031	2305	4	0.0001 Colloc0 2052 45046 0.139596 279.157
1170	1	16069.6	316015	316002	12.8417	2045	9105	2231	5	0.0001 Colloc0 2045 45012 0.134983 266.619
1180	1	16207.6	315277	315264	13.0174	2059	9240	2096	2	0.0001 Colloc0 2059 44973 0.136134 279.516
1190	1	16346.3	315404	315391	12.9782	2051	9170	2166	3	0.0001 Colloc0 2051 44949 0.140913 276.626
1200	1	16482.6	315398	315385	12.7916	2053	9106	2230	3	0.0001 Colloc0 2053 44956 0.15908 262.975
1210	1	16617	315107	315094	13.234	2045	9307	2029	1	0.0001 Colloc0 2045 44981 0.127906 295.63
1220	1	16753.1	315434	315421	12.8169	2037	9290	2046	2	0.0001 Colloc0 2037 44927 0.133756 264.815
1230	1	16890.2	315148	315136	12.7542	2034	9238	2098	1	0.0001 Colloc0 2034 44965 0.151217 260.264
1240	1	17029.4	315116	315102	13.0791	2039	9146	2190	2	0.0001 Colloc0 2039 44926 0.134913 284.079
1250	1	17164.4	315256	315244	12.477	2060	9165	2171	3	0.0001 Colloc0 2060 44978 0.169108 240.396
1260	1	17303.2	315687	315674	12.9648	2063	8949	2387	2	0.0001 Colloc0 2063 44970 0.156881 275.637
1270	1	17443.9	315726	315713	12.6401	2055	8942	2394	3	0.0001 Colloc0 2055 44950 0.145838 252.032
1280	1	17580.8	316224	316210	13.224	2055	8822	2514	2	0.0001 Colloc0 2055 44971 0.130368 294.875
1290	1	17714.8	316035	316022	12.7227	2034	8859	2477	3	0.0001 Colloc0 2034 44982 0.143866 257.978
1300	1	17848.1	315651	315638	12.9892	2055	8948	2388	1	0.0001 Colloc0 2055 44945 0.132593 277.433
1310	1	17986.1	315260	315247	12.8044	2049	9026	2310	3	0.0001 Colloc0 2049 44916 0.143067 263.905
1320	1	18125.6	315183	315170	12.9989	2033	9097	2239	2	0.0001 Colloc0 2033 44934 0.123537 278.151
1330	1	18264.1	314628	314615	13.0445	2047	9305	2031	2	0.0001 Colloc0 2047 44903 0.136517 281.521
1340	1	18402.7	315216	315203	12.8072	2047	9122	2214	3	0.0001 Colloc0 2047 44914 0.148518 264.105
1350	1	18540.7	314660	314647	12.4828	2039	9263	2073	1	0.0001 Colloc0 2039 44841 0.164259 240.809
1360	1	18677.7	315208	315195	12.9235	2054	9183	2153	2	0.0001 Colloc0 2054 44871 0.13999 272.601
1370	1	18816.4	314621	314608	13.2601	2061	9327	2009	4	0.0001 Colloc0 2061 44834 0.130977 297.586
1380	1	18957.5	314606	314593	13.4742	2061	9445	1891	3	0.0001 Colloc0 2061 44831 0.111169 313.752
1390	1	19092.8	314379	314366	13.4169	2046	9457	1879	2	0.0001 Colloc0 2046 44790 0.116806 309.408
1400	1	19228.4	314731	314717	13.1979	2042	9322	2014	5	0.0001 Colloc0 2042 44823 0.120853 292.927
1410	1	19366.9	314776	314763	12.9656	2039	9285	2051	3	0.0001 Colloc0 2039 44811 0.135425 275.697
1420	1	19505.2	315188	315175	13.0238	2067	9214	2122	1	0.0001 Colloc0 2067 44795 0.139002 279.99
1430	1	19642.7	315937	315923	13.1507	2093	8962	2374	1	0.0001 Colloc0 2093 44736 0.129423 289.406
1440	1	19781	315481	315468	12.5858	2039	8946	2390	3	0.0001 Colloc0 2039 44776 0.15285 248.139
1450	1	19917.3	315199	315186	13.3221	2022	9073	2263	1	0.0001 Colloc0 2022 44711 0.12491 302.246
1460	1	20054.3	315315	315303	12.8907	2084	9017	2319	4	0.0001 Colloc0 2084 44721 0.144455 270.198
1470	1	20190.1	314982	314969	12.9178	2029	9062	2274	3	0.0001 Colloc0 2029 44684 0.132782 272.183
1480	1	20325.5	315188	315176	12.6179	2087	9047	2289	3	0.0001 Colloc0 2087 44682 0.162771 250.441
1490	1	20462.4	315796	315783	13.1368	2106	8921	2415	4	0.0001 Colloc0 2106 44678 0.166887 288.365
1500	1	20597.6	315517	315504	13.436	2070	8945	2391	3	0.0001 Colloc0 2070 44619 0.123307 310.855
1510	1	20732.9	315732	315719	13.1181	2074	8824	2512	7	0.0001 Colloc0 2074 44626 0.119118 286.976
1520	1	20866.9	315834	315821	13.3369	2090	8795	2541	3	0.0001 Colloc0 2090 44630 0.11582 303.361
1530	1	21003.5	315978	315965	13.0552	2064	8776	2560	5	0.0001 Colloc0 2064 44643 0.123282 282.307
1540	1	21136	315296	315283	13.3666	2070	8948	2388	5	0.0001 Colloc0 2070 44632 0.11307 305.604
1550	1	21271.1	315548	315535	13.8346	2049	8813	2523	2	0.0001 Colloc0 2049 44623 0.0871671 341.425
1560	1	21406.7	315602	315589	13.1916	2092	8815	2521	2	0.0001 Colloc0 2092 44623 0.13896 292.452
1570	1	21542.5	315256	315243	13.1944	2067	8895	2441	3	0.0001 Colloc0 2067 44669 0.122714 292.665
1580	1	21678.1	314937	314924	13.1742	2074	9059	2277	4	0.0001 Colloc0 2074 44610 0.137006 291.155
1590	1	21813.8	314564	314551	12.7654	2067	9131	2205	4	0.0001 Colloc0 2067 44574 0.15939 261.071
1600	1	21931.1	314854	314841	12.9938	2074	8969	2367	4	0.0001 Colloc0 2074 44592 0.13673 277.774
1610	1	22050.9	314972	314959	13.2079	2116	8972	2364	2	0.0001 Colloc0 2116 44514 0.133633 293.669
1620	1	22168	314627	314614	13.3057	2063	8943	2393	3	0.0001 Colloc0 2063 44515 0.117862 301.013
1630	1	22287.6	314926	314912	13.695	2050	8931	2405	2	0.0001 Colloc0 2050 44531 0.0793808 330.642
1640	1	22404.1	315004	314991	12.8802	2087	8895	2441	2	0.0001 Colloc0 2087 44483 0.161863 269.43
1650	1	22518.9	315353	315339	13.4565	2100	8759	2577	2	0.0001 Colloc0 2100 44470 0.136547 312.409
1660	1	22633.3	315381	315368	13.1725	2085	8836	2500	2	0.0001 Colloc0 2085 44501 0.145959 291.025
1670	1	22747.7	315344	315331	12.7802	2115	8773	2563	2	0.0001 Colloc0 2115 44432 0.163799 262.147
1680	1	22861.8	315612	315599	12.9646	2093	8714	2622	5	0.0001 Colloc0 2093 44491 0.135345 275.624
1690	1	22978.1	316029	316015	13.8167	2072	8536	2800	2	0.0001 Colloc0 2072 44461 0.0851511 340.04
1700	1	23095.2	316351	316337	13.5871	2106	8381	2955	2	0.0001 Colloc0 2106 44473 0.104777 322.361
1710	1	23211.7	316131	316118	12.8447	2071	8345	2991	6	0.0001 Colloc0 2071 44463 0.146916 266.836
1720	1	23327.1	315957	315943	13.4883	2044	8416	2920	2	0.0001 Colloc0 2044 44441 0.112433 314.83
1730	1	23443.4	315794	315780	13.3742	2106	8536	2800	2	0.0001 Colloc0 2106 44409 0.121432 306.172
1740	1	23558.8	316329	316316	13.2082	2108	8405	2931	2	0.0001 Colloc0 2108 44356 0.152152 293.696
1750	1	23675.2	315878	315865	13.2718	2076	8536	2800	4	0.0001 Colloc0 2076 44426 0.11711 298.462
1760	1	23792.8	316008	315995	13.441	2132	8430	2906	3	0.0001 Colloc0 2132 44401 0.128066 311.232
1770	1	23907.8	315326	315312	13.9351	2099	8678	2658	5	0.0001 Colloc0 2099 44419 0.0922832 349.239
1780	1	24024.3	315259	315246	13.0954	2097	8726	2610	2	0.0001 Colloc0 2097 44376 0.141356 285.289
1790	1	24140.3	315224	315211	13.2333	2078	8698	2638	3	0.0001 Colloc0 2078 44420 0.14522 295.574
1800	1	24256.2	314980	314968	12.6652	2112	8768	2568	3	0.0001 Colloc0 2112 44394 0.15387 253.832
1810	1	24372.8	314879	314866	12.9545	2041	8800	2536	3	0.0001 Colloc0 2041 44381 0.13775 274.882
1820	1	24490.5	314725	314712	12.899	2086	8747	2589	4	0.0001 Colloc0 2086 44362 0.136848 270.809
1830	1	24607.1	314637	314624	12.4001	2086	8740	2596	4	0.0001 Colloc0 2086 44372 0.170606 234.972
1840	1	24723.5	314632	314619	13.2788	2081	8838	2498	4	0.0001 Colloc0 2081 44407 0.118816 298.986
1850	1	24839.2	315043	315030	12.9529	2102	8793	2543	4	0.0001 Colloc0 2102 44346 0.153815 274.764
1860	1	24954.1	314475	314462	13.3671	2075	8867	2469	4	0.0001 Colloc0 2075 44357 0.11189 305.642
1870	1	25067.8	314191	314179	12.574	2089	9032	2304	6	0.0001 Colloc0 2089 44349 0.156274 247.3
1880	1	25185.2	314027	314015	12.8516	2083	9026	2310	3	0.0001 Colloc0 2083 44332 0.153482 267.344
1890	1	25299.1	314495	314482	13.125	2056	8797	2539	4	0.0001 Colloc0 2056 44384 0.117653 287.492
1900	1	25415.3	315005	314992	13.1596	2077	8576	2760	7	0.0001 Colloc0 2077 44402 0.127941 290.064
1910	1	25532	314718	314705	13.0953	2067	8580	2756	5	0.0001 Colloc0 2067 44390 0.136411 285.285
1920	1	25648.2	315020	315007	13.2152	2074	8504	2832	6	0.0001 Colloc0 2074 44314 0.116874 294.218
1930	1	25761.8	315201	315188	13.1304	2096	8494	2842	4	0.0001 Colloc0 2096 44382 0.134467 287.89
1940	1	25881.1	314884	314871	13.1441	2107	8701	2635	3	0.0001 Colloc0 2107 44362 0.147744 288.911
1950	1	25995.3	314752	314738	13.4181	2067	8709	2627	3	0.0001 Colloc0 2067 44381 0.124949 309.499
1960	1	26110.1	314372	314359	13.05	2040	8839	2497	5	0.0001 Colloc0 2040 44383 0.128305 281.923
1970	1	26223.6	314507	314494	12.8406	2112	8875	2461	2	0.0001 Colloc0 2112 44369 0.151151 266.54
1980	1	26335.6	314544	314531	13.1458	2114	8708	2628	2	0.0001 Colloc0 2114 44333 0.141652 289.035
1990	1	26445.2	314295	314282	12.8507	2113	8729	2607	4	0.0001 Colloc0 2113 44297 0.161206 267.274
2000	1	26553	313815	313802	13.1821	2085	8862	2474	5	0.0001 Colloc0 2085 44272 0.129988 291.747
