# D = 0, E = 1, I = 1, P = 1, R = -1, n = 2000, N = 1, P = 1, w = 1, a = 0.0001, b = 10000, e = 1, f = 1, g = 100, h = 0.01, r = 16450, s = 1, S = 0, x = 10, m = 100, Z = 1, z = 0, T = 1, t = 1
# 131956 tokens in 11336 sentences
#
# It	Temp	Time	-logP	-logPcorpus	-logPrior	tables	same	changed	reject	default_pya	(parent pym pyn pya pyb)*
0	1	17.1264	534357	534243	113.764	13736	0	11336	0	0.0001 Colloc0 13736 67273 0.0001 10000
10	1	255.912	402968	402953	14.831	3465	3067	8269	6	0.0001 Colloc0 3465 54765 0.196563 420.453
20	1	403.237	387339	387323	15.8038	2347	3549	7787	9	0.0001 Colloc0 2347 53672 0.0130599 500.485
30	1	549.025	378709	378694	14.9379	2091	3830	7506	5	0.0001 Colloc0 2091 52973 0.00805026 429.124
40	1	687.222	373133	373118	14.4668	2017	3895	7441	5	0.0001 Colloc0 2017 52458 0.0275384 391.177
50	1	829.104	368867	368853	14.5994	1974	4174	7162	6	0.0001 Colloc0 1974 52027 0.00114488 401.79
60	1	963.852	365932	365918	14.3243	1992	4310	7026	7	0.0001 Colloc0 1992 51775 0.0279809 379.838
70	1	1097.84	362227	362214	13.4276	1972	4542	6794	8	0.0001 Colloc0 1972 51290 0.0614109 310.219
80	1	1238.49	358932	358918	13.8586	1953	4749	6587	8	0.0001 Colloc0 1953 51130 0.0535069 343.286
90	1	1378.61	356254	356240	13.6606	1918	4859	6477	6	0.0001 Colloc0 1918 50812 0.0514688 328
100	1	1519.01	354618	354604	13.9149	1924	5131	6205	8	0.0001 Colloc0 1924 50594 0.0310684 347.661
110	1	1655.57	352738	352724	14.18	1924	5183	6153	7	0.0001 Colloc0 1924 50420 0.0198511 368.434
120	1	1788.66	352861	352847	14.1294	1961	5061	6275	5	0.0001 Colloc0 1961 50223 0.0437613 364.45
130	1	1929.72	350153	350139	13.7672	1919	5277	6059	5	0.0001 Colloc0 1919 49887 0.048228 336.212
140	1	2069.57	348856	348843	13.435	1944	5434	5902	6	0.0001 Colloc0 1944 49675 0.0854248 310.781
150	1	2208.97	348266	348252	13.3442	1949	5343	5993	4	0.0001 Colloc0 1949 49424 0.0832866 303.908
160	1	2349.12	347297	347283	13.8111	1934	5324	6012	5	0.0001 Colloc0 1934 49256 0.0520431 339.606
170	1	2485.54	345831	345818	13.3643	1955	5282	6054	6	0.0001 Colloc0 1955 49070 0.0811525 305.429
180	1	2622.92	345837	345823	13.8158	1948	5360	5976	6	0.0001 Colloc0 1948 48995 0.0632604 339.972
190	1	2761.16	345193	345180	13.3533	1976	5425	5911	8	0.0001 Colloc0 1976 48874 0.0844509 304.599
200	1	2901.13	343612	343599	13.6295	1973	5604	5732	4	0.0001 Colloc0 1973 48742 0.0613851 325.611
210	1	3040.81	342674	342661	13.185	1979	5743	5593	7	0.0001 Colloc0 1979 48633 0.0919023 291.959
220	1	3173.64	339218	339205	13.3181	1969	6075	5261	5	0.0001 Colloc0 1969 48268 0.0885503 301.94
230	1	3313.42	338141	338128	13.0852	1970	6251	5085	5	0.0001 Colloc0 1970 48164 0.108134 284.536
240	1	3454.18	338207	338193	13.564	1962	6278	5058	5	0.0001 Colloc0 1962 48143 0.0838141 320.6
250	1	3593.11	337278	337265	13.5149	2002	6615	4721	3	0.0001 Colloc0 2002 48057 0.0720011 316.85
260	1	3731.93	337014	337000	13.5958	1956	6620	4716	4	0.0001 Colloc0 1956 48064 0.0724867 323.028
270	1	3868.58	337150	337136	13.3119	1955	6560	4776	6	0.0001 Colloc0 1955 48045 0.0893415 301.475
280	1	4006.26	335913	335899	13.2644	1966	6477	4859	3	0.0001 Colloc0 1966 47882 0.0943214 297.908
290	1	4143.46	335197	335184	12.9671	1921	6684	4652	3	0.0001 Colloc0 1921 47902 0.111127 275.804
300	1	4280.08	335428	335416	12.6703	1982	6743	4593	5	0.0001 Colloc0 1982 47872 0.132271 254.203
310	1	4419.72	335660	335647	13.2172	2011	6718	4618	6	0.0001 Colloc0 2011 47793 0.11081 294.365
320	1	4554.19	335604	335591	13.0251	1989	6828	4508	6	0.0001 Colloc0 1989 47831 0.104657 280.084
330	1	4689.88	335303	335289	13.675	1975	6806	4530	6	0.0001 Colloc0 1975 47767 0.077954 329.107
340	1	4826.26	335475	335462	13.3476	1995	6688	4648	8	0.0001 Colloc0 1995 47733 0.0897415 304.168
350	1	4958.32	335694	335681	13.192	2021	6639	4697	4	0.0001 Colloc0 2021 47740 0.109775 292.488
360	1	5092.42	333969	333956	13.3701	2022	7072	4264	6	0.0001 Colloc0 2022 47700 0.109594 305.862
370	1	5231.99	333797	333783	13.4901	1978	6892	4444	6	0.0001 Colloc0 1978 47589 0.0985944 314.966
380	1	5369.71	334574	334561	13.2439	1956	6722	4614	6	0.0001 Colloc0 1956 47582 0.0917943 296.37
390	1	5507.95	334264	334251	13.4453	2012	6696	4640	5	0.0001 Colloc0 2012 47470 0.0892602 311.561
400	1	5642.15	333812	333798	13.3355	2000	6905	4431	6	0.0001 Colloc0 2000 47450 0.0882802 303.251
410	1	5777.93	333726	333713	12.9626	2036	6896	4440	9	0.0001 Colloc0 2036 47361 0.121072 275.475
420	1	5915.82	333522	333508	13.7482	1991	6892	4444	8	0.0001 Colloc0 1991 47405 0.0701997 334.744
430	1	6055.21	332674	332661	13.108	2004	6980	4356	7	0.0001 Colloc0 2004 47349 0.121962 286.226
440	1	6193.63	331716	331703	12.972	1990	7229	4107	4	0.0001 Colloc0 1990 47278 0.125274 276.168
450	1	6329.52	331765	331752	13.4739	1981	7131	4205	6	0.0001 Colloc0 1981 47227 0.0980084 313.734
460	1	6465.97	331577	331564	13.3074	2001	7187	4149	8	0.0001 Colloc0 2001 47253 0.076499 301.134
470	1	6604.39	331314	331300	13.3553	2025	7132	4204	4	0.0001 Colloc0 2025 47127 0.103708 304.749
480	1	6738.39	331387	331374	13.2804	2021	7164	4172	5	0.0001 Colloc0 2021 47126 0.11077 299.107
490	1	6873.69	330920	330907	13.0676	2008	7220	4116	6	0.0001 Colloc0 2008 47156 0.127732 283.231
500	1	7010.43	330413	330399	13.7853	1988	7340	3996	10	0.0001 Colloc0 1988 47056 0.0911826 337.607
510	1	7149.77	330314	330301	13.3851	1997	7267	4069	6	0.0001 Colloc0 1997 47104 0.0970485 307
520	1	7286.81	329662	329649	13.5039	1977	7358	3978	4	0.0001 Colloc0 1977 47028 0.0879099 316.013
530	1	7422.57	328951	328937	13.358	1995	7588	3748	6	0.0001 Colloc0 1995 47022 0.095885 304.954
540	1	7560.06	329311	329298	13.3901	1999	7659	3677	4	0.0001 Colloc0 1999 47055 0.101404 307.374
550	1	7698.62	329072	329059	13.2259	1976	7708	3628	6	0.0001 Colloc0 1976 47032 0.0931335 295.017
560	1	7835.93	329669	329656	12.6715	1976	7544	3792	7	0.0001 Colloc0 1976 47008 0.137702 254.286
570	1	7971.02	328875	328862	12.8923	2011	7546	3790	7	0.0001 Colloc0 2011 46867 0.135755 270.314
580	1	8109.04	329264	329251	13.0209	2022	7404	3932	8	0.0001 Colloc0 2022 46934 0.115416 279.774
590	1	8241.4	328107	328094	13.0292	2022	7742	3594	6	0.0001 Colloc0 2022 46850 0.121073 280.383
600	1	8374.51	327519	327506	13.2208	1982	7860	3476	6	0.0001 Colloc0 1982 46850 0.10388 294.638
610	1	8513.16	326747	326734	12.9939	1999	7923	3413	7	0.0001 Colloc0 1999 46728 0.11752 277.78
620	1	8650.44	326030	326017	13.2364	2000	7972	3364	9	0.0001 Colloc0 2000 46653 0.109834 295.803
630	1	8787.2	325821	325808	13.6367	2013	8047	3289	8	0.0001 Colloc0 2013 46600 0.0872961 326.161
640	1	8925.75	326104	326091	13.2984	1999	7841	3495	7	0.0001 Colloc0 1999 46579 0.105482 300.457
650	1	9063.12	326229	326216	12.8833	2014	7794	3542	5	0.0001 Colloc0 2014 46572 0.134248 269.659
660	1	9196.3	326240	326227	13.2838	2010	7662	3674	9	0.0001 Colloc0 2010 46556 0.118127 299.361
670	1	9330.07	325793	325780	13.0774	2001	7571	3765	6	0.0001 Colloc0 2001 46522 0.127042 283.952
680	1	9465.69	326161	326147	13.4014	2023	7576	3760	4	0.0001 Colloc0 2023 46546 0.107627 308.231
690	1	9600.5	326213	326200	12.9123	2029	7391	3945	8	0.0001 Colloc0 2029 46490 0.13253 271.78
700	1	9736.97	326506	326493	12.7202	2017	7292	4044	5	0.0001 Colloc0 2017 46517 0.13713 257.797
710	1	9872.98	326131	326118	13.3732	2018	7372	3964	8	0.0001 Colloc0 2018 46512 0.114559 306.1
720	1	10012.5	325516	325503	12.6873	2006	7516	3820	6	0.0001 Colloc0 2006 46472 0.135049 255.425
730	1	10150.5	325332	325319	13.3029	2003	7561	3775	6	0.0001 Colloc0 2003 46432 0.101414 300.795
740	1	10289.1	325351	325338	13.5013	1988	7487	3849	8	0.0001 Colloc0 1988 46401 0.0842031 315.819
750	1	10427.4	325571	325559	12.7908	2029	7464	3872	5	0.0001 Colloc0 2029 46391 0.137766 262.913
760	1	10563.9	325871	325858	13.3512	2052	7471	3865	4	0.0001 Colloc0 2052 46369 0.126404 304.436
770	1	10704.2	326212	326199	13.0827	2016	7426	3910	8	0.0001 Colloc0 2016 46421 0.132602 284.351
780	1	10834.8	326455	326441	13.478	2034	7410	3926	6	0.0001 Colloc0 2034 46383 0.101773 314.041
790	1	10963.6	325820	325806	13.9949	2038	7642	3694	6	0.0001 Colloc0 2038 46373 0.0818174 353.901
800	1	11099.4	324596	324583	12.7467	2039	7586	3750	6	0.0001 Colloc0 2039 46228 0.136256 259.718
