# D = 0, E = 1, I = 1, P = 1, R = -1, n = 2000, N = 1, P = 1, w = 1, a = 0.0001, b = 10000, e = 1, f = 1, g = 100, h = 0.01, r = 23114, s = 1, S = 0, x = 10, m = 100, Z = 1, z = 0, T = 1, t = 1
# 131956 tokens in 11336 sentences
#
# It	Temp	Time	-logP	-logPcorpus	-logPrior	tables	same	changed	reject	default_pya	(parent pym pyn pya pyb)*
0	1	13.5089	443055	442942	113.764	10124	0	11336	0	0.0001 Colloc0 10124 54728 0.0001 10000
10	1	191.856	373677	373661	15.6317	3026	3528	7808	10	0.0001 Colloc0 3026 50219 0.117602 486.155
20	1	330.864	359846	359831	15.2364	2327	4132	7204	5	0.0001 Colloc0 2327 49431 0.0284408 453.502
30	1	468.963	353945	353931	14.8223	2180	4481	6855	7	0.0001 Colloc0 2180 49110 0.0346618 419.749
40	1	611.977	350519	350505	14.612	2166	4864	6472	6	0.0001 Colloc0 2166 48951 0.0473542 402.801
50	1	749.9	347153	347139	14.1065	2092	5142	6194	8	0.0001 Colloc0 2092 48858 0.0532702 362.645
60	1	886.821	344741	344727	14.1878	2041	5522	5814	5	0.0001 Colloc0 2041 48785 0.0552092 369.044
70	1	1027.61	343154	343141	13.67	2035	5753	5583	6	0.0001 Colloc0 2035 48599 0.0794495 328.72
80	1	1169.9	340847	340833	14.4003	2025	6115	5221	8	0.0001 Colloc0 2025 48375 0.0531909 385.879
90	1	1306.53	340128	340114	14.0243	2060	6226	5110	7	0.0001 Colloc0 2060 48243 0.0664833 356.203
100	1	1447.41	338380	338366	13.8555	2012	6259	5077	5	0.0001 Colloc0 2012 48100 0.0664031 343.046
110	1	1589.22	337649	337635	13.4659	2015	6349	4987	4	0.0001 Colloc0 2015 47964 0.093156 313.121
120	1	1730.19	337426	337412	13.6506	2058	6368	4968	3	0.0001 Colloc0 2058 47891 0.0878508 327.229
130	1	1865.74	336666	336652	13.9539	2034	6589	4747	6	0.0001 Colloc0 2034 47858 0.0702457 350.704
140	1	1998.03	333904	333890	13.669	2013	6897	4439	5	0.0001 Colloc0 2013 47661 0.0964807 328.647
150	1	2133.31	333679	333666	13.5255	2030	6856	4480	6	0.0001 Colloc0 2030 47564 0.0882764 317.66
160	1	2271.97	333882	333868	13.5483	2066	6900	4436	5	0.0001 Colloc0 2066 47459 0.0944883 319.399
170	1	2402.89	334290	334276	13.359	2059	6706	4630	8	0.0001 Colloc0 2059 47473 0.114887 305.026
180	1	2537.34	333898	333885	13.11	2053	6621	4715	9	0.0001 Colloc0 2053 47370 0.123686 286.377
190	1	2678.69	333667	333654	13.0967	2046	6699	4637	8	0.0001 Colloc0 2046 47328 0.132419 285.387
200	1	2818.74	333379	333366	13.1963	2097	6772	4564	6	0.0001 Colloc0 2097 47289 0.132315 292.808
210	1	2953.26	332839	332825	13.3814	2037	6707	4629	7	0.0001 Colloc0 2037 47304 0.107931 306.716
220	1	3085.18	332679	332666	13.6394	2032	6768	4568	7	0.0001 Colloc0 2032 47276 0.0882478 326.374
230	1	3220.56	331939	331925	13.5364	2043	6855	4481	5	0.0001 Colloc0 2043 47215 0.0983762 318.493
240	1	3357.82	331060	331047	13.6536	2017	6996	4340	5	0.0001 Colloc0 2017 47144 0.0797686 327.462
250	1	3492.68	330606	330593	13.0927	2041	7131	4205	7	0.0001 Colloc0 2041 47155 0.128465 285.09
260	1	3629.5	331169	331155	13.7131	1983	6961	4375	5	0.0001 Colloc0 1983 47138 0.075502 332.035
270	1	3761.48	331461	331447	13.5476	2040	6804	4532	6	0.0001 Colloc0 2040 47068 0.0857145 319.345
280	1	3899.28	330678	330665	13.4625	2008	6884	4452	4	0.0001 Colloc0 2008 47062 0.0888788 312.868
290	1	4032.51	330084	330071	13.1054	2025	7105	4231	6	0.0001 Colloc0 2025 47021 0.124147 286.034
300	1	4169.11	329908	329895	13.3408	1988	7099	4237	4	0.0001 Colloc0 1988 47022 0.0944176 303.653
310	1	4306.72	330146	330133	13.2196	2029	7163	4173	6	0.0001 Colloc0 2029 47013 0.098898 294.545
320	1	4444.24	329328	329314	13.5851	2019	7154	4182	6	0.0001 Colloc0 2019 46994 0.0943539 322.212
330	1	4582.1	329150	329137	13.3578	2001	7205	4131	5	0.0001 Colloc0 2001 46975 0.0987859 304.933
340	1	4719.9	329537	329524	13.1077	2033	7056	4280	4	0.0001 Colloc0 2033 46918 0.121139 286.205
350	1	4858.21	327645	327632	13.2564	2000	7390	3946	4	0.0001 Colloc0 2000 46823 0.108488 297.303
360	1	4993.49	327184	327171	12.9938	1989	7557	3779	5	0.0001 Colloc0 1989 46763 0.10426 277.771
370	1	5133.22	326670	326658	12.922	1992	7619	3717	5	0.0001 Colloc0 1992 46756 0.124069 272.491
380	1	5269.94	327847	327834	12.9497	2005	7233	4103	5	0.0001 Colloc0 2005 46707 0.127357 274.525
390	1	5406.55	327856	327843	12.8005	2067	7213	4123	6	0.0001 Colloc0 2067 46702 0.142724 263.62
400	1	5541.57	326398	326385	13.2658	2009	7641	3695	7	0.0001 Colloc0 2009 46695 0.111374 298.008
410	1	5680.48	326740	326727	13.2701	2049	7559	3777	5	0.0001 Colloc0 2049 46633 0.105768 298.336
420	1	5817.92	327383	327370	13.0874	2037	7371	3965	4	0.0001 Colloc0 2037 46641 0.128009 284.693
430	1	5953.59	326649	326636	13.1691	2028	7540	3796	4	0.0001 Colloc0 2028 46620 0.129569 290.777
440	1	6093.2	326613	326600	13.218	2033	7543	3793	7	0.0001 Colloc0 2033 46612 0.107693 294.425
450	1	6232.26	326688	326675	13.0195	2038	7463	3873	5	0.0001 Colloc0 2038 46604 0.123015 279.667
460	1	6370.43	326220	326207	13.2923	2052	7474	3862	5	0.0001 Colloc0 2052 46580 0.124341 300.001
470	1	6509.94	326133	326120	13.2167	2042	7501	3835	7	0.0001 Colloc0 2042 46444 0.122679 294.334
480	1	6648.56	326173	326160	13.0708	2047	7610	3726	5	0.0001 Colloc0 2047 46439 0.119239 283.462
490	1	6787.04	325636	325624	12.6941	2091	7661	3675	6	0.0001 Colloc0 2091 46402 0.159878 255.915
500	1	6919.7	325102	325089	13.1282	2059	7882	3454	6	0.0001 Colloc0 2059 46346 0.124039 287.728
510	1	7054.45	325281	325267	13.5261	2035	7698	3638	3	0.0001 Colloc0 2035 46337 0.100212 317.704
520	1	7185.63	324915	324901	13.8024	2079	7693	3643	5	0.0001 Colloc0 2079 46250 0.108839 338.934
530	1	7320.17	321609	321595	13.6667	2042	8087	3249	5	0.0001 Colloc0 2042 45920 0.101618 328.47
540	1	7458.42	321229	321216	13.0484	2024	8010	3326	4	0.0001 Colloc0 2024 45904 0.112352 281.805
550	1	7596.22	320983	320971	12.7719	2016	8118	3218	3	0.0001 Colloc0 2016 45849 0.130441 261.541
560	1	7735.26	321148	321135	13.2761	2057	8159	3177	2	0.0001 Colloc0 2057 45805 0.122353 298.785
570	1	7874.61	321160	321147	12.8292	2046	8186	3150	4	0.0001 Colloc0 2046 45767 0.1479 265.711
580	1	8011.17	320345	320332	12.9062	2029	8367	2969	2	0.0001 Colloc0 2029 45793 0.140447 271.337
590	1	8149.45	320655	320643	12.622	2056	8351	2985	4	0.0001 Colloc0 2056 45799 0.154846 250.731
600	1	8286.67	320323	320310	12.9739	2068	8414	2922	3	0.0001 Colloc0 2068 45759 0.135739 276.309
610	1	8425.08	319453	319440	12.9293	2028	8442	2894	4	0.0001 Colloc0 2028 45735 0.120579 273.027
620	1	8562.24	318913	318900	12.6766	2029	8655	2681	4	0.0001 Colloc0 2029 45708 0.139472 254.653
630	1	8699.2	319176	319163	12.7781	2045	8486	2850	4	0.0001 Colloc0 2045 45678 0.156825 261.991
640	1	8836.14	318119	318106	13.0619	1989	8701	2635	4	0.0001 Colloc0 1989 45550 0.123764 282.809
650	1	8972.43	317646	317634	12.4257	2036	8865	2471	4	0.0001 Colloc0 2036 45560 0.176537 236.777
660	1	9108.96	317640	317627	12.8427	2062	8938	2398	5	0.0001 Colloc0 2062 45475 0.150186 266.696
670	1	9246.4	318030	318017	13.1408	2024	8804	2532	5	0.0001 Colloc0 2024 45456 0.113767 288.665
680	1	9377.58	317742	317729	12.8797	2036	8952	2384	3	0.0001 Colloc0 2036 45420 0.127951 269.397
690	1	9514.73	318435	318422	13.1287	2086	8737	2599	3	0.0001 Colloc0 2086 45346 0.13925 287.767
700	1	9649.47	317677	317664	13.1978	2071	8844	2492	4	0.0001 Colloc0 2071 45256 0.13751 292.918
710	1	9785.37	317597	317584	13.0017	2079	8881	2455	5	0.0001 Colloc0 2079 45266 0.149468 278.356
720	1	9922.78	317808	317795	12.8384	2100	8775	2561	4	0.0001 Colloc0 2100 45268 0.153172 266.379
730	1	10053.7	318058	318045	13.3363	2115	8803	2533	4	0.0001 Colloc0 2115 45262 0.115036 303.313
740	1	10189.1	317210	317197	12.5767	2067	8867	2469	5	0.0001 Colloc0 2067 45250 0.175393 247.49
750	1	10324.7	316528	316515	12.6264	2041	8953	2383	2	0.0001 Colloc0 2041 45102 0.154341 251.045
760	1	10461.5	316586	316574	12.7371	2049	8856	2480	4	0.0001 Colloc0 2049 45027 0.136987 259.02
770	1	10599.4	316920	316907	12.7381	2088	8812	2524	3	0.0001 Colloc0 2088 45021 0.151518 259.096
780	1	10738.2	316536	316523	12.7679	2051	8836	2500	4	0.0001 Colloc0 2051 45035 0.145507 261.257
790	1	10875.2	316149	316137	12.6385	2054	8964	2372	2	0.0001 Colloc0 2054 44937 0.147609 251.916
800	1	11014.3	315989	315976	13.075	2070	8994	2342	5	0.0001 Colloc0 2070 44953 0.135419 283.777
810	1	11152.1	316661	316648	13.1237	2068	8801	2535	3	0.0001 Colloc0 2068 44996 0.137119 287.395
820	1	11286.6	316441	316428	13.4111	2041	8818	2518	6	0.0001 Colloc0 2041 44919 0.102915 308.967
830	1	11426.3	316074	316061	13.0362	2070	8830	2506	4	0.0001 Colloc0 2070 44901 0.136763 280.906
840	1	11557.6	316386	316373	12.9056	2088	8700	2636	5	0.0001 Colloc0 2088 44929 0.147731 271.291
850	1	11694.1	316119	316106	13.1185	2075	8780	2556	5	0.0001 Colloc0 2075 44851 0.127596 287.003
860	1	11830.8	316598	316585	13.1969	2120	8669	2667	5	0.0001 Colloc0 2120 44840 0.116748 292.851
870	1	11968.3	316254	316241	13.0616	2055	8797	2539	4	0.0001 Colloc0 2055 44831 0.137475 282.785
880	1	12101.5	315509	315496	13.0048	2080	8919	2417	2	0.0001 Colloc0 2080 44866 0.150135 278.582
890	1	12237.2	314461	314448	13.087	2090	9070	2266	3	0.0001 Colloc0 2090 44708 0.149503 284.664
900	1	12375.1	314461	314448	13.2963	2078	9133	2203	4	0.0001 Colloc0 2078 44711 0.114623 300.304
910	1	12511.9	314267	314254	12.7071	2051	9161	2175	5	0.0001 Colloc0 2051 44711 0.143114 256.854
920	1	12642.4	314899	314886	13.0707	2052	9139	2197	3	0.0001 Colloc0 2052 44706 0.131982 283.455
930	1	12777.8	314686	314674	12.5005	2095	9166	2170	2	0.0001 Colloc0 2095 44650 0.171593 242.065
940	1	12913.2	314794	314781	12.6418	2085	9058	2278	3	0.0001 Colloc0 2085 44625 0.153588 252.153
950	1	13049.9	314581	314568	12.968	2091	9006	2330	4	0.0001 Colloc0 2091 44633 0.139303 275.872
960	1	13180.2	315189	315176	13.2392	2089	8839	2497	3	0.0001 Colloc0 2089 44638 0.123592 296.014
970	1	13316.5	314913	314900	12.7804	2082	8892	2444	3	0.0001 Colloc0 2082 44593 0.144464 262.161
980	1	13454.4	315330	315317	13.3721	2073	8816	2520	2	0.0001 Colloc0 2073 44612 0.125952 306.02
990	1	13593.1	314697	314684	12.9019	2051	8969	2367	1	0.0001 Colloc0 2051 44604 0.154129 271.017
1000	1	13729.1	314091	314078	12.8714	2086	9193	2143	3	0.0001 Colloc0 2086 44599 0.15023 268.791
1010	1	13867.3	313872	313859	12.9371	2095	9174	2162	3	0.0001 Colloc0 2095 44499 0.13263 273.604
1020	1	14005.3	314866	314853	12.6162	2101	8955	2381	2	0.0001 Colloc0 2101 44531 0.165334 250.317
1030	1	14141	314471	314458	13.351	2095	9119	2217	4	0.0001 Colloc0 2095 44506 0.11621 304.422
1040	1	14271.9	313895	313882	13.0938	2059	9162	2174	1	0.0001 Colloc0 2059 44442 0.125469 285.174
1050	1	14409.5	313809	313796	13.459	2093	9206	2130	1	0.0001 Colloc0 2093 44407 0.0969692 312.602
1060	1	14548	314115	314101	13.2291	2078	9148	2188	1	0.0001 Colloc0 2078 44509 0.131494 295.258
1070	1	14683.3	313513	313500	13.0115	2053	9227	2109	3	0.0001 Colloc0 2053 44454 0.133474 279.076
1080	1	14823.2	313839	313826	13.5008	2074	9155	2181	3	0.0001 Colloc0 2074 44484 0.12286 315.78
1090	1	14959.6	313201	313188	13.1247	2054	9345	1991	2	0.0001 Colloc0 2054 44442 0.125208 287.465
1100	1	15095.6	313555	313541	13.4595	2083	9190	2146	4	0.0001 Colloc0 2083 44417 0.125732 312.634
1110	1	15235.2	313839	313826	12.978	2120	9083	2253	1	0.0001 Colloc0 2120 44412 0.149221 276.607
1120	1	15373.2	313545	313532	12.9506	2061	9086	2250	4	0.0001 Colloc0 2061 44349 0.149943 274.594
1130	1	15508.3	313689	313676	12.9963	2100	9058	2278	4	0.0001 Colloc0 2100 44378 0.131233 277.961
1140	1	15646.2	313681	313668	13.5275	2073	9035	2301	2	0.0001 Colloc0 2073 44388 0.114175 317.811
1150	1	15784.2	313705	313693	12.9124	2084	9024	2312	3	0.0001 Colloc0 2084 44353 0.138679 271.789
1160	1	15914.8	313496	313482	13.1257	2085	9022	2314	3	0.0001 Colloc0 2085 44322 0.150935 287.543
1170	1	16049.7	313774	313760	13.3592	2094	8932	2404	4	0.0001 Colloc0 2094 44265 0.108025 305.039
1180	1	16184.7	313287	313274	13.0639	2061	9029	2307	6	0.0001 Colloc0 2061 44292 0.131573 282.956
1190	1	16323.6	313441	313428	13.0811	2092	9017	2319	1	0.0001 Colloc0 2092 44266 0.152057 284.228
1200	1	16462.7	313027	313014	13.2311	2089	9090	2246	2	0.0001 Colloc0 2089 44255 0.12993 295.411
1210	1	16599.5	313045	313032	13.0373	2082	9156	2180	4	0.0001 Colloc0 2082 44250 0.136154 280.983
1220	1	16737.9	312775	312762	12.8687	2081	9150	2186	7	0.0001 Colloc0 2081 44217 0.139324 268.594
1230	1	16874.5	312745	312732	12.7217	2083	9212	2124	3	0.0001 Colloc0 2083 44196 0.16696 257.908
1240	1	17009.4	312332	312319	13.2103	2025	9191	2145	1	0.0001 Colloc0 2025 44081 0.117577 293.852
1250	1	17145.6	312206	312193	12.938	2056	9156	2180	4	0.0001 Colloc0 2056 44019 0.11781 273.667
1260	1	17276.6	311730	311717	13.3064	2045	9331	2005	5	0.0001 Colloc0 2045 44029 0.113796 301.061
1270	1	17406.4	311993	311980	13.0846	2064	9255	2081	3	0.0001 Colloc0 2064 43983 0.141469 284.487
1280	1	17538.5	311965	311953	12.7795	2049	9291	2045	3	0.0001 Colloc0 2049 43957 0.139743 262.097
1290	1	17668.7	312417	312404	13.1996	2081	9122	2214	4	0.0001 Colloc0 2081 43995 0.128689 293.052
1300	1	17804.3	311961	311948	13.2606	2060	9257	2079	2	0.0001 Colloc0 2060 43992 0.127256 297.619
1310	1	17941.5	311945	311932	12.9953	2053	9359	1977	2	0.0001 Colloc0 2053 44022 0.12517 277.881
1320	1	18079.7	311787	311775	12.5648	2064	9344	1992	3	0.0001 Colloc0 2064 43996 0.177435 246.639
1330	1	18217.6	311665	311652	12.7546	2082	9359	1977	3	0.0001 Colloc0 2082 43941 0.1494 260.287
1340	1	18354.3	311446	311432	13.0661	2068	9409	1927	4	0.0001 Colloc0 2068 43969 0.137251 283.118
1350	1	18490.5	311080	311067	13.0669	2046	9560	1776	3	0.0001 Colloc0 2046 43992 0.136016 283.176
1360	1	18629.4	311796	311783	12.9861	2097	9376	1960	3	0.0001 Colloc0 2097 43959 0.130309 277.202
1370	1	18765.8	311696	311683	13.2166	2081	9380	1956	7	0.0001 Colloc0 2081 43989 0.127912 294.321
1380	1	18901	311883	311870	12.9696	2096	9243	2093	2	0.0001 Colloc0 2096 43968 0.155397 275.994
1390	1	19040.2	312127	312114	12.9343	2084	9169	2167	3	0.0001 Colloc0 2084 44004 0.150221 273.399
1400	1	19174.1	312044	312031	13.0287	2065	9135	2201	5	0.0001 Colloc0 2065 43905 0.147179 280.353
1410	1	19311.8	312533	312520	13.3077	2109	8969	2367	3	0.0001 Colloc0 2109 43935 0.129583 301.157
1420	1	19449.7	312353	312339	13.0597	2098	8989	2347	2	0.0001 Colloc0 2098 43890 0.146735 282.642
1430	1	19585.3	312351	312337	13.409	2094	9010	2326	4	0.0001 Colloc0 2094 43921 0.11833 308.81
1440	1	19719.8	311865	311852	12.9719	2071	9144	2192	4	0.0001 Colloc0 2071 43913 0.121724 276.162
1450	1	19855.4	312077	312065	12.3198	2124	9071	2265	3	0.0001 Colloc0 2124 43916 0.184964 229.338
1460	1	19987.7	312088	312074	13.4806	2105	9023	2313	3	0.0001 Colloc0 2105 43881 0.120098 314.237
1470	1	20125	312565	312552	12.8458	2126	8916	2420	2	0.0001 Colloc0 2126 43852 0.166986 266.922
1480	1	20263.1	312422	312409	12.9885	2088	8996	2340	4	0.0001 Colloc0 2088 43844 0.141329 277.383
1490	1	20396.4	311508	311495	13.1569	2075	9167	2169	4	0.0001 Colloc0 2075 43805 0.126679 289.868
1500	1	20532.6	311513	311499	13.9017	2071	9236	2100	2	0.0001 Colloc0 2071 43778 0.107084 346.64
1510	1	20666.1	311374	311361	13.0979	2116	9356	1980	3	0.0001 Colloc0 2116 43792 0.138967 285.474
1520	1	20801.9	311572	311559	12.9685	2070	9254	2082	4	0.0001 Colloc0 2070 43789 0.154522 275.913
1530	1	20937.5	311975	311961	13.1377	2098	9172	2164	4	0.0001 Colloc0 2098 43784 0.152447 288.432
1540	1	21073.4	311367	311354	13.8429	2072	9288	2048	5	0.0001 Colloc0 2072 43805 0.100391 342.07
1550	1	21207.6	311838	311825	13.4201	2102	9053	2283	2	0.0001 Colloc0 2102 43726 0.135093 309.652
1560	1	21344.5	311986	311973	13.2235	2090	9020	2316	3	0.0001 Colloc0 2090 43761 0.118078 294.84
1570	1	21480.6	311652	311638	13.5549	2087	9083	2253	6	0.0001 Colloc0 2087 43751 0.11269 319.906
1580	1	21616.2	311842	311829	13.3038	2096	9048	2288	2	0.0001 Colloc0 2096 43665 0.132445 300.87
1590	1	21745.7	311880	311867	13.6978	2093	9038	2298	4	0.0001 Colloc0 2093 43649 0.10498 330.859
1600	1	21852.2	311971	311958	13.1563	2092	8951	2385	3	0.0001 Colloc0 2092 43630 0.14315 289.82
1610	1	21958.2	311404	311390	13.2269	2058	9099	2237	3	0.0001 Colloc0 2058 43630 0.129449 295.096
1620	1	22064.6	311466	311453	12.9938	2060	9061	2275	5	0.0001 Colloc0 2060 43619 0.142635 277.775
1630	1	22170	311324	311310	13.3214	2065	9295	2041	3	0.0001 Colloc0 2065 43647 0.142249 302.192
1640	1	22276.3	311222	311209	12.5885	2105	9258	2078	2	0.0001 Colloc0 2105 43615 0.162462 248.334
1650	1	22383.2	311168	311155	12.9	2080	9194	2142	5	0.0001 Colloc0 2080 43587 0.144161 270.884
1660	1	22487.9	311345	311331	13.1459	2068	9166	2170	4	0.0001 Colloc0 2068 43610 0.132457 289.042
1670	1	22592.8	310937	310923	13.1912	2083	9297	2039	6	0.0001 Colloc0 2083 43583 0.131831 292.424
1680	1	22698.3	311262	311249	12.9853	2098	9278	2058	2	0.0001 Colloc0 2098 43569 0.139211 277.149
1690	1	22802.4	311098	311084	13.5376	2076	9192	2144	2	0.0001 Colloc0 2076 43520 0.105342 318.58
1700	1	22906.1	311088	311075	13.2757	2098	9231	2105	5	0.0001 Colloc0 2098 43537 0.130909 298.751
1710	1	23004.6	311486	311473	13.4915	2102	9142	2194	7	0.0001 Colloc0 2102 43536 0.118331 315.073
1720	1	23103.7	311346	311333	13.0354	2087	9119	2217	6	0.0001 Colloc0 2087 43517 0.13504 280.846
1730	1	23202.5	311308	311295	12.986	2094	9187	2149	6	0.0001 Colloc0 2094 43529 0.141441 277.195
1740	1	23307.3	311304	311290	13.5344	2104	9326	2010	4	0.0001 Colloc0 2104 43542 0.112762 318.342
1750	1	23413.1	311742	311728	13.5204	2100	9117	2219	4	0.0001 Colloc0 2100 43569 0.105746 317.273
1760	1	23518.7	311177	311164	13.1531	2078	9166	2170	7	0.0001 Colloc0 2078 43561 0.122468 289.579
1770	1	23622.1	311218	311204	13.3304	2091	9190	2146	2	0.0001 Colloc0 2091 43530 0.131369 302.872
1780	1	23728	310905	310892	13.0761	2041	9237	2099	2	0.0001 Colloc0 2041 43539 0.125878 283.861
1790	1	23831	310231	310217	13.1307	2063	9330	2006	2	0.0001 Colloc0 2063 43485 0.127419 287.91
1800	1	23936.1	310358	310345	13.1267	2075	9387	1949	4	0.0001 Colloc0 2075 43518 0.132544 287.617
1810	1	24041	310342	310328	13.5669	2050	9369	1967	4	0.0001 Colloc0 2050 43539 0.100712 320.823
1820	1	24147.5	310887	310873	13.5986	2097	9288	2048	4	0.0001 Colloc0 2097 43549 0.120354 323.243
1830	1	24251.1	310729	310716	12.8745	2099	9342	1994	2	0.0001 Colloc0 2099 43558 0.162687 269.012
1840	1	24353.7	310895	310882	13.4293	2101	9239	2097	4	0.0001 Colloc0 2101 43484 0.129567 310.349
1850	1	24458.4	310783	310771	12.8206	2095	9275	2061	2	0.0001 Colloc0 2095 43516 0.158695 265.084
1860	1	24564.1	311206	311192	13.3623	2088	9195	2141	5	0.0001 Colloc0 2088 43465 0.120362 305.279
1870	1	24666.8	311269	311256	13.2705	2128	9190	2146	4	0.0001 Colloc0 2128 43476 0.128176 298.361
1880	1	24768.7	311287	311274	13.0866	2129	9245	2091	3	0.0001 Colloc0 2129 43451 0.155387 284.634
1890	1	24873.5	311333	311320	13.1353	2098	9173	2163	4	0.0001 Colloc0 2098 43460 0.131159 288.257
1900	1	24977.9	311184	311171	13.6724	2113	9215	2121	6	0.0001 Colloc0 2113 43458 0.122549 328.904
1910	1	25082.8	311404	311391	13.4753	2107	9045	2291	2	0.0001 Colloc0 2107 43475 0.13183 313.84
1920	1	25187.8	311005	310993	12.4842	2108	9210	2126	3	0.0001 Colloc0 2108 43465 0.185508 240.907
1930	1	25294.1	311232	311219	12.9719	2105	9166	2170	4	0.0001 Colloc0 2105 43481 0.139257 276.158
1940	1	25399.2	311598	311584	13.6605	2128	9040	2296	3	0.0001 Colloc0 2128 43438 0.110804 327.99
1950	1	25505.5	311368	311355	12.8861	2089	9138	2198	4	0.0001 Colloc0 2089 43448 0.146633 269.863
1960	1	25610.9	311248	311235	13.4217	2127	9203	2133	4	0.0001 Colloc0 2127 43423 0.133643 309.768
1970	1	25715.3	311181	311167	13.78	2127	9273	2063	3	0.0001 Colloc0 2127 43452 0.108112 337.197
1980	1	25820.7	310996	310982	13.6724	2114	9275	2061	5	0.0001 Colloc0 2114 43440 0.0992479 328.902
1990	1	25923.8	310776	310763	13.3543	2090	9277	2059	4	0.0001 Colloc0 2090 43419 0.119835 304.671
2000	1	26026.3	310915	310902	13.436	2109	9273	2063	6	0.0001 Colloc0 2109 43464 0.119032 310.855
