# D = 0, E = 1, I = 1, P = 1, R = -1, n = 2000, N = 1, P = 1, w = 1, a = 0.0001, b = 10000, e = 1, f = 1, g = 100, h = 0.01, r = 21981, s = 1, S = 0, x = 10, m = 100, Z = 1, z = 0, T = 1, t = 1
# 131956 tokens in 11336 sentences
#
# It	Temp	Time	-logP	-logPcorpus	-logPrior	tables	same	changed	reject	default_pya	(parent pym pyn pya pyb)*
0	1	15.7006	494292	494179	113.764	12382	0	11336	0	0.0001 Colloc0 12382 62346 0.0001 10000
10	1	219.322	394568	394553	14.9485	3207	3123	8213	4	0.0001 Colloc0 3207 53632 0.163092 429.985
20	1	369.936	379102	379086	15.5936	2256	3723	7613	6	0.0001 Colloc0 2256 52576 0.00705596 482.991
30	1	515.489	372453	372438	14.6471	2055	4040	7296	7	0.0001 Colloc0 2055 52170 0.00396929 405.622
40	1	658.243	366994	366980	14.2904	2017	4278	7058	7	0.0001 Colloc0 2017 51754 0.0253903 377.157
50	1	796.031	362841	362826	14.3538	1953	4506	6830	6	0.0001 Colloc0 1953 51362 0.0178973 382.182
60	1	931.528	359260	359246	13.8367	2016	4730	6606	6	0.0001 Colloc0 2016 51038 0.0561914 341.586
70	1	1068.41	355618	355604	14.1418	1964	4943	6393	3	0.0001 Colloc0 1964 50650 0.0299871 365.422
80	1	1209.91	354609	354596	13.75	1949	4996	6340	2	0.0001 Colloc0 1949 50552 0.0521904 334.882
90	1	1349.73	352210	352196	13.8315	1992	5128	6208	2	0.0001 Colloc0 1992 50301 0.0548448 341.184
100	1	1489.25	350459	350445	13.6357	1962	5186	6150	3	0.0001 Colloc0 1962 50138 0.0745109 326.086
110	1	1628.8	347807	347793	13.6438	1948	5664	5672	7	0.0001 Colloc0 1948 50012 0.0760812 326.706
120	1	1768.27	346226	346212	14.0419	1905	5823	5513	5	0.0001 Colloc0 1905 49911 0.0319565 357.583
130	1	1909.41	344990	344977	12.9194	1989	5976	5360	5	0.0001 Colloc0 1989 49640 0.1224 272.304
140	1	2043.44	343497	343484	12.624	2013	6212	5124	6	0.0001 Colloc0 2013 49595 0.131502 250.879
150	1	2184.46	341619	341606	12.7812	1996	6236	5100	7	0.0001 Colloc0 1996 49215 0.131052 262.219
160	1	2322.71	341102	341088	13.5078	1998	6409	4927	8	0.0001 Colloc0 1998 49156 0.0841965 316.31
170	1	2454.9	340986	340973	13.3672	1987	6289	5047	6	0.0001 Colloc0 1987 49133 0.103577 305.643
180	1	2594.98	339893	339879	13.4086	1963	6545	4791	10	0.0001 Colloc0 1963 49040 0.0769528 308.776
190	1	2732.11	339410	339397	12.9626	1970	6573	4763	5	0.0001 Colloc0 1970 48884 0.114411 275.472
200	1	2863.67	337981	337968	13.022	1989	6778	4558	6	0.0001 Colloc0 1989 48611 0.0965188 279.856
210	1	3002.13	337194	337181	13.3116	2010	6872	4464	5	0.0001 Colloc0 2010 48483 0.108944 301.452
220	1	3140.04	336696	336682	13.8221	1977	7113	4223	7	0.0001 Colloc0 1977 48459 0.060144 340.458
230	1	3281.61	336176	336163	13.2903	1987	7234	4102	8	0.0001 Colloc0 1987 48351 0.0980292 299.854
240	1	3422.52	334609	334596	13.395	2021	7271	4065	4	0.0001 Colloc0 2021 47998 0.112837 307.744
250	1	3557.95	334088	334075	13.0625	2031	7204	4132	3	0.0001 Colloc0 2031 47908 0.114908 282.853
260	1	3697.94	331350	331336	13.718	2012	7428	3908	6	0.0001 Colloc0 2012 47566 0.0855248 332.415
270	1	3837.23	329922	329909	12.9997	2030	7718	3618	6	0.0001 Colloc0 2030 47459 0.111947 278.206
280	1	3976.54	329443	329430	12.9226	2010	7802	3534	5	0.0001 Colloc0 2010 47355 0.120761 272.538
290	1	4113.4	329824	329810	13.4503	2054	7812	3524	5	0.0001 Colloc0 2054 47283 0.0993977 311.939
300	1	4242.23	329497	329484	13.1644	2000	7802	3534	6	0.0001 Colloc0 2000 47297 0.125729 290.424
310	1	4377.05	328866	328852	13.3334	2026	7899	3437	5	0.0001 Colloc0 2026 47289 0.106637 303.093
320	1	4517.08	328326	328313	12.9752	2053	8051	3285	4	0.0001 Colloc0 2053 47232 0.131667 276.404
330	1	4656.36	327982	327969	13.1666	2034	8138	3198	8	0.0001 Colloc0 2034 47228 0.11408 290.584
340	1	4796.6	327303	327290	12.6719	1998	8344	2992	6	0.0001 Colloc0 1998 47167 0.129464 254.314
350	1	4931.12	326754	326741	13.2702	2065	8317	3019	5	0.0001 Colloc0 2065 47093 0.124035 298.341
360	1	5070.25	326885	326872	12.9242	2030	8295	3041	4	0.0001 Colloc0 2030 47101 0.132844 272.653
370	1	5211.09	326710	326697	12.8353	2021	8227	3109	4	0.0001 Colloc0 2021 47098 0.139234 266.151
380	1	5352.88	326422	326409	12.9232	2016	8143	3193	5	0.0001 Colloc0 2016 46943 0.141122 272.583
390	1	5492.7	325564	325550	13.6579	2031	8251	3085	5	0.0001 Colloc0 2031 46812 0.102975 327.791
400	1	5631.03	325264	325252	12.6138	2060	8333	3003	5	0.0001 Colloc0 2060 46780 0.154974 250.145
410	1	5770.78	324336	324324	12.9307	2023	8341	2995	5	0.0001 Colloc0 2023 46690 0.131822 273.133
420	1	5909.14	323549	323536	13.0261	2008	8533	2803	6	0.0001 Colloc0 2008 46674 0.126611 280.159
430	1	6047.98	323968	323955	13.0406	2004	8584	2752	3	0.0001 Colloc0 2004 46680 0.116533 281.228
440	1	6188.03	323990	323977	13.2226	2036	8464	2872	4	0.0001 Colloc0 2036 46591 0.127564 294.776
450	1	6325.2	324010	323997	13.0194	2030	8474	2862	4	0.0001 Colloc0 2030 46623 0.140091 279.663
460	1	6464.35	323869	323856	13.1385	2021	8407	2929	5	0.0001 Colloc0 2021 46617 0.127174 288.494
470	1	6595.72	323472	323459	12.6271	2028	8541	2795	4	0.0001 Colloc0 2028 46535 0.142538 251.101
480	1	6725.1	322691	322678	13.1685	2029	8536	2800	4	0.0001 Colloc0 2029 46359 0.120453 290.726
490	1	6855.1	322126	322113	13.3896	2007	8603	2733	4	0.0001 Colloc0 2007 46343 0.0981434 307.342
500	1	6991.73	321472	321459	13.1599	1993	8713	2623	5	0.0001 Colloc0 1993 46320 0.11267 290.09
510	1	7133.6	321379	321366	12.6672	2019	8650	2686	4	0.0001 Colloc0 2019 46193 0.154909 253.978
520	1	7268.31	321360	321347	13.2478	2026	8728	2608	5	0.0001 Colloc0 2026 46127 0.123215 296.662
530	1	7401.49	321167	321154	12.9961	2043	8710	2626	5	0.0001 Colloc0 2043 46141 0.147621 277.94
540	1	7540.58	320661	320649	12.7105	2050	8508	2828	4	0.0001 Colloc0 2050 45966 0.150517 257.099
550	1	7675.37	320866	320853	12.5704	2043	8532	2804	4	0.0001 Colloc0 2043 45961 0.146917 247.041
560	1	7804.2	321509	321495	13.4994	2077	8349	2987	5	0.0001 Colloc0 2077 45968 0.12788 315.674
570	1	7933.47	320087	320073	13.4252	2012	8638	2698	4	0.0001 Colloc0 2012 45917 0.115553 310.033
580	1	8066.2	319132	319119	12.8486	2026	8825	2511	4	0.0001 Colloc0 2026 45851 0.13379 267.126
590	1	8204.59	319054	319041	12.863	2053	8782	2554	4	0.0001 Colloc0 2053 45753 0.135892 268.176
600	1	8341.13	318883	318870	13.1557	2029	8833	2503	3	0.0001 Colloc0 2029 45722 0.125507 289.777
610	1	8479.5	319086	319073	13.309	2048	8846	2490	4	0.0001 Colloc0 2048 45754 0.129663 301.261
620	1	8616.41	319335	319322	12.7441	2052	8743	2593	4	0.0001 Colloc0 2052 45737 0.154727 259.526
630	1	8753.3	318903	318890	12.6087	2044	8783	2553	5	0.0001 Colloc0 2044 45696 0.154586 249.779
640	1	8889.64	318909	318896	13.2927	2093	8795	2541	4	0.0001 Colloc0 2093 45595 0.13373 300.029
650	1	9027.79	318520	318507	13.3188	2066	8856	2480	2	0.0001 Colloc0 2066 45687 0.13797 301.993
660	1	9156.84	318400	318386	13.2359	2026	8907	2429	4	0.0001 Colloc0 2026 45608 0.114655 295.766
670	1	9287.24	318131	318118	12.6462	2014	8853	2483	3	0.0001 Colloc0 2014 45597 0.133159 252.472
680	1	9424.65	318453	318439	13.366	2039	8810	2526	4	0.0001 Colloc0 2039 45614 0.116339 305.558
690	1	9565.25	318370	318357	12.823	2031	8733	2603	4	0.0001 Colloc0 2031 45617 0.135937 265.254
700	1	9705.72	318373	318361	12.5422	2036	8652	2684	3	0.0001 Colloc0 2036 45580 0.151715 245.028
710	1	9846.86	317932	317919	12.953	2038	8743	2593	3	0.0001 Colloc0 2038 45493 0.130824 274.767
720	1	9987.38	318274	318261	12.4861	2049	8635	2701	5	0.0001 Colloc0 2049 45477 0.1583 241.045
730	1	10125.9	318532	318519	13.1086	2103	8532	2804	4	0.0001 Colloc0 2103 45472 0.139761 286.272
740	1	10266.1	318192	318179	12.4809	2057	8671	2665	3	0.0001 Colloc0 2057 45481 0.14958 240.678
750	1	10404.4	318103	318090	13.1553	2048	8720	2616	5	0.0001 Colloc0 2048 45470 0.133674 289.742
760	1	10541.5	318274	318261	12.8964	2058	8532	2804	2	0.0001 Colloc0 2058 45421 0.147593 270.618
770	1	10681.2	318104	318091	12.6982	2078	8682	2654	4	0.0001 Colloc0 2078 45382 0.153804 256.213
780	1	10821.2	317015	317003	12.4822	2061	8955	2381	5	0.0001 Colloc0 2061 45340 0.160356 240.77
790	1	10959.5	317140	317127	12.9727	2094	8943	2393	3	0.0001 Colloc0 2094 45292 0.131471 276.219
