# D = 0, E = 1, I = 1, P = 1, R = -1, n = 2000, N = 1, P = 1, w = 1, a = 0.0001, b = 10000, e = 1, f = 1, g = 100, h = 0.01, r = 5995, s = 1, S = 0, x = 10, m = 100, Z = 1, z = 0, T = 1, t = 1
# 131956 tokens in 11336 sentences
#
# It	Temp	Time	-logP	-logPcorpus	-logPrior	tables	same	changed	reject	default_pya	(parent pym pyn pya pyb)*
0	1	15.9466	500818	500704	113.764	12453	0	11336	0	0.0001 Colloc0 12453 62888 0.0001 10000
10	1	206.904	392572	392557	14.8441	3118	3085	8251	5	0.0001 Colloc0 3118 53086 0.150195 421.513
20	1	355.084	378939	378923	15.2005	2327	3520	7816	8	0.0001 Colloc0 2327 52100 0.0264926 450.555
30	1	490.303	373774	373759	14.9557	2188	3735	7601	8	0.0001 Colloc0 2188 51726 0.023319 430.574
40	1	631.325	368833	368817	15.13	2157	4048	7288	6	0.0001 Colloc0 2157 51410 0.00876581 444.783
50	1	769.548	364073	364059	14.0995	1994	4287	7049	7	0.0001 Colloc0 1994 51258 0.037524 362.097
60	1	909.231	362386	362371	14.1561	1949	4377	6959	5	0.0001 Colloc0 1949 51047 0.0152005 366.551
70	1	1050.72	360905	360891	13.7517	1972	4419	6917	5	0.0001 Colloc0 1972 50905 0.0573323 335.012
80	1	1188.04	358871	358857	14.1781	2001	4570	6766	10	0.0001 Colloc0 2001 50686 0.0404561 368.28
90	1	1327.02	357237	357223	13.8366	2028	4691	6645	8	0.0001 Colloc0 2028 50426 0.0618501 341.579
100	1	1466.72	355547	355533	13.9358	2032	4793	6543	5	0.0001 Colloc0 2032 50259 0.0696819 349.291
110	1	1606.68	354222	354208	13.8833	1983	4956	6380	5	0.0001 Colloc0 1983 50202 0.0585052 345.21
120	1	1747.97	352762	352748	13.4241	1961	5050	6286	10	0.0001 Colloc0 1961 50169 0.0709815 309.952
130	1	1882.74	350091	350078	13.2309	1968	5224	6112	5	0.0001 Colloc0 1968 49762 0.0894923 295.397
140	1	2016.29	346504	346490	13.8566	1921	5370	5966	4	0.0001 Colloc0 1921 49415 0.0423368 343.136
150	1	2154.12	345681	345667	13.2437	1944	5514	5822	7	0.0001 Colloc0 1944 49308 0.106662 296.355
160	1	2290.35	345505	345492	13.0717	1918	5532	5804	7	0.0001 Colloc0 1918 49269 0.0975695 283.529
170	1	2423.68	344079	344065	13.2702	1946	5615	5721	6	0.0001 Colloc0 1946 49096 0.0907912 298.339
180	1	2562.6	344263	344250	13.2986	1926	5570	5766	6	0.0001 Colloc0 1926 49104 0.0897133 300.479
190	1	2698	343262	343248	13.7071	1904	5640	5696	5	0.0001 Colloc0 1904 49100 0.0543154 331.575
200	1	2832.02	341964	341950	13.3732	1930	5792	5544	6	0.0001 Colloc0 1930 48882 0.0799088 306.098
210	1	2965.14	341626	341613	13.3186	1925	5766	5570	5	0.0001 Colloc0 1925 48801 0.0789585 301.979
220	1	3101.46	338802	338789	12.9581	1904	5960	5376	6	0.0001 Colloc0 1904 48522 0.105438 275.147
230	1	3235.34	338397	338384	13.1903	1960	5997	5339	7	0.0001 Colloc0 1960 48425 0.105478 292.359
240	1	3367.73	337970	337957	13.2198	1944	6226	5110	5	0.0001 Colloc0 1944 48380 0.113123 294.564
250	1	3506	337332	337319	13.2376	1955	6144	5192	6	0.0001 Colloc0 1955 48288 0.100068 295.896
260	1	3644.13	336717	336704	12.8183	1987	6308	5028	7	0.0001 Colloc0 1987 48209 0.128657 264.915
270	1	3781.79	335918	335905	12.8232	1977	6326	5010	4	0.0001 Colloc0 1977 48082 0.121225 265.275
280	1	3919.1	334345	334332	12.5227	1956	6424	4912	5	0.0001 Colloc0 1956 47942 0.141614 243.642
290	1	4053.1	333573	333559	13.4041	1946	6590	4746	6	0.0001 Colloc0 1946 47862 0.098888 308.438
300	1	4190.49	332767	332754	12.8826	1933	6730	4606	6	0.0001 Colloc0 1933 47818 0.103909 269.607
310	1	4322.74	333267	333254	13.0986	1958	6632	4704	4	0.0001 Colloc0 1958 47743 0.105922 285.526
320	1	4457.8	333033	333020	12.7904	1972	6631	4705	5	0.0001 Colloc0 1972 47761 0.130457 262.889
330	1	4595.21	333041	333029	12.7878	1913	6585	4751	4	0.0001 Colloc0 1913 47728 0.119186 262.698
340	1	4730.14	332369	332356	12.7471	1979	6602	4734	5	0.0001 Colloc0 1979 47615 0.130643 259.747
350	1	4868.53	331391	331378	12.5968	1959	6677	4659	5	0.0001 Colloc0 1959 47579 0.13284 248.93
360	1	5004.7	330633	330620	12.9336	1967	6854	4482	4	0.0001 Colloc0 1967 47504 0.137438 273.343
370	1	5143.44	330504	330490	13.1951	1976	6842	4494	3	0.0001 Colloc0 1976 47420 0.106602 292.718
380	1	5278.48	330824	330810	13.1715	1982	6821	4515	4	0.0001 Colloc0 1982 47472 0.111729 290.951
390	1	5414.09	330276	330263	12.733	1952	6857	4479	5	0.0001 Colloc0 1952 47410 0.137231 258.723
400	1	5550.57	330410	330398	12.7901	1994	6806	4530	3	0.0001 Colloc0 1994 47385 0.127291 262.868
410	1	5687.82	330384	330371	13.1478	1966	6808	4528	5	0.0001 Colloc0 1966 47390 0.117016 289.185
420	1	5827.54	330174	330161	12.8833	1980	6785	4551	2	0.0001 Colloc0 1980 47345 0.112401 269.655
430	1	5963.3	329959	329946	12.9502	1985	6899	4437	3	0.0001 Colloc0 1985 47327 0.116004 274.565
440	1	6099.62	329148	329136	12.414	2018	6949	4387	5	0.0001 Colloc0 2018 47211 0.150214 235.952
450	1	6235.6	328187	328174	12.8865	1987	7215	4121	6	0.0001 Colloc0 1987 47185 0.139934 269.894
460	1	6371.01	328218	328205	12.7889	2003	7283	4053	2	0.0001 Colloc0 2003 47186 0.142004 262.78
470	1	6505.75	328086	328074	12.5822	1993	7346	3990	3	0.0001 Colloc0 1993 47175 0.141253 247.882
480	1	6640.51	327344	327331	12.3513	1973	7389	3947	3	0.0001 Colloc0 1973 47112 0.169122 231.546
490	1	6778.38	327313	327300	12.3903	2029	7451	3885	2	0.0001 Colloc0 2029 47097 0.162796 234.284
500	1	6909.56	327590	327577	13.0304	2013	7327	4009	2	0.0001 Colloc0 2013 47101 0.120261 280.478
510	1	7039.94	327490	327478	12.7196	2007	7308	4028	3	0.0001 Colloc0 2007 47028 0.131538 257.76
520	1	7174	326462	326449	13.1721	1953	7446	3890	3	0.0001 Colloc0 1953 46946 0.0984341 290.996
530	1	7307.1	326636	326623	12.8499	2038	7465	3871	5	0.0001 Colloc0 2038 46915 0.141781 267.219
540	1	7442.86	326217	326204	13.127	1985	7383	3953	3	0.0001 Colloc0 1985 46896 0.102689 287.636
550	1	7579.03	326342	326329	12.6084	2017	7421	3915	4	0.0001 Colloc0 2017 46893 0.151166 249.755
560	1	7717.98	326094	326081	12.7391	2032	7451	3885	5	0.0001 Colloc0 2032 46734 0.145449 259.165
570	1	7855.11	325297	325284	12.8847	2027	7675	3661	2	0.0001 Colloc0 2027 46696 0.141086 269.764
580	1	7986.56	325140	325127	12.9148	2010	7717	3619	5	0.0001 Colloc0 2010 46674 0.145542 271.966
590	1	8124.76	324392	324380	12.3918	2002	7928	3408	6	0.0001 Colloc0 2002 46613 0.169637 234.383
600	1	8256.54	323873	323861	12.4953	2046	8092	3244	3	0.0001 Colloc0 2046 46560 0.168147 241.694
610	1	8391.97	323159	323147	12.3914	2006	8235	3101	3	0.0001 Colloc0 2006 46560 0.168914 234.358
620	1	8525.17	323275	323263	12.7538	1961	8146	3190	4	0.0001 Colloc0 1961 46500 0.131742 260.233
630	1	8658.21	323812	323800	12.6185	1983	8066	3270	4	0.0001 Colloc0 1983 46506 0.134239 250.479
640	1	8792.78	324010	323997	12.4664	2025	7978	3358	4	0.0001 Colloc0 2025 46478 0.149754 239.651
650	1	8927.28	323816	323803	12.5032	2025	7998	3338	2	0.0001 Colloc0 2025 46481 0.162356 242.254
660	1	9062.34	323670	323658	12.8881	2009	8018	3318	3	0.0001 Colloc0 2009 46484 0.134454 270.011
670	1	9201.09	323798	323786	12.3968	2041	7832	3504	3	0.0001 Colloc0 2041 46424 0.174324 234.739
680	1	9333.48	322704	322691	12.9592	2003	7987	3349	6	0.0001 Colloc0 2003 46296 0.142331 275.226
690	1	9470.56	322540	322527	12.6653	1999	8162	3174	4	0.0001 Colloc0 1999 46289 0.143786 253.84
700	1	9609.18	322794	322782	12.6391	2025	8138	3198	4	0.0001 Colloc0 2025 46275 0.15458 251.956
710	1	9748.86	322318	322305	13.0353	2027	8231	3105	2	0.0001 Colloc0 2027 46220 0.13384 280.839
720	1	9882.11	321819	321805	13.1999	2006	8317	3019	3	0.0001 Colloc0 2006 46176 0.118564 293.078
730	1	10014.8	321865	321853	12.4108	2053	8417	2919	3	0.0001 Colloc0 2053 46164 0.169677 235.726
740	1	10151.7	321359	321346	12.7099	2013	8574	2762	4	0.0001 Colloc0 2013 46179 0.143413 257.057
750	1	10289.7	319120	319108	12.2855	1991	8585	2751	4	0.0001 Colloc0 1991 45864 0.155887 226.949
760	1	10427.1	318933	318919	13.291	2008	8638	2698	4	0.0001 Colloc0 2008 45790 0.100732 299.907
770	1	10562.2	318422	318409	12.9031	1997	8794	2542	3	0.0001 Colloc0 1997 45791 0.136826 271.107
780	1	10701.7	318200	318187	12.7927	2012	8939	2397	5	0.0001 Colloc0 2012 45852 0.146218 263.056
790	1	10833.4	318810	318798	12.8448	2054	8828	2508	5	0.0001 Colloc0 2054 45817 0.159539 266.847
800	1	10970.6	318168	318156	12.5697	2036	8940	2396	2	0.0001 Colloc0 2036 45833 0.161837 246.994
