# D = 0, E = 1, I = 1, P = 1, R = -1, n = 2000, N = 1, P = 1, w = 1, a = 0.0001, b = 10000, e = 1, f = 1, g = 100, h = 0.01, r = 3631, s = 1, S = 0, x = 10, m = 100, Z = 1, z = 0, T = 1, t = 1
# 131956 tokens in 11336 sentences
#
# It	Temp	Time	-logP	-logPcorpus	-logPrior	tables	same	changed	reject	default_pya	(parent pym pyn pya pyb)*
0	1	11.3073	384741	384627	113.764	7092	0	11336	0	0.0001 Colloc0 7092 45197 0.0001 10000
10	1	155.027	340476	340461	15.3954	2675	4935	6401	6	0.0001 Colloc0 2675 44908 0.0958475 466.59
20	1	296.091	333502	333488	14.3261	2352	5396	5940	1	0.0001 Colloc0 2352 44616 0.0901723 379.987
30	1	438.698	331891	331876	14.5344	2334	5597	5739	1	0.0001 Colloc0 2334 44573 0.0741182 396.58
40	1	574.643	329893	329878	15.107	2309	5663	5673	10	0.0001 Colloc0 2309 44420 0.0560412 442.904
50	1	717.218	327697	327683	14.3585	2233	5922	5414	5	0.0001 Colloc0 2233 44368 0.0745958 382.553
60	1	859.219	326258	326244	13.8611	2244	6152	5184	4	0.0001 Colloc0 2244 44268 0.117348 343.486
70	1	1001.07	324524	324510	13.7768	2199	6303	5033	3	0.0001 Colloc0 2199 44200 0.0991035 336.95
80	1	1142	324075	324061	13.9607	2184	6397	4939	1	0.0001 Colloc0 2184 44145 0.100148 351.235
90	1	1283.12	322878	322864	13.4608	2193	6490	4846	4	0.0001 Colloc0 2193 44063 0.135169 312.735
100	1	1418.2	322373	322359	13.4002	2184	6632	4704	3	0.0001 Colloc0 2184 44074 0.122845 308.142
110	1	1557.75	322355	322341	13.532	2208	6510	4826	7	0.0001 Colloc0 2208 44016 0.141963 318.157
120	1	1689.91	321312	321298	13.8054	2192	6710	4626	2	0.0001 Colloc0 2192 43987 0.109036 339.161
130	1	1826.21	320980	320966	13.548	2188	6806	4530	3	0.0001 Colloc0 2188 43931 0.123601 319.373
140	1	1964.43	320849	320835	14.095	2223	6811	4525	4	0.0001 Colloc0 2223 43936 0.0875455 361.742
150	1	2104.63	319718	319704	13.4241	2154	6950	4386	4	0.0001 Colloc0 2154 43889 0.145831 309.949
160	1	2241.69	319086	319072	13.8749	2186	7127	4209	5	0.0001 Colloc0 2186 43790 0.115355 344.557
170	1	2383.75	318893	318879	13.9565	2163	6982	4354	3	0.0001 Colloc0 2163 43869 0.101191 350.909
180	1	2521.4	318302	318289	13.3299	2164	7285	4051	2	0.0001 Colloc0 2164 43863 0.12843 302.834
190	1	2660.84	317247	317233	13.4296	2155	7548	3788	6	0.0001 Colloc0 2155 43791 0.118041 310.37
200	1	2796.92	316616	316603	13.2138	2175	7822	3514	5	0.0001 Colloc0 2175 43798 0.132106 294.112
210	1	2930.08	316331	316317	13.4441	2163	7848	3488	2	0.0001 Colloc0 2163 43702 0.135542 311.468
220	1	3068.47	315688	315675	13.0879	2145	8063	3273	2	0.0001 Colloc0 2145 43690 0.134218 284.736
230	1	3206.38	315005	314992	12.878	2185	8346	2990	3	0.0001 Colloc0 2185 43661 0.15556 269.271
240	1	3344.69	315299	315285	13.5309	2187	8278	3058	2	0.0001 Colloc0 2187 43601 0.137875 318.071
250	1	3481.01	314821	314808	13.1653	2155	8241	3095	3	0.0001 Colloc0 2155 43629 0.144933 290.491
260	1	3617.19	314843	314829	13.3307	2190	8249	3087	4	0.0001 Colloc0 2190 43568 0.129798 302.891
270	1	3756.8	314811	314797	13.5706	2196	8243	3093	1	0.0001 Colloc0 2196 43551 0.148321 321.104
280	1	3894.36	315162	315149	13.3961	2161	8034	3302	5	0.0001 Colloc0 2161 43607 0.12027 307.83
290	1	4032.69	314897	314883	13.5872	2151	8080	3256	1	0.0001 Colloc0 2151 43572 0.127571 322.372
300	1	4172.29	314847	314833	13.7472	2168	8137	3199	1	0.0001 Colloc0 2168 43564 0.107832 334.664
310	1	4311.18	314316	314302	13.4587	2188	8303	3033	1	0.0001 Colloc0 2188 43546 0.137657 312.574
320	1	4450.76	314686	314673	13.4662	2181	8221	3115	4	0.0001 Colloc0 2181 43569 0.138084 313.149
330	1	4590.66	314568	314555	13.433	2168	8135	3201	3	0.0001 Colloc0 2168 43497 0.132626 310.627
340	1	4729.29	313792	313779	13.3599	2177	8219	3117	4	0.0001 Colloc0 2177 43433 0.122817 305.097
350	1	4864.49	313374	313360	13.6037	2213	8505	2831	3	0.0001 Colloc0 2213 43374 0.128067 323.634
360	1	5001.51	312728	312714	13.291	2186	8700	2636	6	0.0001 Colloc0 2186 43306 0.131246 299.901
370	1	5136.54	312497	312484	13.5409	2181	8747	2589	3	0.0001 Colloc0 2181 43335 0.126187 318.832
380	1	5271.84	312401	312388	13.0198	2162	8622	2714	1	0.0001 Colloc0 2162 43354 0.153051 279.691
390	1	5410.88	311670	311657	13.2007	2145	8798	2538	1	0.0001 Colloc0 2145 43316 0.151878 293.133
400	1	5548.26	311768	311755	13.2216	2155	8819	2517	3	0.0001 Colloc0 2155 43304 0.138062 294.7
410	1	5684.46	311829	311816	13.4721	2180	8867	2469	5	0.0001 Colloc0 2180 43326 0.147377 313.595
420	1	5823.34	311434	311420	13.7825	2144	8978	2358	3	0.0001 Colloc0 2144 43354 0.111041 337.391
430	1	5958.39	310873	310860	13.0048	2136	9072	2264	3	0.0001 Colloc0 2136 43271 0.149271 278.583
440	1	6093.24	309765	309752	13.5498	2142	9284	2052	4	0.0001 Colloc0 2142 43114 0.133832 319.514
450	1	6224.51	310068	310055	13.0377	2143	9102	2234	3	0.0001 Colloc0 2143 43113 0.14493 281.015
460	1	6363.31	310171	310158	13.3341	2146	9143	2193	3	0.0001 Colloc0 2146 43119 0.146096 303.148
470	1	6502.11	309994	309981	13.4077	2141	9100	2236	4	0.0001 Colloc0 2141 43161 0.128397 308.709
480	1	6639.81	309971	309958	13.2855	2099	9154	2182	4	0.0001 Colloc0 2099 43146 0.136437 299.489
490	1	6768.68	310058	310045	13.0404	2175	9101	2235	4	0.0001 Colloc0 2175 43061 0.158118 281.212
500	1	6901.19	310296	310283	13.0421	2145	9014	2322	3	0.0001 Colloc0 2145 43044 0.156137 281.343
510	1	7033.63	310120	310107	13.518	2155	9003	2333	4	0.0001 Colloc0 2155 42908 0.129267 317.09
520	1	7163.62	309610	309597	13.3831	2190	9151	2185	4	0.0001 Colloc0 2190 42899 0.133501 306.848
530	1	7301.16	309743	309729	13.9144	2156	9070	2266	2	0.0001 Colloc0 2156 42896 0.1091 347.627
540	1	7439.34	309605	309591	13.7407	2163	9192	2144	3	0.0001 Colloc0 2163 42918 0.113717 334.167
550	1	7575.39	309964	309950	13.9798	2173	9095	2241	5	0.0001 Colloc0 2173 42918 0.108179 352.727
560	1	7711.71	309696	309682	13.7818	2164	9090	2246	2	0.0001 Colloc0 2164 42884 0.122301 337.342
570	1	7845.99	309325	309312	12.997	2152	9121	2215	1	0.0001 Colloc0 2152 42839 0.139852 278.008
580	1	7975.67	309221	309207	13.4569	2153	9169	2167	3	0.0001 Colloc0 2153 42839 0.126026 312.442
590	1	8106.49	309567	309553	13.7343	2160	9137	2199	3	0.0001 Colloc0 2160 42890 0.117471 333.673
600	1	8238.33	309062	309049	13.1098	2176	9229	2107	4	0.0001 Colloc0 2176 42785 0.149128 286.356
610	1	8375.6	309242	309228	13.8059	2141	9127	2209	1	0.0001 Colloc0 2141 42799 0.119852 339.207
620	1	8507.53	309553	309540	13.2522	2157	9040	2296	4	0.0001 Colloc0 2157 42859 0.132725 296.987
630	1	8635.99	309917	309904	13.213	2167	8960	2376	4	0.0001 Colloc0 2167 42781 0.139356 294.056
640	1	8775.25	310487	310474	13.0731	2186	8792	2544	3	0.0001 Colloc0 2186 42800 0.142281 283.633
650	1	8909.09	310315	310301	13.6976	2191	8820	2516	2	0.0001 Colloc0 2191 42797 0.125012 330.844
660	1	9040.19	309621	309608	13.4424	2210	9000	2336	4	0.0001 Colloc0 2210 42762 0.140351 311.336
670	1	9175.49	309453	309439	13.1935	2158	9010	2326	1	0.0001 Colloc0 2158 42841 0.140564 292.594
680	1	9314.49	309146	309133	13.3872	2175	9124	2212	2	0.0001 Colloc0 2175 42792 0.136851 307.16
690	1	9450.14	309397	309383	13.6951	2156	9034	2302	3	0.0001 Colloc0 2156 42810 0.124448 330.648
700	1	9587.87	308650	308637	13.3947	2166	9131	2205	3	0.0001 Colloc0 2166 42738 0.138861 307.725
710	1	9717.94	309324	309310	13.3229	2178	8967	2369	2	0.0001 Colloc0 2178 42705 0.157577 302.304
720	1	9855.05	309093	309080	13.2514	2166	8980	2356	2	0.0001 Colloc0 2166 42742 0.135388 296.934
730	1	9993.15	309290	309277	13.6185	2197	8909	2427	3	0.0001 Colloc0 2197 42709 0.126486 324.772
740	1	10127.3	309805	309792	13.4162	2207	8840	2496	2	0.0001 Colloc0 2207 42764 0.129528 309.351
750	1	10265.8	309528	309515	13.4575	2199	8880	2456	3	0.0001 Colloc0 2199 42763 0.147087 312.485
760	1	10403.9	309248	309234	13.7024	2177	9003	2333	5	0.0001 Colloc0 2177 42728 0.114411 331.212
770	1	10543	309052	309039	13.0163	2170	9130	2206	4	0.0001 Colloc0 2170 42742 0.166211 279.434
780	1	10680.5	309049	309035	13.8048	2188	9151	2185	2	0.0001 Colloc0 2188 42710 0.102808 339.116
790	1	10820.1	308874	308860	13.4562	2150	9073	2263	3	0.0001 Colloc0 2150 42743 0.131457 312.383
800	1	10959	308850	308836	13.7948	2169	9009	2327	8	0.0001 Colloc0 2169 42648 0.129243 338.347
810	1	11093.1	308562	308549	13.2203	2174	9169	2167	7	0.0001 Colloc0 2174 42660 0.149597 294.599
820	1	11229.9	308702	308689	13.0791	2180	9086	2250	2	0.0001 Colloc0 2180 42653 0.14442 284.079
830	1	11368	308939	308925	13.6364	2138	8966	2370	3	0.0001 Colloc0 2138 42660 0.119261 326.14
840	1	11504.9	308604	308591	12.922	2166	9074	2262	3	0.0001 Colloc0 2166 42579 0.15849 272.496
850	1	11641.8	308061	308048	12.9252	2147	9161	2175	6	0.0001 Colloc0 2147 42613 0.149085 272.724
860	1	11780.9	308123	308110	13.2395	2162	9210	2126	4	0.0001 Colloc0 2162 42583 0.143987 296.039
870	1	11919.6	308157	308143	13.2181	2151	9196	2140	4	0.0001 Colloc0 2151 42598 0.151108 294.434
880	1	12051.9	307952	307940	12.6799	2197	9227	2109	3	0.0001 Colloc0 2197 42559 0.17937 254.89
890	1	12187.5	308295	308282	13.6645	2192	9104	2232	3	0.0001 Colloc0 2192 42608 0.13539 328.295
900	1	12323.2	308190	308176	13.617	2166	9121	2215	3	0.0001 Colloc0 2166 42561 0.124311 324.652
910	1	12461.3	307731	307718	13.1629	2169	9242	2094	6	0.0001 Colloc0 2169 42516 0.147904 290.31
920	1	12600.3	308230	308217	13.2476	2185	9104	2232	4	0.0001 Colloc0 2185 42508 0.140047 296.644
930	1	12735.7	307935	307922	13.5127	2159	9220	2116	3	0.0001 Colloc0 2159 42458 0.125826 316.685
940	1	12868.7	307812	307798	13.9809	2161	9214	2122	5	0.0001 Colloc0 2161 42424 0.115453 352.81
950	1	13001.1	308162	308148	13.6074	2175	9117	2219	5	0.0001 Colloc0 2175 42464 0.139954 323.918
960	1	13131.9	307936	307923	13.3021	2177	9171	2165	2	0.0001 Colloc0 2177 42479 0.139186 300.737
970	1	13267.3	308137	308124	13.2168	2171	9142	2194	5	0.0001 Colloc0 2171 42473 0.145451 294.341
980	1	13402.6	307982	307968	13.5425	2154	9092	2244	3	0.0001 Colloc0 2154 42476 0.113883 318.954
990	1	13535.3	308169	308156	13.3475	2184	9223	2113	3	0.0001 Colloc0 2184 42499 0.133842 304.156
1000	1	13673.7	307819	307806	13.3621	2158	9161	2175	4	0.0001 Colloc0 2158 42481 0.144473 305.261
1010	1	13812	307989	307976	13.5151	2190	9124	2212	2	0.0001 Colloc0 2190 42450 0.125777 316.865
1020	1	13951.6	308323	308309	13.4742	2162	9115	2221	3	0.0001 Colloc0 2162 42509 0.119772 313.751
1030	1	14089.3	308080	308067	13.3651	2163	9085	2251	3	0.0001 Colloc0 2163 42476 0.142123 305.491
1040	1	14229.1	307706	307693	13.3665	2134	9187	2149	5	0.0001 Colloc0 2134 42440 0.134339 305.596
1050	1	14366.6	308285	308272	13.5556	2180	9034	2302	5	0.0001 Colloc0 2180 42509 0.122511 319.956
1060	1	14499.2	308481	308468	13.315	2161	9006	2330	6	0.0001 Colloc0 2161 42486 0.146973 301.71
1070	1	14638.5	308542	308529	13.0533	2182	9008	2328	3	0.0001 Colloc0 2182 42494 0.149238 282.168
1080	1	14774.2	308250	308236	13.9623	2163	9105	2231	4	0.0001 Colloc0 2163 42463 0.114261 351.356
1090	1	14909.7	308144	308131	13.4436	2169	9050	2286	5	0.0001 Colloc0 2169 42426 0.1272 311.433
1100	1	15047	308021	308007	13.764	2190	9127	2209	5	0.0001 Colloc0 2190 42431 0.121152 335.964
1110	1	15186.3	307647	307634	13.5798	2148	9135	2201	3	0.0001 Colloc0 2148 42439 0.130268 321.805
1120	1	15321.5	307829	307816	13.5428	2182	9087	2249	4	0.0001 Colloc0 2182 42426 0.144616 318.98
1130	1	15460.2	307583	307570	13.3201	2168	9114	2222	6	0.0001 Colloc0 2168 42413 0.128674 302.097
1140	1	15599.7	307366	307353	13.4362	2153	9201	2135	3	0.0001 Colloc0 2153 42347 0.149179 310.871
1150	1	15735.2	307188	307175	13.3727	2169	9290	2046	5	0.0001 Colloc0 2169 42380 0.135913 306.062
1160	1	15874.8	307690	307676	13.6276	2192	9102	2234	3	0.0001 Colloc0 2192 42317 0.140076 325.468
1170	1	16010.3	307525	307512	13.5909	2170	9133	2203	6	0.0001 Colloc0 2170 42388 0.130622 322.653
1180	1	16146.7	307664	307650	13.7475	2182	9112	2224	2	0.0001 Colloc0 2182 42384 0.107038 334.687
1190	1	16281.4	307641	307628	13.3827	2172	9087	2249	4	0.0001 Colloc0 2172 42366 0.133223 306.819
1200	1	16419.6	307461	307448	13.1982	2167	9063	2273	2	0.0001 Colloc0 2167 42340 0.157264 292.948
1210	1	16554.6	308213	308200	13.3736	2176	8852	2484	2	0.0001 Colloc0 2176 42349 0.146264 306.127
1220	1	16691.8	308199	308185	13.8942	2211	8838	2498	6	0.0001 Colloc0 2211 42363 0.121509 346.053
1230	1	16825.3	307745	307731	13.691	2184	8968	2368	4	0.0001 Colloc0 2184 42296 0.133547 330.339
1240	1	16958	307994	307980	14.3006	2193	8913	2423	3	0.0001 Colloc0 2193 42323 0.0965708 377.965
1250	1	17091.3	308163	308149	13.1333	2173	8799	2537	2	0.0001 Colloc0 2173 42296 0.142508 288.108
1260	1	17226.3	308002	307988	13.6037	2179	8826	2510	3	0.0001 Colloc0 2179 42284 0.1254 323.633
1270	1	17363.1	308421	308408	12.6957	2193	8723	2613	3	0.0001 Colloc0 2193 42297 0.173638 256.032
1280	1	17503.7	307761	307748	13.2412	2161	8841	2495	3	0.0001 Colloc0 2161 42309 0.161893 296.168
1290	1	17637.7	307577	307564	13.0904	2187	8929	2407	4	0.0001 Colloc0 2187 42287 0.152122 284.916
1300	1	17776.1	307472	307459	12.8584	2200	9024	2312	5	0.0001 Colloc0 2200 42273 0.16879 267.841
1310	1	17913.8	307846	307833	13.2626	2177	8909	2427	7	0.0001 Colloc0 2177 42268 0.136398 297.773
1320	1	18047.8	308379	308365	13.6861	2195	8650	2686	4	0.0001 Colloc0 2195 42253 0.119979 329.958
1330	1	18184.9	308648	308635	13.616	2203	8611	2725	7	0.0001 Colloc0 2203 42268 0.134739 324.574
1340	1	18322.2	309277	309264	13.3177	2215	8413	2923	5	0.0001 Colloc0 2215 42316 0.13833 301.91
1350	1	18457.9	309597	309584	12.8772	2222	8318	3018	5	0.0001 Colloc0 2222 42304 0.183095 269.214
1360	1	18591.9	308810	308796	13.8736	2164	8528	2808	4	0.0001 Colloc0 2164 42314 0.110165 344.45
1370	1	18732	308067	308053	13.4616	2204	8726	2610	3	0.0001 Colloc0 2204 42275 0.132751 312.8
1380	1	18866.7	307917	307903	13.5141	2180	8860	2476	4	0.0001 Colloc0 2180 42251 0.129275 316.791
1390	1	18996.8	308243	308230	13.2133	2180	8699	2637	2	0.0001 Colloc0 2180 42258 0.138829 294.076
1400	1	19132	307857	307844	13.761	2173	8813	2523	4	0.0001 Colloc0 2173 42269 0.113978 335.734
1410	1	19272	308615	308602	13.3835	2198	8609	2727	2	0.0001 Colloc0 2198 42297 0.133384 306.878
1420	1	19406	308119	308106	13.1226	2174	8688	2648	5	0.0001 Colloc0 2174 42298 0.150563 287.314
1430	1	19544.6	308378	308365	13.3418	2209	8729	2607	4	0.0001 Colloc0 2209 42259 0.147773 303.728
1440	1	19678.3	308514	308500	14.0178	2188	8655	2681	4	0.0001 Colloc0 2188 42308 0.108515 355.697
1450	1	19811.8	308382	308368	13.3642	2202	8622	2714	7	0.0001 Colloc0 2202 42249 0.145535 305.423
1460	1	19949.7	308135	308122	13.2291	2192	8659	2677	4	0.0001 Colloc0 2192 42312 0.160078 295.257
1470	1	20086.4	308053	308039	13.9501	2207	8838	2498	4	0.0001 Colloc0 2207 42275 0.117377 350.404
1480	1	20222.7	307801	307788	13.1439	2158	8943	2393	3	0.0001 Colloc0 2158 42250 0.142991 288.895
1490	1	20358.1	307712	307699	13.4947	2185	9066	2270	5	0.0001 Colloc0 2185 42275 0.130902 315.315
1500	1	20489	307423	307410	13.2406	2219	9111	2225	3	0.0001 Colloc0 2219 42235 0.159454 296.119
1510	1	20622.9	307452	307438	13.4187	2195	9033	2303	5	0.0001 Colloc0 2195 42226 0.142238 309.543
1520	1	20757.4	307319	307306	13.3312	2197	9121	2215	5	0.0001 Colloc0 2197 42273 0.131615 302.927
1530	1	20886.4	307425	307411	13.5678	2201	8972	2364	4	0.0001 Colloc0 2201 42188 0.136034 320.89
1540	1	21025	307010	306996	14.0271	2198	9137	2199	5	0.0001 Colloc0 2198 42194 0.112126 356.421
1550	1	21161.2	307351	307338	13.1097	2188	8919	2417	3	0.0001 Colloc0 2188 42170 0.148559 286.352
1560	1	21298.6	307478	307464	14.1171	2200	9027	2309	5	0.0001 Colloc0 2200 42174 0.108035 363.477
1570	1	21434.8	307708	307695	13.533	2186	8900	2436	3	0.0001 Colloc0 2186 42200 0.127193 318.233
1580	1	21557.5	307977	307963	14.0987	2174	8781	2555	3	0.0001 Colloc0 2174 42244 0.106774 362.034
1590	1	21666.3	307458	307445	13.3818	2196	8895	2441	3	0.0001 Colloc0 2196 42151 0.134576 306.748
1600	1	21773.5	307320	307307	13.2495	2189	8886	2450	5	0.0001 Colloc0 2189 42179 0.138518 296.786
1610	1	21880.5	307525	307511	13.7888	2219	8925	2411	3	0.0001 Colloc0 2219 42142 0.110039 337.88
1620	1	21982.7	307147	307134	13.7461	2195	8981	2355	3	0.0001 Colloc0 2195 42146 0.119638 334.582
1630	1	22087.1	306653	306640	13.0633	2220	9198	2138	5	0.0001 Colloc0 2220 42072 0.162235 282.906
1640	1	22195	306888	306875	13.4169	2193	9190	2146	5	0.0001 Colloc0 2193 42132 0.137772 309.402
1650	1	22302.5	306199	306186	13.0076	2167	9343	1993	3	0.0001 Colloc0 2167 42142 0.157099 278.794
1660	1	22406.1	305989	305975	13.1446	2182	9456	1880	6	0.0001 Colloc0 2182 42127 0.147207 288.947
1670	1	22514.1	305763	305750	13.5039	2174	9530	1806	9	0.0001 Colloc0 2174 42134 0.128843 316.015
1680	1	22621.1	305706	305693	13.4772	2186	9555	1781	3	0.0001 Colloc0 2186 42124 0.13405 313.985
1690	1	22727.4	306055	306042	13.8955	2182	9393	1943	4	0.0001 Colloc0 2182 42137 0.0974552 346.155
1700	1	22832.2	306135	306122	13.6121	2194	9307	2029	3	0.0001 Colloc0 2194 42095 0.136329 324.279
1710	1	22940.1	306016	306003	13.4979	2165	9352	1984	2	0.0001 Colloc0 2165 42075 0.123435 315.554
1720	1	23049	305996	305982	14.1651	2181	9479	1857	10	0.0001 Colloc0 2181 42136 0.110807 367.254
1730	1	23155.3	305805	305792	12.9717	2199	9467	1869	2	0.0001 Colloc0 2199 42087 0.167106 276.143
1740	1	23261.3	306131	306118	13.0242	2208	9431	1905	8	0.0001 Colloc0 2208 42087 0.149133 280.016
1750	1	23369.3	306071	306058	13.719	2183	9426	1910	5	0.0001 Colloc0 2183 42113 0.125645 332.494
1760	1	23478.7	306105	306091	14.2526	2179	9448	1888	4	0.0001 Colloc0 2179 42135 0.0915346 374.161
1770	1	23585.9	306316	306303	13.4535	2158	9332	2004	3	0.0001 Colloc0 2158 42168 0.125914 312.179
1780	1	23691.9	306064	306051	13.2996	2173	9338	1998	4	0.0001 Colloc0 2173 42129 0.133524 300.551
1790	1	23797.7	306000	305986	13.3057	2182	9273	2063	3	0.0001 Colloc0 2182 42109 0.145265 301.01
1800	1	23905.4	306270	306257	13.1811	2176	9144	2192	5	0.0001 Colloc0 2176 42090 0.14855 291.668
1810	1	24010.2	306416	306402	13.5934	2180	9100	2236	3	0.0001 Colloc0 2180 42049 0.145221 322.843
1820	1	24117.7	306125	306111	13.6436	2206	9237	2099	6	0.0001 Colloc0 2206 42081 0.134806 326.696
1830	1	24224.9	305981	305968	13.5042	2175	9230	2106	4	0.0001 Colloc0 2175 42085 0.128329 316.037
1840	1	24332	305984	305970	14.0505	2153	9164	2172	5	0.0001 Colloc0 2153 42045 0.0832162 358.252
1850	1	24438.4	305880	305867	13.7438	2155	9268	2068	5	0.0001 Colloc0 2155 41939 0.116416 334.406
1860	1	24544.2	305492	305478	13.5931	2166	9360	1976	6	0.0001 Colloc0 2166 41963 0.115087 322.821
1870	1	24647.9	305567	305554	13.6809	2189	9383	1953	5	0.0001 Colloc0 2189 41963 0.122415 329.557
1880	1	24746.7	305561	305548	13.5191	2168	9353	1983	2	0.0001 Colloc0 2168 41949 0.128385 317.175
1890	1	24851.6	305764	305750	13.9615	2189	9355	1981	3	0.0001 Colloc0 2189 41937 0.120229 351.293
1900	1	24954.8	305457	305443	13.3359	2195	9340	1996	4	0.0001 Colloc0 2195 41934 0.147607 303.287
1910	1	25058.5	305339	305326	13.4619	2195	9333	2003	6	0.0001 Colloc0 2195 41952 0.131161 312.816
1920	1	25163.8	305705	305691	13.1918	2215	9266	2070	3	0.0001 Colloc0 2215 41898 0.152543 292.471
1930	1	25269.2	305343	305330	13.4162	2161	9350	1986	5	0.0001 Colloc0 2161 41863 0.135499 309.351
1940	1	25372.4	305953	305940	13.4017	2219	9145	2191	6	0.0001 Colloc0 2219 41940 0.142913 308.255
1950	1	25476.7	305945	305932	12.8418	2202	9185	2151	3	0.0001 Colloc0 2202 41937 0.16778 266.629
1960	1	25581.9	306219	306206	13.2929	2192	9139	2197	3	0.0001 Colloc0 2192 41982 0.14404 300.044
1970	1	25683.8	305816	305803	13.4957	2182	9211	2125	5	0.0001 Colloc0 2182 41948 0.147333 315.388
1980	1	25786	306027	306014	13.3461	2173	9134	2202	4	0.0001 Colloc0 2173 41903 0.133809 304.056
1990	1	25891.6	306125	306112	13.1421	2185	9092	2244	5	0.0001 Colloc0 2185 41852 0.152721 288.765
2000	1	25996.9	305744	305730	13.6117	2222	9201	2135	6	0.0001 Colloc0 2222 41853 0.150953 324.25
