# D = 0, E = 1, I = 1, P = 1, R = -1, n = 2000, N = 1, P = 1, w = 1, a = 0.0001, b = 10000, e = 1, f = 1, g = 100, h = 0.01, r = 27191, s = 1, S = 0, x = 10, m = 100, Z = 1, z = 0, T = 1, t = 1
# 131956 tokens in 11336 sentences
#
# It	Temp	Time	-logP	-logPcorpus	-logPrior	tables	same	changed	reject	default_pya	(parent pym pyn pya pyb)*
0	1	13.6409	445000	444886	113.764	10152	0	11336	0	0.0001 Colloc0 10152 54752 0.0001 10000
10	1	188.249	377650	377634	16.4583	2893	3269	8067	2	0.0001 Colloc0 2893 50355 0.0649053 555.593
20	1	336.004	368779	368764	15.4166	2328	3614	7722	4	0.0001 Colloc0 2328 50017 0.0286368 468.335
30	1	477.357	365113	365098	15.5429	2250	3824	7512	4	0.0001 Colloc0 2250 49760 0.00460176 478.78
40	1	612.39	361164	361150	14.9307	2125	4046	7290	3	0.0001 Colloc0 2125 49576 0.0110857 428.539
50	1	755.475	357847	357832	15.2967	2135	4236	7100	2	0.0001 Colloc0 2135 49145 0.00117991 458.456
60	1	895.122	355775	355761	14.797	2102	4333	7003	2	0.0001 Colloc0 2102 49017 0.0164711 417.705
70	1	1037.01	351841	351826	14.4454	2029	4653	6683	2	0.0001 Colloc0 2029 48787 0.0142648 389.473
80	1	1173.72	351145	351130	14.5412	2021	4784	6552	2	0.0001 Colloc0 2021 48709 0.0228746 397.127
90	1	1314.31	348118	348103	14.3727	2021	4898	6438	4	0.0001 Colloc0 2021 48515 0.0360229 383.686
100	1	1457.28	347102	347087	14.3592	1982	5119	6217	3	0.0001 Colloc0 1982 48441 0.0182092 382.609
110	1	1591.21	345274	345260	13.672	2016	5187	6149	3	0.0001 Colloc0 2016 48298 0.0763888 328.876
120	1	1727.89	344999	344986	13.6989	2060	5143	6193	1	0.0001 Colloc0 2060 48206 0.0696401 330.943
130	1	1868.65	343810	343796	13.9142	2005	5268	6068	0	0.0001 Colloc0 2005 48173 0.0553774 347.607
140	1	2002.93	341189	341176	13.8715	2011	5661	5675	3	0.0001 Colloc0 2011 47982 0.0553439 344.289
150	1	2133.81	339723	339710	13.1586	2036	5882	5454	0	0.0001 Colloc0 2036 47871 0.11068 289.994
160	1	2272.57	338149	338136	13.4776	2007	5915	5421	2	0.0001 Colloc0 2007 47685 0.0792328 314.013
170	1	2404.47	337902	337888	13.5495	2039	5977	5359	0	0.0001 Colloc0 2039 47574 0.0992842 319.494
180	1	2538.37	336838	336824	13.6811	2031	5981	5355	1	0.0001 Colloc0 2031 47318 0.0923112 329.574
190	1	2669.14	336405	336391	13.7261	2021	5946	5390	3	0.0001 Colloc0 2021 47330 0.0721117 333.043
200	1	2800.74	336312	336298	13.9711	2013	5968	5368	1	0.0001 Colloc0 2013 47298 0.0677192 352.042
210	1	2939.63	335892	335878	13.4009	2025	6049	5287	3	0.0001 Colloc0 2025 47208 0.0825513 308.198
220	1	3079.68	335392	335378	13.4676	2038	6176	5160	6	0.0001 Colloc0 2038 47142 0.0901652 313.249
230	1	3216.63	334609	334596	13.4894	2027	6081	5255	3	0.0001 Colloc0 2027 47073 0.0904831 314.908
240	1	3353.05	334924	334910	13.9022	2000	6004	5332	2	0.0001 Colloc0 2000 47101 0.0684812 346.679
250	1	3489.69	333473	333459	13.7799	2018	6145	5191	2	0.0001 Colloc0 2018 47030 0.0774529 337.191
260	1	3625.73	333597	333584	13.6241	2003	6083	5253	3	0.0001 Colloc0 2003 47005 0.0841402 325.196
270	1	3763.2	333470	333456	13.7094	2010	6280	5056	3	0.0001 Colloc0 2010 46969 0.0737191 331.754
280	1	3903.09	331695	331682	13.4425	2025	6200	5136	3	0.0001 Colloc0 2025 46718 0.0959305 311.347
290	1	4040.75	331927	331913	13.6695	2010	6292	5044	1	0.0001 Colloc0 2010 46673 0.0778184 328.682
300	1	4179.6	331044	331031	13.1517	2043	6372	4964	5	0.0001 Colloc0 2043 46530 0.12154 289.476
310	1	4316.76	329707	329694	13.3617	1994	6505	4831	1	0.0001 Colloc0 1994 46498 0.0819924 305.235
320	1	4451.1	329570	329556	13.8564	1984	6512	4824	2	0.0001 Colloc0 1984 46486 0.0715621 343.118
330	1	4588.48	328949	328936	13.3316	1995	6602	4734	3	0.0001 Colloc0 1995 46425 0.101262 302.963
340	1	4726.02	329357	329343	13.5868	2007	6577	4759	1	0.0001 Colloc0 2007 46393 0.08864 322.338
350	1	4865.55	328999	328986	12.8169	1958	6680	4656	3	0.0001 Colloc0 1958 46424 0.124111 264.81
360	1	5001.79	327721	327708	13.174	1950	6929	4407	4	0.0001 Colloc0 1950 46369 0.0968221 291.137
370	1	5140.25	328360	328347	12.4843	2015	6717	4619	5	0.0001 Colloc0 2015 46332 0.159107 240.918
380	1	5275.88	327626	327612	13.5268	1993	6899	4437	5	0.0001 Colloc0 1993 46283 0.084751 317.758
390	1	5414.49	328147	328134	13.4829	2027	6853	4483	2	0.0001 Colloc0 2027 46334 0.104226 314.417
400	1	5550.67	328040	328026	13.2842	2017	6834	4502	1	0.0001 Colloc0 2017 46286 0.102464 299.394
410	1	5687.19	328509	328495	13.927	2007	6656	4680	4	0.0001 Colloc0 2007 46214 0.0782334 348.608
420	1	5821.77	328206	328192	13.4864	1990	6625	4711	4	0.0001 Colloc0 1990 46212 0.082231 314.682
430	1	5957.87	327691	327678	12.9061	2003	6803	4533	2	0.0001 Colloc0 2003 46181 0.132093 271.329
440	1	6095.75	327130	327116	13.6629	2002	6857	4479	2	0.0001 Colloc0 2002 46163 0.0860776 328.174
450	1	6230.96	326928	326915	13.2374	1990	6855	4481	4	0.0001 Colloc0 1990 46110 0.105185 295.882
460	1	6365.95	326552	326539	13.4404	2009	7004	4332	4	0.0001 Colloc0 2009 46097 0.0968073 311.186
470	1	6504.01	326296	326282	13.9539	2028	7051	4285	1	0.0001 Colloc0 2028 46012 0.0754153 350.703
480	1	6636.84	326681	326667	13.3521	2006	6942	4394	1	0.0001 Colloc0 2006 45966 0.086613 304.507
490	1	6773.64	326845	326831	13.7556	2010	6801	4535	3	0.0001 Colloc0 2010 45977 0.0730304 335.316
500	1	6910.68	326531	326518	13.3451	2008	6801	4535	4	0.0001 Colloc0 2008 45889 0.104485 303.977
510	1	7048.83	326394	326381	13.2815	2005	6942	4394	2	0.0001 Colloc0 2005 45906 0.12053 299.186
520	1	7187.34	326312	326299	13.1672	2022	6921	4415	5	0.0001 Colloc0 2022 45844 0.130855 290.631
530	1	7324.96	325649	325635	13.8135	2026	6995	4341	2	0.0001 Colloc0 2026 45840 0.0829607 339.793
540	1	7457.83	325760	325747	13.1531	2023	6965	4371	1	0.0001 Colloc0 2023 45817 0.121954 289.585
550	1	7588.42	325743	325730	13.3372	2046	6984	4352	2	0.0001 Colloc0 2046 45822 0.11252 303.381
560	1	7727.9	325357	325343	13.2592	2022	7011	4325	5	0.0001 Colloc0 2022 45832 0.110078 297.519
570	1	7862.8	325149	325136	13.7745	2002	7051	4285	3	0.0001 Colloc0 2002 45777 0.0862907 336.777
580	1	7997.49	324888	324874	13.5687	2019	7105	4231	1	0.0001 Colloc0 2019 45726 0.0818797 320.956
590	1	8130.64	324371	324359	12.9518	2016	7210	4126	2	0.0001 Colloc0 2016 45733 0.118505 274.683
600	1	8265.06	324455	324441	13.5917	2032	7264	4072	5	0.0001 Colloc0 2032 45604 0.0859109 322.718
610	1	8402.39	321469	321456	13.2433	2032	7349	3987	4	0.0001 Colloc0 2032 45320 0.0923326 296.322
620	1	8537.17	321392	321379	13.3029	1999	7396	3940	1	0.0001 Colloc0 1999 45305 0.0991404 300.796
630	1	8672.8	321642	321628	14.0678	2005	7321	4015	3	0.0001 Colloc0 2005 45246 0.0644804 359.611
640	1	8807.01	321290	321277	13.4592	2015	7358	3978	4	0.0001 Colloc0 2015 45248 0.106351 312.615
650	1	8944.49	321619	321605	13.3641	1973	7267	4069	2	0.0001 Colloc0 1973 45228 0.0969757 305.411
660	1	9077.06	321396	321382	13.3817	1993	7341	3995	1	0.0001 Colloc0 1993 45210 0.0969904 306.744
670	1	9208.73	321070	321057	13.3603	2009	7470	3866	4	0.0001 Colloc0 2009 45214 0.108962 305.122
680	1	9339.54	320366	320352	13.5157	1998	7623	3713	1	0.0001 Colloc0 1998 45141 0.082566 316.913
690	1	9475.98	320409	320396	13.3159	1993	7527	3809	2	0.0001 Colloc0 1993 45157 0.11177 301.778
700	1	9613.35	320543	320529	13.8337	2027	7470	3866	2	0.0001 Colloc0 2027 45084 0.0757673 341.358
710	1	9751.43	320007	319994	13.2982	2018	7643	3693	2	0.0001 Colloc0 2018 45110 0.10659 300.446
720	1	9888.94	320522	320509	13.287	2024	7525	3811	3	0.0001 Colloc0 2024 45140 0.109752 299.606
730	1	10026.8	319362	319350	12.4718	2003	7844	3492	3	0.0001 Colloc0 2003 45016 0.148146 240.031
740	1	10163.5	318872	318858	13.5063	2015	8133	3203	3	0.0001 Colloc0 2015 45029 0.104464 316.197
750	1	10296.6	318099	318086	12.7667	2010	8213	3123	2	0.0001 Colloc0 2010 44997 0.143383 261.17
760	1	10430.5	318711	318698	13.6036	2022	8022	3314	3	0.0001 Colloc0 2022 45001 0.101831 323.628
770	1	10567	318646	318633	12.7229	2046	8095	3241	2	0.0001 Colloc0 2046 44952 0.154984 257.997
780	1	10704.3	319451	319437	13.9517	2035	7824	3512	5	0.0001 Colloc0 2035 44995 0.0858933 350.534
790	1	10842.4	319711	319697	13.7807	2045	7670	3666	3	0.0001 Colloc0 2045 44925 0.0907365 337.255
800	1	10981.5	320005	319991	13.53	2025	7640	3696	1	0.0001 Colloc0 2025 44937 0.0960333 318.004
