# D = 0, E = 1, I = 1, P = 1, R = -1, n = 2000, N = 1, P = 1, w = 1, a = 0.0001, b = 10000, e = 1, f = 1, g = 100, h = 0.01, r = 22179, s = 1, S = 0, x = 10, m = 100, Z = 1, z = 0, T = 1, t = 1
# 6136 tokens in 266 sentences
#
# It	Temp	Time	-logP	-logPcorpus	-logPrior	tables	same	changed	reject	default_pya	(parent pym pyn pya pyb)*
0	1	0.862868	25696.1	25582.4	113.764	2483	0	266	0	0.0001 Colloc0 2483 3479 0.0001 10000
10	1	13.016	19316.8	19305	11.7618	571	36	230	6	0.0001 Colloc0 571 2736 0.0532928 191.427
20	1	24.1493	18654.4	18643.2	11.1985	517	51	215	3	0.0001 Colloc0 517 2682 0.102427 155.611
30	1	35.0897	18707.4	18696.2	11.107	498	53	213	6	0.0001 Colloc0 498 2708 0.0290131 150.057
40	1	46.126	18684.2	18672.7	11.4883	497	54	212	2	0.0001 Colloc0 497 2703 0.012975 173.701
50	1	57.0233	18454.9	18443.8	11.1086	495	61	205	2	0.0001 Colloc0 495 2682 0.0661589 150.155
60	1	67.9667	18474.5	18463.6	10.8222	475	57	209	0	0.0001 Colloc0 475 2683 0.0920589 133.302
70	1	78.901	18468.5	18457.5	11.0493	481	56	210	5	0.0001 Colloc0 481 2691 0.0367378 146.596
80	1	89.8283	18383.7	18372.6	11.0839	483	61	205	1	0.0001 Colloc0 483 2677 0.038926 148.67
90	1	100.576	18390.1	18378.8	11.3127	491	57	209	0	0.0001 Colloc0 491 2664 0.0271502 162.646
100	1	111.661	18375.5	18364.4	11.1652	499	52	214	3	0.0001 Colloc0 499 2669 0.0755829 153.582
110	1	122.583	18284.9	18274	10.9737	456	64	202	2	0.0001 Colloc0 456 2655 0.0439535 142.113
120	1	133.457	18215.7	18204.4	11.2496	479	70	196	6	0.0001 Colloc0 479 2646 0.021703 158.744
130	1	144.653	18141.2	18130.1	11.1047	494	73	193	5	0.0001 Colloc0 494 2612 0.0697687 149.92
140	1	155.677	18054.6	18043.7	10.8594	461	64	202	2	0.0001 Colloc0 461 2628 0.0937978 135.441
150	1	166.895	18022.4	18011.5	10.8623	469	75	191	1	0.0001 Colloc0 469 2600 0.0936621 135.61
160	1	178.153	17959.2	17948.1	11.016	486	85	181	2	0.0001 Colloc0 486 2601 0.0902975 144.617
170	1	189.109	18017.2	18006.5	10.7247	463	67	199	4	0.0001 Colloc0 463 2575 0.104481 127.757
180	1	199.836	18112.2	18101.1	11.1542	462	71	195	4	0.0001 Colloc0 462 2618 0.00426664 152.914
190	1	210.545	18114.1	18103.2	10.8798	474	65	201	6	0.0001 Colloc0 474 2584 0.0786723 136.625
200	1	221.477	17855.4	17844.1	11.2189	460	81	185	2	0.0001 Colloc0 460 2590 0.0143304 156.859
210	1	232.599	18074.8	18063.3	11.4924	481	81	185	1	0.0001 Colloc0 481 2607 0.00887847 173.965
220	1	243.818	18115.4	18104.3	11.065	488	68	198	2	0.0001 Colloc0 488 2590 0.115011 147.533
230	1	254.868	18111.5	18100.4	11.1072	497	72	194	4	0.0001 Colloc0 497 2597 0.0220193 150.067
240	1	265.634	17856.6	17845.7	10.9765	454	81	185	2	0.0001 Colloc0 454 2562 0.0203237 142.277
250	1	276.522	17998.6	17987.1	11.508	500	74	192	4	0.0001 Colloc0 500 2545 0.0776862 174.957
260	1	287.685	17876.8	17865.5	11.2173	468	90	176	2	0.0001 Colloc0 468 2589 0.0683595 156.759
270	1	298.221	17801.5	17790.4	11.0725	462	85	181	2	0.0001 Colloc0 462 2569 0.0216997 147.984
280	1	309.289	17891.3	17880.3	11.052	463	90	176	3	0.0001 Colloc0 463 2547 0.0191008 146.755
290	1	320.222	17866.7	17855.8	10.8319	471	78	188	4	0.0001 Colloc0 471 2545 0.0728311 133.857
300	1	331.097	17784.1	17773.6	10.4683	471	84	182	2	0.0001 Colloc0 471 2569 0.176008 113.677
310	1	341.882	17922.3	17911.1	11.1903	465	67	199	4	0.0001 Colloc0 465 2576 0.0428617 155.109
320	1	352.895	17878.1	17867.7	10.4784	467	85	181	6	0.0001 Colloc0 467 2583 0.130937 114.218
330	1	363.988	17908.8	17897.3	11.4475	479	74	192	1	0.0001 Colloc0 479 2574 0.0157867 171.106
340	1	375.104	17827.7	17816.9	10.8467	472	68	198	7	0.0001 Colloc0 472 2569 0.0964268 134.706
350	1	386.068	17841.7	17830.7	10.9268	456	88	178	5	0.0001 Colloc0 456 2579 0.0142428 139.361
360	1	397.119	17795.8	17784.8	11.0424	460	86	180	3	0.0001 Colloc0 460 2584 0.0491299 146.184
370	1	407.939	17784.2	17773	11.1646	462	71	195	3	0.0001 Colloc0 462 2554 0.0396556 153.546
380	1	418.957	17744.8	17733.2	11.646	455	76	190	4	0.0001 Colloc0 455 2532 0.00826039 183.852
390	1	429.88	17716.6	17705.8	10.7845	434	85	181	4	0.0001 Colloc0 434 2531 0.00296022 131.144
400	1	440.907	17829.4	17818.1	11.2967	463	77	189	4	0.0001 Colloc0 463 2528 0.0192707 161.653
410	1	451.721	17807.1	17796.6	10.4831	484	71	195	9	0.0001 Colloc0 484 2502 0.159213 114.468
420	1	462.868	17751.8	17740.5	11.3587	465	76	190	2	0.0001 Colloc0 465 2518 0.0149688 165.519
430	1	473.923	17690.9	17680.5	10.4189	482	86	180	5	0.0001 Colloc0 482 2498 0.205923 111.051
440	1	484.78	17840.9	17830	10.884	462	73	193	4	0.0001 Colloc0 462 2502 0.0959024 136.867
450	1	495.845	17802.7	17791.7	11.0536	479	82	184	2	0.0001 Colloc0 479 2496 0.0738071 146.852
460	1	506.775	17841.9	17830.8	11.0446	471	82	184	5	0.0001 Colloc0 471 2521 0.06103 146.317
470	1	517.584	17800.5	17789.8	10.7622	457	81	185	1	0.0001 Colloc0 457 2521 0.0838411 129.877
480	1	528.659	17845.7	17834.3	11.3789	464	69	197	1	0.0001 Colloc0 464 2510 0.0564218 166.785
490	1	539.756	17828.7	17817.3	11.381	470	69	197	3	0.0001 Colloc0 470 2481 0.0246509 166.913
500	1	550.816	17811.3	17800.2	11.1345	478	77	189	4	0.0001 Colloc0 478 2509 0.0997483 151.72
510	1	561.823	17704	17692.6	11.4027	469	94	172	2	0.0001 Colloc0 469 2508 0.0543475 168.279
520	1	572.922	17665.1	17654.7	10.3997	478	98	168	2	0.0001 Colloc0 478 2485 0.17322 110.038
530	1	583.973	17665.6	17654.8	10.8312	451	80	186	3	0.0001 Colloc0 451 2497 0.0939412 133.814
540	1	595.102	17750.4	17739.4	11.0244	459	79	187	3	0.0001 Colloc0 459 2503 0.0590551 145.114
550	1	606.052	17703.2	17692.1	11.0967	447	79	187	2	0.0001 Colloc0 447 2500 0.0402627 149.435
560	1	616.975	17707.9	17697.4	10.4902	471	82	184	2	0.0001 Colloc0 471 2507 0.156899 114.849
570	1	628.067	17671.9	17660.5	11.464	469	93	173	2	0.0001 Colloc0 469 2508 0.0591646 172.158
580	1	638.966	17655.7	17644.6	11.0748	457	83	183	4	0.0001 Colloc0 457 2496 0.0670075 148.124
590	1	650.081	17625.6	17614.5	11.0252	458	86	180	1	0.0001 Colloc0 458 2491 0.0156939 145.161
600	1	661.129	17736.5	17725.5	11.0282	461	74	192	2	0.0001 Colloc0 461 2508 0.0408366 145.34
610	1	671.901	17703.7	17692.3	11.4291	468	80	186	4	0.0001 Colloc0 468 2501 0.00991148 169.945
620	1	682.952	17680.3	17669.3	11.0045	447	84	182	3	0.0001 Colloc0 447 2497 0.0704906 143.931
630	1	693.925	17645.7	17635.2	10.5512	464	101	165	2	0.0001 Colloc0 464 2498 0.156025 118.149
640	1	704.913	17736.4	17725.7	10.6853	471	87	179	5	0.0001 Colloc0 471 2502 0.107288 125.542
650	1	716.005	17700.2	17690.1	10.1502	470	83	183	4	0.0001 Colloc0 470 2478 0.145846 97.2803
660	1	726.877	17764.5	17753.7	10.787	469	80	186	1	0.0001 Colloc0 469 2484 0.0750673 131.286
670	1	737.818	17837	17825.9	11.1213	454	76	190	2	0.0001 Colloc0 454 2533 0.018833 150.919
680	1	748.709	17876.9	17865.6	11.3465	465	67	199	0	0.0001 Colloc0 465 2503 0.0665983 164.752
690	1	759.608	17605.8	17595.5	10.284	460	85	181	3	0.0001 Colloc0 460 2476 0.138142 104.028
700	1	770.613	17662.2	17650.9	11.3599	460	89	177	1	0.0001 Colloc0 460 2520 0.0212905 165.592
710	1	781.54	17647.4	17636.4	10.9985	457	102	164	2	0.0001 Colloc0 457 2519 0.0464072 143.578
720	1	792.708	17636.9	17626	10.8948	461	85	181	2	0.0001 Colloc0 461 2499 0.0350927 137.492
730	1	803.648	17723.3	17712.5	10.8299	468	86	180	2	0.0001 Colloc0 468 2500 0.142918 133.743
740	1	814.534	17803.9	17792.4	11.5096	463	79	187	2	0.0001 Colloc0 463 2483 0.0212441 175.061
750	1	825.455	17693.1	17682.5	10.6117	466	81	185	3	0.0001 Colloc0 466 2485 0.101544 121.461
760	1	836.478	17700.8	17689.8	10.9389	457	76	190	3	0.0001 Colloc0 457 2481 0.0585438 140.067
770	1	847.32	17745.9	17735	10.9455	462	85	181	1	0.0001 Colloc0 462 2477 0.0905679 140.453
780	1	858.444	17784.6	17773.4	11.1991	472	76	190	4	0.0001 Colloc0 472 2479 0.0229588 155.644
790	1	869.438	17706.9	17695.9	10.9437	452	84	182	6	0.0001 Colloc0 452 2465 0.046846 140.348
800	1	880.298	17754.9	17743.9	11.0141	474	78	188	4	0.0001 Colloc0 474 2492 0.0720628 144.499
810	1	891.154	17675.3	17664.4	10.8441	438	81	185	0	0.0001 Colloc0 438 2506 0.00208177 134.561
820	1	901.893	17604	17593.4	10.6319	450	99	167	0	0.0001 Colloc0 450 2488 0.109732 122.573
830	1	913.044	17890.8	17879.4	11.3935	482	68	198	1	0.0001 Colloc0 482 2501 0.033345 167.698
840	1	924.138	17722.9	17712	10.9453	463	82	184	3	0.0001 Colloc0 463 2489 0.0815862 140.439
850	1	934.938	17680.2	17669.2	10.973	455	85	181	0	0.0001 Colloc0 455 2491 0.0446708 142.068
860	1	946.145	17576.7	17565.7	11.042	458	90	176	6	0.0001 Colloc0 458 2477 0.0298734 146.161
870	1	957.154	17635.4	17624.5	10.8853	456	94	172	1	0.0001 Colloc0 456 2489 0.0413825 136.94
880	1	968.135	17604.4	17594	10.466	449	96	170	4	0.0001 Colloc0 449 2477 0.119615 113.555
890	1	979.07	17618.3	17607.2	11.0244	464	104	162	1	0.0001 Colloc0 464 2506 0.068313 145.114
900	1	989.983	17563.3	17552.8	10.5021	442	103	163	2	0.0001 Colloc0 442 2515 0.091176 115.486
910	1	1000.91	17715.3	17704.5	10.8488	461	80	186	0	0.0001 Colloc0 461 2497 0.0876879 134.832
920	1	1012.09	17643.4	17632.5	10.8764	465	96	170	1	0.0001 Colloc0 465 2500 0.0853252 136.426
930	1	1023.03	17586.8	17575.6	11.1774	437	86	180	1	0.0001 Colloc0 437 2489 0.000716321 154.323
940	1	1034.11	17722.1	17711.2	10.9057	459	86	180	1	0.0001 Colloc0 459 2498 0.0876613 138.125
950	1	1044.89	17600.2	17589.9	10.372	447	91	175	2	0.0001 Colloc0 447 2490 0.124972 108.583
960	1	1056.08	17593	17582.9	10.1269	459	94	172	3	0.0001 Colloc0 459 2504 0.157006 96.1333
970	1	1067.06	17684.4	17673.3	11.0901	476	84	182	2	0.0001 Colloc0 476 2451 0.0878558 149.041
980	1	1078.02	17721.7	17710.6	11.1727	467	77	189	3	0.0001 Colloc0 467 2490 0.0593811 154.036
990	1	1089.1	17750.4	17739.3	11.1241	464	79	187	1	0.0001 Colloc0 464 2474 0.0367307 151.09
1000	1	1100.11	17773.1	17761.9	11.1757	473	81	185	3	0.0001 Colloc0 473 2476 0.0426628 154.216
1010	1	1110.95	17792.7	17782.1	10.633	467	75	191	2	0.0001 Colloc0 467 2498 0.0665391 122.636
1020	1	1121.92	17790.8	17779.7	11.0985	484	73	193	3	0.0001 Colloc0 484 2462 0.076431 149.546
1030	1	1132.85	17685.4	17674.4	11.0291	485	79	187	3	0.0001 Colloc0 485 2485 0.0955941 145.39
1040	1	1143.64	17785.4	17774.2	11.1889	474	71	195	2	0.0001 Colloc0 474 2475 0.0703963 155.022
1050	1	1154.44	17593.9	17582.7	11.1863	462	75	191	1	0.0001 Colloc0 462 2476 0.0356025 154.863
1060	1	1165.44	17679	17668.3	10.7281	458	86	180	3	0.0001 Colloc0 458 2480 0.0876887 127.949
1070	1	1176.33	17690.4	17679.5	10.967	466	83	183	1	0.0001 Colloc0 466 2509 0.046739 141.717
1080	1	1187.08	17702	17690.7	11.3276	460	79	187	1	0.0001 Colloc0 460 2484 0.0144445 163.577
1090	1	1198.03	17741.6	17730.6	10.922	476	71	195	4	0.0001 Colloc0 476 2499 0.0956303 139.08
1100	1	1208.93	17700.7	17689.4	11.2996	460	77	189	4	0.0001 Colloc0 460 2479 0.00172322 161.838
1110	1	1219.93	17731.5	17720.6	10.8916	471	76	190	3	0.0001 Colloc0 471 2463 0.122685 137.309
1120	1	1230.81	17679.4	17668	11.3698	464	82	184	6	0.0001 Colloc0 464 2457 0.00397018 166.216
1130	1	1241.76	17655.4	17644.4	11.0013	454	87	179	4	0.0001 Colloc0 454 2453 0.0676862 143.741
1140	1	1252.9	17601.8	17590.8	10.9909	456	83	183	2	0.0001 Colloc0 456 2475 0.093335 143.129
1150	1	1263.98	17527.1	17516.3	10.7878	464	94	172	2	0.0001 Colloc0 464 2457 0.127382 131.33
1160	1	1275.06	17691.4	17680.8	10.6501	492	79	187	2	0.0001 Colloc0 492 2472 0.179127 123.581
1170	1	1286.18	17746.2	17734.8	11.399	482	80	186	1	0.0001 Colloc0 482 2481 0.070384 168.049
1180	1	1297.45	17698	17687.5	10.4785	466	73	193	3	0.0001 Colloc0 466 2466 0.146288 114.221
1190	1	1308.53	17725.3	17714.6	10.6433	464	89	177	2	0.0001 Colloc0 464 2458 0.0946512 123.207
1200	1	1319.36	17540.5	17529.8	10.6691	444	92	174	5	0.0001 Colloc0 444 2457 0.106704 124.641
1210	1	1330.32	17685.4	17674.5	10.9407	457	85	181	0	0.0001 Colloc0 457 2461 0.0603945 140.173
1220	1	1341.27	17500.4	17489.6	10.7628	456	98	168	2	0.0001 Colloc0 456 2448 0.0865891 129.909
1230	1	1352.16	17608.7	17597.9	10.8761	465	79	187	2	0.0001 Colloc0 465 2474 0.0497838 136.405
1240	1	1363.06	17540.1	17528.9	11.1858	447	88	178	3	0.0001 Colloc0 447 2463 0.0433602 154.833
1250	1	1374.06	17740.1	17728.9	11.2198	473	81	185	1	0.0001 Colloc0 473 2483 0.0946529 156.916
1260	1	1385.19	17714.8	17703.2	11.5944	466	85	181	0	0.0001 Colloc0 466 2446 0.0392705 180.509
1270	1	1396.22	17763.1	17752.1	11.0496	471	72	194	3	0.0001 Colloc0 471 2470 0.0496213 146.616
1280	1	1407.08	17579.7	17568.8	10.957	460	92	174	5	0.0001 Colloc0 460 2457 0.0709282 141.129
1290	1	1418.04	17695.3	17683.9	11.3293	468	87	179	2	0.0001 Colloc0 468 2467 0.0395448 163.679
1300	1	1428.82	17620.4	17609.5	10.8934	459	80	186	2	0.0001 Colloc0 459 2487 0.0608457 137.409
1310	1	1439.94	17540.1	17529.2	10.8392	448	96	170	2	0.0001 Colloc0 448 2474 0.0600105 134.277
1320	1	1450.95	17661.4	17650.1	11.2966	462	82	184	2	0.0001 Colloc0 462 2478 0.0151045 161.649
1330	1	1461.99	17587.4	17576.3	11.0702	454	82	184	0	0.0001 Colloc0 454 2464 0.0279585 147.849
1340	1	1473.08	17643.2	17631.9	11.2808	466	77	189	1	0.0001 Colloc0 466 2433 0.00718648 160.673
1350	1	1484.06	17473.7	17462.9	10.761	450	103	163	0	0.0001 Colloc0 450 2434 0.0968568 129.805
1360	1	1494.6	17645.2	17634	11.2375	470	80	186	2	0.0001 Colloc0 470 2461 0.0404869 158.001
1370	1	1505.46	17680	17668.9	11.1243	451	78	188	1	0.0001 Colloc0 451 2484 0.0212328 151.098
1380	1	1516.37	17789	17777.4	11.5517	471	66	200	1	0.0001 Colloc0 471 2465 0.0435038 177.756
1390	1	1527.36	17582.8	17572.3	10.451	456	76	190	3	0.0001 Colloc0 456 2453 0.128162 112.751
1400	1	1538.32	17346.6	17336.1	10.4959	431	113	153	2	0.0001 Colloc0 431 2438 0.0929669 115.156
1410	1	1549.33	17459.7	17448.7	11.0061	463	103	163	2	0.0001 Colloc0 463 2442 0.0461273 144.029
1420	1	1560.2	17473.8	17463.2	10.5967	448	101	165	0	0.0001 Colloc0 448 2454 0.122566 120.634
1430	1	1571.02	17519.6	17508.6	11.0102	476	90	176	2	0.0001 Colloc0 476 2438 0.109371 144.27
1440	1	1581.91	17411.7	17401.8	9.94525	450	101	165	2	0.0001 Colloc0 450 2432 0.183899 87.3968
1450	1	1593.05	17576.3	17565.1	11.2193	463	90	176	1	0.0001 Colloc0 463 2451 0.0237917 156.883
1460	1	1604.16	17494.1	17483	11.0892	464	87	179	1	0.0001 Colloc0 464 2404 0.0393142 148.983
1470	1	1615.32	17617.1	17605.6	11.499	479	81	185	2	0.0001 Colloc0 479 2447 0.00531543 174.383
1480	1	1626.31	17484.4	17473	11.4381	478	83	183	1	0.0001 Colloc0 478 2422 0.0651648 170.512
1490	1	1637.41	17521.7	17510.4	11.2394	467	100	166	4	0.0001 Colloc0 467 2452 0.0759786 158.117
1500	1	1648.05	17641.2	17630.1	11.1058	484	89	177	1	0.0001 Colloc0 484 2448 0.0400933 149.987
1510	1	1659.24	17595.9	17584.4	11.479	489	86	180	2	0.0001 Colloc0 489 2411 0.0464444 173.107
1520	1	1670.01	17475.6	17464.4	11.2187	461	95	171	0	0.0001 Colloc0 461 2424 0.0270058 156.847
1530	1	1680.98	17514.6	17503.7	10.931	455	89	177	0	0.0001 Colloc0 455 2430 0.0523361 139.605
1540	1	1692.14	17574	17563.8	10.1297	474	83	183	2	0.0001 Colloc0 474 2434 0.191215 96.2681
1550	1	1703.24	17518.9	17508.2	10.6776	466	82	184	3	0.0001 Colloc0 466 2438 0.151177 125.113
1560	1	1714.19	17547	17535.8	11.2381	487	89	177	5	0.0001 Colloc0 487 2430 0.0733422 158.036
1570	1	1725.05	17439.1	17428	11.1499	466	94	172	3	0.0001 Colloc0 466 2415 0.0181326 152.653
1580	1	1736.13	17431.7	17420.6	11.037	459	98	168	1	0.0001 Colloc0 459 2417 0.0489595 145.862
1590	1	1747.14	17515.3	17503.9	11.4456	469	82	184	0	0.0001 Colloc0 469 2428 0.0313705 170.991
1600	1	1758.31	17526.6	17515.5	11.1542	448	97	169	3	0.0001 Colloc0 448 2440 0.03427 152.91
1610	1	1769.15	17553.6	17542.3	11.2955	464	94	172	2	0.0001 Colloc0 464 2421 0.00330119 161.582
1620	1	1780.03	17459.5	17448.3	11.1787	463	93	173	2	0.0001 Colloc0 463 2426 0.0504195 154.402
1630	1	1790.55	17322.8	17311.8	10.9157	456	117	149	1	0.0001 Colloc0 456 2421 0.0397557 138.71
1640	1	1801.48	17518	17506.9	11.1861	466	94	172	2	0.0001 Colloc0 466 2441 0.0607882 154.853
1650	1	1812.52	17449.2	17438.5	10.684	466	105	161	2	0.0001 Colloc0 466 2399 0.120883 125.469
1660	1	1823.33	17553.2	17542.2	11.0147	479	77	189	0	0.0001 Colloc0 479 2412 0.103965 144.535
1670	1	1833.92	17507	17495.9	11.0226	469	74	192	2	0.0001 Colloc0 469 2410 0.0470212 145.007
1680	1	1844.88	17507.9	17496.9	11.0725	476	98	168	0	0.0001 Colloc0 476 2413 0.103658 147.982
1690	1	1855.49	17495.4	17484.5	10.8596	469	92	174	4	0.0001 Colloc0 469 2395 0.113453 135.45
1700	1	1866.1	17495	17483.5	11.4767	452	94	172	3	0.0001 Colloc0 452 2433 0.0390392 172.961
1710	1	1876.95	17561.3	17550	11.2911	465	88	178	1	0.0001 Colloc0 465 2439 0.0191573 161.307
1720	1	1888.05	17606.4	17594.9	11.5392	474	79	187	2	0.0001 Colloc0 474 2433 0.00501589 176.954
1730	1	1898.94	17524.1	17513	11.0675	479	101	165	2	0.0001 Colloc0 479 2412 0.0705897 147.685
1740	1	1909.84	17407.3	17396.3	10.9983	466	95	171	3	0.0001 Colloc0 466 2394 0.10678 143.564
1750	1	1921.03	17522.5	17511.2	11.2651	467	98	168	0	0.0001 Colloc0 467 2409 0.0463841 159.7
1760	1	1932.1	17508.5	17497.1	11.4129	471	85	181	5	0.0001 Colloc0 471 2396 0.0552663 168.92
1770	1	1943.23	17639.7	17628.1	11.5754	474	82	184	3	0.0001 Colloc0 474 2423 0.0180474 179.278
1780	1	1954.32	17563.1	17551.6	11.4583	468	86	180	5	0.0001 Colloc0 468 2368 0.0480063 171.797
1790	1	1965.29	17495.4	17484.2	11.182	465	85	181	0	0.0001 Colloc0 465 2389 0.0281584 154.6
1800	1	1976.32	17458.5	17447.9	10.6152	477	89	177	2	0.0001 Colloc0 477 2407 0.0986045 121.649
1810	1	1986.98	17516	17504.5	11.4866	465	89	177	2	0.0001 Colloc0 465 2396 0.0234659 173.593
1820	1	1997.44	17542.1	17530.7	11.3482	468	79	187	3	0.0001 Colloc0 468 2408 0.00620628 164.863
1830	1	2008.38	17495.6	17484.5	11.1584	464	87	179	4	0.0001 Colloc0 464 2397 0.0364062 153.165
1840	1	2019.38	17512.4	17501.2	11.2297	464	101	165	3	0.0001 Colloc0 464 2387 0.00897293 157.52
1850	1	2030.19	17494.7	17484.1	10.6588	472	93	173	2	0.0001 Colloc0 472 2370 0.111123 124.066
1860	1	2041.19	17488.8	17477.5	11.3245	463	99	167	4	0.0001 Colloc0 463 2370 0.00676554 163.386
1870	1	2052.16	17428.7	17417.4	11.3178	457	94	172	4	0.0001 Colloc0 457 2406 0.00564814 162.963
1880	1	2063.03	17494	17482.9	11.1484	458	102	164	0	0.0001 Colloc0 458 2384 0.00640737 152.558
1890	1	2073.9	17560.3	17549.1	11.1377	474	88	178	1	0.0001 Colloc0 474 2408 0.0387162 151.91
1900	1	2084.78	17511.2	17500.4	10.7589	464	90	176	2	0.0001 Colloc0 464 2405 0.0843089 129.691
1910	1	2095.66	17399.8	17388.7	11.0824	466	95	171	3	0.0001 Colloc0 466 2381 0.118359 148.578
1920	1	2106.29	17546	17534.7	11.3772	471	83	183	1	0.0001 Colloc0 471 2391 0.086134 166.678
1930	1	2116.93	17568.2	17557.4	10.8	488	94	172	2	0.0001 Colloc0 488 2402 0.105774 132.029
1940	1	2127.39	17563	17552	11.0507	457	80	186	2	0.0001 Colloc0 457 2404 0.0496339 146.682
1950	1	2137.82	17577.5	17566.5	11.0199	490	93	173	2	0.0001 Colloc0 490 2413 0.0713514 144.846
1960	1	2148.2	17529.7	17518.5	11.2407	469	87	179	4	0.0001 Colloc0 469 2397 5.49711e-05 158.196
1970	1	2158.49	17546.7	17535.9	10.7628	479	80	186	3	0.0001 Colloc0 479 2397 0.109359 129.911
1980	1	2168.83	17559.4	17547.8	11.541	484	88	178	1	0.0001 Colloc0 484 2378 0.0216427 177.07
1990	1	2179.14	17601.6	17590.5	11.1883	461	79	187	1	0.0001 Colloc0 461 2413 0.0144279 154.986
2000	1	2189.15	17582.8	17571.3	11.4647	472	89	177	1	0.0001 Colloc0 472 2420 0.00247276 172.199
