# D = 0, E = 1, I = 1, P = 1, R = -1, n = 2000, N = 1, P = 1, w = 1, a = 0.0001, b = 10000, e = 1, f = 1, g = 100, h = 0.01, r = 16305, s = 1, S = 0, x = 10, m = 100, Z = 1, z = 0, T = 1, t = 1
# 6136 tokens in 266 sentences
#
# It	Temp	Time	-logP	-logPcorpus	-logPrior	tables	same	changed	reject	default_pya	(parent pym pyn pya pyb)*
0	1	0.842871	23808.5	23694.7	113.764	1484	0	266	0	0.0001 Colloc0 1484 2103 0.0001 10000
10	1	12.899	18946.2	18933.6	12.6254	599	50	216	4	0.0001 Colloc0 599 2475 0.0146922 250.974
20	1	23.8434	18547.3	18535.5	11.8014	526	57	209	6	0.0001 Colloc0 526 2490 0.00707351 194.046
30	1	35.2586	18337.7	18326.2	11.5228	528	61	205	6	0.0001 Colloc0 528 2493 0.0444524 175.902
40	1	46.3929	18140.7	18129.6	11.0755	507	69	197	5	0.0001 Colloc0 507 2480 0.072561 148.162
50	1	57.0343	18146.5	18134.9	11.5798	520	68	198	4	0.0001 Colloc0 520 2460 0.0612486 179.563
60	1	67.7277	18177	18164.9	12.1877	514	64	202	5	0.0001 Colloc0 514 2473 0.000539746 220.168
70	1	78.931	17952.1	17940.7	11.3769	511	70	196	4	0.0001 Colloc0 511 2431 0.0708793 166.661
80	1	90.2993	17958.3	17947.1	11.2092	502	74	192	4	0.0001 Colloc0 502 2466 0.108115 156.263
90	1	101.569	17942.7	17930.8	11.8447	493	70	196	3	0.0001 Colloc0 493 2461 0.000959744 196.918
100	1	112.823	17921.8	17910.9	10.9414	514	75	191	5	0.0001 Colloc0 514 2454 0.0818517 140.213
110	1	124.083	17799.4	17787.9	11.5147	493	85	181	3	0.0001 Colloc0 493 2441 0.043049 175.387
120	1	134.841	17935.2	17924	11.2766	496	70	196	5	0.0001 Colloc0 496 2468 0.0380273 160.408
130	1	145.28	17964.3	17952.6	11.6927	492	74	192	2	0.0001 Colloc0 492 2470 0.0105411 186.892
140	1	156.095	17864.4	17852.7	11.6706	504	72	194	5	0.0001 Colloc0 504 2443 0.019761 185.452
150	1	167.338	17775	17763.7	11.3451	479	90	176	2	0.0001 Colloc0 479 2461 0.0420539 164.666
160	1	178.114	17772.3	17760.8	11.4796	499	74	192	4	0.0001 Colloc0 499 2435 0.00884401 173.149
170	1	189.369	17830	17819	10.9474	509	77	189	6	0.0001 Colloc0 509 2444 0.13943 140.563
180	1	200.684	17716.7	17705.6	11.1062	490	92	174	6	0.0001 Colloc0 490 2428 0.0979394 150.008
190	1	211.717	17761.8	17750.2	11.5284	503	87	179	4	0.0001 Colloc0 503 2440 0.0135912 176.264
200	1	222.416	17755.9	17744.4	11.4834	500	70	196	5	0.0001 Colloc0 500 2414 0.0215556 173.388
210	1	233.501	17842.2	17830.8	11.4004	500	72	194	4	0.0001 Colloc0 500 2437 0.0186372 168.138
220	1	244.476	17690	17678.2	11.7476	489	91	175	3	0.0001 Colloc0 489 2408 0.0361263 190.495
230	1	255.54	17699.6	17688.9	10.6928	493	85	181	2	0.0001 Colloc0 493 2389 0.151676 125.961
240	1	266.665	17833.5	17822.2	11.2451	522	79	187	3	0.0001 Colloc0 522 2423 0.127373 158.469
250	1	277.587	17716.9	17705.6	11.2108	497	80	186	4	0.0001 Colloc0 497 2407 0.134695 156.36
260	1	288.544	17724.7	17712.9	11.804	508	76	190	3	0.0001 Colloc0 508 2403 0.0367609 194.219
270	1	299.481	17718.3	17706.6	11.6785	507	86	180	3	0.0001 Colloc0 507 2406 0.057641 185.968
280	1	310.491	17661.8	17650.3	11.4568	501	86	180	3	0.0001 Colloc0 501 2409 0.0411048 171.696
290	1	321.615	17791.6	17780	11.6148	497	73	193	2	0.0001 Colloc0 497 2411 0.0186634 181.825
300	1	332.872	17695.2	17684.2	10.9782	482	79	187	6	0.0001 Colloc0 482 2415 0.102264 142.376
310	1	344.068	17701	17689.1	11.9006	493	77	189	6	0.0001 Colloc0 493 2413 0.0285819 200.649
320	1	355.117	17586.9	17575.5	11.3776	489	92	174	7	0.0001 Colloc0 489 2407 0.0601492 166.702
330	1	366.439	17611.9	17600.7	11.2303	487	82	184	3	0.0001 Colloc0 487 2397 0.0864092 157.56
340	1	377.721	17644	17632.7	11.3537	487	89	177	6	0.0001 Colloc0 487 2407 0.0391396 165.207
350	1	388.882	17510.6	17499	11.6281	474	94	172	3	0.0001 Colloc0 474 2399 0.00841395 182.69
360	1	399.963	17578.3	17567.5	10.785	485	102	164	5	0.0001 Colloc0 485 2412 0.121473 131.175
370	1	411.079	17794.5	17782.9	11.5765	514	74	192	5	0.0001 Colloc0 514 2422 0.0151311 179.351
380	1	422.32	17763.6	17751.9	11.7696	519	79	187	3	0.0001 Colloc0 519 2408 0.0134338 191.942
390	1	433.654	17523.7	17512.6	11.1295	474	92	174	6	0.0001 Colloc0 474 2411 0.122062 151.414
400	1	445.055	17648	17636.3	11.7469	494	95	171	4	0.0001 Colloc0 494 2393 0.0236785 190.449
410	1	455.891	17643.7	17632.3	11.3856	503	91	175	5	0.0001 Colloc0 503 2400 0.0330782 167.202
420	1	466.648	17680	17668.5	11.4713	486	73	193	3	0.0001 Colloc0 486 2400 0.0241731 172.62
430	1	477.022	17693	17681.7	11.2753	495	73	193	3	0.0001 Colloc0 495 2409 0.0794097 160.328
440	1	488.011	17692.8	17681.6	11.2221	499	72	194	4	0.0001 Colloc0 499 2384 0.0958508 157.054
450	1	498.929	17569.9	17558.5	11.3389	492	84	182	4	0.0001 Colloc0 492 2391 0.0553635 164.284
460	1	509.738	17694.2	17682.8	11.4532	500	79	187	4	0.0001 Colloc0 500 2391 0.0216511 171.469
470	1	520.735	17495.4	17484.6	10.8733	489	96	170	4	0.0001 Colloc0 489 2385 0.120985 136.245
480	1	531.394	17662.9	17651.4	11.5518	496	87	179	3	0.0001 Colloc0 496 2397 0.0836687 177.762
490	1	542.037	17649.7	17638.6	11.0284	514	77	189	3	0.0001 Colloc0 514 2386 0.111768 145.349
500	1	553.044	17530.8	17519.4	11.4115	483	95	171	5	0.0001 Colloc0 483 2390 0.0279361 168.834
510	1	564.26	17498.7	17487	11.6831	482	84	182	2	0.0001 Colloc0 482 2383 0.0616788 186.267
520	1	574.778	17653.2	17641.7	11.5147	511	83	183	5	0.0001 Colloc0 511 2386 0.0474821 175.388
530	1	586.028	17655.4	17643.9	11.4505	486	85	181	3	0.0001 Colloc0 486 2395 0.0345191 171.296
540	1	597.178	17579.1	17567.1	11.9936	503	92	174	4	0.0001 Colloc0 503 2363 0.00294046 206.909
550	1	608.008	17585.7	17574.2	11.4491	475	76	190	6	0.0001 Colloc0 475 2391 0.0153772 171.211
560	1	619.297	17579.9	17568.1	11.7657	509	85	181	4	0.0001 Colloc0 509 2399 0.00821737 191.689
570	1	630.039	17560.3	17549.2	11.1211	483	91	175	6	0.0001 Colloc0 483 2389 0.0782613 150.908
580	1	640.936	17631.6	17620.2	11.3847	489	81	185	4	0.0001 Colloc0 489 2390 0.00191119 167.147
590	1	651.909	17571.9	17560.3	11.6588	495	91	175	6	0.0001 Colloc0 495 2388 0.00543799 184.679
600	1	662.894	17607.7	17595.9	11.809	501	88	178	4	0.0001 Colloc0 501 2381 0.0072733 194.549
610	1	673.805	17647.6	17635.9	11.6684	505	87	179	3	0.0001 Colloc0 505 2383 0.0253524 185.305
620	1	684.464	17531.6	17520.3	11.3504	502	87	179	4	0.0001 Colloc0 502 2353 0.0939849 164.997
630	1	695.002	17622.3	17611.1	11.2112	522	90	176	2	0.0001 Colloc0 522 2376 0.142669 156.385
640	1	705.616	17582.5	17571.1	11.3514	503	98	168	5	0.0001 Colloc0 503 2383 0.0766449 165.062
650	1	716.823	17622.9	17611.6	11.3089	502	91	175	2	0.0001 Colloc0 502 2368 0.104182 162.415
660	1	727.964	17588	17576.7	11.2973	493	88	178	3	0.0001 Colloc0 493 2362 0.0541383 161.69
670	1	738.85	17607	17595.2	11.8219	509	91	175	5	0.0001 Colloc0 509 2378 0.0144731 195.402
680	1	750.111	17649.3	17638.2	11.0803	514	83	183	3	0.0001 Colloc0 514 2379 0.0839503 148.449
690	1	761.355	17608.3	17597.1	11.2267	494	85	181	6	0.0001 Colloc0 494 2391 0.0889611 157.336
700	1	772.404	17554.4	17542.7	11.648	499	90	176	3	0.0001 Colloc0 499 2354 0.0185176 183.978
710	1	783.476	17431.4	17420.2	11.2232	482	100	166	5	0.0001 Colloc0 482 2361 0.0580178 157.121
720	1	794.85	17524.9	17513.5	11.3556	486	90	176	2	0.0001 Colloc0 486 2390 0.0343018 165.324
730	1	805.846	17635.3	17623.6	11.7173	499	77	189	3	0.0001 Colloc0 499 2382 0.00797385 188.501
740	1	816.781	17618.8	17607.1	11.6481	499	89	177	3	0.0001 Colloc0 499 2372 0.0133169 183.986
750	1	827.243	17497.4	17486.4	11.0002	483	97	169	2	0.0001 Colloc0 483 2397 0.0456927 143.678
760	1	837.641	17520.3	17509.2	11.0911	489	87	179	3	0.0001 Colloc0 489 2346 0.119997 149.102
770	1	848.584	17620.8	17608.9	11.9466	499	95	171	2	0.0001 Colloc0 499 2373 0.0122224 203.74
780	1	859.716	17441.2	17429.9	11.36	477	109	157	2	0.0001 Colloc0 477 2362 0.0263001 165.597
790	1	870.638	17563.4	17551.8	11.581	505	96	170	4	0.0001 Colloc0 505 2381 0.0835029 179.64
800	1	881.822	17601.5	17590.2	11.3295	497	81	185	5	0.0001 Colloc0 497 2406 0.0617985 163.695
810	1	892.834	17633.7	17621.8	11.9045	496	82	184	3	0.0001 Colloc0 496 2393 0.0017626 200.914
820	1	903.964	17583.2	17571.5	11.6568	497	80	186	3	0.0001 Colloc0 497 2362 0.0322405 184.552
830	1	915.054	17648.5	17637.1	11.4151	495	78	188	6	0.0001 Colloc0 495 2412 0.0463882 169.063
840	1	926.093	17588.1	17577	11.1359	487	80	186	5	0.0001 Colloc0 487 2376 0.0964574 151.802
850	1	937.497	17638.2	17626.5	11.7386	497	84	182	6	0.0001 Colloc0 497 2392 0.0240264 189.9
860	1	948.882	17457.6	17446.5	11.082	468	96	170	5	0.0001 Colloc0 468 2387 0.068319 148.553
870	1	959.707	17598.2	17586.3	11.9007	489	91	175	2	0.0001 Colloc0 489 2389 0.00419181 200.659
880	1	970.362	17570.3	17558.9	11.4685	476	85	181	5	0.0001 Colloc0 476 2381 0.000539554 172.443
890	1	981.548	17431	17420	10.9895	483	98	168	4	0.0001 Colloc0 483 2358 0.10923 143.045
900	1	992.505	17474.6	17463.3	11.2384	483	79	187	4	0.0001 Colloc0 483 2371 0.0577705 158.058
910	1	1003.58	17559.6	17548.5	11.0937	501	79	187	2	0.0001 Colloc0 501 2396 0.0723484 149.257
920	1	1014.67	17570.4	17558.7	11.7449	501	88	178	5	0.0001 Colloc0 501 2373 0.0232753 190.315
930	1	1025.92	17620	17608.9	11.1715	477	85	181	4	0.0001 Colloc0 477 2384 0.0633525 153.961
940	1	1036.82	17626.8	17615.2	11.5835	503	78	188	4	0.0001 Colloc0 503 2379 0.0766782 179.803
950	1	1048	17600.8	17589.4	11.3824	497	76	190	4	0.0001 Colloc0 497 2372 0.048558 167.001
960	1	1059.21	17667.8	17656.3	11.4648	484	78	188	2	0.0001 Colloc0 484 2404 0.0151678 172.206
970	1	1070.32	17606.4	17595.3	11.0652	492	90	176	2	0.0001 Colloc0 492 2405 0.0709108 147.549
980	1	1081.24	17561.2	17550	11.2461	487	87	179	5	0.0001 Colloc0 487 2372 0.0526899 158.526
990	1	1092.39	17507.4	17496	11.449	485	89	177	3	0.0001 Colloc0 485 2372 0.0176495 171.201
1000	1	1103.41	17546.6	17535.6	11.0089	490	87	179	4	0.0001 Colloc0 490 2385 0.0831982 144.191
1010	1	1114.64	17530	17518.7	11.2921	481	88	178	6	0.0001 Colloc0 481 2351 0.0284206 161.37
1020	1	1125.84	17604.5	17592.9	11.5167	474	89	177	3	0.0001 Colloc0 474 2380 0.0171127 175.515
1030	1	1136.64	17581.2	17569.5	11.708	501	85	181	3	0.0001 Colloc0 501 2357 0.014348 187.892
1040	1	1147.8	17536.7	17525.4	11.301	469	84	182	3	0.0001 Colloc0 469 2384 0.0216617 161.922
1050	1	1159.17	17548.4	17537	11.4214	488	81	185	4	0.0001 Colloc0 488 2366 0.00501923 169.461
1060	1	1170.49	17460.3	17448.8	11.5066	483	96	170	4	0.0001 Colloc0 483 2354 0.0252206 174.87
1070	1	1181.83	17580.7	17569.1	11.6277	494	95	171	5	0.0001 Colloc0 494 2366 0.00128083 182.659
1080	1	1192.95	17651.9	17640.9	11.0252	473	92	174	4	0.0001 Colloc0 473 2421 0.0468401 145.158
1090	1	1203.78	17556.1	17544.8	11.2876	470	76	190	2	0.0001 Colloc0 470 2383 0.0392688 161.089
1100	1	1214.82	17533	17522	11.0069	502	93	173	6	0.0001 Colloc0 502 2383 0.119929 144.073
1110	1	1225.89	17400.4	17389.1	11.2593	481	96	170	5	0.0001 Colloc0 481 2380 0.00752937 159.34
1120	1	1236.32	17624.9	17613.5	11.4229	485	86	180	2	0.0001 Colloc0 485 2412 0.0201782 169.555
1130	1	1246.99	17565.5	17554.2	11.255	502	89	177	6	0.0001 Colloc0 502 2393 0.0868746 159.077
1140	1	1257.69	17549.8	17538.4	11.3372	484	91	175	3	0.0001 Colloc0 484 2378 0.0554059 164.173
1150	1	1268.93	17485.1	17473.4	11.6593	481	93	173	4	0.0001 Colloc0 481 2387 0.0123892 184.718
1160	1	1280.18	17453	17442.6	10.4054	475	97	169	5	0.0001 Colloc0 475 2378 0.193273 110.339
1170	1	1290.8	17523.5	17512.2	11.3603	465	95	171	6	0.0001 Colloc0 465 2405 0.0616261 165.617
1180	1	1301.28	17445.3	17434.6	10.7884	490	85	181	4	0.0001 Colloc0 490 2382 0.135133 131.366
1190	1	1312.28	17675.6	17664.1	11.4866	502	81	185	3	0.0001 Colloc0 502 2392 0.0619384 173.595
1200	1	1323.4	17479.1	17468	11.0113	489	83	183	4	0.0001 Colloc0 489 2389 0.0967792 144.336
1210	1	1333.75	17564.3	17552.8	11.4488	507	89	177	4	0.0001 Colloc0 507 2365 0.0838221 171.194
1220	1	1344.11	17578.8	17567.3	11.5303	513	93	173	2	0.0001 Colloc0 513 2358 0.0854822 176.386
1230	1	1354.43	17547.6	17536.3	11.3224	503	85	181	4	0.0001 Colloc0 503 2373 0.0624584 163.255
1240	1	1365.76	17501.7	17490.4	11.2796	488	95	171	5	0.0001 Colloc0 488 2361 0.0767732 160.599
1250	1	1377.02	17482.8	17471.4	11.3787	504	91	175	4	0.0001 Colloc0 504 2356 0.0822685 166.768
1260	1	1388.16	17559.8	17548.1	11.6632	491	93	173	3	0.0001 Colloc0 491 2358 0.0226712 184.966
1270	1	1399.28	17546.8	17535.5	11.3218	484	87	179	3	0.0001 Colloc0 484 2379 0.0777133 163.213
1280	1	1410.63	17568.4	17557.2	11.1938	484	84	182	4	0.0001 Colloc0 484 2389 0.0598488 155.323
1290	1	1421.78	17509.1	17498.3	10.8116	474	96	170	4	0.0001 Colloc0 474 2363 0.0999336 132.692
1300	1	1432.8	17524.1	17512.7	11.4347	477	86	180	2	0.0001 Colloc0 477 2380 0.0107767 170.301
1310	1	1443.71	17558.3	17547	11.373	483	92	174	6	0.0001 Colloc0 483 2376 0.0158367 166.413
1320	1	1454.17	17574.6	17563.4	11.1659	495	77	189	4	0.0001 Colloc0 495 2361 0.11722 153.624
1330	1	1464.73	17443	17431.5	11.4755	488	89	177	5	0.0001 Colloc0 488 2369 0.0654719 172.885
1340	1	1475.88	17504.1	17493.6	10.5029	490	90	176	4	0.0001 Colloc0 490 2371 0.155075 115.529
1350	1	1487.15	17406.5	17395.7	10.8724	474	95	171	6	0.0001 Colloc0 474 2391 0.110279 136.192
1360	1	1498.03	17510.8	17500.1	10.6599	494	85	181	4	0.0001 Colloc0 494 2382 0.172881 124.125
1370	1	1508.35	17412.9	17401.7	11.1662	464	92	174	2	0.0001 Colloc0 464 2378 0.0234135 153.637
1380	1	1518.85	17595.3	17583.9	11.4674	485	85	181	5	0.0001 Colloc0 485 2360 0.0827197 172.373
1390	1	1530.01	17515.5	17504.5	10.9521	477	90	176	3	0.0001 Colloc0 477 2378 0.0853557 140.839
1400	1	1540.7	17406.5	17395.9	10.6929	492	104	162	5	0.0001 Colloc0 492 2398 0.144661 125.968
1410	1	1551.19	17485	17473.7	11.3807	492	90	176	2	0.0001 Colloc0 492 2374 0.0538682 166.895
1420	1	1562.3	17561.5	17549.8	11.6889	482	88	178	5	0.0001 Colloc0 482 2383 0.00549919 186.645
1430	1	1573.59	17664.1	17652.8	11.3516	495	84	182	3	0.0001 Colloc0 495 2409 0.00739397 165.076
1440	1	1584.31	17471.8	17460.3	11.4673	489	102	164	6	0.0001 Colloc0 489 2394 0.0029847 172.362
1450	1	1595.2	17502.1	17491.4	10.7751	495	83	183	3	0.0001 Colloc0 495 2388 0.15242 130.609
1460	1	1606.1	17650.1	17638.5	11.6096	511	74	192	5	0.0001 Colloc0 511 2396 0.0064273 181.486
1470	1	1617.39	17531.7	17520.2	11.5498	483	87	179	3	0.0001 Colloc0 483 2410 0.00508344 177.637
1480	1	1628.42	17585.7	17574.5	11.1932	479	86	180	2	0.0001 Colloc0 479 2410 0.0687917 155.286
1490	1	1639.21	17473.6	17462.5	11.085	481	91	175	4	0.0001 Colloc0 481 2378 0.0741672 148.734
1500	1	1650.12	17454.2	17443.2	11.0003	484	95	171	5	0.0001 Colloc0 484 2399 0.0978484 143.681
1510	1	1661.07	17626.5	17615.9	10.6225	488	88	178	2	0.0001 Colloc0 488 2397 0.135156 122.054
1520	1	1672.1	17532.3	17521	11.2244	480	86	180	3	0.0001 Colloc0 480 2367 0.0359415 157.193
1530	1	1683.21	17513.5	17502	11.4704	491	77	189	4	0.0001 Colloc0 491 2367 0.0266145 172.563
1540	1	1694.47	17539	17527.9	11.1638	480	86	180	2	0.0001 Colloc0 480 2388 0.0530992 153.494
1550	1	1705.42	17556.6	17544.9	11.7017	487	86	180	3	0.0001 Colloc0 487 2397 0.0065184 187.481
1560	1	1716.48	17584.9	17573.2	11.7375	490	81	185	2	0.0001 Colloc0 490 2417 0.00183736 189.829
1570	1	1727.54	17539	17527.5	11.4708	487	91	175	4	0.0001 Colloc0 487 2388 0.0481083 172.589
1580	1	1738.69	17540	17528.9	11.1117	473	76	190	3	0.0001 Colloc0 473 2407 0.00804848 150.337
1590	1	1749.92	17514.9	17503.9	10.9423	482	87	179	3	0.0001 Colloc0 482 2376 0.103269 140.266
1600	1	1760.84	17511.1	17499.3	11.783	499	94	172	3	0.0001 Colloc0 499 2389 0.0040942 192.826
1610	1	1772.25	17413.8	17402.3	11.5007	487	90	176	3	0.0001 Colloc0 487 2391 0.00644891 174.488
1620	1	1783.21	17345.3	17334.1	11.1549	465	109	157	4	0.0001 Colloc0 465 2379 0.0278796 152.955
1630	1	1794.32	17440	17428.7	11.2566	487	90	176	2	0.0001 Colloc0 487 2368 0.0717075 159.175
1640	1	1805.47	17473.9	17462.4	11.4923	473	91	175	4	0.0001 Colloc0 473 2384 0.0330543 173.955
1650	1	1816.61	17398.6	17387.8	10.8573	483	94	172	3	0.0001 Colloc0 483 2369 0.125108 135.323
1660	1	1827.38	17410.7	17399.3	11.3687	487	89	177	6	0.0001 Colloc0 487 2382 0.054287 166.144
1670	1	1838.46	17527.4	17516.1	11.2848	469	87	179	3	0.0001 Colloc0 469 2407 0.0374966 160.918
1680	1	1849.54	17441	17429.4	11.6539	487	83	183	5	0.0001 Colloc0 487 2377 0.0207866 184.363
1690	1	1860.54	17601.6	17590.1	11.5701	481	79	187	6	0.0001 Colloc0 481 2404 0.0251052 178.939
1700	1	1871.45	17570.8	17559.3	11.5796	501	81	185	3	0.0001 Colloc0 501 2388 0.0330684 179.553
1710	1	1881.86	17441.6	17430.1	11.4944	473	86	180	2	0.0001 Colloc0 473 2396 0.00875111 174.092
1720	1	1892.84	17428.6	17417.2	11.4581	471	85	181	5	0.0001 Colloc0 471 2413 0.0282281 171.783
1730	1	1903.16	17388.2	17377	11.2395	466	89	177	3	0.0001 Colloc0 466 2367 0.0156674 158.123
1740	1	1913.56	17505.8	17495	10.8221	490	87	179	3	0.0001 Colloc0 490 2389 0.1212 133.294
1750	1	1924.83	17534.4	17523.4	11.0807	472	89	177	3	0.0001 Colloc0 472 2432 0.0209609 148.474
1760	1	1935.82	17506.9	17495.5	11.4352	473	82	184	3	0.0001 Colloc0 473 2400 0.0339373 170.331
1770	1	1946.84	17521.8	17510.8	11.0326	467	80	186	4	0.0001 Colloc0 467 2403 0.0346479 145.598
1780	1	1957.78	17464.4	17452.9	11.4438	469	85	181	4	0.0001 Colloc0 469 2411 0.0410214 170.877
1790	1	1968.82	17532.5	17520.8	11.6197	474	82	184	3	0.0001 Colloc0 474 2399 0.0132964 182.14
1800	1	1979.64	17465.6	17454.6	11.022	474	93	173	5	0.0001 Colloc0 474 2415 0.12976 144.97
1810	1	1990.58	17548.2	17536.8	11.3599	479	84	182	3	0.0001 Colloc0 479 2416 0.0239872 165.594
1820	1	2001.26	17532.3	17521	11.3105	477	82	184	5	0.0001 Colloc0 477 2415 0.046487 162.513
1830	1	2012.34	17478.3	17467	11.3285	472	86	180	2	0.0001 Colloc0 472 2398 0.0742339 163.63
1840	1	2023.32	17493.5	17482.3	11.1894	484	79	187	4	0.0001 Colloc0 484 2413 0.0890709 155.056
1850	1	2034.25	17539	17527.6	11.4214	475	78	188	5	0.0001 Colloc0 475 2394 0.00276237 169.459
1860	1	2045.37	17417.8	17406.6	11.2266	457	90	176	6	0.0001 Colloc0 457 2431 0.00804088 157.332
1870	1	2056.37	17537.9	17526.6	11.3313	498	73	193	4	0.0001 Colloc0 498 2403 0.06829 163.806
1880	1	2067.39	17526.4	17515.1	11.2711	490	84	182	5	0.0001 Colloc0 490 2399 0.0894316 160.068
1890	1	2078.38	17492.6	17481.5	11.0792	469	95	171	3	0.0001 Colloc0 469 2434 0.0266353 148.388
1900	1	2089.21	17563.8	17552.1	11.6225	495	78	188	4	0.0001 Colloc0 495 2402 0.0119708 182.326
1910	1	2100.2	17475.3	17464.6	10.647	480	90	176	4	0.0001 Colloc0 480 2406 0.181713 123.412
1920	1	2110.94	17415.8	17404.2	11.6202	474	97	169	4	0.0001 Colloc0 474 2369 0.0330577 182.176
1930	1	2121.33	17322.9	17311.8	11.0705	472	87	179	2	0.0001 Colloc0 472 2379 0.0712971 147.866
1940	1	2131.84	17444	17432.4	11.5717	490	90	176	3	0.0001 Colloc0 490 2388 0.0347339 179.042
1950	1	2142.59	17401.6	17390.7	10.9414	472	100	166	3	0.0001 Colloc0 472 2384 0.098266 140.211
1960	1	2153.21	17433.2	17422.1	11.1252	474	82	184	2	0.0001 Colloc0 474 2404 0.0634858 151.155
1970	1	2163.75	17533.1	17521.6	11.5606	502	88	178	4	0.0001 Colloc0 502 2394 0.0110584 178.325
1980	1	2173.79	17467.2	17455.9	11.2947	484	81	185	4	0.0001 Colloc0 484 2381 0.0399255 161.532
1990	1	2183.95	17520.8	17509.4	11.4503	482	83	183	4	0.0001 Colloc0 482 2393 0.00311459 171.288
2000	1	2194.03	17514.9	17503.8	11.1082	480	85	181	4	0.0001 Colloc0 480 2380 0.0376872 150.127
