# D = 0, E = 1, I = 1, P = 1, R = -1, n = 2000, N = 1, P = 1, w = 1, a = 0.0001, b = 10000, e = 1, f = 1, g = 100, h = 0.01, r = 8578, s = 1, S = 0, x = 10, m = 100, Z = 1, z = 0, T = 1, t = 1
# 6136 tokens in 266 sentences
#
# It	Temp	Time	-logP	-logPcorpus	-logPrior	tables	same	changed	reject	default_pya	(parent pym pyn pya pyb)*
0	1	0.91886	28586.5	28472.8	113.764	3519	0	266	0	0.0001 Colloc0 3519 4678 0.0001 10000
10	1	14.7348	20112.4	20101.1	11.3269	697	27	239	4	0.0001 Colloc0 697 2954 0.232538 163.531
20	1	25.8871	19450.1	19439.4	10.7118	471	46	220	3	0.0001 Colloc0 471 2950 0.0576051 127.03
30	1	36.9644	19240.6	19229.6	11.0174	461	53	213	4	0.0001 Colloc0 461 2889 0.0204525 144.696
40	1	48.0337	19045.4	19034.6	10.8246	486	45	221	3	0.0001 Colloc0 486 2840 0.0972995 133.438
50	1	58.949	18890.2	18879.1	11.1567	451	49	217	3	0.0001 Colloc0 451 2828 0.0100618 153.062
60	1	69.8184	18744.8	18733.9	10.9119	473	51	215	1	0.0001 Colloc0 473 2788 0.0517405 138.488
70	1	80.6797	18483	18472.4	10.6248	481	61	205	1	0.0001 Colloc0 481 2758 0.0910566 122.183
80	1	91.1461	18285.8	18274.9	10.8547	476	67	199	3	0.0001 Colloc0 476 2702 0.0911883 135.167
90	1	102.204	18201	18189.7	11.3244	450	57	209	3	0.0001 Colloc0 450 2673 0.000537856 163.377
100	1	112.85	18114.8	18103.9	10.9243	453	76	190	2	0.0001 Colloc0 453 2643 0.0408635 139.214
110	1	123.833	18197.6	18186.9	10.6868	461	68	198	4	0.0001 Colloc0 461 2657 0.0496664 125.63
120	1	134.531	17988.5	17977.5	11.0194	446	77	189	4	0.0001 Colloc0 446 2652 0.025836 144.817
130	1	145.548	18137.5	18126.4	11.0647	451	70	196	2	0.0001 Colloc0 451 2675 0.0105464 147.518
140	1	156.806	18151.1	18140	11.1283	464	61	205	1	0.0001 Colloc0 464 2645 0.0423507 151.342
150	1	167.803	18076	18065.6	10.4237	447	69	197	1	0.0001 Colloc0 447 2667 0.115075 111.301
160	1	178.889	18086.3	18075.1	11.1343	449	72	194	2	0.0001 Colloc0 449 2660 0.0197679 151.702
170	1	189.93	18034.8	18024	10.7847	476	82	184	5	0.0001 Colloc0 476 2658 0.114157 131.157
180	1	200.769	18020.6	18009.3	11.3591	448	71	195	4	0.0001 Colloc0 448 2640 0.00459844 165.545
190	1	211.742	17802.7	17792.1	10.6174	435	89	177	3	0.0001 Colloc0 435 2638 0.0724463 121.771
200	1	222.844	17900.3	17889.7	10.6153	455	62	204	3	0.0001 Colloc0 455 2610 0.114591 121.655
210	1	234.066	17987.8	17976.7	11.1391	455	60	206	1	0.0001 Colloc0 455 2579 0.0660199 151.993
220	1	244.842	17988.2	17977.3	10.9572	476	73	193	3	0.0001 Colloc0 476 2581 0.079869 141.143
230	1	255.538	17870.6	17859.2	11.3513	452	70	196	5	0.0001 Colloc0 452 2574 0.0222462 165.058
240	1	266.117	17785.5	17774.5	11.0318	445	75	191	3	0.0001 Colloc0 445 2574 0.0419629 145.552
250	1	277.326	17838.9	17828.2	10.6322	441	80	186	3	0.0001 Colloc0 441 2547 0.00646584 122.593
260	1	288.098	17812.5	17801.2	11.3037	456	79	187	2	0.0001 Colloc0 456 2577 0.0159632 162.091
270	1	299.327	17861.9	17850.7	11.1629	480	73	193	6	0.0001 Colloc0 480 2570 0.039774 153.442
280	1	310.537	17747.9	17737.3	10.6083	459	82	184	0	0.0001 Colloc0 459 2542 0.126535 121.274
290	1	321.677	17751.8	17741	10.832	454	94	172	1	0.0001 Colloc0 454 2536 0.0577074 133.864
300	1	332.827	17791.8	17780.8	11.008	469	82	184	4	0.0001 Colloc0 469 2536 0.0874432 144.142
310	1	343.612	17671.6	17661.3	10.3302	453	85	181	1	0.0001 Colloc0 453 2518 0.14079 106.405
320	1	354.581	17840.6	17829.5	11.1522	459	75	191	0	0.0001 Colloc0 459 2543 0.0206246 152.79
330	1	365.713	17763.4	17752.2	11.1771	449	79	187	3	0.0001 Colloc0 449 2527 0.0153655 154.304
340	1	376.807	17819.4	17808.3	11.1389	458	70	196	1	0.0001 Colloc0 458 2566 0.0448108 151.98
350	1	387.813	17561.6	17550.5	11.0314	455	97	169	2	0.0001 Colloc0 455 2501 0.0672566 145.532
360	1	399.036	17691	17679.7	11.3188	458	86	180	5	0.0001 Colloc0 458 2509 0.0204674 163.031
370	1	410.05	17484.7	17473.8	10.907	447	97	169	2	0.0001 Colloc0 447 2499 0.062786 138.201
380	1	420.913	17549	17537.8	11.2218	450	92	174	0	0.0001 Colloc0 450 2487 0.0209694 157.038
390	1	431.69	17681.3	17669.9	11.3774	451	85	181	2	0.0001 Colloc0 451 2531 0.031939 166.692
400	1	442.805	17650.3	17639.6	10.7184	460	78	188	1	0.0001 Colloc0 460 2502 0.10565 127.4
410	1	453.649	17673.4	17662.3	11.1472	463	78	188	3	0.0001 Colloc0 463 2499 0.0307747 152.488
420	1	464.497	17526.5	17515.4	11.0821	457	95	171	3	0.0001 Colloc0 457 2533 0.0521841 148.56
430	1	475.636	17563.5	17552.9	10.642	462	92	174	4	0.0001 Colloc0 462 2502 0.0953616 123.136
440	1	486.715	17630.8	17619.5	11.296	448	94	172	1	0.0001 Colloc0 448 2497 0.0256011 161.614
450	1	497.555	17619	17608	10.9531	457	98	168	1	0.0001 Colloc0 457 2504 0.0911866 140.898
460	1	508.529	17600.4	17589.4	10.956	444	86	180	0	0.0001 Colloc0 444 2502 0.0329699 141.07
470	1	519.604	17656.9	17645.9	10.9881	447	81	185	1	0.0001 Colloc0 447 2507 0.00117569 142.962
480	1	530.538	17453.6	17442.9	10.6574	438	111	155	1	0.0001 Colloc0 438 2500 0.0933325 123.989
490	1	541.462	17569.4	17558.9	10.517	470	86	180	2	0.0001 Colloc0 470 2473 0.168097 116.294
500	1	552.528	17620.7	17609.7	10.9936	451	76	190	3	0.0001 Colloc0 451 2475 0.0315352 143.287
510	1	563.456	17547.4	17536.4	10.9975	440	91	175	3	0.0001 Colloc0 440 2498 0.0309351 143.516
520	1	574.48	17601.2	17590.2	11.0878	457	87	179	2	0.0001 Colloc0 457 2509 0.0246879 148.904
530	1	585.381	17664.8	17654	10.813	448	78	188	2	0.0001 Colloc0 448 2533 0.0763229 132.77
540	1	596.485	17692.9	17682.3	10.5547	453	77	189	3	0.0001 Colloc0 453 2511 0.0955625 118.339
550	1	607.458	17685.6	17674.5	11.0937	435	73	193	2	0.0001 Colloc0 435 2510 0.0178052 149.257
560	1	618.464	17646.4	17635.4	10.9656	457	82	184	2	0.0001 Colloc0 457 2499 0.0457271 141.637
570	1	629.48	17698.8	17688	10.7905	460	76	190	3	0.0001 Colloc0 460 2508 0.102343 131.488
580	1	640.468	17687.6	17676.1	11.4835	446	85	181	0	0.0001 Colloc0 446 2500 0.00983975 173.397
590	1	651.312	17713.3	17702	11.2798	467	77	189	0	0.0001 Colloc0 467 2508 0.038258 160.607
600	1	662.089	17757.7	17746.8	10.8826	465	71	195	5	0.0001 Colloc0 465 2528 0.0683512 136.785
610	1	672.869	17602.6	17591.8	10.8141	448	82	184	6	0.0001 Colloc0 448 2510 0.114223 132.834
620	1	684.066	17676	17664.7	11.2603	457	71	195	2	0.0001 Colloc0 457 2521 0.0118505 159.403
630	1	695.141	17697.4	17686.2	11.1239	449	72	194	4	0.0001 Colloc0 449 2475 0.0221138 151.079
640	1	706.128	17631.9	17621.2	10.7566	478	70	196	3	0.0001 Colloc0 478 2502 0.125485 129.56
650	1	717.207	17704.7	17693.9	10.8004	461	79	187	7	0.0001 Colloc0 461 2523 0.05409 132.051
660	1	727.748	17664.5	17653.8	10.7222	452	92	174	0	0.0001 Colloc0 452 2532 0.104459 127.612
670	1	738.396	17612.6	17601.4	11.1256	440	89	177	2	0.0001 Colloc0 440 2505 0.0184852 151.182
680	1	749.472	17621.8	17610.8	11.0073	457	77	189	3	0.0001 Colloc0 457 2497 0.0879462 144.1
690	1	760.427	17505.5	17494.6	10.8455	443	85	181	2	0.0001 Colloc0 443 2488 0.100793 134.638
700	1	771.042	17572.1	17560.8	11.3266	469	74	192	1	0.0001 Colloc0 469 2460 0.0345225 163.514
710	1	781.997	17535.2	17524	11.1461	462	90	176	2	0.0001 Colloc0 462 2459 0.0728638 152.423
720	1	793.097	17573.8	17562.7	11.0422	464	90	176	3	0.0001 Colloc0 464 2490 0.0678086 146.17
730	1	803.811	17676	17664.8	11.2435	459	71	195	4	0.0001 Colloc0 459 2508 0.00709026 158.371
740	1	814.265	17587.1	17576	11.1389	453	74	192	1	0.0001 Colloc0 453 2478 0.00805904 151.982
750	1	825.145	17506.5	17495.4	11.1354	471	83	183	3	0.0001 Colloc0 471 2436 0.0383412 151.773
760	1	836.063	17522.4	17510.9	11.432	456	80	186	1	0.0001 Colloc0 456 2458 0.00821137 170.131
770	1	847.201	17516.7	17506	10.7449	454	79	187	4	0.0001 Colloc0 454 2449 0.0964251 128.898
780	1	858.164	17580.2	17568.9	11.2692	457	85	181	1	0.0001 Colloc0 457 2447 0.0420479 159.956
790	1	868.915	17527.1	17515.4	11.6913	453	85	181	3	0.0001 Colloc0 453 2455 0.00671288 186.803
800	1	880.008	17540.1	17529.2	10.8668	465	83	183	1	0.0001 Colloc0 465 2424 0.0834582 135.871
810	1	891.007	17550.8	17539.5	11.3059	458	87	179	1	0.0001 Colloc0 458 2451 0.0430288 162.228
820	1	902.062	17550.4	17539	11.3696	458	79	187	4	0.0001 Colloc0 458 2459 0.00671217 166.201
830	1	912.717	17568.7	17557.6	11.0337	456	86	180	1	0.0001 Colloc0 456 2484 0.0180805 145.666
840	1	923.63	17509.5	17498.3	11.2516	473	92	174	1	0.0001 Colloc0 473 2446 0.0259961 158.865
850	1	934.835	17405.2	17394.6	10.5749	445	96	170	1	0.0001 Colloc0 445 2432 0.0696239 119.441
860	1	945.947	17579.6	17568.6	11.0294	468	91	175	5	0.0001 Colloc0 468 2467 0.112037 145.412
870	1	956.869	17558.2	17547.4	10.7885	444	83	183	0	0.0001 Colloc0 444 2470 0.0383067 131.374
880	1	967.499	17580.7	17569.8	10.9006	455	88	178	5	0.0001 Colloc0 455 2467 0.0534657 137.828
890	1	978.476	17511.6	17500.5	11.1701	446	96	170	2	0.0001 Colloc0 446 2469 0.0332588 153.877
900	1	989.337	17512	17501.3	10.7425	448	95	171	2	0.0001 Colloc0 448 2462 0.0858245 128.759
910	1	1000.28	17523.2	17512	11.169	456	88	178	2	0.0001 Colloc0 456 2467 0.0179387 153.812
920	1	1011.2	17518.2	17506.9	11.214	442	82	184	1	0.0001 Colloc0 442 2460 0.033669 156.558
930	1	1022.18	17602.9	17591.9	11.0122	451	77	189	6	0.0001 Colloc0 451 2495 0.0159832 144.387
940	1	1032.73	17587.3	17576.3	10.9682	447	82	184	0	0.0001 Colloc0 447 2474 0.0250054 141.788
950	1	1043.83	17615.3	17604.2	11.1035	466	80	186	5	0.0001 Colloc0 466 2461 0.0477997 149.848
960	1	1054.53	17438.2	17427.2	10.9146	461	104	162	3	0.0001 Colloc0 461 2456 0.0573788 138.648
970	1	1065.45	17461.6	17450.8	10.7568	458	98	168	4	0.0001 Colloc0 458 2462 0.0796819 129.571
980	1	1076.43	17562.8	17552	10.7849	456	81	185	1	0.0001 Colloc0 456 2469 0.0931217 131.165
990	1	1087.12	17580.5	17569.3	11.1891	465	82	184	0	0.0001 Colloc0 465 2480 0.0135557 155.037
1000	1	1098.06	17591.9	17580.7	11.2671	454	91	175	2	0.0001 Colloc0 454 2462 0.0167316 159.823
1010	1	1108.98	17546.7	17535.7	11.005	447	75	191	1	0.0001 Colloc0 447 2449 0.0296858 143.959
1020	1	1119.95	17596.7	17585.9	10.8057	443	78	188	2	0.0001 Colloc0 443 2479 0.0357612 132.355
1030	1	1130.89	17471.1	17459.9	11.1893	450	79	187	2	0.0001 Colloc0 450 2462 0.0371293 155.048
1040	1	1141.84	17468.6	17457.7	10.8912	461	91	175	1	0.0001 Colloc0 461 2466 0.0963032 137.282
1050	1	1152.96	17526.7	17516.1	10.6395	445	85	181	2	0.0001 Colloc0 445 2480 0.0835878 122.993
1060	1	1164.13	17561.4	17550.5	10.8953	451	88	178	4	0.0001 Colloc0 451 2471 0.060578 137.521
1070	1	1175.26	17496	17485.2	10.741	439	78	188	6	0.0001 Colloc0 439 2462 0.0732614 128.677
1080	1	1186.38	17468.9	17458.2	10.7216	432	87	179	2	0.0001 Colloc0 432 2452 0.104101 127.58
1090	1	1197.42	17382.1	17371.1	11.057	442	103	163	3	0.0001 Colloc0 442 2447 0.0263028 147.053
1100	1	1208.2	17533	17522	11.0065	450	89	177	0	0.0001 Colloc0 450 2456 0.0487039 144.049
1110	1	1218.74	17535.5	17524.3	11.2507	462	84	182	1	0.0001 Colloc0 462 2452 0.0342714 158.81
1120	1	1229.68	17576.2	17565.4	10.8433	474	82	184	1	0.0001 Colloc0 474 2465 0.0538028 134.512
1130	1	1240.67	17491.5	17480.5	10.9911	453	90	176	3	0.0001 Colloc0 453 2457 0.0374342 143.142
1140	1	1251.72	17468	17456.5	11.5073	469	89	177	1	0.0001 Colloc0 469 2435 0.0166954 174.911
1150	1	1262.56	17475.2	17464.4	10.858	456	93	173	2	0.0001 Colloc0 456 2449 0.0824826 135.361
1160	1	1273.51	17588.4	17577.3	11.1707	453	90	176	1	0.0001 Colloc0 453 2490 0.016734 153.914
1170	1	1284.64	17498.2	17486.6	11.5332	479	85	181	3	0.0001 Colloc0 479 2434 0.0195994 176.571
1180	1	1295.82	17568.2	17557.3	10.8933	479	86	180	2	0.0001 Colloc0 479 2444 0.0902713 137.407
1190	1	1306.87	17568.7	17557.6	11.09	468	79	187	1	0.0001 Colloc0 468 2445 0.0854184 149.034
1200	1	1317.66	17493.8	17482.8	11.0625	464	86	180	1	0.0001 Colloc0 464 2414 0.0554187 147.385
1210	1	1328.41	17579.7	17568.4	11.3318	448	94	172	2	0.0001 Colloc0 448 2471 0.000971537 163.841
1220	1	1339.15	17427.7	17416.9	10.7312	443	101	165	3	0.0001 Colloc0 443 2435 0.08719 128.119
1230	1	1350.21	17376.4	17365.6	10.8362	454	87	179	2	0.0001 Colloc0 454 2424 0.087373 134.104
1240	1	1361.15	17576.3	17565.2	11.1329	463	85	181	1	0.0001 Colloc0 463 2433 0.0740649 151.622
1250	1	1372.29	17558	17547.2	10.8186	471	81	185	3	0.0001 Colloc0 471 2459 0.0632262 133.091
1260	1	1383.46	17481.2	17470	11.2009	468	94	172	4	0.0001 Colloc0 468 2448 0.106147 155.757
1270	1	1394.34	17509.9	17498.7	11.2302	468	87	179	3	0.0001 Colloc0 468 2431 0.0274722 157.55
1280	1	1405.28	17476.5	17465.2	11.2978	468	81	185	1	0.0001 Colloc0 468 2439 0.0303237 161.727
1290	1	1416.17	17496.7	17485.8	10.8507	455	94	172	2	0.0001 Colloc0 455 2451 0.0909996 134.941
1300	1	1427.12	17604.2	17593.5	10.7238	456	82	184	3	0.0001 Colloc0 456 2436 0.0982161 127.707
1310	1	1438.16	17501	17489.7	11.264	464	94	172	1	0.0001 Colloc0 464 2453 0.00886922 159.63
1320	1	1449.39	17637.6	17626.4	11.1934	461	79	187	1	0.0001 Colloc0 461 2461 0.063794 155.298
1330	1	1460.52	17548.1	17536.8	11.3479	461	77	189	3	0.0001 Colloc0 461 2453 0.0174877 164.844
1340	1	1471.71	17529.1	17517.7	11.3652	453	91	175	1	0.0001 Colloc0 453 2440 0.0373034 165.927
1350	1	1482.46	17488.5	17477.5	11.0834	462	86	180	4	0.0001 Colloc0 462 2453 0.0884908 148.635
1360	1	1493.44	17427	17415.9	11.1319	455	92	174	1	0.0001 Colloc0 455 2440 0.0121737 151.56
1370	1	1504.56	17458.9	17448	10.9022	454	93	173	5	0.0001 Colloc0 454 2446 0.0767714 137.926
1380	1	1515.57	17455.7	17444.4	11.2657	462	89	177	3	0.0001 Colloc0 462 2432 0.0443874 159.738
1390	1	1526.62	17440.2	17428.9	11.3298	468	94	172	2	0.0001 Colloc0 468 2415 0.0647153 163.716
1400	1	1537.67	17418	17407	10.9608	465	101	165	1	0.0001 Colloc0 465 2429 0.0543119 141.35
1410	1	1548.71	17511.5	17499.7	11.7991	481	89	177	2	0.0001 Colloc0 481 2428 0.0172366 193.892
1420	1	1559.85	17491.3	17480	11.2597	450	87	179	0	0.0001 Colloc0 450 2440 0.0186628 159.366
1430	1	1570.83	17461.5	17450.6	10.9155	451	92	174	1	0.0001 Colloc0 451 2414 0.0453717 138.698
1440	1	1581.57	17509.3	17498.1	11.1823	468	84	182	2	0.0001 Colloc0 468 2415 0.0779408 154.622
1450	1	1592.63	17392	17380.7	11.2639	458	100	166	1	0.0001 Colloc0 458 2416 0.00236653 159.627
1460	1	1603.56	17486.8	17476	10.8084	469	96	170	8	0.0001 Colloc0 469 2419 0.122675 132.507
1470	1	1614.64	17438.2	17427.1	11.0285	449	89	177	1	0.0001 Colloc0 449 2425 0.027908 145.355
1480	1	1625.58	17389.5	17378.7	10.8089	445	95	171	4	0.0001 Colloc0 445 2426 0.0568289 132.538
1490	1	1636.6	17443.9	17433.3	10.5397	448	83	183	4	0.0001 Colloc0 448 2405 0.123244 117.52
1500	1	1647.7	17522.4	17511.2	11.2054	456	94	172	1	0.0001 Colloc0 456 2450 0.0520869 156.032
1510	1	1658.78	17437.9	17426.9	11.0312	455	80	186	3	0.0001 Colloc0 455 2425 0.0640084 145.516
1520	1	1669.78	17486.1	17475.3	10.8107	455	91	175	2	0.0001 Colloc0 455 2438 0.0692161 132.638
1530	1	1680.82	17460.3	17448.8	11.4487	459	88	178	2	0.0001 Colloc0 459 2411 0.00575313 171.182
1540	1	1691.69	17517.1	17505.9	11.2058	455	88	178	2	0.0001 Colloc0 455 2419 0.0345708 156.057
1550	1	1702.37	17432.3	17421.3	10.9624	449	84	182	0	0.0001 Colloc0 449 2431 0.028864 141.447
1560	1	1713.34	17488.7	17477.8	10.8919	452	84	182	1	0.0001 Colloc0 452 2438 0.0741426 137.327
1570	1	1724.38	17475.6	17464.7	10.9657	441	98	168	1	0.0001 Colloc0 441 2441 0.0516533 141.638
1580	1	1735.49	17441	17429.7	11.3069	437	91	175	1	0.0001 Colloc0 437 2443 0.0260745 162.288
1590	1	1746.32	17405.7	17395	10.7029	466	91	175	2	0.0001 Colloc0 466 2428 0.115375 126.527
1600	1	1757.19	17294.7	17283.5	11.2099	434	111	155	3	0.0001 Colloc0 434 2428 0.0119892 156.308
1610	1	1768.11	17359	17348.2	10.8224	432	97	169	1	0.0001 Colloc0 432 2420 0.0728277 133.314
1620	1	1779.18	17470.3	17459.3	11.063	453	94	172	3	0.0001 Colloc0 453 2447 0.0407822 147.413
1630	1	1789.74	17380.8	17369.9	10.9316	440	95	171	1	0.0001 Colloc0 440 2436 0.00793356 139.641
1640	1	1800.39	17409.7	17398.4	11.2697	442	89	177	2	0.0001 Colloc0 442 2435 0.0218409 159.983
1650	1	1811.26	17372.1	17361	11.1042	445	85	181	3	0.0001 Colloc0 445 2411 0.0213055 149.887
1660	1	1822.11	17582	17570.5	11.4925	459	81	185	4	0.0001 Colloc0 459 2475 0.00383067 173.968
1670	1	1833.16	17414.6	17403.5	11.111	459	104	162	0	0.0001 Colloc0 459 2422 0.0074199 150.3
1680	1	1844.19	17508.5	17497.6	10.9422	458	78	188	4	0.0001 Colloc0 458 2417 0.0598923 140.263
1690	1	1855	17544.2	17533.1	11.1722	458	86	180	4	0.0001 Colloc0 458 2435 0.00611221 154.004
1700	1	1865.8	17523.4	17511.8	11.6362	471	90	176	3	0.0001 Colloc0 471 2431 0.0122383 183.21
1710	1	1876.63	17509	17497.6	11.3271	467	80	186	2	0.0001 Colloc0 467 2442 0.0503226 163.544
1720	1	1887.55	17485.4	17474.6	10.7676	459	82	184	3	0.0001 Colloc0 459 2420 0.109573 130.185
1730	1	1898.29	17515.6	17504.3	11.2791	459	87	179	4	0.0001 Colloc0 459 2443 0.0278777 160.565
1740	1	1908.89	17524.2	17513.1	11.0753	462	81	185	0	0.0001 Colloc0 462 2449 0.0639927 148.154
1750	1	1919.99	17384.4	17373.5	10.8932	448	99	167	3	0.0001 Colloc0 448 2424 0.0259601 137.398
1760	1	1931.06	17269.3	17258.2	11.1631	441	103	163	3	0.0001 Colloc0 441 2444 0.00659368 153.449
1770	1	1942.12	17476.9	17465.8	11.1115	443	83	183	3	0.0001 Colloc0 443 2442 0.00266655 150.328
1780	1	1953.06	17410.3	17399.5	10.7468	444	84	182	2	0.0001 Colloc0 444 2435 0.0554869 129.005
1790	1	1963.9	17524.7	17513.5	11.2024	450	88	178	2	0.0001 Colloc0 450 2451 0.0235975 155.851
1800	1	1974.8	17406.4	17395.5	10.9322	440	94	172	3	0.0001 Colloc0 440 2445 0.0264062 139.677
1810	1	1985.52	17389.5	17378.4	11.1106	448	88	178	2	0.0001 Colloc0 448 2408 0.0553978 150.271
1820	1	1996.48	17373.3	17362.3	10.9877	461	93	173	4	0.0001 Colloc0 461 2417 0.122355 142.935
1830	1	2007.26	17436.7	17425.7	10.9632	472	97	169	0	0.0001 Colloc0 472 2428 0.0975113 141.495
1840	1	2018.14	17501.8	17490.6	11.1478	452	85	181	1	0.0001 Colloc0 452 2442 0.0837586 152.525
1850	1	2029.09	17344.2	17332.9	11.2493	460	102	164	3	0.0001 Colloc0 460 2393 0.0148918 158.728
1860	1	2039.94	17329.1	17318	11.1045	442	101	165	2	0.0001 Colloc0 442 2410 0.0354588 149.904
1870	1	2050.84	17377.9	17367.1	10.8822	461	87	179	2	0.0001 Colloc0 461 2387 0.109891 136.764
1880	1	2061.54	17412.5	17401.4	11.0804	436	93	173	2	0.0001 Colloc0 436 2432 0.0327817 148.456
1890	1	2072.44	17323.7	17312.7	11.034	443	101	165	4	0.0001 Colloc0 443 2420 0.0455358 145.682
1900	1	2083.27	17359.5	17348.5	11.0433	445	103	163	1	0.0001 Colloc0 445 2408 0.00455029 146.237
1910	1	2094.03	17406.5	17396.1	10.4389	457	99	167	0	0.0001 Colloc0 457 2409 0.133752 112.111
1920	1	2104.41	17424.6	17413.4	11.2129	452	98	168	1	0.0001 Colloc0 452 2426 0.0869913 156.489
1930	1	2114.75	17438	17426.9	11.0861	443	80	186	1	0.0001 Colloc0 443 2414 0.0230799 148.8
1940	1	2125.14	17321.8	17310.5	11.2798	441	96	170	1	0.0001 Colloc0 441 2398 0.0249885 160.608
1950	1	2135.83	17452.8	17441.2	11.5881	471	91	175	1	0.0001 Colloc0 471 2399 0.030155 180.101
1960	1	2146.43	17419.5	17408.5	11.0241	458	83	183	0	0.0001 Colloc0 458 2397 0.102151 145.095
1970	1	2156.85	17456.2	17444.7	11.5031	446	86	180	2	0.0001 Colloc0 446 2424 0.00525053 174.642
1980	1	2166.99	17376.4	17365.5	10.9107	455	97	169	1	0.0001 Colloc0 455 2395 0.0565293 138.416
1990	1	2177.16	17391.1	17380.1	10.9616	468	90	176	2	0.0001 Colloc0 468 2416 0.0433159 141.401
2000	1	2187.22	17533.5	17522.2	11.357	474	86	180	5	0.0001 Colloc0 474 2427 0.0215115 165.413
