# D = 0, E = 1, I = 1, P = 1, R = -1, n = 2000, N = 1, P = 1, w = 1, a = 0.0001, b = 10000, e = 1, f = 1, g = 100, h = 0.01, r = 9027, s = 1, S = 0, x = 10, m = 100, Z = 1, z = 0, T = 1, t = 1
# 6136 tokens in 266 sentences
#
# It	Temp	Time	-logP	-logPcorpus	-logPrior	tables	same	changed	reject	default_pya	(parent pym pyn pya pyb)*
0	1	0.881865	26237.7	26124	113.764	2661	0	266	0	0.0001 Colloc0 2661 3683 0.0001 10000
10	1	12.837	19394.8	19382.8	12.0447	582	34	232	2	0.0001 Colloc0 582 2727 0.0216638 210.373
20	1	23.9224	18857.5	18846.4	11.0679	471	44	222	2	0.0001 Colloc0 471 2718 0.0256467 147.707
30	1	34.8707	18693.8	18682.3	11.5504	493	55	211	5	0.0001 Colloc0 493 2703 0.00364928 177.67
40	1	46.01	18549.7	18538.8	10.9232	487	61	205	2	0.0001 Colloc0 487 2651 0.0710818 139.146
50	1	57.0663	18504.5	18493.1	11.3257	495	64	202	4	0.0001 Colloc0 495 2653 0.0405358 163.459
60	1	68.1226	18474.2	18463	11.1613	500	64	202	2	0.0001 Colloc0 500 2649 0.0679085 153.343
70	1	79.071	18385.1	18373.8	11.2919	490	58	208	1	0.0001 Colloc0 490 2620 0.0280658 161.356
80	1	90.0693	18414	18402.6	11.3807	483	61	205	2	0.0001 Colloc0 483 2624 0.0145257 166.897
90	1	100.878	18326	18314.5	11.496	477	78	188	3	0.0001 Colloc0 477 2643 0.0261853 174.193
100	1	111.816	18314.3	18303.1	11.1153	464	63	203	4	0.0001 Colloc0 464 2593 0.0203735 150.556
110	1	122.872	18406	18394.9	11.0735	488	67	199	1	0.0001 Colloc0 488 2634 0.0578681 148.046
120	1	133.738	18131.4	18120.2	11.1789	457	74	192	3	0.0001 Colloc0 457 2572 0.0234676 154.411
130	1	144.994	18168.4	18156.9	11.4616	477	66	200	3	0.0001 Colloc0 477 2564 0.0204153 172.005
140	1	155.864	18246.4	18234.7	11.7316	489	60	206	1	0.0001 Colloc0 489 2585 0.0111758 189.442
150	1	166.969	18294.8	18283.2	11.6454	502	52	214	3	0.0001 Colloc0 502 2581 0.0301128 183.813
160	1	178.098	18161.5	18150.3	11.231	475	73	193	3	0.0001 Colloc0 475 2559 0.0456883 157.602
170	1	189.097	18054.2	18043.1	11.1362	480	61	205	2	0.0001 Colloc0 480 2556 0.0338135 151.817
180	1	199.863	18006.3	17995.3	11.0342	460	67	199	4	0.0001 Colloc0 460 2532 0.0519267 145.698
190	1	210.792	18033.6	18022.3	11.2883	473	70	196	3	0.0001 Colloc0 473 2543 0.00828087 161.132
200	1	221.67	18032.9	18021.5	11.4233	486	71	195	4	0.0001 Colloc0 486 2506 0.0148493 169.581
210	1	232.709	18130.1	18118.7	11.4836	498	70	196	3	0.0001 Colloc0 498 2498 0.0118873 173.399
220	1	243.517	17958.4	17946.9	11.4674	474	69	197	5	0.0001 Colloc0 474 2508 0.0207891 172.371
230	1	254.204	18055.5	18044.1	11.3592	484	71	195	3	0.0001 Colloc0 484 2521 0.025903 165.548
240	1	265.074	17965.4	17954.3	11.091	467	70	196	2	0.0001 Colloc0 467 2529 0.028869 149.096
250	1	276.136	18003.8	17992.3	11.5317	486	73	193	4	0.0001 Colloc0 486 2518 0.0340141 176.473
260	1	287.088	17908	17896.8	11.2538	484	78	188	1	0.0001 Colloc0 484 2500 0.0149885 159.003
270	1	297.983	17939.4	17927.9	11.4439	464	73	193	1	0.0001 Colloc0 464 2513 0.0206668 170.879
280	1	308.52	17917.8	17906.2	11.6106	482	75	191	1	0.0001 Colloc0 482 2516 0.000155695 181.553
290	1	318.901	17832.4	17821.3	11.0243	459	77	189	2	0.0001 Colloc0 459 2499 0.037586 145.107
300	1	329.56	17885.9	17874.7	11.174	479	77	189	6	0.0001 Colloc0 479 2501 0.0554866 154.117
310	1	340.63	17872.2	17860.5	11.6396	483	91	175	2	0.0001 Colloc0 483 2491 0.00540447 183.436
320	1	351.588	17798.4	17787.4	10.9645	460	80	186	3	0.0001 Colloc0 460 2457 0.0608801 141.573
330	1	362.601	17900.2	17888.8	11.3257	475	74	192	5	0.0001 Colloc0 475 2526 0.0299709 163.459
340	1	373.488	17772.4	17761.1	11.2814	480	95	171	4	0.0001 Colloc0 480 2481 0.060397 160.709
350	1	384.527	17927.1	17915.5	11.656	478	77	189	0	0.0001 Colloc0 478 2505 0.00291591 184.499
360	1	395.612	17817.6	17806.5	11.0349	482	84	182	3	0.0001 Colloc0 482 2499 0.0852031 145.74
370	1	406.721	17895.5	17884.2	11.3237	482	76	190	4	0.0001 Colloc0 482 2494 0.0288234 163.332
380	1	417.779	17857.5	17846.5	10.9476	479	68	198	2	0.0001 Colloc0 479 2466 0.0322948 140.576
390	1	428.856	17801.5	17790.4	11.0884	464	80	186	2	0.0001 Colloc0 464 2459 0.0221138 148.938
400	1	440.032	17772	17761	11.0661	459	84	182	1	0.0001 Colloc0 459 2501 0.0547385 147.602
410	1	450.902	17764.4	17753	11.4042	471	82	184	2	0.0001 Colloc0 471 2463 0.0180119 168.376
420	1	461.799	17895.4	17884.3	11.1554	493	71	195	3	0.0001 Colloc0 493 2472 0.0504808 152.984
430	1	472.883	17784.7	17773.1	11.5242	475	92	174	2	0.0001 Colloc0 475 2475 0.0352602 175.994
440	1	483.649	17796.7	17786	10.6329	485	75	191	3	0.0001 Colloc0 485 2474 0.156205 122.632
450	1	494.251	17808.1	17796.8	11.3037	488	73	193	5	0.0001 Colloc0 488 2489 0.0906357 162.092
460	1	505.057	17938.7	17927	11.6871	485	68	198	1	0.0001 Colloc0 485 2484 0.0123085 186.526
470	1	516.05	17821.8	17810.3	11.507	473	78	188	1	0.0001 Colloc0 473 2456 0.00266225 174.891
480	1	526.945	17843.7	17832.1	11.5839	477	81	185	3	0.0001 Colloc0 477 2502 0.0100368 179.831
490	1	537.683	17746.5	17735.3	11.1721	472	79	187	4	0.0001 Colloc0 472 2461 0.0341054 153.999
500	1	548.283	17775.3	17764.1	11.2109	475	82	184	2	0.0001 Colloc0 475 2471 0.0660895 156.371
510	1	559.28	17775.3	17763.9	11.4184	478	71	195	3	0.0001 Colloc0 478 2487 0.0148456 169.271
520	1	569.976	17639.3	17628.3	10.9974	464	98	168	2	0.0001 Colloc0 464 2465 0.0423538 143.514
530	1	580.954	17599.8	17588.8	11.0381	454	96	170	2	0.0001 Colloc0 454 2467 0.0286883 145.929
540	1	591.555	17672.9	17662.1	10.8716	465	90	176	2	0.0001 Colloc0 465 2484 0.0366561 136.148
550	1	602.34	17682.8	17671.5	11.3767	455	91	175	1	0.0001 Colloc0 455 2488 0.0250421 166.643
560	1	613.19	17853.6	17842.5	11.1085	456	82	184	3	0.0001 Colloc0 456 2493 0.0121811 150.144
570	1	624.114	17796.4	17784.9	11.4286	476	78	188	2	0.0001 Colloc0 476 2464 0.0499413 169.914
580	1	635.06	17784.6	17773.4	11.179	468	69	197	3	0.0001 Colloc0 468 2456 0.0895122 154.418
590	1	646.134	17671.1	17659.7	11.3935	453	89	177	2	0.0001 Colloc0 453 2466 0.029351 167.702
600	1	657.161	17590.2	17578.9	11.2724	476	89	177	1	0.0001 Colloc0 476 2458 0.0462397 160.152
610	1	667.853	17612.9	17602	10.8726	464	92	174	2	0.0001 Colloc0 464 2458 0.0496026 136.208
620	1	678.753	17721.9	17710.8	11.1696	461	94	172	2	0.0001 Colloc0 461 2475 0.0279054 153.847
630	1	689.71	17636.7	17625.8	10.8545	458	95	171	2	0.0001 Colloc0 458 2460 0.0185584 135.158
640	1	700.549	17674.8	17663.6	11.1836	458	83	183	1	0.0001 Colloc0 458 2459 0.028065 154.701
650	1	711.359	17697.6	17686.2	11.3819	459	84	182	4	0.0001 Colloc0 459 2450 0.0188726 166.974
660	1	722.458	17781	17769.4	11.5999	482	76	190	4	0.0001 Colloc0 482 2487 0.0276138 180.864
670	1	733.443	17635.1	17623.7	11.4013	482	96	170	1	0.0001 Colloc0 482 2441 0.025206 168.194
680	1	744.364	17668.9	17657.9	10.9841	478	88	178	3	0.0001 Colloc0 478 2455 0.0688061 142.725
690	1	755.462	17683	17671.9	11.1379	472	79	187	7	0.0001 Colloc0 472 2469 0.00855699 151.923
700	1	766.368	17679	17667.5	11.4979	485	95	171	1	0.0001 Colloc0 485 2439 0.00160827 174.31
710	1	777.107	17666.7	17655.3	11.3763	457	89	177	4	0.0001 Colloc0 457 2440 0.0201381 166.619
720	1	787.786	17781.9	17770.7	11.2781	469	70	196	4	0.0001 Colloc0 469 2478 0.0338547 160.502
730	1	798.698	17606.1	17595.4	10.7359	460	87	179	1	0.0001 Colloc0 460 2462 0.107262 128.388
740	1	809.56	17620.7	17609.5	11.2139	457	73	193	4	0.0001 Colloc0 457 2452 0.0172945 156.552
750	1	820.52	17703.8	17692.4	11.3811	474	94	172	2	0.0001 Colloc0 474 2452 0.0193597 166.924
760	1	831.546	17639.6	17628.8	10.8149	463	93	173	3	0.0001 Colloc0 463 2464 0.0760471 132.882
770	1	842.611	17710.2	17699.1	11.1335	468	85	181	3	0.0001 Colloc0 468 2468 0.0379097 151.659
780	1	853.593	17626.8	17615.5	11.3692	469	80	186	0	0.0001 Colloc0 469 2427 0.0323243 166.176
790	1	864.681	17652.3	17641.6	10.6927	461	97	169	2	0.0001 Colloc0 461 2438 0.121269 125.959
800	1	875.625	17694.7	17683.6	11.0507	480	89	177	3	0.0001 Colloc0 480 2469 0.0964655 146.677
810	1	886.751	17754	17742.6	11.3833	468	72	194	2	0.0001 Colloc0 468 2455 0.0457427 167.063
820	1	897.692	17803.1	17792.5	10.6715	467	78	188	1	0.0001 Colloc0 467 2466 0.105926 124.771
830	1	908.684	17756.4	17745.3	11.123	482	85	181	3	0.0001 Colloc0 482 2454 0.0929648 151.019
840	1	919.767	17844.8	17833.5	11.3239	486	74	192	4	0.0001 Colloc0 486 2449 0.0393637 163.344
850	1	930.883	17648.7	17637.5	11.1999	470	82	184	1	0.0001 Colloc0 470 2438 0.0657935 155.694
860	1	941.709	17761.7	17750.7	11.0018	490	80	186	5	0.0001 Colloc0 490 2448 0.0738379 143.772
870	1	952.715	17639.5	17628.2	11.3369	461	88	178	2	0.0001 Colloc0 461 2454 0.00947632 164.156
880	1	963.812	17647.2	17635.8	11.4335	462	79	187	4	0.0001 Colloc0 462 2452 0.0352795 170.223
890	1	974.612	17565.7	17554.6	11.1069	462	99	167	2	0.0001 Colloc0 462 2470 0.0221564 150.053
900	1	985.481	17673.2	17662.5	10.6395	471	94	172	3	0.0001 Colloc0 471 2461 0.0897944 122.997
910	1	996.501	17730.9	17719.1	11.8095	490	80	186	1	0.0001 Colloc0 490 2453 0.0132288 194.584
920	1	1007.38	17658.8	17647.9	10.8462	460	84	182	1	0.0001 Colloc0 460 2456 0.0576287 134.68
930	1	1018.24	17699.5	17688.2	11.347	458	79	187	4	0.0001 Colloc0 458 2447 0.0232759 164.789
940	1	1028.81	17687.3	17675.8	11.5137	469	85	181	2	0.0001 Colloc0 469 2442 0.0072016 175.322
950	1	1039.87	17618.9	17607.9	10.978	483	93	173	1	0.0001 Colloc0 483 2457 0.0974263 142.366
960	1	1050.82	17634.7	17623.6	11.0836	475	85	181	3	0.0001 Colloc0 475 2474 0.0769213 148.652
970	1	1061.42	17662.7	17651.3	11.3339	488	69	197	3	0.0001 Colloc0 488 2465 0.0443939 163.968
980	1	1072.61	17609	17597.7	11.3356	475	90	176	5	0.0001 Colloc0 475 2461 0.0293052 164.075
990	1	1083.74	17559.9	17548.4	11.458	475	84	182	2	0.0001 Colloc0 475 2417 0.0124636 171.774
1000	1	1094.7	17640.4	17629.1	11.285	475	80	186	4	0.0001 Colloc0 475 2415 0.0498181 160.931
1010	1	1105.58	17574.6	17563.3	11.353	486	78	188	2	0.0001 Colloc0 486 2407 0.0437286 165.16
1020	1	1116.37	17622.6	17611.4	11.1826	492	87	179	1	0.0001 Colloc0 492 2398 0.109209 154.638
1030	1	1127.52	17728.9	17717.2	11.6621	492	76	190	3	0.0001 Colloc0 492 2442 0.0156464 184.899
1040	1	1138.63	17574.1	17563.5	10.6164	483	88	178	1	0.0001 Colloc0 483 2418 0.161215 121.719
1050	1	1149.16	17524.7	17513.2	11.5088	478	91	175	1	0.0001 Colloc0 478 2413 0.0199224 175.011
1060	1	1160.2	17462.5	17451	11.4596	466	97	169	3	0.0001 Colloc0 466 2417 0.00207619 171.875
1070	1	1171.26	17655.4	17643.9	11.5151	477	84	182	2	0.0001 Colloc0 477 2417 0.0109241 175.413
1080	1	1182.31	17553.5	17542.6	10.948	465	91	175	3	0.0001 Colloc0 465 2446 0.110939 140.602
1090	1	1193.19	17601.9	17590.6	11.3353	473	87	179	3	0.0001 Colloc0 473 2432 0.0153997 164.054
1100	1	1204.08	17538.6	17527.7	10.8935	465	83	183	2	0.0001 Colloc0 465 2449 0.108081 137.415
1110	1	1215.05	17682.5	17671.3	11.2403	473	86	180	1	0.0001 Colloc0 473 2432 0.0238379 158.169
1120	1	1226.05	17579.7	17568.6	11.1067	492	88	178	2	0.0001 Colloc0 492 2429 0.0853376 150.041
1130	1	1237.22	17785.1	17774.3	10.8261	508	74	192	1	0.0001 Colloc0 508 2446 0.136703 133.526
1140	1	1248.24	17570.6	17559.2	11.4481	466	90	176	2	0.0001 Colloc0 466 2419 0.00681215 171.144
1150	1	1259	17668.5	17657.2	11.3006	470	74	192	2	0.0001 Colloc0 470 2450 0.0380382 161.899
1160	1	1269.67	17614.6	17603.3	11.2469	482	84	182	2	0.0001 Colloc0 482 2420 0.0441258 158.576
1170	1	1280.58	17600.6	17589.5	11.1299	474	73	193	1	0.0001 Colloc0 474 2434 0.0985212 151.436
1180	1	1291.52	17653.7	17642.3	11.3249	470	88	178	1	0.0001 Colloc0 470 2440 0.0223679 163.408
1190	1	1302.32	17626.6	17615.6	10.9884	477	82	184	3	0.0001 Colloc0 477 2441 0.106316 142.979
1200	1	1313.23	17612	17600.9	11.1465	468	84	182	2	0.0001 Colloc0 468 2448 0.0295614 152.441
1210	1	1324.06	17673.1	17662.2	10.9621	474	80	186	1	0.0001 Colloc0 474 2453 0.0651167 141.427
1220	1	1334.93	17535.3	17523.9	11.3899	458	92	174	1	0.0001 Colloc0 458 2453 0.0300503 167.473
1230	1	1345.38	17495.4	17484.3	11.0309	452	105	161	3	0.0001 Colloc0 452 2427 0.0390827 145.497
1240	1	1356.56	17625.6	17614.5	11.1092	462	91	175	1	0.0001 Colloc0 462 2461 0.0592558 150.187
1250	1	1367.58	17578	17567	10.9863	462	88	178	2	0.0001 Colloc0 462 2451 0.0616359 142.855
1260	1	1378.29	17531.8	17521.2	10.6167	486	95	171	2	0.0001 Colloc0 486 2428 0.121675 121.735
1270	1	1388.8	17502.2	17491.1	11.0854	470	98	168	4	0.0001 Colloc0 470 2460 0.0639 148.76
1280	1	1399.45	17413.9	17402.9	11.0306	453	98	168	2	0.0001 Colloc0 453 2426 0.0252836 145.482
1290	1	1410.33	17593.3	17582.4	10.8886	472	87	179	0	0.0001 Colloc0 472 2435 0.0770123 137.133
1300	1	1421.13	17548.7	17537.3	11.3757	474	81	185	5	0.0001 Colloc0 474 2443 0.0161261 166.581
1310	1	1432.25	17597.2	17586.2	10.953	466	87	179	0	0.0001 Colloc0 466 2441 0.0856186 140.892
1320	1	1443.06	17696.3	17685.9	10.4269	460	73	193	3	0.0001 Colloc0 460 2442 0.111016 111.471
1330	1	1453.83	17677.7	17666.4	11.3155	466	76	190	2	0.0001 Colloc0 466 2447 0.0038575 162.821
1340	1	1464.77	17588.8	17577.8	11.0384	466	83	183	1	0.0001 Colloc0 466 2435 0.0262487 145.947
1350	1	1475.35	17404.6	17393.6	11.037	459	108	158	1	0.0001 Colloc0 459 2432 0.043854 145.863
1360	1	1486.22	17541.3	17530.4	10.9124	476	91	175	2	0.0001 Colloc0 476 2436 0.114914 138.516
1370	1	1497.11	17568.4	17557.3	11.0939	475	86	180	3	0.0001 Colloc0 475 2445 0.0329028 149.271
1380	1	1507.79	17630.4	17619	11.3796	467	85	181	1	0.0001 Colloc0 467 2465 0.0366183 166.83
1390	1	1518.71	17506.3	17495.4	10.8331	453	83	183	4	0.0001 Colloc0 453 2445 0.112727 133.925
1400	1	1529.37	17437.5	17426.7	10.7946	455	83	183	2	0.0001 Colloc0 455 2440 0.125374 131.719
1410	1	1540.26	17486.5	17475.4	11.0678	445	89	177	1	0.0001 Colloc0 445 2430 0.0293216 147.701
1420	1	1551	17606.3	17595	11.284	458	78	188	2	0.0001 Colloc0 458 2457 0.0111699 160.871
1430	1	1561.71	17728.3	17717	11.2193	486	64	202	1	0.0001 Colloc0 486 2476 0.0442289 156.88
1440	1	1572.37	17689.5	17678.2	11.3162	490	79	187	1	0.0001 Colloc0 490 2439 0.0177758 162.864
1450	1	1583.44	17716.9	17705.7	11.139	462	76	190	1	0.0001 Colloc0 462 2465 0.0305566 151.988
1460	1	1594.34	17617.3	17606.8	10.5479	461	82	184	2	0.0001 Colloc0 461 2465 0.0977044 117.965
1470	1	1605.18	17627.9	17616.3	11.5331	466	89	177	1	0.0001 Colloc0 466 2444 0.00344552 176.561
1480	1	1616.1	17502.1	17491.1	10.9933	469	84	182	3	0.0001 Colloc0 469 2431 0.0997943 143.271
1490	1	1626.83	17521.1	17509.8	11.3008	474	100	166	0	0.0001 Colloc0 474 2442 0.0604177 161.909
1500	1	1637.78	17484.1	17473.1	11.0379	467	94	172	1	0.0001 Colloc0 467 2416 0.0300709 145.918
1510	1	1648.61	17538.5	17527.1	11.3869	453	83	183	3	0.0001 Colloc0 453 2430 0.00611572 167.285
1520	1	1659.59	17596.3	17585	11.2447	481	90	176	0	0.0001 Colloc0 481 2455 0.0513599 158.443
1530	1	1670.59	17453.8	17442.3	11.4472	474	108	158	3	0.0001 Colloc0 474 2425 0.0601258 171.089
1540	1	1681.69	17548.4	17537.3	11.1072	460	84	182	2	0.0001 Colloc0 460 2430 0.0393976 150.07
1550	1	1692.57	17466.8	17455.5	11.2961	474	95	171	1	0.0001 Colloc0 474 2428 0.0555858 161.618
1560	1	1703.71	17433.2	17421.7	11.4987	461	78	188	2	0.0001 Colloc0 461 2417 0.00282768 174.364
1570	1	1714.74	17494.5	17483.7	10.7711	482	94	172	2	0.0001 Colloc0 482 2446 0.0955393 130.381
1580	1	1725.47	17382.9	17372.2	10.6882	450	95	171	4	0.0001 Colloc0 450 2412 0.0569982 125.707
1590	1	1736.12	17485.9	17475.2	10.7221	478	86	180	3	0.0001 Colloc0 478 2415 0.154369 127.607
1600	1	1746.74	17422.4	17411.1	11.2383	469	93	173	2	0.0001 Colloc0 469 2419 0.0553653 158.047
1610	1	1757.94	17330.2	17319.2	10.9139	446	108	158	1	0.0001 Colloc0 446 2411 0.0443778 138.608
1620	1	1768.99	17481.7	17470.8	10.9203	465	88	178	2	0.0001 Colloc0 465 2402 0.0570092 138.978
1630	1	1779.81	17390.7	17379.9	10.8465	452	102	164	4	0.0001 Colloc0 452 2400 0.0632918 134.695
1640	1	1790.94	17542.1	17531.2	10.9052	470	79	187	1	0.0001 Colloc0 470 2417 0.0948982 138.099
1650	1	1802.12	17535.1	17523.7	11.4785	474	85	181	3	0.0001 Colloc0 474 2416 0.0688076 173.079
1660	1	1812.9	17544.2	17533.4	10.8603	462	92	174	1	0.0001 Colloc0 462 2430 0.0747871 135.496
1670	1	1823.82	17600.8	17589.3	11.5175	462	86	180	4	0.0001 Colloc0 462 2439 0.00605872 175.562
1680	1	1834.3	17512	17500.7	11.2627	465	91	175	2	0.0001 Colloc0 465 2423 0.0223899 159.555
1690	1	1844.87	17508.9	17497.7	11.19	457	88	178	4	0.0001 Colloc0 457 2432 0.0425692 155.088
1700	1	1855.94	17589.3	17578.2	11.1449	479	82	184	1	0.0001 Colloc0 479 2441 0.110877 152.349
1710	1	1866.95	17631.5	17620	11.5205	464	73	193	2	0.0001 Colloc0 464 2434 0.0323658 175.757
1720	1	1877.86	17580.2	17568.7	11.5315	476	78	188	1	0.0001 Colloc0 476 2450 0.00495921 176.463
1730	1	1888.93	17457.8	17446.6	11.1897	472	88	178	0	0.0001 Colloc0 472 2430 0.0570561 155.07
1740	1	1899.71	17338.8	17327.6	11.2023	450	111	155	3	0.0001 Colloc0 450 2397 0.019797 155.843
1750	1	1910.68	17419.3	17408.2	11.0214	466	91	175	3	0.0001 Colloc0 466 2416 0.0724791 144.936
1760	1	1921.54	17571.9	17560.8	11.1184	475	80	186	1	0.0001 Colloc0 475 2429 0.0571627 150.746
1770	1	1932.55	17505	17493.8	11.2106	470	87	179	0	0.0001 Colloc0 470 2417 0.00745169 156.35
1780	1	1943.22	17470.5	17459.1	11.4186	473	86	180	4	0.0001 Colloc0 473 2397 0.0143175 169.282
1790	1	1954.23	17490.4	17479.1	11.2585	473	91	175	3	0.0001 Colloc0 473 2397 0.0422366 159.291
1800	1	1964.76	17460.2	17448.9	11.3587	467	88	178	0	0.0001 Colloc0 467 2427 0.0292087 165.515
1810	1	1975.3	17422.3	17411.3	11.0259	469	91	175	3	0.0001 Colloc0 469 2418 0.048261 145.202
1820	1	1986.29	17524.1	17512.9	11.2041	467	84	182	1	0.0001 Colloc0 467 2425 0.05266 155.949
1830	1	1996.52	17467.6	17456.5	11.0781	454	96	170	1	0.0001 Colloc0 454 2423 0.0366039 148.321
1840	1	2006.9	17382.3	17371	11.2689	455	105	161	3	0.0001 Colloc0 455 2409 0.0377429 159.937
1850	1	2017.53	17396.2	17384.9	11.3319	453	87	179	4	0.0001 Colloc0 453 2408 0.00335594 163.841
1860	1	2028.1	17380.3	17369.1	11.2017	450	86	180	1	0.0001 Colloc0 450 2424 0.0283809 155.804
1870	1	2038.71	17519.6	17508.2	11.4686	470	99	167	2	0.0001 Colloc0 470 2434 0.0052308 172.45
1880	1	2049.48	17385.4	17374.3	11.1798	446	95	171	1	0.0001 Colloc0 446 2397 0.0191862 154.468
1890	1	2060.12	17478.6	17467.3	11.2829	473	93	173	2	0.0001 Colloc0 473 2417 0.0316509 160.798
1900	1	2070.87	17420	17408.5	11.4147	462	94	172	1	0.0001 Colloc0 462 2404 0.0354658 169.038
1910	1	2081.64	17370.8	17360.1	10.7437	464	94	172	0	0.0001 Colloc0 464 2395 0.194855 128.827
1920	1	2092.47	17539	17528.2	10.8354	482	87	179	2	0.0001 Colloc0 482 2399 0.0893779 134.059
1930	1	2103.11	17402.8	17391.9	10.8513	461	87	179	4	0.0001 Colloc0 461 2405 0.0545078 134.972
1940	1	2113.56	17463.3	17452	11.2535	475	90	176	1	0.0001 Colloc0 475 2383 0.0681892 158.987
1950	1	2123.89	17435.6	17424.2	11.3773	473	100	166	1	0.0001 Colloc0 473 2414 0.0543618 166.686
1960	1	2134.38	17497.1	17485.8	11.3474	475	98	168	2	0.0001 Colloc0 475 2401 0.0545685 164.814
1970	1	2144.82	17460.9	17449.3	11.6509	462	95	171	3	0.0001 Colloc0 462 2417 0.00937187 184.165
1980	1	2155.15	17444	17433	11.0044	456	93	173	1	0.0001 Colloc0 456 2405 0.0522738 143.923
1990	1	2165.26	17395.6	17384.1	11.4881	465	93	173	1	0.0001 Colloc0 465 2371 0.00734712 173.69
2000	1	2175.18	17341.8	17330.8	10.963	454	95	171	4	0.0001 Colloc0 454 2364 0.0548391 141.482
