# D = 0, E = 1, I = 1, P = 1, R = -1, n = 2000, N = 1, P = 1, w = 1, a = 0.0001, b = 10000, e = 1, f = 1, g = 100, h = 0.01, r = 29953, s = 1, S = 0, x = 10, m = 100, Z = 1, z = 0, T = 1, t = 1
# 6136 tokens in 266 sentences
#
# It	Temp	Time	-logP	-logPcorpus	-logPrior	tables	same	changed	reject	default_pya	(parent pym pyn pya pyb)*
0	1	0.959854	30048.1	29934.4	113.764	4212	0	266	0	0.0001 Colloc0 4212 5506 0.0001 10000
10	1	16.4555	21812.3	21802.8	9.54777	862	7	259	5	0.0001 Colloc0 862 3359 0.472309 69.8439
20	1	28.0247	20947.9	20937.2	10.6862	519	23	243	3	0.0001 Colloc0 519 3238 0.115504 125.594
30	1	39.154	20215.4	20204.4	10.9742	452	27	239	4	0.0001 Colloc0 452 3179 0.0172426 142.144
40	1	50.0744	19741.7	19730.9	10.7362	466	35	231	3	0.0001 Colloc0 466 3079 0.0784949 128.405
50	1	60.5328	19541.5	19530.6	10.8756	445	44	222	2	0.0001 Colloc0 445 3046 0.0106547 136.378
60	1	71.3412	19489.7	19478.8	10.8448	476	47	219	3	0.0001 Colloc0 476 3007 0.0413962 134.599
70	1	82.4075	19287.5	19277.1	10.3754	453	46	220	1	0.0001 Colloc0 453 2934 0.118331 108.76
80	1	93.4598	19121.2	19110.6	10.6181	463	53	213	3	0.0001 Colloc0 463 2913 0.13092 121.811
90	1	104.698	18918.8	18907.9	10.8789	461	52	214	2	0.0001 Colloc0 461 2861 0.0815678 136.568
100	1	115.876	18814.4	18803.4	11.0277	471	66	200	6	0.0001 Colloc0 471 2813 0.0538506 145.31
110	1	126.754	18775.9	18765.2	10.692	458	64	202	1	0.0001 Colloc0 458 2828 0.0259687 125.921
120	1	137.592	18792.2	18782	10.1486	475	57	209	4	0.0001 Colloc0 475 2781 0.170303 97.2055
130	1	148.389	18688.9	18677.9	11.0065	472	64	202	5	0.0001 Colloc0 472 2772 0.0122972 144.053
140	1	158.817	18581.5	18570.5	11.0293	460	70	196	4	0.0001 Colloc0 460 2724 0.0241656 145.406
150	1	169.237	18580.6	18569.7	10.8997	466	69	197	3	0.0001 Colloc0 466 2762 0.0621052 137.777
160	1	180.033	18691.5	18680.6	10.8889	458	54	212	2	0.0001 Colloc0 458 2769 0.0350424 137.153
170	1	191.113	18484.1	18473	11.1283	467	68	198	2	0.0001 Colloc0 467 2718 0.0395619 151.34
180	1	202.312	18552.1	18541.8	10.321	485	61	205	3	0.0001 Colloc0 485 2740 0.132825 105.931
190	1	213.227	18397.7	18387.2	10.458	455	65	201	5	0.0001 Colloc0 455 2731 0.152763 113.126
200	1	224.123	18522.3	18511.4	10.9591	460	52	214	5	0.0001 Colloc0 460 2730 0.0638359 141.253
210	1	235.292	18359.7	18349.6	10.0609	456	66	200	1	0.0001 Colloc0 456 2726 0.146318 92.9068
220	1	246.206	18348.8	18337.8	11.0459	450	69	197	1	0.0001 Colloc0 450 2711 0.0193559 146.396
230	1	257.003	18152.2	18141.5	10.7013	434	80	186	5	0.0001 Colloc0 434 2708 0.103079 126.441
240	1	267.831	18301.3	18291.2	10.143	464	84	182	2	0.0001 Colloc0 464 2720 0.179846 96.9276
250	1	278.565	18399.8	18388.5	11.2838	462	67	199	2	0.0001 Colloc0 462 2701 0.0301923 160.854
260	1	290.007	18245.1	18234.9	10.2033	460	79	187	2	0.0001 Colloc0 460 2704 0.215045 99.9311
270	1	301.106	18285	18273.9	11.1107	448	75	191	2	0.0001 Colloc0 448 2682 0.0307424 150.282
280	1	312.021	18264.2	18253.2	10.9919	461	66	200	4	0.0001 Colloc0 461 2680 0.0734687 143.185
290	1	323.223	18153.2	18142.8	10.4296	448	73	193	1	0.0001 Colloc0 448 2641 0.145233 111.618
300	1	334.286	18281.7	18270.5	11.1708	464	68	198	2	0.0001 Colloc0 464 2656 0.00579175 153.92
310	1	345.322	18302.2	18291.3	10.8976	473	65	201	3	0.0001 Colloc0 473 2609 0.0417419 137.656
320	1	356.279	18218.1	18206.9	11.1527	456	65	201	4	0.0001 Colloc0 456 2629 0.00778187 152.822
330	1	367.46	18181.5	18170.7	10.8213	463	66	200	5	0.0001 Colloc0 463 2606 0.0873452 133.246
340	1	378.057	18276.9	18266.2	10.6964	472	65	201	6	0.0001 Colloc0 472 2614 0.105862 126.163
350	1	388.66	18135.3	18124.2	11.1159	469	68	198	3	0.0001 Colloc0 469 2582 0.0287847 150.594
360	1	399.68	17964.3	17952.8	11.4622	472	75	191	3	0.0001 Colloc0 472 2564 0.00150833 172.042
370	1	410.567	17913.6	17902.5	11.1367	470	79	187	4	0.0001 Colloc0 470 2559 0.0680181 151.849
380	1	421.508	18047.1	18036.3	10.7897	478	71	195	1	0.0001 Colloc0 478 2592 0.0528826 131.44
390	1	432.123	17871.7	17860.6	11.1521	464	73	193	2	0.0001 Colloc0 464 2562 0.0723937 152.785
400	1	443.353	17964	17953.3	10.6866	474	73	193	3	0.0001 Colloc0 474 2572 0.109856 125.616
410	1	454.53	18059.8	18048.3	11.4251	469	76	190	3	0.0001 Colloc0 469 2581 0.0533111 169.69
420	1	465.461	18052.5	18041.5	11.0222	469	79	187	2	0.0001 Colloc0 469 2584 0.0432345 144.984
430	1	476.759	17994.2	17983.4	10.7655	463	79	187	2	0.0001 Colloc0 463 2581 0.0978634 130.061
440	1	487.27	18018.9	18007.2	11.7577	496	73	193	3	0.0001 Colloc0 496 2579 0.00786469 191.159
450	1	498.032	17995.7	17984.9	10.8509	460	81	185	2	0.0001 Colloc0 460 2575 0.0845101 134.952
460	1	508.982	17956.4	17945.6	10.8416	464	88	178	2	0.0001 Colloc0 464 2566 0.0900734 134.413
470	1	520.059	18013.2	18002.2	10.9449	470	79	187	2	0.0001 Colloc0 470 2598 0.0627712 140.42
480	1	531.219	17759.7	17748.4	11.3285	465	96	170	3	0.0001 Colloc0 465 2546 0.029843 163.632
490	1	542.258	18013.9	18002.4	11.5054	475	86	180	2	0.0001 Colloc0 475 2580 0.00141202 174.79
500	1	553.442	17886.4	17875.2	11.1773	461	93	173	1	0.0001 Colloc0 461 2551 0.0714523 154.313
510	1	564.513	18062.1	18051.3	10.7742	472	74	192	5	0.0001 Colloc0 472 2537 0.0838016 130.555
520	1	575.468	17901.1	17890.4	10.6619	461	88	178	4	0.0001 Colloc0 461 2549 0.119599 124.239
530	1	586.548	17811.3	17801.2	10.0472	471	86	180	2	0.0001 Colloc0 471 2544 0.223064 92.2479
540	1	597.715	17756.4	17745.8	10.6535	474	104	162	6	0.0001 Colloc0 474 2541 0.151506 123.77
550	1	608.838	17727.6	17717.2	10.4693	452	102	164	2	0.0001 Colloc0 452 2551 0.107476 113.728
560	1	620.018	17790.8	17779.6	11.1554	462	96	170	2	0.0001 Colloc0 462 2539 0.0302918 152.983
570	1	631.001	17756.9	17745.7	11.1389	456	87	179	3	0.0001 Colloc0 456 2531 0.0369883 151.986
580	1	642.063	17707.3	17696.6	10.7156	437	92	174	2	0.0001 Colloc0 437 2526 0.105835 127.244
590	1	652.869	18013.5	18002.6	10.9692	467	77	189	3	0.0001 Colloc0 467 2547 0.0758781 141.845
600	1	664.046	17920.9	17909.9	11.0409	482	75	191	2	0.0001 Colloc0 482 2538 0.109681 146.098
610	1	674.708	17929.7	17918.7	11.0242	485	77	189	3	0.0001 Colloc0 485 2519 0.0855517 145.103
620	1	685.299	17904.5	17893.7	10.8673	457	87	179	2	0.0001 Colloc0 457 2574 0.03165 135.9
630	1	695.874	17582.7	17572.4	10.3266	465	92	174	1	0.0001 Colloc0 465 2512 0.16943 106.219
640	1	706.885	17619.1	17608.6	10.5471	457	91	175	3	0.0001 Colloc0 457 2522 0.16916 117.925
650	1	717.927	17593.2	17582.1	11.0687	450	89	177	3	0.0001 Colloc0 450 2529 0.0489131 147.753
660	1	728.62	17743.2	17732.5	10.6801	441	84	182	1	0.0001 Colloc0 441 2530 0.102407 125.254
670	1	739.67	17734.5	17723.5	10.9325	450	71	195	2	0.0001 Colloc0 450 2549 0.0429385 139.692
680	1	750.408	17845.3	17834.7	10.5768	468	72	194	1	0.0001 Colloc0 468 2553 0.121603 119.541
690	1	761.532	17557.3	17546.6	10.6464	444	82	184	3	0.0001 Colloc0 444 2493 0.0590662 123.375
700	1	772.108	17845.8	17835	10.7738	460	73	193	1	0.0001 Colloc0 460 2526 0.0526098 130.534
710	1	782.95	17538.6	17528	10.5899	436	94	172	3	0.0001 Colloc0 436 2524 0.125715 120.263
720	1	794.08	17606.8	17596.1	10.6878	450	87	179	3	0.0001 Colloc0 450 2496 0.0692075 125.684
730	1	804.923	17579.3	17568.9	10.4725	443	95	171	5	0.0001 Colloc0 443 2505 0.116219 113.901
740	1	815.537	17687.1	17676.2	10.903	469	71	195	4	0.0001 Colloc0 469 2508 0.0654696 137.97
750	1	826.553	17765.1	17753.9	11.1225	472	81	185	3	0.0001 Colloc0 472 2524 0.0786707 150.989
760	1	837.921	17698.7	17687.9	10.8362	481	87	179	2	0.0001 Colloc0 481 2524 0.127277 134.103
770	1	849.203	17879.5	17868.6	10.9027	474	64	202	1	0.0001 Colloc0 474 2519 0.0717599 137.955
780	1	860.234	17797.2	17786.1	11.1224	460	73	193	8	0.0001 Colloc0 460 2506 0.037607 150.983
790	1	871.16	17660	17649.3	10.7653	462	81	185	2	0.0001 Colloc0 462 2509 0.151662 130.049
800	1	882.243	17693.2	17682	11.157	460	80	186	3	0.0001 Colloc0 460 2504 0.00877082 153.08
810	1	893.412	17578.2	17567.2	11.0257	451	90	176	2	0.0001 Colloc0 451 2509 0.0200967 145.188
820	1	904.502	17672.7	17662.3	10.4436	449	82	184	4	0.0001 Colloc0 449 2547 0.126825 112.357
830	1	915.636	17785.5	17774.2	11.3219	472	81	185	2	0.0001 Colloc0 472 2517 0.00814761 163.221
840	1	926.712	17809	17798.5	10.4956	474	76	190	3	0.0001 Colloc0 474 2556 0.152193 115.136
850	1	937.795	17755.4	17744.2	11.1535	456	63	203	3	0.0001 Colloc0 456 2520 0.0382795 152.866
860	1	948.699	17630.1	17619.1	11.054	453	91	175	1	0.0001 Colloc0 453 2529 0.0409663 146.88
870	1	959.852	17706.7	17695.9	10.7902	464	75	191	1	0.0001 Colloc0 464 2530 0.138436 131.467
880	1	970.937	17593	17581.9	11.0852	440	92	174	4	0.0001 Colloc0 440 2527 0.022961 148.743
890	1	982.1	17733.9	17722.9	11.0295	459	75	191	3	0.0001 Colloc0 459 2524 0.0228256 145.417
900	1	993.222	17764.7	17754	10.6765	473	68	198	1	0.0001 Colloc0 473 2509 0.135694 125.051
910	1	1004.1	17600.8	17589.6	11.2336	453	87	179	2	0.0001 Colloc0 453 2501 0.0220758 157.759
920	1	1015.12	17739.9	17728.9	10.9748	470	80	186	1	0.0001 Colloc0 470 2516 0.0155328 142.179
930	1	1025.78	17638.6	17627.5	11.0877	459	78	188	3	0.0001 Colloc0 459 2487 0.0446446 148.896
940	1	1036.79	17708.3	17697.1	11.1464	454	80	186	3	0.0001 Colloc0 454 2509 0.0683603 152.438
950	1	1047.73	17686.9	17676.1	10.8376	457	84	182	2	0.0001 Colloc0 457 2496 0.0873305 134.182
960	1	1058.81	17803.7	17792.6	11.1489	461	67	199	3	0.0001 Colloc0 461 2507 0.00939686 152.592
970	1	1069.93	17635.4	17624.2	11.1932	462	76	190	3	0.0001 Colloc0 462 2508 0.0137655 155.285
980	1	1081.03	17611.2	17600	11.1596	445	87	179	2	0.0001 Colloc0 445 2512 0.00633754 153.24
990	1	1092.1	17749.9	17738.4	11.4674	478	75	191	2	0.0001 Colloc0 478 2509 0.0416438 172.37
1000	1	1103.13	17786.3	17775.8	10.5007	463	73	193	5	0.0001 Colloc0 463 2502 0.148849 115.416
1010	1	1114.16	17700.8	17689.9	10.9735	474	79	187	3	0.0001 Colloc0 474 2517 0.0988308 142.099
1020	1	1125.26	17651.4	17640.3	11.1624	468	87	179	4	0.0001 Colloc0 468 2493 0.0582414 153.411
1030	1	1136.49	17498.7	17488.4	10.2473	454	88	178	4	0.0001 Colloc0 454 2475 0.129405 102.157
1040	1	1147.22	17554.7	17544	10.7004	466	88	178	5	0.0001 Colloc0 466 2469 0.090075 126.392
1050	1	1158.43	17626.5	17615.5	11.0655	473	80	186	3	0.0001 Colloc0 473 2487 0.0546108 147.564
1060	1	1169.44	17704.3	17693.4	10.9049	469	75	191	6	0.0001 Colloc0 469 2469 0.0910486 138.078
1070	1	1180.22	17559.7	17548.7	10.9455	456	75	191	2	0.0001 Colloc0 456 2480 0.0839232 140.452
1080	1	1191.24	17666.5	17655.6	10.8942	456	80	186	3	0.0001 Colloc0 456 2524 0.0587654 137.461
1090	1	1202.12	17556.2	17545.4	10.8959	454	84	182	5	0.0001 Colloc0 454 2498 0.0687581 137.559
1100	1	1213	17610.2	17599.1	11.0844	457	87	179	3	0.0001 Colloc0 457 2491 0.0530646 148.699
1110	1	1224.04	17591.6	17580.4	11.1535	470	95	171	4	0.0001 Colloc0 470 2519 0.0969951 152.872
1120	1	1235.09	17726.3	17715.5	10.8894	472	74	192	3	0.0001 Colloc0 472 2515 0.126304 137.177
1130	1	1246.22	17532.3	17522	10.2354	459	91	175	2	0.0001 Colloc0 459 2521 0.183463 101.551
1140	1	1257.05	17525.4	17514	11.4156	454	97	169	2	0.0001 Colloc0 454 2490 0.00949651 169.094
1150	1	1268.04	17388	17377.4	10.5506	447	104	162	2	0.0001 Colloc0 447 2486 0.131076 118.113
1160	1	1279.15	17391.7	17380.8	10.8746	458	97	169	3	0.0001 Colloc0 458 2484 0.0953481 136.32
1170	1	1290.22	17460.7	17449.6	11.0966	451	106	160	1	0.0001 Colloc0 451 2485 0.0143544 149.433
1180	1	1301.42	17568.9	17557.8	11.0765	464	97	169	5	0.0001 Colloc0 464 2517 0.0397112 148.222
1190	1	1312.51	17423.6	17413.7	9.9565	444	113	153	1	0.0001 Colloc0 444 2488 0.176038 87.9251
1200	1	1323.71	17488.1	17477.2	10.8487	445	96	170	3	0.0001 Colloc0 445 2494 0.079365 134.822
1210	1	1334.85	17541.8	17531	10.8271	462	82	184	4	0.0001 Colloc0 462 2500 0.0907636 133.579
1220	1	1346.12	17663.4	17652.5	10.9361	468	62	204	2	0.0001 Colloc0 468 2479 0.105056 139.903
1230	1	1357.11	17605	17594.3	10.7194	458	81	185	4	0.0001 Colloc0 458 2504 0.110589 127.457
1240	1	1368.1	17529.1	17517.7	11.4081	460	88	178	3	0.0001 Colloc0 460 2501 0.0142212 168.62
1250	1	1379.09	17580.8	17569.9	10.9541	464	101	165	2	0.0001 Colloc0 464 2504 0.0642521 140.96
1260	1	1390.22	17511	17500	10.9713	461	95	171	3	0.0001 Colloc0 461 2489 0.0736011 141.97
1270	1	1401.28	17573.7	17562.7	10.9866	463	85	181	4	0.0001 Colloc0 463 2491 0.0585289 142.876
1280	1	1412.31	17518.9	17508.1	10.8479	443	85	181	3	0.0001 Colloc0 443 2484 0.0577904 134.776
1290	1	1423.3	17514.6	17503.4	11.2214	462	99	167	5	0.0001 Colloc0 462 2499 0.0206503 157.011
1300	1	1434.31	17610.3	17599.2	11.1309	464	85	181	2	0.0001 Colloc0 464 2470 0.0525315 151.497
1310	1	1445.06	17566.7	17555.7	11.0086	440	84	182	1	0.0001 Colloc0 440 2485 0.0305485 144.177
1320	1	1455.77	17568.2	17556.9	11.2447	460	96	170	2	0.0001 Colloc0 460 2472 0.0435134 158.443
1330	1	1467.02	17666.4	17655.8	10.511	478	89	177	2	0.0001 Colloc0 478 2505 0.115507 115.966
1340	1	1478.28	17466	17455.2	10.7734	462	107	159	1	0.0001 Colloc0 462 2504 0.0864018 130.512
1350	1	1489.23	17470.4	17459.4	10.9703	457	103	163	6	0.0001 Colloc0 457 2502 0.0661174 141.911
1360	1	1500.07	17414.4	17403.7	10.6934	456	107	159	2	0.0001 Colloc0 456 2478 0.140362 125.998
1370	1	1510.86	17459.1	17448.2	10.8117	432	101	165	3	0.0001 Colloc0 432 2498 0.0288021 132.699
1380	1	1521.71	17492.2	17481.8	10.4002	457	85	181	3	0.0001 Colloc0 457 2447 0.155382 110.065
1390	1	1532.73	17563.5	17552.4	11.0803	460	86	180	3	0.0001 Colloc0 460 2456 0.0774707 148.453
1400	1	1543.91	17528	17517	11.0428	458	91	175	1	0.0001 Colloc0 458 2454 0.0490371 146.207
1410	1	1554.43	17530.7	17519.7	10.9613	451	83	183	3	0.0001 Colloc0 451 2452 0.0659661 141.38
1420	1	1565.42	17602	17591.5	10.4238	453	83	183	3	0.0001 Colloc0 453 2476 0.103037 111.311
1430	1	1576.17	17538.8	17527.9	10.8431	446	87	179	1	0.0001 Colloc0 446 2472 0.0645939 134.499
1440	1	1586.86	17651.7	17640.4	11.2497	464	80	186	2	0.0001 Colloc0 464 2468 0.0849401 158.751
1450	1	1597.95	17720.5	17708.9	11.5745	473	70	196	3	0.0001 Colloc0 473 2487 0.0224433 179.222
1460	1	1609.02	17551.2	17541.1	10.0737	474	85	181	5	0.0001 Colloc0 474 2466 0.228192 93.529
1470	1	1620.16	17669.7	17658.8	10.895	464	77	189	3	0.0001 Colloc0 464 2485 0.0917633 137.504
1480	1	1631.35	17811.4	17800.2	11.2368	474	77	189	3	0.0001 Colloc0 474 2498 0.0300098 157.956
1490	1	1642.19	17663.9	17652.5	11.3366	444	91	175	2	0.0001 Colloc0 444 2485 0.0103292 164.138
1500	1	1652.78	17566	17555.5	10.4456	455	85	181	3	0.0001 Colloc0 455 2465 0.0867248 112.464
1510	1	1663.61	17547	17536.3	10.6895	438	89	177	4	0.0001 Colloc0 438 2492 0.0748896 125.781
1520	1	1674.3	17608.6	17598.1	10.5244	473	85	181	3	0.0001 Colloc0 473 2474 0.175466 116.692
1530	1	1684.99	17499	17488	11.0083	444	84	182	4	0.0001 Colloc0 444 2454 0.0163186 144.16
1540	1	1695.55	17544.7	17533.8	10.9103	452	86	180	2	0.0001 Colloc0 452 2453 0.0669829 138.393
1550	1	1706.21	17544	17533.9	10.1184	450	93	173	4	0.0001 Colloc0 450 2493 0.173636 95.7137
1560	1	1717.09	17576	17564.8	11.1963	456	84	182	2	0.0001 Colloc0 456 2470 0.0374943 155.472
1570	1	1728.1	17597	17585.9	11.0726	454	77	189	2	0.0001 Colloc0 454 2504 0.0403034 147.989
1580	1	1739.18	17660	17649.3	10.6727	465	79	187	2	0.0001 Colloc0 465 2485 0.140734 124.843
1590	1	1750.43	17565.6	17555.2	10.3955	456	83	183	2	0.0001 Colloc0 456 2459 0.153275 109.817
1600	1	1761.36	17669	17658.2	10.8033	462	78	188	3	0.0001 Colloc0 462 2466 0.111621 132.216
1610	1	1771.93	17698	17686.8	11.1779	467	74	192	1	0.0001 Colloc0 467 2464 0.0447138 154.355
1620	1	1782.79	17615.7	17604.7	10.9927	463	79	187	2	0.0001 Colloc0 463 2469 0.0919381 143.235
1630	1	1793.48	17465.4	17454.8	10.6169	452	94	172	4	0.0001 Colloc0 452 2448 0.159359 121.747
1640	1	1804.38	17648.7	17637.2	11.5448	472	78	188	2	0.0001 Colloc0 472 2451 0.0150471 177.316
1650	1	1814.89	17533.5	17522.8	10.7288	458	87	179	4	0.0001 Colloc0 458 2449 0.105822 127.988
1660	1	1825.73	17614.6	17603.5	11.03	472	72	194	2	0.0001 Colloc0 472 2434 0.0534939 145.445
1670	1	1836.18	17526.5	17515.3	11.2366	443	91	175	4	0.0001 Colloc0 443 2470 0.013066 157.943
1680	1	1847.1	17692.8	17681.6	11.2131	476	72	194	4	0.0001 Colloc0 476 2459 0.0435051 156.501
1690	1	1858.1	17591.9	17580.7	11.1918	463	86	180	3	0.0001 Colloc0 463 2461 0.00438911 155.201
1700	1	1869.08	17743.7	17732.5	11.2143	487	84	182	4	0.0001 Colloc0 487 2468 0.0756259 156.579
1710	1	1879.98	17434.5	17423.2	11.3098	445	97	169	4	0.0001 Colloc0 445 2438 0.000995313 162.471
1720	1	1891.2	17501.3	17490.3	10.9834	452	102	164	1	0.0001 Colloc0 452 2457 0.103509 142.683
1730	1	1902.42	17389.2	17378.1	11.1525	471	104	162	3	0.0001 Colloc0 471 2462 0.0521473 152.807
1740	1	1913.58	17532.2	17521.5	10.7216	452	89	177	1	0.0001 Colloc0 452 2465 0.0567387 127.579
1750	1	1924.31	17451.6	17440.5	11.1045	442	97	169	3	0.0001 Colloc0 442 2443 0.0184866 149.906
1760	1	1935.33	17564.3	17553	11.3787	475	82	184	3	0.0001 Colloc0 475 2465 0.0316531 166.771
1770	1	1945.87	17521.5	17510.3	11.1842	469	79	187	1	0.0001 Colloc0 469 2430 0.043956 154.737
1780	1	1956.67	17638.9	17628.2	10.7578	477	70	196	3	0.0001 Colloc0 477 2465 0.103289 129.625
1790	1	1967.62	17608	17596.8	11.2689	453	71	195	3	0.0001 Colloc0 453 2466 0.0160244 159.935
1800	1	1978.47	17550.6	17539.3	11.2989	467	73	193	2	0.0001 Colloc0 467 2468 0.0445581 161.794
1810	1	1989.33	17460.4	17450.1	10.2353	450	89	177	1	0.0001 Colloc0 450 2442 0.136391 101.547
1820	1	2000.06	17410.6	17399.8	10.7821	452	70	196	4	0.0001 Colloc0 452 2437 0.0813213 131.004
1830	1	2010.93	17612.4	17601.3	11.1132	471	71	195	2	0.0001 Colloc0 471 2481 0.0502595 150.428
1840	1	2021.87	17657	17645.9	11.117	465	69	197	3	0.0001 Colloc0 465 2463 0.0405371 150.659
1850	1	2033	17622.4	17611.5	10.8729	459	75	191	5	0.0001 Colloc0 459 2484 0.0409686 136.224
1860	1	2043.34	17433.7	17422.7	10.9482	445	84	182	2	0.0001 Colloc0 445 2457 0.0746094 140.612
1870	1	2054.18	17253.4	17242.7	10.6597	439	109	157	2	0.0001 Colloc0 439 2447 0.109633 124.117
1880	1	2065.23	17551.7	17540.5	11.175	459	91	175	3	0.0001 Colloc0 459 2480 0.028225 154.177
1890	1	2076.19	17416.5	17405.9	10.5783	442	100	166	3	0.0001 Colloc0 442 2461 0.0936933 119.626
1900	1	2086.88	17407.5	17396.9	10.6694	447	103	163	4	0.0001 Colloc0 447 2451 0.0792602 124.658
1910	1	2097.68	17405.4	17394.5	10.965	447	95	171	4	0.0001 Colloc0 447 2481 0.0753226 141.6
1920	1	2108.31	17397.1	17386.6	10.5237	466	100	166	4	0.0001 Colloc0 466 2447 0.145495 116.654
1930	1	2118.95	17378.1	17367	11.1243	462	92	174	3	0.0001 Colloc0 462 2455 0.0867171 151.099
1940	1	2129.4	17390	17379.1	10.8749	451	88	178	2	0.0001 Colloc0 451 2435 0.115501 136.339
1950	1	2140	17477	17466.5	10.4745	447	85	181	3	0.0001 Colloc0 447 2457 0.14639 114.009
1960	1	2150.62	17610.3	17600	10.3182	461	78	188	2	0.0001 Colloc0 461 2462 0.130093 105.786
1970	1	2160.94	17682.3	17671.6	10.7082	479	65	201	2	0.0001 Colloc0 479 2459 0.13863 126.828
1980	1	2171.31	17469.1	17457.9	11.1561	449	86	180	1	0.0001 Colloc0 449 2450 0.00532093 153.029
1990	1	2181.16	17573.2	17562.5	10.6872	467	93	173	3	0.0001 Colloc0 467 2480 0.119163 125.651
2000	1	2191.02	17446.5	17435.5	11.0125	445	97	169	1	0.0001 Colloc0 445 2451 0.033448 144.407
