# D = 0, E = 1, I = 1, P = 1, R = -1, n = 2000, N = 1, P = 1, w = 1, a = 0.0001, b = 10000, e = 1, f = 1, g = 100, h = 0.01, r = 3384, s = 1, S = 0, x = 10, m = 100, Z = 1, z = 0, T = 1, t = 1
# 6228 tokens in 266 sentences
#
# It	Temp	Time	-logP	-logPcorpus	-logPrior	tables	same	changed	reject	default_pya	(parent pym pyn pya pyb)*
0	1	0.864868	24650.7	24537	113.764	1673	0	266	0	0.0001 Colloc0 1673 2385 0.0001 10000
10	1	12.873	19331.3	19319.8	11.5742	608	58	208	6	0.0001 Colloc0 608 2581 0.125235 179.201
20	1	24.4763	19064.3	19052.3	12.0066	547	64	202	3	0.0001 Colloc0 547 2592 0.00797665 207.792
30	1	36.0265	18985.9	18974	11.8938	550	61	205	1	0.0001 Colloc0 550 2593 0.0533732 200.198
40	1	47.2268	18944.4	18932.8	11.5659	544	70	196	5	0.0001 Colloc0 544 2588 0.0516169 178.666
50	1	58.7341	18806.5	18794.9	11.6344	528	68	198	2	0.0001 Colloc0 528 2570 0.0204877 183.099
60	1	70.2083	18717.4	18706.7	10.7375	512	83	183	3	0.0001 Colloc0 512 2579 0.106144 128.478
70	1	81.6146	18682.2	18671.4	10.8127	511	69	197	0	0.0001 Colloc0 511 2577 0.133859 132.757
80	1	93.3378	18834.2	18822.8	11.4785	529	68	198	3	0.0001 Colloc0 529 2598 0.106547 173.079
90	1	104.631	18872.6	18860.9	11.7169	539	69	197	1	0.0001 Colloc0 539 2567 0.053454 188.477
100	1	116.019	18685.3	18673.8	11.5027	514	65	201	4	0.0001 Colloc0 514 2555 0.0399222 174.619
110	1	127.629	18667.8	18656.2	11.5963	525	85	181	1	0.0001 Colloc0 525 2585 0.0919944 180.626
120	1	139.114	18642.1	18631.3	10.8085	532	72	194	0	0.0001 Colloc0 532 2581 0.142732 132.513
130	1	150.772	18737.7	18726.1	11.6573	523	77	189	2	0.0001 Colloc0 523 2594 0.0277188 184.583
140	1	162.085	18702.9	18691.4	11.4533	497	72	194	4	0.0001 Colloc0 497 2600 0.0299548 171.475
150	1	173.556	18694.1	18682.4	11.6589	527	74	192	2	0.0001 Colloc0 527 2601 0.0300349 184.688
160	1	184.506	18761.3	18749.9	11.4596	511	73	193	0	0.0001 Colloc0 511 2612 0.00472348 171.878
170	1	195.639	18729.1	18717.7	11.3661	514	76	190	4	0.0001 Colloc0 514 2620 0.0173374 165.981
180	1	206.913	18875.9	18864.3	11.5627	521	74	192	2	0.0001 Colloc0 521 2629 0.0270879 178.464
190	1	218.379	18806.3	18795.5	10.8148	513	68	198	5	0.0001 Colloc0 513 2628 0.10517 132.877
200	1	229.688	18739	18727.6	11.4332	511	70	196	0	0.0001 Colloc0 511 2585 0.0857331 170.203
210	1	241.261	18729.9	18718.2	11.6792	521	70	196	7	0.0001 Colloc0 521 2570 0.0706556 186.011
220	1	252.795	18782.3	18771.1	11.2461	530	70	196	4	0.0001 Colloc0 530 2586 0.0920442 158.529
230	1	264.182	18800.1	18788.1	12.0085	535	65	201	2	0.0001 Colloc0 535 2591 0.018466 207.921
240	1	275.289	18724.3	18712.7	11.5216	503	66	200	1	0.0001 Colloc0 503 2584 0.0459118 175.824
250	1	285.953	18626.8	18614.8	12.01	492	82	184	1	0.0001 Colloc0 492 2584 0.000177313 208.023
260	1	297.065	18607.7	18596.8	10.8806	527	85	181	2	0.0001 Colloc0 527 2561 0.1097 136.667
270	1	308.677	18639.6	18627.8	11.7868	523	79	187	5	0.0001 Colloc0 523 2573 0.0727291 193.077
280	1	320.293	18562.6	18551.2	11.4542	506	75	191	0	0.0001 Colloc0 506 2566 0.0417519 171.536
290	1	331.032	18545.3	18533.3	11.9285	514	75	191	1	0.0001 Colloc0 514 2562 0.00438723 202.523
300	1	342.264	18482.6	18472	10.5436	516	79	187	1	0.0001 Colloc0 516 2543 0.195521 117.733
310	1	353.951	18484.7	18473.3	11.3398	501	91	175	1	0.0001 Colloc0 501 2564 0.0757512 164.337
320	1	365.303	18478.9	18467.8	11.1297	525	85	181	0	0.0001 Colloc0 525 2538 0.137847 151.43
330	1	376.717	18543.4	18532.3	11.075	513	87	179	2	0.0001 Colloc0 513 2552 0.0886592 148.134
340	1	388.149	18480.1	18468.7	11.352	519	87	179	0	0.0001 Colloc0 519 2549 0.108301 165.096
350	1	399.71	18532.9	18521.8	11.0909	502	74	192	2	0.0001 Colloc0 502 2568 0.098093 149.09
360	1	411.192	18468.3	18456.7	11.5842	502	74	192	6	0.0001 Colloc0 502 2556 0.0506477 179.845
370	1	422.658	18506.6	18495	11.5926	511	74	192	5	0.0001 Colloc0 511 2550 0.0352191 180.393
380	1	434.363	18530.2	18518.6	11.6143	505	83	183	3	0.0001 Colloc0 505 2563 0.0106933 181.791
390	1	445.67	18545.8	18534.2	11.6343	505	84	182	4	0.0001 Colloc0 505 2567 0.0306665 183.091
400	1	457.079	18560	18548.7	11.3286	510	87	179	7	0.0001 Colloc0 510 2541 0.0599073 163.639
410	1	468.68	18665.3	18653.6	11.718	519	72	194	2	0.0001 Colloc0 519 2577 0.0177127 188.551
420	1	480.344	18560.8	18548.8	12.0066	540	66	200	0	0.0001 Colloc0 540 2525 0.0436663 207.792
430	1	491.709	18444.2	18433.2	10.9865	523	75	191	1	0.0001 Colloc0 523 2517 0.152076 142.87
440	1	502.947	18543.5	18532.1	11.4133	507	73	193	3	0.0001 Colloc0 507 2536 0.0408269 168.951
450	1	514.475	18538	18527.2	10.8505	525	79	187	4	0.0001 Colloc0 525 2560 0.124479 134.929
460	1	525.262	18590	18578.5	11.5475	515	78	188	3	0.0001 Colloc0 515 2568 0.0596872 177.486
470	1	536.391	18557.4	18546.4	11.0223	505	84	182	2	0.0001 Colloc0 505 2517 0.13088 144.99
480	1	547.948	18413.6	18402	11.5639	490	69	197	2	0.0001 Colloc0 490 2542 0.00573508 178.537
490	1	559.173	18570.1	18559.4	10.6445	520	76	190	1	0.0001 Colloc0 520 2577 0.138257 123.271
500	1	569.724	18473.8	18462.5	11.329	493	88	178	2	0.0001 Colloc0 493 2559 0.0245296 163.661
510	1	580.975	18561.4	18550.2	11.1951	528	71	195	0	0.0001 Colloc0 528 2540 0.148532 155.403
520	1	592.584	18642	18630.6	11.4006	523	76	190	4	0.0001 Colloc0 523 2583 0.0717076 168.146
530	1	604.191	18487.3	18476.3	11.0721	503	86	180	4	0.0001 Colloc0 503 2566 0.0922917 147.957
540	1	615	18460	18449	11.0366	511	84	182	1	0.0001 Colloc0 511 2553 0.129585 145.84
550	1	625.785	18442.9	18431.9	11.0801	514	91	175	0	0.0001 Colloc0 514 2542 0.118556 148.437
560	1	637.462	18425.8	18415	10.7377	507	88	178	3	0.0001 Colloc0 507 2552 0.154372 128.49
570	1	648.93	18485.8	18475	10.7841	512	84	182	2	0.0001 Colloc0 512 2562 0.173519 131.121
580	1	660.281	18518.8	18507.9	10.8393	506	77	189	0	0.0001 Colloc0 506 2562 0.111334 134.281
590	1	671.252	18458.4	18447.4	11.0229	528	77	189	2	0.0001 Colloc0 528 2550 0.17533 145.022
600	1	682.684	18527.3	18515.6	11.6733	501	81	185	3	0.0001 Colloc0 501 2576 0.000651233 185.624
610	1	694.28	18493.9	18482.8	11.1581	484	76	190	2	0.0001 Colloc0 484 2557 0.0895647 153.149
620	1	705.681	18503	18491.7	11.3186	503	71	195	1	0.0001 Colloc0 503 2570 0.0756757 163.018
630	1	716.292	18343.8	18332.4	11.3789	495	85	181	3	0.0001 Colloc0 495 2553 0.0901254 166.787
640	1	726.832	18365.6	18354.3	11.3442	494	81	185	4	0.0001 Colloc0 494 2551 0.0838858 164.609
650	1	737.436	18330.7	18319.5	11.1869	497	81	185	2	0.0001 Colloc0 497 2549 0.0438086 154.903
660	1	748.725	18511.6	18500.4	11.1867	512	76	190	3	0.0001 Colloc0 512 2559 0.0965601 154.888
670	1	759.751	18389.3	18378.1	11.2247	501	81	185	3	0.0001 Colloc0 501 2553 0.0982071 157.212
680	1	770.97	18503.7	18492.5	11.2724	494	70	196	0	0.0001 Colloc0 494 2574 0.0337503 160.148
690	1	781.82	18532.4	18521.1	11.3628	505	69	197	3	0.0001 Colloc0 505 2540 0.0792241 165.774
700	1	793.38	18430.5	18419	11.4759	514	80	186	3	0.0001 Colloc0 514 2563 0.0981736 172.912
710	1	804.777	18501.5	18490.6	10.9239	517	81	185	3	0.0001 Colloc0 517 2558 0.0851794 139.188
720	1	815.992	18419	18408.4	10.5658	508	70	196	4	0.0001 Colloc0 508 2544 0.172082 118.944
730	1	827.562	18354.1	18343.2	10.8616	490	83	183	1	0.0001 Colloc0 490 2507 0.121069 135.571
740	1	839.107	18412	18401.4	10.6628	511	76	190	3	0.0001 Colloc0 511 2559 0.173307 124.29
750	1	850.667	18249.9	18238.4	11.4785	477	84	182	4	0.0001 Colloc0 477 2550 0.0287986 173.076
760	1	862.107	18355	18344	10.9975	495	83	183	1	0.0001 Colloc0 495 2559 0.066015 143.519
770	1	872.785	18334.6	18323.6	11.082	514	85	181	2	0.0001 Colloc0 514 2544 0.102843 148.556
780	1	883.458	18488.7	18477.4	11.343	513	81	185	3	0.0001 Colloc0 513 2563 0.03583 164.54
790	1	894.391	18361.7	18349.9	11.7997	519	88	178	1	0.0001 Colloc0 519 2544 0.0113507 193.934
800	1	905.689	18367.8	18356	11.8217	506	77	189	2	0.0001 Colloc0 506 2535 0.0212963 195.394
810	1	917.025	18379.4	18368.2	11.1918	499	87	179	4	0.0001 Colloc0 499 2536 0.0711306 155.199
820	1	928.399	18311.4	18300.4	10.9662	500	82	184	3	0.0001 Colloc0 500 2502 0.126684 141.669
830	1	939.742	18332.9	18321.6	11.328	498	83	183	3	0.0001 Colloc0 498 2520 0.0393552 163.599
840	1	951.154	18364.4	18353.7	10.6933	507	94	172	2	0.0001 Colloc0 507 2541 0.150324 125.989
850	1	962.679	18424.2	18413.2	11.0056	526	76	190	4	0.0001 Colloc0 526 2542 0.141334 143.999
860	1	974.213	18427.2	18415.7	11.4952	498	87	179	3	0.0001 Colloc0 498 2543 0.071977 174.141
870	1	985.657	18489.5	18478.5	11.0459	495	83	183	1	0.0001 Colloc0 495 2551 0.0400442 146.394
880	1	997.132	18410	18398.7	11.2693	493	71	195	0	0.0001 Colloc0 493 2536 0.0728228 159.962
890	1	1007.66	18287.9	18276.7	11.2188	474	88	178	5	0.0001 Colloc0 474 2568 0.046748 156.852
900	1	1018.23	18358.8	18347.7	11.0884	524	78	188	6	0.0001 Colloc0 524 2546 0.13239 148.937
910	1	1028.78	18414	18402.6	11.3908	513	78	188	0	0.0001 Colloc0 513 2549 0.0783122 167.529
920	1	1040.01	18314.6	18303.3	11.2798	484	85	181	1	0.0001 Colloc0 484 2527 0.0474387 160.611
930	1	1051.61	18408.6	18397.8	10.8209	505	75	191	5	0.0001 Colloc0 505 2531 0.113878 133.225
940	1	1062.8	18340.9	18329.9	10.9764	496	87	179	2	0.0001 Colloc0 496 2512 0.101019 142.268
950	1	1074.2	18343.8	18332.9	10.976	488	88	178	2	0.0001 Colloc0 488 2549 0.126957 142.246
960	1	1086.02	18270.2	18259.4	10.7532	511	89	177	1	0.0001 Colloc0 511 2494 0.155957 129.363
970	1	1097.61	18211.9	18201.5	10.4775	502	91	175	2	0.0001 Colloc0 502 2499 0.179818 114.168
980	1	1109.28	18215.4	18204.5	10.8299	490	100	166	0	0.0001 Colloc0 490 2510 0.142844 133.742
990	1	1120.68	18346.4	18335.3	11.1379	520	93	173	1	0.0001 Colloc0 520 2519 0.14242 151.923
1000	1	1131.97	18254	18243.3	10.7435	496	82	184	4	0.0001 Colloc0 496 2524 0.147764 128.819
1010	1	1143.52	18440.6	18429.9	10.6714	521	79	187	3	0.0001 Colloc0 521 2532 0.194058 124.766
1020	1	1154.79	18228.6	18217.7	10.9669	498	84	182	2	0.0001 Colloc0 498 2524 0.118042 141.711
1030	1	1165.51	18218.3	18207.5	10.8291	508	78	188	2	0.0001 Colloc0 508 2493 0.132869 133.698
1040	1	1176.67	18384.4	18373.6	10.8609	519	81	185	4	0.0001 Colloc0 519 2498 0.142323 135.529
1050	1	1188.18	18419	18407.8	11.1402	511	84	182	3	0.0001 Colloc0 511 2517 0.160918 152.06
1060	1	1199.77	18361.2	18350.8	10.3828	509	77	189	2	0.0001 Colloc0 509 2538 0.206183 109.151
1070	1	1211.32	18371.8	18361	10.7798	511	81	185	1	0.0001 Colloc0 511 2511 0.125361 130.876
1080	1	1222.54	18505.2	18493.5	11.6689	501	63	203	2	0.0001 Colloc0 501 2562 0.000983232 185.342
1090	1	1233.08	18509.7	18498.5	11.1964	509	64	202	1	0.0001 Colloc0 509 2530 0.0801766 155.482
1100	1	1243.74	18558.4	18547.6	10.7797	525	68	198	4	0.0001 Colloc0 525 2536 0.213991 130.869
1110	1	1254.44	18459.7	18448.7	11.0538	485	72	194	1	0.0001 Colloc0 485 2517 0.0904778 146.867
1120	1	1265.25	18423.8	18412.2	11.5926	513	67	199	1	0.0001 Colloc0 513 2540 0.0240902 180.39
1130	1	1276.49	18400.4	18389.2	11.2251	488	72	194	0	0.0001 Colloc0 488 2537 0.0386845 157.241
1140	1	1287.5	18251	18240.1	10.9143	487	91	175	0	0.0001 Colloc0 487 2516 0.129679 138.626
1150	1	1298.88	18365	18353.5	11.5156	502	71	195	1	0.0001 Colloc0 502 2525 0.0558965 175.442
1160	1	1310.35	18356.6	18345.8	10.7143	495	81	185	4	0.0001 Colloc0 495 2531 0.116097 127.167
1170	1	1321.98	18269.4	18258.9	10.559	494	83	183	2	0.0001 Colloc0 494 2519 0.144132 118.573
1180	1	1333.58	18350.9	18340.5	10.4403	536	86	180	3	0.0001 Colloc0 536 2483 0.248881 112.186
1190	1	1345.04	18385.2	18375	10.2693	517	70	196	2	0.0001 Colloc0 517 2519 0.205783 103.277
1200	1	1356.45	18342.9	18332	10.8765	525	82	184	2	0.0001 Colloc0 525 2514 0.137425 136.429
1210	1	1367.75	18354.3	18343.5	10.8619	519	82	184	4	0.0001 Colloc0 519 2504 0.17773 135.589
1220	1	1379.13	18387.9	18377	10.9333	511	87	179	4	0.0001 Colloc0 511 2513 0.112219 139.737
1230	1	1390.6	18367.5	18356.6	10.8991	520	77	189	4	0.0001 Colloc0 520 2527 0.124379 137.741
1240	1	1402.06	18389.1	18378	11.1339	518	80	186	1	0.0001 Colloc0 518 2511 0.13496 151.682
1250	1	1413.31	18358	18347.4	10.6215	498	81	185	2	0.0001 Colloc0 498 2510 0.179578 121.999
1260	1	1424.78	18216.7	18205.6	11.0235	510	92	174	3	0.0001 Colloc0 510 2490 0.171666 145.057
1270	1	1436.38	18259.7	18249.2	10.4745	508	85	181	2	0.0001 Colloc0 508 2485 0.222969 114.006
1280	1	1447.9	18362.4	18351.3	11.1188	517	87	179	1	0.0001 Colloc0 517 2491 0.155098 150.769
1290	1	1459.45	18397.2	18386.4	10.8643	527	77	189	1	0.0001 Colloc0 527 2480 0.150873 135.724
1300	1	1471	18292.6	18281.1	11.4749	500	82	184	1	0.0001 Colloc0 500 2531 0.0161394 172.85
1310	1	1482.48	18363.5	18351.8	11.7474	514	86	180	2	0.0001 Colloc0 514 2510 0.0570654 190.481
1320	1	1494.01	18304.9	18293.7	11.1872	499	86	180	4	0.0001 Colloc0 499 2480 0.0585559 154.921
1330	1	1505.19	18368	18357.3	10.6555	526	80	186	4	0.0001 Colloc0 526 2503 0.182822 123.884
1340	1	1516.5	18495.3	18483.7	11.6023	520	69	197	5	0.0001 Colloc0 520 2544 0.0703928 181.019
1350	1	1528.02	18388.1	18376.4	11.6775	503	84	182	4	0.0001 Colloc0 503 2501 0.0166514 185.9
1360	1	1539.68	18405.7	18394.4	11.3095	513	78	188	1	0.0001 Colloc0 513 2505 0.045573 162.451
1370	1	1551.05	18460.5	18448.6	11.887	507	83	183	3	0.0001 Colloc0 507 2537 0.030992 199.742
1380	1	1562.54	18398.2	18388	10.2169	510	80	186	2	0.0001 Colloc0 510 2542 0.20768 100.614
1390	1	1574.25	18334	18323	11.0026	520	85	181	0	0.0001 Colloc0 520 2526 0.115946 143.82
1400	1	1585.39	18217.5	18206.9	10.5559	519	90	176	6	0.0001 Colloc0 519 2501 0.205612 118.402
1410	1	1596.09	18281.9	18271.5	10.482	505	87	179	4	0.0001 Colloc0 505 2519 0.196184 114.411
1420	1	1607	18223.5	18212.2	11.3233	488	95	171	6	0.0001 Colloc0 488 2510 0.0231967 163.308
1430	1	1617.72	18270.4	18259.1	11.3728	505	80	186	5	0.0001 Colloc0 505 2498 0.0826282 166.398
1440	1	1628.66	18348	18337.3	10.7157	523	74	192	3	0.0001 Colloc0 523 2481 0.163847 127.25
1450	1	1640.21	18391.4	18380.2	11.2812	517	77	189	1	0.0001 Colloc0 517 2513 0.126719 160.697
1460	1	1651.46	18421.3	18410.8	10.5519	500	83	183	1	0.0001 Colloc0 500 2531 0.178053 118.187
1470	1	1662.99	18318.7	18308.2	10.4729	504	90	176	3	0.0001 Colloc0 504 2509 0.19084 113.919
1480	1	1674.56	18373.4	18362.3	11.1744	514	85	181	0	0.0001 Colloc0 514 2522 0.0777463 154.142
1490	1	1686.19	18319	18307.8	11.2156	500	82	184	2	0.0001 Colloc0 500 2510 0.0776751 156.656
1500	1	1697.59	18482.5	18470.8	11.6866	519	79	187	2	0.0001 Colloc0 519 2533 0.0517922 186.496
1510	1	1709.1	18273.6	18262.4	11.2075	503	89	177	4	0.0001 Colloc0 503 2528 0.077445 156.16
1520	1	1720.56	18375	18364.1	10.9544	520	74	192	2	0.0001 Colloc0 520 2519 0.183621 140.976
1530	1	1732.21	18281.1	18269.5	11.5633	508	88	178	1	0.0001 Colloc0 508 2513 0.0563276 178.503
1540	1	1743.76	18306	18294.8	11.2031	496	86	180	0	0.0001 Colloc0 496 2534 0.0186377 155.888
1550	1	1755.3	18381.6	18370.5	11.1541	520	85	181	5	0.0001 Colloc0 520 2526 0.140908 152.903
1560	1	1766.06	18305.5	18294.8	10.6833	510	80	186	2	0.0001 Colloc0 510 2490 0.173877 125.434
1570	1	1777.1	18260.9	18249.9	10.9437	510	85	181	1	0.0001 Colloc0 510 2495 0.170527 140.348
1580	1	1788.83	18289.9	18279.1	10.7671	502	82	184	5	0.0001 Colloc0 502 2519 0.126299 130.153
1590	1	1800.18	18348.7	18337.5	11.2656	512	84	182	3	0.0001 Colloc0 512 2525 0.0397614 159.734
1600	1	1811.39	18355.1	18344.1	11.0043	511	85	181	1	0.0001 Colloc0 511 2532 0.0931693 143.917
1610	1	1822.78	18334.3	18323.1	11.2491	515	77	189	1	0.0001 Colloc0 515 2535 0.102345 158.717
1620	1	1834.39	18372.2	18361	11.1933	509	80	186	1	0.0001 Colloc0 509 2528 0.123059 155.293
1630	1	1845.72	18254.8	18243.4	11.4244	506	84	182	1	0.0001 Colloc0 506 2496 0.0312879 169.646
1640	1	1857.14	18278.9	18268.6	10.3545	494	91	175	2	0.0001 Colloc0 494 2516 0.186614 107.669
1650	1	1868.65	18362.2	18350.7	11.5101	514	72	194	5	0.0001 Colloc0 514 2526 0.0824702 175.089
1660	1	1880.15	18407.6	18396.2	11.3902	515	83	183	3	0.0001 Colloc0 515 2529 0.0880607 167.496
1670	1	1891.71	18326.3	18315.7	10.5854	499	83	183	0	0.0001 Colloc0 499 2513 0.164122 120.013
1680	1	1903.17	18351.5	18340.5	10.9527	502	86	180	2	0.0001 Colloc0 502 2501 0.0815393 140.875
1690	1	1914.61	18385.8	18374.3	11.5233	524	83	183	4	0.0001 Colloc0 524 2529 0.0786568 175.933
1700	1	1925.98	18497	18486	10.9949	512	73	193	2	0.0001 Colloc0 512 2524 0.191759 143.366
1710	1	1937.61	18326.1	18315.2	10.8662	528	74	192	2	0.0001 Colloc0 528 2508 0.17771 135.834
1720	1	1949.2	18257	18245.3	11.7278	508	73	193	3	0.0001 Colloc0 508 2504 0.0560189 189.194
1730	1	1960.53	18279.7	18268.2	11.4695	490	82	184	5	0.0001 Colloc0 490 2538 0.0319414 172.505
1740	1	1971.87	18290.1	18279.1	11.0305	489	88	178	0	0.0001 Colloc0 489 2549 0.0694895 145.474
1750	1	1983.26	18281	18270.2	10.8054	479	77	189	1	0.0001 Colloc0 479 2558 0.13903 132.339
1760	1	1994.28	18265.4	18254.1	11.3009	483	82	184	2	0.0001 Colloc0 483 2531 0.0489291 161.918
1770	1	2005.24	18326	18315.2	10.7426	496	81	185	0	0.0001 Colloc0 496 2547 0.129438 128.764
1780	1	2016.37	18436.1	18424.6	11.4643	531	81	185	3	0.0001 Colloc0 531 2528 0.0623805 172.173
1790	1	2027.58	18314.7	18303.6	11.0799	506	75	191	1	0.0001 Colloc0 506 2550 0.0997961 148.427
1800	1	2038.81	18281.7	18270.2	11.5129	509	80	186	2	0.0001 Colloc0 509 2504 0.0538797 175.272
1810	1	2050.29	18308.4	18296.8	11.6298	507	81	185	9	0.0001 Colloc0 507 2532 0.0372318 182.801
1820	1	2061.59	18348.3	18336.5	11.7926	509	78	188	1	0.0001 Colloc0 509 2525 0.0225366 193.465
1830	1	2073.01	18300	18288.1	11.9169	521	83	183	1	0.0001 Colloc0 521 2498 0.0319144 201.745
1840	1	2084.21	18251.9	18241.1	10.8212	518	84	182	4	0.0001 Colloc0 518 2472 0.147887 133.244
1850	1	2095.33	18361	18350.2	10.8034	519	74	192	3	0.0001 Colloc0 519 2485 0.123832 132.22
1860	1	2106.59	18220.3	18209.8	10.4761	511	91	175	5	0.0001 Colloc0 511 2454 0.181214 114.092
1870	1	2117.94	18370.1	18359	11.1543	512	78	188	2	0.0001 Colloc0 512 2505 0.131756 152.918
1880	1	2129.22	18331	18319.8	11.1928	520	76	190	3	0.0001 Colloc0 520 2533 0.0990988 155.259
1890	1	2140.25	18340	18328.4	11.5817	501	80	186	5	0.0001 Colloc0 501 2516 0.0252133 179.684
1900	1	2150.66	18255.9	18244.3	11.5869	513	82	184	1	0.0001 Colloc0 513 2512 0.0331366 180.02
1910	1	2161.69	18409.8	18398.1	11.6237	522	85	181	1	0.0001 Colloc0 522 2530 0.111721 182.4
1920	1	2172.76	18183.9	18172.8	11.0526	500	88	178	3	0.0001 Colloc0 500 2498 0.110062 146.793
1930	1	2183.58	18357.5	18346.2	11.3469	508	70	196	4	0.0001 Colloc0 508 2492 0.0198766 164.778
1940	1	2194.29	18406.5	18394.9	11.6551	514	71	195	4	0.0001 Colloc0 514 2505 0.0642596 184.444
1950	1	2204.44	18465.6	18454.1	11.4876	520	67	199	2	0.0001 Colloc0 520 2511 0.0135967 173.659
1960	1	2214.86	18235.2	18223.5	11.7513	493	81	185	4	0.0001 Colloc0 493 2520 0.0118555 190.74
1970	1	2225.02	18267.1	18255.3	11.8965	516	82	184	3	0.0001 Colloc0 516 2508 0.00429204 200.375
1980	1	2235.35	18198.6	18187.3	11.3148	509	91	175	2	0.0001 Colloc0 509 2522 0.0755257 162.78
1990	1	2245.71	18422.9	18411.7	11.2214	537	82	184	4	0.0001 Colloc0 537 2525 0.10816 157.013
2000	1	2255.85	18327.8	18316.3	11.4439	508	77	189	5	0.0001 Colloc0 508 2504 0.0158282 170.879
