# D = 0, E = 1, I = 1, P = 1, R = -1, n = 2000, N = 1, P = 1, w = 1, a = 0.0001, b = 10000, e = 1, f = 1, g = 100, h = 0.01, r = 11563, s = 1, S = 0, x = 10, m = 100, Z = 1, z = 0, T = 1, t = 1
# 6228 tokens in 266 sentences
#
# It	Temp	Time	-logP	-logPcorpus	-logPrior	tables	same	changed	reject	default_pya	(parent pym pyn pya pyb)*
0	1	0.871867	24792.8	24679	113.764	1624	0	266	0	0.0001 Colloc0 1624 2283 0.0001 10000
10	1	12.3221	19630.1	19618	12.1642	628	51	215	1	0.0001 Colloc0 628 2576 0.079175 218.549
20	1	23.2885	19263.5	19251.8	11.7739	564	43	223	6	0.0001 Colloc0 564 2590 0.0525826 192.227
30	1	34.7197	19218.6	19207.1	11.4312	559	53	213	3	0.0001 Colloc0 559 2612 0.0892911 170.077
40	1	45.79	19162.8	19150.5	12.238	579	58	208	6	0.0001 Colloc0 579 2597 0.0391609 223.647
50	1	56.6094	19007.8	18996.1	11.6867	534	57	209	3	0.0001 Colloc0 534 2599 0.0484939 186.502
60	1	68.0147	18867	18855.7	11.3751	535	64	202	6	0.0001 Colloc0 535 2577 0.0540933 166.548
70	1	79.5619	18948.9	18937.3	11.5389	553	66	200	7	0.0001 Colloc0 553 2597 0.118194 176.937
80	1	91.0212	18899.2	18887.6	11.5542	526	62	204	3	0.0001 Colloc0 526 2615 0.00364775 177.915
90	1	102.615	18897.6	18886.5	11.0795	520	59	207	3	0.0001 Colloc0 520 2629 0.112571 148.406
100	1	113.618	18859.5	18848.1	11.349	522	65	201	0	0.0001 Colloc0 522 2611 0.0506087 164.913
110	1	124.413	18964.3	18952.8	11.555	584	57	209	1	0.0001 Colloc0 584 2565 0.11639 177.965
120	1	135.468	18745.3	18733.7	11.6699	520	68	198	0	0.0001 Colloc0 520 2557 0.0267073 185.406
130	1	147.111	18818.6	18807.1	11.4635	518	60	206	1	0.0001 Colloc0 518 2535 0.0375109 172.122
140	1	158.856	18917.3	18905.6	11.7866	547	60	206	3	0.0001 Colloc0 547 2577 0.0590005 193.063
150	1	170.319	18757.5	18746.6	10.9122	522	70	196	0	0.0001 Colloc0 522 2571 0.205475 138.504
160	1	181.923	18876.5	18864.4	12.1518	566	59	207	2	0.0001 Colloc0 566 2519 0.010201 217.697
170	1	193.48	18635	18623.5	11.5245	513	64	202	3	0.0001 Colloc0 513 2552 0.0529485 176.014
180	1	205.051	18716.1	18704.3	11.7645	541	57	209	3	0.0001 Colloc0 541 2540 0.0297361 191.605
190	1	216.419	18736.2	18725.2	10.9905	520	70	196	1	0.0001 Colloc0 520 2558 0.115023 143.104
200	1	227.858	18666.1	18654.7	11.436	519	66	200	3	0.0001 Colloc0 519 2533 0.0389057 170.381
210	1	239.417	18607.6	18596.7	10.9563	542	75	191	2	0.0001 Colloc0 542 2509 0.160122 141.087
220	1	251.006	18694.8	18683.1	11.7296	550	68	198	3	0.0001 Colloc0 550 2556 0.0350862 189.314
230	1	262.49	18614.2	18602.7	11.4972	512	72	194	0	0.0001 Colloc0 512 2535 0.0398327 174.271
240	1	273.665	18638.5	18626.4	12.0623	524	73	193	0	0.0001 Colloc0 524 2569 0.00668672 211.571
250	1	285.233	18532.3	18520.7	11.5499	521	67	199	1	0.0001 Colloc0 521 2518 0.0332338 177.641
260	1	296.93	18512.3	18501.3	11.0329	550	67	199	2	0.0001 Colloc0 550 2504 0.171612 145.616
270	1	308.456	18662.9	18651.6	11.2868	552	64	202	6	0.0001 Colloc0 552 2525 0.12458 161.039
280	1	320.176	18587	18575.4	11.6084	541	68	198	1	0.0001 Colloc0 541 2519 0.107216 181.412
290	1	331.652	18448.7	18437.3	11.376	533	80	186	0	0.0001 Colloc0 533 2490 0.0943945 166.6
300	1	343.12	18663.1	18651.7	11.389	533	68	198	2	0.0001 Colloc0 533 2550 0.102569 167.421
310	1	354.711	18510.3	18499.2	11.1648	539	65	201	3	0.0001 Colloc0 539 2499 0.09971 153.558
320	1	366.245	18669.7	18657.8	11.8405	536	65	201	3	0.0001 Colloc0 536 2528 0.057313 196.644
330	1	377.704	18570.5	18559.6	10.9109	548	71	195	1	0.0001 Colloc0 548 2520 0.176173 138.429
340	1	389.268	18580.1	18569.2	10.9366	521	70	196	7	0.0001 Colloc0 521 2564 0.130612 139.93
350	1	400.671	18451.8	18440.8	10.9309	517	71	195	1	0.0001 Colloc0 517 2535 0.160583 139.596
360	1	412.297	18635.4	18623.8	11.5376	540	76	190	5	0.0001 Colloc0 540 2565 0.0934768 176.852
370	1	423.795	18511	18500	11.0047	505	77	189	3	0.0001 Colloc0 505 2560 0.0834877 143.943
380	1	435.215	18571.5	18560	11.58	523	70	196	2	0.0001 Colloc0 523 2571 0.00746416 179.577
390	1	446.675	18596.1	18584.7	11.4499	535	68	198	5	0.0001 Colloc0 535 2532 0.136825 171.261
400	1	458.192	18437.5	18426.1	11.4237	519	71	195	2	0.0001 Colloc0 519 2529 0.0440467 169.603
410	1	469.744	18584.6	18573.5	11.1573	534	76	190	3	0.0001 Colloc0 534 2534 0.0991125 153.098
420	1	480.869	18463.4	18452.2	11.26	517	71	195	1	0.0001 Colloc0 517 2532 0.0734828 159.387
430	1	491.485	18657.1	18645.4	11.6644	541	70	196	3	0.0001 Colloc0 541 2559 0.0833534 185.044
440	1	502.205	18490	18479.3	10.6918	526	74	192	4	0.0001 Colloc0 526 2555 0.224287 125.905
450	1	513.15	18410.8	18399.5	11.2796	520	83	183	2	0.0001 Colloc0 520 2505 0.065097 160.597
460	1	524.785	18426.5	18415.9	10.6465	529	78	188	2	0.0001 Colloc0 529 2514 0.201374 123.38
470	1	536.235	18491.7	18480.8	10.9497	524	76	190	3	0.0001 Colloc0 524 2527 0.131296 140.703
480	1	547.878	18481.6	18470.1	11.4306	508	71	195	3	0.0001 Colloc0 508 2573 0.0255055 170.038
490	1	559.338	18430.4	18419.7	10.7532	503	78	188	3	0.0001 Colloc0 503 2525 0.130271 129.365
500	1	570.401	18456	18444.5	11.4759	515	86	180	4	0.0001 Colloc0 515 2506 0.0356425 172.909
510	1	581.816	18422.4	18411.1	11.2577	512	78	188	1	0.0001 Colloc0 512 2528 0.126125 159.242
520	1	593.24	18506.2	18494.4	11.7875	529	77	189	1	0.0001 Colloc0 529 2539 0.0563354 193.123
530	1	604.537	18496	18484.8	11.1894	523	58	208	0	0.0001 Colloc0 523 2520 0.11627 155.053
540	1	615.824	18525.9	18514.3	11.6742	522	63	203	4	0.0001 Colloc0 522 2551 0.0325606 185.684
550	1	627.205	18474.9	18463.4	11.5383	514	72	194	2	0.0001 Colloc0 514 2520 0.0584268 176.898
560	1	638.64	18443.3	18432.3	10.9394	516	75	191	4	0.0001 Colloc0 516 2511 0.137484 140.097
570	1	649.768	18346.9	18335.2	11.7145	512	80	186	1	0.0001 Colloc0 512 2498 0.053427 188.319
580	1	661.149	18408.9	18397.5	11.3682	514	85	181	4	0.0001 Colloc0 514 2509 0.0401913 166.115
590	1	672.839	18478.1	18467	11.0808	512	69	197	3	0.0001 Colloc0 512 2532 0.0923987 148.482
600	1	684.299	18332	18320.7	11.2336	499	83	183	2	0.0001 Colloc0 499 2496 0.0938559 157.762
610	1	695.522	18335.5	18324.3	11.2511	494	81	185	2	0.0001 Colloc0 494 2497 0.0690189 158.837
620	1	706.23	18418.8	18407.3	11.4739	494	80	186	2	0.0001 Colloc0 494 2512 0.00859812 172.781
630	1	717.248	18504.9	18493.2	11.6964	522	77	189	0	0.0001 Colloc0 522 2518 0.0529491 187.134
640	1	728.425	18488.4	18476.8	11.6683	520	73	193	2	0.0001 Colloc0 520 2486 0.0566459 185.298
650	1	739.733	18524	18512.1	11.8411	524	75	191	2	0.0001 Colloc0 524 2528 0.0126631 196.679
660	1	751.287	18483.8	18472.7	11.1583	533	79	187	4	0.0001 Colloc0 533 2493 0.137198 153.162
670	1	762.857	18384.9	18374	10.9494	527	81	185	1	0.0001 Colloc0 527 2494 0.178089 140.682
680	1	774.598	18361.1	18350.1	11.041	534	83	183	4	0.0001 Colloc0 534 2466 0.126259 146.098
690	1	786.246	18342.4	18330.8	11.5941	502	78	188	3	0.0001 Colloc0 502 2492 0.00816284 180.485
700	1	797.833	18374.7	18363.6	11.1177	522	75	191	5	0.0001 Colloc0 522 2514 0.121128 150.701
710	1	809.337	18523.5	18511.6	11.8752	534	75	191	4	0.0001 Colloc0 534 2505 0.00576376 198.953
720	1	820.807	18331.5	18320.2	11.3633	510	88	178	1	0.0001 Colloc0 510 2480 0.0461856 165.807
730	1	832.005	18308.2	18297.6	10.5941	493	75	191	3	0.0001 Colloc0 493 2469 0.132649 120.491
740	1	843.354	18441.6	18430.1	11.5121	530	74	192	1	0.0001 Colloc0 530 2490 0.0805139 175.217
750	1	854.827	18308.7	18298	10.6506	514	82	184	4	0.0001 Colloc0 514 2473 0.185512 123.612
760	1	866.076	18312.6	18301.5	11.0212	526	85	181	0	0.0001 Colloc0 526 2491 0.114945 144.925
770	1	877.45	18311.6	18300.4	11.2367	505	77	189	4	0.0001 Colloc0 505 2494 0.079876 157.951
780	1	888.827	18344.3	18332.8	11.5334	519	76	190	5	0.0001 Colloc0 519 2481 0.0653351 176.581
790	1	900.147	18307.5	18295.9	11.588	503	93	173	0	0.0001 Colloc0 503 2503 0.0205801 180.09
800	1	911.378	18406.1	18394.6	11.5521	515	82	184	1	0.0001 Colloc0 515 2506 0.0750169 177.779
810	1	922.584	18414.7	18403.2	11.5685	515	78	188	4	0.0001 Colloc0 515 2489 0.0348383 178.835
820	1	934.253	18324.3	18313	11.2757	512	77	189	2	0.0001 Colloc0 512 2482 0.0612706 160.358
830	1	945.507	18419.1	18407.6	11.5243	516	77	189	2	0.0001 Colloc0 516 2508 0.0703528 175.996
840	1	957.021	18433.8	18422.1	11.689	511	74	192	5	0.0001 Colloc0 511 2529 0.0538529 186.654
850	1	968.241	18322.3	18310.5	11.7594	508	82	184	2	0.0001 Colloc0 508 2506 0.0075645 191.271
860	1	979.624	18374.7	18363.6	11.0803	520	68	198	0	0.0001 Colloc0 520 2502 0.129866 148.451
870	1	991.214	18366.1	18354.8	11.2868	510	82	184	0	0.0001 Colloc0 510 2486 0.0886861 161.041
880	1	1002.31	18499.9	18488.1	11.7816	496	78	188	0	0.0001 Colloc0 496 2516 0.0129589 192.736
890	1	1013.65	18587.4	18576.1	11.2528	532	64	202	1	0.0001 Colloc0 532 2531 0.129189 158.941
900	1	1025.21	18381.9	18370.9	11.0458	510	67	199	1	0.0001 Colloc0 510 2523 0.116166 146.385
910	1	1036.77	18376.3	18364.5	11.8255	507	67	199	4	0.0001 Colloc0 507 2485 0.0540071 195.642
920	1	1048.36	18504.2	18492.4	11.8325	538	69	197	2	0.0001 Colloc0 538 2494 0.0353684 196.108
930	1	1059.8	18405.8	18394.4	11.3725	506	79	187	6	0.0001 Colloc0 506 2512 0.0184153 166.381
940	1	1071.25	18383.4	18372.2	11.2127	513	79	187	2	0.0001 Colloc0 513 2519 0.13465 156.479
950	1	1082.74	18301.4	18290.1	11.3521	536	77	189	3	0.0001 Colloc0 536 2471 0.103752 165.105
960	1	1094.46	18234	18223.3	10.6507	513	83	183	2	0.0001 Colloc0 513 2470 0.166947 123.618
970	1	1106.14	18287.4	18276.1	11.3005	517	75	191	2	0.0001 Colloc0 517 2470 0.0776549 161.891
980	1	1117.41	18308.5	18297.5	11.0564	503	82	184	5	0.0001 Colloc0 503 2481 0.126079 147.022
990	1	1128.18	18357.1	18346	11.1159	536	79	187	3	0.0001 Colloc0 536 2472 0.127937 150.591
1000	1	1139.48	18257.2	18245.6	11.6169	505	81	185	2	0.0001 Colloc0 505 2467 0.0255353 181.963
1010	1	1151.02	18405.7	18394.3	11.3662	522	76	190	2	0.0001 Colloc0 522 2474 0.0715655 165.985
1020	1	1161.79	18409.3	18398.1	11.1896	517	72	194	1	0.0001 Colloc0 517 2531 0.0906292 155.064
1030	1	1173.01	18307.7	18296.5	11.2597	505	80	186	4	0.0001 Colloc0 505 2476 0.0483577 159.368
1040	1	1184.75	18327.5	18315.6	11.8311	533	84	182	5	0.0001 Colloc0 533 2470 0.0414123 196.015
1050	1	1196.36	18414.7	18403.1	11.643	504	77	189	3	0.0001 Colloc0 504 2494 0.0531288 183.655
1060	1	1207.73	18312.1	18300.9	11.2154	503	81	185	1	0.0001 Colloc0 503 2500 0.088717 156.644
1070	1	1218.8	18341.8	18330.8	11.0358	539	69	197	2	0.0001 Colloc0 539 2457 0.150328 145.789
1080	1	1230.2	18386.5	18375.7	10.8831	520	76	190	7	0.0001 Colloc0 520 2475 0.119708 136.811
1090	1	1241.81	18365.6	18353.8	11.8118	519	79	187	3	0.0001 Colloc0 519 2476 0.0360492 194.737
1100	1	1253.48	18382.2	18371.1	11.1363	511	75	191	1	0.0001 Colloc0 511 2497 0.0959362 151.825
1110	1	1264.84	18289.7	18278.3	11.4008	526	94	172	3	0.0001 Colloc0 526 2452 0.085804 168.159
1120	1	1276.02	18199	18187.8	11.262	522	79	187	3	0.0001 Colloc0 522 2449 0.106711 159.509
1130	1	1286.84	18266.4	18255.1	11.3093	508	83	183	4	0.0001 Colloc0 508 2484 0.0570172 162.436
1140	1	1297.71	18218.1	18206.9	11.2282	513	80	186	1	0.0001 Colloc0 513 2424 0.04748 157.428
1150	1	1308.51	18401.4	18390.6	10.8375	550	76	190	0	0.0001 Colloc0 550 2476 0.171609 134.179
1160	1	1319.87	18137.6	18126.4	11.2123	513	103	163	3	0.0001 Colloc0 513 2435 0.143712 156.453
1170	1	1331.61	18243.9	18232.6	11.3011	526	76	190	4	0.0001 Colloc0 526 2479 0.0812708 161.925
1180	1	1342.35	18325.2	18313.5	11.7225	539	80	186	2	0.0001 Colloc0 539 2489 0.025452 188.844
1190	1	1353.05	18064.4	18053	11.3784	505	91	175	0	0.0001 Colloc0 505 2419 0.105929 166.751
1200	1	1363.83	18155.7	18144.2	11.4819	495	91	175	1	0.0001 Colloc0 495 2451 0.0422583 173.294
1210	1	1375.14	18239.1	18227.9	11.164	515	86	180	3	0.0001 Colloc0 515 2465 0.0272975 153.507
1220	1	1385.87	18233.9	18222.4	11.4498	508	88	178	2	0.0001 Colloc0 508 2470 0.0556839 171.257
1230	1	1396.9	18305.2	18294	11.2495	510	79	187	1	0.0001 Colloc0 510 2446 0.0146871 158.739
1240	1	1408.55	18315.1	18303.6	11.521	529	78	188	1	0.0001 Colloc0 529 2453 0.0794216 175.79
1250	1	1419.89	18286.3	18274.6	11.7513	520	81	185	0	0.0001 Colloc0 520 2469 0.0350857 190.735
1260	1	1431.26	18294.6	18283.6	10.9555	527	73	193	2	0.0001 Colloc0 527 2441 0.152692 141.039
1270	1	1442.03	18185.8	18174.7	11.0279	511	83	183	6	0.0001 Colloc0 511 2426 0.142835 145.322
1280	1	1453.6	18219.4	18208.3	11.0998	512	88	178	3	0.0001 Colloc0 512 2448 0.108187 149.623
1290	1	1465.01	18177.2	18166	11.2165	495	86	180	2	0.0001 Colloc0 495 2464 0.0588702 156.711
1300	1	1476.42	18230.2	18218.4	11.8718	517	80	186	4	0.0001 Colloc0 517 2447 0.00750723 198.726
1310	1	1487.45	18239.7	18228.2	11.5035	508	81	185	2	0.0001 Colloc0 508 2443 0.0679694 174.671
1320	1	1498.35	18204.4	18192.5	11.8334	525	81	185	3	0.0001 Colloc0 525 2422 0.0157802 196.167
1330	1	1509.83	18312.2	18300.9	11.3484	521	88	178	2	0.0001 Colloc0 521 2427 0.0882425 164.873
1340	1	1521.26	18253.3	18242.5	10.812	528	76	190	3	0.0001 Colloc0 528 2446 0.180709 132.716
1350	1	1532.68	18157.8	18147.1	10.7449	516	89	177	1	0.0001 Colloc0 516 2445 0.177774 128.897
1360	1	1544.06	18223.2	18211.8	11.3665	513	93	173	2	0.0001 Colloc0 513 2451 0.147115 166.009
1370	1	1555.49	18245.9	18234.6	11.3254	505	79	187	3	0.0001 Colloc0 505 2444 0.13767 163.438
1380	1	1567.17	18354.4	18343.3	11.1014	525	83	183	7	0.0001 Colloc0 525 2451 0.115593 149.722
1390	1	1579.04	18204.9	18193.9	11.0196	537	92	174	1	0.0001 Colloc0 537 2446 0.188935 144.83
1400	1	1590.69	18209.7	18199.1	10.6077	516	79	187	2	0.0001 Colloc0 516 2437 0.141549 121.236
1410	1	1602.37	18331.9	18321.1	10.8474	527	67	199	2	0.0001 Colloc0 527 2450 0.181919 134.751
1420	1	1613.91	18259.1	18247.6	11.5216	521	74	192	2	0.0001 Colloc0 521 2438 0.0686342 175.824
1430	1	1625.48	18188	18176.9	11.0646	518	79	187	0	0.0001 Colloc0 518 2452 0.120213 147.513
1440	1	1636.9	18115.9	18105.5	10.3318	518	91	175	1	0.0001 Colloc0 518 2417 0.2173 106.492
1450	1	1648.31	18072.4	18061	11.3359	519	97	169	1	0.0001 Colloc0 519 2455 0.100206 164.091
1460	1	1659.82	18012.4	18001.6	10.8524	513	88	178	3	0.0001 Colloc0 513 2393 0.198286 135.037
1470	1	1671.58	18013.1	18002.1	11.0399	517	90	176	1	0.0001 Colloc0 517 2396 0.118851 146.036
1480	1	1683.21	18097.5	18086.7	10.8164	528	90	176	0	0.0001 Colloc0 528 2425 0.159099 132.968
1490	1	1694.51	18117	18106.1	10.9768	524	93	173	1	0.0001 Colloc0 524 2397 0.141058 142.293
1500	1	1705.39	18115.4	18104.1	11.2476	506	81	185	1	0.0001 Colloc0 506 2417 0.120792 158.62
1510	1	1716.14	18133.9	18123.3	10.6288	525	78	188	0	0.0001 Colloc0 525 2429 0.165051 122.403
1520	1	1727.81	18133.4	18122.7	10.6649	529	86	180	2	0.0001 Colloc0 529 2412 0.213442 124.403
1530	1	1739.19	18106.1	18095.4	10.6919	510	89	177	1	0.0001 Colloc0 510 2439 0.135442 125.912
1540	1	1750.62	18174.4	18163.2	11.1311	525	83	183	1	0.0001 Colloc0 525 2403 0.152716 151.51
1550	1	1762.25	18107.9	18095.9	12.0841	507	80	186	0	0.0001 Colloc0 507 2436 0.0257954 213.064
1560	1	1773.92	18113.5	18102.2	11.2597	517	85	181	2	0.0001 Colloc0 517 2430 0.137378 159.365
1570	1	1785.51	18127	18116.2	10.7839	524	90	176	1	0.0001 Colloc0 524 2416 0.172368 131.112
1580	1	1796.8	17976.8	17965.8	10.9691	478	94	172	3	0.0001 Colloc0 478 2410 0.0674307 141.839
1590	1	1807.74	18159.2	18148.1	11.1732	506	72	194	2	0.0001 Colloc0 506 2429 0.102252 154.063
1600	1	1819.14	18193.8	18182.4	11.389	512	82	184	4	0.0001 Colloc0 512 2447 0.0727192 167.418
1610	1	1830.76	18209.6	18198.3	11.2659	527	75	191	0	0.0001 Colloc0 527 2430 0.089955 159.749
1620	1	1841.56	18113.3	18101.7	11.6166	505	90	176	2	0.0001 Colloc0 505 2444 0.00420221 181.944
1630	1	1852.3	18130	18118.9	11.0987	523	87	179	3	0.0001 Colloc0 523 2428 0.146019 149.555
1640	1	1863	18251.2	18239.6	11.6625	530	80	186	1	0.0001 Colloc0 530 2427 0.0459042 184.926
1650	1	1873.65	18111.3	18099.4	11.8245	518	90	176	2	0.0001 Colloc0 518 2424 0.0204763 195.576
1660	1	1884.56	18273.4	18261.6	11.8894	526	74	192	2	0.0001 Colloc0 526 2467 0.00103586 199.902
1670	1	1896.15	18063.1	18051.7	11.3349	504	88	178	1	0.0001 Colloc0 504 2426 0.0976122 164.031
1680	1	1907.65	18194.4	18183.1	11.3192	510	86	180	2	0.0001 Colloc0 510 2434 0.102459 163.054
1690	1	1919.25	18120	18108.8	11.1881	512	82	184	1	0.0001 Colloc0 512 2436 0.0666531 154.975
1700	1	1930.61	18025.7	18013.5	12.1037	500	91	175	2	0.0001 Colloc0 500 2423 0.00583106 214.402
1710	1	1941.74	18031.7	18021.4	10.3092	520	96	170	1	0.0001 Colloc0 520 2402 0.274862 105.32
1720	1	1952.79	18002.6	17991.3	11.3381	505	89	177	0	0.0001 Colloc0 505 2417 0.098997 164.231
1730	1	1964.41	18106.3	18095.6	10.7141	511	83	183	3	0.0001 Colloc0 511 2377 0.162611 127.16
1740	1	1976.31	18055.6	18044.8	10.7813	530	88	178	2	0.0001 Colloc0 530 2390 0.172869 130.963
1750	1	1987.71	18187.9	18177	10.9122	506	85	181	4	0.0001 Colloc0 506 2439 0.119315 138.504
1760	1	1998.5	18029.8	18018	11.8095	514	91	175	4	0.0001 Colloc0 514 2404 0.0355394 194.582
1770	1	2009.73	18042.3	18031.3	10.9603	525	98	168	2	0.0001 Colloc0 525 2408 0.182107 141.325
1780	1	2021.08	18132	18120.4	11.6141	543	89	177	2	0.0001 Colloc0 543 2409 0.116042 181.777
1790	1	2032.71	18087	18076	10.9558	524	93	173	0	0.0001 Colloc0 524 2363 0.158241 141.056
1800	1	2043.74	18152.5	18140.6	11.878	515	86	180	3	0.0001 Colloc0 515 2425 0.00640281 199.143
1810	1	2055.15	18167	18155.4	11.6132	516	86	180	2	0.0001 Colloc0 516 2423 0.0486772 181.719
1820	1	2066.51	17983	17971.3	11.6749	499	94	172	2	0.0001 Colloc0 499 2384 0.024026 185.734
1830	1	2078.07	17981.1	17970	11.1749	486	95	171	0	0.0001 Colloc0 486 2409 0.0953678 154.167
1840	1	2089.47	18097.9	18086.5	11.4249	519	85	181	1	0.0001 Colloc0 519 2404 0.0867741 169.681
1850	1	2101.03	18138.1	18126.6	11.5684	521	88	178	2	0.0001 Colloc0 521 2434 0.0529519 178.827
1860	1	2112.38	18156.7	18145.6	11.0976	518	85	181	2	0.0001 Colloc0 518 2420 0.116799 149.49
1870	1	2123.57	18119.4	18108.2	11.2068	506	85	181	5	0.0001 Colloc0 506 2409 0.0764499 156.116
1880	1	2134.77	18062.3	18051.1	11.1716	492	95	171	2	0.0001 Colloc0 492 2417 0.0385474 153.966
1890	1	2145.72	18027.8	18015.9	11.9143	517	94	172	4	0.0001 Colloc0 517 2395 0.00245327 201.566
1900	1	2156.61	18046.7	18035.8	10.8732	505	90	176	2	0.0001 Colloc0 505 2428 0.176496 136.242
1910	1	2167.63	18053.6	18042.7	10.9534	512	89	177	1	0.0001 Colloc0 512 2404 0.180772 140.92
1920	1	2178.52	18145.6	18135.1	10.5597	514	81	185	5	0.0001 Colloc0 514 2409 0.203303 118.607
1930	1	2189.72	18086.6	18075.4	11.1983	511	93	173	4	0.0001 Colloc0 511 2384 0.128897 155.597
1940	1	2200.6	18006.8	17995.2	11.5378	526	92	174	3	0.0001 Colloc0 526 2372 0.100995 176.866
1950	1	2211.17	18066.8	18054.9	11.8988	519	87	179	1	0.0001 Colloc0 519 2414 0.00194793 200.532
1960	1	2221.65	18053.5	18042.2	11.3512	513	89	177	3	0.0001 Colloc0 513 2389 0.0933573 165.046
1970	1	2231.94	18100.6	18088.9	11.6779	500	86	180	1	0.0001 Colloc0 500 2394 0.0360855 185.925
1980	1	2242.1	18110.9	18099.4	11.5121	515	92	174	2	0.0001 Colloc0 515 2412 0.0326693 175.218
1990	1	2252.33	18119.3	18107.7	11.5937	519	83	183	0	0.0001 Colloc0 519 2400 0.0538239 180.458
2000	1	2262.69	18104.3	18093.1	11.2095	509	98	168	4	0.0001 Colloc0 509 2428 0.0908373 156.28
