# D = 0, E = 1, I = 1, P = 1, R = -1, n = 2000, N = 1, P = 1, w = 1, a = 0.0001, b = 10000, e = 1, f = 1, g = 100, h = 0.01, r = 24184, s = 1, S = 0, x = 10, m = 100, Z = 1, z = 0, T = 1, t = 1
# 6228 tokens in 266 sentences
#
# It	Temp	Time	-logP	-logPcorpus	-logPrior	tables	same	changed	reject	default_pya	(parent pym pyn pya pyb)*
0	1	0.903862	25293.7	25179.9	113.764	1950	0	266	0	0.0001 Colloc0 1950 2761 0.0001 10000
10	1	13.5389	20313.4	20301.2	12.1759	650	37	229	1	0.0001 Colloc0 650 2731 0.0976765 219.357
20	1	25.0132	19808.9	19797.1	11.7827	567	47	219	3	0.0001 Colloc0 567 2705 0.0237719 192.81
30	1	36.4285	19526.4	19515.2	11.1937	531	41	225	3	0.0001 Colloc0 531 2700 0.0978715 155.318
40	1	47.8547	19382.4	19370.7	11.7047	552	56	210	4	0.0001 Colloc0 552 2705 0.0899017 187.679
50	1	59.465	19224.3	19212.6	11.6136	534	62	204	1	0.0001 Colloc0 534 2692 0.0226542 181.746
60	1	70.7962	19337.7	19326.1	11.6467	551	51	215	1	0.0001 Colloc0 551 2719 0.0404723 183.895
70	1	81.9705	19290.5	19278.5	11.9974	557	58	208	1	0.0001 Colloc0 557 2663 0.00384985 207.169
80	1	93.4458	19075.7	19064.1	11.5313	536	60	206	9	0.0001 Colloc0 536 2655 0.0852659 176.445
90	1	104.872	19031	19019.8	11.2507	531	60	206	3	0.0001 Colloc0 531 2648 0.124135 158.811
100	1	116.365	19007.4	18996	11.3815	509	58	208	2	0.0001 Colloc0 509 2658 0.0247651 166.944
110	1	127.454	18966.7	18954.9	11.7423	542	59	207	0	0.0001 Colloc0 542 2607 0.0271471 190.145
120	1	138.52	18984.1	18972.7	11.3388	561	56	210	2	0.0001 Colloc0 561 2627 0.112336 164.274
130	1	149.821	19060.7	19049	11.6904	537	58	208	3	0.0001 Colloc0 537 2621 0.0200274 186.741
140	1	161.142	18941.2	18929.6	11.665	530	57	209	1	0.0001 Colloc0 530 2601 0.026678 185.083
150	1	172.365	19055	19043.5	11.4578	536	53	213	3	0.0001 Colloc0 536 2621 0.0957947 171.762
160	1	183.758	18971.4	18959.8	11.6379	546	61	205	1	0.0001 Colloc0 546 2581 0.0925213 183.32
170	1	195.054	18697.2	18685.9	11.2892	530	62	204	4	0.0001 Colloc0 530 2556 0.134991 161.188
180	1	206.668	18703.2	18691.4	11.7303	524	62	204	1	0.0001 Colloc0 524 2546 0.0339834 189.359
190	1	217.919	18656.9	18645.5	11.4223	515	70	196	4	0.0001 Colloc0 515 2562 0.0495056 169.516
200	1	229.089	18671	18659.8	11.2198	525	68	198	1	0.0001 Colloc0 525 2581 0.0642403 156.914
210	1	240.425	18639.2	18628.2	11.0098	508	65	201	0	0.0001 Colloc0 508 2554 0.115598 144.247
220	1	251.676	18561.8	18550.5	11.26	518	78	188	1	0.0001 Colloc0 518 2587 0.0593732 159.386
230	1	262.99	18686.1	18674.6	11.4644	540	66	200	4	0.0001 Colloc0 540 2554 0.0271593 172.18
240	1	274.282	18616	18604.3	11.6843	523	72	194	3	0.0001 Colloc0 523 2565 0.0672366 186.342
250	1	285.8	18670.3	18659.5	10.771	534	58	208	5	0.0001 Colloc0 534 2554 0.202505 130.376
260	1	297.212	18668.4	18657.2	11.2532	523	65	201	1	0.0001 Colloc0 523 2568 0.0845863 158.967
270	1	308.743	18735.1	18723.3	11.7976	535	54	212	0	0.0001 Colloc0 535 2577 0.0161266 193.795
280	1	320.13	18678.2	18666.9	11.2764	510	60	206	0	0.0001 Colloc0 510 2555 0.105904 160.399
290	1	331.496	18584.3	18573.4	10.9533	522	70	196	3	0.0001 Colloc0 522 2568 0.159082 140.912
300	1	342.968	18609.7	18599	10.6788	515	62	204	4	0.0001 Colloc0 515 2554 0.134676 125.18
310	1	354.377	18753.9	18742.1	11.7368	535	54	212	1	0.0001 Colloc0 535 2574 0.0377102 189.784
320	1	365.796	18614	18602.6	11.486	509	65	201	2	0.0001 Colloc0 509 2591 0.074803 173.556
330	1	377.02	18619.5	18607.7	11.8142	526	66	200	3	0.0001 Colloc0 526 2576 0.00728517 194.894
340	1	388.41	18643.6	18632.4	11.157	502	65	201	1	0.0001 Colloc0 502 2605 0.0926481 153.08
350	1	399.367	18583.6	18572.1	11.5184	516	57	209	2	0.0001 Colloc0 516 2565 0.0935663 175.619
360	1	410.869	18570.6	18559.2	11.3796	518	71	195	2	0.0001 Colloc0 518 2566 0.0960299 166.83
370	1	422.181	18494.4	18483.5	10.8831	487	65	201	4	0.0001 Colloc0 487 2549 0.129397 136.811
380	1	433.56	18526.8	18515.6	11.1331	510	67	199	0	0.0001 Colloc0 510 2551 0.111647 151.635
390	1	444.951	18566.2	18555.3	10.8475	509	70	196	2	0.0001 Colloc0 509 2543 0.101669 134.753
400	1	456.013	18601.5	18590.3	11.2403	520	66	200	1	0.0001 Colloc0 520 2555 0.0635944 158.175
410	1	467.218	18424.1	18413.6	10.5099	536	73	193	1	0.0001 Colloc0 536 2505 0.192802 115.91
420	1	478.313	18569.6	18558.1	11.5392	509	63	203	2	0.0001 Colloc0 509 2570 0.0307076 176.952
430	1	489.431	18593.5	18582.1	11.3798	515	69	197	4	0.0001 Colloc0 515 2543 0.0425574 166.843
440	1	500.564	18773.6	18762.3	11.262	525	57	209	4	0.0001 Colloc0 525 2575 0.0807738 159.507
450	1	511.611	18651.1	18639.6	11.4876	517	67	199	2	0.0001 Colloc0 517 2560 0.0670912 173.657
460	1	523.131	18738.3	18726.7	11.6668	556	61	205	4	0.0001 Colloc0 556 2547 0.0946544 185.205
470	1	534.63	18676	18664.4	11.684	547	61	205	3	0.0001 Colloc0 547 2543 0.0643939 186.327
480	1	546.042	18582.7	18572	10.7414	523	63	203	0	0.0001 Colloc0 523 2534 0.118949 128.699
490	1	557.52	18593	18581.6	11.3577	511	67	199	1	0.0001 Colloc0 511 2544 0.106074 165.453
500	1	568.914	18553.1	18542	11.1495	506	61	205	0	0.0001 Colloc0 506 2544 0.0609911 152.627
510	1	580.382	18540.7	18530	10.7037	514	73	193	3	0.0001 Colloc0 514 2552 0.189668 126.575
520	1	591.975	18525.6	18513.7	11.9775	516	73	193	0	0.0001 Colloc0 516 2552 0.00762136 205.82
530	1	603.153	18479.2	18467.6	11.5754	507	77	189	3	0.0001 Colloc0 507 2535 0.0139921 179.28
540	1	614.238	18410.8	18400	10.7636	504	78	188	1	0.0001 Colloc0 504 2510 0.166703 129.955
550	1	625.705	18501.3	18490.6	10.6459	524	75	191	3	0.0001 Colloc0 524 2502 0.190386 123.351
560	1	637.002	18392.3	18381.1	11.1941	513	76	190	4	0.0001 Colloc0 513 2536 0.125794 155.339
570	1	648.377	18508.4	18497.4	10.9917	505	76	190	3	0.0001 Colloc0 505 2535 0.0782757 143.175
580	1	659.79	18506.6	18495.5	11.1699	511	77	189	3	0.0001 Colloc0 511 2521 0.0946361 153.863
590	1	671.339	18520.7	18510.5	10.2435	537	65	201	5	0.0001 Colloc0 537 2537 0.247381 101.963
600	1	682.631	18405.6	18394.7	10.9289	505	79	187	4	0.0001 Colloc0 505 2535 0.13279 139.48
610	1	694.059	18483.2	18472.3	10.9172	535	80	186	4	0.0001 Colloc0 535 2541 0.13656 138.8
620	1	705.64	18539.6	18528	11.6452	520	68	198	7	0.0001 Colloc0 520 2530 0.0819111 183.8
630	1	717.01	18617.5	18606	11.5089	546	69	197	2	0.0001 Colloc0 546 2525 0.0692584 175.014
640	1	728.371	18486	18474.7	11.2981	540	68	198	4	0.0001 Colloc0 540 2540 0.116558 161.74
650	1	739.624	18521.6	18510.1	11.5593	517	67	199	4	0.0001 Colloc0 517 2553 0.0197038 178.247
660	1	750.957	18538.3	18526.9	11.4834	515	75	191	4	0.0001 Colloc0 515 2552 0.0659174 173.387
670	1	762.031	18383.8	18372.3	11.5021	525	79	187	4	0.0001 Colloc0 525 2537 0.118353 174.582
680	1	773.271	18445.8	18434.8	11.0198	516	74	192	3	0.0001 Colloc0 516 2527 0.0880394 144.839
690	1	784.789	18471.8	18460.7	11.1168	513	72	194	2	0.0001 Colloc0 513 2505 0.129265 150.648
700	1	796.21	18366.3	18355.1	11.2123	491	76	190	4	0.0001 Colloc0 491 2530 0.0523055 156.452
710	1	807.65	18352.2	18341.1	11.0898	529	76	190	2	0.0001 Colloc0 529 2505 0.155623 149.024
720	1	818.942	18454.9	18444.2	10.7448	529	70	196	2	0.0001 Colloc0 529 2525 0.190818 128.889
730	1	830.483	18449.3	18438.1	11.2117	520	69	197	0	0.0001 Colloc0 520 2519 0.136384 156.419
740	1	841.978	18438.9	18427.1	11.772	527	70	196	1	0.0001 Colloc0 527 2517 0.0768621 192.1
750	1	853.366	18450.4	18439	11.36	502	68	198	3	0.0001 Colloc0 502 2542 0.0385098 165.602
760	1	864.691	18459.8	18448.6	11.1648	532	70	196	4	0.0001 Colloc0 532 2516 0.146999 153.554
770	1	876.231	18420	18408.9	11.1451	516	62	204	4	0.0001 Colloc0 516 2497 0.106075 152.357
780	1	887.543	18325.8	18315.5	10.3787	514	78	188	0	0.0001 Colloc0 514 2489 0.217065 108.931
790	1	899.14	18545.2	18534.2	11.0563	524	67	199	1	0.0001 Colloc0 524 2523 0.124066 147.014
800	1	910.418	18441.5	18430.8	10.7534	514	73	193	2	0.0001 Colloc0 514 2524 0.169231 129.379
810	1	921.767	18394.8	18384	10.799	521	75	191	3	0.0001 Colloc0 521 2488 0.189394 131.969
820	1	933.441	18339.9	18328.5	11.3815	507	83	183	4	0.0001 Colloc0 507 2507 0.0433097 166.949
830	1	944.7	18423.7	18412.3	11.3527	512	79	187	3	0.0001 Colloc0 512 2522 0.0571256 165.142
840	1	955.963	18404.7	18393.2	11.4219	512	70	196	2	0.0001 Colloc0 512 2514 0.0577037 169.488
850	1	967.008	18445.7	18434.4	11.2564	516	75	191	2	0.0001 Colloc0 516 2516 0.0963224 159.167
860	1	978.39	18519.6	18508.5	11.1151	538	69	197	3	0.0001 Colloc0 538 2534 0.141268 150.548
870	1	989.63	18320.6	18309.4	11.2841	512	80	186	2	0.0001 Colloc0 512 2505 0.0823779 160.877
880	1	1001.13	18345.2	18334.5	10.6411	518	87	179	3	0.0001 Colloc0 518 2502 0.18554 123.081
890	1	1012.69	18260	18249.3	10.6543	508	90	176	1	0.0001 Colloc0 508 2496 0.164551 123.815
900	1	1024.21	18358.9	18347.4	11.4346	517	73	193	0	0.0001 Colloc0 517 2514 0.092392 170.293
910	1	1035.5	18415.5	18404.3	11.2468	507	78	188	3	0.0001 Colloc0 507 2513 0.0938686 158.575
920	1	1046.84	18444.7	18433.3	11.4283	512	78	188	3	0.0001 Colloc0 512 2546 0.035035 169.894
930	1	1058.22	18485.6	18474.4	11.173	531	61	205	2	0.0001 Colloc0 531 2510 0.0962685 154.054
940	1	1069.55	18401.2	18389.8	11.3866	522	71	195	2	0.0001 Colloc0 522 2511 0.0860037 167.267
950	1	1080.86	18376.7	18365.9	10.8054	514	72	194	1	0.0001 Colloc0 514 2502 0.144879 132.335
960	1	1091.97	18324.7	18313.7	11.039	520	71	195	1	0.0001 Colloc0 520 2502 0.167126 145.981
970	1	1103.63	18434.5	18423.9	10.5623	518	76	190	3	0.0001 Colloc0 518 2505 0.213502 118.75
980	1	1115.01	18314.1	18303.1	10.9983	525	77	189	3	0.0001 Colloc0 525 2485 0.0693578 143.564
990	1	1126.41	18335.2	18324.3	10.9089	509	82	184	1	0.0001 Colloc0 509 2513 0.159719 138.315
1000	1	1137.71	18370.2	18359.7	10.4794	522	73	193	5	0.0001 Colloc0 522 2491 0.235575 114.27
1010	1	1149.32	18377.4	18366.1	11.2659	510	78	188	3	0.0001 Colloc0 510 2516 0.0930856 159.752
1020	1	1160.79	18292	18281.2	10.8451	515	91	175	1	0.0001 Colloc0 515 2506 0.170842 134.618
1030	1	1172.41	18443.6	18432.3	11.3177	530	78	188	2	0.0001 Colloc0 530 2508 0.0732007 162.959
1040	1	1183.62	18459.1	18447.4	11.6512	544	63	203	0	0.0001 Colloc0 544 2504 0.111383 184.191
1050	1	1194.8	18403.5	18392.6	10.8915	507	79	187	1	0.0001 Colloc0 507 2516 0.14719 137.3
1060	1	1206.31	18446.2	18435.2	10.9776	531	70	196	2	0.0001 Colloc0 531 2499 0.156854 142.344
1070	1	1217.6	18367.5	18356.6	10.9769	531	75	191	3	0.0001 Colloc0 531 2509 0.20008 142.3
1080	1	1228.94	18429.2	18418.2	10.9898	516	75	191	0	0.0001 Colloc0 516 2503 0.115028 143.064
1090	1	1240.25	18266.3	18254.5	11.7797	511	91	175	4	0.0001 Colloc0 511 2514 0.0557727 192.609
1100	1	1251.47	18194.1	18183.2	10.8898	528	91	175	3	0.0001 Colloc0 528 2461 0.187074 137.2
1110	1	1262.61	18265.4	18254.9	10.5168	514	104	162	3	0.0001 Colloc0 514 2512 0.196432 116.28
1120	1	1274.13	18147.4	18136.3	11.1169	493	101	165	1	0.0001 Colloc0 493 2472 0.100609 150.653
1130	1	1285.4	18482.5	18471.6	10.9795	526	75	191	0	0.0001 Colloc0 526 2516 0.138771 142.453
1140	1	1296.84	18514.2	18503.1	11.1439	518	73	193	1	0.0001 Colloc0 518 2521 0.113381 152.285
1150	1	1308.11	18297.5	18286.2	11.2998	496	87	179	3	0.0001 Colloc0 496 2517 0.0543676 161.849
1160	1	1319.25	18348.6	18337.9	10.7638	525	71	195	7	0.0001 Colloc0 525 2482 0.168773 129.964
1170	1	1330.56	18405.5	18394.1	11.3181	528	77	189	1	0.0001 Colloc0 528 2486 0.101054 162.988
1180	1	1341.85	18357.8	18346.7	11.0466	506	89	177	1	0.0001 Colloc0 506 2466 0.125693 146.435
1190	1	1353.09	18458.3	18446.8	11.5264	499	76	190	2	0.0001 Colloc0 499 2536 0.058197 176.134
1200	1	1364.3	18452.5	18441.9	10.5266	510	73	193	0	0.0001 Colloc0 510 2498 0.178569 116.813
1210	1	1375.39	18330.4	18319	11.3385	511	80	186	3	0.0001 Colloc0 511 2471 0.0526415 164.258
1220	1	1386.64	18350.7	18339.2	11.5363	513	77	189	4	0.0001 Colloc0 513 2475 0.071726 176.769
1230	1	1397.97	18345.3	18333.8	11.4369	536	80	186	4	0.0001 Colloc0 536 2457 0.093466 170.44
1240	1	1409.57	18271.9	18260.9	10.9789	542	85	181	3	0.0001 Colloc0 542 2485 0.19256 142.42
1250	1	1421.09	18337.9	18327.2	10.7088	516	99	167	3	0.0001 Colloc0 516 2517 0.184874 126.86
1260	1	1432.62	18294.6	18283.2	11.3655	519	83	183	2	0.0001 Colloc0 519 2473 0.0714162 165.946
1270	1	1444.07	18393.3	18382.5	10.7685	526	75	191	2	0.0001 Colloc0 526 2519 0.166434 130.231
1280	1	1455.58	18462.3	18451.4	10.8648	533	77	189	1	0.0001 Colloc0 533 2519 0.175495 135.752
1290	1	1467.05	18313.3	18302.1	11.1571	513	82	184	5	0.0001 Colloc0 513 2499 0.0941337 153.086
1300	1	1478.39	18480.6	18469.2	11.3863	526	79	187	0	0.0001 Colloc0 526 2509 0.100574 167.247
1310	1	1489.66	18323.8	18313.5	10.27	528	79	187	0	0.0001 Colloc0 528 2480 0.24436 103.312
1320	1	1500.84	18194.6	18184.1	10.547	506	94	172	2	0.0001 Colloc0 506 2459 0.196336 117.918
1330	1	1512.02	18330.5	18319.7	10.8319	527	85	181	0	0.0001 Colloc0 527 2434 0.216542 133.857
1340	1	1523.25	18377.7	18366.8	10.9702	518	72	194	1	0.0001 Colloc0 518 2482 0.152124 141.903
1350	1	1534.24	18312.7	18301.4	11.36	513	82	184	2	0.0001 Colloc0 513 2482 0.163785 165.601
1360	1	1545.6	18410.6	18399.5	11.1141	518	81	185	0	0.0001 Colloc0 518 2507 0.0847737 150.485
1370	1	1557.08	18256.1	18244.9	11.1758	510	89	177	1	0.0001 Colloc0 510 2489 0.135676 154.225
1380	1	1568.13	18270.8	18259.1	11.7093	507	86	180	1	0.0001 Colloc0 507 2482 0.027388 187.982
1390	1	1579.29	18245.7	18233.6	12.0475	505	83	183	2	0.0001 Colloc0 505 2457 0.011251 210.567
1400	1	1590.32	18344.7	18333.2	11.5388	525	81	185	1	0.0001 Colloc0 525 2481 0.0799689 176.928
1410	1	1601.66	18268.2	18256.6	11.5534	503	82	184	4	0.0001 Colloc0 503 2476 0.0805861 177.868
1420	1	1612.94	18412	18400.7	11.2469	529	81	185	2	0.0001 Colloc0 529 2511 0.133193 158.58
1430	1	1624.19	18334.5	18323.8	10.704	521	81	185	1	0.0001 Colloc0 521 2499 0.144242 126.593
1440	1	1635.38	18476.3	18465.2	11.1794	537	65	201	1	0.0001 Colloc0 537 2528 0.0785024 154.446
1450	1	1646.86	18329.8	18319.3	10.5037	526	80	186	1	0.0001 Colloc0 526 2510 0.157813 115.575
1460	1	1658.33	18226.5	18216.1	10.4105	520	93	173	4	0.0001 Colloc0 520 2482 0.224264 110.606
1470	1	1669.39	18312.5	18301.5	11.0692	498	79	187	1	0.0001 Colloc0 498 2495 0.103497 147.785
1480	1	1680.51	18301.2	18289.7	11.455	532	85	181	1	0.0001 Colloc0 532 2471 0.111216 171.587
1490	1	1692.08	18272.7	18261.4	11.2442	517	79	187	2	0.0001 Colloc0 517 2495 0.098699 158.413
1500	1	1703.52	18318.3	18307.4	10.9017	536	70	196	5	0.0001 Colloc0 536 2470 0.17395 137.892
1510	1	1715.13	18282.8	18272.1	10.733	518	79	187	0	0.0001 Colloc0 518 2494 0.130395 128.226
1520	1	1726.39	18300.3	18289.2	11.1024	523	94	172	1	0.0001 Colloc0 523 2480 0.161785 149.782
1530	1	1737.88	18180.7	18170.2	10.5242	520	96	170	3	0.0001 Colloc0 520 2482 0.22397 116.681
1540	1	1749.34	18271.8	18259.8	12.043	530	77	189	1	0.0001 Colloc0 530 2474 0.0376029 210.263
1550	1	1760.98	18069.4	18058.8	10.6268	502	99	167	4	0.0001 Colloc0 502 2449 0.228891 122.291
1560	1	1772.43	18266.5	18255.5	10.9757	515	82	184	1	0.0001 Colloc0 515 2478 0.115007 142.231
1570	1	1783.8	18346.1	18334	12.1085	524	88	178	0	0.0001 Colloc0 524 2457 0.0237065 214.725
1580	1	1795.19	18255.6	18244.5	11.0204	518	90	176	1	0.0001 Colloc0 518 2470 0.135639 144.876
1590	1	1806.51	18327.2	18315.6	11.6078	509	80	186	2	0.0001 Colloc0 509 2501 0.0331334 181.373
1600	1	1817.97	18239.2	18228.4	10.7597	513	85	181	2	0.0001 Colloc0 513 2472 0.12725 129.736
1610	1	1829.42	18222.8	18212.1	10.6969	528	76	190	3	0.0001 Colloc0 528 2441 0.228283 126.195
1620	1	1840.96	18260.8	18249.5	11.2989	513	78	188	3	0.0001 Colloc0 513 2455 0.0645965 161.789
1630	1	1852.17	18252.3	18241.5	10.7687	511	83	183	5	0.0001 Colloc0 511 2450 0.183853 130.243
1640	1	1863.73	18282.6	18271	11.628	552	80	186	2	0.0001 Colloc0 552 2467 0.105146 182.679
1650	1	1875.27	18266.3	18255.5	10.7385	515	86	180	3	0.0001 Colloc0 515 2492 0.167306 128.534
1660	1	1886.53	18219.7	18208	11.622	515	82	184	4	0.0001 Colloc0 515 2465 0.0564385 182.289
1670	1	1897.7	18333.6	18322.9	10.7042	519	87	179	2	0.0001 Colloc0 519 2490 0.1707 126.601
1680	1	1908.99	18208.7	18198.1	10.5266	503	88	178	1	0.0001 Colloc0 503 2459 0.215255 116.813
1690	1	1920.38	18298.8	18287.5	11.3539	524	66	200	2	0.0001 Colloc0 524 2429 0.109201 165.22
1700	1	1931.84	18411.3	18400.5	10.743	528	82	184	4	0.0001 Colloc0 528 2478 0.145738 128.786
1710	1	1943.05	18265.7	18254.7	11.0133	504	89	177	5	0.0001 Colloc0 504 2462 0.105473 144.455
1720	1	1954.42	18321.6	18311	10.6156	524	84	182	3	0.0001 Colloc0 524 2470 0.185216 121.673
1730	1	1965.84	18236	18225.8	10.2057	518	86	180	2	0.0001 Colloc0 518 2460 0.212968 100.052
1740	1	1977.16	18238.5	18227	11.4938	507	92	174	4	0.0001 Colloc0 507 2479 0.0624662 174.049
1750	1	1988.53	18245.3	18234.9	10.4312	518	89	177	3	0.0001 Colloc0 518 2486 0.210524 111.7
1760	1	2000.01	18316.4	18306.1	10.3369	560	81	185	2	0.0001 Colloc0 560 2429 0.28431 106.753
1770	1	2011.59	18154.8	18144.1	10.7229	512	84	182	0	0.0001 Colloc0 512 2433 0.17819 127.654
1780	1	2022.89	18242.2	18231	11.1265	523	93	173	3	0.0001 Colloc0 523 2471 0.083901 151.231
1790	1	2034.18	18301.9	18290.8	11.0682	511	84	182	1	0.0001 Colloc0 511 2478 0.104429 147.726
1800	1	2045.27	18299.3	18287.9	11.4437	514	80	186	2	0.0001 Colloc0 514 2485 0.0320833 170.867
1810	1	2056.37	18148.4	18137.1	11.2685	519	92	174	2	0.0001 Colloc0 519 2443 0.0700996 159.908
1820	1	2067.75	18383.2	18372.1	11.0945	538	77	189	2	0.0001 Colloc0 538 2495 0.177081 149.307
1830	1	2079.05	18222.8	18211.3	11.5037	515	90	176	3	0.0001 Colloc0 515 2477 0.0595507 174.683
1840	1	2090.35	18133	18121.7	11.2927	532	87	179	3	0.0001 Colloc0 532 2462 0.129896 161.406
1850	1	2101.59	18322.9	18311	11.905	546	94	172	1	0.0001 Colloc0 546 2458 0.0505189 200.947
1860	1	2112.56	18122.9	18112.6	10.2637	525	96	170	2	0.0001 Colloc0 525 2441 0.23718 102.989
1870	1	2123.5	18247.2	18235.5	11.6374	521	85	181	3	0.0001 Colloc0 521 2495 0.0457705 183.293
1880	1	2134.15	18251.6	18240.4	11.2172	511	79	187	2	0.0001 Colloc0 511 2476 0.0634514 156.754
1890	1	2144.99	18253.3	18242.4	10.8626	523	80	186	0	0.0001 Colloc0 523 2436 0.158993 135.628
1900	1	2155.84	18341.1	18329.8	11.249	520	79	187	3	0.0001 Colloc0 520 2449 0.0686532 158.709
1910	1	2166.77	18343.9	18332.8	11.1344	531	86	180	3	0.0001 Colloc0 531 2481 0.194719 151.71
1920	1	2177.28	18312	18300.8	11.2661	522	77	189	3	0.0001 Colloc0 522 2441 0.0972221 159.761
1930	1	2187.81	18170.8	18159.1	11.697	519	88	178	0	0.0001 Colloc0 519 2431 0.0273026 187.173
1940	1	2198.32	18233.2	18222.1	11.1475	530	88	178	2	0.0001 Colloc0 530 2450 0.133078 152.502
1950	1	2208.5	18275.8	18264	11.8375	535	74	192	3	0.0001 Colloc0 535 2450 0.0574198 196.44
1960	1	2218.67	18352	18340.5	11.5022	510	72	194	4	0.0001 Colloc0 510 2473 0.0709677 174.587
1970	1	2228.97	18234.8	18223.6	11.1626	528	91	175	3	0.0001 Colloc0 528 2455 0.14167 153.421
1980	1	2239.37	18284.6	18273.8	10.8484	522	81	185	2	0.0001 Colloc0 522 2461 0.186754 134.809
1990	1	2249.56	18169.1	18158	11.109	506	87	179	4	0.0001 Colloc0 506 2447 0.10852 150.176
2000	1	2259.83	18272.4	18260.9	11.5651	533	84	182	3	0.0001 Colloc0 533 2455 0.0681823 178.62
