# D = 0, E = 1, I = 1, P = 1, R = -1, n = 2000, N = 1, P = 1, w = 1, a = 0.0001, b = 10000, e = 1, f = 1, g = 100, h = 0.01, r = 8784, s = 1, S = 0, x = 10, m = 100, Z = 1, z = 0, T = 1, t = 1
# 6228 tokens in 266 sentences
#
# It	Temp	Time	-logP	-logPcorpus	-logPrior	tables	same	changed	reject	default_pya	(parent pym pyn pya pyb)*
0	1	0.869867	24252.6	24138.8	113.764	1427	0	266	0	0.0001 Colloc0 1427 2026 0.0001 10000
10	1	13.002	19528.9	19515.9	12.9531	672	53	213	3	0.0001 Colloc0 672 2537 0.0512823 274.774
20	1	24.4023	19141.4	19129.2	12.1641	594	62	204	3	0.0001 Colloc0 594 2532 0.0648981 218.543
30	1	36.1485	18972.4	18960.5	11.8747	590	59	207	3	0.0001 Colloc0 590 2558 0.0905444 198.921
40	1	47.1848	19192.6	19180.8	11.8428	565	59	207	4	0.0001 Colloc0 565 2566 0.0651833 196.794
50	1	58.2131	18810.3	18798.4	11.9001	545	64	202	3	0.0001 Colloc0 545 2517 0.00583345 200.615
60	1	69.9284	18803.9	18793.1	10.8337	555	75	191	5	0.0001 Colloc0 555 2523 0.190357 133.959
70	1	80.9027	18606.4	18594.7	11.704	527	66	200	4	0.0001 Colloc0 527 2499 0.0348871 187.631
80	1	92.387	18584.7	18573	11.693	540	84	182	2	0.0001 Colloc0 540 2470 0.0486767 186.914
90	1	103.805	18631.1	18619.1	12.0038	561	72	194	2	0.0001 Colloc0 561 2471 0.0831805 207.599
100	1	114.849	18599.4	18587.7	11.7007	548	77	189	1	0.0001 Colloc0 548 2483 0.0889217 187.415
110	1	126.385	18590	18577.9	12.0812	552	73	193	1	0.0001 Colloc0 552 2467 0.042311 212.862
120	1	137.515	18573.2	18561.7	11.4481	536	73	193	2	0.0001 Colloc0 536 2466 0.103413 171.145
130	1	149.214	18635.9	18624.2	11.6572	563	67	199	0	0.0001 Colloc0 563 2466 0.148618 184.581
140	1	160.773	18602.7	18591.6	11.083	529	72	194	3	0.0001 Colloc0 529 2506 0.103304 148.612
150	1	172.3	18570.4	18559.5	10.9962	540	81	185	3	0.0001 Colloc0 540 2486 0.149373 143.44
160	1	183.632	18511.5	18500.6	10.9255	534	74	192	4	0.0001 Colloc0 534 2461 0.123721 139.285
170	1	194.921	18468.9	18458.3	10.5807	536	75	191	5	0.0001 Colloc0 536 2475 0.242504 119.755
180	1	205.805	18413.7	18402	11.7159	522	82	184	4	0.0001 Colloc0 522 2463 0.0668875 188.412
190	1	216.65	18469.3	18458	11.2984	548	76	190	2	0.0001 Colloc0 548 2428 0.125349 161.758
200	1	228.35	18495.1	18483.3	11.8038	542	82	184	2	0.0001 Colloc0 542 2471 0.038435 194.208
210	1	239.215	18484.2	18472.5	11.6643	515	71	195	2	0.0001 Colloc0 515 2464 0.0434736 185.04
220	1	250.383	18465.9	18454.5	11.3292	534	76	190	3	0.0001 Colloc0 534 2453 0.131645 163.677
230	1	261.708	18450.3	18439.2	11.1448	530	81	185	4	0.0001 Colloc0 530 2455 0.142212 152.343
240	1	273.589	18245.8	18234.9	10.8512	525	88	178	3	0.0001 Colloc0 525 2441 0.161534 134.97
250	1	284.735	18479	18467.4	11.6022	543	78	188	3	0.0001 Colloc0 543 2457 0.0864681 181.007
260	1	295.868	18403.7	18392.1	11.5535	538	77	189	5	0.0001 Colloc0 538 2470 0.0837618 177.869
270	1	307.567	18594.3	18582.8	11.5337	566	70	196	3	0.0001 Colloc0 566 2457 0.117317 176.601
280	1	319.327	18401.4	18390.3	11.0742	567	70	196	4	0.0001 Colloc0 567 2449 0.170234 148.084
290	1	330.68	18405.7	18394.1	11.6374	539	69	197	4	0.0001 Colloc0 539 2444 0.0726091 183.29
300	1	341.363	18343.4	18331.9	11.5521	551	80	186	1	0.0001 Colloc0 551 2418 0.134608 177.784
310	1	352.187	18182.7	18171.3	11.3252	500	89	177	2	0.0001 Colloc0 500 2434 0.0286295 163.424
320	1	363.607	18327.7	18316.9	10.7862	530	78	188	2	0.0001 Colloc0 530 2454 0.177317 131.239
330	1	374.828	18419.1	18408.2	10.8933	518	81	185	1	0.0001 Colloc0 518 2481 0.14508 137.408
340	1	386.534	18281.6	18269.9	11.7394	502	75	191	5	0.0001 Colloc0 502 2427 0.0534611 189.953
350	1	398.033	18219.1	18208.3	10.7979	534	82	184	0	0.0001 Colloc0 534 2433 0.208229 131.91
360	1	409.398	18204.3	18193.3	10.9504	526	88	178	2	0.0001 Colloc0 526 2406 0.134503 140.741
370	1	421.045	18346.1	18335.7	10.4566	520	77	189	2	0.0001 Colloc0 520 2436 0.204388 113.051
380	1	432.622	18493.1	18481.8	11.3166	533	58	208	3	0.0001 Colloc0 533 2442 0.124274 162.889
390	1	444.101	18260.8	18250	10.7762	529	81	185	2	0.0001 Colloc0 529 2399 0.214008 130.674
400	1	455.493	18349.4	18338.5	10.8127	541	76	190	5	0.0001 Colloc0 541 2438 0.200233 132.753
410	1	467.16	18278	18267.1	10.9196	547	76	190	1	0.0001 Colloc0 547 2407 0.196055 138.939
420	1	478.238	18236.8	18225.6	11.1858	532	82	184	4	0.0001 Colloc0 532 2423 0.153963 154.837
430	1	489.855	18289.9	18278.4	11.4849	537	76	190	1	0.0001 Colloc0 537 2449 0.0963905 173.485
440	1	501.358	18401.7	18390.1	11.527	558	76	190	2	0.0001 Colloc0 558 2422 0.114905 176.172
450	1	512.597	18347.8	18336.3	11.4651	529	88	178	4	0.0001 Colloc0 529 2416 0.12548 172.224
460	1	524.05	18327.8	18316.1	11.6676	530	71	195	3	0.0001 Colloc0 530 2406 0.063806 185.256
470	1	535.543	18322.7	18311.2	11.5648	526	85	181	1	0.0001 Colloc0 526 2435 0.0715504 178.597
480	1	546.881	18360.5	18349.9	10.5659	550	85	181	2	0.0001 Colloc0 550 2437 0.247992 118.946
490	1	557.593	18325.9	18314.5	11.4627	521	87	179	4	0.0001 Colloc0 521 2424 0.0724253 172.071
500	1	568.715	18244.1	18233.2	10.9535	540	85	181	1	0.0001 Colloc0 540 2421 0.177384 140.925
510	1	580.137	18250.1	18238.6	11.4941	516	86	180	3	0.0001 Colloc0 516 2431 0.0795762 174.073
520	1	591.772	18123.3	18112.5	10.8421	524	96	170	2	0.0001 Colloc0 524 2394 0.171073 134.441
530	1	603.468	18212	18200.4	11.6213	520	91	175	5	0.0001 Colloc0 520 2436 0.0785038 182.243
540	1	614.939	18240.7	18229.1	11.6204	515	95	171	3	0.0001 Colloc0 515 2437 0.0291954 182.19
550	1	626.338	18246.8	18235	11.8804	518	91	175	0	0.0001 Colloc0 518 2423 0.0746237 199.298
560	1	637.593	18224	18212.8	11.1744	524	89	177	2	0.0001 Colloc0 524 2403 0.132014 154.138
570	1	648.971	18330.8	18320.5	10.356	550	75	191	2	0.0001 Colloc0 550 2417 0.263734 107.745
580	1	659.895	18313.8	18302.3	11.4853	530	75	191	3	0.0001 Colloc0 530 2427 0.116429 173.508
590	1	671.289	18264.5	18253.4	11.0988	546	80	186	1	0.0001 Colloc0 546 2421 0.156645 149.564
600	1	682.99	18295.1	18283.8	11.2696	529	81	185	3	0.0001 Colloc0 529 2401 0.155908 159.981
610	1	694.692	18369.2	18357.4	11.7785	546	75	191	2	0.0001 Colloc0 546 2420 0.0603864 192.531
620	1	706.029	18223	18211.8	11.1187	523	79	187	2	0.0001 Colloc0 523 2400 0.120644 150.764
630	1	717.037	18270.9	18259.5	11.3964	521	83	183	2	0.0001 Colloc0 521 2444 0.0729243 167.886
640	1	728.816	18213.3	18202	11.3037	525	83	183	0	0.0001 Colloc0 525 2413 0.131873 162.087
650	1	740.432	18252.6	18241.6	11.0394	523	78	188	0	0.0001 Colloc0 523 2406 0.134729 146.006
660	1	751.907	18195.1	18183.5	11.6138	546	86	180	0	0.0001 Colloc0 546 2409 0.163319 181.763
670	1	763.729	18128.1	18117.5	10.5889	523	91	175	2	0.0001 Colloc0 523 2376 0.219701 120.204
680	1	774.862	18140	18129.5	10.5047	506	94	172	1	0.0001 Colloc0 506 2393 0.184303 115.629
690	1	785.966	18192.5	18181.8	10.7209	518	78	188	3	0.0001 Colloc0 518 2414 0.195415 127.54
700	1	797.082	18158.7	18147.5	11.2072	502	83	183	1	0.0001 Colloc0 502 2400 0.0896996 156.141
710	1	808.54	18164.5	18153.9	10.6012	545	85	181	2	0.0001 Colloc0 545 2380 0.227344 120.879
720	1	820.164	18102.4	18091.4	11.0026	516	89	177	2	0.0001 Colloc0 516 2393 0.123568 143.817
730	1	831.436	18174.4	18163.2	11.1872	521	81	185	1	0.0001 Colloc0 521 2423 0.136723 154.922
740	1	843.025	18211.7	18200.4	11.2733	517	86	180	5	0.0001 Colloc0 517 2398 0.104334 160.206
750	1	854.636	18219.7	18208.2	11.4562	526	89	177	0	0.0001 Colloc0 526 2426 0.107221 171.657
760	1	866.364	18194.6	18183.9	10.7674	533	91	175	2	0.0001 Colloc0 533 2382 0.223411 130.174
770	1	877.912	18157	18146.8	10.2222	528	86	180	0	0.0001 Colloc0 528 2408 0.239089 100.882
780	1	889.071	18059.2	18048.1	11.0922	527	101	165	2	0.0001 Colloc0 527 2375 0.169114 149.167
790	1	899.947	18101.4	18090.2	11.2596	528	84	182	3	0.0001 Colloc0 528 2418 0.153916 159.358
800	1	910.757	18330.9	18319.6	11.2853	551	83	183	2	0.0001 Colloc0 551 2415 0.103167 160.948
810	1	921.408	18201.9	18190.2	11.721	520	76	190	0	0.0001 Colloc0 520 2438 0.0612478 188.747
820	1	932.7	18239.3	18227.3	11.9649	526	82	184	1	0.0001 Colloc0 526 2427 0.0102661 204.974
830	1	943.794	18173.5	18161.4	12.0721	518	86	180	1	0.0001 Colloc0 518 2412 0.00507392 212.244
840	1	955.38	18172	18160.7	11.3346	530	91	175	2	0.0001 Colloc0 530 2386 0.175331 164.012
850	1	967.015	18132.6	18120.6	11.9361	522	92	174	1	0.0001 Colloc0 522 2367 0.0282818 203.033
860	1	978.163	18244.4	18232.5	11.9643	535	86	180	2	0.0001 Colloc0 535 2393 0.0636036 204.934
870	1	988.881	18203.1	18192	11.1778	538	84	182	1	0.0001 Colloc0 538 2417 0.132387 154.347
880	1	999.696	18108.6	18097.8	10.7907	523	99	167	1	0.0001 Colloc0 523 2397 0.19021 131.499
890	1	1010.72	18070.9	18060.1	10.7287	543	94	172	5	0.0001 Colloc0 543 2396 0.246963 127.98
900	1	1022.38	18079.3	18067.9	11.3792	514	91	175	0	0.0001 Colloc0 514 2403 0.109354 166.801
910	1	1034.11	18003.5	17992.9	10.6823	500	107	159	2	0.0001 Colloc0 500 2405 0.177321 125.378
920	1	1045.21	18147.3	18136.5	10.7912	529	78	188	0	0.0001 Colloc0 529 2411 0.197212 131.526
930	1	1056.5	18229.6	18218	11.6389	520	92	174	2	0.0001 Colloc0 520 2412 0.0618919 183.39
940	1	1067.86	18299.6	18288.7	10.8182	539	85	181	1	0.0001 Colloc0 539 2411 0.201114 133.071
950	1	1079.25	18173.6	18161.9	11.6606	526	90	176	1	0.0001 Colloc0 526 2416 0.0520402 184.802
960	1	1090.69	18002.3	17991.7	10.6394	501	103	163	4	0.0001 Colloc0 501 2402 0.119337 122.99
970	1	1102.36	18244	18233.1	10.8099	521	78	188	2	0.0001 Colloc0 521 2431 0.146238 132.592
980	1	1113.71	18078.5	18067.4	11.096	517	87	179	3	0.0001 Colloc0 517 2393 0.151004 149.392
990	1	1125.13	18004.5	17993.4	11.0838	504	102	164	4	0.0001 Colloc0 504 2399 0.128086 148.662
1000	1	1136.63	18108.3	18097.9	10.3795	525	94	172	1	0.0001 Colloc0 525 2422 0.240565 108.974
1010	1	1148.32	18264.4	18253.3	11.0283	541	79	187	0	0.0001 Colloc0 541 2422 0.13367 145.344
1020	1	1159.95	18155.8	18144.5	11.2945	521	87	179	1	0.0001 Colloc0 521 2416 0.0816222 161.519
1030	1	1171.18	18153.4	18142.4	11.055	539	101	165	6	0.0001 Colloc0 539 2432 0.162986 146.938
1040	1	1181.99	18158.9	18147.5	11.3432	526	88	178	3	0.0001 Colloc0 526 2430 0.130414 164.55
1050	1	1193.23	18328.4	18317	11.381	550	71	195	3	0.0001 Colloc0 550 2453 0.116821 166.916
1060	1	1204.24	18115.5	18104.1	11.3889	514	92	174	3	0.0001 Colloc0 514 2420 0.0920638 167.414
1070	1	1215.02	18149.8	18139.4	10.3759	536	87	179	2	0.0001 Colloc0 536 2425 0.257504 108.787
1080	1	1226.38	18231.8	18221.1	10.6512	523	92	174	3	0.0001 Colloc0 523 2459 0.141279 123.642
1090	1	1237.89	18316.9	18305	11.9421	526	80	186	1	0.0001 Colloc0 526 2448 0.0263064 203.436
1100	1	1249.27	18237.5	18226.2	11.3378	523	88	178	0	0.0001 Colloc0 523 2436 0.0756097 164.21
1110	1	1260.84	18336.8	18325.5	11.2638	533	74	192	1	0.0001 Colloc0 533 2460 0.147163 159.619
1120	1	1271.84	18143.6	18133.4	10.2556	529	84	182	2	0.0001 Colloc0 529 2410 0.262698 102.575
1130	1	1283.22	18121.9	18111.1	10.8533	534	82	184	0	0.0001 Colloc0 534 2378 0.18334 135.091
1140	1	1294.79	18055.5	18044.8	10.6909	521	93	173	1	0.0001 Colloc0 521 2405 0.22336 125.858
1150	1	1306.63	18236.2	18224.9	11.2673	520	85	181	2	0.0001 Colloc0 520 2393 0.110785 159.833
1160	1	1318.22	18221.1	18209.8	11.3795	527	83	183	5	0.0001 Colloc0 527 2400 0.0807412 166.824
1170	1	1329.52	18260.4	18249.7	10.7619	533	82	184	4	0.0001 Colloc0 533 2401 0.18091 129.857
1180	1	1340.41	18225.7	18214	11.7467	535	83	183	2	0.0001 Colloc0 535 2420 0.0633717 190.433
1190	1	1351.1	18082.8	18071.8	10.9367	529	92	174	2	0.0001 Colloc0 529 2398 0.18222 139.937
1200	1	1362.56	18183.7	18172.7	11.0424	548	90	176	4	0.0001 Colloc0 548 2442 0.183994 146.187
1210	1	1373.78	18252.4	18241.3	11.0967	531	79	187	3	0.0001 Colloc0 531 2405 0.104376 149.437
1220	1	1385.27	18228.7	18217.8	10.9085	532	74	192	0	0.0001 Colloc0 532 2414 0.171488 138.289
1230	1	1396.84	18100.5	18089.5	11.0517	510	96	170	6	0.0001 Colloc0 510 2412 0.122949 146.742
1240	1	1408.55	18257.6	18246.1	11.4543	520	82	184	1	0.0001 Colloc0 520 2439 0.0758366 171.543
1250	1	1420.03	18324.2	18313	11.1875	538	76	190	1	0.0001 Colloc0 538 2432 0.130776 154.935
1260	1	1431.78	18283.8	18273.5	10.2665	544	76	190	2	0.0001 Colloc0 544 2426 0.244327 103.134
1270	1	1443.48	18257.9	18247.3	10.552	536	80	186	0	0.0001 Colloc0 536 2417 0.21632 118.191
1280	1	1455.03	18262.3	18251.2	11.1626	532	84	182	3	0.0001 Colloc0 532 2427 0.149149 153.418
1290	1	1466.68	18170.1	18158.8	11.2657	520	74	192	1	0.0001 Colloc0 520 2410 0.117624 159.736
1300	1	1478.09	18303	18291.9	11.1394	539	75	191	1	0.0001 Colloc0 539 2461 0.145718 152.016
1310	1	1489.38	18286.3	18275.4	10.9417	538	70	196	2	0.0001 Colloc0 538 2444 0.178234 140.232
1320	1	1500.11	18103.4	18092.2	11.2039	525	76	190	3	0.0001 Colloc0 525 2392 0.148247 155.939
1330	1	1511.24	18226.8	18215.8	10.988	539	67	199	2	0.0001 Colloc0 539 2393 0.14889 142.956
1340	1	1522.85	18310.3	18298.7	11.6625	517	63	203	6	0.0001 Colloc0 517 2431 0.0891292 184.925
1350	1	1534.17	18289	18277.8	11.1679	521	73	193	3	0.0001 Colloc0 521 2446 0.124092 153.742
1360	1	1545.32	18267.7	18256.6	11.1216	534	78	188	3	0.0001 Colloc0 534 2424 0.115356 150.936
1370	1	1556.89	18427.7	18416.1	11.5498	548	66	200	1	0.0001 Colloc0 548 2437 0.0926671 177.633
1380	1	1568.32	18106.3	18094.9	11.4366	532	85	181	3	0.0001 Colloc0 532 2380 0.118442 170.42
1390	1	1579.83	18137	18126.2	10.7858	515	85	181	5	0.0001 Colloc0 515 2417 0.176515 131.22
1400	1	1591.26	18110.5	18098.7	11.8033	518	96	170	2	0.0001 Colloc0 518 2414 0.0457896 194.172
1410	1	1602.8	18257	18245.8	11.155	540	75	191	3	0.0001 Colloc0 540 2451 0.191614 152.962
1420	1	1613.8	18077.9	18067.4	10.4486	524	81	185	1	0.0001 Colloc0 524 2383 0.201602 112.623
1430	1	1624.8	18130.9	18119.6	11.344	495	93	173	3	0.0001 Colloc0 495 2453 0.0372898 164.596
1440	1	1635.6	18186.8	18175.6	11.2025	506	79	187	3	0.0001 Colloc0 506 2445 0.125431 155.853
1450	1	1646.46	18176.8	18165.7	11.0958	550	82	184	1	0.0001 Colloc0 550 2402 0.146574 149.383
1460	1	1657.72	18202.8	18191.5	11.2981	519	88	178	2	0.0001 Colloc0 519 2425 0.0956415 161.745
1470	1	1669.52	18170.5	18159.6	10.9217	531	86	180	4	0.0001 Colloc0 531 2401 0.132767 139.059
1480	1	1681.21	18143.1	18131.7	11.3589	513	93	173	2	0.0001 Colloc0 513 2418 0.0894095 165.531
1490	1	1692.51	18100.2	18089.8	10.4443	539	89	177	3	0.0001 Colloc0 539 2413 0.251894 112.393
1500	1	1703.44	18272.3	18260.8	11.4885	529	86	180	2	0.0001 Colloc0 529 2447 0.096095 173.713
1510	1	1714.67	18084	18072.4	11.6093	525	89	177	1	0.0001 Colloc0 525 2393 0.0863022 181.466
1520	1	1725.99	18196.3	18184.7	11.6572	518	85	181	3	0.0001 Colloc0 518 2418 0.0515139 184.575
1530	1	1737.45	18209.1	18197.8	11.3204	532	84	182	1	0.0001 Colloc0 532 2420 0.0913316 163.13
1540	1	1748.99	18214	18203.1	10.9088	536	79	187	3	0.0001 Colloc0 536 2425 0.151584 138.306
1550	1	1760.53	18224.9	18213.4	11.475	539	83	183	3	0.0001 Colloc0 539 2391 0.0998267 172.854
1560	1	1772.1	18147.8	18137.4	10.3534	533	90	176	3	0.0001 Colloc0 533 2418 0.239928 107.61
1570	1	1783.71	18097.1	18085.7	11.374	505	91	175	2	0.0001 Colloc0 505 2407 0.0806123 166.479
1580	1	1795.22	18327.8	18317.3	10.5102	539	80	186	2	0.0001 Colloc0 539 2445 0.172412 115.923
1590	1	1806.13	18219.5	18208.7	10.8732	539	77	189	0	0.0001 Colloc0 539 2397 0.155294 136.24
1600	1	1816.94	18241.7	18230.9	10.8761	544	85	181	1	0.0001 Colloc0 544 2426 0.180926 136.406
1610	1	1828.38	18229.2	18218.1	11.0986	542	84	182	2	0.0001 Colloc0 542 2429 0.162363 149.55
1620	1	1839.9	18123.3	18112	11.3702	506	86	180	2	0.0001 Colloc0 506 2437 0.101552 166.238
1630	1	1851.54	18167.2	18156.3	10.8817	532	88	178	2	0.0001 Colloc0 532 2422 0.140168 136.735
1640	1	1863.05	18252.3	18241.3	11.0698	531	82	184	3	0.0001 Colloc0 531 2432 0.190726 147.824
1650	1	1874.45	18271.7	18260.7	11.0282	524	80	186	7	0.0001 Colloc0 524 2417 0.178917 145.34
1660	1	1886.02	18143.4	18132.2	11.169	531	80	186	2	0.0001 Colloc0 531 2426 0.142739 153.81
1670	1	1897.66	18247.6	18236	11.5839	545	74	192	5	0.0001 Colloc0 545 2422 0.11015 179.828
1680	1	1909.21	18062.6	18051.2	11.3975	502	93	173	3	0.0001 Colloc0 502 2424 0.0902055 167.953
1690	1	1919.91	18081.8	18070.8	11.0155	499	104	162	2	0.0001 Colloc0 499 2433 0.159748 144.586
1700	1	1931.17	18033.7	18022	11.7904	496	102	164	4	0.0001 Colloc0 496 2410 0.00796314 193.318
1710	1	1942.49	18071.2	18060.5	10.6736	506	86	180	0	0.0001 Colloc0 506 2401 0.204273 124.891
1720	1	1953.88	18159.2	18148.3	10.8848	512	81	185	3	0.0001 Colloc0 512 2416 0.146081 136.912
1730	1	1965.37	18219.9	18208.8	11.0742	512	78	188	2	0.0001 Colloc0 512 2425 0.093133 148.084
1740	1	1977	18189.2	18178.1	11.1016	524	79	187	3	0.0001 Colloc0 524 2428 0.170754 149.73
1750	1	1988.51	18227.3	18216.5	10.8555	528	84	182	2	0.0001 Colloc0 528 2413 0.136902 135.216
1760	1	1999.81	18126.3	18114.5	11.827	499	86	180	3	0.0001 Colloc0 499 2445 0.00546671 195.742
1770	1	2011.11	18315.3	18304.7	10.6434	537	84	182	1	0.0001 Colloc0 537 2453 0.229517 123.212
1780	1	2022.45	18201.9	18190.9	10.9718	529	78	188	5	0.0001 Colloc0 529 2423 0.152591 142.001
1790	1	2033.78	18375.9	18364.6	11.2521	532	83	183	2	0.0001 Colloc0 532 2464 0.100045 158.897
1800	1	2044.62	18202.2	18192	10.1992	514	80	186	4	0.0001 Colloc0 514 2431 0.193495 99.7266
1810	1	2055.92	18200.8	18189.1	11.646	512	81	185	6	0.0001 Colloc0 512 2442 0.0623738 183.848
1820	1	2067.27	18232	18220.2	11.8351	540	82	184	2	0.0001 Colloc0 540 2433 0.0199558 196.284
1830	1	2078.53	18236.4	18226.1	10.3262	540	78	188	2	0.0001 Colloc0 540 2466 0.213602 106.198
1840	1	2089.76	18182.3	18171.7	10.6713	528	77	189	0	0.0001 Colloc0 528 2450 0.185355 124.763
1850	1	2100.47	18197.3	18186.7	10.5938	533	75	191	3	0.0001 Colloc0 533 2426 0.199265 120.476
1860	1	2111.54	18138.8	18127.5	11.3628	519	94	172	3	0.0001 Colloc0 519 2433 0.151624 165.776
1870	1	2123.02	18255.6	18244.7	10.9069	517	84	182	1	0.0001 Colloc0 517 2430 0.20487 138.2
1880	1	2134.41	18214.6	18202.6	11.952	544	94	172	0	0.0001 Colloc0 544 2426 0.0875114 204.101
1890	1	2145.65	18173.9	18162.8	11.0932	530	81	185	3	0.0001 Colloc0 530 2398 0.174375 149.228
1900	1	2156.34	18140.5	18129.9	10.5822	526	87	179	0	0.0001 Colloc0 526 2415 0.256085 119.84
1910	1	2167.48	18288.8	18278.2	10.6769	550	82	184	2	0.0001 Colloc0 550 2404 0.181711 125.073
1920	1	2178.7	18221.8	18211.3	10.4609	516	67	199	1	0.0001 Colloc0 516 2413 0.17842 113.28
1930	1	2189.54	18156.3	18145.2	11.0405	505	87	179	0	0.0001 Colloc0 505 2408 0.170698 146.074
1940	1	2200.47	18252	18241.8	10.2215	537	86	180	3	0.0001 Colloc0 537 2421 0.294533 100.851
1950	1	2211.26	18233.5	18222.4	11.0893	518	80	186	1	0.0001 Colloc0 518 2417 0.108682 148.989
1960	1	2221.71	18212.8	18201.9	10.9085	533	85	181	1	0.0001 Colloc0 533 2411 0.160957 138.293
1970	1	2232.21	18129.3	18118.1	11.2577	517	79	187	2	0.0001 Colloc0 517 2408 0.132845 159.241
1980	1	2242.47	18186	18175	10.9824	538	88	178	3	0.0001 Colloc0 538 2439 0.203901 142.628
1990	1	2252.92	18139.2	18128.1	11.1173	535	88	178	0	0.0001 Colloc0 535 2423 0.175153 150.678
2000	1	2263.26	18077.4	18066.4	11.0271	515	89	177	2	0.0001 Colloc0 515 2385 0.14698 145.275
