# D = 0, E = 1, I = 1, P = 1, R = -1, n = 2000, N = 1, P = 1, w = 1, a = 0.0001, b = 10000, e = 1, f = 1, g = 100, h = 0.01, r = 22191, s = 1, S = 0, x = 10, m = 100, Z = 1, z = 0, T = 1, t = 1
# 6228 tokens in 266 sentences
#
# It	Temp	Time	-logP	-logPcorpus	-logPrior	tables	same	changed	reject	default_pya	(parent pym pyn pya pyb)*
0	1	0.891864	25000.1	24886.3	113.764	1816	0	266	0	0.0001 Colloc0 1816 2479 0.0001 10000
10	1	13.366	20026	20014	11.9089	667	41	225	8	0.0001 Colloc0 667 2655 0.150679 201.211
20	1	24.8362	19742.5	19730.5	12.012	585	48	218	0	0.0001 Colloc0 585 2705 0.0516897 208.158
30	1	36.3175	19442.4	19430.9	11.512	517	54	212	5	0.0001 Colloc0 517 2698 0.000711349 175.213
40	1	47.6768	19230.8	19219.4	11.3791	540	55	211	4	0.0001 Colloc0 540 2689 0.0619504 166.799
50	1	59.107	19274.2	19262.8	11.4176	527	55	211	1	0.0001 Colloc0 527 2711 0.0690751 169.22
60	1	70.4183	19138.9	19127.8	11.1358	506	58	208	5	0.0001 Colloc0 506 2706 0.0543526 151.797
70	1	81.7846	19114.2	19102.8	11.4056	530	53	213	1	0.0001 Colloc0 530 2693 0.0908764 168.464
80	1	93.1818	19182.1	19170.4	11.7059	529	59	207	3	0.0001 Colloc0 529 2705 0.000206715 187.755
90	1	104.648	19145.7	19134.6	11.0291	516	51	215	1	0.0001 Colloc0 516 2715 0.100838 145.394
100	1	115.767	19092.5	19080.9	11.5964	520	58	208	4	0.0001 Colloc0 520 2676 0.00165963 180.638
110	1	127.305	18996.7	18985.1	11.5793	509	59	207	1	0.0001 Colloc0 509 2679 0.0199864 179.534
120	1	138.915	19026.9	19015.8	11.1077	501	60	206	3	0.0001 Colloc0 501 2690 0.0857394 150.1
130	1	150.43	18858.9	18847.4	11.4839	502	62	204	6	0.0001 Colloc0 502 2673 0.032472 173.419
140	1	161.779	18764.1	18752.9	11.2399	471	67	199	2	0.0001 Colloc0 471 2680 0.00424424 158.15
150	1	173.118	18947.1	18936.5	10.5773	508	58	208	5	0.0001 Colloc0 508 2684 0.160599 119.572
160	1	184.425	19005.4	18994.1	11.3215	500	63	203	5	0.0001 Colloc0 500 2683 0.0817124 163.198
170	1	195.429	18800.1	18788.9	11.1945	493	67	199	7	0.0001 Colloc0 493 2657 0.0247188 155.364
180	1	206.523	18970.3	18958.9	11.3793	513	62	204	3	0.0001 Colloc0 513 2659 0.0585971 166.806
190	1	217.893	18985.2	18973.7	11.4411	534	61	205	3	0.0001 Colloc0 534 2635 0.0633153 170.703
200	1	229.327	18925.3	18913.7	11.6074	527	58	208	1	0.0001 Colloc0 527 2613 0.0124419 181.346
210	1	240.541	18875.5	18864.2	11.3338	505	68	198	4	0.0001 Colloc0 505 2647 0.0433973 163.963
220	1	251.55	18921.3	18909.8	11.5118	541	60	206	2	0.0001 Colloc0 541 2624 0.0603174 175.199
230	1	263.055	18905.5	18894.1	11.4119	504	63	203	3	0.0001 Colloc0 504 2642 0.0208733 168.857
240	1	274.568	18769	18757.7	11.2337	527	68	198	2	0.0001 Colloc0 527 2580 0.130857 157.768
250	1	285.959	18760.8	18749.5	11.2939	514	68	198	5	0.0001 Colloc0 514 2611 0.030387 161.483
260	1	297.179	18762.5	18751.3	11.1776	517	70	196	1	0.0001 Colloc0 517 2586 0.096542 154.336
270	1	308.609	18855.9	18844.6	11.2597	509	64	202	4	0.0001 Colloc0 509 2632 0.05155 159.364
280	1	319.706	18702.4	18690.8	11.5478	502	68	198	3	0.0001 Colloc0 502 2594 0.0371648 177.507
290	1	330.845	18622.7	18611.1	11.6302	520	62	204	2	0.0001 Colloc0 520 2570 0.0380385 182.824
300	1	342.307	18703.8	18692	11.789	529	66	200	3	0.0001 Colloc0 529 2590 0.0398085 193.228
310	1	353.776	18825.1	18813.6	11.551	518	71	195	5	0.0001 Colloc0 518 2603 0.0192299 177.709
320	1	365.256	18959.7	18947.9	11.8046	528	72	194	3	0.0001 Colloc0 528 2643 0.0271304 194.259
330	1	376.524	18753.9	18742.4	11.4844	508	69	197	1	0.0001 Colloc0 508 2608 0.0657656 173.452
340	1	387.764	18875.5	18863.8	11.6968	517	65	201	2	0.0001 Colloc0 517 2621 0.00504246 187.161
350	1	398.848	18746	18735	11.0801	515	59	207	2	0.0001 Colloc0 515 2612 0.112366 148.439
360	1	410.151	18813.4	18802	11.3431	506	57	209	6	0.0001 Colloc0 506 2633 0.0503904 164.542
370	1	421.299	18765.1	18753.5	11.5924	505	67	199	3	0.0001 Colloc0 505 2623 0.00533213 180.378
380	1	432.594	18762.5	18751.6	10.9024	520	65	201	1	0.0001 Colloc0 520 2592 0.119527 137.936
390	1	444.022	18808.5	18797.2	11.2466	529	62	204	3	0.0001 Colloc0 529 2589 0.093929 158.557
400	1	455.315	18825	18813.9	11.0624	509	66	200	3	0.0001 Colloc0 509 2608 0.0733525 147.38
410	1	466.618	18626.9	18615.8	11.0912	495	71	195	3	0.0001 Colloc0 495 2602 0.0927954 149.106
420	1	477.656	18819.3	18807.7	11.6325	528	66	200	3	0.0001 Colloc0 528 2639 0.075976 182.971
430	1	488.699	18653	18641.8	11.1433	507	73	193	3	0.0001 Colloc0 507 2607 0.0932673 152.251
440	1	499.696	18811.4	18800.3	11.1638	513	66	200	0	0.0001 Colloc0 513 2611 0.0673649 153.496
450	1	511.039	18737	18725.8	11.2445	506	69	197	1	0.0001 Colloc0 506 2610 0.0894616 158.43
460	1	522.189	18693	18681.5	11.4849	521	74	192	2	0.0001 Colloc0 521 2602 0.0720212 173.483
470	1	533.244	18681	18670.6	10.4553	513	74	192	1	0.0001 Colloc0 513 2586 0.174682 112.979
480	1	544.406	18676.3	18664.6	11.7554	536	69	197	2	0.0001 Colloc0 536 2593 0.055401 191.009
490	1	555.858	18583.9	18572.2	11.6722	524	76	190	2	0.0001 Colloc0 524 2558 0.052961 185.553
500	1	567.069	18734.8	18723.5	11.2787	510	66	200	0	0.0001 Colloc0 510 2612 0.0290843 160.538
510	1	578.011	18611	18600.4	10.6072	506	66	200	2	0.0001 Colloc0 506 2603 0.165423 121.209
520	1	589.204	18575.5	18564.2	11.2868	514	75	191	2	0.0001 Colloc0 514 2569 0.0748202 161.041
530	1	600.529	18738.4	18727.1	11.3537	532	75	191	1	0.0001 Colloc0 532 2593 0.109337 165.208
540	1	611.747	18740.2	18728.8	11.3861	513	58	208	4	0.0001 Colloc0 513 2591 0.0316634 167.235
550	1	623.101	18613.9	18602.1	11.7847	509	67	199	1	0.0001 Colloc0 509 2556 0.0246996 192.938
560	1	634.004	18713.1	18701.6	11.4913	524	59	207	2	0.0001 Colloc0 524 2579 0.046906 173.893
570	1	645.237	18743	18731.5	11.5619	536	66	200	2	0.0001 Colloc0 536 2567 0.059753 178.414
580	1	656.45	18643.6	18632.3	11.3127	506	69	197	3	0.0001 Colloc0 506 2602 0.0425853 162.649
590	1	667.671	18525.9	18514.6	11.3578	488	77	189	1	0.0001 Colloc0 488 2616 0.00345137 165.462
600	1	678.506	18614.2	18602.5	11.6479	527	68	198	2	0.0001 Colloc0 527 2579 0.0460962 183.975
610	1	690.125	18654.6	18643.4	11.1779	497	68	198	0	0.0001 Colloc0 497 2615 0.0368469 154.352
620	1	701.519	18721.3	18709.8	11.4938	529	68	198	1	0.0001 Colloc0 529 2593 0.0759533 174.048
630	1	712.775	18686	18674.5	11.4679	503	59	207	1	0.0001 Colloc0 503 2596 0.0362796 172.4
640	1	724.071	18584	18572.3	11.7365	517	65	201	2	0.0001 Colloc0 517 2587 0.0169977 189.767
650	1	735.009	18874	18862.7	11.2801	531	52	214	1	0.0001 Colloc0 531 2614 0.0873501 160.63
660	1	746.526	18703.9	18692.6	11.3034	514	56	210	1	0.0001 Colloc0 514 2606 0.0811458 162.074
670	1	758.067	18581.4	18570.6	10.8707	499	67	199	3	0.0001 Colloc0 499 2584 0.0851834 136.093
680	1	769.597	18775.3	18763.4	11.8536	533	61	205	2	0.0001 Colloc0 533 2613 0.0290908 197.513
690	1	781.048	18769.6	18757.5	12.0121	525	60	206	2	0.0001 Colloc0 525 2603 0.00809546 208.165
700	1	792.358	18709.1	18697.5	11.6307	529	61	205	5	0.0001 Colloc0 529 2583 0.0553066 182.858
710	1	803.629	18740.2	18728.8	11.3963	518	62	204	1	0.0001 Colloc0 518 2578 0.016552 167.877
720	1	814.871	18551.6	18540.1	11.5131	548	80	186	5	0.0001 Colloc0 548 2567 0.0633169 175.283
730	1	826.354	18499.6	18487.9	11.6805	528	73	193	2	0.0001 Colloc0 528 2556 0.0474559 186.096
740	1	837.627	18563.2	18552	11.2349	520	67	199	3	0.0001 Colloc0 520 2581 0.109061 157.841
750	1	848.597	18623	18612.1	10.9199	519	59	207	3	0.0001 Colloc0 519 2559 0.118257 138.957
760	1	859.601	18659.1	18647.6	11.4952	519	65	201	3	0.0001 Colloc0 519 2558 0.0432077 174.14
770	1	871.029	18474.8	18463.5	11.2202	502	70	196	1	0.0001 Colloc0 502 2546 0.031297 156.939
780	1	882.168	18458	18446.5	11.5604	490	77	189	3	0.0001 Colloc0 490 2539 0.00455696 178.315
790	1	893.711	18433.4	18421.9	11.4189	517	77	189	6	0.0001 Colloc0 517 2515 0.0670628 169.301
800	1	905.127	18454.8	18443.1	11.771	531	73	193	6	0.0001 Colloc0 531 2534 0.0269826 192.037
810	1	916.366	18398.7	18388	10.7215	524	70	196	3	0.0001 Colloc0 524 2505 0.166096 127.573
820	1	927.85	18509.3	18497.4	11.8623	525	72	194	1	0.0001 Colloc0 525 2530 0.0183327 198.094
830	1	939.238	18537.8	18526.3	11.4985	522	71	195	1	0.0001 Colloc0 522 2541 0.0593287 174.352
840	1	950.81	18618.9	18607.7	11.215	535	58	208	4	0.0001 Colloc0 535 2530 0.111993 156.619
850	1	962.178	18436.1	18424.9	11.2384	515	77	189	2	0.0001 Colloc0 515 2522 0.0879781 158.056
860	1	973.62	18507.6	18496.6	10.9457	506	72	194	2	0.0001 Colloc0 506 2552 0.102962 140.467
870	1	984.743	18444.2	18432.7	11.5265	508	79	187	2	0.0001 Colloc0 508 2550 0.0649126 176.139
880	1	996.04	18598.2	18586.5	11.689	523	69	197	4	0.0001 Colloc0 523 2540 0.0592338 186.652
890	1	1007.08	18484.3	18473.1	11.2101	521	69	197	2	0.0001 Colloc0 521 2512 0.156258 156.319
900	1	1018.54	18431.1	18420	11.0583	534	75	191	1	0.0001 Colloc0 534 2531 0.149925 147.134
910	1	1029.93	18561.3	18549.5	11.7912	539	73	193	1	0.0001 Colloc0 539 2532 0.0560761 193.37
920	1	1041.46	18441.3	18429.5	11.7391	525	75	191	1	0.0001 Colloc0 525 2549 0.0351684 189.934
930	1	1052.82	18322	18310.8	11.2933	501	76	190	2	0.0001 Colloc0 501 2543 0.110066 161.445
940	1	1064.33	18477.2	18466.4	10.8451	523	67	199	6	0.0001 Colloc0 523 2562 0.141222 134.619
950	1	1075.67	18505	18493.3	11.6347	519	68	198	1	0.0001 Colloc0 519 2546 2.13604e-05 183.115
960	1	1087.16	18404	18392.8	11.1888	503	78	188	0	0.0001 Colloc0 503 2534 0.0990469 155.017
970	1	1098.51	18388.3	18377.2	11.1295	515	81	185	3	0.0001 Colloc0 515 2530 0.0797276 151.414
980	1	1109.67	18507.7	18496.6	11.1632	531	66	200	2	0.0001 Colloc0 531 2527 0.0964515 153.458
990	1	1120.67	18357.3	18346.1	11.2267	507	78	188	3	0.0001 Colloc0 507 2525 0.0391049 157.338
1000	1	1131.93	18515.8	18504.8	11.0092	535	71	195	3	0.0001 Colloc0 535 2553 0.163238 144.211
1010	1	1143.34	18345.9	18334.4	11.5726	518	80	186	3	0.0001 Colloc0 518 2510 0.0296546 179.097
1020	1	1154.59	18250.7	18240.1	10.6618	490	91	175	3	0.0001 Colloc0 490 2480 0.156441 124.234
1030	1	1166.03	18353.7	18342.1	11.6152	510	73	193	0	0.0001 Colloc0 510 2509 0.0600589 181.851
1040	1	1177.42	18380.5	18369.7	10.8018	531	77	189	2	0.0001 Colloc0 531 2492 0.171764 132.129
1050	1	1188.75	18463.6	18451.9	11.7339	519	68	198	2	0.0001 Colloc0 519 2507 0.056122 189.597
1060	1	1200.16	18402.7	18391.1	11.5655	522	82	184	1	0.0001 Colloc0 522 2514 0.042434 178.643
1070	1	1211.56	18297.2	18285.7	11.5011	514	79	187	4	0.0001 Colloc0 514 2543 0.0470499 174.518
1080	1	1222.88	18400	18388.5	11.5762	530	69	197	2	0.0001 Colloc0 530 2488 0.0575644 179.332
1090	1	1234.35	18405.3	18393.4	11.9164	511	82	184	4	0.0001 Colloc0 511 2489 0.00268915 201.712
1100	1	1245.57	18332.6	18321.8	10.7984	523	72	194	1	0.0001 Colloc0 523 2475 0.173735 131.934
1110	1	1256.94	18546.6	18534.9	11.7496	548	76	190	8	0.0001 Colloc0 548 2531 0.0642968 190.629
1120	1	1268.22	18345.2	18333.7	11.5491	508	76	190	2	0.0001 Colloc0 508 2522 0.0574404 177.586
1130	1	1279.49	18560.5	18548.8	11.7052	558	71	195	3	0.0001 Colloc0 558 2514 0.0751962 187.713
1140	1	1290.67	18400.9	18389.5	11.3494	518	70	196	3	0.0001 Colloc0 518 2481 0.0512162 164.938
1150	1	1302.11	18552	18540.3	11.6854	521	65	201	7	0.0001 Colloc0 521 2518 0.0166744 186.417
1160	1	1313.15	18616	18604.7	11.3637	529	73	193	2	0.0001 Colloc0 529 2531 0.079804 165.834
1170	1	1324.03	18426.5	18415	11.5112	516	61	205	1	0.0001 Colloc0 516 2519 0.0478273 175.162
1180	1	1334.99	18526.9	18515.4	11.4869	525	64	202	4	0.0001 Colloc0 525 2531 0.107426 173.61
1190	1	1346.15	18381.1	18369.5	11.5806	505	75	191	4	0.0001 Colloc0 505 2513 0.0196533 179.615
1200	1	1357.52	18438.6	18427.1	11.5392	528	74	192	3	0.0001 Colloc0 528 2514 0.0629287 176.951
1210	1	1368.91	18428.4	18416.7	11.701	532	71	195	6	0.0001 Colloc0 532 2513 0.0476888 187.439
1220	1	1380.18	18333.6	18322.1	11.4507	518	83	183	4	0.0001 Colloc0 518 2485 0.0645357 171.314
1230	1	1391.45	18376.6	18365.4	11.1446	518	68	198	1	0.0001 Colloc0 518 2497 0.094456 152.331
1240	1	1402.81	18389.5	18378	11.5009	523	80	186	8	0.0001 Colloc0 523 2472 0.0940388 174.507
1250	1	1414.21	18395.3	18383.9	11.3791	512	72	194	3	0.0001 Colloc0 512 2503 0.086574 166.793
1260	1	1425.53	18297.6	18286.5	11.0555	509	76	190	3	0.0001 Colloc0 509 2507 0.0826827 146.966
1270	1	1436.69	18537.3	18526.5	10.8083	520	68	198	4	0.0001 Colloc0 520 2515 0.166743 132.504
1280	1	1448	18468	18456.2	11.7866	520	73	193	2	0.0001 Colloc0 520 2529 0.015486 193.064
1290	1	1458.86	18375.4	18363.9	11.4571	506	79	187	4	0.0001 Colloc0 506 2554 0.0193157 171.716
1300	1	1469.99	18534.9	18523.2	11.7396	531	60	206	5	0.0001 Colloc0 531 2531 0.00959009 189.966
1310	1	1481.05	18520.7	18509.3	11.4588	533	74	192	3	0.0001 Colloc0 533 2529 0.0938446 171.825
1320	1	1492.21	18472.3	18461.1	11.1609	514	69	197	2	0.0001 Colloc0 514 2521 0.0959685 153.32
1330	1	1503.52	18435.1	18423.5	11.6186	525	72	194	1	0.0001 Colloc0 525 2512 0.0252393 182.072
1340	1	1514.89	18558.6	18546.9	11.6746	538	71	195	4	0.0001 Colloc0 538 2514 0.0847536 185.711
1350	1	1526.49	18472.8	18461	11.8331	532	73	193	5	0.0001 Colloc0 532 2499 0.00281379 196.152
1360	1	1537.98	18439.8	18428.3	11.4729	519	78	188	2	0.0001 Colloc0 519 2521 0.052367 172.724
1370	1	1549.37	18485	18474.2	10.881	517	73	193	1	0.0001 Colloc0 517 2503 0.117572 136.693
1380	1	1560.76	18385.5	18373.8	11.7387	516	66	200	3	0.0001 Colloc0 516 2505 0.0326902 189.911
1390	1	1571.95	18455.2	18443.8	11.4501	515	73	193	2	0.0001 Colloc0 515 2517 0.0506548 171.271
1400	1	1583.26	18419	18407.2	11.831	510	86	180	8	0.0001 Colloc0 510 2516 0.00937311 196.007
1410	1	1594.74	18445.3	18434.1	11.2225	519	84	182	2	0.0001 Colloc0 519 2515 0.0545914 157.08
1420	1	1606.16	18368.1	18357	11.0919	509	85	181	2	0.0001 Colloc0 509 2522 0.134729 149.148
1430	1	1617.44	18378.1	18367	11.12	516	84	182	7	0.0001 Colloc0 516 2503 0.12197 150.843
1440	1	1628.98	18297.2	18286.5	10.6964	515	77	189	3	0.0001 Colloc0 515 2498 0.218877 126.164
1450	1	1640.25	18394.4	18382.8	11.644	527	77	189	3	0.0001 Colloc0 527 2493 0.0606491 183.718
1460	1	1651.52	18408.4	18396.4	11.9469	517	67	199	2	0.0001 Colloc0 517 2539 0.0202102 203.761
1470	1	1662.99	18364.4	18353.2	11.201	530	71	195	1	0.0001 Colloc0 530 2513 0.0956568 155.762
1480	1	1674.42	18560.9	18549.6	11.3063	531	66	200	4	0.0001 Colloc0 531 2533 0.120213 162.254
1490	1	1685.9	18394.6	18382.8	11.7719	514	75	191	3	0.0001 Colloc0 514 2480 0.057489 192.098
1500	1	1697.08	18340.6	18329.5	11.0685	517	84	182	1	0.0001 Colloc0 517 2491 0.108429 147.744
1510	1	1708.31	18422.5	18411.2	11.3838	536	75	191	6	0.0001 Colloc0 536 2491 0.108821 167.091
1520	1	1719.42	18482.4	18470.9	11.5222	529	72	194	2	0.0001 Colloc0 529 2516 0.0687 175.865
1530	1	1730.92	18448.8	18437.3	11.5655	536	76	190	3	0.0001 Colloc0 536 2514 0.0869828 178.64
1540	1	1742.37	18477.5	18466	11.5473	522	78	188	4	0.0001 Colloc0 522 2507 0.00711409 177.472
1550	1	1753.73	18473.6	18462	11.585	505	69	197	2	0.0001 Colloc0 505 2508 0.0332697 179.9
1560	1	1764.92	18450.8	18439.7	11.0782	516	75	191	3	0.0001 Colloc0 516 2530 0.074539 148.323
1570	1	1775.7	18435.9	18424.1	11.7885	520	79	187	4	0.0001 Colloc0 520 2513 0.0380534 193.192
1580	1	1786.84	18373	18361.4	11.5364	519	80	186	4	0.0001 Colloc0 519 2497 0.0780347 176.776
1590	1	1797.58	18447	18435.5	11.5167	515	71	195	3	0.0001 Colloc0 515 2535 0.0239656 175.516
1600	1	1808.98	18405	18393.3	11.726	513	81	185	3	0.0001 Colloc0 513 2495 0.0242177 189.075
1610	1	1820.13	18364.2	18352.6	11.5875	516	76	190	3	0.0001 Colloc0 516 2502 0.0895052 180.058
1620	1	1831.62	18502	18490	11.9615	532	73	193	7	0.0001 Colloc0 532 2520 0.0101134 204.744
1630	1	1843.19	18386.4	18374.8	11.603	517	77	189	0	0.0001 Colloc0 517 2468 0.0623832 181.065
1640	1	1854.63	18310.8	18299.4	11.3379	516	84	182	2	0.0001 Colloc0 516 2494 0.0899206 164.219
1650	1	1865.94	18475.3	18464.3	10.9894	524	77	189	1	0.0001 Colloc0 524 2518 0.123994 143.041
1660	1	1877.27	18448.1	18437	11.1239	508	79	187	3	0.0001 Colloc0 508 2539 0.0862242 151.075
1670	1	1888.88	18344.2	18332.9	11.3144	526	91	175	1	0.0001 Colloc0 526 2498 0.112208 162.755
1680	1	1900.23	18413.5	18402.1	11.4821	527	76	190	1	0.0001 Colloc0 527 2463 0.0727009 173.305
1690	1	1911.8	18429.6	18418.1	11.4981	530	70	196	2	0.0001 Colloc0 530 2479 0.068491 174.325
1700	1	1923.3	18515	18503.4	11.5913	536	69	197	1	0.0001 Colloc0 536 2514 0.0425691 180.307
1710	1	1934.79	18403.9	18392.3	11.5995	532	75	191	4	0.0001 Colloc0 532 2486 0.0651544 180.836
1720	1	1946.19	18195.3	18183.7	11.5524	487	83	183	4	0.0001 Colloc0 487 2484 0.0346146 177.801
1730	1	1957.42	18362	18350.8	11.2032	509	87	179	0	0.0001 Colloc0 509 2497 0.0774955 155.897
1740	1	1968.54	18353.2	18341.8	11.4283	510	78	188	4	0.0001 Colloc0 510 2502 0.0643883 169.893
1750	1	1979.89	18302.1	18291	11.0593	521	79	187	2	0.0001 Colloc0 521 2506 0.129661 147.193
1760	1	1991.17	18362	18350.6	11.4037	513	79	187	4	0.0001 Colloc0 513 2508 0.0700677 168.341
1770	1	2002.18	18470.7	18458.8	11.8454	521	69	197	2	0.0001 Colloc0 521 2496 0.0585445 196.966
1780	1	2013.4	18478.3	18466.9	11.4531	517	67	199	4	0.0001 Colloc0 517 2529 0.058736 171.461
1790	1	2024.45	18445.8	18434.2	11.6056	527	72	194	3	0.0001 Colloc0 527 2507 0.0422196 181.23
1800	1	2035.18	18350.1	18338.9	11.2435	513	80	186	1	0.0001 Colloc0 513 2505 0.0530276 158.366
1810	1	2046.19	18508.3	18496.9	11.4664	526	77	189	1	0.0001 Colloc0 526 2499 0.0699338 172.306
1820	1	2057.29	18481.9	18470.1	11.7985	528	68	198	5	0.0001 Colloc0 528 2489 0.0518829 193.857
1830	1	2068.43	18300.3	18288.5	11.7641	509	75	191	1	0.0001 Colloc0 509 2464 0.00770691 191.583
1840	1	2079.52	18319.1	18308.1	10.9926	509	73	193	1	0.0001 Colloc0 509 2505 0.179601 143.229
1850	1	2090.47	18360.6	18349	11.5965	515	74	192	0	0.0001 Colloc0 515 2491 0.0461791 180.64
1860	1	2101.39	18335.7	18324.2	11.5529	530	75	191	3	0.0001 Colloc0 530 2495 0.0958062 177.835
1870	1	2112.19	18347.9	18337	10.8415	529	79	187	3	0.0001 Colloc0 529 2482 0.14472 134.41
1880	1	2123	18290	18278.4	11.6277	504	78	188	3	0.0001 Colloc0 504 2483 0.035842 182.659
1890	1	2133.86	18386.6	18374.8	11.7511	513	74	192	0	0.0001 Colloc0 513 2515 0.0188993 190.722
1900	1	2144.59	18333.4	18322.4	11.034	521	83	183	1	0.0001 Colloc0 521 2507 0.111883 145.686
1910	1	2155.23	18348.1	18337.1	11.0207	508	80	186	1	0.0001 Colloc0 508 2503 0.11713 144.894
1920	1	2166.22	18350.6	18338.8	11.7748	521	77	189	1	0.0001 Colloc0 521 2496 0.0626246 192.29
1930	1	2176.91	18364.8	18353.3	11.4922	525	71	195	3	0.0001 Colloc0 525 2471 0.0407283 173.95
1940	1	2187.31	18317	18305.7	11.292	507	76	190	5	0.0001 Colloc0 507 2502 0.0873071 161.365
1950	1	2197.88	18407.8	18396.6	11.172	518	77	189	5	0.0001 Colloc0 518 2504 0.0998921 153.995
1960	1	2208.27	18425.1	18413.6	11.5321	524	70	196	3	0.0001 Colloc0 524 2515 0.0942415 176.501
1970	1	2218.41	18384.4	18372.8	11.5642	515	72	194	4	0.0001 Colloc0 515 2474 0.0419305 178.559
1980	1	2228.46	18376.9	18365.3	11.6225	513	74	192	3	0.0001 Colloc0 513 2506 0.0398162 182.325
1990	1	2238.95	18323.1	18311.9	11.1902	525	84	182	5	0.0001 Colloc0 525 2487 0.152789 155.104
2000	1	2249.17	18407.7	18395.5	12.1279	536	73	193	3	0.0001 Colloc0 536 2504 0.0031364 216.058
