# D = 0, E = 1, I = 1, P = 1, R = -1, n = 2000, N = 1, P = 1, w = 1, a = 0.0001, b = 10000, e = 1, f = 1, g = 100, h = 0.01, r = 32289, s = 1, S = 0, x = 10, m = 100, Z = 1, z = 0, T = 1, t = 1
# 9629 tokens in 824 sentences
#
# It	Temp	Time	-logP	-logPcorpus	-logPrior	tables	same	changed	reject	default_pya	(parent pym pyn pya pyb)*
0	1	0.650901	33194.7	33080.9	113.764	1515	0	824	0	0.0001 Colloc0 1515 2966 0.0001 10000
10	1	10.1555	26743.9	26732	11.942	659	419	405	2	0.0001 Colloc0 659 3413 0.0690661 203.429
20	1	19.0491	26557	26544.9	12.0725	618	437	387	2	0.0001 Colloc0 618 3459 0.00222954 212.272
30	1	27.8958	26186.5	26175.1	11.318	597	489	335	1	0.0001 Colloc0 597 3448 0.0776094 162.976
40	1	36.3395	26245.3	26233	12.3159	606	481	343	3	0.0001 Colloc0 606 3457 0.00494182 229.071
50	1	45.2231	26204.9	26193.4	11.4526	586	478	346	1	0.0001 Colloc0 586 3484 0.0218095 171.434
60	1	53.9308	26064.1	26052.7	11.3558	583	487	337	1	0.0001 Colloc0 583 3456 0.0955436 165.336
70	1	62.3435	25948.6	25937.5	11.0744	578	511	313	0	0.0001 Colloc0 578 3447 0.115492 148.1
80	1	71.1142	25938.6	25927.6	11.0292	576	530	294	2	0.0001 Colloc0 576 3447 0.108326 145.398
90	1	79.9958	25866.4	25856.3	10.1243	573	528	296	0	0.0001 Colloc0 573 3452 0.224524 96.0023
100	1	88.8565	26008.4	25996.5	11.9305	571	510	314	4	0.0001 Colloc0 571 3471 0.0206467 202.654
110	1	97.6821	25782.6	25771.6	10.956	558	527	297	3	0.0001 Colloc0 558 3425 0.102059 141.068
120	1	106.479	25915.8	25904.6	11.1835	570	512	312	3	0.0001 Colloc0 570 3474 0.0926671 154.697
130	1	115.271	25755.4	25744.4	10.9838	554	543	281	1	0.0001 Colloc0 554 3443 0.0291962 142.709
140	1	124.103	25937.4	25925.9	11.4999	565	507	317	0	0.0001 Colloc0 565 3451 0.0273055 174.44
150	1	133.004	25991.2	25980.2	11.061	593	481	343	0	0.0001 Colloc0 593 3434 0.125056 147.295
160	1	141.686	26065	26053.7	11.2922	586	480	344	2	0.0001 Colloc0 586 3416 0.0677326 161.378
170	1	150.443	26002.1	25990.7	11.369	575	493	331	1	0.0001 Colloc0 575 3460 0.0756616 166.163
180	1	159.195	26049.2	26037.9	11.3006	594	480	344	1	0.0001 Colloc0 594 3454 0.102329 161.896
190	1	167.939	25938.7	25927	11.7464	564	498	326	0	0.0001 Colloc0 564 3454 0.0157469 190.414
200	1	176.674	26066.6	26055	11.5376	581	465	359	0	0.0001 Colloc0 581 3438 0.0482508 176.848
210	1	185.393	25913.2	25901.1	12.0848	588	491	333	0	0.0001 Colloc0 588 3423 0.0099991 213.11
220	1	194.192	26040	26029.1	10.9573	590	463	361	0	0.0001 Colloc0 590 3425 0.171173 141.147
230	1	202.94	25945	25933.1	11.9036	575	495	329	1	0.0001 Colloc0 575 3440 0.00902478 200.851
240	1	211.758	25901.6	25890.6	10.956	556	490	334	1	0.0001 Colloc0 556 3433 0.0983459 141.068
250	1	220.636	25715	25703.6	11.3892	563	522	302	1	0.0001 Colloc0 563 3415 0.06986 167.431
260	1	229.215	25803	25791.5	11.4498	565	527	297	1	0.0001 Colloc0 565 3407 0.0455057 171.257
270	1	237.564	25736.4	25725.1	11.3497	569	537	287	3	0.0001 Colloc0 569 3418 0.0860433 164.955
280	1	245.912	25702	25690.6	11.3986	571	534	290	0	0.0001 Colloc0 571 3402 0.0958805 168.021
290	1	254.807	25791.5	25780.1	11.3732	584	488	336	0	0.0001 Colloc0 584 3426 0.0920411 166.427
300	1	263.561	25860.4	25849	11.485	591	487	337	0	0.0001 Colloc0 591 3413 0.0893697 173.489
310	1	272.2	25782.6	25771.5	11.0544	559	495	329	0	0.0001 Colloc0 559 3413 0.125308 146.901
320	1	281.044	25800.4	25789.3	11.112	595	510	314	0	0.0001 Colloc0 595 3415 0.104954 150.358
330	1	289.687	25601.5	25589.9	11.6654	561	531	293	1	0.0001 Colloc0 561 3410 0.0296166 185.111
340	1	298.353	25533.4	25521.9	11.4608	563	536	288	0	0.0001 Colloc0 563 3389 0.0541811 171.951
350	1	307.061	25685.9	25675	10.8367	580	541	283	2	0.0001 Colloc0 580 3405 0.143743 134.134
360	1	315.868	25610.6	25599.8	10.8695	567	541	283	3	0.0001 Colloc0 567 3405 0.142937 136.023
370	1	324.628	25692.3	25680.9	11.3711	568	534	290	1	0.0001 Colloc0 568 3392 0.0394204 166.294
380	1	333.376	25580.9	25569.7	11.1847	546	548	276	1	0.0001 Colloc0 546 3413 0.082713 154.765
390	1	341.918	25529.8	25518.2	11.5855	544	564	260	0	0.0001 Colloc0 544 3390 0.023001 179.93
400	1	350.201	25582.5	25570.5	11.9871	550	538	286	1	0.0001 Colloc0 550 3385 0.00900963 206.471
410	1	358.627	25680.6	25669.2	11.4715	577	515	309	2	0.0001 Colloc0 577 3408 0.0229901 172.629
420	1	367.194	25644	25632.2	11.8094	569	521	303	2	0.0001 Colloc0 569 3418 0.0322594 194.576
430	1	375.993	25511.7	25500.8	10.8492	578	551	273	2	0.0001 Colloc0 578 3402 0.164958 134.855
440	1	384.611	25683.8	25672.2	11.5544	589	525	299	0	0.0001 Colloc0 589 3400 0.0951931 177.93
450	1	393.348	25568.6	25557.5	11.0887	560	533	291	2	0.0001 Colloc0 560 3392 0.108428 148.957
460	1	401.904	25697.9	25686.2	11.6861	581	489	335	2	0.0001 Colloc0 581 3388 0.0372614 186.462
470	1	410.474	25574.8	25563.1	11.6736	568	546	278	0	0.0001 Colloc0 568 3364 0.0127257 185.649
480	1	419.171	25537.4	25526.5	10.9397	567	550	274	2	0.0001 Colloc0 567 3376 0.119692 140.111
490	1	427.966	25533.1	25522	11.1272	581	549	275	1	0.0001 Colloc0 581 3369 0.126583 151.275
500	1	436.818	25613.3	25602.1	11.1327	557	515	309	1	0.0001 Colloc0 557 3375 0.0489062 151.608
510	1	445.68	25594.8	25584	10.7741	575	549	275	2	0.0001 Colloc0 575 3380 0.160699 130.549
520	1	454.393	25632.1	25621.1	11.0463	553	534	290	0	0.0001 Colloc0 553 3361 0.0479995 146.419
530	1	463.03	25715.5	25703.9	11.6553	569	514	310	2	0.0001 Colloc0 569 3418 0.0386302 184.452
540	1	471.733	25546.2	25534.8	11.4313	563	532	292	0	0.0001 Colloc0 563 3359 0.0784224 170.085
550	1	480.56	25614.6	25603.3	11.3742	560	525	299	1	0.0001 Colloc0 560 3386 0.056276 166.491
560	1	489.384	25498.9	25487.9	11.0035	577	544	280	1	0.0001 Colloc0 577 3360 0.0935531 143.871
570	1	497.881	25503.3	25492.1	11.1449	561	532	292	1	0.0001 Colloc0 561 3356 0.10676 152.344
580	1	506.578	25463.2	25452	11.2856	575	557	267	2	0.0001 Colloc0 575 3363 0.0939807 160.965
590	1	515.463	25512.7	25501.9	10.7549	578	543	281	0	0.0001 Colloc0 578 3368 0.14861 129.461
600	1	524.28	25615.3	25604	11.3013	579	526	298	1	0.0001 Colloc0 579 3377 0.114241 161.941
610	1	532.678	25471.6	25460.1	11.5239	545	548	276	1	0.0001 Colloc0 545 3368 0.0194012 175.975
620	1	541.247	25668.2	25657.4	10.8515	570	509	315	1	0.0001 Colloc0 570 3387 0.103832 134.984
630	1	549.976	25619.3	25607.9	11.4467	553	526	298	1	0.0001 Colloc0 553 3399 0.0469401 171.061
640	1	558.511	25681.3	25670.1	11.1868	576	523	301	2	0.0001 Colloc0 576 3400 0.0821066 154.897
650	1	566.932	25667.8	25656.8	11.0052	585	523	301	1	0.0001 Colloc0 585 3398 0.137746 143.976
660	1	575.487	25616.8	25605	11.843	573	535	289	2	0.0001 Colloc0 573 3392 0.00581323 196.809
670	1	584.275	25562.9	25551.4	11.5326	563	515	309	3	0.0001 Colloc0 563 3391 0.0481177 176.529
680	1	593.037	25662.2	25650.9	11.2182	569	522	302	2	0.0001 Colloc0 569 3395 0.0686841 156.813
690	1	601.53	25617.7	25606	11.7082	549	520	304	0	0.0001 Colloc0 549 3397 0.00699056 187.911
700	1	610.116	25604.3	25592.6	11.6782	573	504	320	1	0.0001 Colloc0 573 3358 0.0965505 185.946
710	1	618.898	25747	25735.5	11.4712	581	513	311	0	0.0001 Colloc0 581 3368 0.103567 172.615
720	1	627.258	25683.5	25672.7	10.8682	575	501	323	2	0.0001 Colloc0 575 3360 0.13121 135.949
730	1	635.666	25555.9	25544.4	11.5183	582	531	293	1	0.0001 Colloc0 582 3364 0.0483427 175.614
740	1	644.075	25536.5	25525.1	11.448	579	543	281	2	0.0001 Colloc0 579 3367 0.0729503 171.14
750	1	652.839	25601.3	25589.9	11.4459	567	529	295	1	0.0001 Colloc0 567 3379 0.0938434 171.011
760	1	661.633	25594	25582.5	11.4388	571	523	301	0	0.0001 Colloc0 571 3379 0.0595503 170.558
770	1	670.456	25462.7	25450.8	11.8291	561	555	269	1	0.0001 Colloc0 561 3388 0.0275013 195.882
780	1	679.244	25545.9	25534.4	11.57	577	528	296	3	0.0001 Colloc0 577 3373 0.0286745 178.931
790	1	687.993	25455.2	25443.7	11.5806	550	553	271	1	0.0001 Colloc0 550 3362 0.0023845 179.614
800	1	696.423	25306.2	25294.6	11.6262	559	593	231	1	0.0001 Colloc0 559 3362 0.00557401 182.564
810	1	704.903	25597.3	25585.9	11.3282	584	522	302	1	0.0001 Colloc0 584 3361 0.094003 163.613
820	1	713.273	25580.3	25568.6	11.7024	564	505	319	2	0.0001 Colloc0 564 3356 0.00446301 187.527
830	1	722.006	25463.2	25452.4	10.784	555	559	265	2	0.0001 Colloc0 555 3346 0.113511 131.116
840	1	730.642	25467.8	25456.6	11.1994	577	555	269	0	0.0001 Colloc0 577 3345 0.133701 155.662
850	1	739.329	25510	25498.7	11.314	569	544	280	1	0.0001 Colloc0 569 3368 0.0596595 162.73
860	1	748.189	25402.2	25391.3	10.9109	564	532	292	1	0.0001 Colloc0 564 3352 0.0945787 138.429
870	1	756.596	25628.3	25617	11.3303	575	521	303	0	0.0001 Colloc0 575 3371 0.0525326 163.747
880	1	765.134	25531.4	25519.9	11.5195	551	543	281	1	0.0001 Colloc0 551 3343 0.00572041 175.694
890	1	773.491	25509.7	25498.7	10.9954	570	541	283	0	0.0001 Colloc0 570 3344 0.154312 143.395
900	1	782.059	25499.3	25488.3	10.9973	574	528	296	0	0.0001 Colloc0 574 3345 0.103664 143.507
910	1	790.977	25583.2	25572.4	10.731	578	536	288	1	0.0001 Colloc0 578 3371 0.177784 128.112
920	1	800.057	25632.1	25620.4	11.6684	592	509	315	1	0.0001 Colloc0 592 3367 0.0792533 185.306
930	1	808.953	25422.8	25411.1	11.6731	559	532	292	1	0.0001 Colloc0 559 3343 0.0630091 185.616
940	1	817.727	25568.1	25556.6	11.4636	577	530	294	3	0.0001 Colloc0 577 3362 0.04487 172.128
950	1	826.554	25523.7	25512.6	11.1835	562	533	291	1	0.0001 Colloc0 562 3347 0.0740075 154.694
960	1	835.056	25539.4	25528.4	10.9524	574	533	291	1	0.0001 Colloc0 574 3342 0.129393 140.862
970	1	843.826	25578.1	25567.2	10.8617	576	528	296	1	0.0001 Colloc0 576 3374 0.165661 135.574
980	1	852.274	25523.3	25512.3	11.0488	575	528	296	1	0.0001 Colloc0 575 3350 0.136669 146.565
990	1	860.988	25386.8	25375.7	11.0767	559	549	275	2	0.0001 Colloc0 559 3350 0.100354 148.238
1000	1	869.31	25586.8	25575.4	11.3633	567	521	303	1	0.0001 Colloc0 567 3374 0.0741504 165.804
1010	1	877.779	25415.1	25404	11.0345	554	537	287	1	0.0001 Colloc0 554 3368 0.11888 145.712
1020	1	886.467	25482.8	25470.9	11.9499	560	555	269	1	0.0001 Colloc0 560 3339 0.00991482 203.964
1030	1	895.234	25322	25310.9	11.0956	572	577	247	1	0.0001 Colloc0 572 3361 0.14285 149.369
1040	1	903.958	25324.9	25314.1	10.848	586	564	260	1	0.0001 Colloc0 586 3338 0.153063 134.781
1050	1	912.584	25384.4	25373.4	10.9622	583	563	261	0	0.0001 Colloc0 583 3358 0.138875 141.437
1060	1	921.217	25541.9	25530.4	11.4806	586	527	297	0	0.0001 Colloc0 586 3356 0.090692 173.209
1070	1	930.041	25356.5	25345.3	11.2097	553	585	239	0	0.0001 Colloc0 553 3348 0.088361 156.296
1080	1	938.796	25461.5	25450	11.5552	564	546	278	1	0.0001 Colloc0 564 3363 0.0323178 177.982
1090	1	947.452	25569.5	25558.2	11.2941	586	538	286	0	0.0001 Colloc0 586 3367 0.0951206 161.497
1100	1	956.326	25442.7	25431.3	11.3569	573	543	281	1	0.0001 Colloc0 573 3364 0.109175 165.403
1110	1	965.078	25327.4	25315.9	11.4832	558	570	254	2	0.0001 Colloc0 558 3361 0.0244902 173.374
1120	1	973.806	25390.8	25379.6	11.2335	560	541	283	2	0.0001 Colloc0 560 3334 0.093036 157.755
1130	1	982.682	25291.9	25280.5	11.4296	550	567	257	4	0.0001 Colloc0 550 3329 0.0557986 169.974
1140	1	991.451	25488.9	25478.2	10.7843	571	542	282	2	0.0001 Colloc0 571 3350 0.137675 131.133
1150	1	1000.07	25470.6	25459.4	11.2286	576	508	316	2	0.0001 Colloc0 576 3337 0.0877983 157.455
1160	1	1008.6	25347.4	25336.2	11.1915	568	546	278	3	0.0001 Colloc0 568 3326 0.111026 155.18
1170	1	1017.1	25378.9	25367.7	11.1715	544	534	290	3	0.0001 Colloc0 544 3334 0.0606449 153.965
1180	1	1025.69	25437.6	25426	11.5372	571	518	306	2	0.0001 Colloc0 571 3323 0.0959919 176.823
1190	1	1034.44	25435	25423.7	11.3008	564	550	274	2	0.0001 Colloc0 564 3361 0.124747 161.908
1200	1	1043.15	25331.2	25319.6	11.5298	555	563	261	1	0.0001 Colloc0 555 3331 0.0202615 176.349
1210	1	1051.86	25293.1	25282	11.1754	574	565	259	1	0.0001 Colloc0 574 3322 0.118181 154.202
1220	1	1060.59	25401.1	25389.6	11.4954	575	546	278	2	0.0001 Colloc0 575 3341 0.0532261 174.154
1230	1	1069.15	25315.3	25304.2	11.0576	560	556	268	1	0.0001 Colloc0 560 3334 0.108194 147.095
1240	1	1077.78	25436.4	25425.2	11.1417	588	541	283	0	0.0001 Colloc0 588 3320 0.146792 152.152
1250	1	1086.24	25459.2	25448	11.2147	576	543	281	4	0.0001 Colloc0 576 3343 0.0947051 156.599
1260	1	1094.95	25373.1	25361.8	11.2845	555	545	279	3	0.0001 Colloc0 555 3338 0.10078 160.897
1270	1	1103.76	25288.1	25276.7	11.3513	540	559	265	4	0.0001 Colloc0 540 3361 0.0509059 165.054
1280	1	1112.52	25448.2	25437.5	10.7234	561	531	293	1	0.0001 Colloc0 561 3362 0.116204 127.682
1290	1	1120.98	25473.6	25461.7	11.8852	562	547	277	2	0.0001 Colloc0 562 3359 0.0187674 199.621
1300	1	1129.73	25391.1	25379.9	11.2177	573	543	281	0	0.0001 Colloc0 573 3343 0.0712163 156.787
1310	1	1138.51	25387.4	25376	11.3728	574	547	277	1	0.0001 Colloc0 574 3361 0.0588447 166.401
1320	1	1147.36	25447.8	25436.6	11.1958	574	540	284	1	0.0001 Colloc0 574 3354 0.104777 155.447
1330	1	1155.8	25407.6	25396.1	11.4819	560	546	278	1	0.0001 Colloc0 560 3339 0.0403566 173.296
1340	1	1164.42	25423.8	25413.2	10.6253	568	548	276	0	0.0001 Colloc0 568 3359 0.108767 122.211
1350	1	1173.02	25337.9	25326.5	11.3535	560	575	249	0	0.0001 Colloc0 560 3345 0.0496633 165.193
1360	1	1181.78	25222.3	25211.1	11.1789	562	587	237	2	0.0001 Colloc0 562 3341 0.0821816 154.415
1370	1	1190.53	25265.4	25255	10.3938	555	568	256	2	0.0001 Colloc0 555 3309 0.201406 109.724
1380	1	1199.23	25375.8	25364.6	11.1921	563	559	265	3	0.0001 Colloc0 563 3361 0.0848514 155.22
1390	1	1207.88	25311.1	25300.4	10.6974	573	568	256	1	0.0001 Colloc0 573 3340 0.167948 126.219
1400	1	1216.56	25302.7	25291.6	11.0894	574	570	254	1	0.0001 Colloc0 574 3323 0.101071 148.999
1410	1	1225.36	25356.6	25346.1	10.5082	564	566	258	5	0.0001 Colloc0 564 3342 0.156517 115.815
1420	1	1234.18	25311.2	25300.4	10.8576	569	591	233	1	0.0001 Colloc0 569 3311 0.149232 135.338
1430	1	1243.07	25332.9	25321.5	11.4095	571	569	255	2	0.0001 Colloc0 571 3328 0.0730052 168.711
1440	1	1251.84	25328.1	25316.4	11.6509	570	552	272	1	0.0001 Colloc0 570 3336 0.0249576 184.17
1450	1	1260.58	25321.5	25310.6	10.9713	573	577	247	0	0.0001 Colloc0 573 3343 0.149722 141.969
1460	1	1269.18	25194.5	25183.2	11.2219	561	574	250	2	0.0001 Colloc0 561 3318 0.093786 157.04
1470	1	1277.8	25334.4	25322.9	11.5218	566	569	255	2	0.0001 Colloc0 566 3337 0.0686534 175.838
1480	1	1286.21	25347.7	25336.9	10.7509	560	564	260	1	0.0001 Colloc0 560 3338 0.128467 129.238
1490	1	1295.06	25268.5	25257.5	10.9802	559	569	255	1	0.0001 Colloc0 559 3359 0.113144 142.494
1500	1	1303.74	25319.2	25308.3	10.8948	580	582	242	1	0.0001 Colloc0 580 3349 0.173818 137.494
1510	1	1312.43	25314.4	25303	11.4596	557	574	250	0	0.0001 Colloc0 557 3336 0.0347616 171.877
1520	1	1320.99	25282.5	25271.6	10.982	578	566	258	4	0.0001 Colloc0 578 3337 0.161135 142.6
1530	1	1329.68	25359.2	25348.2	10.978	564	555	269	0	0.0001 Colloc0 564 3360 0.119286 142.365
1540	1	1338.41	25348	25337	11.0406	564	554	270	1	0.0001 Colloc0 564 3328 0.136234 146.074
1550	1	1347.1	25285.3	25274	11.2786	559	583	241	0	0.0001 Colloc0 559 3326 0.0891884 160.536
1560	1	1355.78	25349.9	25339.3	10.5334	565	572	252	0	0.0001 Colloc0 565 3321 0.150194 117.179
1570	1	1364.69	25424.3	25413	11.3065	577	545	279	0	0.0001 Colloc0 577 3357 0.0924424 162.264
1580	1	1373.6	25550.1	25539	11.0689	587	528	296	1	0.0001 Colloc0 587 3347 0.129896 147.768
1590	1	1382.43	25375.7	25365.1	10.6148	578	541	283	0	0.0001 Colloc0 578 3313 0.166688 121.63
1600	1	1391.15	25306.6	25295.2	11.4053	558	581	243	2	0.0001 Colloc0 558 3359 0.0537517 168.445
1610	1	1399.52	25318.8	25308.4	10.4066	558	564	260	1	0.0001 Colloc0 558 3336 0.18888 110.401
1620	1	1408.21	25386.8	25375.4	11.4008	566	558	266	2	0.0001 Colloc0 566 3340 0.0810126 168.163
1630	1	1416.91	25372.9	25362.8	10.0662	569	547	277	2	0.0001 Colloc0 569 3338 0.230398 93.1624
1640	1	1425.54	25378.7	25366.8	11.8991	569	554	270	0	0.0001 Colloc0 569 3340 0.0376089 200.553
1650	1	1434.25	25539.1	25528.2	10.8132	581	510	314	3	0.0001 Colloc0 581 3364 0.145388 132.784
1660	1	1442.9	25443.3	25432.5	10.7997	576	531	293	1	0.0001 Colloc0 576 3327 0.162266 132.009
1670	1	1451.54	25338.2	25326.5	11.6324	555	538	286	2	0.0001 Colloc0 555 3347 0.0171952 182.969
1680	1	1460.34	25320.2	25308.8	11.3671	541	526	298	0	0.0001 Colloc0 541 3348 0.0398276 166.046
1690	1	1468.9	25533.1	25522.4	10.6703	567	507	317	2	0.0001 Colloc0 567 3352 0.14854 124.707
1700	1	1477.21	25422.1	25411.1	11.0675	576	532	292	2	0.0001 Colloc0 576 3341 0.149543 147.683
1710	1	1485.63	25459.1	25447.4	11.681	558	544	280	2	0.0001 Colloc0 558 3349 0.0326477 186.132
1720	1	1494.03	25458.4	25446.8	11.6341	572	534	290	1	0.0001 Colloc0 572 3359 0.0303898 183.073
1730	1	1502.63	25458.1	25446.7	11.4452	567	528	296	1	0.0001 Colloc0 567 3363 0.0502882 170.963
1740	1	1511.84	25344.4	25333.4	11.0532	559	560	264	1	0.0001 Colloc0 559 3334 0.0762965 146.828
1750	1	1520.28	25232.9	25222.1	10.8746	555	557	267	0	0.0001 Colloc0 555 3330 0.127474 136.323
1760	1	1528.89	25462	25450.9	11.1116	576	526	298	2	0.0001 Colloc0 576 3361 0.108144 150.337
1770	1	1537.33	25462	25450.4	11.6516	573	534	290	2	0.0001 Colloc0 573 3324 0.00917657 184.213
1780	1	1545.88	25372.9	25361.9	11.0125	573	543	281	2	0.0001 Colloc0 573 3341 0.133717 144.408
1790	1	1554.69	25515.7	25504	11.7052	587	544	280	1	0.0001 Colloc0 587 3347 0.0659064 187.713
1800	1	1563.21	25385.7	25374.8	10.8706	573	531	293	4	0.0001 Colloc0 573 3334 0.169972 136.091
1810	1	1572.03	25265.7	25254.9	10.8445	564	546	278	1	0.0001 Colloc0 564 3350 0.149694 134.582
1820	1	1580.53	25328.7	25317.6	11.0586	563	550	274	2	0.0001 Colloc0 563 3344 0.097102 147.151
1830	1	1589.17	25289.8	25278.7	11.0982	559	565	259	0	0.0001 Colloc0 559 3340 0.0889423 149.53
1840	1	1597.9	25262.2	25251	11.1918	555	562	262	0	0.0001 Colloc0 555 3343 0.090224 155.197
1850	1	1606.61	25308.3	25296.7	11.6017	559	561	263	0	0.0001 Colloc0 559 3335 0.0110478 180.978
1860	1	1615.01	25237.9	25226.6	11.3369	547	567	257	1	0.0001 Colloc0 547 3334 0.0725922 164.153
1870	1	1623.54	25336	25325.2	10.8188	564	551	273	2	0.0001 Colloc0 564 3322 0.125033 133.104
1880	1	1632.24	25358.5	25347.2	11.2651	570	549	275	1	0.0001 Colloc0 570 3353 0.0994344 159.702
1890	1	1640.77	25412.7	25400.8	11.9672	595	545	279	3	0.0001 Colloc0 595 3337 0.0311182 205.131
1900	1	1649.39	25417.7	25406.3	11.3908	567	554	270	1	0.0001 Colloc0 567 3375 0.0603818 167.53
1910	1	1657.68	25387.5	25376.3	11.2028	571	561	263	2	0.0001 Colloc0 571 3375 0.061312 155.87
1920	1	1666.07	25355.1	25344	11.0783	569	546	278	0	0.0001 Colloc0 569 3323 0.125999 148.33
1930	1	1674.43	25270.8	25259.7	11.1086	566	557	267	0	0.0001 Colloc0 566 3331 0.105957 150.155
1940	1	1682.76	25356.5	25345.1	11.4425	569	545	279	1	0.0001 Colloc0 569 3339 0.0377033 170.79
1950	1	1691.12	25417.9	25406.6	11.3173	559	542	282	1	0.0001 Colloc0 559 3367 0.10225 162.935
1960	1	1699.49	25451	25439.1	11.8592	561	538	286	1	0.0001 Colloc0 561 3349 0.0027118 197.888
1970	1	1708.05	25181.3	25170.5	10.8748	553	559	265	0	0.0001 Colloc0 553 3358 0.123405 136.333
1980	1	1716.46	25364.3	25352.6	11.7275	564	544	280	1	0.0001 Colloc0 564 3376 0.0289297 189.176
1990	1	1724.9	25422.1	25410.9	11.264	569	530	294	0	0.0001 Colloc0 569 3359 0.0551886 159.629
2000	1	1733.15	25404.8	25394	10.7228	583	544	280	0	0.0001 Colloc0 583 3340 0.171735 127.649
