# D = 0, E = 1, I = 1, P = 1, R = -1, n = 2000, N = 1, P = 1, w = 1, a = 0.0001, b = 10000, e = 1, f = 1, g = 100, h = 0.01, r = 3874, s = 1, S = 0, x = 10, m = 100, Z = 1, z = 0, T = 1, t = 1
# 9629 tokens in 824 sentences
#
# It	Temp	Time	-logP	-logPcorpus	-logPrior	tables	same	changed	reject	default_pya	(parent pym pyn pya pyb)*
0	1	0.795879	43021.7	42908	113.764	4022	0	824	0	0.0001 Colloc0 4022 6374 0.0001 10000
10	1	12.4611	29980	29968.3	11.7158	737	224	600	0	0.0001 Colloc0 737 4266 0.129258 188.408
20	1	21.7727	28983.4	28972.4	11.0203	598	272	552	1	0.0001 Colloc0 598 4201 0.0930635 144.872
30	1	30.6353	28528.6	28517.3	11.3149	586	324	500	1	0.0001 Colloc0 586 4150 0.0987119 162.785
40	1	39.46	28249.6	28238.6	10.9749	555	342	482	0	0.0001 Colloc0 555 4147 0.0543347 142.182
50	1	48.4386	27662.7	27651.5	11.1646	559	406	418	4	0.0001 Colloc0 559 4060 0.0322613 153.545
60	1	57.7122	27496.9	27486.2	10.721	545	400	424	4	0.0001 Colloc0 545 4016 0.0959212 127.546
70	1	66.8028	27399.7	27389.5	10.2258	534	423	401	6	0.0001 Colloc0 534 4030 0.15799 101.064
80	1	75.9585	27132.4	27121.7	10.6787	517	466	358	4	0.0001 Colloc0 517 3988 0.123812 125.174
90	1	85.1591	27131.7	27120.5	11.1839	552	473	351	5	0.0001 Colloc0 552 3965 0.0487966 154.715
100	1	94.3906	26831.7	26821.4	10.3249	525	469	355	3	0.0001 Colloc0 525 3925 0.153455 106.133
110	1	103.541	26826.7	26815.8	10.9764	526	471	353	2	0.0001 Colloc0 526 3937 0.0352422 142.268
120	1	112.684	26693.8	26683.3	10.5167	546	486	338	5	0.0001 Colloc0 546 3897 0.154776 116.274
130	1	121.725	26744.4	26734	10.4417	528	471	353	4	0.0001 Colloc0 528 3886 0.154374 112.259
140	1	130.998	26557.6	26547.2	10.3981	516	469	355	3	0.0001 Colloc0 516 3887 0.150305 109.95
150	1	140.19	26543	26532.6	10.4135	526	481	343	5	0.0001 Colloc0 526 3848 0.137225 110.765
160	1	149.316	26444.6	26434	10.6712	525	480	344	3	0.0001 Colloc0 525 3834 0.142978 124.755
170	1	158.293	26317.1	26307.2	9.94392	532	519	305	2	0.0001 Colloc0 532 3807 0.207977 87.3342
180	1	167.457	26111.2	26101	10.2228	526	569	255	2	0.0001 Colloc0 526 3796 0.15922 100.916
190	1	176.593	26153.4	26142.6	10.8085	531	559	265	2	0.0001 Colloc0 531 3786 0.10836 132.514
200	1	185.538	26209.2	26198	11.2145	522	533	291	4	0.0001 Colloc0 522 3770 0.0392048 156.59
210	1	194.636	26261	26250.3	10.6733	523	535	289	2	0.0001 Colloc0 523 3780 0.0926443 124.875
220	1	203.945	26253.2	26242.9	10.3371	534	528	296	4	0.0001 Colloc0 534 3791 0.159445 106.766
230	1	213.158	26081.2	26070.4	10.7735	527	561	263	2	0.0001 Colloc0 527 3773 0.131762 130.518
240	1	222.07	26297.2	26286.8	10.3856	530	504	320	3	0.0001 Colloc0 530 3787 0.159663 109.297
250	1	230.819	26398.8	26388.2	10.5416	525	471	353	4	0.0001 Colloc0 525 3786 0.136382 117.625
260	1	239.974	26340.9	26330.6	10.2858	537	493	331	1	0.0001 Colloc0 537 3762 0.186913 104.12
270	1	249.305	26147.4	26137	10.4166	535	517	307	3	0.0001 Colloc0 535 3753 0.137644 110.926
280	1	258.229	26120	26109.6	10.3555	538	540	284	1	0.0001 Colloc0 538 3745 0.191479 107.72
290	1	267.257	25991.2	25980.8	10.3971	513	566	258	1	0.0001 Colloc0 513 3760 0.130231 109.898
300	1	276.118	26168.2	26157.5	10.7829	513	527	297	2	0.0001 Colloc0 513 3780 0.0898207 131.053
310	1	285.382	26115.8	26105.6	10.1995	545	535	289	1	0.0001 Colloc0 545 3745 0.190069 99.7396
320	1	294.268	25899.5	25889.1	10.4374	521	587	237	1	0.0001 Colloc0 521 3747 0.165393 112.028
330	1	303.399	25993.4	25982.8	10.5071	528	559	265	3	0.0001 Colloc0 528 3749 0.186583 115.758
340	1	312.458	25964.9	25954.9	9.95716	531	589	235	2	0.0001 Colloc0 531 3753 0.237553 87.9562
350	1	321.825	25929.9	25919.7	10.2053	518	551	273	4	0.0001 Colloc0 518 3731 0.194773 100.034
360	1	330.913	25893.9	25884	9.94398	527	541	283	3	0.0001 Colloc0 527 3711 0.202795 87.3371
370	1	339.947	25961.7	25951.4	10.3824	524	535	289	3	0.0001 Colloc0 524 3723 0.132217 109.127
380	1	348.969	26079.8	26069.8	9.9886	526	507	317	4	0.0001 Colloc0 526 3676 0.218825 89.4415
390	1	358.049	25938.6	25929.2	9.38197	530	524	300	3	0.0001 Colloc0 530 3713 0.299677 63.1844
400	1	367.298	25966.6	25956.3	10.2877	523	537	287	3	0.0001 Colloc0 523 3746 0.149484 104.218
410	1	376.259	26076.4	26065.7	10.7322	550	523	301	3	0.0001 Colloc0 550 3726 0.103449 128.176
420	1	385.319	26075.9	26065.1	10.7378	523	513	311	3	0.0001 Colloc0 523 3730 0.126121 128.495
430	1	394.462	26229.7	26219.1	10.6564	550	494	330	3	0.0001 Colloc0 550 3719 0.149497 123.933
440	1	403.636	26117.7	26107.5	10.1926	527	520	304	4	0.0001 Colloc0 527 3742 0.15272 99.3978
450	1	412.746	25978	25967.4	10.6464	515	542	282	1	0.0001 Colloc0 515 3714 0.114774 123.376
460	1	421.975	26058.5	26048.1	10.3547	517	521	303	3	0.0001 Colloc0 517 3723 0.170982 107.677
470	1	431.03	26004	25993.4	10.6084	512	526	298	3	0.0001 Colloc0 512 3732 0.0799618 121.275
480	1	440.312	26149.6	26139.3	10.3306	527	515	309	3	0.0001 Colloc0 527 3726 0.183076 106.427
490	1	449.508	26058.4	26047.9	10.4774	499	537	287	1	0.0001 Colloc0 499 3725 0.131348 114.161
500	1	458.678	26136.5	26125.9	10.5618	539	511	313	4	0.0001 Colloc0 539 3703 0.16478 118.723
510	1	467.803	26008.8	25998.2	10.6637	524	504	320	2	0.0001 Colloc0 524 3698 0.132131 124.339
520	1	476.641	26040	26029.1	10.8831	545	523	301	1	0.0001 Colloc0 545 3721 0.136044 136.812
530	1	485.371	26091.6	26081.4	10.2117	550	496	328	1	0.0001 Colloc0 550 3684 0.224755 100.354
540	1	494.573	25914.7	25904.3	10.4571	522	522	302	1	0.0001 Colloc0 522 3710 0.161611 113.077
550	1	504.045	26052.8	26042.4	10.3739	546	524	300	1	0.0001 Colloc0 546 3711 0.167576 108.684
560	1	512.962	25978.5	25967.8	10.689	527	535	289	2	0.0001 Colloc0 527 3714 0.131529 125.753
570	1	521.757	26045.5	26034.7	10.7832	536	498	326	2	0.0001 Colloc0 536 3709 0.122989 131.071
580	1	530.371	25974.9	25964.5	10.3061	536	531	293	2	0.0001 Colloc0 536 3692 0.191862 105.16
590	1	539.317	26007	25996.8	10.1843	535	516	308	3	0.0001 Colloc0 535 3716 0.167891 98.9824
600	1	548.28	25849.8	25838.9	10.9238	531	552	272	4	0.0001 Colloc0 531 3699 0.0705693 139.181
610	1	557.5	25967.1	25956.1	11.0114	531	541	283	1	0.0001 Colloc0 531 3698 0.119354 144.339
620	1	566.611	25938.4	25928.3	10.1438	537	540	284	2	0.0001 Colloc0 537 3692 0.184042 96.9641
630	1	575.895	25994.2	25984	10.106	542	521	303	3	0.0001 Colloc0 542 3702 0.186404 95.1021
640	1	585.256	25906.1	25895.7	10.4433	534	535	289	4	0.0001 Colloc0 534 3682 0.188559 112.34
650	1	594.31	25803.3	25792.8	10.561	525	544	280	1	0.0001 Colloc0 525 3670 0.139864 118.681
660	1	603.612	25792.9	25782.5	10.3821	522	547	277	3	0.0001 Colloc0 522 3674 0.182284 109.114
670	1	612.935	25937.5	25926.4	11.1551	532	519	305	3	0.0001 Colloc0 532 3663 0.0890006 152.967
680	1	622.23	26058.8	26048.1	10.7024	547	493	331	3	0.0001 Colloc0 547 3673 0.0954352 126.504
690	1	631.446	25919.2	25908.8	10.4034	531	524	300	2	0.0001 Colloc0 531 3662 0.161296 110.233
700	1	640.377	25988.8	25978.1	10.7642	546	530	294	2	0.0001 Colloc0 546 3672 0.147439 129.988
710	1	649.714	25879.4	25869.2	10.2357	534	536	288	1	0.0001 Colloc0 534 3649 0.196296 101.569
720	1	658.774	25962.9	25952.4	10.5224	531	516	308	5	0.0001 Colloc0 531 3656 0.149792 116.582
730	1	667.812	25987.1	25976.8	10.3735	540	509	315	2	0.0001 Colloc0 540 3649 0.166134 108.663
740	1	676.823	25909.1	25898.3	10.78	536	515	309	1	0.0001 Colloc0 536 3660 0.131095 130.889
750	1	686.139	25903	25892.3	10.6091	530	511	313	2	0.0001 Colloc0 530 3652 0.14404 121.316
760	1	695.257	25951.4	25941.2	10.2032	538	528	296	1	0.0001 Colloc0 538 3667 0.226386 99.9274
770	1	704.391	25892	25881.4	10.5667	539	539	285	1	0.0001 Colloc0 539 3660 0.13363 118.992
780	1	713.694	25962.4	25951.9	10.5079	539	508	316	3	0.0001 Colloc0 539 3658 0.157051 115.802
790	1	722.635	25872.1	25860.8	11.2868	531	525	299	3	0.0001 Colloc0 531 3656 0.0400911 161.045
800	1	731.84	25736.4	25726.3	10.1129	521	554	270	1	0.0001 Colloc0 521 3654 0.192044 95.4431
810	1	740.627	25675.1	25664.5	10.5141	516	570	254	2	0.0001 Colloc0 516 3658 0.107595 116.138
820	1	749.8	25758.9	25748.7	10.1925	527	562	262	3	0.0001 Colloc0 527 3644 0.176199 99.3913
830	1	758.868	25829.9	25819.5	10.3854	530	558	266	2	0.0001 Colloc0 530 3647 0.16114 109.285
840	1	767.93	25793.7	25782.8	10.937	523	553	271	3	0.0001 Colloc0 523 3635 0.0859616 139.958
850	1	776.962	25929.4	25918.6	10.803	534	496	328	3	0.0001 Colloc0 534 3623 0.127448 132.2
860	1	786.302	26007.9	25997.1	10.8142	559	499	325	1	0.0001 Colloc0 559 3648 0.103778 132.843
870	1	795.63	26013.6	26003	10.5373	536	498	326	1	0.0001 Colloc0 536 3673 0.113956 117.389
880	1	804.815	25939.5	25928.4	11.0188	536	507	317	4	0.0001 Colloc0 536 3646 0.108898 144.78
890	1	814.041	25824.8	25814.2	10.5992	527	549	275	2	0.0001 Colloc0 527 3658 0.14209 120.77
900	1	823.075	25797.4	25787.3	10.1348	529	542	282	3	0.0001 Colloc0 529 3644 0.221454 96.5217
910	1	832.023	25749.5	25739.1	10.4563	521	567	257	1	0.0001 Colloc0 521 3654 0.179373 113.035
920	1	841.226	25776.1	25765.4	10.7081	527	554	270	1	0.0001 Colloc0 527 3649 0.150348 126.823
930	1	849.85	25729.5	25719	10.5271	521	543	281	2	0.0001 Colloc0 521 3629 0.129858 116.838
940	1	858.598	25845.7	25834.9	10.7458	544	555	269	3	0.0001 Colloc0 544 3653 0.115766 128.948
950	1	867.872	25794.9	25784.6	10.3578	533	543	281	3	0.0001 Colloc0 533 3656 0.15734 107.841
960	1	877.202	25708.1	25697.2	10.8676	524	562	262	2	0.0001 Colloc0 524 3653 0.121004 135.918
970	1	886.337	25877.5	25867.4	10.0579	543	563	261	3	0.0001 Colloc0 543 3660 0.207318 92.7612
980	1	895.55	25852.8	25842.8	10.0578	547	532	292	2	0.0001 Colloc0 547 3616 0.2599 92.7563
990	1	904.823	25868.8	25858	10.7924	532	538	286	2	0.0001 Colloc0 532 3630 0.113957 131.596
1000	1	913.94	25681.8	25671.5	10.3649	531	570	254	2	0.0001 Colloc0 531 3643 0.223574 108.21
1010	1	922.951	25683.3	25673.1	10.2133	531	579	245	2	0.0001 Colloc0 531 3630 0.185292 100.435
1020	1	932.088	25715.9	25706.1	9.8069	531	557	267	1	0.0001 Colloc0 531 3643 0.22464 81.0388
1030	1	940.844	25895	25884.3	10.6709	531	519	305	3	0.0001 Colloc0 531 3621 0.111376 124.738
1040	1	949.746	25805.7	25795.3	10.3957	534	528	296	1	0.0001 Colloc0 534 3632 0.15641 109.823
1050	1	958.643	25713.8	25703.2	10.5652	542	559	265	4	0.0001 Colloc0 542 3603 0.206079 118.907
1060	1	967.807	25827.9	25816.9	10.9371	517	537	287	3	0.0001 Colloc0 517 3649 0.0332589 139.961
1070	1	976.799	25762.4	25752.1	10.2463	521	561	263	2	0.0001 Colloc0 521 3639 0.155916 102.106
1080	1	986.222	25810.9	25800.3	10.5311	543	537	287	2	0.0001 Colloc0 543 3611 0.168804 117.056
1090	1	995.059	25896	25884.9	11.1727	551	526	298	2	0.0001 Colloc0 551 3599 0.0742568 154.033
1100	1	1003.83	25895.5	25884.4	11.016	542	545	279	3	0.0001 Colloc0 542 3645 0.0729797 144.614
1110	1	1013.12	25753.2	25742.4	10.814	536	547	277	1	0.0001 Colloc0 536 3623 0.12747 132.827
1120	1	1021.91	25653.1	25643.2	9.8857	521	568	256	1	0.0001 Colloc0 521 3597 0.234859 84.6284
1130	1	1031.19	25698.1	25687.3	10.7383	521	566	258	1	0.0001 Colloc0 521 3636 0.141602 128.524
1140	1	1040.22	25859.5	25849	10.5513	540	525	299	3	0.0001 Colloc0 540 3610 0.150863 118.149
1150	1	1049	25909	25898.4	10.5451	529	530	294	2	0.0001 Colloc0 529 3651 0.148959 117.815
1160	1	1057.98	25814.3	25804.2	10.1427	544	526	298	2	0.0001 Colloc0 544 3648 0.194318 96.9132
1170	1	1066.96	25773.2	25762.3	10.9517	541	534	290	3	0.0001 Colloc0 541 3636 0.0917658 140.818
1180	1	1076	25664.9	25654.9	9.90767	538	573	251	3	0.0001 Colloc0 538 3640 0.249524 85.6439
1190	1	1084.95	25610.9	25600.6	10.2974	526	592	232	4	0.0001 Colloc0 526 3639 0.198 104.714
1200	1	1093.91	25839.7	25829.5	10.1483	549	535	289	2	0.0001 Colloc0 549 3642 0.192493 97.189
1210	1	1102.97	25760.7	25750.4	10.3754	518	510	314	6	0.0001 Colloc0 518 3644 0.185504 108.761
1220	1	1112.04	25914.4	25903.5	10.8502	536	492	332	5	0.0001 Colloc0 536 3655 0.103709 134.91
1230	1	1121.27	25674.7	25664.2	10.5187	520	540	284	3	0.0001 Colloc0 520 3651 0.111975 116.383
1240	1	1130.12	25913.6	25902.7	10.8168	537	494	330	1	0.0001 Colloc0 537 3651 0.121945 132.991
1250	1	1139.48	25863.9	25853.2	10.6886	536	475	349	1	0.0001 Colloc0 536 3648 0.116312 125.726
1260	1	1148.74	25887.6	25877.1	10.5216	520	483	341	2	0.0001 Colloc0 520 3641 0.135968 116.541
1270	1	1157.88	25759.3	25748.6	10.7669	528	520	304	1	0.0001 Colloc0 528 3607 0.12999 130.145
1280	1	1167.1	25789.9	25779.6	10.3147	553	518	306	2	0.0001 Colloc0 553 3632 0.195421 105.608
1290	1	1176.27	25769.9	25759.6	10.297	533	519	305	1	0.0001 Colloc0 533 3620 0.133828 104.692
1300	1	1185.64	25752.8	25741.7	11.1175	526	520	304	3	0.0001 Colloc0 526 3635 0.0303334 150.69
1310	1	1194.82	25840.2	25829.4	10.7768	529	527	297	2	0.0001 Colloc0 529 3656 0.134994 130.708
1320	1	1203.72	25683.9	25673.3	10.5967	543	549	275	3	0.0001 Colloc0 543 3632 0.181131 120.634
1330	1	1212.67	25654	25643.2	10.8601	533	580	244	2	0.0001 Colloc0 533 3614 0.058966 135.482
1340	1	1221.49	25695.9	25686	9.91624	534	543	281	2	0.0001 Colloc0 534 3597 0.213736 86.0422
1350	1	1230.49	25601.3	25590.2	11.111	516	550	274	2	0.0001 Colloc0 516 3620 0.0571727 150.298
1360	1	1239.91	25785.8	25774.7	11.1674	547	532	292	1	0.0001 Colloc0 547 3610 0.0694664 153.711
1370	1	1248.85	25711	25700.3	10.7052	529	546	278	3	0.0001 Colloc0 529 3610 0.0994342 126.661
1380	1	1258.24	25673.7	25663.3	10.4112	535	565	259	1	0.0001 Colloc0 535 3600 0.169391 110.642
1390	1	1267.52	25629.7	25619.1	10.6036	544	562	262	1	0.0001 Colloc0 544 3595 0.151568 121.012
1400	1	1276.68	25666.1	25656.2	9.99115	538	541	283	4	0.0001 Colloc0 538 3600 0.220695 89.5629
1410	1	1285.59	25739.9	25729.2	10.6708	529	545	279	2	0.0001 Colloc0 529 3629 0.129997 124.734
1420	1	1294.34	25590	25579.4	10.6583	524	577	247	2	0.0001 Colloc0 524 3610 0.105042 124.037
1430	1	1303.36	25677.3	25666.7	10.6509	540	549	275	3	0.0001 Colloc0 540 3602 0.153834 123.627
1440	1	1312.53	25695.6	25685.2	10.3054	546	549	275	1	0.0001 Colloc0 546 3604 0.20629 105.124
1450	1	1321.57	25647.3	25636.8	10.4539	519	558	266	2	0.0001 Colloc0 519 3591 0.150657 112.907
1460	1	1330.28	25800.6	25790	10.6022	543	538	286	2	0.0001 Colloc0 543 3612 0.133995 120.938
1470	1	1338.89	25685.1	25674.2	10.858	534	557	267	2	0.0001 Colloc0 534 3620 0.112414 135.36
1480	1	1348.01	25805.4	25794.9	10.4991	545	505	319	4	0.0001 Colloc0 545 3620 0.13271 115.325
1490	1	1357.23	25690.9	25680.3	10.6133	538	539	285	1	0.0001 Colloc0 538 3607 0.12117 121.547
1500	1	1366.13	25727.9	25718	9.88748	534	554	270	2	0.0001 Colloc0 534 3617 0.220738 84.7101
1510	1	1375.12	25700.7	25689.9	10.8266	527	541	283	3	0.0001 Colloc0 527 3598 0.112334 133.553
1520	1	1384.13	25741.3	25730.5	10.7981	524	546	278	3	0.0001 Colloc0 524 3623 0.0946526 131.92
1530	1	1393.32	25765.4	25754.6	10.7861	535	531	293	3	0.0001 Colloc0 535 3608 0.172013 131.237
1540	1	1402.17	25767.8	25757.7	10.0812	530	528	296	2	0.0001 Colloc0 530 3609 0.206188 93.8951
1550	1	1411.25	25780.5	25769.8	10.7452	537	537	287	1	0.0001 Colloc0 537 3622 0.158771 128.91
1560	1	1420.44	25611.6	25601.5	10.0129	536	581	243	3	0.0001 Colloc0 536 3609 0.228107 90.5986
1570	1	1429.72	25649.6	25639	10.6422	523	560	264	2	0.0001 Colloc0 523 3627 0.105172 123.145
1580	1	1438.89	25756.3	25745.9	10.3948	538	524	300	1	0.0001 Colloc0 538 3598 0.167649 109.776
1590	1	1447.9	25880.1	25869.7	10.3685	557	519	305	4	0.0001 Colloc0 557 3610 0.182255 108.4
1600	1	1456.82	25522.3	25512.7	9.57354	521	559	265	2	0.0001 Colloc0 521 3585 0.256151 70.9146
1610	1	1466.11	25521	25510.8	10.266	535	569	255	2	0.0001 Colloc0 535 3612 0.216336 103.109
1620	1	1475.11	25519.3	25508.9	10.3923	529	584	240	3	0.0001 Colloc0 529 3612 0.164744 109.647
1630	1	1484.43	25586.4	25575.8	10.5954	542	582	242	2	0.0001 Colloc0 542 3635 0.169058 120.565
1640	1	1493.61	25678.9	25668.7	10.1826	555	559	265	3	0.0001 Colloc0 555 3606 0.220989 98.8965
1650	1	1502.74	25791.3	25780.7	10.6036	543	541	283	6	0.0001 Colloc0 543 3615 0.160813 121.015
1660	1	1511.65	25613.9	25603.2	10.7476	543	546	278	3	0.0001 Colloc0 543 3595 0.14637 129.05
1670	1	1520.38	25517.3	25506.7	10.5907	526	594	230	1	0.0001 Colloc0 526 3605 0.154284 120.304
1680	1	1529.07	25566.6	25555.6	10.9445	511	576	248	2	0.0001 Colloc0 511 3626 0.092722 140.396
1690	1	1537.93	25612.4	25602.6	9.75648	538	557	267	2	0.0001 Colloc0 538 3596 0.225908 78.7868
1700	1	1547.15	25534.5	25523.9	10.631	523	571	253	1	0.0001 Colloc0 523 3585 0.11348 122.522
1710	1	1556.28	25501.6	25491.4	10.1707	524	583	241	2	0.0001 Colloc0 524 3583 0.174273 98.3014
1720	1	1565.34	25738.8	25727.9	10.9237	548	526	298	2	0.0001 Colloc0 548 3607 0.0974798 139.177
1730	1	1574.54	25498.6	25488.2	10.3935	535	568	256	1	0.0001 Colloc0 535 3567 0.210607 109.711
1740	1	1583.73	25567.7	25557	10.7404	529	586	238	1	0.0001 Colloc0 529 3576 0.088452 128.643
1750	1	1592.81	25519.3	25508.6	10.7023	522	571	253	2	0.0001 Colloc0 522 3570 0.115272 126.495
1760	1	1601.75	25602.8	25591.9	10.958	517	555	269	3	0.0001 Colloc0 517 3571 0.0574244 141.186
1770	1	1610.4	25570	25559	11.0349	523	567	257	2	0.0001 Colloc0 523 3570 0.0907513 145.74
1780	1	1619.02	25696	25685.6	10.402	543	529	295	2	0.0001 Colloc0 543 3591 0.163219 110.157
1790	1	1627.61	25536.3	25525.8	10.4967	526	573	251	3	0.0001 Colloc0 526 3572 0.137359 115.196
1800	1	1636.49	25578.1	25567.2	10.8418	538	575	249	1	0.0001 Colloc0 538 3578 0.128721 134.429
1810	1	1645.61	25645.9	25635.7	10.2987	531	556	268	2	0.0001 Colloc0 531 3575 0.146467 104.784
1820	1	1654.74	25663.6	25652.5	11.1205	539	562	262	2	0.0001 Colloc0 539 3580 0.0917376 150.871
1830	1	1663.64	25624	25612.9	11.0176	525	546	278	1	0.0001 Colloc0 525 3567 0.072667 144.708
1840	1	1672.82	25601.7	25591.3	10.3888	538	553	271	2	0.0001 Colloc0 538 3542 0.161045 109.465
1850	1	1681.96	25712.5	25701.5	10.9936	549	551	273	1	0.0001 Colloc0 549 3575 0.104952 143.284
1860	1	1690.87	25650.4	25639.3	11.0866	553	552	272	1	0.0001 Colloc0 553 3565 0.0621716 148.827
1870	1	1699.72	25550.7	25539.9	10.7921	530	556	268	2	0.0001 Colloc0 530 3560 0.110333 131.576
1880	1	1708.72	25602.4	25591.3	11.0601	534	565	259	1	0.0001 Colloc0 534 3559 0.0873449 147.244
1890	1	1717.81	25632.2	25621.4	10.8265	539	568	256	1	0.0001 Colloc0 539 3529 0.116307 133.545
1900	1	1726.94	25649.2	25638.3	10.9254	536	551	273	3	0.0001 Colloc0 536 3550 0.0643318 139.279
1910	1	1735.71	25628.9	25618.1	10.7929	541	575	249	4	0.0001 Colloc0 541 3560 0.135376 131.625
1920	1	1744.65	25591	25580.3	10.6957	522	565	259	2	0.0001 Colloc0 522 3565 0.120906 126.124
1930	1	1753.72	25555.3	25544.2	11.0262	528	572	252	1	0.0001 Colloc0 528 3555 0.0747823 145.22
1940	1	1763.01	25535.2	25524.6	10.5971	534	564	260	2	0.0001 Colloc0 534 3564 0.14177 120.657
1950	1	1771.94	25515.4	25504.4	10.9794	530	572	252	2	0.0001 Colloc0 530 3534 0.119007 142.447
1960	1	1780.88	25548.1	25537.5	10.6079	534	580	244	2	0.0001 Colloc0 534 3539 0.146603 121.252
1970	1	1790.04	25437.5	25426.9	10.6439	526	623	201	3	0.0001 Colloc0 526 3538 0.16753 123.237
1980	1	1798.96	25461.1	25450.4	10.6297	522	600	224	1	0.0001 Colloc0 522 3571 0.144712 122.45
1990	1	1807.93	25633.5	25623.1	10.3503	541	547	277	3	0.0001 Colloc0 541 3582 0.203273 107.451
2000	1	1816.71	25729.8	25718.9	10.8821	542	547	277	4	0.0001 Colloc0 542 3593 0.177114 136.756
