# D = 0, E = 1, I = 1, P = 1, R = -1, n = 2000, N = 1, P = 1, w = 1, a = 0.0001, b = 10000, e = 1, f = 1, g = 100, h = 0.01, r = 3892, s = 1, S = 0, x = 10, m = 100, Z = 1, z = 0, T = 1, t = 1
# 9629 tokens in 824 sentences
#
# It	Temp	Time	-logP	-logPcorpus	-logPrior	tables	same	changed	reject	default_pya	(parent pym pyn pya pyb)*
0	1	0.688895	33618.1	33504.3	113.764	1779	0	824	0	0.0001 Colloc0 1779 3333 0.0001 10000
10	1	9.97148	26420.6	26409.3	11.3231	629	410	414	1	0.0001 Colloc0 629 3385 0.0760295 163.298
20	1	18.9151	26181.7	26170.3	11.3992	626	459	365	0	0.0001 Colloc0 626 3407 0.0837746 168.06
30	1	27.7438	25980.1	25968.4	11.7374	587	499	325	1	0.0001 Colloc0 587 3416 0.0241335 189.825
40	1	36.7374	25891.9	25880.5	11.3852	589	509	315	1	0.0001 Colloc0 589 3424 0.108902 167.179
50	1	45.724	25789.3	25777.7	11.6105	589	533	291	3	0.0001 Colloc0 589 3424 0.0280274 181.549
60	1	54.4807	25747.2	25735.9	11.3404	579	509	315	2	0.0001 Colloc0 579 3412 0.0374321 164.373
70	1	63.4963	25732.8	25721.3	11.5065	590	535	289	3	0.0001 Colloc0 590 3403 0.0583019 174.864
80	1	72.427	25776	25765	11.0365	582	516	308	0	0.0001 Colloc0 582 3414 0.109464 145.831
90	1	81.3526	25733.5	25722.1	11.3595	574	528	296	2	0.0001 Colloc0 574 3420 0.0421113 165.565
100	1	90.4393	25723.7	25711.9	11.827	601	515	309	0	0.0001 Colloc0 601 3385 0.0725179 195.741
110	1	99.2189	25592.6	25581.6	11.0564	578	564	260	1	0.0001 Colloc0 578 3389 0.114825 147.021
120	1	108.072	25757.9	25746.9	10.9193	575	526	298	0	0.0001 Colloc0 575 3407 0.129874 138.919
130	1	116.924	25581.1	25569.8	11.2837	567	541	283	1	0.0001 Colloc0 567 3395 0.0930234 160.85
140	1	125.608	25579.8	25568.4	11.4117	581	547	277	2	0.0001 Colloc0 581 3410 0.108049 168.85
150	1	134.499	25708.4	25697.5	10.8783	575	533	291	1	0.0001 Colloc0 575 3409 0.151777 136.537
160	1	143.373	25573.4	25562.2	11.1964	568	530	294	1	0.0001 Colloc0 568 3390 0.106526 155.483
170	1	152.163	25604.2	25592.7	11.4896	574	548	276	3	0.0001 Colloc0 574 3399 0.00336338 173.784
180	1	160.971	25624.1	25612.8	11.2342	576	538	286	1	0.0001 Colloc0 576 3418 0.101233 157.795
190	1	169.699	25297	25286.3	10.7946	548	579	245	1	0.0001 Colloc0 548 3367 0.0977614 131.723
200	1	178.492	25374.4	25362.9	11.5048	551	558	266	0	0.0001 Colloc0 551 3392 0.0449755 174.754
210	1	187.386	25524	25512.6	11.4454	569	553	271	2	0.0001 Colloc0 569 3397 0.0725555 170.976
220	1	196.372	25384.1	25373.1	11.0134	561	566	258	3	0.0001 Colloc0 561 3395 0.124124 144.46
230	1	205.471	25538.8	25527.7	11.052	576	542	282	3	0.0001 Colloc0 576 3386 0.118025 146.758
240	1	214.507	25404.4	25393.6	10.7181	559	537	287	2	0.0001 Colloc0 559 3361 0.141823 127.382
250	1	223.431	25567.4	25556.1	11.2955	558	542	282	2	0.0001 Colloc0 558 3384 0.0814458 161.58
260	1	232.388	25478.7	25467.4	11.3147	554	557	267	4	0.0001 Colloc0 554 3400 0.0480846 162.771
270	1	241.459	25488.9	25477.3	11.6325	570	544	280	3	0.0001 Colloc0 570 3395 0.0156544 182.97
280	1	250.426	25500	25488.9	11.0288	555	543	281	1	0.0001 Colloc0 555 3377 0.125749 145.373
290	1	259.595	25513.2	25502.2	11.0513	575	551	273	1	0.0001 Colloc0 575 3363 0.110137 146.717
300	1	268.493	25562.1	25550.6	11.5418	569	529	295	1	0.0001 Colloc0 569 3415 0.0120422 177.119
310	1	277.344	25457.6	25446.8	10.8222	560	576	248	0	0.0001 Colloc0 560 3405 0.130102 133.299
320	1	286.326	25394.6	25383.3	11.2529	552	555	269	1	0.0001 Colloc0 552 3368 0.0881846 158.946
330	1	295.253	25552.9	25541.3	11.5723	564	533	291	3	0.0001 Colloc0 564 3390 0.0172255 179.084
340	1	305.045	25638.8	25627	11.8151	576	512	312	0	0.0001 Colloc0 576 3382 0.00591782 194.955
350	1	313.629	25460.9	25449.9	11.0401	564	549	275	0	0.0001 Colloc0 564 3391 0.0858653 146.048
360	1	322.721	25551.9	25541.1	10.7687	573	535	289	2	0.0001 Colloc0 573 3402 0.108753 130.246
370	1	331.662	25587.4	25576.8	10.6359	575	544	280	0	0.0001 Colloc0 575 3404 0.128154 122.795
380	1	340.69	25477.5	25466.1	11.3442	556	541	283	0	0.0001 Colloc0 556 3358 0.0882112 164.614
390	1	349.567	25413.6	25402.6	10.9604	567	550	274	4	0.0001 Colloc0 567 3362 0.128635 141.328
400	1	358.285	25375.6	25363.9	11.723	568	568	256	1	0.0001 Colloc0 568 3362 0.0195848 188.878
410	1	366.969	25471.3	25460	11.3743	577	545	279	0	0.0001 Colloc0 577 3371 0.099696 166.497
420	1	375.905	25392.3	25381.9	10.3927	565	567	257	1	0.0001 Colloc0 565 3351 0.225555 109.67
430	1	384.844	25415.5	25404.6	10.9222	576	544	280	4	0.0001 Colloc0 576 3356 0.141474 139.088
440	1	393.668	25440.5	25429.5	11.0397	564	563	261	3	0.0001 Colloc0 564 3376 0.156305 146.025
450	1	402.663	25398.8	25387.4	11.3969	562	577	247	1	0.0001 Colloc0 562 3368 0.0643816 167.915
460	1	411.626	25385.7	25374.4	11.2533	582	539	285	3	0.0001 Colloc0 582 3325 0.108151 158.97
470	1	420.575	25321	25310.4	10.6095	551	567	257	1	0.0001 Colloc0 551 3338 0.172198 121.339
480	1	429.497	25331.6	25320.3	11.3192	553	560	264	0	0.0001 Colloc0 553 3345 0.0406606 163.056
490	1	438.483	25525.7	25514.4	11.3261	572	532	292	0	0.0001 Colloc0 572 3352 0.0987882 163.483
500	1	447.408	25216.6	25206.2	10.4246	561	580	244	1	0.0001 Colloc0 561 3318 0.18112 111.349
510	1	456.331	25460.1	25449	11.0887	562	530	294	0	0.0001 Colloc0 562 3343 0.0940853 148.954
520	1	465.203	25257.3	25246.4	10.8683	562	557	267	1	0.0001 Colloc0 562 3319 0.136385 135.956
530	1	474.019	25165.8	25154.5	11.2409	552	590	234	0	0.0001 Colloc0 552 3325 0.0700432 158.212
540	1	482.9	25225.2	25213.5	11.7401	572	576	248	0	0.0001 Colloc0 572 3319 0.0299931 189.998
550	1	491.752	25178.6	25167	11.642	554	582	242	1	0.0001 Colloc0 554 3336 0.0600657 183.589
560	1	500.744	25129.5	25118.8	10.6536	555	593	231	0	0.0001 Colloc0 555 3318 0.1738 123.778
570	1	509.586	25235.2	25224.7	10.4455	551	577	247	0	0.0001 Colloc0 551 3342 0.18479 112.46
580	1	518.55	25124.7	25113.6	11.0344	563	588	236	2	0.0001 Colloc0 563 3288 0.12499 145.71
590	1	527.454	25136.9	25126.2	10.7623	566	588	236	1	0.0001 Colloc0 566 3308 0.153741 129.882
600	1	536.48	25059.5	25048.5	10.9887	561	593	231	3	0.0001 Colloc0 561 3292 0.117088 142.995
610	1	545.498	25088.5	25077.2	11.2815	551	589	235	3	0.0001 Colloc0 551 3291 0.0785403 160.715
620	1	554.379	25139.5	25128.6	10.8923	547	572	252	2	0.0001 Colloc0 547 3320 0.106931 137.348
630	1	563.252	25193.6	25182.6	10.949	568	560	264	3	0.0001 Colloc0 568 3310 0.133911 140.657
640	1	572.213	25100.2	25090	10.2031	560	579	245	3	0.0001 Colloc0 560 3300 0.20965 99.922
650	1	581.082	25148.6	25137.6	10.9818	554	580	244	2	0.0001 Colloc0 554 3308 0.141118 142.589
660	1	589.909	25091.4	25080.6	10.7839	552	583	241	4	0.0001 Colloc0 552 3315 0.127563 131.111
670	1	598.766	25135.8	25124.3	11.4948	563	589	235	2	0.0001 Colloc0 563 3319 0.08074 174.116
680	1	607.535	25040.5	25029.3	11.2683	547	600	224	3	0.0001 Colloc0 547 3315 0.0291809 159.898
690	1	616.401	25150.9	25139.4	11.4243	565	577	247	1	0.0001 Colloc0 565 3312 0.0956848 169.641
700	1	625.134	24986	24974.6	11.4412	532	601	223	2	0.0001 Colloc0 532 3304 0.0181141 170.711
710	1	633.835	25098.6	25088.1	10.5197	563	574	250	2	0.0001 Colloc0 563 3296 0.189665 116.439
720	1	642.81	25053.2	25042.2	10.9573	549	608	216	2	0.0001 Colloc0 549 3332 0.118127 141.148
730	1	651.449	24940.5	24929.2	11.3142	538	631	193	5	0.0001 Colloc0 538 3301 0.0805862 162.742
740	1	660.303	24957.1	24945.6	11.4537	529	623	201	2	0.0001 Colloc0 529 3300 0.0566381 171.504
750	1	669.145	25126.4	25115.5	10.8884	554	559	265	1	0.0001 Colloc0 554 3320 0.0818465 137.121
760	1	678.058	25121.2	25110.1	11.1582	561	573	251	2	0.0001 Colloc0 561 3292 0.0933703 153.156
770	1	687.042	25109.2	25098.3	10.8456	563	573	251	4	0.0001 Colloc0 563 3281 0.128728 134.644
780	1	696.173	24973.3	24962	11.2497	554	617	207	2	0.0001 Colloc0 554 3269 0.107007 158.752
790	1	705.143	24964.1	24953.5	10.6395	547	619	205	1	0.0001 Colloc0 547 3285 0.131017 122.996
800	1	713.954	24912.2	24901	11.2209	531	636	188	1	0.0001 Colloc0 531 3281 0.0803466 156.978
810	1	722.884	24923	24911.9	11.1047	539	626	198	2	0.0001 Colloc0 539 3282 0.117021 149.918
820	1	731.499	24944	24932.7	11.3351	546	626	198	1	0.0001 Colloc0 546 3287 0.0843601 164.046
830	1	740.382	24950.4	24939.1	11.3323	555	616	208	1	0.0001 Colloc0 555 3265 0.0650944 163.867
840	1	749.247	24906.9	24895.8	11.1439	541	621	203	2	0.0001 Colloc0 541 3258 0.0855365 152.285
850	1	758.136	25047.9	25036.8	11.0698	573	591	233	2	0.0001 Colloc0 573 3259 0.100573 147.822
860	1	766.884	24947.2	24936.4	10.8086	555	615	209	1	0.0001 Colloc0 555 3255 0.161077 132.522
870	1	775.854	24952.8	24941.6	11.1626	563	595	229	2	0.0001 Colloc0 563 3266 0.0861595 153.422
880	1	784.592	24993.4	24982.1	11.3196	562	594	230	1	0.0001 Colloc0 562 3265 0.068944 163.076
890	1	793.399	24882.3	24870.7	11.5958	547	603	221	3	0.0001 Colloc0 547 3254 0.011277 180.598
900	1	802.318	25011.2	25000	11.1891	559	591	233	2	0.0001 Colloc0 559 3255 0.0797733 155.036
910	1	811.161	24978.8	24967.1	11.7169	557	578	246	1	0.0001 Colloc0 557 3257 0.0351379 188.477
920	1	819.822	25034.3	25023.4	10.9084	550	586	238	1	0.0001 Colloc0 550 3250 0.0635972 138.285
930	1	828.592	25183.4	25171.9	11.4536	571	555	269	2	0.0001 Colloc0 571 3278 0.0776356 171.499
940	1	837.698	25019.8	25009.3	10.5052	571	576	248	2	0.0001 Colloc0 571 3280 0.208375 115.658
950	1	846.427	24925.7	24914	11.7066	555	593	231	3	0.0001 Colloc0 555 3250 0.0236721 187.805
960	1	855.138	24984.2	24973.2	10.9727	540	586	238	1	0.0001 Colloc0 540 3254 0.0992461 142.054
970	1	863.945	24961.7	24950.7	11.0251	556	595	229	2	0.0001 Colloc0 556 3280 0.153275 145.152
980	1	872.928	25010.1	24998.6	11.4456	563	590	234	2	0.0001 Colloc0 563 3269 0.0920142 170.987
990	1	881.824	24985.6	24974	11.598	552	608	216	4	0.0001 Colloc0 552 3261 0.0442403 180.742
1000	1	890.711	24888.5	24877.1	11.4136	544	614	210	1	0.0001 Colloc0 544 3265 0.0395729 168.969
1010	1	899.631	24833.5	24822.6	10.9064	540	653	171	3	0.0001 Colloc0 540 3258 0.0840109 138.171
1020	1	908.456	24921	24910	10.9982	539	607	217	0	0.0001 Colloc0 539 3273 0.102742 143.558
1030	1	917.471	24939.1	24927.7	11.3656	549	576	248	1	0.0001 Colloc0 549 3263 0.0991731 165.947
1040	1	926.399	24909.4	24898.2	11.1842	538	612	212	2	0.0001 Colloc0 538 3274 0.0688998 154.736
1050	1	935.177	24940.7	24929.2	11.4383	558	597	227	1	0.0001 Colloc0 558 3260 0.0403888 170.525
1060	1	944.058	25158.1	25147.7	10.4146	576	555	269	2	0.0001 Colloc0 576 3272 0.20421 110.823
1070	1	953.003	25117.8	25106.5	11.2748	560	530	294	2	0.0001 Colloc0 560 3261 0.115743 160.299
1080	1	961.785	25090.9	25079.3	11.5918	562	573	251	2	0.0001 Colloc0 562 3276 0.0451791 180.341
1090	1	970.693	24992.4	24981.3	11.1007	543	569	255	2	0.0001 Colloc0 543 3255 0.0959527 149.675
1100	1	979.371	25009.5	24998.1	11.4394	553	575	249	3	0.0001 Colloc0 553 3223 0.0365135 170.597
1110	1	988.258	25017	25005.6	11.395	558	581	243	2	0.0001 Colloc0 558 3257 0.0410296 167.795
1120	1	997.107	24942.7	24931.4	11.2428	553	576	248	2	0.0001 Colloc0 553 3240 0.066627 158.329
1130	1	1006.22	24931.3	24919.8	11.4336	557	592	232	3	0.0001 Colloc0 557 3256 0.063893 170.231
1140	1	1015.13	24847.2	24836.2	11.0239	548	615	209	1	0.0001 Colloc0 548 3240 0.100468 145.083
1150	1	1024.06	24964.7	24953.1	11.5286	546	581	243	4	0.0001 Colloc0 546 3226 0.0365455 176.275
1160	1	1032.93	24970.6	24959.2	11.339	567	593	231	3	0.0001 Colloc0 567 3251 0.0933909 164.285
1170	1	1041.96	24913.5	24902.9	10.6014	564	589	235	2	0.0001 Colloc0 564 3228 0.191122 120.89
1180	1	1050.8	24959.7	24948.4	11.3449	546	591	233	2	0.0001 Colloc0 546 3277 0.0603444 164.652
1190	1	1059.69	24924	24912.9	11.124	545	602	222	3	0.0001 Colloc0 545 3261 0.109127 151.081
1200	1	1068.66	24904.4	24893.2	11.2261	553	622	202	3	0.0001 Colloc0 553 3263 0.0852248 157.299
1210	1	1077.57	24978	24966.7	11.2862	551	559	265	3	0.0001 Colloc0 551 3255 0.0644444 161.007
1220	1	1086.5	24902.9	24891.6	11.3155	553	617	207	3	0.0001 Colloc0 553 3241 0.0781802 162.825
1230	1	1095.53	24882.4	24871.7	10.6898	548	609	215	4	0.0001 Colloc0 548 3257 0.176873 125.794
1240	1	1104.52	24846.3	24835.8	10.4971	553	609	215	3	0.0001 Colloc0 553 3257 0.169201 115.219
1250	1	1113.3	24932.9	24921.8	11.0336	540	610	214	1	0.0001 Colloc0 540 3280 0.0832429 145.661
1260	1	1122.32	24933.9	24923.1	10.824	542	601	223	2	0.0001 Colloc0 542 3251 0.143864 133.401
1270	1	1131.38	24914.1	24903.6	10.5304	556	602	222	2	0.0001 Colloc0 556 3247 0.159608 117.016
1280	1	1140.2	24924.7	24913.8	10.8739	557	597	227	2	0.0001 Colloc0 557 3260 0.125826 136.283
1290	1	1149.13	25067.8	25057.1	10.6587	564	578	246	1	0.0001 Colloc0 564 3286 0.17421 124.059
1300	1	1158	24967.7	24956.7	10.9765	551	578	246	3	0.0001 Colloc0 551 3240 0.112353 142.278
1310	1	1166.79	24929.7	24918.1	11.608	558	616	208	1	0.0001 Colloc0 558 3275 0.0425953 181.384
1320	1	1175.56	24876.5	24865.5	11.089	552	623	201	1	0.0001 Colloc0 552 3264 0.0767545 148.976
1330	1	1184.51	24952.3	24941.4	10.9483	552	589	235	2	0.0001 Colloc0 552 3288 0.14189 140.616
1340	1	1193.34	24931.6	24921.1	10.5011	560	594	230	2	0.0001 Colloc0 560 3240 0.17622 115.435
1350	1	1202.4	24997.4	24985.9	11.562	548	586	238	1	0.0001 Colloc0 548 3277 0.0187924 178.416
1360	1	1211.39	24907.4	24896.5	10.9409	548	585	239	1	0.0001 Colloc0 548 3257 0.0968931 140.186
1370	1	1220.34	25016.9	25005.8	11.0863	549	576	248	1	0.0001 Colloc0 549 3302 0.0747107 148.813
1380	1	1229.19	24888.9	24878.3	10.6719	558	608	216	2	0.0001 Colloc0 558 3255 0.152639 124.795
1390	1	1238.14	24969.9	24958.5	11.3606	557	599	225	1	0.0001 Colloc0 557 3288 0.0811935 165.635
1400	1	1247.04	24946.1	24934.9	11.2032	560	579	245	2	0.0001 Colloc0 560 3284 0.0699585 155.894
1410	1	1255.99	24806.5	24795	11.5203	540	622	202	1	0.0001 Colloc0 540 3216 0.0103507 175.742
1420	1	1264.93	24755.8	24744.9	10.8415	532	627	197	2	0.0001 Colloc0 532 3253 0.119623 134.407
1430	1	1273.87	24858.6	24847.8	10.8003	555	603	221	2	0.0001 Colloc0 555 3261 0.150041 132.045
1440	1	1282.74	24908.7	24897.7	10.9525	552	614	210	4	0.0001 Colloc0 552 3251 0.128263 140.865
1450	1	1291.69	24756.6	24745.9	10.708	549	616	208	2	0.0001 Colloc0 549 3241 0.167861 126.813
1460	1	1300.72	24780	24768.5	11.4479	546	614	210	4	0.0001 Colloc0 546 3254 0.0144293 171.137
1470	1	1309.51	24867.9	24856.8	11.1084	548	601	223	2	0.0001 Colloc0 548 3250 0.106659 150.143
1480	1	1318.31	24910.1	24899.1	11.0145	556	597	227	1	0.0001 Colloc0 556 3258 0.112509 144.523
1490	1	1327.26	24950.5	24939.1	11.3875	564	586	238	2	0.0001 Colloc0 564 3279 0.0825508 167.326
1500	1	1336.22	24866.6	24855	11.6051	552	608	216	1	0.0001 Colloc0 552 3239 0.00493154 181.197
1510	1	1345.15	24917.1	24906.1	10.9728	563	582	242	1	0.0001 Colloc0 563 3239 0.109942 142.056
1520	1	1354.06	24934.3	24923.2	11.1437	548	583	241	1	0.0001 Colloc0 548 3266 0.0821237 152.276
1530	1	1363.1	24969.2	24958	11.1403	557	593	231	2	0.0001 Colloc0 557 3269 0.128614 152.069
1540	1	1371.98	25041.6	25030.2	11.3739	560	571	253	3	0.0001 Colloc0 560 3262 0.0387457 166.468
1550	1	1380.82	24897.6	24886.2	11.3756	551	608	216	1	0.0001 Colloc0 551 3265 0.0791698 166.576
1560	1	1389.56	24901.8	24890.5	11.3433	542	591	233	2	0.0001 Colloc0 542 3254 0.0489836 164.555
1570	1	1398.34	24845.7	24834.1	11.599	537	596	228	1	0.0001 Colloc0 537 3264 0.0325375 180.805
1580	1	1407.21	24891.4	24880.8	10.6051	555	603	221	3	0.0001 Colloc0 555 3252 0.161083 121.093
1590	1	1416.07	24794.5	24783.7	10.8244	530	619	205	1	0.0001 Colloc0 530 3255 0.137519 133.427
1600	1	1424.84	24763.5	24753	10.5068	548	621	203	1	0.0001 Colloc0 548 3229 0.153799 115.741
1610	1	1433.58	24850.2	24839.7	10.5699	563	592	232	1	0.0001 Colloc0 563 3237 0.199915 119.164
1620	1	1442.48	24820	24808.7	11.3085	529	615	209	4	0.0001 Colloc0 529 3249 0.0487941 162.387
1630	1	1451.47	24837	24825.7	11.2801	547	599	225	1	0.0001 Colloc0 547 3256 0.101082 160.628
1640	1	1460.37	24890.4	24879	11.4238	544	614	210	2	0.0001 Colloc0 544 3270 0.0455695 169.609
1650	1	1469.11	24877	24865.6	11.3546	535	608	216	3	0.0001 Colloc0 535 3280 0.0195646 165.261
1660	1	1477.99	24868.3	24857	11.2899	549	599	225	1	0.0001 Colloc0 549 3249 0.0527145 161.232
1670	1	1486.89	24890.1	24879.1	10.9328	550	587	237	2	0.0001 Colloc0 550 3230 0.0883897 139.712
1680	1	1495.7	24830	24818.5	11.4808	543	604	220	2	0.0001 Colloc0 543 3233 0.0652147 173.222
1690	1	1504.49	24893.2	24881.8	11.3717	550	580	244	2	0.0001 Colloc0 550 3256 0.0504595 166.333
1700	1	1513.24	24940.6	24929.4	11.2371	556	579	245	3	0.0001 Colloc0 556 3270 0.0824477 157.977
1710	1	1521.89	24970.8	24959.5	11.2803	567	567	257	1	0.0001 Colloc0 567 3269 0.123449 160.637
1720	1	1530.62	24887.6	24875.9	11.7258	556	599	225	1	0.0001 Colloc0 556 3251 0.00721634 189.06
1730	1	1539.46	24878.1	24867.4	10.6834	555	587	237	1	0.0001 Colloc0 555 3246 0.128547 125.439
1740	1	1548.31	24903.4	24891.8	11.6431	559	607	217	1	0.0001 Colloc0 559 3258 0.0751689 183.658
1750	1	1557.1	24869.2	24857.9	11.3248	557	590	234	2	0.0001 Colloc0 557 3250 0.0694501 163.402
1760	1	1565.85	24848.4	24837.5	10.8291	548	599	225	1	0.0001 Colloc0 548 3233 0.108018 133.694
1770	1	1574.64	24861.4	24850.4	11.0096	536	593	231	3	0.0001 Colloc0 536 3266 0.0919884 144.233
1780	1	1583.27	24933.4	24922.4	10.9773	546	589	235	4	0.0001 Colloc0 546 3260 0.139754 142.323
1790	1	1591.99	24886.7	24875.1	11.6557	567	590	234	2	0.0001 Colloc0 567 3252 0.0309869 184.481
1800	1	1600.71	24820.5	24809.2	11.3122	552	600	224	3	0.0001 Colloc0 552 3247 0.108841 162.62
1810	1	1609.62	24728.3	24716.9	11.4402	535	627	197	2	0.0001 Colloc0 535 3223 0.0560623 170.649
1820	1	1618.31	24746.7	24735.4	11.3069	543	617	207	2	0.0001 Colloc0 543 3230 0.0841812 162.291
1830	1	1626.99	24868.4	24856.8	11.5335	551	577	247	2	0.0001 Colloc0 551 3256 0.0213552 176.591
1840	1	1635.65	24900.7	24889.7	10.9268	569	572	252	1	0.0001 Colloc0 569 3239 0.162452 139.359
1850	1	1644.41	24787.2	24776.2	10.9715	552	609	215	2	0.0001 Colloc0 552 3229 0.0849801 141.982
1860	1	1653.11	24713.9	24702.6	11.3023	547	635	189	2	0.0001 Colloc0 547 3237 0.089599 162.003
1870	1	1661.95	24758.7	24747.6	11.0618	554	603	221	4	0.0001 Colloc0 554 3221 0.0982752 147.345
1880	1	1670.54	24786.4	24775.5	10.9382	567	618	206	4	0.0001 Colloc0 567 3240 0.101704 140.024
1890	1	1679.27	24735.1	24723.8	11.2275	538	640	184	5	0.0001 Colloc0 538 3234 0.0816778 157.388
1900	1	1688	24808.5	24796.9	11.6719	567	599	225	3	0.0001 Colloc0 567 3227 0.0475495 185.534
1910	1	1696.72	24862.6	24851.5	11.0832	553	583	241	2	0.0001 Colloc0 553 3215 0.0903954 148.623
1920	1	1705.42	24764.7	24752.9	11.7712	551	611	213	1	0.0001 Colloc0 551 3211 0.0473263 192.048
1930	1	1714.56	24813.1	24802	11.0909	537	618	206	2	0.0001 Colloc0 537 3252 0.0669486 149.088
1940	1	1723.31	24765.7	24754.4	11.212	543	618	206	2	0.0001 Colloc0 543 3222 0.0557585 156.434
1950	1	1732.03	24764.6	24753.9	10.6689	532	621	203	1	0.0001 Colloc0 532 3243 0.136741 124.631
1960	1	1740.75	24796.2	24785.4	10.81	557	582	242	3	0.0001 Colloc0 557 3245 0.132514 132.603
1970	1	1749.32	24770.9	24759.6	11.2364	554	616	208	2	0.0001 Colloc0 554 3247 0.0881966 157.932
1980	1	1757.85	24664.4	24653.4	11.0303	533	648	176	1	0.0001 Colloc0 533 3229 0.107919 145.462
1990	1	1766.54	24748.7	24737.5	11.1701	539	635	189	2	0.0001 Colloc0 539 3232 0.0635344 153.878
2000	1	1775.25	24786	24774.6	11.4137	546	628	196	1	0.0001 Colloc0 546 3257 0.0195326 168.973
