# D = 0, E = 1, I = 1, P = 1, R = -1, n = 2000, N = 1, P = 1, w = 1, a = 0.0001, b = 10000, e = 1, f = 1, g = 100, h = 0.01, r = 1873, s = 1, S = 0, x = 10, m = 100, Z = 1, z = 0, T = 1, t = 1
# 9629 tokens in 824 sentences
#
# It	Temp	Time	-logP	-logPcorpus	-logPrior	tables	same	changed	reject	default_pya	(parent pym pyn pya pyb)*
0	1	0.682896	36501.3	36387.5	113.764	2656	0	824	0	0.0001 Colloc0 2656 4603 0.0001 10000
10	1	9.89949	28393.8	28382.1	11.6955	655	284	540	0	0.0001 Colloc0 655 3903 0.0884966 187.076
20	1	18.7272	27745.2	27733.8	11.3804	603	332	492	2	0.0001 Colloc0 603 3863 0.0708784 166.88
30	1	27.5168	27520.2	27508.9	11.2701	569	337	487	2	0.0001 Colloc0 569 3862 0.0179061 160.011
40	1	36.2385	27261.7	27250.4	11.3725	567	386	438	1	0.0001 Colloc0 567 3841 0.0946055 166.384
50	1	44.7352	27106.4	27095.8	10.6051	560	404	420	1	0.0001 Colloc0 560 3779 0.169747 121.097
60	1	53.0999	27026	27015.5	10.4359	585	415	409	0	0.0001 Colloc0 585 3779 0.185821 111.948
70	1	61.6196	26881.2	26869.7	11.5456	567	429	395	0	0.0001 Colloc0 567 3803 0.0018751 177.367
80	1	70.1933	26791.4	26779.7	11.6547	550	460	364	1	0.0001 Colloc0 550 3769 0.0431879 184.414
90	1	78.768	26830.9	26819.6	11.2991	564	457	367	2	0.0001 Colloc0 564 3768 0.0578408 161.807
100	1	87.2277	26851.4	26839.6	11.8177	570	433	391	2	0.0001 Colloc0 570 3784 0.0329653 195.125
110	1	95.5915	26599.3	26588.9	10.3953	557	458	366	0	0.0001 Colloc0 557 3780 0.155632 109.808
120	1	104.155	26541.4	26530.7	10.6363	560	478	346	3	0.0001 Colloc0 560 3764 0.115244 122.816
130	1	112.808	26500	26489.2	10.8842	551	493	331	4	0.0001 Colloc0 551 3765 0.0890446 136.877
140	1	121.268	26487	26476.3	10.6743	550	490	334	2	0.0001 Colloc0 550 3763 0.136989 124.927
150	1	130.048	26582.1	26571.2	10.9087	563	464	360	1	0.0001 Colloc0 563 3743 0.0937784 138.304
160	1	138.678	26657.3	26646.8	10.4871	548	477	347	2	0.0001 Colloc0 548 3803 0.174372 114.681
170	1	147.433	26560.1	26549.1	11.005	572	466	358	3	0.0001 Colloc0 572 3721 0.0979266 143.96
180	1	156.296	26513.5	26503.1	10.3589	568	462	362	1	0.0001 Colloc0 568 3708 0.17712 107.898
190	1	164.788	26422.3	26411.4	10.9242	569	477	347	1	0.0001 Colloc0 569 3694 0.10604 139.206
200	1	173.507	26243.6	26233	10.6417	557	507	317	0	0.0001 Colloc0 557 3689 0.15664 123.118
210	1	182.342	26363.2	26352.5	10.7251	560	490	334	0	0.0001 Colloc0 560 3706 0.121707 127.777
220	1	191.089	26443.4	26432.4	10.9724	560	468	356	2	0.0001 Colloc0 560 3696 0.101956 142.038
230	1	199.928	26321.6	26311.1	10.4923	554	468	356	0	0.0001 Colloc0 554 3683 0.130007 114.964
240	1	208.382	26263.4	26251.9	11.4699	554	459	365	1	0.0001 Colloc0 554 3664 0.0242133 172.53
250	1	217.081	26199.8	26189.2	10.5592	557	505	319	0	0.0001 Colloc0 557 3657 0.184762 118.584
260	1	226.043	26192.8	26181.8	11.0017	544	495	329	1	0.0001 Colloc0 544 3649 0.0960894 143.766
270	1	234.73	26223.2	26212.7	10.4454	570	496	328	1	0.0001 Colloc0 570 3650 0.17437 112.452
280	1	243.557	26263.6	26252.7	10.8999	576	500	324	2	0.0001 Colloc0 576 3658 0.131047 137.789
290	1	252.269	26296.7	26285.5	11.2193	574	480	344	0	0.0001 Colloc0 574 3654 0.0600288 156.884
300	1	260.892	26352.6	26341.7	10.8913	577	476	348	1	0.0001 Colloc0 577 3668 0.135997 137.29
310	1	269.617	26106.9	26095.8	11.0809	553	519	305	0	0.0001 Colloc0 553 3633 0.12044 148.487
320	1	278.213	26136.2	26124.6	11.6726	564	489	335	3	0.0001 Colloc0 564 3644 0.0265186 185.579
330	1	286.905	26307.2	26296.5	10.7223	574	487	337	1	0.0001 Colloc0 574 3675 0.164247 127.619
340	1	295.683	26168.9	26158.1	10.7488	563	496	328	0	0.0001 Colloc0 563 3649 0.143068 129.114
350	1	304.736	26135.1	26123.5	11.5856	550	490	334	1	0.0001 Colloc0 550 3617 0.056414 179.937
360	1	313.507	26106.7	26095.8	10.8967	571	511	313	1	0.0001 Colloc0 571 3628 0.1556 137.603
370	1	322.247	26145.2	26134.1	11.1043	538	496	328	0	0.0001 Colloc0 538 3640 0.103498 149.895
380	1	331.089	26058.2	26047.8	10.4886	550	514	310	3	0.0001 Colloc0 550 3646 0.198046 114.761
390	1	340.047	26094.4	26083.5	10.9123	541	505	319	1	0.0001 Colloc0 541 3651 0.100692 138.509
400	1	348.991	26234.7	26223.3	11.3669	551	470	354	1	0.0001 Colloc0 551 3664 0.0534278 166.033
410	1	357.923	26114.7	26103.8	10.9252	551	504	320	0	0.0001 Colloc0 551 3652 0.141905 139.264
420	1	366.762	26049.9	26039.2	10.7106	552	517	307	0	0.0001 Colloc0 552 3629 0.148528 126.964
430	1	375.684	25940.2	25929.4	10.772	538	517	307	1	0.0001 Colloc0 538 3637 0.147306 130.432
440	1	384.562	25859.6	25849.2	10.3871	538	536	288	2	0.0001 Colloc0 538 3655 0.191002 109.373
450	1	393.447	25878.7	25868	10.759	549	531	293	1	0.0001 Colloc0 549 3646 0.13009 129.696
460	1	402.235	25935.4	25924.7	10.7428	551	533	291	1	0.0001 Colloc0 551 3631 0.153902 128.775
470	1	410.907	25760.2	25749.6	10.6406	536	562	262	0	0.0001 Colloc0 536 3649 0.124551 123.053
480	1	419.634	25873.2	25862.4	10.8658	537	533	291	0	0.0001 Colloc0 537 3643 0.103778 135.814
490	1	428.345	25923.3	25912.1	11.1527	532	510	314	3	0.0001 Colloc0 532 3625 0.0294546 152.817
500	1	437.392	25887.1	25876.7	10.39	553	512	312	1	0.0001 Colloc0 553 3617 0.17164 109.524
510	1	446.115	25833.3	25822.4	10.8972	531	535	289	1	0.0001 Colloc0 531 3608 0.0999764 137.635
520	1	454.759	25916.8	25906	10.8359	548	513	311	0	0.0001 Colloc0 548 3631 0.136271 134.086
530	1	463.45	25862.9	25852.1	10.8586	548	526	298	0	0.0001 Colloc0 548 3621 0.0856441 135.396
540	1	471.921	25868.1	25857.7	10.4344	559	545	279	1	0.0001 Colloc0 559 3606 0.182679 111.869
550	1	480.669	25947.2	25935.9	11.2588	550	518	306	3	0.0001 Colloc0 550 3645 0.0283903 159.31
560	1	489.544	25902.9	25892.2	10.7575	546	538	286	2	0.0001 Colloc0 546 3602 0.152873 129.608
570	1	498.112	25826.4	25815.5	10.9306	531	536	288	2	0.0001 Colloc0 531 3597 0.109333 139.584
580	1	506.455	25777.4	25766.5	10.9258	538	529	295	1	0.0001 Colloc0 538 3595 0.081288 139.301
590	1	514.879	25939.2	25928.9	10.3893	555	534	290	0	0.0001 Colloc0 555 3610 0.162783 109.491
600	1	523.56	25934.2	25923.2	10.959	551	535	289	0	0.0001 Colloc0 551 3646 0.0851911 141.246
610	1	532.222	25944.8	25934.2	10.621	555	521	303	0	0.0001 Colloc0 555 3619 0.134129 121.974
620	1	540.632	25888.8	25878.8	9.97915	534	555	269	0	0.0001 Colloc0 534 3624 0.193491 88.9939
630	1	549.053	25810.4	25799.9	10.5354	549	536	288	2	0.0001 Colloc0 549 3604 0.178184 117.288
640	1	557.438	25958.4	25947.3	11.0892	555	524	300	1	0.0001 Colloc0 555 3606 0.0630772 148.985
650	1	565.993	25897.9	25886.8	11.074	553	534	290	1	0.0001 Colloc0 553 3599 0.0924817 148.073
660	1	574.756	25933.2	25922.6	10.5618	553	531	293	1	0.0001 Colloc0 553 3639 0.161257 118.721
670	1	583.352	25811.6	25800.9	10.7564	543	571	253	0	0.0001 Colloc0 543 3613 0.109853 129.547
680	1	592.01	25905.8	25894.6	11.1454	533	533	291	0	0.0001 Colloc0 533 3632 0.0554446 152.378
690	1	600.607	25883.4	25873.1	10.2583	545	538	286	2	0.0001 Colloc0 545 3632 0.187478 102.712
700	1	609.497	25948.7	25937.9	10.7496	547	525	299	0	0.0001 Colloc0 547 3631 0.13726 129.164
710	1	618.202	25809.8	25799.2	10.5791	537	543	281	1	0.0001 Colloc0 537 3631 0.135203 119.67
720	1	626.798	25966.5	25956.3	10.2149	530	508	316	0	0.0001 Colloc0 530 3644 0.153543 100.518
730	1	635.388	25841.9	25830.8	11.0907	541	544	280	1	0.0001 Colloc0 541 3618 0.0848703 149.073
740	1	643.906	25921.9	25911.4	10.4859	555	523	301	1	0.0001 Colloc0 555 3612 0.159481 114.62
750	1	652.529	26041.8	26030.6	11.2446	549	513	311	0	0.0001 Colloc0 549 3631 0.0433893 158.435
760	1	661.085	25926.5	25916	10.4961	549	517	307	2	0.0001 Colloc0 549 3619 0.165966 115.165
770	1	669.667	25914.1	25903.4	10.6984	542	520	304	0	0.0001 Colloc0 542 3629 0.105503 126.276
780	1	678.151	25941.8	25931.1	10.6728	547	509	315	1	0.0001 Colloc0 547 3628 0.159897 124.848
790	1	686.836	25953.8	25943.6	10.2607	547	518	306	1	0.0001 Colloc0 547 3614 0.189239 102.836
800	1	695.677	25914.1	25903.3	10.8096	544	519	305	2	0.0001 Colloc0 544 3622 0.0988249 132.575
810	1	704.408	25932.9	25921.9	11.0207	546	509	315	1	0.0001 Colloc0 546 3636 0.0859103 144.894
820	1	713.12	25849.4	25838.8	10.6166	535	528	296	1	0.0001 Colloc0 535 3621 0.11915 121.728
830	1	721.964	25822.3	25811.5	10.7677	554	540	284	1	0.0001 Colloc0 554 3627 0.114677 130.186
840	1	730.733	25878.8	25868.1	10.7085	536	528	296	2	0.0001 Colloc0 536 3641 0.118128 126.842
850	1	739.472	25986.2	25975.9	10.3722	556	511	313	1	0.0001 Colloc0 556 3639 0.193011 108.594
860	1	748.08	25826.3	25815.4	10.9027	525	532	292	3	0.0001 Colloc0 525 3622 0.0952113 137.954
870	1	756.797	25933.6	25922.6	11.069	549	503	321	1	0.0001 Colloc0 549 3599 0.146056 147.771
880	1	765.552	25980.5	25969.1	11.3505	561	517	307	1	0.0001 Colloc0 561 3649 0.0713583 165.008
890	1	774.023	25669.7	25659.4	10.3083	535	556	268	1	0.0001 Colloc0 535 3608 0.184343 105.276
900	1	782.493	25731	25721.2	9.77453	530	564	260	4	0.0001 Colloc0 530 3616 0.236269 79.5891
910	1	791.248	25848.2	25837.2	10.9349	548	537	287	2	0.0001 Colloc0 548 3608 0.142468 139.831
920	1	800.163	25646.7	25636.2	10.5442	526	573	251	1	0.0001 Colloc0 526 3610 0.114846 117.767
930	1	808.742	25732.3	25721.8	10.4887	538	564	260	0	0.0001 Colloc0 538 3602 0.211525 114.768
940	1	817.655	25856.6	25845.7	10.9025	539	527	297	1	0.0001 Colloc0 539 3599 0.132736 137.942
950	1	826.123	25727.1	25716.3	10.7531	543	553	271	1	0.0001 Colloc0 543 3605 0.125014 129.362
960	1	834.863	25755.1	25745.1	9.92288	528	546	278	0	0.0001 Colloc0 528 3616 0.238602 86.3512
970	1	843.385	25819.8	25808.8	10.9402	556	522	302	0	0.0001 Colloc0 556 3633 0.127702 140.142
980	1	851.883	25704.2	25693.3	10.9275	537	539	285	3	0.0001 Colloc0 537 3618 0.115871 139.398
990	1	860.448	25818.4	25807.6	10.8031	544	512	312	3	0.0001 Colloc0 544 3620 0.104651 132.206
1000	1	869.323	25740.3	25729.6	10.6732	529	538	286	1	0.0001 Colloc0 529 3622 0.131495 124.87
1010	1	877.934	25736.7	25726.4	10.3329	537	539	285	2	0.0001 Colloc0 537 3644 0.153033 106.545
1020	1	886.15	25814.4	25804.3	10.0682	542	527	297	1	0.0001 Colloc0 542 3613 0.196224 93.2608
1030	1	894.735	25902.7	25891.9	10.793	547	501	323	2	0.0001 Colloc0 547 3627 0.122883 131.627
1040	1	903.326	25705.2	25694.9	10.2327	531	546	278	1	0.0001 Colloc0 531 3625 0.229793 101.415
1050	1	912.057	25710.2	25700.2	9.94012	535	542	282	1	0.0001 Colloc0 535 3601 0.224097 87.156
1060	1	920.963	25688.3	25677.9	10.3473	526	532	292	0	0.0001 Colloc0 526 3610 0.165338 107.296
1070	1	929.804	25673.1	25662.6	10.564	530	556	268	3	0.0001 Colloc0 530 3620 0.129653 118.844
1080	1	938.423	25606.4	25595.9	10.5044	507	558	266	2	0.0001 Colloc0 507 3622 0.094637 115.611
1090	1	947.15	25906.8	25895.9	10.8851	559	497	327	1	0.0001 Colloc0 559 3650 0.137004 136.931
1100	1	956.055	25769.5	25759.6	9.97996	533	530	294	1	0.0001 Colloc0 533 3643 0.202285 89.0321
1110	1	964.86	25703.4	25692.8	10.5948	516	539	285	0	0.0001 Colloc0 516 3637 0.0875745 120.527
1120	1	973.517	25754.5	25744.3	10.2094	537	524	300	1	0.0001 Colloc0 537 3642 0.201085 100.238
1130	1	982.298	25797.8	25787	10.7529	541	535	289	1	0.0001 Colloc0 541 3623 0.143277 129.351
1140	1	990.757	25692.9	25682.6	10.2385	542	551	273	0	0.0001 Colloc0 542 3599 0.183468 101.708
1150	1	999.306	25753.6	25743.5	10.1367	553	527	297	1	0.0001 Colloc0 553 3631 0.227373 96.6126
1160	1	1008.06	25617.8	25607.4	10.4711	530	555	269	2	0.0001 Colloc0 530 3640 0.156351 113.825
1170	1	1016.66	25574.2	25564.3	9.84972	535	556	268	0	0.0001 Colloc0 535 3566 0.240068 82.9788
1180	1	1025.22	25601.4	25590.6	10.8672	511	565	259	1	0.0001 Colloc0 511 3602 0.0654592 135.89
1190	1	1033.96	25624.3	25613.7	10.6257	538	600	224	2	0.0001 Colloc0 538 3635 0.120014 122.229
1200	1	1042.62	25628.3	25617.6	10.7832	519	568	256	2	0.0001 Colloc0 519 3610 0.0747997 131.072
1210	1	1051.3	25641.6	25631	10.6025	534	546	278	2	0.0001 Colloc0 534 3598 0.129933 120.955
1220	1	1059.88	25658.5	25647.8	10.6784	520	569	255	2	0.0001 Colloc0 520 3614 0.106809 125.161
1230	1	1068.54	25601.3	25590.9	10.4279	530	552	272	1	0.0001 Colloc0 530 3625 0.147923 111.528
1240	1	1077.4	25778.5	25768	10.4562	554	546	278	0	0.0001 Colloc0 554 3606 0.212642 113.027
1250	1	1086.27	25797.3	25786.8	10.5575	546	534	290	0	0.0001 Colloc0 546 3618 0.136696 118.488
1260	1	1094.75	25763.3	25752.9	10.461	537	525	299	0	0.0001 Colloc0 537 3631 0.159044 113.287
1270	1	1103.17	25606.7	25595.3	11.3485	520	567	257	3	0.0001 Colloc0 520 3600 0.00454632 164.878
1280	1	1111.88	25678.8	25667.9	10.9037	527	553	271	2	0.0001 Colloc0 527 3610 0.0743947 138.008
1290	1	1120.6	25633	25622.4	10.6186	522	564	260	0	0.0001 Colloc0 522 3615 0.136608 121.838
1300	1	1129.47	25710.9	25700.3	10.6278	534	531	293	1	0.0001 Colloc0 534 3585 0.109709 122.346
1310	1	1137.97	25815.8	25805.2	10.6188	554	529	295	0	0.0001 Colloc0 554 3588 0.160068 121.848
1320	1	1146.66	25720.2	25709.1	11.0776	537	516	308	0	0.0001 Colloc0 537 3597 0.12888 148.287
1330	1	1155.23	25722.4	25711.6	10.7665	539	548	276	2	0.0001 Colloc0 539 3591 0.144151 130.118
1340	1	1163.7	25697.7	25686.9	10.8326	544	551	273	2	0.0001 Colloc0 544 3573 0.120076 133.895
1350	1	1172.11	25674.7	25663.9	10.8507	532	543	281	0	0.0001 Colloc0 532 3576 0.0821061 134.941
1360	1	1180.75	25698.2	25687.3	10.997	540	505	319	0	0.0001 Colloc0 540 3602 0.0960871 143.486
1370	1	1189.36	25654.7	25644.7	10.0737	546	541	283	4	0.0001 Colloc0 546 3614 0.216002 93.5283
1380	1	1198.23	25647.3	25637	10.3129	530	560	264	1	0.0001 Colloc0 530 3577 0.192954 105.512
1390	1	1206.98	25619.2	25608.6	10.6406	534	551	273	2	0.0001 Colloc0 534 3584 0.117625 123.057
1400	1	1215.65	25713.4	25703.6	9.86471	543	552	272	4	0.0001 Colloc0 543 3585 0.203479 83.6637
1410	1	1224.35	25432.6	25421.8	10.8282	509	608	216	1	0.0001 Colloc0 509 3581 0.055749 133.643
1420	1	1232.92	25412.4	25402.3	10.1246	522	610	214	0	0.0001 Colloc0 522 3579 0.205488 96.0172
1430	1	1241.56	25478.9	25468.2	10.6963	520	586	238	3	0.0001 Colloc0 520 3568 0.107237 126.158
1440	1	1250.31	25559.3	25548.6	10.6372	527	547	277	0	0.0001 Colloc0 527 3569 0.101477 122.865
1450	1	1259.13	25534.2	25523.7	10.5517	536	585	239	0	0.0001 Colloc0 536 3589 0.141591 118.173
1460	1	1267.87	25539.2	25528	11.1892	538	574	250	2	0.0001 Colloc0 538 3580 0.0435756 155.044
1470	1	1276.66	25677.6	25667.2	10.3879	556	550	274	1	0.0001 Colloc0 556 3602 0.201567 109.415
1480	1	1285.27	25564	25553.7	10.2713	530	577	247	0	0.0001 Colloc0 530 3596 0.173374 103.377
1490	1	1293.95	25709.5	25698.5	11.0368	542	536	288	1	0.0001 Colloc0 542 3594 0.102339 145.854
1500	1	1302.55	25649.8	25639.1	10.61	533	568	256	1	0.0001 Colloc0 533 3602 0.128365 121.367
1510	1	1311.11	25567.2	25556.8	10.3663	540	576	248	1	0.0001 Colloc0 540 3570 0.196972 108.286
1520	1	1319.9	25577.2	25566.7	10.4921	545	583	241	0	0.0001 Colloc0 545 3587 0.160447 114.952
1530	1	1328.64	25603.1	25592.8	10.3575	543	550	274	2	0.0001 Colloc0 543 3565 0.176031 107.827
1540	1	1337.22	25643.3	25632.9	10.4289	554	558	266	1	0.0001 Colloc0 554 3576 0.200529 111.581
1550	1	1345.87	25443	25432.8	10.2319	547	597	227	1	0.0001 Colloc0 547 3570 0.218217 101.373
1560	1	1354.7	25472.2	25461.9	10.3761	541	575	249	1	0.0001 Colloc0 541 3542 0.208666 108.799
1570	1	1363.45	25435.2	25424.8	10.4246	553	583	241	0	0.0001 Colloc0 553 3568 0.192468 111.353
1580	1	1371.93	25518.2	25507.1	11.0426	529	589	235	1	0.0001 Colloc0 529 3571 0.096545 146.195
1590	1	1380.62	25444.4	25434.2	10.1455	528	574	250	1	0.0001 Colloc0 528 3560 0.186886 97.0474
1600	1	1389.42	25552.2	25541.6	10.6346	536	543	281	1	0.0001 Colloc0 536 3553 0.111557 122.726
1610	1	1398.04	25612.6	25601.9	10.7024	545	554	270	0	0.0001 Colloc0 545 3562 0.139295 126.502
1620	1	1407.07	25544.2	25534	10.2674	548	558	266	0	0.0001 Colloc0 548 3558 0.197985 103.178
1630	1	1415.67	25584.6	25574	10.5976	541	547	277	5	0.0001 Colloc0 541 3566 0.148953 120.684
1640	1	1424.31	25494.5	25484.7	9.82832	542	586	238	0	0.0001 Colloc0 542 3558 0.195548 82.0063
1650	1	1433.04	25537.2	25526.5	10.6889	557	552	272	0	0.0001 Colloc0 557 3529 0.170486 125.746
1660	1	1441.57	25498.3	25487.6	10.6631	536	566	258	0	0.0001 Colloc0 536 3550 0.142009 124.305
1670	1	1450.41	25567.7	25556.6	11.1047	547	545	279	2	0.0001 Colloc0 547 3561 0.108355 149.92
1680	1	1459.05	25627	25615.8	11.1345	539	528	296	0	0.0001 Colloc0 539 3545 0.0526275 151.717
1690	1	1467.63	25558.8	25548.3	10.4888	540	553	271	1	0.0001 Colloc0 540 3555 0.147143 114.772
1700	1	1476.43	25595.6	25585	10.6008	550	559	265	4	0.0001 Colloc0 550 3537 0.156888 120.858
1710	1	1485.23	25535.1	25524.7	10.3643	538	558	266	3	0.0001 Colloc0 538 3545 0.193995 108.178
1720	1	1493.69	25481.1	25470.8	10.3539	544	563	261	1	0.0001 Colloc0 544 3529 0.208647 107.636
1730	1	1502.02	25561.9	25550.8	11.0989	527	544	280	1	0.0001 Colloc0 527 3558 0.073283 149.569
1740	1	1510.39	25613	25601.9	11.1075	540	535	289	1	0.0001 Colloc0 540 3545 0.0608311 150.086
1750	1	1518.72	25671.3	25660.8	10.499	551	499	325	1	0.0001 Colloc0 551 3545 0.153079 115.324
1760	1	1530.1	25505.7	25495.1	10.5286	534	548	276	0	0.0001 Colloc0 534 3535 0.168169 116.922
1770	1	1538.87	25567.1	25556.1	11.0529	547	544	280	3	0.0001 Colloc0 547 3550 0.0409535 146.812
1780	1	1547.49	25499.5	25489.5	9.96686	536	547	277	1	0.0001 Colloc0 536 3516 0.203643 88.4129
1790	1	1556.21	25526.9	25516.7	10.1497	539	535	289	1	0.0001 Colloc0 539 3526 0.190963 97.2598
1800	1	1564.84	25457	25446.5	10.551	526	581	243	2	0.0001 Colloc0 526 3530 0.128669 118.137
1810	1	1573.46	25558.4	25547.5	10.9085	527	535	289	3	0.0001 Colloc0 527 3548 0.0305072 138.291
1820	1	1582.28	25445	25434.6	10.4051	532	562	262	1	0.0001 Colloc0 532 3551 0.131055 110.323
1830	1	1590.87	25366.3	25355.8	10.5024	531	586	238	3	0.0001 Colloc0 531 3527 0.126584 115.504
1840	1	1599.48	25462.6	25452.2	10.3849	538	547	277	1	0.0001 Colloc0 538 3553 0.189594 109.26
1850	1	1608.05	25462.7	25452	10.7527	539	567	257	1	0.0001 Colloc0 539 3523 0.122955 129.335
1860	1	1616.55	25539.9	25528.5	11.3474	546	556	268	2	0.0001 Colloc0 546 3555 0.0448556 164.814
1870	1	1625.01	25461.4	25450.4	10.9526	536	564	260	2	0.0001 Colloc0 536 3524 0.0754833 140.868
1880	1	1633.62	25506.8	25495.9	10.9799	534	547	277	2	0.0001 Colloc0 534 3529 0.0805539 142.478
1890	1	1642.17	25506.8	25496.1	10.7559	550	565	259	1	0.0001 Colloc0 550 3505 0.151862 129.518
1900	1	1650.67	25525.6	25514.5	11.1148	539	559	265	1	0.0001 Colloc0 539 3558 0.0603597 150.525
1910	1	1659.14	25450.3	25440.1	10.22	543	559	265	1	0.0001 Colloc0 543 3532 0.178149 100.771
1920	1	1667.81	25548.9	25537.7	11.1825	532	549	275	2	0.0001 Colloc0 532 3546 0.0949192 154.63
1930	1	1676.3	25480.1	25469.4	10.7652	540	548	276	1	0.0001 Colloc0 540 3556 0.114772 130.045
1940	1	1684.7	25394.3	25383.6	10.6605	544	567	257	1	0.0001 Colloc0 544 3515 0.148211 124.163
1950	1	1693.2	25529.4	25518.7	10.7042	557	564	260	2	0.0001 Colloc0 557 3517 0.151822 126.604
1960	1	1701.66	25387.3	25377.1	10.2166	544	551	273	3	0.0001 Colloc0 544 3487 0.225186 100.6
1970	1	1710.15	25481.5	25470.5	10.9708	536	539	285	2	0.0001 Colloc0 536 3533 0.102185 141.944
1980	1	1718.78	25465.2	25455	10.2168	552	564	260	1	0.0001 Colloc0 552 3528 0.221333 100.611
1990	1	1727.24	25411.2	25400.3	10.9191	550	568	256	1	0.0001 Colloc0 550 3530 0.113297 138.908
2000	1	1735.78	25326.9	25316.3	10.5928	532	580	244	1	0.0001 Colloc0 532 3501 0.141628 120.421
