# D = 0, E = 1, I = 1, P = 1, R = -1, n = 2000, N = 1, P = 1, w = 1, a = 0.0001, b = 10000, e = 1, f = 1, g = 100, h = 0.01, r = 4173, s = 1, S = 0, x = 10, m = 100, Z = 1, z = 0, T = 1, t = 1
# 9629 tokens in 824 sentences
#
# It	Temp	Time	-logP	-logPcorpus	-logPrior	tables	same	changed	reject	default_pya	(parent pym pyn pya pyb)*
0	1	0.688895	34682.5	34568.8	113.764	2098	0	824	0	0.0001 Colloc0 2098 3756 0.0001 10000
10	1	10.4064	27708.6	27696	12.569	668	349	475	2	0.0001 Colloc0 668 3674 0.0149143 246.942
20	1	19.513	27076.1	27064.3	11.8181	589	416	408	1	0.0001 Colloc0 589 3660 0.0265339 195.151
30	1	28.3597	26842.5	26830.9	11.6022	609	424	400	0	0.0001 Colloc0 609 3632 0.0869168 181.011
40	1	37.2683	26558.4	26546.9	11.5091	599	473	351	4	0.0001 Colloc0 599 3635 0.0573122 175.029
50	1	46.026	26471.7	26460.6	11.1324	563	491	333	2	0.0001 Colloc0 563 3642 0.0774188 151.59
60	1	54.8087	26424.8	26414.1	10.647	545	495	329	2	0.0001 Colloc0 545 3636 0.140093 123.412
70	1	63.5153	26531.3	26519.7	11.6078	581	476	348	1	0.0001 Colloc0 581 3626 0.0302274 181.371
80	1	72.251	26661.8	26650.3	11.4936	560	468	356	3	0.0001 Colloc0 560 3675 0.00351234 174.042
90	1	80.8397	26562.9	26551.6	11.2149	579	460	364	2	0.0001 Colloc0 579 3637 0.0838587 156.616
100	1	89.7674	26521.2	26509.7	11.5316	564	472	352	3	0.0001 Colloc0 564 3644 0.033019 176.468
110	1	98.625	26389.6	26378.6	11.0963	582	479	345	5	0.0001 Colloc0 582 3601 0.0852829 149.412
120	1	107.597	26422.3	26410.6	11.6568	579	487	337	0	0.0001 Colloc0 579 3595 0.045191 184.55
130	1	116.513	26223.4	26212.2	11.1255	589	492	332	1	0.0001 Colloc0 589 3544 0.0866178 151.173
140	1	125.332	26107.3	26095.8	11.4804	557	493	331	0	0.0001 Colloc0 557 3556 0.00908836 173.198
150	1	134.049	26308.9	26297.4	11.515	561	483	341	1	0.0001 Colloc0 561 3574 0.0470359 175.402
160	1	142.657	26138.6	26127	11.5733	580	496	328	2	0.0001 Colloc0 580 3544 0.0194094 179.146
170	1	151.311	26097.8	26086	11.7319	577	509	315	1	0.0001 Colloc0 577 3525 0.0512691 189.463
180	1	160.057	25955.4	25944.3	11.0572	563	507	317	1	0.0001 Colloc0 563 3509 0.0721292 147.07
190	1	168.575	26079.9	26068.6	11.2781	574	485	339	3	0.0001 Colloc0 574 3519 0.0998717 160.501
200	1	177.176	25941.1	25930	11.083	567	501	323	0	0.0001 Colloc0 567 3520 0.0909659 148.613
210	1	186.08	26002.7	25991.7	10.9866	572	499	325	3	0.0001 Colloc0 572 3545 0.114765 142.873
220	1	195.071	25880.6	25869.5	11.1287	546	533	291	0	0.0001 Colloc0 546 3553 0.0585738 151.368
230	1	203.847	25876	25864.8	11.2655	564	542	282	1	0.0001 Colloc0 564 3523 0.0591218 159.726
240	1	212.773	25916.5	25905.5	11.0041	562	517	307	1	0.0001 Colloc0 562 3507 0.0800015 143.908
250	1	221.688	26052	26040.2	11.8456	579	474	350	2	0.0001 Colloc0 579 3506 0.00715899 196.981
260	1	230.522	25916.9	25906.4	10.489	577	513	311	2	0.0001 Colloc0 577 3506 0.195463 114.782
270	1	239.59	25940.3	25928.7	11.6679	560	528	296	3	0.0001 Colloc0 560 3506 0.0545135 185.275
280	1	248.367	25941.1	25930	11.1386	579	514	310	2	0.0001 Colloc0 579 3491 0.054801 151.964
290	1	257.273	25848.9	25837.9	11.0374	552	536	288	2	0.0001 Colloc0 552 3518 0.0799553 145.884
300	1	266.23	25772	25760.5	11.5428	557	543	281	5	0.0001 Colloc0 557 3499 0.022207 177.184
310	1	275.244	25764.8	25753.5	11.3628	567	552	272	3	0.0001 Colloc0 567 3486 0.0631099 165.774
320	1	284.135	25745.9	25735	10.8929	565	512	312	2	0.0001 Colloc0 565 3490 0.152953 137.38
330	1	293.089	25785.4	25774.6	10.7779	575	530	294	3	0.0001 Colloc0 575 3465 0.147607 130.77
340	1	302.015	25799.2	25788.4	10.8301	577	526	298	1	0.0001 Colloc0 577 3469 0.157456 133.751
350	1	310.894	25799.3	25788.1	11.2005	569	540	284	3	0.0001 Colloc0 569 3487 0.0842964 155.729
360	1	319.794	25801	25789.6	11.3535	562	532	292	3	0.0001 Colloc0 562 3495 0.0696244 165.192
370	1	328.595	25768.8	25757.4	11.4333	579	539	285	5	0.0001 Colloc0 579 3480 0.111025 170.211
380	1	337.443	25819.9	25808.3	11.5972	558	504	320	2	0.0001 Colloc0 558 3456 0.00198935 180.69
390	1	346.366	25920.3	25908.8	11.5615	588	507	317	3	0.0001 Colloc0 588 3479 0.0827139 178.386
400	1	355.242	25695.2	25683.6	11.5051	574	558	266	2	0.0001 Colloc0 574 3484 0.0521692 174.774
410	1	363.92	25707.9	25696.4	11.5109	551	557	267	2	0.0001 Colloc0 551 3479 0.00737988 175.144
420	1	372.688	25717.6	25705.8	11.8548	566	552	272	2	0.0001 Colloc0 566 3473 0.015978 197.596
430	1	381.476	25689.4	25678.3	11.1165	575	533	291	1	0.0001 Colloc0 575 3428 0.066864 150.629
440	1	390.282	25916.4	25904.9	11.4713	557	503	321	3	0.0001 Colloc0 557 3499 0.0299903 172.619
450	1	399.038	25791.6	25780.3	11.2508	567	525	299	2	0.0001 Colloc0 567 3468 0.102662 158.818
460	1	407.889	25748.8	25737.7	11.1362	559	534	290	1	0.0001 Colloc0 559 3474 0.0819933 151.82
470	1	416.732	25808.2	25796.9	11.2576	560	533	291	3	0.0001 Colloc0 560 3458 0.063438 159.238
480	1	425.587	25910.4	25899.2	11.2465	588	517	307	3	0.0001 Colloc0 588 3457 0.116319 158.551
490	1	434.45	25692.7	25681.6	11.1007	551	541	283	1	0.0001 Colloc0 551 3473 0.0578039 149.678
500	1	443.191	25931.1	25920.4	10.748	590	509	315	1	0.0001 Colloc0 590 3485 0.127696 129.07
510	1	451.909	25898.1	25887	11.118	587	501	323	2	0.0001 Colloc0 587 3474 0.0983455 150.722
520	1	460.776	25704.2	25693.1	11.1585	578	534	290	1	0.0001 Colloc0 578 3450 0.105653 153.175
530	1	469.632	25826.9	25814.6	12.2482	579	505	319	1	0.0001 Colloc0 579 3448 0.0139851 224.359
540	1	478.486	25717.4	25706.4	10.9817	556	537	287	2	0.0001 Colloc0 556 3476 0.121875 142.585
550	1	487.351	25727.1	25715.8	11.2856	577	527	297	1	0.0001 Colloc0 577 3431 0.111722 160.971
560	1	496.515	25658.7	25647.7	11.0209	547	547	277	4	0.0001 Colloc0 547 3462 0.0925738 144.907
570	1	505.312	25843.5	25831.9	11.5479	574	512	312	2	0.0001 Colloc0 574 3463 0.0384461 177.513
580	1	514.391	25673.4	25662.3	11.0116	560	535	289	2	0.0001 Colloc0 560 3448 0.148938 144.352
590	1	523.38	25662.7	25651.7	11.0029	552	521	303	1	0.0001 Colloc0 552 3446 0.0889905 143.834
600	1	532.163	25691.7	25680.7	11.0118	572	533	291	1	0.0001 Colloc0 572 3459 0.127051 144.364
610	1	541.079	25613.3	25602.2	11.1604	562	556	268	1	0.0001 Colloc0 562 3427 0.0786105 153.288
620	1	550.042	25636.8	25625.5	11.2936	560	532	292	0	0.0001 Colloc0 560 3438 0.0813012 161.462
630	1	558.856	25597.7	25586.7	11.0103	557	546	278	0	0.0001 Colloc0 557 3442 0.0780062 144.277
640	1	567.798	25590.5	25579.5	10.9912	570	561	263	1	0.0001 Colloc0 570 3446 0.148114 143.148
650	1	576.532	25539.3	25527.9	11.412	555	572	252	1	0.0001 Colloc0 555 3460 0.0751328 168.863
660	1	585.219	25558	25546.8	11.2404	564	562	262	2	0.0001 Colloc0 564 3462 0.0524345 158.177
670	1	593.932	25685	25674.1	10.9739	584	537	287	1	0.0001 Colloc0 584 3440 0.106992 142.125
680	1	602.61	25558.6	25547	11.5727	558	533	291	2	0.0001 Colloc0 558 3437 0.0168157 179.108
690	1	611.312	25638.2	25626.4	11.752	557	548	276	3	0.0001 Colloc0 557 3443 0.0476487 190.782
700	1	619.947	25858.3	25847.1	11.1402	581	522	302	1	0.0001 Colloc0 581 3463 0.0825564 152.061
710	1	628.719	25724.3	25713.1	11.2315	569	523	301	4	0.0001 Colloc0 569 3470 0.102816 157.629
720	1	637.652	25631.3	25620.3	11.0449	563	548	276	3	0.0001 Colloc0 563 3447 0.0994973 146.333
730	1	646.612	25699.3	25688.2	11.1022	566	544	280	1	0.0001 Colloc0 566 3465 0.108281 149.768
740	1	655.507	25494.7	25483.1	11.582	554	582	242	2	0.0001 Colloc0 554 3438 0.0101086 179.706
750	1	664.319	25572.1	25560.8	11.3145	567	554	270	2	0.0001 Colloc0 567 3415 0.0425822 162.758
760	1	673.188	25668.2	25656.6	11.5024	569	532	292	2	0.0001 Colloc0 569 3457 0.0697283 174.599
770	1	682.112	25592.3	25581.5	10.8355	568	537	287	5	0.0001 Colloc0 568 3422 0.131271 134.062
780	1	690.851	25607.6	25596.6	11.0086	551	537	287	2	0.0001 Colloc0 551 3466 0.112758 144.174
790	1	699.758	25532.1	25520.4	11.6231	558	554	270	1	0.0001 Colloc0 558 3437 0.0201339 182.362
800	1	708.752	25459.3	25448.6	10.658	558	565	259	2	0.0001 Colloc0 558 3428 0.143602 124.022
810	1	717.543	25591.5	25580.1	11.3748	547	548	276	1	0.0001 Colloc0 547 3420 0.0174999 166.528
820	1	726.297	25728.3	25716.4	11.9276	577	523	301	3	0.0001 Colloc0 577 3432 0.00411919 202.463
830	1	735.049	25649.9	25638.5	11.421	564	533	291	3	0.0001 Colloc0 564 3441 0.0794249 169.435
840	1	743.961	25686.1	25674.6	11.5328	573	529	295	2	0.0001 Colloc0 573 3448 0.0330577 176.541
850	1	752.874	25603	25591.6	11.4042	554	532	292	3	0.0001 Colloc0 554 3426 0.0210529 168.377
860	1	761.64	25623.8	25613	10.8506	557	522	302	6	0.0001 Colloc0 557 3424 0.091493 134.935
870	1	770.331	25536.6	25525.3	11.2174	546	555	269	1	0.0001 Colloc0 546 3436 0.0626718 156.763
880	1	778.948	25681.3	25669.9	11.4044	571	527	297	5	0.0001 Colloc0 571 3450 0.0519467 168.389
890	1	793.362	25627.6	25616.9	10.7496	577	551	273	1	0.0001 Colloc0 577 3417 0.153169 129.163
900	1	802.103	25606	25595.1	10.8654	561	545	279	1	0.0001 Colloc0 561 3451 0.119599 135.788
910	1	810.992	25599	25587.2	11.7542	564	556	268	1	0.0001 Colloc0 564 3445 0.0345265 190.928
920	1	819.886	25669.5	25658.6	10.9218	559	539	285	1	0.0001 Colloc0 559 3421 0.0932008 139.064
930	1	828.857	25703.3	25692.3	11.0278	570	513	311	0	0.0001 Colloc0 570 3438 0.092795 145.313
940	1	837.556	25615	25603.7	11.2454	563	510	314	1	0.0001 Colloc0 563 3421 0.0909048 158.486
950	1	846.257	25715.5	25704	11.4576	558	499	325	0	0.0001 Colloc0 558 3451 0.0439251 171.746
960	1	854.897	25703.7	25692	11.6376	561	483	341	2	0.0001 Colloc0 561 3424 0.032799 183.304
970	1	863.704	25706.9	25695.9	11.0023	556	503	321	1	0.0001 Colloc0 556 3427 0.102856 143.799
980	1	872.632	25669.1	25658	11.1466	570	532	292	2	0.0001 Colloc0 570 3420 0.104861 152.45
990	1	881.649	25613.7	25602.4	11.3471	555	548	276	0	0.0001 Colloc0 555 3423 0.0120989 164.791
1000	1	890.484	25759.7	25748.2	11.5157	566	521	303	2	0.0001 Colloc0 566 3458 0.0286902 175.448
1010	1	899.451	25708	25696.9	11.0362	570	538	286	4	0.0001 Colloc0 570 3441 0.0642268 145.815
1020	1	908.381	25667.7	25656.3	11.3605	578	525	299	3	0.0001 Colloc0 578 3464 0.0845441 165.631
1030	1	917.403	25603.3	25591.7	11.5704	553	553	271	4	0.0001 Colloc0 553 3421 0.0254898 178.957
1040	1	926.268	25675.7	25664.4	11.2372	560	538	286	3	0.0001 Colloc0 560 3446 0.0837889 157.984
1050	1	935.105	25682.5	25671	11.445	546	521	303	1	0.0001 Colloc0 546 3428 0.0367407 170.95
1060	1	943.869	25617	25605.6	11.3619	562	537	287	3	0.0001 Colloc0 562 3438 0.0354882 165.716
1070	1	952.577	25533.6	25522.8	10.7936	539	569	255	2	0.0001 Colloc0 539 3425 0.136605 131.66
1080	1	961.392	25604.8	25593.2	11.6087	565	543	281	1	0.0001 Colloc0 565 3462 0.0122364 181.433
1090	1	970.127	25632.2	25620.7	11.4728	554	538	286	1	0.0001 Colloc0 554 3424 0.0202639 172.715
1100	1	978.931	25571.4	25560.5	10.9669	574	555	269	1	0.0001 Colloc0 574 3429 0.139152 141.709
1110	1	987.752	25560.6	25549.5	11.0885	552	563	261	1	0.0001 Colloc0 552 3423 0.0434211 148.943
1120	1	996.693	25646.7	25635.3	11.3214	555	544	280	1	0.0001 Colloc0 555 3456 0.076869 163.191
1130	1	1005.56	25701	25690	10.9574	549	530	294	3	0.0001 Colloc0 549 3467 0.104854 141.15
1140	1	1014.25	25712.4	25700.7	11.686	559	498	326	3	0.0001 Colloc0 559 3445 0.0253564 186.453
1150	1	1023.16	25633.2	25622	11.2199	568	532	292	0	0.0001 Colloc0 568 3433 0.101433 156.919
1160	1	1032.06	25708.3	25696.6	11.7095	568	546	278	1	0.0001 Colloc0 568 3424 0.00875886 187.993
1170	1	1040.81	25558.4	25547.2	11.2041	543	535	289	0	0.0001 Colloc0 543 3448 0.078144 155.955
1180	1	1049.6	25675.1	25664.3	10.8546	554	521	303	0	0.0001 Colloc0 554 3440 0.107648 135.163
1190	1	1058.41	25586.3	25574.5	11.7471	552	545	279	2	0.0001 Colloc0 552 3435 0.0134482 190.458
1200	1	1067.31	25613	25601.4	11.5321	577	536	288	0	0.0001 Colloc0 577 3456 0.0787525 176.496
1210	1	1076.14	25462.5	25451.6	10.8953	560	561	263	1	0.0001 Colloc0 560 3422 0.123375 137.521
1220	1	1084.84	25509.5	25498.5	10.9854	551	555	269	0	0.0001 Colloc0 551 3411 0.122952 142.802
1230	1	1093.54	25509.1	25498.4	10.745	551	548	276	1	0.0001 Colloc0 551 3438 0.111807 128.903
1240	1	1102.38	25617.9	25606.3	11.5703	559	518	306	3	0.0001 Colloc0 559 3434 0.0234014 178.953
1250	1	1111.22	25584.9	25573.5	11.4338	546	525	299	0	0.0001 Colloc0 546 3445 0.0209206 170.242
1260	1	1119.96	25566.6	25555.9	10.776	558	545	279	0	0.0001 Colloc0 558 3417 0.0982263 130.658
1270	1	1128.72	25575.6	25564.2	11.4179	568	562	262	0	0.0001 Colloc0 568 3418 0.0892144 169.24
1280	1	1137.61	25364.7	25354.2	10.4594	542	583	241	0	0.0001 Colloc0 542 3371 0.165364 113.198
1290	1	1146.42	25412.3	25401.1	11.1507	552	574	250	3	0.0001 Colloc0 552 3389 0.124169 152.697
1300	1	1155.24	25533	25522.1	10.924	565	562	262	0	0.0001 Colloc0 565 3396 0.109632 139.194
1310	1	1164	25472	25460.7	11.2947	552	576	248	0	0.0001 Colloc0 552 3392 0.049005 161.532
1320	1	1172.7	25563.2	25552.2	11.0172	556	530	294	0	0.0001 Colloc0 556 3412 0.0971268 144.685
1330	1	1181.72	25592.2	25580.5	11.7051	569	533	291	2	0.0001 Colloc0 569 3416 0.0425272 187.706
1340	1	1190.58	25423.4	25411.8	11.6449	549	571	253	3	0.0001 Colloc0 549 3401 0.0265446 183.778
1350	1	1199.33	25587.6	25576.3	11.2871	576	556	268	0	0.0001 Colloc0 576 3410 0.0659477 161.063
1360	1	1208.1	25392.5	25380.7	11.8917	550	574	250	0	0.0001 Colloc0 550 3371 0.00181226 200.053
1370	1	1217.06	25483.1	25471.9	11.139	550	558	266	1	0.0001 Colloc0 550 3366 0.0942071 151.991
1380	1	1225.88	25482.8	25471.6	11.2089	551	551	273	2	0.0001 Colloc0 551 3389 0.111689 156.245
1390	1	1234.75	25526.3	25515.6	10.7063	559	547	277	1	0.0001 Colloc0 559 3402 0.142283 126.72
1400	1	1243.51	25548.7	25537.6	11.1727	557	545	279	1	0.0001 Colloc0 557 3392 0.0817057 154.033
1410	1	1252.44	25513.5	25502.3	11.1812	555	536	288	1	0.0001 Colloc0 555 3389 0.0541117 154.556
1420	1	1261.07	25561.5	25549.8	11.7079	566	560	264	1	0.0001 Colloc0 566 3406 0.0420772 187.886
1430	1	1269.75	25537.2	25525.9	11.2996	558	538	286	1	0.0001 Colloc0 558 3396 0.0782183 161.835
1440	1	1278.67	25510.6	25499	11.638	553	548	276	2	0.0001 Colloc0 553 3410 0.0393553 183.327
1450	1	1287.43	25424.5	25413.1	11.469	559	568	256	2	0.0001 Colloc0 559 3399 0.0368618 172.473
1460	1	1296.28	25447.9	25436.7	11.2089	546	568	256	1	0.0001 Colloc0 546 3383 0.0593483 156.245
1470	1	1305.42	25508.3	25497.1	11.1631	563	548	276	0	0.0001 Colloc0 563 3382 0.0837689 153.452
1480	1	1314.34	25595.7	25584.6	11.0863	582	536	288	1	0.0001 Colloc0 582 3399 0.0702032 148.81
1490	1	1323.11	25472.7	25461.2	11.5685	559	548	276	2	0.0001 Colloc0 559 3381 0.0144643 178.834
1500	1	1331.92	25535	25524.3	10.7022	557	535	289	2	0.0001 Colloc0 557 3399 0.144894 126.492
1510	1	1340.58	25621.7	25609.8	11.8663	566	521	303	0	0.0001 Colloc0 566 3369 0.00112795 198.358
1520	1	1349.33	25522	25511	11.0258	554	547	277	2	0.0001 Colloc0 554 3380 0.103607 145.198
1530	1	1358.12	25426.6	25415.6	10.9907	564	556	268	0	0.0001 Colloc0 564 3360 0.108955 143.115
1540	1	1366.9	25371.1	25359.8	11.3165	542	575	249	1	0.0001 Colloc0 542 3364 0.035823 162.886
1550	1	1375.67	25494.9	25483.3	11.609	562	547	277	0	0.0001 Colloc0 562 3360 0.0314885 181.447
1560	1	1384.52	25440.8	25429.2	11.6171	562	562	262	2	0.0001 Colloc0 562 3397 0.0628119 181.974
1570	1	1393.48	25506.5	25495.5	10.9919	562	545	279	2	0.0001 Colloc0 562 3390 0.107662 143.187
1580	1	1402.26	25548.2	25536.8	11.443	560	544	280	0	0.0001 Colloc0 560 3383 0.037364 170.824
1590	1	1411.08	25536.6	25524.5	12.0384	559	549	275	0	0.0001 Colloc0 559 3368 0.00717083 209.947
1600	1	1420.02	25526.4	25515.6	10.7945	560	549	275	2	0.0001 Colloc0 560 3388 0.160173 131.716
1610	1	1428.74	25484.1	25472.7	11.3706	551	564	260	0	0.0001 Colloc0 551 3403 0.0308649 166.266
1620	1	1437.5	25449.8	25438.3	11.475	540	573	251	3	0.0001 Colloc0 540 3375 0.0222767 172.854
1630	1	1446.5	25398.9	25387.4	11.527	564	586	238	2	0.0001 Colloc0 564 3372 0.0802932 176.171
1640	1	1455.36	25569.2	25557.4	11.8184	559	547	277	2	0.0001 Colloc0 559 3397 0.00355345 195.175
1650	1	1464.2	25336.8	25325.7	11.084	545	592	232	1	0.0001 Colloc0 545 3373 0.0684675 148.671
1660	1	1472.97	25431	25419.9	11.1239	554	580	244	0	0.0001 Colloc0 554 3388 0.067545 151.076
1670	1	1481.78	25570.6	25559	11.5061	566	531	293	3	0.0001 Colloc0 566 3395 0.0449663 174.835
1680	1	1490.71	25505.3	25494.3	11.0267	566	550	274	3	0.0001 Colloc0 566 3371 0.146871 145.251
1690	1	1499.31	25469.6	25458.5	11.1601	563	546	278	0	0.0001 Colloc0 563 3386 0.0897173 153.272
1700	1	1508.02	25578.8	25567.8	11.0546	578	528	296	0	0.0001 Colloc0 578 3393 0.146544 146.914
1710	1	1516.69	25568.8	25557.6	11.1986	565	543	281	1	0.0001 Colloc0 565 3396 0.0548176 155.617
1720	1	1525.21	25489.8	25478.5	11.2888	563	540	284	0	0.0001 Colloc0 563 3391 0.0788024 161.165
1730	1	1534.14	25535.9	25524.3	11.5479	570	542	282	0	0.0001 Colloc0 570 3393 0.0395904 177.515
1740	1	1542.82	25499.8	25488.5	11.3126	566	536	288	2	0.0001 Colloc0 566 3370 0.0684016 162.642
1750	1	1551.69	25396.4	25385.4	11.011	551	561	263	0	0.0001 Colloc0 551 3381 0.145777 144.318
1760	1	1560.37	25529.6	25518.1	11.5056	566	552	272	1	0.0001 Colloc0 566 3394 0.0830811 174.805
1770	1	1569.08	25543.8	25532.6	11.2512	562	558	266	2	0.0001 Colloc0 562 3388 0.0888188 158.845
1780	1	1578.1	25360.7	25349	11.6407	544	573	251	1	0.0001 Colloc0 544 3378 0.0101729 183.505
1790	1	1586.83	25437.3	25425.9	11.3615	549	551	273	3	0.0001 Colloc0 549 3374 0.0528146 165.696
1800	1	1595.34	25508.4	25497.1	11.2868	575	554	270	0	0.0001 Colloc0 575 3410 0.0908941 161.045
1810	1	1603.93	25477.8	25467.1	10.7456	561	557	267	2	0.0001 Colloc0 561 3385 0.121961 128.934
1820	1	1612.39	25400.3	25389.4	10.8435	548	580	244	1	0.0001 Colloc0 548 3385 0.103283 134.521
1830	1	1620.96	25571.9	25560.5	11.3227	550	525	299	3	0.0001 Colloc0 550 3389 0.0373988 163.272
1840	1	1629.71	25415.2	25404.1	11.1546	559	543	281	2	0.0001 Colloc0 559 3384 0.0894574 152.935
1850	1	1638.4	25476.1	25465.1	11.0074	545	556	268	2	0.0001 Colloc0 545 3413 0.0807098 144.103
1860	1	1647.09	25604	25592.2	11.8589	578	514	310	1	0.0001 Colloc0 578 3372 0.0266499 197.863
1870	1	1655.63	25512.6	25501.1	11.5273	554	522	302	1	0.0001 Colloc0 554 3382 0.0208441 176.189
1880	1	1664.29	25260.8	25249.8	11.0347	555	591	233	1	0.0001 Colloc0 555 3360 0.139464 145.729
1890	1	1672.93	25434.9	25423.7	11.1814	555	531	293	0	0.0001 Colloc0 555 3362 0.0810694 154.568
1900	1	1681.44	25471.9	25460.2	11.6503	566	551	273	1	0.0001 Colloc0 566 3373 0.0518226 184.13
1910	1	1690.1	25399.5	25387.8	11.6866	564	529	295	1	0.0001 Colloc0 564 3369 0.000870806 186.497
1920	1	1698.82	25483.1	25472.2	10.8473	550	547	277	4	0.0001 Colloc0 550 3384 0.102936 134.745
1930	1	1707.58	25394.7	25383.4	11.367	557	565	259	2	0.0001 Colloc0 557 3384 0.0616214 166.037
1940	1	1716.18	25474.8	25463.3	11.5016	565	565	259	2	0.0001 Colloc0 565 3360 0.0290112 174.549
1950	1	1724.86	25435.4	25424.5	10.8908	564	546	278	3	0.0001 Colloc0 564 3383 0.1446 137.259
1960	1	1733.66	25675.4	25663.9	11.509	577	510	314	0	0.0001 Colloc0 577 3373 0.0759804 175.02
1970	1	1742.44	25547.9	25536.1	11.7409	565	519	305	2	0.0001 Colloc0 565 3370 0.0130814 190.054
1980	1	1750.95	25416.7	25405.6	11.043	556	542	282	4	0.0001 Colloc0 556 3363 0.072421 146.219
1990	1	1759.62	25604.4	25593	11.3739	557	511	313	3	0.0001 Colloc0 557 3387 0.0538911 166.471
2000	1	1768.28	25510.1	25498.3	11.8131	555	515	309	3	0.0001 Colloc0 555 3391 0.0195074 194.82
