# D = 0, E = 1, I = 1, P = 1, R = -1, n = 2000, N = 1, P = 1, w = 1, a = 0.0001, b = 10000, e = 1, f = 1, g = 100, h = 0.01, r = 20179, s = 1, S = 0, x = 10, m = 100, Z = 1, z = 0, T = 1, t = 1
# 9115 tokens in 824 sentences
#
# It	Temp	Time	-logP	-logPcorpus	-logPrior	tables	same	changed	reject	default_pya	(parent pym pyn pya pyb)*
0	1	0.773882	37266	37152.2	113.764	3189	0	824	0	0.0001 Colloc0 3189 5042 0.0001 10000
10	1	12.0222	27815.8	27804	11.7714	640	254	570	3	0.0001 Colloc0 640 3880 0.077575 192.06
20	1	21.8377	27013.3	27002.2	11.1411	539	326	498	7	0.0001 Colloc0 539 3890 0.0208177 152.118
30	1	31.1793	26313.4	26302.9	10.4585	512	414	410	2	0.0001 Colloc0 512 3824 0.122037 113.151
40	1	40.6988	26307.5	26296.6	10.8466	505	427	397	2	0.0001 Colloc0 505 3856 0.0725889 134.704
50	1	50.2804	26207.1	26196.5	10.5843	495	421	403	2	0.0001 Colloc0 495 3861 0.0630911 119.953
60	1	60.0549	26267.3	26256.3	10.9854	521	417	407	2	0.0001 Colloc0 521 3857 0.0539414 142.805
70	1	69.3465	26159	26148.1	10.9249	511	412	412	4	0.0001 Colloc0 511 3799 0.0596531 139.245
80	1	78.4891	26213.4	26202	11.3935	526	427	397	0	0.0001 Colloc0 526 3777 0.0166313 167.698
90	1	87.6847	25993	25982.1	10.9485	506	427	397	3	0.0001 Colloc0 506 3767 0.0376052 140.631
100	1	97.4132	26183.9	26173	10.9398	514	415	409	0	0.0001 Colloc0 514 3784 0.0621548 140.118
110	1	106.941	26092.3	26081.5	10.772	512	414	410	1	0.0001 Colloc0 512 3747 0.0676644 130.433
120	1	116.697	25856.8	25846	10.8021	498	460	364	2	0.0001 Colloc0 498 3732 0.0841997 132.151
130	1	126.365	25887.7	25877.6	10.1198	495	445	379	4	0.0001 Colloc0 495 3740 0.114987 95.7828
140	1	136.01	25788.5	25777.7	10.7697	500	468	356	3	0.0001 Colloc0 500 3732 0.0659342 130.299
150	1	145.68	25723.2	25712.5	10.6952	503	471	353	1	0.0001 Colloc0 503 3709 0.0964765 126.1
160	1	154.966	25810.9	25799.8	11.0303	516	460	364	1	0.0001 Colloc0 516 3718 0.0231035 145.465
170	1	164.444	25713	25702.3	10.7076	499	477	347	3	0.0001 Colloc0 499 3734 0.0443028 126.793
180	1	173.632	25641.8	25630.9	10.8725	519	492	332	4	0.0001 Colloc0 519 3717 0.0468509 136.201
190	1	182.74	25068.1	25057.2	10.8832	486	549	275	1	0.0001 Colloc0 486 3629 0.0534154 136.822
200	1	192.044	25331.6	25320.7	10.9725	491	481	343	1	0.0001 Colloc0 491 3651 0.0404331 142.04
210	1	201.534	25208.6	25197.7	10.8189	502	509	315	2	0.0001 Colloc0 502 3632 0.0514108 133.111
220	1	211.07	25254.6	25244.5	10.0575	503	496	328	2	0.0001 Colloc0 503 3615 0.13419 92.7436
230	1	220.486	25296.3	25285.2	11.0856	529	498	326	1	0.0001 Colloc0 529 3604 0.0632862 148.77
240	1	229.997	25302.1	25291.7	10.4129	507	458	366	2	0.0001 Colloc0 507 3612 0.147854 110.731
250	1	239.457	25106.1	25095.1	11.0861	493	493	331	2	0.0001 Colloc0 493 3592 0.0292892 148.798
260	1	248.922	25188.2	25177.5	10.6335	500	494	330	3	0.0001 Colloc0 500 3604 0.0737855 122.661
270	1	258.411	25200.1	25190	10.1067	518	504	320	1	0.0001 Colloc0 518 3585 0.216357 95.1382
280	1	267.701	25266.4	25255.6	10.8167	512	472	352	0	0.0001 Colloc0 512 3592 0.0780425 132.986
290	1	277.122	25195.8	25185.5	10.301	500	475	349	0	0.0001 Colloc0 500 3598 0.156264 104.9
300	1	286.636	25196.4	25185.6	10.8154	515	479	345	0	0.0001 Colloc0 515 3565 0.111115 132.908
310	1	296.363	25173.9	25163	10.9004	488	484	340	0	0.0001 Colloc0 488 3587 0.0542544 137.818
320	1	306.001	25227.4	25216.7	10.6684	499	482	342	0	0.0001 Colloc0 499 3566 0.0658716 124.602
330	1	315.401	25190	25179.3	10.7471	509	483	341	1	0.0001 Colloc0 509 3562 0.0730304 129.022
340	1	325.045	25127.4	25116.7	10.7432	501	471	353	0	0.0001 Colloc0 501 3579 0.0752208 128.798
350	1	334.77	25126.9	25115.7	11.2012	494	490	334	1	0.0001 Colloc0 494 3591 0.0138589 155.772
360	1	344.242	25230.2	25219.2	11.0411	517	465	359	1	0.0001 Colloc0 517 3580 0.00119078 146.108
370	1	353.79	25158.2	25147.9	10.2739	515	472	352	0	0.0001 Colloc0 515 3580 0.154559 103.512
380	1	363.534	25212.3	25201.3	10.9854	511	481	343	1	0.0001 Colloc0 511 3589 0.0408613 142.804
390	1	372.748	25171.8	25161	10.8043	505	501	323	0	0.0001 Colloc0 505 3587 0.0990917 132.274
400	1	382.356	25108.1	25097.7	10.357	498	469	355	2	0.0001 Colloc0 498 3549 0.158825 107.799
410	1	391.819	25107.7	25096.8	10.9528	506	482	342	1	0.0001 Colloc0 506 3546 0.0431978 140.883
420	1	401.293	24764.9	24754.5	10.4265	474	531	293	0	0.0001 Colloc0 474 3548 0.0862136 111.451
430	1	410.781	24744.9	24734.4	10.5243	479	537	287	1	0.0001 Colloc0 479 3557 0.0811533 116.686
440	1	420.415	24823.6	24812.6	10.9767	510	522	302	0	0.0001 Colloc0 510 3540 0.0800627 142.286
450	1	429.755	24912.8	24902	10.8113	513	484	340	0	0.0001 Colloc0 513 3507 0.0602596 132.675
460	1	438.969	24821	24810	11.0013	492	525	299	3	0.0001 Colloc0 492 3540 0.0340369 143.744
470	1	448.084	24879.9	24868.9	11.0547	505	503	321	0	0.0001 Colloc0 505 3533 0.0109332 146.918
480	1	457.487	24863.7	24853.1	10.6692	506	508	316	2	0.0001 Colloc0 506 3520 0.0895862 124.646
490	1	467.049	24661.2	24650.3	10.8048	510	505	319	0	0.0001 Colloc0 510 3504 0.147462 132.301
500	1	476.927	24756.2	24745.9	10.3262	502	507	317	0	0.0001 Colloc0 502 3518 0.114823 106.198
510	1	486.682	24802.5	24791.4	11.0262	499	479	345	1	0.0001 Colloc0 499 3492 0.0212817 145.22
520	1	496.356	24844.5	24833.5	10.9957	505	485	339	0	0.0001 Colloc0 505 3492 0.0132451 143.41
530	1	505.871	24683	24672.5	10.5246	492	496	328	0	0.0001 Colloc0 492 3502 0.126358 116.702
540	1	515.467	24699	24688.3	10.7326	489	499	325	1	0.0001 Colloc0 489 3516 0.0854539 128.2
550	1	525.153	24756.6	24745.8	10.7518	502	483	341	3	0.0001 Colloc0 502 3506 0.0785599 129.287
560	1	534.76	24744.2	24733.3	10.9408	501	507	317	3	0.0001 Colloc0 501 3515 0.0264601 140.178
570	1	544.491	24639.7	24628.9	10.7291	497	521	303	2	0.0001 Colloc0 497 3484 0.0858662 128.003
580	1	553.846	24633	24622.1	10.9144	486	535	289	1	0.0001 Colloc0 486 3499 0.0533498 138.634
590	1	563.227	24707.6	24696.4	11.1851	500	507	317	2	0.0001 Colloc0 500 3473 0.0582312 154.792
600	1	572.789	24570.6	24560	10.6019	501	530	294	2	0.0001 Colloc0 501 3472 0.124291 120.919
610	1	582.239	24564.3	24553.6	10.6674	489	539	285	0	0.0001 Colloc0 489 3467 0.0882764 124.547
620	1	591.848	24630	24619.4	10.5931	493	509	315	2	0.0001 Colloc0 493 3462 0.114136 120.433
630	1	601.591	24672.3	24661	11.3423	512	528	296	1	0.0001 Colloc0 512 3465 0.0251567 164.495
640	1	611.232	24592.2	24581.8	10.4769	522	533	291	2	0.0001 Colloc0 522 3440 0.105747 114.135
650	1	620.842	24582.9	24572.4	10.4799	520	528	296	1	0.0001 Colloc0 520 3443 0.151853 114.294
660	1	630.492	24492.7	24482	10.6776	506	543	281	0	0.0001 Colloc0 506 3426 0.13497 125.112
670	1	640.117	24389.9	24378.6	11.3358	499	551	273	1	0.0001 Colloc0 499 3396 0.0186617 164.087
680	1	649.326	24405.3	24393.9	11.3156	485	560	264	2	0.0001 Colloc0 485 3421 0.0183567 162.832
690	1	659.009	24335.2	24324.4	10.8386	502	551	273	2	0.0001 Colloc0 502 3397 0.0708174 134.244
700	1	668.53	24232.4	24222.1	10.3772	513	587	237	4	0.0001 Colloc0 513 3378 0.153819 108.854
710	1	678.038	24260.6	24249.7	10.9302	506	568	256	0	0.0001 Colloc0 506 3403 0.0588594 139.558
720	1	687.631	24275.3	24264	11.3327	505	565	259	0	0.0001 Colloc0 505 3392 0.0472388 163.896
730	1	697.299	24239	24228.4	10.6147	507	574	250	3	0.0001 Colloc0 507 3391 0.111551 121.626
740	1	706.897	24240.1	24228.9	11.2297	501	591	233	1	0.0001 Colloc0 501 3417 0.0123369 157.52
750	1	716.32	24329.5	24318.6	10.8614	500	546	278	2	0.0001 Colloc0 500 3388 0.0726843 135.554
760	1	725.977	24261.2	24250.8	10.4012	502	570	254	0	0.0001 Colloc0 502 3385 0.109049 110.117
770	1	735.272	24276.3	24265.4	10.9034	514	561	263	4	0.0001 Colloc0 514 3376 0.0973138 137.992
780	1	744.69	24380	24369.5	10.5262	518	548	276	0	0.0001 Colloc0 518 3398 0.149164 116.791
790	1	754.222	24302.7	24291.6	11.1932	519	569	255	1	0.0001 Colloc0 519 3399 0.0563321 155.283
800	1	763.36	24279.5	24268.7	10.8262	505	554	270	0	0.0001 Colloc0 505 3393 0.0553796 133.527
810	1	772.476	24435	24423.9	11.1353	506	539	285	0	0.0001 Colloc0 506 3392 0.0498252 151.763
820	1	781.982	24310.7	24300.5	10.2569	495	545	279	1	0.0001 Colloc0 495 3398 0.142568 102.645
830	1	791.787	24311.9	24301.6	10.2843	494	568	256	3	0.0001 Colloc0 494 3392 0.140735 104.041
840	1	801.46	24288.3	24277.5	10.7912	487	575	249	2	0.0001 Colloc0 487 3426 0.0802761 131.526
850	1	810.996	24211.5	24201	10.548	491	568	256	0	0.0001 Colloc0 491 3390 0.0848682 117.97
860	1	820.359	24303.2	24292	11.2011	515	550	274	1	0.0001 Colloc0 515 3412 0.0456641 155.771
870	1	829.723	24132.5	24121.7	10.7829	489	588	236	0	0.0001 Colloc0 489 3359 0.0189502 131.053
880	1	839.333	24259.4	24248.7	10.7226	505	559	265	0	0.0001 Colloc0 505 3398 0.0983909 127.637
890	1	849.051	24285.7	24274.8	10.8483	511	558	266	0	0.0001 Colloc0 511 3394 0.0378614 134.803
900	1	858.352	24330.5	24320.2	10.343	521	543	281	1	0.0001 Colloc0 521 3402 0.142038 107.07
910	1	867.745	24205.9	24195.8	10.1228	495	557	267	0	0.0001 Colloc0 495 3377 0.170707 95.9298
920	1	876.999	24223.7	24213	10.6897	503	567	257	1	0.0001 Colloc0 503 3388 0.102459 125.791
930	1	886.716	24237.1	24226.5	10.6135	522	565	259	0	0.0001 Colloc0 522 3359 0.152445 121.559
940	1	896.322	24286.6	24275.7	10.9281	500	552	272	1	0.0001 Colloc0 500 3400 0.0936052 139.436
950	1	905.41	24276.5	24266.3	10.2303	502	563	261	1	0.0001 Colloc0 502 3403 0.192376 101.295
960	1	914.789	24283.1	24272.4	10.691	510	558	266	0	0.0001 Colloc0 510 3368 0.107665 125.862
970	1	924.393	24239.5	24229.2	10.3316	507	556	268	0	0.0001 Colloc0 507 3371 0.144092 106.479
980	1	933.728	24178	24166.9	11.0619	486	577	247	0	0.0001 Colloc0 486 3367 0.0466328 147.352
990	1	942.888	24196.7	24186.1	10.5625	500	556	268	2	0.0001 Colloc0 500 3365 0.106209 118.761
1000	1	952.178	24101.3	24090.8	10.4985	506	589	235	1	0.0001 Colloc0 506 3348 0.130954 115.295
1010	1	961.987	24173.2	24162.3	10.8591	504	568	256	0	0.0001 Colloc0 504 3350 0.0957579 135.423
1020	1	971.701	24290	24279.8	10.2637	508	516	308	0	0.0001 Colloc0 508 3374 0.159294 102.99
1030	1	981.511	24362.2	24351.9	10.2344	517	542	282	0	0.0001 Colloc0 517 3371 0.202523 101.499
1040	1	991.258	24153	24142.7	10.3327	512	555	269	0	0.0001 Colloc0 512 3358 0.177796 106.535
1050	1	1001	23982.9	23972.7	10.2346	491	593	231	0	0.0001 Colloc0 491 3333 0.154116 101.509
1060	1	1010.62	24282.3	24271.7	10.6553	512	546	278	2	0.0001 Colloc0 512 3350 0.0762297 123.872
1070	1	1020.06	24257.5	24247.1	10.4776	502	569	255	1	0.0001 Colloc0 502 3383 0.119791 114.171
1080	1	1029.76	24252.9	24242.5	10.4241	526	556	268	1	0.0001 Colloc0 526 3350 0.197297 111.326
1090	1	1039.65	24215.7	24204.9	10.8318	515	561	263	0	0.0001 Colloc0 515 3334 0.110779 133.848
1100	1	1049.24	24153.5	24143.2	10.2766	515	570	254	1	0.0001 Colloc0 515 3364 0.167784 103.647
1110	1	1058.78	24201.7	24191	10.6924	529	589	235	0	0.0001 Colloc0 529 3343 0.17925 125.942
1120	1	1068.58	24079.7	24069.1	10.632	487	543	281	1	0.0001 Colloc0 487 3335 0.0900419 122.58
1130	1	1078.47	24027.5	24017.3	10.2256	497	591	233	3	0.0001 Colloc0 497 3321 0.192337 101.056
1140	1	1087.83	24050.5	24040.1	10.4604	500	593	231	2	0.0001 Colloc0 500 3334 0.115879 113.256
1150	1	1097.09	24085	24074.3	10.7816	511	576	248	1	0.0001 Colloc0 511 3330 0.118635 130.98
1160	1	1106.34	24104	24092.7	11.3038	510	581	243	0	0.0001 Colloc0 510 3331 0.0431247 162.096
1170	1	1115.87	24140.7	24130	10.7406	514	547	277	0	0.0001 Colloc0 514 3348 0.0941086 128.651
1180	1	1125.38	24250.3	24239.4	10.8471	500	542	282	1	0.0001 Colloc0 500 3345 0.0446033 134.734
1190	1	1134.94	24060.8	24050.3	10.5065	494	568	256	1	0.0001 Colloc0 494 3319 0.114824 115.724
1200	1	1144.34	24068.4	24057.7	10.7357	497	590	234	0	0.0001 Colloc0 497 3337 0.0951057 128.377
1210	1	1153.77	24172.1	24161.1	11.0007	515	563	261	0	0.0001 Colloc0 515 3350 0.103349 143.708
1220	1	1163.46	24090.3	24079.4	10.9045	484	558	266	1	0.0001 Colloc0 484 3311 0.0466893 138.055
1230	1	1173.15	24036.8	24026.3	10.474	499	577	247	1	0.0001 Colloc0 499 3319 0.145938 113.978
1240	1	1182.85	24147.8	24137.3	10.4599	499	569	255	1	0.0001 Colloc0 499 3344 0.106061 113.225
1250	1	1192.41	24061.9	24051	10.8699	494	587	237	1	0.0001 Colloc0 494 3350 0.0661383 136.047
1260	1	1201.51	24039.8	24029.4	10.3903	496	593	231	2	0.0001 Colloc0 496 3321 0.124674 109.544
1270	1	1210.74	24106.7	24096	10.7294	495	590	234	0	0.0001 Colloc0 495 3343 0.0856597 128.02
1280	1	1220.13	24132.9	24121.6	11.3245	507	564	260	0	0.0001 Colloc0 507 3344 0.0376965 163.382
1290	1	1229.73	24110.3	24099.2	11.0787	493	578	246	1	0.0001 Colloc0 493 3326 0.0437752 148.357
1300	1	1239.49	24075.1	24064.3	10.7425	493	576	248	2	0.0001 Colloc0 493 3328 0.109369 128.758
1310	1	1249.31	24074	24063.2	10.7901	505	593	231	0	0.0001 Colloc0 505 3334 0.114528 131.463
1320	1	1258.87	24008.8	23998.1	10.7182	484	614	210	2	0.0001 Colloc0 484 3340 0.0915125 127.391
1330	1	1268.19	23933.9	23923.5	10.3817	494	603	221	0	0.0001 Colloc0 494 3319 0.17798 109.092
1340	1	1277.9	24022.2	24011.6	10.6259	502	611	213	0	0.0001 Colloc0 502 3318 0.112496 122.243
1350	1	1287.48	23977.7	23966.4	11.3262	497	628	196	1	0.0001 Colloc0 497 3331 0.0588831 163.491
1360	1	1296.69	23998.3	23988.1	10.2571	492	596	228	2	0.0001 Colloc0 492 3318 0.122187 102.654
1370	1	1306.32	24095.1	24084.1	10.9492	501	566	258	1	0.0001 Colloc0 501 3319 0.0968129 140.669
1380	1	1315.77	24046.7	24036.4	10.2547	513	589	235	1	0.0001 Colloc0 513 3329 0.186574 102.529
1390	1	1325.23	23970.4	23959.8	10.5523	499	620	204	0	0.0001 Colloc0 499 3335 0.12811 118.208
1400	1	1335.12	23886.8	23876.4	10.3534	487	608	216	2	0.0001 Colloc0 487 3324 0.145517 107.611
1410	1	1344.79	24081.7	24070.4	11.2785	504	589	235	2	0.0001 Colloc0 504 3332 0.037057 160.527
1420	1	1354.31	24188.3	24177.9	10.3276	518	543	281	1	0.0001 Colloc0 518 3332 0.161891 106.273
1430	1	1364.31	24045.6	24034.4	11.2469	504	582	242	0	0.0001 Colloc0 504 3334 0.0695333 158.576
1440	1	1373.58	24141.7	24131.1	10.6021	501	571	253	0	0.0001 Colloc0 501 3330 0.113391 120.933
1450	1	1382.95	24085.8	24075.3	10.4727	508	591	233	0	0.0001 Colloc0 508 3350 0.177027 113.91
1460	1	1392.54	24086.9	24076.2	10.6784	495	573	251	1	0.0001 Colloc0 495 3346 0.0929129 125.159
1470	1	1402.23	24013.6	24003.1	10.4654	487	589	235	2	0.0001 Colloc0 487 3336 0.131847 113.523
1480	1	1411.9	24027.3	24016.9	10.3754	481	585	239	0	0.0001 Colloc0 481 3347 0.109753 108.763
1490	1	1421.59	24104	24093.1	10.9257	492	596	228	0	0.0001 Colloc0 492 3378 0.0255703 139.294
1500	1	1431.36	23979.7	23969.1	10.6486	493	598	226	2	0.0001 Colloc0 493 3320 0.13476 123.5
1510	1	1440.9	23998.6	23987.9	10.7246	506	578	246	0	0.0001 Colloc0 506 3337 0.128984 127.75
1520	1	1450.72	24102.7	24092.3	10.4581	499	578	246	0	0.0001 Colloc0 499 3331 0.1302 113.132
1530	1	1460.43	24006.1	23995.5	10.5658	505	603	221	1	0.0001 Colloc0 505 3336 0.144914 118.945
1540	1	1470.09	24112.4	24101.2	11.1418	499	567	257	2	0.0001 Colloc0 499 3317 0.0429417 152.161
1550	1	1479.86	23949.6	23939.3	10.3038	497	599	225	0	0.0001 Colloc0 497 3306 0.165721 105.046
1560	1	1489.37	24061.3	24051.1	10.2254	499	587	237	3	0.0001 Colloc0 499 3323 0.165126 101.044
1570	1	1498.97	24191.8	24180.9	10.8487	522	536	288	1	0.0001 Colloc0 522 3348 0.0831199 134.825
1580	1	1508.33	24126.2	24115.6	10.5407	495	579	245	2	0.0001 Colloc0 495 3332 0.0992454 117.576
1590	1	1517.86	24166.8	24156.7	10.1035	508	576	248	1	0.0001 Colloc0 508 3329 0.165606 94.9801
1600	1	1526.89	24079.7	24068.9	10.8464	498	570	254	2	0.0001 Colloc0 498 3331 0.0782732 134.693
1610	1	1536.18	24017.2	24006.8	10.4558	493	591	233	1	0.0001 Colloc0 493 3343 0.0955438 113.007
1620	1	1545.66	24120.4	24109.6	10.8716	508	596	228	1	0.0001 Colloc0 508 3340 0.108467 136.145
1630	1	1555.34	24010.5	23999.2	11.3475	496	591	233	2	0.0001 Colloc0 496 3323 0.0158157 164.815
1640	1	1564.86	24008.9	23998.2	10.6575	510	591	233	0	0.0001 Colloc0 510 3303 0.092908 123.992
1650	1	1574.23	23989.5	23978.8	10.7434	504	609	215	0	0.0001 Colloc0 504 3327 0.0816413 128.81
1660	1	1583.45	23914.5	23904.2	10.3178	505	631	193	1	0.0001 Colloc0 505 3312 0.173296 105.767
1670	1	1592.51	23827.4	23816.6	10.8144	499	628	196	0	0.0001 Colloc0 499 3274 0.105032 132.851
1680	1	1601.62	23842.3	23831.8	10.5429	499	592	232	0	0.0001 Colloc0 499 3272 0.142816 117.697
1690	1	1611	23943.8	23932.6	11.1612	505	577	247	1	0.0001 Colloc0 505 3296 0.0505662 153.338
1700	1	1620.57	23916.9	23906.4	10.5836	499	597	227	1	0.0001 Colloc0 499 3299 0.10216 119.917
1710	1	1629.72	23960.5	23949.5	10.9407	505	600	224	2	0.0001 Colloc0 505 3294 0.0618761 140.171
1720	1	1638.88	24054	24043.2	10.8021	522	557	267	1	0.0001 Colloc0 522 3285 0.108754 132.147
1730	1	1647.94	24079.9	24069.4	10.509	511	549	275	0	0.0001 Colloc0 511 3293 0.131704 115.86
1740	1	1657	23897.6	23887.4	10.1711	509	607	217	1	0.0001 Colloc0 509 3296 0.194875 98.3203
1750	1	1666.27	24003.4	23992.8	10.5705	503	559	265	2	0.0001 Colloc0 503 3307 0.112167 119.197
1760	1	1675.59	23915	23903.8	11.2101	499	576	248	0	0.0001 Colloc0 499 3292 0.0115881 156.319
1770	1	1685.08	23937.5	23926.6	10.8317	499	593	231	2	0.0001 Colloc0 499 3285 0.0795458 133.848
1780	1	1694.56	23713	23702.3	10.7651	486	654	170	2	0.0001 Colloc0 486 3279 0.0770977 130.041
1790	1	1704.11	23785	23774.5	10.452	483	629	195	0	0.0001 Colloc0 483 3292 0.110883 112.805
1800	1	1713.55	23773.1	23762.9	10.2251	492	601	223	1	0.0001 Colloc0 492 3271 0.173986 101.03
1810	1	1723.08	23852.8	23841.6	11.1435	484	596	228	1	0.0001 Colloc0 484 3285 0.0154127 152.262
1820	1	1732.28	23905.9	23895.6	10.3541	507	604	220	1	0.0001 Colloc0 507 3279 0.17773 107.646
1830	1	1741.74	23904.2	23893.7	10.4645	482	579	245	2	0.0001 Colloc0 482 3293 0.156446 113.47
1840	1	1751.13	23754.2	23743.1	11.1362	487	627	197	2	0.0001 Colloc0 487 3290 0.0134583 151.821
1850	1	1760.61	23795.6	23784.9	10.6897	481	615	209	1	0.0001 Colloc0 481 3287 0.122001 125.791
1860	1	1770.09	23918	23908.5	9.50822	506	607	217	2	0.0001 Colloc0 506 3299 0.22258 68.219
1870	1	1779.64	23869.3	23858.9	10.4307	505	606	218	3	0.0001 Colloc0 505 3322 0.159238 111.675
1880	1	1788.69	23907.1	23896.3	10.783	495	598	226	0	0.0001 Colloc0 495 3298 0.0946257 131.059
1890	1	1798.08	23971.7	23960.9	10.833	508	577	247	3	0.0001 Colloc0 508 3306 0.0742888 133.922
1900	1	1807.44	23909.2	23899	10.2162	508	595	229	1	0.0001 Colloc0 508 3279 0.169797 100.581
1910	1	1816.75	23777.1	23766.3	10.8541	502	625	199	2	0.0001 Colloc0 502 3292 0.123882 135.133
1920	1	1826.25	23773.8	23763.2	10.5981	492	623	201	1	0.0001 Colloc0 492 3284 0.124167 120.711
1930	1	1835.48	23880.1	23869.5	10.5668	505	600	224	1	0.0001 Colloc0 505 3300 0.171413 118.996
1940	1	1844.67	23767.2	23756.9	10.2535	500	633	191	1	0.0001 Colloc0 500 3281 0.106355 102.467
1950	1	1853.97	23857.6	23846.9	10.7495	498	610	214	1	0.0001 Colloc0 498 3278 0.123049 129.155
1960	1	1863.25	23720.3	23709.7	10.6179	484	629	195	3	0.0001 Colloc0 484 3291 0.0764317 121.798
1970	1	1872.41	23769.4	23758.8	10.6343	496	631	193	1	0.0001 Colloc0 496 3297 0.111792 122.706
1980	1	1881.35	23908.9	23898.7	10.2085	496	576	248	3	0.0001 Colloc0 496 3277 0.188977 100.192
1990	1	1890.54	23762.8	23752.7	10.1047	497	625	199	1	0.0001 Colloc0 497 3283 0.200187 95.0385
2000	1	1899.64	23823.2	23813.3	9.82329	500	619	205	2	0.0001 Colloc0 500 3290 0.229267 81.7783
