# D = 0, E = 1, I = 1, P = 1, R = -1, n = 2000, N = 1, P = 1, w = 1, a = 0.0001, b = 10000, e = 1, f = 1, g = 100, h = 0.01, r = 6118, s = 1, S = 0, x = 10, m = 100, Z = 1, z = 0, T = 1, t = 1
# 9115 tokens in 824 sentences
#
# It	Temp	Time	-logP	-logPcorpus	-logPrior	tables	same	changed	reject	default_pya	(parent pym pyn pya pyb)*
0	1	0.740887	33083.6	32969.9	113.764	2003	0	824	0	0.0001 Colloc0 2003 3601 0.0001 10000
10	1	11.4903	25887.5	25875.9	11.6095	601	405	419	4	0.0001 Colloc0 601 3427 0.0529114 181.485
20	1	21.2278	25185.8	25174.6	11.2282	557	491	333	1	0.0001 Colloc0 557 3382 0.121345 157.427
30	1	30.9443	25049.8	25038.6	11.1744	529	509	315	0	0.0001 Colloc0 529 3390 0.0380255 154.142
40	1	40.7348	25179	25167.4	11.5966	536	497	327	1	0.0001 Colloc0 536 3436 0.0178077 180.646
50	1	50.5953	24905.4	24894.4	10.9445	522	530	294	3	0.0001 Colloc0 522 3419 0.0705407 140.397
60	1	60.3718	24799.2	24788.4	10.8216	526	574	250	1	0.0001 Colloc0 526 3403 0.122681 133.267
70	1	70.2723	24784.3	24774.2	10.0905	504	559	265	4	0.0001 Colloc0 504 3403 0.154284 94.345
80	1	80.2888	24811	24800.4	10.6442	527	546	278	2	0.0001 Colloc0 527 3400 0.128239 123.254
90	1	90.0913	24860.6	24850.1	10.5629	526	532	292	5	0.0001 Colloc0 526 3394 0.121527 118.783
100	1	100.149	24915.4	24905	10.4423	536	512	312	3	0.0001 Colloc0 536 3400 0.178419 112.289
110	1	110.093	24727.2	24716.3	10.954	513	552	272	4	0.0001 Colloc0 513 3406 0.0646862 140.95
120	1	119.995	24838.8	24827.5	11.3134	517	544	280	3	0.0001 Colloc0 517 3435 0.0369319 162.69
130	1	129.936	24948.2	24936.9	11.3044	513	508	316	1	0.0001 Colloc0 513 3423 0.0143801 162.131
140	1	139.669	24925	24913.9	11.11	511	496	328	1	0.0001 Colloc0 511 3434 0.0264108 150.236
150	1	148.946	24819.2	24808.5	10.6265	515	532	292	3	0.0001 Colloc0 515 3387 0.138326 122.274
160	1	158.773	24611.3	24600.8	10.4129	520	528	296	2	0.0001 Colloc0 520 3381 0.154213 110.733
170	1	168.874	24564.1	24553	11.0687	504	532	292	2	0.0001 Colloc0 504 3387 0.064329 147.759
180	1	178.895	24681	24670.2	10.8078	520	519	305	2	0.0001 Colloc0 520 3389 0.138111 132.476
190	1	188.253	24535.6	24524.6	11.0068	503	566	258	4	0.0001 Colloc0 503 3375 0.0699654 144.068
200	1	198.209	24608.1	24597.3	10.7989	515	548	276	2	0.0001 Colloc0 515 3363 0.0760697 131.965
210	1	208.098	24676.4	24665.8	10.6682	519	520	304	3	0.0001 Colloc0 519 3388 0.119924 124.591
220	1	217.789	24532.3	24520.8	11.5061	510	548	276	6	0.0001 Colloc0 510 3365 0.0108915 174.838
230	1	227.575	24568.9	24557.9	11.0876	528	535	289	1	0.0001 Colloc0 528 3368 0.0926334 148.891
240	1	237.013	24431.3	24420.5	10.8143	510	566	258	2	0.0001 Colloc0 510 3355 0.0709511 132.847
250	1	246.338	24306.3	24295.6	10.6781	503	589	235	1	0.0001 Colloc0 503 3298 0.14044 125.141
260	1	255.787	24538.6	24527.9	10.7388	528	533	291	2	0.0001 Colloc0 528 3349 0.100451 128.55
270	1	265.47	24521.9	24510.7	11.1847	520	519	305	4	0.0001 Colloc0 520 3347 0.0828015 154.768
280	1	275.47	24577.6	24566.8	10.7367	535	541	283	1	0.0001 Colloc0 535 3348 0.142265 128.43
290	1	285.41	24452.8	24442.6	10.2255	515	535	289	0	0.0001 Colloc0 515 3340 0.181057 101.048
300	1	294.564	24488	24477.2	10.8422	500	554	270	0	0.0001 Colloc0 500 3372 0.0788737 134.451
310	1	304.501	24428.1	24417.8	10.3094	506	571	253	1	0.0001 Colloc0 506 3348 0.183569 105.333
320	1	314.472	24347.9	24337.5	10.4093	515	584	240	1	0.0001 Colloc0 515 3346 0.119373 110.541
330	1	324.392	24523.3	24512.9	10.3903	526	534	290	3	0.0001 Colloc0 526 3332 0.169171 109.542
340	1	334.354	24403.6	24393.2	10.4706	514	574	250	0	0.0001 Colloc0 514 3342 0.13272 113.799
350	1	344.448	24441	24430	11.053	524	560	264	2	0.0001 Colloc0 524 3336 0.0771211 146.814
360	1	354.38	24435.8	24424.4	11.3953	514	579	245	1	0.0001 Colloc0 514 3344 0.0357734 167.816
370	1	364.192	24400.4	24389.7	10.7483	524	578	246	0	0.0001 Colloc0 524 3345 0.126776 129.088
380	1	374.126	24422.8	24412.1	10.6575	516	566	258	1	0.0001 Colloc0 516 3340 0.138054 123.995
390	1	384.136	24395.2	24384.9	10.2913	507	568	256	0	0.0001 Colloc0 507 3341 0.159744 104.399
400	1	393.555	24432.9	24421.7	11.2172	506	539	285	1	0.0001 Colloc0 506 3343 0.00839719 156.757
410	1	403.31	24426.3	24415.4	10.9651	514	562	262	2	0.0001 Colloc0 514 3338 0.106926 141.605
420	1	413.217	24458.6	24448.4	10.1993	519	539	285	1	0.0001 Colloc0 519 3320 0.144382 99.7315
430	1	423.238	24583.1	24572.1	11.0333	529	533	291	2	0.0001 Colloc0 529 3325 0.0326604 145.642
440	1	433.369	24597.8	24586.3	11.5363	532	529	295	1	0.0001 Colloc0 532 3337 0.0175087 176.768
450	1	443.16	24636.8	24625.7	11.0965	536	526	298	1	0.0001 Colloc0 536 3349 0.0447934 149.426
460	1	452.899	24459.2	24448.7	10.4825	528	557	267	1	0.0001 Colloc0 528 3321 0.151697 114.436
470	1	462.517	24331.8	24320.9	10.8923	524	562	262	1	0.0001 Colloc0 524 3331 0.0427658 137.346
480	1	471.984	24416	24405.9	10.1705	528	549	275	1	0.0001 Colloc0 528 3321 0.227007 98.2916
490	1	481.69	24359.3	24348.3	10.9827	510	564	260	0	0.0001 Colloc0 510 3319 0.0724957 142.643
500	1	491.292	24409.3	24398.8	10.5009	510	547	277	3	0.0001 Colloc0 510 3327 0.149086 115.426
510	1	500.776	24546.1	24534.8	11.2631	526	522	302	1	0.0001 Colloc0 526 3327 0.00041217 159.574
520	1	510.399	24389.6	24378.5	11.1012	512	559	265	1	0.0001 Colloc0 512 3321 0.0193124 149.708
530	1	520.465	24411.2	24400.5	10.7429	512	553	271	4	0.0001 Colloc0 512 3330 0.0715087 128.78
540	1	530.485	24448.9	24437.6	11.2571	505	549	275	1	0.0001 Colloc0 505 3295 0.0593723 159.205
550	1	540.358	24242.5	24231.8	10.77	506	577	247	1	0.0001 Colloc0 506 3301 0.0798363 130.319
560	1	550.245	24316.1	24305.7	10.3835	517	561	263	0	0.0001 Colloc0 517 3314 0.129583 109.185
570	1	560.273	24455.7	24445.3	10.4345	524	532	292	1	0.0001 Colloc0 524 3303 0.177359 111.876
580	1	570.284	24256.1	24245.9	10.1368	522	575	249	2	0.0001 Colloc0 522 3299 0.172552 96.6212
590	1	579.773	24320.9	24310.2	10.7037	523	534	290	1	0.0001 Colloc0 523 3289 0.0953896 126.577
600	1	589.739	24369.2	24358.5	10.6848	530	540	284	1	0.0001 Colloc0 530 3302 0.158463 125.515
610	1	599.587	24283.3	24272.5	10.7532	516	561	263	0	0.0001 Colloc0 516 3299 0.0827909 129.368
620	1	609.392	24259.1	24248.5	10.5421	517	584	240	0	0.0001 Colloc0 517 3310 0.132123 117.652
630	1	619.037	24298	24287.8	10.1714	514	571	253	0	0.0001 Colloc0 514 3286 0.163471 98.3382
640	1	628.987	24128.9	24118	10.8999	497	583	241	1	0.0001 Colloc0 497 3272 0.108608 137.788
650	1	639.108	24267.2	24256	11.1485	507	564	260	4	0.0001 Colloc0 507 3305 0.06027 152.566
660	1	648.865	24103.6	24092.4	11.1631	482	591	233	1	0.0001 Colloc0 482 3291 0.0162556 153.453
670	1	658.624	24252.9	24242.1	10.7321	511	559	265	0	0.0001 Colloc0 511 3287 0.113352 128.173
680	1	668.396	24230.9	24219.6	11.3239	511	556	268	6	0.0001 Colloc0 511 3288 0.0231684 163.344
690	1	678.309	24155.9	24144.4	11.4854	488	608	216	1	0.0001 Colloc0 488 3281 0.0140479 173.518
700	1	688.086	24197.8	24187.3	10.5074	503	588	236	1	0.0001 Colloc0 503 3286 0.137269 115.776
710	1	697.903	24339.2	24328.6	10.6217	538	551	273	1	0.0001 Colloc0 538 3278 0.167437 122.009
720	1	707.367	24356.5	24345.7	10.8092	537	561	263	2	0.0001 Colloc0 537 3279 0.128474 132.557
730	1	716.768	24167	24156.1	10.8243	505	577	247	3	0.0001 Colloc0 505 3282 0.0663723 133.418
740	1	726.622	24163.6	24152.8	10.758	508	599	225	1	0.0001 Colloc0 508 3274 0.158475 129.64
750	1	736.563	24183.1	24172	11.106	496	588	236	1	0.0001 Colloc0 496 3313 0.00539453 149.998
760	1	746.605	24339.7	24329	10.7059	519	553	271	0	0.0001 Colloc0 519 3313 0.0746975 126.7
770	1	756.648	24330	24318.5	11.4961	520	535	289	0	0.0001 Colloc0 520 3270 0.0225271 174.197
780	1	766.755	24297.3	24286.6	10.6784	515	560	264	1	0.0001 Colloc0 515 3306 0.114576 125.16
790	1	776.899	24249.8	24238.9	10.895	512	559	265	2	0.0001 Colloc0 512 3282 0.095074 137.506
800	1	786.878	24253.3	24242.3	10.9996	512	580	244	2	0.0001 Colloc0 512 3279 0.0620376 143.64
810	1	796.608	24341.2	24330.1	11.0865	528	552	272	3	0.0001 Colloc0 528 3284 0.0473713 148.826
820	1	806.672	24240.7	24230	10.7783	510	562	262	1	0.0001 Colloc0 510 3272 0.162837 130.791
830	1	816.733	24198.7	24187.7	10.9948	508	576	248	2	0.0001 Colloc0 508 3264 0.0928187 143.358
840	1	826.585	24371.7	24360.7	11.0006	512	530	294	1	0.0001 Colloc0 512 3295 0.0634743 143.701
850	1	836.439	24223.5	24212.7	10.7609	519	589	235	1	0.0001 Colloc0 519 3291 0.123677 129.805
860	1	846.116	24307.2	24296.1	11.0636	513	550	274	0	0.0001 Colloc0 513 3309 0.0675081 147.452
870	1	856.052	24211.5	24201.2	10.2945	499	582	242	0	0.0001 Colloc0 499 3295 0.166302 104.564
880	1	866.091	24232.2	24221.5	10.7778	517	566	258	3	0.0001 Colloc0 517 3288 0.122219 130.76
890	1	876.137	24279.8	24269	10.8686	523	569	255	3	0.0001 Colloc0 523 3278 0.110909 135.976
900	1	885.7	24245.7	24235	10.7364	506	564	260	1	0.0001 Colloc0 506 3293 0.135163 128.414
910	1	895.48	24249.6	24239.2	10.3398	510	557	267	3	0.0001 Colloc0 510 3298 0.173733 106.907
920	1	905.448	24224.9	24213.6	11.2607	523	561	263	2	0.0001 Colloc0 523 3260 0.0732016 159.431
930	1	915.402	24181.2	24170.5	10.7099	521	562	262	0	0.0001 Colloc0 521 3287 0.140633 126.925
940	1	925.289	24194.4	24183.9	10.5253	503	581	243	2	0.0001 Colloc0 503 3282 0.12963 116.739
950	1	934.895	24254	24242.8	11.1767	514	576	248	3	0.0001 Colloc0 514 3303 0.0828006 154.277
960	1	944.768	24135.6	24124.8	10.7701	522	622	202	1	0.0001 Colloc0 522 3266 0.112881 130.322
970	1	954.555	24061.6	24051.1	10.4583	507	641	183	1	0.0001 Colloc0 507 3274 0.119178 113.144
980	1	964.552	24137.6	24126.9	10.6356	512	587	237	1	0.0001 Colloc0 512 3259 0.11893 122.777
990	1	974.377	24134.8	24124.5	10.2958	519	598	226	2	0.0001 Colloc0 519 3253 0.135654 104.63
1000	1	984.369	24103.2	24092.7	10.5397	505	600	224	2	0.0001 Colloc0 505 3280 0.138118 117.523
1010	1	994.619	24138.9	24128.3	10.595	522	575	249	1	0.0001 Colloc0 522 3238 0.159475 120.543
1020	1	1004.15	24183.7	24172.8	10.8409	517	554	270	1	0.0001 Colloc0 517 3235 0.138143 134.372
1030	1	1013.33	24198.7	24187.9	10.8783	522	564	260	2	0.0001 Colloc0 522 3247 0.0987638 136.536
1040	1	1022.54	24118.8	24108.1	10.7345	508	577	247	0	0.0001 Colloc0 508 3280 0.0870588 128.31
1050	1	1032.49	24158.8	24148.5	10.3774	519	589	235	0	0.0001 Colloc0 519 3247 0.172287 108.865
1060	1	1042.27	24199.8	24188.8	11.0092	537	574	250	2	0.0001 Colloc0 537 3247 0.110842 144.208
1070	1	1052.24	24213.5	24202.5	10.9236	514	569	255	0	0.0001 Colloc0 514 3256 0.0754588 139.173
1080	1	1062.14	24189.8	24178.5	11.3085	515	579	245	2	0.0001 Colloc0 515 3272 0.0417492 162.39
1090	1	1072.19	24088.3	24077.5	10.7578	520	574	250	0	0.0001 Colloc0 520 3257 0.122753 129.625
1100	1	1082.22	24253	24242.2	10.817	518	560	264	1	0.0001 Colloc0 518 3276 0.119393 132.999
1110	1	1092.26	24190	24179.1	10.8783	515	579	245	0	0.0001 Colloc0 515 3274 0.0989947 136.534
1120	1	1102.14	24111.9	24100.8	11.0754	500	583	241	1	0.0001 Colloc0 500 3250 0.0259892 148.156
1130	1	1112.19	24102.6	24091.7	10.9573	508	593	231	1	0.0001 Colloc0 508 3251 0.105576 141.146
1140	1	1122.27	24052.1	24040.7	11.4113	501	598	226	2	0.0001 Colloc0 501 3276 0.016137 168.824
1150	1	1132.38	24200.3	24189.3	10.977	521	562	262	2	0.0001 Colloc0 521 3255 0.105597 142.309
1160	1	1142.46	24294	24283	11.0186	534	539	285	1	0.0001 Colloc0 534 3255 0.08361 144.768
1170	1	1152.42	24219.1	24207.8	11.27	540	548	276	2	0.0001 Colloc0 540 3240 0.0662261 160.002
1180	1	1162.54	24095.1	24084.6	10.4895	517	601	223	2	0.0001 Colloc0 517 3253 0.139693 114.81
1190	1	1172.75	24060.6	24049.7	10.9421	520	582	242	1	0.0001 Colloc0 520 3235 0.0868328 140.255
1200	1	1182.67	24020.3	24009.8	10.5235	500	597	227	1	0.0001 Colloc0 500 3237 0.116604 116.645
1210	1	1192.54	24029	24018.9	10.1119	507	616	208	1	0.0001 Colloc0 507 3251 0.203429 95.3937
1220	1	1202.59	24034.8	24023.9	10.8569	520	616	208	0	0.0001 Colloc0 520 3257 0.102583 135.296
1230	1	1212.82	24020.1	24009.2	10.867	510	619	205	1	0.0001 Colloc0 510 3257 0.103017 135.881
1240	1	1222.82	24179.5	24169	10.4792	529	570	254	1	0.0001 Colloc0 529 3261 0.194558 114.257
1250	1	1232.49	24044	24033.2	10.8006	504	581	243	0	0.0001 Colloc0 504 3251 0.05666 132.065
1260	1	1242.2	23971.4	23960.1	11.2804	512	610	214	0	0.0001 Colloc0 512 3240 0.0525092 160.644
1270	1	1252.06	23982.6	23972.1	10.5574	494	625	199	2	0.0001 Colloc0 494 3271 0.136775 118.482
1280	1	1262.14	24049.7	24038.9	10.7421	511	592	232	1	0.0001 Colloc0 511 3260 0.0977091 128.735
1290	1	1272.15	24062.7	24051.9	10.7864	518	573	251	1	0.0001 Colloc0 518 3259 0.109438 131.253
1300	1	1282.12	24254.1	24243.3	10.8505	511	536	288	1	0.0001 Colloc0 511 3251 0.108605 134.926
1310	1	1292.01	24265.1	24253.8	11.2486	516	559	265	1	0.0001 Colloc0 516 3264 0.0556515 158.681
1320	1	1301.73	24190.5	24179.1	11.4233	518	546	278	0	0.0001 Colloc0 518 3273 0.0451938 169.58
1330	1	1311.68	24169.1	24158.2	10.9685	517	564	260	1	0.0001 Colloc0 517 3260 0.122125 141.805
1340	1	1321.62	24095.8	24084.3	11.4424	514	569	255	2	0.0001 Colloc0 514 3247 0.0243952 170.788
1350	1	1331.65	24225.6	24214.2	11.4421	517	569	255	2	0.0001 Colloc0 517 3288 0.00124445 170.767
1360	1	1341.59	24239.8	24228.9	10.8252	528	558	266	4	0.0001 Colloc0 528 3248 0.119062 133.471
1370	1	1351.34	24261.2	24249.8	11.3393	513	565	259	4	0.0001 Colloc0 513 3262 0.0456651 164.306
1380	1	1361.39	24215.5	24204.7	10.8228	522	558	266	0	0.0001 Colloc0 522 3268 0.104978 133.334
1390	1	1371.4	24034.8	24024.6	10.1321	496	587	237	0	0.0001 Colloc0 496 3283 0.16568 96.3895
1400	1	1380.9	24118.7	24107.7	10.9804	516	591	233	1	0.0001 Colloc0 516 3282 0.0722292 142.506
1410	1	1390.59	24047.5	24036.7	10.7278	493	582	242	1	0.0001 Colloc0 493 3246 0.088356 127.93
1420	1	1400.24	24159.4	24148.8	10.5955	522	568	256	1	0.0001 Colloc0 522 3271 0.136228 120.57
1430	1	1409.86	24052.1	24041.5	10.6742	502	584	240	0	0.0001 Colloc0 502 3239 0.111314 124.922
1440	1	1419.73	24069	24058.2	10.8209	515	576	248	2	0.0001 Colloc0 515 3236 0.0901286 133.224
1450	1	1429.07	24032	24021.3	10.6696	510	595	229	2	0.0001 Colloc0 510 3246 0.101177 124.669
1460	1	1438.73	24233.5	24222.7	10.7229	534	555	269	0	0.0001 Colloc0 534 3264 0.154124 127.654
1470	1	1447.95	24147.8	24137.1	10.6979	511	570	254	0	0.0001 Colloc0 511 3271 0.117369 126.25
1480	1	1458	24108.4	24098.1	10.2683	508	578	246	1	0.0001 Colloc0 508 3269 0.196442 103.222
1490	1	1467.85	24107.8	24096.9	10.9638	515	587	237	4	0.0001 Colloc0 515 3261 0.112937 141.529
1500	1	1477.78	24126.3	24115.7	10.6481	519	564	260	1	0.0001 Colloc0 519 3262 0.123608 123.47
1510	1	1487.66	24003.2	23993.1	10.0919	505	608	216	1	0.0001 Colloc0 505 3224 0.17999 94.4125
1520	1	1497.63	24015.7	24005	10.6571	501	611	213	2	0.0001 Colloc0 501 3228 0.13079 123.973
1530	1	1507.35	23987.5	23976.6	10.9569	506	608	216	0	0.0001 Colloc0 506 3224 0.0996834 141.123
1540	1	1517	24006.6	23995.5	11.1176	506	593	231	1	0.0001 Colloc0 506 3236 0.0363945 150.695
1550	1	1526.78	23975.4	23965.4	10.0445	506	597	227	0	0.0001 Colloc0 506 3222 0.219918 92.1136
1560	1	1536.51	24049.6	24038.3	11.3404	507	583	241	0	0.0001 Colloc0 507 3224 0.0074047 164.376
1570	1	1546.28	24126.8	24115.8	11.0622	519	573	251	0	0.0001 Colloc0 519 3252 0.0568667 147.368
1580	1	1556.17	24102	24091.1	10.8484	515	566	258	0	0.0001 Colloc0 515 3230 0.0925602 134.804
1590	1	1566.01	24028.5	24017.5	11.0328	504	608	216	2	0.0001 Colloc0 504 3253 0.0753396 145.611
1600	1	1575.6	24159.8	24149.1	10.6422	520	562	262	2	0.0001 Colloc0 520 3251 0.105371 123.143
1610	1	1584.95	24128	24116.7	11.3225	511	584	240	2	0.0001 Colloc0 511 3217 0.0116467 163.259
1620	1	1594.35	24066.7	24055.8	10.9184	514	590	234	3	0.0001 Colloc0 514 3254 0.0819988 138.869
1630	1	1604.07	24138.4	24127.4	11.0536	517	574	250	1	0.0001 Colloc0 517 3250 0.0915408 146.852
1640	1	1613.83	24184.3	24172.9	11.3903	521	569	255	3	0.0001 Colloc0 521 3234 0.048111 167.497
1650	1	1623.58	24122.9	24111.7	11.153	512	565	259	1	0.0001 Colloc0 512 3236 0.0222224 152.84
1660	1	1633.34	24000	23989.5	10.4822	515	601	223	0	0.0001 Colloc0 515 3224 0.140506 114.421
1670	1	1642.69	24047.7	24037.1	10.5477	525	604	220	0	0.0001 Colloc0 525 3205 0.14057 117.956
1680	1	1652.23	24097.1	24086.1	11.0199	513	580	244	0	0.0001 Colloc0 513 3265 0.140021 144.843
1690	1	1662.05	24087.7	24076.4	11.2192	516	558	266	1	0.0001 Colloc0 516 3246 0.0461946 156.878
1700	1	1671.78	24042.1	24031.5	10.6569	513	588	236	1	0.0001 Colloc0 513 3239 0.120149 123.96
1710	1	1681.64	24135.3	24124.9	10.3366	521	574	250	3	0.0001 Colloc0 521 3242 0.181939 106.739
1720	1	1691.12	24034.3	24024.2	10.164	518	609	215	2	0.0001 Colloc0 518 3221 0.200437 97.9686
1730	1	1700.53	23910.4	23899.7	10.7707	501	607	217	0	0.0001 Colloc0 501 3251 0.0845884 130.356
1740	1	1709.67	24229.3	24218.3	11.0117	516	542	282	2	0.0001 Colloc0 516 3232 0.0919375 144.358
1750	1	1718.78	24207.7	24196.2	11.5134	532	545	279	1	0.0001 Colloc0 532 3235 0.0272629 175.303
1760	1	1728.35	24079.6	24068.5	11.0894	515	577	247	0	0.0001 Colloc0 515 3243 0.0842903 149
1770	1	1737.58	24113.4	24102.6	10.7761	520	571	253	1	0.0001 Colloc0 520 3223 0.132925 130.664
1780	1	1747.12	24155	24144.5	10.529	527	569	255	1	0.0001 Colloc0 527 3256 0.108798 116.941
1790	1	1756.78	24164.4	24153.5	10.9409	515	545	279	3	0.0001 Colloc0 515 3238 0.0366306 140.183
1800	1	1766.32	24057.2	24046.9	10.3075	511	563	261	2	0.0001 Colloc0 511 3222 0.168303 105.236
1810	1	1776	24098.5	24087.9	10.5719	503	577	247	1	0.0001 Colloc0 503 3229 0.135673 119.275
1820	1	1785.49	24189.7	24178.6	11.0509	516	547	277	0	0.0001 Colloc0 516 3248 0.063991 146.692
1830	1	1794.64	23990.5	23979.6	10.9718	507	570	254	0	0.0001 Colloc0 507 3231 0.0809831 141.999
1840	1	1803.85	23962.8	23951.9	10.8905	502	617	207	0	0.0001 Colloc0 502 3240 0.0436972 137.246
1850	1	1813.04	24023.7	24012.4	11.2648	511	563	261	1	0.0001 Colloc0 511 3221 0.0409086 159.68
1860	1	1822.25	23905.1	23894.2	10.8815	501	612	212	2	0.0001 Colloc0 501 3198 0.124442 136.719
1870	1	1832.01	24111.5	24100.2	11.3396	517	564	260	3	0.0001 Colloc0 517 3228 0.0825815 164.326
1880	1	1841.8	24002.1	23990.8	11.3443	492	577	247	0	0.0001 Colloc0 492 3238 0.047654 164.621
1890	1	1851.65	23942.7	23931.6	11.0739	507	589	235	3	0.0001 Colloc0 507 3228 0.0567811 148.069
1900	1	1860.98	23891	23879.9	11.1494	504	600	224	0	0.0001 Colloc0 504 3217 0.0271803 152.623
1910	1	1870.28	23998.2	23987.1	11.1096	504	575	249	1	0.0001 Colloc0 504 3249 0.0520813 150.211
1920	1	1880	23996.1	23985.3	10.7828	505	556	268	2	0.0001 Colloc0 505 3207 0.0853113 131.049
1930	1	1889.57	23932.7	23921.7	11.0035	505	593	231	1	0.0001 Colloc0 505 3234 0.0650598 143.874
1940	1	1899.33	24053.2	24042	11.2081	503	561	263	1	0.0001 Colloc0 503 3241 0.0190313 156.196
1950	1	1908.63	23958.6	23947.6	11.0339	516	603	221	1	0.0001 Colloc0 516 3247 0.0645393 145.678
1960	1	1918.2	24139.3	24129.1	10.2347	524	539	285	1	0.0001 Colloc0 524 3227 0.167804 101.517
1970	1	1927.67	23999.9	23989	10.9761	497	554	270	0	0.0001 Colloc0 497 3246 0.0412827 142.253
1980	1	1937.04	24041.1	24029.7	11.3714	507	558	266	3	0.0001 Colloc0 507 3236 0.044718 166.313
1990	1	1946.42	23978.4	23967.9	10.4204	509	566	258	2	0.0001 Colloc0 509 3231 0.148523 111.131
2000	1	1955.81	23908.2	23897.1	11.0983	497	594	230	1	0.0001 Colloc0 497 3237 0.0237719 149.53
