# D = 0, E = 1, I = 1, P = 1, R = -1, n = 2000, N = 1, P = 1, w = 1, a = 0.0001, b = 10000, e = 1, f = 1, g = 100, h = 0.01, r = 24941, s = 1, S = 0, x = 10, m = 100, Z = 1, z = 0, T = 1, t = 1
# 9115 tokens in 824 sentences
#
# It	Temp	Time	-logP	-logPcorpus	-logPrior	tables	same	changed	reject	default_pya	(parent pym pyn pya pyb)*
0	1	0.712891	34765.6	34651.9	113.764	2424	0	824	0	0.0001 Colloc0 2424 4170 0.0001 10000
10	1	10.9983	26251.3	26239.7	11.6342	588	362	462	5	0.0001 Colloc0 588 3597 0.018695 183.082
20	1	20.4619	25583.2	25572.1	11.1586	537	424	400	4	0.0001 Colloc0 537 3551 0.02599 153.18
30	1	29.7935	25358.7	25347.3	11.3279	520	443	381	4	0.0001 Colloc0 520 3544 0.0194041 163.596
40	1	39.0251	25246.5	25235.6	10.9549	515	483	341	2	0.0001 Colloc0 515 3527 0.0154749 141.004
50	1	48.1577	25071.8	25060.6	11.2379	505	512	312	2	0.0001 Colloc0 505 3524 0.0122322 158.022
60	1	57.1843	25141.4	25131.1	10.2631	499	498	326	2	0.0001 Colloc0 499 3515 0.106113 102.96
70	1	66.3409	25077.6	25066.5	11.0851	522	516	308	4	0.0001 Colloc0 522 3520 0.0367051 148.738
80	1	75.5255	24707.6	24697.2	10.3826	504	558	266	2	0.0001 Colloc0 504 3470 0.120278 109.139
90	1	84.9971	24655.5	24644.8	10.736	510	588	236	1	0.0001 Colloc0 510 3436 0.0891306 128.394
100	1	94.3397	24598.1	24587.2	10.9101	499	590	234	2	0.0001 Colloc0 499 3438 0.067182 138.385
110	1	103.804	24736.3	24725.6	10.7316	518	537	287	2	0.0001 Colloc0 518 3433 0.100844 128.142
120	1	113.155	24608.8	24597.9	10.8848	501	582	242	2	0.0001 Colloc0 501 3424 0.0559363 136.912
130	1	122.525	24704.5	24693.5	10.9982	510	555	269	3	0.0001 Colloc0 510 3444 0.0650069 143.557
140	1	131.615	24476.4	24465.7	10.6532	514	590	234	1	0.0001 Colloc0 514 3394 0.137494 123.755
150	1	140.808	24539.9	24529.1	10.7569	498	569	255	1	0.0001 Colloc0 498 3412 0.0977117 129.576
160	1	150.106	24604	24592.6	11.3384	526	556	268	1	0.0001 Colloc0 526 3392 0.00131654 164.248
170	1	159.362	24427.7	24416.7	10.984	511	577	247	1	0.0001 Colloc0 511 3375 0.0856829 142.718
180	1	168.625	24333.6	24322.9	10.7688	502	580	244	1	0.0001 Colloc0 502 3399 0.0980179 130.249
190	1	177.82	24430.7	24419.9	10.7901	500	562	262	1	0.0001 Colloc0 500 3404 0.13662 131.463
200	1	186.973	24289.9	24278.9	11.0323	502	579	245	2	0.0001 Colloc0 502 3387 0.0681198 145.584
210	1	196.056	24341.9	24331.6	10.3055	501	593	231	1	0.0001 Colloc0 501 3404 0.137298 105.133
220	1	205.349	24253.8	24243.4	10.3837	519	592	232	1	0.0001 Colloc0 519 3353 0.153468 109.194
230	1	214.761	24340	24328.7	11.284	499	573	251	2	0.0001 Colloc0 499 3379 0.0167416 160.871
240	1	224.095	24301.9	24291.3	10.5854	504	585	239	1	0.0001 Colloc0 504 3395 0.10727 120.013
250	1	233.311	24327.2	24316.6	10.5694	500	591	233	4	0.0001 Colloc0 500 3395 0.0835672 119.141
260	1	242.507	24261.2	24250.7	10.503	510	585	239	2	0.0001 Colloc0 510 3369 0.128732 115.536
270	1	251.848	24349	24338.2	10.7963	507	597	227	0	0.0001 Colloc0 507 3354 0.0932512 131.819
280	1	261.274	24170.9	24160.7	10.2764	508	600	224	0	0.0001 Colloc0 508 3347 0.174468 103.637
290	1	270.763	24226.7	24216.2	10.461	514	608	216	2	0.0001 Colloc0 514 3364 0.140565 113.283
300	1	280.116	24254.2	24243.6	10.6046	509	580	244	1	0.0001 Colloc0 509 3369 0.111886 121.067
310	1	289.44	24182.3	24171.8	10.4949	506	592	232	1	0.0001 Colloc0 506 3348 0.132008 115.101
320	1	298.537	24174.5	24164.1	10.4551	505	576	248	0	0.0001 Colloc0 505 3345 0.120625 112.972
330	1	307.594	24172.1	24161.9	10.2231	499	572	252	0	0.0001 Colloc0 499 3345 0.168496 100.927
340	1	316.772	24137.4	24127.3	10.1198	519	602	222	1	0.0001 Colloc0 519 3333 0.242301 95.7814
350	1	325.947	24164.9	24154.7	10.1962	496	570	254	1	0.0001 Colloc0 496 3347 0.140692 99.5782
360	1	335.139	24198.1	24187.4	10.6763	506	578	246	1	0.0001 Colloc0 506 3368 0.119556 125.043
370	1	344.178	24250.1	24239.3	10.7269	507	551	273	2	0.0001 Colloc0 507 3359 0.091939 127.881
380	1	353.475	24172.2	24161.5	10.7516	497	575	249	1	0.0001 Colloc0 497 3360 0.110178 129.278
390	1	362.781	24232	24221	11.0153	502	573	251	2	0.0001 Colloc0 502 3356 0.0650446 144.571
400	1	372.222	24213.2	24203.2	10.0017	504	559	265	2	0.0001 Colloc0 504 3331 0.224597 90.0644
410	1	381.541	24116.8	24105.7	11.0985	510	615	209	3	0.0001 Colloc0 510 3338 0.0913931 149.546
420	1	391.012	24201.5	24191	10.4871	493	586	238	0	0.0001 Colloc0 493 3352 0.138331 114.684
430	1	400.305	24189.4	24178.3	11.1505	497	576	248	0	0.0001 Colloc0 497 3346 0.0294177 152.684
440	1	409.698	24260.1	24249.5	10.5484	516	569	255	1	0.0001 Colloc0 516 3370 0.143815 117.994
450	1	419.288	24116.5	24105.6	10.8674	498	589	235	2	0.0001 Colloc0 498 3355 0.0912698 135.905
460	1	428.415	24059.8	24049.5	10.3146	492	607	217	1	0.0001 Colloc0 492 3359 0.13639 105.6
470	1	437.552	24158	24147.4	10.6406	496	582	242	0	0.0001 Colloc0 496 3371 0.0788551 123.055
480	1	446.867	24045.5	24035.1	10.3608	484	609	215	1	0.0001 Colloc0 484 3336 0.119349 107.999
490	1	456.079	24230.4	24219.9	10.4923	497	575	249	1	0.0001 Colloc0 497 3362 0.0886471 114.959
500	1	465.406	24175.3	24164.6	10.6876	509	586	238	2	0.0001 Colloc0 509 3349 0.104117 125.672
510	1	474.835	24076.6	24066.9	9.7244	490	608	216	0	0.0001 Colloc0 490 3344 0.199795 77.3723
520	1	484.136	24176.2	24165.4	10.7648	515	592	232	3	0.0001 Colloc0 515 3357 0.158359 130.023
530	1	493.518	24056.1	24045.2	10.8183	514	615	209	1	0.0001 Colloc0 514 3330 0.128413 133.075
540	1	502.77	24138.7	24128	10.6268	517	589	235	1	0.0001 Colloc0 517 3330 0.101917 122.293
550	1	511.984	24252.4	24242.1	10.3228	522	556	268	1	0.0001 Colloc0 522 3354 0.221216 106.022
560	1	521.54	24174.4	24163.6	10.7903	494	567	257	2	0.0001 Colloc0 494 3332 0.1091 131.474
570	1	530.665	24151.8	24141	10.8045	500	561	263	0	0.0001 Colloc0 500 3339 0.0957506 132.284
580	1	539.75	24209.8	24198.8	10.9875	504	551	273	0	0.0001 Colloc0 504 3356 0.0321662 142.926
590	1	549.018	24201.3	24190.6	10.7637	503	588	236	1	0.0001 Colloc0 503 3353 0.0849766 129.963
600	1	558.23	24132.1	24121.4	10.7421	502	549	275	0	0.0001 Colloc0 502 3332 0.123349 128.737
610	1	567.513	24285.2	24274.5	10.7207	515	571	253	1	0.0001 Colloc0 515 3356 0.0799209 127.53
620	1	576.886	24251.9	24241.2	10.6968	499	569	255	0	0.0001 Colloc0 499 3367 0.108711 126.189
630	1	586.303	24136.4	24125.8	10.5956	504	556	268	2	0.0001 Colloc0 504 3329 0.114456 120.573
640	1	595.591	24029.3	24019.3	10.0084	490	612	212	1	0.0001 Colloc0 490 3343 0.210221 90.386
650	1	604.852	24155.1	24144.5	10.5658	498	586	238	1	0.0001 Colloc0 498 3342 0.112656 118.942
660	1	613.984	24179.9	24169.9	10.0158	500	568	256	1	0.0001 Colloc0 500 3364 0.189356 90.7385
670	1	623.14	24165.2	24154.9	10.3608	505	569	255	1	0.0001 Colloc0 505 3361 0.195215 108
680	1	632.41	24080	24069.7	10.3271	519	599	225	1	0.0001 Colloc0 519 3316 0.221708 106.247
690	1	641.843	24203.2	24192.7	10.4374	509	555	269	1	0.0001 Colloc0 509 3339 0.140331 112.03
700	1	651.153	24209.3	24198.3	11.0369	509	556	268	3	0.0001 Colloc0 509 3330 0.048673 145.859
710	1	660.483	24079.5	24068.6	10.9179	503	599	225	5	0.0001 Colloc0 503 3330 0.0625822 138.84
720	1	669.92	24141.4	24130.9	10.4898	514	598	226	1	0.0001 Colloc0 514 3341 0.181222 114.825
730	1	679.173	24169.9	24159.2	10.6946	499	567	257	2	0.0001 Colloc0 499 3346 0.117628 126.064
740	1	688.488	24213.4	24202.7	10.7039	523	576	248	0	0.0001 Colloc0 523 3350 0.110209 126.584
750	1	697.829	24061.5	24051.2	10.2987	497	621	203	0	0.0001 Colloc0 497 3344 0.150225 104.779
760	1	707.036	24069.8	24059.2	10.6514	498	604	220	2	0.0001 Colloc0 498 3345 0.0985888 123.653
770	1	716.288	23944	23933.9	10.1258	489	629	195	0	0.0001 Colloc0 489 3339 0.171494 96.0759
780	1	725.514	24102.8	24092.9	9.92595	507	625	199	2	0.0001 Colloc0 507 3349 0.233262 86.4943
790	1	734.88	24066.4	24055.7	10.6343	503	609	215	3	0.0001 Colloc0 503 3335 0.130932 122.706
800	1	743.985	24193.6	24182.8	10.7922	490	590	234	3	0.0001 Colloc0 490 3357 0.0857781 131.582
810	1	753.27	24013.1	24002.3	10.8387	506	636	188	1	0.0001 Colloc0 506 3345 0.118657 134.251
820	1	762.651	24021.4	24011	10.3954	521	621	203	0	0.0001 Colloc0 521 3333 0.185194 109.811
830	1	771.967	24059.6	24049.5	10.042	516	606	218	0	0.0001 Colloc0 516 3335 0.200475 91.9943
840	1	781.165	24022.5	24011.5	11.0394	482	606	218	3	0.0001 Colloc0 482 3336 0.0412742 146.005
850	1	790.428	24136.4	24125.8	10.6475	502	585	239	2	0.0001 Colloc0 502 3338 0.0835449 123.439
860	1	799.726	24095.8	24085.2	10.5978	509	586	238	0	0.0001 Colloc0 509 3354 0.13468 120.695
870	1	809.058	23974.6	23964.4	10.235	499	622	202	3	0.0001 Colloc0 499 3320 0.178329 101.53
880	1	818.442	24075.9	24065.7	10.1432	515	599	225	0	0.0001 Colloc0 515 3328 0.205071 96.936
890	1	827.746	24180.7	24170.1	10.5777	508	567	257	0	0.0001 Colloc0 508 3347 0.139054 119.594
900	1	837.051	24237.3	24226.5	10.8018	508	550	274	4	0.0001 Colloc0 508 3335 0.0799135 132.131
910	1	846.291	24152.2	24141.8	10.3837	512	586	238	1	0.0001 Colloc0 512 3371 0.155691 109.195
920	1	855.745	24046.9	24036.4	10.4757	495	597	227	1	0.0001 Colloc0 495 3332 0.122095 114.073
930	1	865.02	23999.5	23989.4	10.1478	492	615	209	1	0.0001 Colloc0 492 3334 0.219295 97.1636
940	1	874.473	24142.9	24132.5	10.4005	511	565	259	0	0.0001 Colloc0 511 3349 0.174081 110.079
950	1	883.751	24040.8	24030.4	10.4407	492	613	211	3	0.0001 Colloc0 492 3347 0.142594 112.206
960	1	892.927	24028.8	24018.5	10.2928	505	618	206	1	0.0001 Colloc0 505 3382 0.18499 104.48
970	1	902.057	24004.6	23994.5	10.0594	504	614	210	0	0.0001 Colloc0 504 3344 0.202427 92.8365
980	1	911.247	23903.4	23893	10.45	475	610	214	0	0.0001 Colloc0 475 3325 0.10112 112.701
990	1	920.421	23999.1	23989.7	9.4451	499	609	215	0	0.0001 Colloc0 499 3340 0.284864 65.6728
1000	1	929.927	23989.5	23978.6	10.9537	497	611	213	2	0.0001 Colloc0 497 3346 0.0727344 140.935
1010	1	939.231	24095.6	24084.8	10.8185	507	620	204	1	0.0001 Colloc0 507 3358 0.114806 133.089
1020	1	948.411	23971.8	23961.2	10.5707	487	607	217	2	0.0001 Colloc0 487 3333 0.156534 119.212
1030	1	957.638	24025.1	24014.9	10.2392	505	607	217	2	0.0001 Colloc0 505 3321 0.219834 101.742
1040	1	967.033	23989.7	23979.1	10.5564	499	616	208	3	0.0001 Colloc0 499 3348 0.171531 118.431
1050	1	976.391	23928.5	23917.4	11.012	502	617	207	2	0.0001 Colloc0 502 3315 0.0385948 144.376
1060	1	985.727	23932.2	23921.4	10.8226	491	599	225	3	0.0001 Colloc0 491 3333 0.0704967 133.325
1070	1	995.18	23899.6	23889	10.6408	478	626	198	1	0.0001 Colloc0 478 3345 0.0828211 123.067
1080	1	1004.55	24033.5	24023.4	10.1369	501	587	237	2	0.0001 Colloc0 501 3343 0.206117 96.6259
1090	1	1013.84	23929.8	23919.4	10.4074	497	630	194	0	0.0001 Colloc0 497 3318 0.123336 110.442
1100	1	1023.33	24085.8	24075.1	10.6975	515	592	232	0	0.0001 Colloc0 515 3318 0.138879 126.227
1110	1	1032.79	23931.6	23920.9	10.7677	488	599	225	0	0.0001 Colloc0 488 3345 0.1073 130.185
1120	1	1041.98	23734.6	23724.4	10.244	485	663	161	0	0.0001 Colloc0 485 3290 0.169722 101.985
1130	1	1052.27	23943.7	23933	10.704	493	589	235	0	0.0001 Colloc0 493 3295 0.146281 126.59
1140	1	1061.64	23982.2	23971.9	10.3222	501	609	215	1	0.0001 Colloc0 501 3335 0.173002 105.995
1150	1	1070.98	24016.1	24005.2	10.8728	488	588	236	0	0.0001 Colloc0 488 3324 0.0175569 136.215
1160	1	1080.29	24019.4	24008.3	11.1083	497	579	245	2	0.0001 Colloc0 497 3318 0.0622013 150.136
1170	1	1089.52	23996.4	23985.5	10.8697	492	596	228	0	0.0001 Colloc0 492 3334 0.0548793 136.037
1180	1	1098.51	23901.3	23890.2	11.0922	477	618	206	0	0.0001 Colloc0 477 3339 0.0110837 149.165
1190	1	1107.7	24015.8	24004.8	10.9939	478	592	232	0	0.0001 Colloc0 478 3330 0.0548091 143.304
1200	1	1116.93	24069.6	24059	10.5399	503	592	232	2	0.0001 Colloc0 503 3338 0.114849 117.531
1210	1	1126.33	24139.2	24128.1	11.1829	498	583	241	0	0.0001 Colloc0 498 3331 0.0349264 154.656
1220	1	1135.62	23897.9	23887.7	10.2206	480	607	217	2	0.0001 Colloc0 480 3296 0.159446 100.803
1230	1	1144.92	23976.7	23965.9	10.7806	486	611	213	1	0.0001 Colloc0 486 3317 0.0923974 130.921
1240	1	1154.25	24036.5	24025.8	10.6946	487	571	253	0	0.0001 Colloc0 487 3310 0.113336 126.062
1250	1	1163.71	23994	23983.8	10.2821	486	595	229	0	0.0001 Colloc0 486 3334 0.146705 103.928
1260	1	1173.04	23978.1	23967.9	10.183	487	585	239	1	0.0001 Colloc0 487 3295 0.150671 98.916
1270	1	1182.22	23931.9	23921.1	10.749	482	604	220	3	0.0001 Colloc0 482 3313 0.072052 129.13
1280	1	1191.61	23943.8	23933.1	10.6394	493	612	212	1	0.0001 Colloc0 493 3305 0.0975202 122.991
1290	1	1201.04	24100.5	24090.3	10.166	516	582	242	1	0.0001 Colloc0 516 3320 0.205849 98.0666
1300	1	1210.37	23964.9	23954.8	10.1265	493	601	223	1	0.0001 Colloc0 493 3300 0.150765 96.1134
1310	1	1219.44	24002.4	23992.1	10.2769	498	602	222	0	0.0001 Colloc0 498 3332 0.141748 103.664
1320	1	1228.76	24041	24030.5	10.5141	501	591	233	0	0.0001 Colloc0 501 3331 0.137566 116.135
1330	1	1238.03	23908	23897.9	10.1403	482	624	200	2	0.0001 Colloc0 482 3310 0.177827 96.7935
1340	1	1247.29	23900.2	23889.4	10.7574	492	591	233	2	0.0001 Colloc0 492 3300 0.138718 129.604
1350	1	1256.65	23869.1	23858.9	10.1209	486	609	215	2	0.0001 Colloc0 486 3318 0.176485 95.8372
1360	1	1265.89	23955	23944.7	10.3025	502	580	244	0	0.0001 Colloc0 502 3324 0.15048 104.975
1370	1	1275.1	24026.9	24016.1	10.7989	499	592	232	1	0.0001 Colloc0 499 3321 0.0774548 131.965
1380	1	1284.51	23915.5	23904.6	10.8823	482	607	217	3	0.0001 Colloc0 482 3329 0.0689336 136.769
1390	1	1293.68	23836.3	23825.5	10.7705	485	632	192	1	0.0001 Colloc0 485 3286 0.0960597 130.344
1400	1	1302.74	24022.4	24011.8	10.6593	493	583	241	2	0.0001 Colloc0 493 3327 0.131587 124.094
1410	1	1311.88	23882.2	23871.2	11.0329	481	619	205	1	0.0001 Colloc0 481 3327 0.0312618 145.621
1420	1	1321.08	23854.5	23844.8	9.70727	483	634	190	0	0.0001 Colloc0 483 3333 0.226065 76.6229
1430	1	1330.33	23965	23954.3	10.7113	483	593	231	2	0.0001 Colloc0 483 3328 0.0797181 127
1440	1	1339.6	23843.4	23832.6	10.7876	473	602	222	2	0.0001 Colloc0 473 3302 0.0747027 131.321
1450	1	1348.77	23957.1	23946	11.1354	492	583	241	2	0.0001 Colloc0 492 3335 0.0374223 151.771
1460	1	1357.99	23859.1	23848.4	10.6921	492	603	221	0	0.0001 Colloc0 492 3292 0.0510845 125.927
1470	1	1367.01	23894.4	23883.5	10.9654	488	588	236	2	0.0001 Colloc0 488 3304 0.0217568 141.625
1480	1	1376.25	23890.9	23880.2	10.6414	489	585	239	4	0.0001 Colloc0 489 3300 0.0744043 123.102
1490	1	1385.46	23943	23932.2	10.8188	492	582	242	2	0.0001 Colloc0 492 3343 0.0688436 133.106
1500	1	1394.6	23910	23899.6	10.4466	488	595	229	4	0.0001 Colloc0 488 3319 0.134261 112.517
1510	1	1403.97	23865.4	23854.7	10.6439	483	588	236	1	0.0001 Colloc0 483 3288 0.086846 123.238
1520	1	1413.4	23892.4	23881.7	10.7144	493	580	244	0	0.0001 Colloc0 493 3299 0.108472 127.174
1530	1	1422.69	23882.3	23871.9	10.415	474	602	222	0	0.0001 Colloc0 474 3313 0.102945 110.843
1540	1	1431.94	23912.4	23901.6	10.8712	493	611	213	1	0.0001 Colloc0 493 3296 0.0755322 136.126
1550	1	1441.13	23763.6	23753.8	9.80064	483	623	201	1	0.0001 Colloc0 483 3303 0.192021 80.7572
1560	1	1450.64	23819.6	23809.9	9.63226	481	601	223	0	0.0001 Colloc0 481 3295 0.235393 73.39
1570	1	1459.86	23865.9	23855	10.9217	490	590	234	2	0.0001 Colloc0 490 3303 0.0437028 139.062
1580	1	1469.18	23789.7	23779.7	9.9259	480	641	183	2	0.0001 Colloc0 480 3298 0.179056 86.4921
1590	1	1478.28	23919.6	23909	10.6811	472	600	224	0	0.0001 Colloc0 472 3339 0.0727039 125.309
1600	1	1487.53	23903.4	23893.1	10.3096	494	612	212	1	0.0001 Colloc0 494 3318 0.118059 105.341
1610	1	1496.66	23876.9	23866.2	10.7534	480	593	231	2	0.0001 Colloc0 480 3295 0.0809237 129.379
1620	1	1505.89	23914.6	23904	10.6605	501	587	237	0	0.0001 Colloc0 501 3303 0.115408 124.16
1630	1	1515.09	24022.4	24011.6	10.7352	510	573	251	0	0.0001 Colloc0 510 3336 0.101223 128.349
1640	1	1524.4	23870.3	23859.1	11.1116	486	598	226	1	0.0001 Colloc0 486 3296 0.0418326 150.334
1650	1	1533.61	23826.3	23815.7	10.6349	477	603	221	0	0.0001 Colloc0 477 3283 0.050663 122.738
1660	1	1542.75	23761.6	23751.4	10.2493	469	610	214	1	0.0001 Colloc0 469 3298 0.138854 102.256
1670	1	1551.99	23855.4	23845	10.3509	476	605	219	2	0.0001 Colloc0 476 3293 0.088507 107.483
1680	1	1561.07	23882	23871.5	10.5647	485	607	217	2	0.0001 Colloc0 485 3300 0.104263 118.882
1690	1	1570.34	23778.8	23768.5	10.3082	480	614	210	3	0.0001 Colloc0 480 3294 0.0957269 105.268
1700	1	1579.4	23903.9	23893.5	10.4499	501	594	230	0	0.0001 Colloc0 501 3287 0.193569 112.695
1710	1	1588.28	23826.5	23815.6	10.8272	480	615	209	0	0.0001 Colloc0 480 3271 0.0664272 133.586
1720	1	1597.37	23824.8	23814.5	10.3023	490	590	234	0	0.0001 Colloc0 490 3278 0.13268 104.966
1730	1	1606.43	23781.8	23771.1	10.7274	469	623	201	1	0.0001 Colloc0 469 3296 0.0952313 127.906
1740	1	1615.6	23845.9	23835.5	10.359	504	611	213	1	0.0001 Colloc0 504 3297 0.151691 107.905
1750	1	1624.88	23849.1	23838.5	10.5701	485	592	232	1	0.0001 Colloc0 485 3278 0.153756 119.179
1760	1	1633.99	23719.6	23708.6	11.0103	478	638	186	5	0.0001 Colloc0 478 3302 0.0275666 144.274
1770	1	1643.2	23704.3	23694.1	10.1173	479	627	197	2	0.0001 Colloc0 479 3271 0.181467 95.6585
1780	1	1652.37	23807.8	23796.8	10.9243	496	622	202	5	0.0001 Colloc0 496 3289 0.0463654 139.211
1790	1	1661.49	23821.3	23810.9	10.4768	487	617	207	2	0.0001 Colloc0 487 3308 0.0910069 114.13
1800	1	1670.65	23817.7	23806.3	11.3309	505	612	212	2	0.0001 Colloc0 505 3283 0.0408659 163.783
1810	1	1679.65	23739.5	23729.4	10.0612	494	635	189	3	0.0001 Colloc0 494 3283 0.174708 92.9234
1820	1	1689.02	23936.9	23925.8	11.0216	503	613	211	1	0.0001 Colloc0 503 3306 0.0507859 144.946
1830	1	1698.2	23812.1	23801.6	10.4605	496	602	222	2	0.0001 Colloc0 496 3273 0.107565 113.261
1840	1	1707.61	23780.4	23770	10.3784	495	589	235	1	0.0001 Colloc0 495 3274 0.157733 108.92
1850	1	1716.66	23882.5	23871.9	10.6778	480	583	241	1	0.0001 Colloc0 480 3287 0.05784 125.126
1860	1	1725.8	23905.1	23894.9	10.2804	501	588	236	1	0.0001 Colloc0 501 3300 0.133654 103.84
1870	1	1734.97	23969	23958.5	10.4963	504	582	242	2	0.0001 Colloc0 504 3297 0.110419 115.178
1880	1	1743.91	23829.9	23819.1	10.7409	483	598	226	0	0.0001 Colloc0 483 3299 0.120981 128.671
1890	1	1752.97	23901.7	23890.6	11.0254	489	590	234	2	0.0001 Colloc0 489 3293 0.0650568 145.171
1900	1	1762.09	23911.3	23900.8	10.5338	487	583	241	1	0.0001 Colloc0 487 3280 0.0979879 117.201
1910	1	1771.01	23823.2	23812.2	10.9506	483	605	219	0	0.0001 Colloc0 483 3271 0.0254696 140.752
1920	1	1780.04	23831.8	23821.5	10.3421	487	599	225	1	0.0001 Colloc0 487 3282 0.155048 107.027
1930	1	1789.01	23660.8	23650.2	10.6099	476	641	183	1	0.0001 Colloc0 476 3276 0.112998 121.359
1940	1	1797.96	23856	23845.1	10.953	495	594	230	3	0.0001 Colloc0 495 3279 0.039194 140.896
1950	1	1806.88	23802.2	23792.2	10.0062	499	590	234	0	0.0001 Colloc0 499 3282 0.23168 90.2773
1960	1	1815.74	23926.3	23915.3	11.0651	506	577	247	2	0.0001 Colloc0 506 3279 0.0415073 147.539
1970	1	1824.67	23841.9	23830.9	11.0162	479	607	217	0	0.0001 Colloc0 479 3280 0.0551346 144.627
1980	1	1833.54	23870.5	23859.9	10.5632	485	621	203	1	0.0001 Colloc0 485 3289 0.124944 118.799
1990	1	1842.25	23687.2	23676.4	10.8353	473	637	187	1	0.0001 Colloc0 473 3302 0.0614279 134.052
2000	1	1851.2	23852.8	23842.4	10.3661	484	588	236	1	0.0001 Colloc0 484 3290 0.171827 108.274
