# D = 0, E = 1, I = 1, P = 1, R = -1, n = 2000, N = 1, P = 1, w = 1, a = 0.0001, b = 10000, e = 1, f = 1, g = 100, h = 0.01, r = 25622, s = 1, S = 0, x = 10, m = 100, Z = 1, z = 0, T = 1, t = 1
# 9115 tokens in 824 sentences
#
# It	Temp	Time	-logP	-logPcorpus	-logPrior	tables	same	changed	reject	default_pya	(parent pym pyn pya pyb)*
0	1	0.756884	35599.3	35485.5	113.764	2782	0	824	0	0.0001 Colloc0 2782 4675 0.0001 10000
10	1	11.7302	26895.8	26883.9	11.9313	639	372	452	6	0.0001 Colloc0 639 3741 0.0579024 202.713
20	1	21.5937	26241.9	26230.9	10.9534	530	437	387	4	0.0001 Colloc0 530 3719 0.0703228 140.92
30	1	31.0003	26176.6	26165.1	11.5728	555	414	410	6	0.0001 Colloc0 555 3698 0.00909756 179.114
40	1	40.6818	25989.5	25978.4	11.1639	528	465	359	3	0.0001 Colloc0 528 3682 0.0508641 153.503
50	1	50.2624	25860.4	25849.8	10.5409	536	462	362	3	0.0001 Colloc0 536 3647 0.157614 117.589
60	1	60.3518	25758.2	25746.9	11.2606	528	459	365	2	0.0001 Colloc0 528 3633 0.0164984 159.421
70	1	70.3963	25654	25643.3	10.6714	527	492	332	2	0.0001 Colloc0 527 3599 0.0951465 124.77
80	1	80.4818	25630.9	25619.5	11.4233	516	492	332	1	0.0001 Colloc0 516 3622 0.0434542 169.578
90	1	89.9323	25456.3	25445.7	10.6251	524	490	334	1	0.0001 Colloc0 524 3590 0.0940953 122.198
100	1	99.8128	25555.5	25544.4	11.0781	517	490	334	2	0.0001 Colloc0 517 3608 0.041639 148.32
110	1	109.894	25474.4	25463.2	11.2252	519	503	321	4	0.0001 Colloc0 519 3599 0.00303546 157.245
120	1	119.979	25336.8	25325.8	10.9217	508	485	339	3	0.0001 Colloc0 508 3580 0.0853504 139.063
130	1	129.991	25306.5	25295.3	11.2682	511	509	315	1	0.0001 Colloc0 511 3578 0.01315 159.889
140	1	139.94	25325.5	25315.1	10.3632	511	528	296	1	0.0001 Colloc0 511 3574 0.128949 108.123
150	1	149.808	25253.4	25242.4	11.018	515	500	324	2	0.0001 Colloc0 515 3540 0.0640701 144.735
160	1	159.649	24917.5	24906.7	10.7235	510	581	243	4	0.0001 Colloc0 510 3533 0.110247 127.69
170	1	169.437	24956	24945.2	10.7983	516	540	284	0	0.0001 Colloc0 516 3523 0.0894457 131.93
180	1	179.562	25106.3	25095.5	10.7274	514	514	310	2	0.0001 Colloc0 514 3528 0.0852722 127.907
190	1	189.334	25050.4	25039	11.385	501	521	303	2	0.0001 Colloc0 501 3548 0.00803506 167.166
200	1	199.1	25231.6	25221.2	10.3778	535	507	317	1	0.0001 Colloc0 535 3525 0.136834 108.888
210	1	209.145	25148.5	25137.2	11.2755	522	504	320	1	0.0001 Colloc0 522 3541 0.0272208 160.344
220	1	219.112	25090	25079.4	10.6245	537	498	326	0	0.0001 Colloc0 537 3525 0.105605 122.167
230	1	228.994	24937.8	24926.7	11.0696	516	546	278	0	0.0001 Colloc0 516 3522 0.0720649 147.808
240	1	239.097	24992.5	24981.7	10.75	507	546	278	1	0.0001 Colloc0 507 3522 0.117798 129.185
250	1	249.049	25103	25092.2	10.8595	526	493	331	3	0.0001 Colloc0 526 3544 0.0759814 135.445
260	1	258.288	24928.4	24917.4	11.0257	497	544	280	2	0.0001 Colloc0 497 3497 0.0324225 145.188
270	1	267.799	25113.3	25102.6	10.6619	535	501	323	0	0.0001 Colloc0 535 3512 0.122637 124.239
280	1	277.412	24971.5	24960.6	10.8923	519	514	310	0	0.0001 Colloc0 519 3512 0.0639889 137.349
290	1	286.606	24974.9	24964.1	10.7951	501	507	317	1	0.0001 Colloc0 501 3501 0.0430381 131.749
300	1	296.255	24788.6	24777.5	11.0994	502	553	271	0	0.0001 Colloc0 502 3487 0.027368 149.601
310	1	306.179	24877.8	24867.3	10.4908	518	531	293	0	0.0001 Colloc0 518 3469 0.141563 114.884
320	1	316.202	24648.3	24637.4	10.8827	482	563	261	0	0.0001 Colloc0 482 3465 0.00578435 136.789
330	1	326.276	24679.9	24669.2	10.6573	490	554	270	0	0.0001 Colloc0 490 3438 0.0627144 123.983
340	1	336.281	24814.6	24803.6	11.0854	504	537	287	1	0.0001 Colloc0 504 3448 0.0541114 148.757
350	1	346.125	24798	24787.6	10.3455	498	535	289	2	0.0001 Colloc0 498 3458 0.112554 107.198
360	1	355.885	24762.4	24751.5	10.9357	499	534	290	0	0.0001 Colloc0 499 3475 0.0728468 139.88
370	1	365.76	24692.7	24682.2	10.5088	506	546	278	0	0.0001 Colloc0 506 3464 0.109123 115.848
380	1	375.589	24746.5	24735.9	10.5597	503	541	283	0	0.0001 Colloc0 503 3466 0.0997395 118.608
390	1	385.275	24814	24803.6	10.3412	503	543	281	1	0.0001 Colloc0 503 3488 0.126748 106.976
400	1	395.31	24635.5	24624.9	10.6448	488	548	276	2	0.0001 Colloc0 488 3461 0.0420033 123.29
410	1	404.53	24634.1	24624	10.1093	494	569	255	4	0.0001 Colloc0 494 3459 0.166096 95.2679
420	1	414.46	24637.8	24626.9	10.8776	506	569	255	3	0.0001 Colloc0 506 3456 0.0754207 136.495
430	1	424.354	24905.8	24894.9	10.8949	502	504	320	1	0.0001 Colloc0 502 3482 0.0177736 137.499
440	1	433.973	24634.1	24623.4	10.7201	491	562	262	2	0.0001 Colloc0 491 3454 0.0848487 127.494
450	1	443.854	24743.2	24732.4	10.8265	512	542	282	0	0.0001 Colloc0 512 3438 0.0766339 133.544
460	1	453.602	24806.5	24795.7	10.7658	512	524	300	2	0.0001 Colloc0 512 3433 0.113282 130.083
470	1	463.612	24759	24748.6	10.4085	512	542	282	0	0.0001 Colloc0 512 3437 0.143947 110.498
480	1	473.585	24628.4	24617.4	11.0256	491	569	255	2	0.0001 Colloc0 491 3440 0.0263922 145.182
490	1	483.633	24552.4	24542.4	10.0447	506	562	262	2	0.0001 Colloc0 506 3430 0.183348 92.1268
500	1	493.698	24777.4	24766.2	11.2223	504	538	286	4	0.0001 Colloc0 504 3446 0.043282 157.066
510	1	503.422	24713.9	24702.7	11.1729	505	556	268	5	0.0001 Colloc0 505 3440 0.0433152 154.046
520	1	513.253	24658.5	24647.2	11.3344	499	554	270	4	0.0001 Colloc0 499 3425 0.0244915 163.998
530	1	522.849	24770.3	24759.6	10.6675	526	539	285	1	0.0001 Colloc0 526 3428 0.0778208 124.55
540	1	532.549	24685	24674.1	10.8659	507	550	274	4	0.0001 Colloc0 507 3430 0.0787948 135.817
550	1	542.548	24703.3	24692.5	10.7748	509	547	277	6	0.0001 Colloc0 509 3435 0.0811463 130.592
560	1	552.527	24655.6	24645	10.6736	501	568	256	4	0.0001 Colloc0 501 3451 0.0848151 124.892
570	1	561.857	24643.8	24633.1	10.7073	491	550	274	1	0.0001 Colloc0 491 3416 0.0765658 126.776
580	1	571.719	24744.7	24734.6	10.0823	524	551	273	1	0.0001 Colloc0 524 3431 0.204477 93.9476
590	1	581.86	24542.1	24531.3	10.7353	510	572	252	1	0.0001 Colloc0 510 3396 0.110019 128.354
600	1	591.829	24558.5	24548.5	10.0093	536	578	246	2	0.0001 Colloc0 536 3386 0.244102 90.4267
610	1	601.728	24552.3	24541.7	10.5717	527	548	276	5	0.0001 Colloc0 527 3381 0.150607 119.265
620	1	611.867	24569.6	24558.8	10.8342	520	557	267	2	0.0001 Colloc0 520 3398 0.11728 133.987
630	1	622.022	24425.1	24414.5	10.5765	500	568	256	4	0.0001 Colloc0 500 3383 0.106028 119.524
640	1	632.109	24410.2	24399.3	10.8829	514	560	264	2	0.0001 Colloc0 514 3369 0.0864592 136.801
650	1	642.293	24368.3	24357.8	10.5372	512	587	237	5	0.0001 Colloc0 512 3348 0.14629 117.386
660	1	652.29	24426.1	24415.5	10.5625	514	585	239	3	0.0001 Colloc0 514 3348 0.121429 118.761
670	1	662.316	24362.1	24351.2	10.9346	510	579	245	3	0.0001 Colloc0 510 3357 0.0688176 139.812
680	1	672.196	24353.1	24342.4	10.7503	508	598	226	4	0.0001 Colloc0 508 3352 0.101023 129.2
690	1	681.738	24341.7	24330.8	10.8978	513	588	236	3	0.0001 Colloc0 513 3363 0.148842 137.668
700	1	691.729	24160	24149.1	10.8699	501	616	208	2	0.0001 Colloc0 501 3329 0.0781902 136.05
710	1	701.776	24263.2	24252.6	10.6491	515	604	220	3	0.0001 Colloc0 515 3327 0.124261 123.525
720	1	711.73	24213.2	24202.9	10.3286	506	619	205	2	0.0001 Colloc0 506 3321 0.114165 106.325
730	1	721.385	24332.6	24321.5	11.1759	524	587	237	3	0.0001 Colloc0 524 3348 0.0566784 154.228
740	1	731.145	24123	24111.3	11.6545	506	624	200	3	0.0001 Colloc0 506 3321 0.00266923 184.403
750	1	741.181	24026.1	24015.6	10.5739	484	646	178	2	0.0001 Colloc0 484 3321 0.123242 119.382
760	1	750.888	24062.1	24050.9	11.1341	487	611	213	2	0.0001 Colloc0 487 3319 0.048893 151.692
770	1	760.204	24153.4	24142.6	10.7779	509	622	202	1	0.0001 Colloc0 509 3330 0.0941401 130.767
780	1	769.666	24201.3	24190.6	10.7681	488	615	209	1	0.0001 Colloc0 488 3318 0.0416606 130.212
790	1	779.522	24173.1	24162.7	10.3632	508	580	244	5	0.0001 Colloc0 508 3308 0.141073 108.125
800	1	789.552	24178.1	24166.9	11.1688	502	596	228	1	0.0001 Colloc0 502 3330 0.0247742 153.8
810	1	799.436	24259.5	24248.5	10.9559	523	573	251	1	0.0001 Colloc0 523 3301 0.117901 141.065
820	1	809.041	24199.1	24188.1	11.0847	505	558	266	0	0.0001 Colloc0 505 3310 0.0309052 148.716
830	1	818.951	24196.5	24185	11.4243	505	592	232	1	0.0001 Colloc0 505 3315 0.00107183 169.645
840	1	828.788	24240.1	24228.9	11.1648	513	543	281	1	0.0001 Colloc0 513 3314 0.0781211 153.554
850	1	838.602	24118	24107.8	10.153	507	595	229	1	0.0001 Colloc0 507 3303 0.205342 97.4202
860	1	847.985	24091.4	24080.9	10.5632	507	601	223	1	0.0001 Colloc0 507 3310 0.104509 118.798
870	1	857.87	24126.5	24115.4	11.0108	504	592	232	0	0.0001 Colloc0 504 3312 0.0548091 144.307
880	1	867.743	24142.2	24131.2	11.0392	506	603	221	4	0.0001 Colloc0 506 3313 0.0731838 145.995
890	1	877.294	24236.9	24226.4	10.5426	517	591	233	1	0.0001 Colloc0 517 3307 0.126555 117.677
900	1	887.336	24137.8	24127	10.7752	504	596	228	2	0.0001 Colloc0 504 3307 0.115658 130.615
910	1	897.168	24196.6	24185.5	11.1138	512	587	237	2	0.0001 Colloc0 512 3315 0.061787 150.469
920	1	907	24133.6	24122.8	10.8159	500	590	234	1	0.0001 Colloc0 500 3320 0.0828042 132.937
930	1	917.096	24144.3	24133.5	10.7895	507	593	231	3	0.0001 Colloc0 507 3306 0.110748 131.429
940	1	926.501	24088.2	24077.3	10.9944	503	578	246	2	0.0001 Colloc0 503 3281 0.08488 143.334
950	1	936.345	24150.5	24139.5	11.0099	496	603	221	1	0.0001 Colloc0 496 3314 0.0467847 144.255
960	1	946.232	24071	24060.1	10.8802	503	575	249	1	0.0001 Colloc0 503 3292 0.123561 136.648
970	1	956.217	24213.7	24202.7	10.9274	499	571	253	0	0.0001 Colloc0 499 3305 0.0620843 139.395
980	1	966.278	24071.1	24060.4	10.6489	502	613	211	2	0.0001 Colloc0 502 3289 0.152339 123.519
990	1	976.319	24055.2	24044.7	10.5518	518	597	227	1	0.0001 Colloc0 518 3280 0.132405 118.178
1000	1	986.262	24071.2	24061.1	10.1001	506	614	210	1	0.0001 Colloc0 506 3286 0.187946 94.8141
1010	1	996.199	24043	24032.6	10.4601	508	592	232	0	0.0001 Colloc0 508 3295 0.112581 113.239
1020	1	1006.21	23985.5	23974.6	10.9367	489	632	192	1	0.0001 Colloc0 489 3311 0.0421453 139.94
1030	1	1016.28	24088.7	24077.7	10.9521	501	594	230	0	0.0001 Colloc0 501 3334 0.0589502 140.844
1040	1	1026.36	24035.9	24025.5	10.3553	501	600	224	1	0.0001 Colloc0 501 3288 0.167017 107.709
1050	1	1036.4	24156.1	24145.5	10.5839	521	586	238	0	0.0001 Colloc0 521 3296 0.172079 119.931
1060	1	1046.36	24129.3	24118.8	10.5742	508	581	243	0	0.0001 Colloc0 508 3283 0.160437 119.399
1070	1	1055.74	24098.9	24088.5	10.4368	515	580	244	0	0.0001 Colloc0 515 3293 0.154041 111.999
1080	1	1065.34	23967.5	23956.9	10.5265	485	616	208	3	0.0001 Colloc0 485 3285 0.130387 116.804
1090	1	1075.29	23975	23964.8	10.1942	497	615	209	0	0.0001 Colloc0 497 3289 0.160057 99.4731
1100	1	1085.31	24080.2	24069.2	10.9847	496	589	235	2	0.0001 Colloc0 496 3312 0.0486021 142.76
1110	1	1095.16	24158.5	24147.3	11.242	501	582	242	1	0.0001 Colloc0 501 3297 0.0347402 158.276
1120	1	1105.02	24124.5	24113.7	10.7387	503	589	235	1	0.0001 Colloc0 503 3314 0.0925556 128.544
1130	1	1114.97	24124.4	24113.7	10.7438	521	585	239	1	0.0001 Colloc0 521 3305 0.152085 128.836
1140	1	1124.49	24140.2	24129.1	11.1669	509	594	230	1	0.0001 Colloc0 509 3327 0.0545348 153.682
1150	1	1134.45	24132.7	24122.1	10.5442	503	595	229	2	0.0001 Colloc0 503 3324 0.105281 117.766
1160	1	1143.79	24020.7	24009.8	10.8856	497	608	216	0	0.0001 Colloc0 497 3305 0.093096 136.956
1170	1	1153.41	24153	24142	11.0118	507	576	248	0	0.0001 Colloc0 507 3328 0.0465376 144.366
1180	1	1163.11	24128	24117.3	10.7769	502	574	250	0	0.0001 Colloc0 502 3298 0.0821817 130.709
1190	1	1172.67	24177.2	24166.1	11.0966	502	548	276	0	0.0001 Colloc0 502 3300 0.0564437 149.428
1200	1	1182.3	24084.1	24073.2	10.8545	497	590	234	0	0.0001 Colloc0 497 3308 0.074687 135.156
1210	1	1191.88	23916	23905	10.9411	485	634	190	1	0.0001 Colloc0 485 3306 0.0608733 140.197
1220	1	1201.41	23961.2	23950.4	10.8349	497	599	225	0	0.0001 Colloc0 497 3285 0.0784299 134.031
1230	1	1210.76	23965.6	23954.8	10.8043	487	615	209	0	0.0001 Colloc0 487 3301 0.0881344 132.272
1240	1	1220.1	23975.7	23965	10.7198	487	610	214	1	0.0001 Colloc0 487 3302 0.0851261 127.481
1250	1	1229.86	24081.6	24070.6	10.9076	501	593	231	0	0.0001 Colloc0 501 3331 0.0600621 138.237
1260	1	1239.72	24085	24073.9	11.0558	500	589	235	1	0.0001 Colloc0 500 3335 0.0463193 146.982
1270	1	1249.68	24073.4	24062.2	11.1289	498	581	243	3	0.0001 Colloc0 498 3313 0.0613686 151.381
1280	1	1259.97	24148.9	24138.1	10.743	501	582	242	1	0.0001 Colloc0 501 3315 0.106657 128.79
1290	1	1269.91	24027.9	24016.8	11.1283	505	616	208	2	0.0001 Colloc0 505 3312 0.0687125 151.343
1300	1	1280.22	24090.4	24079.9	10.481	508	594	230	3	0.0001 Colloc0 508 3312 0.129532 114.354
1310	1	1289.73	24012.6	24002.1	10.5617	498	596	228	0	0.0001 Colloc0 498 3297 0.134816 118.721
1320	1	1299.74	24041.8	24031.1	10.7188	492	581	243	1	0.0001 Colloc0 492 3312 0.117269 127.424
1330	1	1309.66	24115.6	24105	10.6549	506	574	250	0	0.0001 Colloc0 506 3299 0.0740279 123.848
1340	1	1319.35	24033.1	24022	11.0574	506	584	240	3	0.0001 Colloc0 506 3294 0.0834793 147.082
1350	1	1329.11	24050.9	24040.4	10.5608	508	578	246	0	0.0001 Colloc0 508 3281 0.122166 118.668
1360	1	1338.74	23926.5	23915.6	10.9587	481	587	237	1	0.0001 Colloc0 481 3297 0.0443312 141.228
1370	1	1348.81	24037.8	24027.2	10.5855	503	598	226	1	0.0001 Colloc0 503 3310 0.151496 120.017
1380	1	1358.64	23938	23927.3	10.7716	497	612	212	0	0.0001 Colloc0 497 3281 0.0641392 130.41
1390	1	1368.45	23966.5	23955.6	10.8731	497	584	240	0	0.0001 Colloc0 497 3283 0.0755177 136.235
1400	1	1377.97	23942.4	23932.2	10.237	488	600	224	2	0.0001 Colloc0 488 3287 0.136502 101.635
1410	1	1387.64	23880.1	23869.6	10.4608	484	611	213	2	0.0001 Colloc0 484 3287 0.147782 113.276
1420	1	1397.57	23916.6	23906.2	10.4258	481	610	214	2	0.0001 Colloc0 481 3304 0.12637 111.414
1430	1	1407.35	23991.9	23981.1	10.7734	501	600	224	0	0.0001 Colloc0 501 3288 0.0917216 130.51
1440	1	1417.03	23816.3	23805.6	10.6879	493	652	172	0	0.0001 Colloc0 493 3285 0.0810163 125.688
1450	1	1427.14	23908.5	23898.1	10.3354	504	620	204	1	0.0001 Colloc0 504 3306 0.178789 106.678
1460	1	1437.18	23882.3	23871.7	10.6346	495	609	215	2	0.0001 Colloc0 495 3283 0.107516 122.722
1470	1	1446.94	24018.6	24007.7	10.9235	500	579	245	2	0.0001 Colloc0 500 3302 0.0267245 139.164
1480	1	1456.52	23915.4	23904.3	11.1424	481	602	222	2	0.0001 Colloc0 481 3281 0.0104805 152.196
1490	1	1466.12	23950.4	23939.6	10.7538	497	595	229	4	0.0001 Colloc0 497 3292 0.0667068 129.397
1500	1	1475.75	23999	23988	11.0262	494	594	230	1	0.0001 Colloc0 494 3305 0.0386731 145.218
1510	1	1485.18	24006.8	23995.7	11.1582	502	602	222	0	0.0001 Colloc0 502 3291 0.0533938 153.155
1520	1	1494.83	24062.3	24051.6	10.6608	497	553	271	2	0.0001 Colloc0 497 3301 0.1004 124.176
1530	1	1504.31	24018.2	24007.3	10.8698	485	561	263	1	0.0001 Colloc0 485 3278 0.0817719 136.044
1540	1	1514.27	23887.3	23876.3	10.9995	499	598	226	1	0.0001 Colloc0 499 3302 0.0953579 143.635
1550	1	1523.95	23887.7	23877.5	10.2298	495	615	209	1	0.0001 Colloc0 495 3272 0.141206 101.269
1560	1	1533.63	23909.2	23898.3	10.9122	482	609	215	2	0.0001 Colloc0 482 3294 0.0472635 138.507
1570	1	1543.64	23919.4	23908.9	10.5464	493	604	220	2	0.0001 Colloc0 493 3267 0.137035 117.884
1580	1	1553.62	24005.9	23995	10.834	502	599	225	1	0.0001 Colloc0 502 3255 0.0906693 133.975
1590	1	1563.45	23990.2	23979.4	10.8065	483	555	269	1	0.0001 Colloc0 483 3284 0.133817 132.401
1600	1	1573.21	23869.7	23858.8	10.8644	499	599	225	2	0.0001 Colloc0 499 3266 0.10433 135.73
1610	1	1583.13	23980.5	23969.4	11.0636	492	589	235	1	0.0001 Colloc0 492 3294 0.0281837 147.454
1620	1	1592.9	23927.4	23916.4	11.007	499	603	221	2	0.0001 Colloc0 499 3289 0.0593569 144.08
1630	1	1602.66	24067.2	24056.7	10.5085	499	560	264	1	0.0001 Colloc0 499 3289 0.111859 115.834
1640	1	1612.5	23953.9	23943.3	10.583	507	590	234	3	0.0001 Colloc0 507 3292 0.134753 119.885
1650	1	1622.17	23863.2	23852.6	10.5314	476	620	204	1	0.0001 Colloc0 476 3272 0.0758961 117.072
1660	1	1631.41	23962.5	23951.7	10.7965	495	599	225	2	0.0001 Colloc0 495 3304 0.107377 131.827
1670	1	1640.94	23851.7	23841.3	10.3929	489	619	205	0	0.0001 Colloc0 489 3281 0.141477 109.679
1680	1	1650.51	24028.4	24017.8	10.5552	513	569	255	2	0.0001 Colloc0 513 3301 0.115921 118.362
1690	1	1660.17	23955.8	23945.5	10.2785	492	587	237	1	0.0001 Colloc0 492 3297 0.135704 103.743
1700	1	1670.01	23815	23804	10.927	476	639	185	0	0.0001 Colloc0 476 3290 0.0670159 139.369
1710	1	1679.47	23807.2	23796.6	10.5739	487	645	179	0	0.0001 Colloc0 487 3295 0.135983 119.386
1720	1	1689.25	23947.5	23936.4	11.078	499	628	196	1	0.0001 Colloc0 499 3306 0.0598826 148.314
1730	1	1699.01	23949.7	23939.5	10.1988	498	610	214	0	0.0001 Colloc0 498 3299 0.163416 99.707
1740	1	1708.97	23980.8	23970.1	10.649	508	599	225	1	0.0001 Colloc0 508 3251 0.0732878 123.523
1750	1	1718.33	23922.5	23911.4	11.0531	503	599	225	1	0.0001 Colloc0 503 3270 0.0487217 146.826
1760	1	1727.82	23907.6	23896.5	11.1643	474	596	228	0	0.0001 Colloc0 474 3280 0.00023673 153.524
1770	1	1737.56	24068	24057.5	10.5317	499	582	242	0	0.0001 Colloc0 499 3328 0.102923 117.09
1780	1	1747.03	24062.6	24051.6	10.9751	512	569	255	0	0.0001 Colloc0 512 3298 0.07823 142.194
1790	1	1756.81	23873.3	23862.8	10.5399	507	630	194	0	0.0001 Colloc0 507 3293 0.145238 117.53
1800	1	1766.59	23891	23880.1	10.8945	490	621	203	1	0.0001 Colloc0 490 3285 0.0698115 137.474
1810	1	1776.43	23960.6	23950	10.5924	495	613	211	0	0.0001 Colloc0 495 3300 0.12863 120.4
1820	1	1786.36	24026.9	24016	10.8684	506	595	229	2	0.0001 Colloc0 506 3286 0.101712 135.96
1830	1	1795.77	23993.3	23982.3	10.9606	481	591	233	0	0.0001 Colloc0 481 3286 0.0358014 141.339
1840	1	1805.4	23952.9	23942.8	10.0707	498	623	201	1	0.0001 Colloc0 498 3292 0.208968 93.381
1850	1	1815.36	23939	23928.6	10.4114	499	610	214	0	0.0001 Colloc0 499 3289 0.114832 110.654
1860	1	1825.46	23872.8	23862.1	10.7169	482	613	211	1	0.0001 Colloc0 482 3270 0.0641011 127.314
1870	1	1834.81	23955.4	23944.2	11.1855	487	600	224	0	0.0001 Colloc0 487 3286 0.0119222 154.814
1880	1	1844.19	23914.1	23903.6	10.4972	495	619	205	1	0.0001 Colloc0 495 3277 0.120491 115.227
1890	1	1853.62	23762.6	23752.2	10.4144	481	636	188	1	0.0001 Colloc0 481 3270 0.144592 110.812
1900	1	1865.31	23867.7	23857.4	10.2921	491	639	185	1	0.0001 Colloc0 491 3293 0.167511 104.444
1910	1	1875.51	24032.4	24021.3	11.1733	500	586	238	1	0.0001 Colloc0 500 3324 0.0633193 154.075
1920	1	1885	23847.5	23836.6	10.8673	489	619	205	1	0.0001 Colloc0 489 3247 0.0843894 135.899
1930	1	1894.31	23997.1	23986.8	10.3377	496	583	241	3	0.0001 Colloc0 496 3290 0.183049 106.795
1940	1	1903.65	23931.5	23920.7	10.7684	498	621	203	0	0.0001 Colloc0 498 3285 0.096955 130.23
1950	1	1912.94	23900.7	23890.1	10.5452	498	613	211	0	0.0001 Colloc0 498 3283 0.106087 117.823
1960	1	1922.03	23975.6	23964.7	10.9173	497	604	220	0	0.0001 Colloc0 497 3284 0.0779291 138.805
1970	1	1931.35	23816.8	23806.7	10.1136	492	631	193	0	0.0001 Colloc0 492 3280 0.173929 95.4767
1980	1	1940.78	23942.6	23932.1	10.5274	494	611	213	0	0.0001 Colloc0 494 3297 0.0999846 116.853
1990	1	1950.22	23883.4	23872.2	11.277	485	616	208	1	0.0001 Colloc0 485 3280 0.00149693 160.437
2000	1	1959.45	23903.6	23893.2	10.368	490	614	210	0	0.0001 Colloc0 490 3290 0.203631 108.376
