# D = 0, E = 1, I = 1, P = 1, R = -1, n = 2000, N = 1, P = 1, w = 1, a = 0.0001, b = 10000, e = 1, f = 1, g = 100, h = 0.01, r = 6678, s = 1, S = 0, x = 10, m = 100, Z = 1, z = 0, T = 1, t = 1
# 7932 tokens in 824 sentences
#
# It	Temp	Time	-logP	-logPcorpus	-logPrior	tables	same	changed	reject	default_pya	(parent pym pyn pya pyb)*
0	1	0.507922	32151.4	32037.6	113.764	2698	0	824	0	0.0001 Colloc0 2698 4304 0.0001 10000
10	1	7.82481	23161	23149.9	11.0834	482	336	488	2	0.0001 Colloc0 482 3234 0.0308818 148.636
20	1	13.9399	22740.1	22729.4	10.7587	426	408	416	2	0.0001 Colloc0 426 3252 0.0235126 129.677
30	1	20.1109	22426.8	22416	10.8386	447	477	347	1	0.0001 Colloc0 447 3204 0.0107296 134.24
40	1	26.288	22103.9	22093.5	10.4567	403	546	278	1	0.0001 Colloc0 403 3187 0.0182435 113.057
50	1	32.582	22083.8	22073.6	10.2567	404	555	269	3	0.0001 Colloc0 404 3194 0.0128496 102.633
60	1	39.0221	21903.6	21893.1	10.4768	403	585	239	5	0.0001 Colloc0 403 3165 0.00186134 114.129
70	1	45.1791	21884.9	21874.6	10.2972	399	614	210	4	0.0001 Colloc0 399 3184 0.0315023 104.703
80	1	51.2492	21890.3	21879.7	10.5635	405	552	272	2	0.0001 Colloc0 405 3181 0.00162868 118.818
90	1	57.4903	21661.3	21650.7	10.6276	405	572	252	3	0.0001 Colloc0 405 3137 0.0361835 122.334
100	1	63.7253	21639	21628.1	10.9019	407	537	287	4	0.0001 Colloc0 407 3118 0.0141246 137.906
110	1	70.0384	21578.9	21568.4	10.5505	409	579	245	4	0.0001 Colloc0 409 3104 0.00830239 118.109
120	1	76.2514	21631.9	21621.1	10.8164	415	550	274	4	0.0001 Colloc0 415 3096 0.0106413 132.966
130	1	82.2725	21576	21565.3	10.6633	403	566	258	0	0.0001 Colloc0 403 3096 0.0114511 124.318
140	1	88.3856	21559.6	21548.9	10.7056	416	539	285	2	0.0001 Colloc0 416 3080 0.0100865 126.68
150	1	94.6916	21419.8	21409	10.7954	401	561	263	2	0.0001 Colloc0 401 3064 0.0131042 131.768
160	1	100.652	21339.8	21329.2	10.5871	397	564	260	2	0.0001 Colloc0 397 3049 0.00978691 120.109
170	1	106.526	21418.4	21407.8	10.5367	398	527	297	3	0.0001 Colloc0 398 3078 0.00142298 117.358
180	1	112.477	21508.3	21497.5	10.7441	405	530	294	0	0.0001 Colloc0 405 3060 0.0180314 128.848
190	1	118.492	21112.9	21102.4	10.512	384	577	247	0	0.0001 Colloc0 384 3035 0.000416407 116.022
200	1	124.349	21140.6	21130.1	10.4531	389	593	231	1	0.0001 Colloc0 389 3053 0.0423439 112.863
210	1	130.477	21214.1	21203.4	10.7127	408	563	261	2	0.0001 Colloc0 408 3038 0.00170386 127.082
220	1	136.519	21107.5	21097.2	10.2985	388	586	238	1	0.0001 Colloc0 388 3053 0.0355525 104.77
230	1	142.665	20987.9	20977.6	10.3773	377	629	195	0	0.0001 Colloc0 377 3037 0.0166576 108.858
240	1	148.895	21067.2	21056.5	10.6351	377	601	223	1	0.0001 Colloc0 377 3051 0.00237346 122.75
250	1	155.12	21073.4	21063.1	10.3353	389	609	215	1	0.0001 Colloc0 389 3038 0.0067549 106.67
260	1	161.245	21061.8	21051.2	10.6231	386	619	205	0	0.0001 Colloc0 386 3010 0.0124187 122.088
270	1	167.427	21198.6	21188.1	10.4628	395	573	251	2	0.0001 Colloc0 395 3043 0.0233376 113.384
280	1	173.556	21238	21227.5	10.5192	395	552	272	2	0.0001 Colloc0 395 3043 0.00413171 116.409
290	1	179.791	21121	21110.5	10.4687	393	586	238	1	0.0001 Colloc0 393 3019 0.010365 113.699
300	1	186.008	21142.4	21132.1	10.2564	385	582	242	2	0.0001 Colloc0 385 3032 0.0343003 102.618
310	1	192.269	21247.1	21236.7	10.4052	395	549	275	3	0.0001 Colloc0 395 3027 0.01304 110.328
320	1	198.457	21147.9	21137.4	10.4221	389	571	253	1	0.0001 Colloc0 389 3034 0.00470249 111.22
330	1	204.603	21150.5	21140	10.508	391	584	240	0	0.0001 Colloc0 391 3032 0.0462325 115.806
340	1	210.82	21081	21070.3	10.6796	385	583	241	2	0.0001 Colloc0 385 3031 0.00803912 125.223
350	1	217.002	21030.1	21019.7	10.3881	395	582	242	1	0.0001 Colloc0 395 3024 0.0484173 109.426
360	1	223.206	21006.4	20996	10.3964	394	631	193	0	0.0001 Colloc0 394 3022 0.0530129 109.862
370	1	229.389	21118.2	21107.8	10.4082	395	578	246	0	0.0001 Colloc0 395 3025 0.0209617 110.482
380	1	235.567	21179.9	21169.4	10.4496	400	578	246	0	0.0001 Colloc0 400 3025 0.0284718 112.679
390	1	241.734	21066.9	21056.5	10.4127	393	596	228	0	0.0001 Colloc0 393 3009 0.00508454 110.721
400	1	247.884	21006.5	20996.2	10.3344	376	590	234	0	0.0001 Colloc0 376 3025 0.00579335 106.626
410	1	254.019	20985.9	20975.4	10.4804	381	601	223	2	0.0001 Colloc0 381 3011 0.017459 114.321
420	1	260.128	21126	21115.4	10.6474	393	565	259	2	0.0001 Colloc0 393 3011 0.00874027 123.435
430	1	266.3	21052.8	21042.4	10.3508	397	583	241	1	0.0001 Colloc0 397 2999 0.0481467 107.476
440	1	272.452	21072	21061.4	10.5336	395	606	218	0	0.0001 Colloc0 395 3019 0.025793 117.193
450	1	278.584	21032.4	21022	10.4209	386	606	218	1	0.0001 Colloc0 386 3005 0.0134316 111.155
460	1	284.799	21117.6	21107.1	10.4767	393	583	241	0	0.0001 Colloc0 393 3007 0.0632196 114.125
470	1	290.681	21098.1	21087.8	10.3837	394	590	234	0	0.0001 Colloc0 394 3018 0.0224624 109.198
480	1	296.682	21096.3	21085.7	10.6394	403	572	252	1	0.0001 Colloc0 403 3003 0.0186057 122.991
490	1	302.858	21141.6	21131.2	10.4179	395	560	264	0	0.0001 Colloc0 395 2986 0.0289199 110.994
500	1	308.833	21051.7	21041.1	10.6714	405	578	246	0	0.0001 Colloc0 405 2996 0.000603698 124.765
510	1	314.743	21132	21121.6	10.4787	402	550	274	1	0.0001 Colloc0 402 2992 0.020057 114.23
520	1	320.848	21129.9	21119.3	10.6251	403	568	256	0	0.0001 Colloc0 403 2992 0.0126769 122.198
530	1	326.833	21002.4	20992.6	9.80375	388	601	223	1	0.0001 Colloc0 388 2972 0.113188 80.8973
540	1	332.942	21020.3	21009.9	10.3329	390	596	228	1	0.0001 Colloc0 390 2992 0.0377019 106.548
550	1	338.964	21016.2	21005.9	10.2552	401	602	222	1	0.0001 Colloc0 401 2977 0.0661613 102.555
560	1	344.99	21116	21105.1	10.9504	402	579	245	0	0.0001 Colloc0 402 2981 0.0115891 140.744
570	1	350.837	20990.8	20980.7	10.0952	387	588	236	2	0.0001 Colloc0 387 2982 0.0391368 94.5752
580	1	356.86	21033.2	21022.8	10.4809	391	600	224	1	0.0001 Colloc0 391 2985 0.0146393 114.351
590	1	363.026	21047	21036.4	10.6243	400	595	229	1	0.0001 Colloc0 400 2975 0.013715 122.155
600	1	369.225	20987.5	20976.7	10.7497	393	590	234	1	0.0001 Colloc0 393 2971 0.00472936 129.168
610	1	375.234	20988.4	20977.7	10.6688	403	568	256	0	0.0001 Colloc0 403 2968 0.0195261 124.621
620	1	381.358	20979.4	20968.7	10.7282	397	596	228	0	0.0001 Colloc0 397 2980 0.0171145 127.954
630	1	387.584	21080.4	21070.1	10.3491	390	563	261	2	0.0001 Colloc0 390 2997 0.0331859 107.388
640	1	393.766	20908.9	20898.4	10.4786	391	593	231	1	0.0001 Colloc0 391 2988 0.0204291 114.224
650	1	399.808	21057.4	21046.7	10.6821	410	545	279	1	0.0001 Colloc0 410 2977 0.0295643 125.365
660	1	406.024	21077.2	21066.8	10.4176	403	539	285	2	0.0001 Colloc0 403 2974 0.00914688 110.982
670	1	412.006	20971.4	20961	10.4675	385	558	266	1	0.0001 Colloc0 385 2961 0.00634597 113.632
680	1	418.113	21001.3	20990.6	10.6668	398	582	242	1	0.0001 Colloc0 398 2966 0.0109318 124.511
690	1	424.195	20997.4	20987	10.4456	392	571	253	0	0.0001 Colloc0 392 2967 0.0373436 112.468
700	1	430.195	20909	20898.5	10.4955	389	603	221	1	0.0001 Colloc0 389 2961 0.0400309 115.133
710	1	436.351	20941.9	20931.7	10.2564	389	588	236	0	0.0001 Colloc0 389 2982 0.0451877 102.615
720	1	442.44	20916.8	20906.4	10.4234	391	569	255	0	0.0001 Colloc0 391 2960 0.0365618 111.287
730	1	448.685	20966.1	20955.5	10.5402	395	584	240	0	0.0001 Colloc0 395 2972 0.023572 117.55
740	1	454.864	20998.4	20988.1	10.3798	396	587	237	0	0.0001 Colloc0 396 2971 0.0102234 108.993
750	1	460.897	20941.5	20931.1	10.3936	392	600	224	1	0.0001 Colloc0 392 2971 0.0191575 109.714
760	1	467.077	20861.9	20851.4	10.4816	398	592	232	1	0.0001 Colloc0 398 2952 0.023187 114.386
770	1	473.222	20844.9	20834.5	10.3885	389	598	226	0	0.0001 Colloc0 389 2960 0.0377384 109.446
780	1	479.279	20965.7	20955.3	10.4569	411	535	289	0	0.0001 Colloc0 411 2924 0.0353084 113.065
790	1	485.195	20850.2	20839.6	10.524	382	576	248	0	0.0001 Colloc0 382 2937 0.0101885 116.669
800	1	491.414	20861.2	20850.8	10.4675	405	576	248	1	0.0001 Colloc0 405 2935 0.0244533 113.63
810	1	497.677	20737.8	20727.4	10.3862	393	632	192	1	0.0001 Colloc0 393 2918 0.0160694 109.329
820	1	503.766	20785.9	20775.3	10.5981	399	580	244	1	0.0001 Colloc0 399 2930 0.0188365 120.708
830	1	510.13	20857.1	20846.5	10.6098	401	570	254	1	0.0001 Colloc0 401 2953 0.019097 121.354
840	1	516.325	20717	20706.6	10.4644	374	616	208	0	0.0001 Colloc0 374 2927 0.0240107 113.47
850	1	522.478	20732.4	20721.9	10.5001	391	607	217	0	0.0001 Colloc0 391 2924 0.00358245 115.382
860	1	528.651	20768.9	20758.2	10.6502	396	597	227	0	0.0001 Colloc0 396 2943 0.00138796 123.591
870	1	534.861	20803.8	20793.2	10.6289	401	584	240	0	0.0001 Colloc0 401 2934 0.011191 122.407
880	1	541.008	20957.4	20946.6	10.742	416	545	279	1	0.0001 Colloc0 416 2923 0.0158166 128.73
890	1	547.064	20852.1	20841.5	10.6307	413	571	253	0	0.0001 Colloc0 413 2913 0.0270719 122.506
900	1	553.19	20714.1	20703.4	10.6999	399	618	206	0	0.0001 Colloc0 399 2917 0.0260198 126.363
910	1	559.085	20746.5	20735.9	10.6445	398	595	229	1	0.0001 Colloc0 398 2911 0.0142137 123.273
920	1	565.138	20711.7	20701.2	10.4369	402	625	199	0	0.0001 Colloc0 402 2923 0.0341804 112.001
930	1	571.314	20724.1	20713.6	10.5311	402	601	223	2	0.0001 Colloc0 402 2915 0.025817 117.054
940	1	577.139	20703.1	20692.4	10.7123	399	616	208	1	0.0001 Colloc0 399 2909 0.00319898 127.059
950	1	583.336	20733.4	20722.7	10.6874	397	605	219	1	0.0001 Colloc0 397 2918 0.013645 125.66
960	1	589.502	20700.7	20690.2	10.496	403	601	223	0	0.0001 Colloc0 403 2918 0.0701591 115.161
970	1	595.642	20725.8	20715.3	10.5267	397	591	233	1	0.0001 Colloc0 397 2898 0.0108884 116.818
980	1	601.904	20857.9	20847.2	10.677	397	581	243	1	0.0001 Colloc0 397 2927 0.011707 125.081
990	1	608.133	20755.5	20744.9	10.5973	401	554	270	0	0.0001 Colloc0 401 2909 0.00652909 120.669
1000	1	614.175	20764.6	20753.9	10.7267	400	586	238	0	0.0001 Colloc0 400 2916 0.044542 127.87
1010	1	620.215	20711.5	20701	10.5275	387	593	231	1	0.0001 Colloc0 387 2919 0.0214546 116.86
1020	1	626.327	20759.4	20748.9	10.5026	390	593	231	0	0.0001 Colloc0 390 2925 0.00223137 115.513
1030	1	632.436	20617.9	20607.3	10.5941	392	609	215	1	0.0001 Colloc0 392 2899 0.0199837 120.492
1040	1	638.661	20704.3	20693.5	10.7945	396	597	227	0	0.0001 Colloc0 396 2908 0.0176817 131.716
1050	1	644.542	20479.1	20468.8	10.3263	383	631	193	0	0.0001 Colloc0 383 2875 0.0459622 106.204
1060	1	650.661	20557.6	20546.9	10.6437	398	601	223	1	0.0001 Colloc0 398 2890 0.00497958 123.23
1070	1	656.625	20417.5	20407.1	10.453	378	659	165	0	0.0001 Colloc0 378 2879 0.034072 112.86
1080	1	662.857	20529.3	20519.6	9.71464	398	626	198	1	0.0001 Colloc0 398 2889 0.150236 76.9451
1090	1	668.932	20496.3	20485.7	10.5883	389	643	181	0	0.0001 Colloc0 389 2901 0.00139722 120.173
1100	1	674.926	20469.8	20459.1	10.6736	386	637	187	1	0.0001 Colloc0 386 2889 0.00352193 124.892
1110	1	681.056	20616	20605.3	10.723	401	587	237	0	0.0001 Colloc0 401 2885 0.0141048 127.657
1120	1	687.459	20656.8	20646.2	10.5508	393	580	244	0	0.0001 Colloc0 393 2884 0.00652577 118.124
1130	1	693.671	20593.7	20583.3	10.3909	396	590	234	1	0.0001 Colloc0 396 2899 0.00981547 109.573
1140	1	699.829	20520	20509.7	10.2925	382	631	193	1	0.0001 Colloc0 382 2884 0.00818464 104.462
1150	1	705.821	20514.2	20503.6	10.5739	389	621	203	2	0.0001 Colloc0 389 2887 0.00474137 119.386
1160	1	711.807	20444.5	20434.2	10.3503	385	633	191	0	0.0001 Colloc0 385 2893 0.041235 107.451
1170	1	717.943	20425.1	20414.5	10.5995	386	640	184	0	0.0001 Colloc0 386 2868 0.00916551 120.79
1180	1	724.229	20422.3	20411.6	10.6164	388	650	174	0	0.0001 Colloc0 388 2876 0.00737173 121.716
1190	1	730.406	20431	20420.5	10.4811	382	646	178	0	0.0001 Colloc0 382 2873 0.00445791 114.359
1200	1	736.618	20453	20442.1	10.8586	388	621	203	1	0.0001 Colloc0 388 2883 0.00334768 135.393
1210	1	742.805	20554.4	20543.8	10.5475	396	594	230	0	0.0001 Colloc0 396 2890 0.0269097 117.947
1220	1	748.894	20546.1	20535.5	10.6243	394	579	245	0	0.0001 Colloc0 394 2897 0.00956816 122.151
1230	1	754.971	20491.5	20481.1	10.3653	390	630	194	0	0.0001 Colloc0 390 2901 0.00111962 108.232
1240	1	760.826	20502.9	20492.7	10.1131	389	610	214	0	0.0001 Colloc0 389 2890 0.0851762 95.4535
1250	1	766.817	20460.1	20449.7	10.3911	384	618	206	0	0.0001 Colloc0 384 2888 0.0184883 109.586
1260	1	773.021	20508.5	20498.3	10.2188	394	615	209	0	0.0001 Colloc0 394 2881 0.0415739 100.711
1270	1	779.19	20473.7	20463.6	10.1407	387	600	224	0	0.0001 Colloc0 387 2875 0.0673097 96.8147
1280	1	785.167	20457.6	20447.1	10.4186	385	632	192	0	0.0001 Colloc0 385 2869 0.0168006 111.036
1290	1	791.237	20366.9	20356.5	10.4103	378	632	192	1	0.0001 Colloc0 378 2860 0.00606738 110.598
1300	1	797.512	20411.1	20400.7	10.3367	387	636	188	0	0.0001 Colloc0 387 2874 0.0436345 106.744
1310	1	803.685	20553.1	20542.6	10.5265	391	597	227	0	0.0001 Colloc0 391 2871 0.00159673 116.804
1320	1	809.876	20593	20582.2	10.8069	406	598	226	1	0.0001 Colloc0 406 2884 0.0120328 132.424
1330	1	816.163	20641.6	20631.1	10.4927	400	546	278	2	0.0001 Colloc0 400 2880 0.0214941 114.981
1340	1	822.28	20566.5	20555.7	10.7834	399	591	233	2	0.0001 Colloc0 399 2876 0.0115556 131.079
1350	1	828.296	20561.8	20551.2	10.6738	396	588	236	0	0.0001 Colloc0 396 2873 0.000651016 124.903
1360	1	834.352	20456.3	20445.7	10.574	384	599	225	1	0.0001 Colloc0 384 2873 0.0361088 119.389
1370	1	840.495	20402.8	20392	10.7522	385	644	180	1	0.0001 Colloc0 385 2882 0.0253867 129.306
1380	1	846.564	20523.6	20513.6	10.0626	398	599	225	0	0.0001 Colloc0 398 2877 0.0618447 92.9919
1390	1	852.637	20419.4	20408.8	10.6064	384	617	207	0	0.0001 Colloc0 384 2865 0.000902901 121.167
1400	1	858.535	20556.7	20546.2	10.5355	392	589	235	1	0.0001 Colloc0 392 2890 0.0161057 117.295
1410	1	864.562	20599.7	20589.2	10.5228	391	550	274	1	0.0001 Colloc0 391 2870 0.0353199 116.604
1420	1	870.789	20546.9	20536.7	10.1926	402	585	239	1	0.0001 Colloc0 402 2868 0.0590468 99.3968
1430	1	876.786	20496.8	20486	10.7475	404	597	227	0	0.0001 Colloc0 404 2876 0.0369729 129.043
1440	1	882.968	20483.6	20472.8	10.7654	396	610	214	2	0.0001 Colloc0 396 2875 0.0184804 130.056
1450	1	889.179	20417.7	20407.1	10.5241	386	636	188	0	0.0001 Colloc0 386 2860 0.00122661 116.677
1460	1	895.23	20493.6	20483.1	10.5206	398	607	217	0	0.0001 Colloc0 398 2876 0.0443016 116.486
1470	1	901.252	20485	20474.7	10.3034	395	607	217	0	0.0001 Colloc0 395 2881 0.0499654 105.025
1480	1	907.213	20462.6	20452.3	10.316	385	629	195	1	0.0001 Colloc0 385 2876 0.0533494 105.67
1490	1	913.415	20412.6	20402.3	10.2943	381	637	187	1	0.0001 Colloc0 381 2877 0.0294384 104.554
1500	1	919.423	20438.1	20427.6	10.514	397	597	227	0	0.0001 Colloc0 397 2874 0.0250621 116.129
1510	1	925.597	20489.8	20479.3	10.4258	393	609	215	2	0.0001 Colloc0 393 2869 0.0125173 111.416
1520	1	931.647	20467.1	20456.7	10.4569	382	620	204	1	0.0001 Colloc0 382 2877 0.0131889 113.066
1530	1	937.813	20431.6	20421.1	10.5027	387	618	206	1	0.0001 Colloc0 387 2870 0.0125981 115.52
1540	1	943.744	20433.4	20422.9	10.4645	386	626	198	1	0.0001 Colloc0 386 2881 0.00693327 113.472
1550	1	949.905	20522.9	20512.7	10.2346	403	594	230	0	0.0001 Colloc0 403 2861 0.0652861 101.512
1560	1	956.145	20576	20565.4	10.5777	396	593	231	1	0.0001 Colloc0 396 2888 0.000968654 119.592
1570	1	962.317	20533.3	20523	10.2684	392	602	222	0	0.0001 Colloc0 392 2870 0.0438468 103.228
1580	1	968.336	20513.3	20502.9	10.372	390	608	216	0	0.0001 Colloc0 390 2875 0.0024315 108.582
1590	1	974.558	20454.7	20444.1	10.5532	378	620	204	0	0.0001 Colloc0 378 2881 0.00705176 118.256
1600	1	980.709	20384	20373.5	10.5164	383	648	176	1	0.0001 Colloc0 383 2872 0.0218139 116.258
1610	1	986.772	20458.5	20447.9	10.5444	394	643	181	2	0.0001 Colloc0 394 2886 0.0215412 117.778
1620	1	992.746	20486.6	20476.1	10.4657	393	608	216	1	0.0001 Colloc0 393 2869 0.00969548 113.535
1630	1	998.82	20545.2	20535.1	10.1182	397	611	213	0	0.0001 Colloc0 397 2875 0.0583151 95.7043
1640	1	1004.96	20485.8	20475.3	10.4627	387	595	229	1	0.0001 Colloc0 387 2877 0.0204532 113.375
1650	1	1010.97	20515.9	20505.5	10.3874	389	605	219	1	0.0001 Colloc0 389 2885 0.0465442 109.392
1660	1	1017.2	20566.2	20555.7	10.4604	394	592	232	0	0.0001 Colloc0 394 2883 0.0208318 113.252
1670	1	1023.29	20514.6	20504.2	10.3542	393	596	228	2	0.0001 Colloc0 393 2882 0.0453271 107.652
1680	1	1029.5	20419.6	20409.1	10.4732	390	624	200	1	0.0001 Colloc0 390 2875 0.000414161 113.935
1690	1	1035.48	20414.8	20404.6	10.2089	383	631	193	0	0.0001 Colloc0 383 2869 0.0384546 100.213
1700	1	1041.41	20301.3	20290.9	10.4331	382	643	181	3	0.0001 Colloc0 382 2849 0.0247056 111.801
1710	1	1047.52	20463.7	20453.1	10.6154	399	592	232	2	0.0001 Colloc0 399 2864 0.0052985 121.664
1720	1	1053.51	20501.7	20491.1	10.6441	397	581	243	0	0.0001 Colloc0 397 2884 0.00769474 123.25
1730	1	1059.69	20359.8	20349.2	10.5814	383	628	196	0	0.0001 Colloc0 383 2887 0.0310842 119.797
1740	1	1065.84	20330	20319.4	10.6644	384	623	201	0	0.0001 Colloc0 384 2861 0.00308375 124.379
1750	1	1072.05	20350.9	20340.4	10.5118	387	654	170	0	0.0001 Colloc0 387 2863 0.00866309 116.011
1760	1	1078.19	20390.9	20380.3	10.5176	392	621	203	1	0.0001 Colloc0 392 2866 0.00594424 116.325
1770	1	1084.31	20341.8	20331.4	10.4045	388	611	213	2	0.0001 Colloc0 388 2855 0.0273934 110.287
1780	1	1090.46	20362.9	20352.5	10.3732	383	619	205	2	0.0001 Colloc0 383 2866 0.0448845 108.647
1790	1	1096.5	20287.2	20277	10.1842	377	656	168	0	0.0001 Colloc0 377 2873 0.0275574 98.9726
1800	1	1102.63	20217.4	20207.3	10.1288	379	674	150	1	0.0001 Colloc0 379 2876 0.0371803 96.2253
1810	1	1108.51	20330.9	20321	9.88427	387	617	207	2	0.0001 Colloc0 387 2863 0.0930296 84.5625
1820	1	1114.54	20337.5	20327.2	10.2554	388	626	198	2	0.0001 Colloc0 388 2860 0.0684363 102.565
1830	1	1120.51	20283.5	20273.3	10.126	383	643	181	3	0.0001 Colloc0 383 2862 0.0922039 96.0859
1840	1	1126.64	20322.8	20312.3	10.5711	390	632	192	3	0.0001 Colloc0 390 2862 0.0135326 119.232
1850	1	1132.7	20305.7	20295.3	10.3513	384	626	198	0	0.0001 Colloc0 384 2860 0.0103034 107.502
1860	1	1138.56	20353.4	20342.7	10.6386	386	628	196	1	0.0001 Colloc0 386 2859 0.0084089 122.944
1870	1	1144.51	20333.7	20323.2	10.4063	389	627	197	2	0.0001 Colloc0 389 2860 0.011843 110.384
1880	1	1150.58	20409.3	20398.7	10.6326	394	623	201	0	0.0001 Colloc0 394 2866 0.0343723 122.61
1890	1	1156.49	20307.7	20297.7	10.0893	387	600	224	0	0.0001 Colloc0 387 2855 0.0937904 94.288
1900	1	1162.6	20331	20320.5	10.4644	387	614	210	1	0.0001 Colloc0 387 2861 0.0121488 113.465
1910	1	1168.83	20283.4	20272.8	10.6118	386	618	206	2	0.0001 Colloc0 386 2867 0.00115805 121.464
1920	1	1175.06	20378.9	20368.4	10.5146	386	596	228	0	0.0001 Colloc0 386 2860 0.0166839 116.162
1930	1	1181.11	20410.8	20400.3	10.5489	389	569	255	2	0.0001 Colloc0 389 2858 0.0163826 118.021
1940	1	1187.17	20352.1	20341.5	10.6597	386	603	221	3	0.0001 Colloc0 386 2858 0.0208241 124.118
1950	1	1192.98	20355.4	20344.7	10.6746	391	609	215	1	0.0001 Colloc0 391 2858 0.0149295 124.949
1960	1	1198.95	20343.3	20333.1	10.2602	386	635	189	1	0.0001 Colloc0 386 2853 0.0719054 102.811
1970	1	1204.95	20378.6	20367.9	10.624	407	617	207	1	0.0001 Colloc0 407 2862 0.0123268 122.139
1980	1	1210.9	20374.4	20364	10.3327	389	616	208	1	0.0001 Colloc0 389 2855 0.0405971 106.534
1990	1	1216.92	20331.8	20321.2	10.5397	385	612	212	0	0.0001 Colloc0 385 2857 0.0301868 117.519
2000	1	1223.13	20285.9	20275.3	10.5726	389	629	195	0	0.0001 Colloc0 389 2847 0.0276776 119.314
