# D = 0, E = 1, I = 1, P = 1, R = -1, n = 2000, N = 1, P = 1, w = 1, a = 0.0001, b = 10000, e = 1, f = 1, g = 100, h = 0.01, r = 18151, s = 1, S = 0, x = 10, m = 100, Z = 1, z = 0, T = 1, t = 1
# 7932 tokens in 824 sentences
#
# It	Temp	Time	-logP	-logPcorpus	-logPrior	tables	same	changed	reject	default_pya	(parent pym pyn pya pyb)*
0	1	0.464929	26992.1	26878.3	113.764	1233	0	824	0	0.0001 Colloc0 1233 2471 0.0001 10000
10	1	6.98394	21151.2	21139.6	11.5356	505	509	315	0	0.0001 Colloc0 505 2654 0.00650039 176.721
20	1	13.234	20806.8	20795.4	11.3814	467	568	256	0	0.0001 Colloc0 467 2666 0.00683974 166.942
30	1	19.703	20611.6	20600.9	10.7596	456	612	212	0	0.0001 Colloc0 456 2664 0.0337661 129.726
40	1	25.9001	20531.6	20520.8	10.8279	425	627	197	2	0.0001 Colloc0 425 2696 0.0282158 133.63
50	1	32.2701	20647.1	20635.9	11.1754	448	605	219	2	0.0001 Colloc0 448 2694 0.0122484 154.197
60	1	38.3932	20472.2	20461.3	10.942	434	625	199	2	0.0001 Colloc0 434 2658 0.0147106 140.249
70	1	44.7092	20469.8	20458.8	11.0204	437	630	194	2	0.0001 Colloc0 437 2665 0.0102653 144.878
80	1	51.1232	20427.7	20416.9	10.8363	418	645	179	0	0.0001 Colloc0 418 2700 0.0201844 134.11
90	1	57.3623	20357	20346.3	10.7123	425	649	175	0	0.0001 Colloc0 425 2667 0.0131412 127.056
100	1	63.8393	20331.5	20320.5	10.9973	439	658	166	0	0.0001 Colloc0 439 2657 0.0121734 143.508
110	1	70.0963	20346.4	20335.3	11.084	425	647	177	2	0.0001 Colloc0 425 2660 0.00722781 148.675
120	1	76.1534	20376.1	20365.2	10.9161	439	630	194	1	0.0001 Colloc0 439 2656 0.0378817 138.736
130	1	82.5175	20474.3	20463.1	11.1773	427	590	234	1	0.0001 Colloc0 427 2668 0.000380166 154.319
140	1	88.8855	20352.6	20341.7	10.9275	430	615	209	2	0.0001 Colloc0 430 2651 0.0173509 139.4
150	1	95.2795	20357.9	20347.2	10.6573	443	638	186	0	0.0001 Colloc0 443 2642 0.0434477 123.98
160	1	101.573	20324.8	20313.7	11.0885	440	623	201	1	0.0001 Colloc0 440 2638 0.00209796 148.944
170	1	107.996	20310.1	20299.2	10.884	424	632	192	1	0.0001 Colloc0 424 2644 0.0111021 136.866
180	1	114.335	20284.6	20273.9	10.6347	426	633	191	0	0.0001 Colloc0 426 2620 0.0790099 122.73
190	1	120.506	20395.8	20384.8	10.9867	438	600	224	0	0.0001 Colloc0 438 2654 0.00467678 142.879
200	1	126.627	20290.8	20280	10.7643	431	643	181	1	0.0001 Colloc0 431 2638 0.0217359 129.994
210	1	132.898	20320.2	20309	11.1357	436	618	206	1	0.0001 Colloc0 436 2623 0.0486206 151.788
220	1	139.04	20214.8	20204.1	10.698	425	657	167	0	0.0001 Colloc0 425 2622 0.00490698 126.257
230	1	145.452	20209.4	20198.8	10.6749	419	676	148	2	0.0001 Colloc0 419 2639 0.0106263 124.962
240	1	151.644	20252.7	20241.6	11.1098	422	635	189	2	0.0001 Colloc0 422 2628 0.00945952 150.228
250	1	158.038	20358.4	20347.4	10.9462	438	614	210	1	0.0001 Colloc0 438 2617 0.011785 140.492
260	1	164.544	20221.1	20210.3	10.7874	434	665	159	2	0.0001 Colloc0 434 2637 0.048971 131.307
270	1	170.816	20275.4	20264.7	10.698	425	618	206	0	0.0001 Colloc0 425 2623 0.0227289 126.257
280	1	176.991	20306.9	20296.1	10.7701	432	614	210	0	0.0001 Colloc0 432 2601 0.0101631 130.325
290	1	183.084	20321.7	20310.8	10.8405	427	608	216	1	0.0001 Colloc0 427 2631 0.0191693 134.354
300	1	189.414	20171.7	20160.8	10.9317	430	661	163	1	0.0001 Colloc0 430 2600 0.027508 139.643
310	1	195.78	20177.1	20166.4	10.7804	427	645	179	1	0.0001 Colloc0 427 2598 0.0572947 130.908
320	1	201.902	20240.7	20229.8	10.9605	424	657	167	0	0.0001 Colloc0 424 2617 0.00726822 141.337
330	1	208.195	20188.6	20177.9	10.6942	421	649	175	0	0.0001 Colloc0 421 2630 0.0477348 126.039
340	1	214.553	20258.8	20247.8	11.0443	435	634	190	1	0.0001 Colloc0 435 2625 0.0089861 146.299
350	1	220.918	20175.4	20164.4	10.982	415	651	173	1	0.0001 Colloc0 415 2612 0.00143624 142.6
360	1	227.324	20215.1	20204	11.0779	429	656	168	1	0.0001 Colloc0 429 2632 0.00830709 148.305
370	1	233.595	20327.8	20316.9	10.8931	433	603	221	0	0.0001 Colloc0 433 2629 0.00989678 137.395
380	1	240.018	20226.3	20215.3	11.0297	424	635	189	3	0.0001 Colloc0 424 2630 0.0210093 145.428
390	1	246.337	20214.9	20204	10.9112	426	642	182	0	0.0001 Colloc0 426 2618 0.0212482 138.446
400	1	252.65	20243.3	20232.4	10.9107	428	623	201	0	0.0001 Colloc0 428 2632 0.0243805 138.419
410	1	258.751	20222.2	20211.6	10.5611	431	654	170	0	0.0001 Colloc0 431 2620 0.0658844 118.684
420	1	265.105	20262.3	20251.1	11.2275	436	658	166	1	0.0001 Colloc0 436 2631 0.0114528 157.388
430	1	271.27	20254.3	20243.2	11.0527	427	639	185	0	0.0001 Colloc0 427 2620 0.0236533 146.8
440	1	277.34	20216.4	20205.7	10.7138	425	660	164	0	0.0001 Colloc0 425 2629 0.0412905 127.141
450	1	283.662	20347.4	20336.7	10.6196	436	628	196	2	0.0001 Colloc0 436 2639 0.0772241 121.892
460	1	290.039	20291	20280	10.9738	440	633	191	2	0.0001 Colloc0 440 2640 0.0043978 142.116
470	1	296.137	20247.2	20236.1	11.0362	425	642	182	0	0.0001 Colloc0 425 2620 0.0222465 145.814
480	1	302.455	20293.4	20282.5	10.9789	427	621	203	0	0.0001 Colloc0 427 2645 0.0159262 142.417
490	1	308.827	20272.7	20261.7	10.916	431	644	180	1	0.0001 Colloc0 431 2628 0.0418342 138.728
500	1	315.199	20225.5	20214.4	11.0855	425	649	175	0	0.0001 Colloc0 425 2623 0.0155713 148.763
510	1	321.626	20272.1	20261.4	10.7311	424	635	189	0	0.0001 Colloc0 424 2624 0.0381574 128.118
520	1	327.838	20201	20190.4	10.6761	429	646	178	1	0.0001 Colloc0 429 2618 0.054018 125.033
530	1	334.134	20215.2	20204.3	10.8748	427	632	192	1	0.0001 Colloc0 427 2620 0.0326789 136.334
540	1	340.55	20213.4	20202.3	11.06	422	645	179	0	0.0001 Colloc0 422 2635 0.0058996 147.237
550	1	346.996	20171.5	20160.7	10.8262	421	659	165	1	0.0001 Colloc0 421 2610 0.012669 133.526
560	1	353.352	20257.8	20247.1	10.7536	429	628	196	0	0.0001 Colloc0 429 2618 0.0241485 129.385
570	1	359.634	20231.5	20220.6	10.8527	434	664	160	0	0.0001 Colloc0 434 2618 0.00218501 135.052
580	1	366.017	20144	20133	11.0663	422	679	145	1	0.0001 Colloc0 422 2602 0.0145248 147.61
590	1	372.287	20099.5	20088.8	10.6928	426	659	165	1	0.0001 Colloc0 426 2605 0.0265247 125.965
600	1	378.608	20169.6	20158.9	10.7655	433	612	212	0	0.0001 Colloc0 433 2601 0.0676654 130.061
610	1	384.954	20133.6	20123.3	10.3885	420	647	177	0	0.0001 Colloc0 420 2598 0.0864616 109.449
620	1	391.403	20087	20076	10.9828	419	664	160	0	0.0001 Colloc0 419 2613 0.0101172 142.648
630	1	397.699	20091.7	20080.6	11.1052	425	649	175	0	0.0001 Colloc0 425 2597 0.00603468 149.949
640	1	404.031	20063.9	20053	10.889	414	661	163	2	0.0001 Colloc0 414 2612 0.00941351 137.156
650	1	410.379	20111.9	20101.4	10.5617	423	626	198	0	0.0001 Colloc0 423 2610 0.0537057 118.716
660	1	416.635	20122	20111.1	10.8617	423	654	170	0	0.0001 Colloc0 423 2583 0.00550872 135.574
670	1	422.957	20092.9	20082	10.911	423	643	181	2	0.0001 Colloc0 423 2603 0.0254591 138.438
680	1	429.319	20032.9	20022	10.9132	422	672	152	1	0.0001 Colloc0 422 2597 0.0103429 138.562
690	1	435.44	20074.3	20063.6	10.6508	415	664	160	1	0.0001 Colloc0 415 2610 0.00156525 123.623
700	1	441.445	19989.5	19978.5	11.0549	412	677	147	0	0.0001 Colloc0 412 2591 0.00448154 146.932
710	1	447.501	19982.2	19971.4	10.7669	406	694	130	0	0.0001 Colloc0 406 2605 0.00657822 130.144
720	1	453.618	20086.6	20076	10.6029	421	634	190	1	0.0001 Colloc0 421 2594 0.0403504 120.975
730	1	459.961	20093.9	20083.1	10.7703	425	659	165	1	0.0001 Colloc0 425 2604 0.029352 130.338
740	1	466.034	20032.1	20021.3	10.7376	427	663	161	2	0.0001 Colloc0 427 2595 0.00874678 128.485
750	1	472.394	19958.5	19947.7	10.8469	413	682	142	3	0.0001 Colloc0 413 2601 0.0169664 134.721
760	1	478.514	20091.3	20080.5	10.8001	415	647	177	1	0.0001 Colloc0 415 2593 0.015769 132.034
770	1	484.721	20011.2	20000.5	10.7293	419	666	158	1	0.0001 Colloc0 419 2590 0.0640478 128.013
780	1	490.792	20047.9	20037.4	10.5034	416	651	173	1	0.0001 Colloc0 416 2601 0.0197307 115.558
790	1	497.024	20057.3	20046.5	10.8513	425	653	171	0	0.0001 Colloc0 425 2607 0.00329069 134.976
800	1	503.462	20061.3	20050.1	11.1151	420	643	181	0	0.0001 Colloc0 420 2610 0.00130466 150.546
810	1	509.848	19977.4	19966.5	10.9195	411	666	158	2	0.0001 Colloc0 411 2582 0.000344379 138.93
820	1	516.272	20134.3	20123.5	10.8089	422	621	203	0	0.0001 Colloc0 422 2598 0.00443104 132.537
830	1	522.616	20076.3	20065.4	10.9298	411	651	173	1	0.0001 Colloc0 411 2601 0.00242294 139.536
840	1	528.92	20080.7	20069.7	11.0054	415	654	170	0	0.0001 Colloc0 415 2603 0.029263 143.988
850	1	535.406	20015.8	20004.8	10.9449	416	665	159	0	0.0001 Colloc0 416 2589 0.000382432 140.419
860	1	541.764	20035.1	20024.3	10.7955	420	687	137	1	0.0001 Colloc0 420 2597 0.00185494 131.772
870	1	547.855	20058.8	20048	10.8055	418	638	186	1	0.0001 Colloc0 418 2607 0.02779 132.344
880	1	554.012	20086.9	20075.8	11.1104	429	644	180	1	0.0001 Colloc0 429 2590 0.000152046 150.261
890	1	560.298	20093.3	20082.3	10.9463	429	655	169	0	0.0001 Colloc0 429 2588 0.00261995 140.498
900	1	566.615	20127.2	20116.4	10.8166	432	629	195	2	0.0001 Colloc0 432 2586 0.0410568 132.979
910	1	573.093	20042.8	20031.9	10.9097	422	642	182	3	0.0001 Colloc0 422 2596 0.0253599 138.363
920	1	579.481	20003.9	19992.9	10.918	418	656	168	1	0.0001 Colloc0 418 2583 0.0217544 138.844
930	1	585.845	20163.1	20152.2	10.9767	443	638	186	0	0.0001 Colloc0 443 2592 0.0380608 142.287
940	1	592.076	20162.9	20151.9	10.9802	430	630	194	1	0.0001 Colloc0 430 2585 0.0129043 142.497
950	1	598.449	20059.1	20048.4	10.7788	430	653	171	1	0.0001 Colloc0 430 2584 0.0166208 130.819
960	1	604.687	20030.8	20019.9	10.9389	420	642	182	4	0.0001 Colloc0 420 2596 0.0133051 140.066
970	1	611.047	20099.1	20088.1	11.0142	417	637	187	1	0.0001 Colloc0 417 2586 0.0054752 144.508
980	1	617.157	20009.5	19998.4	11.1087	425	660	164	1	0.0001 Colloc0 425 2593 0.00166835 150.162
990	1	623.338	20065.2	20054.2	11.0015	425	648	176	2	0.0001 Colloc0 425 2580 0.0110906 143.753
1000	1	629.389	20132	20120.8	11.1718	433	633	191	0	0.0001 Colloc0 433 2596 0.00476922 153.978
1010	1	635.638	20071.7	20061	10.7006	417	648	176	1	0.0001 Colloc0 417 2583 0.0149488 126.402
1020	1	641.951	20058.9	20048.1	10.7957	432	642	182	0	0.0001 Colloc0 432 2576 0.0199695 131.781
1030	1	648.239	20102.4	20091.6	10.7993	421	651	173	1	0.0001 Colloc0 421 2604 0.00109099 131.987
1040	1	654.717	20104	20093	11.0549	423	633	191	0	0.0001 Colloc0 423 2594 0.000986902 146.933
1050	1	661.058	20141.3	20130.5	10.8806	425	629	195	1	0.0001 Colloc0 425 2598 0.03311 136.667
1060	1	667.355	20001.7	19990.9	10.7847	414	669	155	1	0.0001 Colloc0 414 2585 0.0102825 131.152
1070	1	673.755	20051.5	20040.7	10.822	419	661	163	0	0.0001 Colloc0 419 2584 0.0316789 133.289
1080	1	680.129	20061.2	20050.5	10.6315	422	637	187	0	0.0001 Colloc0 422 2595 0.0266724 122.553
1090	1	686.258	20047.6	20036.7	10.9017	420	660	164	0	0.0001 Colloc0 420 2579 0.0057257 137.892
1100	1	692.444	20086.1	20075.6	10.4771	426	652	172	1	0.0001 Colloc0 426 2596 0.0353014 114.144
1110	1	698.568	20006.2	19995.1	11.0658	418	670	154	0	0.0001 Colloc0 418 2590 0.00249955 147.58
1120	1	704.999	20057.6	20046.6	10.9963	429	662	162	0	0.0001 Colloc0 429 2587 0.0152916 143.449
1130	1	711.314	20018	20007.1	10.9631	417	663	161	0	0.0001 Colloc0 417 2592 0.00358303 141.489
1140	1	717.39	20071.1	20060.3	10.8379	431	637	187	1	0.0001 Colloc0 431 2572 0.024817 134.204
1150	1	723.402	20137.7	20126.6	11.0956	426	616	208	1	0.0001 Colloc0 426 2600 0.00345737 149.371
1160	1	729.686	20019.8	20008.9	10.9276	415	662	162	0	0.0001 Colloc0 415 2589 0.00789406 139.406
1170	1	736.007	19958.8	19948.1	10.6995	421	666	158	1	0.0001 Colloc0 421 2583 0.0533086 126.341
1180	1	742.346	19944.6	19933.9	10.6473	409	679	145	0	0.0001 Colloc0 409 2591 0.0151075 123.427
1190	1	748.708	20042.8	20031.9	10.8572	427	654	170	2	0.0001 Colloc0 427 2584 0.0334238 135.315
1200	1	754.931	20065.5	20054.6	10.8776	432	648	176	0	0.0001 Colloc0 432 2587 0.01125 136.493
1210	1	761.432	20029.6	20018.8	10.8416	424	660	164	0	0.0001 Colloc0 424 2599 0.0287668 134.412
1220	1	767.726	20092	20081.2	10.8432	421	637	187	2	0.0001 Colloc0 421 2584 0.0385946 134.509
1230	1	774.16	20019.8	20009.1	10.7926	417	657	167	0	0.0001 Colloc0 417 2595 0.00182428 131.608
1240	1	780.533	20183.1	20172.2	10.9719	433	603	221	1	0.0001 Colloc0 433 2595 0.00688112 142.006
1250	1	786.843	20133.9	20122.9	11.0357	424	628	196	1	0.0001 Colloc0 424 2583 0.0165452 145.784
1260	1	792.844	20011.9	20000.8	11.1002	428	669	155	0	0.0001 Colloc0 428 2586 0.00705349 149.645
1270	1	799.023	20040.1	20029.4	10.7258	430	656	168	0	0.0001 Colloc0 430 2583 0.0197128 127.819
1280	1	805.272	20063.4	20052.5	10.8607	416	640	184	0	0.0001 Colloc0 416 2577 0.0289068 135.515
1290	1	811.308	20051.2	20040.5	10.6856	414	664	160	0	0.0001 Colloc0 414 2598 0.0482903 125.563
1300	1	817.544	20022.7	20011.7	10.9666	426	661	163	0	0.0001 Colloc0 426 2595 0.036207 141.694
1310	1	823.966	20176.3	20165.5	10.7793	420	609	215	0	0.0001 Colloc0 420 2604 0.0340916 130.849
1320	1	830.194	20142	20131.1	10.9047	422	616	208	2	0.0001 Colloc0 422 2598 0.0128953 138.07
1330	1	836.409	20110.7	20100	10.6948	437	629	195	0	0.0001 Colloc0 437 2588 0.0349433 126.076
1340	1	842.666	20059.5	20048.5	10.9544	427	649	175	0	0.0001 Colloc0 427 2589 0.0511804 140.979
1350	1	848.875	20170.3	20159.2	11.0873	447	601	223	1	0.0001 Colloc0 447 2579 0.0362863 148.872
1360	1	855.322	20082.2	20071.2	11.0236	428	648	176	1	0.0001 Colloc0 428 2592 0.00042407 145.065
1370	1	861.725	20075.3	20064.6	10.7225	417	652	172	1	0.0001 Colloc0 417 2588 0.0261178 127.631
1380	1	868.13	20039.4	20028.4	10.9443	428	663	161	1	0.0001 Colloc0 428 2590 0.00950076 140.386
1390	1	874.559	20062.4	20051.4	10.9858	432	639	185	1	0.0001 Colloc0 432 2582 0.0224591 142.828
1400	1	880.697	20059.2	20048.2	10.928	432	639	185	0	0.0001 Colloc0 432 2586 0.017993 139.431
1410	1	887.082	20123.2	20112	11.2732	446	646	178	2	0.0001 Colloc0 446 2584 0.0081464 160.201
1420	1	893.386	20028.9	20018	10.8581	419	653	171	0	0.0001 Colloc0 419 2584 0.0176505 135.365
1430	1	899.709	20024.7	20013.7	10.9777	424	653	171	1	0.0001 Colloc0 424 2583 0.00379927 142.348
1440	1	905.874	19923.1	19912.3	10.7885	416	704	120	0	0.0001 Colloc0 416 2573 0.0123613 131.373
1450	1	912.17	20008.1	19996.9	11.2244	426	646	178	1	0.0001 Colloc0 426 2579 0.00316685 157.194
1460	1	918.448	19931.7	19920.6	11.1127	427	688	136	0	0.0001 Colloc0 427 2581 0.00914018 150.401
1470	1	924.515	19971.6	19961.1	10.5213	422	670	154	0	0.0001 Colloc0 422 2584 0.0459903 116.524
1480	1	930.812	19997.5	19986.4	11.0837	426	647	177	2	0.0001 Colloc0 426 2579 0.0255534 148.655
1490	1	937.176	20077.9	20067	10.9795	428	628	196	0	0.0001 Colloc0 428 2582 0.016261 142.453
1500	1	943.381	20022.3	20011.2	11.14	433	633	191	0	0.0001 Colloc0 433 2575 0.00945028 152.052
1510	1	949.732	19996.1	19985.1	11.0108	423	654	170	0	0.0001 Colloc0 423 2585 0.00155995 144.304
1520	1	956.096	19983.1	19972.3	10.8048	418	652	172	1	0.0001 Colloc0 418 2587 0.0139401 132.301
1530	1	962.18	20029.3	20018.5	10.773	421	640	184	1	0.0001 Colloc0 421 2571 0.0337058 130.489
1540	1	968.509	20023.2	20012.6	10.6547	423	651	173	1	0.0001 Colloc0 423 2570 0.0581028 123.84
1550	1	974.956	19984.4	19973.4	10.9688	424	653	171	0	0.0001 Colloc0 424 2570 0.00817858 141.823
1560	1	981.345	19998.1	19987.3	10.7817	416	636	188	0	0.0001 Colloc0 416 2564 0.0369929 130.985
1570	1	987.58	20012	20001.1	10.8935	426	667	157	1	0.0001 Colloc0 426 2567 0.0561679 137.417
1580	1	993.879	20005.8	19995.2	10.6315	424	650	174	2	0.0001 Colloc0 424 2579 0.0552129 122.554
1590	1	1000.06	19985	19974.3	10.7066	424	680	144	0	0.0001 Colloc0 424 2584 0.00880799 126.736
1600	1	1006.42	19979.3	19968.1	11.1871	427	671	153	0	0.0001 Colloc0 427 2564 0.0025568 154.914
1610	1	1012.59	19974.5	19963.9	10.6804	424	684	140	0	0.0001 Colloc0 424 2570 0.0372427 125.271
1620	1	1018.8	19946.6	19935.5	11.0665	431	684	140	1	0.0001 Colloc0 431 2569 0.00337258 147.621
1630	1	1025.19	19988.3	19977.2	11.0405	417	641	183	0	0.0001 Colloc0 417 2569 0.00972766 146.073
1640	1	1031.48	20000.7	19989.7	11.0236	427	668	156	1	0.0001 Colloc0 427 2566 0.011424 145.065
1650	1	1037.9	20006.7	19996	10.6971	431	646	178	0	0.0001 Colloc0 431 2571 0.0684212 126.206
1660	1	1044.3	20092.4	20081.3	11.0397	434	613	211	0	0.0001 Colloc0 434 2575 0.0330585 146.024
1670	1	1050.67	19897.3	19886.4	10.9096	420	668	156	0	0.0001 Colloc0 420 2562 0.00269149 138.354
1680	1	1057.07	19945.5	19934.5	10.9955	424	658	166	2	0.0001 Colloc0 424 2581 0.0191852 143.397
1690	1	1063.29	19989	19978.1	10.9381	421	653	171	0	0.0001 Colloc0 421 2585 0.014277 140.018
1700	1	1069.6	20082.2	20071.2	10.9882	428	612	212	0	0.0001 Colloc0 428 2586 0.0118044 142.965
1710	1	1075.96	20026.1	20015.2	10.8161	426	643	181	1	0.0001 Colloc0 426 2583 0.00227639 132.948
1720	1	1082.38	20021.5	20010.3	11.2416	441	645	179	0	0.0001 Colloc0 441 2581 0.000995596 158.255
1730	1	1088.73	19961	19950	10.9818	422	679	145	1	0.0001 Colloc0 422 2585 0.000496505 142.591
1740	1	1095.16	19998	19987.2	10.7302	426	657	167	2	0.0001 Colloc0 426 2581 0.0159125 128.067
1750	1	1101.53	19969.3	19958.7	10.6077	427	669	155	1	0.0001 Colloc0 427 2581 0.0262269 121.24
1760	1	1107.74	19919.5	19908.9	10.6491	422	677	147	1	0.0001 Colloc0 422 2567 0.0408534 123.529
1770	1	1113.92	20060	20049.2	10.7479	433	646	178	1	0.0001 Colloc0 433 2586 0.0174549 129.064
1780	1	1120.08	20028.2	20017	11.1168	424	650	174	1	0.0001 Colloc0 424 2579 0.0135845 150.65
1790	1	1126.38	19916.9	19906.1	10.7822	421	668	156	1	0.0001 Colloc0 421 2580 0.0153276 131.011
1800	1	1132.66	19952	19941	10.9871	421	665	159	0	0.0001 Colloc0 421 2574 0.00263858 142.904
1810	1	1139.09	20007.3	19996.1	11.2369	428	656	168	2	0.0001 Colloc0 428 2581 0.00331177 157.966
1820	1	1145.53	19974.2	19963.1	11.1169	422	662	162	0	0.0001 Colloc0 422 2585 0.0251654 150.655
1830	1	1151.82	20124.6	20113.7	10.8245	428	610	214	2	0.0001 Colloc0 428 2594 0.0347268 133.429
1840	1	1158.07	19939.5	19928.7	10.7295	426	663	161	1	0.0001 Colloc0 426 2580 0.0204139 128.024
1850	1	1164.64	19942.2	19931.4	10.8031	430	678	146	0	0.0001 Colloc0 430 2579 0.0218354 132.204
1860	1	1171.03	19903.8	19892.8	10.9264	420	676	148	0	0.0001 Colloc0 420 2589 0.0140118 139.334
1870	1	1177.38	19918.8	19907.8	10.998	431	695	129	0	0.0001 Colloc0 431 2571 0.00336103 143.548
1880	1	1183.7	19912	19901.2	10.7877	416	683	141	0	0.0001 Colloc0 416 2589 0.0494985 131.327
1890	1	1189.96	19895.5	19884.7	10.8305	412	691	133	0	0.0001 Colloc0 412 2584 0.0260469 133.777
1900	1	1196.26	19927.7	19916.7	10.9405	409	659	165	0	0.0001 Colloc0 409 2582 0.00832079 140.159
1910	1	1202.46	20001.9	19991	10.8674	418	645	179	0	0.0001 Colloc0 418 2577 0.019482 135.906
1920	1	1208.57	20013	20001.9	11.064	430	656	168	0	0.0001 Colloc0 430 2589 0.0476005 147.475
1930	1	1214.73	19966.2	19955.4	10.82	423	648	176	1	0.0001 Colloc0 423 2581 0.000665286 133.175
1940	1	1221.13	19968.3	19957.3	11.0428	417	666	158	0	0.0001 Colloc0 417 2577 0.0222904 146.208
1950	1	1227.46	19961.3	19950.6	10.6436	422	662	162	0	0.0001 Colloc0 422 2579 0.0464816 123.223
1960	1	1233.86	19942.4	19931.3	11.027	419	678	146	1	0.0001 Colloc0 419 2581 0.0236254 145.266
1970	1	1240.3	20044.6	20033.9	10.7362	418	641	183	1	0.0001 Colloc0 418 2600 0.0297758 128.404
1980	1	1246.52	20000.2	19989.3	10.897	413	644	180	0	0.0001 Colloc0 413 2582 0.00270299 137.62
1990	1	1252.82	20073	20062.7	10.256	424	638	186	0	0.0001 Colloc0 424 2578 0.0641865 102.595
2000	1	1259.04	19945	19934	10.9228	409	646	178	0	0.0001 Colloc0 409 2558 0.0204327 139.126
