# D = 0, E = 1, I = 1, P = 1, R = -1, n = 2000, N = 1, P = 1, w = 1, a = 0.0001, b = 10000, e = 1, f = 1, g = 100, h = 0.01, r = 22602, s = 1, S = 0, x = 10, m = 100, Z = 1, z = 0, T = 1, t = 1
# 7932 tokens in 824 sentences
#
# It	Temp	Time	-logP	-logPcorpus	-logPrior	tables	same	changed	reject	default_pya	(parent pym pyn pya pyb)*
0	1	0.487925	31494.1	31380.3	113.764	2429	0	824	0	0.0001 Colloc0 2429 4030 0.0001 10000
10	1	7.12992	22676.5	22664.9	11.5692	505	397	427	1	0.0001 Colloc0 505 3120 0.00842224 178.882
20	1	13.308	22168.5	22157.7	10.8643	445	461	363	2	0.0001 Colloc0 445 3127 0.00686212 135.725
30	1	19.3261	21821.2	21810.2	10.9929	418	539	285	0	0.0001 Colloc0 418 3116 0.00471111 143.243
40	1	25.1782	21883.9	21873.1	10.8066	438	539	285	0	0.0001 Colloc0 438 3115 0.0258188 132.404
50	1	31.3232	21724.5	21714	10.4659	417	555	269	2	0.0001 Colloc0 417 3094 0.0254868 113.547
60	1	37.3833	21514.2	21503.5	10.622	403	564	260	1	0.0001 Colloc0 403 3097 0.00728464 122.029
70	1	43.4524	21578.7	21568	10.716	411	567	257	1	0.0001 Colloc0 411 3118 0.0122422 127.267
80	1	49.4575	21565.5	21555.2	10.2596	404	547	277	3	0.0001 Colloc0 404 3094 0.0476046 102.778
90	1	55.5046	21558.6	21548	10.638	403	564	260	0	0.0001 Colloc0 403 3102 0.0274516 122.912
100	1	61.5366	21557	21546.5	10.516	405	546	278	0	0.0001 Colloc0 405 3086 0.0490237 116.239
110	1	67.5847	21576.4	21566	10.4873	400	543	281	2	0.0001 Colloc0 400 3082 0.0292267 114.691
120	1	73.5958	21467.7	21457.1	10.6521	393	555	269	1	0.0001 Colloc0 393 3065 0.00946797 123.695
130	1	79.5889	21435.2	21424.6	10.5908	402	569	255	2	0.0001 Colloc0 402 3084 0.0169656 120.309
140	1	85.592	21390.8	21380.5	10.2585	394	574	250	0	0.0001 Colloc0 394 3062 0.0303823 102.725
150	1	91.7451	21497.4	21486.8	10.5877	403	564	260	2	0.0001 Colloc0 403 3095 0.0305493 120.14
160	1	97.7481	21384.5	21374.3	10.2234	397	613	211	0	0.0001 Colloc0 397 3077 0.0214291 100.942
170	1	103.426	21454.1	21443.5	10.5418	403	576	248	1	0.0001 Colloc0 403 3066 0.0227284 117.633
180	1	109.213	21519.1	21508.4	10.7632	409	550	274	0	0.0001 Colloc0 409 3068 0.0116186 129.932
190	1	115.163	21543.1	21532.4	10.694	417	541	283	1	0.0001 Colloc0 417 3064 0.0130359 126.031
200	1	121.165	21487.7	21477.2	10.5298	406	563	261	0	0.0001 Colloc0 406 3073 0.070591 116.984
210	1	127.158	21440.7	21430.4	10.3506	412	554	270	2	0.0001 Colloc0 412 3053 0.0510863 107.466
220	1	132.986	21230.4	21219.9	10.5212	408	595	229	1	0.0001 Colloc0 408 3039 0.01677 116.519
230	1	138.83	21102.2	21091.9	10.3106	392	606	218	1	0.0001 Colloc0 392 3032 0.0397075 105.393
240	1	144.635	21079.3	21069.1	10.2343	393	607	217	0	0.0001 Colloc0 393 3034 0.0559558 101.495
250	1	150.482	21177.3	21166.8	10.4789	411	579	245	1	0.0001 Colloc0 411 3036 0.0368434 114.243
260	1	156.481	21141.2	21130.7	10.5227	404	607	217	1	0.0001 Colloc0 404 3049 0.00268964 116.601
270	1	162.472	21254.9	21244.1	10.8189	420	587	237	1	0.0001 Colloc0 420 3045 0.00254745 133.107
280	1	168.37	21224.1	21213.6	10.4391	418	564	260	0	0.0001 Colloc0 418 3018 0.0191411 112.12
290	1	174.221	21044.8	21034.4	10.4494	390	619	205	0	0.0001 Colloc0 390 3014 0.0110824 112.665
300	1	180.153	21144.2	21133.7	10.4668	410	584	240	2	0.0001 Colloc0 410 3020 0.0313799 113.597
310	1	185.941	21091.4	21080.5	10.8473	400	577	247	2	0.0001 Colloc0 400 3011 0.0265936 134.743
320	1	191.864	20989.5	20979.4	10.0489	398	617	207	1	0.0001 Colloc0 398 3022 0.077786 92.3285
330	1	197.814	21024.1	21013.7	10.4417	384	613	211	1	0.0001 Colloc0 384 3029 0.0504273 112.258
340	1	203.878	21066.2	21055.6	10.5911	403	593	231	1	0.0001 Colloc0 403 3022 0.0144388 120.325
350	1	209.78	21078.3	21067.9	10.4227	387	583	241	1	0.0001 Colloc0 387 3033 0.00741323 111.25
360	1	215.72	21038.3	21027.7	10.5737	397	587	237	0	0.0001 Colloc0 397 3021 0.000278964 119.373
370	1	221.7	21076.2	21066.3	9.84133	396	575	249	0	0.0001 Colloc0 396 3015 0.0929483 82.5966
380	1	227.65	21000.7	20990.2	10.4919	384	609	215	0	0.0001 Colloc0 384 3014 0.0232883 114.942
390	1	233.579	21180.6	21170.1	10.4188	411	568	256	0	0.0001 Colloc0 411 3038 0.0730752 111.044
400	1	239.544	21180.3	21169.5	10.7635	400	561	263	2	0.0001 Colloc0 400 3033 0.0168953 129.95
410	1	245.25	21150	21139.7	10.2931	395	565	259	0	0.0001 Colloc0 395 3027 0.0217098 104.494
420	1	250.941	21078	21067.6	10.3639	392	571	253	0	0.0001 Colloc0 392 3018 0.00543226 108.162
430	1	256.988	21045.9	21035.7	10.2768	384	586	238	1	0.0001 Colloc0 384 3009 0.0161179 103.656
440	1	263.045	21051.2	21040.6	10.5466	393	588	236	0	0.0001 Colloc0 393 3017 0.00165959 117.899
450	1	269.103	21078.4	21068	10.4687	392	585	239	1	0.0001 Colloc0 392 3025 0.0180482 113.697
460	1	275.081	21158.8	21148.2	10.5684	401	568	256	1	0.0001 Colloc0 401 3027 0.0024364 119.085
470	1	281.111	20941	20930.6	10.4572	386	635	189	0	0.0001 Colloc0 386 3004 0.0219062 113.082
480	1	287.203	20965.8	20955.5	10.2575	385	620	204	0	0.0001 Colloc0 385 3002 0.0265298 102.676
490	1	293.122	20974	20963.3	10.6574	392	618	206	0	0.0001 Colloc0 392 3002 0.0153859 123.99
500	1	299.047	21129	21118.8	10.2948	394	539	285	0	0.0001 Colloc0 394 2999 0.0199418 104.581
510	1	305.049	21075.5	21065	10.5052	393	582	242	2	0.0001 Colloc0 393 3027 0.0012648 115.655
520	1	311.055	21039.7	21029.1	10.5825	393	587	237	1	0.0001 Colloc0 393 3016 0.0411742 119.855
530	1	316.999	21055.5	21045.1	10.4201	400	576	248	1	0.0001 Colloc0 400 3009 0.0100043 111.114
540	1	322.743	21039.8	21029.2	10.5993	383	572	252	0	0.0001 Colloc0 383 3015 0.00700951 120.774
550	1	328.664	21066.5	21056.4	10.0902	390	557	267	2	0.0001 Colloc0 390 3001 0.0569287 94.3309
560	1	334.719	20944.8	20934.3	10.5239	385	596	228	1	0.0001 Colloc0 385 3010 0.00602564 116.667
570	1	340.736	20991.2	20980.6	10.6104	408	572	252	2	0.0001 Colloc0 408 2995 0.0584075 121.385
580	1	346.782	21063.7	21053.2	10.5584	405	562	262	1	0.0001 Colloc0 405 2980 0.00793202 118.539
590	1	352.635	20952	20941.6	10.394	376	614	210	0	0.0001 Colloc0 376 2992 0.0338021 109.735
600	1	358.653	20957.9	20947.5	10.4131	382	570	254	2	0.0001 Colloc0 382 2991 0.0356556 110.744
610	1	364.702	20969.2	20958.6	10.6228	385	590	234	0	0.0001 Colloc0 385 2996 0.0169979 122.069
620	1	370.552	20874.8	20864.7	10.1672	373	611	213	2	0.0001 Colloc0 373 3009 0.0252024 98.1261
630	1	376.331	20998.4	20987.8	10.6082	382	599	225	0	0.0001 Colloc0 382 3000 0.000529738 121.268
640	1	382.036	20908.3	20897.8	10.5285	384	607	217	2	0.0001 Colloc0 384 2996 0.0152849 116.915
650	1	387.685	20982.7	20972.4	10.3131	396	600	224	1	0.0001 Colloc0 396 2985 0.0303616 105.524
660	1	393.378	20952.8	20942.5	10.3	380	599	225	3	0.0001 Colloc0 380 2995 0.00143491 104.847
670	1	399.23	20880.1	20869.6	10.5329	381	631	193	1	0.0001 Colloc0 381 2995 0.0127018 117.15
680	1	405.197	20980.8	20970.3	10.5312	392	602	222	0	0.0001 Colloc0 392 2985 0.0242209 117.062
690	1	411.189	20919.3	20909	10.2457	394	605	219	0	0.0001 Colloc0 394 2992 0.0606197 102.074
700	1	417.177	20947.8	20937.4	10.386	388	598	226	1	0.0001 Colloc0 388 2997 0.0372399 109.314
710	1	423.186	20905.5	20895	10.5611	394	600	224	0	0.0001 Colloc0 394 2995 0.0121431 118.683
720	1	429.277	20836.1	20825.8	10.2525	380	628	196	0	0.0001 Colloc0 380 2973 0.0640248 102.417
730	1	435.247	20891.2	20880.6	10.6301	389	621	203	3	0.0001 Colloc0 389 2985 0.00454845 122.472
740	1	441.095	20996.1	20985.6	10.5412	399	571	253	0	0.0001 Colloc0 399 2991 0.00467711 117.6
750	1	446.887	21014.4	21003.9	10.5036	394	570	254	0	0.0001 Colloc0 394 2987 0.00756378 115.569
760	1	452.963	21034.7	21024.3	10.43	395	581	243	2	0.0001 Colloc0 395 2992 0.0621849 111.638
770	1	459.001	20951.5	20941.1	10.4238	392	571	253	2	0.0001 Colloc0 392 2982 0.0319944 111.307
780	1	465.084	20898.2	20887.5	10.6771	390	611	213	3	0.0001 Colloc0 390 2995 0.00414527 125.083
790	1	471.122	21027.4	21017	10.419	391	587	237	0	0.0001 Colloc0 391 2987 0.0182819 111.056
800	1	477.114	20921.5	20911.3	10.1965	401	615	209	2	0.0001 Colloc0 401 2974 0.0451691 99.5928
810	1	483.069	20860.7	20850.5	10.1737	384	608	216	1	0.0001 Colloc0 384 2997 0.0550777 98.4524
820	1	489.025	20851.1	20840.3	10.7848	400	590	234	0	0.0001 Colloc0 400 2963 0.0205243 131.161
830	1	495.048	20898.9	20888.4	10.5035	401	607	217	1	0.0001 Colloc0 401 2977 0.00541962 115.562
840	1	501.133	20826.3	20816	10.262	386	623	201	0	0.0001 Colloc0 386 2969 0.0159015 102.903
850	1	507.138	20846.1	20835.5	10.618	399	618	206	0	0.0001 Colloc0 399 2971 0.0431713 121.804
860	1	513.157	20928.4	20917.9	10.4824	401	553	271	1	0.0001 Colloc0 401 2980 0.0151989 114.428
870	1	519.156	20870.4	20860.3	10.0907	386	602	222	1	0.0001 Colloc0 386 2968 0.0635122 94.3576
880	1	525.021	20961.7	20951.2	10.4743	389	580	244	1	0.0001 Colloc0 389 2985 0.000898472 113.995
890	1	531.017	20914.3	20904	10.2707	394	575	249	1	0.0001 Colloc0 394 2957 0.0261607 103.347
900	1	536.954	20921.4	20910.8	10.6625	405	575	249	2	0.0001 Colloc0 405 2971 0.0230357 124.273
910	1	542.935	20919.8	20909.5	10.296	382	589	235	0	0.0001 Colloc0 382 2975 0.0013961 104.641
920	1	548.943	20959.5	20949.2	10.3493	404	588	236	1	0.0001 Colloc0 404 2981 0.0791384 107.401
930	1	554.939	20923.4	20912.9	10.5557	396	553	271	1	0.0001 Colloc0 396 2972 0.0180418 118.392
940	1	560.964	20976.4	20965.7	10.691	406	580	244	0	0.0001 Colloc0 406 2960 0.0138983 125.865
950	1	566.961	21022.3	21011.9	10.3668	397	538	286	3	0.0001 Colloc0 397 2989 0.0333477 108.313
960	1	572.934	20942.7	20932.2	10.56	391	585	239	2	0.0001 Colloc0 391 2970 0.0345571 118.628
970	1	578.909	21030.1	21019.4	10.6579	404	554	270	2	0.0001 Colloc0 404 2950 0.00527077 124.018
980	1	584.854	21007.2	20996.8	10.4291	401	563	261	1	0.0001 Colloc0 401 2969 0.0271217 111.59
990	1	590.78	20825.9	20815.6	10.3527	389	594	230	1	0.0001 Colloc0 389 2941 0.0060258 107.576
1000	1	596.627	20903.1	20892.5	10.6418	396	570	254	0	0.0001 Colloc0 396 2961 0.00180335 123.122
1010	1	602.473	20918.5	20908.2	10.3306	389	573	251	1	0.0001 Colloc0 389 2979 0.00480995 106.43
1020	1	608.308	20831.8	20821.3	10.4584	386	610	214	0	0.0001 Colloc0 386 2963 0.0278039 113.147
1030	1	613.999	20836.1	20825.8	10.3755	377	601	223	0	0.0001 Colloc0 377 2973 0.00206234 108.767
1040	1	619.903	20799.3	20788.7	10.6201	381	612	212	1	0.0001 Colloc0 381 2966 0.00115307 121.92
1050	1	625.701	20818.1	20807.6	10.5052	381	577	247	0	0.0001 Colloc0 381 2957 0.016369 115.657
1060	1	631.612	20777.9	20767.6	10.292	375	603	221	0	0.0001 Colloc0 375 2979 0.0392259 104.437
1070	1	637.509	20762.9	20752.4	10.4656	386	629	195	0	0.0001 Colloc0 386 2966 0.000153369 113.529
1080	1	643.425	20837.4	20826.7	10.7263	409	602	222	1	0.0001 Colloc0 409 2949 0.00601959 127.845
1090	1	649.427	20851.9	20841.8	10.0481	400	588	236	0	0.0001 Colloc0 400 2959 0.113732 92.2911
1100	1	655.384	20837.7	20827.4	10.3164	389	604	220	1	0.0001 Colloc0 389 2953 0.0400082 105.696
1110	1	661.202	20856.6	20846.3	10.3126	391	595	229	0	0.0001 Colloc0 391 2965 0.0213515 105.499
1120	1	667.035	20886.7	20876.1	10.5315	384	600	224	1	0.0001 Colloc0 384 2961 0.00260284 117.079
1130	1	672.787	20960.8	20950.3	10.4619	402	571	253	0	0.0001 Colloc0 402 2959 0.0418065 113.333
1140	1	678.651	20829.2	20818.8	10.4453	388	574	250	1	0.0001 Colloc0 388 2958 0.0131493 112.448
1150	1	684.658	20809.8	20799.5	10.2849	392	615	209	3	0.0001 Colloc0 392 2957 0.0636517 104.071
1160	1	690.572	20885.5	20875.1	10.4288	386	569	255	2	0.0001 Colloc0 386 2964 0.0258701 111.573
1170	1	696.561	20827	20816.9	10.1856	383	604	220	2	0.0001 Colloc0 383 2954 0.04498 99.0436
1180	1	702.622	20796.2	20786.1	10.0979	376	622	202	0	0.0001 Colloc0 376 2961 0.0603183 94.7082
1190	1	708.619	20842.8	20832.1	10.7083	385	592	232	0	0.0001 Colloc0 385 2962 0.000358346 126.835
1200	1	714.595	20976.9	20966.3	10.5548	391	548	276	0	0.0001 Colloc0 391 2956 0.0146948 118.341
1210	1	720.63	20916.7	20906	10.7222	395	576	248	0	0.0001 Colloc0 395 2942 0.00537652 127.613
1220	1	726.553	20822.7	20812.3	10.4586	381	606	218	1	0.0001 Colloc0 381 2957 0.000995246 113.158
1230	1	732.493	21039.6	21029	10.6655	417	545	279	0	0.0001 Colloc0 417 2945 0.00753148 124.441
1240	1	738.431	20886.5	20875.9	10.5059	401	578	246	1	0.0001 Colloc0 401 2948 0.0208058 115.694
1250	1	744.403	20899.9	20889.3	10.584	415	590	234	2	0.0001 Colloc0 415 2943 0.0354022 119.937
1260	1	750.366	20837.9	20827.3	10.6032	397	597	227	1	0.0001 Colloc0 397 2952 0.0149217 120.993
1270	1	756.301	20801.6	20791.1	10.4321	380	617	207	0	0.0001 Colloc0 380 2945 0.0259353 111.75
1280	1	762.153	20860.8	20850.4	10.4483	388	600	224	1	0.0001 Colloc0 388 2938 0.0105938 112.607
1290	1	768.085	20868	20857.3	10.6786	400	601	223	0	0.0001 Colloc0 400 2936 0.00103459 125.172
1300	1	774.064	20857.6	20847	10.6553	391	595	229	2	0.0001 Colloc0 391 2927 0.0112821 123.87
1310	1	780.105	20940.9	20930.8	10.1533	400	575	249	1	0.0001 Colloc0 400 2932 0.0917489 97.4339
1320	1	785.958	20917.9	20907.2	10.6993	397	562	262	0	0.0001 Colloc0 397 2939 0.00968847 126.33
1330	1	791.759	20822.4	20812	10.4907	390	598	226	2	0.0001 Colloc0 390 2948 0.0304881 114.874
1340	1	797.579	20793.9	20783.5	10.4796	387	620	204	0	0.0001 Colloc0 387 2925 0.0168233 114.281
1350	1	803.325	20783.2	20772.5	10.7543	393	603	221	1	0.0001 Colloc0 393 2920 0.0106981 129.429
1360	1	809.302	20835.1	20824.8	10.2704	386	608	216	1	0.0001 Colloc0 386 2927 0.0284741 103.332
1370	1	815.324	20833.5	20823.2	10.3274	379	590	234	0	0.0001 Colloc0 379 2940 0.0212202 106.261
1380	1	821.384	20821.7	20811.2	10.4744	387	594	230	2	0.0001 Colloc0 387 2938 0.00951087 114
1390	1	827.505	20941.8	20931.1	10.6846	396	569	255	0	0.0001 Colloc0 396 2950 0.0389203 125.505
1400	1	833.577	20919.9	20909.3	10.5888	402	577	247	1	0.0001 Colloc0 402 2930 0.00586645 120.203
1410	1	839.492	20834.4	20823.8	10.5632	401	617	207	1	0.0001 Colloc0 401 2926 0.00135928 118.799
1420	1	845.498	20936.7	20926.4	10.241	396	602	222	0	0.0001 Colloc0 396 2932 0.0691265 101.837
1430	1	851.478	20840	20829.7	10.3055	397	596	228	2	0.0001 Colloc0 397 2945 0.0312491 105.13
1440	1	857.483	20836.9	20826.5	10.4385	405	612	212	2	0.0001 Colloc0 405 2943 0.0614131 112.086
1450	1	863.561	20903.3	20892.9	10.3406	407	588	236	1	0.0001 Colloc0 407 2941 0.047414 106.945
1460	1	869.575	20917.2	20906.4	10.819	404	561	263	3	0.0001 Colloc0 404 2941 0.0155107 133.115
1470	1	875.485	20843.6	20833.5	10.1619	395	594	230	0	0.0001 Colloc0 395 2933 0.0745713 97.8615
1480	1	881.34	20923.7	20913.3	10.3726	402	589	235	1	0.0001 Colloc0 402 2950 0.0676057 108.615
1490	1	887.382	20945	20934.5	10.5963	402	570	254	0	0.0001 Colloc0 402 2943 0.0234726 120.612
1500	1	893.465	20933.9	20923.2	10.7177	407	567	257	3	0.0001 Colloc0 407 2944 0.012855 127.361
1510	1	899.464	20789.1	20778.6	10.4852	391	611	213	0	0.0001 Colloc0 391 2946 0.0466922 114.58
1520	1	905.467	20850.3	20839.8	10.534	398	595	229	0	0.0001 Colloc0 398 2937 0.0328796 117.21
1530	1	911.476	20796.5	20785.6	10.8682	396	597	227	0	0.0001 Colloc0 396 2942 0.00154802 135.948
1540	1	917.51	20817.4	20807.1	10.3139	393	577	247	0	0.0001 Colloc0 393 2935 0.024736 105.564
1550	1	923.474	20721.5	20711	10.5228	389	612	212	0	0.0001 Colloc0 389 2920 0.0216141 116.604
1560	1	929.486	20707.1	20696.9	10.1872	380	614	210	0	0.0001 Colloc0 380 2935 0.0256678 99.1257
1570	1	935.336	20783.7	20773.5	10.2105	397	614	210	2	0.0001 Colloc0 397 2935 0.0680465 100.295
1580	1	941.349	20694	20683.5	10.4679	397	626	198	0	0.0001 Colloc0 397 2950 0.0188003 113.656
1590	1	947.343	20728.3	20717.9	10.3847	393	630	194	0	0.0001 Colloc0 393 2938 0.0290219 109.248
1600	1	953.351	20774.1	20763.7	10.3962	384	605	219	1	0.0001 Colloc0 384 2926 0.0115062 109.851
1610	1	959.337	20869.1	20858.4	10.7139	399	571	253	0	0.0001 Colloc0 399 2952 0.0101992 127.146
1620	1	965.354	20814.1	20803.5	10.5751	403	591	233	0	0.0001 Colloc0 403 2916 0.0146893 119.452
1630	1	971.318	20826.9	20816.4	10.4895	382	592	232	1	0.0001 Colloc0 382 2938 0.0164023 114.814
1640	1	977.345	20645.6	20634.9	10.6984	385	652	172	0	0.0001 Colloc0 385 2917 0.00581397 126.279
1650	1	983.307	20693.7	20683.2	10.5249	389	623	201	1	0.0001 Colloc0 389 2929 0.0162514 116.717
1660	1	989.274	20608.7	20598.3	10.4119	393	638	186	2	0.0001 Colloc0 393 2925 0.0150829 110.677
1670	1	995.301	20812.4	20801.9	10.509	389	585	239	0	0.0001 Colloc0 389 2945 0.0511064 115.862
1680	1	1001.15	20781.2	20770.4	10.7672	396	591	233	0	0.0001 Colloc0 396 2936 0.0212839 130.16
1690	1	1007.07	20812.9	20802.2	10.7721	399	588	236	1	0.0001 Colloc0 399 2931 0.0100006 130.437
1700	1	1013.12	20687.8	20677.4	10.3584	389	616	208	1	0.0001 Colloc0 389 2931 0.00149264 107.872
1710	1	1019.11	20718.8	20708.5	10.3094	389	589	235	3	0.0001 Colloc0 389 2917 0.00465858 105.33
1720	1	1025.2	20722	20711.3	10.6821	392	604	220	0	0.0001 Colloc0 392 2909 0.00408698 125.364
1730	1	1031.15	20625.7	20615.4	10.2743	389	635	189	0	0.0001 Colloc0 389 2914 0.0150793 103.533
1740	1	1037.02	20759.9	20749.2	10.7617	404	592	232	1	0.0001 Colloc0 404 2928 0.015581 129.849
1750	1	1042.99	20725.8	20715.6	10.187	395	624	200	0	0.0001 Colloc0 395 2927 0.0655143 99.1146
1760	1	1049.03	20605.8	20595.2	10.5569	393	646	178	1	0.0001 Colloc0 393 2909 0.0110654 118.454
1770	1	1054.97	20638.2	20627.8	10.3352	384	628	196	1	0.0001 Colloc0 384 2914 0.0976611 106.666
1780	1	1061.06	20665.8	20655.2	10.61	389	611	213	1	0.0001 Colloc0 389 2907 0.0074735 121.364
1790	1	1066.98	20728.7	20718.4	10.3692	393	615	209	2	0.0001 Colloc0 393 2920 0.0309519 108.434
1800	1	1072.91	20791.6	20781.5	10.1313	400	567	257	1	0.0001 Colloc0 400 2900 0.0372649 96.3496
1810	1	1078.68	20723.7	20713.1	10.6081	407	617	207	1	0.0001 Colloc0 407 2905 0.00664602 121.259
1820	1	1084.73	20767.9	20757.1	10.7844	393	568	256	1	0.0001 Colloc0 393 2899 0.00754625 131.135
1830	1	1090.67	20832.6	20822.1	10.5553	404	563	261	0	0.0001 Colloc0 404 2910 0.0401841 118.368
1840	1	1096.63	20576.1	20565.8	10.279	382	651	173	0	0.0001 Colloc0 382 2919 0.0408044 103.77
1850	1	1102.57	20695	20684.9	10.0799	381	629	195	0	0.0001 Colloc0 381 2921 0.0784333 93.8288
1860	1	1108.38	20686.5	20676.2	10.352	388	609	215	1	0.0001 Colloc0 388 2914 0.0737534 107.541
1870	1	1114.13	20760.6	20750.5	10.022	387	607	217	1	0.0001 Colloc0 387 2929 0.0810557 91.0322
1880	1	1119.81	20770	20759.2	10.7562	396	583	241	0	0.0001 Colloc0 396 2925 0.00545295 129.533
1890	1	1125.9	20741	20730.4	10.5379	389	587	237	0	0.0001 Colloc0 389 2936 0.00078249 117.426
1900	1	1131.81	20732	20721.9	10.1007	379	588	236	3	0.0001 Colloc0 379 2918 0.0623563 94.844
1910	1	1137.87	20729.6	20719	10.6377	398	586	238	4	0.0001 Colloc0 398 2932 0.0205751 122.894
1920	1	1143.92	20737.8	20727.7	10.1135	386	598	226	0	0.0001 Colloc0 386 2919 0.0323141 95.4698
1930	1	1149.9	20763	20752.7	10.3836	396	569	255	0	0.0001 Colloc0 396 2919 0.0237387 109.188
1940	1	1156	20605.6	20595.2	10.4267	375	623	201	1	0.0001 Colloc0 375 2902 0.00583646 111.464
1950	1	1161.83	20588.7	20578.2	10.4343	378	651	173	1	0.0001 Colloc0 378 2914 0.0175487 111.866
1960	1	1167.83	20566.7	20556.4	10.3152	385	638	186	2	0.0001 Colloc0 385 2926 0.0502969 105.631
1970	1	1173.84	20670.5	20659.9	10.5703	396	625	199	0	0.0001 Colloc0 396 2934 0.0040799 119.188
1980	1	1179.85	20613.1	20602.2	10.8843	404	602	222	1	0.0001 Colloc0 404 2908 0.00782289 136.883
1990	1	1185.73	20666.6	20656.2	10.3869	398	656	168	1	0.0001 Colloc0 398 2919 0.00638478 109.361
2000	1	1191.65	20622.6	20612	10.5661	393	617	207	2	0.0001 Colloc0 393 2918 0.0217106 118.956
