# D = 0, E = 1, I = 1, P = 1, R = -1, n = 2000, N = 1, P = 1, w = 1, a = 0.0001, b = 10000, e = 1, f = 1, g = 100, h = 0.01, r = 27627, s = 1, S = 0, x = 10, m = 100, Z = 1, z = 0, T = 1, t = 1
# 7932 tokens in 824 sentences
#
# It	Temp	Time	-logP	-logPcorpus	-logPrior	tables	same	changed	reject	default_pya	(parent pym pyn pya pyb)*
0	1	0.472928	28793.5	28679.7	113.764	1833	0	824	0	0.0001 Colloc0 1833 3250 0.0001 10000
10	1	7.2599	22721.8	22709.9	11.8674	535	403	421	2	0.0001 Colloc0 535 3014 0.00748392 198.43
20	1	13.7289	22437.3	22425.8	11.4758	506	427	397	2	0.0001 Colloc0 506 3026 0.0500886 172.906
30	1	19.922	22118.5	22107.6	10.9652	465	492	332	1	0.0001 Colloc0 465 3062 0.0378399 141.614
40	1	26.12	21936.7	21925.9	10.8322	456	517	307	2	0.0001 Colloc0 456 3040 0.0233739 133.872
50	1	32.3581	21831.8	21820.8	10.9867	446	506	318	2	0.0001 Colloc0 446 3034 0.00192335 142.878
60	1	38.6601	21763.2	21752.3	10.8834	428	541	283	2	0.0001 Colloc0 428 3029 0.0150673 136.83
70	1	45.0472	21636.4	21625.5	10.891	425	507	317	1	0.0001 Colloc0 425 3041 0.00439836 137.275
80	1	51.3612	21674	21663.3	10.6187	422	541	283	0	0.0001 Colloc0 422 3041 0.00950456 121.842
90	1	57.7492	21619.5	21608.6	10.8639	436	569	255	0	0.0001 Colloc0 436 3044 0.0168404 135.704
100	1	64.0843	21536.8	21526.4	10.3794	418	567	257	0	0.0001 Colloc0 418 3033 0.0483575 108.969
110	1	70.3723	21637	21626.2	10.8226	423	548	276	0	0.0001 Colloc0 423 3028 0.00148398 133.321
120	1	76.5774	21648.9	21639	9.98396	435	562	262	3	0.0001 Colloc0 435 3035 0.116184 89.2216
130	1	82.8164	21699.5	21688.8	10.6751	429	532	292	0	0.0001 Colloc0 429 3037 0.00897802 124.972
140	1	89.0235	21510.9	21500.2	10.6917	430	551	273	2	0.0001 Colloc0 430 3022 0.0108526 125.901
150	1	95.3045	21343.4	21333	10.4721	401	554	270	0	0.0001 Colloc0 401 3019 0.0165665 113.879
160	1	101.583	21398.5	21387.9	10.643	420	579	245	0	0.0001 Colloc0 420 3046 0.000209725 123.192
170	1	107.938	21415	21404.3	10.6531	425	538	286	1	0.0001 Colloc0 425 3016 0.0970385 123.749
180	1	114.175	21360.9	21350.6	10.3349	419	525	299	2	0.0001 Colloc0 419 2997 0.0286667 106.653
190	1	120.402	21331.5	21321.3	10.1636	404	539	285	0	0.0001 Colloc0 404 3035 0.0688929 97.9457
200	1	126.671	21226.2	21215.3	10.8877	411	574	250	0	0.0001 Colloc0 411 2988 0.000988621 137.078
210	1	132.976	21305.3	21294.9	10.4034	404	540	284	2	0.0001 Colloc0 404 3021 0.00788828 110.232
220	1	138.971	21276.9	21266.1	10.8394	423	551	273	2	0.0001 Colloc0 423 3011 0.00935412 134.291
230	1	145.118	21330.4	21320	10.3515	426	521	303	1	0.0001 Colloc0 426 2993 0.0524423 107.513
240	1	151.37	21156.8	21146.3	10.4549	408	582	242	2	0.0001 Colloc0 408 2998 0.0422138 112.961
250	1	157.721	21272.5	21262.1	10.4215	428	542	282	0	0.0001 Colloc0 428 2979 0.0368071 111.186
260	1	163.96	21325.5	21314.7	10.788	426	541	283	1	0.0001 Colloc0 426 2998 0.0694754 131.344
270	1	170.214	21298.6	21287.8	10.8292	413	534	290	0	0.0001 Colloc0 413 2990 0.0152462 133.7
280	1	176.499	20943	20932.4	10.6539	406	572	252	0	0.0001 Colloc0 406 2969 0.0405751 123.795
290	1	182.793	20925	20914.5	10.5169	392	589	235	3	0.0001 Colloc0 392 2999 0.0256772 116.287
300	1	188.905	20986.6	20975.9	10.7125	404	542	282	3	0.0001 Colloc0 404 2982 0.0184101 127.071
310	1	194.911	20998.5	20987.9	10.5472	403	559	265	2	0.0001 Colloc0 403 2999 0.023927 117.929
320	1	201.025	20837.9	20827.3	10.6223	387	587	237	2	0.0001 Colloc0 387 2988 0.050858 122.045
330	1	207.302	20924.4	20914.2	10.2237	398	592	232	3	0.0001 Colloc0 398 2982 0.0299519 100.959
340	1	213.296	20937	20926.8	10.2903	398	571	253	2	0.0001 Colloc0 398 2978 0.0800069 104.349
350	1	219.368	20983.6	20973	10.5791	406	548	276	1	0.0001 Colloc0 406 2979 0.0213281 119.667
360	1	225.297	20863.6	20853.6	9.98394	376	590	234	0	0.0001 Colloc0 376 2988 0.0783033 89.2206
370	1	231.464	20993.2	20982.6	10.5137	395	540	284	2	0.0001 Colloc0 395 2971 0.0288743 116.113
380	1	237.672	20977.1	20966.7	10.4062	395	557	267	1	0.0001 Colloc0 395 2966 0.0167925 110.378
390	1	243.936	21034.2	21023.6	10.5901	402	547	277	0	0.0001 Colloc0 402 2979 0.0261072 120.274
400	1	250.26	21014.6	21004	10.5959	397	548	276	0	0.0001 Colloc0 397 2961 0.0614827 120.589
410	1	256.596	20963.6	20952.7	10.9206	407	553	271	1	0.0001 Colloc0 407 2959 0.0192201 138.994
420	1	262.726	20931.4	20920.8	10.5843	402	562	262	2	0.0001 Colloc0 402 2965 0.0204437 119.952
430	1	268.746	20851	20840.5	10.4593	400	575	249	1	0.0001 Colloc0 400 2958 0.00583755 113.194
440	1	274.674	20856.3	20845.8	10.5108	394	577	247	1	0.0001 Colloc0 394 2957 0.0180027 115.955
450	1	280.751	21031.4	21020.9	10.4974	405	545	279	0	0.0001 Colloc0 405 2983 0.0463811 115.238
460	1	287.061	20786.1	20775.4	10.7137	394	599	225	0	0.0001 Colloc0 394 2941 0.0170878 127.139
470	1	293.298	20888.5	20878.3	10.2462	394	546	278	0	0.0001 Colloc0 394 2969 0.0324627 102.097
480	1	299.5	20841.1	20830.9	10.1825	396	587	237	2	0.0001 Colloc0 396 2932 0.0280651 98.8876
490	1	305.755	20843.1	20832.6	10.5045	396	590	234	0	0.0001 Colloc0 396 2940 0.0704674 115.616
500	1	311.885	20758.3	20747.5	10.8538	405	608	216	0	0.0001 Colloc0 405 2938 0.0148372 135.121
510	1	318.237	20898.1	20887.6	10.491	404	551	273	0	0.0001 Colloc0 404 2950 0.0296343 114.89
520	1	324.414	20787.6	20777.4	10.2096	390	594	230	1	0.0001 Colloc0 390 2967 0.0337572 100.248
530	1	330.593	20793.9	20783.8	10.0475	395	596	228	0	0.0001 Colloc0 395 2949 0.110944 92.2605
540	1	336.726	20846.5	20835.9	10.6413	404	569	255	0	0.0001 Colloc0 404 2931 0.0190892 123.097
550	1	342.931	20802.3	20791.8	10.5291	395	573	251	1	0.0001 Colloc0 395 2935 0.00900216 116.948
560	1	349.172	20815.8	20805.6	10.2217	393	578	246	1	0.0001 Colloc0 393 2934 0.0341932 100.857
570	1	355.449	20579.7	20569.5	10.1675	397	628	196	0	0.0001 Colloc0 397 2894 0.0385138 98.1406
580	1	361.572	20672.3	20661.8	10.508	398	591	233	0	0.0001 Colloc0 398 2895 0.0459559 115.805
590	1	367.888	20631.7	20621.1	10.6569	400	604	220	0	0.0001 Colloc0 400 2872 0.0149785 123.961
600	1	374.005	20565.8	20555.3	10.5141	395	613	211	0	0.0001 Colloc0 395 2868 0.00145037 116.136
610	1	380.248	20511	20500.5	10.4782	402	623	201	0	0.0001 Colloc0 402 2872 0.0468159 114.203
620	1	386.248	20586.9	20576.4	10.4968	406	588	236	0	0.0001 Colloc0 406 2867 0.00208678 115.206
630	1	392.379	20654.9	20644.4	10.4742	401	579	245	1	0.0001 Colloc0 401 2880 0.00276062 113.993
640	1	398.477	20680.5	20670.2	10.382	414	580	244	1	0.0001 Colloc0 414 2870 0.0264896 109.104
650	1	404.598	20491	20480.7	10.329	388	620	204	2	0.0001 Colloc0 388 2877 0.0863172 106.346
660	1	410.788	20486.1	20475.6	10.4148	398	653	171	0	0.0001 Colloc0 398 2858 0.0312295 110.832
670	1	417.124	20437.1	20426.5	10.541	393	656	168	1	0.0001 Colloc0 393 2881 0.0113468 117.59
680	1	423.364	20543.7	20533.1	10.6329	404	624	200	0	0.0001 Colloc0 404 2880 0.0211919 122.629
690	1	429.487	20534.4	20523.6	10.7584	399	621	203	1	0.0001 Colloc0 399 2873 0.00850055 129.658
700	1	435.746	20493.9	20483.3	10.578	402	635	189	2	0.0001 Colloc0 402 2863 0.020585 119.608
710	1	441.889	20412.4	20401.8	10.5667	382	638	186	0	0.0001 Colloc0 382 2857 0.0203602 118.994
720	1	448.073	20516.6	20506.3	10.3548	389	626	198	1	0.0001 Colloc0 389 2867 0.0215283 107.685
730	1	454.357	20497.7	20487.1	10.546	403	635	189	0	0.0001 Colloc0 403 2873 0.0244446 117.862
740	1	460.546	20566.4	20555.9	10.5506	405	615	209	0	0.0001 Colloc0 405 2852 0.0268072 118.112
750	1	466.587	20415.5	20405.1	10.3835	386	667	157	1	0.0001 Colloc0 386 2847 0.020511 109.184
760	1	472.564	20480.1	20469.7	10.4504	396	633	191	1	0.0001 Colloc0 396 2854 0.0292191 112.723
770	1	478.526	20603.3	20592.7	10.6335	402	607	217	0	0.0001 Colloc0 402 2866 0.0206634 122.662
780	1	484.635	20613.9	20603.2	10.7016	401	603	221	4	0.0001 Colloc0 401 2865 0.0105077 126.457
790	1	490.859	20662.1	20651.4	10.6681	412	587	237	2	0.0001 Colloc0 412 2865 0.00469484 124.583
800	1	497.182	20529.7	20519.2	10.5569	405	603	221	0	0.0001 Colloc0 405 2848 0.0132371 118.458
810	1	503.113	20432.8	20422.4	10.3347	393	637	187	1	0.0001 Colloc0 393 2852 0.0310109 106.64
820	1	509.221	20457.9	20447.5	10.4603	382	648	176	0	0.0001 Colloc0 382 2888 0.0113589 113.251
830	1	515.429	20535.4	20524.9	10.4946	414	619	205	1	0.0001 Colloc0 414 2863 0.0587497 115.084
840	1	521.644	20490.5	20480	10.5182	398	616	208	0	0.0001 Colloc0 398 2878 0.0297289 116.358
850	1	527.961	20488.9	20478.4	10.5325	397	627	197	2	0.0001 Colloc0 397 2862 0.0149072 117.132
860	1	534.183	20439.9	20429.3	10.5509	395	644	180	1	0.0001 Colloc0 395 2850 0.00673448 118.131
870	1	540.326	20396.9	20386.5	10.3857	381	646	178	0	0.0001 Colloc0 381 2866 0.0142044 109.303
880	1	546.509	20443.9	20433.4	10.5444	394	647	177	1	0.0001 Colloc0 394 2847 0.0109085 117.779
890	1	552.748	20537.3	20526.6	10.7386	398	605	219	0	0.0001 Colloc0 398 2876 0.00509488 128.54
900	1	558.952	20605.8	20595	10.7673	405	592	232	1	0.0001 Colloc0 405 2868 0.0125312 130.164
910	1	565.241	20534	20523.3	10.7234	397	615	209	1	0.0001 Colloc0 397 2854 0.00792595 127.683
920	1	571.466	20509.8	20499.3	10.5375	403	619	205	2	0.0001 Colloc0 403 2863 0.0258307 117.403
930	1	577.461	20522	20511.8	10.1795	404	629	195	0	0.0001 Colloc0 404 2862 0.0820407 98.739
940	1	583.359	20504.1	20493.7	10.4527	388	631	193	1	0.0001 Colloc0 388 2865 0.0571969 112.843
950	1	589.378	20590.1	20579.3	10.7194	409	597	227	1	0.0001 Colloc0 409 2849 0.0246305 127.457
960	1	595.617	20525.5	20514.8	10.6243	406	617	207	0	0.0001 Colloc0 406 2856 0.0367825 122.152
970	1	601.896	20496.7	20486.4	10.3126	395	599	225	0	0.0001 Colloc0 395 2858 0.059503 105.496
980	1	608.21	20613	20602.5	10.4628	402	575	249	0	0.0001 Colloc0 402 2861 0.0247023 113.384
990	1	614.362	20449.2	20438.8	10.4648	396	629	195	2	0.0001 Colloc0 396 2858 0.0443601 113.489
1000	1	620.577	20469.9	20459.5	10.4193	405	632	192	2	0.0001 Colloc0 405 2852 0.052415 111.07
1010	1	626.85	20546.9	20536.3	10.6032	401	592	232	0	0.0001 Colloc0 401 2885 0.0120527 120.993
1020	1	632.867	20417	20406.8	10.2614	393	642	182	1	0.0001 Colloc0 393 2871 0.0241749 102.872
1030	1	639.114	20369	20358.4	10.6546	385	661	163	0	0.0001 Colloc0 385 2875 0.00311604 123.834
1040	1	645.155	20490.3	20479.7	10.6037	399	629	195	2	0.0001 Colloc0 399 2877 0.00228531 121.019
1050	1	651.171	20440.1	20429.3	10.7733	393	638	186	2	0.0001 Colloc0 393 2872 0.00358132 130.506
1060	1	657.421	20562.3	20551.8	10.4485	399	602	222	0	0.0001 Colloc0 399 2870 0.0553977 112.617
1070	1	663.499	20572.1	20561.7	10.405	411	591	233	3	0.0001 Colloc0 411 2875 0.0580471 110.313
1080	1	669.534	20474.9	20464.3	10.5349	401	612	212	4	0.0001 Colloc0 401 2851 0.0162408 117.263
1090	1	675.709	20601.5	20590.6	10.8274	400	588	236	0	0.0001 Colloc0 400 2856 0.00073489 133.598
1100	1	682.028	20578.4	20567.7	10.732	409	587	237	1	0.0001 Colloc0 409 2864 0.0050992 128.168
1110	1	687.945	20603	20592.5	10.449	400	590	234	2	0.0001 Colloc0 400 2868 0.0177075 112.647
1120	1	694.207	20621.9	20611.3	10.5929	403	604	220	1	0.0001 Colloc0 403 2894 0.00728265 120.424
1130	1	700.506	20527.7	20517	10.7483	407	614	210	2	0.0001 Colloc0 407 2872 0.0174404 129.089
1140	1	706.769	20555.1	20544.4	10.7117	398	595	229	0	0.0001 Colloc0 398 2854 0.00577231 127.024
1150	1	712.935	20503.8	20493.3	10.4504	393	621	203	0	0.0001 Colloc0 393 2874 0.0315342 112.723
1160	1	719.306	20515.6	20505	10.5741	405	627	197	0	0.0001 Colloc0 405 2856 0.0261594 119.397
1170	1	725.608	20479.9	20469.6	10.3273	389	600	224	0	0.0001 Colloc0 389 2866 0.0154273 106.255
1180	1	731.841	20468.6	20458.1	10.5651	402	621	203	0	0.0001 Colloc0 402 2860 0.0157222 118.906
1190	1	738.189	20541.3	20530.8	10.4081	394	587	237	0	0.0001 Colloc0 394 2866 0.0578012 110.477
1200	1	744.357	20500.4	20489.8	10.5294	394	603	221	1	0.0001 Colloc0 394 2854 0.0496221 116.964
1210	1	750.515	20521	20510.3	10.6689	404	595	229	2	0.0001 Colloc0 404 2842 0.00729472 124.626
1220	1	756.668	20491	20480.4	10.5799	408	599	225	0	0.0001 Colloc0 408 2840 0.0353051 119.714
1230	1	762.914	20515.7	20504.9	10.7941	398	585	239	0	0.0001 Colloc0 398 2858 0.00294829 131.691
1240	1	769.147	20462.2	20451.7	10.5071	398	603	221	0	0.0001 Colloc0 398 2840 0.0428285 115.76
1250	1	775.233	20491.6	20481	10.6433	400	604	220	0	0.0001 Colloc0 400 2858 0.0236314 123.204
1260	1	781.424	20438	20427.5	10.4715	392	616	208	0	0.0001 Colloc0 392 2861 0.00122783 113.846
1270	1	787.611	20498.9	20488.4	10.5112	396	592	232	2	0.0001 Colloc0 396 2864 0.0195275 115.981
1280	1	793.612	20509.5	20498.9	10.6819	400	593	231	1	0.0001 Colloc0 400 2853 0.0213974 125.352
1290	1	799.936	20504.2	20493.8	10.3975	399	584	240	0	0.0001 Colloc0 399 2860 0.0255053 109.921
1300	1	806.178	20509.6	20499	10.6384	403	598	226	1	0.0001 Colloc0 403 2858 0.0115159 122.935
1310	1	812.319	20512.9	20502.7	10.2719	400	599	225	3	0.0001 Colloc0 400 2862 0.0557618 103.408
1320	1	818.439	20472	20461.7	10.2043	401	601	223	0	0.0001 Colloc0 401 2849 0.0631198 99.9831
1330	1	824.628	20403.6	20393.3	10.2804	395	631	193	0	0.0001 Colloc0 395 2846 0.0401446 103.845
1340	1	830.808	20418.3	20407.9	10.3292	399	613	211	1	0.0001 Colloc0 399 2854 0.0388881 106.354
1350	1	837.086	20428	20417.8	10.271	400	624	200	0	0.0001 Colloc0 400 2842 0.0243885 103.361
1360	1	843.42	20411.7	20401.1	10.5762	410	636	188	1	0.0001 Colloc0 410 2831 0.0310011 119.513
1370	1	849.385	20453.8	20443.2	10.6187	390	594	230	1	0.0001 Colloc0 390 2869 0.00618281 121.844
1380	1	855.556	20477.5	20466.7	10.783	409	592	232	1	0.0001 Colloc0 409 2856 0.018386 131.056
1390	1	861.737	20484	20473.5	10.5419	387	605	219	1	0.0001 Colloc0 387 2878 0.0229591 117.641
1400	1	867.873	20441.5	20430.7	10.773	394	608	216	3	0.0001 Colloc0 394 2870 0.00667787 130.489
1410	1	874.231	20429	20418.3	10.6119	400	614	210	0	0.0001 Colloc0 400 2851 0.0278915 121.472
1420	1	880.454	20413.3	20403	10.3357	393	621	203	0	0.0001 Colloc0 393 2846 0.0289443 106.692
1430	1	886.715	20479	20468.8	10.1497	395	603	221	1	0.0001 Colloc0 395 2884 0.0877363 97.2567
1440	1	892.994	20327.5	20317.3	10.222	395	638	186	1	0.0001 Colloc0 395 2848 0.0896711 100.876
1450	1	899.257	20515.1	20504.7	10.3887	392	601	223	3	0.0001 Colloc0 392 2867 0.0514431 109.46
1460	1	905.53	20362.6	20352.2	10.3906	378	636	188	0	0.0001 Colloc0 378 2857 0.0462649 109.556
1470	1	911.711	20488.3	20477.9	10.4666	403	611	213	2	0.0001 Colloc0 403 2880 0.0145424 113.586
1480	1	917.99	20514.7	20503.7	11.0189	408	599	225	1	0.0001 Colloc0 408 2861 0.016139 144.784
1490	1	924.087	20389.4	20378.7	10.6338	404	608	216	2	0.0001 Colloc0 404 2858 0.0313179 122.68
1500	1	930.194	20495.1	20484.6	10.4222	399	597	227	1	0.0001 Colloc0 399 2868 0.0566104 111.223
1510	1	936.475	20431.7	20421	10.7307	400	630	194	0	0.0001 Colloc0 400 2870 0.00793496 128.091
1520	1	942.556	20470.8	20460	10.8202	398	603	221	0	0.0001 Colloc0 398 2870 0.0093532 133.182
1530	1	948.638	20426.9	20416.2	10.638	399	611	213	1	0.0001 Colloc0 399 2859 0.0358887 122.914
1540	1	954.842	20297.1	20286.7	10.4204	393	659	165	0	0.0001 Colloc0 393 2839 0.0358372 111.131
1550	1	961.085	20447	20436.5	10.4506	392	617	207	1	0.0001 Colloc0 392 2858 0.024849 112.73
1560	1	967.225	20449.1	20438.5	10.5707	405	613	211	0	0.0001 Colloc0 405 2831 0.00365593 119.211
1570	1	973.467	20358.1	20347.6	10.4548	390	629	195	2	0.0001 Colloc0 390 2861 0.0462775 112.957
1580	1	979.796	20474.2	20463.4	10.7513	397	596	228	0	0.0001 Colloc0 397 2855 4.26698e-05 129.26
1590	1	986.009	20413.2	20402.6	10.6604	390	614	210	0	0.0001 Colloc0 390 2865 0.00267419 124.157
1600	1	992.267	20423.9	20413.5	10.3401	390	613	211	0	0.0001 Colloc0 390 2875 0.0320726 106.922
1610	1	998.555	20373.3	20363.1	10.2177	390	609	215	1	0.0001 Colloc0 390 2848 0.0346772 100.659
1620	1	1004.66	20426.9	20416.3	10.6156	396	633	191	2	0.0001 Colloc0 396 2869 0.0198065 121.677
1630	1	1010.96	20440.6	20430.1	10.4323	395	604	220	0	0.0001 Colloc0 395 2858 0.0102879 111.758
1640	1	1017.19	20350.7	20340	10.6809	385	635	189	0	0.0001 Colloc0 385 2864 0.00206616 125.297
1650	1	1023.39	20375.1	20364.3	10.7918	392	633	191	2	0.0001 Colloc0 392 2861 0.00532758 131.562
1660	1	1029.49	20336.9	20326.4	10.4647	381	636	188	1	0.0001 Colloc0 381 2857 0.0243644 113.484
1670	1	1035.39	20341.9	20331.6	10.3134	397	664	160	1	0.0001 Colloc0 397 2850 0.0441139 105.537
1680	1	1041.47	20367.4	20356.9	10.5004	397	649	175	1	0.0001 Colloc0 397 2869 0.034982 115.396
1690	1	1047.49	20380.2	20369.8	10.3875	398	640	184	0	0.0001 Colloc0 398 2865 0.0594587 109.393
1700	1	1053.61	20433.3	20422.9	10.3415	391	615	209	3	0.0001 Colloc0 391 2861 0.0459192 106.992
1710	1	1059.84	20440.4	20429.5	10.8985	397	616	208	2	0.0001 Colloc0 397 2853 3.15908e-05 137.706
1720	1	1066.12	20415.6	20404.9	10.6723	405	626	198	0	0.0001 Colloc0 405 2877 0.0256855 124.817
1730	1	1072.3	20380.9	20370.6	10.3567	391	642	182	1	0.0001 Colloc0 391 2885 0.0217805 107.782
1740	1	1078.55	20428.1	20417.7	10.4588	394	618	206	1	0.0001 Colloc0 394 2858 0.0183617 113.169
1750	1	1084.79	20324	20313.9	10.162	382	631	193	0	0.0001 Colloc0 382 2850 0.0522604 97.8662
1760	1	1091	20491.2	20480.5	10.7637	402	601	223	1	0.0001 Colloc0 402 2862 0.0201465 129.963
1770	1	1097.28	20533.4	20522.8	10.5336	397	587	237	1	0.0001 Colloc0 397 2852 0.0193396 117.19
1780	1	1103.35	20459.7	20449	10.7542	402	607	217	2	0.0001 Colloc0 402 2872 0.00180066 129.419
1790	1	1109.43	20445.1	20434.6	10.4933	394	608	216	0	0.0001 Colloc0 394 2855 0.00824518 115.015
1800	1	1115.44	20396.7	20385.9	10.743	393	630	194	1	0.0001 Colloc0 393 2856 0.0106947 128.791
1810	1	1121.57	20341.4	20330.9	10.4762	387	637	187	1	0.0001 Colloc0 387 2860 0.00874963 114.097
1820	1	1127.6	20571.9	20560.9	10.9393	405	582	242	1	0.0001 Colloc0 405 2863 0.000400922 140.088
1830	1	1133.66	20474.8	20464.7	10.1758	398	595	229	1	0.0001 Colloc0 398 2862 0.0852027 98.5557
1840	1	1139.87	20414.6	20404.1	10.5559	395	614	210	0	0.0001 Colloc0 395 2854 0.00052535 118.403
1850	1	1146.02	20476.8	20466.4	10.4317	394	612	212	1	0.0001 Colloc0 394 2868 0.0131641 111.729
1860	1	1151.96	20528.3	20517.5	10.7968	410	593	231	0	0.0001 Colloc0 410 2862 0.00963242 131.847
1870	1	1158.2	20416.8	20406.3	10.4159	398	579	245	2	0.0001 Colloc0 398 2846 0.0156183 110.891
1880	1	1164.22	20376.1	20366.3	9.73198	394	624	200	0	0.0001 Colloc0 394 2862 0.150111 77.7055
1890	1	1170.39	20465	20454.5	10.4904	405	611	213	1	0.0001 Colloc0 405 2849 0.0393091 114.86
1900	1	1176.67	20263.3	20253.1	10.1918	383	656	168	2	0.0001 Colloc0 383 2835 0.00750574 99.3574
1910	1	1182.88	20267	20256.4	10.5559	384	674	150	1	0.0001 Colloc0 384 2856 0.0111151 118.405
1920	1	1189.06	20294.9	20284.6	10.2186	381	650	174	0	0.0001 Colloc0 381 2860 0.0785968 100.705
1930	1	1195.19	20324.3	20313.5	10.7602	403	620	204	1	0.0001 Colloc0 403 2828 0.0121613 129.76
1940	1	1201.15	20214	20203.3	10.6907	400	638	186	1	0.0001 Colloc0 400 2817 0.016095 125.845
1950	1	1207.07	20229.2	20218.6	10.615	398	638	186	1	0.0001 Colloc0 398 2828 0.0399859 121.639
1960	1	1213.33	20176.3	20165.8	10.4975	383	648	176	0	0.0001 Colloc0 383 2815 0.0320444 115.243
1970	1	1219.5	20213.7	20203.1	10.6123	393	666	158	0	0.0001 Colloc0 393 2824 0.00513758 121.49
1980	1	1225.62	20428	20417.4	10.6162	404	585	239	2	0.0001 Colloc0 404 2829 0.0109262 121.707
1990	1	1231.8	20178	20167.3	10.6767	394	639	185	0	0.0001 Colloc0 394 2806 0.0415619 125.064
2000	1	1238.05	20281.1	20270.7	10.4383	396	603	221	0	0.0001 Colloc0 396 2823 0.0447441 112.077
