# D = 0, E = 1, I = 1, P = 1, R = -1, n = 2000, N = 1, P = 1, w = 1, a = 0.0001, b = 10000, e = 1, f = 1, g = 100, h = 0.01, r = 8456, s = 1, S = 0, x = 10, m = 100, Z = 1, z = 0, T = 1, t = 1
# 7932 tokens in 824 sentences
#
# It	Temp	Time	-logP	-logPcorpus	-logPrior	tables	same	changed	reject	default_pya	(parent pym pyn pya pyb)*
0	1	0.490925	29956.9	29843.1	113.764	2030	0	824	0	0.0001 Colloc0 2030 3427 0.0001 10000
10	1	7.27089	22930.1	22919	11.1576	516	358	466	3	0.0001 Colloc0 516 3128 0.0195335 153.119
20	1	13.5989	22397.9	22387.3	10.6262	463	443	381	1	0.0001 Colloc0 463 3119 0.0405161 122.258
30	1	20.031	22315.4	22304.7	10.6797	454	484	340	0	0.0001 Colloc0 454 3121 0.018459 125.229
40	1	26.504	21830.4	21819.6	10.7435	431	525	299	2	0.0001 Colloc0 431 3068 0.0238617 128.814
50	1	32.89	21859.3	21848.2	11.0659	431	550	274	1	0.0001 Colloc0 431 3089 0.00198708 147.59
60	1	39.0661	21800.5	21789.6	10.886	432	529	295	1	0.0001 Colloc0 432 3083 0.0114364 136.985
70	1	45.2821	21722.3	21711.8	10.5155	409	537	287	2	0.0001 Colloc0 409 3081 0.0242379 116.212
80	1	51.6142	21574.3	21564	10.3422	428	582	242	1	0.0001 Colloc0 428 3063 0.0750374 107.028
90	1	57.9112	21509.2	21498.6	10.6641	409	564	260	2	0.0001 Colloc0 409 3070 0.00157554 124.362
100	1	64.2982	21549.6	21538.7	10.893	417	559	265	2	0.0001 Colloc0 417 3064 0.0040859 137.386
110	1	70.7222	21475.3	21464.6	10.6645	413	576	248	1	0.0001 Colloc0 413 3055 0.0157126 124.384
120	1	77.0343	21523.7	21512.6	11.0395	423	564	260	3	0.0001 Colloc0 423 3032 0.010182 146.015
130	1	83.3343	21485.9	21475.1	10.8113	412	531	293	0	0.0001 Colloc0 412 3028 0.00337784 132.674
140	1	89.7054	21573.8	21562.6	11.2166	421	531	293	1	0.0001 Colloc0 421 3033 0.0124242 156.715
150	1	96.0514	21385.3	21375.1	10.1143	412	562	262	1	0.0001 Colloc0 412 3012 0.115293 95.5113
160	1	102.334	21315.4	21304.7	10.7211	405	564	260	1	0.0001 Colloc0 405 3007 0.00668278 127.551
170	1	108.589	21338.7	21328	10.6894	416	578	246	0	0.0001 Colloc0 416 3008 0.0162335 125.772
180	1	114.929	21323.3	21312.8	10.5004	411	562	262	0	0.0001 Colloc0 411 2998 0.0606275 115.396
190	1	121.081	21383.2	21372.9	10.3106	420	555	269	0	0.0001 Colloc0 420 3014 0.0412997 105.395
200	1	127.13	21265.3	21254.5	10.7592	416	585	239	0	0.0001 Colloc0 416 3010 0.0193641 129.708
210	1	133.317	21259	21248.6	10.4729	405	564	260	1	0.0001 Colloc0 405 3007 0.0276868 113.92
220	1	139.568	21192.4	21181.8	10.6615	408	595	229	0	0.0001 Colloc0 408 3000 0.0402531 124.219
230	1	145.972	21276	21265.4	10.5918	404	568	256	0	0.0001 Colloc0 404 2978 0.0104079 120.363
240	1	152.409	21374.2	21363.2	11.0237	413	506	318	1	0.0001 Colloc0 413 2980 0.00089452 145.069
250	1	158.755	21386.5	21375.9	10.6196	421	508	316	0	0.0001 Colloc0 421 2970 0.035016 121.895
260	1	165.053	21388.9	21378.2	10.7556	418	508	316	1	0.0001 Colloc0 418 2987 0.0366455 129.504
270	1	171.412	21217.8	21207.3	10.4947	409	580	244	0	0.0001 Colloc0 409 2976 0.0160036 115.092
280	1	177.698	21276.3	21266	10.2646	401	526	298	0	0.0001 Colloc0 401 2973 0.0147953 103.035
290	1	183.916	21144.5	21133.8	10.6763	404	565	259	1	0.0001 Colloc0 404 2961 0.00764261 125.038
300	1	190.218	21191.3	21181.1	10.1936	423	563	261	1	0.0001 Colloc0 423 2963 0.107872 99.4472
310	1	196.584	21013.6	21003.1	10.5132	396	608	216	0	0.0001 Colloc0 396 2939 0.00476413 116.09
320	1	202.956	21155.9	21145.6	10.2951	413	567	257	0	0.0001 Colloc0 413 2974 0.0629657 104.594
330	1	209.348	21261.4	21250.7	10.6976	416	540	284	1	0.0001 Colloc0 416 2976 0.0401464 126.233
340	1	215.739	21232.9	21222.5	10.4068	421	572	252	0	0.0001 Colloc0 421 2990 0.0354552 110.408
350	1	222.102	21147.4	21136.5	10.8966	407	556	268	1	0.0001 Colloc0 407 2964 0.00751867 137.6
360	1	228.404	21083.9	21073.3	10.5603	395	584	240	0	0.0001 Colloc0 395 2976 0.0166229 118.643
370	1	234.738	21110.9	21100.4	10.4672	406	567	257	0	0.0001 Colloc0 406 2963 0.0384001 113.615
380	1	241.076	21213.5	21202.9	10.5986	408	535	289	1	0.0001 Colloc0 408 2962 0.0224444 120.741
390	1	247.491	21164.4	21153.6	10.8575	402	549	275	1	0.0001 Colloc0 402 2956 0.000913478 135.33
400	1	253.833	21188.3	21177.4	10.9278	417	567	257	0	0.0001 Colloc0 417 2964 0.0103549 139.419
410	1	260.069	21060.3	21049.5	10.7766	401	581	243	0	0.0001 Colloc0 401 2948 0.0222773 130.693
420	1	266.36	20986.2	20976.1	10.1217	402	593	231	0	0.0001 Colloc0 402 2946 0.0581849 95.8735
430	1	272.469	20956.6	20946	10.5354	403	637	187	0	0.0001 Colloc0 403 2958 0.0342101 117.291
440	1	278.735	20976.7	20966	10.7264	405	611	213	0	0.0001 Colloc0 405 2959 0.00204736 127.85
450	1	284.911	20956.5	20946.1	10.3914	406	597	227	1	0.0001 Colloc0 406 2935 0.00383836 109.599
460	1	290.87	20991.4	20980.9	10.5523	418	610	214	0	0.0001 Colloc0 418 2933 0.021561 118.204
470	1	297.174	20930.8	20920.1	10.7429	415	583	241	0	0.0001 Colloc0 415 2919 0.00115134 128.783
480	1	303.318	20774	20763.4	10.652	395	639	185	1	0.0001 Colloc0 395 2922 0.02082 123.69
490	1	309.625	20808.2	20797.7	10.497	397	617	207	1	0.0001 Colloc0 397 2918 0.0316785 115.213
500	1	315.98	20828.9	20818.4	10.4995	399	602	222	1	0.0001 Colloc0 399 2905 0.0271249 115.349
510	1	322.073	20777.4	20766.8	10.5809	393	629	195	0	0.0001 Colloc0 393 2922 0.0227378 119.765
520	1	328.356	20935.3	20924.8	10.5469	410	560	264	0	0.0001 Colloc0 410 2914 0.0184211 117.913
530	1	334.516	20870.4	20860	10.4039	399	590	234	1	0.0001 Colloc0 399 2926 0.0180314 110.256
540	1	340.781	20832.4	20821.9	10.5079	397	606	218	1	0.0001 Colloc0 397 2906 0.00979032 115.801
550	1	347.112	21063.6	21052.8	10.7292	418	538	286	0	0.0001 Colloc0 418 2928 0.0187375 128.009
560	1	353.243	20954.5	20943.9	10.6629	400	567	257	1	0.0001 Colloc0 400 2945 0.0110772 124.295
570	1	359.359	20872.3	20861.5	10.8041	407	586	238	1	0.0001 Colloc0 407 2912 0.000727021 132.264
580	1	365.651	20818.4	20807.5	10.8902	406	586	238	2	0.0001 Colloc0 406 2905 0.000301575 137.225
590	1	371.915	20957.4	20946.7	10.6289	411	547	277	1	0.0001 Colloc0 411 2928 0.0329193 122.407
600	1	378.204	20902.7	20892	10.6838	409	576	248	1	0.0001 Colloc0 409 2909 0.0261434 125.46
610	1	384.53	20846.7	20836.3	10.3609	391	598	226	0	0.0001 Colloc0 391 2914 0.0436725 108.002
620	1	390.792	20793.8	20783.3	10.5376	386	617	207	2	0.0001 Colloc0 386 2923 0.0139069 117.406
630	1	397.102	20896.1	20885.8	10.2768	398	589	235	1	0.0001 Colloc0 398 2914 0.0186067 103.661
640	1	403.389	20724.7	20714	10.6718	404	639	185	1	0.0001 Colloc0 404 2899 0.00790597 124.792
650	1	409.585	20743.9	20733.4	10.5075	394	617	207	0	0.0001 Colloc0 394 2908 0.00596863 115.777
660	1	415.658	20780.7	20770.2	10.5014	397	623	201	3	0.0001 Colloc0 397 2891 0.0173711 115.453
670	1	421.925	20824.6	20814.2	10.4315	392	608	216	0	0.0001 Colloc0 392 2911 0.0388032 111.716
680	1	428.09	20915.8	20905.1	10.7207	429	570	254	0	0.0001 Colloc0 429 2920 0.0421791 127.531
690	1	434.218	20825.6	20815.2	10.4808	402	586	238	1	0.0001 Colloc0 402 2920 0.00871436 114.343
700	1	440.326	20695.1	20684.7	10.4279	398	642	182	1	0.0001 Colloc0 398 2902 0.044867 111.523
710	1	446.725	20815.7	20805.2	10.4966	403	609	215	1	0.0001 Colloc0 403 2910 0.0200793 115.195
720	1	453.079	20867	20856.4	10.5831	404	580	244	1	0.0001 Colloc0 404 2907 0.010525 119.885
730	1	459.387	20865.2	20854.5	10.6043	409	566	258	1	0.0001 Colloc0 409 2895 0.0109503 121.049
740	1	465.78	20730.7	20720.7	10.0034	388	621	203	0	0.0001 Colloc0 388 2900 0.0730054 90.147
750	1	472.075	20772.7	20762.1	10.6133	417	650	174	1	0.0001 Colloc0 417 2912 0.0133428 121.544
760	1	478.148	20754.6	20744	10.5577	404	630	194	1	0.0001 Colloc0 404 2901 0.0272796 118.502
770	1	484.417	20794.6	20784	10.5937	414	633	191	0	0.0001 Colloc0 414 2911 0.0194529 120.467
780	1	490.746	20816.3	20805.5	10.8472	413	626	198	0	0.0001 Colloc0 413 2900 0.00246532 134.737
790	1	497.05	20744.6	20734	10.5368	417	632	192	1	0.0001 Colloc0 417 2892 0.0357985 117.364
800	1	503.317	20840.6	20830.1	10.5031	412	593	231	1	0.0001 Colloc0 412 2877 0.0398642 115.544
810	1	509.673	20837.1	20826.3	10.7628	410	572	252	1	0.0001 Colloc0 410 2887 0.000288687 129.91
820	1	516.013	20794.3	20783.8	10.4525	401	585	239	1	0.0001 Colloc0 401 2877 0.0311335 112.833
830	1	522.304	20734.6	20724.1	10.4364	397	612	212	0	0.0001 Colloc0 397 2884 0.0226199 111.975
840	1	528.494	20824.4	20813.7	10.6766	400	579	245	2	0.0001 Colloc0 400 2890 0.0105754 125.057
850	1	534.547	20791.9	20781.5	10.441	398	602	222	0	0.0001 Colloc0 398 2890 0.0202541 112.22
860	1	540.866	20818.2	20807.7	10.5103	402	597	227	0	0.0001 Colloc0 402 2892 0.00697165 115.93
870	1	547.028	20806.6	20795.8	10.8231	410	600	224	1	0.0001 Colloc0 410 2878 0.02167 133.349
880	1	553.054	20814.6	20804.1	10.4927	401	594	230	0	0.0001 Colloc0 401 2881 0.00673648 114.985
890	1	559.333	20803.5	20792.9	10.6658	409	597	227	0	0.0001 Colloc0 409 2887 0.0293494 124.455
900	1	565.459	20849.7	20839	10.6826	414	588	236	0	0.0001 Colloc0 414 2899 0.0252187 125.393
910	1	571.703	20778.4	20767.6	10.8323	410	613	211	2	0.0001 Colloc0 410 2881 0.00572359 133.88
920	1	577.982	20837.5	20826.7	10.8498	404	572	252	1	0.0001 Colloc0 404 2892 0.00127993 134.885
930	1	584.205	20751.4	20740.9	10.4857	397	608	216	0	0.0001 Colloc0 397 2892 0.0523135 114.606
940	1	590.469	20727.8	20717.1	10.6833	403	614	210	0	0.0001 Colloc0 403 2885 0.0309564 125.434
950	1	596.818	20779.8	20768.9	10.9149	415	619	205	0	0.0001 Colloc0 415 2901 0.0050706 138.663
960	1	603.084	20734.4	20723.8	10.5493	412	641	183	1	0.0001 Colloc0 412 2906 0.0431204 118.045
970	1	609.105	20650.3	20640	10.3735	405	623	201	2	0.0001 Colloc0 405 2878 0.0161238 108.661
980	1	615.402	20639	20628.3	10.7105	394	636	188	0	0.0001 Colloc0 394 2876 0.00157682 126.954
990	1	621.801	20675.1	20664.3	10.7166	402	597	227	1	0.0001 Colloc0 402 2871 0.00436328 127.3
1000	1	628.122	20786.6	20775.8	10.742	416	571	253	0	0.0001 Colloc0 416 2864 0.019898 128.734
1010	1	634.442	20663.4	20652.7	10.7679	404	621	203	0	0.0001 Colloc0 404 2870 0.00142384 130.201
1020	1	640.725	20607.7	20597	10.6384	398	629	195	1	0.0001 Colloc0 398 2864 0.0120164 122.933
1030	1	647.051	20576.2	20565.8	10.4892	402	646	178	1	0.0001 Colloc0 402 2868 0.0234375 114.795
1040	1	653.345	20583.6	20573	10.5782	398	646	178	1	0.0001 Colloc0 398 2872 0.00630406 119.619
1050	1	659.693	20602.1	20591.4	10.6867	402	651	173	0	0.0001 Colloc0 402 2874 0.0165083 125.621
1060	1	665.993	20680.5	20669.8	10.7702	403	608	216	3	0.0001 Colloc0 403 2872 0.00401426 130.33
1070	1	672.345	20651.5	20641.1	10.4496	412	613	211	0	0.0001 Colloc0 412 2862 0.0376373 112.681
1080	1	678.454	20642.5	20631.7	10.7402	395	635	189	1	0.0001 Colloc0 395 2876 0.00376945 128.633
1090	1	684.691	20602.8	20592.5	10.339	403	640	184	0	0.0001 Colloc0 403 2846 0.0969087 106.862
1100	1	691.057	20660	20649.1	10.921	409	628	196	1	0.0001 Colloc0 409 2880 0.00140071 139.018
1110	1	697.514	20584.6	20574	10.6184	399	653	171	2	0.0001 Colloc0 399 2874 0.00366795 121.826
1120	1	703.696	20708.4	20697.9	10.506	400	622	202	1	0.0001 Colloc0 400 2884 0.0176465 115.699
1130	1	709.826	20584	20573.4	10.5848	391	627	197	2	0.0001 Colloc0 391 2870 0.000218554 119.983
1140	1	716.019	20675.9	20665.3	10.5879	402	613	211	2	0.0001 Colloc0 402 2890 0.0179822 120.149
1150	1	722.229	20697.3	20686.8	10.5642	395	608	216	1	0.0001 Colloc0 395 2866 0.00802405 118.853
1160	1	728.566	20804	20793.4	10.6416	410	583	241	0	0.0001 Colloc0 410 2874 0.0278016 123.111
1170	1	734.947	20802.4	20792	10.3365	403	576	248	1	0.0001 Colloc0 403 2875 0.0530603 106.731
1180	1	741.336	20784.2	20773.7	10.4942	414	601	223	0	0.0001 Colloc0 414 2884 0.0175268 115.064
1190	1	747.61	20494.8	20484.1	10.6034	397	652	172	0	0.0001 Colloc0 397 2865 0.0350965 121.004
1200	1	753.949	20609	20598.7	10.2523	417	613	211	2	0.0001 Colloc0 417 2834 0.0676855 102.408
1210	1	760.251	20596.6	20585.8	10.7664	409	633	191	0	0.0001 Colloc0 409 2858 0.021572 130.116
1220	1	766.377	20545.9	20535.6	10.3624	398	618	206	0	0.0001 Colloc0 398 2834 0.0147674 108.083
1230	1	772.722	20631.3	20620.5	10.8168	417	616	208	3	0.0001 Colloc0 417 2843 0.0128646 132.991
1240	1	778.823	20612	20601.2	10.8506	403	618	206	1	0.0001 Colloc0 403 2842 0.00970378 134.931
1250	1	784.831	20468.2	20457.7	10.4261	398	661	163	0	0.0001 Colloc0 398 2836 0.0102627 111.432
1260	1	790.933	20478.8	20468.4	10.4387	397	632	192	1	0.0001 Colloc0 397 2830 0.0267835 112.099
1270	1	796.957	20554	20543.3	10.7653	403	619	205	0	0.0001 Colloc0 403 2845 0.017819 130.052
1280	1	802.885	20605.2	20594.7	10.4407	408	609	215	0	0.0001 Colloc0 408 2851 0.0497805 112.202
1290	1	809.05	20600.8	20589.9	10.9408	413	623	201	2	0.0001 Colloc0 413 2839 0.010448 140.177
1300	1	815.507	20633.8	20623.2	10.656	406	588	236	0	0.0001 Colloc0 406 2860 0.00185648 123.911
1310	1	821.98	20630.6	20620.1	10.408	416	591	233	1	0.0001 Colloc0 416 2840 0.0331352 110.473
1320	1	828.193	20685.4	20674.8	10.6062	409	583	241	2	0.0001 Colloc0 409 2831 0.00415083 121.157
1330	1	834.463	20589.2	20578.4	10.7871	403	608	216	0	0.0001 Colloc0 403 2847 0.000629947 131.29
1340	1	840.784	20564	20553.4	10.6594	404	620	204	0	0.0001 Colloc0 404 2846 0.00443535 124.097
1350	1	846.916	20564.9	20554.2	10.7043	414	612	212	1	0.0001 Colloc0 414 2834 0.0366801 126.609
1360	1	853.221	20518.1	20507.6	10.5739	405	631	193	1	0.0001 Colloc0 405 2837 0.00413804 119.383
1370	1	859.279	20590.7	20580	10.7131	409	599	225	0	0.0001 Colloc0 409 2828 0.00733989 127.1
1380	1	865.3	20503.6	20492.7	10.9374	401	626	198	1	0.0001 Colloc0 401 2840 0.0112413 139.981
1390	1	871.657	20531.5	20520.8	10.7126	399	618	206	1	0.0001 Colloc0 399 2840 0.00269609 127.076
1400	1	877.96	20598.7	20588	10.7197	407	612	212	4	0.0001 Colloc0 407 2852 0.00764228 127.475
1410	1	884.362	20541.7	20531	10.717	406	639	185	1	0.0001 Colloc0 406 2838 0.00180023 127.323
1420	1	890.671	20559.2	20548.5	10.7225	404	588	236	0	0.0001 Colloc0 404 2822 9.72354e-05 127.632
1430	1	896.96	20523.6	20512.6	10.9925	399	646	178	0	0.0001 Colloc0 399 2837 0.00691593 143.223
1440	1	903.157	20537.8	20527.5	10.2896	400	633	191	1	0.0001 Colloc0 400 2842 0.123197 104.316
1450	1	909.452	20509.4	20498.8	10.5994	414	645	179	2	0.0001 Colloc0 414 2831 0.0257421 120.78
1460	1	915.812	20474.9	20464.2	10.691	402	650	174	0	0.0001 Colloc0 402 2836 0.00187276 125.865
1470	1	922.272	20587.5	20576.7	10.8683	418	610	214	0	0.0001 Colloc0 418 2830 0.0312441 135.954
1480	1	928.557	20558.4	20547.9	10.5557	404	635	189	0	0.0001 Colloc0 404 2818 0.0501181 118.39
1490	1	934.783	20449	20438.4	10.661	404	667	157	2	0.0001 Colloc0 404 2835 0.0133148 124.186
1500	1	940.921	20592.2	20581.6	10.6342	421	612	212	0	0.0001 Colloc0 421 2817 0.0139544 122.7
1510	1	947.063	20431.4	20421	10.3889	391	641	183	1	0.0001 Colloc0 391 2834 0.0195795 109.469
1520	1	953.189	20458	20447.2	10.795	396	647	177	0	0.0001 Colloc0 396 2834 0.0183768 131.741
1530	1	959.575	20464.8	20454.2	10.608	411	647	177	1	0.0001 Colloc0 411 2823 0.0368117 121.253
1540	1	965.77	20520.5	20509.8	10.7322	409	633	191	0	0.0001 Colloc0 409 2834 0.0115853 128.18
1550	1	971.971	20386.8	20376.3	10.4584	387	661	163	3	0.0001 Colloc0 387 2835 0.0108732 113.145
1560	1	978.264	20401.5	20391	10.5096	397	655	169	1	0.0001 Colloc0 397 2821 0.000302038 115.891
1570	1	984.632	20424	20413.5	10.5198	394	652	172	1	0.0001 Colloc0 394 2837 0.0301435 116.444
1580	1	990.991	20409.4	20398.8	10.6534	406	637	187	0	0.0001 Colloc0 406 2807 0.0376254 123.768
1590	1	997.268	20481.4	20470.9	10.4646	406	628	196	1	0.0001 Colloc0 406 2822 0.0553896 113.48
1600	1	1003.4	20484.8	20474.2	10.5848	395	630	194	1	0.0001 Colloc0 395 2831 0.0162855 119.981
1610	1	1009.65	20439.7	20428.9	10.8696	399	653	171	0	0.0001 Colloc0 399 2814 0.0115123 136.029
1620	1	1016.07	20406	20395.4	10.5442	405	648	176	1	0.0001 Colloc0 405 2825 0.0218401 117.765
1630	1	1022.36	20405.1	20394.4	10.6899	395	654	170	1	0.0001 Colloc0 395 2825 0.00978891 125.801
1640	1	1028.52	20459.4	20449.3	10.0453	403	642	182	0	0.0001 Colloc0 403 2822 0.134215 92.1531
1650	1	1034.81	20457.7	20447	10.6519	411	648	176	0	0.0001 Colloc0 411 2833 0.0443817 123.681
1660	1	1041.06	20524.9	20514.2	10.6398	416	609	215	0	0.0001 Colloc0 416 2812 0.0179045 123.01
1670	1	1047.33	20490.5	20479.8	10.7004	408	599	225	0	0.0001 Colloc0 408 2790 0.0198949 126.392
1680	1	1053.34	20429.7	20419	10.7053	394	629	195	1	0.0001 Colloc0 394 2823 0.032296 126.664
1690	1	1059.53	20442.2	20431.4	10.8222	397	630	194	0	0.0001 Colloc0 397 2813 0.00283639 133.299
1700	1	1065.77	20518.5	20507.9	10.6242	399	599	225	1	0.0001 Colloc0 399 2837 0.0127884 122.148
1710	1	1072.09	20541.3	20530.8	10.5115	398	590	234	1	0.0001 Colloc0 398 2829 0.00288698 115.997
1720	1	1078.42	20629.1	20618.1	10.9501	411	587	237	2	0.0001 Colloc0 411 2829 0.00029762 140.723
1730	1	1084.52	20518.6	20508	10.6321	410	598	226	0	0.0001 Colloc0 410 2823 0.0270002 122.584
1740	1	1090.78	20480.9	20470.1	10.8319	402	628	196	0	0.0001 Colloc0 402 2826 0.00447366 133.856
1750	1	1097.03	20475.2	20464.4	10.8567	402	610	214	1	0.0001 Colloc0 402 2823 0.0155397 135.285
1760	1	1103.36	20574.1	20563.7	10.4637	424	590	234	0	0.0001 Colloc0 424 2808 0.0355853 113.43
1770	1	1109.79	20496.8	20486.3	10.5675	410	624	200	1	0.0001 Colloc0 410 2825 0.0519608 119.033
1780	1	1116.09	20357.7	20347.2	10.5055	398	650	174	1	0.0001 Colloc0 398 2808 0.0128283 115.671
1790	1	1122.5	20394.5	20383.9	10.5879	401	661	163	1	0.0001 Colloc0 401 2818 0.0190661 120.15
1800	1	1128.77	20439.9	20429.2	10.7697	408	647	177	0	0.0001 Colloc0 408 2829 0.0102332 130.303
1810	1	1134.94	20462.4	20451.9	10.5115	394	632	192	0	0.0001 Colloc0 394 2818 0.00174717 115.998
1820	1	1141.09	20435.9	20425.3	10.5795	403	632	192	1	0.0001 Colloc0 403 2825 0.0318608 119.689
1830	1	1147.2	20428	20417.3	10.6903	393	635	189	1	0.0001 Colloc0 393 2844 0.0128036 125.822
1840	1	1153.11	20437.9	20427.2	10.7039	404	639	185	0	0.0001 Colloc0 404 2815 0.0066612 126.584
1850	1	1159.42	20471.5	20460.9	10.5653	398	620	204	0	0.0001 Colloc0 398 2831 0.00654938 118.917
1860	1	1165.69	20418.4	20407.6	10.7442	403	639	185	0	0.0001 Colloc0 403 2825 0.01102 128.857
1870	1	1172.11	20362.6	20352.1	10.5344	396	654	170	1	0.0001 Colloc0 396 2825 0.00902687 117.236
1880	1	1178.23	20430.6	20419.8	10.7287	407	634	190	1	0.0001 Colloc0 407 2809 0.00562976 127.982
1890	1	1184.29	20401.5	20390.9	10.6607	397	639	185	2	0.0001 Colloc0 397 2829 0.0243558 124.169
1900	1	1190.55	20408.8	20397.9	10.8377	401	671	153	1	0.0001 Colloc0 401 2835 0.000151778 134.189
1910	1	1196.85	20370.8	20360.2	10.617	403	631	193	0	0.0001 Colloc0 403 2819 0.0121598 121.752
1920	1	1203.13	20269.4	20258.8	10.622	390	673	151	2	0.0001 Colloc0 390 2823 0.0320961 122.028
1930	1	1209.41	20387.8	20377.1	10.67	401	599	225	0	0.0001 Colloc0 401 2794 0.0080973 124.692
1940	1	1215.48	20409.9	20399.5	10.3318	401	635	189	1	0.0001 Colloc0 401 2824 0.0457699 106.489
1950	1	1221.41	20368.8	20358.2	10.5823	403	638	186	1	0.0001 Colloc0 403 2802 0.00869907 119.846
1960	1	1227.53	20260.6	20250	10.5671	399	663	161	2	0.0001 Colloc0 399 2797 0.051074 119.015
1970	1	1233.79	20370.7	20359.9	10.7497	410	640	184	2	0.0001 Colloc0 410 2804 0.0101324 129.168
1980	1	1239.85	20392.2	20381.4	10.7247	402	644	180	1	0.0001 Colloc0 402 2808 0.013594 127.756
1990	1	1246.08	20382.3	20371.7	10.5831	406	648	176	1	0.0001 Colloc0 406 2815 0.0256286 119.886
2000	1	1252.52	20348.2	20337.3	10.8965	408	627	197	1	0.0001 Colloc0 408 2808 0.0420217 137.59
