# D = 0, E = 1, I = 1, P = 1, R = -1, n = 2000, N = 1, P = 1, w = 1, a = 0.0001, b = 10000, e = 1, f = 1, g = 100, h = 0.01, r = 22871, s = 1, S = 0, x = 10, m = 100, Z = 1, z = 0, T = 1, t = 1
# 7932 tokens in 824 sentences
#
# It	Temp	Time	-logP	-logPcorpus	-logPrior	tables	same	changed	reject	default_pya	(parent pym pyn pya pyb)*
0	1	0.45893	26205.2	26091.4	113.764	1050	0	824	0	0.0001 Colloc0 1050 2048 0.0001 10000
10	1	7.2419	20923.4	20912	11.4568	491	585	239	1	0.0001 Colloc0 491 2539 0.0372509 171.697
20	1	13.5789	20602.6	20591.5	11.1612	474	602	222	3	0.0001 Colloc0 474 2544 0.00646737 153.335
30	1	20.01	20557.7	20546.4	11.254	455	601	223	0	0.0001 Colloc0 455 2565 0.0112477 159.018
40	1	26.313	20482.9	20472	10.8201	450	610	214	1	0.0001 Colloc0 450 2572 0.0134622 133.176
50	1	32.689	20390.4	20379.4	10.9969	436	616	208	1	0.0001 Colloc0 436 2584 0.0347761 143.485
60	1	39.0271	20387.5	20376.6	10.9844	444	605	219	2	0.0001 Colloc0 444 2583 0.00594855 142.743
70	1	45.1691	20374.8	20363.8	10.9399	433	627	197	2	0.0001 Colloc0 433 2597 0.0338086 140.128
80	1	51.3392	20366.9	20355.7	11.1846	423	600	224	2	0.0001 Colloc0 423 2589 0.0185352 154.762
90	1	57.6892	20363.3	20352.3	11.0334	437	610	214	1	0.0001 Colloc0 437 2580 0.0383893 145.647
100	1	63.8383	20362.8	20352.2	10.5872	434	605	219	2	0.0001 Colloc0 434 2587 0.0562336 120.115
110	1	70.3633	20400.8	20389.5	11.3408	451	583	241	3	0.0001 Colloc0 451 2591 0.00231167 164.397
120	1	76.6793	20283.1	20272.4	10.6414	431	634	190	1	0.0001 Colloc0 431 2587 0.0786846 123.103
130	1	83.2173	20216.7	20205.8	10.9525	423	616	208	3	0.0001 Colloc0 423 2577 0.000445674 140.864
140	1	89.5894	20324.5	20313.5	10.9542	431	621	203	2	0.0001 Colloc0 431 2600 0.00203714 140.966
150	1	95.9974	20250.6	20239.6	11.0212	437	621	203	2	0.0001 Colloc0 437 2569 0.00928876 144.92
160	1	102.401	20191.8	20181	10.7186	428	643	181	1	0.0001 Colloc0 428 2576 0.0173217 127.414
170	1	108.548	20213.1	20202.2	10.9212	418	635	189	1	0.0001 Colloc0 418 2582 0.00469794 139.032
180	1	114.768	20227.4	20216.3	11.1142	429	616	208	1	0.0001 Colloc0 429 2590 0.00189515 150.489
190	1	121.058	20276.8	20266	10.8607	437	610	214	3	0.0001 Colloc0 437 2585 0.00672123 135.514
200	1	127.278	20230.9	20219.9	11.014	438	610	214	1	0.0001 Colloc0 438 2579 0.0272085 144.498
210	1	133.308	20156.1	20145	11.1839	428	620	204	1	0.0001 Colloc0 428 2568 0.00769846 154.717
220	1	139.559	20226.1	20215	11.0624	442	623	201	4	0.0001 Colloc0 442 2572 0.00684624 147.379
230	1	145.739	20229.5	20218.3	11.1849	446	615	209	1	0.0001 Colloc0 446 2572 0.0314874 154.781
240	1	152.029	20276.5	20265.6	10.9849	441	598	226	3	0.0001 Colloc0 441 2569 0.00264461 142.775
250	1	158.251	20091.4	20080.4	11.0093	432	647	177	1	0.0001 Colloc0 432 2569 0.0113192 144.216
260	1	164.386	20258.6	20247.6	10.9713	433	614	210	2	0.0001 Colloc0 433 2598 0.0118957 141.97
270	1	170.57	20116.4	20105.2	11.1857	420	641	183	2	0.0001 Colloc0 420 2586 0.00252589 154.826
280	1	176.881	20058.6	20047.7	10.891	417	657	167	2	0.0001 Colloc0 417 2574 0.00730639 137.272
290	1	183.179	20084.5	20073.6	10.8862	423	673	151	3	0.0001 Colloc0 423 2572 0.00116809 136.994
300	1	189.539	20156.9	20145.9	10.9373	426	617	207	3	0.0001 Colloc0 426 2570 0.0157967 139.973
310	1	195.53	20016	20005	11.0686	414	674	150	2	0.0001 Colloc0 414 2563 0.00186555 147.749
320	1	201.921	20141	20130.2	10.8133	425	646	178	2	0.0001 Colloc0 425 2577 0.0176249 132.787
330	1	208.307	20121.5	20110.6	10.8194	424	639	185	1	0.0001 Colloc0 424 2567 0.00165543 133.141
340	1	214.644	20210.4	20199.5	10.8479	433	615	209	1	0.0001 Colloc0 433 2572 0.00305323 134.778
350	1	221.099	20189.4	20178.3	11.0811	427	610	214	1	0.0001 Colloc0 427 2561 0.0222534 148.501
360	1	227.465	20171.3	20160.3	10.9782	425	620	204	1	0.0001 Colloc0 425 2559 0.013384 142.38
370	1	233.768	20222.9	20211.8	11.125	450	620	204	2	0.0001 Colloc0 450 2570 0.0388904 151.142
380	1	240.168	20100.7	20089.5	11.1447	414	636	188	2	0.0001 Colloc0 414 2563 0.0178831 152.333
390	1	246.465	20170.5	20159.6	10.8545	430	615	209	5	0.0001 Colloc0 430 2568 0.00533166 135.156
400	1	252.809	20251.9	20241.1	10.8363	440	607	217	3	0.0001 Colloc0 440 2588 0.027531 134.109
410	1	258.944	20175.7	20165.4	10.2659	440	635	189	1	0.0001 Colloc0 440 2579 0.11393 103.103
420	1	265.224	20230.2	20219.1	11.1403	444	615	209	1	0.0001 Colloc0 444 2571 0.00478082 152.067
430	1	271.585	20150.8	20139.7	11.0997	428	604	220	1	0.0001 Colloc0 428 2568 0.00721294 149.617
440	1	277.831	20134.5	20123.7	10.7559	425	640	184	2	0.0001 Colloc0 425 2574 0.0443459 129.518
450	1	284.34	20111.8	20100.9	10.9321	438	637	187	2	0.0001 Colloc0 438 2560 0.0312686 139.666
460	1	290.74	20146.4	20135.6	10.8435	430	638	186	1	0.0001 Colloc0 430 2570 0.0133729 134.522
470	1	297.123	20124.4	20113.5	10.907	433	640	184	1	0.0001 Colloc0 433 2581 0.00732597 138.206
480	1	303.39	20125.2	20114.1	11.1214	425	629	195	3	0.0001 Colloc0 425 2572 0.000708217 150.927
490	1	309.489	20205	20194	11.0527	432	590	234	2	0.0001 Colloc0 432 2590 0.0218193 146.8
500	1	315.779	20055.3	20044.4	10.8965	425	648	176	2	0.0001 Colloc0 425 2565 0.0131287 137.593
510	1	322.092	20132.2	20121.2	10.9464	436	616	208	2	0.0001 Colloc0 436 2554 0.0308001 140.507
520	1	328.51	20099.3	20088.5	10.724	422	626	198	1	0.0001 Colloc0 422 2569 0.033182 127.715
530	1	334.952	20197	20186.2	10.7639	433	598	226	2	0.0001 Colloc0 433 2593 0.0578608 129.975
540	1	341.266	20104.1	20093	11.1743	427	636	188	2	0.0001 Colloc0 427 2571 0.00189192 154.135
550	1	347.423	20120.2	20109.5	10.6464	419	629	195	1	0.0001 Colloc0 419 2573 0.0504513 123.379
560	1	353.478	20052.4	20041.5	10.9297	424	639	185	1	0.0001 Colloc0 424 2580 0.0002246 139.529
570	1	359.591	20040.6	20030	10.6308	414	655	169	2	0.0001 Colloc0 414 2575 0.00587294 122.512
580	1	365.669	20120.4	20109.2	11.1666	427	631	193	1	0.0001 Colloc0 427 2582 0.00566926 153.666
590	1	371.763	20114.3	20103.5	10.8388	421	636	188	1	0.0001 Colloc0 421 2576 0.0184946 134.251
600	1	377.928	20097.1	20086.2	10.9077	411	617	207	1	0.0001 Colloc0 411 2581 0.017885 138.245
610	1	384.178	20026	20015.4	10.6481	415	642	182	1	0.0001 Colloc0 415 2574 0.0612051 123.474
620	1	390.321	20143.8	20132.5	11.3582	430	627	197	1	0.0001 Colloc0 430 2579 0.00390532 165.485
630	1	396.614	20077.7	20067	10.7216	417	637	187	2	0.0001 Colloc0 417 2585 0.037145 127.583
640	1	402.768	20124.5	20113.7	10.8006	419	601	223	4	0.0001 Colloc0 419 2590 0.0367949 132.063
650	1	408.883	20209.6	20198.4	11.1377	429	604	220	2	0.0001 Colloc0 429 2600 0.0165586 151.908
660	1	415.141	20169.9	20158.9	11.0041	431	622	202	1	0.0001 Colloc0 431 2589 0.0130755 143.908
670	1	421.307	20061.9	20051	10.9206	414	635	189	1	0.0001 Colloc0 414 2575 0.0266645 138.995
680	1	427.578	20132.1	20121	11.108	425	622	202	2	0.0001 Colloc0 425 2586 0.00380461 150.116
690	1	433.925	20076.4	20065.5	10.929	422	627	197	3	0.0001 Colloc0 422 2580 0.00931023 139.49
700	1	440.263	20170	20159.1	10.8917	432	616	208	1	0.0001 Colloc0 432 2579 0.0317061 137.315
710	1	446.498	20076.2	20065.3	10.8388	427	629	195	2	0.0001 Colloc0 427 2581 0.0152265 134.254
720	1	452.726	20114.6	20103.9	10.7089	413	606	218	1	0.0001 Colloc0 413 2588 0.0074379 126.864
730	1	459.068	20127.7	20116.9	10.7423	415	624	200	1	0.0001 Colloc0 415 2584 0.0332476 128.75
740	1	465.451	20059.6	20048.6	11.0291	422	646	178	2	0.0001 Colloc0 422 2589 0.00333438 145.395
750	1	471.706	19994.1	19983.3	10.797	418	654	170	2	0.0001 Colloc0 418 2587 0.0223483 131.855
760	1	478.045	20055.5	20044.7	10.8147	429	641	183	1	0.0001 Colloc0 429 2589 0.0191746 132.868
770	1	484.355	20117.7	20106.6	11.1003	427	608	216	1	0.0001 Colloc0 427 2584 0.0230894 149.651
780	1	490.733	20114.6	20103.6	11.0304	422	615	209	2	0.0001 Colloc0 422 2568 0.00349824 145.473
790	1	497.116	20151.5	20140.8	10.7188	430	624	200	3	0.0001 Colloc0 430 2588 0.0451086 127.426
800	1	503.198	19994.5	19983.7	10.8276	402	664	160	0	0.0001 Colloc0 402 2580 0.00389072 133.607
810	1	509.247	20053.4	20042.1	11.2596	424	664	160	0	0.0001 Colloc0 424 2585 0.00722967 159.359
820	1	515.44	20050.3	20039.3	10.9531	415	640	184	0	0.0001 Colloc0 415 2593 0.0225072 140.898
830	1	521.57	20050.9	20040.2	10.7265	415	646	178	2	0.0001 Colloc0 415 2584 0.0172439 127.859
840	1	527.908	20052.8	20041.9	10.8789	431	640	184	0	0.0001 Colloc0 431 2596 0.0191137 136.57
850	1	534.203	20084.3	20073.7	10.5819	426	642	182	2	0.0001 Colloc0 426 2600 0.0466598 119.824
860	1	540.486	20131.3	20120.4	10.8271	424	614	210	4	0.0001 Colloc0 424 2579 0.0327157 133.583
870	1	546.836	20084.7	20074.1	10.6777	424	654	170	1	0.0001 Colloc0 424 2591 0.0270729 125.12
880	1	552.999	20062.3	20051.6	10.6807	423	633	191	1	0.0001 Colloc0 423 2587 0.0546722 125.287
890	1	559.174	20013.7	20002.7	11.0207	416	666	158	2	0.0001 Colloc0 416 2570 0.00125045 144.893
900	1	565.372	20009.8	19998.7	11.1117	413	662	162	1	0.0001 Colloc0 413 2588 0.00472158 150.338
910	1	571.59	19926.3	19915.6	10.7581	415	667	157	1	0.0001 Colloc0 415 2569 0.0295901 129.64
920	1	577.789	20103.9	20093.1	10.7551	425	635	189	0	0.0001 Colloc0 425 2564 0.017291 129.474
930	1	584.079	19993.7	19982.8	10.8978	419	652	172	0	0.0001 Colloc0 419 2579 0.00505998 137.669
940	1	590.426	20119.5	20108.3	11.1871	428	632	192	0	0.0001 Colloc0 428 2586 0.00484876 154.915
950	1	596.801	20107.7	20096.7	11.0514	429	640	184	0	0.0001 Colloc0 429 2593 0.00394655 146.72
960	1	603.241	20188.6	20177.6	11.0047	429	606	218	0	0.0001 Colloc0 429 2584 0.00179149 143.943
970	1	609.69	20081.3	20070.4	10.8462	422	614	210	0	0.0001 Colloc0 422 2580 0.0103247 134.677
980	1	615.965	20061.8	20051.1	10.6715	418	624	200	0	0.0001 Colloc0 418 2565 0.0431097 124.772
990	1	622.17	20128.5	20117.7	10.8684	424	595	229	0	0.0001 Colloc0 424 2576 0.0384385 135.963
1000	1	628.615	20248.4	20237.4	11.0422	431	609	215	0	0.0001 Colloc0 431 2599 0.0133214 146.173
1010	1	635.172	20097.4	20086.7	10.7189	422	598	226	0	0.0001 Colloc0 422 2586 0.0371352 127.429
1020	1	641.52	20093.8	20082.8	11.0132	418	617	207	1	0.0001 Colloc0 418 2580 0.0147505 144.45
1030	1	647.886	19955.1	19944.6	10.5509	410	661	163	2	0.0001 Colloc0 410 2583 0.044686 118.132
1040	1	654.259	20002.4	19991.7	10.7071	413	660	164	1	0.0001 Colloc0 413 2580 0.0545635 126.766
1050	1	660.686	20070.4	20059.6	10.8221	414	605	219	1	0.0001 Colloc0 414 2587 0.00762149 133.292
1060	1	666.881	20084.9	20073.8	11.103	420	622	202	1	0.0001 Colloc0 420 2593 2.56712e-06 149.813
1070	1	673.163	20061	20050	10.9923	429	635	189	1	0.0001 Colloc0 429 2574 0.0204331 143.209
1080	1	679.381	20091.8	20080.7	11.1063	433	625	199	0	0.0001 Colloc0 433 2572 0.0545396 150.015
1090	1	685.653	20039.6	20028.7	10.9358	426	639	185	1	0.0001 Colloc0 426 2580 0.0125495 139.887
1100	1	691.938	20042.5	20031.5	10.9665	430	626	198	0	0.0001 Colloc0 430 2578 0.0189146 141.69
1110	1	698.333	20019.7	20008.5	11.2065	426	642	182	1	0.0001 Colloc0 426 2579 0.0254047 156.097
1120	1	704.649	20177.9	20167.1	10.8035	434	581	243	0	0.0001 Colloc0 434 2576 0.0143588 132.227
1130	1	711.023	20061.9	20051	10.8679	423	623	201	0	0.0001 Colloc0 423 2579 0.0281812 135.934
1140	1	717.372	19976.4	19965.4	11.0324	415	662	162	0	0.0001 Colloc0 415 2584 0.0304777 145.586
1150	1	723.766	20044.1	20033.8	10.2459	425	628	196	2	0.0001 Colloc0 425 2583 0.0978572 102.085
1160	1	730.233	20117.6	20106.6	11.0137	431	606	218	1	0.0001 Colloc0 431 2574 0.0184359 144.479
1170	1	736.524	19990.7	19979.9	10.7371	412	648	176	0	0.0001 Colloc0 412 2577 0.0475214 128.455
1180	1	742.551	20076.6	20065.7	10.9296	428	614	210	0	0.0001 Colloc0 428 2583 0.000370982 139.525
1190	1	748.885	20042.1	20031.3	10.8592	423	625	199	0	0.0001 Colloc0 423 2584 0.00671774 135.431
1200	1	755.233	20074.5	20063.8	10.7204	421	622	202	0	0.0001 Colloc0 421 2570 0.00172247 127.515
1210	1	761.63	20054.6	20043.8	10.7861	423	639	185	1	0.0001 Colloc0 423 2573 0.0105298 131.232
1220	1	768.174	20006.4	19995.3	11.039	426	615	209	0	0.0001 Colloc0 426 2557 0.00626502 145.981
1230	1	774.469	20237.8	20226.6	11.2059	442	596	228	1	0.0001 Colloc0 442 2587 0.00252083 156.062
1240	1	780.735	20191.8	20180.4	11.3757	440	601	223	1	0.0001 Colloc0 440 2572 0.0060157 166.583
1250	1	787.228	20110.1	20099.2	10.9075	433	632	192	0	0.0001 Colloc0 433 2573 0.0222014 138.232
1260	1	793.632	20198.2	20187.5	10.7093	435	599	225	2	0.0001 Colloc0 435 2575 0.0279133 126.891
1270	1	800.056	20107.5	20097	10.5082	427	590	234	0	0.0001 Colloc0 427 2565 0.0586102 115.817
1280	1	806.353	20000.4	19989.4	10.9295	419	638	186	0	0.0001 Colloc0 419 2566 0.00880713 139.518
1290	1	812.533	20129.2	20118.4	10.8488	418	597	227	0	0.0001 Colloc0 418 2587 0.0297419 134.829
1300	1	818.859	20068	20057.2	10.8252	422	628	196	1	0.0001 Colloc0 422 2590 0.0230676 133.472
1310	1	825.045	20091.8	20081	10.8229	428	643	181	1	0.0001 Colloc0 428 2562 0.00176655 133.339
1320	1	831.25	19962.1	19951.1	11.0217	424	684	140	1	0.0001 Colloc0 424 2587 0.0310477 144.953
1330	1	837.617	19918.8	19908.2	10.6409	405	673	151	0	0.0001 Colloc0 405 2576 0.0318459 123.071
1340	1	843.821	20004.2	19993.3	10.9207	427	674	150	0	0.0001 Colloc0 427 2568 0.0255338 138.999
1350	1	850.01	20037.5	20026.6	10.8585	424	637	187	1	0.0001 Colloc0 424 2577 0.0186493 135.389
1360	1	856.365	20127.1	20116.1	10.9979	441	615	209	0	0.0001 Colloc0 441 2560 0.0222775 143.542
1370	1	862.751	20062	20051.1	10.8932	424	610	214	1	0.0001 Colloc0 424 2570 0.0251276 137.402
1380	1	869.076	20075	20064	11.0002	427	607	217	2	0.0001 Colloc0 427 2578 0.0178481 143.676
1390	1	875.199	20116.7	20105.7	11.0286	425	607	217	0	0.0001 Colloc0 425 2574 0.0014144 145.364
1400	1	881.29	20032.6	20021.8	10.7787	420	628	196	0	0.0001 Colloc0 420 2580 0.0259045 130.815
1410	1	887.685	20079.5	20068.6	10.9485	433	625	199	1	0.0001 Colloc0 433 2577 0.0213821 140.632
1420	1	893.996	19996	19985.2	10.7781	418	639	185	2	0.0001 Colloc0 418 2576 0.0205233 130.782
1430	1	900.3	19941.1	19930.6	10.5295	415	675	149	4	0.0001 Colloc0 415 2582 0.0320214 116.969
1440	1	906.581	19992.7	19981.8	10.9157	422	650	174	1	0.0001 Colloc0 422 2581 0.0126069 138.71
1450	1	912.929	20091.4	20080.4	10.927	425	623	201	0	0.0001 Colloc0 425 2576 0.0329824 139.371
1460	1	919.338	20077.7	20066.8	10.8711	423	601	223	0	0.0001 Colloc0 423 2568 0.000498201 136.117
1470	1	925.566	20064.8	20054.4	10.3911	420	607	217	1	0.0001 Colloc0 420 2586 0.0680607 109.582
1480	1	931.81	19983.2	19972.4	10.7348	412	634	190	1	0.0001 Colloc0 412 2582 0.0229035 128.324
1490	1	937.971	19958.5	19947.6	10.9535	423	663	161	1	0.0001 Colloc0 423 2564 0.00655734 140.922
1500	1	944.251	19937.9	19926.9	10.9361	426	667	157	0	0.0001 Colloc0 426 2575 0.000936784 139.904
1510	1	950.461	20086.7	20075.8	10.8335	425	615	209	1	0.0001 Colloc0 425 2571 0.0037189 133.946
1520	1	956.558	20044.2	20033.3	10.8934	421	621	203	0	0.0001 Colloc0 421 2570 0.00630389 137.413
1530	1	962.697	20021.4	20010.4	11.0274	434	616	208	0	0.0001 Colloc0 434 2573 0.00318349 145.291
1540	1	968.89	19967.1	19956.5	10.6561	415	650	174	2	0.0001 Colloc0 415 2569 0.0522021 123.917
1550	1	975.039	20003.9	19992.7	11.2484	430	633	191	2	0.0001 Colloc0 430 2569 0.011573 158.668
1560	1	981.162	20009.1	19998	11.0775	425	628	196	1	0.0001 Colloc0 425 2560 0.000709975 148.285
1570	1	987.581	20072.8	20061.8	10.9841	428	607	217	2	0.0001 Colloc0 428 2564 0.0349774 142.726
1580	1	994.009	20042.2	20031.4	10.8261	423	626	198	1	0.0001 Colloc0 423 2556 0.0222456 133.523
1590	1	1000.39	20023.7	20012.9	10.8212	425	624	200	0	0.0001 Colloc0 425 2564 0.0241749 133.24
1600	1	1006.73	20050.1	20039.4	10.7225	432	633	191	1	0.0001 Colloc0 432 2566 0.0530265 127.633
1610	1	1012.99	20053.9	20043.2	10.6543	424	611	213	0	0.0001 Colloc0 424 2565 0.00406206 123.819
1620	1	1019.23	20014.8	20004	10.8167	422	623	201	0	0.0001 Colloc0 422 2563 0.0174086 132.986
1630	1	1025.45	20053.7	20042.7	11.0056	428	608	216	1	0.0001 Colloc0 428 2551 0.0235497 143.997
1640	1	1031.89	20058.5	20047.5	10.9689	427	596	228	0	0.0001 Colloc0 427 2571 0.00354486 141.83
1650	1	1038.38	19956.1	19945.4	10.675	418	640	184	0	0.0001 Colloc0 418 2555 0.0426371 124.969
1660	1	1044.82	20035.3	20024.3	11.0417	419	607	217	1	0.0001 Colloc0 419 2566 0.00682938 146.145
1670	1	1051.18	20028.7	20017.8	10.9043	419	626	198	0	0.0001 Colloc0 419 2559 0.00563925 138.047
1680	1	1057.5	19970.5	19959.5	10.978	420	648	176	1	0.0001 Colloc0 420 2562 0.0094157 142.366
1690	1	1063.78	20013.2	20002.4	10.8048	426	628	196	2	0.0001 Colloc0 426 2580 0.0330895 132.303
1700	1	1070.12	19959.1	19948.2	10.8892	430	642	182	1	0.0001 Colloc0 430 2560 0.0434638 137.168
1710	1	1076.35	19905.1	19894.5	10.6889	416	668	156	1	0.0001 Colloc0 416 2577 0.0676236 125.745
1720	1	1082.6	19894.7	19883.9	10.8139	416	658	166	0	0.0001 Colloc0 416 2561 0.0102897 132.821
1730	1	1088.83	20039.7	20028.6	11.0169	434	633	191	0	0.0001 Colloc0 434 2566 0.0157535 144.667
1740	1	1095.17	19954.9	19943.8	11.0742	425	644	180	0	0.0001 Colloc0 425 2550 0.0121047 148.085
1750	1	1101.3	19928.5	19917.4	11.1472	422	646	178	1	0.0001 Colloc0 422 2567 0.00315538 152.484
1760	1	1107.42	19983.7	19972.5	11.1516	418	629	195	0	0.0001 Colloc0 418 2576 0.000128419 152.751
1770	1	1113.76	20020	20008.9	11.0667	429	615	209	0	0.0001 Colloc0 429 2561 0.00377848 147.637
1780	1	1119.99	19960.1	19949.2	10.8929	429	646	178	0	0.0001 Colloc0 429 2565 0.0179959 137.383
1790	1	1126.11	20067.2	20056	11.1648	429	616	208	0	0.0001 Colloc0 429 2577 0.00130303 153.555
1800	1	1132.43	20042.5	20031.7	10.7953	429	623	201	1	0.0001 Colloc0 429 2568 0.0569599 131.758
1810	1	1138.74	20010.6	19999.6	11.016	428	623	201	1	0.0001 Colloc0 428 2566 0.0144334 144.616
1820	1	1144.99	19944.7	19933.8	10.8317	422	652	172	0	0.0001 Colloc0 422 2562 0.00381136 133.848
1830	1	1151.23	19956.2	19945.3	10.8535	422	631	193	0	0.0001 Colloc0 422 2566 0.0191375 135.103
1840	1	1157.62	20027.4	20016.8	10.6427	425	622	202	0	0.0001 Colloc0 425 2572 0.0469708 123.171
1850	1	1163.88	20082.9	20071.7	11.1318	424	605	219	1	0.0001 Colloc0 424 2572 0.000442045 151.551
1860	1	1170.26	20030.7	20020	10.6404	427	621	203	2	0.0001 Colloc0 427 2562 0.0819191 123.043
1870	1	1176.39	19921.2	19910.2	11.0379	418	645	179	0	0.0001 Colloc0 418 2572 0.00680861 145.914
1880	1	1182.72	19997.7	19986.8	10.884	420	620	204	2	0.0001 Colloc0 420 2568 0.0068534 136.866
1890	1	1189.07	20021.3	20010.6	10.7604	418	627	197	0	0.0001 Colloc0 418 2587 0.0115062 129.776
1900	1	1195.53	20038.8	20028	10.8236	431	626	198	1	0.0001 Colloc0 431 2565 0.00747071 133.381
1910	1	1201.91	20020.6	20009.8	10.7771	426	613	211	1	0.0001 Colloc0 426 2564 0.0167519 130.723
1920	1	1208.32	19984.2	19973.4	10.8266	423	645	179	0	0.0001 Colloc0 423 2564 0.0607353 133.551
1930	1	1214.64	20022	20010.9	11.0575	423	607	217	1	0.0001 Colloc0 423 2567 0.00999298 147.088
1940	1	1221.14	19928.7	19917.9	10.8031	418	651	173	1	0.0001 Colloc0 418 2559 0.0226019 132.206
1950	1	1227.47	19891.8	19881	10.8124	416	663	161	1	0.0001 Colloc0 416 2555 0.011996 132.739
1960	1	1233.68	19979.2	19968.1	11.0623	438	649	175	1	0.0001 Colloc0 438 2548 0.00923894 147.374
1970	1	1240.08	20004.5	19993.8	10.698	429	631	193	0	0.0001 Colloc0 429 2581 0.0350117 126.253
1980	1	1246.57	19951.6	19940.9	10.7497	427	636	188	2	0.0001 Colloc0 427 2558 0.029401 129.166
1990	1	1252.98	20045.1	20033.9	11.2109	439	644	180	2	0.0001 Colloc0 439 2566 0.0586447 156.368
2000	1	1259.43	20005.3	19994.3	10.9799	425	628	196	1	0.0001 Colloc0 425 2563 0.00298939 142.478
