# D = 0, E = 1, I = 1, P = 1, R = -1, n = 2000, N = 1, P = 1, w = 1, a = 0.0001, b = 10000, e = 1, f = 1, g = 100, h = 0.01, r = 27520, s = 1, S = 0, x = 10, m = 100, Z = 1, z = 0, T = 1, t = 1
# 7932 tokens in 824 sentences
#
# It	Temp	Time	-logP	-logPcorpus	-logPrior	tables	same	changed	reject	default_pya	(parent pym pyn pya pyb)*
0	1	0.45893	26001.5	25887.8	113.764	776	0	824	0	0.0001 Colloc0 776 1691 0.0001 10000
10	1	6.85796	20409	20397.2	11.7631	481	564	260	1	0.0001 Colloc0 481 2392 0.00894171 191.516
20	1	13.123	20150.5	20139.3	11.274	460	610	214	0	0.0001 Colloc0 460 2418 0.0101879 160.25
30	1	19.485	20058.5	20047.3	11.1804	444	618	206	0	0.0001 Colloc0 444 2420 0.0124571 154.507
40	1	25.8561	19970.2	19959.4	10.8258	444	645	179	0	0.0001 Colloc0 444 2432 0.0369459 133.505
50	1	32.2621	20013.5	20002.6	10.9017	445	643	181	0	0.0001 Colloc0 445 2431 0.0507435 137.895
60	1	38.6131	19892.9	19881.5	11.3275	436	673	151	1	0.0001 Colloc0 436 2406 0.00983318 163.573
70	1	44.7602	19914.6	19903.3	11.3178	434	645	179	0	0.0001 Colloc0 434 2433 0.00523378 162.966
80	1	50.8993	19862.8	19851.9	10.9634	432	658	166	1	0.0001 Colloc0 432 2430 0.0063965 141.503
90	1	57.2393	19770.4	19759.5	10.8841	426	701	123	0	0.0001 Colloc0 426 2438 0.014849 136.87
100	1	63.5303	19905.1	19894.2	10.9516	439	649	175	1	0.0001 Colloc0 439 2432 0.0123441 140.812
110	1	69.8064	19921.5	19910.2	11.3101	437	635	189	2	0.0001 Colloc0 437 2452 0.0178365 162.489
120	1	75.9774	19817.5	19806.8	10.6634	427	660	164	0	0.0001 Colloc0 427 2447 0.0748804 124.322
130	1	82.1505	19806.9	19795.9	11.0519	422	675	149	0	0.0001 Colloc0 422 2448 0.00190294 146.751
140	1	88.2916	19830.1	19819.2	10.8983	433	658	166	1	0.0001 Colloc0 433 2436 0.0228922 137.697
150	1	94.4726	19839.5	19828.6	10.8688	423	667	157	0	0.0001 Colloc0 423 2450 0.014624 135.985
160	1	100.882	19738.9	19728.1	10.7776	427	693	131	1	0.0001 Colloc0 427 2441 0.0325705 130.752
170	1	107.198	19790.6	19779.5	11.0988	433	656	168	1	0.0001 Colloc0 433 2438 0.0418943 149.564
180	1	113.458	19770.1	19758.9	11.2005	426	673	151	0	0.0001 Colloc0 426 2432 0.00886941 155.73
190	1	119.558	19788.6	19777.8	10.8139	424	676	148	1	0.0001 Colloc0 424 2455 0.0845502 132.823
200	1	125.85	19849.5	19838.6	10.9159	428	635	189	1	0.0001 Colloc0 428 2444 0.0143075 138.72
210	1	132.16	19932.5	19921.1	11.3618	445	627	197	1	0.0001 Colloc0 445 2456 0.00458332 165.713
220	1	138.552	19799.3	19788.5	10.8234	423	647	177	0	0.0001 Colloc0 423 2441 0.0220374 133.367
230	1	144.664	19763.1	19752.4	10.7506	419	646	178	1	0.0001 Colloc0 419 2443 0.0109978 129.219
240	1	150.99	19745.5	19734.6	10.9022	423	668	156	2	0.0001 Colloc0 423 2449 0.00732746 137.925
250	1	157.152	19754.2	19743.2	10.9774	428	675	149	1	0.0001 Colloc0 428 2444 0.0278496 142.329
260	1	163.261	19814.1	19802.8	11.3384	440	656	168	0	0.0001 Colloc0 440 2433 0.0136082 164.25
270	1	169.564	19777.2	19765.9	11.2945	422	660	164	0	0.0001 Colloc0 422 2431 0.0234254 161.518
280	1	175.759	19721	19710	11.0211	423	673	151	0	0.0001 Colloc0 423 2446 0.0105983 144.919
290	1	181.791	19813.5	19802.3	11.277	440	644	180	1	0.0001 Colloc0 440 2448 0.00471243 160.438
300	1	188.05	19797.5	19786.5	11.0028	422	663	161	3	0.0001 Colloc0 422 2453 0.033364 143.832
310	1	194.332	19683.1	19672.1	11.0086	421	694	130	0	0.0001 Colloc0 421 2436 0.0081353 144.177
320	1	200.619	19778.3	19767.4	10.9202	416	663	161	1	0.0001 Colloc0 416 2461 0.0106858 138.972
330	1	206.926	19870	19858.9	11.0908	437	645	179	0	0.0001 Colloc0 437 2458 0.0405796 149.08
340	1	213.025	19824	19813.1	10.8493	429	645	179	0	0.0001 Colloc0 429 2464 0.0394041 134.86
350	1	219.231	19853.6	19842.7	10.8327	423	646	178	1	0.0001 Colloc0 423 2469 0.00319512 133.905
360	1	225.579	19812.2	19801	11.1605	430	641	183	0	0.0001 Colloc0 430 2462 0.014171 153.295
370	1	231.936	19810.5	19799.8	10.7009	423	651	173	1	0.0001 Colloc0 423 2477 0.0637958 126.415
380	1	238.268	19823.2	19812.6	10.6657	429	636	188	0	0.0001 Colloc0 429 2468 0.0600075 124.448
390	1	244.559	19768.6	19757.4	11.17	426	669	155	1	0.0001 Colloc0 426 2475 0.00239634 153.872
400	1	250.827	19750.8	19739.8	10.9708	419	668	156	1	0.0001 Colloc0 419 2466 0.0107514 141.94
410	1	257.054	19717.3	19706.3	11.0131	412	654	170	1	0.0001 Colloc0 412 2473 0.00612172 144.442
420	1	263.366	19764.2	19753.1	11.075	422	663	161	0	0.0001 Colloc0 422 2461 0.00338819 148.136
430	1	269.706	19741.5	19730.6	10.9625	412	662	162	1	0.0001 Colloc0 412 2466 0.027501 141.454
440	1	275.967	19752.2	19741	11.2089	420	657	167	1	0.0001 Colloc0 420 2473 0.0176495 156.243
450	1	282.267	19794.6	19783.7	10.8682	421	642	182	1	0.0001 Colloc0 421 2475 0.000645994 135.947
460	1	288.563	19808.4	19797.5	10.8966	421	621	203	0	0.0001 Colloc0 421 2470 0.00223821 137.601
470	1	294.934	19846.7	19835.4	11.2545	425	620	204	3	0.0001 Colloc0 425 2471 0.00167571 159.049
480	1	301.282	19869.6	19858.8	10.8365	435	623	201	0	0.0001 Colloc0 435 2482 0.039715 134.122
490	1	307.63	19747.5	19736.8	10.7536	413	650	174	0	0.0001 Colloc0 413 2467 0.0114257 129.389
500	1	313.969	19744.8	19733.8	10.9209	424	662	162	0	0.0001 Colloc0 424 2471 0.00561976 139.013
510	1	320.303	19799.7	19788.7	10.9757	417	645	179	0	0.0001 Colloc0 417 2486 0.0155957 142.23
520	1	326.539	19767.6	19756.8	10.8649	423	654	170	1	0.0001 Colloc0 423 2461 0.0309291 135.757
530	1	332.814	19761	19750.1	10.9041	426	667	157	0	0.0001 Colloc0 426 2467 0.0454165 138.035
540	1	339.087	19722.5	19711.7	10.7605	420	676	148	2	0.0001 Colloc0 420 2461 0.0280151 129.78
550	1	345.282	19707.9	19697.1	10.8173	421	660	164	1	0.0001 Colloc0 421 2465 0.0385546 133.02
560	1	351.424	19731.9	19721	10.882	434	650	174	0	0.0001 Colloc0 434 2458 0.0571099 136.747
570	1	357.62	19739.2	19728.2	11.0208	413	662	162	3	0.0001 Colloc0 413 2465 0.0114404 144.902
580	1	363.607	19797.1	19786.4	10.6965	420	651	173	0	0.0001 Colloc0 420 2472 0.034565 126.171
590	1	369.699	19683.2	19672.6	10.6635	411	655	169	0	0.0001 Colloc0 411 2451 0.0290971 124.33
600	1	375.773	19698.2	19687.3	10.9008	416	651	173	0	0.0001 Colloc0 416 2469 0.000912835 137.843
610	1	382.052	19794.6	19784	10.6546	425	647	177	0	0.0001 Colloc0 425 2486 0.0351499 123.832
620	1	388.286	19663.8	19653.4	10.4241	410	671	153	0	0.0001 Colloc0 410 2465 0.0545854 111.325
630	1	394.416	19764.9	19753.9	11.0069	430	639	185	0	0.0001 Colloc0 430 2465 0.0169863 144.076
640	1	400.768	19717.6	19706.7	10.9076	431	664	160	1	0.0001 Colloc0 431 2465 0.0243472 138.241
650	1	406.919	19742.9	19731.9	10.9337	417	640	184	0	0.0001 Colloc0 417 2471 0.0122279 139.761
660	1	413.172	19672.2	19661.6	10.6743	411	662	162	0	0.0001 Colloc0 411 2468 0.0163016 124.928
670	1	419.314	19648.7	19638.1	10.5729	411	672	152	0	0.0001 Colloc0 411 2478 0.0267077 119.329
680	1	425.45	19657.3	19646.4	10.87	412	655	169	1	0.0001 Colloc0 412 2468 0.026975 136.053
690	1	431.675	19667.5	19656.5	11.0039	420	683	141	1	0.0001 Colloc0 420 2477 0.0246526 143.894
700	1	437.969	19663.2	19652.4	10.7757	420	655	169	0	0.0001 Colloc0 420 2464 0.00901176 130.642
710	1	444.251	19645.8	19635	10.8119	403	694	130	1	0.0001 Colloc0 403 2484 0.016034 132.707
720	1	450.644	19665.6	19654.9	10.7532	402	673	151	0	0.0001 Colloc0 402 2475 0.019517 129.366
730	1	456.865	19695.9	19685	10.9121	409	681	143	1	0.0001 Colloc0 409 2488 0.00875382 138.5
740	1	463.105	19750.4	19739.5	10.9834	414	644	180	0	0.0001 Colloc0 414 2475 0.0170943 142.682
750	1	469.436	19710.8	19699.9	10.8584	410	652	172	0	0.0001 Colloc0 410 2485 0.00017086 135.386
760	1	475.684	19716	19704.7	11.2308	418	652	172	1	0.0001 Colloc0 418 2467 0.0175331 157.588
770	1	481.926	19587.7	19576.8	10.9204	403	716	108	0	0.0001 Colloc0 403 2466 0.00460823 138.986
780	1	488.282	19674.9	19664.4	10.5327	408	659	165	1	0.0001 Colloc0 408 2482 0.0744487 117.142
790	1	494.582	19688.6	19677.7	10.9196	416	652	172	0	0.0001 Colloc0 416 2482 0.00380526 138.94
800	1	500.941	19693.4	19682.4	11.0127	413	645	179	0	0.0001 Colloc0 413 2477 0.0134515 144.419
810	1	507.266	19561.6	19551.2	10.4802	404	702	122	0	0.0001 Colloc0 404 2473 0.0453098 114.315
820	1	513.581	19638.4	19627.5	10.9886	410	681	143	2	0.0001 Colloc0 410 2477 0.00866272 142.993
830	1	519.871	19622.7	19611.7	10.9845	419	682	142	0	0.0001 Colloc0 419 2479 0.03346 142.751
840	1	526.155	19639.6	19629	10.6393	413	686	138	0	0.0001 Colloc0 413 2468 0.0337811 122.983
850	1	532.45	19620.8	19609.9	10.8967	408	684	140	0	0.0001 Colloc0 408 2477 0.0043447 137.601
860	1	538.882	19539.9	19529.3	10.6252	399	704	120	1	0.0001 Colloc0 399 2466 0.00195578 122.204
870	1	545.151	19626.5	19615.7	10.7826	411	694	130	2	0.0001 Colloc0 411 2472 0.0014382 131.035
880	1	551.367	19703.9	19693.5	10.4363	410	666	158	0	0.0001 Colloc0 410 2479 0.0851997 111.969
890	1	557.561	19776.6	19765.9	10.737	425	657	167	0	0.0001 Colloc0 425 2492 0.0532747 128.447
900	1	563.894	19755.4	19744.4	11.0709	423	650	174	0	0.0001 Colloc0 423 2482 0.00597295 147.89
910	1	570.205	19771.3	19760.7	10.6334	423	633	191	0	0.0001 Colloc0 423 2497 0.00629984 122.658
920	1	576.477	19620.3	19609.4	10.9069	404	682	142	0	0.0001 Colloc0 404 2470 0.00252986 138.2
930	1	582.881	19674.5	19663.6	10.8786	415	680	144	1	0.0001 Colloc0 415 2486 0.0052466 136.554
940	1	589.196	19742.3	19731.7	10.6085	410	646	178	0	0.0001 Colloc0 410 2500 0.0244498 121.281
950	1	595.303	19692.9	19681.9	11.0167	419	654	170	0	0.0001 Colloc0 419 2467 0.00884818 144.658
960	1	601.229	19619.9	19609	10.8292	415	699	125	0	0.0001 Colloc0 415 2485 0.00870737 133.701
970	1	607.484	19763.3	19752.6	10.7448	417	653	171	1	0.0001 Colloc0 417 2490 0.0340983 128.887
980	1	613.611	19721.5	19710.5	10.9649	410	669	155	1	0.0001 Colloc0 410 2493 0.0381819 141.594
990	1	619.779	19715.7	19704.9	10.7977	410	655	169	0	0.0001 Colloc0 410 2476 0.0153375 131.896
1000	1	626.053	19689.2	19678.5	10.6883	412	650	174	0	0.0001 Colloc0 412 2473 0.00680934 125.71
1010	1	632.217	19734.1	19723.3	10.7267	405	651	173	3	0.0001 Colloc0 405 2495 0.0118952 127.867
1020	1	638.316	19715.2	19704.1	11.1225	418	650	174	1	0.0001 Colloc0 418 2495 0.000362529 150.992
1030	1	644.498	19624.7	19614.1	10.5409	401	682	142	0	0.0001 Colloc0 401 2501 0.00383343 117.584
1040	1	650.757	19734.9	19723.9	10.9735	422	629	195	2	0.0001 Colloc0 422 2489 0.00520893 142.098
1050	1	657.042	19619.9	19609	10.9083	408	660	164	2	0.0001 Colloc0 408 2469 0.0034841 138.281
1060	1	663.35	19665.3	19654.7	10.6266	414	678	146	1	0.0001 Colloc0 414 2469 0.0617841 122.28
1070	1	669.717	19701.1	19690	11.1105	416	655	169	1	0.0001 Colloc0 416 2476 0.00241212 150.267
1080	1	676.025	19671.3	19660.3	11.0224	418	658	166	0	0.0001 Colloc0 418 2484 0.0412749 144.993
1090	1	682.315	19695.2	19684.5	10.7049	413	654	170	1	0.0001 Colloc0 413 2482 0.0647229 126.64
1100	1	688.41	19704.9	19694.2	10.7175	417	643	181	1	0.0001 Colloc0 417 2493 0.0494322 127.349
1110	1	694.591	19695	19684.2	10.8112	420	668	156	0	0.0001 Colloc0 420 2477 0.00554415 132.669
1120	1	700.67	19678.3	19667.4	10.9263	412	680	144	2	0.0001 Colloc0 412 2490 0.000668542 139.332
1130	1	706.883	19643	19632.3	10.6153	403	684	140	0	0.0001 Colloc0 403 2490 0.0282821 121.656
1140	1	713.217	19685.1	19674.4	10.7265	415	663	161	0	0.0001 Colloc0 415 2485 0.0188611 127.855
1150	1	719.551	19623.1	19612.1	11.0646	401	692	132	0	0.0001 Colloc0 401 2494 0.0200199 147.514
1160	1	725.852	19737.5	19727	10.5205	409	648	176	0	0.0001 Colloc0 409 2494 0.0487746 116.481
1170	1	732.141	19816.3	19805.8	10.5619	421	635	189	0	0.0001 Colloc0 421 2498 0.0923636 118.729
1180	1	738.404	19706.2	19695.5	10.617	412	659	165	0	0.0001 Colloc0 412 2502 0.0574783 121.753
1190	1	744.506	19652.4	19641.5	10.9098	414	689	135	0	0.0001 Colloc0 414 2487 0.0174848 138.365
1200	1	750.655	19727.2	19716.2	11.0438	411	654	170	0	0.0001 Colloc0 411 2488 0.0206024 146.266
1210	1	757.017	19727.5	19716.9	10.6625	414	656	168	0	0.0001 Colloc0 414 2493 0.0309967 124.27
1220	1	763.216	19718.9	19708	10.8646	410	647	177	0	0.0001 Colloc0 410 2487 0.00672631 135.744
1230	1	769.602	19715.6	19704.7	10.849	413	642	182	0	0.0001 Colloc0 413 2491 0.0239158 134.84
1240	1	775.705	19724.2	19713.5	10.7073	417	652	172	1	0.0001 Colloc0 417 2481 0.0614916 126.778
1250	1	781.79	19683	19672.4	10.5684	408	678	146	3	0.0001 Colloc0 408 2488 0.0370905 119.084
1260	1	788.076	19609.7	19599	10.7345	401	696	128	0	0.0001 Colloc0 401 2481 0.00161802 128.308
1270	1	794.058	19695.3	19684.7	10.6012	417	672	152	0	0.0001 Colloc0 417 2470 0.0161151 120.883
1280	1	800.15	19690.4	19679.6	10.7855	413	674	150	0	0.0001 Colloc0 413 2479 0.0193365 131.203
1290	1	806.499	19710.9	19700	10.8709	419	666	158	0	0.0001 Colloc0 419 2496 0.0102807 136.109
1300	1	812.696	19663.6	19652.9	10.7144	409	671	153	1	0.0001 Colloc0 409 2496 0.0473742 127.178
1310	1	818.774	19659.6	19648.9	10.6509	408	669	155	2	0.0001 Colloc0 408 2487 0.0263385 123.627
1320	1	824.925	19743.3	19732.7	10.6537	420	650	174	0	0.0001 Colloc0 420 2478 0.0104464 123.783
1330	1	831.172	19673.6	19662.7	10.8349	415	650	174	2	0.0001 Colloc0 415 2476 0.0296339 134.031
1340	1	837.483	19677.3	19666.4	10.9359	414	671	153	1	0.0001 Colloc0 414 2487 0.0233366 139.894
1350	1	843.639	19627.3	19616.9	10.3343	412	682	142	0	0.0001 Colloc0 412 2491 0.100261 106.617
1360	1	849.851	19667.7	19657.1	10.6017	411	672	152	0	0.0001 Colloc0 411 2477 0.0571942 120.908
1370	1	856.085	19709.9	19698.9	10.9157	417	658	166	0	0.0001 Colloc0 417 2471 0.0230133 138.713
1380	1	862.35	19607.6	19597	10.622	415	662	162	0	0.0001 Colloc0 415 2489 0.0872612 122.028
1390	1	868.361	19736.1	19725.2	10.8359	415	621	203	0	0.0001 Colloc0 415 2483 0.000572502 134.084
1400	1	874.712	19722.1	19711.2	10.8863	416	651	173	1	0.0001 Colloc0 416 2480 0.0311444 137.002
1410	1	880.88	19738.8	19728	10.8366	410	630	194	1	0.0001 Colloc0 410 2495 0.00244619 134.128
1420	1	887.165	19705.4	19694.3	11.1461	414	643	181	1	0.0001 Colloc0 414 2489 0.00135832 152.419
1430	1	893.395	19740	19729	11.0263	417	641	183	0	0.0001 Colloc0 417 2471 0.00801523 145.224
1440	1	899.715	19719.9	19708.8	11.0701	416	661	163	1	0.0001 Colloc0 416 2490 0.00511926 147.838
1450	1	906.025	19641.3	19630.4	10.8641	413	663	161	0	0.0001 Colloc0 413 2475 0.0119013 135.711
1460	1	912.164	19602.8	19591.9	10.9172	407	679	145	0	0.0001 Colloc0 407 2469 0.0243765 138.8
1470	1	918.326	19645.8	19634.8	11.0749	419	662	162	0	0.0001 Colloc0 419 2471 0.00489797 148.126
1480	1	924.52	19604.4	19593.4	11.0257	413	685	139	1	0.0001 Colloc0 413 2471 0.000682415 145.19
1490	1	930.75	19620.4	19609.8	10.6465	408	671	153	1	0.0001 Colloc0 408 2468 0.00561116 123.382
1500	1	936.91	19579.3	19568.4	10.9465	409	678	146	2	0.0001 Colloc0 409 2458 0.00141679 140.515
1510	1	943.137	19678.5	19667.7	10.746	414	618	206	0	0.0001 Colloc0 414 2456 0.033332 128.957
1520	1	949.443	19585.6	19575.1	10.5366	408	662	162	1	0.0001 Colloc0 408 2460 0.00290058 117.356
1530	1	955.63	19582.8	19571.7	11.0427	414	672	152	0	0.0001 Colloc0 414 2448 0.0151304 146.203
1540	1	961.88	19660.6	19649.7	10.9779	414	629	195	1	0.0001 Colloc0 414 2467 0.0034449 142.36
1550	1	968.115	19629.5	19618.6	10.8326	418	671	153	0	0.0001 Colloc0 418 2463 0.0371611 133.9
1560	1	974.085	19640.4	19629.4	10.9955	411	667	157	1	0.0001 Colloc0 411 2457 0.0222904 143.397
1570	1	980.392	19620.5	19609.7	10.7827	412	666	158	1	0.0001 Colloc0 412 2467 0.000878752 131.041
1580	1	986.637	19613.1	19602.3	10.7443	415	665	159	0	0.0001 Colloc0 415 2456 0.0626468 128.863
1590	1	992.905	19568.9	19558.3	10.6435	410	674	150	0	0.0001 Colloc0 410 2449 0.00643664 123.219
1600	1	999.107	19606.6	19595.7	10.9158	418	696	128	1	0.0001 Colloc0 418 2477 0.00852379 138.716
1610	1	1005.33	19572	19561	10.9222	411	688	136	0	0.0001 Colloc0 411 2447 0.0350985 139.093
1620	1	1011.56	19640	19629.1	10.9496	415	666	158	1	0.0001 Colloc0 415 2464 0.0244638 140.693
1630	1	1017.89	19625.3	19614.5	10.7367	416	659	165	1	0.0001 Colloc0 416 2468 0.02854 128.432
1640	1	1024.11	19695.7	19684.9	10.7705	421	655	169	2	0.0001 Colloc0 421 2472 0.0113836 130.346
1650	1	1030.31	19648.4	19637.6	10.8101	423	675	149	2	0.0001 Colloc0 423 2466 0.0425101 132.607
1660	1	1036.58	19647.7	19636.6	11.0121	417	655	169	0	0.0001 Colloc0 417 2465 0.0031833 144.38
1670	1	1042.72	19564.7	19553.7	10.9273	404	681	143	0	0.0001 Colloc0 404 2472 0.000221649 139.39
1680	1	1048.79	19491.1	19480.2	10.969	413	716	108	1	0.0001 Colloc0 413 2452 0.000104084 141.837
1690	1	1055.16	19611.7	19601	10.6768	422	673	151	4	0.0001 Colloc0 422 2457 0.0248243 125.07
1700	1	1061.44	19538.8	19528.2	10.622	409	694	130	0	0.0001 Colloc0 409 2462 0.0391757 122.027
1710	1	1067.8	19684.7	19673.8	10.8789	420	656	168	0	0.0001 Colloc0 420 2462 0.0254181 136.572
1720	1	1074.11	19541.3	19530.1	11.2709	409	698	126	0	0.0001 Colloc0 409 2469 0.000785844 160.06
1730	1	1080.36	19611.7	19600.8	10.9532	418	679	145	0	0.0001 Colloc0 418 2461 0.0117281 140.908
1740	1	1086.49	19611.2	19600.5	10.6726	408	673	151	2	0.0001 Colloc0 408 2469 0.00431485 124.834
1750	1	1092.74	19607.4	19596.4	10.9445	411	677	147	1	0.0001 Colloc0 411 2464 0.00293674 140.394
1760	1	1098.91	19626.3	19615.6	10.6758	409	672	152	0	0.0001 Colloc0 409 2471 0.0261497 125.016
1770	1	1105.24	19619.5	19608.7	10.7654	419	672	152	1	0.0001 Colloc0 419 2458 0.0399151 130.055
1780	1	1111.63	19561.6	19550.9	10.7446	408	683	141	0	0.0001 Colloc0 408 2461 0.0122917 128.88
1790	1	1117.73	19544.7	19533.9	10.7881	411	666	158	1	0.0001 Colloc0 411 2458 0.0170527 131.349
1800	1	1123.94	19531.1	19520.6	10.5377	405	693	131	1	0.0001 Colloc0 405 2458 0.022507 117.414
1810	1	1129.91	19553.3	19542.3	10.9569	415	675	149	0	0.0001 Colloc0 415 2450 0.00388559 141.121
1820	1	1136.07	19606.8	19595.7	11.0173	421	666	158	0	0.0001 Colloc0 421 2455 0.0374791 144.689
1830	1	1142.46	19636.8	19625.9	10.8669	411	666	158	2	0.0001 Colloc0 411 2448 0.00630419 135.878
1840	1	1148.7	19639.6	19628.9	10.6516	417	655	169	0	0.0001 Colloc0 417 2450 0.0736459 123.668
1850	1	1155.05	19621.8	19611	10.8207	413	666	158	1	0.0001 Colloc0 413 2443 0.00208539 133.214
1860	1	1161.35	19623.7	19612.9	10.8803	415	697	127	1	0.0001 Colloc0 415 2439 0.0465299 136.652
1870	1	1167.65	19620.9	19609.9	10.971	422	669	155	0	0.0001 Colloc0 422 2451 0.0108837 141.954
1880	1	1173.88	19589.3	19578.4	10.8895	406	678	146	0	0.0001 Colloc0 406 2455 0.0208299 137.187
1890	1	1180.06	19574.3	19563.4	10.9526	406	675	149	0	0.0001 Colloc0 406 2455 0.00312817 140.872
1900	1	1186.26	19620.4	19609.4	10.9451	424	672	152	0	0.0001 Colloc0 424 2451 0.0153785 140.432
1910	1	1192.52	19551.3	19540.6	10.6594	414	686	138	0	0.0001 Colloc0 414 2447 0.0124502 124.099
1920	1	1198.86	19560.9	19550	10.9179	419	688	136	0	0.0001 Colloc0 419 2443 0.0176873 138.839
1930	1	1205.02	19589.1	19578.2	10.8612	415	685	139	2	0.0001 Colloc0 415 2464 0.0208427 135.548
1940	1	1211.29	19518.1	19507.4	10.7448	409	690	134	1	0.0001 Colloc0 409 2444 0.0126433 128.888
1950	1	1217.55	19559.6	19548.9	10.6609	407	677	147	0	0.0001 Colloc0 407 2441 0.0390677 124.18
1960	1	1223.63	19561.5	19550.7	10.8065	409	675	149	0	0.0001 Colloc0 409 2474 0.00917476 132.4
1970	1	1229.79	19653.9	19643.1	10.8319	424	644	180	1	0.0001 Colloc0 424 2455 0.0240527 133.857
1980	1	1236.27	19605.6	19594.9	10.7801	413	680	144	0	0.0001 Colloc0 413 2468 0.00314316 130.894
1990	1	1242.64	19583.3	19572.6	10.7642	411	675	149	0	0.0001 Colloc0 411 2434 0.0109353 129.988
2000	1	1248.89	19592.9	19582.2	10.7131	408	651	173	1	0.0001 Colloc0 408 2466 0.0503747 127.1
