# D = 0, E = 1, I = 1, P = 1, R = -1, n = 2000, N = 1, P = 1, w = 1, a = 0.0001, b = 10000, e = 1, f = 1, g = 100, h = 0.01, r = 22325, s = 1, S = 0, x = 10, m = 100, Z = 1, z = 0, T = 1, t = 1
# 7932 tokens in 824 sentences
#
# It	Temp	Time	-logP	-logPcorpus	-logPrior	tables	same	changed	reject	default_pya	(parent pym pyn pya pyb)*
0	1	0.531919	33102.6	32988.8	113.764	2953	0	824	0	0.0001 Colloc0 2953 4552 0.0001 10000
10	1	8.27774	23791.7	23780.4	11.2553	512	313	511	1	0.0001 Colloc0 512 3432 0.011753 159.097
20	1	14.4878	23014.7	23004	10.6141	441	363	461	2	0.0001 Colloc0 441 3386 0.0229612 121.593
30	1	20.8438	22745.6	22735	10.6577	415	426	398	2	0.0001 Colloc0 415 3370 0.00696016 124.005
40	1	27.3118	22742.3	22731.9	10.4392	416	413	411	3	0.0001 Colloc0 416 3385 0.00939758 112.126
50	1	33.4629	22636.7	22626.2	10.4318	392	442	382	0	0.0001 Colloc0 392 3374 0.0192251 111.732
60	1	39.708	22368.4	22357.7	10.6934	402	468	356	0	0.0001 Colloc0 402 3330 0.0145255 125.995
70	1	46.042	22435.6	22425.2	10.3933	416	452	372	1	0.0001 Colloc0 416 3308 0.0261697 109.7
80	1	52.349	22404.5	22394	10.4882	415	461	363	2	0.0001 Colloc0 415 3311 0.0337303 114.743
90	1	58.7661	22200.8	22190.3	10.453	397	476	348	1	0.0001 Colloc0 397 3296 0.0112865 112.86
100	1	65.0741	22058.7	22048.3	10.357	375	501	323	4	0.0001 Colloc0 375 3296 0.00885455 107.797
110	1	71.4241	22127.5	22117.3	10.1837	390	462	362	1	0.0001 Colloc0 390 3282 0.0424789 98.9483
120	1	77.8362	22153.7	22143.7	10.0095	393	476	348	1	0.0001 Colloc0 393 3300 0.108518 90.4387
130	1	84.1542	22081.6	22071.1	10.475	392	470	354	0	0.0001 Colloc0 392 3261 0.0240434 114.034
140	1	90.5042	22122.2	22111.6	10.5894	399	473	351	1	0.0001 Colloc0 399 3265 0.0126382 120.234
150	1	96.8573	22206	22195.4	10.6259	409	457	367	0	0.0001 Colloc0 409 3255 0.0173344 122.241
160	1	103.214	21941.1	21930.7	10.4166	398	495	329	1	0.0001 Colloc0 398 3217 0.0137165 110.927
170	1	109.557	21727.7	21717.5	10.2358	391	530	294	2	0.0001 Colloc0 391 3207 0.0233053 101.572
180	1	115.921	21824.7	21814.3	10.477	382	507	317	0	0.0001 Colloc0 382 3220 0.00629185 114.142
190	1	122.146	21719.1	21708.7	10.4	382	523	301	1	0.0001 Colloc0 382 3201 0.0383331 110.052
200	1	128.046	21746.2	21735.5	10.7228	394	522	302	1	0.0001 Colloc0 394 3188 0.00951214 127.646
210	1	134.199	21712.4	21701.9	10.4883	395	522	302	0	0.0001 Colloc0 395 3194 0.0296272 114.747
220	1	140.237	21651.4	21641	10.4399	387	535	289	0	0.0001 Colloc0 387 3186 0.0170089 112.164
230	1	146.329	21723.1	21712.6	10.5495	407	510	314	0	0.0001 Colloc0 407 3180 0.00311581 118.055
240	1	152.529	21622.2	21611.6	10.5568	387	531	293	0	0.0001 Colloc0 387 3185 0.0103177 118.453
250	1	158.776	21673.1	21662.5	10.5972	405	544	280	1	0.0001 Colloc0 405 3184 0.0203434 120.66
260	1	164.744	21607.1	21596.5	10.5993	380	525	299	0	0.0001 Colloc0 380 3170 0.0287275 120.775
270	1	170.802	21764.8	21754.4	10.4229	396	509	315	1	0.0001 Colloc0 396 3189 0.0169039 111.261
280	1	177.195	21559.2	21549	10.2914	388	535	289	0	0.0001 Colloc0 388 3170 0.00626312 104.409
290	1	183.544	21746.6	21736.1	10.5197	403	496	328	0	0.0001 Colloc0 403 3165 0.0263286 116.439
300	1	189.694	21664.6	21654.1	10.4544	398	511	313	0	0.0001 Colloc0 398 3153 0.0191296 112.935
310	1	195.766	21458.4	21448	10.479	386	549	275	0	0.0001 Colloc0 386 3154 0.0278586 114.246
320	1	202.064	21334	21323.5	10.5579	379	556	268	0	0.0001 Colloc0 379 3123 0.0131326 118.511
330	1	208.464	21270.6	21260.4	10.2268	388	597	227	0	0.0001 Colloc0 388 3108 0.0437091 101.114
340	1	214.688	21291.1	21280.7	10.3271	380	552	272	2	0.0001 Colloc0 380 3133 0.0724326 106.246
350	1	220.762	21297.9	21287.9	9.94955	390	540	284	2	0.0001 Colloc0 390 3125 0.0919025 87.5985
360	1	227.013	21342.5	21332.2	10.3659	387	568	256	1	0.0001 Colloc0 387 3126 0.0383587 108.266
370	1	233.011	21238.4	21227.9	10.4295	382	583	241	2	0.0001 Colloc0 382 3109 0.000956255 111.61
380	1	239.064	21244.4	21234.5	9.93082	371	562	262	1	0.0001 Colloc0 371 3103 0.0755684 86.7214
390	1	245.374	21443	21432.5	10.4995	387	518	306	2	0.0001 Colloc0 387 3114 0.0249125 115.351
400	1	251.658	21505.3	21495	10.3083	396	518	306	1	0.0001 Colloc0 396 3135 0.00491946 105.273
410	1	257.816	21340.6	21330.3	10.3729	395	535	289	2	0.0001 Colloc0 395 3126 0.0508598 108.629
420	1	264.037	21263.7	21253.2	10.5028	379	552	272	2	0.0001 Colloc0 379 3107 0.0302426 115.526
430	1	270.253	21351.7	21341.4	10.3217	384	535	289	0	0.0001 Colloc0 384 3115 0.0161101 105.968
440	1	276.653	21329.1	21318.7	10.3465	389	556	268	0	0.0001 Colloc0 389 3111 0.019346 107.252
450	1	282.928	21399.8	21389.4	10.3744	390	519	305	1	0.0001 Colloc0 390 3103 0.0229917 108.71
460	1	289.277	21395.3	21384.7	10.5772	390	506	318	2	0.0001 Colloc0 390 3112 0.00225282 119.563
470	1	295.593	21320.4	21310.1	10.3371	389	536	288	1	0.0001 Colloc0 389 3104 0.0214511 106.765
480	1	301.818	21222.6	21212.4	10.2243	387	551	273	1	0.0001 Colloc0 387 3097 0.0555853 100.988
490	1	307.957	21026.9	21017	9.84776	371	585	239	2	0.0001 Colloc0 371 3100 0.0957829 82.8896
500	1	314.056	21218	21207.6	10.3978	366	545	279	1	0.0001 Colloc0 366 3115 0.00827026 109.936
510	1	320.198	21203.4	21193.3	10.0976	393	553	271	2	0.0001 Colloc0 393 3105 0.0888391 94.6913
520	1	326.35	21228.7	21218.2	10.5452	382	541	283	1	0.0001 Colloc0 382 3109 0.0116215 117.818
530	1	332.624	21263.9	21253.6	10.3104	394	525	299	2	0.0001 Colloc0 394 3092 0.0350484 105.385
540	1	338.896	21057.1	21046.8	10.226	381	591	233	0	0.0001 Colloc0 381 3090 0.0123835 101.077
550	1	345.185	21136.3	21125.8	10.4667	365	563	261	2	0.0001 Colloc0 365 3117 0.00564893 113.593
560	1	351.407	21200.2	21190.1	10.1167	384	541	283	0	0.0001 Colloc0 384 3086 0.0547889 95.6314
570	1	357.674	21349	21338.7	10.2724	381	510	314	0	0.0001 Colloc0 381 3112 0.00117688 103.434
580	1	363.872	21369.9	21359.5	10.3718	388	508	316	0	0.0001 Colloc0 388 3110 0.0409251 108.574
590	1	370.125	21275.8	21265.4	10.3135	384	514	310	1	0.0001 Colloc0 384 3095 0.00490095 105.546
600	1	376.423	21197.9	21187.7	10.1746	381	514	310	0	0.0001 Colloc0 381 3086 0.0362403 98.4942
610	1	382.666	21179.5	21169	10.4946	382	520	304	1	0.0001 Colloc0 382 3085 0.00867972 115.087
620	1	388.704	21225.8	21215.1	10.7153	378	544	280	0	0.0001 Colloc0 378 3095 0.00967584 127.225
630	1	395.037	21114.2	21103.8	10.3965	392	582	242	1	0.0001 Colloc0 392 3076 0.00134256 109.871
640	1	401.349	21110	21099.8	10.2508	375	550	274	0	0.0001 Colloc0 375 3063 0.0204563 102.332
650	1	407.604	21104.7	21094.3	10.4144	376	570	254	0	0.0001 Colloc0 376 3053 0.0312346 110.811
660	1	413.87	21203.4	21192.9	10.5276	387	541	283	0	0.0001 Colloc0 387 3053 0.0324009 116.863
670	1	419.916	21320.1	21309.8	10.3421	401	524	300	1	0.0001 Colloc0 401 3061 0.0796724 107.023
680	1	425.926	21187.4	21177.2	10.1707	396	546	278	0	0.0001 Colloc0 396 3047 0.0430818 98.2998
690	1	431.868	21137	21126.5	10.4297	385	564	260	0	0.0001 Colloc0 385 3053 0.0274605 111.62
700	1	437.999	21298	21287.7	10.3012	403	500	324	1	0.0001 Colloc0 403 3061 0.0276714 104.907
710	1	444.353	21271.9	21261.3	10.5575	392	524	300	1	0.0001 Colloc0 392 3058 0.00588501 118.487
720	1	450.624	21253.3	21242.8	10.4515	394	532	292	2	0.0001 Colloc0 394 3054 0.0198445 112.778
730	1	456.722	21085.1	21075	10.1668	388	596	228	2	0.0001 Colloc0 388 3050 0.0169415 98.109
740	1	463.016	21220.3	21210	10.2522	390	526	298	1	0.0001 Colloc0 390 3071 0.0626688 102.401
750	1	469.025	21192.2	21181.6	10.6525	395	549	275	1	0.0001 Colloc0 395 3063 0.0136121 123.715
760	1	475.247	21213.2	21202.6	10.5566	387	539	285	0	0.0001 Colloc0 387 3038 0.0231915 118.443
770	1	481.239	21149.6	21139.3	10.2574	387	541	283	2	0.0001 Colloc0 387 3030 0.00165395 102.671
780	1	487.334	21033.9	21023.8	10.1701	380	574	250	0	0.0001 Colloc0 380 3036 0.0367108 98.2711
790	1	493.496	21080.8	21070.2	10.5805	390	551	273	2	0.0001 Colloc0 390 3047 0.00119902 119.747
800	1	499.527	21170.6	21160.1	10.4791	392	529	295	1	0.0001 Colloc0 392 3065 0.0273343 114.253
810	1	505.75	21100	21089.7	10.2623	392	553	271	2	0.0001 Colloc0 392 3053 0.0447701 102.916
820	1	511.834	21125.5	21115	10.4499	389	549	275	0	0.0001 Colloc0 389 3037 0.00826526 112.696
830	1	517.948	21181.7	21171.2	10.4743	395	535	289	1	0.0001 Colloc0 395 3032 0.0517484 113.994
840	1	524.246	21185	21174.8	10.1855	397	560	264	2	0.0001 Colloc0 397 3063 0.0751711 99.0394
850	1	530.556	20981.6	20971.6	9.97789	369	590	234	0	0.0001 Colloc0 369 3057 0.0321373 88.9341
860	1	536.653	21054.2	21044	10.2357	374	566	258	0	0.0001 Colloc0 374 3040 0.0178148 101.566
870	1	542.801	21098.9	21088.6	10.2703	393	552	272	1	0.0001 Colloc0 393 3029 0.0196621 103.324
880	1	549.016	21330.8	21320.6	10.221	405	504	320	1	0.0001 Colloc0 405 3042 0.063317 100.825
890	1	555.414	21127.9	21117.5	10.3869	389	566	258	1	0.0001 Colloc0 389 3054 0.00266416 109.364
900	1	561.646	21158.5	21147.9	10.6726	393	541	283	3	0.0001 Colloc0 393 3040 0.0109546 124.832
910	1	567.902	21049.5	21039.3	10.1425	379	575	249	2	0.0001 Colloc0 379 3037 0.0369788 96.9022
920	1	574.258	21269.5	21259.3	10.2071	401	532	292	1	0.0001 Colloc0 401 3055 0.0507344 100.125
930	1	580.389	21232.8	21222.3	10.427	396	536	288	2	0.0001 Colloc0 396 3047 0.0233334 111.479
940	1	586.699	21291.1	21280.8	10.3705	395	524	300	1	0.0001 Colloc0 395 3036 0.00437406 108.505
950	1	593.062	21198.3	21187.5	10.7511	400	542	282	0	0.0001 Colloc0 400 3034 0.0206 129.245
960	1	599.381	21109.6	21099	10.5404	395	542	282	1	0.0001 Colloc0 395 3033 0.00185962 117.559
970	1	605.713	20940.6	20930.4	10.2578	382	582	242	2	0.0001 Colloc0 382 3029 0.0135586 102.69
980	1	611.975	20970.3	20960.1	10.2204	380	613	211	1	0.0001 Colloc0 380 3042 0.00893561 100.794
990	1	617.983	20896.8	20886.6	10.1801	371	611	213	0	0.0001 Colloc0 371 3043 0.0223971 98.7703
1000	1	623.978	21075.3	21064.8	10.5656	399	553	271	0	0.0001 Colloc0 399 3034 0.0361788 118.931
1010	1	630.167	20966.8	20956.5	10.2723	378	592	232	1	0.0001 Colloc0 378 3028 0.0504398 103.429
1020	1	636.497	21000.2	20989.5	10.7354	397	576	248	1	0.0001 Colloc0 397 2989 0.00355683 128.359
1030	1	642.621	21054	21044.3	9.68287	391	558	266	2	0.0001 Colloc0 391 3017 0.129391 75.5626
1040	1	648.811	21030.1	21019.4	10.7016	388	558	266	0	0.0001 Colloc0 388 3000 0.00167812 126.454
1050	1	655.152	21113.6	21103.1	10.4533	391	543	281	1	0.0001 Colloc0 391 3004 0.00423233 112.875
1060	1	661.435	21163.3	21152.3	10.9689	401	531	293	2	0.0001 Colloc0 401 3002 0.0151144 141.831
1070	1	667.983	21068.6	21058.2	10.4427	405	555	269	0	0.0001 Colloc0 405 2990 0.0386378 112.311
1080	1	674.225	21036.8	21026.1	10.6769	402	566	258	1	0.0001 Colloc0 402 2978 0.0322048 125.073
1090	1	680.594	21145	21134.3	10.6145	395	532	292	1	0.0001 Colloc0 395 3012 0.00340562 121.613
1100	1	686.762	20987.2	20976.6	10.6115	393	581	243	1	0.0001 Colloc0 393 3009 0.0246014 121.446
1110	1	693.189	20932.2	20921.6	10.5606	381	592	232	0	0.0001 Colloc0 381 2992 0.00116555 118.659
1120	1	699.419	20908.7	20898.5	10.2683	377	600	224	0	0.0001 Colloc0 377 3006 0.0117542 103.224
1130	1	705.66	21010.9	21000.3	10.6564	396	569	255	0	0.0001 Colloc0 396 3011 0.014107 123.933
1140	1	711.954	20945.6	20935	10.5911	383	603	221	0	0.0001 Colloc0 383 3005 0.00117378 120.329
1150	1	718.179	20959.3	20948.6	10.6167	392	594	230	0	0.0001 Colloc0 392 2987 0.0198468 121.737
1160	1	724.487	20885.4	20875	10.3536	386	600	224	0	0.0001 Colloc0 386 2987 0.0297071 107.62
1170	1	730.83	20927.4	20917.2	10.1406	386	601	223	0	0.0001 Colloc0 386 3009 0.0529955 96.8055
1180	1	737.145	20925.7	20915.4	10.2684	383	585	239	0	0.0001 Colloc0 383 2991 0.0240511 103.227
1190	1	743.415	21017	21006.4	10.6272	402	561	263	0	0.0001 Colloc0 402 2990 0.0642697 122.313
1200	1	749.765	21151.4	21140.8	10.5722	408	552	272	0	0.0001 Colloc0 408 2987 0.0370892 119.291
1210	1	756.036	20966.4	20955.8	10.6384	381	570	254	1	0.0001 Colloc0 381 3001 0.0359205 122.934
1220	1	762.121	20905.2	20894.7	10.551	387	566	258	1	0.0001 Colloc0 387 2997 0.0168237 118.137
1230	1	768.293	20964.4	20954.1	10.29	387	579	245	0	0.0001 Colloc0 387 3017 0.0321592 104.335
1240	1	774.556	20709.4	20699.2	10.2154	381	656	168	1	0.0001 Colloc0 381 2975 0.0120369 100.541
1250	1	780.836	21025.5	21015.1	10.3717	403	559	265	1	0.0001 Colloc0 403 2992 0.0434228 108.566
1260	1	786.952	20987.9	20977.4	10.5102	403	573	251	0	0.0001 Colloc0 403 2994 0.00717657 115.926
1270	1	793.324	21017.4	21006.5	10.856	400	547	277	0	0.0001 Colloc0 400 2999 0.0217338 135.246
1280	1	799.686	20988.1	20977.5	10.5719	394	537	287	1	0.0001 Colloc0 394 3003 0.0035806 119.272
1290	1	805.977	20887.3	20876.8	10.5877	393	590	234	1	0.0001 Colloc0 393 2989 0.00479058 120.138
1300	1	812.169	20936.3	20925.8	10.4969	405	544	280	3	0.0001 Colloc0 405 2982 0.0305983 115.21
1310	1	818.29	20871.5	20861.1	10.3861	391	603	221	0	0.0001 Colloc0 391 2987 0.0491893 109.321
1320	1	824.607	20955	20944.5	10.5206	385	574	250	2	0.0001 Colloc0 385 3008 0.012349 116.487
1330	1	830.909	20915.5	20904.8	10.6841	394	578	246	1	0.0001 Colloc0 394 2990 0.0278648 125.478
1340	1	837.237	20917.2	20906.9	10.2893	402	579	245	2	0.0001 Colloc0 402 2984 0.0589681 104.297
1350	1	843.485	20796.9	20786.5	10.3744	385	607	217	0	0.0001 Colloc0 385 2997 0.00794515 108.71
1360	1	849.642	20889	20878.7	10.2879	391	579	245	1	0.0001 Colloc0 391 2986 0.0194688 104.228
1370	1	855.811	20793.3	20783	10.3042	376	610	214	0	0.0001 Colloc0 376 2995 0.0249959 105.062
1380	1	861.996	20797.1	20786.8	10.292	380	618	206	0	0.0001 Colloc0 380 3001 0.0474906 104.437
1390	1	868.187	20842.5	20832.2	10.3814	374	587	237	0	0.0001 Colloc0 374 3007 0.0036456 109.076
1400	1	874.314	20933.3	20923.2	10.1886	391	574	250	1	0.0001 Colloc0 391 2993 0.0474121 99.1945
1410	1	880.763	20981.2	20970.6	10.6155	388	583	241	1	0.0001 Colloc0 388 2997 0.00606557 121.667
1420	1	887.133	21000.1	20989.5	10.6077	390	566	258	0	0.0001 Colloc0 390 3005 0.00388749 121.237
1430	1	893.455	20989.8	20979.3	10.432	398	560	264	1	0.0001 Colloc0 398 2978 0.00203878 111.745
1440	1	899.444	20819.3	20808.8	10.5842	380	614	210	0	0.0001 Colloc0 380 2986 0.0115322 119.946
1450	1	905.724	20881.9	20871.2	10.616	391	580	244	1	0.0001 Colloc0 391 2984 0.00416376 121.695
1460	1	911.973	20979.5	20969.1	10.3912	389	568	256	0	0.0001 Colloc0 389 2973 0.0087972 109.589
1470	1	918.335	21006.2	20995.6	10.5395	391	543	281	4	0.0001 Colloc0 391 2998 0.0379964 117.509
1480	1	924.435	21039.3	21028.6	10.6944	399	550	274	1	0.0001 Colloc0 399 2984 0.00548311 126.052
1490	1	930.732	20866.4	20855.9	10.4685	381	601	223	2	0.0001 Colloc0 381 3000 0.0191494 113.689
1500	1	936.992	20889.6	20878.8	10.7309	388	586	238	0	0.0001 Colloc0 388 2992 0.00422199 128.105
1510	1	943.255	20807.5	20797	10.5896	396	611	213	0	0.0001 Colloc0 396 2994 0.021061 120.242
1520	1	949.595	20916.7	20906.1	10.5943	389	565	259	1	0.0001 Colloc0 389 2986 0.00506358 120.504
1530	1	955.924	20897.8	20887.2	10.6265	387	554	270	0	0.0001 Colloc0 387 2980 0.0027337 122.278
1540	1	962.298	20994.8	20984.1	10.7314	405	546	278	0	0.0001 Colloc0 405 2966 0.00394363 128.136
1550	1	968.426	20949.5	20938.8	10.668	392	582	242	0	0.0001 Colloc0 392 2984 0.0111106 124.579
1560	1	974.59	21011.3	21000.9	10.4313	399	561	263	1	0.0001 Colloc0 399 2997 0.00670823 111.707
1570	1	981.025	20938.3	20927.7	10.6246	389	574	250	1	0.0001 Colloc0 389 3003 0.00672847 122.172
1580	1	987.397	20922.1	20911.5	10.5542	391	558	266	2	0.0001 Colloc0 391 3007 0.0125872 118.309
1590	1	993.598	20931.1	20920.5	10.5654	390	560	264	1	0.0001 Colloc0 390 3005 0.0127277 118.919
1600	1	999.901	20853.9	20843.2	10.7431	391	567	257	1	0.0001 Colloc0 391 2976 0.00176774 128.795
1610	1	1006.15	20923.7	20913.1	10.6079	386	558	266	2	0.0001 Colloc0 386 2972 0.00674348 121.25
1620	1	1012.43	20815.6	20805.1	10.4821	394	585	239	2	0.0001 Colloc0 394 2972 0.0295604 114.412
1630	1	1018.7	20756.6	20746	10.5265	389	596	228	2	0.0001 Colloc0 389 2937 0.00481178 116.806
1640	1	1024.98	20870.2	20859.5	10.6739	400	576	248	2	0.0001 Colloc0 400 2967 0.00272908 124.906
1650	1	1031.01	20891.5	20880.8	10.7187	403	558	266	1	0.0001 Colloc0 403 2946 0.00370361 127.415
1660	1	1036.96	20803.7	20793.4	10.3284	393	584	240	2	0.0001 Colloc0 393 2961 0.018702 106.315
1670	1	1043	20740.8	20730.3	10.4473	389	602	222	0	0.0001 Colloc0 389 2947 0.00471305 112.555
1680	1	1049.07	20829.9	20819.2	10.6649	398	580	244	1	0.0001 Colloc0 398 2928 0.0143229 124.407
1690	1	1055.17	20781.8	20771.6	10.2563	392	592	232	2	0.0001 Colloc0 392 2939 0.0329886 102.613
1700	1	1061.46	20853.4	20842.9	10.4775	385	547	277	3	0.0001 Colloc0 385 2958 0.0261515 114.167
1710	1	1067.72	20812.9	20802.6	10.2601	378	574	250	0	0.0001 Colloc0 378 2942 0.0195309 102.806
1720	1	1074.02	20919.8	20909	10.7338	401	563	261	1	0.0001 Colloc0 401 2936 0.032216 128.267
1730	1	1080.24	20834.7	20824.1	10.5311	403	595	229	2	0.0001 Colloc0 403 2940 0.00816364 117.055
1740	1	1086.31	20766	20755.6	10.4728	389	590	234	2	0.0001 Colloc0 389 2935 0.00515517 113.918
1750	1	1092.2	20802	20791.1	10.973	402	583	241	1	0.0001 Colloc0 402 2911 0.00568409 142.072
1760	1	1098.28	20819.3	20808.8	10.4622	396	580	244	1	0.0001 Colloc0 396 2905 0.0240155 113.35
1770	1	1104.45	20797.7	20787.1	10.5845	402	576	248	0	0.0001 Colloc0 402 2926 0.0084283 119.966
1780	1	1110.66	20752.5	20742.1	10.4313	385	598	226	1	0.0001 Colloc0 385 2927 0.0267193 111.705
1790	1	1116.71	20781.6	20770.7	10.8178	405	587	237	0	0.0001 Colloc0 405 2898 0.00738452 133.046
1800	1	1122.94	20750.7	20740.1	10.5511	398	579	245	2	0.0001 Colloc0 398 2910 0.0160789 118.14
1810	1	1128.95	20736	20725.6	10.3418	402	613	211	0	0.0001 Colloc0 402 2894 0.0304108 107.009
1820	1	1135.14	20673.4	20662.9	10.54	392	598	226	0	0.0001 Colloc0 392 2907 0.0261865 117.538
1830	1	1141.27	20600.6	20589.8	10.7698	393	622	202	2	0.0001 Colloc0 393 2901 0.00353239 130.308
1840	1	1147.6	20686.3	20675.6	10.7221	402	615	209	0	0.0001 Colloc0 402 2902 0.0114141 127.611
1850	1	1153.8	20745	20734.4	10.585	398	575	249	0	0.0001 Colloc0 398 2909 0.00575666 119.991
1860	1	1160	20638.1	20627.4	10.6636	392	613	211	0	0.0001 Colloc0 392 2893 0.00130894 124.33
1870	1	1166.23	20770.9	20760.4	10.5277	402	595	229	1	0.0001 Colloc0 402 2910 0.00331109 116.872
1880	1	1172.67	20680	20669.3	10.7369	401	628	196	0	0.0001 Colloc0 401 2892 0.0082507 128.441
1890	1	1179	20606	20595.2	10.7892	382	642	182	1	0.0001 Colloc0 382 2892 0.00379912 131.409
1900	1	1185.17	20537.4	20527	10.4534	390	658	166	1	0.0001 Colloc0 390 2904 0.0236895 112.879
1910	1	1191.42	20622.6	20611.9	10.6714	400	615	209	0	0.0001 Colloc0 400 2880 0.0147003 124.77
1920	1	1197.46	20611.6	20601.3	10.2163	398	633	191	0	0.0001 Colloc0 398 2895 0.0758175 100.588
1930	1	1203.5	20675.7	20665.4	10.35	392	603	221	0	0.0001 Colloc0 392 2899 0.0141637 107.437
1940	1	1209.59	20761.8	20751.3	10.4683	400	592	232	1	0.0001 Colloc0 400 2915 0.00690786 113.674
1950	1	1215.82	20734.4	20723.8	10.6117	398	593	231	2	0.0001 Colloc0 398 2916 0.0106371 121.46
1960	1	1221.95	20632.2	20621.9	10.2283	386	611	213	0	0.0001 Colloc0 386 2900 0.0395923 101.194
1970	1	1228.2	20524.5	20514.4	10.0739	383	635	189	0	0.0001 Colloc0 383 2899 0.0637405 93.5389
1980	1	1234.5	20628.8	20618.3	10.5485	395	614	210	3	0.0001 Colloc0 395 2873 0.0169945 118
1990	1	1240.87	20680.4	20669.8	10.5574	392	593	231	0	0.0001 Colloc0 392 2897 0.0247855 118.483
2000	1	1247.16	20793.9	20783.1	10.7878	403	575	249	0	0.0001 Colloc0 403 2900 0.010577 131.333
