# D = 0, E = 1, I = 1, P = 1, R = -1, n = 2000, N = 1, P = 1, w = 1, a = 0.0001, b = 10000, e = 1, f = 1, g = 100, h = 0.01, r = 5460, s = 1, S = 0, x = 10, m = 100, Z = 1, z = 0, T = 1, t = 1
# 6143 tokens in 266 sentences
#
# It	Temp	Time	-logP	-logPcorpus	-logPrior	tables	same	changed	reject	default_pya	(parent pym pyn pya pyb)*
0	1	0.857869	24633.2	24519.4	113.764	1880	0	266	0	0.0001 Colloc0 1880 2676 0.0001 10000
10	1	12.8121	19400.2	19388.3	11.9258	569	30	236	1	0.0001 Colloc0 569 2695 0.0423986 202.341
20	1	23.5774	18796.4	18785.5	10.966	499	33	233	4	0.0001 Colloc0 499 2668 0.0599203 141.66
30	1	34.2358	18443.7	18432.6	11.0982	498	56	210	2	0.0001 Colloc0 498 2623 0.043999 149.528
40	1	44.8622	18402.7	18391.1	11.5764	497	56	210	2	0.0001 Colloc0 497 2617 0.0638473 179.342
50	1	55.7545	18401.9	18390.1	11.7615	514	66	200	1	0.0001 Colloc0 514 2641 0.0380478 191.408
60	1	66.8838	18235	18223.3	11.6575	477	57	209	1	0.0001 Colloc0 477 2601 0.00304067 184.597
70	1	77.8002	18165.6	18154.8	10.8344	448	73	193	3	0.0001 Colloc0 448 2641 0.0754689 134.002
80	1	88.6955	18291.3	18280.5	10.8151	467	61	205	2	0.0001 Colloc0 467 2608 0.064546 132.894
90	1	99.6928	18185.6	18174.7	10.8989	472	69	197	2	0.0001 Colloc0 472 2586 0.0757404 137.734
100	1	110.719	18132.7	18121.2	11.4744	508	65	201	1	0.0001 Colloc0 508 2544 0.0648138 172.818
110	1	121.811	18175.6	18164.2	11.3747	487	64	202	2	0.0001 Colloc0 487 2546 0.0309722 166.523
120	1	132.442	18170	18158.9	11.0796	500	71	195	0	0.0001 Colloc0 500 2573 0.0695981 148.409
130	1	143.084	18236.6	18225.5	11.0669	480	61	205	3	0.0001 Colloc0 480 2574 0.0422489 147.651
140	1	153.862	18172	18160.7	11.3127	495	66	200	2	0.0001 Colloc0 495 2534 0.0564589 162.648
150	1	164.666	18276.7	18265.3	11.4041	504	48	218	2	0.0001 Colloc0 504 2551 0.0748625 168.369
160	1	175.657	18200.7	18189.3	11.4564	487	55	211	4	0.0001 Colloc0 487 2524 0.018262 171.671
170	1	186.333	18107.1	18095.8	11.3217	481	66	200	0	0.0001 Colloc0 481 2537 0.0364726 163.21
180	1	197.243	18226	18214.7	11.3301	483	56	210	5	0.0001 Colloc0 483 2550 0.0118715 163.73
190	1	208.29	18087.1	18075.9	11.1986	477	71	195	3	0.0001 Colloc0 477 2539 0.0033606 155.615
200	1	219.221	18000.7	17990.1	10.5416	484	68	198	2	0.0001 Colloc0 484 2541 0.139371 117.625
210	1	230.177	18024.5	18013.3	11.2386	501	66	200	4	0.0001 Colloc0 501 2527 0.108738 158.069
220	1	241.202	18123.2	18112.2	11.051	477	63	203	0	0.0001 Colloc0 477 2540 0.0378678 146.7
230	1	252.127	18123.3	18111.8	11.492	483	66	200	2	0.0001 Colloc0 483 2533 0.0361369 173.938
240	1	262.973	18025.2	18014.5	10.7061	480	75	191	2	0.0001 Colloc0 480 2527 0.187389 126.711
250	1	273.762	17863.6	17852.9	10.6453	463	89	177	1	0.0001 Colloc0 463 2526 0.117838 123.319
260	1	284.696	17838.8	17828	10.8141	486	81	185	2	0.0001 Colloc0 486 2532 0.113111 132.838
270	1	295.633	17917.4	17906.2	11.2319	486	88	178	1	0.0001 Colloc0 486 2518 0.0746362 157.655
280	1	306.652	18123.1	18111.5	11.5627	485	67	199	1	0.0001 Colloc0 485 2533 0.033508 178.46
290	1	317.579	18063.6	18052.3	11.2388	498	83	183	1	0.0001 Colloc0 498 2517 0.0845554 158.081
300	1	328.554	18079.1	18068.1	10.9293	481	73	193	1	0.0001 Colloc0 481 2548 0.0911986 139.508
310	1	339.629	18073	18061.6	11.3833	487	70	196	3	0.0001 Colloc0 487 2532 0.0495294 167.057
320	1	350.727	17960.9	17950	10.912	493	72	194	3	0.0001 Colloc0 493 2547 0.139486 138.495
330	1	361.706	17911.2	17899.8	11.3466	489	79	187	4	0.0001 Colloc0 489 2517 0.0461624 164.76
340	1	372.56	17967.8	17955.8	11.9922	498	75	191	3	0.0001 Colloc0 498 2509 0.0155835 206.817
350	1	383.565	18045.3	18033.8	11.4876	491	61	205	0	0.0001 Colloc0 491 2514 0.0169839 173.653
360	1	394.478	17886.1	17875.3	10.7663	465	70	196	6	0.0001 Colloc0 465 2507 0.120311 130.11
370	1	405.509	17918.8	17908	10.8071	468	66	200	2	0.0001 Colloc0 468 2493 0.0970394 132.435
380	1	416.472	17959.9	17948.9	11.0652	477	76	190	2	0.0001 Colloc0 477 2526 0.042832 147.548
390	1	427.581	17948.1	17937	11.045	490	73	193	2	0.0001 Colloc0 490 2517 0.122339 146.337
400	1	438.543	17864.6	17853.8	10.7461	484	73	193	2	0.0001 Colloc0 484 2507 0.137835 128.962
410	1	449.573	17958.7	17947.6	11.0647	475	78	188	3	0.0001 Colloc0 475 2525 0.0798575 147.519
420	1	460.653	17929.1	17917.9	11.1732	487	67	199	1	0.0001 Colloc0 487 2506 0.056084 154.064
430	1	471.388	17961.4	17949.5	11.8556	488	66	200	1	0.0001 Colloc0 488 2502 0.00269361 197.647
440	1	482.58	18043.3	18032.2	11.0447	508	74	192	2	0.0001 Colloc0 508 2491 0.0978292 146.323
450	1	493.625	17992.1	17981.1	11.0639	489	73	193	1	0.0001 Colloc0 489 2502 0.114748 147.471
460	1	504.785	17930.8	17920	10.883	495	86	180	1	0.0001 Colloc0 495 2493 0.157621 136.809
470	1	515.825	17909.8	17898.7	11.0957	479	72	194	1	0.0001 Colloc0 479 2500 0.0605602 149.375
480	1	526.446	17864.7	17854	10.6848	496	79	187	1	0.0001 Colloc0 496 2494 0.17456 125.515
490	1	537.544	17996.9	17985.8	11.1118	511	75	191	0	0.0001 Colloc0 511 2512 0.0911234 150.345
500	1	548.365	17878.9	17868.3	10.6074	507	63	203	5	0.0001 Colloc0 507 2471 0.164424 121.223
510	1	559.435	17760.6	17750.1	10.5361	490	87	179	0	0.0001 Colloc0 490 2505 0.184675 117.328
520	1	570.639	17878.6	17866.9	11.6962	496	90	176	0	0.0001 Colloc0 496 2478 0.0554236 187.123
530	1	581.441	17813.1	17801.7	11.4555	479	92	174	1	0.0001 Colloc0 479 2491 0.00960396 171.617
540	1	592.463	17760.9	17749.8	11.1105	492	81	185	6	0.0001 Colloc0 492 2473 0.0845105 150.27
550	1	603.377	17794.2	17783.2	11.0418	479	81	185	1	0.0001 Colloc0 479 2478 0.0981248 146.149
560	1	614.326	17862.1	17851.1	10.9295	468	81	185	2	0.0001 Colloc0 468 2507 0.0831973 139.516
570	1	625.261	17927.1	17916.4	10.7501	498	71	195	0	0.0001 Colloc0 498 2512 0.0949913 129.189
580	1	636.196	17848	17836.7	11.2545	489	77	189	0	0.0001 Colloc0 489 2490 0.05013 159.048
590	1	647.314	17690.7	17680.3	10.4838	471	82	184	3	0.0001 Colloc0 471 2457 0.170174 114.504
600	1	658.242	17706.9	17696.1	10.7669	470	96	170	2	0.0001 Colloc0 470 2480 0.110061 130.142
610	1	669.269	17608.5	17597.6	10.9643	478	88	178	1	0.0001 Colloc0 478 2453 0.0857662 141.557
620	1	680.418	17697.6	17687	10.5647	492	90	176	3	0.0001 Colloc0 492 2450 0.194701 118.884
630	1	691.508	17827.6	17817.4	10.1671	495	84	182	0	0.0001 Colloc0 495 2445 0.209868 98.1203
640	1	702.356	17803.1	17792.6	10.5567	477	78	188	0	0.0001 Colloc0 477 2471 0.147167 118.443
650	1	713.477	17646.7	17636.2	10.5235	456	88	178	4	0.0001 Colloc0 456 2481 0.105036 116.643
660	1	724.221	17769	17758.6	10.4459	477	85	181	0	0.0001 Colloc0 477 2481 0.150377 112.482
670	1	734.942	17706.4	17695.6	10.7972	479	82	184	2	0.0001 Colloc0 479 2472 0.0886648 131.868
680	1	745.962	17719.4	17708.8	10.6805	481	88	178	0	0.0001 Colloc0 481 2474 0.126856 125.275
690	1	757.116	17656	17645.3	10.6698	462	83	183	3	0.0001 Colloc0 462 2479 0.108604 124.678
700	1	768.098	17662	17651	10.9335	470	85	181	1	0.0001 Colloc0 470 2493 0.0989936 139.751
710	1	778.951	17721.1	17710.6	10.4352	479	84	182	1	0.0001 Colloc0 479 2478 0.0954377 111.91
720	1	789.594	17833.8	17822.8	11.0143	473	76	190	2	0.0001 Colloc0 473 2479 0.0669077 144.513
730	1	800.326	17858.2	17846.8	11.439	487	82	184	0	0.0001 Colloc0 487 2506 0.0717585 170.568
740	1	811.13	17831.5	17821.3	10.2292	486	84	182	3	0.0001 Colloc0 486 2499 0.252985 101.238
750	1	821.743	17868	17857.5	10.4223	480	72	194	2	0.0001 Colloc0 480 2492 0.162186 111.229
760	1	832.356	17754.9	17743.9	11.0751	481	77	189	2	0.0001 Colloc0 481 2487 0.10499 148.138
770	1	843.063	17711.5	17700.3	11.1734	474	93	173	1	0.0001 Colloc0 474 2483 0.0538273 154.079
780	1	854.092	17727.7	17716.6	11.0879	474	85	181	2	0.0001 Colloc0 474 2491 0.0662062 148.909
790	1	865.073	17700.2	17689	11.2294	471	92	174	0	0.0001 Colloc0 471 2480 0.048275 157.501
800	1	876.214	17745.1	17734.4	10.6978	478	97	169	2	0.0001 Colloc0 478 2503 0.104741 126.243
810	1	886.97	17646.3	17635.2	11.0794	468	94	172	2	0.0001 Colloc0 468 2475 0.097346 148.397
820	1	897.67	17651.9	17641	10.9403	483	93	173	2	0.0001 Colloc0 483 2473 0.148804 140.151
830	1	908.443	17775.2	17764.1	11.1089	481	82	184	2	0.0001 Colloc0 481 2477 0.0767952 150.173
840	1	919.495	17774.7	17763.9	10.85	488	86	180	2	0.0001 Colloc0 488 2472 0.185366 134.897
850	1	930.609	17679.1	17668.3	10.8391	486	89	177	3	0.0001 Colloc0 486 2453 0.111212 134.272
860	1	941.416	17664.2	17653.1	11.1274	475	84	182	2	0.0001 Colloc0 475 2431 0.0878342 151.29
870	1	952.064	17669.7	17659	10.7153	474	82	184	3	0.0001 Colloc0 474 2456 0.0775288 127.227
880	1	962.623	17789.1	17778.7	10.3403	480	80	186	0	0.0001 Colloc0 480 2454 0.216313 106.932
890	1	973.426	17768.4	17757.8	10.5485	491	82	184	3	0.0001 Colloc0 491 2446 0.158099 118
900	1	984.497	17739.2	17727.8	11.4136	476	88	178	3	0.0001 Colloc0 476 2477 0.0559664 168.967
910	1	995.463	17597.3	17586.1	11.1728	474	86	180	2	0.0001 Colloc0 474 2448 0.109096 154.041
920	1	1006.57	17620.5	17609.4	11.1729	479	83	183	0	0.0001 Colloc0 479 2457 0.0490787 154.048
930	1	1017.53	17659.8	17648.2	11.648	468	82	184	0	0.0001 Colloc0 468 2454 0.00379342 183.977
940	1	1028.74	17678.4	17667.2	11.1586	474	83	183	2	0.0001 Colloc0 474 2468 0.0818727 153.177
950	1	1039.86	17750.4	17739.2	11.1672	492	85	181	1	0.0001 Colloc0 492 2455 0.12718 153.703
960	1	1051.01	17817.6	17807.1	10.4699	496	73	193	4	0.0001 Colloc0 496 2458 0.166468 113.762
970	1	1061.76	17715.4	17704.3	11.0764	481	86	180	1	0.0001 Colloc0 481 2447 0.116175 148.218
980	1	1072.4	17870.7	17859.1	11.5946	495	76	190	3	0.0001 Colloc0 495 2451 0.00362079 180.519
990	1	1083.04	17805.6	17794.9	10.7202	491	83	183	1	0.0001 Colloc0 491 2442 0.136474 127.5
1000	1	1093.58	17855.8	17844.8	11.0246	494	76	190	0	0.0001 Colloc0 494 2457 0.103782 145.124
1010	1	1104.67	17705.2	17694.4	10.7302	483	87	179	0	0.0001 Colloc0 483 2431 0.118113 128.067
1020	1	1115.74	17716.7	17705.8	10.8507	482	82	184	1	0.0001 Colloc0 482 2438 0.110387 134.939
1030	1	1126.75	17757.3	17746.2	11.1069	488	86	180	2	0.0001 Colloc0 488 2446 0.0893486 150.053
1040	1	1137.63	17647.7	17636.3	11.4005	473	87	179	0	0.0001 Colloc0 473 2454 0.0134939 168.142
1050	1	1148.74	17774.2	17763.6	10.6508	488	74	192	3	0.0001 Colloc0 488 2435 0.163682 123.621
1060	1	1159.79	17746.9	17735.8	11.054	486	85	181	2	0.0001 Colloc0 486 2441 0.121166 146.876
1070	1	1170.7	17687.3	17676.3	11.078	500	91	175	2	0.0001 Colloc0 500 2440 0.0854223 148.316
1080	1	1181.69	17713.9	17702.8	11.1169	497	90	176	1	0.0001 Colloc0 497 2455 0.098224 150.655
1090	1	1192.7	17596.3	17585.2	11.1687	454	88	178	2	0.0001 Colloc0 454 2431 0.0652071 153.791
1100	1	1203.86	17659.9	17649	10.849	492	90	176	3	0.0001 Colloc0 492 2443 0.134367 134.839
1110	1	1214.72	17558.1	17547.6	10.5015	477	111	155	0	0.0001 Colloc0 477 2455 0.143932 115.454
1120	1	1225.28	17699.9	17689.5	10.3825	497	87	179	3	0.0001 Colloc0 497 2418 0.199808 109.131
1130	1	1236.08	17794.4	17783.6	10.8	492	77	189	0	0.0001 Colloc0 492 2460 0.154958 132.027
1140	1	1246.98	17733.3	17722.7	10.5881	475	82	184	2	0.0001 Colloc0 475 2455 0.180248 120.164
1150	1	1258.03	17719.4	17708.6	10.7842	494	75	191	1	0.0001 Colloc0 494 2423 0.178119 131.128
1160	1	1268.91	17668.4	17657.1	11.3052	488	92	174	0	0.0001 Colloc0 488 2432 0.108085 162.181
1170	1	1279.96	17671.8	17661	10.8178	467	84	182	1	0.0001 Colloc0 467 2425 0.094746 133.046
1180	1	1290.92	17701.3	17690.5	10.7616	486	86	180	1	0.0001 Colloc0 486 2445 0.138479 129.839
1190	1	1301.85	17733.6	17722.5	11.163	485	74	192	0	0.0001 Colloc0 485 2429 0.024083 153.443
1200	1	1312.75	17614.1	17603.4	10.7196	481	88	178	2	0.0001 Colloc0 481 2413 0.129763 127.467
1210	1	1323.96	17552.9	17541.8	11.1073	478	95	171	3	0.0001 Colloc0 478 2433 0.100647 150.076
1220	1	1335.05	17589.3	17578.5	10.8637	473	95	171	2	0.0001 Colloc0 473 2425 0.120016 135.69
1230	1	1346.16	17480.2	17468.9	11.3758	469	105	161	3	0.0001 Colloc0 469 2424 0.0039163 166.588
1240	1	1357.2	17557.3	17546.2	11.0854	475	99	167	1	0.0001 Colloc0 475 2458 0.0759763 148.755
1250	1	1368.1	17490.3	17479.9	10.4566	462	100	166	1	0.0001 Colloc0 462 2435 0.136861 113.052
1260	1	1379.15	17495.5	17485	10.4999	469	96	170	1	0.0001 Colloc0 469 2449 0.126064 115.372
1270	1	1390.12	17542.3	17531.3	11.0318	476	106	160	4	0.0001 Colloc0 476 2424 0.0933831 145.555
1280	1	1401.3	17617.2	17606.6	10.5498	497	96	170	1	0.0001 Colloc0 497 2439 0.184169 118.068
1290	1	1412.27	17551.5	17541.2	10.2912	469	96	170	1	0.0001 Colloc0 469 2421 0.2161 104.394
1300	1	1423.15	17762.6	17751.9	10.7102	508	73	193	3	0.0001 Colloc0 508 2427 0.187259 126.94
1310	1	1434.14	17668.6	17658.3	10.3564	467	79	187	1	0.0001 Colloc0 467 2437 0.18345 107.77
1320	1	1445.14	17733.7	17722.5	11.2447	488	83	183	0	0.0001 Colloc0 488 2475 0.0789729 158.443
1330	1	1456.25	17630.6	17619	11.6265	487	97	169	4	0.0001 Colloc0 487 2423 0.0418443 182.58
1340	1	1467.34	17594.3	17583	11.3028	482	84	182	1	0.0001 Colloc0 482 2412 0.0743354 162.036
1350	1	1478.37	17735.6	17724	11.5273	497	81	185	2	0.0001 Colloc0 497 2433 0.0920335 176.188
1360	1	1489.37	17618	17607.7	10.3697	489	81	185	1	0.0001 Colloc0 489 2408 0.179942 108.463
1370	1	1500.47	17814.8	17803.4	11.3825	495	79	187	2	0.0001 Colloc0 495 2424 0.0507606 167.008
1380	1	1511.39	17779.8	17768.7	11.0736	498	86	180	3	0.0001 Colloc0 498 2430 0.0918897 148.048
1390	1	1522.08	17645.5	17634.5	10.9788	472	80	186	5	0.0001 Colloc0 472 2421 0.0341836 142.415
1400	1	1533.11	17651.6	17641.3	10.2979	474	84	182	1	0.0001 Colloc0 474 2429 0.206835 104.74
1410	1	1544.2	17708.9	17698.6	10.3055	505	75	191	1	0.0001 Colloc0 505 2435 0.24258 105.133
1420	1	1555.29	17513.4	17501.8	11.5571	473	107	159	1	0.0001 Colloc0 473 2405 0.00985614 178.102
1430	1	1566.3	17623.1	17611.9	11.1707	476	78	188	0	0.0001 Colloc0 476 2415 0.131715 153.917
1440	1	1577.38	17692	17680.8	11.1324	478	66	200	4	0.0001 Colloc0 478 2425 0.0370692 151.59
1450	1	1588.31	17663.7	17652.8	10.9504	490	83	183	4	0.0001 Colloc0 490 2417 0.118625 140.741
1460	1	1599.06	17623.7	17613.5	10.2354	472	91	175	0	0.0001 Colloc0 472 2424 0.184314 101.549
1470	1	1609.97	17598.1	17587.4	10.6932	485	85	181	0	0.0001 Colloc0 485 2428 0.167767 125.983
1480	1	1620.95	17617.7	17606.7	11.0666	487	83	183	1	0.0001 Colloc0 487 2411 0.0583871 147.631
1490	1	1631.96	17616.8	17605.4	11.3408	492	82	184	0	0.0001 Colloc0 492 2402 0.0357325 164.4
1500	1	1643.01	17576.4	17565.3	11.1109	482	91	175	3	0.0001 Colloc0 482 2408 0.14214 150.29
1510	1	1654.05	17492.8	17481.8	10.983	468	91	175	4	0.0001 Colloc0 468 2403 0.11967 142.663
1520	1	1665.08	17601.6	17591.1	10.5189	488	99	167	1	0.0001 Colloc0 488 2419 0.209491 116.395
1530	1	1676.03	17662.8	17652.1	10.7118	481	83	183	1	0.0001 Colloc0 481 2427 0.109168 127.027
1540	1	1687.09	17553.5	17543	10.4743	465	97	169	0	0.0001 Colloc0 465 2447 0.166592 113.996
1550	1	1698.15	17555.8	17545.3	10.4149	464	88	178	2	0.0001 Colloc0 464 2439 0.159199 110.837
1560	1	1709.19	17500.7	17489.5	11.128	479	104	162	0	0.0001 Colloc0 479 2420 0.147572 151.325
1570	1	1720.25	17688.8	17677.8	10.9588	483	80	186	5	0.0001 Colloc0 483 2448 0.11879 141.233
1580	1	1731.31	17450.5	17439.8	10.7162	471	112	154	0	0.0001 Colloc0 471 2419 0.182492 127.275
1590	1	1742.12	17497.5	17486.7	10.7774	483	109	157	1	0.0001 Colloc0 483 2418 0.156285 130.737
1600	1	1753.14	17575.1	17564.6	10.4534	477	96	170	0	0.0001 Colloc0 477 2454 0.156077 112.88
1610	1	1763.83	17434	17423.4	10.6412	458	95	171	0	0.0001 Colloc0 458 2414 0.122141 123.088
1620	1	1774.81	17721.9	17710.9	10.968	497	76	190	1	0.0001 Colloc0 497 2419 0.133728 141.774
1630	1	1785.6	17689.5	17678.6	10.8675	466	74	192	2	0.0001 Colloc0 466 2402 0.0972278 135.911
1640	1	1796.43	17715.6	17705.7	9.87631	489	70	196	0	0.0001 Colloc0 489 2439 0.271104 84.1961
1650	1	1807.5	17780.4	17769.8	10.616	499	68	198	1	0.0001 Colloc0 499 2421 0.160997 121.698
1660	1	1818.48	17643	17632	10.9491	462	77	189	1	0.0001 Colloc0 462 2430 0.0822637 140.666
1670	1	1829.54	17683.5	17673.1	10.313	476	84	182	0	0.0001 Colloc0 476 2436 0.192228 105.516
1680	1	1840.61	17700	17688.4	11.5747	480	80	186	3	0.0001 Colloc0 480 2428 0.0204752 179.236
1690	1	1851.55	17570.3	17559.7	10.6144	463	88	178	1	0.0001 Colloc0 463 2444 0.138303 121.607
1700	1	1862.55	17579.6	17569.4	10.205	485	98	168	1	0.0001 Colloc0 485 2431 0.219869 100.017
1710	1	1873.22	17691.4	17680.6	10.8269	485	77	189	3	0.0001 Colloc0 485 2441 0.156307 133.568
1720	1	1884.27	17623	17612	11.0595	476	89	177	1	0.0001 Colloc0 476 2426 0.0343023 147.207
1730	1	1895.28	17592.8	17581.6	11.1332	472	94	172	0	0.0001 Colloc0 472 2433 0.0738084 151.637
1740	1	1906.26	17694.2	17683.5	10.7009	496	85	181	1	0.0001 Colloc0 496 2438 0.216093 126.417
1750	1	1917.23	17740.8	17730	10.7458	502	81	185	3	0.0001 Colloc0 502 2455 0.180159 128.946
1760	1	1927.97	17669.2	17658.2	10.9439	470	78	188	1	0.0001 Colloc0 470 2477 0.127039 140.362
1770	1	1938.46	17593.2	17582.5	10.6713	469	78	188	2	0.0001 Colloc0 469 2456 0.145565 124.761
1780	1	1949.26	17698.8	17688.2	10.6934	478	80	186	5	0.0001 Colloc0 478 2474 0.177194 125.997
1790	1	1960.17	17696.8	17685.9	10.9166	497	85	181	2	0.0001 Colloc0 497 2470 0.16116 138.763
1800	1	1971.21	17664.6	17653.9	10.6821	459	82	184	2	0.0001 Colloc0 459 2467 0.0627181 125.366
1810	1	1982.05	17682.2	17671.2	10.9974	495	83	183	3	0.0001 Colloc0 495 2421 0.109157 143.512
1820	1	1992.7	17682.5	17671.6	10.8924	511	79	187	2	0.0001 Colloc0 511 2427 0.132279 137.352
1830	1	2003.51	17760.4	17749.5	10.839	510	71	195	1	0.0001 Colloc0 510 2438 0.166435 134.265
1840	1	2014.26	17674.1	17662.8	11.2617	468	90	176	1	0.0001 Colloc0 468 2457 0.0588396 159.493
1850	1	2024.8	17594.8	17583.8	11.0224	444	81	185	1	0.0001 Colloc0 444 2446 0.0115837 144.996
1860	1	2035.52	17649.7	17639.3	10.3302	475	79	187	1	0.0001 Colloc0 475 2437 0.183555 106.407
1870	1	2046.42	17714.4	17703.3	11.1024	483	80	186	0	0.0001 Colloc0 483 2444 0.0982338 149.779
1880	1	2057.28	17508.8	17498	10.8215	466	98	168	0	0.0001 Colloc0 466 2404 0.159822 133.26
1890	1	2068.08	17645.4	17634.3	11.0755	476	88	178	2	0.0001 Colloc0 476 2444 0.114719 148.163
1900	1	2078.94	17566.7	17555.8	10.8751	486	89	177	1	0.0001 Colloc0 486 2429 0.120131 136.347
1910	1	2089.79	17642.1	17631	11.1053	464	76	190	2	0.0001 Colloc0 464 2427 0.0399495 149.953
1920	1	2100.55	17830.7	17819.2	11.4832	490	72	194	3	0.0001 Colloc0 490 2438 0.0620198 173.375
1930	1	2111.24	17742.6	17731.5	11.1294	487	69	197	2	0.0001 Colloc0 487 2420 0.040534 151.411
1940	1	2121.88	17743.7	17733.1	10.6395	494	72	194	0	0.0001 Colloc0 494 2411 0.16512 122.996
1950	1	2132.61	17708.7	17697.6	11.1475	493	81	185	0	0.0001 Colloc0 493 2424 0.121461 152.503
1960	1	2143.32	17555.8	17545.3	10.464	477	92	174	3	0.0001 Colloc0 477 2414 0.150257 113.447
1970	1	2153.92	17516.4	17506.3	10.1762	480	100	166	3	0.0001 Colloc0 480 2429 0.207623 98.5768
1980	1	2164.45	17620.9	17610.2	10.7416	466	77	189	0	0.0001 Colloc0 466 2425 0.0914308 128.711
1990	1	2174.85	17468.2	17457.1	11.181	469	97	169	0	0.0001 Colloc0 469 2430 0.0386216 154.54
2000	1	2185.04	17645.3	17634.5	10.8396	483	91	175	1	0.0001 Colloc0 483 2439 0.110693 134.302
