# D = 0, E = 1, I = 1, P = 1, R = -1, n = 2000, N = 1, P = 1, w = 1, a = 0.0001, b = 10000, e = 1, f = 1, g = 100, h = 0.01, r = 29548, s = 1, S = 0, x = 10, m = 100, Z = 1, z = 0, T = 1, t = 1
# 6143 tokens in 266 sentences
#
# It	Temp	Time	-logP	-logPcorpus	-logPrior	tables	same	changed	reject	default_pya	(parent pym pyn pya pyb)*
0	1	0.841872	24456.3	24342.6	113.764	1974	0	266	0	0.0001 Colloc0 1974 2780 0.0001 10000
10	1	12.1721	19277.3	19265.5	11.8211	577	30	236	2	0.0001 Colloc0 577 2653 0.075824 195.349
20	1	22.6606	18945.8	18934.4	11.3795	523	39	227	3	0.0001 Colloc0 523 2676 0.0641972 166.818
30	1	33.6589	18781.8	18769.8	11.9987	509	58	208	3	0.0001 Colloc0 509 2696 0.0198971 207.256
40	1	44.6152	18655.5	18644.4	11.0888	505	45	221	4	0.0001 Colloc0 505 2633 0.112155 148.961
50	1	55.9295	18458.7	18448	10.6631	497	53	213	0	0.0001 Colloc0 497 2630 0.132002 124.306
60	1	67.0588	18304.8	18294.1	10.6944	496	60	206	2	0.0001 Colloc0 496 2614 0.199228 126.054
70	1	78.2681	18189.4	18178.3	11.0416	478	56	210	2	0.0001 Colloc0 478 2591 0.0614478 146.139
80	1	89.2104	18156.6	18146	10.5549	485	73	193	2	0.0001 Colloc0 485 2613 0.142982 118.35
90	1	99.5999	17986.2	17975.8	10.4307	484	77	189	4	0.0001 Colloc0 484 2612 0.206853 111.673
100	1	110.019	17992.5	17981.5	10.9664	464	87	179	2	0.0001 Colloc0 464 2613 0.0645608 141.684
110	1	121.051	18153.8	18143.4	10.3814	464	76	190	0	0.0001 Colloc0 464 2617 0.16963 109.075
120	1	132.18	18132.5	18121.2	11.306	466	54	212	1	0.0001 Colloc0 466 2598 0.0242634 162.234
130	1	143.412	18041.6	18031	10.6119	476	81	185	0	0.0001 Colloc0 476 2594 0.16376 121.469
140	1	154.3	18018.5	18007.8	10.6311	474	87	179	1	0.0001 Colloc0 474 2569 0.118266 122.532
150	1	165.438	18027.8	18017.2	10.6022	480	82	184	2	0.0001 Colloc0 480 2543 0.121047 120.934
160	1	176.164	17983.6	17973	10.6146	496	79	187	4	0.0001 Colloc0 496 2561 0.142338 121.621
170	1	187.319	17906.7	17896.4	10.277	483	82	184	1	0.0001 Colloc0 483 2527 0.185724 103.668
180	1	197.649	17817.8	17806.4	11.3513	473	102	164	0	0.0001 Colloc0 473 2527 0.0635329 165.053
190	1	208.427	17831.5	17821.9	9.60247	485	104	162	4	0.0001 Colloc0 485 2513 0.292635 72.128
200	1	219.496	17942.2	17931.4	10.794	508	75	191	1	0.0001 Colloc0 508 2536 0.127229 131.685
210	1	230.646	18025.2	18014	11.1242	468	74	192	1	0.0001 Colloc0 468 2514 0.056269 151.094
220	1	241.702	18000.4	17990	10.4311	489	71	195	1	0.0001 Colloc0 489 2500 0.204219 111.694
230	1	252.868	18003.3	17992.5	10.7721	492	74	192	4	0.0001 Colloc0 492 2544 0.148571 130.436
240	1	264.002	17895.5	17884.9	10.5955	484	87	179	2	0.0001 Colloc0 484 2497 0.166151 120.565
250	1	275.062	17912.3	17902.2	10.0902	492	81	185	3	0.0001 Colloc0 492 2516 0.218556 94.3328
260	1	286.245	17843.1	17832.3	10.8378	473	85	181	0	0.0001 Colloc0 473 2516 0.120971 134.195
270	1	297.441	17771.9	17761	10.8887	461	87	179	0	0.0001 Colloc0 461 2536 0.111387 137.141
280	1	308.457	17859.8	17848.5	11.2066	473	85	181	0	0.0001 Colloc0 473 2520 0.0595029 156.105
290	1	319.175	17826.3	17815.5	10.8447	463	97	169	0	0.0001 Colloc0 463 2516 0.0531839 134.593
300	1	329.731	17834.7	17824.2	10.4517	477	98	168	0	0.0001 Colloc0 477 2550 0.172346 112.79
310	1	340.887	17875.6	17865.1	10.4371	479	102	164	1	0.0001 Colloc0 479 2522 0.159943 112.013
320	1	352.152	17844.3	17834	10.2437	476	83	183	1	0.0001 Colloc0 476 2492 0.176532 101.973
330	1	363.354	17933.8	17923.2	10.6844	480	77	189	2	0.0001 Colloc0 480 2530 0.128621 125.494
340	1	374.563	17717.3	17706.2	11.0899	449	89	177	1	0.0001 Colloc0 449 2505 0.0805476 149.025
350	1	385.556	17874.8	17864.3	10.4111	479	90	176	2	0.0001 Colloc0 479 2549 0.138195 110.638
360	1	395.896	17950.1	17939.8	10.2627	485	83	183	2	0.0001 Colloc0 485 2538 0.200287 102.937
370	1	406.714	17822.6	17811.7	10.9225	470	84	182	1	0.0001 Colloc0 470 2521 0.102259 139.107
380	1	417.353	17840.4	17829.4	11.0504	486	88	178	0	0.0001 Colloc0 486 2530 0.111056 146.662
390	1	428.453	17999.7	17988.8	10.8655	484	77	189	0	0.0001 Colloc0 484 2536 0.0771916 135.796
400	1	439.593	17944.2	17933.2	11.0206	486	73	193	1	0.0001 Colloc0 486 2527 0.100157 144.887
410	1	450.564	17810.4	17799.7	10.6694	477	76	190	1	0.0001 Colloc0 477 2510 0.165094 124.659
420	1	461.497	17761.6	17751.4	10.262	464	86	180	3	0.0001 Colloc0 464 2500 0.172633 102.903
430	1	471.893	17830.9	17820.6	10.2978	484	73	193	1	0.0001 Colloc0 484 2497 0.195988 104.733
440	1	482.254	17874.7	17863.9	10.8046	489	83	183	4	0.0001 Colloc0 489 2497 0.0893625 132.289
450	1	493.479	17724.9	17714.1	10.7598	463	86	180	2	0.0001 Colloc0 463 2499 0.102344 129.742
460	1	503.849	17719.8	17708.9	10.8598	461	92	174	4	0.0001 Colloc0 461 2498 0.0952809 135.463
470	1	514.442	17803	17791.5	11.4845	486	76	190	3	0.0001 Colloc0 486 2484 0.0651218 173.457
480	1	525.622	17753.8	17742.9	10.952	481	81	185	0	0.0001 Colloc0 481 2470 0.0821014 140.837
490	1	536.646	17654	17643.2	10.7717	477	96	170	4	0.0001 Colloc0 477 2498 0.121442 130.417
500	1	547.793	17655	17645.3	9.78212	476	96	170	5	0.0001 Colloc0 476 2470 0.250786 79.9275
510	1	558.764	17699.3	17688.7	10.6514	453	95	171	1	0.0001 Colloc0 453 2520 0.101631 123.656
520	1	569.834	17621.7	17610.9	10.8705	461	106	160	1	0.0001 Colloc0 461 2491 0.13453 136.083
530	1	580.715	17698.2	17687.7	10.5299	463	84	182	2	0.0001 Colloc0 463 2492 0.0833537 116.993
540	1	591.595	17726.1	17715.2	10.9438	493	88	178	1	0.0001 Colloc0 493 2480 0.117302 140.352
550	1	602.458	17587.2	17576.5	10.6587	468	106	160	1	0.0001 Colloc0 468 2460 0.164701 124.062
560	1	613.528	17730.7	17720.2	10.5339	477	86	180	0	0.0001 Colloc0 477 2483 0.179772 117.207
570	1	624.598	17658.6	17647.7	10.9479	473	87	179	4	0.0001 Colloc0 473 2480 0.0972556 140.594
580	1	635.465	17534.8	17524.7	10.1144	459	111	155	0	0.0001 Colloc0 459 2446 0.208419 95.5184
590	1	646.366	17647.8	17637.9	9.89138	489	92	174	2	0.0001 Colloc0 489 2479 0.247621 84.8902
600	1	657.565	17701.4	17691.2	10.2343	481	88	178	1	0.0001 Colloc0 481 2470 0.221139 101.496
610	1	668.772	17685.4	17674.6	10.8109	467	92	174	1	0.0001 Colloc0 467 2482 0.124538 132.654
620	1	679.322	17852	17840.9	11.1069	481	76	190	3	0.0001 Colloc0 481 2479 0.105121 150.053
630	1	690.18	17708.8	17698.1	10.635	486	84	182	0	0.0001 Colloc0 486 2496 0.178814 122.746
640	1	701.208	17694	17683.2	10.7381	470	83	183	1	0.0001 Colloc0 470 2486 0.109911 128.514
650	1	711.973	17693.5	17682.9	10.6363	468	86	180	1	0.0001 Colloc0 468 2482 0.167008 122.816
660	1	723.123	17658	17647.1	10.8769	449	88	178	1	0.0001 Colloc0 449 2496 0.0442499 136.457
670	1	734.142	17757.3	17745.8	11.4994	492	80	186	1	0.0001 Colloc0 492 2479 0.0408211 174.411
680	1	745.123	17632.9	17621.8	11.0504	463	86	180	1	0.0001 Colloc0 463 2457 0.0787096 146.66
690	1	756.259	17670.8	17659.7	11.0808	476	82	184	2	0.0001 Colloc0 476 2471 0.0758758 148.483
700	1	767.36	17760.3	17749.8	10.5065	490	72	194	1	0.0001 Colloc0 490 2472 0.19644 115.727
710	1	778.533	17664.8	17654.6	10.1446	470	83	183	2	0.0001 Colloc0 470 2468 0.19682 97.0028
720	1	789.683	17693.8	17682.5	11.2288	469	77	189	1	0.0001 Colloc0 469 2447 0.0102296 157.467
730	1	800.706	17591.1	17580.3	10.8467	473	95	171	3	0.0001 Colloc0 473 2453 0.085178 134.706
740	1	811.837	17580.3	17569.6	10.7083	478	94	172	1	0.0001 Colloc0 478 2480 0.0976208 126.834
750	1	822.861	17646.8	17636.2	10.6517	467	92	174	0	0.0001 Colloc0 467 2461 0.159637 123.673
760	1	833.238	17651.4	17640.8	10.6714	466	86	180	1	0.0001 Colloc0 466 2452 0.157539 124.769
770	1	843.636	17758.7	17747.7	10.9526	469	93	173	2	0.0001 Colloc0 469 2482 0.0599672 140.872
780	1	854.658	17716.6	17705.3	11.3093	492	91	175	0	0.0001 Colloc0 492 2469 0.053882 162.437
790	1	865.588	17561.5	17551.4	10.1474	465	101	165	3	0.0001 Colloc0 465 2454 0.241652 97.1433
800	1	876.591	17463.8	17453.5	10.3646	475	115	151	3	0.0001 Colloc0 475 2437 0.198799 108.195
810	1	887.566	17546.7	17535.6	11.1114	464	110	156	3	0.0001 Colloc0 464 2461 0.0504756 150.323
820	1	898.615	17584.2	17574.3	9.95546	475	103	163	0	0.0001 Colloc0 475 2465 0.249801 87.8761
830	1	909.714	17563	17552.8	10.1361	465	98	168	0	0.0001 Colloc0 465 2459 0.173402 96.5851
840	1	920.925	17630.1	17619.4	10.6742	478	97	169	1	0.0001 Colloc0 478 2488 0.151192 124.924
850	1	932.007	17655.4	17644.9	10.4821	475	89	177	2	0.0001 Colloc0 475 2485 0.13983 114.414
860	1	943.262	17588.7	17578.1	10.6454	447	89	177	1	0.0001 Colloc0 447 2452 0.0607191 123.324
870	1	954.264	17669	17657.8	11.1954	465	81	185	2	0.0001 Colloc0 465 2460 0.043233 155.418
880	1	964.786	17672.7	17662	10.7041	454	89	177	0	0.0001 Colloc0 454 2479 0.119937 126.598
890	1	975.184	17635.4	17625.1	10.2957	455	91	175	0	0.0001 Colloc0 455 2478 0.17535 104.625
900	1	986.15	17630.7	17620	10.7305	468	82	184	0	0.0001 Colloc0 468 2472 0.13453 128.081
910	1	996.482	17727.1	17716.9	10.2978	490	82	184	1	0.0001 Colloc0 490 2469 0.182497 104.736
920	1	1007.62	17612.5	17601.7	10.8023	473	92	174	1	0.0001 Colloc0 473 2448 0.15342 132.16
930	1	1018.81	17736.7	17726.3	10.346	491	82	184	4	0.0001 Colloc0 491 2486 0.189072 107.228
940	1	1029.54	17632.3	17621.3	10.9818	475	98	168	0	0.0001 Colloc0 475 2458 0.135232 142.589
950	1	1039.83	17627.9	17617.5	10.4333	485	100	166	2	0.0001 Colloc0 485 2466 0.149686 111.809
960	1	1050.36	17666.8	17655.9	10.9395	469	87	179	3	0.0001 Colloc0 469 2456 0.117391 140.104
970	1	1061	17570.2	17559.4	10.7709	455	93	173	0	0.0001 Colloc0 455 2470 0.0874772 130.37
980	1	1071.72	17493	17481.9	11.1229	470	100	166	0	0.0001 Colloc0 470 2424 0.0747213 151.014
990	1	1082.45	17530.7	17519.7	11.0654	469	96	170	2	0.0001 Colloc0 469 2475 0.0945195 147.56
1000	1	1093.62	17556.7	17546.4	10.2772	481	95	171	1	0.0001 Colloc0 481 2450 0.199616 103.681
1010	1	1104.8	17548.3	17538	10.3281	469	108	158	2	0.0001 Colloc0 469 2462 0.196879 106.3
1020	1	1116.02	17670.2	17659.3	10.923	480	97	169	1	0.0001 Colloc0 480 2480 0.0936646 139.134
1030	1	1127.23	17617.1	17606.2	10.9018	467	94	172	2	0.0001 Colloc0 467 2437 0.108297 137.897
1040	1	1138.46	17644.8	17633.7	11.15	479	96	170	1	0.0001 Colloc0 479 2449 0.0761838 152.656
1050	1	1149.67	17638.9	17628	10.8943	479	85	181	2	0.0001 Colloc0 479 2442 0.149233 137.465
1060	1	1160.76	17636.4	17625.8	10.6161	472	97	169	1	0.0001 Colloc0 472 2469 0.12538 121.7
1070	1	1171.94	17633.2	17622.6	10.6243	475	90	176	1	0.0001 Colloc0 475 2454 0.17556 122.152
1080	1	1183.13	17548.3	17537.8	10.4905	482	90	176	2	0.0001 Colloc0 482 2440 0.148716 114.864
1090	1	1193.85	17625.8	17615	10.7828	472	85	181	2	0.0001 Colloc0 472 2457 0.155836 131.047
1100	1	1204.99	17497	17486.6	10.3919	457	101	165	2	0.0001 Colloc0 457 2441 0.134298 109.627
1110	1	1216.05	17606.9	17595.5	11.4122	476	89	177	4	0.0001 Colloc0 476 2425 0.0504932 168.878
1120	1	1227.16	17464.8	17454	10.7617	460	104	162	2	0.0001 Colloc0 460 2444 0.136768 129.848
1130	1	1238.32	17411	17400.3	10.7713	459	120	146	2	0.0001 Colloc0 459 2443 0.0954354 130.391
1140	1	1249.14	17540.7	17530	10.7705	481	89	177	2	0.0001 Colloc0 481 2440 0.136547 130.347
1150	1	1259.48	17506.5	17495.9	10.6119	469	85	181	1	0.0001 Colloc0 469 2422 0.158848 121.469
1160	1	1269.91	17471.4	17460.3	11.093	468	115	151	2	0.0001 Colloc0 468 2449 0.0435155 149.212
1170	1	1280.24	17520.6	17510.5	10.0953	486	97	169	3	0.0001 Colloc0 486 2430 0.242626 94.5799
1180	1	1290.55	17496.8	17486.9	9.97642	481	104	162	0	0.0001 Colloc0 481 2434 0.194685 88.8648
1190	1	1301.52	17497	17486.2	10.7835	469	99	167	5	0.0001 Colloc0 469 2457 0.11247 131.087
1200	1	1312.44	17553.4	17542.6	10.8145	478	86	180	2	0.0001 Colloc0 478 2451 0.143402 132.857
1210	1	1323.63	17521.9	17510.9	10.9559	482	88	178	0	0.0001 Colloc0 482 2437 0.0850836 141.062
1220	1	1334.93	17598	17586.9	11.0972	454	77	189	1	0.0001 Colloc0 454 2417 0.0178007 149.467
1230	1	1345.95	17608.7	17597.5	11.1824	462	74	192	1	0.0001 Colloc0 462 2450 0.0759099 154.624
1240	1	1357.16	17608.5	17597.7	10.8355	462	87	179	0	0.0001 Colloc0 462 2423 0.149256 134.063
1250	1	1368.23	17538.3	17527.5	10.8612	469	88	178	1	0.0001 Colloc0 469 2433 0.0995559 135.543
1260	1	1379.27	17556.7	17545.7	11.0021	466	88	178	0	0.0001 Colloc0 466 2436 0.119158 143.787
1270	1	1390.57	17560.2	17549.5	10.6864	488	88	178	0	0.0001 Colloc0 488 2422 0.160674 125.605
1280	1	1401.9	17538.9	17527.9	10.9945	474	94	172	3	0.0001 Colloc0 474 2455 0.0666321 143.337
1290	1	1413.06	17544.7	17534.4	10.3566	465	96	170	2	0.0001 Colloc0 465 2448 0.120807 107.778
1300	1	1424.11	17647.7	17636.4	11.3108	481	82	184	0	0.0001 Colloc0 481 2436 0.0465174 162.534
1310	1	1435.33	17529.3	17518.8	10.5499	481	88	178	1	0.0001 Colloc0 481 2420 0.186956 118.077
1320	1	1446.03	17618.6	17607.3	11.3104	471	94	172	4	0.0001 Colloc0 471 2456 0.0274027 162.508
1330	1	1456.64	17523.8	17512.7	11.0783	463	104	162	3	0.0001 Colloc0 463 2441 0.0654692 148.331
1340	1	1467.04	17423.4	17413.1	10.3717	460	96	170	0	0.0001 Colloc0 460 2425 0.176587 108.567
1350	1	1477.31	17556.1	17545.7	10.3937	467	85	181	1	0.0001 Colloc0 467 2447 0.158389 109.721
1360	1	1488.4	17571.9	17560.8	11.0629	476	90	176	0	0.0001 Colloc0 476 2447 0.138044 147.411
1370	1	1499.54	17639.5	17628.6	10.87	468	88	178	3	0.0001 Colloc0 468 2473 0.131396 136.055
1380	1	1510.5	17525.8	17515.1	10.7626	463	80	186	2	0.0001 Colloc0 463 2441 0.109982 129.899
1390	1	1521.38	17579.1	17568.8	10.3084	481	88	178	2	0.0001 Colloc0 481 2414 0.225467 105.281
1400	1	1532.49	17605.5	17594.6	10.9863	485	103	163	3	0.0001 Colloc0 485 2388 0.103559 142.857
1410	1	1543.46	17624.8	17613.6	11.2436	470	91	175	4	0.0001 Colloc0 470 2448 0.0396581 158.373
1420	1	1554.48	17652	17640.8	11.2075	480	88	178	7	0.0001 Colloc0 480 2430 0.0727761 156.161
1430	1	1565.38	17503.9	17493.5	10.3192	465	93	173	1	0.0001 Colloc0 465 2428 0.166093 105.84
1440	1	1575.75	17506.7	17495.8	10.9276	467	99	167	2	0.0001 Colloc0 467 2440 0.105574 139.404
1450	1	1586.49	17520.8	17509.7	11.179	455	91	175	1	0.0001 Colloc0 455 2441 0.100698 154.42
1460	1	1596.75	17481.3	17470.5	10.7888	450	95	171	2	0.0001 Colloc0 450 2461 0.0731312 131.387
1470	1	1607.9	17501.8	17491.4	10.4709	462	102	164	1	0.0001 Colloc0 462 2449 0.149341 113.813
1480	1	1619.11	17585.7	17574.8	10.9449	480	97	169	2	0.0001 Colloc0 480 2430 0.121934 140.419
1490	1	1630.3	17419.4	17408.8	10.5594	471	106	160	4	0.0001 Colloc0 471 2432 0.192547 118.591
1500	1	1641.48	17525.9	17514.7	11.2576	478	89	177	2	0.0001 Colloc0 478 2437 0.0860173 159.235
1510	1	1652.7	17600	17589.1	10.8744	474	85	181	2	0.0001 Colloc0 474 2444 0.130153 136.31
1520	1	1663.85	17590.2	17579.7	10.4913	477	89	177	0	0.0001 Colloc0 477 2423 0.190328 114.908
1530	1	1674.25	17540.8	17530.4	10.487	477	83	183	0	0.0001 Colloc0 477 2432 0.166045 114.677
1540	1	1685.12	17698.5	17687.3	11.1654	485	80	186	4	0.0001 Colloc0 485 2441 0.0739182 153.589
1550	1	1695.98	17553.6	17542.6	10.9626	466	82	184	4	0.0001 Colloc0 466 2439 0.0914943 141.46
1560	1	1706.94	17432	17421.2	10.7922	461	103	163	2	0.0001 Colloc0 461 2446 0.104466 131.582
1570	1	1718	17544.9	17533.9	11.0261	471	87	179	2	0.0001 Colloc0 471 2447 0.105532 145.213
1580	1	1728.99	17459.7	17448.9	10.8804	457	98	168	4	0.0001 Colloc0 457 2428 0.0280227 136.656
1590	1	1739.64	17541.4	17531.5	9.907	477	89	177	1	0.0001 Colloc0 477 2406 0.235753 85.6128
1600	1	1750.88	17503.8	17493.2	10.5786	461	108	158	1	0.0001 Colloc0 461 2452 0.149549 119.639
1610	1	1762.09	17445.9	17435.5	10.4789	467	91	175	5	0.0001 Colloc0 467 2426 0.127102 114.243
1620	1	1773.32	17538.3	17527.3	10.9622	481	98	168	2	0.0001 Colloc0 481 2450 0.0994944 141.434
1630	1	1784.02	17614.4	17603.2	11.205	488	76	190	0	0.0001 Colloc0 488 2423 0.0869355 156.004
1640	1	1794.22	17510.7	17499.8	10.8264	464	85	181	1	0.0001 Colloc0 464 2411 0.116356 133.541
1650	1	1804.59	17518.7	17508	10.7464	485	82	184	1	0.0001 Colloc0 485 2432 0.177083 128.979
1660	1	1814.8	17572.1	17561.3	10.7757	486	78	188	2	0.0001 Colloc0 486 2427 0.156593 130.645
1670	1	1825.56	17437.6	17426.6	10.9984	465	99	167	1	0.0001 Colloc0 465 2420 0.108852 143.57
1680	1	1836.88	17359.5	17348.8	10.7759	462	104	162	3	0.0001 Colloc0 462 2419 0.111998 130.654
1690	1	1847.46	17498.6	17488.2	10.4129	468	102	164	3	0.0001 Colloc0 468 2420 0.170172 110.73
1700	1	1858	17547.1	17535.9	11.1189	476	81	185	2	0.0001 Colloc0 476 2436 0.0702167 150.774
1710	1	1868.94	17536.8	17525.8	11.026	487	88	178	3	0.0001 Colloc0 487 2445 0.0925039 145.21
1720	1	1880.06	17490.4	17479.6	10.8358	464	95	171	1	0.0001 Colloc0 464 2397 0.120183 134.08
1730	1	1891.28	17576.8	17566.3	10.4574	501	83	183	1	0.0001 Colloc0 501 2414 0.195229 113.092
1740	1	1902.46	17555.1	17544.7	10.4093	477	86	180	3	0.0001 Colloc0 477 2426 0.182155 110.54
1750	1	1913.54	17474	17463.1	10.9505	473	96	170	1	0.0001 Colloc0 473 2420 0.0959045 140.75
1760	1	1924.32	17612.2	17601.3	10.902	488	80	186	1	0.0001 Colloc0 488 2435 0.169886 137.91
1770	1	1934.61	17541.4	17531.1	10.3314	479	101	165	1	0.0001 Colloc0 479 2432 0.172602 106.467
1780	1	1944.86	17432	17420.6	11.3964	463	103	163	3	0.0001 Colloc0 463 2445 0.0330552 167.884
1790	1	1956.02	17461.8	17451.3	10.5323	481	107	159	1	0.0001 Colloc0 481 2420 0.173318 117.122
1800	1	1967.07	17397.5	17386.4	11.0552	462	114	152	0	0.0001 Colloc0 462 2437 0.0576356 146.949
1810	1	1977.94	17573.3	17562.3	11.0086	462	85	181	1	0.0001 Colloc0 462 2420 0.101346 144.177
1820	1	1989.13	17621.7	17611.1	10.6117	477	79	187	0	0.0001 Colloc0 477 2449 0.114743 121.458
1830	1	2000.15	17470	17459.6	10.3542	477	95	171	0	0.0001 Colloc0 477 2415 0.188014 107.651
1840	1	2010.88	17561.4	17551.2	10.2573	476	91	175	0	0.0001 Colloc0 476 2419 0.141769 102.663
1850	1	2021.58	17610.4	17600.2	10.2277	494	77	189	1	0.0001 Colloc0 494 2428 0.190448 101.163
1860	1	2032.6	17548.6	17537.6	10.9362	484	81	185	1	0.0001 Colloc0 484 2450 0.109827 139.91
1870	1	2043.47	17479.9	17469.6	10.3491	475	95	171	2	0.0001 Colloc0 475 2421 0.185315 107.387
1880	1	2054.29	17450.8	17440.5	10.2634	483	89	177	0	0.0001 Colloc0 483 2416 0.227712 102.972
1890	1	2065.27	17458.4	17447.7	10.6319	461	105	161	1	0.0001 Colloc0 461 2434 0.0927609 122.575
1900	1	2076.3	17474.7	17463.2	11.4865	474	82	184	3	0.0001 Colloc0 474 2428 0.0408597 173.586
1910	1	2087.16	17429	17418.2	10.7784	453	99	167	1	0.0001 Colloc0 453 2437 0.0643049 130.797
1920	1	2097.98	17593.4	17582.8	10.5851	489	91	175	1	0.0001 Colloc0 489 2438 0.1473 119.995
1930	1	2108.73	17509	17497.9	11.0788	468	89	177	0	0.0001 Colloc0 468 2450 0.0747669 148.359
1940	1	2119.46	17484.9	17473.6	11.287	468	92	174	1	0.0001 Colloc0 468 2423 0.0132853 161.052
1950	1	2129.85	17466.5	17456	10.5017	470	95	171	0	0.0001 Colloc0 470 2412 0.158726 115.468
1960	1	2140.22	17529.7	17518.9	10.7584	477	95	171	1	0.0001 Colloc0 477 2412 0.139721 129.659
1970	1	2150.66	17496.2	17486.1	10.1522	471	78	188	0	0.0001 Colloc0 471 2406 0.184819 97.3814
1980	1	2160.87	17466	17455.3	10.657	465	97	169	3	0.0001 Colloc0 465 2406 0.112928 123.967
1990	1	2171.14	17478.6	17468.3	10.3181	470	97	169	0	0.0001 Colloc0 470 2437 0.185118 105.781
2000	1	2181.59	17450.2	17440	10.2094	459	92	174	1	0.0001 Colloc0 459 2427 0.200351 100.24
