# D = 0, E = 1, I = 1, P = 1, R = -1, n = 2000, N = 1, P = 1, w = 1, a = 0.0001, b = 10000, e = 1, f = 1, g = 100, h = 0.01, r = 7215, s = 1, S = 0, x = 10, m = 100, Z = 1, z = 0, T = 1, t = 1
# 6143 tokens in 266 sentences
#
# It	Temp	Time	-logP	-logPcorpus	-logPrior	tables	same	changed	reject	default_pya	(parent pym pyn pya pyb)*
0	1	0.847871	25552.3	25438.6	113.764	2232	0	266	0	0.0001 Colloc0 2232 3096 0.0001 10000
10	1	12.4361	19615.9	19603.4	12.4759	583	30	236	3	0.0001 Colloc0 583 2750 0.00538155 240.319
20	1	22.8725	19056.9	19045.6	11.2621	504	36	230	2	0.0001 Colloc0 504 2703 0.0611383 159.518
30	1	33.4609	18986.4	18975.1	11.2882	479	40	226	1	0.0001 Colloc0 479 2743 0.0310175 161.126
40	1	43.7224	19120.9	19109.4	11.5692	527	46	220	2	0.0001 Colloc0 527 2697 0.0496041 178.882
50	1	54.6017	18911	18899.9	11.1373	511	45	221	4	0.0001 Colloc0 511 2696 0.0537406 151.89
60	1	64.7912	18771.6	18760.2	11.3667	507	44	222	1	0.0001 Colloc0 507 2681 0.0122311 166.021
70	1	75.6165	18688.6	18676.7	11.8618	513	45	221	3	0.0001 Colloc0 513 2626 0.0291623 198.059
80	1	86.7558	18519.2	18507.9	11.3235	499	60	206	3	0.0001 Colloc0 499 2621 0.0557175 163.323
90	1	97.6752	18521.4	18510.3	11.1779	492	57	209	6	0.0001 Colloc0 492 2643 0.0225819 154.354
100	1	108.542	18390.6	18379.7	10.9154	486	57	209	0	0.0001 Colloc0 486 2622 0.0842052 138.693
110	1	119.641	18360.7	18349.9	10.777	475	77	189	4	0.0001 Colloc0 475 2616 0.100732 130.715
120	1	130.489	18561.4	18550.1	11.3243	501	61	205	2	0.0001 Colloc0 501 2616 0.06612 163.37
130	1	141.591	18377.2	18366.1	11.1249	492	63	203	3	0.0001 Colloc0 492 2595 0.0842727 151.136
140	1	151.957	18415.2	18404	11.1756	487	55	211	2	0.0001 Colloc0 487 2611 0.0482469 154.215
150	1	162.652	18352.5	18341.4	11.1195	515	70	196	1	0.0001 Colloc0 515 2571 0.0846472 150.813
160	1	173.726	18373.2	18362	11.2065	488	57	209	4	0.0001 Colloc0 488 2597 0.00837186 156.097
170	1	183.981	18252.6	18241.1	11.5098	483	62	204	1	0.0001 Colloc0 483 2576 0.03509 175.07
180	1	194.694	18212.2	18200.8	11.4092	485	61	205	1	0.0001 Colloc0 485 2563 0.00951495 168.69
190	1	205.036	17998	17986.8	11.2495	462	79	187	1	0.0001 Colloc0 462 2540 0.0546183 158.736
200	1	215.489	18013.3	18001.8	11.5078	482	74	192	1	0.0001 Colloc0 482 2545 0.0262897 174.942
210	1	225.901	18154.9	18143.8	11.1581	482	64	202	1	0.0001 Colloc0 482 2548 0.093182 153.146
220	1	236.181	18123.6	18112.5	11.1799	497	76	190	0	0.0001 Colloc0 497 2526 0.0929104 154.476
230	1	246.438	18149.3	18138	11.289	499	76	190	1	0.0001 Colloc0 499 2538 0.0430638 161.176
240	1	256.745	18239.9	18228.7	11.2831	508	66	200	4	0.0001 Colloc0 508 2531 0.076475 160.816
250	1	267.032	18204.4	18193	11.3741	515	73	193	1	0.0001 Colloc0 515 2505 0.0539509 166.484
260	1	277.736	18050.5	18039.5	11.0153	475	76	190	4	0.0001 Colloc0 475 2536 0.0958467 144.573
270	1	288.998	18013.7	18002.3	11.4605	494	74	192	3	0.0001 Colloc0 494 2503 0.0667596 171.934
280	1	300.116	18215.8	18204.3	11.5082	516	60	206	3	0.0001 Colloc0 516 2540 0.0689432 174.969
290	1	311.139	18135.8	18124.7	11.1363	497	72	194	1	0.0001 Colloc0 497 2536 0.08875 151.828
300	1	322.159	18130.2	18118.6	11.5856	469	72	194	2	0.0001 Colloc0 469 2556 0.0104443 179.937
310	1	333.081	18157.5	18146.3	11.2819	509	70	196	1	0.0001 Colloc0 509 2539 0.0592878 160.74
320	1	344.237	18020.1	18009.2	10.8704	491	71	195	1	0.0001 Colloc0 491 2534 0.14386 136.075
330	1	355.247	17948.8	17938	10.8181	489	78	188	3	0.0001 Colloc0 489 2506 0.110959 133.063
340	1	366.29	17946.6	17935.5	11.1245	480	79	187	1	0.0001 Colloc0 480 2491 0.0649393 151.115
350	1	377.254	18036.3	18025.1	11.1419	485	75	191	2	0.0001 Colloc0 485 2518 0.0895501 152.166
360	1	388.103	18001.3	17990.4	10.8912	490	74	192	2	0.0001 Colloc0 490 2498 0.102599 137.283
370	1	399.153	17970.4	17959.3	11.1123	486	80	186	1	0.0001 Colloc0 486 2483 0.113717 150.373
380	1	409.654	18034.8	18023.3	11.4299	490	74	192	2	0.0001 Colloc0 490 2510 0.0163875 169.993
390	1	420.685	17943.3	17932.4	10.9254	503	70	196	1	0.0001 Colloc0 503 2498 0.105313 139.278
400	1	431.542	17926.9	17916.2	10.7087	476	79	187	0	0.0001 Colloc0 476 2515 0.101117 126.858
410	1	442.533	17934.4	17922.9	11.5331	485	81	185	2	0.0001 Colloc0 485 2487 0.0357368 176.56
420	1	453.094	18007.4	17996.3	11.0375	474	66	200	2	0.0001 Colloc0 474 2523 0.0572161 145.894
430	1	463.843	17956.3	17945.8	10.5577	470	74	192	1	0.0001 Colloc0 470 2524 0.12363 118.498
440	1	474.263	18026.2	18015.5	10.7127	487	71	195	0	0.0001 Colloc0 487 2526 0.160388 127.08
450	1	484.98	17916.8	17905.6	11.2088	467	76	190	3	0.0001 Colloc0 467 2500 0.031847 156.239
460	1	495.981	18003.6	17992.4	11.1795	491	71	195	5	0.0001 Colloc0 491 2491 0.0522314 154.45
470	1	506.85	17885.9	17875.3	10.5912	470	79	187	3	0.0001 Colloc0 470 2519 0.129914 120.334
480	1	517.529	17905.7	17894.4	11.326	481	71	195	2	0.0001 Colloc0 481 2507 0.0398448 163.479
490	1	527.751	17957.9	17946.5	11.3924	478	71	195	3	0.0001 Colloc0 478 2519 0.012934 167.634
500	1	538.665	17837.3	17826.1	11.1943	479	77	189	3	0.0001 Colloc0 479 2466 0.0791247 155.35
510	1	549.416	17952.8	17941.4	11.415	492	68	198	3	0.0001 Colloc0 492 2481 0.0920765 169.055
520	1	559.97	17856.1	17846.1	10.0205	475	91	175	3	0.0001 Colloc0 475 2480 0.20591 90.9644
530	1	571.112	17935.3	17924.4	10.9306	478	77	189	2	0.0001 Colloc0 478 2499 0.073562 139.583
540	1	581.979	17878.8	17868.5	10.3939	478	77	189	1	0.0001 Colloc0 478 2503 0.177681 109.732
550	1	592.746	17881.5	17870.3	11.2358	484	72	194	3	0.0001 Colloc0 484 2490 0.106077 157.894
560	1	603.275	17874.6	17863.3	11.3665	475	85	181	1	0.0001 Colloc0 475 2491 0.029559 166.008
570	1	613.595	17864.7	17853.9	10.7912	488	75	191	3	0.0001 Colloc0 488 2467 0.122578 131.524
580	1	624.247	17878.1	17866.5	11.671	477	77	189	0	0.0001 Colloc0 477 2485 0.0172336 185.48
590	1	635.338	17885.1	17873.7	11.4066	482	72	194	0	0.0001 Colloc0 482 2472 0.0370163 168.528
600	1	646.157	17802	17790.9	11.121	463	85	181	1	0.0001 Colloc0 463 2481 0.0594987 150.9
610	1	656.597	17867.3	17855.7	11.5637	481	73	193	5	0.0001 Colloc0 481 2482 0.0324837 178.527
620	1	666.795	17834.4	17823.6	10.7509	473	79	187	5	0.0001 Colloc0 473 2494 0.12727 129.235
630	1	677.82	17814.4	17803	11.3284	468	73	193	1	0.0001 Colloc0 468 2483 0.0121774 163.625
640	1	688.936	17811.3	17800	11.3224	475	86	180	1	0.0001 Colloc0 475 2475 0.0130575 163.254
650	1	699.973	17812.5	17801.1	11.4484	480	78	188	1	0.0001 Colloc0 480 2475 0.0565066 171.164
660	1	711.142	17817.7	17806.5	11.1769	472	82	184	2	0.0001 Colloc0 472 2451 0.00641514 154.293
670	1	722.136	17876.5	17865.3	11.1275	487	87	179	2	0.0001 Colloc0 487 2483 0.0672013 151.295
680	1	733.088	18030.4	18019.5	10.8799	484	79	187	1	0.0001 Colloc0 484 2539 0.0968969 136.625
690	1	744.056	17859.3	17848.4	10.8842	477	74	192	1	0.0001 Colloc0 477 2474 0.0711506 136.88
700	1	755.014	17802.8	17792.4	10.4146	457	81	185	2	0.0001 Colloc0 457 2458 0.149088 110.82
710	1	766.246	17855.7	17845	10.6123	473	76	190	5	0.0001 Colloc0 473 2456 0.131781 121.493
720	1	776.579	17787.3	17776.2	11.1424	496	82	184	1	0.0001 Colloc0 496 2453 0.133945 152.198
730	1	786.842	17754.7	17743.4	11.3038	503	78	188	0	0.0001 Colloc0 503 2432 0.102666 162.095
740	1	797.187	17662.8	17651.7	11.04	469	83	183	1	0.0001 Colloc0 469 2439 0.0831382 146.04
750	1	807.498	17682.8	17671.7	11.1611	477	75	191	4	0.0001 Colloc0 477 2428 0.0616324 153.329
760	1	818.199	17701.7	17691.1	10.6344	491	84	182	1	0.0001 Colloc0 491 2459 0.150153 122.715
770	1	829.194	17667.5	17656.7	10.8747	473	78	188	1	0.0001 Colloc0 473 2453 0.0740085 136.326
780	1	840.28	17680.8	17670.3	10.5019	475	85	181	1	0.0001 Colloc0 475 2436 0.143743 115.476
790	1	851.349	17546.5	17535.5	11.0912	453	95	171	3	0.0001 Colloc0 453 2449 0.0549344 149.107
800	1	861.575	17764.6	17753	11.6231	479	79	187	3	0.0001 Colloc0 479 2459 0.015414 182.365
810	1	872.316	17705.4	17693.8	11.5745	494	86	180	3	0.0001 Colloc0 494 2410 0.0405955 179.221
820	1	883.231	17656.7	17645.7	10.9613	483	79	187	1	0.0001 Colloc0 483 2453 0.0970552 141.385
830	1	894.18	17642	17630.6	11.4074	483	86	180	1	0.0001 Colloc0 483 2438 0.0551464 168.574
840	1	905.282	17637.9	17627	10.8909	484	84	182	1	0.0001 Colloc0 484 2416 0.125595 137.267
850	1	916.017	17772.8	17761.7	11.0334	495	76	190	1	0.0001 Colloc0 495 2439 0.101044 145.646
860	1	926.463	17731.2	17720.4	10.8519	473	89	177	2	0.0001 Colloc0 473 2462 0.0693686 135.009
870	1	936.885	17813.3	17801.9	11.4025	507	78	188	1	0.0001 Colloc0 507 2445 0.0567349 168.269
880	1	948.056	17687.4	17676.1	11.3577	477	90	176	2	0.0001 Colloc0 477 2432 0.00893515 165.453
890	1	958.929	17842.1	17830.9	11.2609	493	83	183	1	0.0001 Colloc0 493 2450 0.0842158 159.442
900	1	969.863	17707.8	17696.2	11.5432	489	84	182	3	0.0001 Colloc0 489 2447 0.0137629 177.207
910	1	980.444	17588.5	17577.5	10.9255	470	93	173	1	0.0001 Colloc0 470 2424 0.0732776 139.282
920	1	991.544	17706.4	17695.1	11.3381	491	80	186	3	0.0001 Colloc0 491 2444 0.0379942 164.231
930	1	1002.54	17592.2	17581.5	10.7621	477	87	179	2	0.0001 Colloc0 477 2419 0.143654 129.871
940	1	1013.43	17744.6	17733.7	10.9644	495	75	191	1	0.0001 Colloc0 495 2469 0.118723 141.565
950	1	1023.93	17643	17631.9	11.0929	487	95	171	2	0.0001 Colloc0 487 2435 0.0846097 149.207
960	1	1034.65	17627.1	17615.5	11.5846	468	83	183	5	0.0001 Colloc0 468 2432 0.0342591 179.877
970	1	1045.49	17616.6	17605.5	11.1497	470	88	178	2	0.0001 Colloc0 470 2472 0.0250234 152.637
980	1	1056.29	17628.3	17616.6	11.7077	480	82	184	1	0.0001 Colloc0 480 2418 0.0205432 187.878
990	1	1067.01	17687.8	17676.7	11.0946	493	82	184	0	0.0001 Colloc0 493 2420 0.0902047 149.308
1000	1	1077.86	17649.3	17637.9	11.3945	482	83	183	3	0.0001 Colloc0 482 2428 0.028526 167.765
1010	1	1088.86	17645.5	17634.6	10.9114	471	82	184	3	0.0001 Colloc0 471 2420 0.0880881 138.461
1020	1	1099.83	17535.9	17525.3	10.6001	475	94	172	0	0.0001 Colloc0 475 2406 0.129113 120.819
1030	1	1110.92	17553.5	17542.3	11.1853	481	103	163	3	0.0001 Colloc0 481 2426 0.0353915 154.805
1040	1	1121.55	17609.2	17598.1	11.0654	499	89	177	4	0.0001 Colloc0 499 2409 0.104085 147.557
1050	1	1133.31	17502.5	17491.4	11.0013	462	85	181	0	0.0001 Colloc0 462 2411 0.0598388 143.743
1060	1	1143.67	17610.1	17599.7	10.4368	491	99	167	1	0.0001 Colloc0 491 2407 0.165357 111.997
1070	1	1154.89	17651.6	17640.4	11.259	475	87	179	3	0.0001 Colloc0 475 2424 0.0727245 159.321
1080	1	1165.59	17550.4	17539.5	10.89	468	96	170	2	0.0001 Colloc0 468 2429 0.0774611 137.216
1090	1	1176.57	17531.9	17521.3	10.5754	466	93	173	2	0.0001 Colloc0 466 2404 0.132293 119.468
1100	1	1187.79	17740.7	17729.2	11.5004	504	78	188	1	0.0001 Colloc0 504 2437 0.0775914 174.47
1110	1	1198.95	17700.4	17689.6	10.7385	493	79	187	5	0.0001 Colloc0 493 2430 0.12898 128.533
1120	1	1210.12	17575.3	17564.1	11.1951	486	75	191	2	0.0001 Colloc0 486 2402 0.0939206 155.405
1130	1	1220.77	17664.4	17652.8	11.5954	499	83	183	1	0.0001 Colloc0 499 2403 0.123476 180.573
1140	1	1231.31	17558.7	17548.3	10.3919	477	96	170	3	0.0001 Colloc0 477 2409 0.137075 109.626
1150	1	1242.41	17734.4	17722.7	11.6686	498	79	187	1	0.0001 Colloc0 498 2394 0.0703792 185.323
1160	1	1253.28	17755.2	17744	11.2453	496	88	178	1	0.0001 Colloc0 496 2410 0.0871534 158.477
1170	1	1263.83	17504.3	17492.7	11.6322	473	92	174	3	0.0001 Colloc0 473 2386 0.036869 182.952
1180	1	1275.15	17720.9	17709.6	11.3153	490	89	177	4	0.0001 Colloc0 490 2410 0.0456768 162.809
1190	1	1286.16	17648.1	17637.1	11.0439	500	78	188	1	0.0001 Colloc0 500 2424 0.11812 146.277
1200	1	1297.24	17689.5	17678.5	11.0001	493	88	178	1	0.0001 Colloc0 493 2408 0.109272 143.669
1210	1	1308.2	17701.7	17690.6	11.1078	489	87	179	1	0.0001 Colloc0 489 2430 0.100111 150.103
1220	1	1319.18	17705	17693.8	11.1523	474	80	186	3	0.0001 Colloc0 474 2417 0.135168 152.798
1230	1	1330.16	17637.8	17626.5	11.2597	490	80	186	1	0.0001 Colloc0 490 2402 0.0412825 159.37
1240	1	1341.25	17629.2	17617.9	11.3295	488	81	185	3	0.0001 Colloc0 488 2411 0.0688673 163.697
1250	1	1352.37	17728	17717	10.9852	480	77	189	0	0.0001 Colloc0 480 2432 0.0743885 142.79
1260	1	1363.47	17611.6	17600.8	10.7918	496	84	182	1	0.0001 Colloc0 496 2427 0.140768 131.561
1270	1	1374.16	17599.8	17589.1	10.6893	476	94	172	0	0.0001 Colloc0 476 2416 0.152694 125.766
1280	1	1385.29	17594.5	17583.3	11.2136	479	86	180	1	0.0001 Colloc0 479 2439 0.0398229 156.534
1290	1	1396.43	17614.7	17603.7	10.9477	493	94	172	0	0.0001 Colloc0 493 2428 0.0820608 140.583
1300	1	1407.42	17598	17587	10.9796	482	85	181	0	0.0001 Colloc0 482 2411 0.133928 142.461
1310	1	1418.33	17562.3	17551	11.2867	472	93	173	2	0.0001 Colloc0 472 2413 0.0383242 161.034
1320	1	1429.32	17618.3	17607.4	10.8368	475	91	175	1	0.0001 Colloc0 475 2401 0.111365 134.141
1330	1	1440.43	17642	17631.1	10.9029	483	80	186	0	0.0001 Colloc0 483 2416 0.136271 137.963
1340	1	1451.63	17658.3	17647	11.2811	498	83	183	2	0.0001 Colloc0 498 2434 0.0961966 160.689
1350	1	1462.75	17673.7	17662.7	10.9377	473	73	193	1	0.0001 Colloc0 473 2435 0.095996 139.996
1360	1	1473.74	17837.2	17826	11.2317	491	64	202	1	0.0001 Colloc0 491 2445 0.0509662 157.643
1370	1	1484.71	17805	17793.5	11.4852	492	82	184	1	0.0001 Colloc0 492 2453 0.0504923 173.501
1380	1	1494.98	17674	17663.3	10.6491	481	74	192	2	0.0001 Colloc0 481 2442 0.158956 123.526
1390	1	1505.56	17701.8	17690.7	11.101	486	78	188	3	0.0001 Colloc0 486 2433 0.0849254 149.697
1400	1	1516.66	17785.7	17774.6	11.1002	490	71	195	0	0.0001 Colloc0 490 2409 0.0532329 149.646
1410	1	1527.52	17810	17798.8	11.2195	493	76	190	0	0.0001 Colloc0 493 2418 0.0917658 156.894
1420	1	1538.35	17679.1	17668.1	10.9192	459	64	202	3	0.0001 Colloc0 459 2432 0.0628264 138.917
1430	1	1549.51	17730	17718.6	11.3681	493	82	184	3	0.0001 Colloc0 493 2423 0.0694764 166.108
1440	1	1560.61	17736.7	17726	10.6803	481	69	197	1	0.0001 Colloc0 481 2431 0.1607 125.267
1450	1	1571.31	17664.4	17653.4	11.0468	476	73	193	4	0.0001 Colloc0 476 2429 0.0489897 146.447
1460	1	1582.59	17645.4	17634.1	11.3243	484	75	191	1	0.0001 Colloc0 484 2408 0.0358014 163.37
1470	1	1593.59	17704.7	17693.2	11.5052	471	76	190	1	0.0001 Colloc0 471 2448 0.0162194 174.776
1480	1	1604.6	17567.6	17557.1	10.4731	462	87	179	3	0.0001 Colloc0 462 2411 0.167258 113.933
1490	1	1615.47	17566.3	17555.4	10.9005	483	92	174	0	0.0001 Colloc0 483 2414 0.121528 137.823
1500	1	1626.52	17553.2	17542.5	10.6242	481	87	179	2	0.0001 Colloc0 481 2406 0.147697 122.147
1510	1	1637.53	17611.2	17600.7	10.5182	475	79	187	4	0.0001 Colloc0 475 2418 0.163996 116.358
1520	1	1648.6	17652.8	17642.4	10.3777	492	83	183	2	0.0001 Colloc0 492 2415 0.233954 108.883
1530	1	1659.66	17535.4	17524.5	10.9357	493	93	173	0	0.0001 Colloc0 493 2414 0.158072 139.881
1540	1	1670.68	17426.8	17415.6	11.2043	490	103	163	2	0.0001 Colloc0 490 2376 0.110585 155.966
1550	1	1681.67	17436.6	17425.7	10.9257	479	95	171	2	0.0001 Colloc0 479 2393 0.124929 139.297
1560	1	1692.65	17526.7	17515.7	11.0482	461	102	164	2	0.0001 Colloc0 461 2405 0.0503962 146.531
1570	1	1703.57	17489.6	17478.4	11.1369	479	90	176	1	0.0001 Colloc0 479 2367 0.080764 151.863
1580	1	1714.69	17476.7	17465.4	11.2953	481	105	161	1	0.0001 Colloc0 481 2380 0.124983 161.571
1590	1	1725.71	17461.5	17450.4	11.0802	471	99	167	2	0.0001 Colloc0 471 2371 0.0107128 148.448
1600	1	1736.71	17462.2	17451.5	10.6772	474	97	169	3	0.0001 Colloc0 474 2400 0.131698 125.094
1610	1	1747.14	17506	17495.5	10.5624	495	106	160	3	0.0001 Colloc0 495 2409 0.177236 118.756
1620	1	1758.41	17481.9	17471.1	10.7198	477	100	166	3	0.0001 Colloc0 477 2415 0.0992991 127.482
1630	1	1769.39	17487.5	17477	10.4495	488	85	181	1	0.0001 Colloc0 488 2375 0.178801 112.673
1640	1	1780.03	17665.7	17654.5	11.247	500	69	197	2	0.0001 Colloc0 500 2382 0.0690061 158.584
1650	1	1791.11	17600.5	17589.8	10.6668	495	83	183	1	0.0001 Colloc0 495 2350 0.197619 124.511
1660	1	1802.22	17659.4	17648.9	10.5027	501	77	189	2	0.0001 Colloc0 501 2407 0.208891 115.521
1670	1	1813.36	17683.4	17671.4	11.9646	499	73	193	4	0.0001 Colloc0 499 2398 0.0382435 204.954
1680	1	1824.41	17629.9	17618.7	11.2117	476	83	183	0	0.0001 Colloc0 476 2396 0.0358351 156.418
1690	1	1835.51	17647.9	17637.2	10.7764	489	83	183	3	0.0001 Colloc0 489 2384 0.104701 130.68
1700	1	1846.55	17591.5	17580.2	11.3143	469	84	182	4	0.0001 Colloc0 469 2394 0.0295387 162.751
1710	1	1857.72	17575.4	17564.4	10.9441	488	88	178	0	0.0001 Colloc0 488 2372 0.0753864 140.372
1720	1	1868.85	17555.7	17544.8	10.8693	486	90	176	1	0.0001 Colloc0 486 2373 0.100751 136.013
1730	1	1879.95	17594.5	17583	11.5133	477	87	179	5	0.0001 Colloc0 477 2410 0.0141219 175.298
1740	1	1891.05	17526	17515	11.0638	478	99	167	0	0.0001 Colloc0 478 2381 0.110268 147.46
1750	1	1902.12	17550.9	17540	10.9696	494	85	181	0	0.0001 Colloc0 494 2383 0.143042 141.868
1760	1	1912.95	17536.5	17525.4	11.0092	472	96	170	0	0.0001 Colloc0 472 2392 0.0779266 144.208
1770	1	1923.76	17483.3	17472.9	10.4093	472	92	174	1	0.0001 Colloc0 472 2384 0.146045 110.544
1780	1	1934.98	17445.2	17434.5	10.7036	494	102	164	1	0.0001 Colloc0 494 2357 0.178102 126.567
1790	1	1946.19	17572.1	17560.5	11.6136	477	91	175	0	0.0001 Colloc0 477 2377 0.0368075 181.75
1800	1	1957.27	17492.3	17481.6	10.6376	493	87	179	3	0.0001 Colloc0 493 2366 0.174943 122.889
1810	1	1968.24	17487.4	17476.7	10.7001	481	99	167	1	0.0001 Colloc0 481 2377 0.148894 126.371
1820	1	1979.41	17564.5	17553	11.5654	489	85	181	5	0.0001 Colloc0 489 2362 0.0372811 178.639
1830	1	1990.26	17404.6	17393.5	11.0798	480	97	169	1	0.0001 Colloc0 480 2367 0.130034 148.421
1840	1	2001	17447.3	17436.4	10.8674	463	86	180	0	0.0001 Colloc0 463 2404 0.119815 135.901
1850	1	2011.37	17431.5	17420.7	10.7849	464	97	169	2	0.0001 Colloc0 464 2382 0.123645 131.166
1860	1	2022.04	17391.6	17380.3	11.2974	478	100	166	2	0.0001 Colloc0 478 2384 0.0432084 161.696
1870	1	2032.37	17464.5	17452.9	11.6553	465	113	153	2	0.0001 Colloc0 465 2399 0.024976 184.451
1880	1	2043.38	17428	17416.6	11.4316	469	98	168	1	0.0001 Colloc0 469 2390 0.0863865 170.102
1890	1	2054.5	17508.7	17497.6	11.0415	485	95	171	0	0.0001 Colloc0 485 2392 0.101332 146.129
1900	1	2065.41	17553.5	17543.2	10.2813	494	88	178	1	0.0001 Colloc0 494 2378 0.202071 103.887
1910	1	2076.54	17522.1	17510.9	11.2013	482	95	171	1	0.0001 Colloc0 482 2370 0.0731926 155.782
1920	1	2087.45	17503.7	17492.6	11.0899	488	101	165	2	0.0001 Colloc0 488 2372 0.118957 149.028
1930	1	2098.14	17497.8	17486.3	11.4541	483	97	169	4	0.0001 Colloc0 483 2372 0.0499866 171.526
1940	1	2109.16	17563.8	17552.9	10.8937	485	100	166	1	0.0001 Colloc0 485 2394 0.105045 137.427
1950	1	2120.04	17550.4	17539.2	11.2026	479	94	172	3	0.0001 Colloc0 479 2381 0.0387674 155.861
1960	1	2130.7	17567.6	17556.2	11.3907	494	105	161	2	0.0001 Colloc0 494 2379 0.0690766 167.526
1970	1	2141.15	17493.9	17482.8	11.1576	498	88	178	0	0.0001 Colloc0 498 2343 0.151432 153.116
1980	1	2151.8	17505.9	17495.2	10.663	495	94	172	2	0.0001 Colloc0 495 2342 0.202105 124.301
1990	1	2162.22	17548.2	17537.3	10.8942	488	89	177	1	0.0001 Colloc0 488 2365 0.154699 137.457
2000	1	2172.78	17498.3	17487.4	10.8661	476	95	171	4	0.0001 Colloc0 476 2367 0.109449 135.828
