# D = 0, E = 1, I = 1, P = 1, R = -1, n = 2000, N = 1, P = 1, w = 1, a = 0.0001, b = 10000, e = 1, f = 1, g = 100, h = 0.01, r = 16561, s = 1, S = 0, x = 10, m = 100, Z = 1, z = 0, T = 1, t = 1
# 9629 tokens in 824 sentences
#
# It	Temp	Time	-logP	-logPcorpus	-logPrior	tables	same	changed	reject	default_pya	(parent pym pyn pya pyb)*
0	1	0.680896	34900.7	34787	113.764	1935	0	824	0	0.0001 Colloc0 1935 3427 0.0001 10000
10	1	10.1095	27755.2	27742.8	12.4038	712	336	488	1	0.0001 Colloc0 712 3518 0.0674702 235.227
20	1	19.0931	27383.4	27371.4	11.9571	643	375	449	2	0.0001 Colloc0 643 3594 0.0316491 204.448
30	1	27.9857	27187.9	27176.1	11.8056	631	410	414	4	0.0001 Colloc0 631 3565 0.0664031 194.327
40	1	36.8124	26990.5	26978.7	11.8153	602	404	420	3	0.0001 Colloc0 602 3582 0.0161364 194.965
50	1	45.6401	26765	26753.5	11.5152	586	426	398	1	0.0001 Colloc0 586 3565 0.0629411 175.419
60	1	54.4357	26754	26742.3	11.7322	588	418	406	2	0.0001 Colloc0 588 3549 0.00199945 189.481
70	1	63.1194	26656.8	26645.1	11.6473	590	434	390	0	0.0001 Colloc0 590 3595 0.0225205 183.932
80	1	71.6021	26599.2	26587.6	11.5372	582	453	371	1	0.0001 Colloc0 582 3571 0.0531481 176.823
90	1	80.2228	26704.1	26692.4	11.7249	590	458	366	1	0.0001 Colloc0 590 3599 0.0339145 189.005
100	1	88.8135	26481.8	26469.8	11.9663	585	466	358	2	0.0001 Colloc0 585 3606 0.00439124 205.064
110	1	97.6602	26472.3	26460.9	11.4152	576	463	361	1	0.0001 Colloc0 576 3564 0.0583978 169.069
120	1	106.262	26630.4	26618.9	11.4814	602	448	376	3	0.0001 Colloc0 602 3549 0.0493924 173.26
130	1	114.987	26304.2	26292.7	11.4034	567	488	336	3	0.0001 Colloc0 567 3557 0.047091 168.324
140	1	123.605	26242.6	26230.9	11.699	552	483	341	1	0.0001 Colloc0 552 3532 0.00205308 187.306
150	1	132.283	26220.4	26209.2	11.1546	579	510	314	1	0.0001 Colloc0 579 3556 0.0959097 152.938
160	1	140.918	26250.9	26239.6	11.3322	564	492	332	1	0.0001 Colloc0 564 3579 0.0341367 163.863
170	1	149.367	26349.6	26338.1	11.5501	584	491	333	1	0.0001 Colloc0 584 3572 0.0328911 177.654
180	1	157.872	26379.3	26367.9	11.4011	576	482	342	2	0.0001 Colloc0 576 3545 0.022851 168.179
190	1	166.441	26289.9	26279	10.8844	568	468	356	0	0.0001 Colloc0 568 3530 0.103901 136.889
200	1	174.982	26451.3	26440.2	11.0732	583	439	385	1	0.0001 Colloc0 583 3568 0.0971875 148.023
210	1	183.719	26199.2	26188.1	11.0305	553	481	343	1	0.0001 Colloc0 553 3548 0.0549707 145.479
220	1	192.439	26298.9	26287.6	11.3186	543	453	371	1	0.0001 Colloc0 543 3592 0.0195775 163.017
230	1	201.027	26378.5	26366.9	11.5574	570	468	356	4	0.0001 Colloc0 570 3587 0.0202762 178.121
240	1	209.676	26396.6	26385.4	11.2009	542	440	384	3	0.0001 Colloc0 542 3613 0.0422847 155.757
250	1	218.54	26340.5	26328.9	11.6302	562	463	361	0	0.0001 Colloc0 562 3580 0.0509231 182.824
260	1	227.149	26437	26425.5	11.5127	580	427	397	0	0.0001 Colloc0 580 3558 0.0447488 175.259
270	1	235.82	26441.7	26430	11.7626	578	427	397	1	0.0001 Colloc0 578 3555 0.00297865 191.479
280	1	244.549	26195.2	26184.1	11.1492	580	462	362	1	0.0001 Colloc0 580 3521 0.0859606 152.61
290	1	253.151	26306.2	26294.5	11.7047	583	434	390	0	0.0001 Colloc0 583 3543 0.0182843 187.675
300	1	261.861	26197.1	26185.4	11.6977	565	488	336	1	0.0001 Colloc0 565 3536 0.0196484 187.22
310	1	270.531	26309.1	26297.4	11.6849	571	462	362	0	0.0001 Colloc0 571 3557 0.0207194 186.387
320	1	279.278	26303.9	26292.6	11.315	574	490	334	2	0.0001 Colloc0 574 3566 0.0619137 162.794
330	1	287.838	26264.7	26253	11.6408	555	463	361	1	0.0001 Colloc0 555 3570 0.024165 183.509
340	1	296.343	26111.8	26100.4	11.4642	542	488	336	0	0.0001 Colloc0 542 3552 0.0103634 172.167
350	1	305.06	26247.2	26236	11.2099	548	479	345	0	0.0001 Colloc0 548 3569 0.0467873 156.308
360	1	313.704	26306.6	26295.2	11.3863	576	468	356	0	0.0001 Colloc0 576 3510 0.0481349 167.247
370	1	322.394	26359.2	26347.6	11.6583	560	476	348	2	0.0001 Colloc0 560 3556 0.0397994 184.649
380	1	330.928	26328.9	26317.8	11.0486	587	465	359	1	0.0001 Colloc0 587 3568 0.12005 146.553
390	1	339.624	26240.3	26228.8	11.4362	572	472	352	3	0.0001 Colloc0 572 3531 0.0593757 170.395
400	1	348.208	26250.9	26239.4	11.4783	569	469	355	3	0.0001 Colloc0 569 3525 0.000778352 173.067
410	1	357.031	26072.8	26061.6	11.1676	566	491	333	2	0.0001 Colloc0 566 3506 0.0860514 153.725
420	1	365.803	26158.8	26148	10.8238	557	511	313	2	0.0001 Colloc0 557 3540 0.0880762 133.389
430	1	374.504	26126.6	26114.8	11.7576	572	494	330	0	0.0001 Colloc0 572 3516 0.0214769 191.152
440	1	383.121	26141.4	26130.1	11.316	550	490	334	0	0.0001 Colloc0 550 3524 0.0287099 162.853
450	1	391.727	26176	26164.4	11.6188	569	494	330	2	0.0001 Colloc0 569 3530 0.0757335 182.085
460	1	400.21	26125.1	26113.4	11.7127	560	481	343	1	0.0001 Colloc0 560 3516 0.0122163 188.199
470	1	408.91	26088.6	26077.2	11.4129	568	497	327	0	0.0001 Colloc0 568 3520 0.0455717 168.924
480	1	417.619	26337.3	26325.9	11.415	581	462	362	1	0.0001 Colloc0 581 3542 0.0488576 169.054
490	1	426.102	26157.8	26146.5	11.2981	567	471	353	3	0.0001 Colloc0 567 3532 0.061531 161.742
500	1	434.67	26179.8	26168.3	11.4256	563	479	345	1	0.0001 Colloc0 563 3561 0.0507379 169.726
510	1	443.148	25981.7	25970.8	10.8929	547	502	322	1	0.0001 Colloc0 547 3551 0.0929843 137.384
520	1	451.77	26142.6	26131.4	11.1916	552	477	347	0	0.0001 Colloc0 552 3564 0.0596104 155.19
530	1	460.393	26262.3	26250.9	11.3771	546	460	364	0	0.0001 Colloc0 546 3568 0.0199849 166.672
540	1	469.029	26211.4	26200.2	11.1809	562	467	357	2	0.0001 Colloc0 562 3570 0.0690483 154.533
550	1	477.623	26161.5	26150.2	11.2275	563	475	349	2	0.0001 Colloc0 563 3582 0.0632119 157.385
560	1	486.035	26091.3	26079.7	11.5306	560	496	328	1	0.0001 Colloc0 560 3548 0.0186019 176.402
570	1	494.559	26026	26014.6	11.3198	552	491	333	3	0.0001 Colloc0 552 3542 0.0713753 163.089
580	1	503.094	26049.7	26038.1	11.6028	545	479	345	1	0.0001 Colloc0 545 3533 0.0438818 181.047
590	1	511.699	26046.9	26036.2	10.7714	557	486	338	0	0.0001 Colloc0 557 3551 0.142069 130.4
600	1	520.238	26107.7	26096	11.6901	571	488	336	0	0.0001 Colloc0 571 3547 0.0580981 186.727
610	1	529.056	26077.3	26066.2	11.0677	573	485	339	3	0.0001 Colloc0 573 3555 0.116651 147.694
620	1	537.799	25951	25939.4	11.6248	532	499	325	1	0.0001 Colloc0 532 3532 0.00141569 182.476
630	1	546.563	26009.5	25998.8	10.7357	539	499	325	0	0.0001 Colloc0 539 3545 0.0875478 128.377
640	1	555.312	26114.6	26103.1	11.4991	566	488	336	4	0.0001 Colloc0 566 3528 0.0451347 174.392
650	1	564.029	26071.5	26060.3	11.2344	556	461	363	2	0.0001 Colloc0 556 3531 0.0729911 157.811
660	1	572.614	26054.8	26043.7	11.1188	563	497	327	1	0.0001 Colloc0 563 3540 0.0795376 150.77
670	1	581.303	26149.1	26137.4	11.7312	562	477	347	3	0.0001 Colloc0 562 3530 0.0156878 189.415
680	1	590.066	26055	26043.3	11.643	580	486	338	2	0.0001 Colloc0 580 3517 0.00996326 183.654
690	1	598.777	25982.5	25971.4	11.1626	563	499	325	2	0.0001 Colloc0 563 3530 0.0656256 153.42
700	1	607.55	26080.7	26069.4	11.2366	551	496	328	1	0.0001 Colloc0 551 3571 0.0400569 157.942
710	1	616.302	26091.5	26080.1	11.4293	556	474	350	0	0.0001 Colloc0 556 3532 0.0100065 169.96
720	1	624.866	25975.1	25963.8	11.3053	544	511	313	3	0.0001 Colloc0 544 3523 0.0324693 162.188
730	1	633.497	26111.3	26099.5	11.7977	565	461	363	0	0.0001 Colloc0 565 3540 0.0125905 193.799
740	1	641.856	26196.5	26184.8	11.7371	566	461	363	2	0.0001 Colloc0 566 3548 0.00316972 189.803
750	1	650.578	26124.5	26113	11.4474	548	482	342	2	0.0001 Colloc0 548 3526 0.0464362 171.104
760	1	659.126	26142.9	26131.2	11.747	556	450	374	1	0.0001 Colloc0 556 3544 0.00288695 190.458
770	1	667.832	26023.5	26012	11.5408	552	496	328	1	0.0001 Colloc0 552 3535 0.0190418 177.053
780	1	676.49	26075.1	26063.6	11.5248	555	485	339	0	0.0001 Colloc0 555 3530 0.0104631 176.032
790	1	685.004	25942	25931.2	10.7721	552	493	331	3	0.0001 Colloc0 552 3538 0.0867287 130.436
800	1	693.634	26063.1	26051.8	11.2048	564	463	361	1	0.0001 Colloc0 564 3518 0.0851108 155.997
810	1	702.364	26039.3	26027.8	11.5037	570	482	342	1	0.0001 Colloc0 570 3537 0.0405647 174.686
820	1	711.014	25909.9	25898.4	11.4886	542	494	330	2	0.0001 Colloc0 542 3537 0.00588935 173.721
830	1	719.415	25980.7	25969.2	11.4568	546	472	352	0	0.0001 Colloc0 546 3512 0.0283504 171.697
840	1	727.879	26124.3	26112.6	11.6575	560	454	370	3	0.0001 Colloc0 560 3491 0.0176564 184.6
850	1	736.394	26071.8	26060.5	11.2695	564	487	337	2	0.0001 Colloc0 564 3523 0.070516 159.973
860	1	744.974	25957.3	25945.9	11.4109	564	496	328	3	0.0001 Colloc0 564 3527 0.0443605 168.794
870	1	753.503	25914	25902.6	11.3889	546	497	327	0	0.0001 Colloc0 546 3511 0.0397966 167.41
880	1	762.085	26149.9	26138.2	11.7663	576	460	364	1	0.0001 Colloc0 576 3525 0.0177405 191.726
890	1	770.746	26195.7	26184.6	11.0861	567	446	378	3	0.0001 Colloc0 567 3518 0.0869226 148.8
900	1	779.48	26105.5	26094.3	11.173	571	451	373	2	0.0001 Colloc0 571 3498 0.0707719 154.053
910	1	788.125	25899.2	25887.4	11.7265	537	484	340	0	0.0001 Colloc0 537 3483 0.0137395 189.111
920	1	796.773	25966.4	25954.4	11.921	582	481	343	5	0.0001 Colloc0 582 3477 0.00456187 202.016
930	1	805.439	25994	25982.3	11.6384	564	485	339	3	0.0001 Colloc0 564 3495 0.0103599 183.357
940	1	814.122	25900.3	25889	11.2102	554	477	347	2	0.0001 Colloc0 554 3476 0.0410278 156.324
950	1	822.584	25781.2	25769.7	11.4962	548	514	310	2	0.0001 Colloc0 548 3468 0.0212324 174.202
960	1	831.066	25820.3	25809.1	11.2545	554	514	310	0	0.0001 Colloc0 554 3483 0.0855842 159.049
970	1	839.691	26040.2	26028.6	11.5879	570	485	339	3	0.0001 Colloc0 570 3517 0.0272259 180.085
980	1	848.382	25949.2	25937.8	11.3908	567	505	319	3	0.0001 Colloc0 567 3499 0.0571483 167.528
990	1	856.981	25899.6	25888	11.602	576	525	299	4	0.0001 Colloc0 576 3473 0.0555832 180.995
1000	1	865.574	25767.9	25756.1	11.7692	563	520	304	3	0.0001 Colloc0 563 3466 0.0137209 191.92
1010	1	874.049	25839.4	25828.1	11.3175	561	501	323	3	0.0001 Colloc0 561 3455 0.050688 162.95
1020	1	882.504	25844.1	25833.3	10.7937	550	498	326	1	0.0001 Colloc0 550 3469 0.132638 131.668
1030	1	890.977	25861.3	25850	11.3077	555	504	320	1	0.0001 Colloc0 555 3479 0.0698843 162.336
1040	1	899.441	25704.7	25693	11.6615	549	527	297	4	0.0001 Colloc0 549 3455 0.00245062 184.86
1050	1	908.023	25731.3	25719.7	11.6096	554	504	320	4	0.0001 Colloc0 554 3453 0.022641 181.49
1060	1	916.75	25866.1	25855.2	10.9083	576	494	330	4	0.0001 Colloc0 576 3462 0.14881 138.281
1070	1	925.572	25891.4	25879.8	11.5865	568	499	325	3	0.0001 Colloc0 568 3501 0.064986 179.998
1080	1	934.318	25870.1	25858.9	11.1235	577	493	331	5	0.0001 Colloc0 577 3448 0.0898338 151.054
1090	1	943.087	25825.6	25814.1	11.5348	561	501	323	3	0.0001 Colloc0 561 3474 0.0170421 176.673
1100	1	951.703	25917.2	25905.3	11.9191	587	501	323	3	0.0001 Colloc0 587 3479 0.0294209 201.894
1110	1	960.334	25788.1	25777.5	10.6079	580	515	309	2	0.0001 Colloc0 580 3467 0.178608 121.251
1120	1	968.925	25757.3	25746	11.2409	558	510	314	4	0.0001 Colloc0 558 3461 0.0759361 158.211
1130	1	977.55	25891.6	25880.7	10.9104	576	494	330	3	0.0001 Colloc0 576 3467 0.137046 138.403
1140	1	986.219	25934.9	25923.2	11.7139	580	492	332	3	0.0001 Colloc0 580 3472 0.0166973 188.282
1150	1	994.852	25721.9	25710.2	11.7058	552	518	306	2	0.0001 Colloc0 552 3456 0.0172492 187.749
1160	1	1003.42	25770.8	25759.5	11.2972	563	527	297	4	0.0001 Colloc0 563 3467 0.0589829 161.69
1170	1	1012.02	25783.9	25772.4	11.5748	573	504	320	2	0.0001 Colloc0 573 3458 0.0139373 179.242
1180	1	1020.54	25896.7	25885.5	11.2721	564	500	324	1	0.0001 Colloc0 564 3505 0.061498 160.132
1190	1	1029.1	25787.5	25775.8	11.7133	560	495	329	3	0.0001 Colloc0 560 3452 0.00087667 188.242
1200	1	1037.84	25881.8	25870.4	11.3969	571	510	314	2	0.0001 Colloc0 571 3453 0.0731734 167.912
1210	1	1046.33	25867	25855.6	11.3994	562	490	334	2	0.0001 Colloc0 562 3474 0.0425948 168.075
1220	1	1054.94	25963.4	25951.8	11.59	562	498	326	3	0.0001 Colloc0 562 3465 0.0478872 180.224
1230	1	1063.75	25923	25911.7	11.2418	570	477	347	3	0.0001 Colloc0 570 3470 0.106896 158.263
1240	1	1072.24	25822.6	25811	11.5663	566	504	320	2	0.0001 Colloc0 566 3465 0.0530589 178.693
1250	1	1080.63	25901.1	25890.1	11.0031	552	479	345	3	0.0001 Colloc0 552 3474 0.127663 143.849
1260	1	1089.25	25845.8	25834.3	11.5619	552	505	319	2	0.0001 Colloc0 552 3466 0.0306602 178.411
1270	1	1097.89	25809.4	25797.9	11.5162	552	493	331	2	0.0001 Colloc0 552 3429 0.0504643 175.48
1280	1	1106.57	25917.8	25906.4	11.4037	558	482	342	4	0.0001 Colloc0 558 3460 0.0420146 168.34
1290	1	1115.21	25828.1	25816.8	11.3143	567	507	317	2	0.0001 Colloc0 567 3470 0.0530008 162.749
1300	1	1123.83	25855.8	25844.6	11.284	585	523	301	5	0.0001 Colloc0 585 3478 0.106889 160.866
1310	1	1132.49	25807.3	25795.8	11.5192	585	533	291	1	0.0001 Colloc0 585 3489 0.0796891 175.671
1320	1	1141.19	25841.3	25830.2	11.14	557	505	319	4	0.0001 Colloc0 557 3480 0.0733041 152.052
1330	1	1149.84	25859.2	25847.4	11.8792	559	500	324	2	0.0001 Colloc0 559 3470 0.0064715 199.221
1340	1	1158.38	25782.3	25771	11.2533	551	512	312	2	0.0001 Colloc0 551 3466 0.0168662 158.973
1350	1	1166.86	25893.6	25881.6	11.9357	571	498	326	2	0.0001 Colloc0 571 3455 0.00577893 203.009
1360	1	1175.43	25852.8	25841.6	11.2098	569	520	304	2	0.0001 Colloc0 569 3457 0.0555606 156.301
1370	1	1183.98	25923.6	25911.7	11.8489	565	484	340	1	0.0001 Colloc0 565 3491 0.0143755 197.201
1380	1	1192.58	25743.1	25732.5	10.6636	567	509	315	1	0.0001 Colloc0 567 3451 0.133715 124.333
1390	1	1201.19	25904.9	25893.4	11.5559	567	513	311	5	0.0001 Colloc0 567 3472 0.0631168 178.026
1400	1	1209.56	25723.3	25712.2	11.1277	548	504	320	3	0.0001 Colloc0 548 3449 0.088412 151.306
1410	1	1218.13	25820.4	25809	11.3766	558	497	327	4	0.0001 Colloc0 558 3461 0.0403528 166.638
1420	1	1226.69	25941.4	25930	11.3676	572	469	355	4	0.0001 Colloc0 572 3462 0.0481144 166.074
1430	1	1235.29	25927.4	25916.3	11.1224	552	498	326	2	0.0001 Colloc0 552 3500 0.0742973 150.985
1440	1	1243.86	25933	25921.7	11.2857	556	495	329	4	0.0001 Colloc0 556 3466 0.0609827 160.973
1450	1	1252.35	25836.6	25824.8	11.7973	579	483	341	2	0.0001 Colloc0 579 3434 0.0221394 193.777
1460	1	1260.96	25886.5	25875	11.4592	563	483	341	3	0.0001 Colloc0 563 3453 0.0595495 171.852
1470	1	1269.6	25894.9	25883.9	11.0057	564	487	337	4	0.0001 Colloc0 564 3472 0.114568 144.005
1480	1	1278.27	25902.1	25890.6	11.5009	573	489	335	3	0.0001 Colloc0 573 3480 0.0199095 174.504
1490	1	1286.71	25804.1	25792.9	11.2505	560	500	324	3	0.0001 Colloc0 560 3462 0.0638921 158.801
1500	1	1295.1	25913.4	25901.9	11.4644	569	503	321	4	0.0001 Colloc0 569 3473 0.0316608 172.183
1510	1	1303.51	25888.5	25877.3	11.2207	560	486	338	1	0.0001 Colloc0 560 3481 0.0654417 156.968
1520	1	1312.13	25872.1	25860.9	11.2133	565	492	332	1	0.0001 Colloc0 565 3474 0.056115 156.516
1530	1	1320.76	25851.1	25839.5	11.5976	556	491	333	2	0.0001 Colloc0 556 3452 0.00886003 180.71
1540	1	1329.53	25812.2	25801	11.1734	559	510	314	2	0.0001 Colloc0 559 3451 0.0752232 154.081
1550	1	1338.27	25802.1	25790.6	11.4457	558	495	329	3	0.0001 Colloc0 558 3433 0.0198088 170.998
1560	1	1346.74	25890.8	25879.7	11.1266	571	482	342	2	0.0001 Colloc0 571 3446 0.107155 151.241
1570	1	1355.54	25860.7	25849.7	10.9496	566	493	331	2	0.0001 Colloc0 566 3490 0.0866551 140.696
1580	1	1364.22	25884.1	25872.4	11.7411	558	521	303	1	0.0001 Colloc0 558 3466 0.0134267 190.066
1590	1	1372.88	25689.9	25678.4	11.4429	563	499	325	2	0.0001 Colloc0 563 3435 0.0315852 170.818
1600	1	1381.31	25922.7	25911.2	11.5323	549	482	342	1	0.0001 Colloc0 549 3472 0.00586181 176.511
1610	1	1389.9	25871.5	25860.2	11.3182	562	485	339	4	0.0001 Colloc0 562 3499 0.0665523 162.991
1620	1	1398.41	25723.6	25712.4	11.2099	551	514	310	2	0.0001 Colloc0 551 3477 0.0213794 156.306
1630	1	1407.02	25831.1	25819.9	11.2628	565	506	318	2	0.0001 Colloc0 565 3441 0.115594 159.557
1640	1	1415.41	25736.2	25725.2	11.015	550	534	290	2	0.0001 Colloc0 550 3468 0.0934013 144.555
1650	1	1423.9	25814.9	25803.5	11.3884	552	510	314	3	0.0001 Colloc0 552 3461 0.0718121 167.383
1660	1	1432.38	25816.4	25804.7	11.6244	550	493	331	2	0.0001 Colloc0 550 3473 0.00165484 182.445
1670	1	1441.16	25885.3	25874	11.3241	571	481	343	4	0.0001 Colloc0 571 3467 0.103867 163.359
1680	1	1449.91	25914.6	25903.5	11.0472	563	485	339	3	0.0001 Colloc0 563 3488 0.0890331 146.47
1690	1	1458.46	25887.5	25875.8	11.694	564	495	329	1	0.0001 Colloc0 564 3460 0.000610469 186.977
1700	1	1466.88	25802.5	25791	11.4843	570	505	319	4	0.0001 Colloc0 570 3447 0.0642407 173.446
1710	1	1475.37	25780.2	25768.6	11.6242	568	503	321	4	0.0001 Colloc0 568 3458 0.0553956 182.434
1720	1	1483.94	25873.1	25861.6	11.4454	577	494	330	3	0.0001 Colloc0 577 3476 0.0645307 170.973
1730	1	1492.42	25707.7	25696.5	11.1731	563	514	310	1	0.0001 Colloc0 563 3438 0.0800026 154.058
1740	1	1501.12	25928.4	25916.8	11.5907	586	483	341	3	0.0001 Colloc0 586 3448 0.0213151 180.266
1750	1	1509.69	25888.7	25877.2	11.4888	573	487	337	2	0.0001 Colloc0 573 3462 0.0595259 173.733
1760	1	1518.33	25692.8	25681.5	11.2553	548	519	305	3	0.0001 Colloc0 548 3467 0.0404208 159.096
1770	1	1527.11	25777.2	25765.8	11.3876	555	500	324	3	0.0001 Colloc0 555 3473 0.049603 167.327
1780	1	1535.72	25734.1	25722.9	11.2344	566	517	307	2	0.0001 Colloc0 566 3441 0.0502092 157.806
1790	1	1544.32	25705.1	25693.7	11.3683	529	533	291	2	0.0001 Colloc0 529 3476 0.0219256 166.117
1800	1	1552.86	25831.4	25820.1	11.3199	560	507	317	1	0.0001 Colloc0 560 3474 0.0445604 163.1
1810	1	1561.41	25828.7	25817.4	11.3902	562	511	313	3	0.0001 Colloc0 562 3473 0.069022 167.494
1820	1	1570.01	25803.8	25792.2	11.5806	553	491	333	1	0.0001 Colloc0 553 3468 0.0138372 179.615
1830	1	1578.57	25912.6	25901.4	11.2089	568	486	338	3	0.0001 Colloc0 568 3475 0.0907344 156.245
1840	1	1587.09	25809.3	25798	11.3521	567	517	307	1	0.0001 Colloc0 567 3461 0.0686428 165.108
1850	1	1595.66	25763	25751.9	11.1074	538	496	328	1	0.0001 Colloc0 538 3492 0.0901841 150.078
1860	1	1604.13	25817.1	25805.8	11.3353	550	492	332	5	0.0001 Colloc0 550 3447 0.0103979 164.059
1870	1	1612.67	25757.8	25746	11.7601	544	524	300	2	0.0001 Colloc0 544 3473 0.0226935 191.316
1880	1	1621.03	25854.1	25842.5	11.6286	537	507	317	3	0.0001 Colloc0 537 3498 0.000844278 182.718
1890	1	1629.6	25886.8	25875.5	11.2875	556	489	335	3	0.0001 Colloc0 556 3501 0.0209582 161.087
1900	1	1638.15	25777.3	25766	11.3048	548	528	296	2	0.0001 Colloc0 548 3494 0.016402 162.155
1910	1	1646.71	25800.2	25789.1	11.1046	561	486	338	4	0.0001 Colloc0 561 3471 0.100105 149.91
1920	1	1655.14	25705.7	25694.4	11.3172	552	503	321	2	0.0001 Colloc0 552 3462 0.0663507 162.93
1930	1	1663.62	25624.2	25612.8	11.4053	559	522	302	1	0.0001 Colloc0 559 3463 0.0534631 168.445
1940	1	1672.16	25432.2	25421.1	11.0382	525	561	263	2	0.0001 Colloc0 525 3475 0.0708241 145.934
1950	1	1680.59	25683	25671.8	11.1424	555	532	292	2	0.0001 Colloc0 555 3483 0.099709 152.198
1960	1	1688.95	25744.8	25733.7	11.04	551	517	307	1	0.0001 Colloc0 551 3463 0.0550023 146.04
1970	1	1697.39	25742.8	25731.4	11.4308	552	485	339	1	0.0001 Colloc0 552 3472 0.0243128 170.053
1980	1	1705.88	25676.9	25665.4	11.4943	555	481	343	1	0.0001 Colloc0 555 3467 0.0183678 174.081
1990	1	1714.42	25800.9	25789.9	11.0087	573	504	320	3	0.0001 Colloc0 573 3471 0.100594 144.181
2000	1	1723.02	25645	25634.1	10.8599	531	509	315	4	0.0001 Colloc0 531 3467 0.0968906 135.473
