# D = 0, E = 1, I = 1, P = 1, R = -1, n = 2000, N = 1, P = 1, w = 1, a = 0.0001, b = 10000, e = 1, f = 1, g = 100, h = 0.01, r = 9268, s = 1, S = 0, x = 10, m = 100, Z = 1, z = 0, T = 1, t = 1
# 9629 tokens in 824 sentences
#
# It	Temp	Time	-logP	-logPcorpus	-logPrior	tables	same	changed	reject	default_pya	(parent pym pyn pya pyb)*
0	1	0.78788	41395.7	41281.9	113.764	3785	0	824	0	0.0001 Colloc0 3785 5909 0.0001 10000
10	1	11.8272	29502.5	29490.6	11.8603	716	262	562	2	0.0001 Colloc0 716 4158 0.131419 197.956
20	1	20.9368	28601.2	28589.8	11.3965	606	296	528	3	0.0001 Colloc0 606 4111 0.0242376 167.89
30	1	29.8145	28291.8	28280.3	11.4487	576	313	511	3	0.0001 Colloc0 576 4082 0.0378571 171.185
40	1	38.5771	27952.6	27941.5	11.1456	576	348	476	1	0.0001 Colloc0 576 4059 0.0662535 152.387
50	1	47.7127	27572.9	27562.4	10.4427	589	406	418	0	0.0001 Colloc0 589 3992 0.19121 112.311
60	1	56.7344	27216.7	27205.4	11.2844	540	413	411	5	0.0001 Colloc0 540 3991 0.0455315 160.891
70	1	65.949	27059.4	27048.4	11.0548	547	424	400	3	0.0001 Colloc0 547 3943 0.0305964 146.926
80	1	74.8216	26794	26783.4	10.5231	529	479	345	2	0.0001 Colloc0 529 3908 0.148302 116.621
90	1	83.3903	26654.8	26643.2	11.6113	537	505	319	2	0.0001 Colloc0 537 3907 0.0261236 181.601
100	1	92.264	26725.3	26714.3	10.9135	531	489	335	3	0.0001 Colloc0 531 3906 0.0990022 138.581
110	1	101.217	26721.2	26710.2	10.9787	549	485	339	1	0.0001 Colloc0 549 3883 0.0723366 142.409
120	1	110.288	26625.8	26615.6	10.1731	543	478	346	2	0.0001 Colloc0 543 3862 0.18054 98.4213
130	1	119.478	26471.1	26460.5	10.5635	522	518	306	3	0.0001 Colloc0 522 3843 0.100699 118.819
140	1	128.563	26542.5	26531.7	10.7617	539	489	335	1	0.0001 Colloc0 539 3830 0.115033 129.846
150	1	137.544	26686.1	26675.4	10.7064	556	477	347	1	0.0001 Colloc0 556 3842 0.162545 126.727
160	1	146.444	26495.1	26484.1	10.9772	535	490	334	1	0.0001 Colloc0 535 3830 0.101316 142.32
170	1	155.525	26749	26738.5	10.4398	578	450	374	0	0.0001 Colloc0 578 3831 0.190617 112.159
180	1	164.754	26544.8	26534.3	10.4969	545	487	337	1	0.0001 Colloc0 545 3809 0.148352 115.21
190	1	173.935	26547.5	26537.4	10.1264	537	477	347	0	0.0001 Colloc0 537 3837 0.198543 96.1045
200	1	183.104	26427.9	26417.9	10.0155	541	491	333	2	0.0001 Colloc0 541 3774 0.220577 90.7227
210	1	191.99	26621.5	26611.3	10.1846	567	456	368	3	0.0001 Colloc0 567 3806 0.18571 98.9948
220	1	200.97	26362.6	26352.2	10.3753	536	506	318	1	0.0001 Colloc0 536 3815 0.149165 108.755
230	1	210.236	26203.9	26193.6	10.2549	541	555	269	1	0.0001 Colloc0 541 3790 0.170857 102.54
240	1	219.52	26118.5	26107.6	10.9398	533	564	260	1	0.0001 Colloc0 533 3786 0.126794 140.122
250	1	228.788	26265.5	26255.3	10.1791	551	498	326	1	0.0001 Colloc0 551 3785 0.216037 98.7182
260	1	238.014	26100.8	26090.1	10.6831	523	553	271	1	0.0001 Colloc0 523 3778 0.0900082 125.424
270	1	246.956	26424.2	26413	11.1541	550	481	343	1	0.0001 Colloc0 550 3800 0.0928341 152.904
280	1	255.787	26073.1	26062.5	10.6104	517	548	276	0	0.0001 Colloc0 517 3777 0.097357 121.389
290	1	264.77	25984.4	25973.4	11.032	535	569	255	0	0.0001 Colloc0 535 3767 0.064846 145.562
300	1	273.647	26085.6	26075.1	10.5206	538	560	264	2	0.0001 Colloc0 538 3762 0.146334 116.487
310	1	282.655	26031.2	26020.8	10.4587	535	548	276	0	0.0001 Colloc0 535 3752 0.213093 113.161
320	1	291.759	25968	25957.5	10.5006	533	584	240	0	0.0001 Colloc0 533 3765 0.173147 115.407
330	1	301.042	26155.7	26145.1	10.556	544	524	300	1	0.0001 Colloc0 544 3775 0.123898 118.407
340	1	310.147	26214.6	26203.8	10.7729	539	534	290	2	0.0001 Colloc0 539 3767 0.127973 130.484
350	1	319.041	26336.3	26324.9	11.3089	539	479	345	1	0.0001 Colloc0 539 3776 0.0570311 162.411
360	1	327.809	26195.6	26184.7	10.9626	516	501	323	1	0.0001 Colloc0 516 3759 0.0729217 141.456
370	1	336.577	26265.3	26254.3	11.0047	536	491	333	0	0.0001 Colloc0 536 3758 0.0738233 143.943
380	1	345.809	26267.1	26256.4	10.6079	535	509	315	0	0.0001 Colloc0 535 3750 0.129575 121.251
390	1	355.003	26309.3	26298.4	10.8715	529	473	351	1	0.0001 Colloc0 529 3769 0.0779709 136.144
400	1	364.177	26252.4	26241.6	10.8064	533	477	347	5	0.0001 Colloc0 533 3765 0.121615 132.396
410	1	372.987	26325.6	26314.5	11.1015	534	460	364	0	0.0001 Colloc0 534 3755 0.0367367 149.723
420	1	381.966	26044.4	26034.3	10.1179	532	524	300	1	0.0001 Colloc0 532 3723 0.185657 95.6869
430	1	390.938	25914.8	25904.3	10.4717	530	552	272	3	0.0001 Colloc0 530 3696 0.165351 113.855
440	1	399.93	26158.2	26147.8	10.3486	533	502	322	1	0.0001 Colloc0 533 3719 0.152215 107.361
450	1	408.996	26159.9	26149.2	10.6915	545	485	339	2	0.0001 Colloc0 545 3704 0.111271 125.891
460	1	418.206	26174.3	26163.4	10.8818	541	469	355	1	0.0001 Colloc0 541 3724 0.087133 136.737
470	1	427.384	25937.8	25927	10.7247	530	544	280	1	0.0001 Colloc0 530 3708 0.134627 127.758
480	1	436.224	26027.5	26017.6	9.98477	549	518	306	1	0.0001 Colloc0 549 3708 0.22006 89.2598
490	1	445.496	25995.6	25985.2	10.3414	539	525	299	1	0.0001 Colloc0 539 3707 0.180532 106.987
500	1	454.717	26003.1	25992.3	10.7512	534	505	319	0	0.0001 Colloc0 534 3715 0.10508 129.253
510	1	463.842	26010.6	25999.7	10.9258	524	521	303	0	0.0001 Colloc0 524 3725 0.103668 139.303
520	1	472.968	25875	25865.1	9.86213	529	550	274	4	0.0001 Colloc0 529 3699 0.260023 83.5459
530	1	481.935	26132	26121.2	10.7773	544	484	340	0	0.0001 Colloc0 544 3694 0.13364 130.732
540	1	490.848	26010.6	25999.9	10.6809	538	509	315	2	0.0001 Colloc0 538 3722 0.152227 125.298
550	1	499.84	26160.5	26149.4	11.0881	540	501	323	1	0.0001 Colloc0 540 3719 0.0613338 148.919
560	1	508.8	25959.4	25948.6	10.7594	532	536	288	0	0.0001 Colloc0 532 3711 0.142772 129.72
570	1	517.921	26105	26094.2	10.7646	554	495	329	1	0.0001 Colloc0 554 3708 0.132356 130.01
580	1	526.84	26014.6	26004.1	10.5265	528	494	330	2	0.0001 Colloc0 528 3724 0.160442 116.806
590	1	535.856	26089.5	26078.6	10.8385	539	508	316	0	0.0001 Colloc0 539 3731 0.071341 134.237
600	1	544.868	26000	25989.1	10.8437	527	521	303	0	0.0001 Colloc0 527 3725 0.0880045 134.533
610	1	553.854	25989.1	25978.6	10.4355	519	513	311	0	0.0001 Colloc0 519 3746 0.119293 111.928
620	1	562.93	26140.2	26129.5	10.6689	545	480	344	2	0.0001 Colloc0 545 3703 0.162576 124.626
630	1	572.068	26121.8	26111.2	10.598	540	467	357	2	0.0001 Colloc0 540 3709 0.143364 120.706
640	1	581.219	26071.6	26061.4	10.1648	539	504	320	1	0.0001 Colloc0 539 3712 0.210092 98.0093
650	1	590.136	26125.3	26114.6	10.6258	533	473	351	0	0.0001 Colloc0 533 3699 0.130127 122.239
660	1	599.221	26036.5	26025.9	10.5585	533	515	309	2	0.0001 Colloc0 533 3721 0.137984 118.544
670	1	608.358	25860.1	25849.3	10.7636	525	571	253	1	0.0001 Colloc0 525 3708 0.139053 129.958
680	1	617.134	25866.5	25856	10.4443	551	579	245	1	0.0001 Colloc0 551 3704 0.181494 112.394
690	1	626.142	25815.4	25804.3	11.1158	532	582	242	0	0.0001 Colloc0 532 3722 0.0631354 150.586
700	1	635.22	25871.5	25860.9	10.585	535	550	274	1	0.0001 Colloc0 535 3713 0.148633 119.99
710	1	643.983	25891.6	25881.4	10.2568	533	557	267	2	0.0001 Colloc0 533 3688 0.195179 102.639
720	1	652.981	25914.2	25902.8	11.3779	523	537	287	1	0.0001 Colloc0 523 3691 0.0169694 166.72
730	1	662.2	25775.8	25765.9	9.91508	515	550	274	0	0.0001 Colloc0 515 3704 0.213373 85.988
740	1	670.91	25885.5	25875	10.4268	532	535	289	1	0.0001 Colloc0 532 3697 0.146649 111.47
750	1	679.973	25878	25867.5	10.5031	517	523	301	1	0.0001 Colloc0 517 3717 0.136005 115.541
760	1	688.955	25902.4	25892	10.4017	529	502	322	1	0.0001 Colloc0 529 3699 0.126097 110.14
770	1	698.102	26072.8	26061.6	11.1985	525	473	351	2	0.0001 Colloc0 525 3720 0.0662668 155.607
780	1	707.234	25881.8	25870.7	11.0121	531	546	278	1	0.0001 Colloc0 531 3681 0.0771427 144.385
790	1	716.232	25806.7	25796.1	10.5322	523	557	267	1	0.0001 Colloc0 523 3701 0.131807 117.113
800	1	725.142	26006.5	25995.4	11.0547	539	488	336	1	0.0001 Colloc0 539 3702 0.0844131 146.918
810	1	734.613	25833.8	25823	10.7794	511	547	277	2	0.0001 Colloc0 511 3689 0.0972826 130.853
820	1	743.679	25864.8	25854.4	10.4334	534	530	294	1	0.0001 Colloc0 534 3673 0.163226 111.817
830	1	752.622	25992.9	25982.1	10.8834	549	503	321	4	0.0001 Colloc0 549 3677 0.129603 136.83
840	1	761.491	25822.7	25812.4	10.2864	509	528	296	1	0.0001 Colloc0 509 3689 0.152927 104.149
850	1	770.512	26000.8	25990	10.7841	540	519	305	1	0.0001 Colloc0 540 3702 0.122747 131.119
860	1	779.607	26124.8	26114.3	10.5923	547	487	337	1	0.0001 Colloc0 547 3681 0.149426 120.39
870	1	788.746	26024.4	26014	10.4028	537	490	334	0	0.0001 Colloc0 537 3692 0.162429 110.199
880	1	797.685	25981.3	25970.8	10.5693	550	497	327	1	0.0001 Colloc0 550 3669 0.118205 119.131
890	1	806.734	25884.1	25873.4	10.6779	524	538	286	1	0.0001 Colloc0 524 3686 0.125931 125.132
900	1	815.919	25989.6	25978.6	11.0616	556	512	312	0	0.0001 Colloc0 556 3679 0.102818 147.33
910	1	825.039	25735.6	25725.2	10.3937	520	556	268	2	0.0001 Colloc0 520 3684 0.142127 109.722
920	1	834.153	25809.9	25799.1	10.7572	520	562	262	0	0.0001 Colloc0 520 3682 0.148279 129.591
930	1	842.858	25727.5	25717.8	9.7917	530	573	251	1	0.0001 Colloc0 530 3693 0.230496 80.3561
940	1	851.605	25923.5	25913.1	10.3567	535	507	317	2	0.0001 Colloc0 535 3682 0.150791 107.783
950	1	860.524	25807.7	25797.5	10.2294	527	529	295	0	0.0001 Colloc0 527 3688 0.176278 101.247
960	1	869.54	25733.7	25723.7	10.0253	520	576	248	4	0.0001 Colloc0 520 3667 0.236018 91.1939
970	1	878.68	25850.5	25840.3	10.1722	537	543	281	2	0.0001 Colloc0 537 3678 0.199566 98.3738
980	1	887.954	25809.3	25799.1	10.1634	538	524	300	0	0.0001 Colloc0 538 3674 0.217891 97.937
990	1	897.195	25737	25726.3	10.6607	524	539	285	0	0.0001 Colloc0 524 3676 0.117265 124.173
1000	1	906.329	25815.7	25804.9	10.7399	519	500	324	1	0.0001 Colloc0 519 3664 0.107256 128.614
1010	1	915.391	25993.4	25983	10.4476	534	502	322	1	0.0001 Colloc0 534 3676 0.118556 112.573
1020	1	924.452	26129.9	26118.9	10.9875	554	467	357	0	0.0001 Colloc0 554 3674 0.119491 142.927
1030	1	933.728	26037.5	26026.8	10.7396	539	478	346	0	0.0001 Colloc0 539 3657 0.123534 128.597
1040	1	942.837	25877.9	25867	10.8484	530	496	328	0	0.0001 Colloc0 530 3655 0.140529 134.808
1050	1	951.871	26137.8	26127	10.7777	538	451	373	2	0.0001 Colloc0 538 3695 0.116954 130.759
1060	1	960.81	26012.8	26001.5	11.322	532	482	342	1	0.0001 Colloc0 532 3689 0.0289861 163.228
1070	1	969.829	25894.7	25884.7	10.0203	526	503	321	3	0.0001 Colloc0 526 3676 0.191907 90.9552
1080	1	978.963	25894.1	25883.4	10.6582	521	497	327	3	0.0001 Colloc0 521 3702 0.113808 124.035
1090	1	988.041	25905.8	25895.3	10.432	530	505	319	1	0.0001 Colloc0 530 3687 0.155468 111.742
1100	1	997.011	25831.6	25821.4	10.1504	527	531	293	0	0.0001 Colloc0 527 3679 0.228506 97.2906
1110	1	1005.85	25936.6	25926	10.6313	536	514	310	2	0.0001 Colloc0 536 3687 0.129579 122.543
1120	1	1014.7	25785.1	25774.4	10.718	528	534	290	0	0.0001 Colloc0 528 3682 0.133734 127.377
1130	1	1024.07	26038.7	26027.6	11.0912	537	498	326	0	0.0001 Colloc0 537 3674 0.0933227 149.108
1140	1	1033.32	26050.4	26039.4	10.9977	525	495	329	1	0.0001 Colloc0 525 3698 0.0556505 143.532
1150	1	1042.42	25882.4	25871.8	10.5389	534	499	325	3	0.0001 Colloc0 534 3671 0.153444 117.477
1160	1	1051.61	25870.4	25860.4	10.071	524	508	316	1	0.0001 Colloc0 524 3673 0.196748 93.3966
1170	1	1060.63	25841.3	25830.8	10.4349	531	521	303	2	0.0001 Colloc0 531 3692 0.147304 111.894
1180	1	1069.83	25923.4	25913.1	10.3179	529	498	326	2	0.0001 Colloc0 529 3689 0.181379 105.772
1190	1	1079.02	25902.2	25892.2	9.92065	547	501	323	1	0.0001 Colloc0 547 3692 0.243269 86.2473
1200	1	1088.17	25865.2	25855.1	10.0752	533	516	308	1	0.0001 Colloc0 533 3673 0.210048 93.6036
1210	1	1097.41	25922.1	25910.6	11.4892	520	508	316	0	0.0001 Colloc0 520 3683 0.0256199 173.76
1220	1	1106.6	25830.7	25820.2	10.4743	519	532	292	1	0.0001 Colloc0 519 3675 0.0980369 113.998
1230	1	1115.6	25814.5	25803.8	10.752	517	510	314	1	0.0001 Colloc0 517 3673 0.102096 129.295
1240	1	1124.8	25937.4	25927	10.4698	542	511	313	2	0.0001 Colloc0 542 3678 0.149195 113.757
1250	1	1134.09	25936.8	25926.5	10.3244	529	494	330	2	0.0001 Colloc0 529 3672 0.180716 106.106
1260	1	1143.07	25918.6	25908.4	10.1368	541	491	333	1	0.0001 Colloc0 541 3670 0.189661 96.6194
1270	1	1152.31	25860	25849.6	10.3935	545	502	322	2	0.0001 Colloc0 545 3617 0.206263 109.712
1280	1	1161.54	25829.5	25819	10.5073	534	521	303	2	0.0001 Colloc0 534 3632 0.161641 115.77
1290	1	1170.64	25901.9	25891.7	10.1346	546	493	331	3	0.0001 Colloc0 546 3622 0.223931 96.5126
1300	1	1179.67	25750.6	25741	9.62124	534	551	273	2	0.0001 Colloc0 534 3628 0.24132 72.9216
1310	1	1188.69	25721.8	25711.9	9.9645	532	524	300	0	0.0001 Colloc0 532 3611 0.234602 88.3015
1320	1	1197.81	25620.6	25610.4	10.1849	529	574	250	0	0.0001 Colloc0 529 3627 0.183758 99.0083
1330	1	1207.07	25658.5	25648.4	10.102	530	565	259	4	0.0001 Colloc0 530 3619 0.206607 94.9061
1340	1	1216.42	25810.3	25799.8	10.5314	553	511	313	3	0.0001 Colloc0 553 3637 0.198866 117.071
1350	1	1225.56	25679.5	25669.1	10.4478	533	548	276	1	0.0001 Colloc0 533 3612 0.156058 112.583
1360	1	1234.65	25665.4	25654.5	10.8316	520	562	262	0	0.0001 Colloc0 520 3609 0.103147 133.839
1370	1	1243.6	25656.7	25646.3	10.3428	535	559	265	2	0.0001 Colloc0 535 3607 0.16489 107.061
1380	1	1252.92	25639.4	25628.8	10.6507	540	558	266	2	0.0001 Colloc0 540 3610 0.173481 123.614
1390	1	1262.11	25647.6	25637.6	9.97631	553	563	261	4	0.0001 Colloc0 553 3615 0.237286 88.8593
1400	1	1271.39	25689	25678.9	10.166	551	570	254	2	0.0001 Colloc0 551 3608 0.218411 98.0651
1410	1	1280.52	25762.2	25751.9	10.2258	544	555	269	1	0.0001 Colloc0 544 3622 0.209728 101.067
1420	1	1289.71	25587.1	25576.8	10.3346	538	590	234	1	0.0001 Colloc0 538 3628 0.15126 106.633
1430	1	1298.79	25582.2	25571.5	10.7414	535	573	251	0	0.0001 Colloc0 535 3616 0.128907 128.696
1440	1	1307.82	25529	25518.7	10.3154	518	594	230	1	0.0001 Colloc0 518 3637 0.16923 105.639
1450	1	1316.84	25583.1	25572.6	10.4542	521	570	254	1	0.0001 Colloc0 521 3644 0.151805 112.922
1460	1	1325.86	25770.4	25760.3	10.1139	544	524	300	3	0.0001 Colloc0 544 3650 0.191774 95.4931
1470	1	1334.99	25649.9	25639.2	10.6949	518	567	257	3	0.0001 Colloc0 518 3639 0.102032 126.081
1480	1	1344.15	25787.9	25777.3	10.5914	529	523	301	3	0.0001 Colloc0 529 3652 0.148597 120.343
1490	1	1353.04	25701.7	25691.2	10.4945	533	537	287	1	0.0001 Colloc0 533 3597 0.169809 115.078
1500	1	1361.91	25816.2	25805.8	10.4629	538	521	303	2	0.0001 Colloc0 538 3607 0.16591 113.386
1510	1	1370.83	25825	25814.3	10.6858	534	527	297	2	0.0001 Colloc0 534 3627 0.0994488 125.571
1520	1	1380.02	25867.8	25857.5	10.3126	534	499	325	1	0.0001 Colloc0 534 3635 0.205929 105.497
1530	1	1389.08	25831.3	25820.1	11.1716	548	503	321	1	0.0001 Colloc0 548 3612 0.0824702 153.966
1540	1	1398.39	25900.7	25890.8	9.84869	553	506	318	0	0.0001 Colloc0 553 3644 0.211721 82.932
1550	1	1407.45	25804.4	25793.8	10.5754	529	511	313	1	0.0001 Colloc0 529 3629 0.128344 119.464
1560	1	1416.47	25772.9	25763	9.91436	530	514	310	1	0.0001 Colloc0 530 3616 0.238419 85.9546
1570	1	1425.52	25781.4	25770.9	10.4273	538	505	319	0	0.0001 Colloc0 538 3623 0.146169 111.495
1580	1	1434.57	25860.2	25850.1	10.1011	530	521	303	2	0.0001 Colloc0 530 3646 0.195459 94.8663
1590	1	1443.72	25851.2	25840.3	10.841	539	513	311	0	0.0001 Colloc0 539 3618 0.125805 134.38
1600	1	1452.84	25888.6	25878	10.5779	538	496	328	0	0.0001 Colloc0 538 3649 0.11387 119.604
1610	1	1461.96	25833.5	25822.8	10.6711	537	496	328	0	0.0001 Colloc0 537 3617 0.128312 124.748
1620	1	1470.91	25736	25725.3	10.7511	520	533	291	1	0.0001 Colloc0 520 3624 0.120837 129.249
1630	1	1480.04	25717.3	25705.9	11.4124	538	528	296	0	0.0001 Colloc0 538 3634 0.0299559 168.891
1640	1	1488.86	25596.1	25585.7	10.4257	520	578	246	1	0.0001 Colloc0 520 3637 0.15421 111.411
1650	1	1497.93	25701.7	25691.3	10.3589	533	537	287	1	0.0001 Colloc0 533 3622 0.167498 107.899
1660	1	1506.98	25687.6	25676.8	10.7449	531	547	277	1	0.0001 Colloc0 531 3625 0.117378 128.895
1670	1	1515.79	25902.3	25891.6	10.6657	538	485	339	0	0.0001 Colloc0 538 3632 0.158201 124.452
1680	1	1524.9	25903.4	25892.3	11.1801	531	501	323	3	0.0001 Colloc0 531 3640 0.0658261 154.487
1690	1	1533.96	25843.8	25832.7	11.1044	537	524	300	0	0.0001 Colloc0 537 3624 0.0772639 149.9
1700	1	1542.9	25780.1	25770.1	9.95146	531	535	289	3	0.0001 Colloc0 531 3642 0.225625 87.6882
1710	1	1551.95	25479.3	25468.9	10.35	532	604	220	1	0.0001 Colloc0 532 3598 0.173245 107.434
1720	1	1561.02	25594	25583.4	10.6056	533	579	245	1	0.0001 Colloc0 533 3618 0.124587 121.122
1730	1	1569.95	25600.8	25590	10.8799	520	580	244	1	0.0001 Colloc0 520 3613 0.0448985 136.626
1740	1	1578.79	25714.2	25703.7	10.542	545	552	272	0	0.0001 Colloc0 545 3623 0.189685 117.645
1750	1	1588	25804.5	25793.6	10.8902	540	501	323	3	0.0001 Colloc0 540 3610 0.0982844 137.224
1760	1	1596.92	25883.1	25872.3	10.7775	541	507	317	1	0.0001 Colloc0 541 3615 0.171424 130.744
1770	1	1605.85	25704.8	25694.7	10.12	535	540	284	3	0.0001 Colloc0 535 3598 0.181721 95.7894
1780	1	1614.81	25828.8	25818.5	10.3178	557	523	301	2	0.0001 Colloc0 557 3605 0.226732 105.766
1790	1	1624.18	25873.2	25862	11.1884	538	519	305	1	0.0001 Colloc0 538 3646 0.0832243 154.991
1800	1	1633.16	25843.6	25833	10.5241	526	522	302	2	0.0001 Colloc0 526 3633 0.133873 116.679
1810	1	1642.19	25687.9	25676.9	10.9839	526	557	267	2	0.0001 Colloc0 526 3615 0.061012 142.716
1820	1	1650.98	25836.7	25826.4	10.3682	557	514	310	2	0.0001 Colloc0 557 3634 0.170949 108.383
1830	1	1659.75	25719.6	25709	10.6187	540	522	302	1	0.0001 Colloc0 540 3627 0.114105 121.845
1840	1	1668.84	25887.5	25877.1	10.3357	569	507	317	1	0.0001 Colloc0 569 3624 0.200291 106.69
1850	1	1677.78	25822.2	25811.7	10.514	533	489	335	1	0.0001 Colloc0 533 3622 0.168807 116.132
1860	1	1686.72	25645.2	25634.2	10.9726	518	539	285	0	0.0001 Colloc0 518 3619 0.0899569 142.044
1870	1	1695.78	25710.7	25700.4	10.3618	534	555	269	1	0.0001 Colloc0 534 3606 0.158843 108.048
1880	1	1704.56	25719.5	25709.5	10.0331	535	526	298	0	0.0001 Colloc0 535 3624 0.201406 91.5688
1890	1	1713.19	25747.1	25737.1	10.0632	541	522	302	1	0.0001 Colloc0 541 3625 0.227545 93.0187
1900	1	1721.87	25771.3	25760.4	10.9081	548	541	283	3	0.0001 Colloc0 548 3627 0.118578 138.266
1910	1	1730.59	25729	25718.2	10.8225	523	518	306	1	0.0001 Colloc0 523 3637 0.111499 133.319
1920	1	1739.53	25734.6	25723.5	11.1612	526	526	298	4	0.0001 Colloc0 526 3621 0.0461279 153.335
1930	1	1748.43	25872.4	25861.8	10.5802	543	500	324	0	0.0001 Colloc0 543 3611 0.136789 119.729
1940	1	1757.14	25627.5	25616.7	10.8163	533	542	282	0	0.0001 Colloc0 533 3612 0.110656 132.961
1950	1	1766.11	25608.8	25598.1	10.7393	525	538	286	0	0.0001 Colloc0 525 3608 0.120626 128.58
1960	1	1775.08	25704.3	25693.9	10.3717	533	531	293	2	0.0001 Colloc0 533 3606 0.164183 108.567
1970	1	1783.69	25754	25743.4	10.6063	530	501	323	0	0.0001 Colloc0 530 3596 0.15014 121.164
1980	1	1792.57	25844.6	25834.1	10.4989	553	490	334	3	0.0001 Colloc0 553 3608 0.169004 115.318
1990	1	1801.7	25748.5	25737.8	10.697	529	529	295	3	0.0001 Colloc0 529 3619 0.117706 126.197
2000	1	1810.79	25758.4	25748	10.3509	547	521	303	1	0.0001 Colloc0 547 3605 0.1698 107.484
