# D = 0, E = 1, I = 1, P = 1, R = -1, n = 2000, N = 1, P = 1, w = 1, a = 0.0001, b = 10000, e = 1, f = 1, g = 100, h = 0.01, r = 17597, s = 1, S = 0, x = 10, m = 100, Z = 1, z = 0, T = 1, t = 1
# 8825 tokens in 824 sentences
#
# It	Temp	Time	-logP	-logPcorpus	-logPrior	tables	same	changed	reject	default_pya	(parent pym pyn pya pyb)*
0	1	0.556915	29941.3	29827.6	113.764	1515	0	824	0	0.0001 Colloc0 1515 3040 0.0001 10000
10	1	8.28274	23994.7	23983.2	11.4976	563	424	400	3	0.0001 Colloc0 563 3107 0.0378896 174.292
20	1	15.5556	23592.2	23581	11.2308	486	478	346	1	0.0001 Colloc0 486 3155 0.0172644 157.588
30	1	22.8205	23472.8	23461.3	11.4787	492	512	312	2	0.0001 Colloc0 492 3144 0.00256877 173.089
40	1	30.1444	23491.6	23480.2	11.3847	493	495	329	0	0.0001 Colloc0 493 3162 0.00771483 167.149
50	1	37.5303	23353.5	23342.5	10.9926	486	514	310	2	0.0001 Colloc0 486 3151 0.0372161 143.227
60	1	44.7932	23277.3	23266.1	11.2207	478	541	283	2	0.0001 Colloc0 478 3132 0.00122798 156.969
70	1	52.0101	23356.3	23345.3	10.9391	486	515	309	1	0.0001 Colloc0 486 3144 0.0330767 140.078
80	1	59.26	23239.5	23228.5	11.0577	458	527	297	2	0.0001 Colloc0 458 3135 0.00683904 147.101
90	1	66.4999	23181.8	23170.7	11.0913	459	539	285	1	0.0001 Colloc0 459 3137 0.0162046 149.11
100	1	73.6298	23238.8	23227.7	11.0766	451	515	309	0	0.0001 Colloc0 451 3148 0.0115369 148.232
110	1	81.0067	23118.1	23107.2	10.9259	463	538	286	3	0.0001 Colloc0 463 3127 0.0006248 139.306
120	1	88.2446	23130.2	23119	11.1971	456	518	306	2	0.0001 Colloc0 456 3118 0.0285003 155.523
130	1	95.4985	23110.9	23099.8	11.1257	459	535	289	1	0.0001 Colloc0 459 3132 0.00770214 151.183
140	1	102.54	22985	22974.1	10.8866	449	555	269	1	0.0001 Colloc0 449 3129 0.00623873 137.014
150	1	109.705	23048.2	23037.5	10.769	444	522	302	1	0.0001 Colloc0 444 3150 0.00888831 130.263
160	1	116.911	23077.7	23066.9	10.8813	452	521	303	1	0.0001 Colloc0 452 3138 0.00411887 136.709
170	1	124.12	22956	22945.5	10.5719	428	549	275	4	0.0001 Colloc0 428 3165 0.0312171 119.274
180	1	131.217	23077.8	23066.8	10.9655	456	521	303	2	0.0001 Colloc0 456 3155 0.00118499 141.627
190	1	138.378	22952.3	22941.4	10.8643	437	572	252	2	0.0001 Colloc0 437 3143 0.026205 135.726
200	1	145.529	23119	23108.1	10.9489	455	522	302	1	0.0001 Colloc0 455 3126 0.0165357 140.654
210	1	152.781	22939.8	22928.9	10.8774	457	548	276	2	0.0001 Colloc0 457 3112 0.0299679 136.481
220	1	160.114	22843.6	22832.5	11.1234	457	566	258	2	0.0001 Colloc0 457 3101 0.0113705 151.043
230	1	167.488	22964.1	22953.3	10.8666	458	538	286	2	0.0001 Colloc0 458 3114 0.019255 135.858
240	1	174.794	22883.4	22872.6	10.7861	444	563	261	1	0.0001 Colloc0 444 3102 0.0371319 131.234
250	1	181.92	23026.9	23015.9	11.0056	472	525	299	2	0.0001 Colloc0 472 3110 0.0105001 143.995
260	1	189.116	23024.3	23013.2	11.1163	452	528	296	2	0.0001 Colloc0 452 3129 0.0151075 150.62
270	1	196.347	22913.6	22902.7	10.8707	446	547	277	2	0.0001 Colloc0 446 3141 0.0140698 136.093
280	1	203.515	22932.5	22921.6	10.9274	445	538	286	1	0.0001 Colloc0 445 3139 0.00397892 139.395
290	1	210.755	22770.5	22759.7	10.8251	439	557	267	2	0.0001 Colloc0 439 3098 0.0144044 133.464
300	1	217.931	22897.1	22886.2	10.9464	452	539	285	0	0.0001 Colloc0 452 3112 0.0198006 140.508
310	1	225.227	22875.7	22864.5	11.1937	454	532	292	1	0.0001 Colloc0 454 3109 0.0267068 155.317
320	1	232.522	22818.6	22807.9	10.7588	454	545	279	1	0.0001 Colloc0 454 3107 0.0325403 129.685
330	1	239.678	22804.5	22793.5	10.9782	445	542	282	1	0.0001 Colloc0 445 3116 0.0407027 142.378
340	1	246.827	22771.7	22760.9	10.7364	449	571	253	2	0.0001 Colloc0 449 3092 0.00185856 128.413
350	1	254.047	22763.4	22752.5	10.9326	442	546	278	1	0.0001 Colloc0 442 3093 0.0024717 139.699
360	1	261.254	22873.7	22862.6	11.0457	463	537	287	0	0.0001 Colloc0 463 3085 0.0399769 146.384
370	1	268.456	22832.5	22821.1	11.3408	462	549	275	0	0.0001 Colloc0 462 3089 0.00605703 164.402
380	1	275.663	22748.9	22738	10.9471	442	539	285	3	0.0001 Colloc0 442 3101 0.00889862 140.548
390	1	282.942	22764.2	22753.7	10.5336	446	555	269	4	0.0001 Colloc0 446 3092 0.0659471 117.193
400	1	290.235	22727.3	22716.3	11.0049	454	577	247	1	0.0001 Colloc0 454 3090 0.0159103 143.955
410	1	297.46	22842.7	22831.8	10.9507	455	552	272	1	0.0001 Colloc0 455 3094 0.0296479 140.756
420	1	304.596	22631.6	22620.9	10.7249	442	569	255	2	0.0001 Colloc0 442 3074 0.0383878 127.767
430	1	311.719	22588.7	22577.8	10.9169	437	575	249	3	0.0001 Colloc0 437 3076 0.0192475 138.779
440	1	318.75	22617.8	22606.9	10.9078	451	566	258	1	0.0001 Colloc0 451 3059 0.0308684 138.248
450	1	325.757	22717.4	22706.3	11.0515	461	551	273	2	0.0001 Colloc0 461 3074 0.0304472 146.728
460	1	332.917	22640.5	22629.5	10.9754	462	540	284	2	0.0001 Colloc0 462 3077 0.0181904 142.212
470	1	340.209	22554.3	22543.4	10.9555	449	575	249	1	0.0001 Colloc0 449 3052 0.0114477 141.04
480	1	347.365	22503	22492.2	10.8517	446	563	261	1	0.0001 Colloc0 446 3063 0.0479466 134.998
490	1	354.577	22580.9	22570	10.8242	450	568	256	1	0.0001 Colloc0 450 3062 0.0174296 133.417
500	1	361.746	22375.1	22364.2	10.8844	433	581	243	0	0.0001 Colloc0 433 3066 0.00225742 136.886
510	1	368.895	22317	22306.2	10.7314	434	603	221	0	0.0001 Colloc0 434 3057 0.0387004 128.132
520	1	375.878	22326.1	22315.7	10.419	433	602	222	1	0.0001 Colloc0 433 3046 0.0426411 111.055
530	1	382.855	22460.8	22449.7	11.0291	452	566	258	1	0.0001 Colloc0 452 3049 0.0133249 145.392
540	1	389.906	22450	22439.1	10.9019	447	570	254	1	0.0001 Colloc0 447 3026 0.0199946 137.907
550	1	396.963	22376.7	22365.6	11.13	468	568	256	0	0.0001 Colloc0 468 3026 0.00192597 151.444
560	1	404.226	22362.7	22351.6	11.0911	450	580	244	1	0.0001 Colloc0 450 3024 0.0107882 149.097
570	1	411.402	22279.2	22268.3	10.9297	439	612	212	0	0.0001 Colloc0 439 3026 0.00467773 139.527
580	1	418.617	22366.2	22355.4	10.8301	454	562	262	0	0.0001 Colloc0 454 3021 0.0199612 133.753
590	1	425.798	22369.9	22359.3	10.6056	437	569	255	1	0.0001 Colloc0 437 3023 0.0129653 121.121
600	1	433.019	22345.7	22334.8	10.891	442	567	257	2	0.0001 Colloc0 442 3027 0.0124586 137.269
610	1	440.218	22418.3	22407.1	11.2687	461	562	262	2	0.0001 Colloc0 461 3023 0.000922025 159.922
620	1	447.443	22233.3	22222.6	10.7136	437	610	214	2	0.0001 Colloc0 437 3008 0.0131801 127.128
630	1	454.613	22351.6	22340.6	11.0544	437	583	241	1	0.0001 Colloc0 437 3026 0.00525424 146.904
640	1	461.878	22338.4	22327.5	10.9286	433	580	244	1	0.0001 Colloc0 433 3033 0.00865785 139.464
650	1	469.064	22432.1	22421.3	10.7689	448	567	257	0	0.0001 Colloc0 448 3044 0.0254465 130.255
660	1	476.07	22320.8	22310	10.7865	437	576	248	1	0.0001 Colloc0 437 3011 0.0503477 131.259
670	1	483.089	22341.6	22331	10.5936	432	581	243	0	0.0001 Colloc0 432 3045 0.00530848 120.461
680	1	490.105	22357.6	22346.7	10.934	438	606	218	2	0.0001 Colloc0 438 3046 0.00543584 139.777
690	1	497.243	22403.5	22392.4	11.0458	441	558	266	3	0.0001 Colloc0 441 3029 0.0304256 146.386
700	1	504.457	22460.1	22449.5	10.6216	434	531	293	2	0.0001 Colloc0 434 3045 0.00886049 122.005
710	1	511.659	22409.2	22398.3	10.8692	437	543	281	2	0.0001 Colloc0 437 3032 0.00981743 136.011
720	1	518.912	22309.4	22298.8	10.6359	439	596	228	0	0.0001 Colloc0 439 3030 0.026363 122.797
730	1	526.078	22305	22294.3	10.6949	439	582	242	1	0.0001 Colloc0 439 3036 0.0375654 126.081
740	1	533.241	22370.8	22360	10.8463	441	573	251	1	0.0001 Colloc0 441 3032 0.0369352 134.684
750	1	540.454	22284.7	22274.1	10.6438	438	591	233	1	0.0001 Colloc0 438 3017 0.00629568 123.235
760	1	547.655	22414.3	22403.4	10.9179	451	561	263	0	0.0001 Colloc0 451 3025 0.0405472 138.841
770	1	554.739	22355.2	22344.5	10.7455	448	567	257	2	0.0001 Colloc0 448 3019 0.0494691 128.929
780	1	561.911	22375.1	22364.1	11.0089	450	569	255	1	0.0001 Colloc0 450 3011 0.00904154 144.195
790	1	569.031	22283.2	22272.2	11.0128	439	607	217	2	0.0001 Colloc0 439 3005 0.00121999 144.425
800	1	576.208	22181.6	22170.8	10.8135	419	618	206	2	0.0001 Colloc0 419 3029 0.00133711 132.799
810	1	583.287	22311.2	22300.3	10.8605	449	599	225	1	0.0001 Colloc0 449 3007 0.00529527 135.503
820	1	590.305	22288.2	22277.4	10.789	435	576	248	0	0.0001 Colloc0 435 3020 0.0105703 131.401
830	1	597.428	22215.5	22204.8	10.6532	434	593	231	2	0.0001 Colloc0 434 3010 0.0600973 123.756
840	1	604.504	22273	22262	10.9618	449	586	238	2	0.0001 Colloc0 449 3025 0.0115342 141.408
850	1	611.666	22316.7	22306.2	10.5452	452	556	268	0	0.0001 Colloc0 452 3012 0.0593109 117.821
860	1	618.739	22249.4	22238.6	10.8596	428	585	239	2	0.0001 Colloc0 428 3026 0.0189222 135.455
870	1	625.853	22221.8	22210.7	11.1311	449	577	247	0	0.0001 Colloc0 449 3017 0.0196571 151.513
880	1	632.88	22135.3	22124.4	10.8786	429	620	204	0	0.0001 Colloc0 429 3007 0.0171255 136.553
890	1	640.037	22154.7	22144	10.7663	428	598	226	0	0.0001 Colloc0 428 3023 0.00260195 130.107
900	1	647.187	22238.8	22227.9	10.8491	440	572	252	1	0.0001 Colloc0 440 3037 0.0206991 134.85
910	1	654.295	22155.2	22144.5	10.7752	427	643	181	1	0.0001 Colloc0 427 3003 0.00668047 130.613
920	1	661.545	22181.3	22170.4	10.8886	435	589	235	2	0.0001 Colloc0 435 3013 0.0152933 137.133
930	1	668.746	22076.5	22065.4	11.0566	433	625	199	1	0.0001 Colloc0 433 3011 0.00755285 147.032
940	1	675.841	22086.9	22076.1	10.7201	437	633	191	1	0.0001 Colloc0 437 3013 0.0348811 127.497
950	1	682.953	22215.3	22204.5	10.8214	437	576	248	2	0.0001 Colloc0 437 3000 0.0294936 133.252
960	1	690.06	22231.4	22220.6	10.791	433	580	244	3	0.0001 Colloc0 433 3023 0.0223595 131.513
970	1	697.197	22205.7	22194.7	10.9591	437	584	240	2	0.0001 Colloc0 437 3017 0.00382359 141.254
980	1	704.426	22226.3	22215.3	10.9475	446	590	234	0	0.0001 Colloc0 446 3008 0.0352762 140.571
990	1	711.433	22213.3	22202.9	10.4211	451	590	234	1	0.0001 Colloc0 451 3011 0.0595915 111.164
1000	1	718.534	22211.8	22201	10.7976	446	596	228	1	0.0001 Colloc0 446 3018 0.009572 131.889
1010	1	725.652	22136.6	22126	10.5236	435	608	216	0	0.0001 Colloc0 435 3017 0.0399634 116.65
1020	1	732.801	22193.2	22182.1	11.0143	445	592	232	1	0.0001 Colloc0 445 3013 0.0175648 144.512
1030	1	739.953	22086.1	22075.3	10.7754	425	626	198	1	0.0001 Colloc0 425 3017 0.0103706 130.628
1040	1	746.905	22165.1	22154.8	10.2793	434	612	212	0	0.0001 Colloc0 434 2996 0.0943575 103.787
1050	1	754.066	22100.3	22089.6	10.7647	423	608	216	0	0.0001 Colloc0 423 3016 0.00475982 130.02
1060	1	761.351	22193.7	22182.6	11.0832	449	585	239	1	0.0001 Colloc0 449 2997 0.000792569 148.628
1070	1	768.555	22191	22180.3	10.6512	447	602	222	0	0.0001 Colloc0 447 3001 0.072354 123.645
1080	1	775.614	22182.6	22172	10.6357	439	588	236	1	0.0001 Colloc0 439 3001 0.00576829 122.786
1090	1	782.783	22155.5	22144.3	11.1227	439	582	242	2	0.0001 Colloc0 439 2984 0.0115558 151.003
1100	1	789.849	22202.5	22191.9	10.5591	433	585	239	0	0.0001 Colloc0 433 3023 0.0194411 118.577
1110	1	796.958	22155.4	22144.8	10.5918	433	595	229	1	0.0001 Colloc0 433 3006 0.0162115 120.364
1120	1	803.864	22212.2	22201.4	10.8026	440	556	268	1	0.0001 Colloc0 440 3005 0.0267302 132.176
1130	1	811.038	22160.3	22149.6	10.7216	428	590	234	2	0.0001 Colloc0 428 3002 0.000416131 127.581
1140	1	818.184	22123	22112.4	10.6704	429	584	240	0	0.0001 Colloc0 429 3000 0.00691966 124.714
1150	1	825.23	22132.6	22121.8	10.8144	425	597	227	0	0.0001 Colloc0 425 3011 0.00599154 132.854
1160	1	832.36	22066	22055.5	10.5632	426	615	209	1	0.0001 Colloc0 426 3008 0.0292958 118.803
1170	1	839.441	22072	22061.2	10.8379	426	609	215	0	0.0001 Colloc0 426 3007 0.00100423 134.201
1180	1	846.547	22103.6	22092.6	11.0079	428	607	217	1	0.0001 Colloc0 428 3002 0.00761499 144.133
1190	1	853.62	22165.4	22154.9	10.5539	433	614	210	0	0.0001 Colloc0 433 3015 0.0512971 118.291
1200	1	860.808	22061.7	22050.9	10.8492	431	629	195	1	0.0001 Colloc0 431 3013 0.010464 134.851
1210	1	867.771	22119.3	22108.2	11.0679	437	615	209	0	0.0001 Colloc0 437 3017 0.0230533 147.71
1220	1	874.877	22169	22158.3	10.7426	425	583	241	3	0.0001 Colloc0 425 3007 0.0199356 128.767
1230	1	882.032	22188.4	22177.4	10.9587	439	576	248	0	0.0001 Colloc0 439 3015 0.00546187 141.231
1240	1	889.257	22129	22118.7	10.2957	429	592	232	2	0.0001 Colloc0 429 3001 0.0508813 104.628
1250	1	896.405	22112.5	22101.9	10.6367	429	591	233	0	0.0001 Colloc0 429 3005 0.00623361 122.842
1260	1	903.539	22137.7	22127	10.7195	436	607	217	0	0.0001 Colloc0 436 3015 0.0549404 127.463
1270	1	910.487	22186.4	22175.5	10.8256	434	578	246	0	0.0001 Colloc0 434 3008 0.0294517 133.497
1280	1	917.646	22113.4	22102.7	10.6899	431	583	241	0	0.0001 Colloc0 431 3007 0.00420334 125.802
1290	1	924.722	22131.2	22120.1	11.095	442	596	228	1	0.0001 Colloc0 442 3002 0.00960992 149.337
1300	1	931.988	22024.7	22014.3	10.4812	426	630	194	0	0.0001 Colloc0 426 3013 0.0281444 114.367
1310	1	939.191	22040.4	22029.6	10.7154	433	615	209	1	0.0001 Colloc0 433 3017 0.00599975 127.232
1320	1	946.336	22026.8	22015.9	10.9633	435	628	196	0	0.0001 Colloc0 435 2990 0.0104399 141.498
1330	1	953.46	22004	21993.6	10.3568	429	633	191	1	0.0001 Colloc0 429 2981 0.0481924 107.792
1340	1	960.646	21996.1	21985.5	10.5853	433	622	202	1	0.0001 Colloc0 433 2995 0.0224623 120.009
1350	1	967.73	22070.6	22059.8	10.7456	422	612	212	1	0.0001 Colloc0 422 3011 0.00783657 128.937
1360	1	974.829	22161.2	22150.5	10.7014	442	580	244	2	0.0001 Colloc0 442 3005 0.0420685 126.444
1370	1	982.042	22097	22086.1	10.9154	430	616	208	0	0.0001 Colloc0 430 3012 0.000686503 138.693
1380	1	989.315	21983.3	21972.5	10.8009	419	636	188	0	0.0001 Colloc0 419 2994 0.0141279 132.079
1390	1	996.464	21973.2	21962.2	10.9771	429	636	188	1	0.0001 Colloc0 429 2990 0.0141497 142.315
1400	1	1003.62	22171.7	22160.7	11.0256	443	582	242	1	0.0001 Colloc0 443 3001 0.00976474 145.184
1410	1	1010.69	22104.8	22094	10.7778	426	602	222	1	0.0001 Colloc0 426 3005 0.0138126 130.76
1420	1	1017.9	22095.5	22084.9	10.5926	427	600	224	1	0.0001 Colloc0 427 3006 0.00841693 120.408
1430	1	1025.05	22112.5	22101.5	11.0101	434	597	227	1	0.0001 Colloc0 434 3002 0.0045221 144.265
1440	1	1032.19	22081.4	22070.6	10.8132	437	595	229	4	0.0001 Colloc0 437 2993 0.0140857 132.782
1450	1	1039.38	22162.4	22151.6	10.7549	433	590	234	1	0.0001 Colloc0 433 3002 0.0238139 129.461
1460	1	1046.51	21990.9	21979.8	11.1582	424	637	187	0	0.0001 Colloc0 424 2994 0.00614966 153.156
1470	1	1053.67	22150.9	22140	10.9823	441	592	232	0	0.0001 Colloc0 441 3009 0.00579168 142.62
1480	1	1060.72	22130.5	22119.5	11.0638	443	596	228	0	0.0001 Colloc0 443 3011 0.00390417 147.464
1490	1	1067.79	22046.4	22035.9	10.5658	417	605	219	1	0.0001 Colloc0 417 3020 0.0181157 118.944
1500	1	1074.92	22137	22126.1	10.8716	428	562	262	2	0.0001 Colloc0 428 3017 0.00556547 136.149
1510	1	1082.18	22052.5	22041.7	10.8013	426	603	221	0	0.0001 Colloc0 426 2981 0.00147607 132.103
1520	1	1089.39	22003	21992.2	10.8826	435	620	204	1	0.0001 Colloc0 435 2982 0.0105158 136.786
1530	1	1096.6	22077.6	22066.9	10.6914	433	612	212	0	0.0001 Colloc0 433 2999 0.0561507 125.884
1540	1	1103.81	22092	22080.9	11.0965	433	599	225	0	0.0001 Colloc0 433 2996 0.000733948 149.425
1550	1	1110.96	22166.8	22156	10.8638	448	591	233	0	0.0001 Colloc0 448 2987 0.0123878 135.696
1560	1	1118.11	22057.1	22046.9	10.1765	429	603	221	2	0.0001 Colloc0 429 3010 0.0996461 98.5922
1570	1	1125.25	22122.7	22111.9	10.794	432	599	225	2	0.0001 Colloc0 432 2986 0.0384928 131.687
1580	1	1132.2	21973.3	21962.6	10.7397	414	623	201	2	0.0001 Colloc0 414 2996 0.0171001 128.602
1590	1	1139.33	21997	21986.4	10.584	423	600	224	1	0.0001 Colloc0 423 3009 0.0242429 119.939
1600	1	1146.48	21999.6	21988.9	10.7813	423	619	205	0	0.0001 Colloc0 423 3002 0.0382809 130.96
1610	1	1153.65	21996.1	21985.5	10.6003	415	623	201	1	0.0001 Colloc0 415 3018 0.00258164 120.832
1620	1	1160.74	22000	21989.3	10.704	417	613	211	2	0.0001 Colloc0 417 2997 3.4874e-05 126.591
1630	1	1167.82	21926.1	21915	11.0539	425	640	184	2	0.0001 Colloc0 425 2991 0.00972669 146.872
1640	1	1175	22005.7	21994.9	10.7957	431	614	210	0	0.0001 Colloc0 431 2986 0.024406 131.78
1650	1	1182.11	22004.2	21993.5	10.6474	425	605	219	0	0.0001 Colloc0 425 2991 0.0207539 123.434
1660	1	1189.25	22098.8	22088.2	10.5824	439	602	222	0	0.0001 Colloc0 439 2997 0.0410985 119.85
1670	1	1196.46	22153.9	22143.1	10.8861	423	577	247	1	0.0001 Colloc0 423 3003 0.0051142 136.99
1680	1	1203.53	22079.8	22069	10.7139	431	595	229	1	0.0001 Colloc0 431 2994 0.00638337 127.146
1690	1	1210.57	21989.2	21978	11.1385	427	617	207	2	0.0001 Colloc0 427 2985 0.00295948 151.956
1700	1	1217.69	22137.1	22126	11.0518	450	572	252	1	0.0001 Colloc0 450 2998 0.0219805 146.747
1710	1	1224.91	22098.7	22087.9	10.7808	434	596	228	2	0.0001 Colloc0 434 3004 0.00173083 130.932
1720	1	1231.92	21904.6	21894	10.5834	429	656	168	0	0.0001 Colloc0 429 3012 0.0230575 119.905
1730	1	1239.03	21955	21944.1	10.8824	424	637	187	0	0.0001 Colloc0 424 3000 0.0429464 136.774
1740	1	1246.08	21975.6	21965.1	10.5045	420	626	198	1	0.0001 Colloc0 420 2993 0.0485632 115.618
1750	1	1253.24	21959.1	21948.4	10.6452	416	632	192	0	0.0001 Colloc0 416 3007 0.0300882 123.314
1760	1	1260.34	22055.1	22044.2	10.8935	423	609	215	1	0.0001 Colloc0 423 2999 0.00593968 137.416
1770	1	1267.48	22003.7	21993.1	10.5685	406	612	212	2	0.0001 Colloc0 406 3012 0.00953433 119.087
1780	1	1274.6	22116.8	22106	10.7852	440	581	243	1	0.0001 Colloc0 440 2999 0.00273323 131.182
1790	1	1281.79	21923.2	21912.4	10.7472	427	648	176	1	0.0001 Colloc0 427 2981 0.0266562 129.026
1800	1	1288.96	21963.7	21953	10.7133	435	653	171	0	0.0001 Colloc0 435 2979 0.0466182 127.112
1810	1	1296.02	21944.4	21934	10.4515	427	658	166	0	0.0001 Colloc0 427 2996 0.0493152 112.777
1820	1	1303.13	22015	22004.4	10.5835	429	640	184	0	0.0001 Colloc0 429 3000 0.0155469 119.909
1830	1	1310.37	22047.9	22037	10.8264	420	593	231	0	0.0001 Colloc0 420 3007 0.00481141 133.54
1840	1	1317.55	22117.2	22106.4	10.8701	449	592	232	1	0.0001 Colloc0 449 2991 0.0118381 136.061
1850	1	1324.78	21986.5	21975.8	10.6894	440	627	197	1	0.0001 Colloc0 440 3005 0.0198418 125.772
1860	1	1331.77	22047.6	22037	10.6537	434	593	231	2	0.0001 Colloc0 434 2983 0.0419432 123.784
1870	1	1338.71	21967.7	21956.8	10.8655	424	640	184	1	0.0001 Colloc0 424 3007 0.0399049 135.792
1880	1	1345.68	21971.3	21960.5	10.8925	427	648	176	1	0.0001 Colloc0 427 2977 0.00497253 137.36
1890	1	1352.71	22068.5	22057.6	10.8345	438	601	223	2	0.0001 Colloc0 438 2981 0.0533672 134.005
1900	1	1359.96	22083.7	22072.7	10.9718	436	602	222	1	0.0001 Colloc0 436 3000 0.0118671 141.998
1910	1	1367.14	22057	22046.4	10.6002	432	596	228	2	0.0001 Colloc0 432 2989 0.00205958 120.824
1920	1	1374.24	22034	22023.1	10.8238	432	611	213	0	0.0001 Colloc0 432 2988 0.0017162 133.389
1930	1	1381.32	21980.6	21969.8	10.8427	422	628	196	2	0.0001 Colloc0 422 2979 0.000321943 134.476
1940	1	1388.36	21988.6	21977.6	10.9063	426	617	207	0	0.0001 Colloc0 426 3010 0.0190607 138.163
1950	1	1395.42	22025.5	22014.8	10.77	426	635	189	1	0.0001 Colloc0 426 3013 0.0325722 130.317
1960	1	1402.59	22027.4	22016.7	10.6827	427	586	238	0	0.0001 Colloc0 427 2987 0.0166102 125.397
1970	1	1409.64	22075.1	22064.5	10.6369	427	598	226	0	0.0001 Colloc0 427 3009 0.0141361 122.853
1980	1	1416.74	22065.4	22054.7	10.6744	440	602	222	0	0.0001 Colloc0 440 2992 0.0440015 124.934
1990	1	1423.88	22010.7	22000.1	10.5756	431	614	210	1	0.0001 Colloc0 431 2996 0.0511891 119.479
2000	1	1430.93	21926.5	21915.7	10.7595	422	641	183	1	0.0001 Colloc0 422 2985 0.0041368 129.722
