# D = 0, E = 1, I = 1, P = 1, R = -1, n = 2000, N = 1, P = 1, w = 1, a = 0.0001, b = 10000, e = 1, f = 1, g = 100, h = 0.01, r = 24072, s = 1, S = 0, x = 10, m = 100, Z = 1, z = 0, T = 1, t = 1
# 5872 tokens in 266 sentences
#
# It	Temp	Time	-logP	-logPcorpus	-logPrior	tables	same	changed	reject	default_pya	(parent pym pyn pya pyb)*
0	1	0.829873	23591.9	23478.1	113.764	2014	0	266	0	0.0001 Colloc0 2014 2957 0.0001 10000
10	1	11.9502	18191.5	18180.4	11.0582	527	49	217	2	0.0001 Colloc0 527 2579 0.127706 147.126
20	1	22.6876	17946.2	17935	11.2392	470	56	210	3	0.0001 Colloc0 470 2568 0.00202613 158.103
30	1	33.205	17704.2	17693.1	11.0994	457	61	205	3	0.0001 Colloc0 457 2564 0.0119457 149.599
40	1	43.9133	17526.5	17515.8	10.7137	446	72	194	0	0.0001 Colloc0 446 2545 0.0601211 127.139
50	1	54.4697	17434.4	17423.6	10.8503	448	69	197	1	0.0001 Colloc0 448 2519 0.0475037 134.917
60	1	64.3762	17348.7	17337.6	11.1607	449	82	184	6	0.0001 Colloc0 449 2535 0.0314839 153.308
70	1	74.9556	17405.8	17395.4	10.4347	434	84	182	2	0.0001 Colloc0 434 2556 0.0968299 111.886
80	1	85.578	17399	17387.9	11.113	448	82	184	2	0.0001 Colloc0 448 2531 0.00425066 150.42
90	1	96.3014	17403.2	17392.3	10.9412	456	83	183	5	0.0001 Colloc0 456 2519 0.0309469 140.203
100	1	107.052	17181.2	17170.3	10.8599	438	90	176	2	0.0001 Colloc0 438 2516 0.0374722 135.471
110	1	117.846	17202.4	17191.4	10.983	445	85	181	1	0.0001 Colloc0 445 2506 0.0291351 142.663
120	1	128.604	17296.8	17285.9	10.9758	446	76	190	6	0.0001 Colloc0 446 2502 0.0643702 142.234
130	1	139.296	17275.1	17264.1	11.062	457	82	184	1	0.0001 Colloc0 457 2511 0.0521946 147.353
140	1	149.936	17179.8	17168.7	11.0363	426	92	174	1	0.0001 Colloc0 426 2496 0.0421473 145.824
150	1	159.974	17336.3	17325	11.222	453	83	183	2	0.0001 Colloc0 453 2491 0.0172927 157.049
160	1	170.013	17217.9	17206.9	11.0169	450	86	180	1	0.0001 Colloc0 450 2470 0.0468764 144.665
170	1	180.302	17209.9	17198.8	11.0339	451	73	193	0	0.0001 Colloc0 451 2450 0.0523627 145.68
180	1	190.86	17240.9	17230.7	10.2044	470	82	184	2	0.0001 Colloc0 470 2473 0.185009 99.9861
190	1	201.412	17289.3	17278.3	10.9074	462	75	191	4	0.0001 Colloc0 462 2469 0.0603901 138.228
200	1	211.895	17162.5	17151.4	11.0523	432	95	171	2	0.0001 Colloc0 432 2488 0.0174749 146.775
210	1	221.886	17054	17043.1	10.8605	421	94	172	3	0.0001 Colloc0 421 2436 0.0916303 135.506
220	1	232.417	17057.3	17046.6	10.6877	437	101	165	0	0.0001 Colloc0 437 2437 0.129171 125.676
230	1	242.979	17124.5	17113.4	11.0831	446	90	176	3	0.0001 Colloc0 446 2463 0.0303059 148.619
240	1	253.547	17245	17234	11.0663	458	88	178	3	0.0001 Colloc0 458 2473 0.0224619 147.613
250	1	264.347	17051.1	17040.4	10.7196	451	106	160	1	0.0001 Colloc0 451 2438 0.101537 127.466
260	1	275.002	17086	17075.3	10.646	452	87	179	1	0.0001 Colloc0 452 2449 0.113425 123.353
270	1	285.688	17178.3	17167.4	10.9418	448	77	189	3	0.0001 Colloc0 448 2472 0.0868718 140.239
280	1	296.24	17110.1	17099	11.0972	458	89	177	4	0.0001 Colloc0 458 2429 0.0796694 149.468
290	1	306.629	17049.7	17039.2	10.5189	452	80	186	0	0.0001 Colloc0 452 2455 0.13399 116.396
300	1	316.764	17120.5	17109.6	10.9294	461	88	178	2	0.0001 Colloc0 461 2430 0.0810649 139.509
310	1	327.59	17211.4	17201	10.307	444	85	181	2	0.0001 Colloc0 444 2496 0.148828 105.209
320	1	338.212	17168.8	17157.7	11.1235	451	82	184	1	0.0001 Colloc0 451 2480 0.0530666 151.054
330	1	348.923	17122.9	17112.6	10.3507	451	88	178	2	0.0001 Colloc0 451 2463 0.127859 107.472
340	1	359.548	17129.5	17119.1	10.4057	430	90	176	0	0.0001 Colloc0 430 2450 0.102967 110.352
350	1	370.001	17115.9	17104.7	11.1784	445	95	171	2	0.0001 Colloc0 445 2431 0.0210661 154.382
360	1	380.716	17086.8	17076.7	10.1095	447	93	173	2	0.0001 Colloc0 447 2432 0.200215 95.2757
370	1	391.415	17016	17004.6	11.3427	441	97	169	4	0.0001 Colloc0 441 2436 0.0250582 164.515
380	1	401.942	17132.2	17121.5	10.7147	441	84	182	5	0.0001 Colloc0 441 2444 0.0510824 127.192
390	1	412.434	17130.2	17118.9	11.3648	420	84	182	2	0.0001 Colloc0 420 2435 0.013752 165.898
400	1	422.327	17119.8	17108.8	11.0285	438	86	180	3	0.0001 Colloc0 438 2462 0.048348 145.357
410	1	432.207	17119.5	17108.7	10.8345	448	84	182	1	0.0001 Colloc0 448 2430 0.0868751 134.009
420	1	442.864	17134.4	17124	10.4799	441	82	184	2	0.0001 Colloc0 441 2455 0.0996027 114.299
430	1	453.436	17089.3	17078.6	10.7412	428	88	178	3	0.0001 Colloc0 428 2448 0.0622276 128.685
440	1	463.537	17129.1	17118.4	10.6246	455	78	188	0	0.0001 Colloc0 455 2425 0.106596 122.17
450	1	474.352	17051.6	17040.8	10.7929	430	94	172	1	0.0001 Colloc0 430 2454 0.0517562 131.621
460	1	485.247	17049.8	17039.3	10.4731	444	96	170	2	0.0001 Colloc0 444 2429 0.154318 113.931
470	1	495.839	17079.7	17068.7	10.9755	453	90	176	3	0.0001 Colloc0 453 2427 0.036639 142.22
480	1	506.67	17124.2	17113.1	11.0729	456	102	164	2	0.0001 Colloc0 456 2435 0.0362693 148.005
490	1	517.412	17003	16992.4	10.6137	434	92	174	1	0.0001 Colloc0 434 2424 0.095455 121.569
500	1	528.26	17121.1	17109.9	11.2083	439	87	179	5	0.0001 Colloc0 439 2446 0.0121673 156.211
510	1	538.976	17104.9	17094	10.9588	436	77	189	3	0.0001 Colloc0 436 2446 0.0413837 141.232
520	1	549.614	17076.4	17065.7	10.6888	440	86	180	0	0.0001 Colloc0 440 2443 0.101076 125.739
530	1	560.03	17057.7	17047.6	10.0739	443	97	169	1	0.0001 Colloc0 443 2431 0.208113 93.5382
540	1	570.466	17119.5	17108.7	10.8063	462	83	183	2	0.0001 Colloc0 462 2434 0.0830312 132.389
550	1	581.264	17114.8	17104.3	10.4518	441	83	183	1	0.0001 Colloc0 441 2443 0.10566 112.793
560	1	591.48	17072.8	17061.6	11.1545	444	95	171	4	0.0001 Colloc0 444 2439 0.0202031 152.928
570	1	602.042	17098.4	17087.5	10.8988	440	93	173	1	0.0001 Colloc0 440 2449 0.0529057 137.725
580	1	612.666	17125.4	17114.3	11.0401	463	85	181	2	0.0001 Colloc0 463 2432 0.102183 146.048
590	1	622.666	17030.6	17019.9	10.6885	431	90	176	1	0.0001 Colloc0 431 2441 0.0511974 125.722
600	1	632.802	16999.3	16988.7	10.5445	446	90	176	2	0.0001 Colloc0 446 2407 0.164235 117.783
610	1	643.201	17106.1	17095.1	11.0311	446	91	175	1	0.0001 Colloc0 446 2443 0.0198131 145.512
620	1	653.553	16764.3	16754	10.3139	410	109	157	2	0.0001 Colloc0 410 2407 0.0701388 105.566
630	1	664.361	17158.4	17147.9	10.4451	455	98	168	3	0.0001 Colloc0 455 2449 0.151667 112.44
640	1	675.255	17002	16991.3	10.6795	445	91	175	1	0.0001 Colloc0 445 2395 0.105303 125.217
650	1	686.016	17038.1	17027	11.1028	440	90	176	1	0.0001 Colloc0 440 2400 0.0121664 149.802
660	1	696.853	17060.4	17049	11.4171	454	95	171	3	0.0001 Colloc0 454 2398 0.0146295 169.186
670	1	707.285	17078.4	17067	11.3814	448	83	183	0	0.0001 Colloc0 448 2413 0.0184286 166.941
680	1	717.611	17022.8	17011.8	11.0299	449	87	179	3	0.0001 Colloc0 449 2386 0.0290726 145.44
690	1	727.659	16949.4	16938.3	11.0961	441	90	176	1	0.0001 Colloc0 441 2389 0.0401299 149.402
700	1	738.084	17034.2	17023.4	10.7136	451	96	170	4	0.0001 Colloc0 451 2391 0.096632 127.13
710	1	748.601	17045.7	17035	10.7064	465	98	168	4	0.0001 Colloc0 465 2399 0.10591 126.727
720	1	758.528	17004.6	16993.1	11.476	444	78	188	4	0.0001 Colloc0 444 2416 0.00343182 172.921
730	1	768.925	17031.3	17020.5	10.8262	455	91	175	2	0.0001 Colloc0 455 2418 0.0906106 133.529
740	1	779.678	17053.8	17042.8	11.0247	447	94	172	3	0.0001 Colloc0 447 2397 0.0501208 145.131
750	1	790.494	17078	17066.8	11.1831	448	91	175	0	0.0001 Colloc0 448 2424 0.0223741 154.668
760	1	801.047	16911.8	16901.7	10.0959	445	88	178	0	0.0001 Colloc0 445 2417 0.170726 94.6106
770	1	811.786	17094.3	17083.6	10.6849	451	90	176	3	0.0001 Colloc0 451 2422 0.0975736 125.523
780	1	822.472	17094.1	17083.3	10.7753	452	74	192	2	0.0001 Colloc0 452 2435 0.0816734 130.62
790	1	833.11	16969.5	16958.9	10.5899	458	95	171	1	0.0001 Colloc0 458 2402 0.139614 120.26
800	1	843.736	17029.3	17018.2	11.0738	447	93	173	1	0.0001 Colloc0 447 2399 0.0243429 148.062
810	1	854.342	16927.3	16916.9	10.4137	445	96	170	0	0.0001 Colloc0 445 2399 0.148775 110.776
820	1	865.121	16975	16964.3	10.7286	453	97	169	4	0.0001 Colloc0 453 2416 0.115577 127.974
830	1	875.774	16994.6	16983.5	11.0677	458	94	172	0	0.0001 Colloc0 458 2383 0.0470564 147.696
840	1	886.108	17057.6	17046.7	10.9244	439	85	181	0	0.0001 Colloc0 439 2414 0.0492997 139.221
850	1	896.397	16978	16967.2	10.764	435	93	173	1	0.0001 Colloc0 435 2412 0.0783553 129.98
860	1	907.221	17060.8	17049.3	11.5242	447	93	173	1	0.0001 Colloc0 447 2408 0.00493766 175.992
870	1	917.908	17071.7	17061	10.6886	454	88	178	0	0.0001 Colloc0 454 2373 0.0588187 125.728
880	1	928.044	17032.9	17021.6	11.2895	454	86	180	1	0.0001 Colloc0 454 2387 0.0234178 161.208
890	1	938.526	17102.1	17091.2	10.848	461	91	175	1	0.0001 Colloc0 461 2403 0.0557395 134.783
900	1	949.155	16828.5	16817.5	11.0275	438	107	159	2	0.0001 Colloc0 438 2347 0.0257716 145.298
910	1	959.68	16939.8	16928.7	11.1227	444	96	170	2	0.0001 Colloc0 444 2399 0.00974536 151.005
920	1	970.273	17005.1	16994.4	10.7722	438	88	178	0	0.0001 Colloc0 438 2406 0.0510052 130.445
930	1	980.281	16914	16903.6	10.4193	442	102	164	2	0.0001 Colloc0 442 2384 0.16197 111.071
940	1	990.355	17101.1	17089.9	11.1922	464	83	183	3	0.0001 Colloc0 464 2367 0.0461904 155.227
950	1	1001.03	17064	17053.1	10.8707	451	95	171	1	0.0001 Colloc0 451 2395 0.0984381 136.093
960	1	1011.5	17020.9	17009.7	11.208	441	91	175	1	0.0001 Colloc0 441 2415 0.0534968 156.193
970	1	1022.25	16965.9	16955.2	10.7933	443	84	182	0	0.0001 Colloc0 443 2371 0.061694 131.647
980	1	1032.77	16943.9	16932.8	11.1416	440	92	174	2	0.0001 Colloc0 440 2402 0.0368366 152.147
990	1	1043.12	16891.7	16880.9	10.8157	426	93	173	1	0.0001 Colloc0 426 2397 0.0752746 132.924
1000	1	1053.79	17052.1	17041.1	10.9094	432	92	174	2	0.0001 Colloc0 432 2399 0.0548551 138.344
1010	1	1064.39	17085.1	17074.7	10.3429	448	81	185	1	0.0001 Colloc0 448 2380 0.101794 107.068
1020	1	1075	17134.5	17124	10.5884	446	83	183	2	0.0001 Colloc0 446 2401 0.0487717 120.18
1030	1	1085.67	17145.2	17134.5	10.6616	438	71	195	3	0.0001 Colloc0 438 2408 0.0767882 124.221
1040	1	1095.71	17124.8	17113.5	11.2966	459	82	184	1	0.0001 Colloc0 459 2391 0.0287998 161.647
1050	1	1106.24	17267.2	17256.2	11.0131	473	72	194	1	0.0001 Colloc0 473 2402 0.126709 144.444
1060	1	1116.19	17285.1	17274.3	10.8093	458	62	204	1	0.0001 Colloc0 458 2417 0.0777304 132.56
1070	1	1126.24	17025.6	17015.1	10.4651	448	94	172	1	0.0001 Colloc0 448 2389 0.111173 113.504
1080	1	1136.27	17056.4	17045.2	11.1961	461	92	174	1	0.0001 Colloc0 461 2370 0.0388144 155.464
1090	1	1146.28	17032	17021.1	10.9329	443	85	181	3	0.0001 Colloc0 443 2380 0.0514307 139.717
1100	1	1156.59	17119.2	17107.9	11.3016	453	75	191	0	0.0001 Colloc0 453 2393 0.0340728 161.958
1110	1	1167.2	17018.4	17007.4	10.9983	448	85	181	2	0.0001 Colloc0 448 2370 0.0665367 143.565
1120	1	1177.94	17087.5	17076.5	11.0082	439	86	180	2	0.0001 Colloc0 439 2408 0.0457556 144.15
1130	1	1188.13	17101.6	17090.5	11.0825	458	79	187	2	0.0001 Colloc0 458 2392 0.0571472 148.581
1140	1	1198.66	17120.6	17109.6	11.0204	446	78	188	1	0.0001 Colloc0 446 2395 0.0615647 144.874
1150	1	1208.64	17168.6	17157.3	11.2768	456	79	187	1	0.0001 Colloc0 456 2398 0.0311313 160.421
1160	1	1218.59	17194.3	17183.2	11.0515	447	85	181	1	0.0001 Colloc0 447 2419 0.00615763 146.73
1170	1	1228.54	17170.7	17159.3	11.4653	465	77	189	1	0.0001 Colloc0 465 2394 0.0264525 172.238
1180	1	1238.64	16903.2	16892.2	10.9778	456	99	167	1	0.0001 Colloc0 456 2353 0.0677744 142.351
1190	1	1249.2	16996	16984.9	11.0962	448	93	173	3	0.0001 Colloc0 448 2386 0.000791873 149.409
1200	1	1259.55	17029.2	17018.8	10.4783	455	81	185	2	0.0001 Colloc0 455 2371 0.152461 114.209
1210	1	1269.86	16996.9	16985.9	11.0865	451	91	175	3	0.0001 Colloc0 451 2396 0.0266475 148.825
1220	1	1280.5	16924.4	16913.4	10.9474	457	89	177	3	0.0001 Colloc0 457 2374 0.0500483 140.565
1230	1	1291.24	17035.6	17024.5	11.0548	455	94	172	4	0.0001 Colloc0 455 2401 0.00264761 146.926
1240	1	1301.9	17013.2	17002.3	10.8817	438	87	179	2	0.0001 Colloc0 438 2405 0.0733794 136.73
1250	1	1312.42	17020.7	17010.1	10.6238	449	90	176	2	0.0001 Colloc0 449 2403 0.113624 122.124
1260	1	1323.03	16960.8	16949.5	11.2876	438	100	166	3	0.0001 Colloc0 438 2404 0.00580206 161.095
1270	1	1333.05	17069.9	17058.5	11.3716	464	84	182	0	0.0001 Colloc0 464 2404 0.0122823 166.324
1280	1	1343.02	17126.7	17116	10.6682	468	72	194	1	0.0001 Colloc0 468 2404 0.133835 124.592
1290	1	1353.44	16961.7	16951.5	10.2068	454	87	179	3	0.0001 Colloc0 454 2380 0.189694 100.106
1300	1	1363.92	17018.2	17007	11.2412	433	75	191	1	0.0001 Colloc0 433 2377 0.0175633 158.225
1310	1	1374.63	17070.5	17059.5	11.0954	456	82	184	1	0.0001 Colloc0 456 2411 0.0668699 149.357
1320	1	1385.41	16971.8	16961.1	10.7303	437	83	183	0	0.0001 Colloc0 437 2376 0.0148013 128.073
1330	1	1396.15	17008	16997.2	10.8254	442	91	175	1	0.0001 Colloc0 442 2401 0.0254951 133.481
1340	1	1406.78	16872.9	16862.4	10.4391	431	96	170	3	0.0001 Colloc0 431 2378 0.0792836 112.12
1350	1	1417.39	16970	16959.2	10.8771	440	90	176	1	0.0001 Colloc0 440 2402 0.0656056 136.468
1360	1	1428.23	16859.9	16848.9	10.9176	437	94	172	0	0.0001 Colloc0 437 2379 0.0522849 138.823
1370	1	1438.88	16820.5	16810	10.4733	451	104	162	0	0.0001 Colloc0 451 2365 0.150136 113.943
1380	1	1449.21	16898.8	16888.9	9.87022	446	95	171	0	0.0001 Colloc0 446 2356 0.182843 83.9163
1390	1	1459.77	16999.3	16988.3	11.0135	443	84	182	2	0.0001 Colloc0 443 2417 0.0085191 144.468
1400	1	1470.02	17025.2	17014.6	10.6105	450	83	183	2	0.0001 Colloc0 450 2400 0.1115 121.391
1410	1	1479.97	16872.6	16862	10.5958	439	99	167	2	0.0001 Colloc0 439 2370 0.122934 120.583
1420	1	1490.46	16724.6	16714.2	10.4472	416	109	157	0	0.0001 Colloc0 416 2382 0.0934967 112.549
1430	1	1501.03	16861.4	16850.2	11.1719	436	102	164	0	0.0001 Colloc0 436 2385 0.0066682 153.984
1440	1	1511.52	16978.9	16967.5	11.3376	447	88	178	1	0.0001 Colloc0 447 2410 0.0270144 164.202
1450	1	1521.76	17036.6	17025.6	11.0419	441	87	179	3	0.0001 Colloc0 441 2428 0.00914383 146.153
1460	1	1531.85	16825.9	16815.6	10.2858	457	111	155	1	0.0001 Colloc0 457 2367 0.223754 104.119
1470	1	1541.85	16857.1	16847.1	9.98336	445	92	174	0	0.0001 Colloc0 445 2370 0.194687 89.193
1480	1	1551.81	16900.3	16889.3	10.9857	447	98	168	1	0.0001 Colloc0 447 2378 0.0850708 142.817
1490	1	1561.8	16975.9	16965.8	10.082	433	89	177	0	0.0001 Colloc0 433 2395 0.165195 93.9303
1500	1	1572.54	16976.2	16965.6	10.5386	449	88	178	2	0.0001 Colloc0 449 2374 0.106757 117.46
1510	1	1583.26	16885.1	16873.9	11.1892	444	87	179	1	0.0001 Colloc0 444 2366 0.0520382 155.039
1520	1	1594.06	16915.9	16904.8	11.0648	451	94	172	2	0.0001 Colloc0 451 2381 0.0320338 147.522
1530	1	1604.91	17044.5	17033.5	11.0263	457	80	186	1	0.0001 Colloc0 457 2371 0.0271471 145.225
1540	1	1615.52	16929.2	16917.8	11.3899	445	95	171	0	0.0001 Colloc0 445 2378 0.00757095 167.474
1550	1	1626.35	17021	17009.9	11.0388	455	81	185	2	0.0001 Colloc0 455 2366 0.0649494 145.971
1560	1	1637.05	16954.9	16944	10.874	444	78	188	1	0.0001 Colloc0 444 2360 0.0912433 136.284
1570	1	1647.1	16940.5	16929.4	11.1342	462	93	173	1	0.0001 Colloc0 462 2326 0.112145 151.7
1580	1	1657.46	16932.8	16921.4	11.4798	448	87	179	2	0.0001 Colloc0 448 2358 0.00660083 173.157
1590	1	1667.63	17019	17008	10.9344	442	88	178	2	0.0001 Colloc0 442 2404 0.0635108 139.804
1600	1	1678.45	17009.2	16998.4	10.7132	466	92	174	2	0.0001 Colloc0 466 2378 0.129589 127.111
1610	1	1689.11	16917.3	16906.5	10.7937	445	100	166	2	0.0001 Colloc0 445 2366 0.112479 131.67
1620	1	1699.14	16823.1	16812.6	10.5557	432	100	166	2	0.0001 Colloc0 432 2369 0.0626814 118.392
1630	1	1709.69	16935.5	16924.1	11.3343	452	91	175	1	0.0001 Colloc0 452 2351 0.0234368 163.996
1640	1	1720.05	16913.6	16902.6	11.0138	436	95	171	1	0.0001 Colloc0 436 2381 0.0449046 144.485
1650	1	1729.99	16935.9	16924.8	11.1185	461	93	173	2	0.0001 Colloc0 461 2357 0.0820742 150.751
1660	1	1740.48	16972	16961.7	10.303	449	93	173	3	0.0001 Colloc0 449 2372 0.111681 105
1670	1	1751.13	16895.3	16884.5	10.7925	452	99	167	1	0.0001 Colloc0 452 2363 0.0917052 131.602
1680	1	1761.87	16938.5	16927.1	11.3838	458	96	170	1	0.0001 Colloc0 458 2347 0.0448401 167.094
1690	1	1772.72	16846.6	16836.1	10.5423	438	96	170	2	0.0001 Colloc0 438 2337 0.154549 117.663
1700	1	1783.63	16869.2	16858.7	10.5355	449	101	165	1	0.0001 Colloc0 449 2366 0.145767 117.295
1710	1	1794.34	16911.8	16900.7	11.1765	450	89	177	3	0.0001 Colloc0 450 2373 0.0130929 154.265
1720	1	1804.45	16823	16812.2	10.7364	454	111	155	0	0.0001 Colloc0 454 2365 0.0756309 128.413
1730	1	1814.65	16846.5	16835.3	11.1671	453	115	151	0	0.0001 Colloc0 453 2403 0.0795073 153.694
1740	1	1825.03	16898.7	16887.5	11.2342	456	93	173	1	0.0001 Colloc0 456 2373 0.0561667 157.795
1750	1	1835.56	16850.7	16839.3	11.4019	454	93	173	2	0.0001 Colloc0 454 2331 0.0564888 168.23
1760	1	1846.04	16992.9	16982	10.8184	434	92	174	3	0.0001 Colloc0 434 2404 0.0884239 133.082
1770	1	1856.35	17056.7	17045.7	10.9865	459	86	180	1	0.0001 Colloc0 459 2369 0.0990035 142.868
1780	1	1867.03	16953.2	16942	11.1415	444	91	175	1	0.0001 Colloc0 444 2371 0.0214591 152.14
1790	1	1877.9	16953.8	16943.3	10.5472	447	88	178	1	0.0001 Colloc0 447 2366 0.105457 117.931
1800	1	1888.84	16919.6	16908.4	11.2787	453	94	172	1	0.0001 Colloc0 453 2357 0.0005976 160.542
1810	1	1899.44	16861.8	16851.1	10.6603	453	88	178	1	0.0001 Colloc0 453 2349 0.0804515 124.151
1820	1	1909.94	16941.3	16930.5	10.8013	435	97	169	3	0.0001 Colloc0 435 2369 0.113066 132.103
1830	1	1920.61	16836.5	16825.8	10.7334	427	103	163	2	0.0001 Colloc0 427 2362 0.0742796 128.243
1840	1	1931.03	16826.7	16816.1	10.5647	473	103	163	1	0.0001 Colloc0 473 2308 0.168974 118.883
1850	1	1941.86	16923.6	16912.8	10.8513	441	88	178	3	0.0001 Colloc0 441 2358 0.0788928 134.971
1860	1	1952.58	16948.6	16937.9	10.6584	452	99	167	2	0.0001 Colloc0 452 2390 0.104935 124.046
1870	1	1962.92	16839.1	16827.8	11.3077	430	97	169	3	0.0001 Colloc0 430 2347 0.0279482 162.339
1880	1	1972.78	16987.1	16976.2	10.8273	454	91	175	1	0.0001 Colloc0 454 2391 0.0952152 133.594
1890	1	1983.26	17005.3	16994.7	10.6709	449	87	179	3	0.0001 Colloc0 449 2351 0.115111 124.738
1900	1	1993.81	16953.5	16942.5	10.9564	451	83	183	6	0.0001 Colloc0 451 2356 0.0673232 141.094
1910	1	2004.15	16815.3	16804.1	11.1559	452	96	170	1	0.0001 Colloc0 452 2354 0.0320638 153.015
1920	1	2014.51	16954.8	16943.6	11.1577	455	86	180	3	0.0001 Colloc0 455 2325 0.0779949 153.123
1930	1	2025.27	16941.9	16930.8	11.0679	470	88	178	1	0.0001 Colloc0 470 2348 0.0372981 147.711
1940	1	2035.23	16858.1	16847.4	10.6699	446	100	166	3	0.0001 Colloc0 446 2334 0.101896 124.683
1950	1	2045.26	16808.6	16797.7	10.9578	446	93	173	2	0.0001 Colloc0 446 2340 0.0561655 141.176
1960	1	2056.09	16803.5	16792.7	10.8427	465	96	170	2	0.0001 Colloc0 465 2325 0.145966 134.478
1970	1	2066.56	16890.5	16879.7	10.8236	448	89	177	1	0.0001 Colloc0 448 2334 0.0941639 133.382
1980	1	2077.09	16903.2	16892.4	10.722	467	94	172	1	0.0001 Colloc0 467 2341 0.0809385 127.602
1990	1	2087.56	16700.2	16689.7	10.5677	444	109	157	0	0.0001 Colloc0 444 2302 0.117063 119.044
2000	1	2098.25	16866.4	16856.1	10.3	476	95	171	3	0.0001 Colloc0 476 2320 0.192947 104.847
