# D = 0, E = 1, I = 1, P = 1, R = -1, n = 2000, N = 1, P = 1, w = 1, a = 0.0001, b = 10000, e = 1, f = 1, g = 100, h = 0.01, r = 18991, s = 1, S = 0, x = 10, m = 100, Z = 1, z = 0, T = 1, t = 1
# 5872 tokens in 266 sentences
#
# It	Temp	Time	-logP	-logPcorpus	-logPrior	tables	same	changed	reject	default_pya	(parent pym pyn pya pyb)*
0	1	0.837872	23182.8	23069.1	113.764	1793	0	266	0	0.0001 Colloc0 1793 2598 0.0001 10000
10	1	12.2121	18208.3	18197	11.2861	557	48	218	5	0.0001 Colloc0 557 2456 0.146177 161
20	1	22.7725	17777.5	17766.3	11.2495	486	63	203	4	0.0001 Colloc0 486 2495 0.0236017 158.739
30	1	33.3859	17479.6	17468.2	11.3755	472	69	197	3	0.0001 Colloc0 472 2444 0.038727 166.57
40	1	44.1833	17385.5	17374	11.4428	457	80	186	1	0.0001 Colloc0 457 2437 0.035732 170.808
50	1	54.8827	17314.4	17303.2	11.2399	464	83	183	2	0.0001 Colloc0 464 2420 0.0252936 158.147
60	1	65.3011	17250.3	17238.8	11.4995	458	88	178	5	0.0001 Colloc0 458 2413 0.0113184 174.413
70	1	75.7315	17200.6	17189.5	11.1397	468	84	182	3	0.0001 Colloc0 468 2386 0.0566223 152.034
80	1	86.5248	17253.3	17242.1	11.1931	479	87	179	4	0.0001 Colloc0 479 2388 0.100282 155.278
90	1	97.1672	17168.1	17156.9	11.1756	462	97	169	3	0.0001 Colloc0 462 2423 0.0315277 154.212
100	1	107.902	17338.6	17327.6	11.0044	475	75	191	2	0.0001 Colloc0 475 2392 0.0791916 143.925
110	1	118.399	17279.5	17267.9	11.6054	472	84	182	2	0.0001 Colloc0 472 2420 0.0315644 181.214
120	1	128.918	17159.8	17148.4	11.3938	486	89	177	4	0.0001 Colloc0 486 2385 0.0218958 167.722
130	1	139.557	17225.7	17214.5	11.1773	471	90	176	3	0.0001 Colloc0 471 2410 0.0623039 154.317
140	1	150.206	17159	17147.9	11.0654	462	86	180	3	0.0001 Colloc0 462 2396 0.0604251 147.558
150	1	160.929	17185.6	17174.6	10.9912	465	92	174	2	0.0001 Colloc0 465 2403 0.052589 143.147
160	1	171.627	17302.5	17291	11.488	476	91	175	0	0.0001 Colloc0 476 2410 0.0146953 173.683
170	1	182.392	17365.4	17354.1	11.3603	481	78	188	4	0.0001 Colloc0 481 2453 0.0280591 165.618
180	1	193.094	17345.6	17334.2	11.3583	488	78	188	2	0.0001 Colloc0 488 2418 0.0416802 165.492
190	1	203.58	17315.3	17304.6	10.7648	470	78	188	2	0.0001 Colloc0 470 2409 0.0922364 130.021
200	1	214.272	17243.6	17232.4	11.2291	453	85	181	1	0.0001 Colloc0 453 2417 0.0125688 157.487
210	1	224.963	17341.7	17330.7	11.0177	490	89	177	4	0.0001 Colloc0 490 2411 0.11644 144.717
220	1	235.631	17185.8	17174.9	10.9269	443	91	175	1	0.0001 Colloc0 443 2428 0.0464342 139.365
230	1	246.299	17199.1	17188	11.1078	460	87	179	0	0.0001 Colloc0 460 2422 0.0763382 150.105
240	1	256.917	17215.8	17204.2	11.6018	468	86	180	1	0.0001 Colloc0 468 2418 0.0330693 180.985
250	1	267.632	17223.3	17212	11.304	473	86	180	0	0.0001 Colloc0 473 2403 0.00465753 162.107
260	1	278.108	17231.9	17220.5	11.3719	462	92	174	1	0.0001 Colloc0 462 2395 0.0113378 166.345
270	1	288.47	17115.8	17104.9	10.8977	470	86	180	2	0.0001 Colloc0 470 2370 0.124343 137.664
280	1	299.137	17195.4	17184.2	11.1538	460	89	177	2	0.0001 Colloc0 460 2397 0.0565177 152.887
290	1	309.382	17176.3	17165	11.2621	462	87	179	1	0.0001 Colloc0 462 2409 0.0347388 159.515
300	1	319.397	17223.5	17212.1	11.3561	463	89	177	2	0.0001 Colloc0 463 2414 0.020667 165.357
310	1	329.805	17028.4	17017.4	10.921	430	100	166	1	0.0001 Colloc0 430 2425 0.041088 139.02
320	1	340.506	17154.1	17143	11.1428	468	88	178	0	0.0001 Colloc0 468 2409 0.0494951 152.218
330	1	350.953	17066.5	17055.4	11.1289	448	103	163	0	0.0001 Colloc0 448 2398 0.0523296 151.378
340	1	361.087	17132.3	17121	11.2815	457	87	179	2	0.0001 Colloc0 457 2433 0.00050336 160.716
350	1	371.91	16999.7	16988.8	10.9148	460	96	170	2	0.0001 Colloc0 460 2370 0.0727195 138.657
360	1	382.535	17058.8	17047.5	11.2376	444	102	164	1	0.0001 Colloc0 444 2403 0.015077 158.007
370	1	392.955	17174.7	17163.5	11.2195	464	94	172	2	0.0001 Colloc0 464 2376 0.0610729 156.893
380	1	403.522	17011	16999.8	11.206	459	98	168	0	0.0001 Colloc0 459 2397 0.00369568 156.066
390	1	414.18	17118.7	17107.2	11.4654	458	89	177	1	0.0001 Colloc0 458 2365 0.0224199 172.245
400	1	424.635	17064.6	17053.2	11.4148	470	96	170	2	0.0001 Colloc0 470 2337 0.0090894 169.044
410	1	435.132	17064.4	17053.4	11.0339	478	97	169	1	0.0001 Colloc0 478 2387 0.10741 145.677
420	1	445.712	17075.3	17064.1	11.139	470	86	180	2	0.0001 Colloc0 470 2370 0.0556821 151.991
430	1	456.405	16974.8	16963.6	11.1961	453	93	173	0	0.0001 Colloc0 453 2377 0.0635727 155.46
440	1	466.915	17044.2	17032.6	11.6497	461	92	174	2	0.0001 Colloc0 461 2373 0.0145024 184.092
450	1	477.436	16942	16931	11.0549	446	92	174	0	0.0001 Colloc0 446 2334 0.0166268 146.928
460	1	488.183	17074	17063.1	10.8451	477	96	170	0	0.0001 Colloc0 477 2361 0.103702 134.619
470	1	498.811	16984.9	16974.4	10.5359	486	86	180	4	0.0001 Colloc0 486 2341 0.163705 117.317
480	1	509.447	17017.5	17006.8	10.7205	461	94	172	1	0.0001 Colloc0 461 2367 0.0861829 127.519
490	1	520.028	16885.6	16874.7	10.9678	423	105	161	2	0.0001 Colloc0 423 2351 0.0353144 141.764
500	1	530.644	17022.7	17011.6	11.1787	469	97	169	3	0.0001 Colloc0 469 2349 0.0766303 154.404
510	1	541.111	16957.7	16946.7	10.9707	472	94	172	4	0.0001 Colloc0 472 2338 0.106715 141.933
520	1	551.022	16942.2	16930.9	11.2827	460	96	170	2	0.0001 Colloc0 460 2314 0.0181391 160.791
530	1	561.393	16918.7	16908	10.6855	471	108	158	3	0.0001 Colloc0 471 2295 0.171642 125.555
540	1	572.03	16893.2	16881.5	11.6451	458	96	170	0	0.0001 Colloc0 458 2327 0.0154205 183.794
550	1	582.669	16893.2	16882.1	11.1393	443	106	160	1	0.0001 Colloc0 443 2315 0.0170158 152.007
560	1	593.305	16991.1	16980.5	10.6592	453	92	174	3	0.0001 Colloc0 453 2324 0.0757777 124.089
570	1	603.963	16885.4	16874.2	11.1193	476	98	168	4	0.0001 Colloc0 476 2296 0.103857 150.799
580	1	614.459	16847.5	16835.8	11.7082	456	102	164	2	0.0001 Colloc0 456 2326 0.0078734 187.905
590	1	625.124	16798	16786.9	11.0632	456	106	160	1	0.0001 Colloc0 456 2296 0.0517271 147.428
600	1	635.717	16765.1	16755.1	10.0093	452	111	155	1	0.0001 Colloc0 452 2303 0.200746 90.4294
610	1	645.891	16892.2	16881.3	10.938	461	99	167	2	0.0001 Colloc0 461 2338 0.0736211 140.015
620	1	656.278	16828	16816.9	11.1881	456	96	170	0	0.0001 Colloc0 456 2313 0.0384519 154.973
630	1	666.86	16881.7	16870.2	11.4531	453	106	160	0	0.0001 Colloc0 453 2334 0.00252785 171.461
640	1	677.565	16842.4	16831.2	11.2461	466	109	157	0	0.0001 Colloc0 466 2344 0.0256468 158.53
650	1	687.583	16951	16939.7	11.3089	454	103	163	5	0.0001 Colloc0 454 2324 0.0431273 162.412
660	1	698.149	16941.2	16929.9	11.3248	466	100	166	2	0.0001 Colloc0 466 2327 0.0290839 163.4
670	1	708.591	16988.8	16978.1	10.6801	489	90	176	1	0.0001 Colloc0 489 2326 0.146536 125.255
680	1	718.968	16881.4	16870.2	11.1294	448	104	162	3	0.0001 Colloc0 448 2328 0.0304844 151.407
690	1	729.577	16940.5	16929.5	11.0429	461	99	167	2	0.0001 Colloc0 461 2315 0.0575798 146.216
700	1	740.349	16953	16941.5	11.5168	456	101	165	2	0.0001 Colloc0 456 2341 0.0212291 175.522
710	1	750.677	16996.6	16985.2	11.3353	491	97	169	3	0.0001 Colloc0 491 2318 0.110789 164.059
720	1	761.385	16997.5	16986.5	10.932	467	95	171	1	0.0001 Colloc0 467 2328 0.057202 139.661
730	1	772.005	16739.9	16728.8	11.0568	434	105	161	1	0.0001 Colloc0 434 2299 0.00767179 147.042
740	1	782.644	16717.9	16706.7	11.2	444	122	144	3	0.0001 Colloc0 444 2322 0.025921 155.7
750	1	793.279	16801.4	16790.4	11.05	444	108	158	4	0.0001 Colloc0 444 2336 0.00492913 146.639
760	1	803.793	16880	16868.8	11.1804	481	101	165	2	0.0001 Colloc0 481 2334 0.0248385 154.506
770	1	814.248	16845.2	16834	11.2136	451	109	157	0	0.0001 Colloc0 451 2343 0.0216359 156.531
780	1	824.517	16831.8	16820.6	11.1555	445	104	162	1	0.0001 Colloc0 445 2351 0.0111059 152.989
790	1	835.116	16872.6	16861.8	10.822	460	100	166	0	0.0001 Colloc0 460 2337 0.0779617 133.29
800	1	845.505	16834.5	16823.3	11.2082	453	96	170	4	0.0001 Colloc0 453 2315 0.0134173 156.203
810	1	855.719	16838.2	16827.1	11.1124	455	111	155	1	0.0001 Colloc0 455 2328 0.0731978 150.383
820	1	866.299	16837.8	16826.8	11.0452	452	106	160	1	0.0001 Colloc0 452 2320 0.0495816 146.353
830	1	876.587	16921.3	16910.1	11.1726	478	97	169	5	0.0001 Colloc0 478 2337 0.0313098 154.027
840	1	886.737	16937	16926.3	10.6497	475	99	167	2	0.0001 Colloc0 475 2311 0.15511 123.559
850	1	897.263	17019.4	17008.1	11.28	477	90	176	3	0.0001 Colloc0 477 2337 0.0288305 160.619
860	1	907.943	17036.3	17024.9	11.4728	472	85	181	1	0.0001 Colloc0 472 2344 0.0295836 172.717
870	1	918.594	16965	16953.9	11.0228	460	88	178	3	0.0001 Colloc0 460 2357 0.0495144 145.02
880	1	929.336	16854	16842.6	11.4092	454	98	168	1	0.0001 Colloc0 454 2320 0.0363434 168.691
890	1	939.798	16923.6	16912.3	11.292	456	105	161	0	0.0001 Colloc0 456 2353 0.00142737 161.365
900	1	950.077	16907.5	16896.3	11.2045	472	94	172	0	0.0001 Colloc0 472 2340 0.0381683 155.975
910	1	960.443	16893.6	16882.7	10.9089	469	96	170	3	0.0001 Colloc0 469 2333 0.0957743 138.315
920	1	970.873	16836.2	16824.9	11.2754	456	109	157	1	0.0001 Colloc0 456 2311 0.0383941 160.338
930	1	981.53	16828.6	16817.9	10.7738	451	102	164	3	0.0001 Colloc0 451 2328 0.0565091 130.536
940	1	992.149	16753.8	16742.6	11.2312	436	103	163	1	0.0001 Colloc0 436 2336 0.0410785 157.61
950	1	1002.83	16785.7	16774.1	11.57	453	106	160	1	0.0001 Colloc0 453 2313 0.0354355 178.932
960	1	1013.12	16799.7	16788.6	11.1646	454	104	162	1	0.0001 Colloc0 454 2319 0.0353264 153.542
970	1	1023.77	16903.4	16892.2	11.1656	453	96	170	0	0.0001 Colloc0 453 2329 0.0333903 153.606
980	1	1034.48	16861.9	16850.6	11.2631	457	85	181	0	0.0001 Colloc0 457 2317 0.0158111 159.575
990	1	1045.16	16937	16925.8	11.2488	465	97	169	2	0.0001 Colloc0 465 2341 0.0425385 158.698
1000	1	1055.55	16742.6	16731.2	11.3553	449	89	177	4	0.0001 Colloc0 449 2294 0.0177085 165.303
1010	1	1065.68	16796.1	16784.8	11.2704	463	98	168	1	0.0001 Colloc0 463 2317 0.0340879 160.03
1020	1	1075.74	16790.6	16779.4	11.236	454	109	157	1	0.0001 Colloc0 454 2314 0.026432 157.91
1030	1	1086.37	16772.5	16761.8	10.7262	450	103	163	2	0.0001 Colloc0 450 2304 0.107656 127.839
1040	1	1097.08	16764.4	16753.2	11.1771	457	107	159	0	0.0001 Colloc0 457 2316 0.0160465 154.306
1050	1	1107.49	16775.6	16764.6	10.9892	456	97	169	1	0.0001 Colloc0 456 2286 0.0952713 143.029
1060	1	1117.74	16821.8	16810.4	11.3944	480	100	166	2	0.0001 Colloc0 480 2303 0.00416466 167.758
1070	1	1128.33	16821.7	16810.5	11.2383	480	104	162	1	0.0001 Colloc0 480 2319 0.0682542 158.052
1080	1	1139.14	16895.7	16884.2	11.4756	484	93	173	1	0.0001 Colloc0 484 2314 0.00832418 172.895
1090	1	1149.85	16785.2	16774	11.156	477	98	168	1	0.0001 Colloc0 477 2272 0.0488488 153.021
1100	1	1160.43	16842.7	16831.3	11.4002	475	95	171	0	0.0001 Colloc0 475 2291 0.0420801 168.123
1110	1	1171.04	16716.9	16705.3	11.6064	461	113	153	3	0.0001 Colloc0 461 2268 0.0142013 181.279
1120	1	1181.61	16714	16702.5	11.5386	466	105	161	2	0.0001 Colloc0 466 2280 0.0274664 176.915
1130	1	1192.07	16817.5	16806.4	11.166	461	100	166	3	0.0001 Colloc0 461 2310 0.0270804 153.628
1140	1	1202.61	16806.9	16795.3	11.5952	472	106	160	0	0.0001 Colloc0 472 2304 0.0345759 180.555
1150	1	1212.97	16731.9	16721	10.8704	446	108	158	1	0.0001 Colloc0 446 2297 0.00882603 136.075
1160	1	1223.44	16750.3	16739.3	11.0131	464	101	165	1	0.0001 Colloc0 464 2259 0.0621586 144.44
1170	1	1234.2	16840	16829	10.9969	466	98	168	1	0.0001 Colloc0 466 2288 0.084966 143.482
1180	1	1244.33	16783	16771.8	11.1925	469	107	159	0	0.0001 Colloc0 469 2288 0.0779389 155.243
1190	1	1254.9	16724.1	16713	11.1499	449	100	166	6	0.0001 Colloc0 449 2285 0.0652421 152.647
1200	1	1265.27	16776.3	16765.4	10.9298	468	101	165	1	0.0001 Colloc0 468 2309 0.124542 139.532
1210	1	1275.75	16802.2	16790.8	11.3606	463	99	167	3	0.0001 Colloc0 463 2293 0.0804851 165.634
1220	1	1286.37	16748.2	16736.3	11.8301	479	97	169	2	0.0001 Colloc0 479 2301 0.0130529 195.947
1230	1	1297.01	16679.8	16669	10.8132	463	107	159	2	0.0001 Colloc0 463 2292 0.0877027 132.782
1240	1	1307.74	16736.7	16725.6	11.1139	461	98	168	1	0.0001 Colloc0 461 2291 0.0109158 150.475
1250	1	1318.35	16701.6	16690.4	11.1663	454	110	156	2	0.0001 Colloc0 454 2281 0.0369148 153.647
1260	1	1329.01	16712.9	16702.3	10.5862	460	114	152	1	0.0001 Colloc0 460 2307 0.136866 120.057
1270	1	1339.7	16704.5	16693.2	11.3554	471	108	158	0	0.0001 Colloc0 471 2286 0.0743365 165.31
1280	1	1349.95	16811.9	16801	10.9332	468	91	175	1	0.0001 Colloc0 468 2302 0.117628 139.734
1290	1	1360.13	16688.9	16677.6	11.3362	443	105	161	1	0.0001 Colloc0 443 2307 0.011098 164.115
1300	1	1370.77	16809.5	16798.3	11.2672	464	95	171	2	0.0001 Colloc0 464 2302 0.0302808 159.828
1310	1	1381.5	16752.6	16741.4	11.2062	469	109	157	1	0.0001 Colloc0 469 2301 0.1349 156.083
1320	1	1392.22	16795.4	16783.9	11.5331	465	88	178	1	0.0001 Colloc0 465 2308 0.00716878 176.561
1330	1	1402.7	16686.9	16676.1	10.869	459	112	154	2	0.0001 Colloc0 459 2281 0.12527 135.998
1340	1	1412.75	16701	16689.6	11.3636	469	109	157	1	0.0001 Colloc0 469 2283 0.0791743 165.824
1350	1	1423.31	16689.9	16679.1	10.7989	468	108	158	0	0.0001 Colloc0 468 2265 0.107732 131.963
1360	1	1433.88	16654.9	16643.7	11.1251	447	113	153	1	0.0001 Colloc0 447 2264 0.0530239 151.151
1370	1	1444.26	16747.9	16736.7	11.2379	457	109	157	1	0.0001 Colloc0 457 2318 0.0390482 158.025
1380	1	1454.85	16837.7	16826.6	11.1339	479	96	170	2	0.0001 Colloc0 479 2303 0.0619927 151.683
1390	1	1465.17	16745.5	16734.7	10.7436	455	99	167	1	0.0001 Colloc0 455 2264 0.0904835 128.824
1400	1	1475.91	16728.5	16717	11.5388	472	106	160	0	0.0001 Colloc0 472 2268 0.0360429 176.926
1410	1	1486.64	16816.6	16805.6	10.9367	472	95	171	1	0.0001 Colloc0 472 2281 0.0988219 139.941
1420	1	1496.88	16662.8	16651.9	10.9404	455	102	164	0	0.0001 Colloc0 455 2241 0.0943009 140.157
1430	1	1507.06	16684.2	16673.1	11.1026	449	104	162	1	0.0001 Colloc0 449 2275 0.0185324 149.793
1440	1	1517.54	16746.1	16734.9	11.2377	454	110	156	0	0.0001 Colloc0 454 2304 0.0256968 158.012
1450	1	1528.04	16744.6	16733.8	10.784	448	110	156	3	0.0001 Colloc0 448 2281 0.103494 131.114
1460	1	1538.83	16704.5	16693.3	11.1861	466	106	160	4	0.0001 Colloc0 466 2286 0.0546525 154.854
1470	1	1549.51	16667.5	16656.5	11.021	458	107	159	4	0.0001 Colloc0 458 2276 0.0415894 144.912
1480	1	1560.18	16711.7	16700.4	11.2693	451	109	157	2	0.0001 Colloc0 451 2269 0.0174098 159.96
1490	1	1570.47	16660.9	16649.7	11.2528	453	104	162	0	0.0001 Colloc0 453 2284 0.0773892 158.944
1500	1	1580.51	16740.3	16729.1	11.1657	477	110	156	0	0.0001 Colloc0 477 2258 0.0649718 153.612
1510	1	1590.84	16693.4	16682	11.3264	474	101	165	2	0.0001 Colloc0 474 2270 0.0403071 163.499
1520	1	1601.39	16708.8	16697.9	10.9422	473	103	163	2	0.0001 Colloc0 473 2254 0.0918336 140.261
1530	1	1612.23	16773.1	16761.8	11.263	457	95	171	1	0.0001 Colloc0 457 2281 0.0165584 159.57
1540	1	1623.05	16671.3	16660.1	11.1941	464	110	156	1	0.0001 Colloc0 464 2274 0.0267845 155.338
1550	1	1633.77	16678.2	16667	11.1571	466	97	169	2	0.0001 Colloc0 466 2283 0.0529425 153.089
1560	1	1644.13	16742.1	16731.5	10.5421	456	111	155	3	0.0001 Colloc0 456 2303 0.126208 117.654
1570	1	1654.2	16664.7	16653.2	11.4774	464	114	152	1	0.0001 Colloc0 464 2271 0.00231313 173.005
1580	1	1664.79	16647.6	16636.6	10.9783	447	117	149	1	0.0001 Colloc0 447 2272 0.045021 142.383
1590	1	1675.36	16716	16705.1	10.9333	472	107	159	3	0.0001 Colloc0 472 2271 0.105931 139.741
1600	1	1685.83	16685.5	16674.1	11.3811	476	108	158	1	0.0001 Colloc0 476 2280 0.0302865 166.921
1610	1	1696.5	16686.8	16675.6	11.2445	462	100	166	2	0.0001 Colloc0 462 2252 0.0789696 158.432
1620	1	1707.15	16843.7	16832.5	11.2262	463	93	173	1	0.0001 Colloc0 463 2289 0.0436158 157.307
1630	1	1717.78	16800.2	16788.6	11.608	455	100	166	1	0.0001 Colloc0 455 2263 0.0176242 181.383
1640	1	1728.1	16857.4	16846.9	10.4732	459	97	169	3	0.0001 Colloc0 459 2280 0.0664177 113.939
1650	1	1738.47	16808.9	16797.4	11.454	459	96	170	2	0.0001 Colloc0 459 2299 0.021782 171.521
1660	1	1749.13	16648.7	16637.6	11.0611	459	104	162	2	0.0001 Colloc0 459 2266 0.060761 147.3
1670	1	1759.35	16671.4	16660.1	11.3597	465	110	156	0	0.0001 Colloc0 465 2271 0.0297239 165.579
1680	1	1770.05	16721.2	16709.8	11.3267	466	103	163	0	0.0001 Colloc0 466 2265 0.0111974 163.519
1690	1	1780.45	16721.6	16710.4	11.1839	459	108	158	0	0.0001 Colloc0 459 2282 0.0353206 154.717
1700	1	1791.13	16709.2	16697.7	11.5168	456	114	152	0	0.0001 Colloc0 456 2288 0.046326 175.521
1710	1	1801.11	16626.4	16615.1	11.3118	452	113	153	0	0.0001 Colloc0 452 2268 0.0634249 162.595
1720	1	1811.65	16698.6	16687.1	11.4489	466	112	154	2	0.0001 Colloc0 466 2257 0.0145071 171.198
1730	1	1821.89	16690.7	16680.3	10.4173	449	110	156	0	0.0001 Colloc0 449 2273 0.146364 110.965
1740	1	1832.07	16732.4	16721.2	11.1566	475	101	165	3	0.0001 Colloc0 475 2247 0.0772398 153.056
1750	1	1842.8	16630.1	16619.1	11.019	456	115	151	2	0.0001 Colloc0 456 2263 0.0717117 144.793
1760	1	1853.22	16690.1	16678.6	11.4366	447	107	159	3	0.0001 Colloc0 447 2279 0.000925551 170.419
1770	1	1863.84	16724.2	16713.2	10.9979	476	105	161	1	0.0001 Colloc0 476 2259 0.0950863 143.541
1780	1	1874.14	16794.8	16783.6	11.1261	474	94	172	2	0.0001 Colloc0 474 2286 0.0694524 151.209
1790	1	1884.59	16829.6	16818.1	11.507	479	87	179	3	0.0001 Colloc0 479 2290 0.00841548 174.892
1800	1	1895.29	16712.6	16701.5	11.1012	460	93	173	0	0.0001 Colloc0 460 2277 0.0844812 149.708
1810	1	1905.9	16727.5	16717.2	10.362	474	109	157	2	0.0001 Colloc0 474 2272 0.154094 108.062
1820	1	1916.19	16770.9	16759.5	11.3482	469	100	166	0	0.0001 Colloc0 469 2296 0.0226727 164.86
1830	1	1926.94	16806.5	16795.6	10.9315	467	99	167	2	0.0001 Colloc0 467 2307 0.100534 139.631
1840	1	1936.98	16860.1	16848.8	11.2863	461	104	162	0	0.0001 Colloc0 461 2318 0.00434561 161.01
1850	1	1947.53	16780.6	16769.6	10.9517	471	99	167	2	0.0001 Colloc0 471 2293 0.119673 140.818
1860	1	1958.3	16702.8	16691.5	11.329	459	105	161	6	0.0001 Colloc0 459 2262 0.0567759 163.661
1870	1	1968.91	16664.5	16653.1	11.4293	451	110	156	1	0.0001 Colloc0 451 2264 0.00136662 169.955
1880	1	1979.54	16754.4	16743	11.3651	486	104	162	5	0.0001 Colloc0 486 2278 0.0452213 165.919
1890	1	1990	16691.1	16679.6	11.5039	465	100	166	1	0.0001 Colloc0 465 2263 0.0100204 174.693
1900	1	2000.46	16731.4	16720.3	11.0586	463	112	154	0	0.0001 Colloc0 463 2279 0.071581 147.154
1910	1	2010.54	16737.2	16725.8	11.479	462	96	170	0	0.0001 Colloc0 462 2292 0.0156692 173.112
1920	1	2020.58	16746.8	16735.4	11.4181	459	109	157	0	0.0001 Colloc0 459 2275 0.0263321 169.247
1930	1	2030.82	16761.5	16750.3	11.1084	464	106	160	2	0.0001 Colloc0 464 2282 0.0530005 150.143
1940	1	2041.18	16763.4	16752.4	11.0499	469	91	175	3	0.0001 Colloc0 469 2294 0.104312 146.634
1950	1	2051.8	16801.8	16790.4	11.4365	458	99	167	1	0.0001 Colloc0 458 2302 0.0117303 170.414
1960	1	2062.26	16723.2	16712.7	10.4669	463	99	167	2	0.0001 Colloc0 463 2293 0.152778 113.599
1970	1	2072.65	16812.3	16801.1	11.262	474	100	166	0	0.0001 Colloc0 474 2290 0.0881438 159.508
1980	1	2082.9	16704.1	16693.5	10.6051	457	109	157	2	0.0001 Colloc0 457 2299 0.124916 121.096
1990	1	2093.33	16719	16707.7	11.308	458	108	158	1	0.0001 Colloc0 458 2286 0.031097 162.36
2000	1	2103.76	16862.1	16850.7	11.3722	470	93	173	4	0.0001 Colloc0 470 2310 0.00793559 166.366
