# D = 0, E = 1, I = 1, P = 1, R = -1, n = 2000, N = 1, P = 1, w = 1, a = 0.0001, b = 10000, e = 1, f = 1, g = 100, h = 0.01, r = 6370, s = 1, S = 0, x = 10, m = 100, Z = 1, z = 0, T = 1, t = 1
# 5872 tokens in 266 sentences
#
# It	Temp	Time	-logP	-logPcorpus	-logPrior	tables	same	changed	reject	default_pya	(parent pym pyn pya pyb)*
0	1	0.828873	23597.9	23484.1	113.764	1898	0	266	0	0.0001 Colloc0 1898 2755 0.0001 10000
10	1	12.0392	18108.8	18097.3	11.5154	526	47	219	0	0.0001 Colloc0 526 2472 0.0578185 175.428
20	1	22.8295	17830.6	17819.1	11.46	493	49	217	2	0.0001 Colloc0 493 2499 0.0705729 171.903
30	1	33.5479	17467.7	17456.6	11.117	457	72	194	1	0.0001 Colloc0 457 2477 0.00966337 150.659
40	1	44.2473	17353.1	17341.9	11.2913	450	73	193	3	0.0001 Colloc0 450 2477 0.0057227 161.324
50	1	54.3477	17387.9	17376.9	10.9732	470	81	185	1	0.0001 Colloc0 470 2455 0.06891 142.08
60	1	65.0431	17321.4	17310.4	10.9545	482	83	183	3	0.0001 Colloc0 482 2436 0.142236 140.983
70	1	75.3335	17255.9	17244.9	11.0302	470	82	184	2	0.0001 Colloc0 470 2422 0.0204657 145.456
80	1	85.521	17218.2	17207	11.1244	458	91	175	1	0.0001 Colloc0 458 2427 0.0205093 151.108
90	1	96.2614	17079.5	17068.1	11.4365	447	104	162	0	0.0001 Colloc0 447 2397 0.00691457 170.414
100	1	107.066	17094.7	17084.3	10.3623	460	100	166	2	0.0001 Colloc0 460 2409 0.116468 108.076
110	1	117.572	17051.1	17039.9	11.259	458	99	167	2	0.0001 Colloc0 458 2401 0.0107177 159.323
120	1	128.128	17112	17100.9	11.0975	467	97	169	0	0.0001 Colloc0 467 2412 0.0837647 149.483
130	1	138.707	17177.4	17165.8	11.6322	458	88	178	1	0.0001 Colloc0 458 2387 0.0358003 182.951
140	1	149.396	17136.2	17124.7	11.5641	462	85	181	2	0.0001 Colloc0 462 2411 0.0290125 178.553
150	1	160.142	16942	16930.8	11.2653	441	108	158	5	0.0001 Colloc0 441 2369 0.0256102 159.71
160	1	170.466	17038	17026.6	11.4153	465	101	165	0	0.0001 Colloc0 465 2385 0.0417271 169.075
170	1	181.169	16975.1	16964.7	10.3548	448	94	172	2	0.0001 Colloc0 448 2370 0.108641 107.683
180	1	191.78	16992.1	16980.9	11.1581	448	98	168	2	0.0001 Colloc0 448 2402 0.01182 153.145
190	1	202.514	16935.7	16924.8	10.8829	449	100	166	2	0.0001 Colloc0 449 2393 0.0550743 136.803
200	1	213.175	16904.6	16893.8	10.7631	448	103	163	2	0.0001 Colloc0 448 2366 0.117314 129.927
210	1	223.751	16949	16937.7	11.2399	449	101	165	2	0.0001 Colloc0 449 2366 0.0129838 158.145
220	1	234.451	16817	16805.5	11.5472	470	107	159	2	0.0001 Colloc0 470 2339 0.0272013 177.469
230	1	245.055	16887.9	16877	10.9581	455	118	148	2	0.0001 Colloc0 455 2360 0.0531881 141.196
240	1	255.797	16823.3	16811.9	11.3229	455	102	164	1	0.0001 Colloc0 455 2344 0.0106696 163.286
250	1	266.631	16941.4	16930.6	10.7551	456	97	169	1	0.0001 Colloc0 456 2354 0.124101 129.473
260	1	277.468	16836.5	16825.5	10.9381	440	110	156	3	0.0001 Colloc0 440 2345 0.0794631 140.021
270	1	288.073	16936.1	16924.5	11.5966	446	97	169	2	0.0001 Colloc0 446 2378 0.00850775 180.649
280	1	297.924	16976	16964.9	11.0796	468	92	174	2	0.0001 Colloc0 468 2374 0.0746998 148.407
290	1	308.76	16911.2	16899.9	11.2631	461	90	176	1	0.0001 Colloc0 461 2354 0.0104386 159.577
300	1	319.501	16953.5	16942.4	11.1423	458	100	166	3	0.0001 Colloc0 458 2355 0.0403936 152.188
310	1	329.492	16860.7	16849.6	11.0775	448	100	166	1	0.0001 Colloc0 448 2348 0.0305814 148.282
320	1	339.999	16916.8	16905.5	11.3236	462	93	173	1	0.0001 Colloc0 462 2344 0.0288837 163.329
330	1	350.785	16901.7	16890.3	11.3916	457	92	174	2	0.0001 Colloc0 457 2330 0.00257085 167.582
340	1	361.386	16966.4	16955.1	11.2537	455	96	170	2	0.0001 Colloc0 455 2355 0.0146029 158.996
350	1	372.163	16822.2	16810.7	11.5088	445	109	157	1	0.0001 Colloc0 445 2329 0.00977569 175.01
360	1	382.888	16839.8	16828.7	11.0818	447	98	168	1	0.0001 Colloc0 447 2336 0.0501864 148.543
370	1	393.619	16759	16748.1	10.8828	434	109	157	0	0.0001 Colloc0 434 2328 0.0342681 136.798
380	1	404.098	16864.4	16852.9	11.4965	437	108	158	0	0.0001 Colloc0 437 2360 0.00740207 174.223
390	1	414.029	16896.6	16885.7	10.9833	444	97	169	1	0.0001 Colloc0 444 2364 0.0433361 142.679
400	1	424.156	16922.7	16912.8	9.97368	460	99	167	2	0.0001 Colloc0 460 2348 0.198943 88.735
410	1	434.099	16849.3	16838.5	10.8101	447	115	151	0	0.0001 Colloc0 447 2369 0.0545372 132.607
420	1	444.523	16816.9	16805.4	11.4763	462	102	164	0	0.0001 Colloc0 462 2331 0.00801861 172.934
430	1	455.215	16931.3	16920.2	11.0985	449	101	165	2	0.0001 Colloc0 449 2361 0.0339238 149.543
440	1	465.387	16892	16880.9	11.1223	446	107	159	1	0.0001 Colloc0 446 2374 0.0414827 150.978
450	1	475.578	16987.9	16976.4	11.4157	461	103	163	1	0.0001 Colloc0 461 2370 0.0206632 169.099
460	1	486.336	16975.7	16964.8	10.8559	443	94	172	1	0.0001 Colloc0 443 2374 0.0724314 135.239
470	1	496.589	16907	16895.9	11.1573	423	106	160	5	0.0001 Colloc0 423 2401 0.0107262 153.097
480	1	506.434	16991.2	16979.7	11.4834	468	100	166	1	0.0001 Colloc0 468 2358 0.0142281 173.388
490	1	516.353	16850.5	16839.3	11.2029	457	107	159	1	0.0001 Colloc0 457 2348 0.0578477 155.881
500	1	526.703	16904.1	16892.9	11.2542	448	103	163	0	0.0001 Colloc0 448 2342 0.0172784 159.026
510	1	536.685	16953.5	16942	11.4885	473	95	171	1	0.0001 Colloc0 473 2352 0.0404375 173.711
520	1	546.749	16868.5	16857.1	11.3967	452	102	164	0	0.0001 Colloc0 452 2332 0.000481581 167.9
530	1	556.933	16925.4	16913.9	11.4826	451	99	167	4	0.0001 Colloc0 451 2357 0.0269844 173.335
540	1	567.344	16930.9	16920.1	10.8385	438	92	174	1	0.0001 Colloc0 438 2378 0.0223448 134.236
550	1	577.637	16888.8	16878	10.7883	434	103	163	2	0.0001 Colloc0 434 2369 0.058543 131.361
560	1	588.227	16947	16935.7	11.3253	454	100	166	3	0.0001 Colloc0 454 2353 0.0437765 163.43
570	1	598.52	16775.2	16764.2	11.0076	458	105	161	0	0.0001 Colloc0 458 2346 0.0577876 144.115
580	1	608.979	16784.9	16774.4	10.5014	453	111	155	2	0.0001 Colloc0 453 2313 0.142487 115.452
590	1	618.814	16770.3	16759.6	10.6871	446	100	166	1	0.0001 Colloc0 446 2321 0.0751985 125.646
600	1	628.751	16851.7	16840.9	10.8188	446	102	164	0	0.0001 Colloc0 446 2361 0.0801884 133.105
610	1	638.924	16783.7	16772.4	11.2823	438	110	156	2	0.0001 Colloc0 438 2332 0.00958953 160.766
620	1	649.535	16795.6	16784.7	10.9272	439	105	161	3	0.0001 Colloc0 439 2351 0.062025 139.381
630	1	660.259	16935.3	16923.8	11.4417	478	90	176	2	0.0001 Colloc0 478 2335 0.0496857 170.741
640	1	670.689	16830.2	16819.2	11.0672	439	94	172	4	0.0001 Colloc0 439 2333 0.0231226 147.669
650	1	680.86	16853.1	16841.9	11.193	448	106	160	1	0.0001 Colloc0 448 2338 0.0638443 155.275
660	1	691.55	16737.5	16726.3	11.1976	446	104	162	1	0.0001 Colloc0 446 2321 0.0309689 155.556
670	1	702.265	16916.8	16905.9	10.8564	465	91	175	2	0.0001 Colloc0 465 2351 0.101894 135.267
680	1	712.895	16866.4	16854.7	11.6751	446	98	168	1	0.0001 Colloc0 446 2330 0.00796897 185.742
690	1	723.563	16814.6	16804.2	10.4509	439	102	164	2	0.0001 Colloc0 439 2334 0.154461 112.745
700	1	734.367	16784.4	16773.3	11.1048	455	111	155	2	0.0001 Colloc0 455 2317 0.0324409 149.925
710	1	744.669	16802.7	16791.8	10.9155	453	104	162	2	0.0001 Colloc0 453 2303 0.113463 138.701
720	1	755.338	16829.1	16817.8	11.2954	466	106	160	1	0.0001 Colloc0 466 2336 0.0943184 161.572
730	1	766.003	16824.6	16813.7	10.9	461	97	169	1	0.0001 Colloc0 461 2333 0.11048 137.795
740	1	776.699	16823.3	16812.4	10.9015	468	109	157	2	0.0001 Colloc0 468 2308 0.130393 137.882
750	1	786.975	16806.3	16795	11.3739	445	97	169	1	0.0001 Colloc0 445 2337 0.0473474 166.468
760	1	797.538	16881.4	16870.1	11.234	459	96	170	2	0.0001 Colloc0 459 2345 0.0970188 157.785
770	1	808.263	16800.9	16789.5	11.4247	449	112	154	1	0.0001 Colloc0 449 2348 0.0106276 169.668
780	1	818.93	16769	16758	10.9658	444	98	168	0	0.0001 Colloc0 444 2326 0.029929 141.646
790	1	829.57	16830.4	16819.2	11.2699	445	103	163	3	0.0001 Colloc0 445 2350 0.0175887 159.999
800	1	839.823	16775	16763.9	11.1167	453	99	167	4	0.0001 Colloc0 453 2332 0.0190386 150.642
810	1	850.39	16781.5	16770.4	11.0466	443	111	155	5	0.0001 Colloc0 443 2320 0.0369209 146.438
820	1	860.986	16819.6	16808.5	11.13	452	100	166	4	0.0001 Colloc0 452 2328 0.0180709 151.445
830	1	871.191	16818.6	16807.7	10.91	461	99	167	2	0.0001 Colloc0 461 2349 0.0769026 138.378
840	1	881.673	16814.4	16803.3	11.0588	453	95	171	1	0.0001 Colloc0 453 2312 0.0597081 147.163
850	1	892.345	16896.7	16885.2	11.4138	439	92	174	2	0.0001 Colloc0 439 2354 0.00489284 168.98
860	1	903.039	16848.5	16837.1	11.3974	441	91	175	1	0.0001 Colloc0 441 2356 0.0233919 167.948
870	1	913.115	16950.3	16938.7	11.6035	468	95	171	1	0.0001 Colloc0 468 2326 0.0423198 181.097
880	1	923.139	16847.2	16836.6	10.6812	459	94	172	0	0.0001 Colloc0 459 2334 0.0861671 125.316
890	1	933.171	16842.8	16831.2	11.6027	442	94	172	2	0.0001 Colloc0 442 2349 0.0140062 181.044
900	1	943.063	16759.4	16748.2	11.1624	447	116	150	1	0.0001 Colloc0 447 2309 0.0241457 153.412
910	1	953.438	16826.3	16814.7	11.5982	440	101	165	1	0.0001 Colloc0 440 2347 0.0133516 180.755
920	1	964.108	16695.1	16683.9	11.2224	435	107	159	0	0.0001 Colloc0 435 2330 0.0704541 157.073
930	1	974.7	16749.5	16738.2	11.3523	444	110	156	1	0.0001 Colloc0 444 2328 0.00290089 165.115
940	1	985.287	16755.3	16744.3	10.9214	446	107	159	1	0.0001 Colloc0 446 2335 0.0520041 139.044
950	1	995.998	16859.6	16848.4	11.2053	456	107	159	0	0.0001 Colloc0 456 2350 0.0281953 156.025
960	1	1006.73	16748.9	16737.4	11.4458	434	104	162	2	0.0001 Colloc0 434 2352 0.00892539 171
970	1	1016.93	16716.6	16705.7	10.9102	444	111	155	1	0.0001 Colloc0 444 2323 0.0692221 138.392
980	1	1027.57	16888.6	16877.4	11.2476	447	100	166	1	0.0001 Colloc0 447 2348 0.00406012 158.622
990	1	1038.3	16753.4	16742.6	10.7325	427	110	156	3	0.0001 Colloc0 427 2352 0.0947474 128.195
1000	1	1049.19	16790.6	16779.7	10.9384	450	97	169	1	0.0001 Colloc0 450 2325 0.0593325 140.038
1010	1	1059.78	16827.1	16816.3	10.7723	454	96	170	3	0.0001 Colloc0 454 2318 0.106044 130.452
1020	1	1070.47	16657.8	16647.3	10.4809	440	114	152	5	0.0001 Colloc0 440 2303 0.0850856 114.349
1030	1	1081.2	16778	16766.6	11.3592	451	104	162	2	0.0001 Colloc0 451 2336 0.0293013 165.552
1040	1	1091.6	16781.2	16770.4	10.753	451	103	163	1	0.0001 Colloc0 451 2313 0.0979294 129.352
1050	1	1101.79	16666.1	16655.1	10.9417	430	116	150	1	0.0001 Colloc0 430 2327 0.0303426 140.234
1060	1	1112.31	16781.4	16770.4	10.99	444	95	171	0	0.0001 Colloc0 444 2339 0.075581 143.076
1070	1	1122.9	16810	16799.2	10.8505	448	103	163	3	0.0001 Colloc0 448 2332 0.0895348 134.926
1080	1	1133.7	16852.4	16841.6	10.7453	464	101	165	0	0.0001 Colloc0 464 2337 0.0846746 128.917
1090	1	1144.48	16738.5	16728.7	9.82333	460	97	169	1	0.0001 Colloc0 460 2295 0.224703 81.7801
1100	1	1155.06	16747.4	16736.3	11.1763	451	95	171	4	0.0001 Colloc0 451 2310 0.0234983 154.253
1110	1	1165.36	16661	16649.7	11.3216	432	109	157	2	0.0001 Colloc0 432 2307 0.0171863 163.202
1120	1	1176.05	16744.3	16733.8	10.4913	465	109	157	2	0.0001 Colloc0 465 2308 0.139445 114.908
1130	1	1186.64	16718.3	16707.6	10.6676	429	108	158	1	0.0001 Colloc0 429 2329 0.0875379 124.557
1140	1	1197.36	16717	16705.6	11.407	452	114	152	1	0.0001 Colloc0 452 2328 0.0182399 168.552
1150	1	1208.13	16637.9	16627.6	10.2722	432	112	154	1	0.0001 Colloc0 432 2305 0.139685 103.424
1160	1	1218.74	16715.9	16704.7	11.1939	445	103	163	2	0.0001 Colloc0 445 2300 0.0279672 155.326
1170	1	1229.59	16834.5	16822.9	11.5995	465	98	168	3	0.0001 Colloc0 465 2305 0.011681 180.835
1180	1	1240.28	16816.8	16805.4	11.4309	457	103	163	1	0.0001 Colloc0 457 2292 0.0341152 170.061
1190	1	1251.04	16725.2	16713.9	11.2384	440	103	163	1	0.0001 Colloc0 440 2295 0.00332719 158.056
1200	1	1261.68	16690.8	16679.4	11.3939	443	105	161	1	0.0001 Colloc0 443 2286 0.00471215 167.728
1210	1	1272.19	16725.4	16714.1	11.3141	445	95	171	1	0.0001 Colloc0 445 2309 0.0339302 162.738
1220	1	1282.91	16754.6	16743.9	10.7405	465	103	163	2	0.0001 Colloc0 465 2311 0.125328 128.649
1230	1	1293.58	16763.4	16752.3	11.0816	450	102	164	3	0.0001 Colloc0 450 2320 0.0586384 148.53
1240	1	1304.39	16697.6	16686.5	11.1024	447	112	154	1	0.0001 Colloc0 447 2288 0.0652587 149.778
1250	1	1315.1	16711.9	16700.5	11.3171	438	111	155	0	0.0001 Colloc0 438 2308 0.037208 162.92
1260	1	1325.1	16681.2	16670.9	10.2327	465	110	156	5	0.0001 Colloc0 465 2273 0.177767 101.413
1270	1	1335.4	16667.9	16656.8	11.1137	440	103	163	1	0.0001 Colloc0 440 2290 0.048312 150.459
1280	1	1346.13	16658.3	16647.3	10.9753	450	101	165	4	0.0001 Colloc0 450 2283 0.0799218 142.206
1290	1	1356.19	16694.2	16683.5	10.6855	441	116	150	0	0.0001 Colloc0 441 2282 0.107862 125.555
1300	1	1366.76	16704.9	16694.1	10.7752	450	103	163	0	0.0001 Colloc0 450 2299 0.08492 130.617
1310	1	1376.75	16786	16774.6	11.3731	449	100	166	2	0.0001 Colloc0 449 2326 0.00379092 166.418
1320	1	1387.57	16762.1	16751	11.0507	453	97	169	2	0.0001 Colloc0 453 2312 0.0671009 146.683
1330	1	1398.39	16692.8	16682.4	10.3699	460	105	161	0	0.0001 Colloc0 460 2329 0.115599 108.472
1340	1	1409.08	16707.9	16696.6	11.3098	444	109	157	2	0.0001 Colloc0 444 2318 0.017366 162.468
1350	1	1419.86	16737	16725.8	11.2236	453	104	162	1	0.0001 Colloc0 453 2334 0.0274746 157.149
1360	1	1430.24	16707.6	16696.5	11.0845	446	122	144	3	0.0001 Colloc0 446 2328 0.0107795 148.703
1370	1	1440.18	16756.4	16744.9	11.4229	441	97	169	1	0.0001 Colloc0 441 2320 0.000361506 169.55
1380	1	1450.71	16733.2	16722.7	10.5309	471	100	166	0	0.0001 Colloc0 471 2317 0.178422 117.045
1390	1	1461.41	16747.1	16735.7	11.3765	448	105	161	3	0.0001 Colloc0 448 2332 0.0324082 166.635
1400	1	1472.07	16652.9	16641.5	11.4453	450	111	155	1	0.0001 Colloc0 450 2310 0.0460023 170.972
1410	1	1482.81	16736.9	16725.7	11.2115	437	96	170	2	0.0001 Colloc0 437 2359 0.0207788 156.403
1420	1	1493.61	16697.7	16686.8	10.9103	434	103	163	0	0.0001 Colloc0 434 2320 0.0566915 138.397
1430	1	1504.05	16624	16612.7	11.3025	440	116	150	0	0.0001 Colloc0 440 2322 0.00985148 162.015
1440	1	1514.54	16685.6	16674.6	10.9817	444	107	159	2	0.0001 Colloc0 444 2312 0.0809579 142.585
1450	1	1525.15	16678.6	16667.2	11.4309	456	110	156	1	0.0001 Colloc0 456 2308 0.0327211 170.058
1460	1	1535.92	16655.7	16644.8	10.9056	458	107	159	0	0.0001 Colloc0 458 2295 0.0973716 138.121
1470	1	1546.59	16677	16665.7	11.2522	441	110	156	2	0.0001 Colloc0 441 2324 0.0262201 158.903
1480	1	1556.81	16633.7	16622.7	10.9949	433	103	163	1	0.0001 Colloc0 433 2305 0.0534616 143.366
1490	1	1567.37	16660.3	16648.9	11.3542	442	116	150	4	0.0001 Colloc0 442 2328 0.012264 165.233
1500	1	1578.06	16750.7	16739.5	11.1586	465	99	167	1	0.0001 Colloc0 465 2323 0.0366511 153.178
1510	1	1588.82	16709.8	16698.9	10.9046	451	106	160	1	0.0001 Colloc0 451 2326 0.0966984 138.065
1520	1	1599.66	16789.7	16778.6	11.0907	461	99	167	2	0.0001 Colloc0 461 2307 0.0711193 149.074
1530	1	1610.47	16678.1	16667.2	10.8698	461	112	154	4	0.0001 Colloc0 461 2312 0.0910796 136.041
1540	1	1621.15	16693.7	16682.3	11.4055	467	95	171	0	0.0001 Colloc0 467 2310 0.0285669 168.458
1550	1	1631.81	16749.8	16738.4	11.4265	456	98	168	2	0.0001 Colloc0 456 2304 0.0105827 169.783
1560	1	1642.54	16711.6	16700.2	11.4489	464	107	159	3	0.0001 Colloc0 464 2316 0.0670547 171.199
1570	1	1653.13	16828.4	16817.1	11.3085	451	99	167	1	0.0001 Colloc0 451 2347 0.0152439 162.387
1580	1	1663.63	16762.4	16751.1	11.2992	455	94	172	0	0.0001 Colloc0 455 2309 0.0836677 161.813
1590	1	1674.15	16621	16610.3	10.6681	435	114	152	0	0.0001 Colloc0 435 2319 0.103621 124.582
1600	1	1684.81	16631.3	16620.3	10.9358	460	111	155	2	0.0001 Colloc0 460 2287 0.0813543 139.883
1610	1	1695.52	16785.6	16774.9	10.7287	462	109	157	2	0.0001 Colloc0 462 2314 0.113956 127.98
1620	1	1706.1	16656.8	16645.6	11.19	452	111	155	1	0.0001 Colloc0 452 2306 0.0407359 155.089
1630	1	1716.54	16650.1	16639.1	11.0108	444	112	154	2	0.0001 Colloc0 444 2305 0.0276267 144.308
1640	1	1726.89	16658.1	16647	11.0328	442	98	168	4	0.0001 Colloc0 442 2280 0.0351024 145.615
1650	1	1736.78	16770.3	16759.6	10.6686	454	96	170	1	0.0001 Colloc0 454 2311 0.120358 124.614
1660	1	1747.45	16683.8	16672.8	10.9809	445	104	162	2	0.0001 Colloc0 445 2300 0.0752437 142.534
1670	1	1757.6	16753.8	16742.5	11.2155	456	102	164	1	0.0001 Colloc0 456 2315 0.0402075 156.649
1680	1	1767.65	16709	16698	10.9157	448	108	158	3	0.0001 Colloc0 448 2311 0.0808301 138.71
1690	1	1777.54	16614.6	16603.8	10.8081	435	114	152	0	0.0001 Colloc0 435 2289 0.036112 132.493
1700	1	1787.98	16642.7	16631.5	11.2301	441	111	155	0	0.0001 Colloc0 441 2307 0.043556 157.547
1710	1	1798.58	16735.5	16724.1	11.4082	452	104	162	3	0.0001 Colloc0 452 2311 0.0031212 168.623
1720	1	1808.67	16615	16603.9	11.0391	453	115	151	3	0.0001 Colloc0 453 2285 0.0846892 145.987
1730	1	1819.29	16602.9	16591.4	11.4734	445	117	149	1	0.0001 Colloc0 445 2275 0.0131237 172.752
1740	1	1830.02	16754.4	16743.7	10.6797	450	106	160	3	0.0001 Colloc0 450 2310 0.12781 125.231
1750	1	1840.65	16666.8	16655.4	11.4155	444	106	160	3	0.0001 Colloc0 444 2296 0.00475183 169.088
1760	1	1851.32	16661.8	16650.8	11.0188	444	109	157	1	0.0001 Colloc0 444 2304 0.100161 144.778
1770	1	1862.13	16584.6	16573.9	10.7072	458	116	150	3	0.0001 Colloc0 458 2289 0.144166 126.771
1780	1	1872.75	16587.1	16576.5	10.6604	456	112	154	3	0.0001 Colloc0 456 2280 0.105024 124.155
1790	1	1883.32	16707.1	16695.6	11.5206	455	107	159	1	0.0001 Colloc0 455 2281 0.015547 175.76
1800	1	1894.13	16667.6	16656.1	11.5122	464	108	158	2	0.0001 Colloc0 464 2285 0.0200734 175.222
1810	1	1904.36	16595.1	16583.7	11.3799	444	110	156	1	0.0001 Colloc0 444 2304 0.00592714 166.847
1820	1	1914.28	16651.9	16640.4	11.4093	447	99	167	3	0.0001 Colloc0 447 2294 0.00334099 168.698
1830	1	1924.14	16621.5	16610.5	11.0631	444	106	160	1	0.0001 Colloc0 444 2299 0.0471259 147.42
1840	1	1933.96	16621.3	16609.9	11.3741	440	112	154	3	0.0001 Colloc0 440 2288 0.0195236 166.48
1850	1	1943.88	16626.6	16615	11.5125	458	121	145	0	0.0001 Colloc0 458 2280 0.0179756 175.246
1860	1	1953.97	16667.4	16656.2	11.1701	432	103	163	3	0.0001 Colloc0 432 2315 0.0526682 153.877
1870	1	1964.5	16716.4	16705.6	10.7802	449	99	167	0	0.0001 Colloc0 449 2301 0.0897077 130.901
1880	1	1975.22	16561.6	16551	10.6789	439	116	150	0	0.0001 Colloc0 439 2310 0.0847 125.188
1890	1	1985.61	16675.6	16664.8	10.727	438	99	167	0	0.0001 Colloc0 438 2312 0.0851953 127.886
1900	1	1995.79	16626.4	16615.3	11.0817	432	112	154	2	0.0001 Colloc0 432 2292 0.026407 148.536
1910	1	2005.64	16519.8	16508.4	11.3576	444	113	153	3	0.0001 Colloc0 444 2284 0.0179405 165.452
1920	1	2015.59	16640.4	16629.2	11.2567	450	101	165	3	0.0001 Colloc0 450 2268 0.0344573 159.18
1930	1	2025.38	16722.9	16711.8	11.0977	449	97	169	1	0.0001 Colloc0 449 2292 0.0593641 149.495
1940	1	2035.94	16693.9	16682.6	11.2839	454	109	157	1	0.0001 Colloc0 454 2293 0.0537512 160.861
1950	1	2046.15	16527.7	16516.7	11.0829	439	121	145	1	0.0001 Colloc0 439 2279 0.0596308 148.609
1960	1	2055.97	16740.4	16729.3	11.0655	441	97	169	1	0.0001 Colloc0 441 2307 0.0206314 147.566
1970	1	2066.52	16562.8	16552.1	10.7384	436	113	153	2	0.0001 Colloc0 436 2305 0.0738966 128.525
1980	1	2077.07	16632.3	16621.4	10.899	454	101	165	0	0.0001 Colloc0 454 2293 0.0479417 137.736
1990	1	2087.72	16692.4	16681	11.3904	461	103	163	1	0.0001 Colloc0 461 2304 0.00369268 167.507
2000	1	2097.84	16657.5	16646.3	11.2209	462	113	153	1	0.0001 Colloc0 462 2292 0.0419167 156.982
