# D = 0, E = 1, I = 1, P = 1, R = -1, n = 2000, N = 1, P = 1, w = 1, a = 0.0001, b = 10000, e = 1, f = 1, g = 100, h = 0.01, r = 19900, s = 1, S = 0, x = 10, m = 100, Z = 1, z = 0, T = 1, t = 1
# 5872 tokens in 266 sentences
#
# It	Temp	Time	-logP	-logPcorpus	-logPrior	tables	same	changed	reject	default_pya	(parent pym pyn pya pyb)*
0	1	0.821875	22958.2	22844.4	113.764	1399	0	266	0	0.0001 Colloc0 1399 1974 0.0001 10000
10	1	12.0862	17986.8	17974.6	12.2681	567	57	209	3	0.0001 Colloc0 567 2391 0.00779667 225.737
20	1	22.9495	17668.6	17657.1	11.5198	502	65	201	1	0.0001 Colloc0 502 2384 0.00224564 175.713
30	1	33.8269	17586.6	17574.8	11.7713	519	75	191	3	0.0001 Colloc0 519 2368 0.0120834 192.053
40	1	44.6272	17493.8	17481.9	11.8544	517	80	186	1	0.0001 Colloc0 517 2358 0.0375957 197.564
50	1	54.9746	17487.1	17475.3	11.766	505	74	192	2	0.0001 Colloc0 505 2364 0.0250083 191.705
60	1	65.0121	17525.7	17514.2	11.4367	515	81	185	2	0.0001 Colloc0 515 2401 0.126884 170.426
70	1	75.2306	17337.5	17325.8	11.6312	502	89	177	3	0.0001 Colloc0 502 2362 0.074944 182.889
80	1	86.0609	17296.1	17285	11.1174	486	83	183	3	0.0001 Colloc0 486 2383 0.077618 150.685
90	1	96.7413	17218.1	17206.4	11.7102	472	83	183	4	0.0001 Colloc0 472 2363 0.00974353 188.036
100	1	107.483	17349.4	17338.3	11.1055	511	82	184	1	0.0001 Colloc0 511 2333 0.0847523 149.968
110	1	117.997	17299.2	17287.6	11.6543	493	86	180	5	0.0001 Colloc0 493 2339 0.013009 184.39
120	1	129.006	17364	17352.5	11.5813	489	77	189	2	0.0001 Colloc0 489 2394 0.0733246 179.658
130	1	140.117	17277.3	17265.9	11.4086	498	87	179	1	0.0001 Colloc0 498 2363 0.0741896 168.65
140	1	150.923	17255.3	17244.2	11.104	498	91	175	4	0.0001 Colloc0 498 2351 0.098523 149.875
150	1	161.692	17368	17356.8	11.2417	505	91	175	3	0.0001 Colloc0 505 2385 0.0870225 158.259
160	1	172.761	17340.8	17329.3	11.5489	514	90	176	2	0.0001 Colloc0 514 2387 0.0841331 177.574
170	1	183.094	17171.1	17160.2	10.9158	479	94	172	3	0.0001 Colloc0 479 2340 0.0921888 138.718
180	1	193.921	17245.6	17233.9	11.6898	487	85	181	1	0.0001 Colloc0 487 2353 0.0598806 186.703
190	1	204.729	17252.1	17240.8	11.3385	491	89	177	5	0.0001 Colloc0 491 2347 0.0231123 164.258
200	1	215.569	17154	17142.5	11.4815	498	84	182	5	0.0001 Colloc0 498 2337 0.0475398 173.266
210	1	226.346	17237.6	17226.5	11.0578	489	90	176	2	0.0001 Colloc0 489 2336 0.0796566 147.101
220	1	237.182	17183.8	17172.7	11.1133	474	84	182	2	0.0001 Colloc0 474 2345 0.080046 150.438
230	1	247.848	17128.4	17116.9	11.5166	481	94	172	3	0.0001 Colloc0 481 2331 0.0386875 175.509
240	1	258.767	17070.5	17059.3	11.1191	494	96	170	2	0.0001 Colloc0 494 2305 0.155793 150.784
250	1	269.759	17148.9	17137.5	11.4512	498	94	172	1	0.0001 Colloc0 498 2330 0.0999171 171.342
260	1	280.566	17037.2	17026.5	10.782	511	94	172	1	0.0001 Colloc0 511 2264 0.17099 131
270	1	291.586	17113	17101.1	11.8892	487	89	177	1	0.0001 Colloc0 487 2326 0.00657455 199.892
280	1	302.246	17214.9	17203.4	11.4777	479	86	180	4	0.0001 Colloc0 479 2352 0.0534908 173.026
290	1	312.878	17093.1	17081.5	11.5654	473	79	187	2	0.0001 Colloc0 473 2314 0.0079388 178.635
300	1	323.574	17141.5	17129.8	11.64	482	87	179	3	0.0001 Colloc0 482 2326 0.0379761 183.457
310	1	334.48	17060.9	17049.4	11.5644	481	93	173	3	0.0001 Colloc0 481 2289 0.0195842 178.572
320	1	345.276	17091.7	17080.6	11.1367	489	86	180	5	0.0001 Colloc0 489 2293 0.0767033 151.848
330	1	356.263	17100.7	17089.6	11.1582	479	88	178	2	0.0001 Colloc0 479 2335 0.0451389 153.151
340	1	367.065	17155.2	17143.8	11.3965	492	87	179	3	0.0001 Colloc0 492 2302 0.0368306 167.89
350	1	378.046	16938.1	16926.8	11.3385	474	108	158	1	0.0001 Colloc0 474 2306 0.0608146 164.258
360	1	388.66	16955.8	16945	10.7785	473	103	163	1	0.0001 Colloc0 473 2268 0.107849 130.8
370	1	399.166	16965.1	16954.3	10.822	488	103	163	1	0.0001 Colloc0 488 2294 0.135617 133.287
380	1	410.09	16955.9	16945.1	10.8073	489	100	166	1	0.0001 Colloc0 489 2273 0.148591 132.444
390	1	420.944	16902	16891.7	10.2994	485	106	160	4	0.0001 Colloc0 485 2263 0.241686 104.817
400	1	431.264	17044.1	17032.8	11.3551	467	83	183	2	0.0001 Colloc0 467 2335 0.00504414 165.296
410	1	441.487	17015.2	17004.3	10.8915	498	91	175	4	0.0001 Colloc0 498 2283 0.111117 137.302
420	1	452.266	17126.6	17115.4	11.1953	495	82	184	5	0.0001 Colloc0 495 2320 0.0903535 155.415
430	1	463.253	17011.9	17001.6	10.3211	500	98	168	2	0.0001 Colloc0 500 2286 0.245412 105.937
440	1	474.017	16947.3	16935.9	11.3838	479	95	171	2	0.0001 Colloc0 479 2283 0.0464082 167.091
450	1	484.815	17067.9	17056.5	11.3766	475	98	168	2	0.0001 Colloc0 475 2284 0.0365412 166.638
460	1	495.645	17086.3	17074.5	11.7683	500	93	173	2	0.0001 Colloc0 500 2283 0.0051814 191.857
470	1	506.533	16948.3	16936.9	11.4	482	94	172	3	0.0001 Colloc0 482 2289 0.0721369 168.107
480	1	517.393	16980.5	16969.7	10.7865	477	105	161	1	0.0001 Colloc0 477 2294 0.133708 131.256
490	1	527.988	16959.9	16948.7	11.1192	445	95	171	4	0.0001 Colloc0 445 2288 0.0334732 150.79
500	1	538.006	16944.5	16933.6	10.9565	478	94	172	2	0.0001 Colloc0 478 2252 0.101227 141.102
510	1	548.376	16991.4	16980.6	10.8502	487	93	173	6	0.0001 Colloc0 487 2270 0.13876 134.912
520	1	559.304	16850	16838.9	11.0433	464	103	163	2	0.0001 Colloc0 464 2273 0.0367583 146.239
530	1	570.242	16965.6	16954.1	11.5579	466	83	183	4	0.0001 Colloc0 466 2299 0.00838516 178.152
540	1	580.272	16945.8	16934.3	11.5231	477	89	177	4	0.0001 Colloc0 477 2275 0.0453129 175.922
550	1	590.392	16943.6	16932.4	11.2331	480	90	176	2	0.0001 Colloc0 480 2272 0.115593 157.727
560	1	601.226	17037.3	17026.5	10.8161	489	88	178	4	0.0001 Colloc0 489 2269 0.141964 132.948
570	1	612.163	16983.4	16972	11.3916	478	93	173	1	0.0001 Colloc0 478 2295 0.0297869 167.584
580	1	622.997	16950.7	16939.5	11.265	476	89	177	2	0.0001 Colloc0 476 2275 0.0364354 159.694
590	1	633.758	16971.1	16959.6	11.4508	484	91	175	2	0.0001 Colloc0 484 2286 0.0257904 171.318
600	1	644.605	16972	16960.5	11.4247	479	85	181	4	0.0001 Colloc0 479 2276 0.0522714 169.666
610	1	655.631	17037.5	17026.4	11.0784	468	88	178	3	0.0001 Colloc0 468 2298 0.0736027 148.339
620	1	666.526	16872.2	16861	11.1904	467	105	161	2	0.0001 Colloc0 467 2263 0.0500791 155.118
630	1	677.046	16835.3	16824	11.2376	465	107	159	3	0.0001 Colloc0 465 2269 0.068376 158.009
640	1	687.991	16854.3	16843.1	11.1672	462	105	161	3	0.0001 Colloc0 462 2273 0.0666754 153.701
650	1	698.456	16850.2	16838.7	11.5112	467	107	159	2	0.0001 Colloc0 467 2269 0.0251001 175.159
660	1	709.253	17133.4	17122.3	11.0868	490	81	185	3	0.0001 Colloc0 490 2280 0.103638 148.839
670	1	719.786	16999.7	16988	11.7434	482	87	179	3	0.0001 Colloc0 482 2279 0.0404722 190.215
680	1	730.691	17103.3	17092	11.3431	473	77	189	3	0.0001 Colloc0 473 2280 0.0354479 164.54
690	1	741.527	17007.8	16996.6	11.2131	498	84	182	5	0.0001 Colloc0 498 2269 0.104346 156.504
700	1	752.483	17028.8	17017.8	11.0553	491	93	173	1	0.0001 Colloc0 491 2279 0.0977993 146.952
710	1	763.245	17001.3	16990.1	11.1499	489	98	168	2	0.0001 Colloc0 489 2297 0.0696571 152.648
720	1	774.144	16817.5	16806.5	11.0479	478	103	163	1	0.0001 Colloc0 478 2269 0.116322 146.516
730	1	784.643	16934.6	16923.9	10.7081	487	100	166	2	0.0001 Colloc0 487 2275 0.125277 126.821
740	1	794.8	16905.1	16894.2	10.8847	478	101	165	2	0.0001 Colloc0 478 2284 0.131574 136.906
750	1	805.643	16970.5	16959.6	10.9343	478	90	176	4	0.0001 Colloc0 478 2286 0.126754 139.796
760	1	816.367	16908.9	16897.4	11.526	468	101	165	3	0.0001 Colloc0 468 2269 0.0227897 176.105
770	1	827.356	16986.5	16975.3	11.178	471	91	175	2	0.0001 Colloc0 471 2313 0.0595808 154.361
780	1	837.976	17042.8	17031.8	11.0271	488	94	172	2	0.0001 Colloc0 488 2283 0.0837974 145.275
790	1	848.658	16976.5	16965	11.4836	470	93	173	2	0.0001 Colloc0 470 2298 0.0265309 173.401
800	1	859.245	16990.4	16980	10.3282	469	87	179	1	0.0001 Colloc0 469 2293 0.210758 106.302
810	1	870.067	16948.1	16937.2	10.9544	466	96	170	2	0.0001 Colloc0 466 2320 0.123116 140.974
820	1	880.985	16978.4	16967.4	11.0084	464	85	181	2	0.0001 Colloc0 464 2309 0.129902 144.164
830	1	891.382	17015.2	17004	11.1195	483	88	178	1	0.0001 Colloc0 483 2304 0.107736 150.813
840	1	902.248	16951.9	16940.9	10.9773	468	94	172	3	0.0001 Colloc0 468 2287 0.101701 142.324
850	1	912.831	16879.8	16868.5	11.2886	478	97	169	4	0.0001 Colloc0 478 2266 0.0889226 161.152
860	1	923.56	16863.9	16852.6	11.2342	490	105	161	5	0.0001 Colloc0 490 2273 0.0892036 157.796
870	1	934.238	16908.7	16897.3	11.4101	458	100	166	1	0.0001 Colloc0 458 2310 0.0192146 168.749
880	1	945.115	16893.5	16882.7	10.7647	468	96	170	3	0.0001 Colloc0 468 2288 0.119773 130.018
890	1	955.811	16859.1	16847.6	11.5205	471	104	162	1	0.0001 Colloc0 471 2293 0.000487119 175.754
900	1	966.609	16849.9	16839.1	10.7876	455	101	165	3	0.0001 Colloc0 455 2293 0.0999466 131.319
910	1	977.252	16901.7	16890.5	11.2461	454	111	155	2	0.0001 Colloc0 454 2331 0.0183391 158.53
920	1	988.027	16873	16861.6	11.3922	458	98	168	3	0.0001 Colloc0 458 2305 0.0119518 167.616
930	1	998.64	16966.5	16954.7	11.7871	473	94	172	2	0.0001 Colloc0 473 2326 0.00106881 193.102
940	1	1009.37	16995.5	16984.6	10.9815	492	86	180	4	0.0001 Colloc0 492 2303 0.0765635 142.57
950	1	1020.23	16973.7	16962.1	11.621	484	92	174	4	0.0001 Colloc0 484 2306 0.0506062 182.229
960	1	1030.48	16963.8	16952.3	11.4568	485	91	175	2	0.0001 Colloc0 485 2333 0.0433174 171.702
970	1	1041	16961.5	16950.3	11.2882	484	99	167	3	0.0001 Colloc0 484 2315 0.0256172 161.126
980	1	1051.48	16963.9	16952.7	11.2197	472	98	168	2	0.0001 Colloc0 472 2342 0.0616673 156.908
990	1	1062.28	16976	16964.5	11.4591	472	89	177	2	0.0001 Colloc0 472 2310 0.0200754 171.842
1000	1	1073.09	16913.3	16902.2	11.1402	449	93	173	1	0.0001 Colloc0 449 2329 0.0441477 152.062
1010	1	1083.75	16901	16890	10.9859	460	91	175	2	0.0001 Colloc0 460 2337 0.045632 142.832
1020	1	1094.39	16924.9	16914.2	10.7144	462	106	160	4	0.0001 Colloc0 462 2316 0.0997906 127.177
1030	1	1105.02	16895.8	16885	10.8075	453	94	172	4	0.0001 Colloc0 453 2315 0.11094 132.458
1040	1	1115.73	17026.6	17015.1	11.5566	482	89	177	4	0.0001 Colloc0 482 2323 0.015765 178.068
1050	1	1126.51	16928.8	16917.5	11.2701	461	95	171	2	0.0001 Colloc0 461 2318 0.0311774 160.012
1060	1	1137.27	16930.3	16919.6	10.7054	478	98	168	4	0.0001 Colloc0 478 2321 0.139482 126.669
1070	1	1148.11	16962.1	16951.2	10.9168	490	101	165	1	0.0001 Colloc0 490 2314 0.133351 138.773
1080	1	1158.73	16855.5	16844.1	11.3662	470	94	172	3	0.0001 Colloc0 470 2302 0.0632402 165.989
1090	1	1169.49	16967.9	16956.4	11.5178	475	82	184	3	0.0001 Colloc0 475 2310 0.014026 175.582
1100	1	1179.91	16917.1	16906.4	10.7292	473	78	188	1	0.0001 Colloc0 473 2297 0.109524 128.01
1110	1	1190.61	16992.4	16980.7	11.6962	483	80	186	4	0.0001 Colloc0 483 2313 0.0077244 187.125
1120	1	1201.31	17093.5	17081.9	11.5966	487	88	178	2	0.0001 Colloc0 487 2324 0.054719 180.647
1130	1	1211.87	17018.3	17007.1	11.1804	458	74	192	2	0.0001 Colloc0 458 2321 0.0477686 154.502
1140	1	1222.13	16921.5	16910.6	10.9858	467	77	189	8	0.0001 Colloc0 467 2314 0.0365302 142.826
1150	1	1233.04	16979	16967.6	11.3459	482	95	171	2	0.0001 Colloc0 482 2315 0.0703223 164.72
1160	1	1243.76	16928.6	16917	11.5526	473	100	166	2	0.0001 Colloc0 473 2313 0.0194832 177.812
1170	1	1254.5	16979	16967.8	11.1822	480	91	175	3	0.0001 Colloc0 480 2322 0.0348388 154.612
1180	1	1265.27	16989.7	16978.4	11.3291	469	103	163	1	0.0001 Colloc0 469 2308 0.0271345 163.673
1190	1	1276.01	16948.7	16937.3	11.3724	473	95	171	2	0.0001 Colloc0 473 2310 0.0227746 166.378
1200	1	1286.64	16913	16901.3	11.7207	468	93	173	2	0.0001 Colloc0 468 2295 0.0319942 188.729
1210	1	1297.45	16771.4	16760.4	11.0187	463	108	158	2	0.0001 Colloc0 463 2257 0.0859765 144.773
1220	1	1308.12	16900.9	16889.8	11.0419	475	96	170	1	0.0001 Colloc0 475 2265 0.114274 146.155
1230	1	1318.66	16840.8	16829.9	10.8712	460	107	159	2	0.0001 Colloc0 460 2281 0.110091 136.122
1240	1	1329.37	16774.2	16763.2	11.0029	461	101	165	2	0.0001 Colloc0 461 2274 0.0884966 143.837
1250	1	1340.2	16919.3	16908.4	10.9564	465	88	178	3	0.0001 Colloc0 465 2296 0.100735 141.093
1260	1	1350.99	16733.3	16721.7	11.6102	467	101	165	1	0.0001 Colloc0 467 2255 0.0181125 181.526
1270	1	1361.82	16896.6	16885.3	11.2987	492	96	170	2	0.0001 Colloc0 492 2269 0.0699124 161.781
1280	1	1372.58	16821.7	16810.3	11.3703	471	100	166	1	0.0001 Colloc0 471 2263 0.0604284 166.246
1290	1	1383.31	16926.1	16914.9	11.2009	479	90	176	1	0.0001 Colloc0 479 2296 0.0590233 155.754
1300	1	1394.16	16849.4	16838.3	11.11	461	97	169	3	0.0001 Colloc0 461 2275 0.11068 150.239
1310	1	1404.87	16748.3	16736.9	11.4421	469	101	165	3	0.0001 Colloc0 469 2279 0.0431769 170.766
1320	1	1415.56	16857.9	16846.8	11.1646	469	98	168	2	0.0001 Colloc0 469 2286 0.0224844 153.543
1330	1	1426.3	16881.4	16870.2	11.2577	482	105	161	3	0.0001 Colloc0 482 2277 0.081894 159.243
1340	1	1436.76	16756	16745.3	10.7598	465	105	161	2	0.0001 Colloc0 465 2287 0.13606 129.739
1350	1	1447.01	16979.1	16967.4	11.6784	473	93	173	2	0.0001 Colloc0 473 2323 0.00734319 185.959
1360	1	1457.88	16895.5	16884.8	10.6732	481	105	161	3	0.0001 Colloc0 481 2281 0.127232 124.868
1370	1	1468.5	16830.8	16819.2	11.61	473	98	168	2	0.0001 Colloc0 473 2274 0.0271592 181.517
1380	1	1479.3	16838.1	16826.6	11.4408	470	109	157	2	0.0001 Colloc0 470 2286 8.2586e-05 170.686
1390	1	1490.02	16802.5	16791.4	11.1554	476	104	162	1	0.0001 Colloc0 476 2274 0.0314506 152.982
1400	1	1500.65	16770.7	16759.5	11.2959	463	116	150	5	0.0001 Colloc0 463 2288 0.0202605 161.609
1410	1	1511.21	16818	16806.6	11.3791	476	95	171	3	0.0001 Colloc0 476 2255 0.0266753 166.797
1420	1	1522.08	16842.3	16830.8	11.5082	477	97	169	2	0.0001 Colloc0 477 2272 0.00469061 174.973
1430	1	1532.75	16858.5	16847.3	11.282	476	102	164	3	0.0001 Colloc0 476 2274 0.0649505 160.744
1440	1	1543.53	16847.6	16836.3	11.3118	470	100	166	1	0.0001 Colloc0 470 2271 0.0638204 162.594
1450	1	1554.43	16724.4	16713.5	10.8731	449	115	151	1	0.0001 Colloc0 449 2291 0.0996093 136.235
1460	1	1564.5	16885	16873.3	11.7326	473	95	171	3	0.0001 Colloc0 473 2290 0.037999 189.506
1470	1	1575.32	16849.9	16838.3	11.6674	475	101	165	3	0.0001 Colloc0 475 2278 0.000369838 185.245
1480	1	1585.9	16718.9	16707.7	11.1482	476	112	154	4	0.0001 Colloc0 476 2254 0.0788773 152.549
1490	1	1595.92	16943.8	16932.7	11.076	466	89	177	3	0.0001 Colloc0 466 2303 0.0375594 148.191
1500	1	1606.29	16917.1	16905.3	11.8022	477	85	181	1	0.0001 Colloc0 477 2264 0.0211333 194.095
1510	1	1616.34	16946.3	16934.9	11.3772	471	98	168	2	0.0001 Colloc0 471 2292 0.0123995 166.677
1520	1	1626.23	16968.9	16957.6	11.2636	478	79	187	3	0.0001 Colloc0 478 2286 0.0322201 159.605
1530	1	1637.26	17024.5	17012.8	11.755	456	82	184	1	0.0001 Colloc0 456 2315 0.00057418 190.981
1540	1	1648.14	16959.7	16948.4	11.2882	470	81	185	3	0.0001 Colloc0 470 2289 0.0311737 161.127
1550	1	1659	16975.2	16963.6	11.606	480	79	187	2	0.0001 Colloc0 480 2265 0.0169572 181.258
1560	1	1669.1	16903.9	16892.9	11.0394	457	95	171	2	0.0001 Colloc0 457 2308 0.0214553 146.005
1570	1	1679.69	16834.1	16822.7	11.3686	481	97	169	2	0.0001 Colloc0 481 2266 0.0530888 166.139
1580	1	1690.6	16816.4	16805.6	10.7437	484	97	169	1	0.0001 Colloc0 484 2260 0.148338 128.829
1590	1	1701.44	16772.9	16761.7	11.1845	477	108	158	2	0.0001 Colloc0 477 2234 0.0607618 154.755
1600	1	1712.26	16826.2	16814.8	11.4424	458	101	165	3	0.0001 Colloc0 458 2274 0.00850347 170.788
1610	1	1723.1	16775.4	16764	11.4509	466	101	165	3	0.0001 Colloc0 466 2253 0.00364561 171.327
1620	1	1733.7	17007.4	16995.6	11.8781	480	92	174	1	0.0001 Colloc0 480 2283 0.00133865 199.145
1630	1	1744.5	16847	16835.9	11.1605	476	105	161	1	0.0001 Colloc0 476 2260 0.076844 153.295
1640	1	1755.25	16936.7	16925.1	11.5417	478	110	156	1	0.0001 Colloc0 478 2302 0.00713932 177.113
1650	1	1766.08	16850.2	16839.2	10.9956	472	112	154	3	0.0001 Colloc0 472 2271 0.074957 143.406
1660	1	1776.57	16821.9	16811	10.9603	487	92	174	4	0.0001 Colloc0 487 2271 0.0791368 141.321
1670	1	1786.69	16691.2	16680.4	10.8164	459	108	158	3	0.0001 Colloc0 459 2261 0.0841113 132.966
1680	1	1797.38	16790.7	16779.3	11.3829	475	96	170	3	0.0001 Colloc0 475 2249 0.0542889 167.036
1690	1	1808.24	16752.3	16741.8	10.5334	480	105	161	2	0.0001 Colloc0 480 2254 0.162627 117.181
1700	1	1819.16	16790.6	16779.8	10.8027	465	104	162	1	0.0001 Colloc0 465 2274 0.117263 132.185
1710	1	1829.93	16900.1	16889	11.1082	472	98	168	2	0.0001 Colloc0 472 2286 0.0614623 150.13
1720	1	1840.88	16798.2	16786.8	11.3509	475	97	169	1	0.0001 Colloc0 475 2263 0.0200372 165.03
1730	1	1851.38	16890.6	16879.4	11.1503	471	103	163	3	0.0001 Colloc0 471 2277 0.0848816 152.673
1740	1	1862.24	16824.1	16812.8	11.358	476	88	178	3	0.0001 Colloc0 476 2248 0.00261581 165.472
1750	1	1872.97	16801.7	16790.3	11.41	471	96	170	5	0.0001 Colloc0 471 2251 0.0758801 168.739
1760	1	1883.25	16840.4	16829.2	11.2267	471	101	165	3	0.0001 Colloc0 471 2262 0.124832 157.335
1770	1	1893.78	16825.3	16813.8	11.4399	472	110	156	1	0.0001 Colloc0 472 2259 0.0041522 170.63
1780	1	1904.73	16765.5	16753.8	11.7787	482	107	159	5	0.0001 Colloc0 482 2245 0.0303805 192.542
1790	1	1915.49	16834.4	16822.7	11.6707	479	84	182	1	0.0001 Colloc0 479 2246 0.0130045 185.455
1800	1	1926.45	16765.9	16754.7	11.1982	467	95	171	3	0.0001 Colloc0 467 2250 0.0405372 155.594
1810	1	1936.81	16750.4	16739.1	11.3017	467	112	154	1	0.0001 Colloc0 467 2253 0.0624143 161.964
1820	1	1947.3	16720.3	16708.7	11.6227	482	104	162	2	0.0001 Colloc0 482 2240 0.0239153 182.337
1830	1	1957.82	16814.7	16803.6	11.106	472	81	185	4	0.0001 Colloc0 472 2269 0.0624961 149.998
1840	1	1968.45	16777.2	16766.6	10.5868	477	99	167	1	0.0001 Colloc0 477 2249 0.164485 120.093
1850	1	1978.77	16815	16804.1	10.8544	475	101	165	2	0.0001 Colloc0 475 2273 0.067817 135.155
1860	1	1989.49	16787	16776.4	10.6411	478	88	178	2	0.0001 Colloc0 478 2263 0.145033 123.084
1870	1	2000.21	16926.7	16915.3	11.3572	476	96	170	4	0.0001 Colloc0 476 2295 0.019663 165.421
1880	1	2010.8	16839	16827.7	11.3111	460	96	170	3	0.0001 Colloc0 460 2252 0.0200229 162.548
1890	1	2021.56	16839.2	16827.7	11.4434	480	91	175	3	0.0001 Colloc0 480 2273 0.00725467 170.849
1900	1	2031.92	16830.8	16819.6	11.2077	472	98	168	1	0.0001 Colloc0 472 2303 0.0788751 156.174
1910	1	2042.42	16808.2	16797	11.1389	461	95	171	2	0.0001 Colloc0 461 2289 0.0458929 151.983
1920	1	2053.04	16819.1	16808.1	11.0441	485	93	173	1	0.0001 Colloc0 485 2283 0.0832967 146.285
1930	1	2063.5	16810.9	16800.3	10.5795	491	88	178	1	0.0001 Colloc0 491 2275 0.185951 119.691
1940	1	2073.72	16758.7	16747.6	11.1194	463	99	167	3	0.0001 Colloc0 463 2274 0.0792226 150.803
1950	1	2083.82	16810.2	16798.8	11.4652	460	93	173	5	0.0001 Colloc0 460 2280 0.0249263 172.231
1960	1	2093.74	16878.5	16867.1	11.377	473	90	176	4	0.0001 Colloc0 473 2290 0.0185798 166.665
1970	1	2103.52	16853.8	16842.1	11.6559	460	88	178	2	0.0001 Colloc0 460 2285 0.00301761 184.491
1980	1	2113.51	16809.2	16797.6	11.5373	459	95	171	5	0.0001 Colloc0 459 2273 0.0437847 176.833
1990	1	2123.85	16882.1	16870.9	11.1392	471	90	176	1	0.0001 Colloc0 471 2294 0.0399729 151.999
2000	1	2134.1	16857.2	16846	11.1952	481	96	170	5	0.0001 Colloc0 481 2303 0.0597488 155.406
