# D = 0, E = 1, I = 1, P = 1, R = -1, n = 2000, N = 1, P = 1, w = 1, a = 0.0001, b = 10000, e = 1, f = 1, g = 100, h = 0.01, r = 19223, s = 1, S = 0, x = 10, m = 100, Z = 1, z = 0, T = 1, t = 1
# 5872 tokens in 266 sentences
#
# It	Temp	Time	-logP	-logPcorpus	-logPrior	tables	same	changed	reject	default_pya	(parent pym pyn pya pyb)*
0	1	0.836872	22698.9	22585.1	113.764	1464	0	266	0	0.0001 Colloc0 1464 2063 0.0001 10000
10	1	12.2151	18146.7	18134.6	12.0769	534	58	208	2	0.0001 Colloc0 534 2453 0.00541737 212.57
20	1	23.0855	17962.9	17951.2	11.7115	506	72	194	2	0.0001 Colloc0 506 2472 0.00833459 188.127
30	1	33.8629	17419.4	17408.1	11.3171	467	84	182	1	0.0001 Colloc0 467 2417 0.0133455 162.921
40	1	44.6302	17315.1	17304.1	10.9993	488	84	182	1	0.0001 Colloc0 488 2400 0.0830793 143.621
50	1	55.4846	17249.1	17237.9	11.1434	456	85	181	1	0.0001 Colloc0 456 2401 0.0252617 152.258
60	1	66.061	17271.8	17260.3	11.4805	486	87	179	3	0.0001 Colloc0 486 2374 0.0184793 173.205
70	1	76.3614	17231.3	17220.2	11.1355	484	83	183	3	0.0001 Colloc0 484 2364 0.104539 151.778
80	1	87.1498	17067.8	17057	10.8198	467	91	175	4	0.0001 Colloc0 467 2327 0.121633 133.161
90	1	97.7531	16945.7	16934.9	10.8065	436	98	168	3	0.0001 Colloc0 436 2327 0.119396 132.402
100	1	108.528	17110.7	17099.7	11.0616	462	91	175	4	0.0001 Colloc0 462 2360 0.0979777 147.331
110	1	118.771	16950.3	16939.2	11.1115	467	95	171	1	0.0001 Colloc0 467 2335 0.0929067 150.328
120	1	128.762	16976.9	16965.7	11.255	453	97	169	2	0.0001 Colloc0 453 2342 0.0123244 159.075
130	1	138.696	16899.9	16888.9	10.9922	448	104	162	2	0.0001 Colloc0 448 2342 0.0645189 143.202
140	1	149.505	16927.1	16916.5	10.5567	453	100	166	0	0.0001 Colloc0 453 2352 0.122626 118.447
150	1	160.379	16973.8	16963	10.8022	480	91	175	0	0.0001 Colloc0 480 2305 0.0958676 132.153
160	1	171.201	16851.8	16840.8	11.0109	453	106	160	3	0.0001 Colloc0 453 2350 0.103164 144.309
170	1	181.811	16950.5	16938.8	11.6769	455	99	167	3	0.0001 Colloc0 455 2326 0.00647613 185.862
180	1	192.503	17000.5	16989.4	11.1398	457	99	167	2	0.0001 Colloc0 457 2361 0.0148743 152.035
190	1	203.312	17138.9	17127.3	11.5853	473	94	172	2	0.0001 Colloc0 473 2357 0.0358912 179.919
200	1	213.59	17052.8	17041.4	11.3092	477	96	170	3	0.0001 Colloc0 477 2342 0.049895 162.433
210	1	223.637	17009.1	16997.9	11.1671	459	97	169	2	0.0001 Colloc0 459 2368 0.0289182 153.692
220	1	233.704	17034.4	17023.9	10.5466	468	90	176	0	0.0001 Colloc0 468 2354 0.144173 117.895
230	1	244.467	16944.6	16933.8	10.7354	451	96	170	1	0.0001 Colloc0 451 2359 0.0799598 128.359
240	1	255.003	16821	16810.2	10.8245	442	103	163	1	0.0001 Colloc0 442 2362 0.0929683 133.429
250	1	265.683	16810.6	16799.4	11.2322	448	101	165	1	0.0001 Colloc0 448 2370 0.0445355 157.674
260	1	276.366	16943.2	16931.8	11.4013	455	97	169	2	0.0001 Colloc0 455 2358 0.044735 168.193
270	1	286.891	16835.3	16824.3	11.0327	434	104	162	1	0.0001 Colloc0 434 2351 0.0851554 145.606
280	1	297.632	16945.1	16934.1	11.0033	463	100	166	2	0.0001 Colloc0 463 2343 0.0661123 143.861
290	1	308.44	16880.7	16869.5	11.1768	460	102	164	1	0.0001 Colloc0 460 2357 0.0604072 154.286
300	1	319.111	16902.2	16891.5	10.6912	447	108	158	2	0.0001 Colloc0 447 2354 0.117964 125.875
310	1	329.788	16919	16908.3	10.704	448	95	171	2	0.0001 Colloc0 448 2349 0.0747861 126.593
320	1	340.308	16813.9	16803.3	10.6029	444	105	161	3	0.0001 Colloc0 444 2349 0.0890821 120.975
330	1	351	16916.3	16905.4	10.9077	459	104	162	0	0.0001 Colloc0 459 2340 0.06989 138.241
340	1	361.816	16857.6	16846.5	11.1268	448	108	158	3	0.0001 Colloc0 448 2324 0.0676736 151.25
350	1	372.438	16864	16853.6	10.3925	462	89	177	1	0.0001 Colloc0 462 2325 0.16049 109.658
360	1	382.472	16802.1	16790.9	11.2387	437	105	161	0	0.0001 Colloc0 437 2332 0.0353016 158.076
370	1	393.001	17020.8	17009.7	11.0707	458	86	180	4	0.0001 Colloc0 458 2334 0.0513477 147.876
380	1	403.308	16841.2	16830.4	10.7605	457	96	170	4	0.0001 Colloc0 457 2313 0.160032 129.779
390	1	413.875	17011.6	17000.7	10.9474	458	84	182	1	0.0001 Colloc0 458 2353 0.0511527 140.566
400	1	424.59	16920.7	16910	10.7156	456	94	172	3	0.0001 Colloc0 456 2332 0.0942353 127.242
410	1	435.218	16826.4	16816.1	10.2915	447	106	160	0	0.0001 Colloc0 447 2348 0.176589 104.411
420	1	446.067	16826.6	16816.4	10.1653	461	101	165	0	0.0001 Colloc0 461 2346 0.190468 98.0306
430	1	456.906	16856.3	16845.6	10.6477	452	103	163	0	0.0001 Colloc0 452 2338 0.124583 123.451
440	1	467.367	16767.4	16756.6	10.7565	442	104	162	3	0.0001 Colloc0 442 2323 0.0715584 129.555
450	1	477.465	16815.6	16804.7	10.8914	447	116	150	1	0.0001 Colloc0 447 2340 0.0548266 137.296
460	1	487.862	16870.3	16859.2	11.0672	447	101	165	1	0.0001 Colloc0 447 2360 0.101871 147.664
470	1	498.546	16749.8	16738.8	11.0056	456	104	162	0	0.0001 Colloc0 456 2328 0.0970587 143.998
480	1	508.96	16841.4	16830.7	10.6747	453	98	168	3	0.0001 Colloc0 453 2345 0.107546 124.951
490	1	519.805	16767.2	16756.9	10.2692	459	108	158	1	0.0001 Colloc0 459 2324 0.190294 103.269
500	1	530.605	16731.8	16721.1	10.6851	449	109	157	0	0.0001 Colloc0 449 2333 0.09222 125.533
510	1	541.036	17016.1	17005.1	11.0381	471	92	174	1	0.0001 Colloc0 471 2380 0.0883594 145.928
520	1	551.527	16982.9	16971.7	11.242	458	83	183	0	0.0001 Colloc0 458 2347 0.0514021 158.276
530	1	562.05	17042.3	17031.6	10.7635	448	80	186	1	0.0001 Colloc0 448 2348 0.130281 129.95
540	1	572.673	16917.6	16906.6	10.961	437	101	165	3	0.0001 Colloc0 437 2362 0.00240336 141.364
550	1	583.432	16733.7	16722.6	11.1074	428	116	150	1	0.0001 Colloc0 428 2352 0.0199864 150.079
560	1	594.191	16760.9	16749.8	11.1074	439	107	159	0	0.0001 Colloc0 439 2343 0.0330658 150.08
570	1	604.203	16834.5	16823.3	11.2049	460	99	167	0	0.0001 Colloc0 460 2327 0.0586936 156.002
580	1	614.612	16824	16813.6	10.4635	432	106	160	2	0.0001 Colloc0 432 2336 0.163712 113.418
590	1	625.233	16916.5	16905.5	11.0426	444	97	169	3	0.0001 Colloc0 444 2347 0.0299229 146.198
600	1	635.649	16909.4	16899.1	10.3517	475	97	169	2	0.0001 Colloc0 475 2350 0.172112 107.522
610	1	646.362	16724.7	16713.5	11.1655	430	106	160	3	0.0001 Colloc0 430 2351 0.0167413 153.6
620	1	657.076	16869.7	16858.7	11.0169	449	95	171	3	0.0001 Colloc0 449 2352 0.0712542 144.67
630	1	667.74	16905.4	16894.3	11.0308	452	97	169	3	0.0001 Colloc0 452 2353 0.0339294 145.495
640	1	678.424	16908.2	16897.3	10.8234	465	88	178	4	0.0001 Colloc0 465 2343 0.0871143 133.37
650	1	688.948	16807.4	16796.7	10.7032	448	99	167	3	0.0001 Colloc0 448 2336 0.0970355 126.549
660	1	699.602	16701.4	16690.5	10.957	453	113	153	1	0.0001 Colloc0 453 2324 0.0914137 141.132
670	1	710.235	16699.3	16688.4	10.9056	419	111	155	1	0.0001 Colloc0 419 2352 0.0668237 138.119
680	1	720.543	16958.7	16947.9	10.7821	459	90	176	1	0.0001 Colloc0 459 2363 0.0790676 131.008
690	1	730.991	16848	16836.4	11.6003	472	103	163	1	0.0001 Colloc0 472 2327 0.0174867 180.888
700	1	741.542	16880.7	16869.9	10.7654	448	91	175	0	0.0001 Colloc0 448 2337 0.0661903 130.057
710	1	752.2	16848.2	16837.2	11.0157	446	95	171	2	0.0001 Colloc0 446 2332 0.0355201 144.599
720	1	762.956	16866.4	16855.5	10.9324	433	92	174	1	0.0001 Colloc0 433 2348 0.0321053 139.685
730	1	773.536	16836.1	16824.8	11.2522	443	103	163	4	0.0001 Colloc0 443 2325 0.0159424 158.902
740	1	783.849	16801.6	16790.5	11.0363	452	98	168	1	0.0001 Colloc0 452 2324 0.0516233 145.821
750	1	794.446	16713.6	16702.5	11.1047	430	105	161	3	0.0001 Colloc0 430 2324 0.0444963 149.917
760	1	804.807	16772.1	16761.3	10.7971	439	116	150	3	0.0001 Colloc0 439 2343 0.0862324 131.865
770	1	815.504	16801.3	16790.1	11.2335	443	101	165	0	0.0001 Colloc0 443 2327 0.0185733 157.754
780	1	826.18	16832.6	16821.6	10.9695	449	91	175	0	0.0001 Colloc0 449 2333 0.0784627 141.867
790	1	837.031	16792	16781.1	10.9671	459	99	167	2	0.0001 Colloc0 459 2349 0.0821863 141.72
800	1	847.876	16784.8	16773.8	10.9263	451	99	167	3	0.0001 Colloc0 451 2324 0.0260998 139.33
810	1	858.062	16764	16753.2	10.7647	448	95	171	2	0.0001 Colloc0 448 2326 0.0591765 130.02
820	1	868.892	16760.1	16748.9	11.1307	444	110	156	0	0.0001 Colloc0 444 2339 0.0493006 151.49
830	1	879.619	16813.2	16802.5	10.6773	450	93	173	2	0.0001 Colloc0 450 2315 0.099829 125.099
840	1	889.611	16809.4	16798.2	11.1984	447	95	171	2	0.0001 Colloc0 447 2346 0.0565373 155.602
850	1	900.085	16787.8	16776.7	11.0818	434	96	170	2	0.0001 Colloc0 434 2351 0.000878036 148.542
860	1	910.47	16847.9	16836.8	11.1073	448	93	173	2	0.0001 Colloc0 448 2354 0.0104808 150.074
870	1	921.197	16877	16866	11.0509	452	95	171	0	0.0001 Colloc0 452 2367 0.0436157 146.69
880	1	931.973	16693.1	16682.7	10.3886	430	110	156	1	0.0001 Colloc0 430 2328 0.134208 109.454
890	1	942.623	16716.2	16705.1	11.1005	437	105	161	3	0.0001 Colloc0 437 2303 0.0103406 149.667
900	1	953.314	16848.3	16837.5	10.7871	466	96	170	0	0.0001 Colloc0 466 2326 0.142635 131.292
910	1	964.067	16890.9	16879.5	11.3396	452	89	177	1	0.0001 Colloc0 452 2326 0.027901 164.326
920	1	974.895	16895.6	16884.3	11.3329	452	90	176	1	0.0001 Colloc0 452 2347 0.0357528 163.903
930	1	985.614	16840.9	16829.9	11.0294	458	104	162	1	0.0001 Colloc0 458 2319 0.0875717 145.412
940	1	996.402	16884.3	16873.3	10.9909	454	101	165	3	0.0001 Colloc0 454 2354 0.0661629 143.128
950	1	1007	16759.7	16749.4	10.308	434	102	164	0	0.0001 Colloc0 434 2337 0.141741 105.261
960	1	1017.61	16851.7	16841.1	10.544	445	93	173	2	0.0001 Colloc0 445 2368 0.100029 117.756
970	1	1027.57	16798.6	16787.1	11.4955	437	103	163	2	0.0001 Colloc0 437 2336 0.0318184 174.159
980	1	1037.63	16886.4	16875.4	11.0554	459	85	181	2	0.0001 Colloc0 459 2332 0.0966617 146.96
990	1	1047.65	16918.3	16907.8	10.5104	445	98	168	1	0.0001 Colloc0 445 2373 0.0741838 115.935
1000	1	1058.49	16871.4	16860.1	11.3247	443	103	163	0	0.0001 Colloc0 443 2351 0.00126212 163.394
1010	1	1069.24	16835.6	16824.2	11.4407	452	103	163	6	0.0001 Colloc0 452 2339 0.0523749 170.678
1020	1	1079.58	16851.7	16840.6	11.0919	446	101	165	3	0.0001 Colloc0 446 2347 0.0397891 149.147
1030	1	1089.58	16858.8	16847.5	11.2502	436	102	164	0	0.0001 Colloc0 436 2344 0.0119804 158.784
1040	1	1099.55	16980.4	16968.8	11.5719	461	88	178	0	0.0001 Colloc0 461 2343 0.0154617 179.053
1050	1	1109.73	16866.1	16855	11.1282	442	92	174	1	0.0001 Colloc0 442 2338 0.0166959 151.337
1060	1	1120.42	16777.1	16766	11.1165	448	95	171	1	0.0001 Colloc0 448 2336 0.026776 150.631
1070	1	1130.93	16791.8	16780.8	10.9524	430	100	166	2	0.0001 Colloc0 430 2337 0.029295 140.857
1080	1	1141.52	16770.4	16759.1	11.2353	454	107	159	0	0.0001 Colloc0 454 2341 0.0209855 157.866
1090	1	1152.25	16718.2	16707	11.1917	441	99	167	4	0.0001 Colloc0 441 2318 0.0319003 155.192
1100	1	1162.98	16799.8	16788.9	10.9382	444	91	175	4	0.0001 Colloc0 444 2294 0.0660741 140.026
1110	1	1173.69	16855.2	16844.3	10.9052	464	95	171	4	0.0001 Colloc0 464 2316 0.115946 138.099
1120	1	1184.35	16860.4	16849	11.4178	461	98	168	0	0.0001 Colloc0 461 2317 0.0171759 169.231
1130	1	1194.9	16748.5	16737.5	11.0065	441	108	158	1	0.0001 Colloc0 441 2333 0.0179985 144.053
1140	1	1205.52	16697	16686.6	10.3656	438	114	152	5	0.0001 Colloc0 438 2312 0.118263 108.251
1150	1	1216.29	16725.4	16714.7	10.7009	468	104	162	3	0.0001 Colloc0 468 2269 0.167367 126.418
1160	1	1227.07	16750.3	16739.5	10.725	451	107	159	2	0.0001 Colloc0 451 2310 0.0831383 127.771
1170	1	1237.85	16821	16810.2	10.7382	476	101	165	2	0.0001 Colloc0 476 2283 0.114808 128.518
1180	1	1248.54	16763.7	16753.6	10.0275	454	96	170	3	0.0001 Colloc0 454 2283 0.191362 91.2962
1190	1	1259.29	16727	16716.3	10.7752	451	101	165	2	0.0001 Colloc0 451 2327 0.126619 130.612
1200	1	1269.97	16765.6	16754.4	11.2561	462	109	157	2	0.0001 Colloc0 462 2307 0.0329827 159.146
1210	1	1280.74	16809.4	16798	11.4008	464	94	172	1	0.0001 Colloc0 464 2285 0.0299132 168.159
1220	1	1290.72	16794	16782.9	11.1146	455	98	168	3	0.0001 Colloc0 455 2288 0.0584309 150.515
1230	1	1301.02	16776.8	16765.8	11.0174	453	99	167	4	0.0001 Colloc0 453 2304 0.0141607 144.695
1240	1	1311.33	16893.2	16881.8	11.3986	458	88	178	1	0.0001 Colloc0 458 2330 0.0146868 168.02
1250	1	1321.29	16823.6	16812	11.6735	467	107	159	1	0.0001 Colloc0 467 2296 0.0256942 185.637
1260	1	1331.84	16824.8	16813.6	11.2564	447	99	167	0	0.0001 Colloc0 447 2337 0.0102908 159.161
1270	1	1342.4	16832.1	16821	11.0825	459	98	168	2	0.0001 Colloc0 459 2328 0.0688532 148.582
1280	1	1353.11	16918.6	16907.7	10.9821	445	81	185	0	0.0001 Colloc0 445 2324 0.0471647 142.605
1290	1	1363.66	16769.1	16758.3	10.8036	454	95	171	2	0.0001 Colloc0 454 2318 0.0360642 132.237
1300	1	1374.43	16779	16768.7	10.3057	444	92	174	2	0.0001 Colloc0 444 2306 0.149077 105.141
1310	1	1385.06	16714.9	16703.2	11.6125	446	105	161	2	0.0001 Colloc0 446 2280 0.0230233 181.676
1320	1	1395.78	16807.4	16796.1	11.2947	447	96	170	0	0.0001 Colloc0 447 2300 0.0306792 161.531
1330	1	1406.42	16810.4	16799.2	11.1742	450	93	173	1	0.0001 Colloc0 450 2308 0.0568097 154.127
1340	1	1417.11	16800.4	16790.1	10.2732	447	105	161	2	0.0001 Colloc0 447 2296 0.161559 103.474
1350	1	1427.63	16755.8	16744.6	11.1833	451	106	160	2	0.0001 Colloc0 451 2325 0.0296747 154.682
1360	1	1438.28	16714.8	16704.1	10.674	459	92	174	2	0.0001 Colloc0 459 2288 0.121048 124.913
1370	1	1448.87	16802.5	16791.5	10.9409	450	102	164	2	0.0001 Colloc0 450 2314 0.0400663 140.183
1380	1	1458.92	16678.8	16668.4	10.4474	448	122	144	3	0.0001 Colloc0 448 2270 0.114909 112.56
1390	1	1469.31	16693.4	16682.4	11.0485	452	102	164	3	0.0001 Colloc0 452 2269 0.0534615 146.551
1400	1	1480.07	16696.2	16685.4	10.8405	463	112	154	2	0.0001 Colloc0 463 2267 0.136319 134.352
1410	1	1490.73	16806.4	16794.6	11.7831	463	103	163	0	0.0001 Colloc0 463 2293 0.00867965 192.836
1420	1	1501.18	16762.4	16751.1	11.2704	459	110	156	1	0.0001 Colloc0 459 2268 0.0178781 160.03
1430	1	1511.51	16699	16687.8	11.2275	442	109	157	1	0.0001 Colloc0 442 2260 0.0385931 157.385
1440	1	1522.02	16753.7	16742.7	10.9477	462	112	154	2	0.0001 Colloc0 462 2253 0.105426 140.581
1450	1	1532.67	16854.5	16843.2	11.3317	482	99	167	3	0.0001 Colloc0 482 2300 0.0612025 163.832
1460	1	1543.26	16845.3	16834.2	11.152	468	102	164	3	0.0001 Colloc0 468 2278 0.0574437 152.775
1470	1	1553.24	16745.4	16733.9	11.4374	476	103	163	3	0.0001 Colloc0 476 2286 0.0905255 170.469
1480	1	1563.49	16636.2	16625.3	10.9707	456	118	148	0	0.0001 Colloc0 456 2297 0.10056 141.936
1490	1	1573.92	16717.7	16707.3	10.3754	446	111	155	3	0.0001 Colloc0 446 2287 0.132838 108.761
1500	1	1584.23	16821.2	16810.1	11.1072	471	99	167	2	0.0001 Colloc0 471 2309 0.0760677 150.069
1510	1	1594.47	16758.7	16747.9	10.8209	447	106	160	0	0.0001 Colloc0 447 2308 0.0572845 133.222
1520	1	1605.22	16703.2	16692.3	10.9047	435	104	162	3	0.0001 Colloc0 435 2307 0.0754801 138.071
1530	1	1616.03	16713.6	16702.7	10.9281	448	108	158	2	0.0001 Colloc0 448 2307 0.124095 139.436
1540	1	1626.78	16884.5	16874	10.4387	460	91	175	0	0.0001 Colloc0 460 2281 0.135145 112.099
1550	1	1637.08	16869.3	16858.8	10.5642	459	95	171	4	0.0001 Colloc0 459 2319 0.134492 118.853
1560	1	1647.97	16682.3	16671.2	11.0618	446	109	157	1	0.0001 Colloc0 446 2284 0.0243788 147.343
1570	1	1658.37	16737.6	16726.5	11.1127	446	94	172	0	0.0001 Colloc0 446 2316 0.051774 150.402
1580	1	1669.14	16736.4	16725.3	11.1484	453	109	157	1	0.0001 Colloc0 453 2313 0.0561628 152.558
1590	1	1679.89	16788.6	16777.6	10.9766	446	107	159	1	0.0001 Colloc0 446 2323 0.0434702 142.285
1600	1	1690.59	16726.9	16716.2	10.7224	439	101	165	1	0.0001 Colloc0 439 2331 0.102054 127.628
1610	1	1701.5	16776.2	16765	11.2492	453	100	166	1	0.0001 Colloc0 453 2343 0.0296312 158.719
1620	1	1711.61	16662	16651.4	10.6587	434	112	154	1	0.0001 Colloc0 434 2289 0.0774075 124.063
1630	1	1721.97	16747.5	16736.9	10.5648	441	104	162	2	0.0001 Colloc0 441 2345 0.112456 118.89
1640	1	1732.3	16724.2	16713.2	11.0748	442	101	165	4	0.0001 Colloc0 442 2276 0.023097 148.124
1650	1	1742.99	16755.2	16744.4	10.7629	454	100	166	2	0.0001 Colloc0 454 2313 0.123726 129.913
1660	1	1753.72	16777.6	16766.6	11.0648	468	97	169	1	0.0001 Colloc0 468 2298 0.090194 147.523
1670	1	1764.36	16691.5	16680.6	10.9185	460	104	162	2	0.0001 Colloc0 460 2294 0.0765523 138.877
1680	1	1775.04	16765.8	16754.6	11.2101	450	92	174	3	0.0001 Colloc0 450 2306 0.0338335 156.32
1690	1	1785.66	16704.7	16693	11.7524	457	98	168	3	0.0001 Colloc0 457 2292 0.0198675 190.808
1700	1	1796.34	16727.7	16717.3	10.3525	458	99	167	3	0.0001 Colloc0 458 2292 0.194435 107.563
1710	1	1807.05	16672	16661.1	10.8052	448	110	156	3	0.0001 Colloc0 448 2297 0.0982734 132.324
1720	1	1817.63	16742.8	16732.1	10.6405	455	96	170	5	0.0001 Colloc0 455 2314 0.143847 123.049
1730	1	1827.58	16724.6	16713.3	11.3211	448	102	164	1	0.0001 Colloc0 448 2288 0.0295794 163.171
1740	1	1838.3	16677.6	16667	10.5949	456	103	163	1	0.0001 Colloc0 456 2279 0.168641 120.535
1750	1	1849.18	16739.1	16727.6	11.5053	454	99	167	0	0.0001 Colloc0 454 2309 0.016814 174.786
1760	1	1859.95	16833.7	16822.4	11.321	462	89	177	2	0.0001 Colloc0 462 2332 0.0633478 163.163
1770	1	1870.65	16880.3	16869.3	10.9672	452	100	166	1	0.0001 Colloc0 452 2348 0.0835736 141.728
1780	1	1881.4	16828.2	16817.2	10.9527	450	92	174	3	0.0001 Colloc0 450 2322 0.0997699 140.875
1790	1	1891.92	16749.7	16738.4	11.3377	466	106	160	2	0.0001 Colloc0 466 2301 0.0118611 164.207
1800	1	1901.94	16861.9	16851.3	10.6449	441	101	165	1	0.0001 Colloc0 441 2324 0.107533 123.292
1810	1	1912.45	16667.7	16656.9	10.7855	439	99	167	1	0.0001 Colloc0 439 2321 0.0638845 131.199
1820	1	1922.46	16781.4	16771	10.4414	471	99	167	0	0.0001 Colloc0 471 2316 0.194686 112.241
1830	1	1933.2	16686.5	16675.4	11.0606	442	97	169	0	0.0001 Colloc0 442 2296 0.0500066 147.27
1840	1	1943.45	16645.1	16634.5	10.6729	463	100	166	1	0.0001 Colloc0 463 2315 0.144896 124.851
1850	1	1953.52	16585.6	16575.4	10.2483	443	115	151	1	0.0001 Colloc0 443 2280 0.181034 102.205
1860	1	1964.21	16745.1	16733.7	11.3766	458	102	164	3	0.0001 Colloc0 458 2309 0.00924074 166.642
1870	1	1974.81	16714.2	16703.1	11.0993	446	101	165	1	0.0001 Colloc0 446 2302 0.0705286 149.592
1880	1	1985.03	16730.5	16719.4	11.1076	439	105	161	2	0.0001 Colloc0 439 2318 0.00699251 150.09
1890	1	1995.12	16788.9	16777.5	11.4209	473	94	172	2	0.0001 Colloc0 473 2306 0.0495626 169.428
1900	1	2005.45	16891.9	16881.4	10.5631	455	90	176	4	0.0001 Colloc0 455 2340 0.131984 118.796
1910	1	2016.21	16733.8	16722.7	11.0858	451	102	164	1	0.0001 Colloc0 451 2329 0.0559246 148.782
1920	1	2026.71	16793.8	16783.1	10.7345	457	93	173	3	0.0001 Colloc0 457 2323 0.10079 128.311
1930	1	2037.25	16675.3	16664.8	10.4975	433	109	157	1	0.0001 Colloc0 433 2319 0.106324 115.241
1940	1	2047.91	16865.4	16854.3	11.0458	455	103	163	1	0.0001 Colloc0 455 2336 0.0395113 146.388
1950	1	2058.45	16765.1	16754.3	10.7963	459	100	166	2	0.0001 Colloc0 459 2338 0.0749651 131.817
1960	1	2069.02	16826.1	16815	11.0085	466	96	170	2	0.0001 Colloc0 466 2321 0.0604497 144.17
1970	1	2079.49	16790.7	16779.6	11.0938	456	92	174	0	0.0001 Colloc0 456 2314 0.059444 149.26
1980	1	2089.91	16703.5	16692.5	10.9637	451	100	166	1	0.0001 Colloc0 451 2305 0.037921 141.521
1990	1	2100.2	16556.5	16545.3	11.222	426	110	156	1	0.0001 Colloc0 426 2298 0.0101339 157.05
2000	1	2110.61	16752.5	16741.8	10.7566	444	96	170	0	0.0001 Colloc0 444 2328 0.0938441 129.559
