# D = 0, E = 1, I = 1, P = 1, R = -1, n = 2000, N = 1, P = 1, w = 1, a = 0.0001, b = 10000, e = 1, f = 1, g = 100, h = 0.01, r = 2686, s = 1, S = 0, x = 10, m = 100, Z = 1, z = 0, T = 1, t = 1
# 5872 tokens in 266 sentences
#
# It	Temp	Time	-logP	-logPcorpus	-logPrior	tables	same	changed	reject	default_pya	(parent pym pyn pya pyb)*
0	1	0.831873	22998	22884.2	113.764	1724	0	266	0	0.0001 Colloc0 1724 2551 0.0001 10000
10	1	11.5812	18131	18119.4	11.6297	526	57	209	3	0.0001 Colloc0 526 2469 0.0512424 182.789
20	1	21.6117	17682.1	17670.3	11.7076	478	68	198	0	0.0001 Colloc0 478 2453 0.00718088 187.87
30	1	31.5882	17771.5	17760.2	11.2415	492	72	194	2	0.0001 Colloc0 492 2490 0.0525296 158.247
40	1	41.6347	17605.7	17594.8	10.9784	463	71	195	0	0.0001 Colloc0 463 2436 0.115291 142.389
50	1	52.2001	17492	17481.1	10.9066	453	69	197	3	0.0001 Colloc0 453 2433 0.0138122 138.177
60	1	62.6045	17506.7	17495.8	10.9784	452	58	208	3	0.0001 Colloc0 452 2456 0.0203063 142.39
70	1	72.7229	17651.6	17640.2	11.3708	511	68	198	4	0.0001 Colloc0 511 2458 0.0851228 166.278
80	1	83.1554	17377	17366.1	10.8783	477	72	194	2	0.0001 Colloc0 477 2433 0.0987014 136.533
90	1	93.6398	17524.9	17514	10.9069	455	66	200	1	0.0001 Colloc0 455 2457 0.0988749 138.199
100	1	104.485	17366.3	17355.5	10.8236	460	88	178	2	0.0001 Colloc0 460 2446 0.0948517 133.378
110	1	115.056	17298.1	17287.7	10.4514	442	88	178	0	0.0001 Colloc0 442 2473 0.119971 112.772
120	1	125.542	17333.8	17323.5	10.3814	446	87	179	2	0.0001 Colloc0 446 2453 0.145304 109.076
130	1	135.54	17321.9	17310.7	11.1553	442	83	183	6	0.0001 Colloc0 442 2453 0.00621364 152.976
140	1	146.132	17242.1	17230.7	11.4542	456	73	193	2	0.0001 Colloc0 456 2448 0.0279501 171.531
150	1	156.69	17242.1	17231.1	11.0021	441	88	178	1	0.0001 Colloc0 441 2463 0.0533972 143.792
160	1	166.941	17172.4	17161	11.4014	463	88	178	3	0.0001 Colloc0 463 2400 0.0523649 168.195
170	1	176.902	17101.7	17090.5	11.13	458	92	174	2	0.0001 Colloc0 458 2431 0.0300593 151.443
180	1	187.222	17203.4	17192.4	11.0163	461	77	189	3	0.0001 Colloc0 461 2437 0.0821688 144.63
190	1	197.707	17293.4	17281.9	11.4663	475	80	186	1	0.0001 Colloc0 475 2418 0.0136568 172.299
200	1	208.431	17290.3	17279.3	11.0065	453	75	191	2	0.0001 Colloc0 453 2421 0.0581955 144.053
210	1	218.883	17158.2	17147.7	10.4835	452	85	181	1	0.0001 Colloc0 452 2393 0.153854 114.488
220	1	228.873	17067.9	17056.9	11.0255	451	92	174	1	0.0001 Colloc0 451 2419 0.0411949 145.179
230	1	239.295	17057.7	17047.3	10.4026	452	91	175	2	0.0001 Colloc0 452 2389 0.147107 110.189
240	1	249.757	17047.5	17036.9	10.6063	456	87	179	1	0.0001 Colloc0 456 2413 0.136699 121.164
250	1	259.754	17130.6	17119.4	11.2595	463	78	188	2	0.0001 Colloc0 463 2391 0.0187556 159.353
260	1	270.509	16995.8	16984.7	11.0871	433	91	175	2	0.0001 Colloc0 433 2396 0.0149634 148.86
270	1	281.019	16953.4	16942.2	11.2595	451	95	171	2	0.0001 Colloc0 451 2373 0.0122953 159.354
280	1	291.114	17018.1	17006.8	11.2822	461	87	179	3	0.0001 Colloc0 461 2378 0.00483505 160.757
290	1	301.671	17175.8	17164.8	11.0438	472	85	181	2	0.0001 Colloc0 472 2370 0.0736593 146.268
300	1	312.362	17105.1	17094.3	10.7925	459	90	176	2	0.0001 Colloc0 459 2396 0.0390412 131.6
310	1	322.377	17049.6	17038.5	11.1178	452	86	180	2	0.0001 Colloc0 452 2396 0.0588037 150.705
320	1	333.231	16954.4	16943.4	10.9482	435	95	171	3	0.0001 Colloc0 435 2375 0.0515306 140.609
330	1	343.858	16906.6	16895.6	10.9868	435	103	163	2	0.0001 Colloc0 435 2364 0.0375689 142.885
340	1	353.928	17027.8	17016.7	11.0283	442	93	173	2	0.0001 Colloc0 442 2404 0.0457573 145.346
350	1	364.191	16980.8	16970.2	10.613	444	96	170	1	0.0001 Colloc0 444 2367 0.0702204 121.528
360	1	374.093	17037.7	17026.6	11.1942	436	86	180	1	0.0001 Colloc0 436 2413 0.000615591 155.349
370	1	384.748	16985.1	16974.1	11.0721	450	94	172	2	0.0001 Colloc0 450 2383 0.0137459 147.962
380	1	395.566	17026.5	17015.7	10.8639	445	94	172	3	0.0001 Colloc0 445 2372 0.0138947 135.702
390	1	405.979	16944.3	16933.1	11.1863	455	88	178	2	0.0001 Colloc0 455 2370 0.0562056 154.863
400	1	416.568	17051.9	17040.8	11.0514	452	91	175	1	0.0001 Colloc0 452 2399 0.0519523 146.723
410	1	427.036	17013.4	17002.4	10.9299	446	82	184	2	0.0001 Colloc0 446 2353 0.0603212 139.541
420	1	436.977	17034.9	17023.5	11.3669	474	82	184	2	0.0001 Colloc0 474 2364 0.109583 166.03
430	1	447.002	17079.7	17068.2	11.4749	489	94	172	2	0.0001 Colloc0 489 2370 0.0236272 172.846
440	1	457.257	16978	16966.9	11.0504	438	95	171	2	0.0001 Colloc0 438 2386 0.017945 146.66
450	1	468.014	17068.4	17057.1	11.3368	434	88	178	2	0.0001 Colloc0 434 2396 0.00861279 164.15
460	1	478.72	17004.5	16993.3	11.2458	447	97	169	1	0.0001 Colloc0 447 2394 0.0240048 158.512
470	1	489.152	17045.8	17034.6	11.23	436	85	181	5	0.0001 Colloc0 436 2385 0.0102126 157.539
480	1	499.562	17052.3	17041	11.221	428	85	181	0	0.0001 Colloc0 428 2405 0.00498631 156.988
490	1	510.05	17018.9	17007.9	11.0593	442	94	172	3	0.0001 Colloc0 442 2383 0.03218 147.192
500	1	520.543	17124.3	17113.1	11.169	471	93	173	1	0.0001 Colloc0 471 2389 0.0390014 153.813
510	1	531.269	17039.9	17028.9	11.0113	444	90	176	1	0.0001 Colloc0 444 2385 0.0141565 144.338
520	1	541.555	17166.8	17155.4	11.3772	466	73	193	3	0.0001 Colloc0 466 2376 0.0669539 166.679
530	1	552.168	16967.5	16957	10.4925	444	85	181	3	0.0001 Colloc0 444 2382 0.0804887 114.972
540	1	562.72	17057.3	17046.1	11.1922	465	88	178	1	0.0001 Colloc0 465 2403 0.0831056 155.226
550	1	573.468	17009.7	16998.7	11.0274	438	92	174	1	0.0001 Colloc0 438 2396 0.0196968 145.294
560	1	584.084	17033.7	17022.8	10.8799	446	91	175	2	0.0001 Colloc0 446 2387 0.0372167 136.631
570	1	594.784	17148	17137	11.0777	464	77	189	2	0.0001 Colloc0 464 2414 0.0588393 148.296
580	1	605.662	17053.4	17042.3	11.1111	433	85	181	0	0.0001 Colloc0 433 2402 0.0168966 150.306
590	1	616.409	17145.7	17134.4	11.232	458	87	179	2	0.0001 Colloc0 458 2391 0.0713451 157.664
600	1	626.99	17025.6	17014.6	10.9712	431	75	191	1	0.0001 Colloc0 431 2402 0.00445039 141.962
610	1	637.601	16977.4	16966.6	10.7531	435	100	166	2	0.0001 Colloc0 435 2372 0.0532119 129.36
620	1	647.869	17020.4	17009.2	11.1639	440	90	176	2	0.0001 Colloc0 440 2390 0.023005 153.501
630	1	658.39	17150.8	17139.6	11.2174	463	80	186	2	0.0001 Colloc0 463 2389 0.0149215 156.767
640	1	669.039	17172.8	17161.7	11.0685	462	85	181	1	0.0001 Colloc0 462 2393 0.0282983 147.745
650	1	679.68	17123.3	17112	11.3031	467	77	189	1	0.0001 Colloc0 467 2410 0.00577872 162.056
660	1	690.233	17151.4	17140.3	11.1537	464	85	181	1	0.0001 Colloc0 464 2390 0.0589624 152.88
670	1	700.843	17000.9	16990.1	10.803	448	99	167	1	0.0001 Colloc0 448 2407 0.099477 132.198
680	1	711.519	16958.3	16947.4	10.9256	453	90	176	0	0.0001 Colloc0 453 2381 0.073291 139.289
690	1	722.282	17065.3	17054.7	10.587	452	88	178	3	0.0001 Colloc0 452 2404 0.0614837 120.103
700	1	732.554	17128.7	17117.5	11.1499	466	82	184	1	0.0001 Colloc0 466 2407 0.0189562 152.651
710	1	743.249	17153.9	17142.8	11.1078	457	86	180	1	0.0001 Colloc0 457 2398 0.066371 150.104
720	1	753.98	17149.1	17138.1	10.9989	460	83	183	3	0.0001 Colloc0 460 2367 0.0222072 143.599
730	1	764.095	17092.9	17082.2	10.6108	437	84	182	2	0.0001 Colloc0 437 2405 0.107848 121.41
740	1	774.215	16968	16956.8	11.1991	459	81	185	2	0.0001 Colloc0 459 2372 0.0658324 155.643
750	1	784.887	17054.2	17043	11.1977	444	93	173	2	0.0001 Colloc0 444 2402 0.0224503 155.558
760	1	795.566	16991.1	16980.2	10.8659	450	85	181	2	0.0001 Colloc0 450 2392 0.0829133 135.816
770	1	806.221	16937.6	16926.7	10.8665	443	90	176	2	0.0001 Colloc0 443 2362 0.0716683 135.851
780	1	816.255	17067.6	17056.5	11.0684	454	77	189	2	0.0001 Colloc0 454 2398 0.0340645 147.741
790	1	826.259	17069	17057.7	11.3319	436	90	176	1	0.0001 Colloc0 436 2379 0.0161272 163.843
800	1	836.253	16998	16986.9	11.141	436	82	184	1	0.0001 Colloc0 436 2381 0.0296096 152.111
810	1	846.194	16977.4	16966.5	10.9346	453	77	189	0	0.0001 Colloc0 453 2355 0.0585996 139.816
820	1	856.495	16952.7	16942	10.6856	440	79	187	5	0.0001 Colloc0 440 2381 0.0744504 125.562
830	1	867.233	17047.8	17036.3	11.5003	456	86	180	5	0.0001 Colloc0 456 2387 0.0053733 174.466
840	1	877.906	17087.7	17076.6	11.1469	450	79	187	1	0.0001 Colloc0 450 2367 0.0351627 152.468
850	1	888.477	16967.7	16956.6	11.1553	435	79	187	0	0.0001 Colloc0 435 2370 0.00424165 152.976
860	1	899.202	16899.4	16888.4	11.02	448	92	174	2	0.0001 Colloc0 448 2323 0.111129 144.85
870	1	910.076	17013.3	17002.2	11.0716	457	91	175	0	0.0001 Colloc0 457 2376 0.0579125 147.932
880	1	920.813	17032.8	17021.2	11.5456	454	92	174	3	0.0001 Colloc0 454 2412 0.0271254 177.363
890	1	931.153	16956.6	16946	10.6645	435	98	168	3	0.0001 Colloc0 435 2394 0.0798117 124.383
900	1	941.611	16997.7	16986.5	11.1414	443	88	178	0	0.0001 Colloc0 443 2389 0.00134896 152.133
910	1	952.37	17088.9	17078.1	10.7954	461	84	182	1	0.0001 Colloc0 461 2393 0.0921807 131.767
920	1	963.169	16945.7	16934.4	11.2859	441	77	189	2	0.0001 Colloc0 441 2393 0.00283298 160.986
930	1	973.252	16975.2	16964.1	11.1321	432	83	183	1	0.0001 Colloc0 432 2394 0.000191212 151.57
940	1	983.424	17034.4	17023.2	11.2048	447	85	181	0	0.0001 Colloc0 447 2382 0.00118867 155.994
950	1	994.076	17013	17001.6	11.4302	444	80	186	1	0.0001 Colloc0 444 2366 0.00135614 170.012
960	1	1004.52	16904	16893.1	10.8229	438	87	179	3	0.0001 Colloc0 438 2363 0.093627 133.338
970	1	1015.33	16925.4	16914.2	11.1824	443	87	179	1	0.0001 Colloc0 443 2378 0.00213585 154.628
980	1	1026.03	16991.2	16980	11.2858	449	90	176	3	0.0001 Colloc0 449 2371 0.0787452 160.98
990	1	1036.59	17000.9	16989.5	11.3386	454	83	183	0	0.0001 Colloc0 454 2389 0.0260206 164.262
1000	1	1047.26	16875.1	16864.1	10.9857	433	82	184	0	0.0001 Colloc0 433 2378 0.0257798 142.822
1010	1	1057.84	16851.2	16840.7	10.4867	453	96	170	2	0.0001 Colloc0 453 2363 0.152201 114.659
1020	1	1068.39	16882.4	16871.3	11.1399	442	95	171	1	0.0001 Colloc0 442 2362 0.0152787 152.043
1030	1	1078.99	16857.8	16847.4	10.3804	434	94	172	1	0.0001 Colloc0 434 2382 0.121773 109.021
1040	1	1089.45	16840.7	16830.5	10.1674	440	94	172	3	0.0001 Colloc0 440 2403 0.137839 98.1392
1050	1	1100.14	16971	16960.1	10.8803	445	89	177	1	0.0001 Colloc0 445 2392 0.070757 136.648
1060	1	1110.91	16884.5	16873.3	11.2194	435	93	173	1	0.0001 Colloc0 435 2388 0.0174 156.89
1070	1	1121.29	16907.1	16896.3	10.797	439	96	170	1	0.0001 Colloc0 439 2374 0.0847763 131.857
1080	1	1131.41	16929.7	16918.9	10.8452	439	79	187	3	0.0001 Colloc0 439 2389 0.0426363 134.621
1090	1	1141.86	16902.3	16891.7	10.6604	431	91	175	3	0.0001 Colloc0 431 2389 0.140662 124.153
1100	1	1151.72	17162.3	17151	11.3189	458	75	191	2	0.0001 Colloc0 458 2418 0.0365232 163.033
1110	1	1161.67	16862.9	16852.6	10.2962	428	82	184	2	0.0001 Colloc0 428 2364 0.158216 104.65
1120	1	1171.68	17035.9	17024.9	10.9338	429	84	182	0	0.0001 Colloc0 429 2393 0.0210333 139.771
1130	1	1181.78	16906.1	16894.9	11.1743	462	85	181	2	0.0001 Colloc0 462 2378 0.0945786 154.132
1140	1	1191.82	16851.4	16840.3	11.0998	441	89	177	1	0.0001 Colloc0 441 2360 0.030925 149.621
1150	1	1202.52	16790.1	16779.6	10.5748	429	92	174	3	0.0001 Colloc0 429 2359 0.0695117 119.431
1160	1	1213.22	16913.4	16902.3	11.1354	429	86	180	1	0.0001 Colloc0 429 2380 0.00575226 151.772
1170	1	1223.51	16999.9	16988.5	11.3526	449	87	179	2	0.0001 Colloc0 449 2389 0.0593882 165.136
1180	1	1233.39	16969.5	16958.5	11.0141	461	87	179	0	0.0001 Colloc0 461 2375 0.076035 144.504
1190	1	1243.39	16927.9	16916.9	11.0397	443	92	174	0	0.0001 Colloc0 443 2386 0.047396 146.022
1200	1	1253.53	17024.8	17013.8	10.9822	460	83	183	1	0.0001 Colloc0 460 2395 0.0801316 142.615
1210	1	1264.07	16984	16972.9	11.0323	429	87	179	1	0.0001 Colloc0 429 2400 0.0123999 145.584
1220	1	1274.71	16843.3	16832.2	11.0667	436	94	172	2	0.0001 Colloc0 436 2376 0.0278079 147.638
1230	1	1285.33	16920.8	16909.2	11.6018	460	82	184	1	0.0001 Colloc0 460 2371 0.006336 180.982
1240	1	1295.84	16913.5	16902.9	10.5545	450	94	172	2	0.0001 Colloc0 450 2394 0.130497 118.326
1250	1	1306.43	17003.2	16992.8	10.3852	436	82	184	1	0.0001 Colloc0 436 2398 0.0793619 109.277
1260	1	1317.17	16875.4	16864	11.3661	449	95	171	1	0.0001 Colloc0 449 2367 0.0277289 165.98
1270	1	1327.87	16962.3	16952	10.3877	434	74	192	3	0.0001 Colloc0 434 2383 0.152615 109.405
1280	1	1338.57	16930.4	16919.4	10.959	431	86	180	2	0.0001 Colloc0 431 2387 0.0457964 141.247
1290	1	1348.87	17039	17028.2	10.8601	446	79	187	1	0.0001 Colloc0 446 2411 0.074869 135.484
1300	1	1359.56	16935.2	16923.7	11.4398	437	85	181	0	0.0001 Colloc0 437 2360 0.00367657 170.621
1310	1	1369.95	16910.8	16899.8	10.9914	448	91	175	1	0.0001 Colloc0 448 2369 0.0398027 143.156
1320	1	1380.54	16914.8	16903.8	10.999	447	101	165	3	0.0001 Colloc0 447 2372 0.0496983 143.604
1330	1	1390.97	17013	17002	10.9943	444	85	181	1	0.0001 Colloc0 444 2408 0.00755911 143.329
1340	1	1400.91	16955	16943.8	11.2316	452	94	172	0	0.0001 Colloc0 452 2394 0.0272663 157.638
1350	1	1411.31	16762.2	16751.3	10.881	436	99	167	2	0.0001 Colloc0 436 2356 0.0548417 136.692
1360	1	1421.17	17005.6	16994.7	10.8861	458	77	189	1	0.0001 Colloc0 458 2389 0.0504593 136.986
1370	1	1431.65	16789.7	16778.9	10.7881	427	87	179	0	0.0001 Colloc0 427 2365 0.0138469 131.347
1380	1	1442.25	16876.6	16865.9	10.6645	438	104	162	4	0.0001 Colloc0 438 2377 0.0673817 124.382
1390	1	1452.97	16784.3	16773.6	10.7356	429	94	172	1	0.0001 Colloc0 429 2346 0.0650171 128.369
1400	1	1463.57	16939.1	16928	11.0744	431	95	171	2	0.0001 Colloc0 431 2383 0.0219474 148.098
1410	1	1474.21	16835.5	16825	10.4573	432	93	173	2	0.0001 Colloc0 432 2372 0.123053 113.09
1420	1	1484.87	16922.1	16911.2	10.9041	430	95	171	3	0.0001 Colloc0 430 2382 0.0141559 138.034
1430	1	1495.71	17042.2	17031.4	10.7682	469	86	180	1	0.0001 Colloc0 469 2383 0.104401 130.218
1440	1	1506.46	16927.5	16916.6	10.8747	461	88	178	2	0.0001 Colloc0 461 2372 0.0868027 136.327
1450	1	1517.15	16973.6	16963	10.6021	452	87	179	3	0.0001 Colloc0 452 2372 0.131248 120.931
1460	1	1527.72	16864	16853.8	10.1874	441	91	175	1	0.0001 Colloc0 441 2383 0.168462 99.1371
1470	1	1538.39	16852.4	16841.5	10.8539	430	84	182	5	0.0001 Colloc0 430 2376 0.0568668 135.122
1480	1	1549.14	16799.3	16788.4	10.8905	442	105	161	0	0.0001 Colloc0 442 2356 0.0583257 137.243
1490	1	1559.26	16882.6	16871.9	10.7086	447	93	173	3	0.0001 Colloc0 447 2375 0.0888884 126.849
1500	1	1569.56	16878.9	16867.8	11.0867	456	93	173	0	0.0001 Colloc0 456 2356 0.0490005 148.838
1510	1	1580.17	16941.9	16931.5	10.4344	461	90	176	3	0.0001 Colloc0 461 2338 0.169493 111.868
1520	1	1590.65	17031.5	17020.6	10.8828	453	90	176	1	0.0001 Colloc0 453 2359 0.0512892 136.795
1530	1	1601.25	16982.4	16971.7	10.7542	449	79	187	0	0.0001 Colloc0 449 2328 0.128491 129.424
1540	1	1611.18	16936.3	16925.1	11.2037	470	73	193	2	0.0001 Colloc0 470 2315 0.100703 155.93
1550	1	1621.66	16688.7	16677.3	11.4162	447	93	173	0	0.0001 Colloc0 447 2306 0.0284307 169.133
1560	1	1632.56	16738	16727	10.9736	456	89	177	2	0.0001 Colloc0 456 2312 0.043318 142.108
1570	1	1643.22	16740.8	16730.2	10.6385	455	92	174	3	0.0001 Colloc0 455 2324 0.107446 122.942
1580	1	1653.9	16661.1	16649.7	11.3647	452	103	163	2	0.0001 Colloc0 452 2301 0.00199209 165.892
1590	1	1664.59	16785.4	16774.1	11.315	443	91	175	2	0.0001 Colloc0 443 2318 0.0579866 162.792
1600	1	1674.98	16768.3	16757.3	11.0631	451	87	179	1	0.0001 Colloc0 451 2309 0.0555994 147.421
1610	1	1685.74	16837.3	16826.2	11.0707	463	86	180	1	0.0001 Colloc0 463 2300 0.102762 147.875
1620	1	1696.35	16713.6	16702.2	11.3696	451	98	168	0	0.0001 Colloc0 451 2302 0.0566254 166.198
1630	1	1707.07	16580.4	16569.2	11.1623	437	118	148	1	0.0001 Colloc0 437 2287 0.023529 153.404
1640	1	1717.8	16745.8	16734.8	10.9854	447	94	172	2	0.0001 Colloc0 447 2330 0.0487311 142.801
1650	1	1728.43	16672.9	16661.6	11.3183	457	97	169	3	0.0001 Colloc0 457 2300 0.0491604 162.999
1660	1	1739.08	16821	16809.9	11.0865	454	88	178	1	0.0001 Colloc0 454 2320 0.0143022 148.826
1670	1	1749.79	16798	16786.7	11.264	466	97	169	0	0.0001 Colloc0 466 2308 0.0418277 159.633
1680	1	1760.24	16625.4	16614.3	11.0576	434	88	178	2	0.0001 Colloc0 434 2275 0.011865 147.092
1690	1	1771.03	16731	16719.5	11.4363	452	99	167	0	0.0001 Colloc0 452 2303 0.00508921 170.402
1700	1	1781.71	16714.8	16703.7	11.0112	432	95	171	2	0.0001 Colloc0 432 2333 0.013886 144.33
1710	1	1792.49	16707.7	16696.8	10.8746	444	98	168	1	0.0001 Colloc0 444 2331 0.0617032 136.319
1720	1	1803.19	16773.3	16762.2	11.1089	446	96	170	1	0.0001 Colloc0 446 2318 0.0519952 150.173
1730	1	1813.51	16830.9	16819.6	11.2909	451	84	182	1	0.0001 Colloc0 451 2322 0.00341649 161.295
1740	1	1824.15	16757	16746	11.0061	445	96	170	0	0.0001 Colloc0 445 2294 0.0731937 144.03
1750	1	1834.76	16657	16646.5	10.4713	430	103	163	1	0.0001 Colloc0 430 2312 0.0775564 113.837
1760	1	1845.21	16719.7	16708.8	10.8606	451	96	170	1	0.0001 Colloc0 451 2316 0.114181 135.511
1770	1	1855.7	16607.3	16596.6	10.716	451	100	166	0	0.0001 Colloc0 451 2279 0.08199 127.265
1780	1	1866.3	16673.9	16662.7	11.1417	443	102	164	1	0.0001 Colloc0 443 2317 0.0440718 152.15
1790	1	1876.33	16601.1	16589.9	11.1697	461	102	164	1	0.0001 Colloc0 461 2280 0.0751531 153.856
1800	1	1886.94	16668.9	16657.5	11.3949	437	96	170	1	0.0001 Colloc0 437 2310 0.0096932 167.788
1810	1	1897.49	16616.3	16606.2	10.179	445	106	160	0	0.0001 Colloc0 445 2300 0.133735 98.7155
1820	1	1908.1	16571.4	16560.4	10.9347	447	108	158	0	0.0001 Colloc0 447 2265 0.0670321 139.821
1830	1	1918.39	16613	16602	11.0494	445	98	168	1	0.0001 Colloc0 445 2288 0.061635 146.602
1840	1	1928.55	16600	16588.9	11.0364	431	97	169	1	0.0001 Colloc0 431 2319 0.0273342 145.825
1850	1	1939.18	16679.2	16668.4	10.8417	441	89	177	1	0.0001 Colloc0 441 2326 0.020904 134.423
1860	1	1949.81	16654.6	16643.7	10.8945	434	107	159	0	0.0001 Colloc0 434 2313 0.0345764 137.476
1870	1	1960.48	16648.6	16637.2	11.3688	444	93	173	3	0.0001 Colloc0 444 2302 0.00209417 166.152
1880	1	1971.04	16663.5	16652.7	10.7815	447	87	179	2	0.0001 Colloc0 447 2301 0.100369 130.971
1890	1	1981.56	16613.4	16602.8	10.5674	437	108	158	0	0.0001 Colloc0 437 2310 0.0965217 119.028
1900	1	1992.02	16610.6	16599.7	10.9255	440	112	154	0	0.0001 Colloc0 440 2296 0.0587663 139.284
1910	1	2002.32	16625.5	16614.6	10.9415	459	101	165	1	0.0001 Colloc0 459 2282 0.04989 140.218
1920	1	2012.29	16674.3	16662.9	11.4155	459	98	168	2	0.0001 Colloc0 459 2303 0.019838 169.086
1930	1	2022.2	16697.3	16686.5	10.8222	451	103	163	2	0.0001 Colloc0 451 2318 0.0504643 133.299
1940	1	2032	16646	16634.9	11.0538	460	106	160	3	0.0001 Colloc0 460 2278 0.072212 146.866
1950	1	2041.87	16586.6	16575.2	11.4443	431	105	161	3	0.0001 Colloc0 431 2304 0.0118699 170.906
1960	1	2051.89	16606.4	16595.4	10.9843	443	112	154	2	0.0001 Colloc0 443 2307 0.0417827 142.74
1970	1	2062.13	16691.7	16680.2	11.4829	454	103	163	3	0.0001 Colloc0 454 2301 0.00492472 173.356
1980	1	2071.98	16654.5	16643.5	10.9761	446	95	171	0	0.0001 Colloc0 446 2289 0.0553808 142.255
1990	1	2082.27	16711.4	16700.2	11.1528	450	92	174	1	0.0001 Colloc0 450 2303 0.0256 152.829
2000	1	2092.35	16688.2	16677.1	11.1273	465	97	169	1	0.0001 Colloc0 465 2281 0.0785528 151.282
