# D = 0, E = 1, I = 1, P = 1, R = -1, n = 2000, N = 1, P = 1, w = 1, a = 0.0001, b = 10000, e = 1, f = 1, g = 100, h = 0.01, r = 7615, s = 1, S = 0, x = 10, m = 100, Z = 1, z = 0, T = 1, t = 1
# 8312 tokens in 824 sentences
#
# It	Temp	Time	-logP	-logPcorpus	-logPrior	tables	same	changed	reject	default_pya	(parent pym pyn pya pyb)*
0	1	0.58791	33945.6	33831.9	113.764	2797	0	824	0	0.0001 Colloc0 2797 4427 0.0001 10000
10	1	9.14561	24942.2	24930.6	11.5866	591	297	527	3	0.0001 Colloc0 591 3419 0.0235333 180.002
20	1	16.4955	24149.5	24138.4	11.0561	524	414	410	2	0.0001 Colloc0 524 3395 0.0526457 147.004
30	1	23.6644	23614.5	23603.7	10.8002	488	446	378	0	0.0001 Colloc0 488 3351 0.0667847 132.041
40	1	30.7853	23683.7	23672.7	10.9859	497	447	377	3	0.0001 Colloc0 497 3353 0.0140551 142.831
50	1	37.7153	23474.4	23463.7	10.6744	488	451	373	0	0.0001 Colloc0 488 3352 0.0697028 124.936
60	1	44.8532	23426.9	23416.3	10.5373	482	462	362	4	0.0001 Colloc0 482 3311 0.0976979 117.391
70	1	52.0171	23300.4	23289.6	10.8152	478	487	337	0	0.0001 Colloc0 478 3295 0.0583753 132.899
80	1	59.294	23271.8	23260.8	11.0039	474	494	330	3	0.0001 Colloc0 474 3314 0.00686877 143.895
90	1	66.3909	23313.9	23303	10.9525	496	494	330	2	0.0001 Colloc0 496 3292 0.0302206 140.864
100	1	73.5568	23220.9	23210.2	10.6861	471	505	319	3	0.0001 Colloc0 471 3259 0.0675986 125.589
110	1	80.7007	23149	23137.9	11.0823	486	508	316	1	0.0001 Colloc0 486 3252 0.0232157 148.569
120	1	87.8796	23114.5	23103.9	10.6142	490	515	309	3	0.0001 Colloc0 490 3247 0.0890887 121.595
130	1	95.0066	23106.6	23095.6	11.0565	483	516	308	3	0.0001 Colloc0 483 3259 0.0285279 147.024
140	1	102.202	23142.4	23131.2	11.2606	487	507	317	1	0.0001 Colloc0 487 3252 0.00550595 159.423
150	1	109.303	23013.6	23002.7	10.9096	474	519	305	2	0.0001 Colloc0 474 3248 0.0377281 138.356
160	1	116.422	23021.6	23011.2	10.3654	476	543	281	1	0.0001 Colloc0 476 3247 0.120595 108.237
170	1	123.512	22974.3	22964.3	9.98748	475	526	298	2	0.0001 Colloc0 475 3250 0.124344 89.3885
180	1	130.681	22998.6	22987.8	10.7727	457	511	313	2	0.0001 Colloc0 457 3266 0.0218219 130.475
190	1	137.447	22888.8	22877.9	10.8995	459	529	295	1	0.0001 Colloc0 459 3236 0.0186075 137.768
200	1	144.558	22795.8	22784.6	11.1969	467	565	259	2	0.0001 Colloc0 467 3230 0.0087396 155.515
210	1	151.765	22914.7	22903.9	10.7683	470	515	309	2	0.0001 Colloc0 470 3241 0.0659837 130.222
220	1	159.02	22954.9	22944	10.9211	459	529	295	1	0.0001 Colloc0 459 3250 0.00728008 139.028
230	1	166.195	22987.1	22976.2	10.904	471	531	293	1	0.0001 Colloc0 471 3254 0.0214238 138.03
240	1	173.387	22925.4	22914.6	10.742	463	529	295	3	0.0001 Colloc0 463 3267 0.0259524 128.73
250	1	180.521	22822.2	22811.6	10.6248	451	570	254	1	0.0001 Colloc0 451 3253 0.0519436 122.182
260	1	187.679	22558.8	22548.4	10.4187	448	596	228	2	0.0001 Colloc0 448 3217 0.0962121 111.037
270	1	194.831	22699.1	22688.2	10.908	448	559	265	2	0.0001 Colloc0 448 3209 0.0165557 138.263
280	1	202.026	22601.7	22591.1	10.667	460	582	242	1	0.0001 Colloc0 460 3239 0.0459009 124.524
290	1	209.139	22639.9	22629.2	10.6844	452	577	247	2	0.0001 Colloc0 452 3225 0.0446565 125.491
300	1	216.208	22654	22643.1	10.8487	455	562	262	3	0.0001 Colloc0 455 3225 0.0309941 134.823
310	1	223.338	22678.3	22667.3	11.0681	453	546	278	3	0.0001 Colloc0 453 3211 0.015039 147.722
320	1	230.397	22721.9	22710.9	10.9923	445	547	277	2	0.0001 Colloc0 445 3222 0.0146627 143.21
330	1	237.42	22767.4	22756.9	10.5483	451	543	281	3	0.0001 Colloc0 451 3232 0.051923 117.99
340	1	244.424	22736.1	22725.1	11.043	468	543	281	2	0.0001 Colloc0 468 3206 0.0139465 146.22
350	1	251.367	22672.9	22662.2	10.6646	454	544	280	1	0.0001 Colloc0 454 3218 0.0687835 124.388
360	1	258.451	22563	22552.3	10.6817	450	586	238	2	0.0001 Colloc0 450 3202 0.0260212 125.344
370	1	265.576	22685.4	22674.5	10.9699	459	562	262	1	0.0001 Colloc0 459 3194 0.00449335 141.888
380	1	272.788	22483.1	22472.3	10.8642	448	575	249	2	0.0001 Colloc0 448 3188 0.0484962 135.717
390	1	279.74	22410.9	22399.8	11.0709	442	606	218	2	0.0001 Colloc0 442 3168 0.0201362 147.89
400	1	286.668	22445.1	22434.6	10.4723	448	583	241	2	0.0001 Colloc0 448 3174 0.0571005 113.892
410	1	293.497	22512.9	22502.4	10.4798	455	578	246	1	0.0001 Colloc0 455 3159 0.0977339 114.292
420	1	300.298	22508.5	22497.6	10.9216	455	564	260	2	0.0001 Colloc0 455 3179 0.00799925 139.057
430	1	307.482	22528.1	22517.2	10.8137	472	573	251	4	0.0001 Colloc0 472 3169 0.0786188 132.813
440	1	314.568	22449.5	22438.7	10.8618	461	577	247	3	0.0001 Colloc0 461 3150 0.0143396 135.579
450	1	321.695	22403.2	22392.4	10.8866	455	585	239	3	0.0001 Colloc0 455 3156 0.036375 137.017
460	1	328.845	22389.5	22378.8	10.787	462	581	243	2	0.0001 Colloc0 462 3140 0.0732253 131.289
470	1	335.747	22468.6	22457.3	11.3469	473	549	275	1	0.0001 Colloc0 473 3144 0.00887998 164.778
480	1	342.881	22440	22429	10.9654	462	548	276	3	0.0001 Colloc0 462 3140 0.00988266 141.622
490	1	349.957	22338.7	22327.6	11.1291	445	577	247	1	0.0001 Colloc0 445 3147 0.0117098 151.39
500	1	357.009	22384	22373.3	10.7869	464	583	241	1	0.0001 Colloc0 464 3130 0.10946 131.281
510	1	364.218	22352	22341.4	10.6445	455	567	257	2	0.0001 Colloc0 455 3136 0.0411803 123.272
520	1	371.362	22396.8	22386.3	10.5602	470	545	279	4	0.0001 Colloc0 470 3120 0.0675036 118.637
530	1	378.299	22331.1	22320.6	10.5091	455	569	255	2	0.0001 Colloc0 455 3117 0.0688737 115.866
540	1	385.291	22128.7	22118	10.6628	438	611	213	1	0.0001 Colloc0 438 3110 0.0497335 124.291
550	1	392.292	22269.9	22259	10.9142	465	576	248	2	0.0001 Colloc0 465 3109 0.0336238 138.625
560	1	399.411	22207.7	22196.9	10.864	456	614	210	2	0.0001 Colloc0 456 3116 0.0154957 135.706
570	1	406.519	22235.9	22225	10.9055	458	588	236	1	0.0001 Colloc0 458 3114 0.0507825 138.117
580	1	413.651	22157.1	22146.3	10.7411	443	611	213	2	0.0001 Colloc0 443 3083 0.0164037 128.678
590	1	420.72	22294.2	22283.8	10.4239	458	573	251	1	0.0001 Colloc0 458 3114 0.110862 111.315
600	1	427.907	22251.9	22241.4	10.5781	457	567	257	1	0.0001 Colloc0 457 3098 0.0736687 119.614
610	1	435.008	22231	22220.1	10.9025	459	584	240	2	0.0001 Colloc0 459 3092 0.0447112 137.941
620	1	442.046	22321.4	22310.5	10.925	472	564	260	4	0.0001 Colloc0 472 3105 0.0584137 139.251
630	1	449.066	22120.1	22109	11.0361	441	601	223	1	0.0001 Colloc0 441 3090 0.00326687 145.808
640	1	456.173	22177.3	22166.5	10.8049	446	591	233	1	0.0001 Colloc0 446 3111 0.0264846 132.306
650	1	463.335	22182.4	22171.4	11.0334	468	589	235	3	0.0001 Colloc0 468 3095 0.0128952 145.649
660	1	470.515	22307.3	22296.4	10.9108	468	560	264	1	0.0001 Colloc0 468 3104 0.0253266 138.426
670	1	477.612	22160.8	22149.7	11.1401	458	587	237	1	0.0001 Colloc0 458 3088 0.0214841 152.054
680	1	484.769	22112	22101.1	10.921	449	613	211	0	0.0001 Colloc0 449 3080 0.0293235 139.019
690	1	491.918	22182.4	22171.4	11.0248	460	579	245	1	0.0001 Colloc0 460 3084 0.0278124 145.137
700	1	499.02	22148.5	22137.5	10.9572	463	600	224	1	0.0001 Colloc0 463 3076 0.0243253 141.139
710	1	505.904	22021.3	22010.2	11.0534	448	611	213	1	0.0001 Colloc0 448 3071 0.015288 146.839
720	1	512.828	22101.1	22089.8	11.267	455	601	223	1	0.0001 Colloc0 455 3081 0.0216727 159.821
730	1	519.735	22086.4	22075.6	10.8377	464	599	225	0	0.0001 Colloc0 464 3078 0.0516543 134.192
740	1	526.829	21977.7	21966.8	10.85	457	627	197	2	0.0001 Colloc0 457 3060 0.0619265 134.902
750	1	533.975	22097.4	22087.2	10.2325	460	598	226	0	0.0001 Colloc0 460 3079 0.122942 101.404
760	1	541.063	22198.4	22187.5	10.8828	478	564	260	1	0.0001 Colloc0 478 3042 0.00942674 136.796
770	1	548.384	22210.7	22199.4	11.3126	476	566	258	1	0.0001 Colloc0 476 3046 0.0440744 162.644
780	1	555.711	22179.7	22168.7	11.053	467	561	263	0	0.0001 Colloc0 467 3056 0.016246 146.815
790	1	562.828	22021.6	22010.7	10.913	459	605	219	1	0.0001 Colloc0 459 3048 0.0390901 138.554
800	1	570.015	21930.7	21920.1	10.6166	456	642	182	1	0.0001 Colloc0 456 3032 0.101782 121.732
810	1	576.926	22084.5	22073.5	11.0197	465	603	221	0	0.0001 Colloc0 465 3064 0.0184438 144.836
820	1	583.706	22084.1	22073.2	10.9736	460	574	250	1	0.0001 Colloc0 460 3048 0.0387947 142.104
830	1	590.555	22051.4	22040.4	10.95	455	598	226	3	0.0001 Colloc0 455 3054 0.0125192 140.72
840	1	597.705	22017.6	22006.6	11.0638	447	602	222	1	0.0001 Colloc0 447 3047 0.0217528 147.465
850	1	604.863	22043.4	22032.5	10.929	454	594	230	0	0.0001 Colloc0 454 3050 0.0437071 139.486
860	1	612.061	22185	22174.5	10.4726	471	553	271	0	0.0001 Colloc0 471 3059 0.115968 113.904
870	1	619.185	22028.4	22017.7	10.7733	451	611	213	1	0.0001 Colloc0 451 3067 0.0461222 130.506
880	1	626.328	22070.9	22060.1	10.8295	457	606	218	2	0.0001 Colloc0 457 3062 0.0164045 133.72
890	1	633.619	22167.1	22156.2	10.9516	491	579	245	2	0.0001 Colloc0 491 3062 0.0813213 140.813
900	1	640.8	22056.2	22045.9	10.3733	464	586	238	0	0.0001 Colloc0 464 3049 0.0968574 108.649
910	1	647.878	21980.8	21970	10.8063	455	626	198	1	0.0001 Colloc0 455 3055 0.0352425 132.39
920	1	655.081	22036.2	22025.2	11.0111	454	592	232	1	0.0001 Colloc0 454 3072 0.0035092 144.323
930	1	662.296	22074.7	22063.9	10.8326	472	585	239	0	0.0001 Colloc0 472 3050 0.0809408 133.895
940	1	669.408	22133.8	22122.7	11.0821	467	576	248	0	0.0001 Colloc0 467 3047 0.0220864 148.557
950	1	676.672	22056.4	22045.5	10.9322	458	596	228	1	0.0001 Colloc0 458 3050 0.0302802 139.677
960	1	683.774	22012.2	22001.4	10.8155	458	598	226	1	0.0001 Colloc0 458 3026 0.033222 132.918
970	1	690.94	22094.9	22084.2	10.7115	452	604	220	0	0.0001 Colloc0 452 3049 0.0142006 127.014
980	1	698.125	21973.4	21962.4	10.9522	444	604	220	0	0.0001 Colloc0 444 3042 0.0181872 140.847
990	1	705.357	22046.4	22035.2	11.2033	468	588	236	2	0.0001 Colloc0 468 3044 0.0254647 155.903
1000	1	712.563	22052.8	22042.1	10.67	473	592	232	2	0.0001 Colloc0 473 3050 0.11946 124.689
1010	1	719.716	22012.7	22001.9	10.8449	446	598	226	2	0.0001 Colloc0 446 3049 0.00296239 134.605
1020	1	726.872	21955.7	21944.6	11.0811	455	610	214	1	0.0001 Colloc0 455 3050 0.0191532 148.499
1030	1	733.985	22016.2	22005.1	11.1045	463	588	236	0	0.0001 Colloc0 463 3045 0.0218343 149.904
1040	1	741.169	22033.6	22022.8	10.805	461	592	232	0	0.0001 Colloc0 461 3030 0.00943318 132.312
1050	1	748.276	21863.1	21852.9	10.2123	455	638	186	0	0.0001 Colloc0 455 3028 0.105286 100.386
1060	1	755.461	21908.5	21897.4	11.1162	460	612	212	1	0.0001 Colloc0 460 3024 0.00381256 150.612
1070	1	762.606	22021.2	22010.2	11.0256	459	600	224	0	0.0001 Colloc0 459 3037 0.0554646 145.186
1080	1	769.811	22075.1	22064.2	10.8483	459	590	234	1	0.0001 Colloc0 459 3031 0.0574657 134.8
1090	1	776.82	22019.2	22008.3	10.8211	470	599	225	1	0.0001 Colloc0 470 3032 0.0550238 133.236
1100	1	783.886	21951.3	21940.3	10.9973	446	599	225	2	0.0001 Colloc0 446 3048 0.0348168 143.503
1110	1	791.081	21987.5	21976.8	10.7617	459	602	222	2	0.0001 Colloc0 459 3030 0.0408278 129.846
1120	1	798.368	22035.2	22024.4	10.8525	465	571	253	0	0.0001 Colloc0 465 3042 0.0351487 135.044
1130	1	805.457	21942.2	21931.3	10.8456	441	620	204	1	0.0001 Colloc0 441 3035 0.0114374 134.647
1140	1	812.659	22041.4	22030.2	11.2012	469	593	231	2	0.0001 Colloc0 469 3046 0.0282366 155.773
1150	1	819.805	21962.2	21951.6	10.559	465	576	248	0	0.0001 Colloc0 465 3030 0.0650873 118.57
1160	1	827.009	21903.5	21893.3	10.1944	442	617	207	1	0.0001 Colloc0 442 3056 0.112369 99.486
1170	1	834.191	21973.3	21962.3	10.9865	458	596	228	2	0.0001 Colloc0 458 3038 0.0105097 142.87
1180	1	841.301	21967.3	21956.5	10.8674	445	599	225	1	0.0001 Colloc0 445 3051 0.00769622 135.906
1190	1	848.524	22035.4	22024.5	10.8618	458	587	237	1	0.0001 Colloc0 458 3067 0.0340678 135.578
1200	1	855.518	21897.7	21886.8	10.9151	447	624	200	2	0.0001 Colloc0 447 3054 0.00557365 138.675
1210	1	862.475	21978.2	21967.6	10.5532	454	597	227	2	0.0001 Colloc0 454 3032 0.0243965 118.257
1220	1	869.188	21969.6	21958.8	10.8045	442	611	213	0	0.0001 Colloc0 442 3046 0.0525216 132.284
1230	1	875.993	22004.6	21994.5	10.043	467	615	209	1	0.0001 Colloc0 467 3058 0.107716 92.0436
1240	1	882.834	21962.5	21951.8	10.767	471	626	198	0	0.0001 Colloc0 471 3037 0.0537451 130.147
1250	1	889.918	21995.1	21984.2	10.8844	455	599	225	1	0.0001 Colloc0 455 3044 0.00733459 136.89
1260	1	897.095	21903.6	21892.4	11.2082	452	623	201	1	0.0001 Colloc0 452 2995 0.0123623 156.2
1270	1	904.158	21926.4	21915.6	10.8732	451	613	211	2	0.0001 Colloc0 451 3027 0.0151252 136.242
1280	1	910.947	21995.3	21984.3	11.0806	462	594	230	1	0.0001 Colloc0 462 3026 0.00829096 148.468
1290	1	917.705	21993.5	21982.5	11.056	457	593	231	0	0.0001 Colloc0 457 3014 0.0126079 146.996
1300	1	924.736	21975.5	21964.4	11.1636	451	591	233	0	0.0001 Colloc0 451 3026 0.0199252 153.481
1310	1	931.786	21899.1	21888.6	10.5617	454	620	204	0	0.0001 Colloc0 454 3025 0.0458862 118.72
1320	1	938.796	22105.9	22095.3	10.5789	463	590	234	0	0.0001 Colloc0 463 3043 0.0669768 119.661
1330	1	946.034	22012.6	22001.7	10.917	459	605	219	1	0.0001 Colloc0 459 3038 0.0372172 138.786
1340	1	953.158	21922.4	21911.6	10.8269	448	605	219	0	0.0001 Colloc0 448 3022 0.001255 133.57
1350	1	960.225	22047.2	22035.9	11.3446	470	601	223	2	0.0001 Colloc0 470 3045 0.00202398 164.635
1360	1	967.32	21911	21900	10.9702	463	626	198	0	0.0001 Colloc0 463 3025 0.0182268 141.908
1370	1	974.537	21871.9	21861.2	10.7697	450	642	182	1	0.0001 Colloc0 450 3031 0.0292732 130.302
1380	1	981.673	21890.2	21879.3	10.8602	443	639	185	1	0.0001 Colloc0 443 3023 0.0398746 135.487
1390	1	988.855	21847.7	21836.6	11.0711	458	640	184	2	0.0001 Colloc0 458 3017 0.0201305 147.901
1400	1	996.046	21866.8	21855.6	11.1976	461	623	201	0	0.0001 Colloc0 461 3017 0.00521572 155.553
1410	1	1002.92	21974.9	21964	10.9095	464	622	202	0	0.0001 Colloc0 464 3025 0.0283868 138.35
1420	1	1009.72	21976.5	21965.5	10.9553	467	610	214	0	0.0001 Colloc0 467 3031 0.044131 141.029
1430	1	1016.89	21959.2	21948.2	10.9866	454	612	212	2	0.0001 Colloc0 454 3041 0.00211007 142.874
1440	1	1023.95	21964.5	21953.6	10.8973	447	602	222	1	0.0001 Colloc0 447 3055 0.0316933 137.641
1450	1	1031.04	21903.7	21892.7	11.0345	456	642	182	0	0.0001 Colloc0 456 3037 0.050515 145.715
1460	1	1038.24	21920.7	21909.9	10.8078	462	627	197	2	0.0001 Colloc0 462 3045 0.0662039 132.475
1470	1	1045.46	21911.6	21900.6	11.0385	462	651	173	3	0.0001 Colloc0 462 3047 0.0362736 145.952
1480	1	1052.6	21851.4	21840.4	10.9113	449	626	198	0	0.0001 Colloc0 449 3016 0.012025 138.456
1490	1	1059.76	22024.6	22013.9	10.705	477	587	237	0	0.0001 Colloc0 477 3036 0.0474398 126.648
1500	1	1067.1	21971.4	21960.9	10.4758	468	617	207	2	0.0001 Colloc0 468 3028 0.113983 114.079
1510	1	1074.33	21891	21880.3	10.704	457	617	207	2	0.0001 Colloc0 457 3026 0.0642633 126.593
1520	1	1081.44	21829.7	21819.1	10.5922	433	626	198	1	0.0001 Colloc0 433 3006 0.0341581 120.385
1530	1	1088.14	21793	21782.4	10.6297	441	636	188	1	0.0001 Colloc0 441 3006 0.0596639 122.45
1540	1	1095.01	21971.7	21960.6	11.1373	461	612	212	0	0.0001 Colloc0 461 3022 0.00524356 151.886
1550	1	1102.08	21857.5	21846.4	11.0925	453	629	195	1	0.0001 Colloc0 453 3005 0.00806065 149.182
1560	1	1109.19	21931.3	21920.3	11.0283	465	619	205	2	0.0001 Colloc0 465 3023 0.00267753 145.343
1570	1	1116.33	21921.2	21910.3	10.8923	454	618	206	0	0.0001 Colloc0 454 3023 0.0391413 137.346
1580	1	1123.48	21861.5	21850.3	11.1768	455	623	201	1	0.0001 Colloc0 455 3018 0.0091091 154.288
1590	1	1130.58	21987.6	21976.9	10.765	460	590	234	0	0.0001 Colloc0 460 3045 0.0570209 130.033
1600	1	1137.59	21792.9	21782	10.9471	454	629	195	1	0.0001 Colloc0 454 3007 0.0325483 140.55
1610	1	1144.73	21931.3	21920.2	11.1575	453	608	216	2	0.0001 Colloc0 453 3007 0.0164328 153.114
1620	1	1151.86	21918.5	21907.5	10.9984	450	597	227	1	0.0001 Colloc0 450 3011 0.0280455 143.572
1630	1	1158.91	21906	21895.3	10.7566	458	606	218	1	0.0001 Colloc0 458 3024 0.0377729 129.556
1640	1	1166.04	21903	21892.1	10.9205	450	596	228	1	0.0001 Colloc0 450 3013 0.0412256 138.99
1650	1	1173.14	21900.1	21889.1	11.0758	458	604	220	0	0.0001 Colloc0 458 3001 0.0247595 148.183
1660	1	1180.38	21896.6	21886	10.6401	456	612	212	0	0.0001 Colloc0 456 3018 0.0826202 123.029
1670	1	1187.43	21907.7	21896.5	11.2432	450	617	207	1	0.0001 Colloc0 450 3040 0.000408848 158.348
1680	1	1194.56	21904.2	21892.9	11.3071	461	605	219	1	0.0001 Colloc0 461 3021 0.00935554 162.3
1690	1	1201.69	21857.9	21847.1	10.8103	452	600	224	1	0.0001 Colloc0 452 3015 0.0279059 132.617
1700	1	1208.82	21850.5	21839.6	10.9354	459	617	207	1	0.0001 Colloc0 459 2998 0.0297863 139.864
1710	1	1215.86	21931.9	21920.7	11.171	469	590	234	1	0.0001 Colloc0 469 2980 0.00934615 153.929
1720	1	1222.72	21873.4	21862.4	11.0014	447	612	212	3	0.0001 Colloc0 447 3006 0.0445561 143.749
1730	1	1229.55	21740.3	21729.1	11.2239	446	637	187	0	0.0001 Colloc0 446 3005 0.00218978 157.163
1740	1	1236.28	21815.5	21804.6	10.8572	451	646	178	1	0.0001 Colloc0 451 2995 0.040782 135.316
1750	1	1243.12	21821.2	21810.1	11.0564	457	611	213	0	0.0001 Colloc0 457 3001 0.00798856 147.021
1760	1	1250.25	21835.4	21824.7	10.7144	449	634	190	0	0.0001 Colloc0 449 2993 0.0164305 127.176
1770	1	1257.44	21870.8	21859.7	11.1527	460	614	210	2	0.0001 Colloc0 460 2999 0.00812043 152.82
1780	1	1264.6	21892.8	21881.7	11.0679	449	620	204	1	0.0001 Colloc0 449 3012 0.0205414 147.71
1790	1	1271.72	21978.4	21967.5	10.9149	452	593	231	0	0.0001 Colloc0 452 3006 0.0211978 138.662
1800	1	1278.64	21960.5	21949.3	11.1928	458	598	226	1	0.0001 Colloc0 458 3020 0.00850651 155.262
1810	1	1285.78	21817.5	21806.8	10.6799	443	604	220	1	0.0001 Colloc0 443 3012 0.0361035 125.245
1820	1	1292.88	21760.7	21749.7	10.9764	439	640	184	1	0.0001 Colloc0 439 3020 0.013626 142.271
1830	1	1299.85	21879.8	21868.9	10.9313	458	607	217	2	0.0001 Colloc0 458 2999 0.058426 139.623
1840	1	1307.06	21857.7	21846.7	11.0585	452	609	215	1	0.0001 Colloc0 452 2995 0.0227867 147.147
1850	1	1314.22	21812	21801.3	10.7614	439	637	187	1	0.0001 Colloc0 439 3011 0.0549919 129.83
1860	1	1321.33	21907.8	21897	10.7794	474	597	227	2	0.0001 Colloc0 474 3008 0.0358309 130.851
1870	1	1328.38	21870.2	21859.2	10.9726	455	589	235	1	0.0001 Colloc0 455 2985 0.0351433 142.047
1880	1	1335.53	21818.8	21808.1	10.6638	454	630	194	0	0.0001 Colloc0 454 2996 0.107059 124.346
1890	1	1342.66	21847.9	21837.4	10.5298	462	605	219	0	0.0001 Colloc0 462 2977 0.115289 116.983
1900	1	1349.81	21890.9	21879.9	10.9336	464	609	215	2	0.0001 Colloc0 464 2996 0.00975046 139.757
1910	1	1356.74	21880.2	21868.9	11.3095	456	617	207	0	0.0001 Colloc0 456 3002 0.0301679 162.447
1920	1	1363.85	21853.4	21842.8	10.5886	464	621	203	0	0.0001 Colloc0 464 2992 0.0897298 120.191
1930	1	1370.95	21834	21823.2	10.7861	467	626	198	1	0.0001 Colloc0 467 2996 0.0783445 131.237
1940	1	1377.94	21996.6	21985.8	10.8603	474	568	256	2	0.0001 Colloc0 474 2991 0.040482 135.494
1950	1	1384.75	21890.5	21879.4	11.1156	459	597	227	0	0.0001 Colloc0 459 3005 0.000360153 150.576
1960	1	1391.63	21840.4	21829.5	10.8838	460	612	212	2	0.0001 Colloc0 460 3011 0.0185153 136.855
1970	1	1398.68	21842.4	21831.4	11.0013	447	628	196	1	0.0001 Colloc0 447 3013 0.0285285 143.744
1980	1	1405.8	21840.2	21829.2	10.9971	468	624	200	1	0.0001 Colloc0 468 3005 0.0313812 143.495
1990	1	1413.02	21830.3	21819.4	10.8775	462	627	197	0	0.0001 Colloc0 462 3002 0.0629913 136.489
2000	1	1420.28	21836.1	21825.4	10.694	453	641	183	2	0.0001 Colloc0 453 3010 0.0360376 126.032
