# D = 0, E = 1, I = 1, P = 1, R = -1, n = 2000, N = 1, P = 1, w = 1, a = 0.0001, b = 10000, e = 1, f = 1, g = 100, h = 0.01, r = 887, s = 1, S = 0, x = 10, m = 100, Z = 1, z = 0, T = 1, t = 1
# 8312 tokens in 824 sentences
#
# It	Temp	Time	-logP	-logPcorpus	-logPrior	tables	same	changed	reject	default_pya	(parent pym pyn pya pyb)*
0	1	0.552915	30185.9	30072.2	113.764	1756	0	824	0	0.0001 Colloc0 1756 3228 0.0001 10000
10	1	8.38273	23708.1	23696	12.0958	585	391	433	6	0.0001 Colloc0 585 3143 0.00903954 213.859
20	1	15.5056	23360.6	23349.2	11.3732	536	427	397	3	0.0001 Colloc0 536 3133 0.0568525 166.427
30	1	22.7625	23031	23019.7	11.2742	501	500	324	4	0.0001 Colloc0 501 3113 0.0143021 160.265
40	1	30.1084	22994.4	22983.1	11.2916	516	482	342	4	0.0001 Colloc0 516 3111 0.0225741 161.339
50	1	37.3113	22924.3	22913.6	10.6751	509	495	329	3	0.0001 Colloc0 509 3100 0.0830668 124.972
60	1	44.4682	22734.2	22724	10.2331	499	532	292	1	0.0001 Colloc0 499 3085 0.180751 101.432
70	1	51.6062	22715	22704	11.0087	494	544	280	4	0.0001 Colloc0 494 3092 0.0660539 144.184
80	1	58.4731	22735	22723.8	11.2519	487	527	297	2	0.0001 Colloc0 487 3098 0.0254712 158.884
90	1	65.736	22658.8	22647.4	11.4425	498	530	294	1	0.0001 Colloc0 498 3049 0.000137185 170.795
100	1	72.7879	22398.9	22387.7	11.1183	489	561	263	5	0.0001 Colloc0 489 3030 0.0298137 150.737
110	1	79.9388	22438.5	22427.7	10.829	480	568	256	3	0.0001 Colloc0 480 3012 0.0509461 133.687
120	1	87.1857	22322.2	22310.8	11.4208	487	589	235	2	0.0001 Colloc0 487 3049 0.00680397 169.422
130	1	94.2067	22470.3	22459.4	10.9421	483	572	252	3	0.0001 Colloc0 483 3043 0.0130314 140.252
140	1	101.011	22491.4	22480.2	11.2019	483	517	307	2	0.0001 Colloc0 483 3042 0.0254143 155.815
150	1	107.878	22501.1	22489.9	11.1163	501	512	312	2	0.0001 Colloc0 501 3052 0.0276943 150.617
160	1	114.723	22446.5	22435.5	10.9595	482	522	302	4	0.0001 Colloc0 482 3021 0.0284725 141.278
170	1	121.595	22454.6	22443.1	11.5394	485	555	269	3	0.0001 Colloc0 485 3041 0.0118492 176.964
180	1	128.635	22349.8	22338.7	11.1228	488	567	257	3	0.0001 Colloc0 488 3031 0.0753472 151.012
190	1	135.843	22341	22329.9	11.1628	474	570	254	2	0.0001 Colloc0 474 3041 0.0383283 153.432
200	1	142.881	22299.5	22288.2	11.2648	477	565	259	2	0.0001 Colloc0 477 3020 2.86622e-05 159.679
210	1	149.683	22337.1	22326.2	10.9396	479	594	230	2	0.0001 Colloc0 479 3043 0.0548216 140.108
220	1	156.829	22284.2	22273.1	11.1396	478	592	232	2	0.0001 Colloc0 478 3021 0.0140843 152.026
230	1	163.927	22315.1	22304	11.1487	462	574	250	2	0.0001 Colloc0 462 3039 0.0207312 152.58
240	1	171.242	22486.1	22474.6	11.4497	501	523	301	5	0.0001 Colloc0 501 3032 0.0180426 171.251
250	1	178.461	22376.8	22365.6	11.2176	490	566	258	2	0.0001 Colloc0 490 3039 0.0613598 156.781
260	1	185.571	22322.3	22310.9	11.3916	480	565	259	5	0.0001 Colloc0 480 3025 0.018585 167.58
270	1	192.828	22374	22362.7	11.2966	489	550	274	4	0.0001 Colloc0 489 3028 0.00343094 161.652
280	1	200.091	22420.1	22408.9	11.1935	480	545	279	3	0.0001 Colloc0 480 3044 0.0458407 155.303
290	1	207.274	22446.5	22435.6	10.8643	491	538	286	5	0.0001 Colloc0 491 3025 0.0648812 135.726
300	1	214.546	22390.2	22379.1	11.1395	480	528	296	2	0.0001 Colloc0 480 3012 0.0667973 152.019
310	1	221.775	22357	22345.9	11.1511	491	536	288	2	0.0001 Colloc0 491 3014 0.00390582 152.726
320	1	228.948	22338.6	22327.2	11.4435	490	559	265	2	0.0001 Colloc0 490 3022 0.00552105 170.857
330	1	236.129	22329.1	22318.3	10.7884	488	541	283	3	0.0001 Colloc0 488 3009 0.0720869 131.365
340	1	243.236	22228.5	22217.3	11.1949	479	579	245	4	0.0001 Colloc0 479 3009 0.0112125 155.386
350	1	250.531	22118.1	22107.1	11.0583	474	580	244	5	0.0001 Colloc0 474 3014 0.0354345 147.135
360	1	257.581	22172.8	22161.6	11.2505	481	571	253	4	0.0001 Colloc0 481 3001 0.0162605 158.802
370	1	264.767	22116.5	22105.7	10.8369	483	585	239	3	0.0001 Colloc0 483 2989 0.0694352 134.145
380	1	271.947	22265.1	22254.1	11.0187	483	534	290	3	0.0001 Colloc0 483 3009 0.0672035 144.774
390	1	279.059	22077.9	22066.9	10.9675	452	593	231	2	0.0001 Colloc0 452 3019 0.0253958 141.744
400	1	286.238	22149.6	22138.6	10.9918	463	573	251	2	0.0001 Colloc0 463 3002 0.0137295 143.181
410	1	293.346	22145.1	22134.2	10.9586	463	571	253	3	0.0001 Colloc0 463 3015 0.0819489 141.222
420	1	300.478	22123.3	22112.2	11.1368	465	571	253	4	0.0001 Colloc0 465 3011 0.0479915 151.854
430	1	307.695	22090.7	22080.2	10.5412	480	580	244	4	0.0001 Colloc0 480 3013 0.107884 117.6
440	1	314.827	22051.9	22041.3	10.6333	453	591	233	2	0.0001 Colloc0 453 3006 0.0403358 122.654
450	1	321.995	22146.9	22136.1	10.72	478	578	246	3	0.0001 Colloc0 478 3018 0.055782 127.492
460	1	329.13	22029.2	22018.3	10.8595	466	596	228	4	0.0001 Colloc0 466 3006 0.0934035 135.45
470	1	336.322	22040.4	22029.3	11.0698	464	608	216	6	0.0001 Colloc0 464 3012 0.0152227 147.824
480	1	343.419	22204.5	22193.2	11.2282	479	563	261	2	0.0001 Colloc0 479 3016 0.0231882 157.427
490	1	350.462	22090.8	22079.8	10.9964	475	570	254	3	0.0001 Colloc0 475 2982 0.0568771 143.452
500	1	357.705	22107.8	22096.5	11.3096	480	578	246	4	0.0001 Colloc0 480 2993 0.00509372 162.455
510	1	364.795	22161.1	22150	11.1352	477	547	277	4	0.0001 Colloc0 477 2995 0.00841254 151.758
520	1	371.891	22068.6	22057.3	11.287	490	570	254	3	0.0001 Colloc0 490 2991 0.0284973 161.055
530	1	379.086	22049.3	22038.1	11.2092	477	581	243	3	0.0001 Colloc0 477 2987 0.0383762 156.263
540	1	386.234	21958.9	21947.8	11.0298	461	601	223	3	0.0001 Colloc0 461 2991 0.039342 145.431
550	1	393.363	21997.4	21986.3	11.0948	472	583	241	4	0.0001 Colloc0 472 2985 0.00685312 149.323
560	1	400.566	22091.1	22080	11.1144	461	572	252	2	0.0001 Colloc0 461 2988 0.0358914 150.503
570	1	407.674	22070.1	22059	11.0352	468	580	244	3	0.0001 Colloc0 468 2996 0.0149449 145.756
580	1	414.826	22135.7	22124.7	10.9383	461	557	267	3	0.0001 Colloc0 461 3034 0.0430517 140.032
590	1	421.953	22066.1	22055.2	10.8456	466	589	235	2	0.0001 Colloc0 466 2996 0.0610428 134.643
600	1	429.129	22138.5	22128	10.5098	477	564	260	4	0.0001 Colloc0 477 3003 0.11609 115.903
610	1	436.374	22144.8	22133.6	11.1683	478	550	274	6	0.0001 Colloc0 478 2995 0.0342532 153.768
620	1	443.453	22134.8	22124.1	10.7051	477	568	256	3	0.0001 Colloc0 477 3005 0.0656116 126.653
630	1	450.52	22176.5	22165.5	11.0347	478	575	249	3	0.0001 Colloc0 478 2987 0.029598 145.726
640	1	457.505	22240.3	22229	11.2847	482	538	286	3	0.0001 Colloc0 482 2988 0.0119596 160.913
650	1	464.701	22120.4	22109.4	10.9644	474	556	268	2	0.0001 Colloc0 474 2974 0.0632344 141.563
660	1	471.895	22008	21996.8	11.2044	474	574	250	2	0.0001 Colloc0 474 2982 0.00945475 155.971
670	1	478.965	22132.2	22121.2	10.9839	475	561	263	3	0.0001 Colloc0 475 2985 0.0635088 142.712
680	1	485.988	22071.8	22060.7	11.0498	467	564	260	3	0.0001 Colloc0 467 2976 0.015372 146.628
690	1	492.96	21983	21972.1	10.9111	467	597	227	3	0.0001 Colloc0 467 2968 0.0505278 138.44
700	1	500.023	22016.9	22005.9	11.0148	459	576	248	3	0.0001 Colloc0 459 2979 0.0152995 144.54
710	1	507.128	21993.5	21983	10.5798	480	606	218	4	0.0001 Colloc0 480 2980 0.13454 119.709
720	1	514.252	22080	22068.6	11.3892	470	577	247	4	0.0001 Colloc0 470 2982 0.000690003 167.433
730	1	521.368	22130	22118.8	11.1996	478	560	264	3	0.0001 Colloc0 478 2998 0.0111038 155.677
740	1	528.257	22138.7	22127.6	11.046	481	547	277	2	0.0001 Colloc0 481 2983 0.0200312 146.401
750	1	535.212	22070.5	22059.4	11.1282	467	553	271	2	0.0001 Colloc0 467 2993 0.0198368 151.339
760	1	542.332	21979.4	21968.6	10.7833	454	599	225	1	0.0001 Colloc0 454 2998 0.0582906 131.077
770	1	549.493	22049.1	22038.3	10.7776	475	565	259	1	0.0001 Colloc0 475 2995 0.0982682 130.749
780	1	556.486	22006.7	21995.9	10.7665	464	563	261	1	0.0001 Colloc0 464 2997 0.0616052 130.12
790	1	563.605	22016.5	22005.3	11.1946	465	583	241	2	0.0001 Colloc0 465 2984 0.00238888 155.369
800	1	570.853	22069.2	22058.1	11.1099	476	565	259	2	0.0001 Colloc0 476 2980 0.0181681 150.231
810	1	578.04	21933.7	21922.6	11.1792	470	615	209	2	0.0001 Colloc0 470 2982 0.0703879 154.431
820	1	585.026	21978	21967	11.0039	464	580	244	1	0.0001 Colloc0 464 2970 0.0145001 143.894
830	1	591.828	21901.4	21891	10.4362	473	639	185	1	0.0001 Colloc0 473 2964 0.101264 111.967
840	1	598.943	21901.3	21890.3	10.9387	460	597	227	1	0.0001 Colloc0 460 2965 0.0074734 140.057
850	1	606.133	21894	21883.5	10.4781	458	609	215	1	0.0001 Colloc0 458 2963 0.108762 114.2
860	1	613.404	21878.7	21867.8	10.8854	461	590	234	1	0.0001 Colloc0 461 2959 0.0358123 136.948
870	1	620.561	21918.8	21908	10.786	466	591	233	2	0.0001 Colloc0 466 2979 0.0541799 131.23
880	1	627.572	21916.1	21904.9	11.1764	474	587	237	3	0.0001 Colloc0 474 2953 0.0242504 154.262
890	1	634.742	21973.8	21962.9	10.8641	462	568	256	1	0.0001 Colloc0 462 2970 0.00282261 135.711
900	1	641.921	21853.4	21842.2	11.2287	452	606	218	1	0.0001 Colloc0 452 2963 0.0183559 157.461
910	1	649.093	21883.7	21872.5	11.1604	463	607	217	2	0.0001 Colloc0 463 2973 0.00756697 153.286
920	1	656.073	21869.5	21858.4	11.0605	462	599	225	2	0.0001 Colloc0 462 2967 0.0530325 147.264
930	1	662.886	21751.7	21740.7	11.0112	458	649	175	2	0.0001 Colloc0 458 2955 0.0297282 144.329
940	1	669.84	21891.1	21880.3	10.7714	476	610	214	3	0.0001 Colloc0 476 2964 0.0697181 130.398
950	1	677.008	21894.4	21883.6	10.8441	462	581	243	2	0.0001 Colloc0 462 2966 0.00153157 134.557
960	1	684.014	21935.9	21924.6	11.2796	474	597	227	3	0.0001 Colloc0 474 2959 0.00811375 160.594
970	1	691.373	21935.3	21924.2	11.139	471	576	248	1	0.0001 Colloc0 471 2955 0.0289457 151.992
980	1	698.225	22033.2	22022	11.1801	467	554	270	4	0.0001 Colloc0 467 2957 0.0140096 154.484
990	1	705.112	21843.9	21832.7	11.1453	464	610	214	3	0.0001 Colloc0 464 2952 0.011004 152.37
1000	1	712.301	21942.1	21931.5	10.6038	485	581	243	1	0.0001 Colloc0 485 2941 0.0864281 121.026
1010	1	719.465	21945	21934.2	10.799	485	570	254	3	0.0001 Colloc0 485 2945 0.0922463 131.971
1020	1	726.688	21833	21821.9	11.1063	470	581	243	1	0.0001 Colloc0 470 2930 0.0265895 150.017
1030	1	733.829	21810.3	21799.1	11.1328	468	603	221	2	0.0001 Colloc0 468 2949 0.0520442 151.615
1040	1	741.031	21816.1	21805.1	10.9638	461	613	211	3	0.0001 Colloc0 461 2944 0.0104156 141.529
1050	1	748.208	21931.8	21920.7	11.061	466	569	255	1	0.0001 Colloc0 466 2949 0.0058183 147.295
1060	1	755.41	21948.5	21937.7	10.7693	473	581	243	2	0.0001 Colloc0 473 2953 0.0450645 130.28
1070	1	762.659	21825.4	21814.4	11.0465	464	600	224	1	0.0001 Colloc0 464 2950 0.0108978 146.429
1080	1	769.847	21792.3	21781.6	10.7124	450	632	192	2	0.0001 Colloc0 450 2970 0.0717441 127.061
1090	1	777.071	21928	21917	10.9282	456	589	235	3	0.0001 Colloc0 456 2975 0.0576264 139.441
1100	1	784.3	21827.7	21816.8	10.9052	454	608	216	3	0.0001 Colloc0 454 2961 0.0213514 138.101
1110	1	791.52	21990	21979.2	10.8726	478	568	256	1	0.0001 Colloc0 478 2948 0.0374171 136.207
1120	1	798.62	21908.8	21897.5	11.3415	466	571	253	2	0.0001 Colloc0 466 2948 0.0246368 164.444
1130	1	805.707	21909.8	21898.7	11.0882	464	569	255	2	0.0001 Colloc0 464 2955 0.0366885 148.923
1140	1	812.797	21837.2	21826.1	11.0786	451	584	240	1	0.0001 Colloc0 451 2957 0.0158411 148.349
1150	1	819.854	21979.6	21968.4	11.18	471	586	238	2	0.0001 Colloc0 471 2947 0.022915 154.482
1160	1	827.019	21784	21773.1	10.8886	457	619	205	2	0.0001 Colloc0 457 2943 0.034333 137.13
1170	1	833.898	21844.7	21833.8	10.9306	457	594	230	2	0.0001 Colloc0 457 2945 0.0205377 139.584
1180	1	841.28	21901.3	21890.7	10.6024	469	583	241	2	0.0001 Colloc0 469 2952 0.113203 120.948
1190	1	848.493	21934.2	21923.5	10.7172	469	581	243	2	0.0001 Colloc0 469 2957 0.0966814 127.333
1200	1	855.722	21860	21848.7	11.2789	477	595	229	1	0.0001 Colloc0 477 2950 0.0225063 160.553
1210	1	862.704	21825.9	21815	10.8761	470	595	229	1	0.0001 Colloc0 470 2956 0.0799188 136.407
1220	1	869.727	21876.7	21865.8	10.8405	463	577	247	5	0.0001 Colloc0 463 2965 0.0592626 134.351
1230	1	876.815	21978.7	21967.8	10.9542	480	582	242	1	0.0001 Colloc0 480 2960 0.0669153 140.965
1240	1	884.011	21947.2	21936.1	11.1836	475	580	244	2	0.0001 Colloc0 475 2969 0.0133808 154.698
1250	1	891.012	21870.5	21859.6	10.8651	462	590	234	2	0.0001 Colloc0 462 2951 0.0330006 135.771
1260	1	898.197	21898.8	21888	10.8646	454	585	239	1	0.0001 Colloc0 454 2958 0.0281768 135.742
1270	1	905.064	21875.1	21864.1	10.9392	483	571	253	3	0.0001 Colloc0 483 2953 0.0736118 140.085
1280	1	912.182	21818.1	21808	10.0856	471	608	216	2	0.0001 Colloc0 471 2957 0.15215 94.1073
1290	1	919.103	21909.1	21897.9	11.1807	483	587	237	3	0.0001 Colloc0 483 2959 0.0334786 154.521
1300	1	926.101	22062.8	22051.7	11.1158	488	541	283	1	0.0001 Colloc0 488 2957 0.000594849 150.588
1310	1	933.025	21769.8	21759.1	10.6996	461	621	203	4	0.0001 Colloc0 461 2965 0.0864365 126.343
1320	1	939.751	21887.7	21876.6	11.153	474	577	247	2	0.0001 Colloc0 474 2953 0.00610026 152.839
1330	1	946.617	21833.5	21822.5	10.9812	460	600	224	2	0.0001 Colloc0 460 2954 0.0552124 142.554
1340	1	953.701	21959.2	21948	11.224	478	568	256	2	0.0001 Colloc0 478 2965 0.00770983 157.17
1350	1	960.796	21864.3	21853.2	11.1382	486	585	239	1	0.0001 Colloc0 486 2928 0.0366093 151.941
1360	1	967.974	21752.3	21741.4	10.9172	460	625	199	3	0.0001 Colloc0 460 2943 0.0356581 138.801
1370	1	975.141	21886.2	21874.9	11.2525	482	570	254	2	0.0001 Colloc0 482 2925 0.0350258 158.923
1380	1	982.453	21785.7	21774.6	11.0162	458	618	206	1	0.0001 Colloc0 458 2933 0.0135645 144.627
1390	1	989.711	22088.6	22077.3	11.3436	492	555	269	3	0.0001 Colloc0 492 2956 0.00293531 164.576
1400	1	996.911	21840.7	21829.5	11.172	467	586	238	2	0.0001 Colloc0 467 2953 0.00356067 153.994
1410	1	1003.96	21840.1	21828.9	11.1665	478	574	250	3	0.0001 Colloc0 478 2931 0.0465551 153.659
1420	1	1010.95	21839.8	21828.5	11.2741	476	593	231	1	0.0001 Colloc0 476 2943 0.00790396 160.254
1430	1	1018.02	21744.3	21733.5	10.827	449	624	200	4	0.0001 Colloc0 449 2941 0.00608975 133.572
1440	1	1025.18	21809.5	21798.6	10.8963	474	588	236	2	0.0001 Colloc0 474 2927 0.0719171 137.581
1450	1	1032.29	21853.6	21842.5	11.1566	463	588	236	3	0.0001 Colloc0 463 2931 0.0244692 153.057
1460	1	1039.46	21831.1	21820.1	11.0398	463	581	243	2	0.0001 Colloc0 463 2918 0.0136065 146.029
1470	1	1046.59	21819.6	21808.7	10.8992	470	574	250	2	0.0001 Colloc0 470 2917 0.0212128 137.747
1480	1	1053.7	21893.6	21882.5	11.1487	476	575	249	1	0.0001 Colloc0 476 2936 0.0590351 152.577
1490	1	1060.85	21846.6	21835.7	10.8922	474	579	245	5	0.0001 Colloc0 474 2913 0.0232265 137.344
1500	1	1068	21903.6	21892.4	11.2112	482	575	249	1	0.0001 Colloc0 482 2902 0.00194393 156.388
1510	1	1075.08	21915.6	21904.1	11.4782	480	568	256	2	0.0001 Colloc0 480 2911 0.0114849 173.057
1520	1	1082.27	21800.7	21789.6	11.1	474	597	227	3	0.0001 Colloc0 474 2905 0.0737275 149.632
1530	1	1089.3	21840.1	21829.3	10.8197	472	582	242	2	0.0001 Colloc0 472 2931 0.0562014 133.158
1540	1	1096.29	21868.4	21857.3	11.1452	472	584	240	1	0.0001 Colloc0 472 2919 0.00112243 152.367
1550	1	1103.33	21835.7	21824.7	11.0149	465	586	238	1	0.0001 Colloc0 465 2909 0.0260477 144.547
1560	1	1110.57	21926.8	21915.8	11.0361	489	559	265	1	0.0001 Colloc0 489 2904 0.0654717 145.807
1570	1	1117.7	21750.1	21739.1	10.983	458	598	226	1	0.0001 Colloc0 458 2925 0.0324012 142.661
1580	1	1124.89	21748	21736.9	11.1368	468	595	229	1	0.0001 Colloc0 468 2918 0.0604402 151.857
1590	1	1131.87	21860.1	21849.2	10.981	481	567	257	2	0.0001 Colloc0 481 2907 0.0408449 142.545
1600	1	1138.71	21752.7	21742.3	10.3406	461	598	226	3	0.0001 Colloc0 461 2931 0.148311 106.947
1610	1	1145.56	21732.4	21721.4	10.9728	467	613	211	1	0.0001 Colloc0 467 2922 0.0459735 142.061
1620	1	1152.68	21742.4	21731.4	10.9568	463	597	227	2	0.0001 Colloc0 463 2916 0.0340791 141.116
1630	1	1159.81	21710.3	21699.5	10.803	451	644	180	1	0.0001 Colloc0 451 2936 0.0596442 132.199
1640	1	1166.95	21731	21720.1	10.932	466	620	204	2	0.0001 Colloc0 466 2925 0.0615588 139.661
1650	1	1174.08	21864.2	21853.2	11.0704	473	572	252	2	0.0001 Colloc0 473 2935 0.0450589 147.856
1660	1	1181.28	21793.5	21782.4	11.1522	464	603	221	2	0.0001 Colloc0 464 2921 0.027797 152.792
1670	1	1188.43	21797	21785.7	11.2752	466	599	225	2	0.0001 Colloc0 466 2910 0.000315811 160.323
1680	1	1195.57	21845.9	21834.6	11.2853	480	594	230	2	0.0001 Colloc0 480 2910 0.0168622 160.947
1690	1	1202.78	21762.4	21751.2	11.2401	470	578	246	2	0.0001 Colloc0 470 2914 0.0217935 158.157
1700	1	1210.07	21807.2	21796.2	11.004	467	589	235	1	0.0001 Colloc0 467 2940 0.0456807 143.901
1710	1	1217.21	21826.9	21815.6	11.367	475	619	205	1	0.0001 Colloc0 475 2927 1.62565e-05 166.037
1720	1	1224.47	21921.2	21910.1	11.1228	485	575	249	2	0.0001 Colloc0 485 2945 0.00994598 151.007
1730	1	1231.59	21884.8	21874	10.7863	473	587	237	2	0.0001 Colloc0 473 2951 0.0384129 131.247
1740	1	1238.68	21777.5	21766.9	10.616	462	601	223	1	0.0001 Colloc0 462 2923 0.0594494 121.696
1750	1	1245.47	21743.1	21731.8	11.2736	456	595	229	1	0.0001 Colloc0 456 2923 0.0284826 160.223
1760	1	1252.35	21901.7	21890.4	11.3605	472	547	277	3	0.0001 Colloc0 472 2916 0.047404 165.631
1770	1	1259.17	21952	21941	11.0179	488	573	251	1	0.0001 Colloc0 488 2919 0.0333049 144.726
1780	1	1266.35	21862.3	21851	11.3224	475	581	243	5	0.0001 Colloc0 475 2925 0.0171161 163.254
1790	1	1273.44	21883.6	21872.9	10.664	482	564	260	3	0.0001 Colloc0 482 2915 0.0753072 124.358
1800	1	1280.46	21986.4	21975.1	11.3477	493	530	294	2	0.0001 Colloc0 493 2920 0.0143661 164.829
1810	1	1287.44	21812.2	21801.1	11.0527	475	579	245	3	0.0001 Colloc0 475 2908 0.0225536 146.8
1820	1	1294.67	21866.7	21855.7	10.9049	471	569	255	2	0.0001 Colloc0 471 2915 0.0501362 138.084
1830	1	1301.82	21780.7	21769.3	11.3805	466	585	239	5	0.0001 Colloc0 466 2911 0.00952064 166.882
1840	1	1308.64	21796	21785	11.0144	465	601	223	2	0.0001 Colloc0 465 2919 0.0425527 144.518
1850	1	1315.57	21802.8	21791.6	11.1653	468	598	226	1	0.0001 Colloc0 468 2915 0.0130474 153.585
1860	1	1322.74	21818.4	21807.5	10.9846	469	578	246	1	0.0001 Colloc0 469 2907 0.0111527 142.755
1870	1	1329.95	21748.3	21737.1	11.1418	472	607	217	4	0.0001 Colloc0 472 2925 0.0154352 152.158
1880	1	1337.06	21711.5	21700.3	11.1994	472	618	206	3	0.0001 Colloc0 472 2921 0.00618892 155.663
1890	1	1344.29	21801	21790.6	10.4442	486	601	223	1	0.0001 Colloc0 486 2905 0.143262 112.389
1900	1	1351.22	21638.7	21627.7	10.9942	455	648	176	2	0.0001 Colloc0 455 2903 0.0434055 143.325
1910	1	1358.35	21761.5	21750.5	10.9501	470	614	210	2	0.0001 Colloc0 470 2926 0.0351233 140.724
1920	1	1365.59	21881.6	21870.3	11.2633	490	583	241	2	0.0001 Colloc0 490 2937 0.0206687 159.59
1930	1	1372.72	21761.7	21750.9	10.8074	470	593	231	3	0.0001 Colloc0 470 2909 0.064894 132.449
1940	1	1379.92	21728.7	21717.5	11.281	469	622	202	4	0.0001 Colloc0 469 2937 0.00673377 160.685
1950	1	1387.11	21748.6	21737.8	10.7894	462	598	226	3	0.0001 Colloc0 462 2924 0.036836 131.422
1960	1	1394.3	21750.2	21739.2	10.9668	462	610	214	2	0.0001 Colloc0 462 2917 0.0328631 141.705
1970	1	1401.33	21821.7	21810.7	10.9986	470	572	252	1	0.0001 Colloc0 470 2926 0.0344046 143.585
1980	1	1408.35	21868.8	21857.8	11.0315	458	580	244	3	0.0001 Colloc0 458 2931 0.0537943 145.534
1990	1	1415.51	21817	21805.9	11.0619	468	587	237	3	0.0001 Colloc0 468 2927 3.36575e-06 147.349
2000	1	1422.64	21847.2	21835.8	11.4556	478	581	243	4	0.0001 Colloc0 478 2931 0.0108719 171.624
