# D = 0, E = 1, I = 1, P = 1, R = -1, n = 2000, N = 1, P = 1, w = 1, a = 0.0001, b = 10000, e = 1, f = 1, g = 100, h = 0.01, r = 915, s = 1, S = 0, x = 10, m = 100, Z = 1, z = 0, T = 1, t = 1
# 8312 tokens in 824 sentences
#
# It	Temp	Time	-logP	-logPcorpus	-logPrior	tables	same	changed	reject	default_pya	(parent pym pyn pya pyb)*
0	1	0.615906	37807.1	37693.3	113.764	3720	0	824	0	0.0001 Colloc0 3720 5630 0.0001 10000
10	1	10.0065	25613.8	25602	11.7526	598	326	498	2	0.0001 Colloc0 598 3643 0.0406256 190.824
20	1	17.2694	24648.4	24637.7	10.7299	501	392	432	1	0.0001 Colloc0 501 3588 0.0844952 128.049
30	1	24.4703	24470.3	24458.9	11.4303	499	411	413	2	0.0001 Colloc0 499 3545 0.00737213 170.018
40	1	31.5142	24024.9	24014.2	10.7032	490	416	408	5	0.0001 Colloc0 490 3490 0.0643496 126.545
50	1	38.4182	23792.8	23782.4	10.3836	474	447	377	3	0.0001 Colloc0 474 3453 0.113207 109.189
60	1	45.5661	23704.2	23693.1	11.0961	476	466	358	2	0.0001 Colloc0 476 3462 0.0120002 149.398
70	1	52.686	23696.4	23685.9	10.5764	463	469	355	2	0.0001 Colloc0 463 3445 0.0509093 119.521
80	1	59.7879	23484.3	23473.8	10.5229	464	510	314	2	0.0001 Colloc0 464 3417 0.10798 116.609
90	1	66.9938	23657.9	23646.9	11.0549	478	484	340	4	0.0001 Colloc0 478 3427 0.0051398 146.933
100	1	73.8438	23602.5	23591.4	11.0852	473	481	343	2	0.0001 Colloc0 473 3423 0.0231412 148.743
110	1	80.8317	23721.6	23710.9	10.6822	478	456	368	2	0.0001 Colloc0 478 3412 0.0314268 125.369
120	1	87.7247	23447.7	23436.7	11.0105	459	486	338	1	0.0001 Colloc0 459 3400 0.00280873 144.287
130	1	94.5256	23421.2	23410.3	10.9232	452	494	330	2	0.0001 Colloc0 452 3393 0.0210493 139.147
140	1	101.388	23426.9	23416.1	10.8578	456	502	322	2	0.0001 Colloc0 456 3402 0.0182757 135.349
150	1	108.278	23532.6	23521.7	10.8805	468	466	358	3	0.0001 Colloc0 468 3396 0.0286463 136.661
160	1	115.064	23523	23512.4	10.6186	468	482	342	4	0.0001 Colloc0 468 3387 0.0235402 121.837
170	1	122.112	23236.2	23225.6	10.6682	454	509	315	1	0.0001 Colloc0 454 3360 0.025201 124.588
180	1	128.929	23260.2	23249.4	10.7658	460	512	312	3	0.0001 Colloc0 460 3383 0.0429186 130.08
190	1	135.72	23230.8	23220.1	10.7042	464	498	326	3	0.0001 Colloc0 464 3363 0.0261453 126.603
200	1	142.712	23202.7	23192	10.7554	453	503	321	3	0.0001 Colloc0 453 3352 0.00774115 129.491
210	1	150.015	23209.7	23199.3	10.3979	459	504	320	3	0.0001 Colloc0 459 3337 0.0870779 109.941
220	1	157.254	22891.9	22880.9	11.0259	441	553	271	3	0.0001 Colloc0 441 3305 0.0073828 145.2
230	1	164.201	22955.3	22944.4	10.8687	446	558	266	3	0.0001 Colloc0 446 3327 0.00740191 135.979
240	1	170.908	23011.1	23000.3	10.8082	451	553	271	3	0.0001 Colloc0 451 3331 0.0135231 132.496
250	1	178.075	22935.1	22924.7	10.3746	462	542	282	2	0.0001 Colloc0 462 3327 0.114219 108.716
260	1	185.219	22952.4	22941.7	10.7136	451	559	265	2	0.0001 Colloc0 451 3298 0.0387917 127.128
270	1	192.389	23053.9	23043.4	10.5036	471	523	301	8	0.0001 Colloc0 471 3302 0.0854062 115.568
280	1	199.561	22813.1	22802.4	10.6619	466	568	256	5	0.0001 Colloc0 466 3286 0.0690856 124.239
290	1	206.703	22766.8	22756	10.7795	461	582	242	5	0.0001 Colloc0 461 3271 0.08982 130.861
300	1	213.895	22594.9	22584	10.8559	448	629	195	3	0.0001 Colloc0 448 3262 0.016096 135.237
310	1	221.231	22545.6	22534.8	10.7688	447	660	164	3	0.0001 Colloc0 447 3272 0.00818077 130.251
320	1	228.283	22541.5	22530.9	10.5505	450	620	204	2	0.0001 Colloc0 450 3251 0.0628479 118.109
330	1	235.432	22550.8	22540.4	10.4191	440	616	208	3	0.0001 Colloc0 440 3225 0.124485 111.061
340	1	242.67	22622.6	22612.7	9.9009	441	601	223	3	0.0001 Colloc0 441 3248 0.181402 85.3304
350	1	249.832	22634.9	22624.4	10.4483	454	593	231	2	0.0001 Colloc0 454 3253 0.0494538 112.607
360	1	256.813	22649.8	22639	10.7939	456	565	259	3	0.0001 Colloc0 456 3231 0.0395641 131.679
370	1	263.721	22695.5	22684.8	10.7168	472	579	245	3	0.0001 Colloc0 472 3234 0.0758603 127.31
380	1	271.005	22569.8	22559.3	10.4812	459	612	212	4	0.0001 Colloc0 459 3225 0.0594549 114.367
390	1	278.21	22667.1	22656.4	10.6588	461	583	241	3	0.0001 Colloc0 461 3226 0.0534269 124.069
400	1	285.432	22637.4	22626.7	10.766	466	553	271	3	0.0001 Colloc0 466 3220 0.045129 130.09
410	1	292.631	22635	22624.1	10.8346	453	558	266	3	0.0001 Colloc0 453 3200 0.0530363 134.01
420	1	299.856	22595.5	22584.5	10.9268	450	574	250	4	0.0001 Colloc0 450 3210 0.0361073 139.356
430	1	307.063	22497.4	22486.5	10.9007	446	617	207	3	0.0001 Colloc0 446 3207 0.025515 137.835
440	1	314.198	22623.8	22613.3	10.4283	460	591	233	3	0.0001 Colloc0 460 3208 0.109958 111.546
450	1	321.274	22603.8	22592.8	11.0025	467	551	273	3	0.0001 Colloc0 467 3199 0.033982 143.813
460	1	328.064	22592.8	22582	10.7427	453	557	267	3	0.0001 Colloc0 453 3210 0.0272695 128.77
470	1	334.964	22537.7	22526.8	10.8188	462	578	246	2	0.0001 Colloc0 462 3226 0.0357036 133.104
480	1	342.283	22566.4	22555.7	10.7541	453	568	256	3	0.0001 Colloc0 453 3211 0.0570616 129.419
490	1	349.474	22605.8	22594.8	10.9842	460	545	279	3	0.0001 Colloc0 460 3209 0.0187566 142.731
500	1	356.599	22537	22526.1	10.8963	465	586	238	3	0.0001 Colloc0 465 3188 0.0109063 137.579
510	1	363.76	22532.9	22522.1	10.7911	452	584	240	4	0.0001 Colloc0 452 3193 0.0391347 131.519
520	1	370.935	22505.1	22494.5	10.5373	445	591	233	2	0.0001 Colloc0 445 3209 0.054443 117.391
530	1	378.01	22532	22521.2	10.8623	456	575	249	2	0.0001 Colloc0 456 3199 0.00286888 135.61
540	1	385.087	22529.5	22518.5	10.9668	458	575	249	3	0.0001 Colloc0 458 3211 0.0667902 141.708
550	1	392.271	22439	22428.2	10.7169	445	588	236	3	0.0001 Colloc0 445 3201 0.0176439 127.319
560	1	399.439	22445.4	22434.6	10.7982	456	572	252	4	0.0001 Colloc0 456 3172 0.0415139 131.925
570	1	406.598	22412	22401.1	10.8023	461	584	240	2	0.0001 Colloc0 461 3182 0.0309986 132.158
580	1	413.755	22499.6	22488.4	11.1348	464	560	264	2	0.0001 Colloc0 464 3191 0.0283137 151.735
590	1	420.947	22479.9	22469.3	10.6588	467	576	248	5	0.0001 Colloc0 467 3179 0.0619852 124.067
600	1	428.073	22494	22482.9	11.0842	465	586	238	2	0.0001 Colloc0 465 3192 0.000406077 148.684
610	1	435.171	22401.3	22391	10.2725	467	596	228	3	0.0001 Colloc0 467 3190 0.139839 103.437
620	1	442.419	22337.3	22326.6	10.7185	446	621	203	2	0.0001 Colloc0 446 3202 0.0482418 127.404
630	1	449.447	22537.8	22526.7	11.1113	480	576	248	3	0.0001 Colloc0 480 3178 0.0944973 150.318
640	1	456.34	22718.5	22707.2	11.3128	474	520	304	3	0.0001 Colloc0 474 3186 0.0212655 162.657
650	1	463.29	22509.4	22498.6	10.8497	465	569	255	2	0.0001 Colloc0 465 3191 0.0547677 134.883
660	1	470.445	22467.8	22457.3	10.5308	455	574	250	3	0.0001 Colloc0 455 3182 0.0799161 117.038
670	1	477.536	22408.3	22397.5	10.7773	453	590	234	3	0.0001 Colloc0 453 3155 0.0414572 130.732
680	1	484.656	22465.6	22454.8	10.8744	455	607	217	4	0.0001 Colloc0 455 3173 0.0276152 136.312
690	1	491.801	22509.9	22499.3	10.6472	473	579	245	3	0.0001 Colloc0 473 3153 0.0581035 123.42
700	1	498.913	22432.6	22421.6	11.0167	475	572	252	4	0.0001 Colloc0 475 3139 0.043993 144.654
710	1	505.714	22443.7	22433	10.7093	472	575	249	3	0.0001 Colloc0 472 3156 0.0436574 126.889
720	1	512.888	22501.6	22490.7	10.9217	475	584	240	3	0.0001 Colloc0 475 3172 0.0551484 139.058
730	1	520.027	22478	22467.2	10.7832	471	581	243	2	0.0001 Colloc0 471 3182 0.0354405 131.071
740	1	527.071	22461.2	22450.5	10.7297	456	575	249	4	0.0001 Colloc0 456 3177 0.0964061 128.039
750	1	534.037	22447.7	22437	10.7124	470	592	232	2	0.0001 Colloc0 470 3168 0.0477908 127.063
760	1	541.169	22278.8	22268.5	10.2739	457	623	201	2	0.0001 Colloc0 457 3151 0.135713 103.508
770	1	548.366	22426.5	22415.5	11.015	477	606	218	3	0.0001 Colloc0 477 3156 0.0488959 144.558
780	1	555.654	22415.7	22405.1	10.6206	464	611	213	3	0.0001 Colloc0 464 3177 0.0742499 121.949
790	1	562.771	22544.8	22533.9	10.8801	473	557	267	3	0.0001 Colloc0 473 3152 0.0539035 136.64
800	1	570.012	22597.8	22587	10.8204	474	552	272	3	0.0001 Colloc0 474 3168 0.00778607 133.194
810	1	577.135	22409.4	22398.6	10.7969	454	581	243	4	0.0001 Colloc0 454 3170 0.0133679 131.849
820	1	584.053	22377.7	22366.8	10.9019	470	597	227	5	0.0001 Colloc0 470 3139 0.0753969 137.908
830	1	591.092	22423.8	22412.7	11.0792	471	592	232	3	0.0001 Colloc0 471 3140 0.0283685 148.383
840	1	597.979	22443.6	22432.8	10.7604	463	567	257	2	0.0001 Colloc0 463 3153 0.026523 129.773
850	1	604.961	22421.6	22410.6	10.9823	460	574	250	5	0.0001 Colloc0 460 3157 0.00649153 142.619
860	1	611.989	22396.2	22385.4	10.8583	463	603	221	3	0.0001 Colloc0 463 3160 0.0118878 135.378
870	1	619.099	22416.8	22406	10.7712	465	594	230	3	0.0001 Colloc0 465 3150 0.0245377 130.389
880	1	626.266	22371.8	22361.2	10.6179	463	598	226	3	0.0001 Colloc0 463 3141 0.0630822 121.799
890	1	633.59	22435.8	22425	10.8718	464	572	252	2	0.0001 Colloc0 464 3142 0.0361916 136.161
900	1	640.833	22310.2	22299.6	10.5194	458	622	202	3	0.0001 Colloc0 458 3140 0.100082 116.421
910	1	648.038	22430.2	22419.6	10.6013	473	586	238	3	0.0001 Colloc0 473 3146 0.0628211 120.885
920	1	655.181	22388	22377.6	10.4482	463	581	243	2	0.0001 Colloc0 463 3136 0.080239 112.602
930	1	662.363	22361.1	22350.1	10.9632	464	609	215	4	0.0001 Colloc0 464 3152 0.0360331 141.492
940	1	669.499	22375.6	22364.9	10.6767	463	583	241	1	0.0001 Colloc0 463 3137 0.0363116 125.062
950	1	676.735	22391	22380	10.9622	467	571	253	1	0.0001 Colloc0 467 3112 0.0077706 141.435
960	1	683.991	22297.9	22287.2	10.7423	461	591	233	4	0.0001 Colloc0 461 3123 0.0850374 128.75
970	1	691.171	22285.8	22275.2	10.5634	471	612	212	3	0.0001 Colloc0 471 3127 0.111353 118.809
980	1	698.103	22366.4	22355.7	10.6919	443	569	255	1	0.0001 Colloc0 443 3157 0.00883275 125.916
990	1	704.876	22352.1	22341.4	10.6668	468	579	245	1	0.0001 Colloc0 468 3131 0.0305268 124.51
1000	1	712.037	22295	22284.1	10.9444	458	590	234	2	0.0001 Colloc0 458 3127 0.0324067 140.389
1010	1	719.255	22305.7	22295	10.6668	474	597	227	2	0.0001 Colloc0 474 3123 0.0963967 124.513
1020	1	726.429	22314.3	22303.2	11.0649	468	582	242	2	0.0001 Colloc0 468 3126 0.0336838 147.531
1030	1	733.558	22256.7	22245.6	11.1596	462	581	243	2	0.0001 Colloc0 462 3122 0.00113071 153.239
1040	1	740.642	22257.3	22246.1	11.1657	467	597	227	1	0.0001 Colloc0 467 3120 0.00926331 153.61
1050	1	747.743	22254.3	22243.6	10.7441	463	599	225	2	0.0001 Colloc0 463 3126 0.0385306 128.85
1060	1	754.975	22353.2	22342.5	10.6628	463	563	261	4	0.0001 Colloc0 463 3143 0.0620129 124.288
1070	1	762.111	22317.8	22307.2	10.6027	464	612	212	3	0.0001 Colloc0 464 3125 0.0736762 120.965
1080	1	769.321	22301.5	22290.5	10.991	456	577	247	3	0.0001 Colloc0 456 3129 0.00668121 143.131
1090	1	776.513	22213.9	22202.9	10.9619	460	608	216	1	0.0001 Colloc0 460 3122 0.0483027 141.419
1100	1	783.714	22211.2	22200.5	10.6815	458	604	220	1	0.0001 Colloc0 458 3117 0.0364684 125.331
1110	1	790.949	22233.4	22222.5	10.9485	455	605	219	3	0.0001 Colloc0 455 3126 0.0144116 140.632
1120	1	798.148	22329.7	22318.6	11.0569	469	572	252	4	0.0001 Colloc0 469 3128 0.0297805 147.052
1130	1	805.319	22229.4	22218.5	10.8869	464	596	228	2	0.0001 Colloc0 464 3136 0.0496958 137.032
1140	1	812.283	22258.5	22247.4	11.0726	464	585	239	3	0.0001 Colloc0 464 3134 0.00893621 147.991
1150	1	819.398	22219.6	22208.9	10.7697	450	595	229	2	0.0001 Colloc0 450 3127 0.0296292 130.3
1160	1	826.497	22310.7	22300	10.7076	460	578	246	3	0.0001 Colloc0 460 3132 0.0560028 126.795
1170	1	833.691	22168.9	22158.2	10.7343	444	621	203	2	0.0001 Colloc0 444 3121 0.06528 128.298
1180	1	840.792	22221.4	22210.5	10.9514	460	586	238	1	0.0001 Colloc0 460 3120 0.0405716 140.803
1190	1	847.972	22221.6	22210.4	11.132	466	602	222	2	0.0001 Colloc0 466 3126 0.0183343 151.569
1200	1	855.117	22164.7	22154.3	10.4469	452	633	191	2	0.0001 Colloc0 452 3116 0.0903846 112.533
1210	1	862.237	22086.5	22076.1	10.3768	451	661	163	2	0.0001 Colloc0 451 3122 0.0546977 108.832
1220	1	869.491	22166.5	22155.6	10.864	459	620	204	3	0.0001 Colloc0 459 3085 0.0496743 135.705
1230	1	876.6	22163	22152.3	10.7077	466	624	200	2	0.0001 Colloc0 466 3100 0.0622345 126.802
1240	1	883.817	22199.1	22189.2	9.88802	468	616	208	1	0.0001 Colloc0 468 3114 0.190558 84.7351
1250	1	891.042	22258.8	22248.2	10.6407	471	593	231	1	0.0001 Colloc0 471 3103 0.055722 123.061
1260	1	897.947	22321	22310	10.9119	477	558	266	3	0.0001 Colloc0 477 3103 0.0409614 138.487
1270	1	904.711	22260.7	22249.9	10.8732	464	600	224	2	0.0001 Colloc0 464 3125 0.05342 136.242
1280	1	911.684	22265.1	22254.5	10.6211	472	592	232	1	0.0001 Colloc0 472 3116 0.106485 121.978
1290	1	918.96	22292.5	22281.9	10.5413	482	601	223	2	0.0001 Colloc0 482 3103 0.11565 117.611
1300	1	926.338	22197.3	22186.7	10.5692	463	597	227	2	0.0001 Colloc0 463 3096 0.0894785 119.129
1310	1	933.495	22142.7	22131.9	10.7813	472	638	186	2	0.0001 Colloc0 472 3101 0.052989 130.96
1320	1	940.355	22195	22183.9	11.0985	470	596	228	2	0.0001 Colloc0 470 3095 0.0320321 149.545
1330	1	947.365	22237.5	22226.7	10.7672	461	582	242	2	0.0001 Colloc0 461 3112 0.0153797 130.162
1340	1	954.249	22210	22198.9	11.1815	463	626	198	1	0.0001 Colloc0 463 3106 0.0185334 154.572
1350	1	961.104	22147.9	22137.6	10.3131	465	604	220	1	0.0001 Colloc0 465 3081 0.105012 105.522
1360	1	968.251	22301.9	22291.4	10.5958	479	601	223	1	0.0001 Colloc0 479 3116 0.0542244 120.585
1370	1	975.402	22195.7	22184.9	10.8357	467	616	208	2	0.0001 Colloc0 467 3097 0.0499133 134.076
1380	1	982.57	22175.1	22164.2	10.9556	467	621	203	1	0.0001 Colloc0 467 3105 0.0199945 141.046
1390	1	989.704	22139.4	22129	10.4113	458	625	199	2	0.0001 Colloc0 458 3105 0.0869754 110.647
1400	1	996.918	22280.8	22269.7	11.1381	470	571	253	4	0.0001 Colloc0 470 3096 0.000936557 151.937
1410	1	1004.16	22178.4	22167.9	10.44	451	591	233	1	0.0001 Colloc0 451 3097 0.0844213 112.168
1420	1	1011.33	22172	22161	10.9723	454	602	222	1	0.0001 Colloc0 454 3111 0.0417802 142.031
1430	1	1018.47	22204.3	22193.3	10.9943	461	609	215	1	0.0001 Colloc0 461 3110 0.00537278 143.329
1440	1	1025.67	22227.2	22216.1	11.1407	475	596	228	2	0.0001 Colloc0 475 3115 0.0496955 152.093
1450	1	1032.73	22150.9	22140	10.8886	458	604	220	3	0.0001 Colloc0 458 3092 0.0442697 137.134
1460	1	1039.88	22255.6	22244.5	11.0728	476	588	236	1	0.0001 Colloc0 476 3078 0.0529936 148.001
1470	1	1047.07	22312.7	22301.9	10.8188	475	580	244	1	0.0001 Colloc0 475 3097 0.090232 133.107
1480	1	1054.37	22263.8	22252.8	11.0523	478	598	226	2	0.0001 Colloc0 478 3103 0.0350221 146.774
1490	1	1061.38	22248.9	22237.5	11.42	474	594	230	2	0.0001 Colloc0 474 3104 0.00119605 169.371
1500	1	1068.46	22197.1	22186.4	10.7837	465	594	230	3	0.0001 Colloc0 465 3103 0.0296885 131.098
1510	1	1075.36	22213.4	22202.9	10.5869	473	609	215	1	0.0001 Colloc0 473 3099 0.0481812 120.096
1520	1	1082.45	22130.4	22119.6	10.7841	465	629	195	2	0.0001 Colloc0 465 3094 0.103083 131.123
1530	1	1089.61	22203.1	22192.4	10.6835	468	619	205	2	0.0001 Colloc0 468 3107 0.0671502 125.443
1540	1	1096.66	22171.4	22160.2	11.1581	457	639	185	3	0.0001 Colloc0 457 3134 0.00252306 153.145
1550	1	1103.59	22116.2	22105.2	11.0308	454	634	190	1	0.0001 Colloc0 454 3118 0.0109638 145.493
1560	1	1110.87	22118	22107.7	10.2852	464	619	205	2	0.0001 Colloc0 464 3110 0.14875 104.087
1570	1	1118.05	22103.1	22092.8	10.3803	456	637	187	2	0.0001 Colloc0 456 3120 0.123809 109.017
1580	1	1125.26	22157.9	22147.1	10.8318	458	621	203	2	0.0001 Colloc0 458 3117 0.0797627 133.85
1590	1	1132.45	22108.4	22097.8	10.6132	479	628	196	2	0.0001 Colloc0 479 3106 0.0745807 121.539
1600	1	1139.69	22148.9	22137.6	11.3801	456	616	208	2	0.0001 Colloc0 456 3116 0.0200781 166.86
1610	1	1146.86	22222.8	22212	10.8121	459	595	229	2	0.0001 Colloc0 459 3106 0.0495517 132.718
1620	1	1153.89	22161.8	22151.4	10.4151	457	624	200	2	0.0001 Colloc0 457 3103 0.125827 110.849
1630	1	1161.05	22296.1	22285.3	10.8673	486	589	235	3	0.0001 Colloc0 486 3099 0.0234127 135.897
1640	1	1168.26	22204.6	22193.7	10.8882	467	610	214	3	0.0001 Colloc0 467 3113 0.0209941 137.11
1650	1	1175.29	22188.6	22177.7	10.8381	478	615	209	3	0.0001 Colloc0 478 3094 0.1062 134.215
1660	1	1182.28	22277.6	22267.3	10.3157	464	578	246	1	0.0001 Colloc0 464 3104 0.0498505 105.656
1670	1	1189.45	22349.5	22338.7	10.8365	472	575	249	2	0.0001 Colloc0 472 3121 0.0363471 134.121
1680	1	1196.57	22165.2	22154.2	10.9568	471	616	208	2	0.0001 Colloc0 471 3096 0.0732982 141.115
1690	1	1203.7	22175.7	22165.6	10.0754	466	609	215	1	0.0001 Colloc0 466 3102 0.139877 93.6123
1700	1	1210.93	22066.5	22055.6	10.9661	446	640	184	1	0.0001 Colloc0 446 3098 0.00571568 141.664
1710	1	1218.23	22176.5	22166.6	9.8796	465	613	211	1	0.0001 Colloc0 465 3117 0.21402 84.3474
1720	1	1225.39	22228.7	22218.2	10.5626	456	611	213	2	0.0001 Colloc0 456 3111 0.0814986 118.768
1730	1	1232.6	22253.8	22242.7	11.1079	455	594	230	3	0.0001 Colloc0 455 3104 0.018543 150.11
1740	1	1239.77	22199	22188.3	10.7671	458	607	217	3	0.0001 Colloc0 458 3126 0.047157 130.152
1750	1	1246.81	22144.2	22133.6	10.5806	463	619	205	1	0.0001 Colloc0 463 3104 0.0605627 119.749
1760	1	1253.92	22217.1	22206.3	10.7614	458	600	224	2	0.0001 Colloc0 458 3113 0.0422427 129.828
1770	1	1261.09	22256.5	22245.9	10.6695	467	584	240	1	0.0001 Colloc0 467 3110 0.0770709 124.664
1780	1	1268.24	22266	22255.3	10.6558	459	599	225	1	0.0001 Colloc0 459 3115 0.051499 123.898
1790	1	1275.22	22367.7	22356.6	11.1434	484	562	262	1	0.0001 Colloc0 484 3122 0.0399217 152.257
1800	1	1282.41	22187.3	22176.8	10.4296	464	610	214	1	0.0001 Colloc0 464 3102 0.111348 111.616
1810	1	1289.54	22119.7	22108.8	10.9178	458	615	209	2	0.0001 Colloc0 458 3110 0.0276369 138.833
1820	1	1296.68	22244	22233.2	10.8083	468	584	240	1	0.0001 Colloc0 468 3103 0.0379068 132.506
1830	1	1303.84	22210.3	22199.4	10.8832	463	593	231	1	0.0001 Colloc0 463 3102 0.0391497 136.817
1840	1	1310.85	22194.5	22183.5	10.9605	463	599	225	1	0.0001 Colloc0 463 3078 0.0238304 141.336
1850	1	1318.14	22156.3	22145.2	11.0848	462	591	233	2	0.0001 Colloc0 462 3094 0.0345607 148.724
1860	1	1325.4	22151	22140.4	10.6114	456	612	212	4	0.0001 Colloc0 456 3094 0.0435503 121.443
1870	1	1332.78	22137.1	22125.7	11.348	472	616	208	4	0.0001 Colloc0 472 3092 0.0218509 164.847
1880	1	1339.99	22156	22145.4	10.6282	467	623	201	1	0.0001 Colloc0 467 3102 0.0476112 122.37
1890	1	1347.16	22148	22137.3	10.7077	470	611	213	4	0.0001 Colloc0 470 3075 0.0419182 126.798
1900	1	1354.37	22183.4	22172.3	11.1756	471	612	212	3	0.0001 Colloc0 471 3110 0.0159749 154.212
1910	1	1361.64	22218	22207	11.0172	473	606	218	1	0.0001 Colloc0 473 3096 0.0248896 144.682
1920	1	1368.92	22161.8	22151	10.7362	461	607	217	4	0.0001 Colloc0 461 3093 0.0185325 128.403
1930	1	1375.93	22422.3	22410.9	11.3589	491	541	283	2	0.0001 Colloc0 491 3103 0.00508798 165.533
1940	1	1383.08	22274.8	22263.8	10.9296	475	555	269	5	0.0001 Colloc0 475 3090 0.0678338 139.521
1950	1	1390.16	22255.8	22244.7	11.1185	464	589	235	4	0.0001 Colloc0 464 3092 0.00470864 150.749
1960	1	1397.29	22178.9	22167.7	11.1799	471	608	216	3	0.0001 Colloc0 471 3106 0.00317153 154.476
1970	1	1404.47	22241.9	22230.8	11.1264	469	588	236	1	0.0001 Colloc0 469 3097 0.00549572 151.228
1980	1	1411.59	22155.2	22143.9	11.2949	467	611	213	2	0.0001 Colloc0 467 3095 0.0185487 161.545
1990	1	1418.73	22151.6	22140.6	10.9644	466	618	206	3	0.0001 Colloc0 466 3102 0.0350784 141.563
2000	1	1426	22194.7	22183.5	11.1469	459	601	223	1	0.0001 Colloc0 459 3095 0.0249108 152.467
