# D = 0, E = 1, I = 1, P = 1, R = -1, n = 2000, N = 1, P = 1, w = 1, a = 0.0001, b = 10000, e = 1, f = 1, g = 100, h = 0.01, r = 29227, s = 1, S = 0, x = 10, m = 100, Z = 1, z = 0, T = 1, t = 1
# 8312 tokens in 824 sentences
#
# It	Temp	Time	-logP	-logPcorpus	-logPrior	tables	same	changed	reject	default_pya	(parent pym pyn pya pyb)*
0	1	0.58691	30505.5	30391.7	113.764	1890	0	824	0	0.0001 Colloc0 1890 3397 0.0001 10000
10	1	9.00463	23334.8	23323.6	11.2729	540	449	375	3	0.0001 Colloc0 540 3165 0.0578021 160.183
20	1	16.5015	22839.3	22828.4	10.9703	492	475	349	2	0.0001 Colloc0 492 3157 0.0302386 141.911
30	1	23.9494	22486.1	22475	11.1485	470	526	298	1	0.0001 Colloc0 470 3098 0.000191179 152.563
40	1	31.4952	22399.9	22389.1	10.7683	473	572	252	2	0.0001 Colloc0 473 3124 0.115778 130.222
50	1	38.6541	22426.5	22415.5	10.9426	461	551	273	0	0.0001 Colloc0 461 3134 0.0236859 140.282
60	1	45.945	22399.1	22388.2	10.8443	467	572	252	1	0.0001 Colloc0 467 3126 0.0390316 134.573
70	1	53.3019	22300.2	22289.5	10.7078	475	592	232	2	0.0001 Colloc0 475 3119 0.102561 126.805
80	1	60.7618	22226.8	22215.8	11.0165	462	578	246	0	0.0001 Colloc0 462 3124 0.00746436 144.646
90	1	68.2026	22293.1	22282.3	10.8095	461	587	237	1	0.0001 Colloc0 461 3135 0.0889248 132.569
100	1	75.6495	22283	22272.7	10.3296	456	562	262	2	0.0001 Colloc0 456 3131 0.107463 106.373
110	1	83.1344	22399.7	22388.7	10.9722	459	545	279	1	0.0001 Colloc0 459 3129 0.0282465 142.021
120	1	90.5892	22316.2	22305.6	10.6413	463	570	254	1	0.0001 Colloc0 463 3111 0.113567 123.094
130	1	97.9931	22330.2	22319.4	10.8182	472	575	249	2	0.0001 Colloc0 472 3129 0.093456 133.071
140	1	105.465	22274.3	22263.5	10.8216	474	574	250	0	0.0001 Colloc0 474 3099 0.084891 133.268
150	1	112.917	22308.1	22297.2	10.925	461	561	263	0	0.0001 Colloc0 461 3132 0.0416992 139.253
160	1	120.287	22224.9	22214.1	10.879	454	553	271	1	0.0001 Colloc0 454 3110 0.0287127 136.576
170	1	127.712	22192.2	22181.4	10.8103	458	570	254	2	0.0001 Colloc0 458 3096 0.064605 132.616
180	1	135.108	22160.9	22150.4	10.4025	445	574	250	0	0.0001 Colloc0 445 3114 0.0923363 110.182
190	1	142.503	22292.1	22281.3	10.754	459	563	261	0	0.0001 Colloc0 459 3104 0.0500612 129.408
200	1	149.706	22257	22246.2	10.711	453	565	259	2	0.0001 Colloc0 453 3125 0.0496026 126.984
210	1	157.006	22073.2	22062.6	10.5013	447	609	215	0	0.0001 Colloc0 447 3088 0.0747738 115.445
220	1	164.431	22247.2	22236.2	11.0071	460	567	257	0	0.0001 Colloc0 460 3119 0.0284452 144.084
230	1	171.549	22097.3	22086.7	10.6029	433	607	217	0	0.0001 Colloc0 433 3104 0.0240584 120.973
240	1	178.954	22135	22124.1	10.914	457	587	237	4	0.0001 Colloc0 457 3124 0.0292798 138.613
250	1	186.424	22109.2	22098.4	10.8343	461	589	235	1	0.0001 Colloc0 461 3113 0.0517681 133.994
260	1	193.788	22093.2	22082.3	10.9017	457	607	217	1	0.0001 Colloc0 457 3106 0.00546184 137.896
270	1	201.131	22009.4	21998.7	10.7279	447	615	209	1	0.0001 Colloc0 447 3091 0.065192 127.937
280	1	208.455	21970.4	21959.7	10.7381	453	618	206	2	0.0001 Colloc0 453 3087 0.0088716 128.51
290	1	215.757	22036.1	22025.7	10.4565	443	602	222	0	0.0001 Colloc0 443 3088 0.105272 113.043
300	1	223.112	22122.8	22112.6	10.1255	464	600	224	1	0.0001 Colloc0 464 3090 0.176762 96.0632
310	1	230.473	22208	22197.3	10.7222	470	575	249	3	0.0001 Colloc0 470 3111 0.0744386 127.614
320	1	237.805	22139.6	22128.7	10.8904	456	572	252	0	0.0001 Colloc0 456 3100 0.0426093 137.24
330	1	245.15	22106.7	22096.2	10.5389	460	597	227	1	0.0001 Colloc0 460 3098 0.0949667 117.477
340	1	252.506	21986.6	21975.8	10.8632	440	648	176	0	0.0001 Colloc0 440 3103 0.0575926 135.662
350	1	259.841	22153.7	22142.9	10.7854	442	595	229	3	0.0001 Colloc0 442 3112 0.0417944 131.197
360	1	267.369	22109.4	22099.1	10.2601	461	574	250	2	0.0001 Colloc0 461 3087 0.134964 102.803
370	1	274.65	22062.8	22052.4	10.4031	451	581	243	2	0.0001 Colloc0 451 3085 0.096811 110.218
380	1	281.992	22004.6	21993.7	10.8987	445	602	222	3	0.0001 Colloc0 445 3089 0.0601585 137.719
390	1	289.278	21956.6	21946.5	10.1322	455	642	182	1	0.0001 Colloc0 455 3089 0.118244 96.391
400	1	296.52	22010.8	22000.3	10.4293	463	620	204	1	0.0001 Colloc0 463 3093 0.116659 111.6
410	1	303.736	22035.2	22025	10.1831	458	595	229	2	0.0001 Colloc0 458 3077 0.144177 98.9182
420	1	311.28	22121.2	22111	10.2476	464	557	267	0	0.0001 Colloc0 464 3095 0.164456 102.171
430	1	318.72	22069.9	22058.8	11.1004	460	572	252	1	0.0001 Colloc0 460 3077 0.0589799 149.661
440	1	326.364	22068.1	22058.2	9.91985	453	586	238	2	0.0001 Colloc0 453 3087 0.149538 86.21
450	1	333.639	21991.5	21981.1	10.3222	450	583	241	1	0.0001 Colloc0 450 3073 0.111809 105.995
460	1	340.982	21960.9	21950	10.9234	455	602	222	2	0.0001 Colloc0 455 3058 0.039788 139.161
470	1	348.265	22097	22086.1	10.893	460	571	253	0	0.0001 Colloc0 460 3078 0.0273981 137.39
480	1	355.651	21805.8	21795.2	10.5385	443	647	177	2	0.0001 Colloc0 443 3050 0.0774519 117.456
490	1	363.183	21902	21891.5	10.4717	445	641	183	3	0.0001 Colloc0 445 3078 0.114136 113.855
500	1	370.505	21865.5	21855	10.5466	450	665	159	2	0.0001 Colloc0 450 3061 0.110833 117.895
510	1	377.83	21838.7	21828	10.6904	451	638	186	1	0.0001 Colloc0 451 3036 0.0659411 125.829
520	1	385.21	21784.1	21773.4	10.6058	439	632	192	1	0.0001 Colloc0 439 3029 0.0545738 121.136
530	1	392.49	21957.7	21947	10.6526	458	578	246	0	0.0001 Colloc0 458 3054 0.0854248 123.719
540	1	399.807	22022.4	22011.7	10.6738	458	582	242	0	0.0001 Colloc0 458 3063 0.0963242 124.903
550	1	407.269	21951	21940.5	10.5772	465	600	224	0	0.0001 Colloc0 465 3036 0.0470701 119.567
560	1	414.771	21992.9	21982.3	10.6395	480	590	234	1	0.0001 Colloc0 480 3042 0.0947732 122.996
570	1	422.282	21947	21936.6	10.4489	441	569	255	3	0.0001 Colloc0 441 3056 0.0861364 112.641
580	1	429.651	21966.8	21956.5	10.2773	471	591	233	0	0.0001 Colloc0 471 3046 0.143464 103.686
590	1	437.162	21912.2	21901.4	10.7811	460	608	216	2	0.0001 Colloc0 460 3034 0.04556 130.952
600	1	444.654	21853.1	21842.1	11.0222	445	597	227	2	0.0001 Colloc0 445 3038 0.0248725 144.982
610	1	451.886	21861.1	21850	11.0698	451	612	212	1	0.0001 Colloc0 451 3033 0.0460553 147.82
620	1	459.014	21760.3	21749.7	10.577	450	636	188	1	0.0001 Colloc0 450 3027 0.078004 119.557
630	1	466.142	21738.1	21727.6	10.4833	448	633	191	0	0.0001 Colloc0 448 3005 0.116739 114.477
640	1	473.587	21788.2	21777.7	10.4782	463	622	202	1	0.0001 Colloc0 463 3012 0.134649 114.203
650	1	480.84	21776.7	21766.5	10.1472	457	630	194	1	0.0001 Colloc0 457 3046 0.145679 97.1344
660	1	488.148	21786.3	21775.6	10.6329	466	638	186	0	0.0001 Colloc0 466 3039 0.106456 122.631
670	1	495.522	21771.8	21761.2	10.6365	446	622	202	2	0.0001 Colloc0 446 3024 0.0867286 122.831
680	1	502.864	21861.2	21850.5	10.6416	468	593	231	1	0.0001 Colloc0 468 3003 0.124707 123.114
690	1	510.157	21805.1	21794.2	10.9299	451	619	205	0	0.0001 Colloc0 451 3017 0.042421 139.537
700	1	517.445	21794	21783.5	10.537	455	615	209	3	0.0001 Colloc0 455 3012 0.0916288 117.375
710	1	524.851	21760.9	21749.9	10.9728	455	629	195	0	0.0001 Colloc0 455 3023 0.0243667 142.059
720	1	532.052	21809.1	21798.4	10.6945	454	615	209	0	0.0001 Colloc0 454 3015 0.0766252 126.058
730	1	539.446	21811.7	21800.7	10.991	455	612	212	1	0.0001 Colloc0 455 3025 0.0195147 143.135
740	1	546.892	21761.3	21750.5	10.8009	467	632	192	3	0.0001 Colloc0 467 3018 0.101102 132.082
750	1	554.358	21855.1	21844	11.0948	455	587	237	1	0.0001 Colloc0 455 3007 0.00942761 149.32
760	1	561.888	21798.1	21787.4	10.6302	470	627	197	0	0.0001 Colloc0 470 3005 0.105105 122.481
770	1	569.348	21757.1	21746.4	10.6107	464	625	199	0	0.0001 Colloc0 464 3001 0.106537 121.405
780	1	576.681	21876.2	21865.6	10.5858	456	588	236	0	0.0001 Colloc0 456 3014 0.0730572 120.034
790	1	584.057	21777.3	21766.9	10.4461	460	633	191	0	0.0001 Colloc0 460 3008 0.0842354 112.494
800	1	591.311	21809.2	21798.5	10.7627	453	607	217	1	0.0001 Colloc0 453 3011 0.069563 129.902
810	1	598.416	21791.8	21780.8	11.0134	462	600	224	2	0.0001 Colloc0 462 3010 0.0784335 144.462
820	1	605.684	21821.7	21810.5	11.1862	469	599	225	2	0.0001 Colloc0 469 2995 0.0180341 154.858
830	1	612.99	21824.3	21813.9	10.4224	465	617	207	0	0.0001 Colloc0 465 3016 0.0977883 111.235
840	1	620.364	21797.5	21787.2	10.2499	458	614	210	0	0.0001 Colloc0 458 3012 0.145539 102.287
850	1	627.603	21821	21809.8	11.2251	462	593	231	2	0.0001 Colloc0 462 3003 0.00144465 157.24
860	1	634.895	21791	21780.1	10.8981	467	623	201	2	0.0001 Colloc0 467 3006 0.0525917 137.686
870	1	642.361	21727.7	21717.2	10.5187	450	633	191	0	0.0001 Colloc0 450 3000 0.113173 116.385
880	1	649.874	21773.2	21762.1	11.0671	457	628	196	0	0.0001 Colloc0 457 2994 0.0384501 147.658
890	1	657.15	21853.2	21842.2	10.9795	458	593	231	0	0.0001 Colloc0 458 3003 0.0598742 142.456
900	1	664.274	21725.2	21714.6	10.597	454	630	194	2	0.0001 Colloc0 454 2987 0.0691434 120.652
910	1	671.54	21642.3	21631.9	10.4482	456	657	167	0	0.0001 Colloc0 456 2984 0.0959394 112.604
920	1	678.916	21806	21795.2	10.8154	458	593	231	2	0.0001 Colloc0 458 2999 0.0445211 132.911
930	1	686.275	21765	21754.3	10.6609	447	625	199	0	0.0001 Colloc0 447 2993 0.0380076 124.182
940	1	693.553	21798.5	21788	10.5358	463	618	206	3	0.0001 Colloc0 463 3005 0.0804727 117.312
950	1	700.927	21698.7	21687.7	11.0102	452	649	175	1	0.0001 Colloc0 452 3009 0.0247817 144.267
960	1	708.431	21735.4	21724.8	10.5675	441	623	201	0	0.0001 Colloc0 441 3009 0.0465604 119.037
970	1	715.911	21684.3	21673.8	10.475	443	636	188	1	0.0001 Colloc0 443 2991 0.0882768 114.032
980	1	723.168	21775.2	21764.4	10.761	459	644	180	0	0.0001 Colloc0 459 2988 0.0241297 129.807
990	1	730.4	21704.2	21693.5	10.7184	454	617	207	1	0.0001 Colloc0 454 2971 0.0608878 127.399
1000	1	737.777	21607.6	21597	10.5802	455	641	183	2	0.0001 Colloc0 455 2977 0.103853 119.732
1010	1	745.081	21684.5	21673.8	10.6656	460	610	214	2	0.0001 Colloc0 460 2987 0.0605554 124.443
1020	1	752.378	21683.6	21672.4	11.1415	458	604	220	2	0.0001 Colloc0 458 2967 0.0249786 152.14
1030	1	759.653	21618.8	21608	10.7359	450	617	207	1	0.0001 Colloc0 450 2960 0.0516323 128.389
1040	1	767.032	21594.8	21584	10.8738	460	641	183	1	0.0001 Colloc0 460 2980 0.0333064 136.272
1050	1	774.273	21615.5	21605.2	10.3052	470	636	188	1	0.0001 Colloc0 470 2962 0.125366 105.116
1060	1	781.366	21705.7	21694.6	11.071	468	629	195	4	0.0001 Colloc0 468 2981 0.0382158 147.892
1070	1	788.507	21473.6	21463.1	10.5227	448	671	153	3	0.0001 Colloc0 448 2956 0.0580369 116.599
1080	1	795.939	21568.9	21558.2	10.7157	449	645	179	3	0.0001 Colloc0 449 2957 0.0408052 127.249
1090	1	803.194	21610.4	21599.4	11.0048	446	639	185	2	0.0001 Colloc0 446 2979 0.00881205 143.949
1100	1	810.574	21727.4	21716.8	10.6264	469	614	210	1	0.0001 Colloc0 469 2985 0.0880224 122.271
1110	1	817.895	21686.2	21675.3	10.8805	457	605	219	1	0.0001 Colloc0 457 3012 0.0243158 136.662
1120	1	825.281	21686.6	21675.7	10.9493	458	616	208	0	0.0001 Colloc0 458 3002 0.0134979 140.676
1130	1	832.465	21691.9	21680.9	11.0474	467	610	214	3	0.0001 Colloc0 467 2987 0.0737022 146.481
1140	1	839.69	21644.9	21634.8	10.0923	467	613	211	1	0.0001 Colloc0 467 2984 0.153306 94.4336
1150	1	847.169	21658.1	21647.7	10.4323	457	627	197	1	0.0001 Colloc0 457 2975 0.140075 111.761
1160	1	854.627	21767.7	21756.8	10.9253	456	579	245	1	0.0001 Colloc0 456 2980 0.0321434 139.271
1170	1	862.229	21719.5	21708.9	10.5674	455	617	207	0	0.0001 Colloc0 455 2968 0.0254549 119.03
1180	1	869.726	21640.6	21629.8	10.8598	452	607	217	3	0.0001 Colloc0 452 2976 0.0411633 135.466
1190	1	877.254	21674.9	21663.9	10.935	458	613	211	1	0.0001 Colloc0 458 2986 0.0479894 139.838
1200	1	884.791	21597.2	21586.6	10.567	460	617	207	1	0.0001 Colloc0 460 2964 0.121625 119.007
1210	1	892.257	21621.9	21611.5	10.444	460	617	207	0	0.0001 Colloc0 460 2969 0.134719 112.379
1220	1	899.637	21661.4	21651.2	10.1855	455	605	219	1	0.0001 Colloc0 455 2975 0.136478 99.0417
1230	1	906.983	21624.3	21613.7	10.6326	456	636	188	1	0.0001 Colloc0 456 2972 0.0734566 122.613
1240	1	914.488	21714.7	21703.7	11.0019	460	611	213	0	0.0001 Colloc0 460 2980 0.0436748 143.777
1250	1	921.871	21663.7	21653	10.69	475	614	210	3	0.0001 Colloc0 475 2969 0.0884385 125.805
1260	1	929.14	21633.4	21622.6	10.7704	468	622	202	0	0.0001 Colloc0 468 2953 0.0769994 130.339
1270	1	936.419	21597.4	21586.7	10.6608	449	624	200	0	0.0001 Colloc0 449 2957 0.0635172 124.18
1280	1	943.956	21641.6	21630.6	10.9987	450	618	206	1	0.0001 Colloc0 450 2973 0.01807 143.59
1290	1	951.296	21675	21664.4	10.6171	461	613	211	1	0.0001 Colloc0 461 2990 0.110912 121.755
1300	1	958.761	21629.4	21618.8	10.607	456	637	187	1	0.0001 Colloc0 456 2967 0.0868815 121.201
1310	1	966.125	21627.2	21616.3	10.9026	448	613	211	2	0.0001 Colloc0 448 2974 0.0187885 137.947
1320	1	973.495	21699.8	21689.4	10.3495	460	602	222	1	0.0001 Colloc0 460 2967 0.118742 107.411
1330	1	980.827	21665	21653.9	11.1454	449	598	226	3	0.0001 Colloc0 449 2964 0.0161468 152.375
1340	1	988.325	21799.7	21788.7	10.9637	469	571	253	1	0.0001 Colloc0 469 2989 0.0518071 141.523
1350	1	995.9	21692.5	21682.1	10.4092	465	606	218	1	0.0001 Colloc0 465 2962 0.133094 110.538
1360	1	1003.31	21633.3	21622.6	10.6399	456	629	195	0	0.0001 Colloc0 456 2957 0.106844 123.015
1370	1	1010.7	21603	21592.2	10.8004	458	608	216	0	0.0001 Colloc0 458 2969 0.055788 132.049
1380	1	1018	21625	21614.3	10.6733	471	606	218	0	0.0001 Colloc0 471 2952 0.0697659 124.876
1390	1	1025.35	21676.3	21665.6	10.6708	466	609	215	3	0.0001 Colloc0 466 2967 0.0758833 124.736
1400	1	1032.77	21657.5	21646.8	10.7318	455	613	211	1	0.0001 Colloc0 455 2986 0.0418798 128.155
1410	1	1040.16	21615.5	21604.4	11.1235	459	620	204	0	0.0001 Colloc0 459 2950 0.0703415 151.052
1420	1	1047.58	21600	21589.7	10.3568	463	628	196	1	0.0001 Colloc0 463 2955 0.134068 107.787
1430	1	1055.09	21732.6	21721.7	10.9638	471	603	221	3	0.0001 Colloc0 471 2968 0.0735643 141.529
1440	1	1062.64	21576.5	21566.6	9.92616	462	636	188	2	0.0001 Colloc0 462 2967 0.146478 86.5041
1450	1	1070.17	21618.8	21608.2	10.5485	461	620	204	0	0.0001 Colloc0 461 2984 0.0657242 118
1460	1	1077.58	21553.6	21543.3	10.2227	448	645	179	0	0.0001 Colloc0 448 2955 0.110819 100.911
1470	1	1084.94	21497.5	21487.4	10.007	456	682	142	2	0.0001 Colloc0 456 2952 0.175669 90.3161
1480	1	1092.31	21655.4	21644.9	10.4501	452	613	211	3	0.0001 Colloc0 452 2978 0.0970322 112.703
1490	1	1099.66	21546.3	21535.7	10.6841	458	664	160	1	0.0001 Colloc0 458 2959 0.0632732 125.478
1500	1	1107.24	21698.7	21687.5	11.2121	474	612	212	1	0.0001 Colloc0 474 2986 0.00964911 156.444
1510	1	1114.56	21599.5	21588.5	11.0056	454	620	204	1	0.0001 Colloc0 454 2944 0.0224476 143.999
1520	1	1121.82	21648.1	21637.3	10.8549	462	622	202	0	0.0001 Colloc0 462 2976 0.0603662 135.182
1530	1	1129.03	21626.6	21615.9	10.7612	458	604	220	0	0.0001 Colloc0 458 2965 0.00541226 129.819
1540	1	1136.32	21496.4	21485.1	11.2423	460	673	151	1	0.0001 Colloc0 460 2961 0.0211071 158.295
1550	1	1143.31	21604.6	21594	10.5131	445	628	196	1	0.0001 Colloc0 445 2980 0.0450468 116.083
1560	1	1150.57	21738.5	21727.3	11.1419	474	592	232	2	0.0001 Colloc0 474 2987 0.0355376 152.164
1570	1	1158.1	21596.3	21585.6	10.7537	448	642	182	1	0.0001 Colloc0 448 2971 0.0209628 129.395
1580	1	1165.59	21565.7	21555	10.7123	453	648	176	0	0.0001 Colloc0 453 2959 0.0616701 127.06
1590	1	1172.98	21689.2	21678.2	11.0095	445	611	213	3	0.0001 Colloc0 445 2982 0.0366114 144.231
1600	1	1180.38	21676.6	21666.2	10.4377	465	594	230	4	0.0001 Colloc0 465 2972 0.131521 112.045
1610	1	1187.62	21721.5	21710.5	11.0017	477	588	236	0	0.0001 Colloc0 477 2970 0.00975452 143.766
1620	1	1195.06	21676.5	21665.6	10.9472	464	608	216	0	0.0001 Colloc0 464 2979 0.00957535 140.555
1630	1	1202.3	21593.4	21583.2	10.1405	469	604	220	3	0.0001 Colloc0 469 2966 0.150808 96.8026
1640	1	1209.64	21638.2	21627.4	10.8213	452	610	214	2	0.0001 Colloc0 452 2967 0.0624855 133.249
1650	1	1216.94	21511.8	21501.2	10.5275	443	627	197	0	0.0001 Colloc0 443 2954 0.105267 116.859
1660	1	1224.35	21609.6	21599.2	10.4001	450	613	211	1	0.0001 Colloc0 450 2977 0.107456 110.058
1670	1	1231.43	21601.2	21590.6	10.5586	456	634	190	1	0.0001 Colloc0 456 2960 0.112328 118.549
1680	1	1238.66	21584.4	21573.6	10.7236	455	637	187	0	0.0001 Colloc0 455 2956 0.0859588 127.692
1690	1	1245.87	21518.5	21507.5	11.0048	452	637	187	0	0.0001 Colloc0 452 2948 0.0125536 143.948
1700	1	1253.35	21677.7	21667.3	10.4098	460	614	210	0	0.0001 Colloc0 460 2954 0.102137 110.57
1710	1	1260.87	21625.6	21614.5	11.0528	463	614	210	2	0.0001 Colloc0 463 2955 0.00401517 146.807
1720	1	1268.23	21551.9	21541.5	10.3412	451	631	193	0	0.0001 Colloc0 451 2919 0.0778334 106.976
1730	1	1275.66	21566.3	21555.6	10.7556	448	624	200	3	0.0001 Colloc0 448 2927 0.0816113 129.502
1740	1	1282.94	21603	21592	11.0502	460	606	218	1	0.0001 Colloc0 460 2938 0.00568715 146.648
1750	1	1290.36	21619	21608.8	10.2906	473	618	206	2	0.0001 Colloc0 473 2964 0.124668 104.366
1760	1	1297.78	21566.5	21555.5	10.9918	456	612	212	3	0.0001 Colloc0 456 2946 0.0584 143.181
1770	1	1304.99	21579.8	21568.8	11.0861	458	616	208	1	0.0001 Colloc0 458 2961 0.0158913 148.802
1780	1	1312.4	21676.2	21665.1	11.0732	461	604	220	4	0.0001 Colloc0 461 2981 0.0162277 148.023
1790	1	1319.8	21620.8	21610.1	10.6551	464	618	206	4	0.0001 Colloc0 464 2954 0.0706586 123.859
1800	1	1327.33	21655.1	21643.9	11.2452	464	599	225	2	0.0001 Colloc0 464 2967 0.000947341 158.472
1810	1	1334.73	21633	21622.2	10.8272	462	599	225	1	0.0001 Colloc0 462 2937 0.0648458 133.588
1820	1	1342.07	21700.5	21689.8	10.7072	469	573	251	1	0.0001 Colloc0 469 2942 0.083584 126.77
1830	1	1349.47	21549	21538.6	10.3705	454	621	203	1	0.0001 Colloc0 454 2956 0.0766256 108.502
1840	1	1356.97	21571.3	21560.7	10.5613	462	650	174	2	0.0001 Colloc0 462 2932 0.116346 118.697
1850	1	1364.38	21550.7	21540	10.7003	469	631	193	1	0.0001 Colloc0 469 2935 0.114404 126.384
1860	1	1371.84	21546.5	21536	10.506	469	628	196	1	0.0001 Colloc0 469 2945 0.103351 115.697
1870	1	1379.2	21536.1	21525.2	10.978	459	626	198	1	0.0001 Colloc0 459 2948 0.0370086 142.366
1880	1	1386.54	21569.5	21558.6	10.8918	465	633	191	2	0.0001 Colloc0 465 2956 0.0605304 137.316
1890	1	1393.9	21535.7	21524.9	10.8918	455	629	195	1	0.0001 Colloc0 455 2956 0.0673943 137.321
1900	1	1400.98	21536.1	21525.4	10.6959	449	642	182	2	0.0001 Colloc0 449 2953 0.0277592 126.14
1910	1	1408.21	21603.3	21592.8	10.4578	451	621	203	1	0.0001 Colloc0 451 2940 0.0440213 113.112
1920	1	1415.62	21717.3	21706	11.2693	463	577	247	2	0.0001 Colloc0 463 2918 0.00818667 159.957
1930	1	1423.08	21691.8	21680.8	10.9873	471	594	230	0	0.0001 Colloc0 471 2940 0.0390809 142.917
1940	1	1430.38	21473.8	21462.9	10.9133	463	649	175	0	0.0001 Colloc0 463 2941 0.0578624 138.571
1950	1	1437.6	21410	21398.9	11.0426	448	666	158	0	0.0001 Colloc0 448 2941 0.0106989 146.198
1960	1	1444.84	21513.4	21502.6	10.7631	458	648	176	1	0.0001 Colloc0 458 2951 0.0894348 129.926
1970	1	1452.29	21628.5	21617.4	11.1424	477	607	217	2	0.0001 Colloc0 477 2955 0.0388503 152.197
1980	1	1459.78	21519.4	21509	10.355	461	654	170	0	0.0001 Colloc0 461 2959 0.109802 107.693
1990	1	1467.22	21505.3	21494.7	10.6328	451	641	183	0	0.0001 Colloc0 451 2954 0.0233132 122.622
2000	1	1474.6	21586.1	21575.5	10.6379	463	598	226	1	0.0001 Colloc0 463 2954 0.0800906 122.905
