# D = 0, E = 1, I = 1, P = 1, R = -1, n = 2000, N = 1, P = 1, w = 1, a = 0.0001, b = 10000, e = 1, f = 1, g = 100, h = 0.01, r = 16002, s = 1, S = 0, x = 10, m = 100, Z = 1, z = 0, T = 1, t = 1
# 8312 tokens in 824 sentences
#
# It	Temp	Time	-logP	-logPcorpus	-logPrior	tables	same	changed	reject	default_pya	(parent pym pyn pya pyb)*
0	1	0.58891	31854.1	31740.4	113.764	2192	0	824	0	0.0001 Colloc0 2192 3795 0.0001 10000
10	1	8.71268	23572.4	23561	11.3937	536	432	392	2	0.0001 Colloc0 536 3219 0.0441142 167.713
20	1	16.0546	23197.7	23186.5	11.2047	508	517	307	3	0.0001 Colloc0 508 3245 0.0442421 155.987
30	1	23.3924	22982	22970.6	11.3582	494	551	273	1	0.0001 Colloc0 494 3231 0.000957716 165.485
40	1	30.8063	22817.8	22806.7	11.0645	481	609	215	2	0.0001 Colloc0 481 3224 0.0579486 147.503
50	1	38.1382	22937.5	22926.5	10.9572	478	507	317	2	0.0001 Colloc0 478 3203 0.0244306 141.144
60	1	45.5221	22927.6	22916.5	11.11	491	536	288	1	0.0001 Colloc0 491 3189 0.0589979 150.24
70	1	52.849	22823.9	22812.6	11.3003	479	539	285	2	0.0001 Colloc0 479 3196 0.00134002 161.882
80	1	60.1918	22661.9	22650.7	11.2159	461	582	242	1	0.0001 Colloc0 461 3182 0.00941686 156.672
90	1	67.2978	22764.4	22753.4	11.0126	486	529	295	1	0.0001 Colloc0 486 3171 0.00712089 144.411
100	1	74.7636	22556.5	22545.5	11.0545	455	578	246	2	0.0001 Colloc0 455 3161 0.0190095 146.91
110	1	82.0135	22699.3	22688.5	10.717	482	543	281	4	0.0001 Colloc0 482 3182 0.0740828 127.32
120	1	89.3384	22515.9	22505.2	10.7019	459	575	249	0	0.0001 Colloc0 459 3168 0.0751705 126.473
130	1	96.4773	22590	22579.2	10.8627	465	581	243	1	0.0001 Colloc0 465 3167 0.00433002 135.634
140	1	103.678	22613	22602.1	10.9638	470	572	252	1	0.0001 Colloc0 470 3177 0.0579064 141.53
150	1	111.058	22680	22668.8	11.1874	484	533	291	1	0.0001 Colloc0 484 3166 0.0022361 154.929
160	1	118.407	22651.6	22640.6	11.024	466	570	254	1	0.0001 Colloc0 466 3159 0.00712273 145.087
170	1	125.712	22599.7	22589	10.7227	474	578	246	1	0.0001 Colloc0 474 3158 0.095953 127.642
180	1	132.975	22462.2	22451.3	10.8743	456	586	238	1	0.0001 Colloc0 456 3153 0.00699838 136.301
190	1	140.21	22657.8	22646.7	11.1276	468	545	279	3	0.0001 Colloc0 468 3154 0.0206948 151.298
200	1	147.41	22631.4	22620.3	11.0998	471	581	243	1	0.0001 Colloc0 471 3153 0.00362098 149.621
210	1	154.756	22700.6	22690	10.6195	487	525	299	1	0.0001 Colloc0 487 3138 0.0823057 121.89
220	1	162.158	22574.7	22563.7	10.9901	471	557	267	1	0.0001 Colloc0 471 3129 0.087827 143.08
230	1	169.539	22643.4	22631.9	11.5312	476	541	283	1	0.0001 Colloc0 476 3140 0.00211207 176.44
240	1	176.933	22760.9	22749.6	11.2481	486	518	306	4	0.0001 Colloc0 486 3135 0.0211708 158.65
250	1	184.271	22641.4	22630.3	11.163	477	534	290	2	0.0001 Colloc0 477 3138 0.0150052 153.443
260	1	191.567	22502.5	22491.7	10.7739	481	576	248	2	0.0001 Colloc0 481 3137 0.106937 130.541
270	1	198.687	22338.8	22327.9	10.9739	474	621	203	2	0.0001 Colloc0 474 3126 0.0667327 142.124
280	1	205.765	22465.5	22454.3	11.2803	480	586	238	0	0.0001 Colloc0 480 3116 0.00235522 160.643
290	1	213.096	22527.5	22516.4	11.1398	474	586	238	0	0.0001 Colloc0 474 3135 0.00249817 152.036
300	1	220.546	22446.1	22435.6	10.4829	469	578	246	1	0.0001 Colloc0 469 3117 0.0954426 114.455
310	1	227.963	22442.7	22431.8	10.8841	468	587	237	2	0.0001 Colloc0 468 3113 0.0245561 136.873
320	1	235.367	22540.2	22529.1	11.1067	468	561	263	1	0.0001 Colloc0 468 3128 0.0138557 150.038
330	1	242.735	22406.9	22396.2	10.7436	466	591	233	2	0.0001 Colloc0 466 3116 0.0348659 128.824
340	1	250.135	22542.6	22531.7	10.9252	474	566	258	2	0.0001 Colloc0 474 3126 0.0621403 139.267
350	1	257.336	22495.3	22484.1	11.1694	465	563	261	1	0.0001 Colloc0 465 3112 0.0317846 153.834
360	1	264.765	22587.9	22576.7	11.2009	478	537	287	1	0.0001 Colloc0 478 3118 0.0225486 155.754
370	1	272.141	22444.1	22433.2	10.9124	474	569	255	0	0.0001 Colloc0 474 3105 0.0486565 138.516
380	1	279.437	22558.4	22547.2	11.1609	484	565	259	3	0.0001 Colloc0 484 3118 0.0177629 153.317
390	1	286.756	22534.3	22522.9	11.3759	479	549	275	3	0.0001 Colloc0 479 3116 0.000419994 166.596
400	1	293.837	22439.4	22428.5	10.8865	462	562	262	2	0.0001 Colloc0 462 3126 0.0448624 137.014
410	1	300.953	22516.4	22505.9	10.516	471	551	273	1	0.0001 Colloc0 471 3124 0.0764301 116.237
420	1	308.269	22619.3	22608.4	10.9037	480	521	303	0	0.0001 Colloc0 480 3123 0.0672498 138.012
430	1	315.653	22547.4	22536.3	11.0557	464	548	276	3	0.0001 Colloc0 464 3116 0.0377991 146.979
440	1	323.057	22608.9	22597.8	11.0717	486	541	283	1	0.0001 Colloc0 486 3119 0.0414046 147.938
450	1	330.411	22596.9	22585.7	11.2346	485	551	273	2	0.0001 Colloc0 485 3114 0.0371123 157.824
460	1	337.937	22522.6	22511.5	11.0358	478	572	252	0	0.0001 Colloc0 478 3117 0.0863076 145.793
470	1	345.317	22478.6	22467.8	10.7823	469	563	261	0	0.0001 Colloc0 469 3114 0.038414 131.02
480	1	352.598	22534.9	22523.8	11.1484	489	569	255	3	0.0001 Colloc0 489 3118 0.00386439 152.557
490	1	359.981	22597.9	22586.7	11.1776	481	554	270	0	0.0001 Colloc0 481 3105 0.0241806 154.336
500	1	367.279	22561.7	22550.5	11.1952	481	574	250	1	0.0001 Colloc0 481 3130 0.0206289 155.406
510	1	374.634	22532.6	22521.6	10.9892	488	553	271	1	0.0001 Colloc0 488 3124 0.0660535 143.027
520	1	381.86	22493.9	22482.6	11.2714	478	575	249	1	0.0001 Colloc0 478 3123 0.0111757 160.091
530	1	389.063	22518.3	22507.2	11.1468	480	576	248	1	0.0001 Colloc0 480 3104 0.0222131 152.464
540	1	396.331	22457.2	22446.4	10.7932	461	579	245	0	0.0001 Colloc0 461 3112 0.0282497 131.64
550	1	403.699	22462	22450.8	11.184	471	582	242	2	0.0001 Colloc0 471 3093 0.00470394 154.725
560	1	411.186	22524.1	22512.8	11.3236	489	561	263	1	0.0001 Colloc0 489 3102 0.0134566 163.327
570	1	418.539	22460.8	22449.7	11.0423	476	569	255	1	0.0001 Colloc0 476 3099 0.00856048 146.181
580	1	425.952	22512.5	22501.7	10.8302	489	589	235	1	0.0001 Colloc0 489 3101 0.071182 133.758
590	1	433.298	22427.1	22416.1	11.027	481	597	227	4	0.0001 Colloc0 481 3082 0.0539551 145.267
600	1	440.648	22517.8	22506.6	11.1947	487	578	246	1	0.0001 Colloc0 487 3078 0.0640524 155.374
610	1	447.714	22480.6	22469.4	11.1837	484	576	248	1	0.0001 Colloc0 484 3085 0.00658124 154.703
620	1	454.955	22363.3	22352.6	10.619	482	590	234	1	0.0001 Colloc0 482 3085 0.110603 121.859
630	1	462.277	22408.3	22397.4	10.9019	474	593	231	0	0.0001 Colloc0 474 3089 0.0528691 137.907
640	1	469.566	22383.1	22372.5	10.6187	468	591	233	1	0.0001 Colloc0 468 3098 0.061694 121.846
650	1	476.62	22404.1	22393.1	11.0149	476	581	243	1	0.0001 Colloc0 476 3097 0.0122258 144.551
660	1	483.854	22436.1	22425.2	10.8413	485	589	235	0	0.0001 Colloc0 485 3093 0.0509942 134.398
670	1	491.148	22487.8	22476.7	11.0818	481	543	281	1	0.0001 Colloc0 481 3086 0.0283771 148.543
680	1	498.54	22415.4	22404.2	11.185	488	570	254	1	0.0001 Colloc0 488 3084 0.00487315 154.786
690	1	505.851	22302.8	22291.9	10.8825	465	623	201	4	0.0001 Colloc0 465 3083 0.00474229 136.78
700	1	513.317	22421.4	22410.3	11.1001	469	574	250	0	0.0001 Colloc0 469 3101 0.0154281 149.639
710	1	520.637	22447.2	22436.1	11.1321	491	560	264	3	0.0001 Colloc0 491 3091 0.0140649 151.574
720	1	527.938	22466.7	22455.5	11.2109	479	540	284	1	0.0001 Colloc0 479 3090 0.00627606 156.369
730	1	535.253	22413.3	22402.7	10.6242	469	586	238	0	0.0001 Colloc0 469 3090 0.0768895 122.151
740	1	542.465	22496	22485.1	10.8479	485	551	273	1	0.0001 Colloc0 485 3086 0.0436268 134.776
750	1	549.698	22354	22343.3	10.7454	477	589	235	3	0.0001 Colloc0 477 3074 0.087417 128.922
760	1	557.111	22518.9	22507.8	11.0455	480	543	281	2	0.0001 Colloc0 480 3123 0.013327 146.369
770	1	564.433	22413.2	22402.4	10.8243	483	588	236	0	0.0001 Colloc0 483 3110 0.1063 133.42
780	1	571.795	22477.2	22466.3	10.9258	481	569	255	2	0.0001 Colloc0 481 3107 0.0676065 139.3
790	1	579.062	22396.5	22385.7	10.8474	472	578	246	0	0.0001 Colloc0 472 3096 0.0435746 134.747
800	1	586.331	22453.9	22442.7	11.1472	477	590	234	1	0.0001 Colloc0 477 3118 0.0399659 152.484
810	1	593.583	22389	22378.1	10.8829	474	561	263	1	0.0001 Colloc0 474 3097 0.0524033 136.803
820	1	600.849	22360.8	22349.8	10.9847	463	586	238	1	0.0001 Colloc0 463 3096 0.0347601 142.762
830	1	608.242	22403.8	22392.9	10.9328	484	578	246	1	0.0001 Colloc0 484 3091 0.042891 139.712
840	1	615.653	22328.8	22317.7	11.1033	467	592	232	2	0.0001 Colloc0 467 3095 0.00606724 149.834
850	1	622.96	22416.6	22405.6	11.0748	481	571	253	0	0.0001 Colloc0 481 3097 0.0511112 148.121
860	1	630.289	22316.9	22305.8	11.1415	470	601	223	0	0.0001 Colloc0 470 3089 0.0177243 152.138
870	1	637.713	22431.1	22420.1	10.9978	476	559	265	1	0.0001 Colloc0 476 3095 0.0450502 143.535
880	1	645.068	22445	22433.9	11.1081	485	567	257	1	0.0001 Colloc0 485 3082 0.0252903 150.121
890	1	652.483	22382.7	22371.5	11.2289	473	572	252	1	0.0001 Colloc0 473 3106 0.0299155 157.472
900	1	659.789	22402.9	22392.4	10.5014	479	588	236	1	0.0001 Colloc0 479 3078 0.0947766 115.449
910	1	667.161	22348.3	22337.2	11.0365	464	577	247	2	0.0001 Colloc0 464 3079 0.0476239 145.835
920	1	674.491	22413.5	22402.3	11.2059	485	579	245	0	0.0001 Colloc0 485 3063 0.0119623 156.062
930	1	681.804	22442.2	22431.6	10.6058	484	567	257	2	0.0001 Colloc0 484 3075 0.103138 121.135
940	1	689.355	22377.6	22366.7	10.9633	492	571	253	0	0.0001 Colloc0 492 3083 0.0437917 141.498
950	1	696.777	22220.8	22210	10.8572	476	618	206	1	0.0001 Colloc0 476 3057 0.0444339 135.313
960	1	704.177	22317.2	22306.9	10.3637	498	586	238	1	0.0001 Colloc0 498 3068 0.154925 108.148
970	1	711.555	22351.9	22341	10.9307	483	561	263	1	0.0001 Colloc0 483 3066 0.0532283 139.59
980	1	718.823	22336.5	22325.3	11.1814	483	554	270	0	0.0001 Colloc0 483 3054 0.0576507 154.568
990	1	726.122	22170.6	22159.5	11.0534	464	624	200	1	0.0001 Colloc0 464 3073 0.032761 146.839
1000	1	733.397	22310.1	22299.2	10.9372	475	603	221	0	0.0001 Colloc0 475 3081 0.00871055 139.968
1010	1	740.72	22209.8	22199.1	10.659	463	604	220	0	0.0001 Colloc0 463 3073 0.0611136 124.075
1020	1	748.036	22315.2	22304	11.2163	486	588	236	0	0.0001 Colloc0 486 3060 0.0310423 156.7
1030	1	755.237	22328.2	22317.1	11.0335	482	584	240	2	0.0001 Colloc0 482 3064 0.0660947 145.656
1040	1	762.436	22342.8	22332.1	10.7711	485	595	229	0	0.0001 Colloc0 485 3069 0.136228 130.383
1050	1	769.629	22374.1	22363	11.0389	481	559	265	0	0.0001 Colloc0 481 3069 0.0864908 145.978
1060	1	776.873	22370.5	22359.6	10.8618	485	575	249	1	0.0001 Colloc0 485 3070 0.0605363 135.582
1070	1	784.128	22282.6	22271.6	10.9122	451	595	229	0	0.0001 Colloc0 451 3078 0.00334642 138.508
1080	1	791.348	22367.5	22356.4	11.1334	481	553	271	2	0.0001 Colloc0 481 3078 0.0399771 151.649
1090	1	798.561	22215.6	22205	10.6485	461	588	236	2	0.0001 Colloc0 461 3092 0.0744156 123.494
1100	1	805.923	22291.2	22280.2	11.0536	481	580	244	1	0.0001 Colloc0 481 3062 0.0142276 146.856
1110	1	813.193	22257.9	22246.8	11.1345	464	559	265	1	0.0001 Colloc0 464 3087 0.00040962 151.718
1120	1	820.496	22196.2	22185.3	10.8726	458	597	227	2	0.0001 Colloc0 458 3073 0.0231536 136.205
1130	1	827.825	22358.6	22347.5	11.1357	488	567	257	0	0.0001 Colloc0 488 3075 0.0738946 151.79
1140	1	835.144	22263.3	22252.2	11.1063	467	576	248	0	0.0001 Colloc0 467 3068 0.00821071 150.015
1150	1	842.471	22301	22289.7	11.3036	463	552	272	1	0.0001 Colloc0 463 3063 0.0255638 162.085
1160	1	849.719	22348.4	22337.5	10.9111	478	559	265	0	0.0001 Colloc0 478 3064 0.0268402 138.44
1170	1	856.933	22262.4	22251.3	11.1185	463	566	258	1	0.0001 Colloc0 463 3070 0.000192078 150.748
1180	1	864.351	22336.8	22325.8	11.073	483	545	279	1	0.0001 Colloc0 483 3061 0.0209466 148.017
1190	1	871.699	22273.4	22262.2	11.1888	461	570	254	0	0.0001 Colloc0 461 3070 0.0176429 155.016
1200	1	878.869	22150.7	22139.8	10.9038	467	596	228	2	0.0001 Colloc0 467 3036 0.0549855 138.015
1210	1	886.199	22253.9	22242.8	11.0893	484	564	260	2	0.0001 Colloc0 484 3059 0.0655345 148.992
1220	1	893.574	22278.2	22267.2	11.0033	475	565	259	1	0.0001 Colloc0 475 3062 0.0635322 143.864
1230	1	900.764	22181.8	22170.8	10.9701	463	574	250	0	0.0001 Colloc0 463 3055 0.0334391 141.898
1240	1	908.105	22101.1	22090.1	11.0098	464	613	211	0	0.0001 Colloc0 464 3047 0.0116226 144.248
1250	1	915.272	22196.6	22185.7	10.882	482	590	234	2	0.0001 Colloc0 482 3045 0.0233379 136.748
1260	1	922.519	22107.5	22096.5	11.0644	466	596	228	2	0.0001 Colloc0 466 3038 0.0112783 147.497
1270	1	930.031	21993.3	21982.5	10.8721	466	627	197	2	0.0001 Colloc0 466 3018 0.0215839 136.173
1280	1	937.233	22066.4	22055.3	11.1319	474	605	219	0	0.0001 Colloc0 474 2995 0.0344495 151.559
1290	1	944.395	22131.5	22120.2	11.2542	468	586	238	4	0.0001 Colloc0 468 3022 0.0131317 159.03
1300	1	951.564	22237.8	22226.2	11.5982	486	570	254	1	0.0001 Colloc0 486 3029 0.00301924 180.749
1310	1	958.758	22110.4	22099.3	11.1068	485	570	254	3	0.0001 Colloc0 485 3009 0.0772479 150.042
1320	1	965.944	22070.2	22059.2	10.9703	468	620	204	2	0.0001 Colloc0 468 3017 0.0708123 141.912
1330	1	973.312	22004.5	21994.1	10.3495	475	608	216	0	0.0001 Colloc0 475 3018 0.170478 107.411
1340	1	980.718	22098.8	22087.7	11.1287	477	585	239	0	0.0001 Colloc0 477 3025 0.0266061 151.368
1350	1	988.055	22078.6	22067.9	10.7782	463	581	243	1	0.0001 Colloc0 463 3020 0.0609543 130.786
1360	1	995.318	22166.5	22155.5	10.9049	482	565	259	0	0.0001 Colloc0 482 3020 0.0418983 138.083
1370	1	1002.75	22123.5	22112.7	10.8507	468	584	240	0	0.0001 Colloc0 468 3023 0.0311759 134.937
1380	1	1010.22	22144.5	22133.4	11.0725	479	587	237	0	0.0001 Colloc0 479 3027 0.017628 147.981
1390	1	1017.51	22027.1	22015.9	11.2711	474	608	216	1	0.0001 Colloc0 474 3007 0.00241226 160.071
1400	1	1024.88	22147.1	22136.2	10.9449	486	588	236	3	0.0001 Colloc0 486 3006 0.106852 140.419
1410	1	1032.28	22100.2	22089.1	11.1211	497	603	221	0	0.0001 Colloc0 497 3013 0.0516186 150.907
1420	1	1039.71	22072.9	22061.8	11.1193	480	616	208	0	0.0001 Colloc0 480 3025 0.0666035 150.8
1430	1	1047.07	22065.9	22055	10.8828	476	612	212	0	0.0001 Colloc0 476 3019 0.0364228 136.797
1440	1	1054.37	22128.9	22118	10.9218	480	575	249	3	0.0001 Colloc0 480 3005 0.0379039 139.066
1450	1	1061.69	22098.1	22086.8	11.3257	474	599	225	1	0.0001 Colloc0 474 3027 0.00184086 163.46
1460	1	1069.09	22096.9	22086.1	10.8038	473	591	233	1	0.0001 Colloc0 473 3029 0.0328073 132.248
1470	1	1076.46	22117	22106.1	10.8888	476	597	227	1	0.0001 Colloc0 476 3025 0.0869104 137.143
1480	1	1083.69	22026.6	22015.6	11.0177	469	597	227	1	0.0001 Colloc0 469 3013 0.0534077 144.713
1490	1	1090.91	22104.9	22093.9	10.9991	472	603	221	0	0.0001 Colloc0 472 3039 0.0712606 143.615
1500	1	1098.16	22132.5	22121.1	11.3519	486	565	259	0	0.0001 Colloc0 486 3002 0.00975672 165.09
1510	1	1105.43	22065.1	22053.9	11.1697	479	597	227	0	0.0001 Colloc0 479 3012 0.0426644 153.855
1520	1	1112.85	22094.7	22083.4	11.3245	470	576	248	0	0.0001 Colloc0 470 3009 0.0148277 163.383
1530	1	1120.15	22041.5	22030.5	11.0404	455	598	226	1	0.0001 Colloc0 455 3014 0.0129464 146.063
1540	1	1127.5	22098.8	22087.7	11.1222	472	595	229	1	0.0001 Colloc0 472 3020 0.010315 150.972
1550	1	1134.94	22046.6	22035.4	11.245	474	582	242	1	0.0001 Colloc0 474 3013 0.0008843 158.46
1560	1	1142.29	22067	22055.9	11.1074	479	595	229	2	0.0001 Colloc0 479 3016 0.0145937 150.079
1570	1	1149.69	22152	22141.1	10.9142	474	588	236	3	0.0001 Colloc0 474 3019 0.0379564 138.625
1580	1	1156.84	22050.7	22039.4	11.2898	471	605	219	3	0.0001 Colloc0 471 3002 0.00050273 161.226
1590	1	1164.09	21998.8	21987.7	11.0545	477	592	232	2	0.0001 Colloc0 477 2996 0.0203464 146.907
1600	1	1171.44	22039.7	22028.7	11.0003	480	597	227	0	0.0001 Colloc0 480 3027 0.0401029 143.685
1610	1	1178.77	22030	22018.7	11.3365	479	603	221	0	0.0001 Colloc0 479 3006 0.0195779 164.133
1620	1	1186.17	21975.3	21964.3	11.0403	457	626	198	2	0.0001 Colloc0 457 3000 0.0350907 146.057
1630	1	1193.43	22056.5	22045.5	10.973	464	592	232	0	0.0001 Colloc0 464 3008 0.0310039 142.073
1640	1	1200.6	22097.6	22086.7	10.8787	477	570	254	2	0.0001 Colloc0 477 3026 0.0165402 136.559
1650	1	1207.84	22116.2	22105.1	11.0803	482	577	247	1	0.0001 Colloc0 482 3008 0.0599973 148.45
1660	1	1214.98	22110.4	22099.1	11.3947	475	592	232	1	0.0001 Colloc0 475 3007 0.00257344 167.773
1670	1	1222.29	22122	22111	10.9547	480	578	246	0	0.0001 Colloc0 480 3009 0.0217779 140.994
1680	1	1229.48	22012.5	22001.2	11.302	472	605	219	0	0.0001 Colloc0 472 3005 0.00252908 161.984
1690	1	1236.75	22104.8	22093.5	11.2934	481	574	250	4	0.0001 Colloc0 481 3003 0.0592543 161.451
1700	1	1243.9	22077.1	22066	11.065	472	585	239	2	0.0001 Colloc0 472 3014 0.00568614 147.534
1710	1	1251.4	22013.8	22002.9	10.8818	486	609	215	2	0.0001 Colloc0 486 3010 0.0608168 136.739
1720	1	1258.87	22084.6	22073.8	10.795	466	586	238	0	0.0001 Colloc0 466 3025 0.0503709 131.743
1730	1	1266.28	22061.9	22050.8	11.075	478	602	222	1	0.0001 Colloc0 478 3010 0.00231579 148.134
1740	1	1273.55	22097.6	22087.2	10.3945	469	584	240	2	0.0001 Colloc0 469 3020 0.105477 109.764
1750	1	1280.69	22069.2	22057.7	11.4871	482	565	259	0	0.0001 Colloc0 482 3023 0.00875759 173.626
1760	1	1287.98	22110.7	22099.8	10.8599	486	577	247	1	0.0001 Colloc0 486 3021 0.0616649 135.469
1770	1	1295.29	22099.9	22088.7	11.261	477	577	247	0	0.0001 Colloc0 477 2999 0.00807236 159.446
1780	1	1302.43	22008.7	21998.1	10.6217	475	590	234	0	0.0001 Colloc0 475 2996 0.102785 122.008
1790	1	1309.69	22080.6	22069.6	11.0162	488	583	241	0	0.0001 Colloc0 488 2995 0.0408903 144.626
1800	1	1317.05	22075.2	22064.3	10.9961	477	596	228	0	0.0001 Colloc0 477 2998 0.0170535 143.434
1810	1	1324.4	22067.5	22056.5	11.0417	462	580	244	1	0.0001 Colloc0 462 3011 0.0204854 146.143
1820	1	1331.74	22084.9	22074	10.9027	477	560	264	1	0.0001 Colloc0 477 3003 0.0347297 137.955
1830	1	1339.11	21990.1	21979.1	10.9625	490	599	225	2	0.0001 Colloc0 490 3006 0.0791008 141.455
1840	1	1346.25	22064.5	22053	11.4972	473	573	251	2	0.0001 Colloc0 473 3009 0.00351532 174.27
1850	1	1353.57	22053.8	22043	10.8088	479	598	226	3	0.0001 Colloc0 479 3011 0.0536168 132.532
1860	1	1360.69	21995.3	21984.4	10.8673	460	599	225	0	0.0001 Colloc0 460 3008 0.0413337 135.898
1870	1	1367.92	22025.9	22015	10.9494	468	593	231	0	0.0001 Colloc0 468 3009 0.0125251 140.684
1880	1	1375.41	22116.3	22105.3	11.0243	483	582	242	0	0.0001 Colloc0 483 3011 0.0321943 145.108
1890	1	1382.66	21874.4	21863.4	10.9553	462	620	204	0	0.0001 Colloc0 462 3017 0.0513635 141.03
1900	1	1390.12	21837.5	21826.6	10.8855	460	629	195	0	0.0001 Colloc0 460 2991 0.0420083 136.955
1910	1	1397.54	21856.6	21845.7	10.8709	470	627	197	1	0.0001 Colloc0 470 3012 0.0425997 136.106
1920	1	1404.8	22065.4	22054.2	11.1547	470	568	256	2	0.0001 Colloc0 470 3012 0.0189105 152.943
1930	1	1412.19	22030	22018.8	11.2173	478	572	252	2	0.0001 Colloc0 478 3029 0.0318258 156.762
1940	1	1419.51	21952.3	21941.3	11.0472	464	582	242	2	0.0001 Colloc0 464 3006 0.0519771 146.472
1950	1	1426.93	22001.4	21990.2	11.1572	482	565	259	0	0.0001 Colloc0 482 2995 0.0159452 153.092
1960	1	1434.08	21970.5	21959.5	11.0108	466	595	229	0	0.0001 Colloc0 466 2998 0.018442 144.304
1970	1	1441.37	21881.9	21871.6	10.2358	472	598	226	1	0.0001 Colloc0 472 3006 0.214589 101.569
1980	1	1448.54	21977.1	21966.3	10.8068	470	596	228	0	0.0001 Colloc0 470 3023 0.0761481 132.418
1990	1	1455.76	21924	21913.2	10.8797	461	581	243	0	0.0001 Colloc0 461 3011 0.0361802 136.619
2000	1	1463.04	21875.9	21864.9	10.9839	460	593	231	1	0.0001 Colloc0 460 3005 0.0215185 142.712
