# D = 0, E = 1, I = 1, P = 1, R = -1, n = 2000, N = 1, P = 1, w = 1, a = 0.0001, b = 10000, e = 1, f = 1, g = 100, h = 0.01, r = 15351, s = 1, S = 0, x = 10, m = 100, Z = 1, z = 0, T = 1, t = 1
# 8312 tokens in 824 sentences
#
# It	Temp	Time	-logP	-logPcorpus	-logPrior	tables	same	changed	reject	default_pya	(parent pym pyn pya pyb)*
0	1	0.575912	32966.8	32853	113.764	2606	0	824	0	0.0001 Colloc0 2606 4308 0.0001 10000
10	1	8.79066	24368.9	24357.4	11.4937	555	364	460	2	0.0001 Colloc0 555 3434 0.0661949 174.042
20	1	16.0666	23944.4	23933.3	11.0352	504	408	416	3	0.0001 Colloc0 504 3416 0.0699527 145.754
30	1	23.3584	23496.2	23485.5	10.6575	468	490	334	3	0.0001 Colloc0 468 3403 0.0649671 123.996
40	1	30.6933	23354.2	23344.1	10.0696	458	491	333	2	0.0001 Colloc0 458 3409 0.119495 93.329
50	1	37.9102	23471.7	23460.8	10.9629	486	484	340	1	0.0001 Colloc0 486 3378 0.0307051 141.477
60	1	45.1291	23396.4	23385.7	10.7105	456	476	348	1	0.0001 Colloc0 456 3399 0.0384774 126.955
70	1	52.1891	23176.4	23165.8	10.5833	457	503	321	0	0.0001 Colloc0 457 3379 0.0659995 119.901
80	1	59.237	23243.9	23232.9	11.0231	444	475	349	0	0.0001 Colloc0 444 3366 0.0112393 145.035
90	1	66.3639	23144.5	23133.5	11.0375	456	507	317	2	0.0001 Colloc0 456 3346 0.0133264 145.894
100	1	73.3398	23002.6	22991.9	10.6962	455	537	287	0	0.0001 Colloc0 455 3346 0.0112514 126.153
110	1	80.5188	23057	23046.3	10.7188	453	532	292	0	0.0001 Colloc0 453 3331 0.0565746 127.425
120	1	87.6347	23011.1	23000.5	10.5704	452	503	321	3	0.0001 Colloc0 452 3312 0.0194477 119.192
130	1	94.5266	23011.3	23000.5	10.8193	462	529	295	2	0.0001 Colloc0 462 3316 0.0322479 133.134
140	1	101.719	22908.8	22898	10.7779	448	534	290	1	0.0001 Colloc0 448 3306 0.036211 130.766
150	1	108.902	22872.6	22861.7	10.8056	453	539	285	3	0.0001 Colloc0 453 3316 0.000514828 132.346
160	1	116.125	22785.6	22775.3	10.2465	446	541	283	4	0.0001 Colloc0 446 3263 0.120403 102.113
170	1	123.27	22904.8	22894.3	10.533	462	506	318	1	0.0001 Colloc0 462 3279 0.104825 117.16
180	1	130.302	22829	22818.2	10.8066	457	521	303	0	0.0001 Colloc0 457 3265 0.0525852 132.407
190	1	137.345	22639.5	22628.5	11.039	449	575	249	1	0.0001 Colloc0 449 3233 0.0151705 145.984
200	1	144.358	22689.5	22678.8	10.6982	446	561	263	1	0.0001 Colloc0 446 3251 0.0512588 126.266
210	1	151.456	22788	22777.3	10.6402	454	543	281	4	0.0001 Colloc0 454 3256 0.0279326 123.034
220	1	158.39	22675.2	22664.9	10.3829	450	555	269	0	0.0001 Colloc0 450 3265 0.0744547 109.156
230	1	165.303	22671.9	22660.9	10.9254	442	543	281	1	0.0001 Colloc0 442 3259 0.042903 139.276
240	1	172.162	22701.7	22690.9	10.8409	458	556	268	0	0.0001 Colloc0 458 3244 0.0442492 134.374
250	1	179.1	22677.5	22667.1	10.4512	449	537	287	0	0.0001 Colloc0 449 3244 0.0548396 112.764
260	1	186.295	22790.9	22780	10.921	452	515	309	4	0.0001 Colloc0 452 3248 0.00123596 139.019
270	1	193.225	22742.8	22731.6	11.1847	467	522	302	2	0.0001 Colloc0 467 3262 0.0256005 154.764
280	1	200.395	22774.9	22764.3	10.6119	460	518	306	0	0.0001 Colloc0 460 3248 0.0530848 121.469
290	1	207.592	22732.5	22722.5	10.0724	455	539	285	0	0.0001 Colloc0 455 3249 0.119894 93.4664
300	1	214.778	22788	22777.3	10.7561	458	510	314	2	0.0001 Colloc0 458 3257 0.00740214 129.527
310	1	221.841	22631.4	22620.8	10.6694	459	546	278	0	0.0001 Colloc0 459 3236 0.0545541 124.657
320	1	229.068	22738.1	22727.4	10.6432	446	523	301	3	0.0001 Colloc0 446 3249 0.0114457 123.198
330	1	236.152	22723	22712.3	10.71	453	538	286	2	0.0001 Colloc0 453 3242 0.0481761 126.931
340	1	243.228	22735.5	22725	10.4972	457	526	298	1	0.0001 Colloc0 457 3237 0.0450838 115.227
350	1	250.14	22627.2	22616.1	11.1062	447	554	270	0	0.0001 Colloc0 447 3231 0.0189703 150.008
360	1	257.249	22592.5	22581.8	10.6847	447	583	241	0	0.0001 Colloc0 447 3243 0.0734565 125.512
370	1	264.205	22690.4	22679.6	10.8662	447	565	259	2	0.0001 Colloc0 447 3258 0.00541789 135.837
380	1	271.123	22658.2	22647.3	10.9462	451	553	271	0	0.0001 Colloc0 451 3244 0.0126762 140.495
390	1	278.24	22754	22742.9	11.0926	465	544	280	1	0.0001 Colloc0 465 3257 0.00755754 149.189
400	1	285.373	22681.3	22670.4	10.8969	467	555	269	0	0.0001 Colloc0 467 3237 0.0693178 137.612
410	1	292.312	22506.2	22495.7	10.5499	444	575	249	0	0.0001 Colloc0 444 3218 0.0593499 118.075
420	1	299.379	22384.6	22374	10.5884	439	616	208	1	0.0001 Colloc0 439 3225 0.0586273 120.179
430	1	306.542	22443.5	22433.2	10.366	436	585	239	0	0.0001 Colloc0 436 3214 0.0553211 108.271
440	1	313.718	22478.8	22468.2	10.6673	433	572	252	5	0.0001 Colloc0 433 3245 0.0245586 124.54
450	1	320.798	22523.7	22512.9	10.798	448	576	248	1	0.0001 Colloc0 448 3219 0.034998 131.915
460	1	327.832	22536.2	22525.9	10.296	456	558	266	2	0.0001 Colloc0 456 3206 0.121027 104.643
470	1	334.589	22526.1	22515.6	10.488	449	580	244	1	0.0001 Colloc0 449 3216 0.0692306 114.729
480	1	341.777	22451.2	22440.5	10.6371	451	577	247	0	0.0001 Colloc0 451 3208 0.0602372 122.861
490	1	348.921	22469.6	22459.3	10.2633	436	580	244	1	0.0001 Colloc0 436 3205 0.0842964 102.969
500	1	356.103	22506.6	22496.1	10.4988	446	582	242	1	0.0001 Colloc0 446 3215 0.160356 115.313
510	1	363.17	22368.5	22358.2	10.362	443	602	222	1	0.0001 Colloc0 443 3206 0.0675835 108.06
520	1	369.967	22458.8	22448.5	10.3469	447	584	240	0	0.0001 Colloc0 447 3203 0.0804829 107.274
530	1	377.102	22454	22443.5	10.5003	436	565	259	1	0.0001 Colloc0 436 3209 0.0355155 115.39
540	1	384.176	22534.7	22524	10.7013	451	562	262	1	0.0001 Colloc0 451 3202 0.0551893 126.438
550	1	391.102	22500.4	22489.7	10.699	435	567	257	1	0.0001 Colloc0 435 3214 0.0319674 126.312
560	1	398.167	22510.2	22499.6	10.5163	447	550	274	2	0.0001 Colloc0 447 3185 0.0862863 116.252
570	1	405.343	22555.1	22544.3	10.8017	452	557	267	2	0.0001 Colloc0 452 3183 0.00838183 132.128
580	1	412.439	22529.9	22518.9	11.0077	455	575	249	2	0.0001 Colloc0 455 3201 0.0413117 144.119
590	1	419.507	22552.3	22541.6	10.682	447	545	279	1	0.0001 Colloc0 447 3185 0.00594654 125.36
600	1	426.586	22478	22467.3	10.6399	444	577	247	1	0.0001 Colloc0 444 3203 0.0390757 123.018
610	1	433.47	22624.2	22613.5	10.7447	459	533	291	2	0.0001 Colloc0 459 3195 0.0339616 128.882
620	1	440.348	22556.8	22545.8	10.9778	463	560	264	0	0.0001 Colloc0 463 3171 0.0451445 142.352
630	1	447.5	22543	22532.2	10.8815	448	542	282	3	0.0001 Colloc0 448 3176 0.0116782 136.719
640	1	454.434	22628.3	22617.5	10.7851	449	542	282	1	0.0001 Colloc0 449 3190 0.0152569 131.178
650	1	461.286	22456.3	22445.5	10.7942	452	558	266	1	0.0001 Colloc0 452 3160 0.0460914 131.699
660	1	468.305	22492.9	22481.8	11.1118	458	570	254	1	0.0001 Colloc0 458 3168 0.00222305 150.348
670	1	475.525	22452.6	22441.9	10.6463	436	585	239	3	0.0001 Colloc0 436 3193 0.0170189 123.37
680	1	482.679	22475.8	22465	10.8254	441	553	271	0	0.0001 Colloc0 441 3190 0.0107002 133.485
690	1	489.896	22470.7	22460	10.7175	448	578	246	0	0.0001 Colloc0 448 3171 0.0272076 127.347
700	1	496.957	22423.5	22412.6	10.9217	458	583	241	0	0.0001 Colloc0 458 3177 0.00926694 139.06
710	1	504.093	22475.9	22465.4	10.4814	450	592	232	0	0.0001 Colloc0 450 3191 0.0636691 114.374
720	1	511.137	22416.1	22405.3	10.7816	448	592	232	0	0.0001 Colloc0 448 3162 0.0342991 130.981
730	1	518.311	22487.2	22476.5	10.6597	464	551	273	1	0.0001 Colloc0 464 3173 0.0414709 124.118
740	1	525.488	22549.2	22538.3	10.9424	460	555	269	2	0.0001 Colloc0 460 3164 0.0133708 140.272
750	1	532.448	22467.5	22457.1	10.3777	449	570	254	0	0.0001 Colloc0 449 3163 0.101357 108.879
760	1	539.595	22452.9	22442.1	10.7823	451	557	267	0	0.0001 Colloc0 451 3164 0.0796121 131.019
770	1	546.683	22384.2	22373.4	10.8377	459	581	243	0	0.0001 Colloc0 459 3140 0.0504235 134.188
780	1	553.777	22449.4	22438.8	10.6568	453	578	246	1	0.0001 Colloc0 453 3150 0.0197413 123.953
790	1	560.786	22338.4	22327.7	10.6873	438	607	217	0	0.0001 Colloc0 438 3157 0.0290838 125.656
800	1	567.882	22462	22451.1	10.9468	458	577	247	0	0.0001 Colloc0 458 3154 0.0257809 140.528
810	1	575.039	22523.9	22513.1	10.816	462	563	261	1	0.0001 Colloc0 462 3151 0.0346646 132.947
820	1	582.166	22326.8	22315.9	10.9341	452	591	233	0	0.0001 Colloc0 452 3162 0.0292573 139.786
830	1	588.949	22296.3	22285.5	10.8054	439	610	214	3	0.0001 Colloc0 439 3162 0.0111467 132.338
840	1	595.853	22318.4	22307.9	10.5454	446	603	221	0	0.0001 Colloc0 446 3157 0.07598 117.83
850	1	603.038	22356	22345.1	10.9456	440	573	251	1	0.0001 Colloc0 440 3145 0.0135405 140.46
860	1	609.973	22429.7	22418.8	10.8666	452	565	259	1	0.0001 Colloc0 452 3150 0.0171821 135.858
870	1	616.82	22329.5	22318.4	11.0393	456	586	238	1	0.0001 Colloc0 456 3168 0.0233131 145.998
880	1	623.801	22324.6	22313.9	10.7026	451	579	245	2	0.0001 Colloc0 451 3144 0.0393872 126.515
890	1	630.709	22258.7	22248.2	10.5724	445	606	218	1	0.0001 Colloc0 445 3138 0.108526 119.303
900	1	637.774	22235.2	22224.6	10.6334	440	613	211	0	0.0001 Colloc0 440 3148 0.0420962 122.656
910	1	644.831	22224.9	22214.2	10.7712	444	596	228	3	0.0001 Colloc0 444 3155 0.00289844 130.386
920	1	651.971	22453.9	22443	10.872	457	565	259	1	0.0001 Colloc0 457 3157 0.0262927 136.173
930	1	659.106	22359.1	22348.5	10.5853	458	591	233	1	0.0001 Colloc0 458 3146 0.0759855 120.008
940	1	666.256	22413.3	22402.7	10.6694	456	571	253	4	0.0001 Colloc0 456 3157 0.0858551 124.655
950	1	673.37	22315.6	22304.6	10.9922	452	603	221	3	0.0001 Colloc0 452 3131 0.0310543 143.205
960	1	680.437	22319.2	22308	11.1944	449	573	251	1	0.0001 Colloc0 449 3127 0.0219383 155.361
970	1	687.56	22338.6	22327.8	10.8443	449	593	231	1	0.0001 Colloc0 449 3145 0.0364179 134.569
980	1	694.548	22187	22176.2	10.764	443	618	206	2	0.0001 Colloc0 443 3131 0.0125915 129.979
990	1	701.684	22269.8	22259.2	10.6298	443	588	236	0	0.0001 Colloc0 443 3150 0.0279711 122.459
1000	1	708.807	22239.7	22229.2	10.5019	448	598	226	0	0.0001 Colloc0 448 3124 0.0714156 115.478
1010	1	715.857	22309.4	22298.7	10.7004	439	599	225	0	0.0001 Colloc0 439 3154 0.0976409 126.392
1020	1	722.887	22202.5	22191.9	10.6334	440	622	202	3	0.0001 Colloc0 440 3145 0.0671311 122.655
1030	1	730.044	22226.4	22216	10.4007	444	613	211	0	0.0001 Colloc0 444 3139 0.0599884 110.087
1040	1	737.079	22280.9	22270.1	10.7506	442	604	220	2	0.0001 Colloc0 442 3133 0.0451832 129.218
1050	1	744.181	22245.1	22234.3	10.7071	446	591	233	4	0.0001 Colloc0 446 3127 0.0660227 126.767
1060	1	750.913	22416.2	22405.4	10.783	452	579	245	1	0.0001 Colloc0 452 3169 0.0376825 131.058
1070	1	757.875	22521.7	22510.8	10.8774	468	507	317	2	0.0001 Colloc0 468 3147 0.0368264 136.485
1080	1	764.817	22500.2	22489.5	10.7582	463	508	316	0	0.0001 Colloc0 463 3150 0.0384823 129.65
1090	1	771.842	22362.9	22352.3	10.6304	451	554	270	0	0.0001 Colloc0 451 3139 0.0916475 122.49
1100	1	778.959	22334.9	22324.1	10.7859	444	580	244	3	0.0001 Colloc0 444 3141 0.0434797 131.225
1110	1	786.03	22361.9	22350.8	11.1104	450	582	242	1	0.0001 Colloc0 450 3138 0.00927544 150.263
1120	1	793.196	22308.8	22297.8	11.0043	451	588	236	1	0.0001 Colloc0 451 3138 0.0196422 143.918
1130	1	800.285	22273.6	22263.2	10.3108	446	598	226	0	0.0001 Colloc0 446 3126 0.13412 105.402
1140	1	807.252	22400	22389.1	10.816	457	557	267	1	0.0001 Colloc0 457 3136 0.0267939 132.946
1150	1	814.389	22420.3	22409.5	10.7354	457	556	268	0	0.0001 Colloc0 457 3153 0.0534364 128.359
1160	1	821.488	22199.4	22188.5	10.8604	435	621	203	1	0.0001 Colloc0 435 3152 0.00906695 135.497
1170	1	828.285	22214.5	22203.7	10.7499	437	603	221	2	0.0001 Colloc0 437 3142 0.0562606 129.18
1180	1	835.069	22401.2	22390.2	10.9724	452	554	270	1	0.0001 Colloc0 452 3140 0.0342465 142.034
1190	1	842.249	22447.2	22436.1	11.1183	472	557	267	3	0.0001 Colloc0 472 3144 0.00347574 150.736
1200	1	849.219	22352.8	22341.7	11.0751	448	550	274	2	0.0001 Colloc0 448 3141 0.0278544 148.137
1210	1	856.158	22285.4	22274.5	10.904	466	600	224	0	0.0001 Colloc0 466 3119 0.0245414 138.03
1220	1	863.227	22371.3	22360.4	10.904	461	577	247	3	0.0001 Colloc0 461 3111 0.0350571 138.027
1230	1	870.172	22189.1	22178.1	10.9693	448	619	205	1	0.0001 Colloc0 448 3116 0.033966 141.854
1240	1	876.914	22370.2	22359.3	10.8396	462	562	262	0	0.0001 Colloc0 462 3129 0.0162466 134.297
1250	1	884.051	22321.8	22311	10.8083	467	568	256	1	0.0001 Colloc0 467 3098 0.0247779 132.505
1260	1	890.979	22302.5	22291.9	10.6538	468	574	250	2	0.0001 Colloc0 468 3106 0.0331298 123.789
1270	1	897.805	22178.2	22167.2	11.0027	455	621	203	3	0.0001 Colloc0 455 3115 0.0387644 143.827
1280	1	904.727	22211.9	22201.5	10.3538	449	595	229	2	0.0001 Colloc0 449 3099 0.104669 107.631
1290	1	911.78	22225.6	22215.6	9.98716	460	612	212	1	0.0001 Colloc0 460 3101 0.13522 89.3736
1300	1	918.96	22180.5	22170.1	10.4027	451	624	200	0	0.0001 Colloc0 451 3105 0.124986 110.193
1310	1	926.036	22206.9	22196.2	10.7261	449	600	224	1	0.0001 Colloc0 449 3110 0.0592374 127.836
1320	1	933.217	22218.1	22207.4	10.6567	455	613	211	1	0.0001 Colloc0 455 3107 0.0725034 123.952
1330	1	940.367	22154.5	22143.7	10.7488	440	630	194	2	0.0001 Colloc0 440 3121 0.0034545 129.118
1340	1	947.382	22177	22166	10.9242	448	608	216	2	0.0001 Colloc0 448 3120 0.0313851 139.207
1350	1	954.519	22307.6	22296.7	10.9211	436	568	256	0	0.0001 Colloc0 436 3132 0.0129171 139.025
1360	1	961.613	22258.1	22247.4	10.7125	462	588	236	2	0.0001 Colloc0 462 3122 0.0779792 127.067
1370	1	968.497	22177.9	22166.8	11.0967	453	609	215	0	0.0001 Colloc0 453 3131 0.00951709 149.438
1380	1	975.592	22193.7	22182.9	10.7907	457	602	222	1	0.0001 Colloc0 457 3096 0.0155788 131.495
1390	1	982.787	22237.4	22226.6	10.8041	458	586	238	0	0.0001 Colloc0 458 3120 0.0607727 132.263
1400	1	989.874	22267.1	22256.7	10.3276	464	578	246	1	0.0001 Colloc0 464 3100 0.147833 106.271
1410	1	996.949	22298.8	22288.1	10.7268	454	584	240	0	0.0001 Colloc0 454 3105 0.0448395 127.876
1420	1	1004.02	22170	22159.3	10.7142	443	583	241	1	0.0001 Colloc0 443 3103 0.072905 127.163
1430	1	1011.12	22277.1	22266.4	10.7587	465	561	263	1	0.0001 Colloc0 465 3107 0.0746765 129.679
1440	1	1018.25	22271	22260.2	10.8459	462	579	245	0	0.0001 Colloc0 462 3102 0.0474262 134.663
1450	1	1025.32	22148.8	22137.8	10.9876	461	614	210	0	0.0001 Colloc0 461 3102 0.0136125 142.934
1460	1	1032.47	22333.4	22322.7	10.7061	468	554	270	0	0.0001 Colloc0 468 3119 0.0207288 126.711
1470	1	1039.51	22294	22283.1	10.8951	462	570	254	0	0.0001 Colloc0 462 3112 0.0413544 137.51
1480	1	1046.63	22287.3	22276.4	10.9208	461	543	281	0	0.0001 Colloc0 461 3084 0.00429767 139.008
1490	1	1053.55	22281.4	22270.7	10.681	450	540	284	0	0.0001 Colloc0 450 3111 0.0867419 125.303
1500	1	1060.52	22200.5	22189.8	10.701	455	577	247	1	0.0001 Colloc0 455 3102 0.0486671 126.423
1510	1	1067.3	22194.5	22183.5	11.0363	450	579	245	3	0.0001 Colloc0 450 3097 0.00813727 145.819
1520	1	1074.45	22137.6	22126.8	10.8168	448	584	240	1	0.0001 Colloc0 448 3096 0.000888035 132.992
1530	1	1081.61	22065.9	22056	9.89071	446	595	229	1	0.0001 Colloc0 446 3086 0.190086 84.8595
1540	1	1088.7	22056.9	22046	10.905	445	614	210	1	0.0001 Colloc0 445 3097 0.0175728 138.085
1550	1	1095.55	22154	22143.2	10.8128	452	583	241	0	0.0001 Colloc0 452 3101 0.0428103 132.762
1560	1	1102.51	22148.6	22137.9	10.6871	456	581	243	0	0.0001 Colloc0 456 3103 0.0614786 125.647
1570	1	1109.57	22086.1	22075.6	10.5845	441	585	239	1	0.0001 Colloc0 441 3083 0.0566864 119.965
1580	1	1116.81	22047	22036.7	10.3771	437	616	208	1	0.0001 Colloc0 437 3115 0.0656975 108.851
1590	1	1124.02	22045.2	22034.4	10.7425	443	617	207	0	0.0001 Colloc0 443 3095 0.0232926 128.759
1600	1	1131.09	22188.9	22178.3	10.6091	447	580	244	1	0.0001 Colloc0 447 3109 0.079757 121.316
1610	1	1138.07	22213.8	22203.1	10.7126	456	573	251	2	0.0001 Colloc0 456 3096 0.0655553 127.074
1620	1	1145.17	22199.5	22188.8	10.7456	445	579	245	1	0.0001 Colloc0 445 3095 0.0417452 128.935
1630	1	1152.43	22181.6	22170.8	10.8367	454	565	259	0	0.0001 Colloc0 454 3107 0.0814077 134.134
1640	1	1159.71	22188.7	22178.7	10.0463	449	579	245	0	0.0001 Colloc0 449 3100 0.171027 92.2008
1650	1	1166.91	22189.9	22178.9	10.956	458	567	257	2	0.0001 Colloc0 458 3121 0.0236938 141.073
1660	1	1174	22188.8	22178.1	10.7258	449	589	235	0	0.0001 Colloc0 449 3103 0.0398324 127.815
1670	1	1181.02	22127.3	22116.6	10.6966	457	591	233	1	0.0001 Colloc0 457 3101 0.0507282 126.177
1680	1	1188.24	22202	22190.9	11.1058	459	592	232	2	0.0001 Colloc0 459 3100 0.011209 149.986
1690	1	1195.32	22098.1	22087	11.0174	451	589	235	0	0.0001 Colloc0 451 3101 0.0371847 144.695
1700	1	1202.44	22146.7	22135.9	10.7849	446	576	248	1	0.0001 Colloc0 446 3099 0.0298664 131.164
1710	1	1209.66	22185.8	22175.1	10.6687	460	575	249	1	0.0001 Colloc0 460 3109 0.0660603 124.618
1720	1	1216.74	22105.1	22094.7	10.4054	454	576	248	1	0.0001 Colloc0 454 3073 0.0913451 110.336
1730	1	1223.98	22158.1	22147.4	10.7235	453	567	257	4	0.0001 Colloc0 453 3089 0.0979576 127.686
1740	1	1231.11	22116.9	22106.5	10.3836	458	581	243	0	0.0001 Colloc0 458 3066 0.119807 109.188
1750	1	1238.4	22085.1	22074.3	10.8507	450	590	234	1	0.0001 Colloc0 450 3076 0.0379775 134.94
1760	1	1245.51	22142.2	22131.1	11.0249	462	559	265	0	0.0001 Colloc0 462 3077 0.0503783 145.142
1770	1	1252.57	22119.7	22109	10.7084	460	596	228	0	0.0001 Colloc0 460 3084 0.0241754 126.837
1780	1	1259.74	21982.2	21971.7	10.5324	455	607	217	2	0.0001 Colloc0 455 3051 0.0609419 117.124
1790	1	1266.69	21985.5	21974.7	10.8569	450	599	225	1	0.0001 Colloc0 450 3061 0.0338468 135.297
1800	1	1273.76	22119.8	22109	10.8347	461	589	235	1	0.0001 Colloc0 461 3084 0.075183 134.019
1810	1	1280.9	22004.3	21993.5	10.8049	450	595	229	6	0.0001 Colloc0 450 3077 0.0671471 132.311
1820	1	1288.05	22025.5	22014.6	10.8429	439	596	228	2	0.0001 Colloc0 439 3076 0.00316278 134.492
1830	1	1295.05	22126.7	22115.9	10.773	464	564	260	1	0.0001 Colloc0 464 3064 0.0590459 130.489
1840	1	1301.9	22026.1	22015	11.0882	457	599	225	3	0.0001 Colloc0 457 3049 0.0090862 148.924
1850	1	1308.93	21942.1	21931.3	10.8423	444	618	206	3	0.0001 Colloc0 444 3051 0.0362907 134.455
1860	1	1315.97	22023.8	22013.1	10.6647	454	591	233	2	0.0001 Colloc0 454 3048 0.0782425 124.393
1870	1	1322.98	22046	22034.9	11.0483	462	596	228	1	0.0001 Colloc0 462 3060 0.0136969 146.535
1880	1	1330.21	22029.9	22018.9	11.0349	461	581	243	2	0.0001 Colloc0 461 3071 0.0278253 145.735
1890	1	1337.44	22034.7	22023.8	10.9294	472	602	222	2	0.0001 Colloc0 472 3073 0.0549348 139.513
1900	1	1344.63	22102.9	22092.7	10.2672	466	577	247	3	0.0001 Colloc0 466 3062 0.131857 103.169
1910	1	1351.72	22110.1	22099.2	10.9683	465	563	261	2	0.0001 Colloc0 465 3052 0.0190352 141.796
1920	1	1358.82	22112	22101.4	10.5361	470	555	269	1	0.0001 Colloc0 470 3025 0.104315 117.329
1930	1	1366	22124.7	22113.8	10.8416	469	575	249	1	0.0001 Colloc0 469 3048 0.0448768 134.413
1940	1	1373.28	22105.2	22094.5	10.7357	463	563	261	2	0.0001 Colloc0 463 3069 0.042815 128.376
1950	1	1380.21	21962.5	21951.9	10.6355	448	596	228	2	0.0001 Colloc0 448 3067 0.0411631 122.771
1960	1	1387.22	21893.5	21883.3	10.1831	444	640	184	1	0.0001 Colloc0 444 3042 0.113065 98.9178
1970	1	1394.33	22066.3	22055.4	10.9481	458	580	244	3	0.0001 Colloc0 458 3056 0.0116134 140.605
1980	1	1401.4	21904.8	21893.9	10.8755	447	612	212	2	0.0001 Colloc0 447 3046 0.0356347 136.373
1990	1	1408.5	22007.5	21996.6	10.8384	466	595	229	2	0.0001 Colloc0 466 3067 0.0438777 134.232
2000	1	1415.67	22016.2	22005.1	11.0612	461	592	232	3	0.0001 Colloc0 461 3052 0.00128592 147.307
