# D = 0, E = 1, I = 1, P = 1, R = -1, n = 2000, N = 1, P = 1, w = 1, a = 0.0001, b = 10000, e = 1, f = 1, g = 100, h = 0.01, r = 10795, s = 1, S = 0, x = 10, m = 100, Z = 1, z = 0, T = 1, t = 1
# 8312 tokens in 824 sentences
#
# It	Temp	Time	-logP	-logPcorpus	-logPrior	tables	same	changed	reject	default_pya	(parent pym pyn pya pyb)*
0	1	0.58891	32906.2	32792.4	113.764	2515	0	824	0	0.0001 Colloc0 2515 4144 0.0001 10000
10	1	8.76967	24768.8	24756.7	12.0343	596	351	473	3	0.0001 Colloc0 596 3392 0.0377162 209.671
20	1	16.2065	24051.6	24040.4	11.1767	513	412	412	3	0.0001 Colloc0 513 3380 0.0650685 154.281
30	1	23.5034	23908.7	23897.4	11.3226	501	431	393	2	0.0001 Colloc0 501 3365 0.00315289 163.267
40	1	30.7623	23589.1	23578.6	10.5315	457	444	380	1	0.0001 Colloc0 457 3372 0.0725574 117.077
50	1	37.9492	23555.1	23544.2	10.8856	484	446	378	4	0.0001 Colloc0 484 3341 0.0387713 136.959
60	1	45.0701	23174.4	23163.3	11.0799	459	444	380	3	0.0001 Colloc0 459 3260 0.0138841 148.426
70	1	52.1501	23230.8	23220.1	10.6728	471	475	349	1	0.0001 Colloc0 471 3288 0.0308899 124.845
80	1	59.218	23068.5	23057.7	10.7659	463	507	317	2	0.0001 Colloc0 463 3288 0.0166009 130.087
90	1	66.3769	22982.3	22971.7	10.5696	473	508	316	2	0.0001 Colloc0 473 3267 0.0966346 119.15
100	1	73.4408	23025.9	23015	10.8812	460	503	321	2	0.0001 Colloc0 460 3298 0.0207978 136.702
110	1	80.4498	22898.7	22888.4	10.3194	452	513	311	3	0.0001 Colloc0 452 3274 0.0781335 105.847
120	1	87.5307	22942.9	22931.8	11.1235	457	503	321	4	0.0001 Colloc0 457 3229 0.0154216 151.053
130	1	94.5016	23015.7	23005.2	10.5739	450	508	316	1	0.0001 Colloc0 450 3252 0.0398947 119.386
140	1	101.492	22951.4	22940.5	10.9016	467	497	327	3	0.0001 Colloc0 467 3219 0.0593179 137.888
150	1	108.576	22874.3	22863.7	10.5733	459	517	307	3	0.0001 Colloc0 459 3214 0.0158083 119.353
160	1	115.613	22832.5	22821.4	11.0988	463	509	315	2	0.0001 Colloc0 463 3207 0.00443253 149.561
170	1	122.647	22750.3	22739.7	10.6596	448	523	301	1	0.0001 Colloc0 448 3225 0.0226785 124.109
180	1	129.737	22795.3	22784.6	10.719	468	523	301	5	0.0001 Colloc0 468 3206 0.0558296 127.432
190	1	136.864	22827.8	22817.2	10.5937	465	522	302	1	0.0001 Colloc0 465 3191 0.0375082 120.467
200	1	144.111	22738	22727.6	10.4488	470	534	290	1	0.0001 Colloc0 470 3204 0.0749432 112.636
210	1	151.264	22689	22678.1	10.9643	455	553	271	4	0.0001 Colloc0 455 3215 0.0192595 141.559
220	1	158.474	22813.1	22802.4	10.6656	472	509	315	4	0.0001 Colloc0 472 3223 0.0640303 124.442
230	1	165.504	22818.1	22807	11.103	464	525	299	2	0.0001 Colloc0 464 3210 0.0216928 149.816
240	1	172.59	22697.7	22686.8	10.9019	455	541	283	3	0.0001 Colloc0 455 3208 0.0196171 137.908
250	1	179.577	22634.4	22623.5	10.9125	451	548	276	2	0.0001 Colloc0 451 3211 0.0127478 138.521
260	1	186.694	22604.9	22593.6	11.2622	473	555	269	3	0.0001 Colloc0 473 3183 0.0217283 159.519
270	1	193.738	22582.2	22571.2	11.0524	462	555	269	4	0.0001 Colloc0 462 3199 0.0269454 146.779
280	1	200.748	22727.3	22716.3	11.0429	461	506	318	4	0.0001 Colloc0 461 3196 0.0123593 146.215
290	1	207.72	22580.5	22569.8	10.7043	460	557	267	3	0.0001 Colloc0 460 3184 0.0661125 126.607
300	1	214.634	22553.4	22542.5	10.942	458	569	255	0	0.0001 Colloc0 458 3180 0.0257522 140.251
310	1	221.557	22502.5	22492.1	10.4426	447	559	265	1	0.0001 Colloc0 447 3177 0.0352894 112.303
320	1	228.641	22573	22562.1	10.8876	458	557	267	0	0.0001 Colloc0 458 3179 0.00131099 137.072
330	1	235.68	22704.4	22693.4	11.0481	462	508	316	3	0.0001 Colloc0 462 3193 0.005462 146.525
340	1	242.635	22582.8	22572.2	10.6712	454	527	297	3	0.0001 Colloc0 454 3176 0.0621335 124.757
350	1	249.765	22599	22588	10.95	462	564	260	1	0.0001 Colloc0 462 3191 0.0177794 140.719
360	1	256.697	22441.1	22430.9	10.2502	448	581	243	0	0.0001 Colloc0 448 3156 0.0983368 102.303
370	1	263.881	22688.9	22678.2	10.7394	459	527	297	0	0.0001 Colloc0 459 3189 0.0307056 128.586
380	1	270.944	22637.3	22626.1	11.1865	466	519	305	3	0.0001 Colloc0 466 3162 0.00966837 154.878
390	1	278.057	22628.3	22617.8	10.4968	457	536	288	1	0.0001 Colloc0 457 3170 0.106343 115.201
400	1	285.097	22571.1	22560.7	10.3396	452	564	260	0	0.0001 Colloc0 452 3192 0.0266137 106.895
410	1	292.312	22558.3	22547.6	10.7249	465	533	291	1	0.0001 Colloc0 465 3149 0.049281 127.766
420	1	299.47	22574.4	22563.5	10.8494	465	525	299	0	0.0001 Colloc0 465 3166 0.0113616 134.866
430	1	306.519	22458.1	22447.3	10.8237	457	541	283	1	0.0001 Colloc0 457 3154 0.000742902 133.388
440	1	313.518	22507.8	22497	10.8032	451	531	293	1	0.0001 Colloc0 451 3156 0.0406124 132.212
450	1	320.759	22477.2	22466.7	10.5239	451	540	284	2	0.0001 Colloc0 451 3137 0.101846 116.666
460	1	327.776	22434.4	22423.7	10.6959	453	547	277	0	0.0001 Colloc0 453 3148 0.0161004 126.138
470	1	334.894	22426.2	22415.6	10.5972	451	548	276	2	0.0001 Colloc0 451 3165 0.0652063 120.664
480	1	341.997	22448.3	22437.2	11.0858	457	544	280	2	0.0001 Colloc0 457 3157 0.0144596 148.781
490	1	349.022	22272.7	22261.9	10.7643	444	548	276	1	0.0001 Colloc0 444 3126 0.00898147 129.996
500	1	356.06	22353.2	22342.4	10.7789	457	534	290	0	0.0001 Colloc0 457 3141 0.0584314 130.823
510	1	363.059	22424.4	22413.5	10.8332	461	531	293	2	0.0001 Colloc0 461 3127 0.0170492 133.93
520	1	370.025	22247	22236.3	10.6818	443	576	248	1	0.0001 Colloc0 443 3154 0.0515172 125.35
530	1	377.081	22293.5	22283	10.4548	455	563	261	2	0.0001 Colloc0 455 3128 0.126732 112.953
540	1	384.157	22307.4	22296.9	10.5361	453	564	260	1	0.0001 Colloc0 453 3137 0.0658953 117.328
550	1	391.155	22319.4	22309.2	10.2949	463	566	258	1	0.0001 Colloc0 463 3129 0.0928645 104.587
560	1	398.113	22177.8	22167.3	10.4447	446	604	220	0	0.0001 Colloc0 446 3124 0.108746 112.419
570	1	405.201	22341	22330.2	10.874	445	566	258	0	0.0001 Colloc0 445 3145 0.0322994 136.284
580	1	412.374	22293	22282.1	10.9282	445	564	260	1	0.0001 Colloc0 445 3095 0.0166095 139.441
590	1	419.543	22230.4	22219.8	10.5303	442	563	261	0	0.0001 Colloc0 442 3129 0.0636645 117.013
600	1	426.536	22153	22142.5	10.5161	428	564	260	0	0.0001 Colloc0 428 3121 0.0429458 116.243
610	1	433.595	22263.1	22252.5	10.5973	453	545	279	2	0.0001 Colloc0 453 3145 0.0601911 120.666
620	1	440.694	22117.1	22106.6	10.4667	452	593	231	0	0.0001 Colloc0 452 3123 0.0864673 113.59
630	1	447.776	22036.5	22026.3	10.1746	439	589	235	1	0.0001 Colloc0 439 3129 0.126541 98.4973
640	1	454.902	22211.5	22200.7	10.8039	447	545	279	0	0.0001 Colloc0 447 3130 0.0720893 132.253
650	1	462.111	22066.2	22056	10.182	453	598	226	0	0.0001 Colloc0 453 3119 0.136714 98.8668
660	1	469.128	22049.1	22038.3	10.7708	432	601	223	0	0.0001 Colloc0 432 3116 0.0383695 130.362
670	1	476.353	21943.4	21933.5	9.84953	423	623	201	1	0.0001 Colloc0 423 3116 0.180216 82.9703
680	1	483.448	22045.5	22034.7	10.8183	436	582	242	2	0.0001 Colloc0 436 3111 0.00328231 133.073
690	1	490.546	22072.3	22061.7	10.5184	438	581	243	0	0.0001 Colloc0 438 3134 0.0624102 116.371
700	1	497.661	22014.6	22004.1	10.5497	431	583	241	1	0.0001 Colloc0 431 3130 0.0614544 118.064
710	1	504.858	22055	22045	9.97287	445	586	238	0	0.0001 Colloc0 445 3129 0.145557 88.6966
720	1	511.884	22080	22069.1	10.9697	433	582	242	2	0.0001 Colloc0 433 3141 0.0218797 141.877
730	1	518.766	21963.3	21952.9	10.4195	434	610	214	2	0.0001 Colloc0 434 3133 0.0345058 111.08
740	1	525.897	22058.2	22047.6	10.6311	440	561	263	1	0.0001 Colloc0 440 3131 0.0923193 122.529
750	1	532.98	22136.7	22126.3	10.3987	445	568	256	2	0.0001 Colloc0 445 3139 0.0751372 109.983
760	1	540.043	22084.8	22074.4	10.4378	433	564	260	1	0.0001 Colloc0 433 3111 0.0297139 112.051
770	1	546.984	22109.6	22098.6	11.0323	440	586	238	3	0.0001 Colloc0 440 3145 0.00934443 145.582
780	1	554.04	22023.8	22013.5	10.2662	442	589	235	0	0.0001 Colloc0 442 3111 0.119787 103.115
790	1	561.144	21976.1	21965.5	10.5863	438	610	214	0	0.0001 Colloc0 438 3115 0.0519599 120.066
800	1	568.129	22055.7	22045.2	10.5236	438	581	243	2	0.0001 Colloc0 438 3120 0.0962324 116.652
810	1	575.321	22035.9	22025.4	10.5061	430	578	246	0	0.0001 Colloc0 430 3096 0.0316085 115.706
820	1	582.43	22008.1	21997.8	10.387	442	601	223	1	0.0001 Colloc0 442 3109 0.148055 109.368
830	1	589.599	22038.8	22028.3	10.5769	454	595	229	0	0.0001 Colloc0 454 3108 0.0627492 119.549
840	1	596.754	22007.1	21996.6	10.4652	439	606	218	1	0.0001 Colloc0 439 3106 0.0745091 113.508
850	1	603.81	22116.7	22106.1	10.598	461	551	273	3	0.0001 Colloc0 461 3103 0.109619 120.706
860	1	610.99	22046	22035.6	10.3916	453	582	242	1	0.0001 Colloc0 453 3121 0.118078 109.61
870	1	617.965	22086.2	22075.5	10.6829	453	567	257	1	0.0001 Colloc0 453 3092 0.0768127 125.41
880	1	625.044	21987.3	21976.6	10.6554	429	582	242	2	0.0001 Colloc0 429 3120 0.0413385 123.878
890	1	632.054	22025.5	22014.9	10.5831	445	566	258	0	0.0001 Colloc0 445 3112 0.109675 119.89
900	1	639.162	21979.6	21969.1	10.4824	451	610	214	1	0.0001 Colloc0 451 3101 0.0925594 114.428
910	1	646.193	22166.6	22156.1	10.5217	454	570	254	2	0.0001 Colloc0 454 3102 0.076483 116.545
920	1	653.156	22089.2	22078.5	10.7781	435	575	249	0	0.0001 Colloc0 435 3102 0.0189219 130.777
930	1	659.961	22080.1	22069.4	10.7359	444	543	281	1	0.0001 Colloc0 444 3107 0.0658383 128.388
940	1	666.913	22016.4	22005.9	10.5579	448	583	241	0	0.0001 Colloc0 448 3113 0.10033 118.511
950	1	673.963	22079.9	22069.5	10.3246	444	552	272	1	0.0001 Colloc0 444 3114 0.138801 106.118
960	1	681.03	22075.2	22064.7	10.5503	440	569	255	3	0.0001 Colloc0 440 3115 0.0353471 118.095
970	1	688.034	21965.1	21954.8	10.2638	442	614	210	2	0.0001 Colloc0 442 3116 0.146215 102.993
980	1	695.059	21873.2	21863.4	9.85219	440	641	183	0	0.0001 Colloc0 440 3116 0.182742 83.0917
990	1	702.042	21847.6	21837.4	10.1328	445	648	176	1	0.0001 Colloc0 445 3106 0.149203 96.4227
1000	1	709.091	21961.2	21950.5	10.704	449	600	224	2	0.0001 Colloc0 449 3098 0.0746803 126.592
1010	1	716.178	21874.7	21864	10.6676	437	649	175	0	0.0001 Colloc0 437 3108 0.0278785 124.554
1020	1	723.306	21951.8	21941.1	10.6767	437	606	218	3	0.0001 Colloc0 437 3096 0.029037 125.062
1030	1	730.451	21857.6	21847.4	10.2019	434	641	183	0	0.0001 Colloc0 434 3101 0.114228 99.8644
1040	1	737.53	22042.9	22032.3	10.5731	443	578	246	2	0.0001 Colloc0 443 3102 0.0814128 119.343
1050	1	744.665	22063.1	22052.4	10.6732	440	566	258	2	0.0001 Colloc0 440 3095 0.070154 124.866
1060	1	751.752	21968.1	21957.2	10.8458	447	607	217	1	0.0001 Colloc0 447 3087 0.0801496 134.654
1070	1	758.968	21988.7	21977.7	11.0751	446	603	221	1	0.0001 Colloc0 446 3093 0.039993 148.141
1080	1	766.104	22027.5	22016.8	10.739	452	583	241	0	0.0001 Colloc0 452 3092 0.0570575 128.564
1090	1	773.234	21935.5	21925	10.4865	441	601	223	0	0.0001 Colloc0 441 3095 0.101847 114.652
1100	1	780.215	21950.5	21940	10.5642	446	588	236	2	0.0001 Colloc0 446 3069 0.0205846 118.852
1110	1	787.379	22031.7	22020.9	10.7908	451	586	238	1	0.0001 Colloc0 451 3079 0.0291338 131.504
1120	1	794.434	21929	21918.4	10.6723	433	604	220	1	0.0001 Colloc0 433 3068 0.0206325 124.821
1130	1	801.635	21967.3	21956.5	10.8326	444	596	228	2	0.0001 Colloc0 444 3081 0.0275418 133.897
1140	1	808.73	21844.3	21833.7	10.5335	435	624	200	1	0.0001 Colloc0 435 3063 0.077652 117.185
1150	1	815.9	21941.8	21931.2	10.634	451	612	212	0	0.0001 Colloc0 451 3075 0.0910838 122.692
1160	1	822.875	21868.9	21858.2	10.7673	442	619	205	0	0.0001 Colloc0 442 3068 0.0648083 130.164
1170	1	829.84	21919.2	21908.4	10.8155	448	605	219	3	0.0001 Colloc0 448 3063 0.0285858 132.914
1180	1	836.858	21822.3	21812.2	10.1618	441	613	211	0	0.0001 Colloc0 441 3052 0.145553 97.8584
1190	1	843.88	21967.7	21956.8	10.904	449	585	239	0	0.0001 Colloc0 449 3061 0.0187788 138.026
1200	1	850.881	21998.9	21988	10.8417	449	568	256	1	0.0001 Colloc0 449 3053 0.0248843 134.42
1210	1	857.901	22042.4	22031.7	10.7523	445	575	249	1	0.0001 Colloc0 445 3052 0.00850307 129.312
1220	1	864.995	22083.6	22073.1	10.5131	456	539	285	3	0.0001 Colloc0 456 3071 0.0599556 116.084
1230	1	872.046	21992.6	21982.2	10.4352	456	583	241	2	0.0001 Colloc0 456 3032 0.133422 111.91
1240	1	879.266	22011	22000.2	10.7389	453	576	248	0	0.0001 Colloc0 453 3051 0.0763702 128.554
1250	1	886.375	21985.8	21975	10.8046	441	572	252	1	0.0001 Colloc0 441 3052 0.00202039 132.292
1260	1	893.574	22088.9	22077.8	11.0817	461	574	250	2	0.0001 Colloc0 461 3041 0.0205243 148.534
1270	1	900.676	22027	22016.2	10.8318	456	574	250	0	0.0001 Colloc0 456 3065 0.0631911 133.852
1280	1	907.917	22049.4	22038.4	10.9802	460	546	278	1	0.0001 Colloc0 460 3073 0.0302612 142.495
1290	1	915.055	22011.2	22000.4	10.7724	461	548	276	1	0.0001 Colloc0 461 3041 0.0428794 130.454
1300	1	922.074	21898.6	21888.1	10.4561	455	615	209	2	0.0001 Colloc0 455 3041 0.0845016 113.023
1310	1	929.157	21864.4	21854.2	10.2445	463	625	199	1	0.0001 Colloc0 463 3052 0.123203 102.014
1320	1	936.246	21864.7	21853.6	11.0521	445	620	204	1	0.0001 Colloc0 445 3047 0.00953158 146.763
1330	1	943.371	21873.6	21862.7	10.9001	444	621	203	0	0.0001 Colloc0 444 3034 0.0364235 137.801
1340	1	950.509	22000.6	21989.8	10.8112	452	571	253	1	0.0001 Colloc0 452 3024 0.0561713 132.666
1350	1	957.671	21846.4	21835.5	10.9544	446	606	218	1	0.0001 Colloc0 446 3030 0.0362092 140.974
1360	1	964.851	21925.5	21915.3	10.207	463	584	240	1	0.0001 Colloc0 463 3014 0.117734 100.117
1370	1	971.813	21943.7	21933.3	10.3878	458	596	228	1	0.0001 Colloc0 458 3024 0.0880969 109.41
1380	1	978.958	21788.2	21777.5	10.7913	438	612	212	2	0.0001 Colloc0 438 3013 0.0185502 131.529
1390	1	985.969	21879.3	21868.3	10.9752	451	608	216	0	0.0001 Colloc0 451 3029 0.0599073 142.203
1400	1	993.077	21906.9	21895.7	11.2237	454	596	228	2	0.0001 Colloc0 454 3030 0.00928934 157.152
1410	1	1000.18	21973.5	21962.3	11.1785	454	577	247	3	0.0001 Colloc0 454 3031 0.00928956 154.386
1420	1	1007.21	21879.7	21868.7	10.961	452	612	212	0	0.0001 Colloc0 452 3022 0.0630025 141.365
1430	1	1014.27	21814.3	21803.7	10.595	448	622	202	0	0.0001 Colloc0 448 3010 0.0613563 120.54
1440	1	1021.49	21914.6	21903.5	11.0869	463	596	228	2	0.0001 Colloc0 463 2989 0.0684866 148.845
1450	1	1028.44	21938.3	21927.8	10.4692	453	586	238	1	0.0001 Colloc0 453 3022 0.0994846 113.726
1460	1	1035.63	21987.1	21976	11.043	451	584	240	0	0.0001 Colloc0 451 3019 0.0139805 146.222
1470	1	1042.7	21835.9	21824.7	11.1775	455	593	231	2	0.0001 Colloc0 455 3016 0.00599841 154.328
1480	1	1049.78	21808.8	21798.7	10.075	464	611	213	0	0.0001 Colloc0 464 2998 0.186724 93.5899
1490	1	1056.93	21830	21819.2	10.8102	448	613	211	0	0.0001 Colloc0 448 3008 0.0559684 132.612
1500	1	1063.86	21747.3	21737.1	10.2274	445	634	190	1	0.0001 Colloc0 445 2995 0.112334 101.148
1510	1	1070.87	21925	21914.6	10.3795	461	600	224	1	0.0001 Colloc0 461 3007 0.134344 108.976
1520	1	1077.94	21852.7	21842	10.6635	457	597	227	3	0.0001 Colloc0 457 3000 0.0953932 124.325
1530	1	1085.12	21896.8	21886	10.8261	450	587	237	0	0.0001 Colloc0 450 3025 0.0571711 133.526
1540	1	1092.04	21821	21810.3	10.7305	441	611	213	1	0.0001 Colloc0 441 3009 0.01423 128.08
1550	1	1099.18	21794	21783.4	10.6341	443	611	213	0	0.0001 Colloc0 443 3006 0.0614421 122.694
1560	1	1106.22	21858.7	21847.9	10.8112	446	592	232	1	0.0001 Colloc0 446 3013 0.0119672 132.67
1570	1	1113.32	21926.8	21915.8	11.0319	459	582	242	1	0.0001 Colloc0 459 3012 0.000914508 145.561
1580	1	1120.27	21787	21776.5	10.4406	446	619	205	1	0.0001 Colloc0 446 3016 0.0762604 112.201
1590	1	1127.2	21866.2	21855.7	10.5244	461	609	215	2	0.0001 Colloc0 461 3015 0.0869534 116.692
1600	1	1134.2	21879.2	21868.3	10.8713	463	586	238	0	0.0001 Colloc0 463 3003 0.0272762 136.127
1610	1	1141.23	21876.1	21865.7	10.4381	456	605	219	0	0.0001 Colloc0 456 3018 0.0956945 112.068
1620	1	1148.18	21870.6	21860	10.566	449	572	252	1	0.0001 Colloc0 449 3007 0.0946056 118.951
1630	1	1155.19	21906.1	21895.6	10.5655	456	572	252	1	0.0001 Colloc0 456 3015 0.0592632 118.925
1640	1	1162.2	21992	21981.6	10.4323	462	570	254	1	0.0001 Colloc0 462 3011 0.106589 111.76
1650	1	1169.37	22021.8	22010.9	10.9168	471	556	268	1	0.0001 Colloc0 471 3018 0.0245784 138.774
1660	1	1176.43	21752.1	21741.2	10.8614	438	626	198	3	0.0001 Colloc0 438 3015 0.0309139 135.555
1670	1	1183.53	21883.2	21872.7	10.5181	454	606	218	0	0.0001 Colloc0 454 3018 0.0977015 116.349
1680	1	1190.78	21862.4	21851.8	10.6682	460	588	236	1	0.0001 Colloc0 460 3010 0.0728252 124.588
1690	1	1197.93	21805.6	21795.2	10.4584	455	603	221	0	0.0001 Colloc0 455 3010 0.0880699 113.149
1700	1	1205.09	21944	21932.9	11.0776	464	579	245	1	0.0001 Colloc0 464 3016 0.00526175 148.29
1710	1	1212.25	22004	21993.4	10.5776	461	575	249	1	0.0001 Colloc0 461 3008 0.0846013 119.586
1720	1	1219.34	21908.9	21898.2	10.7278	447	588	236	0	0.0001 Colloc0 447 2999 0.0492906 127.929
1730	1	1226.43	21902.3	21891.5	10.7951	454	576	248	1	0.0001 Colloc0 454 2993 0.0612402 131.751
1740	1	1233.63	21905.2	21894	11.1721	465	581	243	2	0.0001 Colloc0 465 3006 0.000424925 154.002
1750	1	1240.61	21898.6	21887.8	10.7484	461	577	247	2	0.0001 Colloc0 461 3009 0.105348 129.096
1760	1	1247.55	21881.9	21871.1	10.8025	461	592	232	1	0.0001 Colloc0 461 2990 0.093564 132.174
1770	1	1254.5	21847.7	21837.4	10.2944	458	608	216	2	0.0001 Colloc0 458 2998 0.108995 104.558
1780	1	1261.47	21791.7	21780.8	10.8979	455	610	214	2	0.0001 Colloc0 455 2990 0.0326043 137.676
1790	1	1268.54	21860.5	21849.8	10.6895	459	590	234	0	0.0001 Colloc0 459 3002 0.0744305 125.781
1800	1	1275.64	21947.4	21936.1	11.2911	461	578	246	0	0.0001 Colloc0 461 3013 0.0153295 161.308
1810	1	1282.71	21826.2	21815.1	11.0551	456	611	213	1	0.0001 Colloc0 456 3018 0.00814119 146.942
1820	1	1289.66	21835.7	21825.1	10.5901	447	612	212	1	0.0001 Colloc0 447 3010 0.0723417 120.272
1830	1	1296.86	21801.4	21791.2	10.1984	453	647	177	2	0.0001 Colloc0 453 3017 0.14948 99.6882
1840	1	1303.95	21924.1	21913.5	10.6288	451	590	234	5	0.0001 Colloc0 451 3000 0.0782103 122.404
1850	1	1311.12	21890.3	21879.1	11.2481	461	574	250	3	0.0001 Colloc0 461 2992 0.0222118 158.651
1860	1	1318.31	21903.9	21893.3	10.6117	442	576	248	2	0.0001 Colloc0 442 3011 0.040794 121.459
1870	1	1325.45	21812	21801.1	10.8832	456	609	215	1	0.0001 Colloc0 456 3000 0.0658871 136.819
1880	1	1332.43	21771	21760	10.9501	443	625	199	3	0.0001 Colloc0 443 3003 0.0252887 140.723
1890	1	1339.46	21787.2	21776.1	11.0992	462	616	208	1	0.0001 Colloc0 462 2997 0.052323 149.589
1900	1	1346.54	21895.7	21884.7	10.999	458	594	230	1	0.0001 Colloc0 458 3003 0.0517904 143.608
1910	1	1353.61	21853.2	21841.9	11.3087	467	584	240	1	0.0001 Colloc0 467 3005 0.0368206 162.401
1920	1	1360.72	21898.8	21888.3	10.4294	464	587	237	1	0.0001 Colloc0 464 3013 0.112478 111.607
1930	1	1367.88	21875.3	21864.7	10.6031	463	594	230	1	0.0001 Colloc0 463 3005 0.0838055 120.986
1940	1	1374.94	21867	21856.7	10.2689	459	576	248	3	0.0001 Colloc0 459 3003 0.139167 103.252
1950	1	1382.02	21748.1	21737.5	10.5713	453	612	212	2	0.0001 Colloc0 453 2979 0.106322 119.242
1960	1	1389.03	21825	21814	10.9228	463	600	224	4	0.0001 Colloc0 463 2997 0.0384254 139.128
1970	1	1396.21	21753	21742.7	10.2298	446	608	216	4	0.0001 Colloc0 446 2991 0.104254 101.269
1980	1	1403.23	21735.1	21724.5	10.6174	453	619	205	2	0.0001 Colloc0 453 2968 0.06081 121.774
1990	1	1410.3	21715.2	21704.1	11.0542	445	624	200	0	0.0001 Colloc0 445 2975 0.0367336 146.888
2000	1	1417.34	21873.6	21862.8	10.7905	464	591	233	1	0.0001 Colloc0 464 2990 0.0324349 131.485
