# D = 0, E = 1, I = 1, P = 1, R = -1, n = 2000, N = 1, P = 1, w = 1, a = 0.0001, b = 10000, e = 1, f = 1, g = 100, h = 0.01, r = 31307, s = 1, S = 0, x = 10, m = 100, Z = 1, z = 0, T = 1, t = 1
# 6856 tokens in 266 sentences
#
# It	Temp	Time	-logP	-logPcorpus	-logPrior	tables	same	changed	reject	default_pya	(parent pym pyn pya pyb)*
0	1	1.04784	27513.7	27400	113.764	2272	0	266	0	0.0001 Colloc0 2272 3311 0.0001 10000
10	1	15.6476	21179.5	21168.5	10.9847	642	27	239	2	0.0001 Colloc0 642 2912 0.19187 142.76
20	1	28.1877	20950.8	20939.7	11.1421	547	45	221	3	0.0001 Colloc0 547 2971 0.0660608 152.176
30	1	40.8318	20662.6	20651.4	11.1888	560	41	225	4	0.0001 Colloc0 560 2930 0.133172 155.016
40	1	54.1028	20554.5	20543.1	11.4828	564	55	211	3	0.0001 Colloc0 564 2927 0.101643 173.352
50	1	66.7529	20317.8	20306.4	11.3443	538	55	211	1	0.0001 Colloc0 538 2905 0.140557 164.619
60	1	80.0918	20337.1	20326.1	10.9962	540	63	203	1	0.0001 Colloc0 540 2917 0.104256 143.438
70	1	93.7547	20466.2	20454.4	11.8582	529	56	210	1	0.0001 Colloc0 529 2926 0.0132351 197.818
80	1	107.298	20230.4	20219.1	11.3	508	65	201	1	0.0001 Colloc0 508 2911 0.0404585 161.859
90	1	120.866	20274.7	20263.9	10.7555	526	63	203	3	0.0001 Colloc0 526 2929 0.151853 129.498
100	1	134.43	20064.3	20053.4	10.8801	517	66	200	6	0.0001 Colloc0 517 2895 0.0784122 136.639
110	1	147.63	20338.2	20327	11.2299	511	58	208	3	0.0001 Colloc0 511 2915 0.0758231 157.53
120	1	161.129	20238.3	20226.8	11.527	523	55	211	4	0.0001 Colloc0 523 2894 0.00573481 176.173
130	1	174.596	20184.2	20172.8	11.3328	517	61	205	6	0.0001 Colloc0 517 2913 0.0446837 163.901
140	1	187.963	20223.7	20212.3	11.3929	514	57	209	4	0.0001 Colloc0 514 2893 0.0215945 167.663
150	1	201.647	20135.2	20124.2	11.0568	524	65	201	3	0.0001 Colloc0 524 2910 0.111195 147.042
160	1	215.105	20264	20252.5	11.546	525	63	203	1	0.0001 Colloc0 525 2899 0.033855 177.393
170	1	228.534	20111.6	20100.5	11.1	522	68	198	6	0.0001 Colloc0 522 2883 0.0837839 149.635
180	1	241.936	20311	20299.8	11.1802	528	46	220	3	0.0001 Colloc0 528 2900 0.0585315 154.491
190	1	255.259	20108.1	20098	10.1329	525	61	205	2	0.0001 Colloc0 525 2883 0.225368 96.4266
200	1	268.329	20223.5	20213.1	10.4317	533	59	207	3	0.0001 Colloc0 533 2882 0.169346 111.728
210	1	281.628	20195.6	20184.5	11.1036	530	57	209	1	0.0001 Colloc0 530 2843 0.105816 149.85
220	1	294.683	20013.4	20001.8	11.573	493	66	200	1	0.0001 Colloc0 493 2865 0.009982 179.128
230	1	308.016	19994.7	19983.9	10.7585	535	64	202	4	0.0001 Colloc0 535 2847 0.185276 129.668
240	1	321.519	20111.3	20100.3	10.9909	528	52	214	4	0.0001 Colloc0 528 2858 0.0841164 143.125
250	1	334.52	20158.7	20148	10.7077	532	58	208	2	0.0001 Colloc0 532 2865 0.136918 126.801
260	1	347.266	20089.1	20078	11.1447	552	69	197	5	0.0001 Colloc0 552 2855 0.137108 152.334
270	1	360.11	20089.6	20078.5	11.0934	520	64	202	0	0.0001 Colloc0 520 2854 0.0836522 149.237
280	1	373.371	20011.1	19999.7	11.4208	520	64	202	1	0.0001 Colloc0 520 2859 0.0398223 169.422
290	1	386.901	20171.9	20161.1	10.8672	550	55	211	0	0.0001 Colloc0 550 2882 0.127712 135.89
300	1	400.313	19982.3	19970.9	11.4356	514	75	191	2	0.0001 Colloc0 514 2873 0.0474991 170.355
310	1	413.919	20080.9	20070	10.95	518	64	202	2	0.0001 Colloc0 518 2858 0.112661 140.719
320	1	426.768	20083	20072	10.9061	529	57	209	3	0.0001 Colloc0 529 2847 0.156742 138.151
330	1	440.152	20156.9	20146.1	10.7309	526	63	203	3	0.0001 Colloc0 526 2837 0.150359 128.103
340	1	453.869	20070.6	20059.6	11.0294	541	54	212	3	0.0001 Colloc0 541 2817 0.149605 145.412
350	1	467.231	19897	19886.4	10.6291	536	69	197	5	0.0001 Colloc0 536 2800 0.181812 122.422
360	1	480.745	19860.4	19849.6	10.7526	543	66	200	3	0.0001 Colloc0 543 2776 0.195664 129.329
370	1	494.337	19944.4	19933.2	11.2318	523	62	204	2	0.0001 Colloc0 523 2812 0.0632596 157.648
380	1	508.008	20057.4	20045.7	11.6512	546	61	205	1	0.0001 Colloc0 546 2820 0.0468357 184.19
390	1	520.963	20175.3	20164.3	10.965	530	53	213	3	0.0001 Colloc0 530 2859 0.0833965 141.598
400	1	534.518	20061.9	20051.1	10.8073	524	60	206	7	0.0001 Colloc0 524 2802 0.138066 132.445
410	1	547.969	20066.7	20055.3	11.3796	531	61	205	1	0.0001 Colloc0 531 2812 0.0545844 166.83
420	1	561.187	20030.2	20018.4	11.779	538	54	212	3	0.0001 Colloc0 538 2813 0.0767811 192.564
430	1	574.796	19922.8	19911.9	10.973	529	65	201	3	0.0001 Colloc0 529 2784 0.15465 142.072
440	1	587.636	19914.5	19903.4	11.0555	509	69	197	2	0.0001 Colloc0 509 2844 0.0920933 146.964
450	1	600.831	19851.4	19840.5	10.8727	525	69	197	2	0.0001 Colloc0 525 2817 0.127137 136.212
460	1	613.966	19904.8	19893.2	11.5554	513	61	205	1	0.0001 Colloc0 513 2802 0.0136959 177.993
470	1	627.337	19909.7	19898.2	11.559	527	63	203	2	0.0001 Colloc0 527 2800 0.00279686 178.223
480	1	640.461	19892.2	19881	11.1823	521	71	195	2	0.0001 Colloc0 521 2805 0.0924273 154.62
490	1	653.992	19760.1	19748.5	11.6707	530	73	193	4	0.0001 Colloc0 530 2762 0.0306492 185.457
500	1	667.297	19720.7	19710.2	10.4974	535	71	195	4	0.0001 Colloc0 535 2758 0.189759 115.238
510	1	680.887	19857.1	19845.3	11.7703	533	60	206	0	0.0001 Colloc0 533 2763 0.0111372 191.993
520	1	694.236	19829.2	19818.3	10.9246	533	67	199	5	0.0001 Colloc0 533 2777 0.171235 139.231
530	1	707.63	19851.2	19840.4	10.8089	505	59	207	1	0.0001 Colloc0 505 2772 0.0931005 132.539
540	1	720.181	19703.3	19691.8	11.4679	518	72	194	4	0.0001 Colloc0 518 2752 0.00966039 172.402
550	1	733.73	19728.8	19717.9	10.964	524	74	192	3	0.0001 Colloc0 524 2769 0.10141 141.539
560	1	747.361	19831.3	19821	10.2258	523	61	205	2	0.0001 Colloc0 523 2771 0.192435 101.063
570	1	760.91	19676.4	19665.3	11.0762	524	70	196	2	0.0001 Colloc0 524 2735 0.131172 148.208
580	1	774.182	19747.6	19736.3	11.2866	528	77	189	4	0.0001 Colloc0 528 2765 0.0604102 161.031
590	1	787.179	19811.5	19800.2	11.3062	553	75	191	1	0.0001 Colloc0 553 2749 0.0974396 162.247
600	1	800.624	19876.6	19864.9	11.6379	538	63	203	3	0.0001 Colloc0 538 2761 0.0811084 183.326
610	1	814.255	19887.7	19876.7	11.0207	552	64	202	3	0.0001 Colloc0 552 2767 0.189201 144.895
620	1	827.517	19785.5	19774.3	11.2039	532	66	200	1	0.0001 Colloc0 532 2727 0.137363 155.938
630	1	841.251	19852.2	19841.6	10.6053	561	73	193	1	0.0001 Colloc0 561 2743 0.224629 121.109
640	1	854.574	19862	19850.7	11.2806	546	67	199	2	0.0001 Colloc0 546 2769 0.0868159 160.661
650	1	867.959	19804.8	19793.2	11.6165	520	68	198	2	0.0001 Colloc0 520 2763 0.0302832 181.934
660	1	881.471	19588.4	19577.1	11.2748	510	76	190	1	0.0001 Colloc0 510 2748 0.0989159 160.3
670	1	895.165	19605.1	19593.6	11.5809	524	74	192	4	0.0001 Colloc0 524 2722 0.0452686 179.635
680	1	908.689	19593.5	19582.1	11.4236	512	73	193	2	0.0001 Colloc0 512 2718 0.041813 169.597
690	1	921.895	19549.6	19538.8	10.8584	515	82	184	4	0.0001 Colloc0 515 2737 0.130721 135.381
700	1	935.294	19670.1	19659.1	10.9703	512	77	189	2	0.0001 Colloc0 512 2746 0.0624318 141.914
710	1	948.994	19624.9	19614	10.9482	522	71	195	0	0.0001 Colloc0 522 2745 0.132449 140.615
720	1	962.334	19550.4	19539.5	10.8452	519	67	199	4	0.0001 Colloc0 519 2721 0.128795 134.621
730	1	975.317	19781.4	19770.5	10.8457	542	61	205	4	0.0001 Colloc0 542 2754 0.113683 134.65
740	1	988.795	19830.2	19818.8	11.3906	537	63	203	3	0.0001 Colloc0 537 2766 0.128275 167.522
750	1	1002.44	19781.7	19770.9	10.7693	535	56	210	3	0.0001 Colloc0 535 2752 0.142952 130.281
760	1	1015.93	19729.4	19717.9	11.4509	516	54	212	1	0.0001 Colloc0 516 2758 0.0424345 171.325
770	1	1029.52	19583.6	19572.4	11.1426	521	65	201	3	0.0001 Colloc0 521 2698 0.117025 152.21
780	1	1043.08	19658.5	19647.2	11.3029	513	74	192	1	0.0001 Colloc0 513 2752 0.0454202 162.037
790	1	1056.5	19619.6	19608.6	11.0763	537	81	185	4	0.0001 Colloc0 537 2740 0.162471 148.21
800	1	1069.84	19510	19499.1	10.9421	510	83	183	5	0.0001 Colloc0 510 2780 0.098451 140.257
810	1	1083.18	19543.5	19532.7	10.7852	512	70	196	2	0.0001 Colloc0 512 2754 0.148205 131.186
820	1	1096.51	19722.3	19711.1	11.1492	523	69	197	4	0.0001 Colloc0 523 2758 0.0699229 152.607
830	1	1109.29	19735.7	19724.8	10.9836	530	60	206	3	0.0001 Colloc0 530 2733 0.13892 142.696
840	1	1122.26	19814.7	19803.2	11.46	511	56	210	2	0.0001 Colloc0 511 2752 0.0211086 171.903
850	1	1134.88	19693.5	19682.4	11.1417	524	66	200	1	0.0001 Colloc0 524 2781 0.115374 152.156
860	1	1148.32	19620	19608.5	11.5132	521	66	200	3	0.0001 Colloc0 521 2746 0.0499083 175.288
870	1	1161.91	19610.4	19599.4	11.0102	537	79	187	3	0.0001 Colloc0 537 2753 0.124959 144.27
880	1	1175.26	19595	19583.7	11.2677	531	67	199	1	0.0001 Colloc0 531 2735 0.106917 159.862
890	1	1188.62	19691.6	19680.2	11.4477	521	71	195	0	0.0001 Colloc0 521 2735 0.00715694 171.121
900	1	1201.96	19586.8	19575.3	11.5137	523	76	190	5	0.0001 Colloc0 523 2738 0.066873 175.32
910	1	1215.06	19634.2	19622.9	11.2647	528	70	196	2	0.0001 Colloc0 528 2761 0.107631 159.678
920	1	1228.21	19521.1	19510	11.1179	537	82	184	2	0.0001 Colloc0 537 2699 0.11816 150.716
930	1	1242.01	19467.3	19456.8	10.4486	517	85	181	1	0.0001 Colloc0 517 2719 0.182112 112.623
940	1	1255.68	19552.9	19542.6	10.3506	532	74	192	2	0.0001 Colloc0 532 2730 0.206469 107.468
950	1	1269.01	19413.8	19403.4	10.4237	540	78	188	3	0.0001 Colloc0 540 2730 0.231467 111.301
960	1	1282.72	19541.3	19530.4	10.9389	531	66	200	4	0.0001 Colloc0 531 2711 0.160897 140.068
970	1	1296.31	19670.4	19659.1	11.3274	520	76	190	3	0.0001 Colloc0 520 2747 0.0639995 163.564
980	1	1309.87	19482	19470.8	11.229	524	83	183	4	0.0001 Colloc0 524 2717 0.091782 157.479
990	1	1323.32	19699.9	19688.1	11.7862	520	63	203	0	0.0001 Colloc0 520 2733 0.047496 193.041
1000	1	1336.86	19555.7	19544.6	11.0784	522	79	187	1	0.0001 Colloc0 522 2714 0.178138 148.336
1010	1	1350.49	19608.5	19597.5	11.0163	540	80	186	0	0.0001 Colloc0 540 2732 0.150165 144.631
1020	1	1363.98	19570.5	19559.2	11.3006	525	76	190	5	0.0001 Colloc0 525 2722 0.0880911 161.896
1030	1	1376.92	19584.1	19572.3	11.7897	529	70	196	1	0.0001 Colloc0 529 2721 0.022574 193.272
1040	1	1390.28	19521.5	19510	11.4442	532	83	183	2	0.0001 Colloc0 532 2724 0.0816713 170.902
1050	1	1403.89	19573.1	19562	11.058	533	63	203	2	0.0001 Colloc0 533 2725 0.113366 147.118
1060	1	1417.6	19469.9	19458.4	11.4912	523	78	188	0	0.0001 Colloc0 523 2703 0.118564 173.883
1070	1	1430.92	19499.4	19488.2	11.2545	513	72	194	2	0.0001 Colloc0 513 2706 0.0696113 159.044
1080	1	1444.28	19621.6	19610.8	10.8385	524	81	185	2	0.0001 Colloc0 524 2746 0.134186 134.237
1090	1	1458.19	19593.2	19582.3	10.9204	544	72	194	2	0.0001 Colloc0 544 2707 0.156946 138.986
1100	1	1471.48	19534.2	19523.3	10.8491	504	65	201	1	0.0001 Colloc0 504 2720 0.165612 134.845
1110	1	1484.64	19575.4	19564	11.4066	520	72	194	3	0.0001 Colloc0 520 2712 0.0548762 168.523
1120	1	1498.13	19459	19448.3	10.6878	530	74	192	3	0.0001 Colloc0 530 2669 0.133948 125.682
1130	1	1511.47	19537.6	19526.8	10.7924	545	75	191	1	0.0001 Colloc0 545 2677 0.181277 131.597
1140	1	1524.92	19539.7	19528.5	11.2035	549	79	187	0	0.0001 Colloc0 549 2693 0.104393 155.913
1150	1	1538.55	19567.5	19556.6	10.9162	537	68	198	2	0.0001 Colloc0 537 2694 0.11414 138.739
1160	1	1552.2	19543	19532.1	10.9391	545	76	190	1	0.0001 Colloc0 545 2680 0.127631 140.076
1170	1	1565.36	19535.3	19523.5	11.7292	530	71	195	3	0.0001 Colloc0 530 2705 0.048747 189.287
1180	1	1578.78	19477.6	19466.6	10.9708	527	75	191	3	0.0001 Colloc0 527 2681 0.127772 141.944
1190	1	1592.33	19490.4	19479.1	11.3372	510	74	192	2	0.0001 Colloc0 510 2717 0.0428392 164.175
1200	1	1605.92	19598.4	19587	11.3801	509	68	198	2	0.0001 Colloc0 509 2725 0.0341041 166.86
1210	1	1619.33	19530.5	19520.1	10.425	535	73	193	1	0.0001 Colloc0 535 2705 0.200487 111.369
1220	1	1632.62	19444.3	19433	11.3307	514	83	183	2	0.0001 Colloc0 514 2693 0.0621966 163.772
1230	1	1645.42	19449	19438.7	10.3493	506	86	180	3	0.0001 Colloc0 506 2710 0.153629 107.398
1240	1	1658.85	19483.9	19472.7	11.2187	510	78	188	2	0.0001 Colloc0 510 2687 0.0725193 156.846
1250	1	1672.38	19551.6	19541	10.649	522	80	186	3	0.0001 Colloc0 522 2738 0.163655 123.52
1260	1	1685.64	19449.6	19438.8	10.8269	518	83	183	2	0.0001 Colloc0 518 2683 0.14702 133.57
1270	1	1698.96	19592.8	19581.1	11.6695	519	72	194	3	0.0001 Colloc0 519 2720 0.0288039 185.381
1280	1	1712.26	19510.2	19499.5	10.7601	527	71	195	1	0.0001 Colloc0 527 2685 0.1664 129.756
1290	1	1725.98	19362.2	19351.6	10.5593	521	97	169	2	0.0001 Colloc0 521 2680 0.180891 118.585
1300	1	1739.58	19332.6	19322	10.6181	514	94	172	3	0.0001 Colloc0 514 2688 0.182537 121.811
1310	1	1752.93	19567	19555.9	11.1455	524	70	196	2	0.0001 Colloc0 524 2712 0.107525 152.384
1320	1	1766.18	19444.5	19432.7	11.7215	525	80	186	2	0.0001 Colloc0 525 2663 0.0402535 188.78
1330	1	1779.7	19652	19640.8	11.2647	536	66	200	2	0.0001 Colloc0 536 2687 0.119614 159.677
1340	1	1793.17	19643.3	19632.9	10.4464	554	67	199	3	0.0001 Colloc0 554 2692 0.244552 112.507
1350	1	1806.86	19604.3	19592.6	11.7163	529	64	202	1	0.0001 Colloc0 529 2690 0.00113316 188.437
1360	1	1820.12	19443.1	19431.3	11.7284	520	78	188	1	0.0001 Colloc0 520 2683 0.0435786 189.233
1370	1	1833.32	19540	19528.9	11.0305	546	80	186	1	0.0001 Colloc0 546 2710 0.181824 145.476
1380	1	1846.58	19470.9	19460.7	10.1756	538	81	185	1	0.0001 Colloc0 538 2708 0.240766 98.5469
1390	1	1859.41	19377.6	19366.5	11.1302	518	79	187	5	0.0001 Colloc0 518 2670 0.116757 151.457
1400	1	1872.98	19399.7	19389.4	10.3759	510	79	187	2	0.0001 Colloc0 510 2649 0.198921 108.786
1410	1	1886.35	19498.3	19487.3	10.9696	531	70	196	2	0.0001 Colloc0 531 2700 0.134062 141.871
1420	1	1899.32	19642.8	19632.1	10.7459	524	77	189	3	0.0001 Colloc0 524 2718 0.143084 128.953
1430	1	1911.93	19543.3	19533	10.2795	541	72	194	1	0.0001 Colloc0 541 2716 0.217867 103.796
1440	1	1924.72	19427.6	19416.4	11.1592	515	73	193	2	0.0001 Colloc0 515 2709 0.0849122 153.212
1450	1	1937.96	19271.2	19260.2	11.0286	506	82	184	3	0.0001 Colloc0 506 2688 0.111417 145.364
1460	1	1951.25	19357.5	19346.4	11.1012	527	89	177	1	0.0001 Colloc0 527 2704 0.140892 149.707
1470	1	1964.35	19305.3	19294.7	10.6142	510	95	171	0	0.0001 Colloc0 510 2716 0.139061 121.594
1480	1	1977.48	19500.1	19488.6	11.517	548	74	192	0	0.0001 Colloc0 548 2697 0.10342 175.535
1490	1	1991.04	19497.8	19486.5	11.3129	517	82	184	1	0.0001 Colloc0 517 2688 0.0871777 162.664
1500	1	2004.65	19574	19562.2	11.713	533	57	209	4	0.0001 Colloc0 533 2683 0.0598668 188.219
1510	1	2017.92	19508.4	19497.4	10.983	518	74	192	1	0.0001 Colloc0 518 2710 0.151377 142.66
1520	1	2030.97	19489.8	19478.8	11.0075	525	66	200	3	0.0001 Colloc0 525 2691 0.0925962 144.108
1530	1	2044.01	19497	19485.7	11.3421	512	66	200	3	0.0001 Colloc0 512 2707 0.0269599 164.478
1540	1	2057.17	19498.7	19487.6	11.1252	510	65	201	2	0.0001 Colloc0 510 2724 0.0996106 151.152
1550	1	2070.57	19610.8	19600.2	10.656	522	64	202	2	0.0001 Colloc0 522 2689 0.178122 123.909
1560	1	2083.99	19578	19566.8	11.2535	544	74	192	3	0.0001 Colloc0 544 2727 0.141274 158.982
1570	1	2097.51	19579.8	19568.3	11.4272	531	66	200	2	0.0001 Colloc0 531 2697 0.0427194 169.826
1580	1	2110.73	19556.9	19546.1	10.7773	527	65	201	2	0.0001 Colloc0 527 2699 0.176534 130.731
1590	1	2123.73	19422	19411	11.0082	516	85	181	2	0.0001 Colloc0 516 2719 0.097087 144.148
1600	1	2137.04	19463.3	19452.6	10.7157	544	74	192	2	0.0001 Colloc0 544 2714 0.184245 127.247
1610	1	2150.28	19421.6	19411	10.5366	510	76	190	3	0.0001 Colloc0 510 2693 0.199199 117.353
1620	1	2163.32	19589.2	19578.2	11.0154	528	73	193	1	0.0001 Colloc0 528 2732 0.117942 144.576
1630	1	2176.19	19500.8	19490.2	10.6064	509	76	190	2	0.0001 Colloc0 509 2714 0.15258 121.165
1640	1	2188.86	19450	19438.5	11.4953	518	78	188	1	0.0001 Colloc0 518 2723 0.0165929 174.148
1650	1	2201.47	19508.4	19497.4	11.0661	514	65	201	2	0.0001 Colloc0 514 2734 0.0834005 147.602
1660	1	2213.95	19588.5	19577.8	10.7218	518	61	205	4	0.0001 Colloc0 518 2733 0.116712 127.592
1670	1	2226.25	19590.2	19579.9	10.3413	532	72	194	2	0.0001 Colloc0 532 2721 0.220738 106.982
1680	1	2238.25	19616.3	19606	10.2771	538	74	192	2	0.0001 Colloc0 538 2742 0.231951 103.672
1690	1	2250.28	19561.8	19550.5	11.2745	527	64	202	4	0.0001 Colloc0 527 2676 0.0915616 160.283
1700	1	2262.35	19462	19450.9	11.1845	504	74	192	2	0.0001 Colloc0 504 2699 0.0734568 154.757
1710	1	2274.35	19370.9	19360	10.9131	496	83	183	2	0.0001 Colloc0 496 2702 0.088989 138.556
1720	1	2286.36	19368.6	19358	10.5445	510	79	187	1	0.0001 Colloc0 510 2701 0.162823 117.78
1730	1	2298.39	19576.8	19565.8	11.01	540	62	204	1	0.0001 Colloc0 540 2701 0.127173 144.261
1740	1	2310.26	19474.7	19463.8	10.9159	536	80	186	0	0.0001 Colloc0 536 2680 0.152552 138.723
1750	1	2322.03	19529.8	19518.9	10.8912	523	73	193	3	0.0001 Colloc0 523 2693 0.108867 137.286
1760	1	2333.97	19376.4	19365.9	10.5196	505	73	193	5	0.0001 Colloc0 505 2708 0.107697 116.43
1770	1	2345.9	19403.5	19392.8	10.6668	528	92	174	3	0.0001 Colloc0 528 2717 0.183293 124.512
1780	1	2357.93	19356.7	19345.3	11.3843	510	80	186	4	0.0001 Colloc0 510 2712 0.0696515 167.125
1790	1	2371.01	19380.9	19369.5	11.4193	516	79	187	3	0.0001 Colloc0 516 2701 0.0661298 169.328
1800	1	2382.91	19365.3	19354.6	10.7493	539	84	182	1	0.0001 Colloc0 539 2694 0.18166 129.146
1810	1	2394.71	19485.5	19474.5	10.9527	545	90	176	1	0.0001 Colloc0 545 2729 0.157377 140.874
1820	1	2406.67	19386.4	19374.9	11.5355	527	89	177	5	0.0001 Colloc0 527 2699 0.0656175 176.714
1830	1	2418.53	19411.5	19400.8	10.6827	521	78	188	0	0.0001 Colloc0 521 2728 0.133232 125.397
1840	1	2430.54	19398.3	19387	11.3187	529	86	180	1	0.0001 Colloc0 529 2710 0.0905502 163.025
1850	1	2442.39	19396.5	19386.2	10.2951	520	77	189	2	0.0001 Colloc0 520 2726 0.227351 104.598
1860	1	2454.5	19455	19444	11.009	526	76	190	0	0.0001 Colloc0 526 2700 0.100989 144.201
1870	1	2466.24	19383.7	19372.5	11.2272	505	94	172	2	0.0001 Colloc0 505 2701 0.0796557 157.369
1880	1	2478.2	19479.2	19468.4	10.7876	534	80	186	1	0.0001 Colloc0 534 2702 0.160351 131.323
1890	1	2489.93	19395.1	19384.6	10.5101	523	78	188	2	0.0001 Colloc0 523 2656 0.215453 115.922
1900	1	2501.71	19564.3	19552.9	11.3388	537	67	199	1	0.0001 Colloc0 537 2691 0.0846751 164.272
1910	1	2513.6	19540.2	19528.9	11.3073	524	79	187	2	0.0001 Colloc0 524 2706 0.0729392 162.316
1920	1	2525.47	19370.5	19359.5	10.9799	521	81	185	1	0.0001 Colloc0 521 2709 0.156248 142.48
1930	1	2537.31	19467.8	19457.1	10.7	515	74	192	5	0.0001 Colloc0 515 2699 0.144767 126.365
1940	1	2549.15	19337.9	19326.8	11.0676	520	86	180	1	0.0001 Colloc0 520 2697 0.137665 147.69
1950	1	2561.01	19522.6	19511.5	11.1058	530	72	194	3	0.0001 Colloc0 530 2709 0.117078 149.982
1960	1	2572.78	19369.8	19358.7	11.1055	524	82	184	2	0.0001 Colloc0 524 2675 0.0836258 149.968
1970	1	2584.35	19644.8	19633.5	11.3405	526	68	198	2	0.0001 Colloc0 526 2659 0.081766 164.381
1980	1	2595.92	19413.9	19403	10.8995	528	74	192	2	0.0001 Colloc0 528 2657 0.177203 137.769
1990	1	2607.41	19543.5	19532.3	11.1986	547	70	196	0	0.0001 Colloc0 547 2692 0.120178 155.616
2000	1	2619.44	19435.8	19425.1	10.7068	521	81	185	3	0.0001 Colloc0 521 2671 0.126924 126.746
