# D = 0, E = 1, I = 1, P = 1, R = -1, n = 2000, N = 1, P = 1, w = 1, a = 0.0001, b = 10000, e = 1, f = 1, g = 100, h = 0.01, r = 22489, s = 1, S = 0, x = 10, m = 100, Z = 1, z = 0, T = 1, t = 1
# 6856 tokens in 266 sentences
#
# It	Temp	Time	-logP	-logPcorpus	-logPrior	tables	same	changed	reject	default_pya	(parent pym pyn pya pyb)*
0	1	1.03384	25606.1	25492.3	113.764	1359	0	266	0	0.0001 Colloc0 1359 1993 0.0001 10000
10	1	15.0007	20645.7	20634.3	11.36	631	53	213	2	0.0001 Colloc0 631 2684 0.167067 165.602
20	1	28.4587	20258.3	20246.7	11.5883	581	55	211	2	0.0001 Colloc0 581 2693 0.0612892 180.113
30	1	41.8926	20231.4	20219.6	11.8034	561	58	208	1	0.0001 Colloc0 561 2679 0.0613175 194.176
40	1	55.3926	20151.7	20140.2	11.5068	558	56	210	1	0.0001 Colloc0 558 2664 0.0923676 174.881
50	1	68.8475	20204.2	20192.1	12.0998	570	62	204	1	0.0001 Colloc0 570 2671 0.0376953 214.137
60	1	82.2375	19983	19971.4	11.5882	564	56	210	0	0.0001 Colloc0 564 2660 0.0890853 180.104
70	1	95.1745	19884.9	19873.6	11.3038	533	61	205	1	0.0001 Colloc0 533 2652 0.0826677 162.093
80	1	108.808	19926.1	19915.4	10.6701	550	66	200	4	0.0001 Colloc0 550 2677 0.186134 124.696
90	1	122.318	19726.6	19715.4	11.1986	530	78	188	1	0.0001 Colloc0 530 2687 0.144546 155.615
100	1	135.73	19894.1	19883.1	10.9553	553	58	208	1	0.0001 Colloc0 553 2704 0.15628 141.03
110	1	148.7	19910.1	19899.7	10.4376	563	67	199	4	0.0001 Colloc0 563 2683 0.210702 112.039
120	1	162.309	19882.8	19872.1	10.6229	558	68	198	3	0.0001 Colloc0 558 2656 0.209946 122.078
130	1	175.603	19799.6	19788.2	11.3977	545	65	201	1	0.0001 Colloc0 545 2664 0.127727 167.966
140	1	188.583	19885	19874.3	10.7005	541	62	204	3	0.0001 Colloc0 541 2691 0.158311 126.392
150	1	201.366	19828.2	19816.7	11.5098	550	60	206	3	0.0001 Colloc0 550 2693 0.0598025 175.072
160	1	214.732	19759.5	19748.8	10.7417	546	65	201	3	0.0001 Colloc0 546 2649 0.196787 128.713
170	1	228.136	19957	19945.8	11.1529	570	46	220	1	0.0001 Colloc0 570 2711 0.142402 152.83
180	1	241.451	19619.5	19608.2	11.3072	520	72	194	2	0.0001 Colloc0 520 2665 0.0560881 162.308
190	1	255.074	19668.4	19657.4	10.9622	525	53	213	1	0.0001 Colloc0 525 2665 0.123021 141.437
200	1	268.375	19767.4	19755.6	11.8593	530	63	203	0	0.0001 Colloc0 530 2694 0.0178905 197.891
210	1	281.321	19579.4	19568.8	10.6609	531	79	187	2	0.0001 Colloc0 531 2652 0.203914 124.18
220	1	294.255	19823.5	19812.7	10.7162	540	65	201	3	0.0001 Colloc0 540 2705 0.172007 127.276
230	1	307.26	19740.1	19728.4	11.6554	535	52	214	1	0.0001 Colloc0 535 2664 0.0712481 184.458
240	1	320.745	19670.9	19660.2	10.7084	531	65	201	2	0.0001 Colloc0 531 2662 0.155521 126.837
250	1	334.275	19720.6	19708.8	11.8133	543	61	205	4	0.0001 Colloc0 543 2638 0.0283724 194.831
260	1	347.94	19687	19675.1	11.8856	541	64	202	2	0.0001 Colloc0 541 2643 0.0167665 199.647
270	1	360.923	19757.5	19746.7	10.8644	513	55	211	4	0.0001 Colloc0 513 2690 0.0788562 135.729
280	1	374.053	19578.3	19567.5	10.8784	514	75	191	4	0.0001 Colloc0 514 2697 0.095683 136.544
290	1	387.789	19554.4	19544.1	10.2705	540	71	195	3	0.0001 Colloc0 540 2661 0.2245 103.337
300	1	401.566	19609	19597	11.979	550	77	189	3	0.0001 Colloc0 550 2679 0.0228828 205.923
310	1	414.979	19561.6	19550.3	11.239	530	69	197	1	0.0001 Colloc0 530 2650 0.078903 158.092
320	1	427.814	19487.5	19476.1	11.4082	518	76	190	2	0.0001 Colloc0 518 2630 0.0869218 168.626
330	1	441.552	19501.6	19491	10.6075	538	74	192	3	0.0001 Colloc0 538 2646 0.184416 121.23
340	1	454.748	19470.4	19459.1	11.2699	533	68	198	4	0.0001 Colloc0 533 2647 0.135992 159.995
350	1	468.336	19579.3	19567.8	11.5461	524	66	200	1	0.0001 Colloc0 524 2659 0.105578 177.394
360	1	481.754	19567.2	19555.8	11.3735	538	66	200	5	0.0001 Colloc0 538 2641 0.0617169 166.447
370	1	495.305	19600.3	19588.7	11.6089	539	67	199	3	0.0001 Colloc0 539 2634 0.0446124 181.444
380	1	508.904	19717.6	19706.3	11.2582	554	59	207	3	0.0001 Colloc0 554 2638 0.173231 159.277
390	1	522.433	19635	19623.3	11.6881	526	69	197	3	0.0001 Colloc0 526 2618 0.00542516 186.594
400	1	535.435	19683.9	19672.9	10.9474	545	56	210	4	0.0001 Colloc0 545 2657 0.170757 140.563
410	1	548.881	19649.9	19638	11.8828	543	64	202	3	0.0001 Colloc0 543 2633 0.0274973 199.464
420	1	562.472	19703.2	19691.7	11.4602	557	64	202	3	0.0001 Colloc0 557 2634 0.120282 171.912
430	1	576.14	19642.3	19630.7	11.6284	560	72	194	4	0.0001 Colloc0 560 2625 0.0659279 182.706
440	1	589.206	19579.2	19568	11.1709	541	77	189	2	0.0001 Colloc0 541 2647 0.0934294 153.925
450	1	602.661	19620.6	19609	11.5609	530	63	203	2	0.0001 Colloc0 530 2654 0.0562605 178.349
460	1	616.155	19640.9	19629	11.8618	527	69	197	6	0.0001 Colloc0 527 2682 0.0421116 198.056
470	1	629.459	19514	19502.7	11.2774	510	74	192	1	0.0001 Colloc0 510 2643 0.0591212 160.462
480	1	642.636	19768.9	19757.3	11.539	559	60	206	1	0.0001 Colloc0 559 2647 0.0852293 176.94
490	1	656.322	19608.8	19597.6	11.1973	553	66	200	3	0.0001 Colloc0 553 2619 0.128653 155.538
500	1	669.926	19637.4	19625.9	11.4597	541	71	195	1	0.0001 Colloc0 541 2659 0.0826581 171.884
510	1	683.561	19609.5	19597.7	11.7934	520	66	200	4	0.0001 Colloc0 520 2653 0.0111469 193.519
520	1	696.936	19547.8	19536.6	11.2903	526	63	203	4	0.0001 Colloc0 526 2640 0.0754257 161.257
530	1	710.362	19611.4	19600.3	11.1784	542	75	191	6	0.0001 Colloc0 542 2641 0.128001 154.386
540	1	723.575	19739.8	19728.7	11.0823	543	56	210	2	0.0001 Colloc0 543 2661 0.148114 148.573
550	1	736.67	19603.6	19592.3	11.2974	545	60	206	4	0.0001 Colloc0 545 2629 0.100261 161.697
560	1	749.962	19576	19563.9	12.086	532	66	200	1	0.0001 Colloc0 532 2650 0.0283574 213.19
570	1	763.182	19769.9	19758.3	11.6276	573	65	201	1	0.0001 Colloc0 573 2648 0.0957867 182.657
580	1	776.153	19624.4	19613	11.4724	534	64	202	3	0.0001 Colloc0 534 2643 0.0885903 172.692
590	1	789.079	19574.5	19563.1	11.3086	526	70	196	1	0.0001 Colloc0 526 2635 0.0801981 162.397
600	1	802.651	19535.1	19523.4	11.7495	534	77	189	2	0.0001 Colloc0 534 2632 0.0574241 190.62
610	1	816.333	19677.5	19666.2	11.3064	528	65	201	1	0.0001 Colloc0 528 2614 0.0602183 162.257
620	1	829.853	19637.3	19626	11.335	531	68	198	0	0.0001 Colloc0 531 2627 0.139973 164.035
630	1	843.476	19591.7	19580.3	11.407	535	65	201	4	0.0001 Colloc0 535 2635 0.0631481 168.549
640	1	856.636	19575.5	19564	11.5438	533	66	200	1	0.0001 Colloc0 533 2653 0.0701789 177.246
650	1	870.083	19681.1	19669.7	11.4079	539	67	199	2	0.0001 Colloc0 539 2642 0.0951472 168.608
660	1	883.981	19727.5	19715.6	11.8494	543	59	207	1	0.0001 Colloc0 543 2652 0.0121203 197.231
670	1	897.609	19410.4	19398.8	11.5747	509	79	187	3	0.0001 Colloc0 509 2653 0.00381201 179.235
680	1	911.424	19444.1	19433.2	10.83	551	79	187	1	0.0001 Colloc0 551 2646 0.180085 133.747
690	1	925.117	19523.2	19512.5	10.66	552	65	201	0	0.0001 Colloc0 552 2649 0.1821 124.134
700	1	939.053	19614.4	19603.9	10.424	528	68	198	2	0.0001 Colloc0 528 2654 0.199864 111.321
710	1	952.216	19576.5	19565.5	11.0014	534	79	187	0	0.0001 Colloc0 534 2666 0.0953515 143.749
720	1	965.489	19498.7	19487.5	11.2046	529	79	187	5	0.0001 Colloc0 529 2646 0.10387 155.981
730	1	978.734	19680.9	19669.3	11.5354	521	66	200	1	0.0001 Colloc0 521 2673 0.0572051 176.712
740	1	992.244	19561.4	19550	11.4618	517	74	192	4	0.0001 Colloc0 517 2636 0.0473246 172.016
750	1	1005.85	19520.2	19508.3	11.8945	532	61	205	3	0.0001 Colloc0 532 2611 0.0344986 200.241
760	1	1019.04	19546.5	19534.7	11.794	523	66	200	4	0.0001 Colloc0 523 2665 0.0231538 193.559
770	1	1032.14	19564	19552.5	11.5793	512	68	198	0	0.0001 Colloc0 512 2679 0.00785124 179.531
780	1	1045.43	19631	19619.2	11.8614	524	63	203	3	0.0001 Colloc0 524 2616 0.0326473 198.032
790	1	1058.86	19489.1	19477.9	11.1743	520	82	184	1	0.0001 Colloc0 520 2643 0.0894726 154.135
800	1	1072.38	19683.5	19672.1	11.41	548	68	198	1	0.0001 Colloc0 548 2672 0.1257 168.74
810	1	1085.93	19533.3	19521.8	11.444	553	72	194	2	0.0001 Colloc0 553 2588 0.137169 170.889
820	1	1099.59	19459.8	19449	10.8414	526	71	195	2	0.0001 Colloc0 526 2628 0.169986 134.403
830	1	1112.91	19609.5	19598.4	11.0558	536	64	202	3	0.0001 Colloc0 536 2658 0.136656 146.987
840	1	1126.02	19444.3	19433.3	10.9805	502	75	191	2	0.0001 Colloc0 502 2649 0.102891 142.515
850	1	1139.08	19403.1	19392.4	10.757	507	76	190	3	0.0001 Colloc0 507 2634 0.137198 129.579
860	1	1152.11	19423.4	19412	11.3383	508	66	200	1	0.0001 Colloc0 508 2625 0.0860675 164.244
870	1	1165.48	19465.4	19454.2	11.196	528	61	205	1	0.0001 Colloc0 528 2627 0.14575 155.46
880	1	1178.49	19545.1	19533.8	11.2435	538	71	195	2	0.0001 Colloc0 538 2661 0.0538777 158.367
890	1	1191.81	19402.2	19391.3	10.9732	517	86	180	1	0.0001 Colloc0 517 2638 0.179251 142.08
900	1	1205.2	19455.3	19444.1	11.1583	513	75	191	2	0.0001 Colloc0 513 2634 0.0844316 153.159
910	1	1218.73	19531.1	19519.6	11.4992	526	68	198	3	0.0001 Colloc0 526 2615 0.0801924 174.396
920	1	1231.9	19471.4	19460.1	11.2744	544	77	189	1	0.0001 Colloc0 544 2651 0.158258 160.273
930	1	1245.09	19590.7	19579.2	11.472	535	64	202	1	0.0001 Colloc0 535 2648 0.0831094 172.665
940	1	1258.62	19561.5	19550.2	11.2734	527	69	197	2	0.0001 Colloc0 527 2647 0.114659 160.214
950	1	1272.17	19362.8	19351.7	11.0954	504	79	187	2	0.0001 Colloc0 504 2656 0.0849106 149.358
960	1	1285.66	19534.4	19523.5	10.9455	541	67	199	1	0.0001 Colloc0 541 2645 0.163988 140.454
970	1	1299.02	19374	19362.9	11.0676	500	75	191	0	0.0001 Colloc0 500 2637 0.0944385 147.693
980	1	1312.43	19352.3	19341.6	10.6755	506	68	198	3	0.0001 Colloc0 506 2630 0.151052 124.998
990	1	1326.18	19462.6	19451.5	11.0872	520	65	201	2	0.0001 Colloc0 520 2643 0.0883924 148.868
1000	1	1339.94	19461.4	19449.8	11.6237	515	63	203	1	0.0001 Colloc0 515 2674 0.0350896 182.404
1010	1	1353.35	19475.4	19464.4	10.981	532	77	189	2	0.0001 Colloc0 532 2654 0.128304 142.542
1020	1	1366.95	19510.9	19499.4	11.4858	530	71	195	1	0.0001 Colloc0 530 2643 0.056181 173.539
1030	1	1380.41	19433	19422.2	10.782	523	77	189	3	0.0001 Colloc0 523 2666 0.120253 131.002
1040	1	1393.95	19502	19490.8	11.2249	525	65	201	0	0.0001 Colloc0 525 2641 0.110105 157.225
1050	1	1407.39	19522.3	19510.9	11.4317	538	60	206	3	0.0001 Colloc0 538 2659 0.0708039 170.106
1060	1	1420.7	19427.7	19416.7	10.9786	528	81	185	4	0.0001 Colloc0 528 2617 0.124858 142.402
1070	1	1434.28	19505.6	19494.8	10.8357	529	69	197	3	0.0001 Colloc0 529 2618 0.132802 134.076
1080	1	1447.62	19306.4	19295.7	10.6897	512	77	189	2	0.0001 Colloc0 512 2639 0.182369 125.79
1090	1	1461.11	19394.5	19383.7	10.7731	518	77	189	0	0.0001 Colloc0 518 2648 0.176169 130.492
1100	1	1474.39	19573.6	19562.2	11.4828	527	67	199	1	0.0001 Colloc0 527 2670 0.045044 173.349
1110	1	1487.04	19449.7	19438.5	11.188	518	70	196	2	0.0001 Colloc0 518 2665 0.0397464 154.969
1120	1	1500.41	19470.3	19459.1	11.2096	514	73	193	1	0.0001 Colloc0 514 2641 0.0636504 156.285
1130	1	1513.82	19480	19468.6	11.3581	523	72	194	1	0.0001 Colloc0 523 2639 0.0952551 165.479
1140	1	1526.51	19479.8	19468.3	11.4453	531	71	195	3	0.0001 Colloc0 531 2645 0.0576898 170.969
1150	1	1539.27	19504.3	19492.7	11.5558	524	65	201	4	0.0001 Colloc0 524 2645 0.0836166 178.016
1160	1	1552.78	19498.4	19487.7	10.6622	534	62	204	4	0.0001 Colloc0 534 2636 0.185711 124.258
1170	1	1565.84	19420.7	19408.9	11.7782	525	77	189	3	0.0001 Colloc0 525 2605 0.019576 192.51
1180	1	1579.53	19368	19356.9	11.0398	543	81	185	3	0.0001 Colloc0 543 2598 0.17351 146.028
1190	1	1593.24	19512.8	19501.2	11.6132	542	69	197	3	0.0001 Colloc0 542 2648 0.117274 181.723
1200	1	1606.92	19418.9	19408.4	10.5734	529	66	200	3	0.0001 Colloc0 529 2616 0.17249 119.357
1210	1	1620.55	19454.9	19444.1	10.8965	520	76	190	5	0.0001 Colloc0 520 2614 0.112487 137.591
1220	1	1633.66	19493.9	19483	10.9237	548	72	194	5	0.0001 Colloc0 548 2611 0.149603 139.178
1230	1	1646.49	19375.4	19364.9	10.463	538	85	181	1	0.0001 Colloc0 538 2604 0.23837 113.391
1240	1	1659.96	19358.6	19348	10.504	528	81	185	2	0.0001 Colloc0 528 2624 0.191202 115.594
1250	1	1673.35	19428.6	19417.8	10.8429	528	85	181	1	0.0001 Colloc0 528 2624 0.13203 134.491
1260	1	1686.69	19420.7	19409.4	11.2932	520	82	184	2	0.0001 Colloc0 520 2658 0.0364097 161.438
1270	1	1700.15	19375.6	19364.4	11.1872	518	71	195	2	0.0001 Colloc0 518 2618 0.0937652 154.917
1280	1	1713.69	19416.3	19405.4	10.8785	527	65	201	4	0.0001 Colloc0 527 2611 0.156243 136.548
1290	1	1727.06	19366.5	19354.8	11.6497	517	70	196	1	0.0001 Colloc0 517 2614 0.0230758 184.089
1300	1	1740.15	19401.2	19390.4	10.8141	527	80	186	0	0.0001 Colloc0 527 2612 0.165928 132.838
1310	1	1753.61	19521	19509.7	11.2771	519	68	198	4	0.0001 Colloc0 519 2660 0.113501 160.445
1320	1	1767.13	19350.3	19339.5	10.7913	519	81	185	3	0.0001 Colloc0 519 2617 0.185841 131.531
1330	1	1780.74	19431	19420.1	10.9538	527	72	194	1	0.0001 Colloc0 527 2633 0.183176 140.943
1340	1	1793.83	19483	19472.3	10.7949	521	64	202	5	0.0001 Colloc0 521 2624 0.148964 131.738
1350	1	1806.84	19536.9	19525	11.8683	520	66	200	4	0.0001 Colloc0 520 2669 0.0303018 198.492
1360	1	1820.32	19299	19287.5	11.5038	504	88	178	2	0.0001 Colloc0 504 2583 0.0211825 174.686
1370	1	1833.74	19591.5	19580.4	11.128	525	68	198	1	0.0001 Colloc0 525 2641 0.112983 151.327
1380	1	1847.28	19286	19275.1	10.8823	513	81	185	3	0.0001 Colloc0 513 2610 0.18263 136.768
1390	1	1860.32	19401.7	19390.9	10.8343	520	74	192	3	0.0001 Colloc0 520 2607 0.129558 133.997
1400	1	1873.5	19382.3	19371.5	10.783	511	80	186	0	0.0001 Colloc0 511 2603 0.117363 131.057
1410	1	1886.97	19426.7	19415.9	10.7658	514	77	189	2	0.0001 Colloc0 514 2615 0.162145 130.078
1420	1	1899.97	19414.6	19403.4	11.2344	518	73	193	6	0.0001 Colloc0 518 2613 0.113626 157.812
1430	1	1913.07	19338.1	19327.1	11.0309	516	83	183	5	0.0001 Colloc0 516 2609 0.142136 145.498
1440	1	1926.74	19473.3	19462.3	10.982	532	66	200	3	0.0001 Colloc0 532 2602 0.140286 142.604
1450	1	1940.28	19460.6	19448.9	11.6298	516	71	195	3	0.0001 Colloc0 516 2624 0.0228418 182.795
1460	1	1953.29	19363.8	19352.4	11.4013	518	78	188	2	0.0001 Colloc0 518 2581 0.115387 168.193
1470	1	1966.47	19421.5	19409.7	11.7871	526	77	189	4	0.0001 Colloc0 526 2603 0.0339224 193.102
1480	1	1979.62	19388	19377.3	10.7284	531	80	186	1	0.0001 Colloc0 531 2617 0.172 127.966
1490	1	1992.94	19405.6	19393.9	11.6656	510	86	180	1	0.0001 Colloc0 510 2616 0.0174363 185.126
1500	1	2006.04	19400.3	19389.2	11.0857	529	71	195	1	0.0001 Colloc0 529 2614 0.101099 148.777
1510	1	2019.12	19409.2	19397.7	11.4764	513	74	192	1	0.0001 Colloc0 513 2636 0.0616957 172.945
1520	1	2031.86	19426.5	19415.3	11.1784	516	66	200	3	0.0001 Colloc0 516 2595 0.101544 154.382
1530	1	2044.97	19482.3	19470.6	11.6831	537	67	199	1	0.0001 Colloc0 537 2640 0.0183609 186.266
1540	1	2058.23	19444.1	19432.7	11.4551	524	71	195	0	0.0001 Colloc0 524 2642 0.0804493 171.592
1550	1	2070.96	19405.2	19394.3	10.9142	531	81	185	0	0.0001 Colloc0 531 2588 0.118283 138.625
1560	1	2083.95	19479.9	19468.2	11.618	528	67	199	6	0.0001 Colloc0 528 2626 0.0270554 182.034
1570	1	2097.09	19565.6	19553.4	12.1646	542	67	199	2	0.0001 Colloc0 542 2622 0.0205998 218.582
1580	1	2109.74	19444.8	19433.5	11.2061	515	68	198	0	0.0001 Colloc0 515 2631 0.110721 156.072
1590	1	2122.46	19437.6	19426.2	11.4857	513	77	189	1	0.0001 Colloc0 513 2624 0.0738923 173.538
1600	1	2134.98	19448.1	19437.1	10.915	505	77	189	5	0.0001 Colloc0 505 2648 0.147379 138.668
1610	1	2147.35	19424.1	19412.8	11.2865	532	68	198	3	0.0001 Colloc0 532 2646 0.0886615 161.026
1620	1	2159.92	19492.4	19482	10.4246	533	70	196	1	0.0001 Colloc0 533 2638 0.221091 111.352
1630	1	2172.19	19361.8	19351.4	10.384	522	83	183	3	0.0001 Colloc0 522 2641 0.220524 109.214
1640	1	2184.53	19443	19432.4	10.6496	534	69	197	5	0.0001 Colloc0 534 2631 0.159149 123.552
1650	1	2196.48	19536.1	19524.8	11.3051	528	63	203	6	0.0001 Colloc0 528 2632 0.124513 162.176
1660	1	2208.57	19467.2	19456.4	10.7764	510	69	197	4	0.0001 Colloc0 510 2655 0.168814 130.68
1670	1	2220.32	19296	19285.2	10.7556	523	84	182	3	0.0001 Colloc0 523 2611 0.158075 129.504
1680	1	2232.27	19355.6	19344.3	11.3452	518	85	181	4	0.0001 Colloc0 518 2646 0.0042744 164.671
1690	1	2243.99	19440	19429	11.0085	537	73	193	0	0.0001 Colloc0 537 2632 0.123426 144.172
1700	1	2256.05	19445.7	19434.8	10.9103	521	76	190	4	0.0001 Colloc0 521 2607 0.188961 138.397
1710	1	2267.8	19404	19393.2	10.821	504	71	195	2	0.0001 Colloc0 504 2600 0.11677 133.23
1720	1	2279.64	19484.1	19472.8	11.2318	518	64	202	1	0.0001 Colloc0 518 2641 0.0612764 157.65
1730	1	2291.47	19566.3	19554.9	11.3732	535	73	193	2	0.0001 Colloc0 535 2633 0.0736704 166.426
1740	1	2303.17	19587.1	19575.7	11.3677	520	63	203	0	0.0001 Colloc0 520 2645 0.0755028 166.078
1750	1	2315.04	19426.5	19415.6	10.9001	518	72	194	2	0.0001 Colloc0 518 2636 0.136495 137.8
1760	1	2326.8	19482.7	19471.1	11.6052	526	68	198	1	0.0001 Colloc0 526 2624 0.0233639 181.205
1770	1	2338.62	19496.5	19484.7	11.7151	516	78	188	3	0.0001 Colloc0 516 2658 0.00837927 188.363
1780	1	2350.35	19349.8	19338.8	11.0318	527	86	180	5	0.0001 Colloc0 527 2617 0.108 145.554
1790	1	2362.23	19294.4	19283.2	11.1885	524	93	173	3	0.0001 Colloc0 524 2599 0.10701 155
1800	1	2374.07	19369.1	19357.8	11.2639	528	77	189	2	0.0001 Colloc0 528 2631 0.13929 159.624
1810	1	2386.04	19457	19446.2	10.7763	524	76	190	0	0.0001 Colloc0 524 2612 0.134212 130.675
1820	1	2398	19340.1	19329.4	10.6378	522	84	182	1	0.0001 Colloc0 522 2638 0.168217 122.903
1830	1	2409.81	19399.6	19388.4	11.1622	515	79	187	1	0.0001 Colloc0 515 2621 0.0736937 153.396
1840	1	2421.75	19440.3	19429.4	10.9321	534	72	194	0	0.0001 Colloc0 534 2621 0.141489 139.67
1850	1	2433.47	19462.8	19451.5	11.3109	535	68	198	3	0.0001 Colloc0 535 2632 0.119142 162.539
1860	1	2445.37	19298.3	19287.3	10.9959	525	82	184	2	0.0001 Colloc0 525 2631 0.12165 143.425
1870	1	2457.16	19441.7	19430	11.7687	534	70	196	1	0.0001 Colloc0 534 2615 0.028841 191.884
1880	1	2468.79	19479.6	19468.1	11.4528	530	74	192	0	0.0001 Colloc0 530 2629 0.0727581 171.446
1890	1	2480.84	19417.1	19405.8	11.2952	522	66	200	1	0.0001 Colloc0 522 2610 0.0769281 161.562
1900	1	2492.54	19349	19338.3	10.6952	525	78	188	2	0.0001 Colloc0 525 2600 0.2112 126.098
1910	1	2504.33	19453.3	19442.8	10.4855	549	70	196	1	0.0001 Colloc0 549 2631 0.230435 114.594
1920	1	2515.94	19296.6	19285.8	10.7689	517	80	186	2	0.0001 Colloc0 517 2590 0.13852 130.255
1930	1	2527.68	19339.3	19328.6	10.7379	507	76	190	0	0.0001 Colloc0 507 2629 0.146383 128.502
1940	1	2539.37	19294.4	19283.8	10.5783	520	87	179	1	0.0001 Colloc0 520 2615 0.208707 119.623
1950	1	2551.08	19312.3	19301	11.2804	503	76	190	1	0.0001 Colloc0 503 2618 0.0774948 160.645
1960	1	2562.7	19384.2	19372.9	11.2201	529	80	186	0	0.0001 Colloc0 529 2632 0.0785256 156.93
1970	1	2574.51	19403.3	19392	11.2368	523	79	187	2	0.0001 Colloc0 523 2616 0.0549505 157.955
1980	1	2585.57	19355.7	19344.4	11.2492	528	76	190	0	0.0001 Colloc0 528 2610 0.139035 158.722
1990	1	2596.54	19411.6	19400.2	11.3383	501	74	192	4	0.0001 Colloc0 501 2621 0.0461948 164.241
2000	1	2606.58	19336	19324.7	11.2704	519	78	188	0	0.0001 Colloc0 519 2630 0.0922965 160.03
