# D = 0, E = 1, I = 1, P = 1, R = -1, n = 2000, N = 1, P = 1, w = 1, a = 0.0001, b = 10000, e = 1, f = 1, g = 100, h = 0.01, r = 16546, s = 1, S = 0, x = 10, m = 100, Z = 1, z = 0, T = 1, t = 1
# 9091 tokens in 824 sentences
#
# It	Temp	Time	-logP	-logPcorpus	-logPrior	tables	same	changed	reject	default_pya	(parent pym pyn pya pyb)*
0	1	0.691894	33442.2	33328.4	113.764	1873	0	824	0	0.0001 Colloc0 1873 3202 0.0001 10000
10	1	10.3524	26729.9	26717.4	12.4663	649	372	452	0	0.0001 Colloc0 649 3435 0.0135356 239.64
20	1	19.545	26356	26343.9	12.1156	614	399	425	4	0.0001 Colloc0 614 3443 0.00796093 215.212
30	1	28.4767	26347.7	26335.7	11.9832	603	405	419	1	0.0001 Colloc0 603 3450 0.00091831 206.208
40	1	37.4723	26141.7	26130.3	11.4152	561	429	395	1	0.0001 Colloc0 561 3455 0.0239696 169.065
50	1	46.4999	25825	25813.2	11.7866	584	473	351	2	0.0001 Colloc0 584 3404 0.0198572 193.066
60	1	55.6415	25974	25962.5	11.5006	585	458	366	1	0.0001 Colloc0 585 3424 0.0215957 174.483
70	1	64.6442	25823.7	25812.3	11.4262	570	462	362	0	0.0001 Colloc0 570 3410 0.0470991 169.761
80	1	73.6708	25711	25699.7	11.3199	575	488	336	1	0.0001 Colloc0 575 3397 0.0584263 163.095
90	1	82.7044	25769.2	25757.8	11.3301	569	493	331	0	0.0001 Colloc0 569 3435 0.0738555 163.733
100	1	91.835	25633.8	25622.5	11.2933	567	488	336	1	0.0001 Colloc0 567 3419 0.0867679 161.447
110	1	100.683	25662.3	25650.7	11.5991	569	484	340	1	0.0001 Colloc0 569 3414 0.0313308 180.808
120	1	109.736	25735.4	25723.7	11.6377	570	482	342	4	0.0001 Colloc0 570 3424 0.00998563 183.309
130	1	118.649	25630.6	25619	11.6814	581	500	324	1	0.0001 Colloc0 581 3407 0.0158379 186.155
140	1	127.518	25625.7	25614.3	11.32	580	481	343	1	0.0001 Colloc0 580 3386 0.0276616 163.101
150	1	136.696	25543.9	25532.6	11.2969	601	496	328	2	0.0001 Colloc0 601 3340 0.0735727 161.666
160	1	145.64	25531.7	25519.8	11.9011	576	514	310	1	0.0001 Colloc0 576 3382 0.0271535 200.686
170	1	154.6	25594.4	25582.6	11.7881	587	514	310	3	0.0001 Colloc0 587 3378 0.0294391 193.165
180	1	163.836	25518.8	25507	11.8023	581	512	312	1	0.0001 Colloc0 581 3359 0.0695751 194.105
190	1	172.821	25459.2	25447.7	11.5311	559	497	327	2	0.0001 Colloc0 559 3365 0.053122 176.436
200	1	181.649	25495	25483.5	11.4136	568	503	321	1	0.0001 Colloc0 568 3363 0.0404625 168.964
210	1	190.579	25413.5	25401.8	11.7299	589	530	294	3	0.0001 Colloc0 589 3345 0.0458241 189.329
220	1	199.532	25461.6	25449.9	11.6969	571	515	309	2	0.0001 Colloc0 571 3367 0.0282265 187.166
230	1	208.506	25428	25416.7	11.3246	583	544	280	1	0.0001 Colloc0 583 3357 0.128336 163.391
240	1	217.675	25445.1	25433.4	11.7011	562	516	308	2	0.0001 Colloc0 562 3355 0.0173847 187.44
250	1	226.888	25530.7	25518.8	11.8745	578	505	319	1	0.0001 Colloc0 578 3348 0.0225404 198.906
260	1	235.893	25455.3	25443.7	11.5442	553	524	300	3	0.0001 Colloc0 553 3364 0.0281334 177.276
270	1	244.883	25480.6	25468.9	11.6756	575	504	320	2	0.0001 Colloc0 575 3343 0.0250883 185.778
280	1	253.838	25588	25576.9	11.063	588	460	364	3	0.0001 Colloc0 588 3342 0.0953814 147.415
290	1	262.946	25356.3	25344.7	11.5323	592	496	328	4	0.0001 Colloc0 592 3306 0.0711093 176.51
300	1	271.858	25390.1	25378.6	11.4654	581	504	320	2	0.0001 Colloc0 581 3306 0.0170172 172.242
310	1	280.875	25387.9	25376	11.9313	578	525	299	4	0.0001 Colloc0 578 3309 0.0300209 202.713
320	1	289.915	25230.1	25218.2	11.9488	566	545	279	3	0.0001 Colloc0 566 3321 0.0595272 203.887
330	1	298.841	25242.5	25231.3	11.2044	571	525	299	2	0.0001 Colloc0 571 3303 0.0908631 155.969
340	1	307.994	25179.2	25167.8	11.3099	563	564	260	1	0.0001 Colloc0 563 3326 0.0556672 162.478
350	1	317.131	25330.4	25318.8	11.6184	577	519	305	1	0.0001 Colloc0 577 3305 0.0643379 182.06
360	1	326.225	25431.7	25420	11.6875	566	504	320	2	0.0001 Colloc0 566 3333 0.0114178 186.551
370	1	335.437	25439.4	25427.8	11.5758	572	500	324	1	0.0001 Colloc0 572 3314 0.0633512 179.304
380	1	344.482	25528.1	25516.2	11.9481	582	475	349	2	0.0001 Colloc0 582 3333 0.0117218 203.84
390	1	353.508	25340.4	25328.7	11.6447	553	503	321	2	0.0001 Colloc0 553 3325 0.0239869 183.766
400	1	362.751	25287.6	25275.9	11.749	559	526	298	1	0.0001 Colloc0 559 3320 0.00179496 190.587
410	1	371.853	25183.5	25171.7	11.8255	547	551	273	1	0.0001 Colloc0 547 3295 1.11883e-05 195.645
420	1	380.935	25319.2	25307.5	11.7063	586	497	327	3	0.0001 Colloc0 586 3288 0.0203475 187.78
430	1	390.134	25251.6	25240.5	11.1159	552	515	309	2	0.0001 Colloc0 552 3298 0.0451919 150.592
440	1	399.298	25218.6	25206.9	11.6973	564	517	307	2	0.0001 Colloc0 564 3309 0.00822903 187.194
450	1	408.41	25275.2	25263.7	11.5156	564	518	306	1	0.0001 Colloc0 564 3307 0.0500821 175.444
460	1	417.532	25336.8	25325.6	11.2649	570	506	318	2	0.0001 Colloc0 570 3318 0.055996 159.689
470	1	426.606	25197	25184.8	12.181	576	541	283	1	0.0001 Colloc0 576 3311 0.00178445 219.711
480	1	435.763	25153.7	25142.4	11.2606	562	529	295	3	0.0001 Colloc0 562 3283 0.0691344 159.424
490	1	444.873	25208	25196.6	11.3944	579	526	298	2	0.0001 Colloc0 579 3256 0.0417395 167.757
500	1	454.099	25145.6	25134.2	11.3944	564	566	258	3	0.0001 Colloc0 564 3313 0.0637918 167.755
510	1	463.139	25253.9	25242.5	11.4013	585	535	289	1	0.0001 Colloc0 585 3299 0.0978106 168.191
520	1	472.072	25279.1	25267.3	11.8174	583	525	299	1	0.0001 Colloc0 583 3285 0.0450005 195.103
530	1	481.022	25337.4	25325.3	12.1051	580	501	323	1	0.0001 Colloc0 580 3334 0.0183834 214.496
540	1	489.915	25271.6	25259.9	11.7264	572	502	322	1	0.0001 Colloc0 572 3295 0.0322289 189.104
550	1	498.867	25189.2	25177.9	11.3076	576	524	300	1	0.0001 Colloc0 576 3290 0.0831029 162.332
560	1	507.686	25086.5	25075.1	11.4569	560	531	293	4	0.0001 Colloc0 560 3308 0.0432927 171.706
570	1	516.631	25102.8	25091.5	11.3241	560	528	296	4	0.0001 Colloc0 560 3287 0.0784583 163.356
580	1	525.444	25036.8	25025.4	11.4322	554	535	289	2	0.0001 Colloc0 554 3305 0.0685577 170.14
590	1	534.584	25134.3	25122.6	11.7092	570	519	305	1	0.0001 Colloc0 570 3289 0.0163851 187.976
600	1	543.782	25211.8	25199.9	11.9095	587	500	324	2	0.0001 Colloc0 587 3290 0.0195877 201.251
610	1	552.791	25144.2	25133	11.2032	561	516	308	1	0.0001 Colloc0 561 3280 0.0673884 155.896
620	1	561.727	25016.6	25005.1	11.4343	558	526	298	2	0.0001 Colloc0 558 3278 0.025851 170.271
630	1	570.833	25042	25030.3	11.7289	562	534	290	3	0.0001 Colloc0 562 3272 0.0467812 189.266
640	1	579.976	25004.1	24992.9	11.1694	545	549	275	2	0.0001 Colloc0 545 3288 0.0612756 153.833
650	1	589.099	25092.9	25081.3	11.6226	565	542	282	2	0.0001 Colloc0 565 3269 0.0182858 182.332
660	1	598.136	25148	25136.7	11.292	559	516	308	3	0.0001 Colloc0 559 3290 0.0152411 161.364
670	1	607.254	25007.3	24995.9	11.3978	567	567	257	2	0.0001 Colloc0 567 3281 0.0731587 167.971
680	1	616.202	25024.4	25013.5	10.9197	557	546	278	1	0.0001 Colloc0 557 3259 0.0772058 138.945
690	1	625.157	25202.6	25191	11.6389	583	536	288	1	0.0001 Colloc0 583 3289 0.0824265 183.385
700	1	633.968	25186.6	25174.9	11.6734	566	536	288	2	0.0001 Colloc0 566 3294 0.0329519 185.634
710	1	642.988	25111.9	25099.9	12.0002	571	529	295	2	0.0001 Colloc0 571 3277 0.000581759 207.356
720	1	652.159	25143.2	25131.6	11.6048	582	523	301	3	0.0001 Colloc0 582 3260 0.000502682 181.18
730	1	661.245	25158	25145.9	12.0386	568	511	313	3	0.0001 Colloc0 568 3261 0.00643878 209.96
740	1	670.322	25131.2	25119.7	11.4645	559	538	286	3	0.0001 Colloc0 559 3267 0.0194413 172.186
750	1	679.188	25142	25130.2	11.8172	554	547	277	3	0.0001 Colloc0 554 3300 0.000137722 195.089
760	1	688.324	25045.6	25033.9	11.7419	556	520	304	3	0.0001 Colloc0 556 3286 0.00625071 190.118
770	1	697.457	25091.3	25079.8	11.4201	569	542	282	2	0.0001 Colloc0 569 3279 0.0775475 169.376
780	1	706.596	25060.2	25048.7	11.4968	563	511	313	2	0.0001 Colloc0 563 3280 0.0338432 174.24
790	1	715.549	25061.6	25050	11.6325	546	535	289	1	0.0001 Colloc0 546 3308 0.011331 182.971
800	1	724.676	25090.7	25079.4	11.2808	551	537	287	1	0.0001 Colloc0 551 3269 0.0667277 160.672
810	1	733.687	25090	25078.8	11.1621	562	532	292	2	0.0001 Colloc0 562 3264 0.0786938 153.39
820	1	742.578	25129.3	25117.4	11.882	559	520	304	1	0.0001 Colloc0 559 3288 0.00562379 199.408
830	1	751.397	25211.6	25199.9	11.6371	566	528	296	2	0.0001 Colloc0 566 3299 0.0445916 183.273
840	1	760.297	25172.1	25160.5	11.566	575	515	309	3	0.0001 Colloc0 575 3274 0.0347551 178.673
850	1	769.437	25002	24991.2	10.7932	560	545	279	1	0.0001 Colloc0 560 3264 0.0923807 131.641
860	1	778.408	25048.9	25037.6	11.2826	567	551	273	4	0.0001 Colloc0 567 3265 0.0571825 160.78
870	1	787.286	25060.6	25049.3	11.2876	563	540	284	1	0.0001 Colloc0 563 3263 0.0503581 161.089
880	1	796.358	25105.2	25093.9	11.2506	560	546	278	1	0.0001 Colloc0 560 3302 0.071594 158.806
890	1	805.263	25083.4	25071.7	11.6454	556	516	308	2	0.0001 Colloc0 556 3268 0.0243514 183.809
900	1	814.405	25153.1	25141.8	11.3253	588	521	303	2	0.0001 Colloc0 588 3287 0.0542124 163.435
910	1	823.521	25115.4	25104.3	11.1151	549	533	291	2	0.0001 Colloc0 549 3276 0.074103 150.544
920	1	832.328	25008.2	24996.6	11.5987	550	565	259	2	0.0001 Colloc0 550 3289 0.00540638 180.786
930	1	841.299	25153.2	25141.5	11.7312	572	535	289	2	0.0001 Colloc0 572 3264 0.00119984 189.416
940	1	850.343	25135.2	25123	12.1304	573	530	294	2	0.0001 Colloc0 573 3275 0.021497 216.232
950	1	859.262	25031	25019.7	11.3525	563	540	284	1	0.0001 Colloc0 563 3255 0.0668663 165.131
960	1	868.1	25071.2	25059.4	11.7857	562	539	285	3	0.0001 Colloc0 562 3263 0.0124008 193.009
970	1	877.183	25113.5	25101.9	11.6057	573	531	293	1	0.0001 Colloc0 573 3275 0.0786662 181.238
980	1	886.141	24985.5	24974	11.4845	546	548	276	2	0.0001 Colloc0 546 3263 0.0511558 173.459
990	1	895.158	25024.4	25013.2	11.188	561	512	312	4	0.0001 Colloc0 561 3262 0.104206 154.968
1000	1	904.276	25048.9	25037.4	11.4843	554	536	288	1	0.0001 Colloc0 554 3269 0.0414935 173.446
1010	1	913.393	25011	25000	11.0017	547	536	288	1	0.0001 Colloc0 547 3277 0.116729 143.767
1020	1	922.622	25027	25015.1	11.9531	569	559	265	1	0.0001 Colloc0 569 3277 0.000597208 204.175
1030	1	931.853	25071.4	25059.7	11.6999	554	515	309	1	0.0001 Colloc0 554 3281 0.0178596 187.366
1040	1	940.963	25144.9	25133.1	11.807	561	526	298	1	0.0001 Colloc0 561 3286 0.0326034 194.415
1050	1	950.011	24978.3	24967	11.2743	556	520	304	2	0.0001 Colloc0 556 3264 0.0723748 160.267
1060	1	959.07	24989.7	24978	11.6683	558	555	269	1	0.0001 Colloc0 558 3260 0.00631656 185.299
1070	1	968.25	24980	24968.7	11.2828	553	548	276	3	0.0001 Colloc0 553 3256 0.0628878 160.795
1080	1	977.248	24996	24984.7	11.2403	551	533	291	2	0.0001 Colloc0 551 3285 0.0247808 158.171
1090	1	986.51	24969.6	24958.2	11.3913	565	547	277	2	0.0001 Colloc0 565 3229 0.0900517 167.561
1100	1	995.504	24953.7	24942	11.6666	563	541	283	2	0.0001 Colloc0 563 3247 0.0250041 185.189
1110	1	1004.75	24966.2	24955	11.19	554	537	287	1	0.0001 Colloc0 554 3261 0.0701974 155.092
1120	1	1014.01	24953	24941.8	11.1466	558	533	291	1	0.0001 Colloc0 558 3246 0.0890363 152.448
1130	1	1023.14	24928.9	24918	10.9318	544	543	281	2	0.0001 Colloc0 544 3265 0.0829477 139.652
1140	1	1032.21	24965.5	24953.6	11.9179	552	540	284	1	0.0001 Colloc0 552 3277 0.0239941 201.813
1150	1	1041.11	25004.8	24993.5	11.374	569	516	308	3	0.0001 Colloc0 569 3240 0.0665202 166.477
1160	1	1049.92	24862.4	24850.8	11.5683	550	560	264	1	0.0001 Colloc0 550 3222 0.0335685 178.822
1170	1	1058.74	24916.9	24905.5	11.4485	535	545	279	3	0.0001 Colloc0 535 3254 0.0606275 171.175
1180	1	1067.59	25044.9	25032.8	12.0256	575	518	306	2	0.0001 Colloc0 575 3234 0.0116895 209.081
1190	1	1076.5	24935	24923.9	11.0738	542	550	274	3	0.0001 Colloc0 542 3268 0.0740122 148.061
1200	1	1085.56	24969.3	24957.6	11.6358	550	530	294	1	0.0001 Colloc0 550 3268 0.0320839 183.189
1210	1	1094.57	24971.7	24960	11.7163	549	525	299	3	0.0001 Colloc0 549 3254 0.00902301 188.44
1220	1	1103.54	25009.7	24998.2	11.5136	573	540	284	3	0.0001 Colloc0 573 3269 0.0349404 175.317
1230	1	1112.56	24873.7	24862.6	11.1277	564	549	275	3	0.0001 Colloc0 564 3243 0.0997353 151.305
1240	1	1121.5	24980.2	24968.6	11.602	561	543	281	1	0.0001 Colloc0 561 3273 0.0215127 180.995
1250	1	1130.52	24891	24879.4	11.6198	566	559	265	1	0.0001 Colloc0 566 3238 0.0342134 182.15
1260	1	1139.42	24877.5	24865.9	11.5785	558	547	277	1	0.0001 Colloc0 558 3244 0.0304712 179.479
1270	1	1148.46	24942.7	24931.4	11.2993	560	511	313	2	0.0001 Colloc0 560 3229 0.0138749 161.816
1280	1	1157.53	25024.4	25013	11.4089	566	521	303	3	0.0001 Colloc0 566 3250 0.0731977 168.672
1290	1	1166.67	24975	24963.3	11.7465	577	520	304	3	0.0001 Colloc0 577 3216 0.0615934 190.424
1300	1	1175.87	24760.5	24749.6	10.9114	569	569	255	2	0.0001 Colloc0 569 3217 0.126691 138.457
1310	1	1184.84	24888.2	24877.2	11.0236	556	541	283	3	0.0001 Colloc0 556 3231 0.127336 145.064
1320	1	1194.05	24940.8	24929.8	10.9579	552	503	321	2	0.0001 Colloc0 552 3226 0.139263 141.18
1330	1	1203.13	24860.6	24848.8	11.7846	544	515	309	3	0.0001 Colloc0 544 3224 0.0203248 192.936
1340	1	1212.18	24797.9	24786	11.9413	565	543	281	2	0.0001 Colloc0 565 3214 0.00875279 203.381
1350	1	1221.12	24852.9	24841.6	11.2843	565	566	258	1	0.0001 Colloc0 565 3253 0.0550146 160.888
1360	1	1230.04	24869.1	24858.3	10.8821	565	541	283	4	0.0001 Colloc0 565 3209 0.0822456 136.753
1370	1	1238.92	24807.1	24795.7	11.3822	561	556	268	1	0.0001 Colloc0 561 3221 0.0976273 166.991
1380	1	1247.72	24881.6	24870.2	11.4229	561	542	282	4	0.0001 Colloc0 561 3217 0.0195366 169.552
1390	1	1256.69	24802.8	24791.4	11.3286	563	564	260	2	0.0001 Colloc0 563 3217 0.0969933 163.641
1400	1	1265.8	24895	24883.6	11.4029	571	532	292	3	0.0001 Colloc0 571 3192 0.0513197 168.29
1410	1	1274.95	24733.5	24722	11.4353	567	581	243	3	0.0001 Colloc0 567 3186 0.0669566 170.337
1420	1	1283.98	24845.2	24833.8	11.3884	583	561	263	4	0.0001 Colloc0 583 3191 0.0896336 167.38
1430	1	1292.96	24824.8	24813.2	11.5684	571	548	276	1	0.0001 Colloc0 571 3202 0.0815762 178.831
1440	1	1301.77	24756.5	24744.8	11.6716	566	559	265	2	0.0001 Colloc0 566 3196 0.0531187 185.514
1450	1	1310.96	24792.3	24780.8	11.4552	570	548	276	2	0.0001 Colloc0 570 3192 0.0573519 171.598
1460	1	1320	24710.1	24699.1	10.9826	565	586	238	1	0.0001 Colloc0 565 3201 0.112177 142.638
1470	1	1329.18	24888.1	24876.9	11.1479	575	554	270	1	0.0001 Colloc0 575 3214 0.111623 152.528
1480	1	1338.37	24822.5	24810.8	11.7073	554	540	284	4	0.0001 Colloc0 554 3198 0.029364 187.847
1490	1	1347.43	24807.1	24795.7	11.3627	570	559	265	4	0.0001 Colloc0 570 3212 0.0615179 165.768
1500	1	1356.41	24847.9	24836.3	11.6214	557	542	282	2	0.0001 Colloc0 557 3215 0.00431398 182.254
1510	1	1365.31	24859.8	24848.5	11.3394	559	550	274	2	0.0001 Colloc0 559 3223 0.0368292 164.311
1520	1	1374.15	24715.3	24704	11.3046	555	560	264	1	0.0001 Colloc0 555 3201 0.0696519 162.143
1530	1	1383.06	24762.9	24751.7	11.1548	557	565	259	2	0.0001 Colloc0 557 3203 0.084347 152.95
1540	1	1392.24	24816.2	24804.6	11.6035	558	564	260	2	0.0001 Colloc0 558 3212 0.0193745 181.093
1550	1	1401.35	24909.2	24897.4	11.7679	571	534	290	2	0.0001 Colloc0 571 3206 0.0214553 191.835
1560	1	1410.46	24800	24788.2	11.8606	568	532	292	1	0.0001 Colloc0 568 3186 0.022496 197.976
1570	1	1419.55	24928.2	24916.5	11.707	565	516	308	3	0.0001 Colloc0 565 3220 0.0235359 187.831
1580	1	1428.54	24782.7	24771.4	11.2509	557	559	265	1	0.0001 Colloc0 557 3209 0.0843788 158.826
1590	1	1437.41	24741.2	24729.3	11.9168	562	563	261	4	0.0001 Colloc0 562 3208 0.0155453 201.737
1600	1	1446.22	24807.6	24795.9	11.7138	561	542	282	2	0.0001 Colloc0 561 3207 0.00934086 188.277
1610	1	1455.27	24873.9	24862.1	11.7877	567	539	285	2	0.0001 Colloc0 567 3229 0.0161707 193.136
1620	1	1464.23	24884.3	24872.5	11.8073	567	559	265	1	0.0001 Colloc0 567 3224 0.0132312 194.434
1630	1	1473.14	24822.7	24811.3	11.4217	558	554	270	1	0.0001 Colloc0 558 3232 0.0220094 169.48
1640	1	1482.03	25011.2	24999.6	11.6043	583	514	310	1	0.0001 Colloc0 583 3216 0.0949357 181.147
1650	1	1490.75	24951.4	24939.9	11.5377	574	492	332	2	0.0001 Colloc0 574 3211 0.0675209 176.86
1660	1	1499.65	24881.7	24869.9	11.7106	570	540	284	1	0.0001 Colloc0 570 3211 0.0320554 188.063
1670	1	1508.69	24798.9	24787.3	11.5778	554	571	253	3	0.0001 Colloc0 554 3229 0.0191491 179.437
1680	1	1517.69	24732.2	24721.1	11.0874	563	572	252	2	0.0001 Colloc0 563 3233 0.0963834 148.875
1690	1	1526.58	24837.5	24826.3	11.2432	565	542	282	1	0.0001 Colloc0 565 3219 0.0540591 158.347
1700	1	1535.54	24809.9	24798.5	11.3965	566	573	251	2	0.0001 Colloc0 566 3202 0.0818634 167.887
1710	1	1544.64	24778.2	24766.5	11.6966	569	549	275	1	0.0001 Colloc0 569 3217 0.0347429 187.148
1720	1	1553.47	24654.5	24643.4	11.1731	550	586	238	1	0.0001 Colloc0 550 3202 0.0509293 154.059
1730	1	1562.3	24797.2	24785.7	11.5931	560	558	266	3	0.0001 Colloc0 560 3243 0.0619103 180.422
1740	1	1571.21	24899.4	24888	11.3652	561	535	289	3	0.0001 Colloc0 561 3223 0.0596011 165.923
1750	1	1580.31	24898.1	24887.2	10.8921	557	544	280	2	0.0001 Colloc0 557 3217 0.156975 137.336
1760	1	1589.43	24855.1	24843.6	11.5114	563	548	276	2	0.0001 Colloc0 563 3216 0.0429609 175.174
1770	1	1598.33	24805.9	24794.1	11.8011	564	548	276	2	0.0001 Colloc0 564 3216 0.0259942 194.023
1780	1	1607.19	24883.3	24872.2	11.1063	556	526	298	3	0.0001 Colloc0 556 3230 0.0626914 150.016
1790	1	1616	24884.1	24872.5	11.603	561	522	302	3	0.0001 Colloc0 561 3215 0.0290172 181.061
1800	1	1624.97	24678.1	24666.5	11.5872	563	542	282	3	0.0001 Colloc0 563 3178 0.0540685 180.042
1810	1	1633.82	24757.1	24745.4	11.7151	560	551	273	4	0.0001 Colloc0 560 3204 0.000184354 188.361
1820	1	1642.71	24757.9	24746	11.9421	552	532	292	2	0.0001 Colloc0 552 3191 0.00232553 203.437
1830	1	1651.59	24686.2	24675.2	11.0114	552	564	260	4	0.0001 Colloc0 552 3197 0.0620596 144.341
1840	1	1660.54	24741	24729.8	11.2411	562	547	277	4	0.0001 Colloc0 562 3217 0.0901527 158.218
1850	1	1669.63	24709.7	24698.3	11.4708	557	551	273	1	0.0001 Colloc0 557 3201 0.0723541 172.589
1860	1	1678.51	24784.8	24773	11.7316	577	537	287	2	0.0001 Colloc0 577 3194 0.0241136 189.442
1870	1	1687.27	24678	24667.4	10.6444	551	566	258	5	0.0001 Colloc0 551 3175 0.186298 123.264
1880	1	1696.13	24689.9	24678.7	11.2473	564	556	268	3	0.0001 Colloc0 564 3185 0.0822548 158.603
1890	1	1704.82	24615.6	24603.6	11.9261	562	558	266	2	0.0001 Colloc0 562 3165 0.0113714 202.36
1900	1	1713.7	24634.9	24623.3	11.5197	558	549	275	2	0.0001 Colloc0 558 3173 0.0299111 175.707
1910	1	1722.43	24664	24652.8	11.2473	559	543	281	4	0.0001 Colloc0 559 3193 0.0452283 158.602
1920	1	1731.27	24619.2	24607.5	11.6814	560	571	253	3	0.0001 Colloc0 560 3183 0.04993 186.158
1930	1	1740.17	24568.9	24557.3	11.677	540	574	250	3	0.0001 Colloc0 540 3182 0.0271885 185.865
1940	1	1749.02	24663.5	24652	11.5035	567	567	257	2	0.0001 Colloc0 567 3191 0.0427486 174.669
1950	1	1758.03	24797.1	24785.7	11.3739	572	543	281	2	0.0001 Colloc0 572 3193 0.0409428 166.468
1960	1	1766.91	24656	24645	10.9983	563	563	261	4	0.0001 Colloc0 563 3185 0.14295 143.567
1970	1	1775.78	24592	24580.4	11.5673	557	563	261	1	0.0001 Colloc0 557 3164 0.0542276 178.759
1980	1	1784.69	24739.6	24728.2	11.42	567	565	259	3	0.0001 Colloc0 567 3175 0.0319184 169.373
1990	1	1793.48	24776.6	24764.8	11.764	562	563	261	2	0.0001 Colloc0 562 3187 0.0098379 191.572
2000	1	1802.18	24688.5	24677	11.4704	567	551	273	2	0.0001 Colloc0 567 3166 0.0481972 172.561
