# D = 0, E = 1, I = 1, P = 1, R = -1, n = 2000, N = 1, P = 1, w = 1, a = 0.0001, b = 10000, e = 1, f = 1, g = 100, h = 0.01, r = 16733, s = 1, S = 0, x = 10, m = 100, Z = 1, z = 0, T = 1, t = 1
# 9091 tokens in 824 sentences
#
# It	Temp	Time	-logP	-logPcorpus	-logPrior	tables	same	changed	reject	default_pya	(parent pym pyn pya pyb)*
0	1	0.708892	34656.2	34542.4	113.764	2242	0	824	0	0.0001 Colloc0 2242 3793 0.0001 10000
10	1	10.6914	27455	27442.3	12.7175	676	332	492	2	0.0001 Colloc0 676 3553 0.0107968 257.606
20	1	19.891	26698.6	26686.8	11.807	602	417	407	3	0.0001 Colloc0 602 3520 0.0588287 194.42
30	1	29.0866	26682.1	26670.4	11.7671	621	425	399	4	0.0001 Colloc0 621 3557 0.0277652 191.78
40	1	38.0882	26490.9	26478.8	12.0243	620	440	384	3	0.0001 Colloc0 620 3524 0.00961643 208.99
50	1	47.3758	26436.6	26425.2	11.4727	575	442	382	3	0.0001 Colloc0 575 3533 0.00600233 172.709
60	1	56.6074	26338.3	26326.8	11.5273	604	455	369	4	0.0001 Colloc0 604 3491 0.0879101 176.188
70	1	65.576	26128.5	26117.1	11.3149	590	462	362	2	0.0001 Colloc0 590 3497 0.104875 162.785
80	1	74.7476	26043.6	26032.3	11.2999	572	483	341	2	0.0001 Colloc0 572 3500 0.0761205 161.855
90	1	83.7593	25951.6	25940.3	11.288	577	485	339	3	0.0001 Colloc0 577 3474 0.0731695 161.114
100	1	92.8329	25899.6	25888.1	11.4253	557	472	352	1	0.0001 Colloc0 557 3462 0.0290042 169.704
110	1	101.917	25921.3	25909.7	11.6173	564	454	370	0	0.0001 Colloc0 564 3453 0.00161248 181.988
120	1	110.719	26046.3	26034.9	11.4116	584	460	364	2	0.0001 Colloc0 584 3487 0.0817074 168.842
130	1	119.669	25896.4	25884.9	11.4715	581	486	338	2	0.0001 Colloc0 581 3458 0.050439 172.631
140	1	128.699	25771.9	25761.2	10.7201	550	497	327	2	0.0001 Colloc0 550 3497 0.120675 127.499
150	1	137.838	25785	25773.5	11.5487	553	488	336	1	0.0001 Colloc0 553 3467 0.0628094 177.562
160	1	146.903	25766	25754.9	11.1395	558	482	342	0	0.0001 Colloc0 558 3476 0.0677607 152.019
170	1	156.039	25835.2	25824	11.1816	583	454	370	1	0.0001 Colloc0 583 3437 0.130919 154.577
180	1	165.068	25810.2	25799	11.2107	553	480	344	1	0.0001 Colloc0 553 3431 0.0866296 156.358
190	1	174.108	25788.3	25777.1	11.2109	551	478	346	2	0.0001 Colloc0 551 3418 0.0181098 156.37
200	1	183.031	25853.8	25842.5	11.3117	582	477	347	1	0.0001 Colloc0 582 3464 0.0551413 162.588
210	1	191.893	25742.9	25731.7	11.2394	561	487	337	0	0.0001 Colloc0 561 3438 0.0706108 158.115
220	1	200.911	25705.5	25694.2	11.2688	565	505	319	1	0.0001 Colloc0 565 3416 0.0737471 159.926
230	1	209.866	25639.8	25628.2	11.6144	556	512	312	1	0.0001 Colloc0 556 3440 0.0180789 181.797
240	1	219.034	25725.6	25713.9	11.619	560	485	339	1	0.0001 Colloc0 560 3421 0.0119185 182.099
250	1	228.164	25828.9	25817.3	11.5336	578	463	361	2	0.0001 Colloc0 578 3439 0.0408572 176.592
260	1	237.067	25683	25671.7	11.2687	564	473	351	1	0.0001 Colloc0 564 3415 0.0684882 159.923
270	1	245.98	25583.5	25572	11.4537	553	496	328	1	0.0001 Colloc0 553 3397 0.0307458 171.504
280	1	255.087	25680.7	25669.3	11.3993	564	502	322	3	0.0001 Colloc0 564 3410 0.0507277 168.065
290	1	264.242	25733.2	25721.8	11.4033	554	478	346	3	0.0001 Colloc0 554 3420 0.0528213 168.315
300	1	273.373	25659.6	25648.7	10.8846	563	491	333	4	0.0001 Colloc0 563 3403 0.174944 136.898
310	1	282.579	25684.4	25672.8	11.5579	552	478	346	3	0.0001 Colloc0 552 3418 0.0331975 178.155
320	1	291.526	25626.2	25614.6	11.6493	575	484	340	3	0.0001 Colloc0 575 3393 0.0317532 184.061
330	1	300.474	25545.5	25533.8	11.6476	556	494	330	1	0.0001 Colloc0 556 3381 0.0210758 183.956
340	1	309.649	25507.9	25496.2	11.7279	546	499	325	1	0.0001 Colloc0 546 3393 0.00563037 189.201
350	1	318.749	25378.4	25367	11.3908	550	527	297	2	0.0001 Colloc0 550 3367 0.0462747 167.529
360	1	327.791	25552	25540.4	11.5956	555	518	306	2	0.0001 Colloc0 555 3400 0.00931442 180.583
370	1	336.836	25447.9	25436.4	11.4315	546	518	306	2	0.0001 Colloc0 546 3385 0.0715837 170.094
380	1	345.946	25585.5	25574.1	11.3673	566	496	328	2	0.0001 Colloc0 566 3408 0.0429085 166.057
390	1	354.833	25384.6	25373.7	10.959	554	543	281	4	0.0001 Colloc0 554 3361 0.101765 141.244
400	1	363.908	25392.3	25380.9	11.4218	556	507	317	3	0.0001 Colloc0 556 3376 0.0733106 169.486
410	1	372.97	25445	25433.7	11.2946	556	527	297	2	0.0001 Colloc0 556 3382 0.0623794 161.527
420	1	381.801	25285.1	25273.6	11.4907	540	532	292	3	0.0001 Colloc0 540 3370 0.041295 173.855
430	1	390.697	25334.9	25323.7	11.1587	542	535	289	4	0.0001 Colloc0 542 3343 0.0214567 153.184
440	1	399.759	25411.3	25399.4	11.8667	554	537	287	2	0.0001 Colloc0 554 3362 0.00980894 198.384
450	1	408.771	25459	25447.6	11.4631	537	512	312	2	0.0001 Colloc0 537 3391 0.0431921 172.099
460	1	417.721	25381	25369.9	11.0768	555	483	341	1	0.0001 Colloc0 555 3358 0.0821812 148.244
470	1	426.808	25348.1	25336.4	11.6975	572	518	306	2	0.0001 Colloc0 572 3348 0.084993 187.206
480	1	435.827	25218.9	25207.5	11.3843	536	544	280	1	0.0001 Colloc0 536 3362 0.0418366 167.122
490	1	444.779	25447.6	25436.3	11.316	551	493	331	1	0.0001 Colloc0 551 3379 0.0415829 162.857
500	1	453.693	25391.9	25381.1	10.7766	570	523	301	1	0.0001 Colloc0 570 3359 0.125098 130.696
510	1	462.585	25290.7	25279.3	11.3733	541	534	290	3	0.0001 Colloc0 541 3355 0.0257265 166.432
520	1	471.596	25274.7	25263.4	11.3392	545	550	274	1	0.0001 Colloc0 545 3371 0.0475906 164.301
530	1	480.77	25251	25239.7	11.2667	561	539	285	1	0.0001 Colloc0 561 3355 0.0824028 159.8
540	1	489.879	25315	25303	12.0044	552	512	312	3	0.0001 Colloc0 552 3345 0.0113301 207.641
550	1	498.977	25373.2	25361.5	11.7008	573	493	331	1	0.0001 Colloc0 573 3354 0.0375516 187.425
560	1	508.144	25349.7	25338.2	11.535	571	498	326	3	0.0001 Colloc0 571 3341 0.0569389 176.682
570	1	517.227	25231.2	25219.7	11.4638	545	521	303	2	0.0001 Colloc0 545 3361 0.031573 172.143
580	1	526.099	25183.5	25172.1	11.3901	554	512	312	2	0.0001 Colloc0 554 3344 0.0415307 167.484
590	1	535.127	25334.1	25322.8	11.3415	567	504	320	1	0.0001 Colloc0 567 3352 0.0531915 164.443
600	1	543.949	25224.2	25213	11.1937	548	501	323	3	0.0001 Colloc0 548 3327 0.0715751 155.316
610	1	552.933	25157.7	25146.6	11.1054	548	535	289	4	0.0001 Colloc0 548 3349 0.0803636 149.958
620	1	561.952	25037.4	25026.4	10.9341	543	567	257	2	0.0001 Colloc0 543 3329 0.084109 139.784
630	1	570.738	25167.9	25156.2	11.6944	559	509	315	6	0.0001 Colloc0 559 3325 0.021635 187.003
640	1	579.715	25225.1	25214.3	10.78	562	506	318	3	0.0001 Colloc0 562 3325 0.134036 130.886
650	1	588.797	25256	25244.9	11.1122	553	502	322	1	0.0001 Colloc0 553 3316 0.117795 150.372
660	1	597.907	25087.6	25076.3	11.3628	535	521	303	1	0.0001 Colloc0 535 3335 0.0503364 165.773
670	1	606.856	25055.4	25044.2	11.2762	529	537	287	3	0.0001 Colloc0 529 3316 0.0322291 160.385
680	1	615.893	25046.7	25035.4	11.3107	539	550	274	1	0.0001 Colloc0 539 3336 0.0497518 162.523
690	1	624.722	24996.1	24985.6	10.5667	545	564	260	1	0.0001 Colloc0 545 3329 0.141099 118.99
700	1	633.793	25131.8	25120.6	11.1916	543	551	273	1	0.0001 Colloc0 543 3333 0.0693503 155.187
710	1	642.713	25196.2	25184.6	11.6179	548	512	312	2	0.0001 Colloc0 548 3338 0.00382694 182.028
720	1	651.774	25242.7	25231.6	11.1349	546	513	311	4	0.0001 Colloc0 546 3328 0.0639775 151.742
730	1	660.74	25080	25068.7	11.3359	547	535	289	2	0.0001 Colloc0 547 3327 0.0511192 164.095
740	1	669.697	25070	25058.5	11.4419	547	533	291	2	0.0001 Colloc0 547 3330 0.0598326 170.752
750	1	678.717	25076.8	25065.8	11.0688	548	537	287	3	0.0001 Colloc0 548 3313 0.0866904 147.761
760	1	687.875	25075.5	25064.3	11.1575	548	535	289	1	0.0001 Colloc0 548 3330 0.10408 153.113
770	1	696.986	25177	25165.9	11.0831	551	524	300	1	0.0001 Colloc0 551 3336 0.0938636 148.62
780	1	705.932	25129.5	25118	11.5589	540	532	292	3	0.0001 Colloc0 540 3330 0.0411064 178.222
790	1	714.895	25111.7	25100.6	11.0645	549	549	275	1	0.0001 Colloc0 549 3329 0.106865 147.505
800	1	723.971	25078.1	25066.5	11.6299	543	543	281	1	0.0001 Colloc0 543 3311 0.00994987 182.806
810	1	732.862	25064.1	25053.1	10.997	545	532	292	3	0.0001 Colloc0 545 3310 0.119371 143.488
820	1	741.779	25041.2	25030.4	10.8064	559	540	284	3	0.0001 Colloc0 559 3312 0.122226 132.393
830	1	751	25029.3	25017.8	11.4438	539	550	274	3	0.0001 Colloc0 539 3312 0.0506552 170.873
840	1	760.14	25090.4	25079.9	10.5629	555	550	274	2	0.0001 Colloc0 555 3340 0.150063 118.784
850	1	769.232	25126.4	25115	11.4398	552	516	308	3	0.0001 Colloc0 552 3320 0.0674449 170.619
860	1	778.203	25065.5	25054	11.5806	546	532	292	3	0.0001 Colloc0 546 3301 0.0178344 179.619
870	1	787.277	25096.6	25085.8	10.7405	538	524	300	2	0.0001 Colloc0 538 3327 0.143351 128.644
880	1	796.219	25113.8	25102.4	11.4338	542	515	309	3	0.0001 Colloc0 542 3323 0.0327505 170.24
890	1	805.315	25198.8	25188	10.8194	557	530	294	2	0.0001 Colloc0 557 3352 0.116175 133.138
900	1	814.238	25097.3	25086	11.2414	548	534	290	1	0.0001 Colloc0 548 3346 0.116495 158.24
910	1	823.441	25120.2	25109.2	11.0234	536	528	296	3	0.0001 Colloc0 536 3340 0.0829035 145.053
920	1	832.634	25165	25153.9	11.0844	540	500	324	2	0.0001 Colloc0 540 3328 0.0862259 148.697
930	1	841.489	25120.4	25108.6	11.7267	542	506	318	1	0.0001 Colloc0 542 3341 0.0209844 189.119
940	1	850.543	25133.2	25121.7	11.5008	558	540	284	3	0.0001 Colloc0 558 3342 0.0492736 174.499
950	1	859.538	25065.1	25053.8	11.396	542	547	277	1	0.0001 Colloc0 542 3331 0.0156675 167.857
960	1	868.525	25136.4	25125.1	11.3503	547	528	296	2	0.0001 Colloc0 547 3342 0.0136496 164.992
970	1	877.433	25045.2	25033.7	11.4846	548	556	268	2	0.0001 Colloc0 548 3328 0.0411194 173.464
980	1	886.513	25026.7	25015.9	10.8343	531	545	279	3	0.0001 Colloc0 531 3342 0.120618 133.995
990	1	895.529	24968.4	24957.3	11.0932	532	568	256	3	0.0001 Colloc0 532 3323 0.0673282 149.228
1000	1	904.592	25007.1	24996.1	11.0612	544	558	266	1	0.0001 Colloc0 544 3298 0.0847228 147.305
1010	1	913.573	25056.8	25045.8	11.0786	548	540	284	2	0.0001 Colloc0 548 3333 0.1381 148.352
1020	1	922.761	25158.6	25147.2	11.4423	559	507	317	2	0.0001 Colloc0 559 3323 0.0413924 170.777
1030	1	931.706	24934.2	24922.6	11.6058	531	548	276	5	0.0001 Colloc0 531 3304 0.0102493 181.245
1040	1	940.743	25050.7	25039.6	11.1286	533	546	278	2	0.0001 Colloc0 533 3334 0.049838 151.361
1050	1	949.811	24914.6	24903.6	11.0098	539	561	263	2	0.0001 Colloc0 539 3293 0.0933228 144.248
1060	1	958.86	24934.3	24923.3	11.0471	542	555	269	3	0.0001 Colloc0 542 3316 0.0888493 146.463
1070	1	967.9	24933.8	24922.8	11.0209	539	557	267	3	0.0001 Colloc0 539 3325 0.108408 144.907
1080	1	976.841	24871.3	24860.6	10.6712	525	571	253	5	0.0001 Colloc0 525 3314 0.142337 124.757
1090	1	985.873	24959.8	24948.6	11.27	550	541	283	2	0.0001 Colloc0 550 3299 0.0899018 160.006
1100	1	994.81	24887.9	24876.7	11.1884	528	552	272	3	0.0001 Colloc0 528 3315 0.0541501 154.992
1110	1	1003.97	24938.8	24927.5	11.3148	541	545	279	2	0.0001 Colloc0 541 3312 0.0467116 162.782
1120	1	1012.95	24915.8	24904.5	11.3184	547	558	266	3	0.0001 Colloc0 547 3298 0.0773988 163.006
1130	1	1021.84	24900.9	24889.8	11.1146	528	544	280	3	0.0001 Colloc0 528 3303 0.116774 150.518
1140	1	1030.74	25016.4	25004.9	11.4534	560	540	284	4	0.0001 Colloc0 560 3306 0.0651244 171.482
1150	1	1039.73	25026.9	25015.4	11.5067	564	524	300	3	0.0001 Colloc0 564 3307 0.0508703 174.875
1160	1	1048.79	25019	25007.6	11.4451	550	512	312	2	0.0001 Colloc0 550 3313 0.0557613 170.955
1170	1	1057.98	25035.1	25023.8	11.2897	555	545	279	2	0.0001 Colloc0 555 3300 0.0807907 161.219
1180	1	1067.09	24915.6	24904.4	11.2813	537	573	251	2	0.0001 Colloc0 537 3285 0.0477523 160.704
1190	1	1076.12	24907.9	24896.5	11.4644	546	538	286	3	0.0001 Colloc0 546 3294 0.0060464 172.18
1200	1	1085.11	24900.1	24888.8	11.3691	546	567	257	3	0.0001 Colloc0 546 3268 0.0691437 166.172
1210	1	1094.18	25034.5	25023.3	11.2444	553	531	293	3	0.0001 Colloc0 553 3308 0.0403708 158.425
1220	1	1103.26	24963.9	24953.1	10.7749	546	558	266	3	0.0001 Colloc0 546 3279 0.106697 130.599
1230	1	1112.19	24966.9	24955.6	11.2855	531	543	281	2	0.0001 Colloc0 531 3296 0.0668544 160.96
1240	1	1121.21	24841.5	24831	10.4472	538	567	257	2	0.0001 Colloc0 538 3284 0.135472 112.552
1250	1	1130.32	24814.4	24802.8	11.671	536	557	267	2	0.0001 Colloc0 536 3285 0.00097718 185.478
1260	1	1139.3	24902	24890.6	11.4345	538	552	272	2	0.0001 Colloc0 538 3283 0.0359653 170.284
1270	1	1148.22	24882.9	24871.3	11.5921	541	567	257	2	0.0001 Colloc0 541 3286 0.0119894 180.356
1280	1	1157.17	24832	24821	10.9437	546	545	279	3	0.0001 Colloc0 546 3249 0.0759308 140.347
1290	1	1166.4	24827.4	24816.1	11.3003	538	563	261	2	0.0001 Colloc0 538 3260 0.0726593 161.879
1300	1	1175.5	24777.1	24766.1	10.9512	539	565	259	1	0.0001 Colloc0 539 3260 0.0842515 140.789
1310	1	1184.58	24781.5	24770.1	11.3549	553	571	253	4	0.0001 Colloc0 553 3271 0.131102 165.28
1320	1	1193.41	24894.6	24882.8	11.8244	547	536	288	2	0.0001 Colloc0 547 3284 0.0087245 195.572
1330	1	1202.36	24738.1	24726.7	11.3507	531	604	220	1	0.0001 Colloc0 531 3283 0.050144 165.017
1340	1	1211.47	24854.3	24843.5	10.8256	549	564	260	4	0.0001 Colloc0 549 3270 0.151474 133.492
1350	1	1220.71	24846.4	24834.6	11.8271	543	557	267	2	0.0001 Colloc0 543 3282 0.00277734 195.749
1360	1	1229.7	24704	24692.5	11.4583	537	581	243	1	0.0001 Colloc0 537 3256 0.017321 171.793
1370	1	1238.89	24869	24857.6	11.4211	548	535	289	3	0.0001 Colloc0 548 3260 0.00759166 169.438
1380	1	1247.91	24739.3	24728.7	10.5774	539	590	234	1	0.0001 Colloc0 539 3248 0.136913 119.574
1390	1	1256.89	24744.7	24733.3	11.4416	541	572	252	2	0.0001 Colloc0 541 3291 0.0401006 170.736
1400	1	1265.9	24802.8	24791.7	11.1321	543	568	256	3	0.0001 Colloc0 543 3273 0.0929118 151.575
1410	1	1274.94	24734	24723.1	10.8965	546	586	238	3	0.0001 Colloc0 546 3264 0.075454 137.591
1420	1	1284.01	24754	24742.7	11.2911	521	577	247	1	0.0001 Colloc0 521 3279 0.0351338 161.31
1430	1	1293	24776.9	24765.2	11.6465	546	555	269	1	0.0001 Colloc0 546 3272 0.0226079 183.881
1440	1	1301.97	24755.3	24743.9	11.3868	532	552	272	1	0.0001 Colloc0 532 3266 0.0546085 167.278
1450	1	1310.98	24844.4	24833.1	11.2702	548	535	289	1	0.0001 Colloc0 548 3278 0.0406508 160.016
1460	1	1320	24742.2	24731.5	10.6105	525	572	252	4	0.0001 Colloc0 525 3278 0.110524 121.392
1470	1	1328.99	24729.3	24717.7	11.5407	533	566	258	5	0.0001 Colloc0 533 3252 0.00343235 177.053
1480	1	1338.07	24708.5	24697	11.5403	540	573	251	1	0.0001 Colloc0 540 3263 0.0344322 177.024
1490	1	1347.11	24665.7	24654.2	11.4601	541	588	236	2	0.0001 Colloc0 541 3261 0.0604132 171.907
1500	1	1356.18	24764.4	24753.3	11.1061	546	575	249	2	0.0001 Colloc0 546 3247 0.143342 149.999
1510	1	1365.27	24696.3	24684.9	11.3867	548	581	243	1	0.0001 Colloc0 548 3254 0.0454865 167.271
1520	1	1374.37	24593.4	24582.6	10.8348	527	626	198	2	0.0001 Colloc0 527 3223 0.111686 134.023
1530	1	1383.59	24750.3	24739	11.3683	536	573	251	1	0.0001 Colloc0 536 3258 0.0727923 166.122
1540	1	1392.62	24727.5	24716.3	11.2656	552	596	228	1	0.0001 Colloc0 552 3263 0.0586311 159.733
1550	1	1401.69	24631.2	24620	11.2273	537	611	213	2	0.0001 Colloc0 537 3235 0.0480042 157.372
1560	1	1410.64	24722.6	24711.4	11.1854	544	582	242	1	0.0001 Colloc0 544 3244 0.0651535 154.807
1570	1	1419.59	24728.9	24718	10.8764	527	557	267	2	0.0001 Colloc0 527 3249 0.10331 136.427
1580	1	1428.54	24775.6	24764.4	11.2072	540	566	258	1	0.0001 Colloc0 540 3254 0.0523801 156.142
1590	1	1437.58	24811.2	24800.2	11.0117	537	562	262	1	0.0001 Colloc0 537 3271 0.0654915 144.361
1600	1	1446.66	24853.5	24841.9	11.6689	537	542	282	3	0.0001 Colloc0 537 3271 0.00762775 185.337
1610	1	1455.66	24673.8	24662.4	11.4239	535	582	242	1	0.0001 Colloc0 535 3236 0.0349151 169.614
1620	1	1464.57	24712.5	24701.5	11.0023	541	565	259	2	0.0001 Colloc0 541 3232 0.0888495 143.803
1630	1	1473.66	24759.8	24748.6	11.2198	544	570	254	2	0.0001 Colloc0 544 3272 0.0859843 156.912
1640	1	1482.83	24642.5	24630.9	11.585	527	588	236	1	0.0001 Colloc0 527 3248 0.04009 179.901
1650	1	1491.79	24790.5	24779.5	11.0591	544	559	265	2	0.0001 Colloc0 544 3268 0.117043 147.182
1660	1	1500.68	24759.6	24748.1	11.4676	546	570	254	3	0.0001 Colloc0 546 3260 0.0277311 172.383
1670	1	1509.71	24731.3	24720.7	10.5565	549	583	241	1	0.0001 Colloc0 549 3256 0.133443 118.437
1680	1	1518.86	24737.9	24727.4	10.4522	527	587	237	1	0.0001 Colloc0 527 3260 0.121898 112.815
1690	1	1527.71	24688.6	24677.4	11.2052	547	600	224	2	0.0001 Colloc0 547 3235 0.0752269 156.021
1700	1	1536.67	24713.3	24702.2	11.0755	545	575	249	1	0.0001 Colloc0 545 3252 0.100886 148.163
1710	1	1545.63	24641.1	24629.4	11.711	522	605	219	1	0.0001 Colloc0 522 3264 0.000247548 188.092
1720	1	1554.38	24631.6	24620.8	10.7837	525	583	241	2	0.0001 Colloc0 525 3258 0.14179 131.096
1730	1	1563.04	24700.1	24688.5	11.5146	539	565	259	1	0.0001 Colloc0 539 3235 0.0258589 175.376
1740	1	1571.77	24679.2	24668.1	11.0451	541	582	242	2	0.0001 Colloc0 541 3243 0.0792982 146.346
1750	1	1580.87	24810.8	24800.2	10.5264	548	558	266	3	0.0001 Colloc0 548 3282 0.165612 116.8
1760	1	1589.86	24634.2	24623	11.2925	540	581	243	2	0.0001 Colloc0 540 3256 0.0134469 161.395
1770	1	1598.6	24737.7	24726.8	10.9435	536	590	234	1	0.0001 Colloc0 536 3270 0.106182 140.338
1780	1	1607.59	24667.7	24656.8	10.8721	543	598	226	1	0.0001 Colloc0 543 3258 0.143434 136.175
1790	1	1616.24	24710.1	24698.9	11.2835	544	583	241	1	0.0001 Colloc0 544 3247 0.0604713 160.836
1800	1	1625.15	24667.7	24656.3	11.422	531	592	232	3	0.0001 Colloc0 531 3251 0.0322425 169.494
1810	1	1634.04	24696.9	24686	10.9351	525	593	231	1	0.0001 Colloc0 525 3257 0.147474 139.846
1820	1	1642.93	24754.9	24743.6	11.2723	554	572	252	1	0.0001 Colloc0 554 3260 0.0599579 160.147
1830	1	1651.88	24753.2	24741.6	11.5755	535	572	252	1	0.0001 Colloc0 535 3250 0.025608 179.287
1840	1	1660.86	24689.1	24678.9	10.2375	530	578	246	1	0.0001 Colloc0 530 3234 0.165714 101.659
1850	1	1669.83	24728	24716.8	11.2222	545	567	257	1	0.0001 Colloc0 545 3231 0.0683291 157.059
1860	1	1678.77	24739.7	24728.1	11.5866	554	571	253	1	0.0001 Colloc0 554 3251 0.0406666 180
1870	1	1687.78	24585.6	24574.4	11.2804	538	612	212	2	0.0001 Colloc0 538 3245 0.0655501 160.647
1880	1	1696.63	24560.6	24549.1	11.5646	522	602	222	1	0.0001 Colloc0 522 3232 0.010716 178.586
1890	1	1705.41	24765.4	24754.5	10.9125	542	559	265	2	0.0001 Colloc0 542 3239 0.119165 138.523
1900	1	1714.55	24645.5	24634.2	11.2427	544	594	230	2	0.0001 Colloc0 544 3233 0.119584 158.319
1910	1	1723.29	24765.2	24753.9	11.3513	545	576	248	1	0.0001 Colloc0 545 3248 0.0650591 165.056
1920	1	1732.16	24673.5	24662.4	11.1376	533	575	249	1	0.0001 Colloc0 533 3256 0.104518 151.905
1930	1	1740.98	24715.4	24704.5	10.9267	553	576	248	2	0.0001 Colloc0 553 3251 0.110368 139.352
1940	1	1749.85	24640.7	24629.3	11.3834	543	597	227	3	0.0001 Colloc0 543 3244 0.0243494 167.065
1950	1	1758.78	24641.8	24631.4	10.4111	545	599	225	1	0.0001 Colloc0 545 3238 0.174968 110.638
1960	1	1767.51	24704	24693	11.0063	543	602	222	4	0.0001 Colloc0 543 3243 0.0993797 144.041
1970	1	1776.2	24672.1	24660.6	11.5529	528	606	218	1	0.0001 Colloc0 528 3237 0.0141258 177.836
1980	1	1784.99	24649.1	24637.7	11.3136	540	602	222	1	0.0001 Colloc0 540 3232 0.0191341 162.703
1990	1	1793.79	24667.4	24656.5	10.916	544	590	234	1	0.0001 Colloc0 544 3207 0.105643 138.727
2000	1	1802.47	24673.9	24662.6	11.3134	541	596	228	1	0.0001 Colloc0 541 3235 0.0317197 162.69
