# D = 0, E = 1, I = 1, P = 1, R = -1, n = 2000, N = 1, P = 1, w = 1, a = 0.0001, b = 10000, e = 1, f = 1, g = 100, h = 0.01, r = 2942, s = 1, S = 0, x = 10, m = 100, Z = 1, z = 0, T = 1, t = 1
# 119008 tokens in 11336 sentences
#
# It	Temp	Time	-logP	-logPcorpus	-logPrior	tables	same	changed	reject	default_pya	(parent pym pyn pya pyb)*
0	1	15.0967	506142	506028	113.764	13800	0	11336	0	0.0001 Colloc0 13800 63308 0.0001 10000
10	1	203	380302	380287	15.0056	3306	2717	8619	3	0.0001 Colloc0 3306 51603 0.190152 434.63
20	1	326.514	357174	357159	14.8919	2135	3406	7930	7	0.0001 Colloc0 2135 49790 0.0205653 425.389
30	1	440.704	348123	348108	14.3332	1877	3675	7661	10	0.0001 Colloc0 1877 49122 0.00159722 380.55
40	1	553.758	339404	339391	13.3455	1791	4089	7247	8	0.0001 Colloc0 1791 48266 0.0420769 304.006
50	1	664.308	335725	335711	13.8175	1773	4322	7014	7	0.0001 Colloc0 1773 47704 0.0182901 340.105
60	1	777.554	333049	333036	13.3168	1753	4356	6980	5	0.0001 Colloc0 1753 47450 0.0464032 301.848
70	1	889.704	330213	330200	13.1149	1761	4701	6635	4	0.0001 Colloc0 1761 47287 0.0674483 286.735
80	1	1002.61	327581	327567	13.1694	1766	4954	6382	3	0.0001 Colloc0 1766 46913 0.06437 290.799
90	1	1117.16	322860	322847	12.9254	1732	5168	6168	5	0.0001 Colloc0 1732 46442 0.0750847 272.744
100	1	1229.81	319995	319982	12.716	1769	5371	5965	6	0.0001 Colloc0 1769 46078 0.102761 257.498
110	1	1344.06	318611	318599	12.2895	1769	5619	5717	5	0.0001 Colloc0 1769 45999 0.128339 227.225
120	1	1454.29	317180	317167	12.9715	1775	5699	5637	4	0.0001 Colloc0 1775 45751 0.0827853 276.131
130	1	1567	315140	315128	12.5727	1724	5997	5339	4	0.0001 Colloc0 1724 45619 0.0965811 247.206
140	1	1681.18	313814	313801	12.5037	1711	6247	5089	4	0.0001 Colloc0 1711 45523 0.12131 242.293
150	1	1796.82	312774	312762	12.2887	1773	6327	5009	5	0.0001 Colloc0 1773 45348 0.14342 227.175
160	1	1911.52	312630	312617	12.8742	1767	6234	5102	6	0.0001 Colloc0 1767 45264 0.100131 268.995
170	1	2025.76	310653	310641	12.2336	1764	6410	4926	5	0.0001 Colloc0 1764 45039 0.13354 223.347
180	1	2140.92	308924	308911	12.6358	1743	6694	4642	5	0.0001 Colloc0 1743 44897 0.106558 251.724
190	1	2250.09	308342	308330	12.2293	1749	6729	4607	4	0.0001 Colloc0 1749 44733 0.130494 223.047
200	1	2365.01	306529	306517	12.0564	1760	6761	4575	6	0.0001 Colloc0 1760 44511 0.154085 211.171
210	1	2479.36	305574	305562	12.3853	1755	7075	4261	5	0.0001 Colloc0 1755 44442 0.134757 233.932
220	1	2592.2	303949	303937	12.1994	1746	7268	4068	7	0.0001 Colloc0 1746 44300 0.130262 220.977
230	1	2703.83	303370	303357	12.3281	1793	7167	4169	4	0.0001 Colloc0 1793 44106 0.152241 229.924
240	1	2816.62	302188	302176	12.5073	1749	7390	3946	6	0.0001 Colloc0 1749 44045 0.126658 242.545
250	1	2923.82	301856	301843	12.1564	1751	7362	3974	4	0.0001 Colloc0 1751 44030 0.12658 218.018
260	1	3035.18	301078	301066	12.2229	1756	7576	3760	7	0.0001 Colloc0 1756 43985 0.142408 222.602
270	1	3148.15	301169	301157	12.2433	1787	7544	3792	5	0.0001 Colloc0 1787 43875 0.164103 224.019
280	1	3261.24	301562	301550	12.5398	1778	7499	3837	4	0.0001 Colloc0 1778 43841 0.130502 244.861
290	1	3374.94	301278	301265	12.4936	1776	7523	3813	5	0.0001 Colloc0 1776 43769 0.13424 241.574
300	1	3487.48	300320	300308	12.7331	1770	7585	3751	7	0.0001 Colloc0 1770 43738 0.119085 258.736
310	1	3602.01	299605	299593	12.3284	1828	7900	3436	5	0.0001 Colloc0 1828 43684 0.155388 229.945
320	1	3714.34	299019	299007	12.0716	1810	7964	3372	7	0.0001 Colloc0 1810 43691 0.183073 212.21
330	1	3823.71	299209	299196	12.5012	1802	7827	3509	5	0.0001 Colloc0 1802 43594 0.145407 242.115
340	1	3932.76	297990	297977	12.2917	1790	7979	3357	6	0.0001 Colloc0 1790 43475 0.152277 227.381
350	1	4045.48	296556	296544	11.9145	1811	8357	2979	6	0.0001 Colloc0 1811 43365 0.172136 201.585
360	1	4157.11	296940	296928	12.3955	1771	8220	3116	5	0.0001 Colloc0 1771 43402 0.129365 234.649
370	1	4268.98	296137	296125	12.4619	1771	8351	2985	7	0.0001 Colloc0 1771 43326 0.132046 239.332
380	1	4380.8	296067	296054	12.1872	1769	8266	3070	10	0.0001 Colloc0 1769 43325 0.150621 220.136
390	1	4491.94	296343	296331	11.848	1801	8213	3123	8	0.0001 Colloc0 1801 43278 0.183856 197.142
400	1	4604.71	296775	296763	12.3808	1767	8016	3320	10	0.0001 Colloc0 1767 43250 0.140553 233.617
410	1	4717.45	295897	295884	12.2379	1769	8377	2959	9	0.0001 Colloc0 1769 43232 0.141554 223.64
420	1	4829.67	295952	295940	11.9901	1812	8434	2902	7	0.0001 Colloc0 1812 43241 0.164882 206.677
430	1	4942.26	294531	294519	12.3253	1787	8500	2836	6	0.0001 Colloc0 1787 43079 0.147212 229.722
440	1	5049.62	294938	294927	11.5425	1783	8380	2956	8	0.0001 Colloc0 1783 43107 0.171756 177.168
450	1	5161.82	294856	294845	11.8326	1779	8327	3009	7	0.0001 Colloc0 1779 43041 0.180306 196.113
460	1	5274.93	294525	294513	12.4414	1805	8459	2877	7	0.0001 Colloc0 1805 43028 0.139376 237.88
470	1	5387.69	294600	294588	12.446	1811	8457	2879	6	0.0001 Colloc0 1811 42983 0.137252 238.209
480	1	5500.94	294245	294233	12.2434	1813	8452	2884	9	0.0001 Colloc0 1813 42967 0.146399 224.022
490	1	5613.84	294125	294113	11.986	1817	8500	2836	7	0.0001 Colloc0 1817 42889 0.162434 206.396
500	1	5728.09	293211	293199	12.239	1803	8600	2736	7	0.0001 Colloc0 1803 42711 0.169012 223.72
510	1	5840.65	293533	293520	12.5683	1788	8520	2816	7	0.0001 Colloc0 1788 42767 0.132311 246.894
520	1	5952.41	293690	293677	12.5706	1831	8559	2777	6	0.0001 Colloc0 1831 42690 0.144563 247.057
530	1	6065.62	293741	293729	12.4815	1826	8465	2871	6	0.0001 Colloc0 1826 42674 0.135098 240.716
540	1	6177.41	292538	292526	12.4493	1811	8715	2621	5	0.0001 Colloc0 1811 42574 0.13027 238.439
550	1	6290.68	291910	291898	11.8354	1821	8783	2553	7	0.0001 Colloc0 1821 42473 0.168561 196.301
560	1	6400.11	291703	291691	12.1639	1810	8817	2519	7	0.0001 Colloc0 1810 42438 0.154445 218.531
570	1	6511.61	291489	291477	12.3154	1836	8691	2645	7	0.0001 Colloc0 1836 42282 0.154804 229.034
580	1	6625.21	291406	291394	12.0624	1811	8471	2865	6	0.0001 Colloc0 1811 42199 0.167017 211.58
590	1	6738.9	292436	292423	12.5084	1823	8237	3099	7	0.0001 Colloc0 1823 42229 0.13481 242.627
600	1	6849.59	292019	292007	11.8876	1841	8238	3098	6	0.0001 Colloc0 1841 42138 0.182841 199.784
610	1	6962.11	291726	291714	12.0601	1806	8362	2974	8	0.0001 Colloc0 1806 42142 0.164075 211.421
620	1	7074.9	290918	290906	12.4784	1818	8508	2828	5	0.0001 Colloc0 1818 42111 0.141567 240.495
630	1	7188.94	290749	290737	12.6666	1801	8577	2759	7	0.0001 Colloc0 1801 42063 0.130138 253.934
640	1	7303.51	290424	290412	12.0192	1802	8601	2735	6	0.0001 Colloc0 1802 42029 0.166602 208.643
650	1	7414.02	290569	290557	12.5485	1808	8701	2635	5	0.0001 Colloc0 1808 42044 0.134296 245.48
660	1	7523.33	290251	290238	12.3422	1802	8783	2553	7	0.0001 Colloc0 1802 42061 0.140338 230.904
670	1	7634.08	290295	290283	12.5548	1803	8821	2515	7	0.0001 Colloc0 1803 42020 0.151946 245.93
680	1	7746.31	289943	289930	12.2554	1817	8892	2444	6	0.0001 Colloc0 1817 41988 0.148435 224.857
690	1	7854.3	290177	290164	12.6536	1805	8723	2613	7	0.0001 Colloc0 1805 41993 0.139647 253.004
700	1	7964.16	290008	289996	12.4578	1781	8651	2685	6	0.0001 Colloc0 1781 41937 0.136999 239.038
710	1	8075.14	290130	290118	12.3638	1785	8563	2773	5	0.0001 Colloc0 1785 41901 0.149195 232.42
720	1	8187.72	290861	290848	12.6444	1817	8467	2869	5	0.0001 Colloc0 1817 41940 0.129905 252.342
730	1	8299.32	289909	289897	12.3579	1832	8708	2628	8	0.0001 Colloc0 1832 41830 0.15254 232.004
740	1	8411.98	290411	290398	12.3115	1821	8562	2774	8	0.0001 Colloc0 1821 41871 0.142277 228.759
750	1	8523.57	290449	290436	12.6071	1842	8594	2742	7	0.0001 Colloc0 1842 41839 0.127386 249.668
760	1	8634.22	289744	289731	12.4437	1844	8566	2770	6	0.0001 Colloc0 1844 41778 0.136578 238.043
770	1	8746.75	289417	289404	12.9151	1822	8713	2623	8	0.0001 Colloc0 1822 41817 0.110021 271.984
780	1	8855.91	289569	289557	12.5684	1856	8746	2590	9	0.0001 Colloc0 1856 41781 0.140948 246.901
790	1	8968.02	288926	288914	12.3458	1844	8877	2459	6	0.0001 Colloc0 1844 41768 0.15757 231.156
800	1	9080.3	289329	289317	12.1502	1824	8750	2586	6	0.0001 Colloc0 1824 41767 0.165626 217.587
810	1	9194.01	289405	289392	12.5619	1799	8574	2762	10	0.0001 Colloc0 1799 41739 0.123172 246.435
820	1	9306.67	289467	289454	12.3284	1808	8400	2936	9	0.0001 Colloc0 1808 41726 0.130633 229.941
830	1	9418.34	289264	289252	12.3218	1784	8402	2934	8	0.0001 Colloc0 1784 41733 0.156138 229.481
840	1	9527.16	289267	289254	12.423	1810	8594	2742	6	0.0001 Colloc0 1810 41715 0.162246 236.584
850	1	9637.4	289243	289230	12.6701	1792	8566	2770	5	0.0001 Colloc0 1792 41681 0.135682 254.19
860	1	9747.62	289616	289604	12.5606	1838	8467	2869	8	0.0001 Colloc0 1838 41649 0.135682 246.345
870	1	9861.45	289585	289573	12.8118	1835	8662	2674	7	0.0001 Colloc0 1835 41659 0.114125 264.442
880	1	9974.49	289556	289544	12.4086	1842	8567	2769	7	0.0001 Colloc0 1842 41654 0.144447 235.568
890	1	10086	289806	289793	12.5992	1842	8532	2804	6	0.0001 Colloc0 1842 41694 0.136103 249.097
900	1	10194.6	289507	289494	12.4029	1848	8660	2676	9	0.0001 Colloc0 1848 41646 0.149617 235.168
910	1	10306.2	288998	288985	12.7399	1814	8788	2548	6	0.0001 Colloc0 1814 41653 0.126067 259.223
920	1	10418.7	289211	289199	12.1336	1857	8612	2724	10	0.0001 Colloc0 1857 41635 0.18209 216.447
930	1	10532.2	288837	288824	12.3572	1842	8813	2523	7	0.0001 Colloc0 1842 41627 0.163361 231.956
940	1	10645	288286	288274	12.0699	1835	8977	2359	6	0.0001 Colloc0 1835 41624 0.16908 212.094
950	1	10756.3	288090	288078	12.2332	1827	9065	2271	6	0.0001 Colloc0 1827 41629 0.168636 223.319
960	1	10868.3	288305	288292	12.0299	1848	8969	2367	7	0.0001 Colloc0 1848 41567 0.174539 209.369
970	1	10980.9	287961	287948	12.8575	1803	9124	2212	6	0.0001 Colloc0 1803 41592 0.118729 267.771
980	1	11093	287724	287712	12.2508	1840	9244	2092	7	0.0001 Colloc0 1840 41555 0.147106 224.534
990	1	11203.6	287973	287960	12.6872	1840	9216	2120	5	0.0001 Colloc0 1840 41588 0.139195 255.421
1000	1	11314.7	287525	287512	12.8511	1806	9210	2126	5	0.0001 Colloc0 1806 41548 0.100069 267.308
1010	1	11426.9	287846	287834	12.2365	1809	9140	2196	7	0.0001 Colloc0 1809 41545 0.147777 223.547
1020	1	11533.8	287679	287666	12.693	1859	9083	2253	7	0.0001 Colloc0 1859 41486 0.141483 255.837
1030	1	11641.4	287477	287465	12.3911	1815	9053	2283	4	0.0001 Colloc0 1815 41465 0.141152 234.337
1040	1	11749.5	287554	287542	12.3403	1815	9065	2271	6	0.0001 Colloc0 1815 41505 0.153294 230.772
1050	1	11861	287197	287184	12.2634	1814	9157	2179	4	0.0001 Colloc0 1814 41491 0.136483 225.41
1060	1	11973.1	287700	287688	12.5223	1848	9068	2268	6	0.0001 Colloc0 1848 41481 0.150484 243.611
1070	1	12080.9	287428	287415	12.2976	1832	9127	2209	5	0.0001 Colloc0 1832 41450 0.159099 227.795
1080	1	12192.8	286903	286891	12.4671	1822	9196	2140	6	0.0001 Colloc0 1822 41448 0.149854 239.699
1090	1	12304.9	286958	286945	12.4603	1822	9124	2212	7	0.0001 Colloc0 1822 41434 0.157845 239.216
1100	1	12418.1	286830	286817	12.7792	1816	9239	2097	4	0.0001 Colloc0 1816 41409 0.13467 262.075
1110	1	12524.4	287399	287387	12.5212	1832	9126	2210	6	0.0001 Colloc0 1832 41394 0.136481 243.536
1120	1	12635.6	287417	287405	11.9063	1840	9050	2286	5	0.0001 Colloc0 1840 41389 0.1828 201.033
1130	1	12749.3	287303	287291	12.6957	1812	9000	2336	5	0.0001 Colloc0 1812 41390 0.13099 256.035
1140	1	12856.1	287148	287136	12.499	1829	9117	2219	6	0.0001 Colloc0 1829 41333 0.145869 241.958
1150	1	12966.1	287744	287731	12.6593	1822	8988	2348	7	0.0001 Colloc0 1822 41339 0.118464 253.409
1160	1	13077.1	287443	287431	12.3603	1848	9029	2307	6	0.0001 Colloc0 1848 41322 0.1719 232.176
1170	1	13189.6	287541	287528	12.4467	1833	9006	2330	5	0.0001 Colloc0 1833 41335 0.148893 238.255
1180	1	13301.3	287367	287355	12.0648	1814	9046	2290	6	0.0001 Colloc0 1814 41339 0.166725 211.747
1190	1	13410.1	287298	287285	12.5906	1819	9119	2217	7	0.0001 Colloc0 1819 41333 0.134121 248.483
1200	1	13516.5	287652	287639	12.1703	1837	8969	2367	6	0.0001 Colloc0 1837 41311 0.165939 218.97
1210	1	13627.5	287731	287719	12.0915	1834	8938	2398	5	0.0001 Colloc0 1834 41328 0.162181 213.566
1220	1	13738.6	287606	287594	12.1443	1839	9029	2307	6	0.0001 Colloc0 1839 41319 0.162124 217.182
1230	1	13849.2	287779	287766	12.3441	1844	8915	2421	7	0.0001 Colloc0 1844 41245 0.164733 231.038
1240	1	13956.4	287635	287623	12.2651	1874	9010	2326	5	0.0001 Colloc0 1874 41258 0.173865 225.528
1250	1	14067.2	287419	287406	12.4154	1834	8982	2354	6	0.0001 Colloc0 1834 41261 0.151462 236.045
1260	1	14177.4	287456	287443	12.408	1856	9010	2326	5	0.0001 Colloc0 1856 41238 0.152754 235.529
1270	1	14288.2	287243	287231	12.2343	1820	9024	2312	5	0.0001 Colloc0 1820 41271 0.165941 223.393
1280	1	14401.3	287063	287051	12.1873	1833	9023	2313	6	0.0001 Colloc0 1833 41255 0.165604 220.142
1290	1	14515	287461	287449	11.9575	1863	8920	2416	7	0.0001 Colloc0 1863 41305 0.163019 204.475
1300	1	14628.3	287120	287107	12.2761	1827	8972	2364	5	0.0001 Colloc0 1827 41266 0.131294 226.294
1310	1	14740.3	286750	286738	12.4976	1815	8996	2340	4	0.0001 Colloc0 1815 41255 0.148407 241.863
1320	1	14852.2	286602	286589	12.5223	1830	9140	2196	6	0.0001 Colloc0 1830 41217 0.144348 243.615
1330	1	14964.5	286183	286170	12.4327	1826	9203	2133	5	0.0001 Colloc0 1826 41173 0.13011 237.266
1340	1	15076.2	285749	285738	11.8469	1836	9233	2103	4	0.0001 Colloc0 1836 41141 0.181457 197.067
1350	1	15187.6	285699	285687	12.2684	1849	9244	2092	5	0.0001 Colloc0 1849 41064 0.154242 225.762
1360	1	15300.3	286133	286120	12.4257	1840	9111	2225	6	0.0001 Colloc0 1840 41110 0.146304 236.772
1370	1	15408.1	285878	285865	12.5099	1841	9164	2172	6	0.0001 Colloc0 1841 41084 0.159076 242.731
1380	1	15516.9	285865	285852	12.2824	1839	9278	2058	4	0.0001 Colloc0 1839 41121 0.14875 226.736
1390	1	15626.1	285533	285521	12.0557	1816	9279	2057	5	0.0001 Colloc0 1816 41071 0.153105 211.122
1400	1	15738.3	285725	285712	12.6559	1830	9231	2105	4	0.0001 Colloc0 1830 41070 0.136328 253.166
1410	1	15848.8	285699	285686	12.3376	1855	9244	2092	5	0.0001 Colloc0 1855 41048 0.145161 230.585
1420	1	15955.1	286100	286087	12.6302	1838	9124	2212	5	0.0001 Colloc0 1838 41107 0.13831 251.32
1430	1	16065.1	285947	285935	12.472	1831	9191	2145	5	0.0001 Colloc0 1831 41083 0.146979 240.044
1440	1	16176.4	286210	286198	12.0789	1835	9120	2216	7	0.0001 Colloc0 1835 41068 0.15776 212.706
1450	1	16289.5	286046	286033	12.895	1825	9122	2214	4	0.0001 Colloc0 1825 41089 0.132028 270.512
1460	1	16403.1	286111	286098	12.4336	1840	9086	2250	5	0.0001 Colloc0 1840 41086 0.138403 237.33
1470	1	16517	285755	285742	12.4152	1833	9237	2099	5	0.0001 Colloc0 1833 41073 0.135132 236.036
1480	1	16629.9	286069	286056	12.7613	1825	9115	2221	4	0.0001 Colloc0 1825 41069 0.135811 260.777
1490	1	16739.9	285711	285699	12.4599	1834	9250	2086	6	0.0001 Colloc0 1834 41065 0.143848 239.192
1500	1	16847.4	285397	285384	12.738	1836	9343	1993	5	0.0001 Colloc0 1836 41053 0.139751 259.088
1510	1	16960.8	284957	284945	12.2258	1820	9400	1936	6	0.0001 Colloc0 1820 41027 0.156698 222.804
1520	1	17068.5	285641	285629	12.6875	1810	9298	2038	7	0.0001 Colloc0 1810 41047 0.123834 255.438
1530	1	17178.4	285334	285321	12.2596	1843	9340	1996	5	0.0001 Colloc0 1843 41028 0.164779 225.149
1540	1	17291.5	285433	285421	12.1464	1833	9297	2039	4	0.0001 Colloc0 1833 41035 0.148725 217.324
1550	1	17404.2	285310	285297	12.4655	1841	9304	2032	5	0.0001 Colloc0 1841 41037 0.142184 239.583
1560	1	17512	285446	285433	12.2488	1799	9222	2114	5	0.0001 Colloc0 1799 41038 0.156907 224.4
1570	1	17620.2	285178	285166	12.7202	1813	9304	2032	6	0.0001 Colloc0 1813 41026 0.117716 257.801
1580	1	17729	285371	285359	12.3668	1806	9245	2091	7	0.0001 Colloc0 1806 41079 0.150018 232.63
1590	1	17836.8	285406	285394	12.2919	1843	9253	2083	4	0.0001 Colloc0 1843 41018 0.168047 227.398
1600	1	17943.1	285222	285209	12.1418	1846	9356	1980	6	0.0001 Colloc0 1846 41010 0.174127 217.01
1610	1	18049.4	284728	284716	12.3192	1820	9349	1987	7	0.0001 Colloc0 1820 40953 0.15964 229.299
1620	1	18157.2	284779	284766	12.4059	1828	9427	1909	5	0.0001 Colloc0 1828 40959 0.137604 235.38
1630	1	18264.1	284878	284866	12.3098	1817	9396	1940	6	0.0001 Colloc0 1817 40962 0.16029 228.644
1640	1	18374.1	284982	284969	12.7098	1836	9294	2042	6	0.0001 Colloc0 1836 40946 0.125634 257.048
1650	1	18485.2	284641	284629	12.2211	1844	9400	1936	7	0.0001 Colloc0 1844 40940 0.154938 222.479
1660	1	18599.5	285070	285058	12.5162	1864	9254	2082	4	0.0001 Colloc0 1864 40906 0.138651 243.178
1670	1	18711	285271	285258	12.5072	1858	9130	2206	6	0.0001 Colloc0 1858 40894 0.144698 242.538
1680	1	18821.1	284829	284817	12.2877	1833	9329	2007	5	0.0001 Colloc0 1833 40921 0.148757 227.1
1690	1	18932.4	285061	285049	12.3397	1855	9200	2136	6	0.0001 Colloc0 1855 40886 0.144132 230.729
1700	1	19045	285024	285012	11.7984	1831	9176	2160	5	0.0001 Colloc0 1831 40891 0.168291 193.849
1710	1	19153.2	285018	285005	12.4137	1821	9204	2132	4	0.0001 Colloc0 1821 40900 0.135987 235.927
1720	1	19266.6	284984	284971	12.4705	1865	9246	2090	6	0.0001 Colloc0 1865 40907 0.154422 239.939
1730	1	19379.2	285042	285030	12.4634	1850	9142	2194	6	0.0001 Colloc0 1850 40887 0.152837 239.438
1740	1	19490.7	284639	284626	12.3362	1840	9199	2137	6	0.0001 Colloc0 1840 40804 0.156838 230.484
1750	1	19603.6	284796	284784	12.4363	1838	9265	2071	6	0.0001 Colloc0 1838 40824 0.136379 237.521
1760	1	19713.7	284972	284960	11.9344	1825	9194	2142	5	0.0001 Colloc0 1825 40847 0.160179 202.916
1770	1	19826.7	284663	284650	12.8016	1821	9320	2016	5	0.0001 Colloc0 1821 40849 0.115369 263.698
1780	1	19935.6	284460	284448	12.2706	1832	9339	1997	6	0.0001 Colloc0 1832 40853 0.158867 225.916
1790	1	20046.9	284004	283992	12.1341	1822	9443	1893	8	0.0001 Colloc0 1822 40848 0.161858 216.48
1800	1	20157	284562	284549	13.0589	1796	9093	2243	5	0.0001 Colloc0 1796 40814 0.093506 282.581
1810	1	20266.2	284435	284423	12.7011	1806	9145	2191	6	0.0001 Colloc0 1806 40870 0.130123 256.421
1820	1	20375.2	284447	284435	12.2873	1815	9122	2214	6	0.0001 Colloc0 1815 40823 0.148266 227.077
1830	1	20486	284448	284435	12.2876	1822	9220	2116	5	0.0001 Colloc0 1822 40832 0.138357 227.092
1840	1	20595.6	284262	284250	12.4445	1832	9369	1967	5	0.0001 Colloc0 1832 40791 0.145524 238.102
1850	1	20706.8	284091	284078	12.2303	1846	9386	1950	5	0.0001 Colloc0 1846 40828 0.159436 223.117
1860	1	20818.8	284044	284033	11.8826	1838	9486	1850	6	0.0001 Colloc0 1838 40813 0.180325 199.446
1870	1	20927.6	284006	283993	12.7637	1830	9429	1907	4	0.0001 Colloc0 1830 40808 0.128663 260.952
1880	1	21039.8	284191	284179	12.0811	1869	9362	1974	4	0.0001 Colloc0 1869 40765 0.170402 212.856
1890	1	21150.8	283837	283824	12.805	1818	9428	1908	6	0.0001 Colloc0 1818 40741 0.120941 263.949
1900	1	21262.2	284176	284163	12.8695	1821	9372	1964	5	0.0001 Colloc0 1821 40759 0.117548 268.648
1910	1	21373	284525	284512	12.743	1841	9241	2095	7	0.0001 Colloc0 1841 40761 0.141178 259.451
1920	1	21483.3	283921	283908	12.2998	1858	9447	1889	5	0.0001 Colloc0 1858 40722 0.163898 227.946
1930	1	21591.4	283893	283880	12.5111	1831	9326	2010	4	0.0001 Colloc0 1831 40675 0.13072 242.815
1940	1	21701.3	283328	283315	12.5645	1818	9352	1984	6	0.0001 Colloc0 1818 40478 0.127149 246.62
1950	1	21810.3	283127	283114	12.8778	1822	9350	1986	7	0.0001 Colloc0 1822 40431 0.116962 269.253
1960	1	21920.1	283243	283231	12.2353	1842	9295	2041	7	0.0001 Colloc0 1842 40442 0.154396 223.463
1970	1	22030.2	282990	282978	12.4449	1839	9326	2010	5	0.0001 Colloc0 1839 40439 0.155259 238.129
1980	1	22136	283526	283514	12.4841	1849	9144	2192	7	0.0001 Colloc0 1849 40415 0.13208 240.902
1990	1	22242.4	283454	283441	12.7987	1843	9293	2043	8	0.0001 Colloc0 1843 40460 0.117512 263.49
2000	1	22348.7	283322	283309	12.5242	1854	9295	2041	6	0.0001 Colloc0 1854 40428 0.149493 243.751
