# D = 0, E = 1, I = 1, P = 1, R = -1, n = 2000, N = 1, P = 1, w = 1, a = 0.0001, b = 10000, e = 1, f = 1, g = 100, h = 0.01, r = 3854, s = 1, S = 0, x = 10, m = 100, Z = 1, z = 0, T = 1, t = 1
# 119008 tokens in 11336 sentences
#
# It	Temp	Time	-logP	-logPcorpus	-logPrior	tables	same	changed	reject	default_pya	(parent pym pyn pya pyb)*
0	1	13.23	456129	456015	113.764	11952	0	11336	0	0.0001 Colloc0 11952 57599 0.0001 10000
10	1	175.929	352948	352934	14.1572	2797	3655	7681	4	0.0001 Colloc0 2797 48256 0.165589 366.631
20	1	297.69	341804	341789	14.5872	2124	4060	7276	5	0.0001 Colloc0 2124 47542 0.0346912 400.814
30	1	414.338	335739	335724	14.159	1940	4520	6816	5	0.0001 Colloc0 1940 47211 0.0267648 366.773
40	1	530.886	331097	331083	13.5393	1843	4764	6572	3	0.0001 Colloc0 1843 46961 0.0547728 318.714
50	1	643.131	328767	328753	13.2918	1831	4847	6489	4	0.0001 Colloc0 1831 46694 0.0681349 299.968
60	1	758.642	327103	327090	13.5176	1835	4936	6400	4	0.0001 Colloc0 1835 46513 0.0734782 317.056
70	1	873.592	325280	325267	12.715	1896	5033	6303	6	0.0001 Colloc0 1896 46272 0.125327 257.425
80	1	982.997	323288	323275	13.1943	1830	5248	6088	3	0.0001 Colloc0 1830 46130 0.084053 292.654
90	1	1095.05	322588	322574	13.3653	1796	5242	6094	4	0.0001 Colloc0 1796 46021 0.0704566 305.501
100	1	1209.37	321187	321174	13.0151	1786	5261	6075	3	0.0001 Colloc0 1786 45937 0.0920379 279.346
110	1	1324.06	320484	320471	12.7074	1849	5384	5952	3	0.0001 Colloc0 1849 45906 0.126666 256.879
120	1	1437.92	319480	319467	12.9501	1797	5471	5865	4	0.0001 Colloc0 1797 45823 0.0837108 274.559
130	1	1551.6	319069	319056	12.8979	1831	5608	5728	5	0.0001 Colloc0 1831 45789 0.111606 270.728
140	1	1666.56	318022	318009	12.9821	1835	5610	5726	4	0.0001 Colloc0 1835 45658 0.0986901 276.912
150	1	1778.39	316481	316468	12.9293	1799	5709	5627	3	0.0001 Colloc0 1799 45582 0.100503 273.026
160	1	1890.81	316254	316242	12.6444	1830	5707	5629	4	0.0001 Colloc0 1830 45501 0.104112 252.34
170	1	2006.83	315844	315831	12.5922	1849	5692	5644	5	0.0001 Colloc0 1849 45467 0.119102 248.597
180	1	2121.56	315464	315451	12.9769	1865	5754	5582	4	0.0001 Colloc0 1865 45319 0.106142 276.529
190	1	2236.21	314286	314273	13.0183	1832	5943	5393	5	0.0001 Colloc0 1832 45269 0.107367 279.584
200	1	2350.14	314159	314146	12.8342	1822	6049	5287	3	0.0001 Colloc0 1822 45120 0.109961 266.072
210	1	2465.12	313601	313588	12.2326	1851	6026	5310	4	0.0001 Colloc0 1851 44968 0.13551 223.273
220	1	2578.12	312485	312473	12.0532	1841	6178	5158	5	0.0001 Colloc0 1841 44932 0.157053 210.952
230	1	2692.81	311893	311880	12.6292	1838	6229	5107	5	0.0001 Colloc0 1838 44815 0.133349 251.248
240	1	2804	309958	309946	12.1827	1844	6464	4872	3	0.0001 Colloc0 1844 44680 0.14373 219.828
250	1	2915.59	308929	308916	12.9294	1807	6488	4848	4	0.0001 Colloc0 1807 44648 0.113917 273.036
260	1	3029.37	308456	308444	11.877	1831	6677	4659	5	0.0001 Colloc0 1831 44677 0.165771 199.076
270	1	3144.36	308109	308097	12.8066	1876	6762	4574	7	0.0001 Colloc0 1876 44444 0.131566 264.063
280	1	3256.93	307208	307196	12.494	1846	6765	4571	4	0.0001 Colloc0 1846 44437 0.132935 241.607
290	1	3370.19	305978	305965	12.4932	1798	6800	4536	5	0.0001 Colloc0 1798 44194 0.133658 241.547
300	1	3483.66	306137	306124	12.217	1813	6822	4514	6	0.0001 Colloc0 1813 44180 0.157592 222.193
310	1	3595.49	305883	305871	12.5354	1820	6876	4460	7	0.0001 Colloc0 1820 44133 0.126893 244.544
320	1	3710.05	305962	305949	12.8501	1810	6927	4409	7	0.0001 Colloc0 1810 44128 0.116065 267.236
330	1	3824.73	304501	304489	12.0818	1830	7148	4188	5	0.0001 Colloc0 1830 44059 0.171966 212.903
340	1	3936.4	303775	303763	12.4239	1808	7207	4129	6	0.0001 Colloc0 1808 43942 0.131589 236.649
350	1	4047.86	302876	302864	12.0097	1826	7475	3861	4	0.0001 Colloc0 1826 43838 0.163706 208.003
360	1	4160.35	302337	302325	12.3509	1829	7808	3528	8	0.0001 Colloc0 1829 43793 0.135649 231.517
370	1	4273.48	302650	302637	12.4146	1836	7682	3654	4	0.0001 Colloc0 1836 43798 0.144426 235.993
380	1	4386.79	302465	302452	12.4122	1841	7748	3588	6	0.0001 Colloc0 1841 43757 0.144479 235.822
390	1	4494.79	302157	302145	12.1501	1822	7714	3622	4	0.0001 Colloc0 1822 43656 0.153296 217.583
400	1	4601.67	302127	302114	12.3044	1808	7718	3618	3	0.0001 Colloc0 1808 43617 0.142601 228.263
410	1	4708.7	301661	301648	12.4724	1811	7813	3523	5	0.0001 Colloc0 1811 43588 0.13865 240.071
420	1	4818.77	302089	302077	12.0552	1861	7734	3602	6	0.0001 Colloc0 1861 43567 0.157136 211.09
430	1	4932.05	301959	301946	12.4195	1835	7615	3721	3	0.0001 Colloc0 1835 43573 0.137913 236.34
440	1	5044.94	300595	300582	12.4183	1816	7845	3491	6	0.0001 Colloc0 1816 43463 0.137089 236.249
450	1	5156.58	300321	300309	11.9981	1823	7935	3401	4	0.0001 Colloc0 1823 43411 0.170887 207.215
460	1	5269.28	300239	300226	12.4532	1840	7934	3402	5	0.0001 Colloc0 1840 43406 0.139019 238.718
470	1	5382.73	298970	298958	12.2391	1804	7969	3367	4	0.0001 Colloc0 1804 43284 0.157802 223.724
480	1	5494.91	298630	298617	12.3784	1809	8115	3221	4	0.0001 Colloc0 1809 43239 0.119567 233.445
490	1	5601.74	298369	298357	12.268	1833	8198	3138	3	0.0001 Colloc0 1833 43209 0.16259 225.729
500	1	5708.94	298456	298443	12.696	1820	8073	3263	4	0.0001 Colloc0 1820 43187 0.133488 256.055
510	1	5814.61	298230	298218	12.3311	1833	8191	3145	6	0.0001 Colloc0 1833 43189 0.145417 230.129
520	1	5920.66	297940	297928	12.1157	1829	8300	3036	4	0.0001 Colloc0 1829 43198 0.170071 215.222
530	1	6026.86	296796	296784	11.9799	1846	8408	2928	4	0.0001 Colloc0 1846 42982 0.184096 205.982
540	1	6132.85	296249	296237	12.6325	1854	8467	2869	2	0.0001 Colloc0 1854 42868 0.144885 251.485
550	1	6238.59	296002	295989	12.2997	1828	8272	3064	4	0.0001 Colloc0 1828 42782 0.155435 227.94
560	1	6344.83	295501	295490	11.8509	1802	8391	2945	3	0.0001 Colloc0 1802 42793 0.171347 197.333
570	1	6450.62	294704	294692	12.3959	1819	8538	2798	3	0.0001 Colloc0 1819 42784 0.15055 234.675
580	1	6559.2	294680	294668	11.9704	1818	8554	2782	4	0.0001 Colloc0 1818 42736 0.174814 205.343
590	1	6669.57	295407	295395	12.3429	1844	8368	2968	5	0.0001 Colloc0 1844 42730 0.146374 230.959
600	1	6775.99	294502	294490	12.0114	1824	8488	2848	6	0.0001 Colloc0 1824 42684 0.171191 208.114
610	1	6887.62	293078	293066	12.3402	1823	8533	2803	3	0.0001 Colloc0 1823 42568 0.153123 230.767
620	1	7000.81	292955	292943	12.5555	1828	8584	2752	3	0.0001 Colloc0 1828 42564 0.142255 245.981
630	1	7110.51	292506	292494	12.0698	1822	8588	2748	3	0.0001 Colloc0 1822 42266 0.158646 212.083
640	1	7222.93	292578	292566	11.9909	1828	8501	2835	5	0.0001 Colloc0 1828 42273 0.169813 206.729
650	1	7336.23	293066	293054	12.0793	1851	8394	2942	3	0.0001 Colloc0 1851 42298 0.156951 212.736
660	1	7448.46	291999	291987	11.5801	1827	8582	2754	3	0.0001 Colloc0 1827 42212 0.197546 179.581
670	1	7561.87	291891	291879	12.2123	1821	8502	2834	3	0.0001 Colloc0 1821 42161 0.16287 221.869
680	1	7674.7	291772	291759	12.2744	1821	8556	2780	3	0.0001 Colloc0 1821 42173 0.142802 226.176
690	1	7787	290962	290949	12.328	1807	8617	2719	2	0.0001 Colloc0 1807 41970 0.147216 229.916
700	1	7898.39	291406	291394	12.1574	1828	8489	2847	3	0.0001 Colloc0 1828 41994 0.176636 218.082
710	1	8011.04	291586	291573	12.6152	1823	8373	2963	4	0.0001 Colloc0 1823 41954 0.132458 250.248
720	1	8123.87	291862	291849	12.4496	1817	8245	3091	4	0.0001 Colloc0 1817 41959 0.136128 238.462
730	1	8236.37	291535	291523	12.0596	1833	8353	2983	3	0.0001 Colloc0 1833 41902 0.181079 211.392
740	1	8346.62	290465	290453	12.3351	1782	8611	2725	4	0.0001 Colloc0 1782 41781 0.157198 230.41
750	1	8453.25	290896	290883	12.2079	1801	8453	2883	4	0.0001 Colloc0 1801 41821 0.155621 221.565
760	1	8563.34	291067	291055	12.0621	1817	8290	3046	4	0.0001 Colloc0 1817 41727 0.161653 211.558
770	1	8675.99	291039	291026	12.7166	1837	8340	2996	6	0.0001 Colloc0 1837 41700 0.134966 257.539
780	1	8785.44	291328	291315	12.3855	1840	8303	3033	4	0.0001 Colloc0 1840 41689 0.144682 233.944
790	1	8892.24	290702	290690	11.8452	1833	8455	2881	3	0.0001 Colloc0 1833 41632 0.178125 196.955
800	1	9004.65	290412	290399	12.9358	1823	8457	2879	2	0.0001 Colloc0 1823 41604 0.116282 273.506
810	1	9114.8	290493	290481	12.5427	1831	8351	2985	3	0.0001 Colloc0 1831 41567 0.135404 245.063
820	1	9224.62	289983	289971	11.9703	1826	8446	2890	3	0.0001 Colloc0 1826 41560 0.174121 205.335
830	1	9336.04	289719	289706	12.7956	1825	8492	2844	5	0.0001 Colloc0 1825 41516 0.110688 263.266
840	1	9447.62	289820	289808	12.0947	1824	8457	2879	3	0.0001 Colloc0 1824 41517 0.173484 213.783
850	1	9560.09	289412	289400	12.3259	1819	8485	2851	5	0.0001 Colloc0 1819 41462 0.150357 229.77
860	1	9672.77	289563	289551	12.331	1818	8610	2726	3	0.0001 Colloc0 1818 41476 0.153644 230.121
870	1	9786.19	289500	289488	12.5316	1860	8670	2666	5	0.0001 Colloc0 1860 41463 0.13671 244.273
880	1	9899.61	288570	288558	11.6832	1829	8965	2371	4	0.0001 Colloc0 1829 41435 0.184344 186.271
890	1	10011.4	288508	288496	11.9043	1858	9065	2271	2	0.0001 Colloc0 1858 41400 0.177287 200.897
900	1	10123	288832	288820	12.0682	1826	8892	2444	3	0.0001 Colloc0 1826 41435 0.163826 211.975
910	1	10234.7	288351	288338	12.4148	1821	8989	2347	4	0.0001 Colloc0 1821 41414 0.147002 236.005
920	1	10346.6	288950	288937	12.3281	1859	8874	2462	5	0.0001 Colloc0 1859 41374 0.16301 229.919
930	1	10457.8	288555	288542	12.5404	1815	9046	2290	3	0.0001 Colloc0 1815 41427 0.146442 244.903
940	1	10570.3	288938	288925	12.4689	1841	8918	2418	4	0.0001 Colloc0 1841 41442 0.159095 239.824
950	1	10684.2	288917	288905	12.4478	1848	8923	2413	3	0.0001 Colloc0 1848 41390 0.14764 238.336
960	1	10797	288789	288776	12.4959	1843	8928	2408	2	0.0001 Colloc0 1843 41343 0.152053 241.742
970	1	10908.6	288781	288768	12.5327	1831	8906	2430	3	0.0001 Colloc0 1831 41356 0.145454 244.354
980	1	11022.2	288482	288469	12.8153	1842	9014	2322	4	0.0001 Colloc0 1842 41405 0.129638 264.696
