# D = 0, E = 1, I = 1, P = 1, R = -1, n = 2000, N = 1, P = 1, w = 1, a = 0.0001, b = 10000, e = 1, f = 1, g = 100, h = 0.01, r = 5025, s = 1, S = 0, x = 10, m = 100, Z = 1, z = 0, T = 1, t = 1
# 119008 tokens in 11336 sentences
#
# It	Temp	Time	-logP	-logPcorpus	-logPrior	tables	same	changed	reject	default_pya	(parent pym pyn pya pyb)*
0	1	11.0633	395836	395723	113.764	9228	0	11336	0	0.0001 Colloc0 9228 48512 0.0001 10000
10	1	156.091	334982	334967	14.7696	2624	3824	7512	6	0.0001 Colloc0 2624 44673 0.106912 415.49
20	1	270.537	326043	326028	14.8002	2123	4061	7275	6	0.0001 Colloc0 2123 44241 0.0355088 417.967
30	1	385.899	322669	322654	14.2792	2030	4310	7026	8	0.0001 Colloc0 2030 44116 0.0574079 376.268
40	1	501.117	318368	318354	13.4156	1955	4585	6751	7	0.0001 Colloc0 1955 43782 0.0795957 309.306
50	1	617.674	315558	315545	13.7221	1936	4773	6563	6	0.0001 Colloc0 1936 43636 0.0664459 332.728
60	1	732.795	313441	313427	13.4516	1931	4968	6368	6	0.0001 Colloc0 1931 43474 0.086913 312.037
70	1	845.43	311543	311530	13.2666	1959	5152	6184	4	0.0001 Colloc0 1959 43350 0.122696 298.069
80	1	958.362	309951	309938	12.8624	1915	5426	5910	6	0.0001 Colloc0 1915 43324 0.114429 268.134
90	1	1072.74	305919	305906	13.5135	1887	5719	5617	5	0.0001 Colloc0 1887 42962 0.0845276 316.744
100	1	1184.24	305101	305089	12.8598	1848	5724	5612	7	0.0001 Colloc0 1848 42910 0.112854 267.939
110	1	1291.35	303700	303688	12.802	1860	5790	5546	8	0.0001 Colloc0 1860 42772 0.126371 263.728
120	1	1403.98	302470	302458	12.5292	1838	5989	5347	7	0.0001 Colloc0 1838 42669 0.125207 244.102
130	1	1520.05	301779	301767	12.518	1860	6189	5147	4	0.0001 Colloc0 1860 42558 0.141785 243.307
140	1	1635.54	300226	300213	12.9314	1861	6350	4986	5	0.0001 Colloc0 1861 42443 0.120069 273.18
150	1	1748.67	300255	300242	12.9487	1878	6331	5005	6	0.0001 Colloc0 1878 42427 0.13893 274.452
160	1	1862.41	299604	299591	12.3207	1868	6500	4836	5	0.0001 Colloc0 1868 42420 0.153763 229.404
170	1	1976	298756	298744	12.2743	1857	6501	4835	4	0.0001 Colloc0 1857 42352 0.144955 226.171
180	1	2089.14	298375	298362	12.6882	1867	6526	4810	8	0.0001 Colloc0 1867 42327 0.130941 255.495
190	1	2200.67	297911	297899	12.4044	1895	6676	4660	7	0.0001 Colloc0 1895 42272 0.142707 235.275
200	1	2315.6	296979	296966	12.8294	1853	6812	4524	6	0.0001 Colloc0 1853 42261 0.126025 265.722
210	1	2425.48	296380	296368	12.6538	1832	6958	4378	6	0.0001 Colloc0 1832 42173 0.121088 253.013
220	1	2538.2	296058	296046	12.3331	1880	6994	4342	5	0.0001 Colloc0 1880 42121 0.149754 230.271
230	1	2652.25	296162	296149	12.4128	1829	6965	4371	6	0.0001 Colloc0 1829 42076 0.139512 235.863
240	1	2763.9	296040	296028	12.6331	1850	6990	4346	4	0.0001 Colloc0 1850 42019 0.116267 251.531
250	1	2873.12	296147	296134	12.9311	1911	6903	4433	3	0.0001 Colloc0 1911 41960 0.140765 273.163
260	1	2983.94	294939	294926	12.7313	1871	7079	4257	6	0.0001 Colloc0 1871 41812 0.136909 258.601
270	1	3093.56	293666	293654	12.166	1877	7278	4058	6	0.0001 Colloc0 1877 41751 0.153213 218.673
280	1	3207.35	293536	293524	12.4518	1867	7271	4065	3	0.0001 Colloc0 1867 41695 0.152358 238.614
290	1	3321.79	293440	293428	12.2434	1867	7301	4035	5	0.0001 Colloc0 1867 41656 0.169138 224.025
300	1	3435.62	292489	292476	12.3478	1822	7388	3948	5	0.0001 Colloc0 1822 41472 0.129543 231.299
310	1	3547.82	292326	292314	12.4848	1862	7422	3914	4	0.0001 Colloc0 1862 41435 0.160326 240.951
320	1	3660.54	292083	292071	12.1709	1838	7430	3906	5	0.0001 Colloc0 1838 41362 0.144487 219.012
330	1	3773.12	291996	291983	12.9967	1861	7396	3940	6	0.0001 Colloc0 1861 41316 0.117474 277.987
340	1	3885.5	291651	291638	12.8684	1845	7614	3722	4	0.0001 Colloc0 1845 41348 0.119418 268.567
350	1	3998.4	291338	291326	12.3871	1874	7560	3776	4	0.0001 Colloc0 1874 41262 0.157775 234.058
360	1	4114.43	291066	291054	12.3173	1839	7602	3734	5	0.0001 Colloc0 1839 41213 0.143684 229.165
370	1	4223.11	291693	291680	13.0433	1857	7485	3851	3	0.0001 Colloc0 1857 41228 0.126087 281.428
380	1	4335.42	291318	291305	13.2904	1879	7508	3828	4	0.0001 Colloc0 1879 41194 0.102385 299.856
390	1	4448.19	290912	290900	12.3386	1879	7654	3682	3	0.0001 Colloc0 1879 41162 0.15559 230.658
400	1	4558.41	290565	290552	12.9202	1847	7636	3700	5	0.0001 Colloc0 1847 41142 0.139922 272.359
410	1	4671.03	290514	290501	12.6691	1868	7632	3704	6	0.0001 Colloc0 1868 41102 0.138155 254.114
420	1	4781.57	289855	289843	12.5097	1842	7755	3581	5	0.0001 Colloc0 1842 41128 0.137379 242.719
430	1	4894.56	290332	290320	12.5471	1881	7658	3678	5	0.0001 Colloc0 1881 41092 0.136972 245.38
440	1	5008.18	290583	290570	12.9609	1891	7676	3660	3	0.0001 Colloc0 1891 41059 0.121164 275.348
450	1	5120.58	289876	289864	12.6143	1877	7670	3666	4	0.0001 Colloc0 1877 41032 0.14875 250.182
460	1	5231.58	289777	289764	12.2678	1898	7845	3491	4	0.0001 Colloc0 1898 41034 0.155254 225.719
470	1	5343.95	289822	289809	13.1312	1845	7762	3574	5	0.0001 Colloc0 1845 41064 0.0958732 287.952
480	1	5456.67	289523	289510	12.9037	1885	7921	3415	3	0.0001 Colloc0 1885 41029 0.135603 271.148
490	1	5568.1	289284	289272	12.6392	1912	7915	3421	7	0.0001 Colloc0 1912 41013 0.138132 251.963
500	1	5676.8	288873	288860	13.0718	1880	7954	3382	3	0.0001 Colloc0 1880 40982 0.120519 283.538
510	1	5790.12	288870	288857	12.7881	1863	7943	3393	4	0.0001 Colloc0 1863 40989 0.125326 262.72
520	1	5903.37	288386	288373	12.6935	1840	7995	3341	4	0.0001 Colloc0 1840 40975 0.139925 255.874
530	1	6013.33	288063	288050	12.5338	1825	8031	3305	4	0.0001 Colloc0 1825 40959 0.130973 244.432
540	1	6121	288533	288520	12.6302	1851	8036	3300	5	0.0001 Colloc0 1851 40982 0.137889 251.318
550	1	6229.99	288201	288188	12.6749	1848	8045	3291	4	0.0001 Colloc0 1848 40924 0.139343 254.534
560	1	6341.39	288262	288249	13.1428	1881	7948	3388	5	0.0001 Colloc0 1881 40844 0.116883 288.812
570	1	6454.71	288412	288400	12.7082	1872	7980	3356	3	0.0001 Colloc0 1872 40844 0.134099 256.934
580	1	6567.08	288193	288180	12.2605	1867	7947	3389	3	0.0001 Colloc0 1867 40822 0.163337 225.21
590	1	6679.43	287784	287771	12.7873	1864	8086	3250	4	0.0001 Colloc0 1864 40849 0.129658 262.665
600	1	6786.68	287747	287734	12.4747	1872	8070	3266	3	0.0001 Colloc0 1872 40740 0.151882 240.239
610	1	6893.75	287885	287873	12.6934	1855	7936	3400	6	0.0001 Colloc0 1855 40779 0.12847 255.863
620	1	7000.49	287502	287489	12.7127	1857	8044	3292	4	0.0001 Colloc0 1857 40752 0.134496 257.258
630	1	7113.33	288314	288302	12.4834	1894	7857	3479	4	0.0001 Colloc0 1894 40738 0.15335 240.852
640	1	7224.99	288545	288532	12.7719	1897	7767	3569	4	0.0001 Colloc0 1897 40741 0.125653 261.544
650	1	7338.32	288411	288398	13.08	1891	7804	3532	4	0.0001 Colloc0 1891 40713 0.116972 284.149
660	1	7451.6	287886	287873	13.0362	1877	7983	3353	3	0.0001 Colloc0 1877 40723 0.117539 280.904
670	1	7562.03	287349	287336	12.5039	1852	8157	3179	3	0.0001 Colloc0 1852 40630 0.141083 242.304
680	1	7670.91	287178	287166	12.3775	1869	8036	3300	5	0.0001 Colloc0 1869 40679 0.149406 233.385
690	1	7782.65	286618	286606	12.1447	1879	8252	3084	4	0.0001 Colloc0 1879 40631 0.16554 217.212
700	1	7888.93	286928	286915	13.0389	1865	8242	3094	3	0.0001 Colloc0 1865 40623 0.113403 281.106
710	1	7997.42	286704	286692	12.5015	1893	8213	3123	2	0.0001 Colloc0 1893 40526 0.155035 242.133
720	1	8110.09	286769	286757	12.2681	1913	8158	3178	3	0.0001 Colloc0 1913 40512 0.175485 225.741
730	1	8218.3	286714	286701	13.0607	1878	8086	3250	2	0.0001 Colloc0 1878 40448 0.117011 282.714
740	1	8330.82	286457	286444	12.7148	1864	8106	3230	2	0.0001 Colloc0 1864 40433 0.124848 257.41
750	1	8442.64	286440	286427	13.2425	1878	8147	3189	3	0.0001 Colloc0 1878 40417 0.098117 296.26
760	1	8552.05	286562	286549	12.771	1883	8153	3183	2	0.0001 Colloc0 1883 40401 0.139891 261.478
770	1	8660.03	286957	286943	13.0971	1892	7975	3361	1	0.0001 Colloc0 1892 40388 0.117404 285.417
780	1	8772.82	286639	286627	12.3619	1879	8132	3204	4	0.0001 Colloc0 1879 40400 0.16267 232.289
790	1	8885.92	286208	286195	12.6972	1902	7988	3348	3	0.0001 Colloc0 1902 40261 0.13303 256.142
800	1	8997.19	285674	285661	12.9691	1874	8101	3235	1	0.0001 Colloc0 1874 40244 0.114622 275.957
810	1	9106.82	285935	285923	12.4013	1858	8072	3264	1	0.0001 Colloc0 1858 40291 0.14421 235.056
820	1	9220.11	286347	286335	12.5244	1877	7930	3406	3	0.0001 Colloc0 1877 40267 0.15027 243.766
830	1	9331.61	286384	286371	12.6328	1877	7984	3352	1	0.0001 Colloc0 1877 40269 0.124494 251.507
840	1	9442.17	286006	285994	12.9059	1882	8082	3254	1	0.0001 Colloc0 1882 40217 0.135368 271.315
850	1	9550.75	285296	285283	12.7562	1862	8262	3074	1	0.0001 Colloc0 1862 40167 0.120647 260.408
860	1	9659.87	285878	285866	12.0782	1899	8091	3245	2	0.0001 Colloc0 1899 40201 0.180909 212.659
870	1	9770.76	285899	285886	13.0792	1901	8180	3156	3	0.0001 Colloc0 1901 40191 0.101576 284.086
880	1	9882.97	285768	285755	12.748	1887	8177	3159	2	0.0001 Colloc0 1887 40202 0.138932 259.809
890	1	9995.61	285692	285679	13.2447	1906	8281	3055	3	0.0001 Colloc0 1906 40175 0.113563 296.431
900	1	10107.7	285725	285712	12.6497	1896	8227	3109	3	0.0001 Colloc0 1896 40190 0.160604 252.721
910	1	10220.3	285024	285012	12.3129	1883	8405	2931	1	0.0001 Colloc0 1883 40137 0.152221 228.858
920	1	10329.6	285333	285319	13.1314	1902	8316	3020	2	0.0001 Colloc0 1902 40200 0.109895 287.969
930	1	10439.8	285210	285197	12.6329	1890	8389	2947	1	0.0001 Colloc0 1890 40176 0.145233 251.516
940	1	10552.2	284888	284875	13.112	1889	8472	2864	1	0.0001 Colloc0 1889 40177 0.118134 286.523
950	1	10665	284887	284875	12.5136	1879	8460	2876	2	0.0001 Colloc0 1879 40151 0.157217 242.994
960	1	10774.6	284584	284572	12.7544	1893	8582	2754	1	0.0001 Colloc0 1893 40060 0.126009 260.273
970	1	10882	284559	284546	13.1195	1870	8516	2820	5	0.0001 Colloc0 1870 40075 0.113124 287.081
980	1	10989.8	284545	284533	12.79	1884	8421	2915	1	0.0001 Colloc0 1884 40033 0.132642 262.859
990	1	11098.9	284209	284196	12.3427	1885	8464	2872	4	0.0001 Colloc0 1885 40004 0.158419 230.944
1000	1	11210.8	284292	284279	12.4306	1884	8634	2702	2	0.0001 Colloc0 1884 39980 0.164842 237.121
1010	1	11323.1	284138	284126	12.2721	1890	8613	2723	2	0.0001 Colloc0 1890 40000 0.170432 226.019
1020	1	11435.3	284602	284590	12.4773	1914	8404	2932	2	0.0001 Colloc0 1914 39975 0.152577 240.422
1030	1	11548	284305	284293	12.7676	1906	8567	2769	2	0.0001 Colloc0 1906 39943 0.14228 261.235
1040	1	11660.5	283796	283783	13.5317	1869	8629	2707	2	0.0001 Colloc0 1869 39943 0.0792284 318.131
1050	1	11771.2	283974	283961	12.612	1923	8473	2863	2	0.0001 Colloc0 1923 39925 0.162483 250.017
1060	1	11880.7	283232	283220	12.5135	1909	8701	2635	2	0.0001 Colloc0 1909 39871 0.150128 242.991
1070	1	11991.4	283523	283510	12.9004	1888	8763	2573	2	0.0001 Colloc0 1888 39905 0.106404 270.913
1080	1	12099.9	282749	282736	12.7562	1884	9001	2335	3	0.0001 Colloc0 1884 39920 0.13259 260.407
1090	1	12210.4	282841	282828	12.6924	1918	9055	2281	4	0.0001 Colloc0 1918 39917 0.155452 255.797
1100	1	12323.4	283239	283227	12.5103	1897	8963	2373	1	0.0001 Colloc0 1897 39915 0.159081 242.764
1110	1	12433.2	283240	283228	12.0332	1898	8913	2423	2	0.0001 Colloc0 1898 39889 0.176907 209.593
1120	1	12544.8	283464	283451	12.7192	1930	8904	2432	1	0.0001 Colloc0 1930 39873 0.136418 257.731
1130	1	12657.3	283481	283469	12.2429	1907	8909	2427	2	0.0001 Colloc0 1907 39866 0.159362 223.989
1140	1	12770.3	283104	283092	12.8194	1880	9072	2264	2	0.0001 Colloc0 1880 39900 0.118631 264.996
1150	1	12882.5	283169	283156	12.9754	1902	9075	2261	1	0.0001 Colloc0 1902 39879 0.136438 276.417
1160	1	12994.3	283004	282991	12.3012	1894	9075	2261	1	0.0001 Colloc0 1894 39863 0.170566 228.041
1170	1	13103.2	282781	282768	13.0666	1911	9040	2296	2	0.0001 Colloc0 1911 39855 0.125774 283.151
1180	1	13210.1	283004	282991	13.1154	1892	8983	2353	1	0.0001 Colloc0 1892 39841 0.108714 286.775
1190	1	13319.8	283414	283401	12.8778	1893	8854	2482	2	0.0001 Colloc0 1893 39883 0.129212 269.253
1200	1	13433.2	283491	283478	12.8801	1926	8889	2447	3	0.0001 Colloc0 1926 39849 0.150244 269.427
1210	1	13544.5	283242	283229	12.7899	1913	8847	2489	1	0.0001 Colloc0 1913 39803 0.145574 262.85
1220	1	13656.3	283398	283385	12.7091	1905	8746	2590	1	0.0001 Colloc0 1905 39824 0.127541 257.001
1230	1	13767.9	283581	283568	12.8566	1903	8734	2602	5	0.0001 Colloc0 1903 39879 0.129633 267.707
1240	1	13881.6	283335	283323	12.8149	1913	8792	2544	3	0.0001 Colloc0 1913 39801 0.134972 264.665
1250	1	13994.7	282881	282867	13.1526	1890	8918	2418	4	0.0001 Colloc0 1890 39818 0.127018 289.542
1260	1	14107.6	282766	282752	13.3209	1918	8900	2436	2	0.0001 Colloc0 1918 39771 0.124198 302.157
1270	1	14219.5	283146	283133	13.4488	1907	8750	2586	1	0.0001 Colloc0 1907 39792 0.103179 311.829
1280	1	14331.9	283270	283258	12.1412	1943	8766	2570	5	0.0001 Colloc0 1943 39747 0.174195 216.972
1290	1	14443.2	282764	282751	12.8141	1903	8860	2476	1	0.0001 Colloc0 1903 39776 0.13226 264.608
1300	1	14552.9	282477	282464	12.6863	1919	8898	2438	2	0.0001 Colloc0 1919 39708 0.154647 255.355
1310	1	14665.7	282491	282478	12.6432	1903	8917	2419	5	0.0001 Colloc0 1903 39711 0.132171 252.255
1320	1	14774.9	282533	282520	12.6861	1926	8868	2468	2	0.0001 Colloc0 1926 39699 0.144267 255.337
1330	1	14886.8	282618	282605	12.9377	1919	8950	2386	2	0.0001 Colloc0 1919 39729 0.133115 273.648
1340	1	15000.6	282540	282527	12.8606	1888	8931	2405	4	0.0001 Colloc0 1888 39717 0.15429 268
1350	1	15113.4	282677	282664	12.7624	1902	8879	2457	1	0.0001 Colloc0 1902 39723 0.144888 260.855
1360	1	15224.9	282649	282636	12.7585	1923	8968	2368	2	0.0001 Colloc0 1923 39691 0.127877 260.574
1370	1	15332.5	281962	281949	12.7051	1884	9092	2244	2	0.0001 Colloc0 1884 39645 0.149522 256.709
1380	1	15439.4	282104	282091	12.9842	1918	8995	2341	4	0.0001 Colloc0 1918 39662 0.124485 277.066
1390	1	15552.8	282164	282150	13.1187	1896	8986	2350	3	0.0001 Colloc0 1896 39663 0.115068 287.021
1400	1	15663.4	282782	282770	12.5342	1939	8799	2537	4	0.0001 Colloc0 1939 39648 0.149017 244.462
1410	1	15776.3	282418	282405	12.8444	1931	8904	2432	3	0.0001 Colloc0 1931 39598 0.151021 266.814
1420	1	15889.9	282421	282408	12.7541	1911	8912	2424	2	0.0001 Colloc0 1911 39601 0.130652 260.256
1430	1	16000.8	282000	281988	12.8153	1898	8947	2389	4	0.0001 Colloc0 1898 39601 0.12958 264.699
1440	1	16113.3	282078	282065	12.9413	1913	8988	2348	1	0.0001 Colloc0 1913 39594 0.127938 273.912
1450	1	16225.7	282663	282650	12.9794	1919	8872	2464	1	0.0001 Colloc0 1919 39616 0.123905 276.71
1460	1	16338.1	282322	282309	12.6882	1906	8919	2417	3	0.0001 Colloc0 1906 39608 0.136369 255.49
1470	1	16448.7	282213	282200	12.7424	1912	8896	2440	2	0.0001 Colloc0 1912 39617 0.128303 259.408
1480	1	16561.2	282050	282037	12.7695	1932	8916	2420	5	0.0001 Colloc0 1932 39525 0.145346 261.371
1490	1	16671.6	281574	281561	12.8947	1911	9150	2186	2	0.0001 Colloc0 1911 39557 0.149728 270.494
1500	1	16784	281021	281009	12.4605	1915	9293	2043	2	0.0001 Colloc0 1915 39515 0.172703 239.231
1510	1	16894.6	280814	280801	12.9806	1913	9418	1918	2	0.0001 Colloc0 1913 39503 0.133446 276.797
1520	1	17010.8	280777	280764	12.8981	1892	9417	1919	1	0.0001 Colloc0 1892 39525 0.128057 270.74
1530	1	17124	281694	281681	12.9437	1906	9070	2266	2	0.0001 Colloc0 1906 39550 0.132852 274.084
1540	1	17236.3	281656	281643	12.6634	1923	9063	2273	3	0.0001 Colloc0 1923 39503 0.14004 253.709
1550	1	17345.5	281535	281522	13.2811	1917	9077	2259	2	0.0001 Colloc0 1917 39500 0.113897 299.163
1560	1	17457.8	281229	281216	12.3664	1881	9151	2185	2	0.0001 Colloc0 1881 39528 0.149466 232.6
1570	1	17569.6	281750	281737	13.0494	1919	9080	2256	1	0.0001 Colloc0 1919 39538 0.119225 281.882
1580	1	17679.4	281645	281632	13.0257	1905	9059	2277	3	0.0001 Colloc0 1905 39499 0.11248 280.125
1590	1	17788.7	281537	281525	12.4478	1942	9145	2191	3	0.0001 Colloc0 1942 39472 0.1485 238.336
1600	1	17900.5	281390	281377	13.3467	1904	9128	2208	1	0.0001 Colloc0 1904 39456 0.107681 304.097
1610	1	18010	281433	281420	12.3698	1904	9192	2144	2	0.0001 Colloc0 1904 39504 0.159686 232.842
1620	1	18117.5	281518	281505	12.616	1929	9192	2144	2	0.0001 Colloc0 1929 39502 0.136526 250.305
1630	1	18224.8	281012	280999	12.4423	1916	9349	1987	3	0.0001 Colloc0 1916 39463 0.167374 237.947
1640	1	18337	281322	281309	13.0257	1941	9300	2036	3	0.0001 Colloc0 1941 39435 0.136021 280.129
1650	1	18447.6	281233	281220	12.6635	1905	9254	2082	2	0.0001 Colloc0 1905 39482 0.140201 253.711
1660	1	18558.3	281555	281541	13.604	1914	9001	2335	1	0.0001 Colloc0 1914 39481 0.102895 323.656
1670	1	18668	281384	281372	12.7242	1935	9108	2228	3	0.0001 Colloc0 1935 39475 0.146256 258.09
1680	1	18778.6	281601	281588	12.524	1940	9112	2224	2	0.0001 Colloc0 1940 39484 0.163905 243.736
1690	1	18891.4	281657	281644	12.9769	1930	9109	2227	1	0.0001 Colloc0 1930 39464 0.142763 276.524
1700	1	19004.7	281567	281554	12.933	1943	9174	2162	2	0.0001 Colloc0 1943 39458 0.128396 273.304
1710	1	19115.6	282331	282318	12.8244	1949	8858	2478	2	0.0001 Colloc0 1949 39498 0.142788 265.357
1720	1	19225.6	281907	281894	13.0957	1908	8895	2441	1	0.0001 Colloc0 1908 39458 0.113512 285.309
1730	1	19336.5	281517	281504	12.9263	1935	9157	2179	2	0.0001 Colloc0 1935 39463 0.140818 272.806
1740	1	19447.6	281347	281335	12.4928	1925	9189	2147	2	0.0001 Colloc0 1925 39482 0.153995 241.522
1750	1	19560.5	281696	281683	12.7103	1919	9055	2281	1	0.0001 Colloc0 1919 39461 0.138433 257.088
1760	1	19672	281390	281378	12.9407	1900	9136	2200	4	0.0001 Colloc0 1900 39432 0.130454 273.866
1770	1	19783.5	281966	281953	13.0056	1930	9056	2280	3	0.0001 Colloc0 1930 39471 0.131069 278.646
1780	1	19893.8	282174	282161	12.8981	1951	8890	2446	3	0.0001 Colloc0 1951 39409 0.148723 270.74
1790	1	20004	281993	281980	13.1629	1928	8898	2438	2	0.0001 Colloc0 1928 39448 0.144371 290.31
1800	1	20114.1	282186	282173	13.0216	1907	8885	2451	2	0.0001 Colloc0 1907 39486 0.125943 279.827
1810	1	20224.1	281563	281550	12.8015	1904	8933	2403	4	0.0001 Colloc0 1904 39453 0.137508 263.69
1820	1	20334.9	281697	281684	12.9572	1934	9064	2272	2	0.0001 Colloc0 1934 39481 0.127124 275.08
1830	1	20445.6	281523	281510	13.161	1925	9143	2193	2	0.0001 Colloc0 1925 39459 0.116253 290.168
1840	1	20555.3	281571	281558	12.7218	1926	9047	2289	2	0.0001 Colloc0 1926 39446 0.146129 257.914
1850	1	20664.3	281607	281594	13.1489	1914	9039	2297	2	0.0001 Colloc0 1914 39441 0.115036 289.27
1860	1	20776.1	281779	281766	12.539	1931	8929	2407	6	0.0001 Colloc0 1931 39457 0.150019 244.801
1870	1	20887.2	280958	280944	13.1854	1891	9170	2166	2	0.0001 Colloc0 1891 39449 0.124781 291.992
1880	1	20998.5	280605	280593	12.7021	1898	9255	2081	2	0.0001 Colloc0 1898 39449 0.132189 256.497
1890	1	21109.2	281187	281174	12.8693	1894	9112	2224	2	0.0001 Colloc0 1894 39444 0.128455 268.633
1900	1	21216.9	281182	281169	12.8487	1910	9148	2188	1	0.0001 Colloc0 1910 39475 0.13641 267.129
1910	1	21327.1	281266	281253	12.6272	1924	9150	2186	1	0.0001 Colloc0 1924 39385 0.141353 251.103
1920	1	21438.9	281650	281637	12.9129	1928	9028	2308	1	0.0001 Colloc0 1928 39429 0.134304 271.825
1930	1	21549.2	281277	281264	12.737	1913	9085	2251	3	0.0001 Colloc0 1913 39379 0.131285 259.018
1940	1	21656.1	281500	281488	12.7534	1887	9009	2327	3	0.0001 Colloc0 1887 39427 0.144294 260.204
1950	1	21766.7	281699	281686	12.6363	1945	8997	2339	4	0.0001 Colloc0 1945 39396 0.155753 251.761
1960	1	21877.9	281250	281237	13.044	1914	9163	2173	3	0.0001 Colloc0 1914 39429 0.125526 281.48
1970	1	21988.2	281272	281259	12.9866	1925	9175	2161	2	0.0001 Colloc0 1925 39413 0.121777 277.239
1980	1	22092.7	281367	281355	12.3948	1949	9053	2283	3	0.0001 Colloc0 1949 39416 0.164127 234.6
1990	1	22193.8	280658	280645	12.6152	1917	9277	2059	2	0.0001 Colloc0 1917 39380 0.133951 250.248
2000	1	22295.4	280778	280766	12.6939	1940	9295	2041	1	0.0001 Colloc0 1940 39385 0.143921 255.906
