# D = 0, E = 1, I = 1, P = 1, R = -1, n = 2000, N = 1, P = 1, w = 1, a = 0.0001, b = 10000, e = 1, f = 1, g = 100, h = 0.01, r = 4771, s = 1, S = 0, x = 10, m = 100, Z = 1, z = 0, T = 1, t = 1
# 119008 tokens in 11336 sentences
#
# It	Temp	Time	-logP	-logPcorpus	-logPrior	tables	same	changed	reject	default_pya	(parent pym pyn pya pyb)*
0	1	14.3848	499520	499406	113.764	13536	0	11336	0	0.0001 Colloc0 13536 62357 0.0001 10000
10	1	178.706	365450	365436	13.6357	3067	2896	8440	10	0.0001 Colloc0 3067 49811 0.20882 326.089
20	1	293.668	354890	354875	14.4428	2172	3310	8026	9	0.0001 Colloc0 2172 49234 0.0601422 389.268
30	1	406.146	345977	345963	14.3897	1952	3768	7568	4	0.0001 Colloc0 1952 48460 0.0227229 385.036
40	1	517.718	339507	339493	13.5341	1888	3974	7362	3	0.0001 Colloc0 1888 47843 0.0513094 318.317
50	1	631.552	334764	334750	13.7116	1827	4292	7044	5	0.0001 Colloc0 1827 47412 0.0224784 331.918
60	1	746.477	332800	332787	13.3931	1772	4427	6909	6	0.0001 Colloc0 1772 47368 0.0479143 307.601
70	1	859.193	330157	330144	13.5673	1782	4632	6704	5	0.0001 Colloc0 1782 47103 0.0456631 320.85
80	1	968.049	328000	327987	13.4837	1786	4845	6491	2	0.0001 Colloc0 1786 46866 0.0397085 314.475
90	1	1079.51	325409	325397	12.7707	1777	4999	6337	2	0.0001 Colloc0 1777 46556 0.0929109 261.458
100	1	1192.93	322574	322561	12.9209	1761	5166	6170	4	0.0001 Colloc0 1761 46245 0.0735716 272.411
110	1	1308.33	321549	321536	13.0682	1764	5223	6113	3	0.0001 Colloc0 1764 46086 0.0845891 283.272
120	1	1421.86	319787	319774	13.1077	1770	5602	5734	3	0.0001 Colloc0 1770 45947 0.0769976 286.206
130	1	1533.8	319360	319347	12.6335	1787	5658	5678	2	0.0001 Colloc0 1787 45860 0.101857 251.558
140	1	1644.8	318159	318146	13.1182	1793	5682	5654	6	0.0001 Colloc0 1793 45752 0.0707206 286.986
150	1	1759.55	316993	316980	12.8102	1803	5769	5567	4	0.0001 Colloc0 1803 45588 0.0888764 264.324
160	1	1872.08	316266	316253	12.8218	1855	5840	5496	5	0.0001 Colloc0 1855 45460 0.11302 265.174
170	1	1986.74	314536	314523	12.7052	1795	6086	5250	5	0.0001 Colloc0 1795 45374 0.119014 256.714
180	1	2099.53	312696	312683	12.5663	1758	6309	5027	3	0.0001 Colloc0 1758 45222 0.107382 246.746
190	1	2206.24	311730	311718	12.3807	1798	6368	4968	4	0.0001 Colloc0 1798 45080 0.133777 233.608
200	1	2316.22	311058	311045	13.011	1754	6362	4974	10	0.0001 Colloc0 1754 44999 0.0774393 279.041
210	1	2432.89	308988	308976	12.5212	1778	6612	4724	4	0.0001 Colloc0 1778 44794 0.117009 243.539
220	1	2549.65	308304	308292	12.5032	1744	6758	4578	3	0.0001 Colloc0 1744 44810 0.122717 242.258
230	1	2664.26	306708	306696	12.2515	1763	6935	4401	5	0.0001 Colloc0 1763 44734 0.139398 224.587
240	1	2779.67	306669	306657	12.0786	1761	6915	4421	4	0.0001 Colloc0 1761 44488 0.138275 212.688
250	1	2889.84	305487	305475	11.6855	1771	7110	4226	0	0.0001 Colloc0 1771 44409 0.172721 186.424
260	1	3001.8	305123	305111	12.3945	1792	7117	4219	5	0.0001 Colloc0 1792 44321 0.134442 234.58
270	1	3117.56	305714	305701	12.3744	1823	7086	4250	0	0.0001 Colloc0 1823 44279 0.147765 233.167
280	1	3229.98	306130	306117	13.0086	1795	7036	4300	1	0.0001 Colloc0 1795 44242 0.101854 278.867
290	1	3339.87	304146	304133	12.1866	1814	7161	4175	2	0.0001 Colloc0 1814 44055 0.152355 220.094
300	1	3450.5	303591	303578	12.4518	1766	7205	4131	4	0.0001 Colloc0 1766 44014 0.101051 238.617
310	1	3564.12	302992	302980	12.3396	1808	7219	4117	4	0.0001 Colloc0 1808 43921 0.154897 230.723
320	1	3674.94	302483	302471	12.4603	1786	7260	4076	3	0.0001 Colloc0 1786 43867 0.133795 239.214
330	1	3790.53	302177	302165	12.451	1795	7262	4074	5	0.0001 Colloc0 1795 43833 0.121377 238.561
340	1	3905.86	302110	302097	12.3848	1795	7287	4049	1	0.0001 Colloc0 1795 43703 0.140209 233.891
350	1	4020.51	302322	302310	11.9067	1814	7236	4100	3	0.0001 Colloc0 1814 43652 0.161538 201.058
360	1	4134.45	302241	302228	12.5469	1799	7164	4172	4	0.0001 Colloc0 1799 43621 0.115977 245.368
370	1	4241.92	301283	301271	12.3349	1820	7235	4101	1	0.0001 Colloc0 1820 43495 0.126559 230.399
380	1	4353.9	301282	301269	12.4623	1812	7251	4085	3	0.0001 Colloc0 1812 43495 0.133248 239.36
390	1	4467.24	301065	301053	12.0236	1852	7289	4047	3	0.0001 Colloc0 1852 43432 0.154416 208.943
400	1	4574.6	301237	301224	12.4051	1828	7296	4040	2	0.0001 Colloc0 1828 43431 0.134605 235.32
410	1	4688.41	300786	300774	11.9362	1826	7345	3991	2	0.0001 Colloc0 1826 43428 0.169714 203.042
420	1	4798.78	299663	299650	12.8173	1796	7426	3910	4	0.0001 Colloc0 1796 43394 0.0995266 264.843
430	1	4911.07	299920	299908	12.1447	1780	7519	3817	4	0.0001 Colloc0 1780 43356 0.149979 217.211
440	1	5019.98	300305	300293	11.987	1790	7433	3903	4	0.0001 Colloc0 1790 43379 0.14673 206.465
450	1	5132.05	300259	300246	12.4709	1810	7398	3938	6	0.0001 Colloc0 1810 43304 0.12237 239.967
460	1	5244.92	300215	300202	12.5962	1821	7396	3940	1	0.0001 Colloc0 1821 43281 0.135811 248.882
470	1	5353.46	300127	300115	12.3306	1830	7413	3923	2	0.0001 Colloc0 1830 43270 0.163874 230.097
480	1	5467.5	300147	300135	12.2905	1785	7402	3934	3	0.0001 Colloc0 1785 43292 0.13461 227.3
490	1	5582.3	299527	299515	12.582	1786	7484	3852	4	0.0001 Colloc0 1786 43216 0.123585 247.866
500	1	5695.96	299988	299975	12.8841	1823	7370	3966	4	0.0001 Colloc0 1823 43185 0.111772 269.72
510	1	5809.05	299544	299531	12.528	1850	7402	3934	3	0.0001 Colloc0 1850 43154 0.144205 244.023
520	1	5923.07	299055	299043	12.2307	1794	7490	3846	5	0.0001 Colloc0 1794 43161 0.142789 223.142
530	1	6036.34	299200	299188	12.726	1855	7540	3796	3	0.0001 Colloc0 1855 43140 0.133758 258.219
540	1	6149.05	298495	298482	12.3343	1802	7568	3768	3	0.0001 Colloc0 1802 43106 0.1503 230.352
550	1	6261.45	298325	298313	12.3938	1802	7650	3686	4	0.0001 Colloc0 1802 43037 0.134783 234.526
560	1	6369.98	298415	298403	12.1471	1806	7689	3647	5	0.0001 Colloc0 1806 43008 0.154785 217.372
570	1	6482.96	296253	296241	11.4116	1822	7775	3561	7	0.0001 Colloc0 1822 42778 0.208123 168.841
580	1	6591.97	296340	296327	12.4443	1812	7776	3560	3	0.0001 Colloc0 1812 42810 0.147119 238.087
590	1	6704.19	297121	297109	12.6364	1822	7660	3676	5	0.0001 Colloc0 1822 42790 0.132884 251.765
600	1	6817.19	296774	296762	11.9443	1842	7640	3696	3	0.0001 Colloc0 1842 42748 0.176933 203.583
610	1	6930.14	296640	296627	12.4781	1811	7775	3561	0	0.0001 Colloc0 1811 42663 0.128757 240.474
620	1	7039.76	296502	296489	12.2024	1807	7712	3624	1	0.0001 Colloc0 1807 42711 0.1453 221.188
630	1	7153.46	295922	295909	12.5813	1791	7727	3609	0	0.0001 Colloc0 1791 42688 0.117638 247.82
640	1	7261.04	296352	296340	12.4138	1825	7729	3607	3	0.0001 Colloc0 1825 42665 0.135209 235.932
650	1	7374.38	295713	295701	12.3862	1787	7541	3795	2	0.0001 Colloc0 1787 42598 0.13006 233.995
660	1	7485.46	295461	295449	11.8347	1822	7675	3661	2	0.0001 Colloc0 1822 42536 0.17418 196.257
670	1	7599.02	295065	295053	12.1393	1845	7730	3606	5	0.0001 Colloc0 1845 42520 0.155654 216.838
680	1	7709.64	294837	294824	12.4326	1794	7745	3591	0	0.0001 Colloc0 1794 42390 0.126156 237.257
690	1	7825.86	293559	293546	12.5625	1823	7903	3433	4	0.0001 Colloc0 1823 42213 0.127453 246.477
700	1	7933.57	293420	293408	12.1865	1825	7861	3475	5	0.0001 Colloc0 1825 42221 0.160908 220.088
710	1	8045.94	292733	292721	11.9635	1807	7905	3431	3	0.0001 Colloc0 1807 42181 0.157931 204.875
720	1	8159.38	292575	292562	12.4722	1834	7967	3369	3	0.0001 Colloc0 1834 42037 0.148648 240.062
730	1	8271.67	292671	292658	12.8619	1818	7995	3341	2	0.0001 Colloc0 1818 42061 0.106737 268.094
740	1	8383.86	291733	291720	12.3063	1822	8293	3043	2	0.0001 Colloc0 1822 42066 0.162223 228.401
750	1	8493.76	291618	291605	12.2078	1827	8096	3240	3	0.0001 Colloc0 1827 42000 0.173037 221.559
760	1	8605.36	291656	291643	12.2627	1807	8080	3256	2	0.0001 Colloc0 1807 41940 0.160074 225.366
770	1	8719.1	290903	290891	12.2178	1819	8126	3210	3	0.0001 Colloc0 1819 41856 0.153539 222.249
780	1	8833.73	290573	290561	12.2066	1831	8313	3023	3	0.0001 Colloc0 1831 41862 0.159561 221.477
790	1	8947.35	290652	290640	11.9568	1831	8153	3183	3	0.0001 Colloc0 1831 41800 0.168105 204.423
800	1	9055.98	290794	290781	12.7404	1822	8107	3229	3	0.0001 Colloc0 1822 41790 0.136916 259.262
810	1	9168.94	290592	290580	11.91	1809	8101	3235	2	0.0001 Colloc0 1809 41780 0.170749 201.284
820	1	9277.97	290458	290445	12.1404	1800	8163	3173	3	0.0001 Colloc0 1800 41786 0.156903 216.919
830	1	9387.01	290011	289999	11.8699	1830	8307	3029	3	0.0001 Colloc0 1830 41735 0.174387 198.597
840	1	9500.63	289594	289582	12.2525	1814	8411	2925	4	0.0001 Colloc0 1814 41627 0.142037 224.657
850	1	9611.97	289864	289852	12.2345	1822	8345	2991	4	0.0001 Colloc0 1822 41668 0.163644 223.408
860	1	9721.18	289786	289774	12.1621	1801	8402	2934	4	0.0001 Colloc0 1801 41700 0.143005 218.406
870	1	9830.99	290066	290054	12.6794	1825	8336	3000	4	0.0001 Colloc0 1825 41656 0.15282 254.855
880	1	9945.01	289564	289552	12.3005	1813	8441	2895	1	0.0001 Colloc0 1813 41650 0.15554 227.993
890	1	10059	289893	289881	12.2158	1816	8466	2870	1	0.0001 Colloc0 1816 41608 0.155638 222.11
900	1	10172	289038	289026	12.3097	1818	8699	2637	4	0.0001 Colloc0 1818 41540 0.147192 228.638
910	1	10284	289038	289026	12.2918	1813	8592	2744	3	0.0001 Colloc0 1813 41521 0.164423 227.388
920	1	10396.5	289701	289689	12.2884	1820	8427	2909	2	0.0001 Colloc0 1820 41575 0.163482 227.149
930	1	10508.3	289475	289463	12.3444	1824	8356	2980	2	0.0001 Colloc0 1824 41544 0.151804 231.058
940	1	10618.5	289147	289135	12.1922	1817	8514	2822	1	0.0001 Colloc0 1817 41551 0.153966 220.485
950	1	10725.4	288353	288341	12.1617	1789	8399	2937	4	0.0001 Colloc0 1789 41365 0.152778 218.378
960	1	10832.6	288458	288446	12.4913	1773	8485	2851	3	0.0001 Colloc0 1773 41400 0.124127 241.41
970	1	10942.4	289125	289112	12.1494	1829	8356	2980	3	0.0001 Colloc0 1829 41378 0.144908 217.533
980	1	11054	289061	289049	12.2838	1824	8375	2961	3	0.0001 Colloc0 1824 41370 0.143315 226.833
990	1	11167.3	288962	288949	12.261	1800	8316	3020	4	0.0001 Colloc0 1800 41406 0.160507 225.243
1000	1	11279.5	288515	288503	12.5544	1798	8563	2773	1	0.0001 Colloc0 1798 41367 0.135862 245.897
1010	1	11390.1	288318	288306	12.1609	1816	8730	2606	3	0.0001 Colloc0 1816 41365 0.162858 218.324
1020	1	11497	288123	288110	12.6686	1815	8836	2500	2	0.0001 Colloc0 1815 41329 0.121839 254.076
1030	1	11608.6	288421	288408	12.1951	1823	8577	2759	1	0.0001 Colloc0 1823 41333 0.158414 220.682
1040	1	11721.4	288276	288263	12.5318	1791	8597	2739	1	0.0001 Colloc0 1791 41324 0.12363 244.291
1050	1	11832.4	288439	288426	12.3073	1821	8601	2735	2	0.0001 Colloc0 1821 41309 0.140263 228.47
1060	1	11938.1	288731	288719	12.4253	1803	8524	2812	2	0.0001 Colloc0 1803 41325 0.132943 236.744
1070	1	12048.8	288625	288613	12.3131	1827	8459	2877	1	0.0001 Colloc0 1827 41332 0.145098 228.873
1080	1	12160.8	288326	288314	12.1924	1826	8558	2778	3	0.0001 Colloc0 1826 41311 0.178473 220.493
1090	1	12270.2	287857	287845	11.998	1817	8545	2791	2	0.0001 Colloc0 1817 41251 0.166871 207.206
1100	1	12379.4	288257	288245	12.2287	1819	8444	2892	3	0.0001 Colloc0 1819 41252 0.159872 223.003
1110	1	12489.4	288323	288310	12.8103	1851	8273	3063	3	0.0001 Colloc0 1851 41172 0.133233 264.332
1120	1	12602.1	287905	287893	12.2432	1858	8551	2785	3	0.0001 Colloc0 1858 41147 0.150157 224.006
1130	1	12715.8	287979	287966	12.9365	1847	8275	3061	2	0.0001 Colloc0 1847 40908 0.122448 273.558
1140	1	12829.4	286919	286906	12.6551	1839	8419	2917	1	0.0001 Colloc0 1839 40786 0.13299 253.108
1150	1	12941.9	286357	286345	12.5449	1826	8728	2608	2	0.0001 Colloc0 1826 40784 0.145127 245.224
1160	1	13053.8	286391	286378	12.8515	1852	8814	2522	1	0.0001 Colloc0 1852 40782 0.136336 267.333
1170	1	13164.5	286721	286709	12.438	1818	8759	2577	5	0.0001 Colloc0 1818 40840 0.142282 237.641
1180	1	13270.4	285748	285735	12.7125	1830	9078	2258	3	0.0001 Colloc0 1830 40800 0.132752 257.243
1190	1	13382	286179	286167	12.3955	1811	8832	2504	2	0.0001 Colloc0 1811 40805 0.140354 234.649
1200	1	13493.8	286334	286321	12.421	1823	8768	2568	5	0.0001 Colloc0 1823 40818 0.153279 236.441
1210	1	13606.2	285970	285958	12.3138	1836	8826	2510	3	0.0001 Colloc0 1836 40707 0.160696 228.919
1220	1	13712.3	285681	285668	12.8221	1825	8948	2388	2	0.0001 Colloc0 1825 40734 0.11444 265.192
1230	1	13821	285409	285397	12.4829	1849	9088	2248	5	0.0001 Colloc0 1849 40742 0.146329 240.817
1240	1	13927.1	285109	285097	11.8516	1814	9294	2042	2	0.0001 Colloc0 1814 40736 0.182458 197.381
1250	1	14040.8	285284	285271	12.862	1819	9157	2179	2	0.0001 Colloc0 1819 40750 0.124447 268.103
1260	1	14148.2	285112	285099	12.4419	1823	9243	2093	2	0.0001 Colloc0 1823 40755 0.14348 237.914
1270	1	14259.5	284785	284773	12.6275	1807	9275	2061	5	0.0001 Colloc0 1807 40698 0.140986 251.125
1280	1	14367.9	284576	284564	12.3151	1846	9342	1994	4	0.0001 Colloc0 1846 40722 0.147126 229.013
1290	1	14477.3	284458	284445	12.2631	1835	9308	2028	2	0.0001 Colloc0 1835 40735 0.164633 225.389
1300	1	14588.9	284631	284618	12.5378	1825	9207	2129	5	0.0001 Colloc0 1825 40709 0.137176 244.715
1310	1	14700.6	284806	284794	12.629	1818	9179	2157	2	0.0001 Colloc0 1818 40745 0.137542 251.234
1320	1	14809.6	284792	284779	12.5969	1814	9190	2146	2	0.0001 Colloc0 1814 40719 0.123373 248.934
1330	1	14918.9	284890	284878	12.5316	1814	9247	2089	1	0.0001 Colloc0 1814 40738 0.133854 244.274
1340	1	15028.8	284524	284512	12.6283	1796	9352	1984	2	0.0001 Colloc0 1796 40727 0.129446 251.182
1350	1	15142.4	284776	284764	12.1424	1833	9293	2043	2	0.0001 Colloc0 1833 40674 0.15815 217.056
1360	1	15255.8	284567	284555	12.103	1844	9324	2012	2	0.0001 Colloc0 1844 40689 0.164086 214.355
1370	1	15369.5	284889	284876	12.5383	1876	9315	2021	2	0.0001 Colloc0 1876 40649 0.145205 244.753
1380	1	15482.5	284583	284571	12.4303	1821	9438	1898	2	0.0001 Colloc0 1821 40660 0.136937 237.097
1390	1	15592.3	284787	284774	12.6033	1834	9324	2012	5	0.0001 Colloc0 1834 40642 0.147065 249.393
1400	1	15697.8	285069	285057	12.619	1856	9166	2170	5	0.0001 Colloc0 1856 40654 0.143013 250.517
1410	1	15807.8	284370	284358	12.4224	1837	9397	1939	2	0.0001 Colloc0 1837 40641 0.146315 236.539
1420	1	15921.6	284837	284824	12.5943	1848	9311	2025	2	0.0001 Colloc0 1848 40622 0.147262 248.751
1430	1	16035.2	284710	284698	12.3282	1851	9318	2018	1	0.0001 Colloc0 1851 40654 0.158702 229.929
1440	1	16148.6	284805	284793	12.3707	1843	9342	1994	2	0.0001 Colloc0 1843 40640 0.163303 232.906
1450	1	16260.4	284840	284827	12.8289	1858	9235	2101	3	0.0001 Colloc0 1858 40603 0.124282 265.686
1460	1	16373.7	285446	285433	12.8087	1876	9084	2252	2	0.0001 Colloc0 1876 40636 0.131577 264.214
1470	1	16479.6	284797	284785	12.4969	1834	9158	2178	1	0.0001 Colloc0 1834 40660 0.142067 241.81
1480	1	16585.1	284927	284914	12.4718	1823	9075	2261	2	0.0001 Colloc0 1823 40666 0.132919 240.03
1490	1	16692.4	284893	284880	12.5916	1821	9135	2201	4	0.0001 Colloc0 1821 40633 0.146306 248.554
1500	1	16805.4	285584	285571	12.7872	1843	8946	2390	2	0.0001 Colloc0 1843 40647 0.118313 262.655
1510	1	16916.5	284922	284909	12.4336	1846	9140	2196	2	0.0001 Colloc0 1846 40638 0.149288 237.332
1520	1	17029.2	284964	284951	12.7767	1845	9078	2258	1	0.0001 Colloc0 1845 40605 0.132169 261.894
1530	1	17141	284517	284505	12.6026	1826	9150	2186	2	0.0001 Colloc0 1826 40534 0.127171 249.346
1540	1	17252.6	285004	284992	12.5765	1866	9048	2288	4	0.0001 Colloc0 1866 40521 0.135588 247.479
1550	1	17360	284648	284636	11.903	1875	9048	2288	3	0.0001 Colloc0 1875 40519 0.185072 200.81
1560	1	17470.4	284986	284973	12.7875	1865	9002	2334	2	0.0001 Colloc0 1865 40545 0.140384 262.677
1570	1	17576.1	284239	284227	12.4627	1868	9175	2161	2	0.0001 Colloc0 1868 40473 0.139159 239.388
1580	1	17690.1	284214	284201	12.5962	1824	9190	2146	2	0.0001 Colloc0 1824 40488 0.147079 248.887
1590	1	17801.4	284631	284618	12.6976	1867	9105	2231	2	0.0001 Colloc0 1867 40465 0.156882 256.168
1600	1	17913.8	284641	284628	12.7396	1848	9165	2171	2	0.0001 Colloc0 1848 40471 0.119519 259.203
1610	1	18027.5	284601	284588	12.4782	1862	9129	2207	2	0.0001 Colloc0 1862 40451 0.155209 240.483
1620	1	18140.2	284468	284456	12.451	1859	9087	2249	2	0.0001 Colloc0 1859 40473 0.15676 238.556
1630	1	18251.3	284307	284295	12.1828	1860	9219	2117	3	0.0001 Colloc0 1860 40425 0.169629 219.834
1640	1	18362.3	284822	284809	12.4316	1878	8973	2363	2	0.0001 Colloc0 1878 40462 0.157372 237.19
1650	1	18474.6	284267	284255	12.4885	1837	9187	2149	2	0.0001 Colloc0 1837 40431 0.143043 241.214
1660	1	18583.8	284740	284727	12.4315	1858	8987	2349	2	0.0001 Colloc0 1858 40431 0.128895 237.184
1670	1	18694.1	284809	284796	12.6729	1881	9049	2287	2	0.0001 Colloc0 1881 40427 0.125899 254.392
1680	1	18807.4	284680	284667	12.4637	1857	9063	2273	3	0.0001 Colloc0 1857 40461 0.138728 239.455
1690	1	18915.1	284763	284751	12.2817	1885	8981	2355	5	0.0001 Colloc0 1885 40448 0.166358 226.686
1700	1	19029.5	284156	284143	12.4808	1836	9155	2181	3	0.0001 Colloc0 1836 40479 0.148223 240.669
1710	1	19140	284629	284617	12.5067	1883	9014	2322	4	0.0001 Colloc0 1883 40419 0.158221 242.508
1720	1	19254.5	284499	284486	12.2547	1875	9128	2208	3	0.0001 Colloc0 1875 40421 0.171091 224.811
1730	1	19368.8	284377	284364	12.9688	1871	9164	2172	2	0.0001 Colloc0 1871 40403 0.132779 275.931
1740	1	19480.8	283998	283985	12.5708	1860	9166	2170	2	0.0001 Colloc0 1860 40442 0.136832 247.073
1750	1	19589	284026	284014	12.4773	1838	9115	2221	2	0.0001 Colloc0 1838 40377 0.156503 240.422
1760	1	19702.7	283869	283857	12.4408	1861	9203	2133	3	0.0001 Colloc0 1861 40414 0.155401 237.838
1770	1	19812.9	284077	284064	13.085	1847	9088	2248	2	0.0001 Colloc0 1847 40416 0.0978752 284.521
1780	1	19924	284020	284008	12.6979	1831	9161	2175	2	0.0001 Colloc0 1831 40361 0.123389 256.194
1790	1	20034.6	284047	284034	12.9369	1868	9189	2147	2	0.0001 Colloc0 1868 40362 0.123919 273.587
1800	1	20145.1	283875	283862	12.8389	1870	9314	2022	2	0.0001 Colloc0 1870 40340 0.133995 266.417
1810	1	20254.8	283919	283907	12.5642	1882	9387	1949	2	0.0001 Colloc0 1882 40402 0.146476 246.599
1820	1	20366.5	283882	283870	12.1762	1878	9337	1999	2	0.0001 Colloc0 1878 40363 0.170272 219.377
1830	1	20473.6	283531	283518	12.5363	1848	9465	1871	3	0.0001 Colloc0 1848 40406 0.142102 244.607
1840	1	20584.3	282918	282905	12.3985	1863	9670	1666	3	0.0001 Colloc0 1863 40348 0.157987 234.859
1850	1	20694.6	283310	283297	12.2813	1891	9445	1891	1	0.0001 Colloc0 1891 40354 0.18138 226.657
1860	1	20804.5	283124	283111	12.4213	1835	9549	1787	3	0.0001 Colloc0 1835 40375 0.161833 236.465
1870	1	20914.6	283155	283143	12.4353	1819	9551	1785	1	0.0001 Colloc0 1819 40373 0.156235 237.453
1880	1	21026.4	283533	283520	12.4065	1837	9483	1853	1	0.0001 Colloc0 1837 40380 0.152643 235.419
1890	1	21137.1	284029	284016	12.7498	1841	9232	2104	2	0.0001 Colloc0 1841 40407 0.128398 259.943
1900	1	21248.9	284465	284453	12.7279	1855	9025	2311	2	0.0001 Colloc0 1855 40406 0.133619 258.358
1910	1	21355.6	283684	283671	12.4304	1837	9272	2064	4	0.0001 Colloc0 1837 40404 0.148055 237.107
1920	1	21464.7	284477	284465	12.4954	1903	8992	2344	2	0.0001 Colloc0 1903 40366 0.150421 241.7
1930	1	21575.2	283991	283978	12.9871	1848	9108	2228	2	0.0001 Colloc0 1848 40352 0.127008 277.281
1940	1	21684.4	284114	284102	12.6778	1852	9026	2310	3	0.0001 Colloc0 1852 40352 0.141564 254.744
1950	1	21794.2	283978	283965	12.3956	1867	8890	2446	1	0.0001 Colloc0 1867 40246 0.160333 234.654
1960	1	21903.9	283713	283700	12.7703	1864	8996	2340	2	0.0001 Colloc0 1864 40271 0.141145 261.429
1970	1	22013.7	284228	284216	12.3416	1900	8973	2363	2	0.0001 Colloc0 1900 40256 0.160787 230.865
1980	1	22126.5	284124	284111	12.4424	1874	9032	2304	2	0.0001 Colloc0 1874 40252 0.154425 237.955
1990	1	22238.4	283750	283737	12.6602	1869	9104	2232	2	0.0001 Colloc0 1869 40236 0.155295 253.474
2000	1	22344	283811	283799	12.3169	1831	9084	2252	2	0.0001 Colloc0 1831 40257 0.14543 229.14
