# D = 0, E = 1, I = 1, P = 1, R = -1, n = 2000, N = 1, P = 1, w = 1, a = 0.0001, b = 10000, e = 1, f = 1, g = 100, h = 0.01, r = 17369, s = 1, S = 0, x = 10, m = 100, Z = 1, z = 0, T = 1, t = 1
# 119008 tokens in 11336 sentences
#
# It	Temp	Time	-logP	-logPcorpus	-logPrior	tables	same	changed	reject	default_pya	(parent pym pyn pya pyb)*
0	1	12.993	461072	460958	113.764	12188	0	11336	0	0.0001 Colloc0 12188 57912 0.0001 10000
10	1	190.4	364420	364405	14.9852	2970	3069	8267	8	0.0001 Colloc0 2970 49434 0.150036 432.971
20	1	312.885	353803	353788	14.89	2120	3335	8001	9	0.0001 Colloc0 2120 48901 0.0260282 425.236
30	1	430.269	347918	347904	14.4024	1970	3694	7642	11	0.0001 Colloc0 1970 48593 0.0152134 386.046
40	1	544.455	341427	341413	14.2368	1873	3999	7337	5	0.0001 Colloc0 1873 48054 0.0166487 372.91
50	1	656.626	338192	338179	13.2803	1788	4184	7152	4	0.0001 Colloc0 1788 47902 0.0404303 299.099
60	1	771.648	335064	335051	13.4876	1795	4261	7075	6	0.0001 Colloc0 1795 47699 0.0339137 314.775
70	1	882.398	332791	332777	13.4192	1780	4475	6861	6	0.0001 Colloc0 1780 47431 0.0457768 309.577
80	1	996.258	327869	327856	13.5369	1776	4748	6588	3	0.0001 Colloc0 1776 46841 0.0479825 318.533
90	1	1111.33	325522	325509	12.7864	1751	4937	6399	4	0.0001 Colloc0 1751 46763 0.095066 262.595
100	1	1226.28	323491	323479	12.731	1714	4996	6340	4	0.0001 Colloc0 1714 46627 0.089023 258.583
110	1	1338.4	321759	321746	12.7209	1723	5121	6215	6	0.0001 Colloc0 1723 46379 0.0778304 257.853
120	1	1451.12	319917	319904	12.3107	1756	5427	5909	3	0.0001 Colloc0 1756 46239 0.134429 228.709
130	1	1566.92	318575	318563	12.3706	1771	5607	5729	4	0.0001 Colloc0 1771 46116 0.141927 232.9
140	1	1681.82	317889	317876	12.7384	1749	5673	5663	4	0.0001 Colloc0 1749 45938 0.100034 259.116
150	1	1794.31	316444	316432	12.7001	1719	5938	5398	8	0.0001 Colloc0 1719 45844 0.0912308 256.35
160	1	1906.91	315988	315976	12.3582	1772	5933	5403	5	0.0001 Colloc0 1772 45696 0.120275 232.025
170	1	2018.96	314714	314701	13.0376	1778	6120	5216	6	0.0001 Colloc0 1778 45502 0.0869832 281.005
180	1	2134.61	313674	313661	12.548	1778	6357	4979	3	0.0001 Colloc0 1778 45359 0.121471 245.446
190	1	2248.76	311626	311613	13.0293	1797	6461	4875	4	0.0001 Colloc0 1797 44921 0.0972054 280.39
200	1	2357.55	310678	310665	12.6091	1774	6344	4992	5	0.0001 Colloc0 1774 44835 0.103404 249.807
210	1	2464.28	310494	310482	12.7019	1793	6406	4930	4	0.0001 Colloc0 1793 44756 0.124821 256.479
220	1	2577.01	310334	310322	12.0098	1805	6334	5002	4	0.0001 Colloc0 1805 44684 0.147918 208.004
230	1	2691.08	309504	309492	12.3846	1759	6302	5034	3	0.0001 Colloc0 1759 44529 0.114507 233.879
240	1	2805.23	308062	308050	12.3783	1808	6508	4828	5	0.0001 Colloc0 1808 44423 0.141626 233.441
250	1	2911.42	308779	308766	12.7456	1816	6543	4793	3	0.0001 Colloc0 1816 44356 0.114157 259.64
260	1	3027.07	308425	308412	12.4779	1796	6563	4773	3	0.0001 Colloc0 1796 44323 0.127523 240.46
270	1	3142.56	308611	308597	13.3669	1866	6706	4630	3	0.0001 Colloc0 1866 44278 0.0745834 305.621
280	1	3258.45	307152	307140	12.4358	1815	6879	4457	3	0.0001 Colloc0 1815 44221 0.142207 237.486
290	1	3369.62	305981	305968	12.741	1842	7111	4225	5	0.0001 Colloc0 1842 44144 0.125127 259.302
300	1	3484.85	304873	304861	12.4336	1818	7077	4259	3	0.0001 Colloc0 1818 43978 0.138967 237.33
310	1	3598.53	303688	303676	12.2957	1828	7270	4066	8	0.0001 Colloc0 1828 43871 0.124308 227.659
320	1	3712.08	302721	302709	12.3694	1824	7332	4004	4	0.0001 Colloc0 1824 43715 0.140632 232.817
330	1	3826.63	302295	302283	12.6	1831	7465	3871	4	0.0001 Colloc0 1831 43667 0.127549 249.16
340	1	3941.67	301773	301761	12.4548	1818	7510	3826	6	0.0001 Colloc0 1818 43677 0.135294 238.83
350	1	4055.32	301322	301309	12.2817	1811	7588	3748	7	0.0001 Colloc0 1811 43638 0.158217 226.685
360	1	4169.13	299758	299746	12.4618	1793	7734	3602	3	0.0001 Colloc0 1793 43484 0.122989 239.322
370	1	4284.27	298901	298889	11.9738	1795	7963	3373	4	0.0001 Colloc0 1795 43397 0.165071 205.576
380	1	4397.36	298911	298899	12.3315	1804	7916	3420	5	0.0001 Colloc0 1804 43301 0.143912 230.162
390	1	4504.7	299101	299089	12.2105	1791	7857	3479	10	0.0001 Colloc0 1791 43290 0.135159 221.743
400	1	4616.43	298652	298639	12.5399	1820	7939	3397	4	0.0001 Colloc0 1820 43278 0.126166 244.866
410	1	4720.73	298282	298270	12.0869	1803	8036	3300	6	0.0001 Colloc0 1803 43263 0.15731 213.25
420	1	4830.48	299014	299001	12.8754	1805	7894	3442	4	0.0001 Colloc0 1805 43278 0.0999076 269.079
430	1	4945.2	299410	299397	12.399	1837	7808	3528	4	0.0001 Colloc0 1837 43254 0.156573 234.896
440	1	5060.69	298553	298541	12.2271	1832	7912	3424	3	0.0001 Colloc0 1832 43165 0.15824 222.893
450	1	5173.72	296775	296763	12.1254	1783	8176	3160	4	0.0001 Colloc0 1783 43075 0.151465 215.89
460	1	5286.88	296700	296687	12.0586	1828	8137	3199	4	0.0001 Colloc0 1828 42950 0.16884 211.324
470	1	5399.35	294945	294933	12.0946	1796	8345	2991	3	0.0001 Colloc0 1796 42860 0.157128 213.781
480	1	5511.01	295032	295020	12.7144	1818	8331	3005	4	0.0001 Colloc0 1818 42779 0.141802 257.384
490	1	5622.27	295098	295086	12.2059	1815	8365	2971	6	0.0001 Colloc0 1815 42797 0.154634 221.425
500	1	5735.24	294774	294762	12.5509	1831	8393	2943	5	0.0001 Colloc0 1831 42774 0.125669 245.648
510	1	5848.77	294894	294881	12.198	1835	8329	3007	6	0.0001 Colloc0 1835 42703 0.153376 220.881
520	1	5957.85	295038	295026	12.2503	1862	8261	3075	6	0.0001 Colloc0 1862 42691 0.164067 224.503
530	1	6062.97	294330	294318	12.3457	1825	8303	3033	4	0.0001 Colloc0 1825 42635 0.149154 231.154
540	1	6169.51	294020	294007	12.1963	1798	8141	3195	5	0.0001 Colloc0 1798 42534 0.152273 220.764
550	1	6283.03	293514	293501	12.3243	1790	8144	3192	3	0.0001 Colloc0 1790 42506 0.137888 229.656
560	1	6393.54	293736	293724	12.0638	1786	8051	3285	3	0.0001 Colloc0 1786 42489 0.142056 211.678
570	1	6498.52	293843	293831	12.0194	1815	7934	3402	2	0.0001 Colloc0 1815 42408 0.161297 208.661
580	1	6604.14	293478	293465	12.5463	1839	8060	3276	3	0.0001 Colloc0 1839 42378 0.141397 245.325
590	1	6708.79	293100	293087	12.3782	1828	8204	3132	4	0.0001 Colloc0 1828 42350 0.144525 233.428
600	1	6814.29	293130	293118	12.358	1825	8190	3146	2	0.0001 Colloc0 1825 42316 0.162749 232.017
610	1	6926.33	292749	292737	12.9107	1820	8428	2908	5	0.0001 Colloc0 1820 42327 0.121596 271.663
620	1	7041.65	291995	291983	12.4116	1803	8556	2780	2	0.0001 Colloc0 1803 42309 0.133937 235.782
630	1	7155.33	292481	292469	12.1106	1803	8354	2982	3	0.0001 Colloc0 1803 42282 0.14333 214.869
640	1	7268.41	292640	292627	12.0632	1810	8401	2935	2	0.0001 Colloc0 1810 42346 0.157396 211.632
650	1	7379.78	292622	292610	12.2562	1783	8309	3027	2	0.0001 Colloc0 1783 42296 0.135142 224.914
660	1	7490.16	292696	292684	12.1115	1825	8257	3079	4	0.0001 Colloc0 1825 42321 0.15929 214.937
670	1	7605.43	292771	292758	12.8506	1829	8365	2971	3	0.0001 Colloc0 1829 42282 0.108579 267.271
680	1	7719.21	291838	291826	12.2	1820	8392	2944	6	0.0001 Colloc0 1820 42195 0.159148 221.021
690	1	7831.9	291415	291403	12.1648	1824	8467	2869	2	0.0001 Colloc0 1824 42049 0.161807 218.593
700	1	7947.02	290877	290865	11.9322	1786	8298	3038	4	0.0001 Colloc0 1786 41989 0.166226 202.768
710	1	8055.66	291097	291085	12.2421	1791	8224	3112	3	0.0001 Colloc0 1791 42009 0.148178 223.935
720	1	8159.68	291037	291025	12.0317	1830	8235	3101	3	0.0001 Colloc0 1830 41979 0.160623 209.491
730	1	8263.59	290399	290386	12.4303	1824	8456	2880	2	0.0001 Colloc0 1824 41905 0.131366 237.101
740	1	8371.83	290391	290379	12.1743	1799	8384	2952	3	0.0001 Colloc0 1799 41907 0.155708 219.244
750	1	8482.45	291141	291129	12.4727	1810	8173	3163	3	0.0001 Colloc0 1810 41911 0.139548 240.096
760	1	8594.37	291461	291449	12.1051	1809	8143	3193	3	0.0001 Colloc0 1809 41884 0.143602 214.495
770	1	8706.09	291286	291273	12.545	1819	8143	3193	2	0.0001 Colloc0 1819 41878 0.13121 245.227
780	1	8819.05	290892	290879	12.3625	1822	8259	3077	2	0.0001 Colloc0 1822 41863 0.152822 232.327
790	1	8932.79	291102	291089	12.8751	1845	8227	3109	5	0.0001 Colloc0 1845 41841 0.130026 269.062
800	1	9046.06	290002	289989	12.5837	1810	8508	2828	5	0.0001 Colloc0 1810 41837 0.119871 247.99
810	1	9157.48	289668	289656	12.4595	1814	8637	2699	3	0.0001 Colloc0 1814 41797 0.142417 239.162
820	1	9269.93	289084	289071	12.405	1819	8796	2540	2	0.0001 Colloc0 1819 41802 0.144836 235.317
830	1	9383.91	288967	288955	12.3413	1836	8814	2522	5	0.0001 Colloc0 1836 41754 0.147277 230.847
840	1	9494.57	289221	289208	12.3876	1829	8773	2563	2	0.0001 Colloc0 1829 41719 0.154181 234.088
850	1	9604.18	288678	288665	12.0828	1845	9006	2330	3	0.0001 Colloc0 1845 41668 0.180896 212.972
860	1	9716.41	288861	288849	12.4603	1834	8976	2360	3	0.0001 Colloc0 1834 41735 0.147574 239.215
870	1	9829.17	289191	289178	12.4715	1834	8784	2552	3	0.0001 Colloc0 1834 41705 0.144749 240.011
880	1	9940.85	289164	289151	12.2802	1825	8732	2604	4	0.0001 Colloc0 1825 41685 0.160086 226.581
890	1	10054.2	288926	288914	12.7717	1831	8835	2501	2	0.0001 Colloc0 1831 41641 0.115432 261.526
900	1	10167.2	289386	289374	12.0144	1842	8795	2541	4	0.0001 Colloc0 1842 41645 0.161187 208.32
910	1	10279.6	288766	288754	12.4885	1846	8764	2572	5	0.0001 Colloc0 1846 41537 0.142823 241.212
920	1	10392.8	289075	289063	12.1592	1868	8707	2629	4	0.0001 Colloc0 1868 41591 0.166242 218.209
930	1	10503.5	288559	288547	12.5175	1850	8734	2602	5	0.0001 Colloc0 1850 41494 0.152266 243.275
940	1	10612.7	288467	288455	12.1067	1844	8736	2600	4	0.0001 Colloc0 1844 41457 0.15141 214.606
950	1	10717.1	288633	288620	12.8257	1839	8684	2652	3	0.0001 Colloc0 1839 41480 0.116103 265.456
960	1	10821.3	288520	288508	12.6282	1827	8717	2619	3	0.0001 Colloc0 1827 41454 0.136908 251.175
970	1	10932.4	288713	288701	12.2056	1839	8518	2818	2	0.0001 Colloc0 1839 41439 0.168733 221.408
980	1	11046.2	288734	288721	12.4255	1857	8614	2722	3	0.0001 Colloc0 1857 41410 0.15348 236.756
