# D = 0, E = 1, I = 1, P = 1, R = -1, n = 2000, N = 1, P = 1, w = 1, a = 0.0001, b = 10000, e = 1, f = 1, g = 100, h = 0.01, r = 19794, s = 1, S = 0, x = 10, m = 100, Z = 1, z = 0, T = 1, t = 1
# 119008 tokens in 11336 sentences
#
# It	Temp	Time	-logP	-logPcorpus	-logPrior	tables	same	changed	reject	default_pya	(parent pym pyn pya pyb)*
0	1	10.7174	392843	392729	113.764	9110	0	11336	0	0.0001 Colloc0 9110 47749 0.0001 10000
10	1	146.243	335088	335073	15.1247	2692	4042	7294	3	0.0001 Colloc0 2692 44551 0.111711 444.35
20	1	265.21	327659	327645	14.7979	2166	4374	6962	8	0.0001 Colloc0 2166 44373 0.0321994 417.775
30	1	381.907	323638	323624	14.3858	2088	4580	6756	3	0.0001 Colloc0 2088 44233 0.0576923 384.727
40	1	498.332	319308	319294	13.6789	2015	4978	6358	4	0.0001 Colloc0 2015 44019 0.0934742 329.404
50	1	615.741	317943	317929	13.5957	1960	5037	6299	11	0.0001 Colloc0 1960 43936 0.0709318 323.019
60	1	728.242	315376	315363	13.4985	1897	5270	6066	7	0.0001 Colloc0 1897 43770 0.0560353 315.604
70	1	842.25	314176	314163	13.5783	1902	5359	5977	4	0.0001 Colloc0 1902 43717 0.0785599 321.689
80	1	957.87	312352	312339	13.27	1877	5491	5845	2	0.0001 Colloc0 1877 43541 0.0820164 298.328
90	1	1072.72	310031	310018	13.3189	1896	5779	5557	2	0.0001 Colloc0 1896 43434 0.0915555 302.004
100	1	1188.79	308016	308002	13.3018	1865	6185	5151	4	0.0001 Colloc0 1865 43384 0.0918515 300.713
110	1	1299.44	307542	307528	13.1132	1897	6201	5135	2	0.0001 Colloc0 1897 43320 0.109898 286.609
120	1	1412.12	307159	307146	13.0284	1861	6262	5074	3	0.0001 Colloc0 1861 43209 0.10794 280.325
130	1	1525.97	307203	307189	13.016	1874	6286	5050	1	0.0001 Colloc0 1874 43154 0.0936574 279.415
140	1	1640.7	305980	305968	12.5822	1879	6246	5090	4	0.0001 Colloc0 1879 43015 0.125682 247.883
150	1	1755.2	304398	304385	13.0502	1839	6600	4736	3	0.0001 Colloc0 1839 42978 0.114654 281.936
160	1	1869.13	301634	301621	13.1205	1817	6832	4504	9	0.0001 Colloc0 1817 42604 0.105038 287.158
170	1	1984.07	301459	301446	12.5777	1859	6797	4539	2	0.0001 Colloc0 1859 42539 0.121625 247.562
180	1	2092.4	300984	300972	12.3566	1849	6864	4472	2	0.0001 Colloc0 1849 42517 0.148809 231.918
190	1	2201.19	300568	300554	13.4331	1863	6934	4402	2	0.0001 Colloc0 1863 42413 0.0858725 310.636
200	1	2313.09	300518	300505	12.9752	1844	6917	4419	4	0.0001 Colloc0 1844 42393 0.114649 276.403
210	1	2423.06	299471	299458	12.3625	1872	6952	4384	2	0.0001 Colloc0 1872 42215 0.149576 232.326
220	1	2538.18	299330	299316	13.3015	1865	6995	4341	3	0.0001 Colloc0 1865 42124 0.102776 300.691
230	1	2651.75	298987	298975	12.894	1861	7113	4223	3	0.0001 Colloc0 1861 42135 0.108299 270.441
240	1	2757.41	298745	298732	12.7153	1881	7202	4134	5	0.0001 Colloc0 1881 42073 0.136717 257.449
250	1	2872.78	298694	298681	12.905	1858	7180	4156	6	0.0001 Colloc0 1858 42060 0.113725 271.248
260	1	2986.57	298177	298164	13.4183	1860	7307	4029	4	0.0001 Colloc0 1860 41962 0.074801 309.515
270	1	3100.58	297568	297555	12.6933	1872	7278	4058	3	0.0001 Colloc0 1872 41939 0.132551 255.862
280	1	3214.49	297390	297377	12.8951	1848	7314	4022	5	0.0001 Colloc0 1848 41949 0.129747 270.519
290	1	3328.45	295275	295262	12.6484	1863	7486	3850	1	0.0001 Colloc0 1863 41777 0.138974 252.625
300	1	3442.21	294885	294873	12.4263	1851	7586	3750	2	0.0001 Colloc0 1851 41737 0.143458 236.815
310	1	3556.72	295114	295101	12.8764	1868	7522	3814	3	0.0001 Colloc0 1868 41673 0.11432 269.151
320	1	3670.21	294699	294686	12.3509	1841	7655	3681	2	0.0001 Colloc0 1841 41709 0.138544 231.519
330	1	3782.49	294188	294175	12.9537	1824	7775	3561	1	0.0001 Colloc0 1824 41675 0.105363 274.817
340	1	3894.1	294277	294264	12.8452	1866	7683	3653	2	0.0001 Colloc0 1866 41595 0.131822 266.876
350	1	4007.48	293674	293661	12.7716	1853	7957	3379	2	0.0001 Colloc0 1853 41561 0.125592 261.519
360	1	4122.68	292440	292427	12.7738	1865	8181	3155	2	0.0001 Colloc0 1865 41566 0.13867 261.679
370	1	4237.13	292247	292235	12.4132	1841	8240	3096	2	0.0001 Colloc0 1841 41531 0.148308 235.896
380	1	4350.16	291799	291786	12.3823	1827	8350	2986	5	0.0001 Colloc0 1827 41484 0.159462 233.721
390	1	4463.41	290381	290368	12.5016	1860	8489	2847	3	0.0001 Colloc0 1860 41279 0.129717 242.142
400	1	4576.81	291131	291118	12.8963	1826	8320	3016	4	0.0001 Colloc0 1826 41329 0.117964 270.611
410	1	4690.15	290147	290135	12.2408	1864	8330	3006	5	0.0001 Colloc0 1864 41185 0.166565 223.842
420	1	4798.41	289777	289764	12.4012	1839	8387	2949	3	0.0001 Colloc0 1839 41120 0.138437 235.049
430	1	4910.12	290434	290421	12.713	1861	8250	3086	3	0.0001 Colloc0 1861 41158 0.135694 257.281
440	1	5021.18	289894	289881	12.8539	1828	8384	2952	2	0.0001 Colloc0 1828 41145 0.118256 267.509
450	1	5132.19	290259	290246	12.7599	1872	8264	3072	1	0.0001 Colloc0 1872 41079 0.123613 260.672
460	1	5245.92	290077	290064	12.9398	1854	8318	3018	5	0.0001 Colloc0 1854 41064 0.114619 273.796
470	1	5358.64	289469	289457	12.2033	1847	8450	2886	5	0.0001 Colloc0 1847 41056 0.158143 221.249
480	1	5472.87	288897	288885	12.428	1836	8539	2797	5	0.0001 Colloc0 1836 41038 0.144463 236.937
490	1	5585.85	288783	288771	12.26	1862	8574	2762	4	0.0001 Colloc0 1862 40976 0.157508 225.175
500	1	5699.98	288324	288312	12.3241	1855	8668	2668	3	0.0001 Colloc0 1855 40986 0.160747 229.641
510	1	5813.36	288420	288408	12.4258	1829	8657	2679	2	0.0001 Colloc0 1829 40921 0.145148 236.779
520	1	5927.5	288864	288851	12.4622	1832	8491	2845	3	0.0001 Colloc0 1832 40888 0.136464 239.352
530	1	6040.68	288645	288633	12.4213	1850	8544	2792	3	0.0001 Colloc0 1850 40874 0.145273 236.46
540	1	6146.34	288608	288596	12.426	1852	8722	2614	2	0.0001 Colloc0 1852 40838 0.148543 236.795
550	1	6251.1	288431	288417	13.1117	1874	8640	2696	1	0.0001 Colloc0 1874 40791 0.116653 286.5
560	1	6356.09	288201	288188	12.9438	1831	8638	2698	5	0.0001 Colloc0 1831 40813 0.113139 274.091
570	1	6462.23	287728	287716	12.3061	1837	8556	2780	2	0.0001 Colloc0 1837 40776 0.152384 228.388
580	1	6573.17	287714	287701	12.5947	1867	8596	2740	3	0.0001 Colloc0 1867 40771 0.153613 248.776
590	1	6686.56	287548	287536	12.2802	1842	8661	2675	3	0.0001 Colloc0 1842 40676 0.147522 226.583
600	1	6800.71	288129	288117	12.335	1826	8450	2886	4	0.0001 Colloc0 1826 40654 0.148617 230.404
610	1	6912.99	289130	289117	12.6123	1872	8197	3139	2	0.0001 Colloc0 1872 40661 0.129224 250.036
620	1	7024.09	288928	288916	12.8326	1862	8187	3149	1	0.0001 Colloc0 1862 40625 0.138139 265.955
630	1	7135.7	288687	288674	13.094	1877	8079	3257	3	0.0001 Colloc0 1877 40625 0.110889 285.184
640	1	7248.24	287954	287942	12.5024	1868	8413	2923	2	0.0001 Colloc0 1868 40608 0.144638 242.199
650	1	7354.94	286784	286771	13.1509	1838	8691	2645	3	0.0001 Colloc0 1838 40489 0.104769 289.417
660	1	7468.14	287132	287120	12.8846	1889	8658	2678	1	0.0001 Colloc0 1889 40498 0.120282 269.756
670	1	7576.57	287036	287024	12.5456	1869	8469	2867	4	0.0001 Colloc0 1869 40525 0.147881 245.272
680	1	7688.05	287016	287004	12.4062	1848	8559	2777	1	0.0001 Colloc0 1848 40514 0.139699 235.401
690	1	7800.28	287411	287399	12.0149	1904	8440	2896	2	0.0001 Colloc0 1904 40427 0.175991 208.355
700	1	7913.41	287094	287082	12.2374	1881	8525	2811	4	0.0001 Colloc0 1881 40472 0.160797 223.61
710	1	8024.98	287005	286992	12.8884	1851	8570	2766	1	0.0001 Colloc0 1851 40480 0.114064 270.034
720	1	8137.09	287265	287252	13.127	1852	8526	2810	3	0.0001 Colloc0 1852 40435 0.116727 287.639
730	1	8251.4	287050	287038	12.1661	1877	8670	2666	4	0.0001 Colloc0 1877 40445 0.157224 218.681
740	1	8364.49	286823	286811	12.5192	1879	8641	2695	3	0.0001 Colloc0 1879 40405 0.162684 243.394
750	1	8478.18	286722	286709	12.4284	1857	8782	2554	2	0.0001 Colloc0 1857 40403 0.135275 236.967
760	1	8593.43	286930	286917	13.2753	1869	8599	2737	5	0.0001 Colloc0 1869 40438 0.0916037 298.722
770	1	8707.11	286329	286317	12.421	1870	8773	2563	1	0.0001 Colloc0 1870 40409 0.147246 236.443
780	1	8821.23	286247	286235	12.3893	1888	8995	2341	2	0.0001 Colloc0 1888 40387 0.157591 234.208
790	1	8935.95	286234	286222	12.486	1904	8985	2351	3	0.0001 Colloc0 1904 40420 0.145476 241.034
800	1	9043.16	285910	285898	12.1312	1884	8953	2383	2	0.0001 Colloc0 1884 40408 0.165297 216.285
810	1	9149.88	285844	285831	12.4097	1870	9058	2278	1	0.0001 Colloc0 1870 40376 0.147735 235.648
820	1	9261.99	286062	286049	12.2572	1846	8915	2421	2	0.0001 Colloc0 1846 40394 0.162781 224.982
830	1	9375.01	285464	285451	12.7413	1826	9051	2285	2	0.0001 Colloc0 1826 40406 0.11982 259.325
840	1	9487.97	285374	285361	12.8914	1861	9059	2277	2	0.0001 Colloc0 1861 40353 0.138618 270.248
850	1	9600.98	285651	285638	12.7508	1887	9011	2325	5	0.0001 Colloc0 1887 40388 0.133399 260.017
860	1	9706.85	285877	285864	12.3388	1885	8962	2374	5	0.0001 Colloc0 1885 40398 0.160775 230.671
870	1	9811.77	285833	285820	12.8709	1876	8918	2418	3	0.0001 Colloc0 1876 40374 0.121272 268.749
880	1	9917.44	285953	285941	12.4578	1860	8878	2458	3	0.0001 Colloc0 1860 40395 0.129421 239.044
890	1	10031	285727	285714	13.2663	1875	8985	2351	2	0.0001 Colloc0 1875 40302 0.101534 298.052
900	1	10139.2	285650	285637	12.6945	1887	8952	2384	3	0.0001 Colloc0 1887 40343 0.13886 255.948
910	1	10251.1	285500	285487	12.8562	1876	9002	2334	4	0.0001 Colloc0 1876 40353 0.122404 267.677
920	1	10364.7	285467	285455	12.3186	1875	8983	2353	2	0.0001 Colloc0 1875 40277 0.167177 229.257
930	1	10478.9	285602	285590	12.2789	1877	8983	2353	4	0.0001 Colloc0 1877 40318 0.168533 226.49
940	1	10591.5	285368	285355	12.8618	1889	9089	2247	1	0.0001 Colloc0 1889 40272 0.132572 268.083
950	1	10705.5	285105	285092	12.9041	1874	9072	2264	2	0.0001 Colloc0 1874 40233 0.119521 271.18
960	1	10813.9	285568	285556	12.8215	1910	8955	2381	5	0.0001 Colloc0 1910 40241 0.146321 265.146
970	1	10927.9	285510	285497	12.8847	1873	8858	2478	1	0.0001 Colloc0 1873 40227 0.138482 269.761
980	1	11034.4	285259	285246	13.1843	1872	9042	2294	3	0.0001 Colloc0 1872 40284 0.109558 291.906
990	1	11146.9	284713	284700	12.7418	1862	9153	2183	4	0.0001 Colloc0 1862 40260 0.136419 259.36
1000	1	11258.1	284994	284981	12.9242	1887	8953	2383	1	0.0001 Colloc0 1887 40248 0.12443 272.652
1010	1	11369.7	284770	284757	12.2224	1877	9041	2295	3	0.0001 Colloc0 1877 40179 0.161715 222.57
1020	1	11481.3	285091	285077	13.2423	1870	8936	2400	2	0.0001 Colloc0 1870 40165 0.112433 296.252
1030	1	11594.3	285576	285563	13.0285	1907	8863	2473	2	0.0001 Colloc0 1907 40161 0.135186 280.331
1040	1	11707.4	285446	285434	12.695	1869	8976	2360	2	0.0001 Colloc0 1869 40190 0.135933 255.979
1050	1	11820	284892	284879	12.5876	1887	8974	2362	1	0.0001 Colloc0 1887 40146 0.157213 248.272
1060	1	11932.3	285039	285026	12.3981	1880	8939	2397	2	0.0001 Colloc0 1880 40156 0.156205 234.829
1070	1	12046.6	284448	284435	12.5173	1875	9155	2181	2	0.0001 Colloc0 1875 40135 0.143656 243.256
1080	1	12159.6	284259	284246	13.1561	1856	9175	2161	2	0.0001 Colloc0 1856 40164 0.103773 289.809
1090	1	12269.3	283398	283385	12.8705	1883	9306	2030	3	0.0001 Colloc0 1883 39982 0.145893 268.722
1100	1	12377.3	283863	283850	12.4598	1885	9105	2231	2	0.0001 Colloc0 1885 39967 0.149728 239.18
1110	1	12491.3	284117	284105	12.3421	1904	9061	2275	3	0.0001 Colloc0 1904 40024 0.156363 230.898
1120	1	12599.6	283973	283960	12.4769	1880	9072	2264	3	0.0001 Colloc0 1880 40003 0.153954 240.389
1130	1	12710.4	284405	284392	12.8187	1877	8971	2365	1	0.0001 Colloc0 1877 40031 0.13755 264.944
1140	1	12821.1	284525	284512	12.5476	1880	8900	2436	4	0.0001 Colloc0 1880 39955 0.138795 245.415
1150	1	12934.3	284174	284162	12.3642	1858	8965	2371	2	0.0001 Colloc0 1858 39953 0.141691 232.449
1160	1	13047.4	284124	284111	12.9096	1865	8853	2483	1	0.0001 Colloc0 1865 39895 0.119838 271.581
1170	1	13160.9	284386	284373	13.034	1878	8835	2501	4	0.0001 Colloc0 1878 39933 0.116178 280.741
1180	1	13273.6	284190	284178	12.4262	1865	8900	2436	3	0.0001 Colloc0 1865 39898 0.148706 236.812
1190	1	13387.1	285099	285086	12.7215	1910	8627	2709	2	0.0001 Colloc0 1910 39909 0.149779 257.893
1200	1	13500	285042	285030	12.6154	1886	8620	2716	1	0.0001 Colloc0 1886 39865 0.136775 250.259
1210	1	13611.9	284737	284724	12.7371	1889	8741	2595	2	0.0001 Colloc0 1889 39905 0.142814 259.019
1220	1	13723	284969	284956	12.6784	1912	8681	2655	2	0.0001 Colloc0 1912 39879 0.145185 254.783
1230	1	13834.3	283823	283811	12.495	1901	8877	2459	2	0.0001 Colloc0 1901 39787 0.144566 241.673
1240	1	13946.2	283560	283547	12.537	1924	8987	2349	2	0.0001 Colloc0 1924 39783 0.145907 244.661
1250	1	14051.5	283614	283602	12.5286	1873	8909	2427	1	0.0001 Colloc0 1873 39786 0.143402 244.062
1260	1	14158.9	283178	283166	12.2441	1896	9125	2211	1	0.0001 Colloc0 1896 39767 0.163832 224.075
1270	1	14263.9	282779	282766	12.7323	1896	9227	2109	1	0.0001 Colloc0 1896 39751 0.149733 258.672
1280	1	14374.9	282718	282706	12.5552	1883	9179	2157	5	0.0001 Colloc0 1883 39717 0.144741 245.957
1290	1	14486.5	282373	282360	12.8556	1892	9279	2057	1	0.0001 Colloc0 1892 39708 0.128195 267.633
1300	1	14600.7	282474	282462	12.6896	1899	9282	2054	2	0.0001 Colloc0 1899 39682 0.134132 255.593
1310	1	14715.4	282375	282362	12.6671	1907	9307	2029	2	0.0001 Colloc0 1907 39702 0.152683 253.968
1320	1	14819.5	282270	282257	12.5914	1899	9243	2093	4	0.0001 Colloc0 1899 39697 0.151605 248.542
1330	1	14923.4	282685	282672	12.7512	1929	9186	2150	5	0.0001 Colloc0 1929 39681 0.151534 260.043
1340	1	15027.5	283133	283120	12.8565	1910	9075	2261	1	0.0001 Colloc0 1910 39745 0.139242 267.703
1350	1	15131.8	282621	282609	12.8304	1903	9244	2092	1	0.0001 Colloc0 1903 39695 0.140087 265.799
1360	1	15245.1	282390	282378	12.5066	1910	9205	2131	1	0.0001 Colloc0 1910 39667 0.163671 242.502
1370	1	15357.5	282496	282483	13.2851	1880	9169	2167	1	0.0001 Colloc0 1880 39709 0.117849 299.458
1380	1	15471.2	282811	282798	12.8567	1901	8983	2353	3	0.0001 Colloc0 1901 39697 0.129971 267.714
1390	1	15585.3	282739	282726	13.09	1864	9055	2281	5	0.0001 Colloc0 1864 39737 0.102902 284.89
1400	1	15700.1	282581	282568	12.9502	1891	9135	2201	2	0.0001 Colloc0 1891 39705 0.123271 274.562
1410	1	15812.9	282282	282270	12.3256	1881	9308	2028	2	0.0001 Colloc0 1881 39693 0.155677 229.748
1420	1	15925.6	282137	282124	12.8014	1904	9248	2088	2	0.0001 Colloc0 1904 39652 0.150719 263.686
1430	1	16037.1	282545	282532	13.1106	1900	9203	2133	3	0.0001 Colloc0 1900 39692 0.129876 286.419
1440	1	16149.3	282066	282054	12.1643	1874	9275	2061	5	0.0001 Colloc0 1874 39683 0.161277 218.558
1450	1	16262.2	282558	282545	13.1776	1897	9182	2154	1	0.0001 Colloc0 1897 39692 0.123168 291.407
1460	1	16377.2	282461	282449	12.435	1877	9216	2120	2	0.0001 Colloc0 1877 39681 0.151509 237.429
1470	1	16490.5	282146	282134	12.6813	1890	9295	2041	1	0.0001 Colloc0 1890 39695 0.122945 254.994
1480	1	16602.7	281788	281776	12.3519	1877	9418	1918	2	0.0001 Colloc0 1877 39631 0.147492 231.586
1490	1	16714.9	282084	282071	12.872	1915	9355	1981	3	0.0001 Colloc0 1915 39620 0.130603 268.833
1500	1	16828.3	282155	282142	12.8801	1893	9290	2046	2	0.0001 Colloc0 1893 39629 0.137851 269.421
1510	1	16941.1	281813	281800	12.5413	1882	9339	1997	2	0.0001 Colloc0 1882 39650 0.140123 244.97
1520	1	17054.1	282099	282087	12.6985	1891	9280	2056	4	0.0001 Colloc0 1891 39596 0.135361 256.234
1530	1	17168.2	281988	281975	12.6801	1883	9340	1996	2	0.0001 Colloc0 1883 39558 0.139648 254.907
1540	1	17279.5	282247	282234	12.8038	1895	9335	2001	4	0.0001 Colloc0 1895 39586 0.127927 263.862
1550	1	17393.4	282283	282270	12.8672	1896	9239	2097	2	0.0001 Colloc0 1896 39584 0.130339 268.479
1560	1	17505.4	282338	282326	12.3206	1894	9246	2090	3	0.0001 Colloc0 1894 39593 0.170558 229.397
1570	1	17618	282207	282194	12.6482	1899	9207	2129	2	0.0001 Colloc0 1899 39566 0.159872 252.613
1580	1	17728.6	282527	282514	12.8293	1872	9204	2132	3	0.0001 Colloc0 1872 39624 0.114212 265.716
1590	1	17832.9	282347	282335	12.2993	1912	9278	2058	3	0.0001 Colloc0 1912 39559 0.171377 227.908
1600	1	17937.8	282646	282633	12.8673	1887	9134	2202	3	0.0001 Colloc0 1887 39547 0.153353 268.487
1610	1	18043.7	282705	282693	12.6743	1911	9071	2265	3	0.0001 Colloc0 1911 39561 0.142031 254.49
1620	1	18157.5	281915	281902	12.751	1914	9219	2117	2	0.0001 Colloc0 1914 39515 0.134545 260.031
1630	1	18266.2	282125	282112	12.8389	1927	9306	2030	3	0.0001 Colloc0 1927 39568 0.139864 266.418
1640	1	18379.3	282182	282169	13.169	1904	9289	2047	3	0.0001 Colloc0 1904 39551 0.110768 290.764
1650	1	18491.8	282033	282020	12.8482	1895	9324	2012	2	0.0001 Colloc0 1895 39566 0.137311 267.091
1660	1	18606.5	282448	282435	12.7374	1910	9236	2100	2	0.0001 Colloc0 1910 39551 0.150033 259.047
1670	1	18719.7	282156	282144	12.4094	1892	9228	2108	2	0.0001 Colloc0 1892 39519 0.135151 235.628
1680	1	18832.7	282099	282086	12.7936	1896	9174	2162	1	0.0001 Colloc0 1896 39547 0.127606 263.118
1690	1	18945.7	282020	282008	12.5573	1912	9224	2112	1	0.0001 Colloc0 1912 39519 0.142086 246.105
1700	1	19058.4	282147	282134	13.0605	1904	9156	2180	4	0.0001 Colloc0 1904 39550 0.120599 282.705
1710	1	19170.6	282128	282115	12.8994	1895	9225	2111	4	0.0001 Colloc0 1895 39536 0.129258 270.84
1720	1	19285.2	282198	282185	12.7281	1908	9231	2105	2	0.0001 Colloc0 1908 39522 0.142248 258.369
1730	1	19399.2	281574	281560	13.2816	1889	9424	1912	1	0.0001 Colloc0 1889 39522 0.106411 299.197
1740	1	19513.7	281482	281470	12.0763	1894	9335	2001	3	0.0001 Colloc0 1894 39474 0.182951 212.526
1750	1	19622.6	282125	282113	12.4924	1907	9185	2151	1	0.0001 Colloc0 1907 39489 0.155534 241.493
1760	1	19734.8	282361	282349	12.4119	1898	9127	2209	3	0.0001 Colloc0 1898 39498 0.169325 235.804
1770	1	19846.3	282563	282550	12.9153	1883	9029	2307	3	0.0001 Colloc0 1883 39535 0.125245 272.002
1780	1	19958.1	282662	282649	13.1988	1911	8970	2366	1	0.0001 Colloc0 1911 39482 0.129262 292.991
1790	1	20069.5	283112	283099	13.3094	1899	8793	2543	1	0.0001 Colloc0 1899 39558 0.108891 301.292
1800	1	20183.8	283319	283305	13.2083	1902	8783	2553	4	0.0001 Colloc0 1902 39555 0.115746 293.701
1810	1	20299.2	283163	283150	13.109	1879	8811	2525	1	0.0001 Colloc0 1879 39506 0.113877 286.299
1820	1	20414.1	282943	282930	12.8768	1920	8884	2452	2	0.0001 Colloc0 1920 39495 0.137307 269.183
1830	1	20526.6	282454	282441	12.9382	1908	9082	2254	5	0.0001 Colloc0 1908 39452 0.133678 273.684
1840	1	20632.7	282714	282701	13.2	1925	9040	2296	5	0.0001 Colloc0 1925 39474 0.131949 293.083
1850	1	20738.1	282353	282341	12.6718	1942	9021	2315	2	0.0001 Colloc0 1942 39426 0.155942 254.313
1860	1	20852.2	282284	282271	13.0852	1892	8987	2349	1	0.0001 Colloc0 1892 39401 0.109993 284.535
1870	1	20966.2	282452	282439	12.5471	1930	9055	2281	2	0.0001 Colloc0 1930 39422 0.150382 245.378
1880	1	21079.3	282065	282053	12.5412	1895	9050	2286	4	0.0001 Colloc0 1895 39390 0.143275 244.956
1890	1	21194.3	282376	282363	12.9428	1896	8999	2337	2	0.0001 Colloc0 1896 39443 0.129089 274.017
1900	1	21309.8	282429	282417	12.589	1907	8940	2396	2	0.0001 Colloc0 1907 39419 0.148243 248.368
1910	1	21419	282328	282316	12.6884	1893	8954	2382	2	0.0001 Colloc0 1893 39385 0.142889 255.507
1920	1	21530.9	282019	282006	12.677	1878	9019	2317	1	0.0001 Colloc0 1878 39398 0.1383 254.683
1930	1	21642.8	281986	281973	12.8265	1892	9066	2270	2	0.0001 Colloc0 1892 39373 0.135109 265.51
1940	1	21755	281884	281871	12.8412	1902	9131	2205	3	0.0001 Colloc0 1902 39396 0.133138 266.585
1950	1	21867.4	281962	281950	12.822	1927	9123	2213	4	0.0001 Colloc0 1927 39368 0.132868 265.181
1960	1	21977.2	281848	281835	12.783	1914	9131	2205	2	0.0001 Colloc0 1914 39345 0.141076 262.346
1970	1	22087.9	282237	282224	12.7028	1915	9092	2244	2	0.0001 Colloc0 1915 39361 0.146433 256.544
1980	1	22198.5	282415	282402	13.3609	1935	8965	2371	3	0.0001 Colloc0 1935 39375 0.116674 305.173
1990	1	22301.9	281938	281925	12.5912	1937	9084	2252	2	0.0001 Colloc0 1937 39331 0.15239 248.529
2000	1	22399.4	282074	282060	13.256	1911	9060	2276	2	0.0001 Colloc0 1911 39385 0.124864 297.279
