# D = 0, E = 1, I = 1, P = 1, R = -1, n = 2000, N = 1, P = 1, w = 1, a = 0.0001, b = 10000, e = 1, f = 1, g = 100, h = 0.01, r = 7590, s = 1, S = 0, x = 10, m = 100, Z = 1, z = 0, T = 1, t = 1
# 119008 tokens in 11336 sentences
#
# It	Temp	Time	-logP	-logPcorpus	-logPrior	tables	same	changed	reject	default_pya	(parent pym pyn pya pyb)*
0	1	12.2271	433919	433805	113.764	11150	0	11336	0	0.0001 Colloc0 11150 54267 0.0001 10000
10	1	166.604	351307	351292	15.1251	2807	3354	7982	4	0.0001 Colloc0 2807 47525 0.113313 444.384
20	1	287.618	340317	340302	14.7907	2156	3815	7521	2	0.0001 Colloc0 2156 46980 0.0382508 417.191
30	1	405.423	335107	335093	14.0743	1968	4213	7123	6	0.0001 Colloc0 1968 46943 0.0403075 360.12
40	1	521.745	331415	331402	13.5697	1939	4408	6928	3	0.0001 Colloc0 1939 46592 0.0552849 321.036
50	1	638.206	328666	328652	14.1256	1855	4593	6743	3	0.0001 Colloc0 1855 46486 0.0214023 364.15
60	1	755.703	325962	325949	13.8106	1827	4831	6505	1	0.0001 Colloc0 1827 46273 0.0444631 339.564
70	1	870.917	324544	324531	13.1508	1819	4857	6479	7	0.0001 Colloc0 1819 46123 0.071947 289.414
80	1	984.812	322438	322425	12.927	1785	5102	6234	2	0.0001 Colloc0 1785 45896 0.0796489 272.86
90	1	1099.5	321739	321726	13.1691	1827	5296	6040	2	0.0001 Colloc0 1827 45793 0.0720296 290.776
100	1	1212.97	319016	319003	13.0517	1816	5450	5886	3	0.0001 Colloc0 1816 45550 0.095324 282.052
110	1	1327.69	317813	317800	13.2424	1811	5532	5804	3	0.0001 Colloc0 1811 45323 0.0753905 296.254
120	1	1443.42	317413	317400	12.8667	1811	5626	5710	4	0.0001 Colloc0 1811 45191 0.105996 268.443
130	1	1558.07	314783	314770	12.9479	1797	5834	5502	4	0.0001 Colloc0 1797 44953 0.0910628 274.394
140	1	1672.92	314014	314001	13.0234	1803	5909	5427	3	0.0001 Colloc0 1803 44840 0.0841757 279.958
150	1	1786.66	313350	313337	13.0881	1785	5912	5424	2	0.0001 Colloc0 1785 44834 0.0862964 284.748
160	1	1898.54	311487	311474	13.3274	1811	6200	5136	2	0.0001 Colloc0 1811 44623 0.0773897 302.644
170	1	2013.55	312165	312152	12.9919	1807	6084	5252	3	0.0001 Colloc0 1807 44636 0.096246 277.635
180	1	2128.29	308922	308909	12.9635	1789	6404	4932	3	0.0001 Colloc0 1789 44232 0.0822561 275.542
190	1	2242.02	307585	307573	12.5712	1780	6520	4816	3	0.0001 Colloc0 1780 44184 0.109444 247.097
200	1	2356.16	307301	307289	12.544	1793	6455	4881	4	0.0001 Colloc0 1793 44121 0.121866 245.155
210	1	2469.11	306690	306677	12.6084	1779	6470	4866	4	0.0001 Colloc0 1779 43974 0.107408 249.758
220	1	2579.86	306288	306276	12.7326	1855	6556	4780	5	0.0001 Colloc0 1855 43862 0.13312 258.695
230	1	2692.06	304640	304628	12.6151	1796	6739	4597	2	0.0001 Colloc0 1796 43638 0.12897 250.236
240	1	2806.63	302880	302868	12.4802	1813	6829	4507	2	0.0001 Colloc0 1813 43390 0.141014 240.625
250	1	2917.66	301856	301844	12.7323	1794	6950	4386	3	0.0001 Colloc0 1794 43237 0.110003 258.678
260	1	3031.86	300801	300788	12.8237	1808	7092	4244	3	0.0001 Colloc0 1808 43071 0.108693 265.306
270	1	3147.56	299594	299581	12.4738	1763	7308	4028	4	0.0001 Colloc0 1763 43026 0.12145 240.172
280	1	3261.5	299587	299574	12.92	1765	7207	4129	2	0.0001 Colloc0 1765 43024 0.105773 272.349
290	1	3371.16	298760	298748	12.4849	1803	7225	4111	2	0.0001 Colloc0 1803 42828 0.131009 240.957
300	1	3481.2	298586	298574	12.2829	1829	7230	4106	2	0.0001 Colloc0 1829 42783 0.145935 226.769
310	1	3593.85	298892	298880	12.4405	1813	7105	4231	2	0.0001 Colloc0 1813 42788 0.141636 237.818
320	1	3704.64	298335	298322	12.5565	1811	7072	4264	5	0.0001 Colloc0 1811 42599 0.125949 246.05
330	1	3809.44	297960	297948	12.6927	1803	7111	4225	2	0.0001 Colloc0 1803 42619 0.124076 255.815
340	1	3918.5	297687	297674	12.2285	1765	7206	4130	4	0.0001 Colloc0 1765 42532 0.122481 222.991
350	1	4031.76	297446	297434	12.6047	1827	7288	4048	2	0.0001 Colloc0 1827 42402 0.130623 249.495
360	1	4146.6	297374	297362	12.2932	1833	7308	4028	2	0.0001 Colloc0 1833 42382 0.133056 227.485
370	1	4260.47	295174	295162	12.2956	1855	7440	3896	5	0.0001 Colloc0 1855 42241 0.151967 227.653
380	1	4373.37	294600	294587	12.483	1798	7528	3808	4	0.0001 Colloc0 1798 42234 0.148153 240.826
390	1	4484.51	293848	293836	12.5982	1809	7710	3626	4	0.0001 Colloc0 1809 42184 0.133632 249.026
400	1	4593.97	293719	293706	12.4103	1837	7760	3576	3	0.0001 Colloc0 1837 42144 0.151274 235.687
410	1	4698.98	293936	293923	12.5901	1828	7646	3690	2	0.0001 Colloc0 1828 42098 0.15739 248.45
420	1	4808.55	293649	293636	12.6211	1847	7725	3611	4	0.0001 Colloc0 1847 42038 0.130415 250.668
430	1	4922.54	292303	292290	12.8667	1799	7933	3403	2	0.0001 Colloc0 1799 41969 0.107482 268.448
440	1	5035.83	292748	292735	12.3915	1834	7889	3447	3	0.0001 Colloc0 1834 41963 0.137261 234.368
450	1	5148.53	292763	292750	12.2096	1820	7831	3505	2	0.0001 Colloc0 1820 41951 0.158276 221.683
460	1	5257.14	292586	292574	12.5197	1833	7823	3513	3	0.0001 Colloc0 1833 41926 0.140775 243.431
470	1	5361.96	292368	292356	12.8993	1803	7835	3501	2	0.0001 Colloc0 1803 41921 0.123058 270.826
480	1	5473.73	292757	292745	12.4142	1828	7762	3574	2	0.0001 Colloc0 1828 41921 0.14637 235.962
490	1	5588.05	293118	293105	12.7665	1826	7680	3656	3	0.0001 Colloc0 1826 41959 0.129573 261.148
500	1	5701.21	292069	292056	12.8962	1822	7951	3385	4	0.0001 Colloc0 1822 41838 0.113699 270.605
510	1	5817.01	292355	292342	12.8791	1830	7822	3514	4	0.0001 Colloc0 1830 41809 0.117481 269.348
520	1	5930.59	292101	292088	12.5416	1852	7759	3577	3	0.0001 Colloc0 1852 41712 0.135734 244.988
530	1	6036.16	290990	290978	12.0462	1832	7984	3352	4	0.0001 Colloc0 1832 41648 0.161296 210.478
540	1	6145.13	290339	290327	12.4226	1798	8041	3295	5	0.0001 Colloc0 1798 41556 0.143842 236.552
550	1	6258.93	290523	290510	13.0908	1809	8035	3301	3	0.0001 Colloc0 1809 41550 0.113779 284.947
560	1	6373.02	290533	290521	12.2433	1839	8142	3194	2	0.0001 Colloc0 1839 41538 0.161009 224.017
570	1	6485.8	290039	290027	12.5604	1832	8124	3212	2	0.0001 Colloc0 1832 41533 0.140534 246.328
580	1	6599.17	289531	289519	12.4717	1830	7925	3411	2	0.0001 Colloc0 1830 41268 0.148092 240.023
590	1	6714.69	289107	289094	12.7481	1835	8259	3077	3	0.0001 Colloc0 1835 41266 0.14033 259.82
600	1	6827.15	289338	289326	12.564	1797	8143	3193	3	0.0001 Colloc0 1797 41284 0.130098 246.584
610	1	6939.63	289274	289262	12.1206	1783	8091	3245	4	0.0001 Colloc0 1783 41255 0.159951 215.56
620	1	7048.43	289539	289527	12.1902	1802	7802	3534	3	0.0001 Colloc0 1802 41225 0.151051 220.344
630	1	7154.57	289111	289098	12.4994	1805	7862	3474	3	0.0001 Colloc0 1805 41185 0.126333 241.99
640	1	7266.1	289344	289332	12.4261	1825	7870	3466	3	0.0001 Colloc0 1825 41204 0.144655 236.802
650	1	7376.17	289187	289175	12.1612	1820	7876	3460	3	0.0001 Colloc0 1820 41148 0.160678 218.348
660	1	7487.08	289311	289299	12.5749	1831	7861	3475	3	0.0001 Colloc0 1831 41211 0.128955 247.36
670	1	7599.44	288885	288872	12.5804	1803	7921	3415	3	0.0001 Colloc0 1803 41201 0.129428 247.756
680	1	7708.38	289273	289260	12.7938	1827	7905	3431	4	0.0001 Colloc0 1827 41186 0.124667 263.136
690	1	7816.06	288991	288978	12.9233	1824	8009	3327	3	0.0001 Colloc0 1824 41177 0.104864 272.59
700	1	7924.32	288935	288923	12.6057	1847	8018	3318	2	0.0001 Colloc0 1847 41160 0.153066 249.565
710	1	8034.47	288935	288923	12.2874	1835	8048	3288	4	0.0001 Colloc0 1835 41108 0.150321 227.084
720	1	8147.06	288624	288611	12.5799	1837	8157	3179	3	0.0001 Colloc0 1837 41107 0.142253 247.718
730	1	8260.77	288084	288071	12.5496	1859	8206	3130	3	0.0001 Colloc0 1859 40968 0.150877 245.557
740	1	8374.49	287220	287207	12.4968	1852	8420	2916	3	0.0001 Colloc0 1852 40924 0.152628 241.802
750	1	8478.32	287417	287404	12.4055	1837	8409	2927	2	0.0001 Colloc0 1837 40952 0.146931 235.35
760	1	8581.83	286921	286908	12.6019	1788	8366	2970	2	0.0001 Colloc0 1788 40957 0.12722 249.294
770	1	8690.15	287117	287105	12.0389	1816	8334	3002	3	0.0001 Colloc0 1816 40970 0.182663 209.981
780	1	8794.39	286702	286690	12.2768	1814	8422	2914	4	0.0001 Colloc0 1814 40946 0.142151 226.343
790	1	8903.28	287136	287123	12.7458	1847	8347	2989	5	0.0001 Colloc0 1847 40873 0.141765 259.65
800	1	9015.88	286671	286659	11.8194	1815	8488	2848	5	0.0001 Colloc0 1815 40882 0.180748 195.237
810	1	9127.71	286139	286127	12.5751	1794	8604	2732	3	0.0001 Colloc0 1794 40883 0.141669 247.375
820	1	9238.75	286518	286505	12.5023	1847	8525	2811	2	0.0001 Colloc0 1847 40867 0.131487 242.194
830	1	9349.78	285662	285650	12.428	1804	8647	2689	3	0.0001 Colloc0 1804 40827 0.145103 236.935
840	1	9460.46	286239	286226	12.5346	1788	8465	2871	4	0.0001 Colloc0 1788 40838 0.116242 244.49
850	1	9568.02	286337	286324	12.6103	1828	8488	2848	3	0.0001 Colloc0 1828 40867 0.127121 249.894
860	1	9678.53	286617	286605	12.2041	1831	8407	2929	4	0.0001 Colloc0 1831 40773 0.156868 221.305
870	1	9790.42	286630	286617	12.7102	1804	8369	2967	3	0.0001 Colloc0 1804 40853 0.118384 257.081
880	1	9903.28	286448	286436	12.5628	1832	8446	2890	5	0.0001 Colloc0 1832 40864 0.153661 246.496
890	1	10016.7	286673	286660	12.8938	1805	8286	3050	4	0.0001 Colloc0 1805 40827 0.116907 270.428
900	1	10128.7	286422	286409	12.6018	1813	8411	2925	3	0.0001 Colloc0 1813 40811 0.128199 249.283
910	1	10236.3	286846	286834	12.3609	1847	8327	3009	5	0.0001 Colloc0 1847 40757 0.15292 232.217
920	1	10345	287036	287024	12.4794	1857	8275	3061	3	0.0001 Colloc0 1857 40758 0.146041 240.567
930	1	10458.8	286879	286866	12.7155	1839	8403	2933	3	0.0001 Colloc0 1839 40737 0.12967 257.459
940	1	10571.2	286259	286246	12.3783	1833	8650	2686	2	0.0001 Colloc0 1833 40737 0.154366 233.438
950	1	10683.8	286294	286282	12.1613	1840	8797	2539	4	0.0001 Colloc0 1840 40713 0.155098 218.354
960	1	10788.1	286054	286042	12.2186	1843	8860	2476	3	0.0001 Colloc0 1843 40763 0.160803 222.304
970	1	10896.8	285620	285607	12.9557	1854	8863	2473	3	0.0001 Colloc0 1854 40653 0.123112 274.969
980	1	11010.8	285370	285357	12.6398	1857	8928	2408	2	0.0001 Colloc0 1857 40655 0.133612 252.01
990	1	11122.8	285320	285307	12.4797	1842	8926	2410	3	0.0001 Colloc0 1842 40673 0.154039 240.587
1000	1	11234.1	284956	284944	12.5903	1842	9162	2174	3	0.0001 Colloc0 1842 40633 0.124772 248.46
1010	1	11347	284307	284294	12.9464	1838	9363	1973	2	0.0001 Colloc0 1838 40638 0.121212 274.286
1020	1	11460.2	284074	284062	12.5678	1818	9443	1893	3	0.0001 Colloc0 1818 40619 0.159721 246.856
1030	1	11573.1	284619	284606	12.6882	1833	9314	2022	3	0.0001 Colloc0 1833 40638 0.136486 255.495
1040	1	11686	284286	284273	12.7775	1860	9402	1934	3	0.0001 Colloc0 1860 40630 0.128333 261.949
1050	1	11799	284527	284515	12.3697	1868	9356	1980	2	0.0001 Colloc0 1868 40620 0.155008 232.836
1060	1	11912	284310	284297	12.7935	1856	9412	1924	2	0.0001 Colloc0 1856 40641 0.15198 263.109
1070	1	12026.7	284003	283990	12.6688	1854	9429	1907	5	0.0001 Colloc0 1854 40590 0.138239 254.091
1080	1	12140	283967	283954	12.6849	1832	9392	1944	2	0.0001 Colloc0 1832 40615 0.132712 255.25
1090	1	12253.8	284587	284574	12.8327	1859	9318	2018	6	0.0001 Colloc0 1859 40606 0.129565 265.962
1100	1	12366.7	284670	284658	12.55	1861	9231	2105	5	0.0001 Colloc0 1861 40595 0.15676 245.587
1110	1	12479.8	284676	284663	12.7589	1845	9288	2048	4	0.0001 Colloc0 1845 40537 0.122991 260.603
1120	1	12592	284873	284860	12.6996	1879	9274	2062	4	0.0001 Colloc0 1879 40564 0.127742 256.317
1130	1	12704.4	284343	284330	12.4771	1882	9364	1972	3	0.0001 Colloc0 1882 40531 0.151093 240.407
1140	1	12816	284222	284210	12.3851	1859	9331	2005	2	0.0001 Colloc0 1859 40547 0.152558 233.914
1150	1	12929	283934	283921	12.55	1841	9453	1883	5	0.0001 Colloc0 1841 40591 0.14868 245.583
1160	1	13040.4	283795	283782	12.7845	1839	9452	1884	3	0.0001 Colloc0 1839 40597 0.128265 262.458
1170	1	13147.1	283616	283603	12.4936	1846	9519	1817	5	0.0001 Colloc0 1846 40547 0.147761 241.575
1180	1	13259.3	283862	283849	12.6993	1855	9428	1908	4	0.0001 Colloc0 1855 40576 0.129011 256.293
1190	1	13373.9	283654	283642	12.2604	1861	9461	1875	3	0.0001 Colloc0 1861 40559 0.161342 225.202
1200	1	13488.2	283348	283336	12.3329	1834	9571	1765	2	0.0001 Colloc0 1834 40556 0.1676 230.253
1210	1	13600.9	283104	283092	12.2271	1842	9648	1688	2	0.0001 Colloc0 1842 40504 0.151026 222.896
1220	1	13711.5	283638	283626	12.3081	1858	9500	1836	5	0.0001 Colloc0 1858 40532 0.145753 228.522
1230	1	13824.4	283759	283746	12.6332	1879	9344	1992	2	0.0001 Colloc0 1879 40391 0.142921 251.533
1240	1	13938.7	284243	284230	12.3953	1863	9132	2204	2	0.0001 Colloc0 1863 40418 0.161232 234.631
1250	1	14052.7	284633	284620	12.746	1875	9027	2309	2	0.0001 Colloc0 1875 40422 0.128111 259.667
1260	1	14167.3	283687	283674	12.6499	1858	9045	2291	4	0.0001 Colloc0 1858 40322 0.147183 252.732
1270	1	14278.2	282879	282866	12.7222	1836	9261	2075	3	0.0001 Colloc0 1836 40281 0.114944 257.948
1280	1	14383.2	283698	283685	12.6705	1903	9040	2296	5	0.0001 Colloc0 1903 40306 0.149877 254.216
1290	1	14488.3	283704	283691	12.6356	1861	9002	2334	3	0.0001 Colloc0 1861 40311 0.142033 251.708
1300	1	14593.2	283635	283622	12.3044	1859	9060	2276	6	0.0001 Colloc0 1859 40286 0.166465 228.268
1310	1	14698.9	283585	283573	12.727	1870	9019	2317	5	0.0001 Colloc0 1870 40247 0.140098 258.289
1320	1	14811	284189	284177	12.3082	1878	8892	2444	5	0.0001 Colloc0 1878 40240 0.15955 228.529
1330	1	14923	283697	283684	12.8404	1879	9010	2326	5	0.0001 Colloc0 1879 40243 0.128034 266.524
1340	1	15030.3	283757	283744	12.7909	1887	8943	2393	2	0.0001 Colloc0 1887 40181 0.130091 262.925
1350	1	15139.1	283324	283311	12.7519	1850	9009	2327	3	0.0001 Colloc0 1850 40213 0.128284 260.094
1360	1	15254.5	283385	283372	12.752	1884	8999	2337	2	0.0001 Colloc0 1884 40179 0.123035 260.097
1370	1	15368.1	283116	283103	12.347	1886	9043	2293	3	0.0001 Colloc0 1886 40155 0.153044 231.246
1380	1	15476.7	283174	283161	12.8975	1857	8782	2554	2	0.0001 Colloc0 1857 40181 0.121161 270.698
1390	1	15584.3	282955	282943	12.582	1857	8860	2476	3	0.0001 Colloc0 1857 40141 0.144192 247.866
1400	1	15697.3	282350	282337	12.5115	1856	9171	2165	5	0.0001 Colloc0 1856 40135 0.160667 242.845
1410	1	15809	282667	282654	13.191	1853	9102	2234	3	0.0001 Colloc0 1853 40130 0.0987083 292.411
1420	1	15920.1	282088	282076	12.1584	1852	9264	2072	3	0.0001 Colloc0 1852 40120 0.16807 218.154
1430	1	16031.3	282381	282368	12.7445	1868	9233	2103	5	0.0001 Colloc0 1868 40065 0.154132 259.558
1440	1	16142.9	282196	282184	12.4481	1875	9292	2044	2	0.0001 Colloc0 1875 40156 0.147899 238.357
1450	1	16254.6	282586	282573	12.9078	1874	9072	2264	2	0.0001 Colloc0 1874 40095 0.131294 271.453
1460	1	16359.1	282444	282431	12.425	1884	9223	2113	4	0.0001 Colloc0 1884 40102 0.1544 236.725
1470	1	16464.3	282256	282243	12.407	1882	9397	1939	2	0.0001 Colloc0 1882 40103 0.138852 235.456
1480	1	16568.6	281414	281401	12.7318	1832	9532	1804	3	0.0001 Colloc0 1832 40086 0.127686 258.639
1490	1	16674.7	281751	281738	12.7393	1861	9369	1967	7	0.0001 Colloc0 1861 40093 0.139232 259.18
1500	1	16779.5	281991	281979	12.5568	1876	9349	1987	3	0.0001 Colloc0 1876 40110 0.15449 246.073
1510	1	16885.1	281831	281819	12.3599	1854	9416	1920	3	0.0001 Colloc0 1854 40129 0.167295 232.145
1520	1	16994.3	281117	281104	13.0132	1857	9708	1628	2	0.0001 Colloc0 1857 40054 0.121228 279.206
1530	1	17098.5	281669	281656	12.6296	1852	9603	1733	3	0.0001 Colloc0 1852 40104 0.133719 251.278
1540	1	17204.2	280699	280686	12.4047	1838	9613	1723	3	0.0001 Colloc0 1838 39934 0.149436 235.295
1550	1	17313.4	280834	280821	12.5576	1845	9562	1774	3	0.0001 Colloc0 1845 39908 0.134018 246.126
1560	1	17422.2	281108	281096	12.269	1871	9587	1749	3	0.0001 Colloc0 1871 39989 0.161449 225.802
1570	1	17530.2	281241	281228	13.1209	1861	9487	1849	2	0.0001 Colloc0 1861 39974 0.0998604 287.186
1580	1	17641.1	281184	281171	12.5887	1866	9499	1837	4	0.0001 Colloc0 1866 39990 0.163789 248.35
1590	1	17754.6	281082	281069	12.9412	1874	9423	1913	3	0.0001 Colloc0 1874 39942 0.135675 273.902
1600	1	17868.8	280854	280842	12.5648	1853	9542	1794	4	0.0001 Colloc0 1853 39955 0.147725 246.64
1610	1	17981.2	281100	281088	12.2385	1848	9522	1814	4	0.0001 Colloc0 1848 39959 0.1515 223.685
1620	1	18092.9	281099	281086	12.5736	1842	9445	1891	4	0.0001 Colloc0 1842 39963 0.123065 247.266
1630	1	18200.8	281189	281177	12.4691	1878	9558	1778	4	0.0001 Colloc0 1878 39917 0.158151 239.84
1640	1	18314.6	280741	280728	12.7599	1857	9614	1722	4	0.0001 Colloc0 1857 39912 0.132766 260.673
1650	1	18428.6	280621	280609	12.4003	1843	9628	1708	5	0.0001 Colloc0 1843 39941 0.143798 234.986
1660	1	18541.5	281062	281050	12.7284	1880	9492	1844	5	0.0001 Colloc0 1880 39939 0.145169 258.395
1670	1	18647.6	281001	280989	12.5508	1846	9458	1878	6	0.0001 Colloc0 1846 39909 0.144905 245.641
1680	1	18761.4	280752	280740	12.2065	1853	9519	1817	3	0.0001 Colloc0 1853 39931 0.157806 221.471
1690	1	18876.6	280837	280825	12.5529	1857	9542	1794	3	0.0001 Colloc0 1857 39948 0.14986 245.796
1700	1	18991.5	280728	280716	12.1997	1852	9482	1854	3	0.0001 Colloc0 1852 39891 0.156385 221
1710	1	19102.5	280859	280847	12.1806	1866	9453	1883	3	0.0001 Colloc0 1866 39875 0.177565 219.679
1720	1	19213.8	280727	280715	12.4174	1829	9495	1841	6	0.0001 Colloc0 1829 39878 0.147194 236.191
1730	1	19326.2	280873	280860	12.4599	1857	9460	1876	5	0.0001 Colloc0 1857 39826 0.14481 239.187
1740	1	19434	281442	281429	12.1727	1860	9282	2054	6	0.0001 Colloc0 1860 39848 0.15783 219.137
1750	1	19546.7	281269	281257	12.6584	1861	9323	2013	3	0.0001 Colloc0 1861 39839 0.139262 253.347
1760	1	19659.4	281407	281394	12.5018	1855	9233	2103	7	0.0001 Colloc0 1855 39885 0.150733 242.158
1770	1	19773.9	280989	280976	12.7778	1843	9345	1991	5	0.0001 Colloc0 1843 39746 0.131129 261.975
1780	1	19883.2	280631	280618	12.5828	1841	9490	1846	3	0.0001 Colloc0 1841 39782 0.128615 247.928
1790	1	19996.7	280661	280649	12.2154	1878	9549	1787	4	0.0001 Colloc0 1878 39759 0.165449 222.084
1800	1	20100.8	280414	280402	12.4959	1864	9616	1720	3	0.0001 Colloc0 1864 39771 0.146924 241.742
1810	1	20205.1	280035	280022	12.6441	1835	9695	1641	4	0.0001 Colloc0 1835 39744 0.122547 252.321
1820	1	20313.2	280321	280309	12.2136	1849	9585	1751	5	0.0001 Colloc0 1849 39790 0.166028 221.962
1830	1	20423.9	280514	280502	12.3009	1834	9554	1782	3	0.0001 Colloc0 1834 39803 0.141377 228.021
1840	1	20532.7	280349	280336	12.7409	1833	9625	1711	4	0.0001 Colloc0 1833 39769 0.128132 259.297
1850	1	20642.6	280267	280255	12.2354	1842	9644	1692	3	0.0001 Colloc0 1842 39768 0.146721 223.466
1860	1	20756.6	280624	280611	12.6619	1845	9560	1776	4	0.0001 Colloc0 1845 39773 0.136665 253.595
1870	1	20867.7	280335	280323	12.2659	1860	9585	1751	4	0.0001 Colloc0 1860 39716 0.161721 225.583
1880	1	20982.5	279847	279835	12.1699	1853	9735	1601	3	0.0001 Colloc0 1853 39718 0.172579 218.947
1890	1	21095.8	280215	280203	12.0056	1837	9638	1698	6	0.0001 Colloc0 1837 39756 0.163094 207.723
1900	1	21206	280384	280372	12.2402	1845	9620	1716	4	0.0001 Colloc0 1845 39778 0.15172 223.804
1910	1	21316.5	280553	280540	12.826	1840	9487	1849	3	0.0001 Colloc0 1840 39736 0.110539 265.474
1920	1	21427	280854	280841	12.8453	1866	9416	1920	3	0.0001 Colloc0 1866 39724 0.128443 266.886
1930	1	21533.7	281064	281052	12.2898	1881	9261	2075	3	0.0001 Colloc0 1881 39723 0.16212 227.247
1940	1	21637.7	281844	281831	12.6443	1890	8998	2338	4	0.0001 Colloc0 1890 39820 0.151159 252.33
1950	1	21742.8	281866	281853	12.6869	1878	8966	2370	5	0.0001 Colloc0 1878 39793 0.135145 255.395
1960	1	21848.4	281535	281522	12.8055	1873	9052	2284	5	0.0001 Colloc0 1873 39777 0.125512 263.982
1970	1	21950.9	281127	281114	13.1765	1854	9220	2116	3	0.0001 Colloc0 1854 39701 0.102574 291.33
1980	1	22056.5	280970	280957	12.3762	1875	9274	2062	4	0.0001 Colloc0 1875 39693 0.159972 233.289
1990	1	22162.9	280941	280928	12.6048	1880	9257	2079	3	0.0001 Colloc0 1880 39689 0.151237 249.498
2000	1	22261.9	280663	280650	12.6501	1885	9242	2094	3	0.0001 Colloc0 1885 39650 0.140419 252.75
