# D = 0, E = 1, I = 1, P = 1, R = -1, n = 2000, N = 1, P = 1, w = 1, a = 0.0001, b = 10000, e = 1, f = 1, g = 100, h = 0.01, r = 8484, s = 1, S = 0, x = 10, m = 100, Z = 1, z = 0, T = 1, t = 1
# 119008 tokens in 11336 sentences
#
# It	Temp	Time	-logP	-logPcorpus	-logPrior	tables	same	changed	reject	default_pya	(parent pym pyn pya pyb)*
0	1	14.1958	484297	484183	113.764	12933	0	11336	0	0.0001 Colloc0 12933 61123 0.0001 10000
10	1	182.424	356994	356980	14.3935	2868	3459	7877	9	0.0001 Colloc0 2868 48955 0.162194 385.335
20	1	304.213	343942	343927	14.48	2024	3883	7453	9	0.0001 Colloc0 2024 48183 0.0318169 392.234
30	1	415.433	337308	337294	14.3313	1830	4236	7100	6	0.0001 Colloc0 1830 47705 0.0133779 380.395
40	1	527.075	334709	334695	13.7277	1844	4421	6915	6	0.0001 Colloc0 1844 47373 0.0327534 333.161
50	1	641.415	331086	331073	13.5131	1802	4656	6680	8	0.0001 Colloc0 1802 47131 0.0288332 316.713
60	1	751.758	326860	326847	13.2595	1725	5000	6336	8	0.0001 Colloc0 1725 46793 0.0510422 297.539
70	1	864.858	325144	325131	13.2718	1714	5124	6212	5	0.0001 Colloc0 1714 46681 0.0369302 298.459
80	1	977.143	322180	322167	13.0869	1762	5497	5839	6	0.0001 Colloc0 1762 46382 0.0774503 284.656
90	1	1087.81	320077	320064	12.818	1745	5699	5637	4	0.0001 Colloc0 1745 46107 0.103064 264.893
100	1	1195.12	317013	317000	12.8644	1755	6010	5326	5	0.0001 Colloc0 1755 45845 0.0947354 268.277
110	1	1308.68	316046	316033	12.9304	1750	6155	5181	8	0.0001 Colloc0 1750 45674 0.0863128 273.11
120	1	1419.02	315429	315416	12.8061	1743	6204	5132	5	0.0001 Colloc0 1743 45635 0.0872781 264.026
130	1	1532.25	313542	313530	12.6818	1725	6319	5017	4	0.0001 Colloc0 1725 45237 0.0958602 255.032
140	1	1643.19	313306	313293	13.0027	1737	6211	5125	7	0.0001 Colloc0 1737 45155 0.093969 278.429
150	1	1758.13	312121	312108	12.7595	1710	6275	5061	4	0.0001 Colloc0 1710 44965 0.0735084 260.646
160	1	1871.98	311637	311625	12.6274	1753	6347	4989	5	0.0001 Colloc0 1753 44890 0.0967283 251.119
170	1	1986.45	309656	309644	12.0219	1749	6431	4905	6	0.0001 Colloc0 1749 44606 0.143178 208.827
180	1	2101.07	309047	309034	13.1239	1791	6492	4844	4	0.0001 Colloc0 1791 44383 0.090068 287.404
190	1	2208.54	308774	308762	12.7425	1764	6471	4865	4	0.0001 Colloc0 1764 44369 0.106165 259.413
200	1	2318.84	307732	307719	12.8062	1760	6594	4742	4	0.0001 Colloc0 1760 44206 0.104335 264.032
210	1	2429.37	306817	306804	12.4165	1791	6543	4793	8	0.0001 Colloc0 1791 44062 0.123125 236.124
220	1	2542.45	306128	306115	12.8225	1810	6751	4585	4	0.0001 Colloc0 1810 44007 0.122818 265.224
230	1	2655.05	305791	305778	12.1941	1773	6807	4529	7	0.0001 Colloc0 1773 43984 0.135838 220.61
240	1	2769.51	305066	305053	12.7982	1777	7014	4322	5	0.0001 Colloc0 1777 43915 0.0966692 263.451
250	1	2879.13	304852	304839	12.9463	1767	6912	4424	4	0.0001 Colloc0 1767 43818 0.108592 274.278
260	1	2991.85	304549	304536	12.504	1770	6970	4366	5	0.0001 Colloc0 1770 43783 0.111704 242.311
270	1	3106.23	302599	302586	12.6266	1771	6984	4352	5	0.0001 Colloc0 1771 43525 0.108146 251.063
280	1	3218.87	302956	302943	12.4688	1790	6949	4387	6	0.0001 Colloc0 1790 43508 0.13758 239.821
290	1	3333.54	302849	302837	12.9104	1815	6965	4371	4	0.0001 Colloc0 1815 43488 0.115813 271.645
300	1	3447.21	302478	302465	12.518	1782	7034	4302	5	0.0001 Colloc0 1782 43443 0.131747 243.31
310	1	3561.36	302222	302209	12.5825	1800	7019	4317	6	0.0001 Colloc0 1800 43376 0.116768 247.903
320	1	3674.61	301189	301177	12.4101	1797	7150	4186	5	0.0001 Colloc0 1797 43304 0.133303 235.676
330	1	3788.43	300912	300899	12.8206	1795	7384	3952	6	0.0001 Colloc0 1795 43310 0.103374 265.083
340	1	3898.31	300415	300403	12.2251	1791	7359	3977	6	0.0001 Colloc0 1791 43236 0.145975 222.756
350	1	4006.41	300095	300083	12.3935	1802	7329	4007	9	0.0001 Colloc0 1802 43139 0.141905 234.507
360	1	4115.05	299677	299665	11.9771	1816	7416	3920	6	0.0001 Colloc0 1816 43116 0.158862 205.794
370	1	4224.63	299289	299277	12.3446	1809	7389	3947	5	0.0001 Colloc0 1809 43028 0.152382 231.077
380	1	4337.02	299397	299385	12.4316	1827	7368	3968	5	0.0001 Colloc0 1827 43038 0.136232 237.188
390	1	4449.81	299566	299553	12.5199	1810	7383	3953	5	0.0001 Colloc0 1810 43070 0.13209 243.443
400	1	4563.45	298425	298412	12.7976	1776	7634	3702	5	0.0001 Colloc0 1776 43048 0.112346 263.407
410	1	4676.49	298619	298606	12.7154	1821	7827	3509	5	0.0001 Colloc0 1821 43066 0.136738 257.453
420	1	4785.67	298620	298607	12.3215	1820	7717	3619	5	0.0001 Colloc0 1820 43064 0.154385 229.457
430	1	4897.77	299221	299209	12.384	1833	7469	3867	4	0.0001 Colloc0 1833 43035 0.132809 233.839
440	1	5008.67	299064	299052	12.1786	1809	7480	3856	6	0.0001 Colloc0 1809 42990 0.154594 219.541
450	1	5121.03	298013	298001	12.5595	1818	7831	3505	7	0.0001 Colloc0 1818 42965 0.137632 246.262
460	1	5234.7	298676	298664	12.662	1847	7702	3634	6	0.0001 Colloc0 1847 42964 0.137185 253.605
470	1	5347.57	297738	297726	12.6232	1815	7663	3673	5	0.0001 Colloc0 1815 42822 0.113952 250.821
480	1	5460.21	297184	297171	12.5612	1788	7821	3515	7	0.0001 Colloc0 1788 42781 0.11572 246.383
490	1	5571.8	297012	297000	12.1479	1855	7961	3375	6	0.0001 Colloc0 1855 42723 0.160299 217.432
500	1	5685.07	296678	296666	12.3321	1832	7841	3495	11	0.0001 Colloc0 1832 42765 0.141315 230.202
510	1	5796.72	296487	296475	12.1431	1796	7853	3483	7	0.0001 Colloc0 1796 42759 0.149558 217.102
520	1	5909.25	296518	296506	12.58	1793	7852	3484	8	0.0001 Colloc0 1793 42712 0.121021 247.729
530	1	6018.86	296020	296007	12.5953	1839	8102	3234	11	0.0001 Colloc0 1839 42622 0.134516 248.819
540	1	6130.7	295710	295697	12.5665	1808	8105	3231	5	0.0001 Colloc0 1808 42646 0.12816 246.764
550	1	6243.87	295665	295652	12.7355	1814	8002	3334	6	0.0001 Colloc0 1814 42613 0.123224 258.903
560	1	6355.71	295180	295167	12.3638	1802	8182	3154	6	0.0001 Colloc0 1802 42549 0.157992 232.42
570	1	6467.12	294990	294977	12.5653	1798	8271	3065	7	0.0001 Colloc0 1798 42541 0.128969 246.678
580	1	6575.78	295189	295177	12.1633	1826	8180	3156	7	0.0001 Colloc0 1826 42476 0.159715 218.492
590	1	6684.28	294700	294687	12.5098	1852	8328	3008	8	0.0001 Colloc0 1852 42515 0.155017 242.727
600	1	6792.86	295335	295323	12.2832	1865	8069	3267	5	0.0001 Colloc0 1865 42446 0.158456 226.788
610	1	6906.82	294993	294981	12.1102	1873	8208	3128	8	0.0001 Colloc0 1873 42447 0.171302 214.844
620	1	7020.01	293360	293347	12.9048	1827	8602	2734	6	0.0001 Colloc0 1827 42391 0.104557 271.229
630	1	7131.56	293194	293181	12.5106	1865	8348	2988	11	0.0001 Colloc0 1865 42363 0.137102 242.78
640	1	7243.41	291887	291875	12.2105	1798	8739	2597	7	0.0001 Colloc0 1798 42309 0.165421 221.746
650	1	7354.6	291186	291173	12.5559	1835	8769	2567	7	0.0001 Colloc0 1835 42150 0.151393 246.005
660	1	7467.59	291227	291215	12.3102	1796	8924	2412	8	0.0001 Colloc0 1796 42160 0.139781 228.668
670	1	7580.03	291450	291438	12.3453	1857	8768	2568	7	0.0001 Colloc0 1857 42125 0.156955 231.122
680	1	7692.29	291498	291486	12.4234	1843	8799	2537	6	0.0001 Colloc0 1843 42118 0.146988 236.608
690	1	7806.57	290468	290455	12.1507	1797	9042	2294	6	0.0001 Colloc0 1797 42139 0.149875 217.624
700	1	7918.17	290080	290068	12.0069	1826	9230	2106	8	0.0001 Colloc0 1826 42100 0.17642 207.814
710	1	8030.71	289834	289822	12.1972	1809	9299	2037	7	0.0001 Colloc0 1809 42102 0.143994 220.825
720	1	8140.9	289938	289926	11.9018	1783	9280	2056	6	0.0001 Colloc0 1783 42114 0.165173 200.732
730	1	8253.59	290064	290052	11.9484	1826	9259	2077	8	0.0001 Colloc0 1826 42068 0.17905 203.863
740	1	8365.54	290767	290756	11.8363	1837	8993	2343	6	0.0001 Colloc0 1837 42082 0.174159 196.358
750	1	8476.62	290132	290119	12.3694	1835	9010	2326	7	0.0001 Colloc0 1835 42017 0.153554 232.811
760	1	8587.57	290424	290411	12.5371	1843	8954	2382	7	0.0001 Colloc0 1843 42025 0.1417 244.664
770	1	8699.5	290140	290127	12.4545	1844	9098	2238	6	0.0001 Colloc0 1844 42004 0.144906 238.805
780	1	8808.48	290060	290048	12.5038	1841	9101	2235	9	0.0001 Colloc0 1841 41984 0.149086 242.297
790	1	8921.51	288948	288936	12.1746	1785	9280	2056	6	0.0001 Colloc0 1785 42012 0.15235 219.27
800	1	9033.31	289361	289349	11.837	1833	9282	2054	6	0.0001 Colloc0 1833 41967 0.195519 196.409
810	1	9142.73	289472	289460	11.8474	1834	9221	2115	7	0.0001 Colloc0 1834 41963 0.177215 197.1
820	1	9255.69	289417	289404	12.6721	1818	9316	2020	6	0.0001 Colloc0 1818 41934 0.111223 254.335
830	1	9368.86	289270	289258	12.2715	1836	9275	2061	8	0.0001 Colloc0 1836 41879 0.161102 225.972
840	1	9479.31	289382	289370	12.4326	1839	9250	2086	7	0.0001 Colloc0 1839 41889 0.150291 237.263
850	1	9591.46	288669	288657	12.3402	1824	9398	1938	8	0.0001 Colloc0 1824 41844 0.147436 230.766
860	1	9701.53	289033	289021	12.2057	1790	9286	2050	6	0.0001 Colloc0 1790 41874 0.144767 221.415
870	1	9813.07	288798	288786	12.1957	1831	9372	1964	5	0.0001 Colloc0 1831 41801 0.148402 220.725
880	1	9925.44	288880	288868	12.2126	1777	9173	2163	5	0.0001 Colloc0 1777 41814 0.141301 221.891
890	1	10038.2	288911	288899	12.6564	1835	9146	2190	5	0.0001 Colloc0 1835 41776 0.126355 253.204
900	1	10148.3	289597	289585	12.4461	1837	8979	2357	8	0.0001 Colloc0 1837 41835 0.154065 238.212
910	1	10258.8	289297	289285	12.2024	1857	9051	2285	8	0.0001 Colloc0 1857 41770 0.160154 221.185
920	1	10372	289330	289317	12.756	1842	9022	2314	6	0.0001 Colloc0 1842 41779 0.120984 260.392
930	1	10484.2	288524	288512	12.0376	1830	9165	2171	5	0.0001 Colloc0 1830 41715 0.166182 209.895
940	1	10596.8	288323	288312	11.5882	1852	9125	2211	8	0.0001 Colloc0 1852 41700 0.183474 180.103
950	1	10708.5	288387	288375	12.1053	1832	9085	2251	6	0.0001 Colloc0 1832 41672 0.161344 214.506
960	1	10819.5	288791	288779	12.9792	1800	9036	2300	7	0.0001 Colloc0 1800 41661 0.0988239 276.696
970	1	10928.8	287974	287962	12.3928	1823	9192	2144	6	0.0001 Colloc0 1823 41662 0.142611 234.457
980	1	11038.4	288182	288169	12.7306	1830	9167	2169	6	0.0001 Colloc0 1830 41599 0.136489 258.553
990	1	11150.5	287985	287973	12.3783	1826	9245	2091	6	0.0001 Colloc0 1826 41590 0.127886 233.435
1000	1	11260.6	288006	287994	12.2499	1856	9187	2149	8	0.0001 Colloc0 1856 41545 0.157893 224.476
1010	1	11373.3	287951	287939	12.2698	1845	9206	2130	6	0.0001 Colloc0 1845 41519 0.16452 225.858
1020	1	11479	287860	287847	12.4839	1844	9237	2099	6	0.0001 Colloc0 1844 41528 0.134238 240.886
1030	1	11589.6	288130	288118	12.3243	1846	9194	2142	7	0.0001 Colloc0 1846 41545 0.155989 229.657
1040	1	11701.6	287742	287730	12.3501	1875	9114	2222	7	0.0001 Colloc0 1875 41385 0.164353 231.457
1050	1	11813.4	287261	287249	12.5199	1828	9264	2072	8	0.0001 Colloc0 1828 41366 0.140452 243.443
1060	1	11922.3	287189	287177	12.4183	1817	9164	2172	5	0.0001 Colloc0 1817 41397 0.13658 236.255
1070	1	12032.7	286995	286983	12.0924	1836	9053	2283	5	0.0001 Colloc0 1836 41340 0.164029 213.631
1080	1	12143.3	287249	287237	12.4085	1855	9072	2264	6	0.0001 Colloc0 1855 41374 0.16014 235.558
1090	1	12254.1	287061	287049	12.3068	1834	9087	2249	9	0.0001 Colloc0 1834 41368 0.156698 228.437
1100	1	12362.9	286534	286522	11.8275	1844	9308	2028	5	0.0001 Colloc0 1844 41331 0.1888 195.774
1110	1	12476	286283	286271	12.2692	1822	9464	1872	6	0.0001 Colloc0 1822 41329 0.144872 225.814
1120	1	12588.1	286515	286503	12.2908	1845	9378	1958	5	0.0001 Colloc0 1845 41297 0.158922 227.318
1130	1	12701.5	286808	286795	12.3458	1847	9311	2025	7	0.0001 Colloc0 1847 41336 0.146204 231.158
1140	1	12809.3	286036	286024	12.3213	1820	9375	1961	9	0.0001 Colloc0 1820 41325 0.178917 229.443
1150	1	12918.4	286674	286661	12.6933	1829	9210	2126	10	0.0001 Colloc0 1829 41316 0.144566 255.861
1160	1	13029.7	287097	287084	12.3728	1844	9025	2311	6	0.0001 Colloc0 1844 41317 0.15131 233.052
1170	1	13142.2	287735	287723	12.607	1848	8931	2405	6	0.0001 Colloc0 1848 41288 0.132569 249.657
1180	1	13251.3	287197	287185	12.1883	1833	9036	2300	6	0.0001 Colloc0 1833 41307 0.168094 220.214
1190	1	13359.5	287117	287104	12.3206	1847	9094	2242	8	0.0001 Colloc0 1847 41290 0.155837 229.395
1200	1	13471	286799	286786	12.9486	1846	9171	2165	5	0.0001 Colloc0 1846 41274 0.127723 274.445
1210	1	13579.4	286544	286532	12.3921	1839	9133	2203	7	0.0001 Colloc0 1839 41208 0.160235 234.407
1220	1	13690.3	286935	286922	12.8065	1824	8996	2340	7	0.0001 Colloc0 1824 41254 0.136536 264.056
1230	1	13796.2	286551	286539	12.6987	1836	9068	2268	9	0.0001 Colloc0 1836 41144 0.143005 256.251
1240	1	13902.7	286468	286455	12.5786	1849	9118	2218	7	0.0001 Colloc0 1849 41157 0.145084 247.625
1250	1	14013.8	286782	286770	12.4278	1845	9022	2314	7	0.0001 Colloc0 1845 41141 0.131408 236.925
1260	1	14125.4	286155	286142	12.6475	1821	9205	2131	6	0.0001 Colloc0 1821 41170 0.128445 252.563
1270	1	14237.5	286702	286690	12.5345	1821	8971	2365	8	0.0001 Colloc0 1821 41151 0.166853 244.481
1280	1	14348.7	286930	286918	12.7942	1842	8938	2398	13	0.0001 Colloc0 1842 41149 0.11548 263.164
1290	1	14460.2	287044	287031	12.5763	1850	8934	2402	7	0.0001 Colloc0 1850 41177 0.155711 247.461
1300	1	14568.8	286623	286611	12.1421	1822	8957	2379	9	0.0001 Colloc0 1822 41117 0.174983 217.031
1310	1	14680.9	287341	287329	12.5914	1852	8784	2552	9	0.0001 Colloc0 1852 41155 0.131801 248.541
1320	1	14793.1	286141	286129	12.2712	1836	9168	2168	6	0.0001 Colloc0 1836 41048 0.167203 225.955
1330	1	14900	286415	286403	12.1729	1846	9116	2220	9	0.0001 Colloc0 1846 41094 0.164484 219.149
1340	1	15009.3	285977	285965	12.0548	1841	9211	2125	8	0.0001 Colloc0 1841 41045 0.163455 211.061
1350	1	15122.1	286131	286118	12.3777	1842	9270	2066	7	0.0001 Colloc0 1842 41076 0.153499 233.399
1360	1	15234.2	285977	285965	12.4138	1851	9323	2013	8	0.0001 Colloc0 1851 41042 0.138764 235.932
1370	1	15347	285897	285884	12.8075	1830	9242	2094	7	0.0001 Colloc0 1830 41015 0.127395 264.126
1380	1	15458.5	286083	286070	12.7791	1831	9236	2100	5	0.0001 Colloc0 1831 41023 0.131104 262.065
1390	1	15571.4	285212	285200	12.5051	1841	9343	1993	6	0.0001 Colloc0 1841 40883 0.156152 242.391
1400	1	15684.1	285269	285256	12.4745	1842	9350	1986	5	0.0001 Colloc0 1842 40873 0.160275 240.224
1410	1	15794.6	285165	285153	12.0303	1851	9420	1916	5	0.0001 Colloc0 1851 40845 0.180392 209.4
1420	1	15904.9	284803	284790	12.5896	1829	9460	1876	5	0.0001 Colloc0 1829 40827 0.133134 248.41
1430	1	16017.5	284884	284872	12.2418	1831	9442	1894	7	0.0001 Colloc0 1831 40826 0.154208 223.912
1440	1	16130.1	285067	285054	12.7864	1821	9371	1965	6	0.0001 Colloc0 1821 40813 0.129411 262.598
1450	1	16241.9	285461	285448	12.7073	1878	9201	2135	7	0.0001 Colloc0 1878 40853 0.150032 256.868
1460	1	16352.1	284911	284899	12.8303	1849	9366	1970	6	0.0001 Colloc0 1849 40807 0.130647 265.788
1470	1	16463.8	285173	285161	12.182	1858	9389	1947	5	0.0001 Colloc0 1858 40819 0.15404 219.778
1480	1	16572.3	284785	284773	11.7651	1873	9393	1943	7	0.0001 Colloc0 1873 40788 0.18882 191.648
1490	1	16687	284748	284735	12.3783	1865	9440	1896	7	0.0001 Colloc0 1865 40779 0.140984 233.439
1500	1	16799.4	284660	284647	12.8249	1856	9461	1875	6	0.0001 Colloc0 1856 40764 0.140763 265.396
1510	1	16906.2	284411	284398	12.3757	1843	9533	1803	7	0.0001 Colloc0 1843 40778 0.150067 233.258
1520	1	17018.4	284269	284256	12.3119	1875	9508	1828	5	0.0001 Colloc0 1875 40764 0.1664 228.792
1530	1	17129.1	284350	284337	12.7854	1839	9423	1913	8	0.0001 Colloc0 1839 40728 0.129838 262.52
1540	1	17237.6	284518	284506	12.623	1869	9387	1949	5	0.0001 Colloc0 1869 40757 0.129176 250.805
1550	1	17348.1	284422	284409	13.0985	1883	9441	1895	5	0.0001 Colloc0 1883 40716 0.137314 285.518
1560	1	17460	284192	284179	12.3504	1857	9491	1845	5	0.0001 Colloc0 1857 40683 0.155096 231.485
1570	1	17571	284063	284050	12.6256	1815	9556	1780	5	0.0001 Colloc0 1815 40720 0.13775 250.99
1580	1	17681.8	284271	284259	12.3031	1863	9570	1766	5	0.0001 Colloc0 1863 40732 0.163661 228.178
1590	1	17794.3	284090	284077	12.3692	1843	9618	1718	7	0.0001 Colloc0 1843 40691 0.141659 232.798
1600	1	17903.4	283863	283851	12.1216	1856	9551	1785	7	0.0001 Colloc0 1856 40683 0.167659 215.625
1610	1	18013.2	284059	284047	12.1723	1871	9519	1817	7	0.0001 Colloc0 1871 40714 0.170318 219.108
1620	1	18127.7	284002	283990	12.4023	1828	9481	1855	9	0.0001 Colloc0 1828 40670 0.137587 235.128
1630	1	18237.3	284185	284173	12.1762	1863	9464	1872	6	0.0001 Colloc0 1863 40670 0.173492 219.376
1640	1	18350	284105	284093	12.1754	1872	9562	1774	7	0.0001 Colloc0 1872 40703 0.181762 219.323
1650	1	18463.4	283245	283233	11.961	1852	9636	1700	8	0.0001 Colloc0 1852 40546 0.172397 204.71
1660	1	18574	283725	283712	12.579	1870	9618	1718	6	0.0001 Colloc0 1870 40563 0.154528 247.653
1670	1	18681.2	283883	283870	12.7237	1861	9514	1822	7	0.0001 Colloc0 1861 40573 0.140593 258.055
1680	1	18794.2	284256	284243	12.3176	1881	9438	1898	6	0.0001 Colloc0 1881 40583 0.167971 229.19
1690	1	18907.8	283885	283872	12.4867	1860	9502	1834	7	0.0001 Colloc0 1860 40559 0.153469 241.088
1700	1	19018.4	284312	284299	12.476	1893	9378	1958	7	0.0001 Colloc0 1893 40562 0.14404 240.33
1710	1	19130.1	284409	284397	12.4333	1903	9339	1997	6	0.0001 Colloc0 1903 40572 0.159464 237.31
1720	1	19242.9	283994	283981	12.7766	1871	9451	1885	7	0.0001 Colloc0 1871 40537 0.14264 261.883
1730	1	19351.9	284046	284034	12.461	1884	9453	1883	6	0.0001 Colloc0 1884 40560 0.151653 239.265
1740	1	19465.7	283906	283893	12.569	1879	9545	1791	5	0.0001 Colloc0 1879 40553 0.153248 246.938
1750	1	19578.5	283535	283522	12.5142	1884	9687	1649	6	0.0001 Colloc0 1884 40532 0.145899 243.041
1760	1	19690.8	283333	283320	12.3021	1886	9713	1623	5	0.0001 Colloc0 1886 40563 0.176015 228.108
1770	1	19801.9	283625	283612	12.4867	1865	9626	1710	7	0.0001 Colloc0 1865 40544 0.158567 241.085
1780	1	19914.4	283655	283643	12.3817	1871	9598	1738	5	0.0001 Colloc0 1871 40543 0.163288 233.677
1790	1	20026.7	283661	283648	12.914	1860	9523	1813	6	0.0001 Colloc0 1860 40497 0.127111 271.908
1800	1	20138.2	283559	283546	12.3504	1879	9492	1844	8	0.0001 Colloc0 1879 40481 0.161043 231.484
1810	1	20250.2	283527	283515	12.1659	1854	9539	1797	6	0.0001 Colloc0 1854 40494 0.155458 218.671
1820	1	20362.5	283417	283404	12.5195	1853	9544	1792	8	0.0001 Colloc0 1853 40487 0.12663 243.418
1830	1	20473.8	283411	283399	12.2159	1874	9554	1782	6	0.0001 Colloc0 1874 40494 0.180123 222.119
1840	1	20585.4	283271	283259	12.1724	1848	9573	1763	8	0.0001 Colloc0 1848 40507 0.169609 219.117
1850	1	20696.7	283042	283030	12.4525	1832	9603	1733	6	0.0001 Colloc0 1832 40498 0.150517 238.669
1860	1	20805.1	283012	283000	12.4202	1848	9645	1691	6	0.0001 Colloc0 1848 40462 0.161683 236.385
1870	1	20915.2	283101	283088	12.2374	1868	9562	1774	6	0.0001 Colloc0 1868 40466 0.163151 223.605
1880	1	21022.2	283070	283057	12.7158	1883	9594	1742	6	0.0001 Colloc0 1883 40430 0.139102 257.482
1890	1	21132.6	283102	283089	12.7476	1867	9547	1789	7	0.0001 Colloc0 1867 40466 0.161305 259.781
1900	1	21244.9	283363	283351	12.1402	1876	9502	1834	7	0.0001 Colloc0 1876 40471 0.176118 216.902
1910	1	21354.6	283056	283044	12.2771	1886	9565	1771	6	0.0001 Colloc0 1886 40487 0.163609 226.365
1920	1	21465.6	283426	283414	12.2384	1870	9458	1878	6	0.0001 Colloc0 1870 40469 0.147582 223.676
1930	1	21575.4	282823	282811	12.3135	1883	9502	1834	8	0.0001 Colloc0 1883 40364 0.176115 228.903
1940	1	21686.4	282764	282751	12.4203	1847	9506	1830	6	0.0001 Colloc0 1847 40349 0.164201 236.393
1950	1	21794.7	282632	282620	12.23	1861	9580	1756	9	0.0001 Colloc0 1861 40313 0.177404 223.095
1960	1	21904.8	282753	282741	11.9593	1866	9531	1805	7	0.0001 Colloc0 1866 40336 0.1835 204.592
1970	1	22014.5	282527	282515	12.7891	1854	9651	1685	8	0.0001 Colloc0 1854 40356 0.138036 262.791
1980	1	22106.9	282811	282798	12.3127	1868	9499	1837	8	0.0001 Colloc0 1868 40378 0.160083 228.846
1990	1	22198.1	283112	283100	12.3393	1869	9288	2048	7	0.0001 Colloc0 1869 40326 0.15384 230.701
2000	1	22289.6	283516	283504	12.6028	1874	9226	2110	8	0.0001 Colloc0 1874 40369 0.139788 249.356
