# D = 0, E = 1, I = 1, P = 1, R = -1, n = 2000, N = 1, P = 1, w = 1, a = 0.0001, b = 10000, e = 1, f = 1, g = 100, h = 0.01, r = 10789, s = 1, S = 0, x = 10, m = 100, Z = 1, z = 0, T = 1, t = 1
# 117629 tokens in 11336 sentences
#
# It	Temp	Time	-logP	-logPcorpus	-logPrior	tables	same	changed	reject	default_pya	(parent pym pyn pya pyb)*
0	1	11.4153	426860	426746	113.764	10908	0	11336	0	0.0001 Colloc0 10908 53203 0.0001 10000
10	1	152.862	346956	346941	14.5978	2746	2952	8384	9	0.0001 Colloc0 2746 46492 0.145415 401.665
20	1	261.842	336508	336493	14.9319	2077	3338	7998	6	0.0001 Colloc0 2077 46081 0.00847116 428.638
30	1	365.095	331189	331174	14.85	1962	3668	7668	7	0.0001 Colloc0 1962 45730 0.00337809 421.996
40	1	466.689	326358	326344	13.662	1843	4076	7260	4	0.0001 Colloc0 1843 45620 0.0199971 328.106
50	1	568.572	322176	322163	13.6757	1798	4430	6906	6	0.0001 Colloc0 1798 45236 0.0273656 329.156
60	1	674.228	320006	319992	13.638	1806	4595	6741	4	0.0001 Colloc0 1806 45107 0.0293324 326.264
70	1	780.207	317664	317651	13.2199	1745	4773	6563	6	0.0001 Colloc0 1745 44962 0.0639599 294.569
80	1	880.55	316551	316537	13.5987	1772	4918	6418	5	0.0001 Colloc0 1772 44815 0.0440472 323.25
90	1	978.807	314252	314239	13.5731	1799	5049	6287	5	0.0001 Colloc0 1799 44560 0.0474846 321.29
100	1	1081.17	312591	312577	13.8297	1783	5135	6201	3	0.0001 Colloc0 1783 44366 0.032827 341.047
110	1	1182.06	311767	311753	13.348	1802	5308	6028	4	0.0001 Colloc0 1802 44296 0.0706035 304.199
120	1	1280.15	310108	310095	13.4034	1795	5336	6000	4	0.0001 Colloc0 1795 44149 0.0596102 308.385
130	1	1383.37	308728	308715	13.3339	1762	5597	5739	3	0.0001 Colloc0 1762 44088 0.0717558 303.135
140	1	1480.15	307937	307923	13.171	1779	5647	5689	4	0.0001 Colloc0 1779 43965 0.0528135 290.915
150	1	1584.02	306428	306416	12.9507	1751	5916	5420	5	0.0001 Colloc0 1751 43916 0.0804933 274.597
160	1	1683.73	305261	305248	13.5033	1787	6029	5307	5	0.0001 Colloc0 1787 43767 0.062117 315.97
170	1	1784.49	304110	304097	13.3298	1761	6163	5173	5	0.0001 Colloc0 1761 43687 0.0520055 302.823
180	1	1883.56	303617	303604	13.2374	1769	6134	5202	6	0.0001 Colloc0 1769 43500 0.0812516 295.883
190	1	1979.81	302306	302293	12.9682	1808	6267	5069	7	0.0001 Colloc0 1808 43393 0.102647 275.89
200	1	2081.17	302030	302017	13.1983	1777	6146	5190	6	0.0001 Colloc0 1777 43363 0.0848808 292.955
210	1	2183.95	300319	300307	12.5583	1792	6257	5079	4	0.0001 Colloc0 1792 43089 0.120139 246.174
220	1	2285.52	300064	300052	12.8721	1740	6265	5071	6	0.0001 Colloc0 1740 43121 0.0886471 268.84
230	1	2384.74	299085	299073	12.6794	1736	6468	4868	5	0.0001 Colloc0 1736 43069 0.109624 254.858
240	1	2488.74	298375	298363	12.4629	1760	6595	4741	5	0.0001 Colloc0 1760 42989 0.106895 239.398
250	1	2588.83	297364	297352	12.6095	1744	6692	4644	6	0.0001 Colloc0 1744 42889 0.106634 249.836
260	1	2692.44	297078	297065	12.734	1740	6725	4611	7	0.0001 Colloc0 1740 42825 0.089763 258.798
270	1	2792.94	296683	296671	12.4316	1767	6753	4583	4	0.0001 Colloc0 1767 42750 0.136274 237.19
280	1	2894.47	296413	296401	12.2678	1809	6939	4397	5	0.0001 Colloc0 1809 42682 0.136065 225.719
290	1	2994.11	295544	295531	12.7073	1753	6921	4415	6	0.0001 Colloc0 1753 42648 0.107438 256.867
300	1	3096.81	295489	295476	12.4758	1762	7031	4305	6	0.0001 Colloc0 1762 42668 0.122973 240.314
310	1	3200.22	295848	295836	12.7292	1750	6950	4386	7	0.0001 Colloc0 1750 42646 0.0960248 258.455
320	1	3302.48	295046	295034	12.5614	1776	7114	4222	6	0.0001 Colloc0 1776 42602 0.11948 246.399
330	1	3399.56	294192	294179	12.8543	1744	7221	4115	6	0.0001 Colloc0 1744 42533 0.110117 267.537
340	1	3499.47	294354	294341	12.7178	1766	7127	4209	6	0.0001 Colloc0 1766 42541 0.108352 257.624
350	1	3600.99	293987	293974	12.7787	1744	7120	4216	5	0.0001 Colloc0 1744 42490 0.102635 262.037
360	1	3701.74	294109	294096	12.6662	1755	7303	4033	6	0.0001 Colloc0 1755 42476 0.114643 253.906
370	1	3803.68	294068	294055	12.8351	1753	7242	4094	6	0.0001 Colloc0 1753 42500 0.107827 266.137
380	1	3906.39	293975	293962	12.7198	1760	7157	4179	6	0.0001 Colloc0 1760 42469 0.119281 257.769
390	1	4007.94	293692	293679	12.8526	1758	7222	4114	8	0.0001 Colloc0 1758 42405 0.0943236 267.414
400	1	4105.85	293159	293146	12.7075	1742	7302	4034	6	0.0001 Colloc0 1742 42377 0.0972366 256.886
410	1	4205.79	293219	293206	12.6471	1773	7256	4080	6	0.0001 Colloc0 1773 42310 0.103677 252.534
420	1	4307.72	292345	292333	12.4332	1804	7336	4000	9	0.0001 Colloc0 1804 42251 0.124992 237.303
430	1	4403.84	291673	291661	12.352	1757	7521	3815	6	0.0001 Colloc0 1757 42160 0.124602 231.595
440	1	4505.94	292688	292675	12.9784	1754	7234	4102	8	0.0001 Colloc0 1754 42119 0.096373 276.637
450	1	4603.18	292503	292490	13.352	1754	7166	4170	6	0.0001 Colloc0 1754 42140 0.0693253 304.499
460	1	4702.75	291664	291651	12.7694	1758	7304	4032	8	0.0001 Colloc0 1758 42130 0.104598 261.36
470	1	4802.32	290788	290775	13.0186	1755	7550	3786	6	0.0001 Colloc0 1755 42038 0.0780459 279.601
480	1	4902.18	291274	291261	12.7742	1777	7445	3891	8	0.0001 Colloc0 1777 42047 0.122097 261.712
490	1	5003.06	291236	291223	13.2442	1799	7381	3955	7	0.0001 Colloc0 1799 42043 0.0934717 296.389
500	1	5103.93	290270	290258	12.2899	1753	7618	3718	6	0.0001 Colloc0 1753 42049 0.137292 227.255
510	1	5206.69	290192	290180	12.6913	1742	7733	3603	7	0.0001 Colloc0 1742 41991 0.12261 255.715
520	1	5308.81	290010	289997	12.292	1749	7670	3666	6	0.0001 Colloc0 1749 41991 0.130529 227.399
530	1	5411.45	289918	289905	12.6745	1750	7595	3741	5	0.0001 Colloc0 1750 41774 0.100769 254.507
540	1	5512.92	290078	290066	12.5456	1786	7657	3679	8	0.0001 Colloc0 1786 41713 0.124214 245.274
550	1	5614.51	290340	290327	12.8568	1796	7598	3738	6	0.0001 Colloc0 1796 41726 0.120232 267.724
560	1	5715.8	289936	289923	12.9756	1784	7624	3712	5	0.0001 Colloc0 1784 41707 0.109559 276.436
570	1	5815.64	289390	289378	12.096	1773	7717	3619	6	0.0001 Colloc0 1773 41605 0.165213 213.875
580	1	5914.76	288715	288703	12.5222	1785	7908	3428	5	0.0001 Colloc0 1785 41592 0.132118 243.61
590	1	6016.89	289228	289215	12.4344	1815	7748	3588	7	0.0001 Colloc0 1815 41530 0.138165 237.391
600	1	6118.67	287770	287757	12.6884	1770	7862	3474	7	0.0001 Colloc0 1770 41391 0.0983551 255.503
610	1	6219.12	287202	287189	12.9194	1814	7932	3404	6	0.0001 Colloc0 1814 41212 0.123696 272.299
620	1	6321.39	287541	287528	13.0636	1820	7878	3458	5	0.0001 Colloc0 1820 41196 0.108018 282.934
630	1	6422.6	288108	288095	12.5697	1817	7729	3607	7	0.0001 Colloc0 1817 41224 0.128038 246.988
640	1	6523.74	288313	288300	12.965	1786	7662	3674	7	0.0001 Colloc0 1786 41283 0.109782 275.652
650	1	6624.5	287534	287521	13.0318	1794	7853	3483	9	0.0001 Colloc0 1794 41198 0.098995 280.58
660	1	6722.21	287784	287771	13.061	1826	7750	3586	6	0.0001 Colloc0 1826 41191 0.105942 282.738
670	1	6821.12	287262	287250	12.3689	1815	7827	3509	6	0.0001 Colloc0 1815 41171 0.140334 232.777
680	1	6917.13	287311	287299	12.5758	1778	7744	3592	5	0.0001 Colloc0 1778 41083 0.123291 247.43
690	1	7014.5	287250	287237	12.2511	1824	7899	3437	7	0.0001 Colloc0 1824 41051 0.163664 224.558
700	1	7113.64	287136	287123	12.5254	1818	7776	3560	6	0.0001 Colloc0 1818 41072 0.115057 243.835
710	1	7212.58	286755	286743	12.5996	1790	7801	3535	6	0.0001 Colloc0 1790 41029 0.129451 249.13
720	1	7313.06	286100	286088	12.6667	1773	7885	3451	5	0.0001 Colloc0 1773 40986 0.118828 253.944
730	1	7411.18	286072	286060	12.7987	1777	7916	3420	6	0.0001 Colloc0 1777 40995 0.100801 263.487
740	1	7507.46	285740	285727	12.626	1746	7834	3502	5	0.0001 Colloc0 1746 40982 0.119024 251.02
750	1	7608.85	286106	286094	12.5691	1777	7673	3663	6	0.0001 Colloc0 1777 40837 0.124859 246.945
760	1	7709.33	286028	286016	12.1274	1798	7770	3566	5	0.0001 Colloc0 1798 40844 0.148882 216.02
770	1	7808.67	285409	285396	12.6995	1772	7805	3531	6	0.0001 Colloc0 1772 40765 0.121212 256.31
780	1	7908.02	284763	284750	12.8989	1768	8186	3150	6	0.0001 Colloc0 1768 40758 0.105872 270.797
790	1	8003.09	284893	284881	12.6738	1772	8114	3222	6	0.0001 Colloc0 1772 40752 0.105858 254.455
800	1	8103.57	285118	285105	13.2355	1814	8048	3288	6	0.0001 Colloc0 1814 40717 0.100685 295.742
810	1	8203.29	284940	284927	13.2251	1803	8023	3313	7	0.0001 Colloc0 1803 40678 0.0906875 294.962
820	1	8305.18	284349	284336	12.7066	1808	8112	3224	8	0.0001 Colloc0 1808 40547 0.125106 256.816
830	1	8406.61	284401	284389	12.9621	1794	8145	3191	5	0.0001 Colloc0 1794 40545 0.106228 275.435
840	1	8507.28	283308	283295	12.8801	1787	8515	2821	5	0.0001 Colloc0 1787 40481 0.106229 269.424
850	1	8609.23	283233	283221	12.7399	1809	8638	2698	6	0.0001 Colloc0 1809 40496 0.122085 259.227
860	1	8709.37	283321	283309	12.7742	1796	8593	2743	7	0.0001 Colloc0 1796 40482 0.119174 261.712
870	1	8810.01	282959	282947	12.504	1800	8563	2773	7	0.0001 Colloc0 1800 40465 0.132747 242.317
880	1	8909.83	282537	282525	12.4283	1788	8774	2562	9	0.0001 Colloc0 1788 40478 0.138644 236.953
890	1	9010.17	282105	282093	12.384	1793	8981	2355	6	0.0001 Colloc0 1793 40420 0.152835 233.836
900	1	9110.49	282064	282051	12.9271	1786	8948	2388	6	0.0001 Colloc0 1786 40393 0.097503 272.87
910	1	9212.1	282178	282165	12.9274	1811	8934	2402	5	0.0001 Colloc0 1811 40367 0.116161 272.886
920	1	9313.58	281908	281895	12.5353	1806	8987	2349	7	0.0001 Colloc0 1806 40386 0.136888 244.537
930	1	9412.74	282065	282053	12.8273	1781	8913	2423	5	0.0001 Colloc0 1781 40376 0.107611 265.568
940	1	9509.33	282057	282044	12.9334	1815	8991	2345	9	0.0001 Colloc0 1815 40384 0.112843 273.331
950	1	9608.17	281938	281925	12.7056	1803	8906	2430	9	0.0001 Colloc0 1803 40367 0.142186 256.749
960	1	9705.79	281504	281491	12.3761	1786	8944	2392	7	0.0001 Colloc0 1786 40380 0.14141 233.28
970	1	9806.34	281856	281843	12.7702	1822	8991	2345	8	0.0001 Colloc0 1822 40350 0.12497 261.419
980	1	9908.09	281671	281659	12.8245	1780	8986	2350	7	0.0001 Colloc0 1780 40367 0.113613 265.364
990	1	10009.6	281682	281669	12.7806	1790	8905	2431	7	0.0001 Colloc0 1790 40331 0.121141 262.173
1000	1	10108.9	281770	281757	12.8669	1794	8928	2408	9	0.0001 Colloc0 1794 40355 0.105074 268.462
1010	1	10210.3	281732	281719	12.6557	1802	8780	2556	7	0.0001 Colloc0 1802 40325 0.122049 253.151
1020	1	10309.9	281170	281158	12.755	1745	8979	2357	7	0.0001 Colloc0 1745 40292 0.10674 260.321
1030	1	10408	281474	281462	12.492	1812	8998	2338	6	0.0001 Colloc0 1812 40292 0.1506 241.462
1040	1	10509	281803	281790	13.1788	1811	8811	2525	8	0.0001 Colloc0 1811 40257 0.0908708 291.499
1050	1	10610.6	281480	281467	13.1306	1777	8763	2573	7	0.0001 Colloc0 1777 40239 0.0864025 287.908
1060	1	10712.1	281247	281234	12.8734	1805	8861	2475	5	0.0001 Colloc0 1805 40254 0.125522 268.935
1070	1	10814.2	280959	280946	12.661	1785	8955	2381	7	0.0001 Colloc0 1785 40250 0.121543 253.532
1080	1	10914.2	281375	281362	12.6662	1813	8902	2434	8	0.0001 Colloc0 1813 40216 0.111877 253.904
1090	1	11010.1	281254	281241	12.7343	1802	8897	2439	8	0.0001 Colloc0 1802 40210 0.110747 258.82
1100	1	11109.6	281470	281457	12.8179	1810	8824	2512	5	0.0001 Colloc0 1810 40176 0.121473 264.885
