# D = 0, E = 1, I = 1, P = 1, R = -1, n = 2000, N = 1, P = 1, w = 1, a = 0.0001, b = 10000, e = 1, f = 1, g = 100, h = 0.01, r = 8880, s = 1, S = 0, x = 10, m = 100, Z = 1, z = 0, T = 1, t = 1
# 117629 tokens in 11336 sentences
#
# It	Temp	Time	-logP	-logPcorpus	-logPrior	tables	same	changed	reject	default_pya	(parent pym pyn pya pyb)*
0	1	12.926	478513	478400	113.764	12876	0	11336	0	0.0001 Colloc0 12876 59779 0.0001 10000
10	1	171.951	362303	362287	15.4079	2978	2967	8369	6	0.0001 Colloc0 2978 48832 0.136247 467.623
20	1	283.684	350422	350408	14.5634	2170	3412	7924	6	0.0001 Colloc0 2170 48102 0.0369907 398.906
30	1	390.201	338919	338905	14.2717	1940	3713	7623	3	0.0001 Colloc0 1940 47173 0.0134534 375.673
40	1	494.184	333862	333848	13.7776	1787	4051	7285	3	0.0001 Colloc0 1787 46942 0.0186844 337.014
50	1	594.393	329099	329085	13.9618	1760	4269	7067	2	0.0001 Colloc0 1760 46536 0.0162387 351.316
60	1	696.804	326096	326082	13.7831	1710	4607	6729	9	0.0001 Colloc0 1710 46414 0.0115958 337.437
70	1	797.037	323876	323863	13.5914	1718	4819	6517	3	0.0001 Colloc0 1718 46213 0.0202959 322.693
80	1	896.593	320775	320762	13.2927	1713	5061	6275	2	0.0001 Colloc0 1713 45988 0.0405076 300.029
90	1	999.384	318776	318763	13.3313	1713	5309	6027	2	0.0001 Colloc0 1713 45785 0.0613348 302.941
100	1	1098.17	317286	317272	13.4999	1712	5398	5938	4	0.0001 Colloc0 1712 45591 0.0414308 315.706
110	1	1196.01	314435	314422	12.8426	1691	5588	5748	5	0.0001 Colloc0 1691 45218 0.0695082 266.689
120	1	1300.53	314746	314732	13.6891	1713	5565	5771	5	0.0001 Colloc0 1713 45100 0.0446928 330.188
130	1	1401.97	313099	313086	12.9901	1693	5719	5617	2	0.0001 Colloc0 1693 45016 0.0811381 277.498
140	1	1502.94	311962	311949	13.3098	1701	5889	5447	2	0.0001 Colloc0 1701 44879 0.0334999 301.317
150	1	1604.27	311476	311463	12.8662	1709	5966	5370	0	0.0001 Colloc0 1709 44863 0.0836479 268.411
160	1	1703.23	310929	310916	12.9816	1718	5952	5384	1	0.0001 Colloc0 1718 44703 0.0660197 276.875
170	1	1803.34	310245	310232	12.9777	1722	5967	5369	1	0.0001 Colloc0 1722 44579 0.071588 276.586
180	1	1905.56	309433	309419	13.0725	1714	6178	5158	3	0.0001 Colloc0 1714 44585 0.0607074 283.59
190	1	2004.74	308242	308229	13.1106	1744	6304	5032	1	0.0001 Colloc0 1744 44403 0.0801185 286.417
200	1	2103.05	307724	307711	12.9534	1725	6287	5049	5	0.0001 Colloc0 1725 44363 0.0778229 274.802
210	1	2204.94	307626	307613	13.3173	1708	6330	5006	3	0.0001 Colloc0 1708 44377 0.0408094 301.887
220	1	2308.63	307352	307338	13.5739	1731	6411	4925	4	0.0001 Colloc0 1731 44316 0.0472161 321.352
230	1	2410.37	306921	306908	12.8661	1720	6461	4875	0	0.0001 Colloc0 1720 44280 0.0966091 268.4
240	1	2512.49	305961	305948	12.8085	1776	6641	4695	1	0.0001 Colloc0 1776 44170 0.100227 264.202
250	1	2614.78	306213	306200	13.2693	1763	6584	4752	0	0.0001 Colloc0 1763 44179 0.0753919 298.274
260	1	2718.21	305498	305485	13.1629	1753	6642	4694	1	0.0001 Colloc0 1753 44101 0.0840306 290.311
270	1	2821.26	303186	303173	12.8883	1751	6841	4495	1	0.0001 Colloc0 1751 43836 0.0990962 270.025
280	1	2924.69	303519	303506	12.8462	1747	6786	4550	1	0.0001 Colloc0 1747 43788 0.0837667 266.948
290	1	3025.28	303470	303457	13.1054	1748	6766	4570	3	0.0001 Colloc0 1748 43749 0.0725028 286.034
300	1	3125.89	303566	303553	13.2411	1731	6725	4611	1	0.0001 Colloc0 1731 43722 0.0793825 296.156
310	1	3228.25	303907	303894	13.4713	1766	6716	4620	3	0.0001 Colloc0 1766 43647 0.0480858 313.531
320	1	3329.06	303879	303867	12.678	1747	6605	4731	1	0.0001 Colloc0 1747 43609 0.115057 254.755
330	1	3432.06	303447	303434	12.9802	1747	6570	4766	2	0.0001 Colloc0 1747 43502 0.0642337 276.767
340	1	3535.1	302825	302812	12.9639	1769	6508	4828	1	0.0001 Colloc0 1769 43447 0.0967981 275.568
350	1	3634.21	301975	301962	12.5147	1743	6594	4742	3	0.0001 Colloc0 1743 43360 0.123782 243.074
360	1	3735.95	301901	301888	12.9967	1752	6646	4690	5	0.0001 Colloc0 1752 43330 0.0832995 277.99
370	1	3831.45	301402	301389	12.5798	1733	6676	4660	0	0.0001 Colloc0 1733 43254 0.109307 247.714
380	1	3928.04	300915	300903	12.5799	1736	6672	4664	1	0.0001 Colloc0 1736 43181 0.113521 247.723
390	1	4029.76	299551	299538	12.9051	1731	6746	4590	1	0.0001 Colloc0 1731 43053 0.11065 271.257
400	1	4130.08	299675	299662	12.5703	1740	6759	4577	3	0.0001 Colloc0 1740 43102 0.101641 247.032
410	1	4231.55	298959	298947	12.5808	1745	6717	4619	0	0.0001 Colloc0 1745 43038 0.121663 247.783
420	1	4331.82	298513	298500	12.9877	1758	6878	4458	1	0.0001 Colloc0 1758 42854 0.0875887 277.326
430	1	4429.49	298122	298109	12.6219	1756	6922	4414	3	0.0001 Colloc0 1756 42838 0.123137 250.723
440	1	4529.89	297784	297772	12.6799	1768	6876	4460	4	0.0001 Colloc0 1768 42749 0.10269 254.891
450	1	4631.98	298274	298261	12.5569	1761	6758	4578	4	0.0001 Colloc0 1761 42728 0.127217 246.077
460	1	4734.07	297621	297609	12.4666	1755	6841	4495	1	0.0001 Colloc0 1755 42641 0.119591 239.665
470	1	4834.03	296780	296768	12.2322	1728	6946	4390	2	0.0001 Colloc0 1728 42510 0.126664 223.248
480	1	4933.74	296604	296592	12.5101	1766	6966	4370	3	0.0001 Colloc0 1766 42486 0.118194 242.748
490	1	5035.13	296050	296037	12.7548	1763	7000	4336	3	0.0001 Colloc0 1763 42464 0.112987 260.305
500	1	5134.2	296388	296375	12.5335	1757	6992	4344	2	0.0001 Colloc0 1757 42481 0.108895 244.41
510	1	5234.79	296488	296476	12.6916	1782	6979	4357	0	0.0001 Colloc0 1782 42416 0.113841 255.736
520	1	5332.61	295803	295791	12.3205	1762	7071	4265	2	0.0001 Colloc0 1762 42340 0.120654 229.389
530	1	5434	295239	295226	12.634	1763	7182	4154	2	0.0001 Colloc0 1763 42280 0.120303 251.59
540	1	5534.15	294447	294433	13.3257	1734	7307	4029	4	0.0001 Colloc0 1734 42247 0.06759 302.514
550	1	5632.59	294254	294241	12.9827	1757	7361	3975	2	0.0001 Colloc0 1757 42226 0.0959917 276.958
560	1	5734.89	294105	294092	12.6038	1756	7330	4006	1	0.0001 Colloc0 1756 42199 0.112375 249.427
570	1	5834.7	293639	293626	12.4922	1758	7324	4012	3	0.0001 Colloc0 1758 42160 0.118394 241.473
580	1	5934.84	293047	293034	12.8774	1753	7537	3799	2	0.0001 Colloc0 1753 42160 0.10116 269.224
590	1	6036.67	293909	293896	12.8852	1784	7364	3972	2	0.0001 Colloc0 1784 42131 0.107338 269.795
600	1	6139.41	293844	293831	12.5823	1759	7378	3958	2	0.0001 Colloc0 1759 42133 0.12758 247.889
610	1	6241.05	294095	294082	13.195	1755	7236	4100	1	0.0001 Colloc0 1755 42118 0.0652813 292.709
620	1	6341.83	294689	294676	12.9722	1780	7156	4180	2	0.0001 Colloc0 1780 42054 0.106837 276.184
630	1	6443.46	294708	294696	12.6423	1794	7030	4306	2	0.0001 Colloc0 1794 42042 0.118018 252.19
640	1	6545.77	294113	294101	12.7079	1773	7148	4188	1	0.0001 Colloc0 1773 42026 0.11454 256.915
650	1	6647.25	294309	294295	13.3876	1760	7099	4237	2	0.0001 Colloc0 1760 42028 0.0659269 307.187
660	1	6748.65	292788	292775	13.1014	1793	7209	4127	2	0.0001 Colloc0 1793 41736 0.103364 285.735
670	1	6849.67	291586	291573	12.4318	1766	7317	4019	4	0.0001 Colloc0 1766 41669 0.10365 237.207
680	1	6948.43	290995	290983	12.5221	1750	7322	4014	1	0.0001 Colloc0 1750 41621 0.119236 243.597
690	1	7045.3	290722	290709	12.4294	1747	7396	3940	1	0.0001 Colloc0 1747 41586 0.11879 237.035
700	1	7141.61	291097	291084	12.446	1769	7363	3973	1	0.0001 Colloc0 1769 41589 0.125079 238.21
710	1	7243.94	290664	290651	13.0946	1754	7303	4033	1	0.0001 Colloc0 1754 41536 0.0927465 285.228
720	1	7341.74	290448	290436	12.5595	1763	7344	3992	1	0.0001 Colloc0 1763 41457 0.124994 246.26
730	1	7441.45	290229	290216	13.0543	1789	7376	3960	3	0.0001 Colloc0 1789 41430 0.0993004 282.245
740	1	7542.74	290026	290013	13.1672	1772	7462	3874	2	0.0001 Colloc0 1772 41377 0.0818674 290.631
750	1	7643.96	289778	289765	12.9039	1805	7495	3841	3	0.0001 Colloc0 1805 41337 0.108199 271.167
760	1	7744.32	289189	289176	12.4802	1761	7663	3673	4	0.0001 Colloc0 1761 41338 0.111796 240.626
770	1	7844.55	288956	288943	12.6277	1781	7663	3673	1	0.0001 Colloc0 1781 41320 0.126985 251.144
780	1	7945.64	288689	288677	12.7307	1763	7715	3621	2	0.0001 Colloc0 1763 41294 0.104737 258.562
790	1	8042.25	288908	288896	12.7095	1754	7626	3710	2	0.0001 Colloc0 1754 41313 0.105089 257.031
800	1	8140.62	288176	288163	13.0808	1761	7826	3510	4	0.0001 Colloc0 1761 41280 0.0715804 284.203
810	1	8241.54	288442	288429	12.9232	1768	7849	3487	1	0.0001 Colloc0 1768 41304 0.0979688 272.581
820	1	8343.35	288690	288678	12.636	1772	7748	3588	2	0.0001 Colloc0 1772 41278 0.118131 251.734
830	1	8444.14	288081	288068	12.978	1759	7744	3592	2	0.0001 Colloc0 1759 41278 0.105859 276.608
840	1	8542.83	288185	288172	12.8844	1781	7680	3656	2	0.0001 Colloc0 1781 41250 0.0970579 269.741
850	1	8640.52	288066	288054	12.2555	1756	7669	3667	3	0.0001 Colloc0 1756 41233 0.145917 224.862
860	1	8741.7	288457	288445	12.7087	1720	7672	3664	3	0.0001 Colloc0 1720 41252 0.116345 256.968
870	1	8843.66	287341	287329	12.3646	1738	7984	3352	4	0.0001 Colloc0 1738 41254 0.119479 232.476
880	1	8944.85	287544	287532	12.3994	1740	7843	3493	2	0.0001 Colloc0 1740 41236 0.119065 234.925
890	1	9046.24	287248	287235	12.77	1734	7967	3369	2	0.0001 Colloc0 1734 41257 0.0954438 261.406
900	1	9148.06	287381	287368	12.799	1748	7949	3387	1	0.0001 Colloc0 1748 41215 0.113715 263.514
910	1	9247.46	287336	287324	12.6983	1752	7873	3463	5	0.0001 Colloc0 1752 41138 0.0985577 256.222
920	1	9348.62	286611	286598	12.9811	1738	8175	3161	2	0.0001 Colloc0 1738 41148 0.101673 276.836
930	1	9450.75	286967	286955	12.6177	1786	8351	2985	1	0.0001 Colloc0 1786 41161 0.130002 250.426
940	1	9550.8	286340	286326	13.174	1758	8467	2869	3	0.0001 Colloc0 1758 41043 0.0838348 291.143
950	1	9652.57	286091	286078	12.9422	1746	8445	2891	4	0.0001 Colloc0 1746 41058 0.103247 273.973
960	1	9753.49	285996	285984	12.4625	1761	8532	2804	1	0.0001 Colloc0 1761 41019 0.120826 239.372
970	1	9852.47	285753	285740	12.8945	1750	8704	2632	2	0.0001 Colloc0 1750 41012 0.0922246 270.477
980	1	9953.95	284769	284756	12.9383	1760	8769	2567	1	0.0001 Colloc0 1760 40874 0.0989083 273.693
990	1	10050.7	284481	284469	12.9496	1725	8787	2549	2	0.0001 Colloc0 1725 40849 0.102968 274.521
1000	1	10149.4	285411	285398	13.1171	1762	8634	2702	4	0.0001 Colloc0 1762 40815 0.0813229 286.9
1010	1	10252.1	285148	285135	13.2735	1776	8591	2745	2	0.0001 Colloc0 1776 40805 0.0827766 298.591
1020	1	10350.8	284763	284750	12.8482	1763	8621	2715	2	0.0001 Colloc0 1763 40828 0.118911 267.097
1030	1	10452.5	284036	284023	12.7565	1728	8898	2438	3	0.0001 Colloc0 1728 40772 0.105325 260.425
1040	1	10552.3	284387	284374	12.3289	1772	8805	2531	1	0.0001 Colloc0 1772 40730 0.148771 229.978
1050	1	10650.2	283092	283079	13.147	1765	9006	2330	3	0.0001 Colloc0 1765 40627 0.0871021 289.128
1060	1	10751.4	283155	283142	13.2674	1774	9018	2318	2	0.0001 Colloc0 1774 40624 0.0874669 298.129
1070	1	10852.6	283003	282990	12.9541	1768	9032	2304	2	0.0001 Colloc0 1768 40596 0.0939647 274.849
1080	1	10953.2	282570	282558	12.6691	1784	9094	2242	2	0.0001 Colloc0 1784 40545 0.118587 254.119
