# D = 0, E = 1, I = 1, P = 1, R = -1, n = 2000, N = 1, P = 1, w = 1, a = 0.0001, b = 10000, e = 1, f = 1, g = 100, h = 0.01, r = 18200, s = 1, S = 0, x = 10, m = 100, Z = 1, z = 0, T = 1, t = 1
# 117629 tokens in 11336 sentences
#
# It	Temp	Time	-logP	-logPcorpus	-logPrior	tables	same	changed	reject	default_pya	(parent pym pyn pya pyb)*
0	1	12.5031	464057	463943	113.764	12509	0	11336	0	0.0001 Colloc0 12509 58396 0.0001 10000
10	1	164.922	357675	357660	15.0861	2828	2924	8412	5	0.0001 Colloc0 2828 48535 0.138244 441.2
20	1	273.613	344436	344421	14.8515	2069	3285	8051	7	0.0001 Colloc0 2069 47658 0.0153512 422.113
30	1	380.267	337968	337954	14.6159	1902	3597	7739	5	0.0001 Colloc0 1902 47237 0.0107895 403.114
40	1	485.33	334770	334756	14.0224	1830	3824	7512	2	0.0001 Colloc0 1830 47004 0.00715751 356.055
50	1	590.753	331271	331257	14.1691	1802	4144	7192	3	0.0001 Colloc0 1802 46755 0.00274903 367.573
60	1	695.579	328781	328768	13.0827	1779	4289	7047	3	0.0001 Colloc0 1779 46574 0.0692468 284.35
70	1	799.595	325019	325005	13.5718	1785	4554	6782	2	0.0001 Colloc0 1785 46252 0.0374852 321.195
80	1	901.197	323936	323922	13.3113	1772	4562	6774	2	0.0001 Colloc0 1772 46171 0.0572473 301.431
90	1	1023.43	322562	322548	13.6119	1740	4646	6690	1	0.0001 Colloc0 1740 46016 0.0413374 324.261
100	1	1128.2	321843	321830	13.4132	1790	4849	6487	2	0.0001 Colloc0 1790 45906 0.0486694 309.129
110	1	1232.65	320404	320390	13.5656	1717	5042	6294	2	0.0001 Colloc0 1717 45836 0.0301932 320.719
120	1	1337.04	316376	316363	12.8237	1735	5301	6035	3	0.0001 Colloc0 1735 45443 0.0777117 265.306
130	1	1440.65	313812	313798	13.2668	1733	5512	5824	1	0.0001 Colloc0 1733 45192 0.0529747 298.085
140	1	1545.29	311087	311075	12.5099	1707	5705	5631	2	0.0001 Colloc0 1707 44801 0.101906 242.731
150	1	1646.19	310204	310191	12.8597	1699	5767	5569	3	0.0001 Colloc0 1699 44692 0.0667536 267.935
160	1	1749.71	308915	308902	12.7347	1711	5946	5390	4	0.0001 Colloc0 1711 44606 0.0860333 258.849
170	1	1852.21	309489	309475	13.2958	1723	5889	5447	2	0.0001 Colloc0 1723 44602 0.0435423 300.268
180	1	1955.65	308547	308534	13.07	1729	5939	5397	6	0.0001 Colloc0 1729 44460 0.078247 283.405
190	1	2059.15	307872	307860	12.5521	1771	6048	5288	3	0.0001 Colloc0 1771 44360 0.10913 245.736
200	1	2163.39	307282	307268	13.2456	1733	6043	5293	2	0.0001 Colloc0 1733 44315 0.0486802 296.498
210	1	2266.8	306402	306388	13.3082	1742	6237	5099	2	0.0001 Colloc0 1742 44270 0.069027 301.196
220	1	2369.51	307123	307110	12.8013	1743	6068	5268	1	0.0001 Colloc0 1743 44294 0.0976193 263.676
230	1	2470.8	305816	305803	13.0575	1759	6267	5069	3	0.0001 Colloc0 1759 44171 0.0672977 282.482
240	1	2574.65	304593	304580	12.8435	1752	6438	4898	1	0.0001 Colloc0 1752 44085 0.106489 266.755
250	1	2677.59	303646	303634	12.2547	1762	6505	4831	2	0.0001 Colloc0 1762 43999 0.128346 224.808
260	1	2777.64	303289	303276	12.3801	1736	6512	4824	2	0.0001 Colloc0 1736 43949 0.116465 233.563
270	1	2878.49	301900	301887	12.5442	1725	6471	4865	2	0.0001 Colloc0 1725 43735 0.100211 245.169
280	1	2978.33	301401	301389	12.433	1715	6524	4812	3	0.0001 Colloc0 1715 43696 0.111898 237.287
290	1	3082.18	300588	300575	12.5565	1741	6688	4648	4	0.0001 Colloc0 1741 43650 0.116999 246.049
300	1	3184.15	300214	300202	12.6495	1751	6805	4531	4	0.0001 Colloc0 1751 43561 0.111803 252.708
310	1	3286.02	299451	299438	12.4416	1750	6991	4345	2	0.0001 Colloc0 1750 43501 0.112617 237.893
320	1	3388.76	298975	298963	12.3985	1721	7031	4305	3	0.0001 Colloc0 1721 43485 0.124832 234.855
330	1	3490.28	298135	298122	12.6524	1700	7160	4176	3	0.0001 Colloc0 1700 43443 0.083371 252.915
340	1	3592.05	298317	298304	12.5501	1730	7138	4198	4	0.0001 Colloc0 1730 43441 0.0968321 245.589
350	1	3694.39	298042	298030	12.7718	1743	7235	4101	3	0.0001 Colloc0 1743 43394 0.114943 261.539
360	1	3796.88	297909	297896	12.5831	1727	7255	4081	3	0.0001 Colloc0 1727 43330 0.130151 247.945
370	1	3899.36	296690	296677	12.8669	1726	7532	3804	7	0.0001 Colloc0 1726 43199 0.0948395 268.463
380	1	4001.83	296801	296788	12.7798	1714	7461	3875	3	0.0001 Colloc0 1714 43232 0.0944317 262.114
390	1	4102.94	296698	296685	12.6825	1742	7585	3751	4	0.0001 Colloc0 1742 43169 0.0978011 255.081
400	1	4206.71	295926	295914	12.7619	1720	7679	3657	3	0.0001 Colloc0 1720 43145 0.102494 260.817
410	1	4309.83	296602	296589	13.1473	1712	7366	3970	3	0.0001 Colloc0 1712 43021 0.0825028 289.152
420	1	4408.46	296255	296243	12.5809	1723	7408	3928	4	0.0001 Colloc0 1723 43044 0.107334 247.792
430	1	4512.55	296110	296097	13.0102	1716	7348	3988	3	0.0001 Colloc0 1716 43008 0.0929409 278.98
440	1	4614	294993	294980	12.9161	1728	7370	3966	6	0.0001 Colloc0 1728 42853 0.0856838 272.063
450	1	4714.65	295475	295462	12.5524	1734	7356	3980	3	0.0001 Colloc0 1734 42896 0.114941 245.76
460	1	4813.96	295006	294993	12.6259	1723	7532	3804	5	0.0001 Colloc0 1723 42825 0.115963 251.012
470	1	4915.76	295201	295188	12.5037	1758	7410	3926	4	0.0001 Colloc0 1758 42791 0.129466 242.295
480	1	5010.5	295597	295585	12.3933	1753	7156	4180	4	0.0001 Colloc0 1753 42754 0.121534 234.491
490	1	5109.42	294143	294131	12.1708	1739	7439	3897	6	0.0001 Colloc0 1739 42670 0.128652 219.006
500	1	5208.21	293552	293539	12.6774	1717	7611	3725	2	0.0001 Colloc0 1717 42659 0.104406 254.717
510	1	5311.11	293042	293029	12.6149	1745	7742	3594	4	0.0001 Colloc0 1745 42622 0.115913 250.224
520	1	5413.27	292970	292958	12.1944	1750	7721	3615	3	0.0001 Colloc0 1750 42618 0.135441 220.632
530	1	5515.45	293112	293100	12.5675	1751	7819	3517	4	0.0001 Colloc0 1751 42541 0.112033 246.833
540	1	5617.1	292766	292753	12.422	1737	7792	3544	3	0.0001 Colloc0 1737 42502 0.124567 236.51
550	1	5717.92	293258	293245	12.49	1791	7816	3520	2	0.0001 Colloc0 1791 42534 0.141284 241.317
560	1	5814.39	292859	292846	12.5927	1768	7885	3451	4	0.0001 Colloc0 1768 42513 0.112147 248.634
570	1	5911.35	292820	292807	12.4116	1769	7772	3564	3	0.0001 Colloc0 1769 42487 0.132424 235.78
580	1	6008.11	293260	293248	12.5398	1748	7632	3704	2	0.0001 Colloc0 1748 42504 0.109892 244.86
590	1	6107.01	292471	292458	12.4374	1747	7877	3459	3	0.0001 Colloc0 1747 42517 0.105841 237.602
600	1	6203.01	292949	292937	12.4281	1751	7658	3678	4	0.0001 Colloc0 1751 42512 0.118463 236.941
610	1	6305.19	292523	292511	12.4574	1759	7830	3506	3	0.0001 Colloc0 1759 42466 0.129804 239.012
620	1	6401.64	292668	292656	12.3003	1740	7750	3586	3	0.0001 Colloc0 1740 42470 0.134853 227.98
630	1	6503.7	292386	292373	12.4421	1736	7759	3577	4	0.0001 Colloc0 1736 42484 0.123936 237.933
640	1	6605.43	292834	292821	12.4102	1743	7608	3728	4	0.0001 Colloc0 1743 42457 0.123758 235.68
650	1	6708.65	291480	291468	12.4976	1755	7754	3582	3	0.0001 Colloc0 1755 42310 0.12657 241.86
660	1	6811.84	291808	291796	12.1655	1750	7568	3768	2	0.0001 Colloc0 1750 42316 0.155295 218.64
670	1	6915.23	291298	291286	12.4541	1725	7754	3582	3	0.0001 Colloc0 1725 42346 0.130305 238.78
680	1	7018.11	291401	291389	12.2674	1738	7611	3725	3	0.0001 Colloc0 1738 42297 0.144657 225.686
690	1	7120.51	291293	291281	12.2307	1747	7678	3658	2	0.0001 Colloc0 1747 42273 0.143453 223.146
700	1	7221.82	290992	290980	12.2351	1746	7805	3531	4	0.0001 Colloc0 1746 42247 0.138231 223.446
710	1	7324.49	291193	291181	12.0216	1763	7872	3464	5	0.0001 Colloc0 1763 42251 0.142165 208.81
720	1	7421.59	290370	290357	12.8861	1723	8100	3236	3	0.0001 Colloc0 1723 42216 0.099725 269.863
730	1	7524.5	290212	290200	12.3641	1738	8136	3200	5	0.0001 Colloc0 1738 42203 0.124685 232.445
740	1	7621.78	290694	290681	12.2639	1746	8076	3260	3	0.0001 Colloc0 1746 42217 0.118515 225.445
750	1	7721.43	290355	290342	13.0284	1750	8125	3211	4	0.0001 Colloc0 1750 42142 0.0863491 280.325
760	1	7821.29	289962	289950	12.7184	1706	8174	3162	2	0.0001 Colloc0 1706 42126 0.0944175 257.668
770	1	7917.86	290289	290276	12.7681	1715	8052	3284	6	0.0001 Colloc0 1715 42041 0.0999598 261.264
780	1	8018.34	290399	290386	12.6166	1765	7956	3380	6	0.0001 Colloc0 1765 41970 0.116611 250.345
790	1	8117.18	290368	290355	12.826	1782	7944	3392	5	0.0001 Colloc0 1782 41978 0.0998855 265.475
800	1	8218.48	288839	288826	12.7184	1754	8084	3252	5	0.0001 Colloc0 1754 41848 0.108801 257.674
810	1	8319.18	289912	289899	12.9525	1753	7718	3618	3	0.0001 Colloc0 1753 41903 0.101616 274.732
820	1	8419.36	289418	289406	12.4477	1766	7811	3525	3	0.0001 Colloc0 1766 41859 0.126189 238.325
830	1	8518.68	288666	288654	12.506	1760	8001	3335	4	0.0001 Colloc0 1760 41836 0.126368 242.453
840	1	8622.41	288201	288188	12.4736	1754	8142	3194	2	0.0001 Colloc0 1754 41867 0.121101 240.157
850	1	8724.65	288091	288079	12.507	1736	8220	3116	2	0.0001 Colloc0 1736 41841 0.121993 242.53
860	1	8822.81	287370	287357	12.5703	1745	8506	2830	5	0.0001 Colloc0 1745 41780 0.114679 247.031
870	1	8923.14	286933	286921	12.2334	1728	8574	2762	2	0.0001 Colloc0 1728 41755 0.139902 223.331
880	1	9022.26	286688	286675	12.4416	1747	8771	2565	3	0.0001 Colloc0 1747 41761 0.114459 237.894
890	1	9119.05	286458	286446	12.4188	1732	8794	2542	5	0.0001 Colloc0 1732 41729 0.129799 236.289
900	1	9216.67	286209	286196	12.7614	1743	8909	2427	2	0.0001 Colloc0 1743 41727 0.103424 260.78
910	1	9310.05	285905	285892	12.5749	1744	8970	2366	3	0.0001 Colloc0 1744 41720 0.122011 247.359
920	1	9403.73	285379	285366	12.8433	1725	8910	2426	4	0.0001 Colloc0 1725 41611 0.105439 266.74
930	1	9498.58	285627	285613	13.0901	1722	8767	2569	3	0.0001 Colloc0 1722 41591 0.0749157 284.895
940	1	9595.11	286069	286057	12.7581	1742	8717	2619	2	0.0001 Colloc0 1742 41607 0.102555 260.543
950	1	9696.95	285483	285471	12.7433	1727	8848	2488	3	0.0001 Colloc0 1727 41542 0.105329 259.471
960	1	9797.97	285980	285967	13.0036	1735	8779	2557	3	0.0001 Colloc0 1735 41542 0.0840496 278.494
970	1	9899.49	285679	285666	12.793	1730	8785	2551	4	0.0001 Colloc0 1730 41502 0.113443 263.075
980	1	10001.4	285778	285765	12.6417	1747	8825	2511	6	0.0001 Colloc0 1747 41548 0.0972169 252.149
990	1	10103.7	285292	285279	12.9411	1732	8957	2379	2	0.0001 Colloc0 1732 41518 0.0955048 273.898
1000	1	10206.5	285777	285765	12.4513	1770	8926	2410	2	0.0001 Colloc0 1770 41463 0.125218 238.58
1010	1	10307.9	286273	286260	12.5485	1756	8801	2535	4	0.0001 Colloc0 1756 41494 0.136012 245.477
1020	1	10407.2	286548	286535	13.0725	1783	8562	2774	4	0.0001 Colloc0 1783 41482 0.0998579 283.588
1030	1	10509	285980	285967	12.7931	1747	8743	2593	2	0.0001 Colloc0 1747 41489 0.106569 263.082
1040	1	10610.8	286016	286003	12.9921	1752	8637	2699	3	0.0001 Colloc0 1752 41470 0.0972938 277.647
1050	1	10712.9	285573	285559	13.168	1734	8803	2533	4	0.0001 Colloc0 1734 41472 0.0753744 290.693
1060	1	10813.2	285925	285912	13.0355	1763	8624	2712	3	0.0001 Colloc0 1763 41456 0.0827825 280.849
1070	1	10914.4	285727	285714	12.6685	1736	8748	2588	2	0.0001 Colloc0 1736 41466 0.110521 254.076
1080	1	11016	285246	285233	13.0344	1796	8825	2511	7	0.0001 Colloc0 1796 41377 0.107816 280.774
1090	1	11118.7	285062	285050	12.6744	1765	8916	2420	4	0.0001 Colloc0 1765 41365 0.121781 254.494
1100	1	11220.5	285111	285098	12.8485	1761	8839	2497	6	0.0001 Colloc0 1761 41312 0.110033 267.114
1110	1	11322.5	284942	284930	12.7286	1738	9007	2329	3	0.0001 Colloc0 1738 41310 0.105587 258.404
1120	1	11422.3	284437	284424	12.655	1753	9034	2302	4	0.0001 Colloc0 1753 41241 0.106085 253.103
1130	1	11525	284928	284915	12.3671	1776	8965	2371	3	0.0001 Colloc0 1776 41269 0.133033 232.65
1140	1	11628.2	284599	284586	13.0714	1782	9091	2245	4	0.0001 Colloc0 1782 41252 0.100836 283.513
1150	1	11730.3	284487	284474	12.8382	1782	9099	2237	5	0.0001 Colloc0 1782 41192 0.107788 266.366
1160	1	11829.4	283717	283705	12.555	1782	9169	2167	4	0.0001 Colloc0 1782 41123 0.125714 245.945
1170	1	11924.7	284487	284475	12.7086	1777	9015	2321	4	0.0001 Colloc0 1777 41127 0.0896085 256.962
1180	1	12018.7	284574	284562	12.6648	1809	8941	2395	5	0.0001 Colloc0 1809 41073 0.140744 253.806
1190	1	12113.2	284451	284438	12.4847	1801	8852	2484	6	0.0001 Colloc0 1801 41019 0.121699 240.948
1200	1	12216.5	283756	283743	12.8834	1752	9022	2314	7	0.0001 Colloc0 1752 41034 0.100074 269.668
1210	1	12319.8	283945	283931	13.0469	1775	9037	2299	4	0.0001 Colloc0 1775 41045 0.0944454 281.694
1220	1	12422.5	283678	283666	12.3178	1786	9014	2322	3	0.0001 Colloc0 1786 41067 0.146972 229.199
1230	1	12523.1	283458	283445	12.7371	1778	8993	2343	4	0.0001 Colloc0 1778 40929 0.120155 259.024
1240	1	12624.2	283432	283420	12.089	1764	8919	2417	6	0.0001 Colloc0 1764 40873 0.150865 213.394
1250	1	12725.6	283746	283733	13.0532	1778	8941	2395	3	0.0001 Colloc0 1778 40889 0.0867371 282.162
1260	1	12827.5	283878	283865	13.073	1786	8835	2501	6	0.0001 Colloc0 1786 40852 0.0856661 283.629
1270	1	12928.4	283381	283368	12.7128	1774	9046	2290	6	0.0001 Colloc0 1774 40863 0.106124 257.266
1280	1	13027	283028	283015	12.5005	1783	9110	2226	5	0.0001 Colloc0 1783 40862 0.143059 242.063
1290	1	13130.3	282866	282853	12.7979	1774	9154	2182	5	0.0001 Colloc0 1774 40857 0.11252 263.433
1300	1	13232.9	282949	282935	13.1001	1762	9068	2268	4	0.0001 Colloc0 1762 40859 0.0857412 285.64
1310	1	13336.1	282603	282590	12.64	1776	9237	2099	3	0.0001 Colloc0 1776 40839 0.118498 252.025
1320	1	13435.8	282674	282662	12.7475	1764	9162	2174	4	0.0001 Colloc0 1764 40848 0.109107 259.777
1330	1	13532	282413	282401	12.2456	1763	9237	2099	3	0.0001 Colloc0 1763 40812 0.149668 224.177
1340	1	13627.1	282579	282565	13.3594	1769	9175	2161	3	0.0001 Colloc0 1769 40782 0.0914359 305.057
1350	1	13727.9	282685	282672	13.0572	1762	9131	2205	4	0.0001 Colloc0 1762 40817 0.0951922 282.458
1360	1	13831.4	283419	283407	12.9472	1791	8994	2342	4	0.0001 Colloc0 1791 40816 0.113624 274.34
1370	1	13933.8	282657	282644	12.7671	1774	9131	2205	7	0.0001 Colloc0 1774 40743 0.0995516 261.195
1380	1	14036.1	282817	282804	12.7755	1788	9064	2272	4	0.0001 Colloc0 1788 40749 0.117775 261.807
1390	1	14138.7	282091	282079	12.279	1780	9062	2274	5	0.0001 Colloc0 1780 40683 0.138053 226.497
1400	1	14240.4	281855	281842	12.3981	1772	9165	2171	5	0.0001 Colloc0 1772 40694 0.132367 234.833
1410	1	14343.4	282018	282005	12.7535	1754	9089	2247	3	0.0001 Colloc0 1754 40686 0.115858 260.212
1420	1	14446.7	282300	282287	12.6633	1783	9097	2239	4	0.0001 Colloc0 1783 40689 0.127283 253.699
1430	1	14549.3	282553	282540	12.7447	1793	9050	2286	4	0.0001 Colloc0 1793 40713 0.116887 259.572
1440	1	14651.8	282387	282375	12.5604	1812	9127	2209	6	0.0001 Colloc0 1812 40681 0.128286 246.329
1450	1	14753.7	282359	282347	12.2819	1777	9064	2272	3	0.0001 Colloc0 1777 40661 0.132293 226.697
1460	1	14857.1	282117	282104	13.0463	1778	9132	2204	5	0.0001 Colloc0 1778 40679 0.0940508 281.654
1470	1	14959.8	282512	282499	12.527	1786	9060	2276	5	0.0001 Colloc0 1786 40684 0.125504 243.948
1480	1	15054	282662	282649	12.3442	1802	8971	2365	6	0.0001 Colloc0 1802 40636 0.140328 231.048
1490	1	15151.3	282318	282305	12.5565	1829	9160	2176	5	0.0001 Colloc0 1829 40664 0.134475 246.046
1500	1	15254	281828	281816	12.5854	1776	9213	2123	3	0.0001 Colloc0 1776 40685 0.121963 248.115
1510	1	15353.2	281878	281865	12.3741	1785	9225	2111	5	0.0001 Colloc0 1785 40688 0.149365 233.141
1520	1	15454.7	281623	281610	12.0943	1766	9285	2051	3	0.0001 Colloc0 1766 40701 0.144691 213.757
1530	1	15555.2	282315	282302	12.6579	1799	9072	2264	5	0.0001 Colloc0 1799 40641 0.116858 253.31
1540	1	15655.7	282110	282097	12.4829	1771	9040	2296	3	0.0001 Colloc0 1771 40645 0.144724 240.816
1550	1	15756	282016	282003	12.6863	1787	9002	2334	5	0.0001 Colloc0 1787 40611 0.121188 255.357
1560	1	15858.3	282007	281994	12.8785	1795	9070	2266	4	0.0001 Colloc0 1795 40585 0.108712 269.308
1570	1	15960.9	281239	281227	12.4031	1759	9269	2067	4	0.0001 Colloc0 1759 40552 0.135989 235.178
1580	1	16062.6	281051	281038	12.8713	1772	9272	2064	5	0.0001 Colloc0 1772 40572 0.0953474 268.783
1590	1	16164.9	281331	281318	12.757	1759	9196	2140	4	0.0001 Colloc0 1759 40607 0.124277 260.462
1600	1	16266.3	282004	281991	12.5017	1751	8941	2395	4	0.0001 Colloc0 1751 40589 0.124753 242.151
1610	1	16367.7	281979	281966	12.9023	1760	8907	2429	3	0.0001 Colloc0 1760 40577 0.110746 271.046
1620	1	16469.7	281490	281478	12.6619	1773	9026	2310	6	0.0001 Colloc0 1773 40578 0.133035 253.6
1630	1	16571.7	281282	281269	12.6675	1784	9167	2169	4	0.0001 Colloc0 1784 40556 0.128263 254.001
1640	1	16669.9	281049	281036	13.0783	1747	9235	2101	7	0.0001 Colloc0 1747 40566 0.0870774 284.018
1650	1	16772.1	281287	281275	12.6009	1784	9180	2156	3	0.0001 Colloc0 1784 40506 0.123646 249.22
1660	1	16874.4	280759	280747	12.418	1786	9298	2038	6	0.0001 Colloc0 1786 40527 0.140187 236.233
1670	1	16976.7	281401	281388	12.8286	1812	9227	2109	4	0.0001 Colloc0 1812 40485 0.119032 265.669
1680	1	17079	281626	281614	12.7822	1788	9012	2324	3	0.0001 Colloc0 1788 40498 0.108552 262.292
1690	1	17180.9	281646	281633	12.8727	1787	9012	2324	4	0.0001 Colloc0 1787 40469 0.103923 268.883
1700	1	17282	281524	281512	12.5729	1810	9019	2317	3	0.0001 Colloc0 1810 40462 0.138732 247.22
1710	1	17382.6	280823	280810	12.7227	1785	9172	2164	6	0.0001 Colloc0 1785 40422 0.108947 257.981
1720	1	17482.4	281290	281277	12.8691	1752	8977	2359	3	0.0001 Colloc0 1752 40401 0.0968769 268.621
1730	1	17583.1	280344	280331	12.7786	1799	9068	2268	6	0.0001 Colloc0 1799 40236 0.109618 262.031
1740	1	17685.9	280178	280166	12.3178	1791	9224	2112	4	0.0001 Colloc0 1791 40248 0.146213 229.201
1750	1	17782.7	280196	280183	12.4761	1778	9228	2108	4	0.0001 Colloc0 1778 40255 0.134078 240.337
1760	1	17885.3	280514	280501	12.9577	1789	9186	2150	7	0.0001 Colloc0 1789 40291 0.116142 275.112
1770	1	17987.6	280011	279998	12.6137	1785	9274	2062	7	0.0001 Colloc0 1785 40243 0.118937 250.141
1780	1	18089.7	280544	280531	12.4226	1774	9053	2283	3	0.0001 Colloc0 1774 40291 0.12018 236.553
1790	1	18192.5	280367	280354	12.6928	1802	9102	2234	5	0.0001 Colloc0 1802 40226 0.106047 255.825
1800	1	18294.6	280675	280663	12.527	1808	9018	2318	5	0.0001 Colloc0 1808 40240 0.132345 243.947
1810	1	18395	280409	280396	12.8745	1835	9141	2195	4	0.0001 Colloc0 1835 40221 0.124949 269.015
1820	1	18496	280501	280488	12.9745	1828	9091	2245	4	0.0001 Colloc0 1828 40213 0.119398 276.35
1830	1	18597.4	280187	280174	12.6018	1835	9223	2113	3	0.0001 Colloc0 1835 40220 0.13888 249.288
1840	1	18698.1	279717	279704	12.8367	1815	9262	2074	6	0.0001 Colloc0 1815 40214 0.122177 266.258
1850	1	18792.5	280066	280053	12.4763	1817	9195	2141	3	0.0001 Colloc0 1817 40203 0.15263 240.35
1860	1	18888.1	280143	280130	12.547	1825	9145	2191	5	0.0001 Colloc0 1825 40182 0.126787 245.372
1870	1	18988.2	279819	279806	12.3823	1798	9174	2162	4	0.0001 Colloc0 1798 40160 0.136741 233.722
1880	1	19089	280154	280142	12.4213	1831	9146	2190	4	0.0001 Colloc0 1831 40105 0.141206 236.462
1890	1	19189.9	280730	280717	12.9137	1824	9038	2298	5	0.0001 Colloc0 1824 40118 0.1013 271.887
1900	1	19291	279961	279948	12.6764	1838	9257	2079	6	0.0001 Colloc0 1838 40098 0.132367 254.643
1910	1	19393.1	279736	279724	12.8229	1805	9277	2059	4	0.0001 Colloc0 1805 40085 0.117417 265.254
1920	1	19495.2	279761	279748	12.6132	1817	9219	2117	7	0.0001 Colloc0 1817 40075 0.115964 250.105
1930	1	19597.1	280218	280205	12.8263	1822	9045	2291	6	0.0001 Colloc0 1822 40089 0.125764 265.499
1940	1	19699.5	280349	280336	12.8943	1810	9100	2236	4	0.0001 Colloc0 1810 40075 0.111513 270.464
1950	1	19801.9	280567	280555	12.934	1803	9042	2294	4	0.0001 Colloc0 1803 40111 0.103308 273.374
1960	1	19902.1	279814	279802	12.125	1798	9166	2170	5	0.0001 Colloc0 1798 40074 0.135905 215.859
1970	1	20002	279709	279696	12.9772	1787	9171	2165	4	0.0001 Colloc0 1787 40078 0.0887049 276.553
1980	1	20101.6	280165	280152	12.669	1808	9057	2279	5	0.0001 Colloc0 1808 40110 0.136283 254.105
1990	1	20205.5	279764	279751	12.5139	1819	9241	2095	5	0.0001 Colloc0 1819 40077 0.143005 243.016
2000	1	20303.8	279527	279514	12.4792	1803	9233	2103	5	0.0001 Colloc0 1803 40066 0.139509 240.552
