# D = 0, E = 1, I = 1, P = 1, R = -1, n = 2000, N = 1, P = 1, w = 1, a = 0.0001, b = 10000, e = 1, f = 1, g = 100, h = 0.01, r = 23375, s = 1, S = 0, x = 10, m = 100, Z = 1, z = 0, T = 1, t = 1
# 117629 tokens in 11336 sentences
#
# It	Temp	Time	-logP	-logPcorpus	-logPrior	tables	same	changed	reject	default_pya	(parent pym pyn pya pyb)*
0	1	10.3364	394377	394263	113.764	9512	0	11336	0	0.0001 Colloc0 9512 49121 0.0001 10000
10	1	136.507	331981	331965	15.2509	2686	3450	7886	5	0.0001 Colloc0 2686 44587 0.0913672 454.692
20	1	241.192	323911	323896	15.0176	2122	3877	7459	2	0.0001 Colloc0 2122 44275 0.0113514 435.606
30	1	342.438	319047	319032	14.7173	1957	4160	7176	5	0.0001 Colloc0 1957 44086 0.00373813 411.268
40	1	446.985	316271	316256	14.7647	1935	4341	6995	5	0.0001 Colloc0 1935 43891 0.00104042 415.091
50	1	551.627	314238	314224	14.4768	1879	4689	6647	4	0.0001 Colloc0 1879 43809 0.00883136 391.975
60	1	656.256	309836	309822	14.3381	1877	4928	6408	4	0.0001 Colloc0 1877 43386 0.0177616 380.933
70	1	758.925	306560	306545	14.2909	1831	5273	6063	5	0.0001 Colloc0 1831 43238 0.0155343 377.197
80	1	857.009	304741	304728	13.4678	1782	5518	5818	5	0.0001 Colloc0 1782 43106 0.0532755 313.265
90	1	957.623	303635	303622	13.542	1818	5609	5727	2	0.0001 Colloc0 1818 42927 0.0764652 318.915
100	1	1061.1	301375	301362	13.083	1802	5842	5494	3	0.0001 Colloc0 1802 42678 0.0835042 284.37
110	1	1164.73	300497	300484	12.6836	1840	5921	5415	5	0.0001 Colloc0 1840 42591 0.115629 255.16
120	1	1264.17	299883	299870	13.1244	1835	6014	5322	3	0.0001 Colloc0 1835 42465 0.0807065 287.447
130	1	1366.93	298499	298485	13.7707	1834	6122	5214	3	0.0001 Colloc0 1834 42247 0.0607528 336.484
140	1	1469.93	297401	297388	13.4297	1836	6158	5178	2	0.0001 Colloc0 1836 42165 0.0822604 310.376
150	1	1572.23	297064	297051	13.252	1818	6168	5168	5	0.0001 Colloc0 1818 42107 0.0836149 296.976
160	1	1670.24	295577	295564	13.1068	1831	6564	4772	2	0.0001 Colloc0 1831 42050 0.0989858 286.138
170	1	1773.37	295007	294994	12.8736	1783	6414	4922	4	0.0001 Colloc0 1783 42044 0.110291 268.948
180	1	1874.17	294372	294359	12.8091	1810	6578	4758	2	0.0001 Colloc0 1810 41937 0.107501 264.243
190	1	1974	294426	294413	13.0375	1795	6733	4603	2	0.0001 Colloc0 1795 41942 0.0858509 281.003
200	1	2078.43	294003	293989	13.119	1834	6984	4352	6	0.0001 Colloc0 1834 41897 0.102099 287.047
210	1	2180.24	293693	293681	12.545	1793	6840	4496	4	0.0001 Colloc0 1793 41891 0.122992 245.232
220	1	2282.85	293753	293741	12.6241	1804	6814	4522	3	0.0001 Colloc0 1804 41858 0.13283 250.882
230	1	2384.2	293469	293457	12.6308	1823	6765	4571	3	0.0001 Colloc0 1823 41797 0.133217 251.362
240	1	2488.98	292111	292098	13.0409	1815	6909	4427	3	0.0001 Colloc0 1815 41689 0.100644 281.252
250	1	2587.01	292777	292765	12.5376	1830	6846	4490	6	0.0001 Colloc0 1830 41682 0.152469 244.706
260	1	2686.25	292165	292152	12.8426	1837	6938	4398	2	0.0001 Colloc0 1837 41582 0.141418 266.689
270	1	2786.94	291212	291199	12.8315	1813	7144	4192	2	0.0001 Colloc0 1813 41537 0.0957483 265.875
280	1	2886.98	290814	290800	13.2148	1805	7391	3945	3	0.0001 Colloc0 1805 41475 0.100417 294.188
290	1	2989.72	290088	290076	12.8914	1804	7605	3731	3	0.0001 Colloc0 1804 41471 0.106038 270.252
300	1	3088.43	289343	289331	12.785	1812	7864	3472	2	0.0001 Colloc0 1812 41488 0.103502 262.497
310	1	3190.49	289304	289291	13.1133	1813	7827	3509	1	0.0001 Colloc0 1813 41444 0.10349 286.622
320	1	3292.78	289875	289862	12.7932	1795	7606	3730	2	0.0001 Colloc0 1795 41373 0.112063 263.086
330	1	3394.76	289549	289536	12.9837	1801	7643	3693	2	0.0001 Colloc0 1801 41396 0.0972158 277.026
340	1	3492.79	289285	289272	12.9011	1831	7830	3506	2	0.0001 Colloc0 1831 41409 0.128616 270.959
350	1	3589.26	289221	289208	12.8218	1812	7801	3535	2	0.0001 Colloc0 1812 41353 0.121157 265.171
360	1	3689.58	289088	289076	12.6364	1823	7806	3530	2	0.0001 Colloc0 1823 41334 0.127207 251.764
370	1	3791.64	289130	289117	13.1095	1840	7671	3665	3	0.0001 Colloc0 1840 41334 0.118605 286.34
380	1	3889.11	289867	289853	13.375	1844	7572	3764	1	0.0001 Colloc0 1844 41312 0.0890971 306.238
390	1	3987.91	289361	289349	12.8392	1854	7679	3657	2	0.0001 Colloc0 1854 41291 0.10785 266.439
400	1	4086.55	288658	288645	12.7641	1833	7889	3447	2	0.0001 Colloc0 1833 41294 0.115539 260.98
410	1	4186.45	288295	288283	12.1676	1811	7930	3406	2	0.0001 Colloc0 1811 41283 0.142056 218.783
420	1	4285.74	288065	288052	12.5754	1831	8154	3182	3	0.0001 Colloc0 1831 41269 0.130983 247.396
430	1	4387.18	288303	288290	12.8701	1831	7934	3402	2	0.0001 Colloc0 1831 41263 0.129626 268.69
440	1	4489.38	287978	287965	12.7832	1813	8094	3242	3	0.0001 Colloc0 1813 41221 0.121666 262.367
450	1	4591.38	287944	287931	12.554	1816	8100	3236	2	0.0001 Colloc0 1816 41222 0.140383 245.872
460	1	4691.78	287677	287664	13.051	1810	8164	3172	2	0.0001 Colloc0 1810 41252 0.0921148 281.997
470	1	4792.88	287808	287796	12.736	1867	8175	3161	1	0.0001 Colloc0 1867 41199 0.131711 258.941
480	1	4895.53	287314	287302	12.5272	1847	8267	3069	3	0.0001 Colloc0 1847 41119 0.137456 243.965
490	1	4995.27	286761	286748	12.8145	1841	8327	3009	2	0.0001 Colloc0 1841 41109 0.12773 264.639
500	1	5094.04	287002	286989	12.687	1838	8359	2977	2	0.0001 Colloc0 1838 41109 0.132412 255.403
510	1	5194.82	286075	286061	13.1726	1821	8477	2859	4	0.0001 Colloc0 1821 41047 0.0955456 291.036
520	1	5295.44	285835	285822	12.5811	1837	8624	2712	1	0.0001 Colloc0 1837 40989 0.137891 247.808
530	1	5397.07	285624	285611	12.4996	1823	8580	2756	3	0.0001 Colloc0 1823 40984 0.135105 242.002
540	1	5498.42	286042	286029	12.3898	1875	8574	2762	3	0.0001 Colloc0 1875 40985 0.161359 234.247
550	1	5597.62	285090	285078	12.979	1826	8549	2787	3	0.0001 Colloc0 1826 40979 0.107338 276.685
560	1	5695.54	284935	284923	12.5345	1780	8590	2746	4	0.0001 Colloc0 1780 40919 0.122013 244.479
570	1	5793.13	284810	284797	12.5594	1830	8678	2658	3	0.0001 Colloc0 1830 40978 0.141243 246.255
580	1	5894.96	285207	285194	12.5917	1833	8584	2752	4	0.0001 Colloc0 1833 40915 0.139425 248.561
590	1	5997.31	284853	284840	12.4257	1804	8704	2632	1	0.0001 Colloc0 1804 40931 0.14507 236.773
600	1	6099.43	284903	284890	12.8025	1832	8696	2640	2	0.0001 Colloc0 1832 40928 0.123272 263.766
610	1	6201.68	284590	284577	12.9481	1761	8649	2687	1	0.0001 Colloc0 1761 40919 0.0990089 274.407
620	1	6304.35	284360	284347	12.5194	1789	8720	2616	3	0.0001 Colloc0 1789 40888 0.138116 243.407
630	1	6407	284755	284742	12.4395	1783	8701	2635	1	0.0001 Colloc0 1783 40925 0.139196 237.745
640	1	6507.81	284652	284639	12.8709	1808	8658	2678	1	0.0001 Colloc0 1808 40846 0.114806 268.753
650	1	6605.76	284577	284564	12.9791	1777	8764	2572	2	0.0001 Colloc0 1777 40852 0.0947178 276.689
660	1	6707.37	284194	284181	13.2393	1790	8794	2542	2	0.0001 Colloc0 1790 40811 0.0859558 296.021
670	1	6808.34	285112	285099	12.4519	1828	8642	2694	3	0.0001 Colloc0 1828 40827 0.132899 238.62
680	1	6909.24	284357	284345	12.3873	1820	8761	2575	2	0.0001 Colloc0 1820 40795 0.140631 234.072
690	1	7006.48	284156	284143	12.9314	1779	8876	2460	2	0.0001 Colloc0 1779 40829 0.113913 273.186
700	1	7103.78	284078	284065	12.8121	1801	8900	2436	4	0.0001 Colloc0 1801 40816 0.114343 264.465
710	1	7203.78	284191	284178	12.8612	1846	8957	2379	2	0.0001 Colloc0 1846 40773 0.127202 268.046
720	1	7304.58	284077	284064	12.5149	1823	8964	2372	2	0.0001 Colloc0 1823 40739 0.137814 243.088
730	1	7406.2	283898	283885	12.6427	1797	8895	2441	1	0.0001 Colloc0 1797 40749 0.127825 252.218
740	1	7507.96	283898	283885	12.8862	1812	9002	2334	3	0.0001 Colloc0 1812 40737 0.111195 269.872
750	1	7606.89	283851	283838	12.5218	1819	9004	2332	5	0.0001 Colloc0 1819 40734 0.132292 243.575
760	1	7709.26	283800	283787	12.2647	1796	8927	2409	3	0.0001 Colloc0 1796 40776 0.141149 225.501
770	1	7809.94	283968	283955	12.9317	1759	8949	2387	2	0.0001 Colloc0 1759 40769 0.0811763 273.203
780	1	7910.58	283937	283924	13.3467	1800	8867	2469	2	0.0001 Colloc0 1800 40741 0.0789198 304.096
790	1	8012.57	283702	283689	12.5485	1815	8956	2380	1	0.0001 Colloc0 1815 40766 0.148804 245.475
800	1	8109.3	283639	283627	12.4978	1816	9022	2314	1	0.0001 Colloc0 1816 40709 0.133055 241.872
810	1	8206.14	283814	283801	12.9274	1809	8793	2543	3	0.0001 Colloc0 1809 40693 0.107466 272.892
820	1	8308.73	283123	283110	12.8643	1806	8900	2436	2	0.0001 Colloc0 1806 40605 0.115187 268.267
830	1	8408.46	283085	283072	12.5918	1780	8847	2489	2	0.0001 Colloc0 1780 40619 0.110996 248.571
840	1	8507.28	283004	282992	12.5352	1815	8950	2386	2	0.0001 Colloc0 1815 40572 0.133487 244.532
850	1	8606.1	282837	282825	12.7114	1818	8992	2344	3	0.0001 Colloc0 1818 40567 0.113641 257.168
860	1	8706.33	282513	282501	12.7877	1835	9041	2295	2	0.0001 Colloc0 1835 40548 0.120499 262.689
870	1	8806.41	281898	281886	12.533	1793	9192	2144	3	0.0001 Colloc0 1793 40472 0.131315 244.379
880	1	8906.95	282421	282409	12.8136	1794	9061	2275	1	0.0001 Colloc0 1794 40540 0.102595 264.57
890	1	9008.96	282402	282390	12.8006	1780	8969	2367	2	0.0001 Colloc0 1780 40448 0.0994783 263.625
900	1	9110.28	282481	282468	12.839	1829	9040	2296	2	0.0001 Colloc0 1829 40494 0.120552 266.42
910	1	9209.62	282060	282048	12.4715	1801	9082	2254	3	0.0001 Colloc0 1801 40470 0.119978 240.01
920	1	9311.27	281830	281817	12.9196	1787	9119	2217	2	0.0001 Colloc0 1787 40440 0.0842285 272.32
930	1	9413.43	281609	281596	12.9409	1798	9137	2199	2	0.0001 Colloc0 1798 40412 0.0970431 273.877
940	1	9515.13	281394	281381	12.9334	1796	9162	2174	3	0.0001 Colloc0 1796 40378 0.114143 273.327
950	1	9621.08	281754	281741	12.8236	1787	9124	2212	2	0.0001 Colloc0 1787 40394 0.128572 265.303
960	1	9720.23	282050	282037	12.7675	1792	9010	2326	1	0.0001 Colloc0 1792 40401 0.128564 261.223
970	1	9821.44	281879	281866	12.7999	1782	8973	2363	4	0.0001 Colloc0 1782 40393 0.120585 263.577
980	1	9923.4	282533	282521	12.3732	1818	8733	2603	2	0.0001 Colloc0 1818 40371 0.132423 233.08
990	1	10024	282099	282086	12.8625	1794	9009	2327	1	0.0001 Colloc0 1794 40352 0.119589 268.137
1000	1	10122.1	282007	281994	13.1307	1796	8949	2387	3	0.0001 Colloc0 1796 40344 0.107784 287.917
1010	1	10222.9	282565	282552	12.4149	1823	8815	2521	2	0.0001 Colloc0 1823 40309 0.139565 236.015
1020	1	10318.6	282368	282355	12.912	1821	8806	2530	4	0.0001 Colloc0 1821 40321 0.119356 271.758
1030	1	10418	282121	282108	12.6552	1824	8908	2428	2	0.0001 Colloc0 1824 40326 0.133162 253.115
1040	1	10518.9	282424	282411	12.7853	1842	8857	2479	1	0.0001 Colloc0 1842 40293 0.117665 262.513
1050	1	10616.8	281531	281518	12.5314	1815	9087	2249	2	0.0001 Colloc0 1815 40318 0.137079 244.259
1060	1	10718.5	281369	281356	13.0107	1805	9065	2271	3	0.0001 Colloc0 1805 40225 0.0925191 279.023
1070	1	10819.4	281676	281664	12.4868	1817	8983	2353	1	0.0001 Colloc0 1817 40233 0.151586 241.095
1080	1	10921.4	281929	281916	12.7603	1820	8873	2463	4	0.0001 Colloc0 1820 40212 0.116579 260.699
1090	1	11023.4	282027	282014	13.1305	1824	8940	2396	5	0.0001 Colloc0 1824 40171 0.115905 287.899
1100	1	11124.9	281861	281848	13.0691	1827	9046	2290	2	0.0001 Colloc0 1827 40201 0.113704 283.339
1110	1	11223	281826	281813	12.6933	1838	9014	2322	3	0.0001 Colloc0 1838 40191 0.151917 255.859
1120	1	11322.4	281815	281802	12.6422	1833	9073	2263	4	0.0001 Colloc0 1833 40156 0.120793 252.183
1130	1	11423.3	281776	281763	12.567	1834	8989	2347	2	0.0001 Colloc0 1834 40130 0.138968 246.795
1140	1	11520	282218	282205	12.6876	1856	8882	2454	4	0.0001 Colloc0 1856 40133 0.141736 255.446
1150	1	11615.3	282031	282018	12.6141	1853	9013	2323	1	0.0001 Colloc0 1853 40208 0.137769 250.165
1160	1	11711.7	282108	282095	12.6844	1829	8928	2408	3	0.0001 Colloc0 1829 40144 0.126095 255.217
1170	1	11809.6	281885	281872	12.7377	1829	9020	2316	1	0.0001 Colloc0 1829 40138 0.127746 259.064
1180	1	11908.3	281907	281894	12.6465	1854	8930	2406	3	0.0001 Colloc0 1854 40109 0.130323 252.488
1190	1	12009.1	282611	282598	12.9768	1843	8826	2510	1	0.0001 Colloc0 1843 40130 0.110807 276.52
1200	1	12108	282016	282003	12.585	1845	8896	2440	3	0.0001 Colloc0 1845 40131 0.14963 248.082
1210	1	12208.9	281683	281670	12.695	1838	8960	2376	1	0.0001 Colloc0 1838 40093 0.127662 255.983
1220	1	12310	281773	281760	13.3299	1820	8952	2384	3	0.0001 Colloc0 1820 40099 0.105561 302.832
1230	1	12411.3	281263	281251	12.6722	1835	9033	2303	1	0.0001 Colloc0 1835 40001 0.114863 254.338
1240	1	12511.3	280837	280824	13.1173	1794	9086	2250	4	0.0001 Colloc0 1794 40013 0.0874736 286.914
1250	1	12611.6	280575	280562	12.5304	1819	9145	2191	4	0.0001 Colloc0 1819 40000 0.122521 244.193
1260	1	12708.7	281107	281094	12.5983	1851	9052	2284	2	0.0001 Colloc0 1851 40033 0.140966 249.033
1270	1	12805.4	280904	280892	12.314	1816	9026	2310	2	0.0001 Colloc0 1816 40010 0.128066 228.939
1280	1	12902.6	281016	281004	12.3971	1824	8967	2369	2	0.0001 Colloc0 1824 40025 0.14929 234.757
1290	1	12998.9	280478	280465	12.7504	1797	9146	2190	1	0.0001 Colloc0 1797 40027 0.101261 259.985
1300	1	13099.7	280836	280823	12.8585	1832	9008	2328	2	0.0001 Colloc0 1832 39961 0.114425 267.843
1310	1	13201	280608	280595	12.927	1811	9053	2283	2	0.0001 Colloc0 1811 39942 0.123142 272.861
1320	1	13302.3	280915	280902	13.0333	1827	8978	2358	3	0.0001 Colloc0 1827 39983 0.103354 280.688
1330	1	13403.5	280483	280470	12.681	1832	9058	2278	1	0.0001 Colloc0 1832 39935 0.130083 254.969
1340	1	13504.1	280365	280352	12.9839	1808	9102	2234	2	0.0001 Colloc0 1808 39976 0.105836 277.045
1350	1	13602.9	280640	280627	12.4989	1795	9029	2307	1	0.0001 Colloc0 1795 39986 0.122262 241.95
1360	1	13705	280598	280585	12.3544	1843	8937	2399	1	0.0001 Colloc0 1843 39938 0.154182 231.763
1370	1	13803.2	280221	280208	12.7178	1784	8997	2339	2	0.0001 Colloc0 1784 39948 0.107445 257.627
1380	1	13900.3	280659	280646	13.2888	1788	8860	2476	1	0.0001 Colloc0 1788 39979 0.0774259 299.742
1390	1	13999.3	281360	281348	12.8276	1813	8760	2576	2	0.0001 Colloc0 1813 39981 0.120221 265.596
1400	1	14098.4	281295	281282	12.5534	1829	8847	2489	2	0.0001 Colloc0 1829 39968 0.121119 245.827
1410	1	14198.6	280728	280715	12.6208	1826	8919	2417	3	0.0001 Colloc0 1826 39929 0.12762 250.645
1420	1	14300.4	280571	280558	13.0578	1800	8996	2340	1	0.0001 Colloc0 1800 39927 0.0915511 282.504
1430	1	14400.8	281558	281545	13.3264	1832	8763	2573	1	0.0001 Colloc0 1832 39981 0.105129 302.569
1440	1	14502.1	281118	281105	13.3266	1801	8784	2552	1	0.0001 Colloc0 1801 39917 0.0956749 302.586
1450	1	14601.4	280375	280362	13.1349	1801	9024	2312	2	0.0001 Colloc0 1801 39917 0.0890596 288.23
1460	1	14702.6	280249	280236	12.7616	1788	9033	2303	3	0.0001 Colloc0 1788 39906 0.1068 260.796
1470	1	14803.6	280328	280315	12.9904	1785	8940	2396	1	0.0001 Colloc0 1785 39904 0.0862988 277.52
1480	1	14903.1	280681	280668	13.516	1820	8946	2390	4	0.0001 Colloc0 1820 39924 0.0829997 316.938
1490	1	15004.8	280348	280335	12.6848	1818	9112	2224	3	0.0001 Colloc0 1818 39885 0.117752 255.245
1500	1	15105.1	280552	280540	12.469	1836	8936	2400	2	0.0001 Colloc0 1836 39857 0.156397 239.832
1510	1	15206.7	280205	280192	12.5019	1811	9100	2236	2	0.0001 Colloc0 1811 39788 0.119851 242.167
1520	1	15308.8	280046	280033	12.6345	1821	9185	2151	2	0.0001 Colloc0 1821 39808 0.144645 251.633
1530	1	15410.6	280144	280132	12.5753	1839	9106	2230	2	0.0001 Colloc0 1839 39778 0.142518 247.394
1540	1	15512.9	279652	279639	12.4881	1849	9234	2102	2	0.0001 Colloc0 1849 39776 0.152382 241.186
1550	1	15613.3	279906	279893	13.1492	1820	9179	2157	2	0.0001 Colloc0 1820 39783 0.114022 289.291
1560	1	15714.2	279867	279854	12.8117	1822	9128	2208	1	0.0001 Colloc0 1822 39704 0.12702 264.436
1570	1	15813.5	280222	280209	13.3578	1808	8825	2511	3	0.0001 Colloc0 1808 39705 0.0807064 304.936
1580	1	15910.1	280552	280539	13.5298	1836	8848	2488	3	0.0001 Colloc0 1836 39689 0.0838037 317.985
1590	1	16012	280564	280551	13.0671	1829	8924	2412	4	0.0001 Colloc0 1829 39721 0.103713 283.193
1600	1	16113.3	280821	280808	12.8493	1846	8849	2487	2	0.0001 Colloc0 1846 39715 0.124357 267.174
1610	1	16211	279853	279841	12.6271	1819	9141	2195	2	0.0001 Colloc0 1819 39686 0.126485 251.102
1620	1	16307.9	279660	279647	13.0385	1812	9114	2222	2	0.0001 Colloc0 1812 39706 0.106563 281.072
1630	1	16407.2	279296	279284	12.2511	1821	9239	2097	2	0.0001 Colloc0 1821 39701 0.161208 224.559
1640	1	16507	279455	279442	12.7169	1821	9215	2121	2	0.0001 Colloc0 1821 39672 0.115898 257.559
1650	1	16608.5	279441	279429	12.5538	1818	9225	2111	2	0.0001 Colloc0 1818 39686 0.111525 245.855
1660	1	16710.3	279473	279460	12.9509	1828	9212	2124	3	0.0001 Colloc0 1828 39698 0.109753 274.612
1670	1	16812	279373	279360	12.9036	1826	9404	1932	4	0.0001 Colloc0 1826 39653 0.102995 271.145
1680	1	16910.8	279329	279316	13.0034	1807	9257	2079	2	0.0001 Colloc0 1807 39701 0.109099 278.481
1690	1	17012	279789	279776	13.2122	1810	9061	2275	3	0.0001 Colloc0 1810 39644 0.0899862 293.995
1700	1	17114	280009	279996	12.9794	1838	8956	2380	3	0.0001 Colloc0 1838 39605 0.106427 276.712
1710	1	17216.3	279666	279652	13.2695	1841	9005	2331	1	0.0001 Colloc0 1841 39632 0.099114 298.287
1720	1	17317	279627	279614	12.7335	1844	9130	2206	4	0.0001 Colloc0 1844 39618 0.125488 258.76
1730	1	17417.7	279755	279742	12.7361	1854	9055	2281	3	0.0001 Colloc0 1854 39626 0.139487 258.947
1740	1	17519.1	279926	279913	13.0021	1848	8936	2400	2	0.0001 Colloc0 1848 39569 0.0959254 278.387
1750	1	17616.9	279650	279637	12.4827	1846	8966	2370	2	0.0001 Colloc0 1846 39543 0.14417 240.805
1760	1	17715.7	279826	279814	12.3008	1883	8800	2536	2	0.0001 Colloc0 1883 39527 0.163127 228.017
1770	1	17815.5	280083	280070	12.954	1837	8938	2398	2	0.0001 Colloc0 1837 39566 0.10588 274.843
1780	1	17914.2	279882	279869	13.2807	1843	8923	2413	5	0.0001 Colloc0 1843 39547 0.0894205 299.132
1790	1	18015.2	279910	279897	13.0457	1855	9025	2311	2	0.0001 Colloc0 1855 39599 0.109588 281.608
1800	1	18115.5	279825	279812	12.7453	1845	8970	2366	1	0.0001 Colloc0 1845 39535 0.121986 259.614
1810	1	18218.6	279804	279791	13.1304	1827	8961	2375	1	0.0001 Colloc0 1827 39561 0.0899353 287.894
1820	1	18318.9	279871	279858	13.174	1848	9012	2324	3	0.0001 Colloc0 1848 39560 0.110611 291.139
1830	1	18419	279564	279551	13.1425	1842	9143	2193	3	0.0001 Colloc0 1842 39559 0.103843 288.793
1840	1	18520.7	280046	280034	12.6027	1868	8890	2446	1	0.0001 Colloc0 1868 39572 0.139988 249.348
1850	1	18622.8	280045	280032	13.3399	1857	8951	2385	3	0.0001 Colloc0 1857 39577 0.102582 303.589
1860	1	18722.6	279882	279869	13.1658	1851	8965	2371	3	0.0001 Colloc0 1851 39533 0.106984 290.531
1870	1	18819.6	279167	279154	13.2362	1833	9215	2121	1	0.0001 Colloc0 1833 39540 0.0956543 295.79
1880	1	18917.9	279294	279281	12.9054	1847	9086	2250	1	0.0001 Colloc0 1847 39545 0.11458 271.273
1890	1	19017.9	279461	279448	12.6828	1876	9164	2172	1	0.0001 Colloc0 1876 39548 0.135604 255.105
1900	1	19117.1	279600	279586	13.4725	1858	8940	2396	2	0.0001 Colloc0 1858 39499 0.0848861 313.622
1910	1	19217.9	279925	279912	12.7378	1882	8771	2565	4	0.0001 Colloc0 1882 39489 0.122261 259.071
1920	1	19320.5	279347	279335	12.5744	1862	9056	2280	3	0.0001 Colloc0 1862 39544 0.117343 247.327
1930	1	19423.1	279317	279304	13.2989	1857	9119	2217	2	0.0001 Colloc0 1857 39530 0.100642 300.495
1940	1	19525.2	279247	279234	13.1973	1845	9046	2290	4	0.0001 Colloc0 1845 39492 0.10983 292.88
1950	1	19628.2	279266	279253	13.1483	1862	9059	2277	2	0.0001 Colloc0 1862 39507 0.108198 289.224
1960	1	19728	279209	279196	13.1031	1862	9032	2304	1	0.0001 Colloc0 1862 39467 0.105959 285.863
1970	1	19828.7	278846	278833	13.0165	1868	9228	2108	3	0.0001 Colloc0 1868 39485 0.109369 279.451
1980	1	19928.3	278763	278750	13.1733	1852	9122	2214	2	0.0001 Colloc0 1852 39447 0.0913635 291.086
1990	1	20028.3	278482	278469	12.7769	1833	9194	2142	1	0.0001 Colloc0 1833 39470 0.122675 261.908
2000	1	20128.9	278471	278459	12.7493	1844	9250	2086	2	0.0001 Colloc0 1844 39400 0.134498 259.905
