# D = 0, E = 1, I = 1, P = 1, R = -1, n = 2000, N = 1, P = 1, w = 1, a = 0.0001, b = 10000, e = 1, f = 1, g = 100, h = 0.01, r = 15865, s = 1, S = 0, x = 10, m = 100, Z = 1, z = 0, T = 1, t = 1
# 117629 tokens in 11336 sentences
#
# It	Temp	Time	-logP	-logPcorpus	-logPrior	tables	same	changed	reject	default_pya	(parent pym pyn pya pyb)*
0	1	10.4094	398383	398269	113.764	9540	0	11336	0	0.0001 Colloc0 9540 49580 0.0001 10000
10	1	142.39	333559	333543	15.4751	2560	3570	7766	5	0.0001 Colloc0 2560 44826 0.0661345 473.171
20	1	249.258	325827	325812	14.8304	2018	3999	7337	6	0.0001 Colloc0 2018 44555 0.00977152 420.408
30	1	351.992	320818	320803	14.3878	1929	4242	7094	3	0.0001 Colloc0 1929 44194 0.00942006 384.886
40	1	456.573	316744	316730	14.3135	1843	4489	6847	6	0.0001 Colloc0 1843 43933 0.00136544 378.982
50	1	559.274	314678	314663	14.2459	1869	4654	6682	4	0.0001 Colloc0 1869 43727 0.0174929 373.634
60	1	660.63	313495	313481	14.2629	1837	4879	6457	2	0.0001 Colloc0 1837 43582 0.0148272 374.979
70	1	763.006	312238	312223	14.2352	1887	4830	6506	2	0.0001 Colloc0 1887 43391 0.0243123 372.789
80	1	864.989	311112	311098	13.9698	1873	4968	6368	2	0.0001 Colloc0 1873 43405 0.0364927 351.94
90	1	965.957	309301	309288	13.455	1804	5069	6267	0	0.0001 Colloc0 1804 43280 0.0534775 312.299
100	1	1067.94	308518	308504	14.0472	1800	5200	6136	0	0.0001 Colloc0 1800 43207 0.0105653 357.997
110	1	1170.48	307192	307178	13.7624	1826	5301	6035	1	0.0001 Colloc0 1826 43040 0.0326065 335.836
120	1	1273.73	306274	306261	13.0917	1859	5471	5865	5	0.0001 Colloc0 1859 42903 0.0845828 285.016
130	1	1377.16	305208	305194	13.8456	1816	5658	5678	4	0.0001 Colloc0 1816 42858 0.0426929 342.279
140	1	1480.91	304835	304821	13.3348	1837	5431	5905	4	0.0001 Colloc0 1837 42704 0.0686942 303.204
150	1	1583.82	303747	303733	13.3664	1839	5609	5727	0	0.0001 Colloc0 1839 42582 0.0753334 305.586
160	1	1682.41	301466	301453	13.6567	1848	5942	5394	3	0.0001 Colloc0 1848 42299 0.0402114 327.698
170	1	1785.12	300388	300375	13.2286	1799	6009	5327	2	0.0001 Colloc0 1799 42227 0.0648388 295.225
180	1	1887.94	299496	299482	13.5104	1812	6057	5279	3	0.0001 Colloc0 1812 42181 0.0651368 316.51
190	1	1990.73	299147	299133	13.6404	1796	6184	5152	3	0.0001 Colloc0 1796 42192 0.062732 326.448
200	1	2094.35	298531	298518	13.5095	1812	6394	4942	2	0.0001 Colloc0 1812 42124 0.0793291 316.438
210	1	2198.04	296614	296601	13.3052	1789	6711	4625	1	0.0001 Colloc0 1789 42072 0.0709558 300.974
220	1	2300.39	296065	296052	12.9537	1793	6700	4636	2	0.0001 Colloc0 1793 41982 0.0886542 274.822
230	1	2403.03	296593	296580	13.0611	1789	6620	4716	1	0.0001 Colloc0 1789 41969 0.0885535 282.747
240	1	2504.19	295992	295979	13.3447	1778	6855	4481	1	0.0001 Colloc0 1778 41970 0.0816159 303.95
250	1	2604.75	294328	294315	12.5943	1766	7048	4288	2	0.0001 Colloc0 1766 41895 0.126024 248.747
260	1	2701.07	293190	293177	13.3865	1763	7231	4105	2	0.0001 Colloc0 1763 41841 0.0584095 307.106
270	1	2801.55	292401	292388	13.1071	1754	7414	3922	3	0.0001 Colloc0 1754 41750 0.0810759 286.159
280	1	2903.01	291931	291918	13.0584	1781	7440	3896	3	0.0001 Colloc0 1781 41684 0.0938016 282.547
290	1	3004.8	291784	291772	12.505	1771	7350	3986	6	0.0001 Colloc0 1771 41746 0.115419 242.388
300	1	3103.46	291337	291324	13.0681	1772	7528	3808	3	0.0001 Colloc0 1772 41620 0.0847861 283.265
310	1	3199.78	291125	291113	12.2741	1775	7578	3758	3	0.0001 Colloc0 1775 41640 0.139849 226.154
320	1	3302.58	291166	291154	12.572	1810	7603	3733	2	0.0001 Colloc0 1810 41579 0.125859 247.156
330	1	3404.76	290252	290239	13.3697	1749	7778	3558	2	0.0001 Colloc0 1749 41599 0.0673037 305.834
340	1	3506.51	290517	290504	12.8555	1765	7863	3473	3	0.0001 Colloc0 1765 41637 0.0948876 267.623
350	1	3607.16	290701	290688	12.9575	1779	7781	3555	5	0.0001 Colloc0 1779 41589 0.0990148 275.097
360	1	3702.93	289586	289573	12.7489	1770	7743	3593	3	0.0001 Colloc0 1770 41358 0.113908 259.874
370	1	3799.36	289099	289086	13.1624	1775	7865	3471	2	0.0001 Colloc0 1775 41330 0.072191 290.271
380	1	3899.5	288580	288567	12.5342	1765	7922	3414	2	0.0001 Colloc0 1765 41326 0.129237 244.462
390	1	4001.22	289153	289140	12.879	1763	7726	3610	3	0.0001 Colloc0 1763 41350 0.11035 269.345
400	1	4102.13	288273	288260	12.5873	1733	7879	3457	2	0.0001 Colloc0 1733 41286 0.125477 248.25
410	1	4203.16	288067	288055	12.4932	1775	7937	3399	2	0.0001 Colloc0 1775 41266 0.114062 241.549
420	1	4300.32	287541	287529	12.5817	1729	8197	3139	4	0.0001 Colloc0 1729 41238 0.0991336 247.851
430	1	4395.64	287564	287551	12.9684	1762	8058	3278	2	0.0001 Colloc0 1762 41243 0.105958 275.899
440	1	4493.27	287198	287185	12.9498	1750	8230	3106	3	0.0001 Colloc0 1750 41122 0.0989565 274.531
450	1	4595.74	287016	287003	13.2248	1719	8153	3183	4	0.0001 Colloc0 1719 41117 0.0542227 294.941
460	1	4697.43	287013	287000	13.0722	1768	8070	3266	5	0.0001 Colloc0 1768 41079 0.0952636 283.571
470	1	4800.11	287446	287434	12.6546	1756	8175	3161	2	0.0001 Colloc0 1756 41132 0.115418 253.072
480	1	4901.48	287370	287357	12.7701	1746	8149	3187	3	0.0001 Colloc0 1746 41073 0.101987 261.416
490	1	5003.26	286986	286974	12.5402	1755	8202	3134	3	0.0001 Colloc0 1755 41094 0.111189 244.891
500	1	5105.4	287581	287568	13.5672	1745	8035	3301	3	0.0001 Colloc0 1745 41062 0.0658746 320.844
510	1	5203.51	287620	287607	12.8762	1779	8048	3288	2	0.0001 Colloc0 1779 40999 0.107847 269.138
520	1	5298.39	287718	287706	12.5586	1795	8037	3299	3	0.0001 Colloc0 1795 40989 0.117087 246.201
530	1	5395.69	287719	287707	12.2346	1770	7950	3386	3	0.0001 Colloc0 1770 41054 0.134408 223.411
540	1	5494.86	287183	287170	12.5428	1776	7918	3418	3	0.0001 Colloc0 1776 40999 0.125805 245.07
550	1	5595.82	286347	286334	12.8845	1756	8061	3275	4	0.0001 Colloc0 1756 40922 0.081065 269.748
560	1	5696.32	286441	286428	13.1744	1781	8083	3253	2	0.0001 Colloc0 1781 40923 0.0786114 291.169
570	1	5795.92	286635	286622	13.0957	1783	8043	3293	3	0.0001 Colloc0 1783 40877 0.103346 285.316
580	1	5898	286370	286358	12.3131	1778	8093	3243	4	0.0001 Colloc0 1778 40902 0.125748 228.871
590	1	5999.14	285894	285881	12.8607	1796	8241	3095	3	0.0001 Colloc0 1796 40925 0.117576 268.006
600	1	6101	285617	285604	13.0235	1788	8184	3152	4	0.0001 Colloc0 1788 40809 0.102626 279.964
610	1	6200.81	285691	285679	12.6277	1796	8269	3067	2	0.0001 Colloc0 1796 40854 0.123865 251.145
620	1	6300	285551	285538	12.8692	1771	8168	3168	3	0.0001 Colloc0 1771 40831 0.106414 268.628
630	1	6399.6	285361	285348	12.2468	1776	8189	3147	2	0.0001 Colloc0 1776 40847 0.136847 224.256
640	1	6498.6	285273	285260	12.4651	1791	8199	3137	3	0.0001 Colloc0 1791 40808 0.134561 239.556
650	1	6593.25	285707	285694	12.6244	1782	8192	3144	5	0.0001 Colloc0 1782 40797 0.119164 250.902
660	1	6688.56	285435	285422	12.5204	1779	8190	3146	4	0.0001 Colloc0 1779 40728 0.128441 243.477
670	1	6783.34	284026	284013	12.6846	1728	8594	2742	4	0.0001 Colloc0 1728 40731 0.107577 255.229
680	1	6878.48	284369	284356	12.5516	1771	8514	2822	2	0.0001 Colloc0 1771 40732 0.127746 245.703
690	1	6972.93	284903	284891	12.3851	1811	8350	2986	5	0.0001 Colloc0 1811 40737 0.143403 233.914
700	1	7075.13	285034	285022	12.8461	1779	8233	3103	4	0.0001 Colloc0 1779 40711 0.10974 266.943
710	1	7177.31	285501	285488	12.6234	1782	7964	3372	4	0.0001 Colloc0 1782 40718 0.122889 250.834
720	1	7275.89	285263	285250	12.4474	1783	7963	3373	2	0.0001 Colloc0 1783 40643 0.145159 238.308
730	1	7375.57	285325	285312	12.6107	1814	7884	3452	4	0.0001 Colloc0 1814 40622 0.132663 249.923
740	1	7473	285258	285246	12.3748	1794	7857	3479	2	0.0001 Colloc0 1794 40640 0.138314 233.19
750	1	7574.26	285453	285440	13.0476	1773	7918	3418	4	0.0001 Colloc0 1773 40598 0.0938102 281.75
760	1	7675.69	285438	285425	12.6131	1797	8002	3334	5	0.0001 Colloc0 1797 40581 0.122251 250.091
770	1	7772.69	285181	285169	12.8844	1779	8057	3279	6	0.0001 Colloc0 1779 40603 0.112661 269.74
780	1	7869.33	284514	284501	12.8391	1791	8172	3164	7	0.0001 Colloc0 1791 40517 0.120232 266.433
790	1	7967.65	284474	284462	12.863	1796	8220	3116	5	0.0001 Colloc0 1796 40474 0.115087 268.172
800	1	8062.49	284603	284591	12.5371	1814	8148	3188	6	0.0001 Colloc0 1814 40502 0.134204 244.668
810	1	8161.88	284388	284375	12.8872	1775	8216	3120	3	0.0001 Colloc0 1775 40517 0.102449 269.945
820	1	8263.63	284170	284157	12.9153	1774	8215	3121	5	0.0001 Colloc0 1774 40519 0.0912303 272
830	1	8365.78	283958	283945	12.4611	1790	8295	3041	4	0.0001 Colloc0 1790 40467 0.137689 239.27
840	1	8466.77	283998	283986	12.302	1799	8425	2911	4	0.0001 Colloc0 1799 40499 0.149082 228.097
850	1	8566.57	283951	283939	12.6723	1785	8354	2982	3	0.0001 Colloc0 1785 40450 0.114991 254.344
860	1	8667.78	284209	284196	12.6936	1787	8241	3095	5	0.0001 Colloc0 1787 40421 0.116648 255.88
870	1	8769.05	284559	284546	12.5519	1793	8020	3316	6	0.0001 Colloc0 1793 40374 0.110382 245.723
880	1	8870.36	284180	284167	12.8026	1810	8009	3327	5	0.0001 Colloc0 1810 40372 0.117298 263.776
890	1	8971.59	284116	284103	12.7033	1795	7940	3396	4	0.0001 Colloc0 1795 40329 0.109247 256.58
900	1	9072.7	284153	284141	12.6442	1788	7898	3438	4	0.0001 Colloc0 1788 40298 0.125557 252.324
910	1	9175	284260	284248	12.6636	1803	7777	3559	5	0.0001 Colloc0 1803 40297 0.136088 253.719
920	1	9277.55	284472	284459	12.5697	1838	7839	3497	4	0.0001 Colloc0 1838 40298 0.130339 246.991
930	1	9378.7	284411	284399	12.8666	1829	7800	3536	4	0.0001 Colloc0 1829 40275 0.11828 268.44
940	1	9479.82	284013	284001	11.9343	1808	7995	3341	5	0.0001 Colloc0 1808 40254 0.179134 202.913
950	1	9582.45	284104	284091	12.8745	1808	7977	3359	5	0.0001 Colloc0 1808 40260 0.123131 269.015
960	1	9684.32	284194	284180	13.3222	1801	7848	3488	4	0.0001 Colloc0 1801 40203 0.0848257 302.249
970	1	9786.95	284105	284092	12.8576	1799	7836	3500	5	0.0001 Colloc0 1799 40202 0.110401 267.778
980	1	9883.26	284052	284040	12.2927	1815	7901	3435	4	0.0001 Colloc0 1815 40248 0.143204 227.453
990	1	9979.03	283943	283930	12.8539	1798	8013	3323	6	0.0001 Colloc0 1798 40202 0.111802 267.512
1000	1	10077.8	283623	283610	12.9359	1822	7921	3415	5	0.0001 Colloc0 1822 40140 0.124486 273.512
1010	1	10178.7	283835	283822	12.8322	1822	8018	3318	5	0.0001 Colloc0 1822 40120 0.121236 265.93
1020	1	10280.8	284249	284236	13.1509	1808	7899	3437	6	0.0001 Colloc0 1808 40147 0.102983 289.421
1030	1	10383.4	283827	283815	12.6335	1806	7973	3363	6	0.0001 Colloc0 1806 40144 0.116895 251.56
1040	1	10480.1	284074	284061	12.9285	1836	7902	3434	5	0.0001 Colloc0 1836 40093 0.117703 272.972
1050	1	10578.5	283781	283768	13.1632	1818	7938	3398	5	0.0001 Colloc0 1818 40080 0.0990443 290.331
1060	1	10673.1	284650	284638	12.3466	1853	7874	3462	7	0.0001 Colloc0 1853 40093 0.14933 231.214
1070	1	10768.2	283951	283939	12.6215	1857	7948	3388	4	0.0001 Colloc0 1857 40082 0.133677 250.696
1080	1	10866.6	284093	284081	12.3885	1796	7799	3537	4	0.0001 Colloc0 1796 40120 0.15495 234.154
1090	1	10962.5	283733	283720	12.8564	1822	7917	3419	7	0.0001 Colloc0 1822 40070 0.111247 267.694
1100	1	11059.5	283993	283980	13.0713	1838	7872	3464	4	0.0001 Colloc0 1838 40110 0.10028 283.505
1110	1	11161.2	283327	283315	12.4771	1821	7966	3370	5	0.0001 Colloc0 1821 40096 0.137083 240.406
1120	1	11262.8	283291	283278	12.6087	1800	7971	3365	6	0.0001 Colloc0 1800 40086 0.124795 249.78
1130	1	11359.1	283365	283352	13.036	1845	8015	3321	7	0.0001 Colloc0 1845 40081 0.112283 280.888
1140	1	11458.4	283056	283043	13.045	1805	8109	3227	5	0.0001 Colloc0 1805 40041 0.0940747 281.555
1150	1	11555.9	283090	283077	13.2617	1811	8146	3190	6	0.0001 Colloc0 1811 40065 0.0866895 297.702
1160	1	11657.9	283617	283604	13.2188	1820	7995	3341	5	0.0001 Colloc0 1820 40072 0.0929928 294.488
1170	1	11759.9	282922	282909	12.9198	1848	8176	3160	4	0.0001 Colloc0 1848 40074 0.122285 272.329
1180	1	11861.2	283093	283081	12.7155	1835	8154	3182	5	0.0001 Colloc0 1835 40122 0.112381 257.463
1190	1	11963.7	282974	282961	12.4035	1825	8165	3171	4	0.0001 Colloc0 1825 40038 0.136496 235.208
1200	1	12066.6	283483	283471	12.8052	1847	8186	3150	6	0.0001 Colloc0 1847 40093 0.126221 263.959
1210	1	12165.2	282820	282807	12.8638	1809	8292	3044	6	0.0001 Colloc0 1809 40085 0.128724 268.235
1220	1	12263	282671	282658	13.1733	1827	8169	3167	5	0.0001 Colloc0 1827 40036 0.0816129 291.089
1230	1	12365.4	282601	282589	12.6895	1810	8188	3148	4	0.0001 Colloc0 1810 40031 0.123879 255.583
1240	1	12466.9	282402	282389	13.0968	1823	8256	3080	4	0.0001 Colloc0 1823 40024 0.0987541 285.394
1250	1	12568.9	281876	281863	12.9363	1828	8435	2901	4	0.0001 Colloc0 1828 39998 0.124464 273.542
1260	1	12672.1	281711	281698	13.2207	1814	8494	2842	4	0.0001 Colloc0 1814 40012 0.100017 294.633
1270	1	12774.5	282113	282101	12.6127	1828	8496	2840	6	0.0001 Colloc0 1828 40011 0.12994 250.068
1280	1	12874.9	282614	282601	13.0248	1827	8272	3064	5	0.0001 Colloc0 1827 40024 0.115938 280.064
1290	1	12975.6	282149	282136	12.9683	1795	8313	3023	4	0.0001 Colloc0 1795 40007 0.0955845 275.897
1300	1	13076.1	282519	282506	13.0798	1810	8192	3144	4	0.0001 Colloc0 1810 39988 0.0985509 284.135
1310	1	13176.5	282309	282296	12.9801	1832	8251	3085	4	0.0001 Colloc0 1832 39918 0.10826 276.761
1320	1	13277.2	282358	282345	12.4755	1845	8258	3078	5	0.0001 Colloc0 1845 39927 0.135049 240.29
1330	1	13377.9	281640	281627	12.8414	1832	8459	2877	5	0.0001 Colloc0 1832 39890 0.119673 266.597
1340	1	13477	281589	281576	13.1145	1811	8476	2860	5	0.0001 Colloc0 1811 39875 0.0990296 286.707
1350	1	13572.4	281778	281766	12.4734	1831	8570	2766	7	0.0001 Colloc0 1831 39924 0.141612 240.145
1360	1	13669	282014	282001	12.5859	1831	8385	2951	6	0.0001 Colloc0 1831 39883 0.145593 248.146
1370	1	13771.4	281927	281914	13.1516	1847	8455	2881	9	0.0001 Colloc0 1847 39933 0.11386 289.469
1380	1	13873.2	281762	281749	12.9521	1836	8448	2888	4	0.0001 Colloc0 1836 39878 0.101494 274.706
1390	1	13975.1	281713	281700	13.5357	1817	8561	2775	5	0.0001 Colloc0 1817 39863 0.0767877 318.436
1400	1	14077.3	282193	282180	12.7584	1834	8379	2957	7	0.0001 Colloc0 1834 39894 0.125103 260.563
1410	1	14179.3	282395	282382	13.2091	1849	8401	2935	8	0.0001 Colloc0 1849 39880 0.105184 293.766
1420	1	14281.2	282628	282615	13.0315	1856	8318	3018	6	0.0001 Colloc0 1856 39829 0.122309 280.555
1430	1	14381.2	282349	282336	12.9296	1850	8377	2959	7	0.0001 Colloc0 1850 39838 0.120574 273.05
1440	1	14483.5	282738	282725	13.0407	1838	8181	3155	4	0.0001 Colloc0 1838 39862 0.118593 281.238
1450	1	14585.5	281647	281634	13.1633	1838	8640	2696	6	0.0001 Colloc0 1838 39817 0.105054 290.344
1460	1	14685.4	282012	281999	12.9439	1804	8467	2869	7	0.0001 Colloc0 1804 39823 0.101657 274.104
1470	1	14788.3	281515	281502	13.0303	1854	8591	2745	7	0.0001 Colloc0 1854 39829 0.108618 280.471
1480	1	14890.6	281701	281688	12.9141	1832	8627	2709	6	0.0001 Colloc0 1832 39828 0.11671 271.91
1490	1	14991.7	282198	282186	12.8347	1845	8443	2893	6	0.0001 Colloc0 1845 39819 0.129852 266.106
1500	1	15093.9	281931	281918	13.3261	1818	8435	2901	5	0.0001 Colloc0 1818 39821 0.0746318 302.544
1510	1	15193.1	281433	281420	12.8287	1830	8564	2772	5	0.0001 Colloc0 1830 39831 0.124852 265.674
1520	1	15295.2	281375	281361	13.2877	1842	8536	2800	4	0.0001 Colloc0 1842 39750 0.101929 299.657
1530	1	15397.3	280887	280875	12.5674	1824	8694	2642	7	0.0001 Colloc0 1824 39708 0.145301 246.83
1540	1	15499.9	281038	281026	12.5079	1844	8717	2619	4	0.0001 Colloc0 1844 39728 0.143874 242.591
1550	1	15601.9	280719	280706	12.7345	1828	8695	2641	4	0.0001 Colloc0 1828 39700 0.129374 258.835
1560	1	15704.7	281228	281215	12.7537	1850	8620	2716	4	0.0001 Colloc0 1850 39706 0.118579 260.224
1570	1	15802.2	281258	281245	12.6259	1831	8559	2777	6	0.0001 Colloc0 1831 39733 0.137127 251.014
1580	1	15903	281149	281136	12.8547	1835	8468	2868	6	0.0001 Colloc0 1835 39720 0.107779 267.568
1590	1	16001.1	280831	280818	12.7368	1839	8579	2757	4	0.0001 Colloc0 1839 39714 0.129378 259.001
1600	1	16100.9	280786	280774	12.8131	1822	8711	2625	6	0.0001 Colloc0 1822 39692 0.119019 264.538
1610	1	16202.2	280681	280668	12.6875	1821	8787	2549	6	0.0001 Colloc0 1821 39687 0.124528 255.44
1620	1	16304.4	280645	280632	12.8196	1837	8782	2554	7	0.0001 Colloc0 1837 39703 0.121401 265.012
1630	1	16406.1	281072	281059	13.1603	1837	8715	2621	7	0.0001 Colloc0 1837 39706 0.0917778 290.118
1640	1	16507.7	281281	281268	13.3186	1846	8610	2726	4	0.0001 Colloc0 1846 39688 0.0973547 301.981
1650	1	16608.1	281262	281249	12.6764	1854	8583	2753	5	0.0001 Colloc0 1854 39657 0.12425 254.642
1660	1	16704.4	280713	280700	12.4924	1853	8692	2644	4	0.0001 Colloc0 1853 39711 0.142651 241.491
1670	1	16800.3	280615	280603	12.5127	1827	8657	2679	6	0.0001 Colloc0 1827 39679 0.126469 242.934
1680	1	16900.9	280689	280677	12.7654	1826	8730	2606	4	0.0001 Colloc0 1826 39704 0.12189 261.073
1690	1	17002.2	280663	280650	12.5349	1846	8717	2619	5	0.0001 Colloc0 1846 39660 0.13347 244.51
1700	1	17103.5	280449	280437	12.3772	1825	8753	2583	7	0.0001 Colloc0 1825 39679 0.122421 233.361
1710	1	17205.8	280287	280274	12.7724	1840	8842	2494	6	0.0001 Colloc0 1840 39622 0.129434 261.577
1720	1	17305.1	280278	280265	12.9742	1836	8931	2405	6	0.0001 Colloc0 1836 39687 0.111858 276.332
1730	1	17407.1	280045	280032	12.6239	1836	8892	2444	6	0.0001 Colloc0 1836 39627 0.132381 250.872
1740	1	17508.7	279854	279841	13.1816	1815	8832	2504	4	0.0001 Colloc0 1815 39656 0.0848262 291.707
1750	1	17608.5	279984	279971	12.4844	1867	8831	2505	4	0.0001 Colloc0 1867 39636 0.146895 240.924
1760	1	17709.2	280423	280410	13.1365	1840	8744	2592	5	0.0001 Colloc0 1840 39621 0.098487 288.346
1770	1	17807.7	280919	280905	13.3415	1839	8587	2749	7	0.0001 Colloc0 1839 39642 0.0894574 303.707
1780	1	17903.7	280439	280426	12.6493	1835	8681	2655	5	0.0001 Colloc0 1835 39583 0.121537 252.694
1790	1	18000.1	280104	280091	13.1212	1848	8779	2557	6	0.0001 Colloc0 1848 39568 0.104671 287.21
1800	1	18101.6	279901	279888	12.7355	1827	8748	2588	6	0.0001 Colloc0 1827 39456 0.137099 258.907
1810	1	18200.3	280477	280465	12.4472	1839	8648	2688	8	0.0001 Colloc0 1839 39463 0.139854 238.293
1820	1	18298	279725	279712	12.935	1831	8888	2448	7	0.0001 Colloc0 1831 39436 0.113403 273.447
1830	1	18401.1	279222	279209	12.9804	1822	9040	2296	5	0.0001 Colloc0 1822 39404 0.113177 276.783
1840	1	18499.8	279569	279556	13.4763	1831	8939	2397	4	0.0001 Colloc0 1831 39469 0.0848899 313.914
1850	1	18598.1	279757	279744	13.2123	1849	8904	2432	3	0.0001 Colloc0 1849 39463 0.0981451 294
1860	1	18700	279144	279131	12.5138	1834	9055	2281	6	0.0001 Colloc0 1834 39481 0.135007 243.009
1870	1	18801.7	278726	278713	12.8036	1831	9212	2124	8	0.0001 Colloc0 1831 39325 0.10706 263.845
1880	1	18902.6	278987	278973	13.1699	1820	8982	2354	5	0.0001 Colloc0 1820 39337 0.105958 290.832
1890	1	19003.6	278924	278911	12.6893	1837	9118	2218	5	0.0001 Colloc0 1837 39349 0.131659 255.568
1900	1	19104.1	279325	279313	12.8953	1837	8935	2401	8	0.0001 Colloc0 1837 39356 0.117523 270.536
1910	1	19205.4	279147	279134	12.8409	1828	9041	2295	5	0.0001 Colloc0 1828 39346 0.124351 266.563
1920	1	19306	279609	279596	13.2431	1841	8948	2388	4	0.0001 Colloc0 1841 39328 0.0922869 296.31
1930	1	19406.9	279603	279591	12.3957	1858	8887	2449	4	0.0001 Colloc0 1858 39303 0.151774 234.659
1940	1	19509	279033	279020	12.7192	1828	9112	2224	7	0.0001 Colloc0 1828 39340 0.105365 257.728
1950	1	19611.1	279411	279398	13.0321	1862	8992	2344	5	0.0001 Colloc0 1862 39296 0.116515 280.597
1960	1	19714	279450	279437	13.1321	1844	9075	2261	5	0.0001 Colloc0 1844 39324 0.10499 288.015
1970	1	19816.9	279496	279483	12.9219	1846	9028	2308	4	0.0001 Colloc0 1846 39318 0.11112 272.483
1980	1	19918.9	279248	279235	13.1445	1827	9112	2224	7	0.0001 Colloc0 1827 39302 0.106712 288.941
1990	1	20020.5	279028	279015	12.9551	1830	9067	2269	3	0.0001 Colloc0 1830 39293 0.0980497 274.921
2000	1	20121.4	278946	278933	12.8995	1832	9117	2219	6	0.0001 Colloc0 1832 39287 0.0997321 270.847
