# D = 0, E = 1, I = 1, P = 1, R = -1, n = 2000, N = 1, P = 1, w = 1, a = 0.0001, b = 10000, e = 1, f = 1, g = 100, h = 0.01, r = 24789, s = 1, S = 0, x = 10, m = 100, Z = 1, z = 0, T = 1, t = 1
# 117629 tokens in 11336 sentences
#
# It	Temp	Time	-logP	-logPcorpus	-logPrior	tables	same	changed	reject	default_pya	(parent pym pyn pya pyb)*
0	1	14.7678	534604	534490	113.764	14943	0	11336	0	0.0001 Colloc0 14943 67056 0.0001 10000
10	1	208.871	382616	382601	14.4289	3613	2223	9113	8	0.0001 Colloc0 3613 52078 0.249021 388.159
20	1	327.196	362997	362982	14.6728	2177	2757	8579	5	0.0001 Colloc0 2177 50606 0.0467146 407.686
30	1	436.752	352517	352503	14.3967	1929	3211	8125	7	0.0001 Colloc0 1929 49810 0.00975192 385.596
40	1	539.518	348856	348842	14.2387	1817	3399	7937	7	0.0001 Colloc0 1817 49483 0.00494036 373.061
50	1	639.684	343934	343920	13.2799	1845	3641	7695	6	0.0001 Colloc0 1845 48904 0.0478475 299.073
60	1	745.177	334296	334282	13.9658	1754	4152	7184	8	0.0001 Colloc0 1754 47952 0.0151163 351.634
70	1	850.613	331144	331131	13.2897	1769	4251	7085	1	0.0001 Colloc0 1769 47497 0.0576422 299.807
80	1	955.96	329093	329079	13.7677	1770	4527	6809	3	0.0001 Colloc0 1770 47305 0.031108 336.251
90	1	1062.35	325685	325672	12.9662	1735	4885	6451	4	0.0001 Colloc0 1735 46987 0.0740139 275.744
100	1	1164.01	323554	323540	13.8289	1742	5056	6280	5	0.0001 Colloc0 1742 46818 0.0181063 340.987
110	1	1265.46	320642	320629	13.0764	1699	5261	6075	5	0.0001 Colloc0 1699 46550 0.0749275 283.882
120	1	1369.26	317673	317660	12.5866	1744	5581	5755	3	0.0001 Colloc0 1744 46250 0.0939872 248.199
130	1	1474.49	316524	316512	12.2836	1726	5515	5821	5	0.0001 Colloc0 1726 45968 0.111526 226.819
140	1	1578.83	314920	314907	13.1592	1711	5753	5583	4	0.0001 Colloc0 1711 45826 0.05678 290.036
150	1	1682.45	314374	314361	12.7624	1738	5791	5545	4	0.0001 Colloc0 1738 45709 0.091421 260.856
160	1	1782.86	313214	313201	12.8121	1716	5832	5504	5	0.0001 Colloc0 1716 45559 0.0846321 264.465
170	1	1879.46	311590	311577	12.4825	1701	5912	5424	5	0.0001 Colloc0 1701 45254 0.100345 240.786
180	1	1983.13	309207	309195	12.5638	1703	6171	5165	3	0.0001 Colloc0 1703 45056 0.0956579 246.572
190	1	2086.97	308571	308558	13.2254	1735	6315	5021	5	0.0001 Colloc0 1735 44975 0.0573894 294.983
200	1	2189.88	308252	308239	12.4764	1739	6356	4980	4	0.0001 Colloc0 1739 44894 0.0986659 240.356
210	1	2293.74	306338	306326	12.5036	1681	6552	4784	2	0.0001 Colloc0 1681 44793 0.0949693 242.289
220	1	2395.1	306073	306060	12.4104	1727	6513	4823	3	0.0001 Colloc0 1727 44781 0.106228 235.693
230	1	2499.23	305559	305547	12.6181	1743	6568	4768	3	0.0001 Colloc0 1743 44617 0.109716 250.452
240	1	2602.88	304438	304425	12.7065	1738	6793	4543	2	0.0001 Colloc0 1738 44501 0.0969486 256.813
250	1	2706.21	303247	303235	12.386	1721	6865	4471	5	0.0001 Colloc0 1721 44333 0.11922 233.979
260	1	2807.76	303090	303078	12.5381	1709	6781	4555	2	0.0001 Colloc0 1709 44230 0.109012 244.736
270	1	2908.09	302330	302318	12.2405	1736	6869	4467	3	0.0001 Colloc0 1736 44139 0.123634 223.821
280	1	3011.28	301439	301426	12.5706	1671	7086	4250	1	0.0001 Colloc0 1671 44117 0.0892584 247.059
290	1	3113.6	302080	302067	12.8522	1734	6911	4425	1	0.0001 Colloc0 1734 43982 0.0987876 267.384
300	1	3214.59	301804	301792	11.9307	1747	6965	4371	3	0.0001 Colloc0 1747 43929 0.155422 202.673
310	1	3312.46	301817	301805	12.6252	1734	6925	4411	3	0.0001 Colloc0 1734 43915 0.111645 250.962
320	1	3413.63	300755	300742	12.8961	1696	7138	4198	3	0.0001 Colloc0 1696 43829 0.097825 270.598
330	1	3512.29	301626	301614	12.5588	1776	6961	4375	3	0.0001 Colloc0 1776 43822 0.11185 246.213
340	1	3609.95	301598	301586	12.3227	1775	6970	4366	1	0.0001 Colloc0 1775 43742 0.12955 229.545
350	1	3713.27	301524	301511	12.7361	1753	6820	4516	2	0.0001 Colloc0 1753 43786 0.108458 258.947
360	1	3815.42	300450	300437	12.7776	1760	7155	4181	3	0.0001 Colloc0 1760 43667 0.122632 261.956
370	1	3918.71	299769	299756	12.5286	1720	7180	4156	2	0.0001 Colloc0 1720 43606 0.129726 244.06
380	1	4020.32	299769	299756	12.8579	1735	7061	4275	4	0.0001 Colloc0 1735 43545 0.103846 267.806
390	1	4123.24	299443	299430	12.5749	1724	7016	4320	3	0.0001 Colloc0 1724 43486 0.101098 247.359
400	1	4226.26	298786	298773	12.7457	1749	7125	4211	6	0.0001 Colloc0 1749 43479 0.114101 259.642
410	1	4328.1	298774	298762	12.3931	1733	7130	4206	2	0.0001 Colloc0 1733 43454 0.0998139 234.481
420	1	4430.19	297897	297885	12.6269	1727	7347	3989	2	0.0001 Colloc0 1727 43364 0.107505 251.086
430	1	4532.18	297754	297741	12.8421	1770	7245	4091	1	0.0001 Colloc0 1770 43243 0.0996129 266.647
440	1	4627.63	296712	296699	12.2174	1769	7501	3835	3	0.0001 Colloc0 1769 43151 0.123575 222.222
450	1	4722.76	295513	295500	12.7839	1733	7624	3712	5	0.0001 Colloc0 1733 42966 0.10014 262.411
460	1	4823.5	294410	294397	12.4896	1737	7924	3412	1	0.0001 Colloc0 1737 42957 0.128192 241.294
470	1	4924.59	293900	293887	12.7904	1715	8056	3280	1	0.0001 Colloc0 1715 42924 0.105501 262.885
480	1	5027.9	293670	293657	12.2603	1741	7977	3359	3	0.0001 Colloc0 1741 42819 0.110329 225.194
490	1	5129.57	293657	293645	12.1764	1761	8004	3332	1	0.0001 Colloc0 1761 42777 0.149387 219.391
500	1	5231.21	293855	293843	12.3873	1728	7923	3413	2	0.0001 Colloc0 1728 42830 0.133668 234.067
510	1	5335.02	294094	294082	12.0255	1752	7795	3541	4	0.0001 Colloc0 1752 42785 0.152048 209.07
520	1	5433.49	293862	293849	12.8145	1744	7855	3481	3	0.0001 Colloc0 1744 42835 0.0985219 264.635
530	1	5535.54	292464	292451	12.4444	1726	7945	3391	2	0.0001 Colloc0 1726 42532 0.12977 238.096
540	1	5637.58	293092	293080	12.1518	1750	7848	3488	1	0.0001 Colloc0 1750 42519 0.125299 217.702
550	1	5740.11	292179	292167	12.0611	1769	8144	3192	3	0.0001 Colloc0 1769 42440 0.1482 211.492
560	1	5843.05	291963	291952	11.9739	1744	8149	3187	5	0.0001 Colloc0 1744 42444 0.158952 205.581
570	1	5942.48	291756	291744	12.4046	1749	8249	3087	2	0.0001 Colloc0 1749 42432 0.137513 235.287
580	1	6037.2	291181	291168	12.895	1743	8297	3039	2	0.0001 Colloc0 1743 42351 0.0899967 270.512
590	1	6136.92	290190	290178	12.6802	1751	8486	2850	3	0.0001 Colloc0 1751 42218 0.112344 254.915
600	1	6239.63	290209	290197	12.7312	1753	8452	2884	3	0.0001 Colloc0 1753 42184 0.110005 258.598
610	1	6343.11	289946	289934	12.6214	1762	8517	2819	1	0.0001 Colloc0 1762 42113 0.114821 250.69
620	1	6445.86	289145	289132	12.5323	1745	8501	2835	3	0.0001 Colloc0 1745 42008 0.12517 244.326
630	1	6548.7	289241	289228	12.4244	1738	8539	2797	5	0.0001 Colloc0 1738 41990 0.12387 236.684
640	1	6651.67	289960	289946	13.3991	1760	8388	2948	3	0.0001 Colloc0 1760 42007 0.0657285 308.057
650	1	6749.52	289182	289169	12.5579	1743	8414	2922	4	0.0001 Colloc0 1743 41912 0.114857 246.148
660	1	6843.77	289049	289036	12.8422	1779	8431	2905	8	0.0001 Colloc0 1779 41872 0.115109 266.655
670	1	6945.06	288746	288733	12.9632	1744	8466	2870	4	0.0001 Colloc0 1744 41878 0.0918292 275.52
680	1	7047.75	287781	287768	12.3754	1748	8721	2615	3	0.0001 Colloc0 1748 41762 0.125134 233.237
690	1	7147.32	287008	286996	12.42	1722	8798	2538	5	0.0001 Colloc0 1722 41696 0.118779 236.369
700	1	7250.68	287169	287156	12.6454	1738	8712	2624	6	0.0001 Colloc0 1738 41669 0.105104 252.411
710	1	7354.3	286592	286580	12.2756	1751	8889	2447	4	0.0001 Colloc0 1751 41690 0.14226 226.259
720	1	7454.27	286088	286076	12.2378	1726	8995	2341	5	0.0001 Colloc0 1726 41670 0.136132 223.635
730	1	7552.23	286453	286440	12.749	1752	9001	2335	4	0.0001 Colloc0 1752 41588 0.112387 259.886
740	1	7653.03	286277	286264	13.0108	1767	9067	2269	3	0.0001 Colloc0 1767 41629 0.100836 279.03
750	1	7751.51	286459	286446	12.2046	1739	9069	2267	6	0.0001 Colloc0 1739 41586 0.129352 221.336
760	1	7855.11	286512	286500	12.1473	1753	8905	2431	3	0.0001 Colloc0 1753 41576 0.146019 217.389
770	1	7957.55	285051	285039	12.3803	1736	8987	2349	4	0.0001 Colloc0 1736 41451 0.132666 233.582
780	1	8059.25	284951	284938	12.3301	1702	8996	2340	5	0.0001 Colloc0 1702 41465 0.127091 230.061
790	1	8155.72	285332	285320	12.32	1741	8771	2565	3	0.0001 Colloc0 1741 41457 0.140636 229.357
800	1	8251.01	285374	285362	12.4784	1725	8678	2658	3	0.0001 Colloc0 1725 41408 0.113401 240.501
810	1	8354.28	285503	285490	12.3619	1709	8670	2666	5	0.0001 Colloc0 1709 41456 0.126246 232.29
820	1	8457.32	285633	285620	12.4125	1745	8534	2802	4	0.0001 Colloc0 1745 41363 0.12852 235.843
830	1	8552.32	286077	286065	12.6994	1760	8455	2881	7	0.0001 Colloc0 1760 41384 0.0978951 256.296
840	1	8647.35	285863	285851	12.4229	1749	8580	2756	3	0.0001 Colloc0 1749 41374 0.138486 236.579
850	1	8746.88	286006	285993	12.6204	1743	8549	2787	4	0.0001 Colloc0 1743 41349 0.111618 250.619
860	1	8840.06	285298	285286	12.4259	1770	8671	2665	4	0.0001 Colloc0 1770 41357 0.152 236.786
870	1	8938.67	285260	285248	12.3612	1746	8722	2614	4	0.0001 Colloc0 1746 41354 0.129251 232.24
880	1	9039.59	285287	285274	12.5676	1739	8667	2669	4	0.0001 Colloc0 1739 41326 0.108003 246.843
890	1	9133.33	285079	285066	12.7733	1751	8838	2498	2	0.0001 Colloc0 1751 41354 0.114837 261.646
900	1	9226.23	285129	285117	12.4632	1761	8884	2452	3	0.0001 Colloc0 1761 41327 0.148578 239.42
910	1	9320.13	285321	285309	12.1609	1771	8818	2518	3	0.0001 Colloc0 1771 41322 0.139766 218.324
920	1	9414.96	285323	285310	12.5737	1777	8736	2600	3	0.0001 Colloc0 1777 41293 0.142632 247.28
930	1	9511.62	284804	284792	12.2651	1734	8875	2461	4	0.0001 Colloc0 1734 41280 0.122936 225.532
940	1	9614.51	284818	284806	12.4304	1749	8986	2350	2	0.0001 Colloc0 1749 41328 0.138698 237.106
950	1	9716.52	284101	284088	12.5271	1720	9116	2220	2	0.0001 Colloc0 1720 41298 0.124303 243.958
960	1	9819.57	284080	284068	12.4941	1736	9118	2218	3	0.0001 Colloc0 1736 41273 0.118621 241.609
970	1	9922.68	283891	283878	12.8341	1736	9104	2232	5	0.0001 Colloc0 1736 41266 0.101546 266.063
980	1	10024.1	283974	283962	12.7406	1730	9002	2334	3	0.0001 Colloc0 1730 41197 0.0999493 259.276
990	1	10125.2	283627	283614	13.0065	1752	9189	2147	3	0.0001 Colloc0 1752 41191 0.0975942 278.711
1000	1	10226	284155	284143	12.4732	1738	8977	2359	3	0.0001 Colloc0 1738 41228 0.117039 240.129
1010	1	10326.6	284305	284293	12.6132	1749	8964	2372	5	0.0001 Colloc0 1749 41226 0.104931 250.103
1020	1	10427	284001	283988	12.8381	1764	9067	2269	2	0.0001 Colloc0 1764 41189 0.115746 266.357
1030	1	10528.1	284303	284291	12.3902	1740	8892	2444	3	0.0001 Colloc0 1740 41186 0.140719 234.271
1040	1	10628.4	284293	284280	12.9918	1762	8946	2390	5	0.0001 Colloc0 1762 41215 0.0933011 277.627
1050	1	10728.7	283888	283875	12.4435	1775	9102	2234	3	0.0001 Colloc0 1775 41173 0.146301 238.031
1060	1	10829.3	283411	283398	12.6809	1740	9232	2104	4	0.0001 Colloc0 1740 41210 0.103574 254.968
1070	1	10930.3	283089	283077	12.4243	1765	9210	2126	5	0.0001 Colloc0 1765 41163 0.12819 236.677
1080	1	11032.5	282904	282892	12.4457	1727	9302	2034	3	0.0001 Colloc0 1727 41158 0.114034 238.183
