# D = 0, E = 1, I = 1, P = 1, R = -1, n = 2000, N = 1, P = 1, w = 1, a = 0.0001, b = 10000, e = 1, f = 1, g = 100, h = 0.01, r = 7756, s = 1, S = 0, x = 10, m = 100, Z = 1, z = 0, T = 1, t = 1
# 117629 tokens in 11336 sentences
#
# It	Temp	Time	-logP	-logPcorpus	-logPrior	tables	same	changed	reject	default_pya	(parent pym pyn pya pyb)*
0	1	10.4614	393770	393656	113.764	9479	0	11336	0	0.0001 Colloc0 9479 48899 0.0001 10000
10	1	144.58	329378	329363	15.0116	2662	3658	7678	4	0.0001 Colloc0 2662 44080 0.114019 435.118
20	1	253.08	320240	320225	14.973	2044	4158	7178	3	0.0001 Colloc0 2044 43759 0.0143008 431.981
30	1	359.592	316439	316425	14.234	1979	4477	6859	0	0.0001 Colloc0 1979 43468 0.0316733 372.692
40	1	463.359	312622	312608	13.8165	1932	4767	6569	0	0.0001 Colloc0 1932 43181 0.0596888 340.025
50	1	568.36	310578	310564	13.9557	1872	4979	6357	0	0.0001 Colloc0 1872 43126 0.0408581 350.842
60	1	672.94	307962	307948	13.5475	1854	5248	6088	2	0.0001 Colloc0 1854 42925 0.0609696 319.335
70	1	777.006	305632	305618	13.7943	1819	5478	5858	0	0.0001 Colloc0 1819 42728 0.0607941 338.307
80	1	880.438	304648	304635	13.5749	1863	5555	5781	5	0.0001 Colloc0 1863 42649 0.0747871 321.434
90	1	984.528	303571	303557	13.3989	1852	5670	5666	3	0.0001 Colloc0 1852 42600 0.0784588 308.047
100	1	1089.05	302183	302170	13.2571	1819	5794	5542	3	0.0001 Colloc0 1819 42486 0.0826009 297.358
110	1	1194.14	302087	302073	13.4976	1816	5848	5488	2	0.0001 Colloc0 1816 42486 0.0788548 315.535
120	1	1298.81	301765	301752	13.0372	1871	5848	5488	1	0.0001 Colloc0 1871 42329 0.0943563 280.974
130	1	1400.74	300475	300462	13.1398	1835	6010	5326	1	0.0001 Colloc0 1835 42309 0.0852594 288.591
140	1	1503.06	299002	298988	13.6128	1837	6173	5163	4	0.0001 Colloc0 1837 42093 0.0646777 324.333
150	1	1607.64	297088	297075	13.1582	1831	6559	4777	4	0.0001 Colloc0 1831 42044 0.0925391 289.958
160	1	1710.95	295135	295122	13.2675	1804	6844	4492	4	0.0001 Colloc0 1804 41871 0.0799693 298.141
170	1	1810.33	295180	295167	13.5246	1847	6841	4495	3	0.0001 Colloc0 1847 41764 0.0671466 317.593
180	1	1914.72	294637	294623	13.7791	1794	6928	4408	6	0.0001 Colloc0 1794 41715 0.0352532 337.134
190	1	2019.34	294608	294595	13.3263	1804	6900	4436	4	0.0001 Colloc0 1804 41688 0.0729805 302.558
200	1	2122.26	294969	294956	13.1606	1863	6832	4504	3	0.0001 Colloc0 1863 41704 0.0946578 290.14
210	1	2221.2	294338	294325	12.9129	1815	6888	4448	3	0.0001 Colloc0 1815 41641 0.0985219 271.826
220	1	2323.12	293746	293733	12.7208	1832	6946	4390	5	0.0001 Colloc0 1832 41552 0.114971 257.841
230	1	2424.81	294182	294169	13.0538	1819	6943	4393	3	0.0001 Colloc0 1819 41618 0.105457 282.206
240	1	2525.84	293330	293317	13.0312	1827	7182	4154	2	0.0001 Colloc0 1827 41571 0.100901 280.536
250	1	2626.79	292671	292658	12.9898	1824	7333	4003	3	0.0001 Colloc0 1824 41519 0.115275 277.475
260	1	2729.76	292696	292683	13.2222	1818	7276	4060	4	0.0001 Colloc0 1818 41489 0.0901085 294.739
270	1	2831.95	292470	292457	13.1468	1840	7341	3995	3	0.0001 Colloc0 1840 41427 0.099069 289.115
280	1	2935.96	293199	293186	12.8679	1848	7141	4195	3	0.0001 Colloc0 1848 41450 0.121214 268.536
290	1	3039.17	292656	292643	13.0951	1825	7239	4097	1	0.0001 Colloc0 1825 41476 0.0956371 285.267
300	1	3140.34	292517	292504	12.8358	1832	7194	4142	4	0.0001 Colloc0 1832 41457 0.115946 266.188
310	1	3238.78	291934	291920	13.3547	1828	7362	3974	3	0.0001 Colloc0 1828 41474 0.0850781 304.706
320	1	3337.92	291027	291014	13.6345	1809	7389	3947	4	0.0001 Colloc0 1809 41249 0.0632577 325.994
330	1	3439.21	290969	290956	13.1955	1829	7409	3927	1	0.0001 Colloc0 1829 41252 0.0879405 292.749
340	1	3542.07	291305	291292	12.7986	1838	7383	3953	6	0.0001 Colloc0 1838 41303 0.0925161 263.48
350	1	3643.45	291222	291209	13.0498	1819	7378	3958	3	0.0001 Colloc0 1819 41291 0.106651 281.91
360	1	3739.07	290297	290284	12.7662	1801	7567	3769	1	0.0001 Colloc0 1801 41276 0.112237 261.131
370	1	3840.55	290385	290372	13.1294	1827	7442	3894	3	0.0001 Colloc0 1827 41264 0.101007 287.817
380	1	3943.64	289490	289478	12.6633	1835	7532	3804	3	0.0001 Colloc0 1835 41072 0.132729 253.702
390	1	4047.07	289488	289475	12.9833	1797	7450	3886	3	0.0001 Colloc0 1797 41039 0.119522 277.002
400	1	4148.12	288687	288675	12.4142	1784	7651	3685	1	0.0001 Colloc0 1784 41069 0.127692 235.961
410	1	4243.89	288682	288669	12.9966	1776	7665	3671	3	0.0001 Colloc0 1776 41018 0.0828488 277.981
420	1	4340.85	288516	288504	12.6114	1792	7679	3657	2	0.0001 Colloc0 1792 40989 0.124638 249.969
430	1	4441.68	289163	289151	12.3123	1807	7622	3714	1	0.0001 Colloc0 1807 41068 0.147353 228.814
440	1	4541.5	289058	289045	12.8563	1827	7554	3782	3	0.0001 Colloc0 1827 40984 0.109008 267.684
450	1	4642.07	288986	288973	13.2263	1817	7719	3617	2	0.0001 Colloc0 1817 40967 0.0971354 295.05
460	1	4742.79	288680	288668	12.5864	1786	7706	3630	3	0.0001 Colloc0 1786 40950 0.116504 248.182
470	1	4844.88	288760	288747	13.1837	1810	7659	3677	1	0.0001 Colloc0 1810 40927 0.080851 291.862
480	1	4945.16	287954	287942	12.6812	1840	7746	3590	3	0.0001 Colloc0 1840 40824 0.133677 254.984
490	1	5040.53	288227	288214	13.1126	1821	7708	3628	3	0.0001 Colloc0 1821 40847 0.0925488 286.57
500	1	5142.87	287138	287125	12.9159	1796	7917	3419	9	0.0001 Colloc0 1796 40792 0.0909666 272.048
510	1	5238.8	286840	286827	12.9345	1802	8011	3325	2	0.0001 Colloc0 1802 40765 0.110274 273.409
520	1	5342.27	286667	286655	12.7115	1806	8063	3273	1	0.0001 Colloc0 1806 40750 0.120096 257.175
530	1	5445.2	286882	286870	12.7004	1821	8044	3292	2	0.0001 Colloc0 1821 40704 0.129996 256.372
540	1	5543.02	286895	286882	12.9271	1852	8077	3259	5	0.0001 Colloc0 1852 40676 0.116261 272.867
550	1	5646.02	287381	287368	13.0021	1810	7916	3420	2	0.0001 Colloc0 1810 40703 0.0884328 278.388
560	1	5747.55	286925	286912	13.3781	1824	8143	3193	2	0.0001 Colloc0 1824 40688 0.0844629 306.471
570	1	5850.58	287187	287175	12.5786	1843	8050	3286	3	0.0001 Colloc0 1843 40656 0.134125 247.628
580	1	5949.62	286579	286566	12.329	1857	8168	3168	2	0.0001 Colloc0 1857 40667 0.148707 229.984
590	1	6053.32	286645	286633	12.637	1809	8154	3182	1	0.0001 Colloc0 1809 40699 0.119637 251.807
600	1	6157.18	286641	286629	12.7221	1864	8062	3274	3	0.0001 Colloc0 1864 40631 0.133465 257.94
610	1	6261.13	286319	286306	12.6205	1823	8135	3201	5	0.0001 Colloc0 1823 40608 0.135664 250.623
620	1	6364.08	285979	285966	12.9267	1813	8244	3092	3	0.0001 Colloc0 1813 40507 0.113792 272.84
630	1	6466.71	286095	286082	12.9096	1841	8175	3161	4	0.0001 Colloc0 1841 40539 0.108804 271.586
640	1	6569.22	285329	285317	12.7458	1799	8310	3026	5	0.0001 Colloc0 1799 40563 0.12216 259.654
650	1	6672.39	285116	285104	12.8597	1819	8400	2936	3	0.0001 Colloc0 1819 40520 0.106581 267.933
660	1	6775.94	284910	284897	12.8236	1809	8485	2851	1	0.0001 Colloc0 1809 40526 0.123137 265.305
670	1	6878.45	285017	285004	12.8586	1812	8367	2969	2	0.0001 Colloc0 1812 40517 0.118891 267.851
680	1	6980.91	284140	284128	12.6863	1821	8656	2680	3	0.0001 Colloc0 1821 40489 0.113299 255.354
690	1	7084.08	284448	284435	12.6472	1836	8568	2768	3	0.0001 Colloc0 1836 40446 0.139072 252.539
700	1	7187.1	282886	282873	12.5442	1797	8772	2564	2	0.0001 Colloc0 1797 40299 0.124019 245.173
710	1	7289.74	282843	282830	13.0268	1812	8590	2746	2	0.0001 Colloc0 1812 40226 0.107572 280.211
720	1	7390.58	283389	283377	12.5417	1796	8532	2804	4	0.0001 Colloc0 1796 40266 0.127414 244.993
730	1	7488.59	283710	283697	12.7306	1831	8453	2883	3	0.0001 Colloc0 1831 40232 0.117943 258.553
740	1	7591.42	283209	283196	12.3178	1814	8584	2752	2	0.0001 Colloc0 1814 40259 0.135546 229.201
750	1	7694.22	283299	283286	12.8948	1798	8476	2860	3	0.0001 Colloc0 1798 40268 0.111823 270.499
760	1	7797.53	283465	283452	12.5886	1820	8423	2913	2	0.0001 Colloc0 1820 40214 0.123863 248.339
770	1	7898.71	283263	283250	12.6471	1805	8503	2833	2	0.0001 Colloc0 1805 40218 0.117154 252.531
780	1	8001.1	282872	282859	13.0017	1817	8633	2703	4	0.0001 Colloc0 1817 40199 0.11614 278.354
790	1	8103.13	282484	282471	12.1282	1803	8621	2715	2	0.0001 Colloc0 1803 40181 0.133484 216.076
800	1	8203.38	282504	282491	12.7024	1832	8745	2591	2	0.0001 Colloc0 1832 40151 0.123721 256.512
810	1	8305.18	281984	281971	12.8257	1790	8910	2426	2	0.0001 Colloc0 1790 40173 0.111786 265.451
820	1	8408.98	281902	281889	13.238	1789	8904	2432	1	0.0001 Colloc0 1789 40100 0.0908948 295.927
830	1	8509.42	281602	281589	12.8183	1804	8960	2376	2	0.0001 Colloc0 1804 40027 0.119915 264.918
840	1	8612.29	281258	281245	12.4441	1824	9071	2265	1	0.0001 Colloc0 1824 40064 0.140536 238.07
850	1	8713.61	280844	280831	12.5734	1793	9192	2144	2	0.0001 Colloc0 1793 40044 0.133048 247.253
860	1	8813.93	280705	280692	12.5436	1780	9177	2159	2	0.0001 Colloc0 1780 40073 0.120814 245.13
870	1	8913.93	281810	281797	12.7035	1833	8928	2408	0	0.0001 Colloc0 1833 40058 0.125764 256.591
880	1	9014.56	280662	280649	12.9871	1832	9056	2280	1	0.0001 Colloc0 1832 39905 0.111706 277.28
890	1	9116.57	280683	280670	13.243	1827	9112	2224	1	0.0001 Colloc0 1827 39869 0.0979727 296.301
900	1	9219.13	281067	281054	13.3029	1800	9026	2310	3	0.0001 Colloc0 1800 39902 0.0896361 300.799
910	1	9321.85	280501	280488	13.0168	1808	9139	2197	3	0.0001 Colloc0 1808 39904 0.10683 279.467
920	1	9424.16	280295	280283	12.3496	1838	9214	2122	3	0.0001 Colloc0 1838 39872 0.150516 231.426
930	1	9527.06	280144	280131	12.5188	1835	9239	2097	0	0.0001 Colloc0 1835 39858 0.141766 243.362
940	1	9628.58	279499	279486	12.8437	1809	9245	2091	1	0.0001 Colloc0 1809 39810 0.13064 266.767
950	1	9731.88	279687	279675	12.4078	1817	9242	2094	3	0.0001 Colloc0 1817 39807 0.14295 235.51
960	1	9835.16	279957	279944	13.057	1833	9200	2136	2	0.0001 Colloc0 1833 39831 0.115135 282.445
970	1	9938.61	279464	279451	13.1033	1792	9198	2138	1	0.0001 Colloc0 1792 39777 0.0928417 285.876
980	1	10036	279354	279341	13.2126	1807	9261	2075	2	0.0001 Colloc0 1807 39710 0.0875101 294.024
990	1	10130.8	280127	280114	12.8184	1836	8979	2357	1	0.0001 Colloc0 1836 39715 0.0998052 264.926
1000	1	10229	279864	279850	13.5221	1805	9000	2336	2	0.0001 Colloc0 1805 39671 0.0683303 317.397
1010	1	10331.8	279927	279915	12.5326	1839	9045	2291	3	0.0001 Colloc0 1839 39651 0.143738 244.35
1020	1	10430.6	279718	279706	12.4441	1829	9037	2299	2	0.0001 Colloc0 1829 39707 0.150263 238.069
1030	1	10529.4	279580	279567	12.9426	1812	9052	2284	1	0.0001 Colloc0 1812 39679 0.105916 274.006
1040	1	10629.7	279251	279239	12.5406	1806	9182	2154	2	0.0001 Colloc0 1806 39709 0.134871 244.914
1050	1	10724.8	279937	279924	12.8133	1846	9000	2336	2	0.0001 Colloc0 1846 39675 0.132527 264.549
1060	1	10824.2	279018	279006	12.6149	1857	9260	2076	3	0.0001 Colloc0 1857 39554 0.131649 250.221
1070	1	10922.4	278484	278471	12.75	1823	9215	2121	1	0.0001 Colloc0 1823 39587 0.120968 259.957
