# D = 0, E = 1, I = 1, P = 1, R = -1, n = 2000, N = 1, P = 1, w = 1, a = 0.0001, b = 10000, e = 1, f = 1, g = 100, h = 0.01, r = 11067, s = 1, S = 0, x = 10, m = 100, Z = 1, z = 0, T = 1, t = 1
# 117629 tokens in 11336 sentences
#
# It	Temp	Time	-logP	-logPcorpus	-logPrior	tables	same	changed	reject	default_pya	(parent pym pyn pya pyb)*
0	1	13.226	484096	483982	113.764	13291	0	11336	0	0.0001 Colloc0 13291 60984 0.0001 10000
10	1	185.552	371887	371872	15.108	3142	2354	8982	6	0.0001 Colloc0 3142 50324 0.156303 442.984
20	1	299.313	356983	356968	14.7924	2129	2757	8579	2	0.0001 Colloc0 2129 49283 0.0107752 417.329
30	1	407.508	345478	345464	14.6977	1910	3142	8194	1	0.0001 Colloc0 1910 48276 0.00713552 409.69
40	1	513.977	338254	338240	14.0726	1796	3548	7788	2	0.0001 Colloc0 1796 47760 0.00106777 359.986
50	1	618.741	331850	331836	13.808	1758	4034	7302	3	0.0001 Colloc0 1758 47282 0.0110292 339.368
60	1	723.499	329528	329514	13.9723	1733	4186	7150	4	0.0001 Colloc0 1733 47018 0.00367648 352.14
70	1	827.483	325653	325640	13.5915	1715	4390	6946	2	0.0001 Colloc0 1715 46613 0.0176438 322.7
80	1	930.19	323471	323457	13.7158	1693	4484	6852	3	0.0001 Colloc0 1693 46373 0.0142809 332.245
90	1	1034.05	322864	322850	13.7438	1694	4532	6804	5	0.0001 Colloc0 1694 46292 0.00999352 334.407
100	1	1138.44	320483	320469	13.7337	1726	4872	6464	4	0.0001 Colloc0 1726 46035 0.00178586 333.622
110	1	1243.15	318883	318869	13.7047	1711	4939	6397	2	0.0001 Colloc0 1711 45836 0.0176776 331.388
120	1	1347.28	317517	317504	12.9634	1723	5104	6232	1	0.0001 Colloc0 1723 45731 0.0713378 275.534
130	1	1449.66	315310	315296	13.5128	1688	5307	6029	3	0.0001 Colloc0 1688 45632 0.0332668 316.692
140	1	1548.34	313429	313416	13.47	1699	5372	5964	5	0.0001 Colloc0 1699 45228 0.0396441 313.432
150	1	1651.69	313181	313168	12.9362	1730	5503	5833	4	0.0001 Colloc0 1730 45143 0.0772791 273.537
160	1	1754.79	311763	311750	12.8395	1742	5726	5610	4	0.0001 Colloc0 1742 45046 0.0974059 266.459
170	1	1854.73	309881	309867	13.1664	1694	5955	5381	3	0.0001 Colloc0 1694 44882 0.0421118 290.576
180	1	1957.85	309987	309974	12.724	1728	6000	5336	3	0.0001 Colloc0 1728 44893 0.100728 258.075
190	1	2061.53	309173	309160	12.8872	1732	6027	5309	3	0.0001 Colloc0 1732 44766 0.0888548 269.942
200	1	2166.3	306137	306124	13.1992	1705	6372	4964	4	0.0001 Colloc0 1705 44396 0.0561712 293.022
210	1	2270.87	306684	306671	12.7039	1716	6324	5012	3	0.0001 Colloc0 1716 44436 0.0966312 256.623
220	1	2373.12	305404	305392	12.5096	1709	6500	4836	7	0.0001 Colloc0 1709 44286 0.108095 242.714
230	1	2476.44	304138	304126	12.2833	1708	6673	4663	5	0.0001 Colloc0 1708 44168 0.122309 226.795
240	1	2579.81	303175	303163	12.3951	1710	6632	4704	6	0.0001 Colloc0 1710 44054 0.112804 234.618
250	1	2683.53	301990	301977	12.725	1696	6889	4447	4	0.0001 Colloc0 1696 43970 0.081655 258.145
260	1	2787.5	301512	301500	12.5444	1731	6923	4413	4	0.0001 Colloc0 1731 43907 0.113339 245.189
270	1	2890.06	301115	301103	12.4801	1696	6983	4353	4	0.0001 Colloc0 1696 43810 0.106776 240.617
280	1	2992.43	301414	301402	12.867	1728	6958	4378	3	0.0001 Colloc0 1728 43782 0.0963636 268.468
290	1	3091.37	301155	301142	12.6428	1694	6931	4405	3	0.0001 Colloc0 1694 43761 0.0927826 252.225
300	1	3188.78	301423	301410	12.6815	1733	6905	4431	5	0.0001 Colloc0 1733 43769 0.0848562 255.009
310	1	3290.44	301580	301567	12.6687	1768	6762	4574	4	0.0001 Colloc0 1768 43698 0.116143 254.09
320	1	3394.89	301936	301923	12.9936	1745	6672	4664	3	0.0001 Colloc0 1745 43684 0.0818441 277.759
330	1	3498.1	301005	300992	12.4117	1726	6797	4539	5	0.0001 Colloc0 1726 43650 0.112729 235.784
340	1	3600.42	299869	299856	12.9908	1703	6994	4342	4	0.0001 Colloc0 1703 43575 0.0816773 277.552
350	1	3703.55	296985	296973	12.4685	1695	7214	4122	5	0.0001 Colloc0 1695 43276 0.107106 239.796
360	1	3806.96	296314	296301	12.8218	1734	7612	3724	3	0.0001 Colloc0 1734 43142 0.0931764 265.17
370	1	3908.9	296271	296259	12.2545	1743	7518	3818	2	0.0001 Colloc0 1743 43155 0.126879 224.796
380	1	4004.14	296513	296501	12.3105	1736	7473	3863	3	0.0001 Colloc0 1736 43149 0.128109 228.694
390	1	4099.48	296707	296694	13.0072	1715	7483	3853	3	0.0001 Colloc0 1715 43134 0.0860915 278.764
400	1	4197.32	294808	294796	12.5005	1695	7600	3736	2	0.0001 Colloc0 1695 42973 0.102493 242.069
410	1	4293	294649	294636	12.3325	1736	7663	3673	3	0.0001 Colloc0 1736 42869 0.125794 230.225
420	1	4394.76	294181	294168	12.5747	1701	7592	3744	2	0.0001 Colloc0 1701 42870 0.0998811 247.349
430	1	4496.24	293705	293692	12.7276	1744	7781	3555	4	0.0001 Colloc0 1744 42790 0.108253 258.332
440	1	4599.57	293606	293593	13.2147	1714	7806	3530	5	0.0001 Colloc0 1714 42789 0.0787541 294.182
450	1	4699.43	293242	293229	12.6211	1723	7787	3549	3	0.0001 Colloc0 1723 42713 0.0989939 250.671
460	1	4798.48	292934	292921	12.648	1691	7787	3549	1	0.0001 Colloc0 1691 42724 0.109479 252.598
470	1	4897.17	293508	293495	12.8733	1719	7646	3690	3	0.0001 Colloc0 1719 42667 0.101445 268.926
480	1	4999.86	293054	293041	12.8265	1714	7687	3649	2	0.0001 Colloc0 1714 42588 0.0888577 265.515
490	1	5100.38	292377	292365	11.9592	1732	7800	3536	3	0.0001 Colloc0 1732 42479 0.158569 204.591
500	1	5201.52	291855	291843	12.5185	1712	7725	3611	2	0.0001 Colloc0 1712 42398 0.111647 243.347
510	1	5297.44	291659	291647	12.4034	1716	7779	3557	3	0.0001 Colloc0 1716 42421 0.11822 235.202
520	1	5391.23	292467	292455	12.2289	1731	7535	3801	4	0.0001 Colloc0 1731 42415 0.130982 223.02
530	1	5485.79	292705	292692	12.7539	1721	7527	3809	3	0.0001 Colloc0 1721 42379 0.0967509 260.238
540	1	5582.61	291806	291792	13.5145	1713	7801	3535	2	0.0001 Colloc0 1713 42356 0.0537315 316.824
550	1	5685.58	291059	291046	12.4161	1716	8016	3320	2	0.0001 Colloc0 1716 42353 0.119267 236.095
560	1	5783.73	290951	290939	12.42	1741	7973	3363	3	0.0001 Colloc0 1741 42270 0.11068 236.369
570	1	5882.68	290616	290603	12.6454	1735	7930	3406	4	0.0001 Colloc0 1735 42226 0.116704 252.415
580	1	5985.46	290633	290621	12.6464	1740	8075	3261	1	0.0001 Colloc0 1740 42192 0.121363 252.482
590	1	6083.03	290851	290838	12.688	1741	7959	3377	2	0.0001 Colloc0 1741 42073 0.0948918 255.478
600	1	6177.34	289849	289837	12.4832	1735	7853	3483	2	0.0001 Colloc0 1735 41929 0.127133 240.837
610	1	6271.71	289716	289704	12.2857	1723	7872	3464	2	0.0001 Colloc0 1723 41928 0.138498 226.965
620	1	6370.98	288650	288638	12.3329	1732	8125	3211	2	0.0001 Colloc0 1732 41894 0.122879 230.254
630	1	6471.41	288573	288561	12.4852	1727	8043	3293	2	0.0001 Colloc0 1727 41886 0.103104 240.979
640	1	6570.05	289080	289067	12.2574	1752	8069	3267	3	0.0001 Colloc0 1752 41866 0.142976 224.997
650	1	6665.08	289120	289108	12.6981	1718	8043	3293	4	0.0001 Colloc0 1718 41880 0.104377 256.207
660	1	6759.31	289017	289005	12.5832	1749	8058	3278	4	0.0001 Colloc0 1749 41870 0.112762 247.953
670	1	6858.4	288577	288565	12.3666	1726	8096	3240	4	0.0001 Colloc0 1726 41839 0.118472 232.615
680	1	6960.53	289267	289254	12.7405	1723	7658	3678	7	0.0001 Colloc0 1723 41864 0.0931125 259.267
690	1	7057.59	289263	289251	12.6448	1732	7644	3692	1	0.0001 Colloc0 1732 41814 0.106128 252.368
700	1	7157.77	289113	289100	13.1182	1738	7623	3713	3	0.0001 Colloc0 1738 41788 0.0826352 286.987
710	1	7261.46	288773	288760	12.5042	1731	7644	3692	4	0.0001 Colloc0 1731 41748 0.118385 242.329
720	1	7361.45	289252	289239	12.7637	1739	7632	3704	4	0.0001 Colloc0 1739 41741 0.108479 260.95
730	1	7463.56	289004	288992	12.3378	1751	7726	3610	2	0.0001 Colloc0 1751 41740 0.127461 230.602
740	1	7566.53	289682	289670	12.6337	1759	7564	3772	2	0.0001 Colloc0 1759 41747 0.13029 251.571
750	1	7667.44	289779	289767	12.6418	1757	7562	3774	3	0.0001 Colloc0 1757 41761 0.122412 252.156
760	1	7766.61	289742	289730	12.3081	1762	7629	3707	2	0.0001 Colloc0 1762 41757 0.134838 228.525
770	1	7860.85	289450	289438	12.5564	1744	7698	3638	2	0.0001 Colloc0 1744 41669 0.125564 246.044
780	1	7956.45	288918	288906	12.4689	1781	7766	3570	1	0.0001 Colloc0 1781 41651 0.114339 239.827
790	1	8057.55	288966	288954	12.0296	1748	7620	3716	1	0.0001 Colloc0 1748 41628 0.15772 209.352
800	1	8160.74	289044	289032	12.5145	1763	7616	3720	1	0.0001 Colloc0 1763 41624 0.131079 243.059
810	1	8263.23	288982	288969	12.7625	1740	7632	3704	2	0.0001 Colloc0 1740 41627 0.0969935 260.86
820	1	8365.05	288901	288889	12.4988	1755	7569	3767	3	0.0001 Colloc0 1755 41619 0.112683 241.941
830	1	8466.27	288636	288623	12.8452	1768	7647	3689	3	0.0001 Colloc0 1768 41611 0.11618 266.878
840	1	8568.83	288015	288003	12.7015	1731	7843	3493	3	0.0001 Colloc0 1731 41605 0.115381 256.448
850	1	8672.33	288627	288613	13.2043	1761	7807	3529	1	0.0001 Colloc0 1761 41607 0.091817 293.406
860	1	8775.33	288478	288466	12.1573	1776	7855	3481	1	0.0001 Colloc0 1776 41616 0.15247 218.078
870	1	8878.06	288313	288301	11.893	1782	7701	3635	3	0.0001 Colloc0 1782 41594 0.16589 200.141
880	1	8980.81	288167	288155	12.4031	1776	7783	3553	3	0.0001 Colloc0 1776 41588 0.124662 235.178
890	1	9084.17	288792	288780	12.5262	1776	7586	3750	2	0.0001 Colloc0 1776 41571 0.105804 243.894
900	1	9187.63	288833	288820	12.9681	1776	7594	3742	2	0.0001 Colloc0 1776 41588 0.110957 275.879
910	1	9290.23	288505	288492	12.824	1746	7697	3639	3	0.0001 Colloc0 1746 41529 0.0952218 265.332
920	1	9391.85	288016	288003	12.8287	1762	7795	3541	1	0.0001 Colloc0 1762 41518 0.095534 265.673
930	1	9489.41	286207	286194	12.6184	1755	7998	3338	3	0.0001 Colloc0 1755 41209 0.105124 250.477
940	1	9587.19	286343	286331	12.6109	1764	7974	3362	3	0.0001 Colloc0 1764 41206 0.11503 249.94
950	1	9685.97	286259	286246	12.6188	1750	8000	3336	1	0.0001 Colloc0 1750 41193 0.115233 250.5
960	1	9788.91	286414	286402	12.2906	1777	8002	3334	2	0.0001 Colloc0 1777 41192 0.152024 227.307
970	1	9891.41	285891	285879	12.5261	1745	8180	3156	3	0.0001 Colloc0 1745 41139 0.12405 243.883
980	1	9992.89	285964	285952	12.647	1757	8152	3184	2	0.0001 Colloc0 1757 41121 0.113362 252.527
990	1	10087.3	285708	285695	12.5382	1744	8093	3243	4	0.0001 Colloc0 1744 41095 0.125391 244.743
1000	1	10181.8	285667	285654	12.408	1750	8049	3287	3	0.0001 Colloc0 1750 41062 0.136823 235.529
1010	1	10276.6	285386	285374	12.4096	1748	8141	3195	3	0.0001 Colloc0 1748 41061 0.145541 235.639
1020	1	10378.6	284402	284390	12.3458	1738	8334	3002	3	0.0001 Colloc0 1738 40968 0.132671 231.16
1030	1	10479	284342	284329	12.7977	1767	8392	2944	1	0.0001 Colloc0 1767 40898 0.115659 263.416
1040	1	10580.1	284382	284370	12.4197	1772	8360	2976	3	0.0001 Colloc0 1772 40847 0.141191 236.353
1050	1	10682.9	285133	285120	12.7554	1768	8067	3269	4	0.0001 Colloc0 1768 40911 0.118007 260.35
1060	1	10785.9	285297	285285	12.4488	1795	8000	3336	3	0.0001 Colloc0 1795 40887 0.123541 238.405
1070	1	10885.7	285678	285665	13.0022	1779	8085	3251	2	0.0001 Colloc0 1779 40925 0.0911194 278.396
1080	1	10988.3	284986	284974	12.5236	1799	8106	3230	2	0.0001 Colloc0 1799 40880 0.130226 243.704
1090	1	11083.5	284104	284091	12.5052	1757	8216	3120	3	0.0001 Colloc0 1757 40802 0.127238 242.395
1100	1	11185.6	283834	283822	12.4603	1776	8242	3094	4	0.0001 Colloc0 1776 40706 0.130504 239.218
1110	1	11285.7	283549	283536	12.4283	1758	8200	3136	3	0.0001 Colloc0 1758 40712 0.126295 236.957
1120	1	11385.6	284137	284124	12.4858	1756	8155	3181	2	0.0001 Colloc0 1756 40652 0.123519 241.025
1130	1	11484.6	283880	283868	12.5176	1775	8104	3232	1	0.0001 Colloc0 1775 40653 0.123252 243.277
1140	1	11587.8	283665	283652	12.9803	1779	8232	3104	2	0.0001 Colloc0 1779 40668 0.0975869 276.777
1150	1	11690.2	283439	283426	12.6122	1772	8292	3044	4	0.0001 Colloc0 1772 40633 0.116786 250.031
1160	1	11791.8	283505	283492	12.3265	1769	8278	3058	3	0.0001 Colloc0 1769 40637 0.1315 229.811
1170	1	11893.8	283266	283254	12.4155	1786	8287	3049	4	0.0001 Colloc0 1786 40573 0.148715 236.052
1180	1	11996.2	282082	282070	12.6203	1781	8304	3032	3	0.0001 Colloc0 1781 40429 0.12084 250.609
1190	1	12097.8	281625	281613	12.2974	1751	8606	2730	1	0.0001 Colloc0 1751 40479 0.132937 227.781
1200	1	12199.5	281823	281810	12.8268	1739	8559	2777	1	0.0001 Colloc0 1739 40464 0.0967717 265.535
1210	1	12301.7	281952	281939	12.6422	1742	8427	2909	2	0.0001 Colloc0 1742 40444 0.13145 252.179
1220	1	12404.2	282771	282759	12.7358	1771	8253	3083	1	0.0001 Colloc0 1771 40449 0.117358 258.925
1230	1	12505.5	282380	282367	12.9918	1776	8303	3033	2	0.0001 Colloc0 1776 40425 0.0978987 277.626
1240	1	12608.2	283108	283095	12.9266	1781	8164	3172	1	0.0001 Colloc0 1781 40436 0.104504 272.833
1250	1	12710.9	283785	283772	13.0569	1797	7976	3360	1	0.0001 Colloc0 1797 40422 0.101662 282.434
1260	1	12813	282942	282929	12.3927	1782	8212	3124	2	0.0001 Colloc0 1782 40393 0.158716 234.451
1270	1	12913.8	282525	282512	12.7394	1753	8276	3060	1	0.0001 Colloc0 1753 40407 0.114957 259.19
1280	1	13008.6	282574	282562	12.6399	1768	8276	3060	2	0.0001 Colloc0 1768 40417 0.127565 252.016
1290	1	13103	282873	282861	12.7131	1747	7970	3366	1	0.0001 Colloc0 1747 40350 0.112454 257.285
1300	1	13202.7	282865	282852	13.0031	1762	7935	3401	1	0.0001 Colloc0 1762 40366 0.102614 278.458
1310	1	13302.7	282341	282328	12.5412	1759	8051	3285	0	0.0001 Colloc0 1759 40326 0.111742 244.956
1320	1	13403.8	282283	282270	12.9181	1769	8202	3134	1	0.0001 Colloc0 1769 40302 0.0962096 272.211
1330	1	13506	282381	282368	12.7213	1798	8210	3126	1	0.0001 Colloc0 1798 40258 0.126356 257.877
1340	1	13608.9	282262	282249	12.6512	1788	8194	3142	2	0.0001 Colloc0 1788 40267 0.123982 252.831
1350	1	13712.5	282762	282749	12.8848	1786	8065	3271	1	0.0001 Colloc0 1786 40245 0.0913429 269.768
1360	1	13812.1	281986	281973	12.8989	1804	8281	3055	2	0.0001 Colloc0 1804 40247 0.112649 270.803
1370	1	13906.4	282030	282017	13.0324	1773	8098	3238	0	0.0001 Colloc0 1773 40271 0.0967717 280.625
1380	1	14003.8	281977	281964	12.8371	1762	8203	3133	2	0.0001 Colloc0 1762 40254 0.108002 266.283
1390	1	14106.3	282292	282279	12.8866	1802	8168	3168	0	0.0001 Colloc0 1802 40223 0.127827 269.898
1400	1	14209.1	281331	281318	12.7489	1778	8465	2871	1	0.0001 Colloc0 1778 40260 0.110012 259.878
1410	1	14311	280950	280937	12.7037	1753	8423	2913	0	0.0001 Colloc0 1753 40218 0.122215 256.61
1420	1	14413.4	281244	281232	12.3724	1772	8494	2842	3	0.0001 Colloc0 1772 40251 0.134645 233.027
1430	1	14516.7	281312	281300	12.5277	1786	8287	3049	1	0.0001 Colloc0 1786 40235 0.137638 244
1440	1	14611.6	281234	281221	12.3121	1761	8504	2832	1	0.0001 Colloc0 1761 40266 0.140998 228.802
1450	1	14705.9	281358	281345	12.9526	1774	8486	2850	1	0.0001 Colloc0 1774 40239 0.107544 274.738
1460	1	14806.8	281014	281001	13.2635	1759	8520	2816	1	0.0001 Colloc0 1759 40169 0.0884819 297.835
1470	1	14906.7	280847	280835	12.291	1790	8579	2757	0	0.0001 Colloc0 1790 40175 0.147681 227.336
1480	1	15007.2	281363	281351	12.6685	1784	8544	2792	0	0.0001 Colloc0 1784 40192 0.108219 254.074
1490	1	15108.2	280936	280924	12.6722	1768	8440	2896	2	0.0001 Colloc0 1768 40137 0.114046 254.336
1500	1	15210.9	280725	280712	12.8023	1792	8568	2768	1	0.0001 Colloc0 1792 40122 0.114955 263.748
1510	1	15310.4	281030	281017	12.8192	1788	8640	2696	1	0.0001 Colloc0 1788 40131 0.112364 264.984
1520	1	15409	280550	280537	12.8264	1773	8806	2530	2	0.0001 Colloc0 1773 40139 0.120211 265.508
1530	1	15511	280749	280737	12.2562	1802	8675	2661	1	0.0001 Colloc0 1802 40190 0.135508 224.91
1540	1	15612.1	280763	280751	12.5412	1786	8733	2603	1	0.0001 Colloc0 1786 40117 0.118997 244.96
1550	1	15710.6	280461	280448	12.5452	1761	8813	2523	1	0.0001 Colloc0 1761 40165 0.127172 245.244
1560	1	15806.7	280722	280710	12.6	1796	8810	2526	2	0.0001 Colloc0 1796 40157 0.133144 249.159
1570	1	15907	280096	280083	12.2995	1773	9129	2207	0	0.0001 Colloc0 1773 40150 0.120604 227.924
1580	1	16010.1	279660	279647	12.5983	1783	9251	2085	1	0.0001 Colloc0 1783 40119 0.126409 249.038
1590	1	16113.1	279814	279802	12.5916	1743	9189	2147	2	0.0001 Colloc0 1743 40124 0.111475 248.553
1600	1	16210.4	279616	279604	12.1527	1761	9144	2192	1	0.0001 Colloc0 1761 40120 0.143337 217.763
1610	1	16311.8	279759	279746	12.7852	1789	9111	2225	0	0.0001 Colloc0 1789 40117 0.11578 262.505
1620	1	16412.7	279652	279640	12.4609	1784	9047	2289	0	0.0001 Colloc0 1784 40104 0.142214 239.26
1630	1	16513	279299	279286	12.8662	1781	9223	2113	1	0.0001 Colloc0 1781 40071 0.112795 268.405
1640	1	16614.3	279656	279644	12.7195	1787	9108	2228	3	0.0001 Colloc0 1787 40109 0.12649 257.752
1650	1	16717.1	279137	279125	12.0652	1777	9283	2053	0	0.0001 Colloc0 1777 40130 0.168172 211.77
1660	1	16818.7	279531	279518	12.9421	1783	9262	2074	0	0.0001 Colloc0 1783 40113 0.0947337 273.97
1670	1	16918.9	279636	279624	12.2624	1770	9210	2126	1	0.0001 Colloc0 1770 40109 0.128405 225.345
1680	1	17019.9	279361	279348	13.0577	1764	9311	2025	1	0.0001 Colloc0 1764 40079 0.0861944 282.495
1690	1	17121.3	278896	278884	12.2616	1779	9400	1936	1	0.0001 Colloc0 1779 40106 0.149585 225.29
1700	1	17223.6	278894	278881	12.7139	1774	9406	1930	0	0.0001 Colloc0 1774 40070 0.110065 257.342
1710	1	17321.7	278717	278705	12.6816	1762	9299	2037	0	0.0001 Colloc0 1762 40035 0.119626 255.015
1720	1	17415.8	278468	278455	12.3881	1773	9253	2083	2	0.0001 Colloc0 1773 40031 0.119642 234.127
1730	1	17511.8	278771	278759	12.5392	1791	9264	2072	0	0.0001 Colloc0 1791 40035 0.13092 244.819
1740	1	17613.3	278635	278622	12.5975	1782	9322	2014	0	0.0001 Colloc0 1782 39989 0.120139 248.979
1750	1	17715.5	278919	278907	12.0329	1780	9248	2088	1	0.0001 Colloc0 1780 40048 0.154385 209.577
1760	1	17814.6	278863	278851	12.8354	1792	9301	2035	1	0.0001 Colloc0 1792 39996 0.11166 266.159
1770	1	17917.3	278670	278657	12.7245	1783	9325	2011	0	0.0001 Colloc0 1783 40003 0.113427 258.109
1780	1	18020	278747	278735	12.29	1775	9169	2167	1	0.0001 Colloc0 1775 39976 0.149137 227.266
1790	1	18116.5	278704	278691	12.5793	1786	9236	2100	0	0.0001 Colloc0 1786 40004 0.13212 247.674
1800	1	18211.2	278640	278627	12.8661	1785	9295	2041	1	0.0001 Colloc0 1785 40023 0.117422 268.399
1810	1	18306.6	278777	278764	12.7067	1773	9315	2021	1	0.0001 Colloc0 1773 40032 0.110246 256.829
1820	1	18407.9	278341	278328	12.6978	1780	9249	2087	1	0.0001 Colloc0 1780 39929 0.122476 256.185
1830	1	18512.1	278637	278624	12.4075	1765	9154	2182	2	0.0001 Colloc0 1765 39924 0.134535 235.488
1840	1	18616.1	278868	278856	11.9415	1795	9081	2255	1	0.0001 Colloc0 1795 39931 0.174459 203.398
1850	1	18719.2	278596	278583	12.8087	1771	9127	2209	3	0.0001 Colloc0 1771 39944 0.104434 264.219
1860	1	18820.3	279167	279155	12.6559	1809	9011	2325	1	0.0001 Colloc0 1809 39891 0.135985 253.163
1870	1	18923.3	278780	278768	12.266	1792	9100	2236	2	0.0001 Colloc0 1792 39876 0.142088 225.595
1880	1	19026.4	278921	278909	12.579	1808	9073	2263	3	0.0001 Colloc0 1808 39812 0.145981 247.652
1890	1	19124.9	278739	278726	12.523	1819	9121	2215	1	0.0001 Colloc0 1819 39770 0.139165 243.665
1900	1	19225.7	278492	278480	12.5602	1798	9136	2200	1	0.0001 Colloc0 1798 39821 0.133753 246.311
1910	1	19328.7	278602	278589	12.5582	1773	8988	2348	0	0.0001 Colloc0 1773 39805 0.132008 246.171
1920	1	19431.6	278609	278596	13.2249	1772	8996	2340	2	0.0001 Colloc0 1772 39771 0.0813925 294.948
1930	1	19526.4	279069	279056	12.7483	1793	8759	2577	1	0.0001 Colloc0 1793 39795 0.11861 259.831
1940	1	19626.2	279461	279449	12.7148	1787	8596	2740	4	0.0001 Colloc0 1787 39802 0.121455 257.409
1950	1	19729.1	278948	278936	12.4744	1784	8861	2475	1	0.0001 Colloc0 1784 39824 0.136857 240.217
1960	1	19832.2	278661	278649	12.5025	1801	8972	2364	0	0.0001 Colloc0 1801 39800 0.125638 242.211
1970	1	19930.4	278656	278643	12.3189	1792	8888	2448	1	0.0001 Colloc0 1792 39744 0.152256 229.275
1980	1	20031.7	278703	278690	12.5769	1778	8864	2472	3	0.0001 Colloc0 1778 39829 0.118977 247.505
1990	1	20134.1	278592	278579	12.5095	1775	8828	2508	1	0.0001 Colloc0 1775 39786 0.130316 242.706
2000	1	20235.7	278433	278421	12.1223	1756	8826	2510	1	0.0001 Colloc0 1756 39800 0.146674 215.671
