# D = 0, E = 1, I = 1, P = 1, R = -1, n = 2000, N = 1, P = 1, w = 1, a = 0.0001, b = 10000, e = 1, f = 1, g = 100, h = 0.01, r = 31492, s = 1, S = 0, x = 10, m = 100, Z = 1, z = 0, T = 1, t = 1
# 6082 tokens in 266 sentences
#
# It	Temp	Time	-logP	-logPcorpus	-logPrior	tables	same	changed	reject	default_pya	(parent pym pyn pya pyb)*
0	1	0.825874	23594.8	23481.1	113.764	1847	0	266	0	0.0001 Colloc0 1847 2745 0.0001 10000
10	1	12.2751	18724.2	18713.3	10.8796	597	41	225	4	0.0001 Colloc0 597 2588 0.220775 136.608
20	1	22.8235	18379.9	18368.7	11.1813	517	54	212	5	0.0001 Colloc0 517 2543 0.074345 154.561
30	1	33.2289	18014.6	18003.4	11.2915	503	65	201	3	0.0001 Colloc0 503 2510 0.062301 161.332
40	1	43.3504	17916.3	17905.1	11.2019	500	64	202	3	0.0001 Colloc0 500 2495 0.086551 155.815
50	1	53.6398	17724.9	17713.9	11.0291	475	74	192	6	0.0001 Colloc0 475 2504 0.111616 145.394
60	1	63.9203	17696.2	17685.4	10.7333	512	73	193	5	0.0001 Colloc0 512 2506 0.175233 128.242
70	1	74.1617	17684.2	17673	11.1952	484	66	200	2	0.0001 Colloc0 484 2456 0.0449675 155.41
80	1	84.4332	17593.3	17582.8	10.5043	476	82	184	4	0.0001 Colloc0 476 2461 0.17784 115.607
90	1	94.8436	17515.6	17505	10.6383	471	84	182	6	0.0001 Colloc0 471 2470 0.122761 122.929
100	1	105.04	17588.6	17577.2	11.4041	471	68	198	0	0.0001 Colloc0 471 2504 0.0416584 168.366
110	1	115.302	17503.1	17492.4	10.6887	480	81	185	1	0.0001 Colloc0 480 2505 0.182121 125.732
120	1	125.867	17580.7	17569	11.6395	480	76	190	3	0.0001 Colloc0 480 2476 0.00166185 183.43
130	1	136.238	17465.7	17454.9	10.8145	467	82	184	0	0.0001 Colloc0 467 2491 0.0843353 132.859
140	1	146.662	17362	17351.1	10.9705	442	89	177	3	0.0001 Colloc0 442 2483 0.0737441 141.926
150	1	156.98	17370.8	17359.3	11.414	465	87	179	3	0.0001 Colloc0 465 2489 0.0242702 168.99
160	1	167.222	17482.7	17471.4	11.3627	488	88	178	3	0.0001 Colloc0 488 2475 0.131025 165.77
170	1	177.426	17472.5	17461.7	10.851	462	74	192	1	0.0001 Colloc0 462 2508 0.111472 134.956
180	1	187.587	17435.1	17424.6	10.4986	460	89	177	0	0.0001 Colloc0 460 2502 0.11651 115.302
190	1	197.925	17396.5	17385.7	10.8491	470	78	188	1	0.0001 Colloc0 470 2479 0.111401 134.847
200	1	208.341	17351.8	17341.5	10.2477	463	82	184	0	0.0001 Colloc0 463 2472 0.158567 102.175
210	1	218.962	17388.3	17377.5	10.77	467	80	186	1	0.0001 Colloc0 467 2482 0.113887 130.319
220	1	229.574	17263.6	17252.4	11.254	459	99	167	1	0.0001 Colloc0 459 2480 0.0648145 159.017
230	1	239.937	17335.6	17324.8	10.7483	448	79	187	5	0.0001 Colloc0 448 2466 0.100835 129.085
240	1	250.121	17287.3	17276.7	10.5507	457	88	178	3	0.0001 Colloc0 457 2455 0.191388 118.121
250	1	260.479	17382.6	17371.3	11.2905	468	91	175	0	0.0001 Colloc0 468 2469 0.000953319 161.269
260	1	270.62	17311.1	17300.6	10.4769	451	93	173	2	0.0001 Colloc0 451 2435 0.13756 114.134
270	1	280.958	17285.1	17274.1	10.9864	444	94	172	1	0.0001 Colloc0 444 2439 0.0241823 142.863
280	1	291.093	17297.2	17286.8	10.3631	459	90	176	2	0.0001 Colloc0 459 2432 0.120513 108.117
290	1	301.409	17176.6	17165.6	10.9632	444	106	160	0	0.0001 Colloc0 444 2461 0.0911666 141.495
300	1	311.901	17211.4	17200.7	10.7502	455	96	170	0	0.0001 Colloc0 455 2449 0.106003 129.198
310	1	322.424	17217.2	17206.9	10.2177	473	93	173	1	0.0001 Colloc0 473 2425 0.202141 100.655
320	1	332.89	17247.2	17236.7	10.4826	459	94	172	2	0.0001 Colloc0 459 2411 0.135609 114.443
330	1	343.465	17336.4	17325.8	10.6221	479	88	178	1	0.0001 Colloc0 479 2439 0.157383 122.035
340	1	353.668	17367.3	17357.1	10.1493	461	83	183	0	0.0001 Colloc0 461 2454 0.170807 97.2403
350	1	363.804	17321.1	17310.5	10.6074	467	83	183	2	0.0001 Colloc0 467 2448 0.134476 121.224
360	1	374.104	17161	17150.4	10.6136	463	98	168	0	0.0001 Colloc0 463 2411 0.124669 121.564
370	1	384.287	17287.8	17277.7	10.1056	480	83	183	2	0.0001 Colloc0 480 2444 0.227395 95.0835
380	1	394.727	17352.6	17342.2	10.3716	471	81	185	1	0.0001 Colloc0 471 2477 0.181334 108.562
390	1	405.251	17158.7	17148	10.6842	455	96	170	4	0.0001 Colloc0 455 2425 0.0885467 125.484
400	1	415.622	17196.1	17185.5	10.614	461	104	162	0	0.0001 Colloc0 461 2419 0.129964 121.583
410	1	425.789	17219.2	17208.9	10.3333	471	91	175	1	0.0001 Colloc0 471 2429 0.190296 106.569
420	1	436.281	17222.1	17211.6	10.5633	469	102	164	3	0.0001 Colloc0 469 2429 0.1293 118.803
430	1	446.642	17174.4	17164.5	9.91618	462	98	168	1	0.0001 Colloc0 462 2447 0.262049 86.0394
440	1	456.893	17016.6	17005.5	11.0948	437	113	153	0	0.0001 Colloc0 437 2412 0.0449638 149.324
450	1	467.412	17040	17029.4	10.5433	452	113	153	2	0.0001 Colloc0 452 2415 0.153762 117.719
460	1	477.904	17040.9	17030.4	10.49	458	110	156	1	0.0001 Colloc0 458 2412 0.133215 114.838
470	1	488.292	17135.6	17125.3	10.2352	459	103	163	3	0.0001 Colloc0 459 2437 0.174086 101.539
480	1	498.675	17181.2	17171.1	10.1235	461	93	173	2	0.0001 Colloc0 461 2408 0.184419 95.9646
490	1	509.204	17352.3	17341.8	10.5899	493	76	190	1	0.0001 Colloc0 493 2407 0.176433 120.261
500	1	519.651	17100.9	17090.1	10.8458	464	92	174	2	0.0001 Colloc0 464 2408 0.0922796 134.657
510	1	529.924	17167.8	17157.2	10.5933	447	105	161	0	0.0001 Colloc0 447 2413 0.131556 120.447
520	1	540.229	17291.5	17280.1	11.3615	470	92	174	4	0.0001 Colloc0 470 2420 0.063812 165.695
530	1	550.69	17360	17348.8	11.1173	451	83	183	0	0.0001 Colloc0 451 2445 0.0396101 150.677
540	1	560.999	17299.2	17288.3	10.8798	464	87	179	2	0.0001 Colloc0 464 2422 0.0829014 136.622
550	1	571.158	17124.8	17113.8	11.0001	458	111	155	3	0.0001 Colloc0 458 2407 0.0506992 143.671
560	1	581.452	17174.1	17164	10.0713	472	84	182	0	0.0001 Colloc0 472 2407 0.207696 93.4111
570	1	592.009	17416.1	17404.9	11.2585	481	77	189	3	0.0001 Colloc0 481 2433 0.0327402 159.294
580	1	602.373	17291.7	17280.6	11.0731	466	86	180	0	0.0001 Colloc0 466 2407 0.081733 148.019
590	1	612.655	17348.6	17337.1	11.5158	488	83	183	3	0.0001 Colloc0 488 2392 0.0218755 175.457
600	1	623.222	17254.6	17243.8	10.8458	469	96	170	0	0.0001 Colloc0 469 2387 0.141191 134.654
610	1	633.844	17262.6	17251.8	10.7813	470	80	186	1	0.0001 Colloc0 470 2389 0.166319 130.963
620	1	644.01	17291	17279.6	11.424	469	85	181	3	0.0001 Colloc0 469 2400 0.0372548 169.624
630	1	654.229	17240.2	17229.4	10.8585	471	95	171	2	0.0001 Colloc0 471 2418 0.155045 135.39
640	1	664.556	17425.9	17415.2	10.6444	478	75	191	0	0.0001 Colloc0 478 2419 0.136567 123.267
650	1	675.281	17274.8	17263.9	10.8446	471	75	191	2	0.0001 Colloc0 471 2415 0.140465 134.587
660	1	685.682	17368.8	17358	10.7746	462	68	198	1	0.0001 Colloc0 462 2417 0.166478 130.581
670	1	696.148	17203.2	17192.3	10.8981	463	85	181	1	0.0001 Colloc0 463 2405 0.135454 137.684
680	1	706.514	17125.9	17115	10.9236	453	99	167	2	0.0001 Colloc0 453 2421 0.100897 139.172
690	1	716.779	17121.4	17110.8	10.5968	473	97	169	0	0.0001 Colloc0 473 2395 0.191083 120.639
700	1	727.062	17328	17317.6	10.4155	470	79	187	1	0.0001 Colloc0 470 2427 0.185205 110.871
710	1	737.122	17131.6	17121.2	10.3701	469	91	175	1	0.0001 Colloc0 469 2382 0.203341 108.485
720	1	747.218	17187.7	17177.1	10.581	466	80	186	2	0.0001 Colloc0 466 2380 0.13972 119.773
730	1	757.71	17157	17146.4	10.6197	481	96	170	0	0.0001 Colloc0 481 2366 0.150295 121.903
740	1	768.157	17159.6	17149	10.5951	474	93	173	2	0.0001 Colloc0 474 2390 0.176661 120.545
750	1	778.63	17144.6	17134.3	10.2958	461	91	175	2	0.0001 Colloc0 461 2374 0.158647 104.633
760	1	789.195	17182.5	17171.1	11.4014	481	85	181	2	0.0001 Colloc0 481 2364 0.0685907 168.2
770	1	799.511	17274.3	17262.9	11.4238	485	76	190	1	0.0001 Colloc0 485 2367 0.0404742 169.612
780	1	810.006	17160.3	17149	11.2539	448	95	171	1	0.0001 Colloc0 448 2354 0.0333566 159.012
790	1	820.411	17166.4	17154.9	11.4725	471	88	178	2	0.0001 Colloc0 471 2365 0.0193322 172.694
800	1	830.715	17145.1	17134	11.1037	477	92	174	0	0.0001 Colloc0 477 2352 0.0896037 149.859
810	1	840.929	17093.2	17082.4	10.8211	453	90	176	1	0.0001 Colloc0 453 2328 0.0843029 133.234
820	1	851.189	17212.1	17201.5	10.5365	474	86	180	1	0.0001 Colloc0 474 2359 0.204946 117.347
830	1	861.552	17087.5	17076.9	10.6657	472	99	167	1	0.0001 Colloc0 472 2330 0.103692 124.451
840	1	871.843	17041.8	17031	10.8555	470	93	173	1	0.0001 Colloc0 470 2342 0.0943196 135.216
850	1	882.094	17082.6	17071.9	10.7241	479	107	159	1	0.0001 Colloc0 479 2349 0.141115 127.724
860	1	892.291	17199.3	17188.3	10.9998	481	92	174	1	0.0001 Colloc0 481 2343 0.124458 143.656
870	1	902.41	17197.5	17186.5	11.0648	469	84	182	2	0.0001 Colloc0 469 2349 0.066196 147.522
880	1	912.613	17218.3	17207	11.2972	480	99	167	2	0.0001 Colloc0 480 2386 0.0715884 161.683
890	1	923.001	17126.6	17116	10.5314	489	95	171	1	0.0001 Colloc0 489 2358 0.193587 117.074
900	1	933.383	17134.2	17123.3	10.8498	465	90	176	1	0.0001 Colloc0 465 2355 0.0818758 134.889
910	1	943.889	17198.7	17187.9	10.8437	467	94	172	0	0.0001 Colloc0 467 2366 0.102905 134.538
920	1	954.452	17124.6	17113.4	11.1426	446	90	176	4	0.0001 Colloc0 446 2371 0.0312087 152.208
930	1	964.751	17084.8	17074.4	10.4282	454	92	174	2	0.0001 Colloc0 454 2356 0.170133 111.544
940	1	975.041	17131.3	17120.6	10.7248	464	93	173	3	0.0001 Colloc0 464 2373 0.0962792 127.762
950	1	985.341	17074.2	17063.7	10.5343	467	100	166	2	0.0001 Colloc0 467 2381 0.148935 117.228
960	1	995.779	17039.5	17028.8	10.6604	465	106	160	3	0.0001 Colloc0 465 2348 0.13573 124.157
970	1	1006.16	17188.2	17176.9	11.3328	477	91	175	3	0.0001 Colloc0 477 2371 0.0717812 163.902
980	1	1016.23	17107.4	17096.2	11.2828	474	98	168	3	0.0001 Colloc0 474 2362 0.0471159 160.794
990	1	1026.68	17089	17078	10.9546	477	106	160	3	0.0001 Colloc0 477 2355 0.118033 140.987
1000	1	1037.24	17280.2	17268.8	11.3919	477	84	182	4	0.0001 Colloc0 477 2376 0.01548 167.602
1010	1	1047.84	17152.2	17141.2	10.942	464	82	184	4	0.0001 Colloc0 464 2371 0.0726878 140.247
1020	1	1058.18	17158.9	17147.7	11.247	494	97	169	2	0.0001 Colloc0 494 2396 0.0701313 158.582
1030	1	1068.54	17107.2	17095.9	11.2779	473	94	172	3	0.0001 Colloc0 473 2338 0.0843565 160.491
1040	1	1078.98	17068.6	17057.9	10.6968	479	91	175	2	0.0001 Colloc0 479 2362 0.131664 126.186
1050	1	1089.31	17058.4	17047.7	10.6739	473	90	176	4	0.0001 Colloc0 473 2343 0.129855 124.906
1060	1	1099.62	17194.2	17183.5	10.6989	469	89	177	1	0.0001 Colloc0 469 2367 0.161378 126.306
1070	1	1109.99	17135.7	17124.3	11.4575	481	93	173	2	0.0001 Colloc0 481 2367 0.0507989 171.745
1080	1	1120.09	17105.6	17094.4	11.2671	455	92	174	1	0.0001 Colloc0 455 2379 0.0383643 159.822
1090	1	1130.55	17068.4	17057.2	11.2186	464	89	177	2	0.0001 Colloc0 464 2355 0.0595764 156.84
1100	1	1140.96	17087.1	17075.8	11.2459	475	93	173	3	0.0001 Colloc0 475 2325 0.0827405 158.515
1110	1	1151.24	17242.4	17231.4	10.9453	473	78	188	4	0.0001 Colloc0 473 2372 0.0870877 140.444
1120	1	1161.41	17124	17113.1	10.8956	456	90	176	2	0.0001 Colloc0 456 2365 0.0487653 137.542
1130	1	1171.73	17051.8	17040.7	11.0069	474	98	168	0	0.0001 Colloc0 474 2367 0.0741273 144.072
1140	1	1182.22	17082.3	17070.9	11.3761	483	90	176	2	0.0001 Colloc0 483 2349 0.0724592 166.61
1150	1	1192.66	17216.2	17205.8	10.4249	470	88	178	3	0.0001 Colloc0 470 2377 0.143423 111.365
1160	1	1203.1	17066.5	17055.6	10.9461	474	100	166	3	0.0001 Colloc0 474 2343 0.118911 140.489
1170	1	1213.56	16975.2	16964.6	10.592	486	106	160	3	0.0001 Colloc0 486 2353 0.175145 120.374
1180	1	1224	17041.7	17030.7	11.019	475	95	171	2	0.0001 Colloc0 475 2339 0.0793991 144.792
1190	1	1234.37	17072.4	17061.2	11.1657	471	95	171	2	0.0001 Colloc0 471 2348 0.0628287 153.612
1200	1	1244.79	17116.5	17105.4	11.1035	466	86	180	1	0.0001 Colloc0 466 2357 0.114203 149.848
1210	1	1255.18	16995.5	16984.5	11.0783	449	98	168	2	0.0001 Colloc0 449 2330 0.0374335 148.331
1220	1	1265.43	17030.1	17018.7	11.3518	466	96	170	0	0.0001 Colloc0 466 2328 0.0273911 165.088
1230	1	1275.47	17089.4	17078.7	10.7405	474	93	173	3	0.0001 Colloc0 474 2334 0.150382 128.649
1240	1	1285.72	17059	17048.1	10.9714	472	92	174	2	0.0001 Colloc0 472 2315 0.0540997 141.978
1250	1	1295.96	17000.1	16988.6	11.469	463	93	173	2	0.0001 Colloc0 463 2336 0.0258722 172.475
1260	1	1306.28	17154.4	17143	11.4138	466	92	174	2	0.0001 Colloc0 466 2351 0.051643 168.981
1270	1	1316.45	17147.9	17136.9	11.0268	466	90	176	3	0.0001 Colloc0 466 2341 0.0667959 145.254
1280	1	1327	17117.5	17106.3	11.2038	483	105	161	2	0.0001 Colloc0 483 2324 0.0925338 155.931
1290	1	1337.21	17129.1	17117.9	11.1699	485	90	176	1	0.0001 Colloc0 485 2348 0.0974598 153.867
1300	1	1347.31	17042.1	17031.9	10.2366	470	94	172	2	0.0001 Colloc0 470 2323 0.183723 101.61
1310	1	1357.76	17103.7	17092.9	10.8077	458	91	175	3	0.0001 Colloc0 458 2343 0.0566345 132.469
1320	1	1368.1	17146.8	17135.6	11.1943	464	92	174	3	0.0001 Colloc0 464 2358 0.0704823 155.354
1330	1	1378.63	17059	17048.4	10.52	484	97	169	2	0.0001 Colloc0 484 2331 0.191918 116.454
1340	1	1389.09	17080.6	17069.5	11.1009	469	93	173	2	0.0001 Colloc0 469 2328 0.0954442 149.692
1350	1	1399.71	17042.9	17033	9.97533	496	101	165	1	0.0001 Colloc0 496 2307 0.253671 88.8131
1360	1	1410.09	17080.4	17069.7	10.7189	468	97	169	2	0.0001 Colloc0 468 2326 0.10833 127.429
1370	1	1420.43	17126.8	17115.8	10.9613	469	93	173	1	0.0001 Colloc0 469 2363 0.0907637 141.383
1380	1	1430.59	17083.6	17072.4	11.1909	454	95	171	1	0.0001 Colloc0 454 2353 0.0411798 155.145
1390	1	1440.87	17041.8	17031.3	10.4273	467	94	172	1	0.0001 Colloc0 467 2314 0.152445 111.495
1400	1	1451.43	17082	17070.7	11.2761	466	94	172	3	0.0001 Colloc0 466 2334 0.0401716 160.38
1410	1	1461.76	17101.9	17090.7	11.1424	492	96	170	4	0.0001 Colloc0 492 2330 0.137386 152.194
1420	1	1472.33	17054.7	17043.6	11.1049	474	105	161	1	0.0001 Colloc0 474 2353 0.0882977 149.93
1430	1	1482.69	17084.7	17074.1	10.5945	476	90	176	1	0.0001 Colloc0 476 2357 0.148676 120.512
1440	1	1493.18	17029.9	17018.6	11.2329	479	100	166	0	0.0001 Colloc0 479 2340 0.0563767 157.715
1450	1	1503.56	17130.1	17119.1	10.9969	473	87	179	0	0.0001 Colloc0 473 2339 0.0683402 143.485
1460	1	1513.94	17055.9	17044.8	11.1301	470	90	176	2	0.0001 Colloc0 470 2342 0.0473115 151.449
1470	1	1524.42	17106.2	17095.1	11.1311	475	99	167	1	0.0001 Colloc0 475 2325 0.105611 151.508
1480	1	1534.68	17091.8	17080.5	11.2769	469	94	172	0	0.0001 Colloc0 469 2346 0.0543294 160.43
1490	1	1545.02	17028.5	17018.1	10.4054	467	99	167	2	0.0001 Colloc0 467 2331 0.171555 110.334
1500	1	1555.42	16904.6	16894.1	10.5432	458	109	157	1	0.0001 Colloc0 458 2331 0.164781 117.714
1510	1	1565.96	16917.4	16906.6	10.7394	461	110	156	1	0.0001 Colloc0 461 2348 0.0809529 128.582
1520	1	1576.4	16951.5	16940.4	11.0536	447	108	158	1	0.0001 Colloc0 447 2358 0.0593279 146.855
1530	1	1586.87	17084	17072.4	11.522	470	95	171	4	0.0001 Colloc0 470 2356 0.0225367 175.849
1540	1	1597.28	16897.2	16886.6	10.585	454	111	155	0	0.0001 Colloc0 454 2340 0.118727 119.99
1550	1	1607.75	16986.4	16975.5	10.9449	460	101	165	2	0.0001 Colloc0 460 2373 0.0817882 140.416
1560	1	1618.23	17081.2	17069.7	11.484	480	97	169	0	0.0001 Colloc0 480 2342 0.0315158 173.428
1570	1	1628.47	17017.9	17007.7	10.2473	471	102	164	2	0.0001 Colloc0 471 2324 0.162659 102.157
1580	1	1638.57	17149.6	17138.1	11.4793	483	85	181	1	0.0001 Colloc0 483 2336 0.0910155 173.126
1590	1	1648.62	17138.7	17127.5	11.2525	464	90	176	2	0.0001 Colloc0 464 2316 0.010999 158.92
1600	1	1659.08	17053.1	17042	11.1005	479	96	170	1	0.0001 Colloc0 479 2337 0.081683 149.666
1610	1	1669.35	17045.6	17034.3	11.2823	460	103	163	3	0.0001 Colloc0 460 2322 0.0951746 160.766
1620	1	1679.61	17024	17012.9	11.0808	483	103	163	3	0.0001 Colloc0 483 2348 0.0754974 148.479
1630	1	1689.64	17115.2	17104.4	10.77	467	91	175	2	0.0001 Colloc0 467 2331 0.0425029 130.321
1640	1	1699.92	16947.9	16937	10.9714	454	105	161	1	0.0001 Colloc0 454 2343 0.098809 141.977
1650	1	1710.27	17117.7	17106.6	11.0687	485	87	179	2	0.0001 Colloc0 485 2324 0.147808 147.757
1660	1	1720.7	17098.9	17087.9	10.9736	477	91	175	1	0.0001 Colloc0 477 2340 0.133545 142.103
1670	1	1730.92	17032.7	17021.5	11.266	465	108	158	4	0.0001 Colloc0 465 2350 0.0482947 159.753
1680	1	1741.21	17046	17035	11.0284	472	106	160	4	0.0001 Colloc0 472 2336 0.0581802 145.35
1690	1	1751.61	17022	17010.8	11.2002	472	98	168	3	0.0001 Colloc0 472 2325 0.0313703 155.713
1700	1	1761.97	16999.3	16988.2	11.1329	460	97	169	0	0.0001 Colloc0 460 2340 0.0660874 151.621
1710	1	1772.17	17114.2	17102.5	11.7121	477	97	169	5	0.0001 Colloc0 477 2337 0.00163026 188.165
1720	1	1782.54	17015.4	17004.1	11.2493	473	101	165	1	0.0001 Colloc0 473 2351 0.0657784 158.724
1730	1	1792.98	17110.3	17098.9	11.3583	475	97	169	2	0.0001 Colloc0 475 2325 0.0760605 165.49
1740	1	1803.34	17088.2	17077.8	10.3479	486	95	171	3	0.0001 Colloc0 486 2340 0.213042 107.328
1750	1	1813.89	17094.6	17083.1	11.4146	477	96	170	2	0.0001 Colloc0 477 2309 0.0490738 169.031
1760	1	1824.4	16995.5	16984.8	10.7243	461	96	170	1	0.0001 Colloc0 461 2324 0.100236 127.735
1770	1	1834.91	16976.1	16965.2	10.8985	457	101	165	1	0.0001 Colloc0 457 2338 0.060884 137.711
1780	1	1845.16	17051.1	17040.3	10.8449	466	96	170	2	0.0001 Colloc0 466 2351 0.130478 134.606
1790	1	1855.27	17009.5	16998.1	11.363	460	97	169	2	0.0001 Colloc0 460 2335 0.0352384 165.786
1800	1	1865.71	17067.3	17056.3	11.0493	499	94	172	2	0.0001 Colloc0 499 2349 0.0956246 146.594
1810	1	1876.05	17035.6	17024.5	11.1026	453	96	170	2	0.0001 Colloc0 453 2315 0.0348527 149.791
1820	1	1886.42	17112.5	17101.4	11.146	478	102	164	2	0.0001 Colloc0 478 2333 0.0326103 152.411
1830	1	1896.48	16997.8	16986.5	11.3507	462	101	165	3	0.0001 Colloc0 462 2336 0.00747591 165.017
1840	1	1906.68	17010.1	16999.8	10.3269	473	101	165	1	0.0001 Colloc0 473 2323 0.212669 106.235
1850	1	1917.19	17084.8	17073.6	11.1777	474	97	169	1	0.0001 Colloc0 474 2345 0.0666552 154.342
1860	1	1927.22	17163.8	17152.6	11.1666	470	80	186	7	0.0001 Colloc0 470 2334 0.0318607 153.665
1870	1	1937.64	17040.6	17029.4	11.1882	476	97	169	2	0.0001 Colloc0 476 2337 0.0701345 154.983
1880	1	1948.08	16933.9	16923.1	10.8526	479	106	160	3	0.0001 Colloc0 479 2321 0.0969173 135.046
1890	1	1958.42	16887	16876	11.0729	464	106	160	3	0.0001 Colloc0 464 2305 0.0745884 148.008
1900	1	1968.61	16952.4	16941.2	11.1615	482	108	158	3	0.0001 Colloc0 482 2322 0.0615019 153.355
1910	1	1978.72	16964	16953.3	10.6717	469	114	152	0	0.0001 Colloc0 469 2320 0.164124 124.784
1920	1	1989.02	16991.4	16980.5	10.943	480	104	162	1	0.0001 Colloc0 480 2330 0.139655 140.31
1930	1	1999.47	17011.4	17000.3	11.0208	470	93	173	1	0.0001 Colloc0 470 2349 0.0698806 144.897
1940	1	2009.56	17038.7	17027.9	10.7998	468	93	173	1	0.0001 Colloc0 468 2312 0.143466 132.019
1950	1	2019.72	17025.6	17015	10.5159	465	93	173	2	0.0001 Colloc0 465 2313 0.163382 116.235
1960	1	2030.07	17005	16994.2	10.7766	478	94	172	0	0.0001 Colloc0 478 2290 0.105985 130.696
1970	1	2040.42	16992.7	16982.4	10.331	476	94	172	3	0.0001 Colloc0 476 2303 0.200271 106.448
1980	1	2051.03	17031.7	17020.7	11.017	488	93	173	2	0.0001 Colloc0 488 2294 0.117444 144.676
1990	1	2061.36	17038.7	17028.1	10.5532	481	102	164	1	0.0001 Colloc0 481 2336 0.180417 118.256
2000	1	2071.62	17075.6	17064.6	11.0277	465	92	174	5	0.0001 Colloc0 465 2333 0.0525997 145.312
