# D = 0, E = 1, I = 1, P = 1, R = -1, n = 2000, N = 1, P = 1, w = 1, a = 0.0001, b = 10000, e = 1, f = 1, g = 100, h = 0.01, r = 10819, s = 1, S = 0, x = 10, m = 100, Z = 1, z = 0, T = 1, t = 1
# 6082 tokens in 266 sentences
#
# It	Temp	Time	-logP	-logPcorpus	-logPrior	tables	same	changed	reject	default_pya	(parent pym pyn pya pyb)*
0	1	0.829873	24111.2	23997.4	113.764	1896	0	266	0	0.0001 Colloc0 1896 2677 0.0001 10000
10	1	12.1172	18612.2	18600.9	11.3426	547	38	228	3	0.0001 Colloc0 547 2579 0.116069 164.511
20	1	22.8115	18150	18138.5	11.4957	505	57	209	4	0.0001 Colloc0 505 2568 0.0885179 174.175
30	1	33.3999	17998	17986.7	11.2963	481	53	213	0	0.0001 Colloc0 481 2559 0.0238611 161.631
40	1	43.9033	17994.2	17983.4	10.8056	472	61	205	4	0.0001 Colloc0 472 2544 0.112481 132.35
50	1	54.1268	17963.7	17952.1	11.5821	482	51	215	1	0.0001 Colloc0 482 2545 0.00570741 179.714
60	1	64.7762	17933.3	17922.5	10.7517	489	55	211	2	0.0001 Colloc0 489 2518 0.138259 129.279
70	1	75.2066	17738.7	17728.4	10.2664	477	72	194	0	0.0001 Colloc0 477 2531 0.182627 103.127
80	1	85.419	17637.7	17626.4	11.3105	461	64	202	2	0.0001 Colloc0 461 2532 0.0286998 162.514
90	1	95.6305	17679.6	17668.3	11.34	484	70	196	2	0.0001 Colloc0 484 2502 0.0853979 164.346
100	1	105.81	17668.7	17657.9	10.7903	467	62	204	3	0.0001 Colloc0 467 2502 0.12644 131.473
110	1	115.949	17521.7	17511.2	10.4777	461	67	199	0	0.0001 Colloc0 461 2507 0.106899 114.179
120	1	126.297	17531.8	17520.7	11.0239	467	68	198	6	0.0001 Colloc0 467 2484 0.075157 145.085
130	1	136.649	17693.9	17683.6	10.2269	480	60	206	2	0.0001 Colloc0 480 2507 0.194326 101.123
140	1	146.955	17552.8	17542.4	10.4398	497	71	195	0	0.0001 Colloc0 497 2489 0.188094 112.158
150	1	157.314	17710.9	17699.8	11.1863	482	71	195	1	0.0001 Colloc0 482 2520 0.0905659 154.865
160	1	167.725	17605.7	17594.9	10.8175	477	71	195	2	0.0001 Colloc0 477 2493 0.125195 133.032
170	1	178.359	17583.8	17573.5	10.2889	475	62	204	1	0.0001 Colloc0 475 2464 0.190057 104.277
180	1	189.007	17468.3	17457.7	10.5871	469	76	190	0	0.0001 Colloc0 469 2492 0.141454 120.105
190	1	199.222	17598.5	17587.3	11.121	455	68	198	2	0.0001 Colloc0 455 2489 0.0635747 150.901
200	1	209.269	17565.3	17554.1	11.2106	463	80	186	0	0.0001 Colloc0 463 2463 0.0323154 156.347
210	1	219.671	17534.1	17523.4	10.6925	468	71	195	3	0.0001 Colloc0 468 2464 0.140322 125.944
220	1	230.012	17483	17471.8	11.2252	458	80	186	1	0.0001 Colloc0 458 2492 0.00678431 157.243
230	1	240.545	17416.2	17405.7	10.4288	486	82	184	3	0.0001 Colloc0 486 2478 0.192771 111.574
240	1	251.139	17466.1	17455.5	10.6152	467	78	188	2	0.0001 Colloc0 467 2460 0.159471 121.65
250	1	261.194	17403.4	17393.3	10.1085	465	70	196	3	0.0001 Colloc0 465 2468 0.182118 95.2246
260	1	271.667	17398	17387.3	10.6942	465	80	186	2	0.0001 Colloc0 465 2481 0.10625 126.044
270	1	282.109	17478.7	17467.9	10.8398	474	74	192	0	0.0001 Colloc0 474 2453 0.111285 134.31
280	1	292.521	17442.9	17432.3	10.6103	466	78	188	1	0.0001 Colloc0 466 2511 0.139535 121.384
290	1	302.656	17473.2	17462.2	10.9883	481	63	203	2	0.0001 Colloc0 481 2498 0.0938675 142.971
300	1	313.064	17432.3	17421	11.2596	462	75	191	1	0.0001 Colloc0 462 2508 0.0297627 159.36
310	1	323.566	17327	17316.5	10.5324	462	88	178	0	0.0001 Colloc0 462 2486 0.151479 117.127
320	1	333.89	17428.5	17418	10.5723	465	80	186	3	0.0001 Colloc0 465 2471 0.123024 119.295
330	1	344.07	17413.3	17402.5	10.8077	457	80	186	0	0.0001 Colloc0 457 2458 0.116474 132.466
340	1	354.286	17453.3	17442.5	10.776	485	78	188	1	0.0001 Colloc0 485 2454 0.166048 130.657
350	1	364.546	17544.9	17534.9	10.011	490	78	188	1	0.0001 Colloc0 490 2484 0.226173 90.5061
360	1	374.824	17455.6	17444.4	11.2314	465	79	187	3	0.0001 Colloc0 465 2454 0.0424672 157.625
370	1	385.09	17335.1	17324.5	10.6226	462	74	192	2	0.0001 Colloc0 462 2467 0.121953 122.059
380	1	395.315	17241.3	17230.4	10.9098	450	92	174	1	0.0001 Colloc0 450 2471 0.0858277 138.364
390	1	405.564	17263	17252.8	10.2609	443	77	189	0	0.0001 Colloc0 443 2478 0.186447 102.845
400	1	415.918	17489.7	17479.4	10.3588	457	81	185	1	0.0001 Colloc0 457 2457 0.161508 107.894
410	1	425.999	17497.5	17487	10.4944	479	68	198	1	0.0001 Colloc0 479 2458 0.165359 115.072
420	1	436.11	17436.6	17425.6	11.0297	458	79	187	1	0.0001 Colloc0 458 2462 0.0627199 145.426
430	1	446.414	17419.1	17408.3	10.7878	457	77	189	3	0.0001 Colloc0 457 2461 0.0892753 131.331
440	1	456.795	17246.4	17235.8	10.6659	437	96	170	1	0.0001 Colloc0 437 2469 0.125052 124.461
450	1	467.188	17368.7	17358.1	10.6672	445	77	189	1	0.0001 Colloc0 445 2476 0.100129 124.534
460	1	477.496	17360	17349.5	10.4541	441	92	174	0	0.0001 Colloc0 441 2495 0.11778 112.917
470	1	488.016	17444.4	17433.2	11.1732	471	74	192	1	0.0001 Colloc0 471 2492 0.0657856 154.065
480	1	498.506	17517.2	17506.2	10.9493	478	70	196	5	0.0001 Colloc0 478 2486 0.142274 140.678
490	1	508.794	17325	17314.4	10.6185	450	83	183	5	0.0001 Colloc0 450 2486 0.0943702 121.832
500	1	519.292	17307	17296.3	10.7106	437	88	178	1	0.0001 Colloc0 437 2503 0.0919986 126.962
510	1	529.828	17371	17359.7	11.3212	484	82	184	2	0.0001 Colloc0 484 2478 0.0987201 163.175
520	1	540.257	17370.4	17359.9	10.5265	459	84	182	0	0.0001 Colloc0 459 2466 0.169785 116.808
530	1	550.986	17348.6	17338.5	10.0575	465	79	187	3	0.0001 Colloc0 465 2453 0.224438 92.7441
540	1	561.546	17332	17321.7	10.2915	453	79	187	1	0.0001 Colloc0 453 2481 0.168574 104.412
550	1	572.013	17328.5	17318	10.4148	472	83	183	1	0.0001 Colloc0 472 2453 0.225989 110.83
560	1	582.125	17271.8	17262.1	9.70081	472	72	194	0	0.0001 Colloc0 472 2465 0.287505 76.3416
570	1	592.494	17381.6	17371.3	10.2655	478	75	191	2	0.0001 Colloc0 478 2479 0.207524 103.082
580	1	602.64	17370.8	17360.5	10.3256	463	85	181	2	0.0001 Colloc0 463 2505 0.167884 106.169
590	1	613.051	17346.8	17336.3	10.5007	451	92	174	3	0.0001 Colloc0 451 2488 0.0924545 115.411
600	1	623.62	17172.7	17162	10.697	438	89	177	2	0.0001 Colloc0 438 2475 0.106359 126.201
610	1	633.975	17177.3	17166.5	10.8207	437	96	170	0	0.0001 Colloc0 437 2477 0.0645714 133.211
620	1	644.014	17385.6	17374.7	10.9317	457	82	184	2	0.0001 Colloc0 457 2476 0.102865 139.643
630	1	654.378	17350.5	17339.6	10.8921	451	78	188	4	0.0001 Colloc0 451 2498 0.101693 137.337
640	1	664.818	17432.8	17421.9	10.8543	466	77	189	2	0.0001 Colloc0 466 2493 0.0996818 135.148
650	1	675.423	17197.6	17187	10.6495	452	94	172	3	0.0001 Colloc0 452 2471 0.114526 123.55
660	1	685.635	17307.8	17297.5	10.3049	439	79	187	1	0.0001 Colloc0 439 2484 0.15839 105.098
670	1	698.977	17247.1	17236	11.0832	449	87	179	1	0.0001 Colloc0 449 2465 0.0119182 148.623
680	1	709.43	17401	17390.2	10.8428	468	74	192	4	0.0001 Colloc0 468 2478 0.117171 134.485
690	1	719.827	17345.3	17334.3	11.0003	448	78	188	3	0.0001 Colloc0 448 2491 0.0255148 143.684
700	1	730.126	17396.4	17385.6	10.7885	461	81	185	2	0.0001 Colloc0 461 2492 0.0577626 131.371
710	1	740.649	17412.4	17401.4	10.9412	437	74	192	0	0.0001 Colloc0 437 2489 0.101467 140.204
720	1	750.951	17254.7	17244.5	10.1993	460	80	186	2	0.0001 Colloc0 460 2484 0.200417 99.7303
730	1	761.445	17110.8	17100.4	10.3822	431	98	168	1	0.0001 Colloc0 431 2472 0.150811 109.118
740	1	771.885	17218.6	17208.3	10.279	449	92	174	1	0.0001 Colloc0 449 2474 0.202978 103.768
750	1	782.322	17370.1	17360.3	9.82381	466	73	193	4	0.0001 Colloc0 466 2451 0.264857 81.8019
760	1	792.609	17222.3	17211.8	10.5418	471	78	188	4	0.0001 Colloc0 471 2455 0.193465 117.635
770	1	802.995	17356.4	17345.6	10.8396	463	83	183	2	0.0001 Colloc0 463 2460 0.127731 134.299
780	1	813.392	17351.4	17341.1	10.2161	474	79	187	1	0.0001 Colloc0 474 2442 0.186869 100.575
790	1	823.803	17357.4	17346.9	10.4446	467	73	193	1	0.0001 Colloc0 467 2469 0.141371 112.411
800	1	834.295	17306.2	17295.2	11.0071	470	78	188	0	0.0001 Colloc0 470 2452 0.0937968 144.083
810	1	844.655	17240.9	17229.5	11.362	463	81	185	3	0.0001 Colloc0 463 2442 0.0368645 165.727
820	1	854.929	17112.4	17102	10.4277	451	97	169	1	0.0001 Colloc0 451 2473 0.159953 111.515
830	1	865.212	17250.9	17240.5	10.3783	462	77	189	2	0.0001 Colloc0 462 2477 0.168215 108.911
840	1	875.418	17246.7	17235.5	11.1742	465	77	189	0	0.0001 Colloc0 465 2453 0.05304 154.126
850	1	885.969	17391	17380.1	10.8604	476	72	194	1	0.0001 Colloc0 476 2440 0.119771 135.498
860	1	896.415	17423.3	17412.2	11.1035	477	77	189	1	0.0001 Colloc0 477 2456 0.0665167 149.846
870	1	906.689	17213.1	17202	11.153	464	79	187	1	0.0001 Colloc0 464 2467 0.0356266 152.839
880	1	917.223	17195.2	17184.4	10.7525	458	81	185	2	0.0001 Colloc0 458 2405 0.125789 129.327
890	1	927.607	17254.8	17243.3	11.417	451	72	194	3	0.0001 Colloc0 451 2435 0.0196106 169.182
900	1	937.933	17341.6	17331.5	10.0902	485	68	198	1	0.0001 Colloc0 485 2426 0.231731 94.3318
910	1	948.141	17213	17202.9	10.1116	462	81	185	1	0.0001 Colloc0 462 2428 0.19883 95.3767
920	1	958.458	17242.7	17232.8	9.93236	490	86	180	2	0.0001 Colloc0 490 2444 0.291477 86.7932
930	1	969.116	17161.3	17150.8	10.5348	455	82	184	2	0.0001 Colloc0 455 2415 0.166408 117.257
940	1	979.708	17226.8	17216.4	10.3867	460	79	187	2	0.0001 Colloc0 460 2435 0.152987 109.353
950	1	989.801	17191	17179.9	11.1562	445	89	177	2	0.0001 Colloc0 445 2432 0.0732326 153.035
960	1	1000.17	17165.4	17155.1	10.3501	462	91	175	3	0.0001 Colloc0 462 2412 0.162774 107.443
970	1	1010.73	17073.1	17063	10.1781	469	96	170	2	0.0001 Colloc0 469 2388 0.195168 98.6717
980	1	1021.36	17222.3	17211.7	10.6649	469	71	195	2	0.0001 Colloc0 469 2435 0.161591 124.404
990	1	1031.84	17187.2	17176.7	10.4899	486	86	180	3	0.0001 Colloc0 486 2390 0.194287 114.832
1000	1	1042.41	17143.8	17132.4	11.3818	460	87	179	2	0.0001 Colloc0 460 2391 0.0123382 166.966
1010	1	1052.82	17115.3	17105.1	10.2521	460	93	173	3	0.0001 Colloc0 460 2414 0.176917 102.401
1020	1	1063.24	17214.9	17203.8	11.0499	479	82	184	2	0.0001 Colloc0 479 2420 0.129275 146.633
1030	1	1073.63	17228.9	17218	10.8869	467	75	191	0	0.0001 Colloc0 467 2409 0.10246 137.035
1040	1	1083.81	17114.7	17103.7	10.9931	447	82	184	5	0.0001 Colloc0 447 2404 0.0735885 143.258
1050	1	1094.11	17311.3	17300.8	10.4812	470	75	191	0	0.0001 Colloc0 470 2440 0.172374 114.365
1060	1	1104.32	17379.9	17368.7	11.2123	480	71	195	6	0.0001 Colloc0 480 2418 0.0962045 156.456
1070	1	1114.64	17246.5	17236	10.5252	466	82	184	0	0.0001 Colloc0 466 2407 0.155581 116.734
1080	1	1125.03	17460.9	17449.7	11.1905	470	70	196	1	0.0001 Colloc0 470 2445 0.0273181 155.119
1090	1	1135.33	17242.7	17232.3	10.4062	449	81	185	3	0.0001 Colloc0 449 2425 0.126606 110.378
1100	1	1145.72	17131.4	17120.3	11.131	462	89	177	2	0.0001 Colloc0 462 2378 0.0373597 151.507
1110	1	1155.97	17211.1	17200.3	10.7793	454	84	182	2	0.0001 Colloc0 454 2406 0.127118 130.846
1120	1	1166.54	17159.9	17149.6	10.3194	469	93	173	1	0.0001 Colloc0 469 2437 0.201548 105.848
1130	1	1177.13	17107.7	17096.9	10.7227	445	97	169	3	0.0001 Colloc0 445 2434 0.103127 127.643
1140	1	1187.49	17156.9	17147.1	9.85623	471	73	193	1	0.0001 Colloc0 471 2422 0.195196 83.2762
1150	1	1197.8	17150.4	17139.8	10.5759	465	82	184	2	0.0001 Colloc0 465 2385 0.133233 119.495
1160	1	1207.85	17043.9	17033.4	10.4058	443	89	177	3	0.0001 Colloc0 443 2404 0.209674 110.359
1170	1	1218.25	17199.4	17189	10.3935	468	95	171	0	0.0001 Colloc0 468 2412 0.194872 109.708
1180	1	1228.59	17285	17274.1	10.9126	475	78	188	3	0.0001 Colloc0 475 2416 0.141572 138.532
1190	1	1239.19	17228.2	17217.6	10.684	471	74	192	1	0.0001 Colloc0 471 2407 0.150651 125.469
1200	1	1249.58	17258.6	17247.6	10.9445	468	81	185	2	0.0001 Colloc0 468 2416 0.0810477 140.396
1210	1	1259.86	17191.2	17180.3	10.8325	457	80	186	0	0.0001 Colloc0 457 2400 0.0837093 133.889
1220	1	1270.33	17202.4	17191.8	10.6724	459	79	187	2	0.0001 Colloc0 459 2422 0.130601 124.823
1230	1	1280.84	17189.1	17178.8	10.3586	459	97	169	2	0.0001 Colloc0 459 2399 0.154454 107.882
1240	1	1291.21	17123.6	17113.2	10.4003	467	88	178	3	0.0001 Colloc0 467 2418 0.206282 110.07
1250	1	1301.43	17137.3	17126.8	10.5006	472	82	184	0	0.0001 Colloc0 472 2392 0.170064 115.406
1260	1	1311.94	17154.5	17144.4	10.0095	458	85	181	2	0.0001 Colloc0 458 2418 0.24518 90.4378
1270	1	1322.51	17103.7	17093.4	10.3469	451	95	171	3	0.0001 Colloc0 451 2415 0.127907 107.274
1280	1	1332.78	17103.5	17092.6	10.8683	446	95	171	1	0.0001 Colloc0 446 2387 0.0582168 135.953
1290	1	1343.24	17141.2	17129.9	11.3145	453	85	181	2	0.0001 Colloc0 453 2410 0.0118775 162.76
1300	1	1353.75	17194.2	17183.4	10.7307	466	88	178	4	0.0001 Colloc0 466 2407 0.156471 128.094
1310	1	1364.04	17243	17232.7	10.2817	463	81	185	0	0.0001 Colloc0 463 2452 0.20989 103.91
1320	1	1374.63	17164.6	17153.5	11.0072	465	76	190	2	0.0001 Colloc0 465 2421 0.0878547 144.089
1330	1	1385.15	17160.6	17149.5	11.0998	470	86	180	1	0.0001 Colloc0 470 2418 0.0660649 149.621
1340	1	1395.61	17062.6	17052.4	10.2015	459	83	183	5	0.0001 Colloc0 459 2427 0.169588 99.8411
1350	1	1405.92	17111.4	17101	10.4738	452	89	177	3	0.0001 Colloc0 452 2392 0.174043 113.971
1360	1	1416.2	17036.2	17025.7	10.4496	450	87	179	2	0.0001 Colloc0 450 2401 0.127316 112.678
1370	1	1426.58	17171.7	17161.6	10.0493	444	78	188	2	0.0001 Colloc0 444 2418 0.181109 92.3469
1380	1	1436.92	17196.7	17186.2	10.5659	457	71	195	3	0.0001 Colloc0 457 2411 0.150895 118.947
1390	1	1447.43	17072.4	17062.1	10.2628	457	81	185	2	0.0001 Colloc0 457 2402 0.172996 102.944
1400	1	1457.68	17057.9	17047.7	10.157	482	88	178	3	0.0001 Colloc0 482 2388 0.2232 97.6181
1410	1	1467.94	17051.7	17041.3	10.4594	460	92	174	4	0.0001 Colloc0 460 2400 0.162135 113.198
1420	1	1478.36	16928.1	16917.6	10.4764	442	102	164	1	0.0001 Colloc0 442 2360 0.147523 114.11
1430	1	1488.61	16910.3	16900.6	9.74941	448	99	167	2	0.0001 Colloc0 448 2376 0.240147 78.4738
1440	1	1498.8	16892.9	16882.7	10.1248	457	97	169	1	0.0001 Colloc0 457 2370 0.209402 96.0297
1450	1	1509.06	16868.7	16858.5	10.1798	459	113	153	2	0.0001 Colloc0 459 2399 0.219992 98.7549
1460	1	1519.26	16819.3	16809.1	10.28	441	114	152	2	0.0001 Colloc0 441 2372 0.182989 103.824
1470	1	1530.04	17003.7	16993.1	10.6385	443	96	170	4	0.0001 Colloc0 443 2397 0.150756 122.937
1480	1	1540.65	17078.9	17068.6	10.2868	469	85	181	3	0.0001 Colloc0 469 2388 0.215156 104.17
1490	1	1551.3	17027.5	17017.3	10.1491	465	84	182	1	0.0001 Colloc0 465 2369 0.244712 97.2288
1500	1	1562.04	16931.4	16921.8	9.5123	454	106	160	4	0.0001 Colloc0 454 2402 0.322155 68.3857
1510	1	1572.39	16962.7	16952	10.6916	450	92	174	1	0.0001 Colloc0 450 2406 0.105023 125.894
1520	1	1582.83	16899.2	16888.7	10.4819	454	112	154	3	0.0001 Colloc0 454 2376 0.178532 114.401
1530	1	1593.35	17072.6	17062.1	10.5028	466	83	183	3	0.0001 Colloc0 466 2403 0.168867 115.527
1540	1	1603.76	17010.6	17000.7	9.89132	462	98	168	3	0.0001 Colloc0 462 2383 0.244504 84.8875
1550	1	1614.15	16956.3	16946.4	9.89562	456	100	166	1	0.0001 Colloc0 456 2371 0.252271 85.0861
1560	1	1624.8	17012.2	17002.2	10.0499	463	99	167	2	0.0001 Colloc0 463 2418 0.250919 92.3775
1570	1	1635.59	17145.6	17134.6	11.0611	470	80	186	4	0.0001 Colloc0 470 2389 0.06137 147.3
1580	1	1645.83	17122	17111.3	10.6474	452	91	175	4	0.0001 Colloc0 452 2372 0.125977 123.434
1590	1	1656.16	17112	17101.3	10.7164	455	85	181	1	0.0001 Colloc0 455 2404 0.148685 127.286
1600	1	1666.44	16927.7	16917.5	10.1957	435	111	155	2	0.0001 Colloc0 435 2372 0.236022 99.5514
1610	1	1676.67	17051.7	17041.4	10.3109	463	73	193	1	0.0001 Colloc0 463 2375 0.137569 105.411
1620	1	1686.8	17079.6	17068.8	10.8031	456	83	183	1	0.0001 Colloc0 456 2385 0.0813643 132.205
1630	1	1697.21	17062	17050.9	11.065	453	77	189	0	0.0001 Colloc0 453 2368 0.0735827 147.535
1640	1	1707.52	17186.6	17175.5	11.0974	461	69	197	2	0.0001 Colloc0 461 2364 0.0742513 149.481
1650	1	1718.08	17014.2	17004.1	10.1317	454	85	181	4	0.0001 Colloc0 454 2354 0.225329 96.3662
1660	1	1728.79	16979	16968.5	10.5359	477	97	169	4	0.0001 Colloc0 477 2370 0.201953 117.314
1670	1	1739.05	16935.6	16925	10.5597	448	98	168	3	0.0001 Colloc0 448 2364 0.123201 118.608
1680	1	1749.31	16851.6	16841.3	10.3289	449	114	152	3	0.0001 Colloc0 449 2350 0.152726 106.339
1690	1	1759.66	16986.2	16976	10.1791	460	106	160	1	0.0001 Colloc0 460 2368 0.242185 98.7179
1700	1	1770.12	16985.8	16975	10.8624	470	100	166	4	0.0001 Colloc0 470 2347 0.120978 135.612
1710	1	1780.58	16993.2	16983.1	10.1629	466	95	171	2	0.0001 Colloc0 466 2357 0.242401 97.9134
1720	1	1790.78	16957.7	16946.7	10.9193	434	88	178	1	0.0001 Colloc0 434 2393 0.0497958 138.918
1730	1	1800.87	16937.2	16927.1	10.0818	467	107	159	1	0.0001 Colloc0 467 2361 0.246716 93.9236
1740	1	1811.4	16973.8	16963.2	10.6256	454	96	170	1	0.0001 Colloc0 454 2407 0.144736 122.228
1750	1	1821.51	16752.4	16742.5	9.90729	459	120	146	3	0.0001 Colloc0 459 2339 0.262655 85.6262
1760	1	1831.91	16920.2	16909.9	10.3236	466	100	166	2	0.0001 Colloc0 466 2356 0.144946 106.065
1770	1	1842.09	16843.8	16834	9.83735	470	96	170	2	0.0001 Colloc0 470 2323 0.256419 82.4158
1780	1	1852.33	16940.8	16930.3	10.5407	468	95	171	2	0.0001 Colloc0 468 2345 0.192859 117.576
1790	1	1862.53	16884.9	16874.4	10.5235	461	94	172	0	0.0001 Colloc0 461 2324 0.174615 116.644
1800	1	1872.72	16901	16890.6	10.4485	455	98	168	3	0.0001 Colloc0 455 2359 0.163579 112.619
1810	1	1883.39	16965.3	16954.3	10.9968	453	94	172	3	0.0001 Colloc0 453 2375 0.0380111 143.479
1820	1	1893.67	16991.4	16981.1	10.3543	451	86	180	3	0.0001 Colloc0 451 2377 0.179016 107.66
1830	1	1904.29	17028.2	17017.8	10.3498	462	90	176	0	0.0001 Colloc0 462 2376 0.172939 107.424
1840	1	1914.79	16969.5	16959.3	10.181	473	88	178	2	0.0001 Colloc0 473 2352 0.201379 98.8141
1850	1	1925.01	16887.3	16876.9	10.4002	450	85	181	1	0.0001 Colloc0 450 2347 0.187556 110.064
1860	1	1935.11	16928.6	16917.8	10.8278	455	94	172	2	0.0001 Colloc0 455 2369 0.121775 133.621
1870	1	1945.66	16919.3	16908.6	10.7424	452	81	185	0	0.0001 Colloc0 452 2335 0.0972629 128.752
1880	1	1956.13	16779.4	16769.7	9.7144	448	109	157	2	0.0001 Colloc0 448 2331 0.173509 76.9346
1890	1	1966.6	16991	16981	10.007	455	91	175	4	0.0001 Colloc0 455 2367 0.211271 90.3165
1900	1	1976.97	16999	16988.6	10.3924	458	82	184	1	0.0001 Colloc0 458 2367 0.168981 109.65
1910	1	1987.35	16742	16731.9	10.1146	448	123	143	2	0.0001 Colloc0 448 2336 0.262012 95.5238
1920	1	1997.67	16990	16979.2	10.839	453	85	181	1	0.0001 Colloc0 453 2358 0.118894 134.264
1930	1	2008.11	16973.4	16963.3	10.1155	445	86	180	1	0.0001 Colloc0 445 2389 0.219758 95.5717
1940	1	2018.24	17048.7	17038	10.7227	460	83	183	2	0.0001 Colloc0 460 2369 0.158762 127.641
1950	1	2028.63	17072.4	17062	10.4247	470	77	189	3	0.0001 Colloc0 470 2377 0.147069 111.359
1960	1	2038.95	16894.3	16883.4	10.9407	441	87	179	1	0.0001 Colloc0 441 2378 0.056909 140.175
1970	1	2049.35	16937.2	16927.1	10.1174	454	87	179	2	0.0001 Colloc0 454 2394 0.181938 95.6638
1980	1	2059.62	16992.8	16982.3	10.4805	453	83	183	0	0.0001 Colloc0 453 2366 0.149873 114.329
1990	1	2070.01	16959.5	16949	10.4979	458	83	183	4	0.0001 Colloc0 458 2362 0.114388 115.261
2000	1	2080.43	17081.3	17070.8	10.586	489	80	186	1	0.0001 Colloc0 489 2373 0.21177 120.048
