# D = 0, E = 1, I = 1, P = 1, R = -1, n = 2000, N = 1, P = 1, w = 1, a = 0.0001, b = 10000, e = 1, f = 1, g = 100, h = 0.01, r = 4994, s = 1, S = 0, x = 10, m = 100, Z = 1, z = 0, T = 1, t = 1
# 6082 tokens in 266 sentences
#
# It	Temp	Time	-logP	-logPcorpus	-logPrior	tables	same	changed	reject	default_pya	(parent pym pyn pya pyb)*
0	1	0.810876	23719.4	23605.6	113.764	1971	0	266	0	0.0001 Colloc0 1971 2930 0.0001 10000
10	1	11.9942	18681.3	18668.9	12.4384	589	38	228	3	0.0001 Colloc0 589 2549 0.0418187 237.667
20	1	22.4886	18147.5	18135.7	11.7315	510	60	206	2	0.0001 Colloc0 510 2556 0.00991967 189.435
30	1	32.693	17988.2	17976.6	11.5514	505	60	206	2	0.0001 Colloc0 505 2599 0.0607832 177.736
40	1	43.3984	17748.8	17737.8	11.0159	479	66	200	1	0.0001 Colloc0 479 2534 0.0815885 144.608
50	1	53.9708	17883.8	17872.7	11.1047	482	61	205	0	0.0001 Colloc0 482 2579 0.107068 149.919
60	1	64.2322	17801.7	17790.6	11.1238	460	62	204	4	0.0001 Colloc0 460 2560 0.0294345 151.068
70	1	74.6547	17657.6	17646.8	10.827	458	60	206	2	0.0001 Colloc0 458 2539 0.07667 133.575
80	1	85.284	17729	17717.6	11.386	468	64	202	1	0.0001 Colloc0 468 2574 0.030256 167.228
90	1	95.4545	17678	17667	11.0301	469	66	200	3	0.0001 Colloc0 469 2559 0.0472276 145.45
100	1	105.361	17614	17603.6	10.4395	466	73	193	3	0.0001 Colloc0 466 2543 0.168499 112.142
110	1	115.491	17761	17750.5	10.492	500	59	207	0	0.0001 Colloc0 500 2533 0.188364 114.943
120	1	125.927	17594.9	17584.1	10.8353	466	75	191	1	0.0001 Colloc0 466 2535 0.0745672 134.054
130	1	136.584	17429	17418	10.9987	463	88	178	2	0.0001 Colloc0 463 2489 0.100325 143.586
140	1	147.075	17634.5	17623.5	10.9957	472	63	203	1	0.0001 Colloc0 472 2493 0.107637 143.41
150	1	157.619	17572.9	17562.2	10.7172	481	71	195	2	0.0001 Colloc0 481 2486 0.118367 127.335
160	1	168.175	17569.6	17558.9	10.6777	473	68	198	6	0.0001 Colloc0 473 2477 0.186832 125.117
170	1	178.614	17535.9	17524.7	11.2214	484	65	201	2	0.0001 Colloc0 484 2479 0.0608323 157.011
180	1	188.583	17456.7	17446.2	10.5045	484	62	204	2	0.0001 Colloc0 484 2485 0.175692 115.616
190	1	198.649	17397.9	17386.7	11.1487	479	77	189	6	0.0001 Colloc0 479 2433 0.0797533 152.577
200	1	208.833	17203.9	17193.7	10.1566	445	85	181	4	0.0001 Colloc0 445 2458 0.122826 97.5996
210	1	219.496	17383.9	17373.2	10.7216	467	79	187	5	0.0001 Colloc0 467 2461 0.142964 127.581
220	1	230.099	17315.3	17304.7	10.5435	467	80	186	2	0.0001 Colloc0 467 2446 0.159364 117.73
230	1	240.096	17377.2	17366.3	10.9037	479	77	189	4	0.0001 Colloc0 479 2466 0.149832 138.01
240	1	249.911	17362.3	17351.1	11.1991	461	69	197	3	0.0001 Colloc0 461 2469 0.0347389 155.643
250	1	260.094	17288.6	17278.4	10.1732	475	74	192	2	0.0001 Colloc0 475 2426 0.207135 98.4259
260	1	270.638	17271.4	17261	10.3768	475	82	184	2	0.0001 Colloc0 475 2437 0.204135 108.833
270	1	280.946	17297.9	17287.7	10.164	481	84	182	4	0.0001 Colloc0 481 2421 0.276835 97.9678
280	1	291.628	17456.9	17446.8	10.1227	483	76	190	3	0.0001 Colloc0 483 2438 0.233436 95.9259
290	1	302.16	17408.1	17397.5	10.6346	485	68	198	2	0.0001 Colloc0 485 2413 0.161396 122.726
300	1	312.74	17407.1	17396.4	10.7665	466	79	187	4	0.0001 Colloc0 466 2439 0.0932362 130.12
310	1	323.223	17198.1	17187	11.0647	486	79	187	1	0.0001 Colloc0 486 2411 0.140771 147.519
320	1	333.742	17170	17159	11.0031	458	84	182	1	0.0001 Colloc0 458 2429 0.104505 143.847
330	1	344.196	17215	17204.5	10.4864	464	80	186	2	0.0001 Colloc0 464 2396 0.122705 114.644
340	1	354.658	17223.3	17213.8	9.51121	466	83	183	1	0.0001 Colloc0 466 2423 0.265064 68.3413
350	1	365.166	17207.2	17196.6	10.6327	477	85	181	4	0.0001 Colloc0 477 2382 0.138594 122.616
360	1	375.323	17262.1	17251.4	10.6536	477	81	185	2	0.0001 Colloc0 477 2420 0.175465 123.78
370	1	385.967	17116.4	17105.4	11.0521	478	89	177	3	0.0001 Colloc0 478 2423 0.0875305 146.765
380	1	396.585	17219.3	17209.1	10.1988	493	92	174	2	0.0001 Colloc0 493 2432 0.243115 99.7068
390	1	407.089	17144.8	17134	10.772	474	87	179	3	0.0001 Colloc0 474 2379 0.161272 130.43
400	1	417.748	17218	17207.4	10.5934	465	80	186	3	0.0001 Colloc0 465 2419 0.129533 120.451
410	1	428.239	17214.1	17203	11.0921	484	87	179	3	0.0001 Colloc0 484 2413 0.148539 149.159
420	1	438.838	17038.7	17028.6	10.0343	482	97	169	2	0.0001 Colloc0 482 2383 0.281486 91.6243
430	1	449.614	17019	17008.6	10.4633	466	99	167	3	0.0001 Colloc0 466 2381 0.241082 113.41
440	1	460.362	17259.8	17249.5	10.2901	473	74	192	0	0.0001 Colloc0 473 2405 0.159309 104.339
450	1	470.808	17317.1	17306.5	10.6032	467	82	184	3	0.0001 Colloc0 467 2429 0.119002 120.991
460	1	481.236	17227.5	17217	10.4678	467	76	190	2	0.0001 Colloc0 467 2410 0.180431 113.647
470	1	491.75	17235	17224	11.0322	465	83	183	1	0.0001 Colloc0 465 2411 0.112413 145.579
480	1	502.128	17078.2	17067.6	10.5799	431	81	185	2	0.0001 Colloc0 431 2405 0.0661571 119.712
490	1	512.423	17232.8	17222.4	10.3556	486	73	193	3	0.0001 Colloc0 486 2411 0.196023 107.727
500	1	522.672	17390.3	17379.2	11.1065	505	65	201	1	0.0001 Colloc0 505 2408 0.135209 150.024
510	1	532.878	17335.7	17325.7	10.0589	478	65	201	2	0.0001 Colloc0 478 2417 0.216717 92.8103
520	1	543.559	17285.5	17274.5	10.9991	476	81	185	4	0.0001 Colloc0 476 2376 0.198816 143.615
530	1	553.915	17216.8	17206.3	10.4262	478	70	196	2	0.0001 Colloc0 478 2375 0.170627 111.433
540	1	564.345	17233.4	17222.3	11.1444	481	71	195	3	0.0001 Colloc0 481 2398 0.0923604 152.318
550	1	574.659	17232.7	17221.5	11.1985	488	85	181	1	0.0001 Colloc0 488 2400 0.0864137 155.609
560	1	584.785	17185.4	17174.5	10.8822	462	81	185	2	0.0001 Colloc0 462 2389 0.117302 136.76
570	1	595.275	17099.3	17088.8	10.4772	470	89	177	1	0.0001 Colloc0 470 2354 0.190947 114.15
580	1	605.846	17108	17097.5	10.538	480	91	175	3	0.0001 Colloc0 480 2383 0.194217 117.431
590	1	616.501	17104.2	17093.8	10.3518	474	87	179	2	0.0001 Colloc0 474 2376 0.194152 107.53
600	1	627.091	17261.1	17250.7	10.368	475	79	187	5	0.0001 Colloc0 475 2383 0.171645 108.374
610	1	637.243	17278.5	17268.4	10.1281	469	80	186	4	0.0001 Colloc0 469 2373 0.177239 96.1909
620	1	647.643	17176.2	17166.1	10.1274	477	87	179	1	0.0001 Colloc0 477 2368 0.19063 96.156
630	1	658.172	17128.2	17117.8	10.3923	478	84	182	2	0.0001 Colloc0 478 2388 0.207605 109.645
640	1	668.772	17232.6	17221.6	10.9715	480	78	188	2	0.0001 Colloc0 480 2402 0.0882231 141.981
650	1	678.964	17169.1	17158.4	10.6331	454	83	183	0	0.0001 Colloc0 454 2412 0.134887 122.64
660	1	689.284	17113.6	17103.3	10.2559	471	93	173	3	0.0001 Colloc0 471 2422 0.203345 102.59
670	1	699.972	17089.3	17079.1	10.1913	457	74	192	2	0.0001 Colloc0 457 2360 0.210876 99.3315
680	1	710.564	17080.5	17070.1	10.4697	453	92	174	2	0.0001 Colloc0 453 2381 0.162621 113.748
690	1	721.131	17210.9	17200.3	10.643	463	78	188	1	0.0001 Colloc0 463 2382 0.152961 123.187
700	1	731.572	17096	17085.5	10.476	475	84	182	1	0.0001 Colloc0 475 2381 0.146544 114.086
710	1	742.117	17069.7	17059	10.7517	458	91	175	2	0.0001 Colloc0 458 2375 0.0849322 129.279
720	1	752.263	16876	16865.1	10.8799	450	113	153	3	0.0001 Colloc0 450 2358 0.0644543 136.628
730	1	762.42	17069.7	17059.2	10.4262	473	81	185	2	0.0001 Colloc0 473 2358 0.159497 111.434
740	1	772.981	17162.3	17152	10.2775	471	75	191	1	0.0001 Colloc0 471 2380 0.160344 103.692
750	1	783.533	17128.2	17117.5	10.6642	461	86	180	0	0.0001 Colloc0 461 2399 0.118658 124.368
760	1	793.942	17164.5	17153.8	10.7051	465	79	187	0	0.0001 Colloc0 465 2392 0.149043 126.653
770	1	804.706	17189.5	17178.4	11.0106	465	87	179	2	0.0001 Colloc0 465 2389 0.0825807 144.296
780	1	815.122	17071.6	17061	10.5919	452	81	185	1	0.0001 Colloc0 452 2388 0.109524 120.37
790	1	825.32	17056.6	17045.7	10.8928	450	86	180	1	0.0001 Colloc0 450 2393 0.0641342 137.376
800	1	835.455	17099	17087.7	11.2695	451	78	188	2	0.0001 Colloc0 451 2367 0.0080746 159.974
810	1	846.025	16980.2	16969.1	11.0411	456	93	173	1	0.0001 Colloc0 456 2357 0.0530575 146.11
820	1	856.614	17041.7	17030.8	10.9117	474	93	173	1	0.0001 Colloc0 474 2348 0.132936 138.475
830	1	867.274	17033.4	17022.4	11.0038	466	90	176	2	0.0001 Colloc0 466 2361 0.104441 143.891
840	1	877.671	16932	16922	10.0813	444	96	170	2	0.0001 Colloc0 444 2362 0.177659 93.8957
850	1	888.004	16992	16981.2	10.8511	469	85	181	2	0.0001 Colloc0 469 2319 0.116156 134.961
860	1	898.62	17153.5	17142.6	10.9296	459	88	178	1	0.0001 Colloc0 459 2387 0.08338 139.52
870	1	909.069	17030.5	17020	10.5232	475	78	188	1	0.0001 Colloc0 475 2330 0.169076 116.626
880	1	919.497	17003.4	16992.3	11.1094	459	91	175	3	0.0001 Colloc0 459 2335 0.0753846 150.202
890	1	930.006	17097.2	17087.1	10.1505	500	91	175	3	0.0001 Colloc0 500 2365 0.208897 97.2962
900	1	940.459	17113.7	17103.1	10.6473	464	77	189	5	0.0001 Colloc0 464 2368 0.101379 123.428
910	1	951.014	17091.3	17080.7	10.6012	461	83	183	1	0.0001 Colloc0 461 2360 0.181711 120.88
920	1	961.269	16999.6	16988.9	10.6852	452	88	178	1	0.0001 Colloc0 452 2334 0.14776 125.539
930	1	971.668	17053.8	17042.6	11.2505	448	89	177	5	0.0001 Colloc0 448 2386 0.00857043 158.798
940	1	982.144	17089.5	17078.8	10.6537	465	82	184	3	0.0001 Colloc0 465 2364 0.154683 123.785
950	1	992.803	17054.8	17043.8	10.9866	472	87	179	1	0.0001 Colloc0 472 2361 0.0578336 142.871
960	1	1002.87	17020.5	17009.5	10.9815	464	77	189	1	0.0001 Colloc0 464 2350 0.121388 142.575
970	1	1012.97	17098.7	17087.8	10.8669	469	80	186	4	0.0001 Colloc0 469 2354 0.114108 135.874
980	1	1023.03	17098	17087.2	10.8702	456	70	196	1	0.0001 Colloc0 456 2391 0.13739 136.068
990	1	1033.27	16985.7	16975.3	10.3947	451	85	181	2	0.0001 Colloc0 451 2357 0.119306 109.776
1000	1	1043.57	17059.1	17048.6	10.5235	476	81	185	2	0.0001 Colloc0 476 2344 0.155951 116.644
1010	1	1053.91	17058.9	17048.2	10.6527	468	77	189	0	0.0001 Colloc0 468 2343 0.11731 123.729
1020	1	1064.51	17028.3	17017.7	10.6223	483	89	177	0	0.0001 Colloc0 483 2318 0.175869 122.042
1030	1	1074.98	16967	16956.2	10.8198	461	92	174	2	0.0001 Colloc0 461 2344 0.106007 133.16
1040	1	1085.44	16986.3	16976	10.3521	474	94	172	3	0.0001 Colloc0 474 2340 0.201797 107.544
1050	1	1095.86	17039.1	17028.2	10.8931	481	81	185	1	0.0001 Colloc0 481 2324 0.10063 137.393
1060	1	1106.22	16962.4	16951.7	10.6931	470	94	172	1	0.0001 Colloc0 470 2334 0.142558 125.981
1070	1	1116.65	16940.2	16929	11.1478	483	95	171	2	0.0001 Colloc0 483 2337 0.0947578 152.522
1080	1	1127.23	16967.7	16956.6	11.1048	494	89	177	2	0.0001 Colloc0 494 2343 0.113583 149.925
1090	1	1137.85	16965.5	16955.5	10.056	467	83	183	2	0.0001 Colloc0 467 2340 0.214237 92.6725
1100	1	1148.26	16944.4	16932.7	11.6401	476	96	170	1	0.0001 Colloc0 476 2329 0.0459866 183.468
1110	1	1158.74	16910.9	16899.7	11.1901	456	97	169	1	0.0001 Colloc0 456 2326 0.0625923 155.099
1120	1	1169.19	16971	16959.6	11.415	462	86	180	4	0.0001 Colloc0 462 2318 0.00757315 169.056
1130	1	1179.39	16893.4	16882.2	11.1327	457	96	170	3	0.0001 Colloc0 457 2331 0.0530421 151.608
1140	1	1189.58	16992.3	16981	11.2159	477	87	179	2	0.0001 Colloc0 477 2334 0.0656728 156.673
1150	1	1200.22	17007	16996.6	10.3895	484	90	176	2	0.0001 Colloc0 484 2314 0.213125 109.501
1160	1	1210.91	16981.1	16969.6	11.5272	471	91	175	2	0.0001 Colloc0 471 2292 0.0347577 176.186
1170	1	1221.26	17017.4	17006.2	11.1975	464	84	182	2	0.0001 Colloc0 464 2291 0.0222381 155.549
1180	1	1231.82	17104.9	17093.8	11.1121	483	89	177	0	0.0001 Colloc0 483 2335 0.0816307 150.365
1190	1	1242.26	17100.4	17089.7	10.6723	469	79	187	3	0.0001 Colloc0 469 2307 0.0836882 124.817
1200	1	1252.56	17030.4	17019.1	11.319	463	84	182	0	0.0001 Colloc0 463 2285 0.101599 163.039
1210	1	1262.91	17127.2	17116.2	11.046	474	73	193	1	0.0001 Colloc0 474 2313 0.0793762 146.397
1220	1	1273.48	17110	17098.5	11.4955	490	81	185	1	0.0001 Colloc0 490 2331 0.0670376 174.159
1230	1	1284.12	17025.4	17014.8	10.6414	462	78	188	1	0.0001 Colloc0 462 2313 0.107161 123.098
1240	1	1294.69	17082.1	17071	11.068	463	76	190	1	0.0001 Colloc0 463 2327 0.0687727 147.716
1250	1	1305.24	17003.6	16992.7	10.8565	477	78	188	3	0.0001 Colloc0 477 2328 0.130143 135.276
1260	1	1315.83	17021.6	17011	10.6092	476	84	182	3	0.0001 Colloc0 476 2314 0.202295 121.322
1270	1	1326.32	17062.2	17051	11.192	467	82	184	1	0.0001 Colloc0 467 2333 0.043592 155.209
1280	1	1336.76	16959.7	16948.5	11.1607	473	88	178	1	0.0001 Colloc0 473 2322 0.0651352 153.306
1290	1	1347.19	17020.5	17009.1	11.3094	460	85	181	1	0.0001 Colloc0 460 2350 0.0106763 162.444
1300	1	1357.41	17076.3	17065.6	10.6973	470	82	184	1	0.0001 Colloc0 470 2338 0.121206 126.215
1310	1	1367.64	16973	16961.5	11.4677	465	87	179	1	0.0001 Colloc0 465 2339 0.0308875 172.388
1320	1	1378.15	16947.8	16937.3	10.4998	453	88	178	3	0.0001 Colloc0 453 2359 0.162422 115.367
1330	1	1388.8	17103.8	17092.7	11.1786	479	84	182	2	0.0001 Colloc0 479 2340 0.0490355 154.393
1340	1	1399.04	16954.4	16943.8	10.6203	473	88	178	1	0.0001 Colloc0 473 2328 0.175801 121.933
1350	1	1409.6	16913.2	16902.3	10.821	467	96	170	2	0.0001 Colloc0 467 2326 0.109517 133.229
1360	1	1420.12	16960.3	16949.7	10.6182	468	93	173	1	0.0001 Colloc0 468 2323 0.152758 121.816
1370	1	1430.71	17093.3	17082.3	11.0131	485	82	184	3	0.0001 Colloc0 485 2313 0.122055 144.444
1380	1	1441.17	17063.2	17052.5	10.7204	462	89	177	3	0.0001 Colloc0 462 2352 0.123804 127.513
1390	1	1451.8	16932.7	16921.4	11.235	477	86	180	2	0.0001 Colloc0 477 2307 0.129582 157.848
1400	1	1462.27	17101.2	17089.9	11.2349	481	75	191	2	0.0001 Colloc0 481 2325 0.0422846 157.842
1410	1	1472.63	17061.7	17051	10.7515	476	90	176	4	0.0001 Colloc0 476 2312 0.135882 129.269
1420	1	1483.02	16919.4	16909	10.4497	460	98	168	2	0.0001 Colloc0 460 2324 0.130085 112.681
1430	1	1493.55	17041.2	17030.5	10.608	486	93	173	2	0.0001 Colloc0 486 2331 0.138712 121.253
1440	1	1503.82	16975.5	16964	11.5014	468	91	175	3	0.0001 Colloc0 468 2282 0.00516466 174.534
1450	1	1514.09	16845	16834	11.0038	476	96	170	4	0.0001 Colloc0 476 2309 0.0778827 143.889
1460	1	1524.14	16968	16957.5	10.5565	463	92	174	3	0.0001 Colloc0 463 2322 0.191435 118.433
1470	1	1534.49	16951.9	16941.6	10.3273	485	87	179	3	0.0001 Colloc0 485 2318 0.241159 106.258
1480	1	1545.18	17015.3	17004	11.2941	473	90	176	2	0.0001 Colloc0 473 2330 0.0666969 161.492
1490	1	1555.69	17086.1	17074.4	11.7807	487	82	184	3	0.0001 Colloc0 487 2307 0.0158224 192.679
1500	1	1566.07	16924.7	16913.4	11.2413	456	94	172	3	0.0001 Colloc0 456 2336 0.0462507 158.236
1510	1	1576.44	16958.9	16948.1	10.8475	470	85	181	1	0.0001 Colloc0 470 2296 0.145335 134.753
1520	1	1587.06	16807	16796.5	10.5095	457	114	152	3	0.0001 Colloc0 457 2301 0.125549 115.888
1530	1	1597.66	16947.8	16936.8	10.9871	488	87	179	1	0.0001 Colloc0 488 2321 0.0966164 142.901
1540	1	1608.14	16937.9	16927.3	10.6704	450	102	164	2	0.0001 Colloc0 450 2299 0.105627 124.712
1550	1	1618.63	17087.3	17076.2	11.071	469	83	183	1	0.0001 Colloc0 469 2372 0.0641899 147.891
1560	1	1629.21	16996.2	16985.2	10.9971	467	94	172	2	0.0001 Colloc0 467 2333 0.0998623 143.493
1570	1	1639.7	16943.4	16932.6	10.8054	466	101	165	1	0.0001 Colloc0 466 2317 0.0950139 132.339
1580	1	1650.43	16895.3	16884.3	11.0487	465	91	175	2	0.0001 Colloc0 465 2290 0.117992 146.562
1590	1	1660.7	16895.4	16884.9	10.4523	469	102	164	3	0.0001 Colloc0 469 2306 0.213784 112.82
1600	1	1671.09	16898.8	16888.1	10.7072	446	105	161	4	0.0001 Colloc0 446 2303 0.141838 126.772
1610	1	1681.52	16906.8	16896.5	10.2753	470	89	177	3	0.0001 Colloc0 470 2272 0.189072 103.583
1620	1	1691.84	17013.9	17003.2	10.7142	448	88	178	4	0.0001 Colloc0 448 2309 0.134427 127.162
1630	1	1702.33	17104.7	17094.2	10.4757	489	77	189	3	0.0001 Colloc0 489 2284 0.207253 114.072
1640	1	1712.9	16993.4	16983.2	10.1929	467	86	180	3	0.0001 Colloc0 467 2312 0.18589 99.4107
1650	1	1723.4	16940.4	16929.6	10.7411	477	92	174	3	0.0001 Colloc0 477 2312 0.157193 128.679
1660	1	1734.03	17066.8	17055.6	11.1267	475	79	187	2	0.0001 Colloc0 475 2331 0.0587008 151.248
1670	1	1744.12	16837.1	16826.3	10.8302	476	100	166	1	0.0001 Colloc0 476 2283 0.179791 133.758
1680	1	1754.37	16901.4	16891.2	10.2083	469	99	167	2	0.0001 Colloc0 469 2307 0.215992 100.183
1690	1	1764.35	16825.6	16815	10.6489	474	94	172	1	0.0001 Colloc0 474 2284 0.167441 123.514
1700	1	1774.73	16924.6	16913.5	11.0378	458	90	176	2	0.0001 Colloc0 458 2321 0.0212833 145.91
1710	1	1785.17	16920.5	16909.5	11.0122	467	94	172	3	0.0001 Colloc0 467 2293 0.10743 144.387
1720	1	1795.86	16883.4	16872.5	10.8796	469	91	175	1	0.0001 Colloc0 469 2286 0.130988 136.61
1730	1	1806.4	16919.6	16908.3	11.2187	459	99	167	2	0.0001 Colloc0 459 2329 0.0683671 156.846
1740	1	1816.51	16874.4	16863.7	10.6932	451	102	164	1	0.0001 Colloc0 451 2319 0.091711 125.988
1750	1	1826.6	16869.2	16858.6	10.6373	467	98	168	3	0.0001 Colloc0 467 2300 0.157725 122.872
1760	1	1836.53	16888.7	16877.7	10.9658	468	82	184	4	0.0001 Colloc0 468 2288 0.114542 141.646
1770	1	1846.54	16846.2	16835.6	10.5897	458	91	175	3	0.0001 Colloc0 458 2311 0.172292 120.251
1780	1	1856.98	16940.6	16930	10.5289	470	95	171	2	0.0001 Colloc0 470 2315 0.168068 116.937
1790	1	1866.93	17033.6	17022.4	11.2632	471	81	185	2	0.0001 Colloc0 471 2340 0.0851514 159.581
1800	1	1877.51	16967.4	16957	10.4195	491	81	185	3	0.0001 Colloc0 491 2304 0.225751 111.083
1810	1	1888.08	17075.1	17063.4	11.6514	491	76	190	1	0.0001 Colloc0 491 2342 0.000875099 184.199
1820	1	1897.97	17110.6	17098.9	11.6515	476	86	180	0	0.0001 Colloc0 476 2353 0.0102258 184.206
1830	1	1908.62	17112.7	17101.7	11.0188	489	74	192	2	0.0001 Colloc0 489 2330 0.0738245 144.781
1840	1	1919.18	16962.3	16950.9	11.3455	465	88	178	1	0.0001 Colloc0 465 2278 0.0401528 164.694
1850	1	1929.66	17036.2	17025.8	10.3467	488	88	178	1	0.0001 Colloc0 488 2293 0.198484 107.263
1860	1	1939.98	16954.6	16943.4	11.2037	473	88	178	2	0.0001 Colloc0 473 2287 0.0747937 155.928
1870	1	1950.32	17017.3	17006.6	10.6376	477	96	170	4	0.0001 Colloc0 477 2328 0.156392 122.889
1880	1	1960.75	16957.5	16946.2	11.3442	443	88	178	1	0.0001 Colloc0 443 2322 0.00318283 164.614
1890	1	1971.37	16953	16942.5	10.5175	470	95	171	3	0.0001 Colloc0 470 2316 0.158203 116.319
1900	1	1981.79	16935.5	16924.8	10.7094	463	94	172	1	0.0001 Colloc0 463 2317 0.113699 126.896
1910	1	1991.91	17026.9	17016	10.9433	472	85	181	3	0.0001 Colloc0 472 2310 0.101295 140.323
1920	1	2001.92	16920.5	16910.3	10.2299	463	95	171	4	0.0001 Colloc0 463 2319 0.181451 101.274
1930	1	2012.2	16971.6	16960.9	10.7135	480	91	175	3	0.0001 Colloc0 480 2337 0.137198 127.125
1940	1	2022.57	16924.7	16913.1	11.5309	457	97	169	1	0.0001 Colloc0 457 2302 0.0298229 176.423
1950	1	2033.17	16991.7	16980.6	11.0604	474	80	186	3	0.0001 Colloc0 474 2312 0.106566 147.258
1960	1	2043.57	16928.6	16917.4	11.159	469	98	168	2	0.0001 Colloc0 469 2336 0.0732043 153.205
1970	1	2053.95	16795.4	16785.2	10.1464	464	105	161	3	0.0001 Colloc0 464 2304 0.226281 97.0948
1980	1	2064.28	16942.5	16931.3	11.2643	448	85	181	1	0.0001 Colloc0 448 2345 0.0398835 159.65
1990	1	2074.58	16958.5	16947	11.4955	483	99	167	1	0.0001 Colloc0 483 2300 0.0374988 174.157
2000	1	2084.73	17001.5	16990.2	11.296	460	87	179	3	0.0001 Colloc0 460 2346 0.0425001 161.611
