# D = 0, E = 1, I = 1, P = 1, R = -1, n = 2000, N = 1, P = 1, w = 1, a = 0.0001, b = 10000, e = 1, f = 1, g = 100, h = 0.01, r = 18377, s = 1, S = 0, x = 10, m = 100, Z = 1, z = 0, T = 1, t = 1
# 6082 tokens in 266 sentences
#
# It	Temp	Time	-logP	-logPcorpus	-logPrior	tables	same	changed	reject	default_pya	(parent pym pyn pya pyb)*
0	1	0.799878	23439.1	23325.4	113.764	1737	0	266	0	0.0001 Colloc0 1737 2643 0.0001 10000
10	1	12.2001	18830.8	18818.5	12.2575	608	46	220	3	0.0001 Colloc0 608 2551 0.0920206 225
20	1	22.9925	18484.7	18473.3	11.3785	516	46	220	3	0.0001 Colloc0 516 2546 0.0793989 166.759
30	1	33.6329	18406.9	18395.5	11.3564	531	45	221	3	0.0001 Colloc0 531 2524 0.061055 165.371
40	1	44.1143	18220.5	18208.9	11.6404	511	50	216	0	0.0001 Colloc0 511 2521 0.0510373 183.489
50	1	53.9408	17968.2	17957.6	10.5961	500	64	202	1	0.0001 Colloc0 500 2527 0.148207 120.6
60	1	63.9893	17955.5	17944.1	11.3985	483	63	203	3	0.0001 Colloc0 483 2490 0.00550499 168.018
70	1	74.1997	17887.3	17875.9	11.4163	495	60	206	3	0.0001 Colloc0 495 2484 0.0561401 169.135
80	1	84.8051	17933.6	17922.5	11.1621	513	79	187	4	0.0001 Colloc0 513 2511 0.0844804 153.388
90	1	94.9746	17719.1	17707.8	11.3098	507	72	194	3	0.0001 Colloc0 507 2455 0.0935267 162.471
100	1	105.829	17753.4	17742.4	10.9122	523	69	197	1	0.0001 Colloc0 523 2448 0.181023 138.505
110	1	116.429	17830	17818.4	11.5625	519	72	194	0	0.0001 Colloc0 519 2470 0.0287537 178.453
120	1	127.047	17685.4	17674.4	11.0855	513	71	195	2	0.0001 Colloc0 513 2467 0.0866037 148.762
130	1	137.243	17598.6	17587.7	10.8643	497	79	187	4	0.0001 Colloc0 497 2443 0.143527 135.726
140	1	147.24	17675.4	17664	11.3791	491	62	204	4	0.0001 Colloc0 491 2465 0.0267228 166.797
150	1	157.335	17761.9	17750.8	11.1485	514	62	204	3	0.0001 Colloc0 514 2449 0.146953 152.562
160	1	168.01	17647.6	17637.2	10.4537	531	70	196	3	0.0001 Colloc0 531 2427 0.271003 112.894
170	1	178.056	17580.4	17569	11.3659	482	70	196	6	0.0001 Colloc0 482 2437 0.0429728 165.967
180	1	188.901	17660.9	17650.2	10.6371	493	66	200	3	0.0001 Colloc0 493 2447 0.12749 122.861
190	1	199.098	17506.9	17496.5	10.4523	500	78	188	1	0.0001 Colloc0 500 2410 0.219118 112.819
200	1	209.104	17580.3	17568.2	12.167	536	74	192	2	0.0001 Colloc0 536 2442 0.0655832 218.747
210	1	219.37	17581.7	17569.9	11.8331	486	75	191	1	0.0001 Colloc0 486 2455 0.0447153 196.15
220	1	229.258	17456	17445.1	10.9417	454	79	187	1	0.0001 Colloc0 454 2424 0.0858529 140.231
230	1	239.505	17481.9	17471.3	10.6222	502	70	196	0	0.0001 Colloc0 502 2417 0.169041 122.039
240	1	250.334	17460.9	17450.1	10.7673	512	87	179	3	0.0001 Colloc0 512 2413 0.189948 130.164
250	1	261.012	17337.2	17327.5	9.70288	475	90	176	1	0.0001 Colloc0 475 2422 0.236476 76.4314
260	1	271.679	17476.6	17466.1	10.5392	511	78	188	2	0.0001 Colloc0 511 2431 0.203331 117.497
270	1	282.147	17423.2	17412.5	10.6677	491	73	193	4	0.0001 Colloc0 491 2414 0.14561 124.563
280	1	292.683	17512.5	17500.8	11.7363	498	70	196	3	0.0001 Colloc0 498 2439 0.0300079 189.751
290	1	303.361	17383.1	17372.9	10.2266	478	81	185	1	0.0001 Colloc0 478 2405 0.189166 101.104
300	1	313.76	17587.6	17576.6	10.937	498	72	194	5	0.0001 Colloc0 498 2448 0.138843 139.955
310	1	324.028	17400	17389.2	10.8211	474	76	190	4	0.0001 Colloc0 474 2412 0.133673 133.234
320	1	334.605	17348.9	17337.9	11.0561	462	73	193	0	0.0001 Colloc0 462 2423 0.0816204 147
330	1	344.816	17284	17274.2	9.76616	477	88	178	2	0.0001 Colloc0 477 2423 0.297618 79.2166
340	1	355.375	17276.5	17265.8	10.7295	467	83	183	2	0.0001 Colloc0 467 2438 0.142733 128.026
350	1	366.047	17281.9	17271.9	10.0085	480	83	183	0	0.0001 Colloc0 480 2405 0.254408 90.3892
360	1	376.588	17458.4	17447.7	10.6982	497	67	199	3	0.0001 Colloc0 497 2426 0.092424 126.263
370	1	387.077	17349.5	17338.9	10.5597	477	80	186	2	0.0001 Colloc0 477 2428 0.174328 118.611
380	1	397.488	17479.1	17468.3	10.8569	479	73	193	7	0.0001 Colloc0 479 2430 0.131068 135.295
390	1	407.901	17324.7	17314	10.7136	489	82	184	1	0.0001 Colloc0 489 2397 0.211692 127.129
400	1	418.621	17329.2	17318.9	10.3458	474	81	185	2	0.0001 Colloc0 474 2416 0.173078 107.218
410	1	429.094	17465	17453.9	11.0588	474	73	193	4	0.0001 Colloc0 474 2430 0.117531 147.166
420	1	439.751	17329.7	17319.4	10.2933	479	90	176	1	0.0001 Colloc0 479 2445 0.212044 104.502
430	1	450.349	17411.7	17401.3	10.3557	463	70	196	2	0.0001 Colloc0 463 2454 0.130102 107.733
440	1	460.818	17366.4	17355.7	10.7115	481	76	190	1	0.0001 Colloc0 481 2430 0.168755 127.014
450	1	471.24	17382.4	17371.1	11.2868	475	84	182	1	0.0001 Colloc0 475 2434 0.0400188 161.042
460	1	481.242	17355	17344.4	10.6456	484	85	181	3	0.0001 Colloc0 484 2429 0.165669 123.334
470	1	491.225	17205.7	17195.6	10.0853	469	94	172	1	0.0001 Colloc0 469 2403 0.248604 94.0921
480	1	501.134	17284.5	17273.9	10.5848	486	81	185	2	0.0001 Colloc0 486 2375 0.211083 119.983
490	1	511.275	17352.3	17341.9	10.4399	470	76	190	4	0.0001 Colloc0 470 2423 0.184594 112.163
500	1	521.897	17343	17331.6	11.4176	469	80	186	2	0.0001 Colloc0 469 2399 0.0274845 169.218
510	1	532.168	17374	17363.3	10.6602	478	81	185	1	0.0001 Colloc0 478 2430 0.143581 124.144
520	1	542.037	17277.3	17266.8	10.5256	475	77	189	3	0.0001 Colloc0 475 2381 0.171998 116.759
530	1	551.895	17267.6	17257.3	10.2579	464	82	184	1	0.0001 Colloc0 464 2375 0.150216 102.692
540	1	561.979	17285	17274.5	10.4911	481	86	180	1	0.0001 Colloc0 481 2389 0.196934 114.896
550	1	572.792	17227.1	17216.3	10.8686	470	83	183	3	0.0001 Colloc0 470 2389 0.141819 135.974
560	1	582.856	17184.1	17173.1	10.9967	454	85	181	1	0.0001 Colloc0 454 2404 0.0819222 143.472
570	1	593.46	17167.7	17157.2	10.556	462	91	175	1	0.0001 Colloc0 462 2429 0.152678 118.41
580	1	603.719	17337	17326.6	10.3628	478	73	193	4	0.0001 Colloc0 478 2412 0.164462 108.103
590	1	613.744	17257.9	17246.9	10.9733	481	82	184	3	0.0001 Colloc0 481 2393 0.132417 142.087
600	1	623.684	17234.2	17224.2	10.0166	473	84	182	3	0.0001 Colloc0 473 2380 0.260543 90.775
610	1	633.797	17263.6	17253.1	10.5391	472	80	186	1	0.0001 Colloc0 472 2387 0.198339 117.488
620	1	644.486	17381.2	17370.2	11.0186	497	77	189	2	0.0001 Colloc0 497 2373 0.162044 144.767
630	1	655.198	17187	17176.8	10.2243	473	96	170	1	0.0001 Colloc0 473 2381 0.187664 100.988
640	1	665.833	17179.4	17169	10.374	476	90	176	4	0.0001 Colloc0 476 2391 0.189319 108.688
650	1	676.134	17130.6	17120.6	10.0246	468	88	178	0	0.0001 Colloc0 468 2401 0.253995 91.1592
660	1	686.549	17279.1	17268.8	10.2866	480	80	186	4	0.0001 Colloc0 480 2393 0.221191 104.158
670	1	696.881	17344.6	17334.5	10.1671	480	75	191	2	0.0001 Colloc0 480 2415 0.234466 98.12
680	1	706.944	17114	17104.2	9.80503	480	95	171	2	0.0001 Colloc0 480 2379 0.295469 80.9546
690	1	717.603	17202.8	17192.5	10.3332	498	89	177	1	0.0001 Colloc0 498 2379 0.263972 106.565
700	1	728.172	17100.4	17089.7	10.7108	479	100	166	3	0.0001 Colloc0 479 2406 0.131242 126.973
710	1	738.799	17286.1	17275.6	10.455	474	87	179	2	0.0001 Colloc0 474 2453 0.173859 112.967
720	1	749.089	17217.2	17206.4	10.7503	478	81	185	5	0.0001 Colloc0 478 2398 0.118482 129.201
730	1	759.365	17215.3	17204.6	10.6929	487	82	184	3	0.0001 Colloc0 487 2381 0.16489 125.972
740	1	769.705	17261.8	17251.3	10.4236	491	81	185	3	0.0001 Colloc0 491 2397 0.165947 111.3
750	1	779.989	17295.9	17285.6	10.2769	488	81	185	1	0.0001 Colloc0 488 2390 0.152152 103.661
760	1	790.008	17241.5	17230.6	10.9414	493	81	185	5	0.0001 Colloc0 493 2397 0.168311 140.211
770	1	800.624	17107.4	17096.9	10.5188	458	96	170	1	0.0001 Colloc0 458 2381 0.127669 116.392
780	1	811.181	17198.1	17187.8	10.3023	473	86	180	4	0.0001 Colloc0 473 2368 0.20965 104.968
790	1	821.531	17089.1	17078.8	10.3609	475	96	170	3	0.0001 Colloc0 475 2361 0.211753 108.002
800	1	831.798	17222.6	17212.1	10.4673	471	86	180	3	0.0001 Colloc0 471 2406 0.115916 113.622
810	1	842.255	17164.6	17153.9	10.7476	458	94	172	2	0.0001 Colloc0 458 2403 0.106541 129.049
820	1	852.697	17061.2	17051	10.2063	484	96	170	0	0.0001 Colloc0 484 2371 0.27399 100.083
830	1	863.282	17247.1	17236.9	10.1942	462	79	187	2	0.0001 Colloc0 462 2419 0.192652 99.475
840	1	873.331	17187	17176.7	10.2519	457	90	176	2	0.0001 Colloc0 457 2395 0.189213 102.388
850	1	883.553	17137.9	17127	10.9356	453	83	183	6	0.0001 Colloc0 453 2399 0.0679785 139.876
860	1	894.161	17191.2	17180.2	11.0572	486	89	177	2	0.0001 Colloc0 486 2420 0.118798 147.065
870	1	904.609	17210.4	17199.8	10.6063	481	92	174	4	0.0001 Colloc0 481 2396 0.172061 121.159
880	1	915.149	17156.3	17146	10.3508	485	88	178	3	0.0001 Colloc0 485 2387 0.195744 107.475
890	1	925.603	17083.3	17072.5	10.7678	462	98	168	3	0.0001 Colloc0 462 2394 0.120015 130.191
900	1	936.286	17151.4	17140.7	10.6567	477	105	161	1	0.0001 Colloc0 477 2419 0.141239 123.951
910	1	946.607	17161.2	17150.5	10.6304	477	80	186	1	0.0001 Colloc0 477 2372 0.149161 122.491
920	1	956.862	17191.3	17181.5	9.82444	499	93	173	4	0.0001 Colloc0 499 2390 0.276548 81.8303
930	1	967.336	17200.2	17189.6	10.5788	462	84	182	1	0.0001 Colloc0 462 2406 0.139342 119.652
940	1	977.928	17241.2	17231.3	9.89219	488	79	187	1	0.0001 Colloc0 488 2409 0.284205 84.9278
950	1	988.506	17246.7	17235.9	10.7195	476	81	185	3	0.0001 Colloc0 476 2408 0.150219 127.464
960	1	999.16	17183.5	17172.4	11.0309	466	90	176	2	0.0001 Colloc0 466 2405 0.0795956 145.497
970	1	1009.97	17250.4	17239.9	10.4844	495	92	174	3	0.0001 Colloc0 495 2392 0.174225 114.537
980	1	1020.54	17146.6	17136.2	10.4304	478	91	175	1	0.0001 Colloc0 478 2393 0.19875 111.656
990	1	1030.42	17155.3	17144.2	11.1756	460	94	172	2	0.0001 Colloc0 460 2407 0.0683172 154.213
1000	1	1040.67	17284.3	17273.3	11.0011	477	81	185	3	0.0001 Colloc0 477 2410 0.0950152 143.729
1010	1	1051.27	17121.5	17111.1	10.4037	478	77	189	4	0.0001 Colloc0 478 2368 0.186745 110.247
1020	1	1061.95	17218.3	17207.9	10.3861	484	86	180	3	0.0001 Colloc0 484 2395 0.198697 109.32
1030	1	1072.33	17200.4	17189	11.4407	486	83	183	4	0.0001 Colloc0 486 2409 0.0360998 170.679
1040	1	1082.7	17109.2	17098.5	10.674	467	90	176	3	0.0001 Colloc0 467 2407 0.134602 124.914
1050	1	1093.42	17107.2	17096.2	10.9953	486	88	178	3	0.0001 Colloc0 486 2402 0.0935128 143.39
1060	1	1104.21	17104.7	17095.4	9.20955	488	86	180	1	0.0001 Colloc0 488 2389 0.3337 56.6862
1070	1	1114.8	17180.6	17170.5	10.1121	483	80	186	2	0.0001 Colloc0 483 2377 0.241933 95.4038
1080	1	1125.48	17194.2	17184.3	9.9257	478	79	187	3	0.0001 Colloc0 478 2402 0.286212 86.4826
1090	1	1136.09	17166.1	17155.4	10.7281	453	97	169	1	0.0001 Colloc0 453 2390 0.120919 127.947
1100	1	1146.43	17167.2	17155.9	11.2851	460	83	183	1	0.0001 Colloc0 460 2396 0.027119 160.939
1110	1	1156.98	17087.3	17076.7	10.6413	460	86	180	4	0.0001 Colloc0 460 2402 0.115457 123.095
1120	1	1167.38	17113.8	17103.8	10.0061	469	85	181	1	0.0001 Colloc0 469 2391 0.24148 90.2724
1130	1	1177.44	17154	17143.8	10.2306	460	82	184	1	0.0001 Colloc0 460 2405 0.197383 101.31
1140	1	1187.34	17188.3	17177.8	10.5381	469	76	190	1	0.0001 Colloc0 469 2428 0.141995 117.435
1150	1	1197.44	17183.5	17173.2	10.2595	494	87	179	2	0.0001 Colloc0 494 2375 0.225237 102.777
1160	1	1207.97	17273.8	17262.4	11.3497	500	78	188	3	0.0001 Colloc0 500 2426 0.0812804 164.955
1170	1	1218.69	17096.1	17085.6	10.4936	452	92	174	1	0.0001 Colloc0 452 2392 0.135286 115.031
1180	1	1229.23	16993.1	16982.8	10.2721	463	95	171	3	0.0001 Colloc0 463 2367 0.246585 103.419
1190	1	1239.82	17180.4	17169.6	10.7286	481	86	180	1	0.0001 Colloc0 481 2410 0.110471 127.973
1200	1	1249.85	17085.1	17074.7	10.4671	464	86	180	2	0.0001 Colloc0 464 2431 0.171349 113.613
1210	1	1259.96	17161	17150.1	10.9575	467	97	169	2	0.0001 Colloc0 467 2405 0.107882 141.161
1220	1	1270.56	17207.6	17196.9	10.6483	480	87	179	3	0.0001 Colloc0 480 2393 0.165204 123.484
1230	1	1280.78	17116.8	17106.4	10.3895	481	89	177	2	0.0001 Colloc0 481 2378 0.193967 109.502
1240	1	1290.74	17234.4	17223.7	10.6633	473	84	182	3	0.0001 Colloc0 473 2411 0.168624 124.316
1250	1	1300.97	17181.8	17171.2	10.5582	468	86	180	3	0.0001 Colloc0 468 2402 0.153855 118.527
1260	1	1311.12	17184.4	17174.4	9.95001	463	82	184	3	0.0001 Colloc0 463 2371 0.252854 87.6201
1270	1	1321.54	17019.6	17008.9	10.6806	443	98	168	3	0.0001 Colloc0 443 2388 0.114776 125.28
1280	1	1331.53	17093.5	17083.4	10.09	458	87	179	2	0.0001 Colloc0 458 2394 0.201688 94.3209
1290	1	1341.86	17245.3	17234.3	11.0013	472	80	186	2	0.0001 Colloc0 472 2419 0.114448 143.741
1300	1	1352.44	17214	17203.6	10.3183	476	84	182	2	0.0001 Colloc0 476 2394 0.176155 105.794
1310	1	1362.98	17224.9	17215	9.90453	496	77	189	2	0.0001 Colloc0 496 2370 0.263707 85.4983
1320	1	1372.95	17115.8	17105.9	9.84732	467	88	178	2	0.0001 Colloc0 467 2388 0.314578 82.8696
1330	1	1382.97	17179	17168.3	10.6813	464	92	174	1	0.0001 Colloc0 464 2403 0.132451 125.321
1340	1	1393.07	17044.7	17034.4	10.2606	465	99	167	1	0.0001 Colloc0 465 2366 0.244536 102.832
1350	1	1403.69	17114.1	17103.9	10.2261	463	90	176	3	0.0001 Colloc0 463 2415 0.18373 101.083
1360	1	1414.28	17212.3	17201.7	10.5906	475	87	179	1	0.0001 Colloc0 475 2398 0.134032 120.301
1370	1	1424.37	17033.3	17022.5	10.762	460	105	161	1	0.0001 Colloc0 460 2354 0.165334 129.863
1380	1	1434.49	17166.6	17155.8	10.8045	472	91	175	0	0.0001 Colloc0 472 2387 0.117386 132.287
1390	1	1444.46	17127	17116.9	10.0585	485	82	184	1	0.0001 Colloc0 485 2368 0.238764 92.7893
1400	1	1454.97	17153.4	17142.9	10.4428	474	90	176	3	0.0001 Colloc0 474 2384 0.164336 112.314
1410	1	1465.08	17053.6	17043.2	10.485	465	98	168	1	0.0001 Colloc0 465 2357 0.164483 114.572
1420	1	1475.76	17054.4	17043.7	10.7013	467	79	187	2	0.0001 Colloc0 467 2388 0.151602 126.438
1430	1	1485.95	17076.6	17066.5	10.139	455	88	178	2	0.0001 Colloc0 455 2359 0.176994 96.7296
1440	1	1496.29	17193.9	17183	10.8328	486	87	179	2	0.0001 Colloc0 486 2375 0.137039 133.908
1450	1	1506.48	16984.1	16973.3	10.7593	474	99	167	1	0.0001 Colloc0 474 2385 0.140174 129.711
1460	1	1517.22	17098.5	17087.8	10.7452	461	92	174	4	0.0001 Colloc0 461 2401 0.11151 128.914
1470	1	1527.7	17064.7	17054.6	10.154	476	90	176	2	0.0001 Colloc0 476 2341 0.24879 97.4723
1480	1	1538.33	17090.2	17080	10.1121	469	91	175	0	0.0001 Colloc0 469 2356 0.236066 95.4014
1490	1	1548.88	17149.4	17138.9	10.4339	475	78	188	3	0.0001 Colloc0 475 2357 0.182101 111.844
1500	1	1559.44	17172.2	17161.1	11.0974	478	85	181	2	0.0001 Colloc0 478 2366 0.1201 149.481
1510	1	1570.02	17167.4	17157.1	10.3402	475	77	189	2	0.0001 Colloc0 475 2370 0.198765 106.928
1520	1	1580.56	17021	17010.4	10.5897	473	90	176	3	0.0001 Colloc0 473 2332 0.147034 120.249
1530	1	1591	17077.5	17067.1	10.3904	459	92	174	1	0.0001 Colloc0 459 2372 0.138297 109.547
1540	1	1601.56	17299.2	17288.8	10.4399	491	87	179	2	0.0001 Colloc0 491 2393 0.194126 112.161
1550	1	1612.03	17160.4	17149.8	10.6108	483	84	182	2	0.0001 Colloc0 483 2348 0.173049 121.407
1560	1	1621.94	17176.9	17165.7	11.1158	469	84	182	3	0.0001 Colloc0 469 2377 0.0722072 150.585
1570	1	1631.93	17004.4	16994.3	10.0528	469	88	178	3	0.0001 Colloc0 469 2344 0.228621 92.5158
1580	1	1642.62	16966.3	16956.4	9.90524	459	101	165	2	0.0001 Colloc0 459 2369 0.209479 85.5313
1590	1	1653.17	17135.2	17125.1	10.084	466	92	174	1	0.0001 Colloc0 466 2384 0.192105 94.0281
1600	1	1663.9	17033.4	17023.3	10.0437	478	87	179	0	0.0001 Colloc0 478 2348 0.221304 92.0762
1610	1	1674.67	17148.4	17137.3	11.0889	476	78	188	5	0.0001 Colloc0 476 2340 0.099319 148.965
1620	1	1685.31	17128	17117.7	10.3307	485	76	190	3	0.0001 Colloc0 485 2348 0.185337 106.435
1630	1	1695.39	17062.2	17051.9	10.306	466	84	182	2	0.0001 Colloc0 466 2355 0.179377 105.159
1640	1	1705.42	17109.4	17098.7	10.6495	487	89	177	2	0.0001 Colloc0 487 2389 0.15974 123.55
1650	1	1715.61	17075.7	17065.8	9.93717	479	85	181	5	0.0001 Colloc0 479 2356 0.270597 87.018
1660	1	1726.13	16998.2	16987.1	11.0481	456	96	170	2	0.0001 Colloc0 456 2374 0.0356131 146.525
1670	1	1736.85	17033.8	17023.3	10.4966	461	91	175	7	0.0001 Colloc0 461 2360 0.151987 115.195
1680	1	1747.59	17096	17085.3	10.733	482	83	183	5	0.0001 Colloc0 482 2388 0.160725 128.226
1690	1	1758.16	17039.1	17028.7	10.4458	473	93	173	2	0.0001 Colloc0 473 2360 0.169347 112.476
1700	1	1768.59	17085.1	17074.8	10.2687	473	95	171	0	0.0001 Colloc0 473 2373 0.245055 103.243
1710	1	1778.75	17043	17032.1	10.9102	471	93	173	1	0.0001 Colloc0 471 2347 0.207221 138.391
1720	1	1789.2	16981.5	16971.3	10.206	468	101	165	3	0.0001 Colloc0 468 2374 0.219187 100.067
1730	1	1799.59	17070.9	17060.6	10.3056	463	89	177	1	0.0001 Colloc0 463 2368 0.20637 105.137
1740	1	1810.06	17100.7	17090.2	10.4996	464	88	178	0	0.0001 Colloc0 464 2389 0.145145 115.353
1750	1	1820.79	17144.5	17134.2	10.2498	465	82	184	2	0.0001 Colloc0 465 2382 0.203035 102.281
1760	1	1831.36	17218.8	17207.9	10.9066	484	68	198	1	0.0001 Colloc0 484 2372 0.100396 138.178
1770	1	1841.99	17076.6	17065.6	11.0149	468	87	179	1	0.0001 Colloc0 468 2366 0.132334 144.548
1780	1	1852.74	17061.4	17050.2	11.1394	473	86	180	1	0.0001 Colloc0 473 2357 0.0993001 152.012
1790	1	1863.11	17098	17087.6	10.4582	459	94	172	2	0.0001 Colloc0 459 2381 0.137703 113.136
1800	1	1873.46	17067.9	17057.9	10.0246	476	100	166	2	0.0001 Colloc0 476 2366 0.223657 91.1602
1810	1	1884	17229.6	17218.9	10.6967	481	83	183	5	0.0001 Colloc0 481 2384 0.129105 126.182
1820	1	1894.5	17010.4	16999.8	10.6466	455	100	166	2	0.0001 Colloc0 455 2347 0.114249 123.39
1830	1	1905.07	16930.8	16920.4	10.4968	482	103	163	2	0.0001 Colloc0 482 2330 0.194936 115.206
1840	1	1915.76	17043.2	17032.3	10.9435	466	99	167	2	0.0001 Colloc0 466 2334 0.122999 140.334
1850	1	1926.16	17078.4	17067.7	10.7371	458	91	175	3	0.0001 Colloc0 458 2392 0.0912242 128.454
1860	1	1936.7	17069.3	17058.7	10.6613	479	85	181	4	0.0001 Colloc0 479 2388 0.137551 124.205
1870	1	1947.14	17127.7	17117.3	10.3857	488	78	188	1	0.0001 Colloc0 488 2389 0.207497 109.301
1880	1	1957.63	17067.8	17057.4	10.3835	463	98	168	2	0.0001 Colloc0 463 2372 0.171272 109.186
1890	1	1968.16	17099.3	17089	10.3099	483	91	175	3	0.0001 Colloc0 483 2344 0.207518 105.357
1900	1	1978.45	17026.1	17015.6	10.5007	456	87	179	2	0.0001 Colloc0 456 2356 0.141326 115.414
1910	1	1988.69	16996.9	16986.7	10.1773	449	105	161	3	0.0001 Colloc0 449 2355 0.161112 98.6288
1920	1	1998.95	17076.8	17066.7	10.1138	491	86	180	1	0.0001 Colloc0 491 2364 0.243792 95.4888
1930	1	2008.8	17058.8	17048.3	10.521	469	80	186	1	0.0001 Colloc0 469 2352 0.179199 116.51
1940	1	2018.58	17055.7	17045.6	10.1587	464	83	183	2	0.0001 Colloc0 464 2375 0.184831 97.7052
1950	1	2028.8	17161.2	17150.7	10.5093	487	85	181	1	0.0001 Colloc0 487 2349 0.205739 115.877
1960	1	2038.89	17101.8	17090.9	10.9003	454	101	165	4	0.0001 Colloc0 454 2390 0.116479 137.811
1970	1	2049.45	16982.3	16971.6	10.669	452	93	173	3	0.0001 Colloc0 452 2377 0.125932 124.635
1980	1	2059.84	17035.7	17024.9	10.7932	462	85	181	2	0.0001 Colloc0 462 2360 0.0875548 131.64
1990	1	2070.41	17119.2	17108.8	10.3776	480	93	173	2	0.0001 Colloc0 480 2363 0.210397 108.877
2000	1	2080.76	17103.8	17093.5	10.3329	465	83	183	3	0.0001 Colloc0 465 2365 0.165426 106.546
