# D = 0, E = 1, I = 1, P = 1, R = -1, n = 2000, N = 1, P = 1, w = 1, a = 0.0001, b = 10000, e = 1, f = 1, g = 100, h = 0.01, r = 15675, s = 1, S = 0, x = 10, m = 100, Z = 1, z = 0, T = 1, t = 1
# 6082 tokens in 266 sentences
#
# It	Temp	Time	-logP	-logPcorpus	-logPrior	tables	same	changed	reject	default_pya	(parent pym pyn pya pyb)*
0	1	0.834873	23853.2	23739.4	113.764	1899	0	266	0	0.0001 Colloc0 1899 2789 0.0001 10000
10	1	11.9132	18553.8	18542.7	11.1515	569	48	218	1	0.0001 Colloc0 569 2541 0.193284 152.747
20	1	22.3696	18282.2	18270.8	11.4695	508	45	221	0	0.0001 Colloc0 508 2537 0.0768108 172.502
30	1	32.985	17929.3	17918.3	10.9791	489	58	208	1	0.0001 Colloc0 489 2533 0.0820822 142.431
40	1	43.4144	17903.8	17892.9	10.96	505	67	199	1	0.0001 Colloc0 505 2526 0.111244 141.305
50	1	53.8748	17902.7	17892.2	10.5242	493	66	200	1	0.0001 Colloc0 493 2537 0.156621 116.681
60	1	64.1772	17728.7	17718	10.6564	475	67	199	0	0.0001 Colloc0 475 2464 0.127924 123.932
70	1	74.8486	17712.8	17701.7	11.0815	500	72	194	2	0.0001 Colloc0 500 2489 0.0919771 148.524
80	1	85.0081	17764.3	17753.2	11.0418	480	71	195	2	0.0001 Colloc0 480 2527 0.0962719 146.146
90	1	95.2015	17511.9	17501.1	10.7361	483	81	185	2	0.0001 Colloc0 483 2478 0.184544 128.399
100	1	105.471	17600.4	17590	10.3996	490	65	201	3	0.0001 Colloc0 490 2501 0.214477 110.033
110	1	115.99	17408.1	17397	11.0851	457	87	179	1	0.0001 Colloc0 457 2479 0.0384506 148.74
120	1	126.168	17501.7	17490.9	10.8694	476	71	195	0	0.0001 Colloc0 476 2454 0.145436 136.022
130	1	136.378	17420.1	17409.6	10.4927	471	86	180	3	0.0001 Colloc0 471 2449 0.151216 114.984
140	1	146.455	17524.8	17513.9	10.9793	488	78	188	0	0.0001 Colloc0 488 2473 0.10823 142.442
150	1	156.693	17594.8	17583.8	10.9203	478	74	192	0	0.0001 Colloc0 478 2470 0.107995 138.979
160	1	167.225	17532.7	17522.2	10.4077	466	76	190	2	0.0001 Colloc0 466 2458 0.153347 110.456
170	1	177.846	17458.8	17448.3	10.4779	490	80	186	0	0.0001 Colloc0 490 2458 0.207222 114.189
180	1	188.338	17324.8	17314.4	10.4457	465	88	178	3	0.0001 Colloc0 465 2437 0.162424 112.47
190	1	198.783	17420.5	17410.2	10.3345	476	83	183	0	0.0001 Colloc0 476 2470 0.1961 106.63
200	1	209.241	17346.2	17336	10.2296	479	78	188	1	0.0001 Colloc0 479 2421 0.213207 101.255
210	1	219.578	17455.2	17444.2	11.0481	487	79	187	1	0.0001 Colloc0 487 2438 0.0933197 146.527
220	1	230.282	17357.3	17347.3	10.0534	476	77	189	2	0.0001 Colloc0 476 2416 0.216878 92.5438
230	1	240.671	17482.4	17471.4	11.016	480	68	198	6	0.0001 Colloc0 480 2444 0.053922 144.613
240	1	251.27	17437.2	17426.7	10.5365	483	81	185	1	0.0001 Colloc0 483 2405 0.159037 117.349
250	1	261.782	17414.4	17403.3	11.163	469	74	192	0	0.0001 Colloc0 469 2452 0.0158353 153.447
260	1	272.001	17248.4	17237.2	11.2558	460	75	191	1	0.0001 Colloc0 460 2409 0.0617045 159.127
270	1	282.225	17154.5	17143.4	11.0484	451	95	171	2	0.0001 Colloc0 451 2439 0.0800569 146.544
280	1	292.463	17224.3	17213.8	10.4841	462	92	174	2	0.0001 Colloc0 462 2416 0.173083 114.521
290	1	303.026	17306	17295.5	10.5851	471	92	174	3	0.0001 Colloc0 471 2428 0.127005 119.996
300	1	313.732	17127	17116.3	10.6464	458	99	167	0	0.0001 Colloc0 458 2420 0.0872036 123.379
310	1	324.493	17240.9	17230.3	10.6182	469	79	187	1	0.0001 Colloc0 469 2413 0.156283 121.817
320	1	335.017	17319.1	17308.1	10.9622	474	76	190	0	0.0001 Colloc0 474 2393 0.0817664 141.434
330	1	345.337	17332.5	17321.6	10.8794	490	88	178	0	0.0001 Colloc0 490 2398 0.141549 136.601
340	1	355.717	17302.8	17291.6	11.2169	472	80	186	4	0.0001 Colloc0 472 2385 0.0938225 156.734
350	1	365.905	17294.7	17283.3	11.392	487	81	185	1	0.0001 Colloc0 487 2385 0.0880951 167.609
360	1	376.293	17277.1	17265.6	11.561	488	85	181	1	0.0001 Colloc0 488 2384 0.0589959 178.352
370	1	386.557	17158.4	17147.4	11.063	475	86	180	3	0.0001 Colloc0 475 2365 0.0978632 147.417
380	1	396.898	17301.3	17290.5	10.8472	476	82	184	0	0.0001 Colloc0 476 2378 0.139276 134.736
390	1	407.635	17270	17259.6	10.4618	493	81	185	0	0.0001 Colloc0 493 2349 0.184526 113.329
400	1	418.238	17228.8	17217.8	10.9764	487	85	181	1	0.0001 Colloc0 487 2368 0.132514 142.273
410	1	428.72	17219.6	17208.7	10.9924	464	79	187	1	0.0001 Colloc0 464 2375 0.0567305 143.218
420	1	439.333	17204.3	17193.5	10.8449	465	83	183	1	0.0001 Colloc0 465 2350 0.134577 134.603
430	1	450.031	17326.4	17315.2	11.1833	491	80	186	2	0.0001 Colloc0 491 2384 0.108875 154.682
440	1	460.385	17168.8	17158.3	10.4927	499	89	177	2	0.0001 Colloc0 499 2336 0.194655 114.981
450	1	470.762	17082.4	17071.6	10.8307	470	91	175	2	0.0001 Colloc0 470 2359 0.0812989 133.785
460	1	481.336	17206.4	17195.5	10.8653	477	82	184	1	0.0001 Colloc0 477 2406 0.119915 135.783
470	1	491.861	17341.3	17330.5	10.8168	471	71	195	1	0.0001 Colloc0 471 2398 0.129049 132.99
480	1	502.493	17218.3	17207.9	10.4433	470	80	186	3	0.0001 Colloc0 470 2376 0.175749 112.343
490	1	512.988	17105.6	17095.2	10.3387	472	96	170	1	0.0001 Colloc0 472 2370 0.177095 106.846
500	1	523.303	17219.4	17209.2	10.1899	485	82	184	1	0.0001 Colloc0 485 2376 0.233379 99.2603
510	1	533.816	17234	17223	11.0669	450	72	194	1	0.0001 Colloc0 450 2396 0.0505269 147.646
520	1	544.384	17033.5	17022.9	10.6575	463	97	169	3	0.0001 Colloc0 463 2373 0.178689 123.995
530	1	554.701	17210.3	17199.6	10.7367	475	88	178	2	0.0001 Colloc0 475 2357 0.145962 128.435
540	1	565.255	17228.8	17218	10.7229	481	82	184	1	0.0001 Colloc0 481 2374 0.175154 127.657
550	1	575.508	17262.2	17250.6	11.5921	491	84	182	2	0.0001 Colloc0 491 2356 0.0376256 180.355
560	1	585.847	17176.3	17165.7	10.5575	476	86	180	3	0.0001 Colloc0 476 2347 0.106016 118.49
570	1	596.07	17366.8	17355.4	11.3774	511	71	195	2	0.0001 Colloc0 511 2363 0.101555 166.69
580	1	606.432	17182.8	17172.2	10.6398	480	85	181	5	0.0001 Colloc0 480 2324 0.168174 123.011
590	1	616.648	17225.3	17214	11.2541	469	86	180	0	0.0001 Colloc0 469 2353 0.0485129 159.023
600	1	627.158	17165.1	17154.2	10.9268	485	81	185	0	0.0001 Colloc0 485 2347 0.140347 139.359
610	1	637.473	17108	17097.4	10.5995	474	95	171	1	0.0001 Colloc0 474 2342 0.141913 120.789
620	1	648.08	17189	17178.4	10.6363	482	90	176	1	0.0001 Colloc0 482 2349 0.165698 122.819
630	1	658.868	16997.2	16986.6	10.5792	475	95	171	1	0.0001 Colloc0 475 2321 0.199705 119.672
640	1	669.274	17142.2	17131.1	11.1097	477	93	173	1	0.0001 Colloc0 477 2380 0.105139 150.221
650	1	679.617	17189.3	17178.6	10.7349	479	92	174	0	0.0001 Colloc0 479 2374 0.146235 128.33
660	1	690.061	17175.1	17164.8	10.3308	478	81	185	3	0.0001 Colloc0 478 2358 0.207053 106.436
670	1	700.756	17239.9	17229.1	10.7503	480	75	191	2	0.0001 Colloc0 480 2352 0.157128 129.2
680	1	711.026	17145.7	17134.7	10.9867	474	88	178	1	0.0001 Colloc0 474 2315 0.100779 142.879
690	1	721.225	17042.9	17031.9	11.0418	458	89	177	0	0.0001 Colloc0 458 2317 0.0634278 146.151
700	1	731.765	17065.8	17054.5	11.2372	476	84	182	0	0.0001 Colloc0 476 2331 0.0666985 157.983
710	1	742.287	17033.7	17023	10.6847	463	109	157	2	0.0001 Colloc0 463 2333 0.100527 125.508
720	1	752.85	17059	17048.7	10.2435	479	98	168	1	0.0001 Colloc0 479 2348 0.236767 101.959
730	1	763.341	17117.6	17106	11.51	483	86	180	0	0.0001 Colloc0 483 2354 0.0491068 175.085
740	1	773.943	17062.2	17051.9	10.2897	464	85	181	1	0.0001 Colloc0 464 2357 0.171078 104.321
750	1	784.024	17101	17090.2	10.7514	467	77	189	4	0.0001 Colloc0 467 2376 0.153859 129.266
760	1	794.089	17085.8	17075.1	10.7413	475	87	179	2	0.0001 Colloc0 475 2348 0.138085 128.69
770	1	804.221	17076.7	17065.4	11.2811	448	96	170	3	0.0001 Colloc0 448 2378 0.080264 160.687
780	1	814.608	17017.2	17006.2	10.9396	459	99	167	1	0.0001 Colloc0 459 2371 0.0992091 140.107
790	1	824.691	17113.1	17102.5	10.5825	467	96	170	4	0.0001 Colloc0 467 2355 0.174659 119.853
800	1	834.876	17112.3	17101.7	10.5911	480	80	186	1	0.0001 Colloc0 480 2319 0.140775 120.325
810	1	845.099	17027.2	17016.4	10.7345	455	85	181	3	0.0001 Colloc0 455 2351 0.107463 128.31
820	1	855.444	17203.1	17192.5	10.6562	468	83	183	0	0.0001 Colloc0 468 2385 0.110506 123.923
830	1	865.89	17231.3	17220.3	11.0399	480	80	186	0	0.0001 Colloc0 480 2376 0.0610486 146.034
840	1	876.359	17026.5	17015.9	10.6885	483	88	178	2	0.0001 Colloc0 483 2322 0.178644 125.722
850	1	887.062	17207	17196.6	10.401	482	84	182	0	0.0001 Colloc0 482 2350 0.194046 110.103
860	1	897.565	17187.8	17177.4	10.357	477	73	193	1	0.0001 Colloc0 477 2351 0.215071 107.797
870	1	907.941	17076.1	17065.9	10.2664	471	95	171	0	0.0001 Colloc0 471 2353 0.216973 103.128
880	1	918.589	17091.4	17081.3	10.1082	469	100	166	0	0.0001 Colloc0 469 2370 0.193237 95.2135
890	1	929.22	17103.5	17093.1	10.4316	466	96	170	4	0.0001 Colloc0 466 2387 0.139243 111.723
900	1	939.657	17184.7	17174.9	9.84852	474	89	177	1	0.0001 Colloc0 474 2370 0.240355 82.9242
910	1	950.225	17194.1	17183.8	10.3531	471	85	181	0	0.0001 Colloc0 471 2353 0.187864 107.597
920	1	960.514	17041.7	17030.6	11.1092	458	88	178	3	0.0001 Colloc0 458 2334 0.056343 150.188
930	1	971.061	17188	17177.5	10.5416	486	76	190	2	0.0001 Colloc0 486 2345 0.113261 117.623
940	1	981.663	17262.3	17251	11.3717	487	80	186	0	0.0001 Colloc0 487 2382 0.0713391 166.335
950	1	992.143	17098.8	17088.1	10.679	482	99	167	0	0.0001 Colloc0 482 2363 0.161057 125.192
960	1	1002.41	16971	16959.6	11.3996	454	105	161	0	0.0001 Colloc0 454 2331 0.0385549 168.083
970	1	1012.73	17066.6	17055.5	11.1085	446	88	178	2	0.0001 Colloc0 446 2349 0.0336346 150.148
980	1	1023.06	17026.7	17016	10.7053	468	99	167	0	0.0001 Colloc0 468 2325 0.132617 126.662
990	1	1033.55	16945.6	16935	10.6391	461	109	157	0	0.0001 Colloc0 461 2354 0.146177 122.971
1000	1	1044.06	17160.1	17148.6	11.4582	492	76	190	1	0.0001 Colloc0 492 2337 0.0944358 171.788
1010	1	1054.31	17083.9	17073.4	10.4472	488	84	182	2	0.0001 Colloc0 488 2346 0.217016 112.548
1020	1	1065	17044.6	17034.3	10.3149	465	90	176	1	0.0001 Colloc0 465 2344 0.182489 105.614
1030	1	1075.41	17097.8	17086.5	11.299	463	97	169	1	0.0001 Colloc0 463 2313 0.0496317 161.797
1040	1	1085.69	17013.3	17002.3	11.0217	465	104	162	0	0.0001 Colloc0 465 2339 0.0912482 144.95
1050	1	1096.51	17032.5	17022.1	10.3641	472	98	168	2	0.0001 Colloc0 472 2327 0.179583 108.169
1060	1	1106.74	17081.1	17070.6	10.5166	485	84	182	3	0.0001 Colloc0 485 2335 0.179126 116.269
1070	1	1117.14	17033.1	17022.2	10.8779	467	91	175	1	0.0001 Colloc0 467 2347 0.0680208 136.514
1080	1	1127.69	17176.8	17165.5	11.3009	467	87	179	1	0.0001 Colloc0 467 2346 0.0568772 161.914
1090	1	1138.42	17078.6	17068.1	10.5049	466	89	177	2	0.0001 Colloc0 466 2307 0.110197 115.641
1100	1	1149.17	17025.2	17014.3	10.8794	468	101	165	3	0.0001 Colloc0 468 2341 0.113458 136.6
1110	1	1159.49	17102	17090.4	11.5141	461	82	184	2	0.0001 Colloc0 461 2319 0.0190017 175.348
1120	1	1170	17118.6	17107.7	10.8945	468	83	183	2	0.0001 Colloc0 468 2357 0.0963332 137.477
1130	1	1180.66	17142.9	17132	10.9087	470	86	180	0	0.0001 Colloc0 470 2379 0.0932189 138.304
1140	1	1190.9	17163.6	17152.8	10.7726	468	87	179	0	0.0001 Colloc0 468 2366 0.11242 130.467
1150	1	1201.4	17113.3	17102.2	11.0382	479	86	180	2	0.0001 Colloc0 479 2373 0.0712457 145.936
1160	1	1211.95	17067.9	17057.2	10.7234	467	95	171	1	0.0001 Colloc0 467 2332 0.129679 127.683
1170	1	1222.41	16881.8	16871.2	10.6135	472	98	168	0	0.0001 Colloc0 472 2326 0.144333 121.561
1180	1	1232.96	17003.8	16993.2	10.6336	475	96	170	0	0.0001 Colloc0 475 2324 0.17129 122.668
1190	1	1243.49	16981.7	16971.1	10.6135	469	99	167	1	0.0001 Colloc0 469 2325 0.158639 121.56
1200	1	1253.97	17124.6	17113.7	10.9199	486	82	184	2	0.0001 Colloc0 486 2345 0.0966731 138.954
1210	1	1264.17	17028.1	17017.3	10.7735	470	96	170	1	0.0001 Colloc0 470 2352 0.0955539 130.518
1220	1	1274.36	17121.5	17110.4	11.044	482	81	185	0	0.0001 Colloc0 482 2349 0.0918818 146.279
1230	1	1284.59	17022.5	17011.6	10.9148	460	87	179	2	0.0001 Colloc0 460 2355 0.0862842 138.655
1240	1	1295.08	17063.4	17052.5	10.8662	467	90	176	1	0.0001 Colloc0 467 2340 0.155492 135.836
1250	1	1305.34	17077.1	17066.8	10.2873	475	77	189	2	0.0001 Colloc0 475 2359 0.161322 104.196
1260	1	1315.73	17068	17057.1	10.8651	461	86	180	2	0.0001 Colloc0 461 2341 0.0764458 135.769
1270	1	1326.16	16999.2	16989.1	10.1206	475	98	168	3	0.0001 Colloc0 475 2335 0.240248 95.821
1280	1	1336.59	17004.2	16994.4	9.8053	468	102	164	1	0.0001 Colloc0 468 2325 0.251942 80.967
1290	1	1347.3	17141.7	17130.5	11.1334	480	84	182	3	0.0001 Colloc0 480 2354 0.0397997 151.65
1300	1	1357.6	16960.5	16950.1	10.32	472	100	166	1	0.0001 Colloc0 472 2328 0.218995 105.877
1310	1	1368.22	17090.4	17079.3	11.0571	461	88	178	2	0.0001 Colloc0 461 2371 0.0247149 147.059
1320	1	1378.81	16999.2	16988.4	10.777	476	103	163	0	0.0001 Colloc0 476 2325 0.134427 130.716
1330	1	1389.53	17086.6	17075.9	10.7155	490	85	181	4	0.0001 Colloc0 490 2336 0.216469 127.235
1340	1	1399.9	17006.5	16996.2	10.287	480	97	169	0	0.0001 Colloc0 480 2339 0.201388 104.183
1350	1	1410.3	16946.3	16935.3	11.0725	459	115	151	1	0.0001 Colloc0 459 2366 0.0256515 147.983
1360	1	1420.88	16947.7	16937.1	10.6634	473	100	166	1	0.0001 Colloc0 473 2342 0.176406 124.324
1370	1	1431.12	16983.9	16972.5	11.3469	470	106	160	4	0.0001 Colloc0 470 2358 0.0630154 164.78
1380	1	1441.37	17036.3	17025.8	10.551	478	89	177	3	0.0001 Colloc0 478 2348 0.172804 118.138
1390	1	1451.65	17039.9	17029.4	10.4507	483	87	179	5	0.0001 Colloc0 483 2323 0.200118 112.735
1400	1	1461.86	16953.1	16942.1	11.0156	472	95	171	0	0.0001 Colloc0 472 2313 0.126224 144.59
1410	1	1472.17	16959.4	16948.9	10.488	461	103	163	1	0.0001 Colloc0 461 2311 0.214282 114.729
1420	1	1482.56	17119.8	17109.5	10.3377	480	88	178	1	0.0001 Colloc0 480 2333 0.200537 106.796
1430	1	1492.95	17111.1	17100.8	10.3255	464	86	180	0	0.0001 Colloc0 464 2359 0.191836 106.163
1440	1	1503.52	17084.7	17073.9	10.8189	471	90	176	0	0.0001 Colloc0 471 2357 0.144464 133.109
1450	1	1514.11	16996.2	16985.3	10.9185	472	103	163	1	0.0001 Colloc0 472 2348 0.139248 138.871
1460	1	1524.78	17102.5	17091.4	11.05	472	85	181	0	0.0001 Colloc0 472 2362 0.048669 146.639
1470	1	1535.28	17080.3	17069.1	11.1489	473	104	162	0	0.0001 Colloc0 473 2370 0.0573081 152.587
1480	1	1546.04	16990.6	16980.1	10.5502	485	93	173	1	0.0001 Colloc0 485 2332 0.19242 118.095
1490	1	1556.74	16925.6	16915.4	10.2403	481	96	170	4	0.0001 Colloc0 481 2348 0.233387 101.8
1500	1	1567.42	17040.7	17029.5	11.1826	469	86	180	2	0.0001 Colloc0 469 2320 0.0729775 154.637
1510	1	1578.16	17122.5	17111.3	11.1996	484	91	175	1	0.0001 Colloc0 484 2357 0.0352736 155.679
1520	1	1588.81	17011.1	16999.7	11.3225	461	92	174	2	0.0001 Colloc0 461 2355 0.0614753 163.261
1530	1	1599.42	16936.6	16925.5	11.11	458	98	168	4	0.0001 Colloc0 458 2305 0.0230882 150.237
1540	1	1610.11	16988.1	16977.5	10.5938	478	93	173	3	0.0001 Colloc0 478 2342 0.150399 120.476
1550	1	1620.76	16917.2	16906.7	10.4437	460	101	165	1	0.0001 Colloc0 460 2317 0.153573 112.364
1560	1	1631.43	17007.8	16997.3	10.5457	473	94	172	2	0.0001 Colloc0 473 2336 0.143212 117.847
1570	1	1642.04	16908.7	16897.6	11.057	464	92	174	1	0.0001 Colloc0 464 2312 0.0688471 147.058
1580	1	1652.55	16854	16842.9	11.0268	460	111	155	3	0.0001 Colloc0 460 2312 0.110043 145.256
1590	1	1663.27	16903.6	16893.4	10.1149	451	115	151	2	0.0001 Colloc0 451 2336 0.200067 95.5402
1600	1	1673.7	17001.8	16991.2	10.5586	479	89	177	3	0.0001 Colloc0 479 2302 0.173552 118.55
1610	1	1684.48	17072.6	17061.9	10.763	462	92	174	1	0.0001 Colloc0 462 2347 0.131144 129.921
1620	1	1695.09	17007.8	16997	10.782	469	95	171	1	0.0001 Colloc0 469 2280 0.104809 131.003
1630	1	1705.26	17041.4	17029.8	11.6284	472	95	171	1	0.0001 Colloc0 472 2365 0.00181578 182.704
1640	1	1715.61	17006	16995.5	10.5242	478	92	174	2	0.0001 Colloc0 478 2338 0.174985 116.679
1650	1	1725.85	16997	16986.6	10.3913	485	94	172	1	0.0001 Colloc0 485 2294 0.225326 109.594
1660	1	1735.96	16971.5	16961	10.4573	459	91	175	3	0.0001 Colloc0 459 2333 0.132626 113.088
1670	1	1746.19	16855.8	16845.1	10.6891	456	110	156	1	0.0001 Colloc0 456 2323 0.147781 125.758
1680	1	1756.84	17008.1	16997.2	10.9334	459	90	176	3	0.0001 Colloc0 459 2341 0.0912757 139.744
1690	1	1767.52	16855.6	16845.2	10.4259	471	118	148	3	0.0001 Colloc0 471 2334 0.189024 111.421
1700	1	1777.62	16921	16910.9	10.1477	477	102	164	2	0.0001 Colloc0 477 2312 0.255071 97.1586
1710	1	1787.94	16988.4	16977.9	10.4788	475	97	169	3	0.0001 Colloc0 475 2295 0.192165 114.236
1720	1	1798.14	17062.9	17051.2	11.6968	477	98	168	2	0.0001 Colloc0 477 2334 0.0299518 187.162
1730	1	1808.26	17008.8	16998.3	10.4668	474	91	175	4	0.0001 Colloc0 474 2339 0.193006 113.594
1740	1	1818.42	16926.3	16915.7	10.5642	459	105	161	4	0.0001 Colloc0 459 2315 0.0977969 118.855
1750	1	1828.77	16854.4	16843.7	10.692	445	114	152	4	0.0001 Colloc0 445 2318 0.155312 125.917
1760	1	1839.35	16857.6	16847.7	9.84027	462	113	153	0	0.0001 Colloc0 462 2319 0.258011 82.5486
1770	1	1849.91	16959.5	16949	10.4879	475	91	175	4	0.0001 Colloc0 475 2319 0.152923 114.726
1780	1	1860.39	17015.7	17005.2	10.5692	474	107	159	2	0.0001 Colloc0 474 2320 0.14617 119.126
1790	1	1870.64	16859.7	16848.3	11.4878	476	106	160	4	0.0001 Colloc0 476 2300 0.0591674 173.666
1800	1	1881.33	16961.3	16950.7	10.5381	474	99	167	1	0.0001 Colloc0 474 2304 0.232177 117.433
1810	1	1891.89	16927	16916	10.9281	472	93	173	4	0.0001 Colloc0 472 2270 0.0902168 139.434
1820	1	1902.64	17070.4	17059.5	10.9657	483	90	176	1	0.0001 Colloc0 483 2291 0.122901 141.643
1830	1	1913.08	16963.9	16952.9	10.9967	477	90	176	1	0.0001 Colloc0 477 2305 0.136424 143.468
1840	1	1923.36	17060.7	17049.4	11.2902	483	92	174	9	0.0001 Colloc0 483 2308 0.0610916 161.251
1850	1	1933.63	17047.8	17037.2	10.6511	480	88	178	2	0.0001 Colloc0 480 2305 0.16271 123.639
1860	1	1944.29	16973.6	16962.9	10.7584	473	99	167	0	0.0001 Colloc0 473 2319 0.120577 129.662
1870	1	1954.6	17026.4	17015.5	10.8788	485	100	166	3	0.0001 Colloc0 485 2311 0.210749 136.561
1880	1	1964.86	17027.9	17017	10.9236	461	94	172	5	0.0001 Colloc0 461 2325 0.0974408 139.17
1890	1	1974.8	16947.9	16937	10.8739	464	85	181	2	0.0001 Colloc0 464 2300 0.0948655 136.28
1900	1	1985.26	16868.9	16858.6	10.288	470	104	162	1	0.0001 Colloc0 470 2264 0.256526 104.23
1910	1	1995.68	17103.9	17092.9	11.0273	496	79	187	2	0.0001 Colloc0 496 2330 0.114374 145.285
1920	1	2005.86	17002.9	16991.9	11.0534	462	80	186	2	0.0001 Colloc0 462 2285 0.0652666 146.844
1930	1	2016.42	17036.3	17025.1	11.1386	485	93	173	2	0.0001 Colloc0 485 2310 0.0846057 151.965
1940	1	2026.6	16976.2	16965.7	10.4404	467	93	173	4	0.0001 Colloc0 467 2317 0.148947 112.189
1950	1	2036.6	16955.1	16944.3	10.8443	485	87	179	1	0.0001 Colloc0 485 2347 0.143996 134.569
1960	1	2046.75	16989.8	16979.2	10.6546	460	95	171	3	0.0001 Colloc0 460 2314 0.14287 123.83
1970	1	2056.78	17131.4	17121.3	10.1092	495	92	174	3	0.0001 Colloc0 495 2321 0.242715 95.2622
1980	1	2066.82	16943.8	16932.2	11.603	468	98	168	2	0.0001 Colloc0 468 2327 0.0217272 181.065
1990	1	2077.21	16915.8	16904.7	11.1155	473	107	159	6	0.0001 Colloc0 473 2304 0.106167 150.568
2000	1	2087.34	16900.6	16889.6	10.9416	457	100	166	2	0.0001 Colloc0 457 2300 0.0798919 140.223
