# D = 0, E = 1, I = 1, P = 1, R = -1, n = 2000, N = 1, P = 1, w = 1, a = 0.0001, b = 10000, e = 1, f = 1, g = 100, h = 0.01, r = 4897, s = 1, S = 0, x = 10, m = 100, Z = 1, z = 0, T = 1, t = 1
# 6082 tokens in 266 sentences
#
# It	Temp	Time	-logP	-logPcorpus	-logPrior	tables	same	changed	reject	default_pya	(parent pym pyn pya pyb)*
0	1	0.817875	23649.9	23536.1	113.764	1704	0	266	0	0.0001 Colloc0 1704 2489 0.0001 10000
10	1	12.5491	18686.1	18674.1	11.9901	591	42	224	2	0.0001 Colloc0 591 2518 0.109413 206.676
20	1	23.1605	18117.7	18106.5	11.2301	497	52	214	4	0.0001 Colloc0 497 2482 0.0780288 157.545
30	1	33.6829	17909.9	17899.4	10.4604	493	67	199	5	0.0001 Colloc0 493 2481 0.138231 113.255
40	1	44.1423	17842.7	17831.9	10.8029	487	59	207	2	0.0001 Colloc0 487 2496 0.121406 132.193
50	1	54.8297	17776.8	17765.8	11.0152	488	65	201	4	0.0001 Colloc0 488 2525 0.120915 144.565
60	1	65.549	17623	17612.1	10.8554	460	75	191	1	0.0001 Colloc0 460 2513 0.123926 135.211
70	1	75.9685	17758.8	17747.6	11.1905	484	67	199	2	0.0001 Colloc0 484 2523 0.10862 155.121
80	1	86.4379	17453.1	17442.8	10.3173	481	84	182	1	0.0001 Colloc0 481 2445 0.245419 105.738
90	1	97.0872	17474	17463.7	10.2139	471	87	179	2	0.0001 Colloc0 471 2461 0.205727 100.466
100	1	107.574	17476	17465.4	10.6321	488	85	181	3	0.0001 Colloc0 488 2458 0.208874 122.582
110	1	117.641	17274.1	17264.3	9.78059	455	87	179	0	0.0001 Colloc0 455 2444 0.221295 79.8595
120	1	127.993	17367.5	17356.9	10.6785	474	86	180	2	0.0001 Colloc0 474 2423 0.142939 125.163
130	1	138.338	17528.2	17517.9	10.2987	487	77	189	1	0.0001 Colloc0 487 2450 0.2143 104.783
140	1	148.663	17490.6	17480.2	10.4248	491	70	196	2	0.0001 Colloc0 491 2428 0.167137 111.361
150	1	159.092	17375.8	17364.9	10.9559	472	90	176	0	0.0001 Colloc0 472 2433 0.0641497 141.067
160	1	169.645	17578.3	17567.2	11.1185	475	69	197	0	0.0001 Colloc0 475 2468 0.0267679 150.753
170	1	180.173	17566.2	17555.6	10.5718	491	78	188	3	0.0001 Colloc0 491 2451 0.157386 119.272
180	1	190.315	17390	17379.4	10.5883	474	80	186	1	0.0001 Colloc0 474 2446 0.180322 120.171
190	1	200.425	17347.6	17336.3	11.3413	459	84	182	1	0.0001 Colloc0 459 2455 0.00256787 164.428
200	1	210.575	17368.5	17357.5	10.9988	469	78	188	4	0.0001 Colloc0 469 2416 0.137056 143.595
210	1	221.047	17446.2	17435.1	11.1822	473	66	200	0	0.0001 Colloc0 473 2444 0.0782413 154.613
220	1	231.473	17456.9	17446	10.9459	473	72	194	2	0.0001 Colloc0 473 2442 0.0993049 140.479
230	1	241.883	17475.9	17465	10.9278	477	87	179	2	0.0001 Colloc0 477 2440 0.0785365 139.418
240	1	252.66	17475.1	17464.7	10.3983	478	64	202	1	0.0001 Colloc0 478 2454 0.23096 109.962
250	1	263.142	17608	17597.3	10.7002	456	68	198	1	0.0001 Colloc0 456 2495 0.119897 126.377
260	1	273.415	17487.1	17476.7	10.4196	482	77	189	2	0.0001 Colloc0 482 2446 0.191987 111.086
270	1	283.545	17515.4	17505.1	10.2926	494	69	197	3	0.0001 Colloc0 494 2427 0.220812 104.469
280	1	294.137	17493.2	17482.2	10.9496	484	73	193	3	0.0001 Colloc0 484 2434 0.126603 140.697
290	1	304.602	17547.7	17537	10.7465	478	71	195	3	0.0001 Colloc0 478 2474 0.125072 128.986
300	1	315.308	17524	17512.8	11.1963	481	72	194	2	0.0001 Colloc0 481 2438 0.0883334 155.473
310	1	325.919	17487	17476.5	10.5119	462	79	187	0	0.0001 Colloc0 462 2457 0.180944 116.015
320	1	336.038	17455	17444.3	10.6914	469	77	189	3	0.0001 Colloc0 469 2430 0.101844 125.883
330	1	346.25	17469.1	17458.1	10.9663	476	80	186	1	0.0001 Colloc0 476 2450 0.0857313 141.679
340	1	356.536	17386.5	17375.9	10.5648	461	78	188	0	0.0001 Colloc0 461 2420 0.10585 118.888
350	1	366.965	17373.2	17362.9	10.351	473	80	186	4	0.0001 Colloc0 473 2417 0.143153 107.488
360	1	376.96	17501.8	17490.7	11.0619	467	76	190	4	0.0001 Colloc0 467 2474 0.0599477 147.348
370	1	387.301	17418.4	17407.6	10.8158	492	71	195	1	0.0001 Colloc0 492 2414 0.144624 132.934
380	1	397.906	17449	17438.6	10.3773	463	75	191	2	0.0001 Colloc0 463 2461 0.121711 108.858
390	1	408.251	17381.2	17370.9	10.2277	466	77	189	5	0.0001 Colloc0 466 2432 0.193776 101.162
400	1	418.528	17492	17480.6	11.3585	478	69	197	4	0.0001 Colloc0 478 2432 0.0504962 165.506
410	1	428.936	17295.1	17284.5	10.6387	473	78	188	3	0.0001 Colloc0 473 2425 0.153371 122.951
420	1	439.555	17399.2	17388	11.1375	466	73	193	1	0.0001 Colloc0 466 2439 0.0775912 151.896
430	1	449.701	17458.9	17448.5	10.4166	473	71	195	3	0.0001 Colloc0 473 2437 0.228507 110.93
440	1	459.953	17325.4	17314.5	10.853	470	90	176	1	0.0001 Colloc0 470 2458 0.094743 135.072
450	1	470.407	17406.3	17395.6	10.703	476	77	189	3	0.0001 Colloc0 476 2443 0.114753 126.537
460	1	480.832	17402.1	17391.4	10.6881	493	82	184	4	0.0001 Colloc0 493 2404 0.170832 125.703
470	1	491.065	17489.2	17478.7	10.4932	485	71	195	3	0.0001 Colloc0 485 2460 0.186042 115.009
480	1	501.352	17424.8	17414.7	10.1597	466	75	191	1	0.0001 Colloc0 466 2442 0.195796 97.7558
490	1	511.802	17223.3	17213.4	9.90812	466	88	178	2	0.0001 Colloc0 466 2446 0.249145 85.665
500	1	522.532	17244.8	17234.6	10.2792	477	79	187	2	0.0001 Colloc0 477 2412 0.218365 103.78
510	1	533.069	17341.6	17331	10.5704	465	69	197	2	0.0001 Colloc0 465 2406 0.142006 119.196
520	1	543.592	17182.5	17172.1	10.382	457	79	187	3	0.0001 Colloc0 457 2413 0.187176 109.108
530	1	554.295	17268.9	17258.8	10.1026	468	81	185	3	0.0001 Colloc0 468 2422 0.191518 94.9392
540	1	564.932	17224.8	17214.6	10.1941	466	84	182	3	0.0001 Colloc0 466 2422 0.23833 99.4689
550	1	575.301	17233.6	17223	10.643	472	90	176	2	0.0001 Colloc0 472 2445 0.116727 123.186
560	1	585.737	17310.7	17300.7	10.0181	471	80	186	2	0.0001 Colloc0 471 2425 0.236873 90.8487
570	1	596.398	17210.7	17199.8	10.8303	480	83	183	2	0.0001 Colloc0 480 2410 0.085682 133.763
580	1	606.745	17315.3	17304.5	10.808	490	78	188	2	0.0001 Colloc0 490 2442 0.119147 132.484
590	1	617.254	17250.3	17239.7	10.5997	487	78	188	1	0.0001 Colloc0 487 2411 0.200725 120.799
600	1	627.922	17274.1	17263.9	10.1633	477	87	179	2	0.0001 Colloc0 477 2449 0.19928 97.9348
610	1	638.303	17383.6	17372.4	11.1727	481	81	185	3	0.0001 Colloc0 481 2448 0.0411943 154.036
620	1	648.871	17317.5	17306.6	10.9173	480	86	180	3	0.0001 Colloc0 480 2440 0.154152 138.805
630	1	659.397	17195.9	17185.3	10.5397	458	99	167	2	0.0001 Colloc0 458 2425 0.143281 117.523
640	1	669.807	17351	17340.2	10.8411	490	81	185	2	0.0001 Colloc0 490 2427 0.145116 134.388
650	1	680.062	17235.5	17225.5	9.97228	476	85	181	1	0.0001 Colloc0 476 2395 0.281896 88.6687
660	1	690.708	17306.3	17295.3	10.9604	499	76	190	2	0.0001 Colloc0 499 2412 0.133811 141.329
670	1	701.209	17344.3	17332.7	11.5563	486	79	187	2	0.0001 Colloc0 486 2403 0.031198 178.054
680	1	711.576	17368.3	17357.4	10.9563	484	71	195	6	0.0001 Colloc0 484 2397 0.134425 141.09
690	1	721.962	17378.7	17368.2	10.5031	489	67	199	2	0.0001 Colloc0 489 2421 0.196946 115.542
700	1	732.439	17420.8	17409.8	11.0009	483	72	194	2	0.0001 Colloc0 483 2447 0.130384 143.719
710	1	742.947	17328	17317.6	10.4214	485	77	189	6	0.0001 Colloc0 485 2408 0.185381 111.18
720	1	753.716	17293.4	17283.1	10.2208	488	90	176	0	0.0001 Colloc0 488 2420 0.208073 100.812
730	1	764.161	17087.4	17076.6	10.8301	454	102	164	3	0.0001 Colloc0 454 2414 0.0703521 133.751
740	1	774.769	17255.8	17244.9	10.8242	476	80	186	2	0.0001 Colloc0 476 2416 0.0888963 133.416
750	1	785.21	17255.7	17244.7	10.9112	469	76	190	0	0.0001 Colloc0 469 2417 0.146239 138.447
760	1	795.483	17302.3	17292.5	9.79019	462	86	180	4	0.0001 Colloc0 462 2419 0.240905 80.2886
770	1	805.933	17397.8	17387.2	10.5753	476	77	189	1	0.0001 Colloc0 476 2434 0.171429 119.461
780	1	816.485	17204.4	17194	10.3483	456	94	172	3	0.0001 Colloc0 456 2432 0.127505 107.346
790	1	827.054	17158	17147	10.992	454	97	169	3	0.0001 Colloc0 454 2415 0.103253 143.191
800	1	837.61	17357.6	17347.5	10.0788	477	70	196	1	0.0001 Colloc0 477 2426 0.172099 93.7742
810	1	848.256	17498.8	17487.8	11.0261	479	60	206	3	0.0001 Colloc0 479 2451 0.0940263 145.216
820	1	858.93	17396.7	17386.4	10.3508	474	74	192	3	0.0001 Colloc0 474 2427 0.147179 107.475
830	1	869.283	17369.9	17359.8	10.1169	474	69	197	2	0.0001 Colloc0 474 2410 0.207753 95.6409
840	1	880.04	17385.8	17374.9	10.9097	470	90	176	4	0.0001 Colloc0 470 2421 0.102611 138.36
850	1	890.615	17332.5	17321.4	11.08	470	78	188	3	0.0001 Colloc0 470 2434 0.0804702 148.431
860	1	901.051	17257.2	17246.9	10.3537	458	77	189	2	0.0001 Colloc0 458 2415 0.159462 107.626
870	1	911.28	17318.6	17307.6	11.091	458	79	187	3	0.0001 Colloc0 458 2407 0.0390969 149.095
880	1	921.614	17469.1	17458	11.0921	489	65	201	2	0.0001 Colloc0 489 2394 0.0922284 149.161
890	1	931.879	17301.9	17290.2	11.6324	464	80	186	2	0.0001 Colloc0 464 2401 0.0171733 182.964
900	1	942.156	17247.4	17237.2	10.2478	474	84	182	0	0.0001 Colloc0 474 2397 0.238669 102.181
910	1	952.73	17244.5	17233.3	11.2502	465	84	182	1	0.0001 Colloc0 465 2398 0.0570488 158.784
920	1	963.293	17259.1	17249.2	9.92379	470	84	182	1	0.0001 Colloc0 470 2430 0.209896 86.3937
930	1	973.707	17113.6	17103.5	10.1107	456	94	172	3	0.0001 Colloc0 456 2423 0.238056 95.3355
940	1	984.524	17261.3	17251.1	10.1857	462	79	187	3	0.0001 Colloc0 462 2418 0.159728 99.0492
950	1	994.842	17355.9	17344.9	11.0199	486	79	187	3	0.0001 Colloc0 486 2432 0.0955228 144.845
960	1	1005.57	17244.6	17234	10.6171	454	81	185	2	0.0001 Colloc0 454 2425 0.10838 121.756
970	1	1016.22	17258	17247.1	10.875	478	87	179	2	0.0001 Colloc0 478 2383 0.155111 136.342
980	1	1026.76	17288.9	17278	10.9092	475	74	192	2	0.0001 Colloc0 475 2396 0.145057 138.33
990	1	1037.41	17320.7	17310	10.7495	474	70	196	4	0.0001 Colloc0 474 2416 0.150759 129.154
1000	1	1048	17237.5	17227.1	10.3318	457	89	177	1	0.0001 Colloc0 457 2400 0.216953 106.491
1010	1	1058.65	17173.4	17163.4	10.0922	482	94	172	2	0.0001 Colloc0 482 2379 0.234782 94.4295
1020	1	1068.92	17355.8	17345	10.8181	469	84	182	2	0.0001 Colloc0 469 2440 0.0595875 133.065
1030	1	1079.05	17248.6	17237.4	11.1661	465	84	182	1	0.0001 Colloc0 465 2416 0.0670888 153.635
1040	1	1089.38	17276.2	17265.6	10.5852	464	87	179	2	0.0001 Colloc0 464 2429 0.0963236 120
1050	1	1099.71	17253.8	17242.8	11.0338	459	77	189	4	0.0001 Colloc0 459 2413 0.0821295 145.67
1060	1	1109.84	17283	17272.3	10.7596	475	81	185	1	0.0001 Colloc0 475 2430 0.133987 129.728
1070	1	1120.37	17455.4	17444.3	11.0988	491	68	198	2	0.0001 Colloc0 491 2448 0.076412 149.563
1080	1	1130.6	17256.2	17245.5	10.6558	465	82	184	2	0.0001 Colloc0 465 2413 0.1931 123.897
1090	1	1141.23	17226.8	17216.5	10.2532	466	81	185	4	0.0001 Colloc0 466 2416 0.196857 102.453
1100	1	1151.75	17222	17211.6	10.4225	459	89	177	1	0.0001 Colloc0 459 2429 0.143633 111.241
1110	1	1162.12	17217.5	17207.4	10.0143	467	87	179	2	0.0001 Colloc0 467 2433 0.25403 90.6642
1120	1	1172.83	17266.4	17256.1	10.2986	453	85	181	1	0.0001 Colloc0 453 2425 0.189313 104.778
1130	1	1183.3	17341.5	17330.8	10.7472	483	73	193	2	0.0001 Colloc0 483 2453 0.13403 129.024
1140	1	1193.9	17317.2	17306.7	10.4992	480	82	184	2	0.0001 Colloc0 480 2439 0.199586 115.333
1150	1	1204.37	17344.3	17332.9	11.336	453	77	189	2	0.0001 Colloc0 453 2425 0.0379432 164.101
1160	1	1214.45	17294.1	17284	10.0734	469	81	185	3	0.0001 Colloc0 469 2437 0.209632 93.5134
1170	1	1224.67	17312.8	17301.6	11.1387	475	76	190	2	0.0001 Colloc0 475 2396 0.0869373 151.971
1180	1	1234.92	17422.6	17411.1	11.5689	486	74	192	3	0.0001 Colloc0 486 2443 0.0112976 178.863
1190	1	1245.43	17441.8	17431.7	10.0914	491	79	187	2	0.0001 Colloc0 491 2450 0.262702 94.3927
1200	1	1255.97	17221.5	17210.5	10.9376	450	80	186	1	0.0001 Colloc0 450 2418 0.0572915 139.99
1210	1	1266.52	17177.6	17167	10.5762	464	74	192	2	0.0001 Colloc0 464 2409 0.140482 119.512
1220	1	1276.61	17209.5	17199.3	10.2682	456	83	183	2	0.0001 Colloc0 456 2395 0.153521 103.217
1230	1	1287.02	17302.1	17291.2	10.9174	462	78	188	6	0.0001 Colloc0 462 2433 0.123102 138.808
1240	1	1297.67	17304.5	17294.5	10.0604	487	83	183	1	0.0001 Colloc0 487 2410 0.222804 92.8847
1250	1	1308.09	17167.9	17157.4	10.4544	482	90	176	4	0.0001 Colloc0 482 2406 0.203516 112.935
1260	1	1318.46	17245	17233.6	11.3456	474	84	182	4	0.0001 Colloc0 474 2398 0.0943482 164.697
1270	1	1329.28	17280.4	17270.3	10.0932	481	80	186	2	0.0001 Colloc0 481 2418 0.240914 94.4759
1280	1	1339.68	17100	17089.9	10.0823	473	89	177	2	0.0001 Colloc0 473 2391 0.252727 93.9466
1290	1	1350.01	17171.9	17160.7	11.1803	461	86	180	1	0.0001 Colloc0 461 2397 0.0635991 154.499
1300	1	1360.65	17042.6	17031.8	10.7044	461	99	167	3	0.0001 Colloc0 461 2398 0.132294 126.611
1310	1	1371.25	17224.5	17213	11.5034	459	74	192	2	0.0001 Colloc0 459 2410 0.0216622 174.661
1320	1	1381.87	17230.1	17219.6	10.5183	477	96	170	1	0.0001 Colloc0 477 2386 0.177421 116.361
1330	1	1392.5	17108.8	17098.1	10.6859	478	106	160	3	0.0001 Colloc0 478 2407 0.124417 125.578
1340	1	1403.2	17106.1	17095.2	10.8996	476	100	166	2	0.0001 Colloc0 476 2372 0.199719 137.775
1350	1	1413.89	17126.1	17115.9	10.2235	479	91	175	0	0.0001 Colloc0 479 2388 0.201836 100.948
1360	1	1424.05	17174.7	17163.7	11.0064	462	88	178	2	0.0001 Colloc0 462 2432 0.124977 144.043
1370	1	1434.7	17278	17266.7	11.2297	479	85	181	1	0.0001 Colloc0 479 2418 0.0597539 157.524
1380	1	1445.04	17300.7	17289.6	11.1077	474	75	191	3	0.0001 Colloc0 474 2407 0.112654 150.101
1390	1	1455.29	17180.8	17169.7	11.0794	459	82	184	2	0.0001 Colloc0 459 2412 0.0481452 148.398
1400	1	1465.55	17257.8	17247	10.8476	484	74	192	2	0.0001 Colloc0 484 2407 0.15875 134.762
1410	1	1475.78	17253.5	17242.6	10.9555	471	80	186	2	0.0001 Colloc0 471 2388 0.10606 141.04
1420	1	1486.06	17169.6	17159.2	10.3798	470	94	172	3	0.0001 Colloc0 470 2392 0.208636 108.994
1430	1	1496.47	17318.9	17308.2	10.7128	476	69	197	4	0.0001 Colloc0 476 2415 0.13878 127.085
1440	1	1506.97	17202.7	17191.4	11.3858	468	70	196	4	0.0001 Colloc0 468 2381 0.0264087 167.214
1450	1	1517.5	17281.9	17270.9	10.9946	479	86	180	2	0.0001 Colloc0 479 2386 0.129038 143.347
1460	1	1528.19	17245.3	17234.9	10.4104	484	83	183	2	0.0001 Colloc0 484 2404 0.135558 110.6
1470	1	1538.75	17242.2	17231.8	10.4309	481	78	188	3	0.0001 Colloc0 481 2384 0.119757 111.687
1480	1	1548.99	17101.1	17090.5	10.6635	459	93	173	3	0.0001 Colloc0 459 2388 0.126863 124.327
1490	1	1559.53	17173.6	17163	10.6139	468	82	184	3	0.0001 Colloc0 468 2379 0.0995184 121.579
1500	1	1570.02	17259.4	17248.9	10.423	484	79	187	3	0.0001 Colloc0 484 2395 0.200066 111.268
1510	1	1580.63	17172.3	17161.9	10.4007	480	91	175	6	0.0001 Colloc0 480 2372 0.181409 110.089
1520	1	1591	17226.1	17215.6	10.4677	469	84	182	2	0.0001 Colloc0 469 2388 0.179017 113.644
1530	1	1601.69	17205.9	17195	10.8646	477	86	180	2	0.0001 Colloc0 477 2410 0.137645 135.739
1540	1	1612.36	17125.6	17115.3	10.233	458	98	168	6	0.0001 Colloc0 458 2419 0.202107 101.431
1550	1	1622.61	17171.8	17161.7	10.1193	445	76	190	3	0.0001 Colloc0 445 2418 0.149947 95.7554
1560	1	1632.68	17145.2	17134.8	10.3906	451	77	189	3	0.0001 Colloc0 451 2404 0.14629 109.56
1570	1	1643.2	17204.7	17193.5	11.1802	483	87	179	1	0.0001 Colloc0 483 2378 0.100119 154.493
1580	1	1653.87	17269.2	17258.4	10.7911	478	76	190	5	0.0001 Colloc0 478 2388 0.135414 131.522
1590	1	1664.51	17172.3	17162.3	9.92588	495	88	178	1	0.0001 Colloc0 495 2408 0.278727 86.4912
1600	1	1674.78	17210.7	17200.1	10.6373	475	77	189	3	0.0001 Colloc0 475 2391 0.179013 122.876
1610	1	1685.15	17200.9	17190.4	10.5418	464	86	180	5	0.0001 Colloc0 464 2401 0.181092 117.633
1620	1	1695.42	17015.9	17005	10.9294	449	99	167	1	0.0001 Colloc0 449 2403 0.107461 139.514
1630	1	1705.5	17195.6	17184.8	10.8367	466	85	181	4	0.0001 Colloc0 466 2404 0.111258 134.135
1640	1	1715.81	17048.9	17038.3	10.6179	455	93	173	4	0.0001 Colloc0 455 2383 0.166649 121.801
1650	1	1725.98	17056.6	17046.4	10.1577	453	85	181	1	0.0001 Colloc0 453 2396 0.200832 97.657
1660	1	1736.32	17128.2	17117.8	10.4719	461	86	180	1	0.0001 Colloc0 461 2393 0.164068 113.87
1670	1	1746.58	17182.2	17171.6	10.6876	449	81	185	4	0.0001 Colloc0 449 2415 0.142675 125.672
1680	1	1756.8	17174.7	17164.2	10.5514	465	80	186	1	0.0001 Colloc0 465 2424 0.130522 118.158
1690	1	1766.91	17125.3	17115	10.2915	462	95	171	2	0.0001 Colloc0 462 2385 0.146155 104.412
1700	1	1777.53	17208.6	17198.1	10.5142	475	86	180	1	0.0001 Colloc0 475 2406 0.199549 116.139
1710	1	1787.92	17320.2	17309.2	11.0028	469	82	184	2	0.0001 Colloc0 469 2439 0.15653 143.833
1720	1	1798.09	17141.8	17130.6	11.2344	477	79	187	1	0.0001 Colloc0 477 2386 0.0929487 157.81
1730	1	1808.66	17158.3	17147.9	10.389	462	85	181	3	0.0001 Colloc0 462 2378 0.162735 109.472
1740	1	1819.16	17144.5	17133.9	10.6365	462	84	182	6	0.0001 Colloc0 462 2385 0.122479 122.83
1750	1	1829.44	17185.3	17174.7	10.6896	468	79	187	2	0.0001 Colloc0 468 2392 0.0909775 125.786
1760	1	1839.87	17222.9	17212.3	10.5782	471	81	185	2	0.0001 Colloc0 471 2367 0.153366 119.618
1770	1	1850.39	17063.2	17052.4	10.8391	471	92	174	3	0.0001 Colloc0 471 2373 0.1333 134.268
1780	1	1860.7	17176	17165.1	10.966	476	90	176	2	0.0001 Colloc0 476 2378 0.107031 141.658
1790	1	1871.36	17138.3	17128.3	9.94596	458	84	182	3	0.0001 Colloc0 458 2400 0.215517 87.4299
1800	1	1882.07	17149.7	17139.1	10.5555	461	82	184	3	0.0001 Colloc0 461 2378 0.144695 118.382
1810	1	1892.8	17196.5	17185.8	10.6942	469	89	177	1	0.0001 Colloc0 469 2394 0.113499 126.039
1820	1	1903.08	17154.8	17143.6	11.2262	463	84	182	2	0.0001 Colloc0 463 2395 0.0435716 157.305
1830	1	1913.56	17300.2	17289.5	10.7361	475	73	193	5	0.0001 Colloc0 475 2390 0.140381 128.397
1840	1	1923.72	17132.3	17122.1	10.2554	470	74	192	2	0.0001 Colloc0 470 2414 0.193357 102.566
1850	1	1934.18	17229.7	17219.7	9.95332	468	77	189	4	0.0001 Colloc0 468 2426 0.228981 87.7756
1860	1	1944.39	17249.7	17239.1	10.5779	480	72	194	2	0.0001 Colloc0 480 2412 0.210553 119.604
1870	1	1954.42	17155	17143.7	11.3518	444	74	192	2	0.0001 Colloc0 444 2387 0.0127478 165.087
1880	1	1964.7	17080.6	17070.6	10.0113	476	93	173	2	0.0001 Colloc0 476 2390 0.248481 90.5207
1890	1	1975.17	17234.3	17223.5	10.8162	476	86	180	2	0.0001 Colloc0 476 2391 0.11038 132.957
1900	1	1985.35	17168.2	17158.2	10.0828	473	85	181	3	0.0001 Colloc0 473 2422 0.220996 93.9718
1910	1	1995.71	17281	17269.9	11.1673	469	82	184	2	0.0001 Colloc0 469 2406 0.0553488 153.705
1920	1	2005.95	16923.8	16912.9	10.8842	442	91	175	3	0.0001 Colloc0 442 2379 0.106594 136.877
1930	1	2016.45	17095.5	17085.1	10.3375	472	96	170	2	0.0001 Colloc0 472 2375 0.190106 106.786
1940	1	2026.83	17234.5	17224	10.4639	476	80	186	1	0.0001 Colloc0 476 2391 0.175149 113.438
1950	1	2037.39	17186	17176	9.94581	464	80	186	2	0.0001 Colloc0 464 2397 0.248843 87.4229
1960	1	2047.66	17103.2	17092.6	10.6023	458	79	187	1	0.0001 Colloc0 458 2404 0.143918 120.939
1970	1	2058.01	17201.8	17192	9.81232	473	83	183	2	0.0001 Colloc0 473 2374 0.233842 81.283
1980	1	2068.54	17168.7	17158	10.7955	458	73	193	2	0.0001 Colloc0 458 2383 0.0647861 131.774
1990	1	2078.94	17156.8	17145.7	11.1009	468	81	185	3	0.0001 Colloc0 468 2387 0.116298 149.691
2000	1	2089.07	17207	17195.7	11.2934	475	81	185	2	0.0001 Colloc0 475 2388 0.0444966 161.448
