# D = 0, E = 1, I = 1, P = 1, R = -1, n = 2000, N = 1, P = 1, w = 1, a = 0.0001, b = 10000, e = 1, f = 1, g = 100, h = 0.01, r = 17868, s = 1, S = 0, x = 10, m = 100, Z = 1, z = 0, T = 1, t = 1
# 6082 tokens in 266 sentences
#
# It	Temp	Time	-logP	-logPcorpus	-logPrior	tables	same	changed	reject	default_pya	(parent pym pyn pya pyb)*
0	1	0.840872	23760.5	23646.7	113.764	1841	0	266	0	0.0001 Colloc0 1841 2753 0.0001 10000
10	1	12.2481	18552	18541.3	10.7247	583	48	218	0	0.0001 Colloc0 583 2581 0.233795 127.754
20	1	22.4976	18128	18117.3	10.7103	515	56	210	1	0.0001 Colloc0 515 2546 0.157845 126.946
30	1	32.835	18043.8	18033	10.7682	492	56	210	3	0.0001 Colloc0 492 2550 0.0976359 130.217
40	1	43.1864	18035.3	18023.9	11.4464	494	54	212	1	0.0001 Colloc0 494 2564 0.0412073 171.038
50	1	53.6298	18004.7	17993.2	11.479	496	47	219	2	0.0001 Colloc0 496 2541 0.0704644 173.108
60	1	63.9133	17920.4	17908.5	11.8237	499	58	208	3	0.0001 Colloc0 499 2531 0.0309788 195.525
70	1	74.3057	17896.5	17885.2	11.3102	484	73	193	1	0.0001 Colloc0 484 2509 0.0478929 162.495
80	1	84.7121	17787.5	17776.3	11.1298	478	67	199	4	0.0001 Colloc0 478 2520 0.0304238 151.431
90	1	95.0026	17849.6	17837.7	11.8963	499	65	201	1	0.0001 Colloc0 499 2529 0.00169272 200.366
100	1	105.376	17722.3	17710.8	11.4799	483	63	203	1	0.0001 Colloc0 483 2521 0.0126139 173.169
110	1	115.665	17546.5	17535.8	10.7328	462	72	194	2	0.0001 Colloc0 462 2529 0.0931742 128.21
120	1	125.939	17567.5	17556.8	10.6886	471	77	189	2	0.0001 Colloc0 471 2490 0.141282 125.728
130	1	136.312	17679.9	17669.2	10.702	472	73	193	3	0.0001 Colloc0 472 2538 0.0796999 126.48
140	1	146.755	17519.2	17509.1	10.1096	487	90	176	2	0.0001 Colloc0 487 2515 0.241585 95.2794
150	1	157.19	17617.5	17607.3	10.2194	490	81	185	1	0.0001 Colloc0 490 2499 0.212061 100.741
160	1	167.644	17526.8	17516.7	10.117	490	82	184	1	0.0001 Colloc0 490 2505 0.248348 95.6442
170	1	178.114	17424.1	17413.4	10.6733	485	96	170	1	0.0001 Colloc0 485 2487 0.173708 124.875
180	1	188.603	17463.6	17453	10.5602	483	92	174	1	0.0001 Colloc0 483 2495 0.168209 118.636
190	1	199.072	17420.6	17410.2	10.3634	482	85	181	2	0.0001 Colloc0 482 2466 0.226294 108.136
200	1	209.531	17544.6	17533.7	10.9026	481	66	200	2	0.0001 Colloc0 481 2495 0.128949 137.948
210	1	219.896	17455	17444.2	10.8698	465	95	171	1	0.0001 Colloc0 465 2542 0.105234 136.045
220	1	230.373	17452.1	17442.3	9.81347	465	91	175	3	0.0001 Colloc0 465 2501 0.221005 81.3349
230	1	240.746	17563.3	17553	10.2901	484	76	190	2	0.0001 Colloc0 484 2492 0.16716 104.337
240	1	251.024	17468.6	17458	10.6715	464	84	182	2	0.0001 Colloc0 464 2495 0.140091 124.775
250	1	261.29	17492.5	17481.8	10.7092	473	85	181	1	0.0001 Colloc0 473 2492 0.142207 126.882
260	1	271.584	17481.4	17470.5	10.8243	461	83	183	1	0.0001 Colloc0 461 2506 0.0683612 133.421
270	1	281.704	17597.2	17585.8	11.4082	479	72	194	1	0.0001 Colloc0 479 2508 0.0414351 168.628
280	1	292.17	17617.8	17606.5	11.2892	473	83	183	2	0.0001 Colloc0 473 2509 0.0338664 161.188
290	1	302.581	17442.9	17432.3	10.5442	477	86	180	1	0.0001 Colloc0 477 2501 0.143787 117.767
300	1	312.974	17372.3	17361.5	10.7761	459	90	176	0	0.0001 Colloc0 459 2466 0.0970179 130.664
310	1	323.365	17264.9	17254.3	10.5765	477	95	171	0	0.0001 Colloc0 477 2448 0.189684 119.527
320	1	334.036	17333.5	17323	10.4751	472	85	181	1	0.0001 Colloc0 472 2463 0.149948 114.04
330	1	344.446	17373.8	17363.1	10.6911	470	81	185	0	0.0001 Colloc0 470 2468 0.107446 125.867
340	1	354.988	17345.4	17335	10.4268	467	83	183	5	0.0001 Colloc0 467 2440 0.176069 111.47
350	1	365.448	17341	17330.4	10.6413	474	88	178	2	0.0001 Colloc0 474 2456 0.14344 123.095
360	1	376.094	17345.8	17335.4	10.3815	482	94	172	4	0.0001 Colloc0 482 2427 0.246018 109.081
370	1	386.645	17364.2	17353.2	10.985	459	80	186	3	0.0001 Colloc0 459 2471 0.047325 142.779
380	1	397.002	17300.8	17289.8	11.0179	474	91	175	1	0.0001 Colloc0 474 2459 0.109999 144.725
390	1	407.398	17287.3	17276.5	10.7813	475	96	170	2	0.0001 Colloc0 475 2468 0.11652 130.963
400	1	417.835	17290.1	17279.4	10.652	456	84	182	1	0.0001 Colloc0 456 2445 0.152453 123.687
410	1	428.106	17317	17306.1	10.9063	484	83	183	1	0.0001 Colloc0 484 2446 0.139143 138.164
420	1	438.368	17446.7	17436.1	10.609	473	69	197	2	0.0001 Colloc0 473 2455 0.167812 121.31
430	1	448.753	17303.2	17292.6	10.6211	473	77	189	1	0.0001 Colloc0 473 2452 0.14464 121.978
440	1	459.122	17292.1	17281.4	10.6922	449	83	183	3	0.0001 Colloc0 449 2460 0.1135 125.929
450	1	469.297	17397.4	17388.1	9.24964	481	75	191	0	0.0001 Colloc0 481 2425 0.313822 58.158
460	1	479.748	17389.8	17378.8	10.9308	483	76	190	1	0.0001 Colloc0 483 2440 0.148969 139.59
470	1	490.26	17241.8	17230.9	10.9466	472	83	183	0	0.0001 Colloc0 472 2409 0.0540863 140.519
480	1	500.774	17289.2	17278.5	10.6942	475	92	174	0	0.0001 Colloc0 475 2427 0.136271 126.042
490	1	511.331	17404.8	17393.2	11.5889	493	85	181	3	0.0001 Colloc0 493 2444 0.0123707 180.152
500	1	521.838	17193.6	17182.5	11.0837	459	79	187	3	0.0001 Colloc0 459 2407 0.137804 148.658
510	1	532.182	17237.4	17226.3	11.1315	464	87	179	0	0.0001 Colloc0 464 2416 0.0157196 151.533
520	1	542.78	17366	17355.4	10.5711	481	77	189	2	0.0001 Colloc0 481 2437 0.173974 119.229
530	1	553.288	17415.5	17404.2	11.334	477	73	193	1	0.0001 Colloc0 477 2431 0.078918 163.973
540	1	563.63	17334.2	17322.8	11.362	472	81	185	2	0.0001 Colloc0 472 2432 0.00700996 165.721
550	1	574.119	17208.8	17198.7	10.1467	470	97	169	1	0.0001 Colloc0 470 2394 0.224134 97.1103
560	1	584.489	17316.7	17306.1	10.6167	469	78	188	1	0.0001 Colloc0 469 2434 0.125608 121.734
570	1	594.937	17360.3	17349.5	10.8404	485	84	182	1	0.0001 Colloc0 485 2437 0.166689 134.347
580	1	605.426	17303.7	17292.2	11.5573	477	88	178	3	0.0001 Colloc0 477 2440 0.0304232 178.117
590	1	615.897	17247.8	17237.2	10.6725	483	82	184	2	0.0001 Colloc0 483 2416 0.168328 124.832
600	1	626.328	17341.4	17330.9	10.5008	472	85	181	1	0.0001 Colloc0 472 2442 0.149512 115.419
610	1	636.444	17238.2	17227	11.1496	472	89	177	0	0.0001 Colloc0 472 2394 0.0507865 152.63
620	1	646.878	17419.4	17408.4	10.9756	487	76	190	2	0.0001 Colloc0 487 2391 0.0906285 142.225
630	1	657.128	17262.4	17251.5	10.929	475	92	174	0	0.0001 Colloc0 475 2410 0.091312 139.488
640	1	667.292	17223.1	17211.6	11.4031	478	87	179	1	0.0001 Colloc0 478 2403 0.0580439 168.304
650	1	677.518	17229.6	17218.4	11.2441	460	88	178	0	0.0001 Colloc0 460 2409 0.0579384 158.405
660	1	687.896	17197.9	17186.9	11.0144	465	74	192	1	0.0001 Colloc0 465 2412 0.0642086 144.522
670	1	698.327	17243.6	17232.5	11.1134	454	84	182	1	0.0001 Colloc0 454 2457 0.0137151 150.442
680	1	708.677	17299.9	17289.3	10.6482	470	85	181	2	0.0001 Colloc0 470 2434 0.0990977 123.476
690	1	719.174	17190.7	17179.8	10.8872	478	95	171	1	0.0001 Colloc0 478 2397 0.107693 137.053
700	1	729.545	17123.6	17112.8	10.721	488	100	166	1	0.0001 Colloc0 488 2390 0.169698 127.546
710	1	740.048	17174.2	17162.7	11.4643	465	85	181	1	0.0001 Colloc0 465 2386 0.0134969 172.176
720	1	750.416	17226.3	17215.8	10.5099	484	80	186	0	0.0001 Colloc0 484 2389 0.169919 115.909
730	1	760.851	17339	17328	10.9685	495	77	189	0	0.0001 Colloc0 495 2408 0.149907 141.806
740	1	771.231	17359.7	17348.4	11.354	493	67	199	3	0.0001 Colloc0 493 2401 0.0890755 165.221
750	1	781.515	17235.5	17224.9	10.5891	478	87	179	1	0.0001 Colloc0 478 2398 0.135951 120.218
760	1	791.864	17110.4	17099.8	10.6189	465	99	167	2	0.0001 Colloc0 465 2390 0.141527 121.857
770	1	802.191	17220	17209.5	10.5311	483	88	178	1	0.0001 Colloc0 483 2384 0.171095 117.053
780	1	812.363	17228.4	17217.2	11.2187	473	80	186	1	0.0001 Colloc0 473 2397 0.0285403 156.843
790	1	822.829	17245.7	17235.1	10.6976	482	91	175	0	0.0001 Colloc0 482 2396 0.195823 126.234
800	1	833.46	17184.4	17173.7	10.6927	458	79	187	2	0.0001 Colloc0 458 2390 0.0927888 125.958
810	1	844.016	17169.5	17159	10.4633	472	92	174	1	0.0001 Colloc0 472 2386 0.169372 113.409
820	1	854.268	17242.5	17231.8	10.7017	477	89	177	1	0.0001 Colloc0 477 2393 0.14242 126.463
830	1	864.864	17110.7	17100.5	10.1448	456	102	164	3	0.0001 Colloc0 456 2417 0.210325 97.0156
840	1	875.251	17147.9	17137.1	10.8779	463	98	168	1	0.0001 Colloc0 463 2404 0.132044 136.51
850	1	885.664	17169.1	17158.5	10.547	480	92	174	0	0.0001 Colloc0 480 2387 0.199403 117.92
860	1	896.133	17188.7	17177.5	11.1614	494	84	182	1	0.0001 Colloc0 494 2388 0.0944797 153.349
870	1	906.712	17021.2	17010.1	11.0302	470	96	170	3	0.0001 Colloc0 470 2380 0.109569 145.458
880	1	917.092	17160.6	17150.2	10.3739	486	91	175	6	0.0001 Colloc0 486 2417 0.20804 108.683
890	1	927.52	17110.1	17099	11.0531	452	91	175	2	0.0001 Colloc0 452 2387 0.0408595 146.823
900	1	937.982	17134	17123.2	10.7994	493	91	175	0	0.0001 Colloc0 493 2361 0.120015 131.993
910	1	948.536	17189	17178.2	10.7938	484	82	184	4	0.0001 Colloc0 484 2412 0.117251 131.675
920	1	958.69	17169.5	17158.5	10.9946	464	81	185	2	0.0001 Colloc0 464 2426 0.082757 143.346
930	1	969.007	17074.8	17064.4	10.3512	475	92	174	4	0.0001 Colloc0 475 2400 0.210355 107.498
940	1	979.332	17049.9	17039.3	10.6042	462	92	174	2	0.0001 Colloc0 462 2379 0.147841 121.046
950	1	989.674	16933.9	16923.1	10.8101	450	111	155	1	0.0001 Colloc0 450 2366 0.135846 132.603
960	1	1000.08	16936.1	16924.9	11.1859	442	97	169	4	0.0001 Colloc0 442 2388 0.0361396 154.841
970	1	1010.33	16835.9	16825.3	10.614	458	110	156	1	0.0001 Colloc0 458 2329 0.126812 121.587
980	1	1020.65	16979.1	16968.6	10.505	461	93	173	0	0.0001 Colloc0 461 2372 0.135848 115.643
990	1	1030.93	16940.7	16930.6	10.0445	459	91	175	1	0.0001 Colloc0 459 2353 0.275281 92.1171
1000	1	1041.53	17074.9	17064.6	10.3013	472	92	174	0	0.0001 Colloc0 472 2358 0.208578 104.914
1010	1	1052.12	16981.3	16970.5	10.7728	474	93	173	1	0.0001 Colloc0 474 2351 0.169833 130.481
1020	1	1062.51	17012.5	17001.6	10.911	460	98	168	0	0.0001 Colloc0 460 2374 0.0624851 138.434
1030	1	1072.82	17016.2	17004.8	11.4486	461	87	179	2	0.0001 Colloc0 461 2335 0.0784384 171.178
1040	1	1083.24	17097.2	17087.3	9.96282	478	80	186	5	0.0001 Colloc0 478 2380 0.202232 88.2227
1050	1	1093.67	16972.1	16961	11.1258	465	93	173	1	0.0001 Colloc0 465 2372 0.089586 151.189
1060	1	1104.06	16909.9	16899.4	10.5635	480	90	176	1	0.0001 Colloc0 480 2369 0.195684 118.814
1070	1	1114.31	16933.1	16923.3	9.81739	479	104	162	1	0.0001 Colloc0 479 2378 0.229945 81.5119
1080	1	1124.82	16897.4	16887.2	10.2215	464	107	159	1	0.0001 Colloc0 464 2374 0.1952 100.849
1090	1	1135.29	17041.7	17030.8	10.9573	455	95	171	1	0.0001 Colloc0 455 2381 0.0863753 141.145
1100	1	1145.66	17172.5	17161.7	10.8373	490	81	185	6	0.0001 Colloc0 490 2400 0.13819 134.169
1110	1	1156.06	16991	16980.5	10.4458	455	94	172	2	0.0001 Colloc0 455 2362 0.157063 112.475
1120	1	1166.63	17061.3	17050.4	10.8977	464	76	190	1	0.0001 Colloc0 464 2388 0.0865194 137.659
1130	1	1177.04	16869.5	16858.8	10.6652	456	103	163	2	0.0001 Colloc0 456 2362 0.167775 124.424
1140	1	1187.57	16945.3	16934.5	10.7838	467	99	167	1	0.0001 Colloc0 467 2365 0.0839085 131.106
1150	1	1197.89	16969.6	16959.3	10.3847	494	101	165	0	0.0001 Colloc0 494 2353 0.211758 109.247
1160	1	1208.35	16978	16967.6	10.4116	471	95	171	1	0.0001 Colloc0 471 2370 0.201374 110.665
1170	1	1218.86	17041.6	17031.5	10.1027	466	89	177	3	0.0001 Colloc0 466 2361 0.240377 94.9444
1180	1	1229.44	16974.3	16963.5	10.8144	457	97	169	3	0.0001 Colloc0 457 2386 0.0786256 132.851
1190	1	1239.91	16944.6	16934.1	10.564	448	106	160	0	0.0001 Colloc0 448 2351 0.098135 118.842
1200	1	1250.31	16949.4	16939.3	10.1313	460	89	177	1	0.0001 Colloc0 460 2366 0.199075 96.3478
1210	1	1260.73	16971.4	16960.5	10.8571	478	102	164	1	0.0001 Colloc0 478 2374 0.114897 135.308
1220	1	1270.85	16895.3	16884.9	10.4598	459	106	160	0	0.0001 Colloc0 459 2359 0.125776 113.22
1230	1	1281.09	16911.9	16901.3	10.6341	459	100	166	1	0.0001 Colloc0 459 2382 0.133484 122.695
1240	1	1291.3	16890.9	16880.4	10.532	452	106	160	1	0.0001 Colloc0 452 2377 0.150769 117.106
1250	1	1301.64	16909.8	16899.9	9.88121	464	111	155	1	0.0001 Colloc0 464 2376 0.261715 84.4217
1260	1	1312.04	17028.2	17017.6	10.6114	479	97	169	2	0.0001 Colloc0 479 2359 0.173106 121.441
1270	1	1322.36	17147.7	17137.5	10.1766	487	77	189	1	0.0001 Colloc0 487 2386 0.222424 98.5939
1280	1	1332.76	17037	17025.8	11.2428	481	90	176	1	0.0001 Colloc0 481 2361 0.130757 158.324
1290	1	1343.18	16875.1	16864.9	10.2366	466	101	165	1	0.0001 Colloc0 466 2364 0.227223 101.613
1300	1	1353.64	17009.5	16998.6	10.8513	460	90	176	2	0.0001 Colloc0 460 2390 0.0593459 134.972
1310	1	1364.11	17026.9	17016.3	10.6457	459	97	169	0	0.0001 Colloc0 459 2339 0.121186 123.337
1320	1	1374.25	16952.1	16941.6	10.5241	449	89	177	2	0.0001 Colloc0 449 2351 0.141132 116.678
1330	1	1384.76	17019.5	17009.5	10.0426	454	87	179	1	0.0001 Colloc0 454 2342 0.220707 92.0256
1340	1	1395.18	17143.7	17132.9	10.7755	475	88	178	1	0.0001 Colloc0 475 2382 0.120305 130.631
1350	1	1405.67	16990.9	16980.6	10.3563	462	95	171	4	0.0001 Colloc0 462 2338 0.151701 107.763
1360	1	1415.9	17000.9	16989.6	11.3206	466	94	172	0	0.0001 Colloc0 466 2365 0.0575101 163.141
1370	1	1426.3	17115.9	17105.1	10.7167	465	90	176	0	0.0001 Colloc0 465 2373 0.107879 127.307
1380	1	1436.71	16929.5	16918.9	10.5234	443	113	153	3	0.0001 Colloc0 443 2370 0.113814 116.638
1390	1	1447.11	17019.3	17008.7	10.6443	465	88	178	4	0.0001 Colloc0 465 2371 0.160226 123.26
1400	1	1457.29	17071.1	17060	11.1009	457	92	174	1	0.0001 Colloc0 457 2353 0.0847532 149.689
1410	1	1467.5	17061.8	17051.9	9.88605	465	88	178	3	0.0001 Colloc0 465 2387 0.264731 84.6443
1420	1	1477.77	17000.6	16990.2	10.4232	466	88	178	1	0.0001 Colloc0 466 2344 0.162281 111.274
1430	1	1488.01	17083.3	17072.5	10.8015	471	86	180	0	0.0001 Colloc0 471 2367 0.110671 132.113
1440	1	1498.26	17019.6	17008.8	10.8162	468	92	174	1	0.0001 Colloc0 468 2344 0.128176 132.953
1450	1	1508.48	16987.7	16977.3	10.4137	459	98	168	2	0.0001 Colloc0 459 2372 0.169106 110.777
1460	1	1518.76	16881.1	16870	11.035	458	97	169	1	0.0001 Colloc0 458 2376 0.0427553 145.745
1470	1	1529.09	16920.5	16909.2	11.3245	464	103	163	0	0.0001 Colloc0 464 2367 0.051169 163.384
1480	1	1539.45	16862.8	16852.7	10.1621	455	108	158	1	0.0001 Colloc0 455 2336 0.240223 97.8752
1490	1	1549.77	17061.5	17051.3	10.2733	495	83	183	0	0.0001 Colloc0 495 2339 0.243389 103.477
1500	1	1560.29	17020.7	17009.6	11.0491	470	89	177	2	0.0001 Colloc0 470 2351 0.146531 146.582
1510	1	1570.88	16910.5	16900.2	10.3332	472	94	172	1	0.0001 Colloc0 472 2378 0.190005 106.565
1520	1	1581.26	17000.4	16989.8	10.587	460	94	172	3	0.0001 Colloc0 460 2386 0.0923443 120.099
1530	1	1591.72	16969.2	16958.8	10.3518	476	100	166	3	0.0001 Colloc0 476 2384 0.183643 107.527
1540	1	1602.25	16966.2	16954.8	11.3216	462	95	171	4	0.0001 Colloc0 462 2371 0.0135049 163.204
1550	1	1612.77	16904.9	16894.4	10.4085	478	94	172	3	0.0001 Colloc0 478 2337 0.204916 110.499
1560	1	1623.27	16991.8	16981	10.7641	466	89	177	1	0.0001 Colloc0 466 2372 0.127997 129.983
1570	1	1633.76	16991.7	16981.3	10.4475	482	89	177	1	0.0001 Colloc0 482 2368 0.22138 112.566
1580	1	1644.32	16889.3	16879	10.3694	478	91	175	1	0.0001 Colloc0 478 2345 0.186165 108.447
1590	1	1654.79	16843.6	16832.6	10.9524	474	111	155	1	0.0001 Colloc0 474 2325 0.116827 140.856
1600	1	1665.08	16929.4	16919.1	10.2728	466	95	171	3	0.0001 Colloc0 466 2342 0.177988 103.455
1610	1	1675.52	17075.5	17064.3	11.2042	472	91	175	1	0.0001 Colloc0 472 2375 0.032676 155.958
1620	1	1685.84	16957.8	16947.5	10.3195	464	98	168	3	0.0001 Colloc0 464 2360 0.212931 105.851
1630	1	1696.39	16973.6	16962.9	10.69	481	83	183	0	0.0001 Colloc0 481 2337 0.176803 125.807
1640	1	1706.92	16992	16981.6	10.3775	461	99	167	1	0.0001 Colloc0 461 2351 0.1706 108.869
1650	1	1717.38	16948	16937.4	10.5779	474	91	175	1	0.0001 Colloc0 474 2361 0.126034 119.605
1660	1	1727.81	17043.9	17032.3	11.5154	478	83	183	3	0.0001 Colloc0 478 2361 0.0398845 175.428
1670	1	1738.36	16926.6	16915.6	10.9957	458	100	166	0	0.0001 Colloc0 458 2362 0.0806299 143.412
1680	1	1748.82	17010.4	16999.8	10.5416	463	89	177	4	0.0001 Colloc0 463 2377 0.113864 117.624
1690	1	1759.31	17007.7	16997.7	10.0154	458	94	172	0	0.0001 Colloc0 458 2389 0.213156 90.7188
1700	1	1769.75	16969.9	16959.7	10.2708	465	91	175	0	0.0001 Colloc0 465 2369 0.224929 103.35
1710	1	1780.22	16914.1	16903.5	10.6007	458	97	169	1	0.0001 Colloc0 458 2352 0.155876 120.855
1720	1	1790.75	16943.3	16933.5	9.83342	484	103	163	3	0.0001 Colloc0 484 2361 0.259059 82.2372
1730	1	1801.27	16974.2	16964.1	10.0806	474	97	169	2	0.0001 Colloc0 474 2377 0.235165 93.8636
1740	1	1811.79	16956.4	16946	10.3567	459	106	160	2	0.0001 Colloc0 459 2342 0.212891 107.784
1750	1	1822.27	16965.3	16954.9	10.4008	473	94	172	0	0.0001 Colloc0 473 2354 0.219688 110.095
1760	1	1832.69	16957.1	16946	11.035	463	92	174	2	0.0001 Colloc0 463 2364 0.0779962 145.746
1770	1	1843.25	17020.2	17009.9	10.2602	463	88	178	2	0.0001 Colloc0 463 2379 0.17742 102.809
1780	1	1853.57	16918.6	16908.9	9.69695	461	97	169	1	0.0001 Colloc0 461 2345 0.233491 76.1734
1790	1	1863.84	17023.5	17012.4	11.1224	460	87	179	2	0.0001 Colloc0 460 2381 0.0333643 150.983
1800	1	1874.52	16991.3	16980.9	10.3647	460	100	166	2	0.0001 Colloc0 460 2350 0.165316 108.204
1810	1	1885.03	16935.1	16924.2	10.9211	458	98	168	2	0.0001 Colloc0 458 2324 0.107778 139.028
1820	1	1895.39	16953	16943.2	9.82892	490	100	166	1	0.0001 Colloc0 490 2326 0.271451 82.0336
1830	1	1905.97	17005.9	16996.1	9.80095	467	90	176	3	0.0001 Colloc0 467 2381 0.270514 80.7712
1840	1	1916.3	16997.9	16987.1	10.8667	472	80	186	0	0.0001 Colloc0 472 2348 0.108936 135.866
1850	1	1926.56	16873.3	16862.4	10.8899	456	92	174	2	0.0001 Colloc0 456 2347 0.144248 137.209
1860	1	1936.92	16880.5	16869.9	10.6231	448	88	178	3	0.0001 Colloc0 448 2351 0.172563 122.086
1870	1	1947.35	16815.9	16806.2	9.68089	457	109	157	4	0.0001 Colloc0 457 2343 0.24526 75.477
1880	1	1957.58	16866.3	16856.1	10.2039	480	110	156	1	0.0001 Colloc0 480 2366 0.236254 99.9611
1890	1	1967.98	16816.6	16806.7	9.90888	453	110	156	1	0.0001 Colloc0 453 2363 0.260095 85.7002
1900	1	1978.46	17008.6	16998.1	10.4061	465	83	183	2	0.0001 Colloc0 465 2365 0.178011 110.376
1910	1	1988.68	16923.8	16912.8	10.9829	454	102	164	1	0.0001 Colloc0 454 2407 0.104643 142.654
1920	1	1998.98	16925.2	16915.5	9.62716	469	103	163	0	0.0001 Colloc0 469 2328 0.272034 73.1731
1930	1	2009.34	16869.9	16859.4	10.478	457	99	167	0	0.0001 Colloc0 457 2361 0.154289 114.196
1940	1	2019.67	16917	16907.3	9.71165	456	100	166	3	0.0001 Colloc0 456 2377 0.274602 76.8141
1950	1	2029.82	16943.2	16932.9	10.2576	465	103	163	0	0.0001 Colloc0 465 2363 0.203393 102.677
1960	1	2040.24	16951.6	16941	10.5909	474	93	173	0	0.0001 Colloc0 474 2370 0.200879 120.314
1970	1	2050.64	16961.7	16951.3	10.3286	468	92	174	4	0.0001 Colloc0 468 2366 0.157126 106.325
1980	1	2060.8	16894.5	16884.2	10.2249	463	100	166	3	0.0001 Colloc0 463 2367 0.220038 101.018
1990	1	2070.89	16990.1	16979.9	10.1821	466	92	174	1	0.0001 Colloc0 466 2376 0.227172 98.8699
2000	1	2081.02	16958.3	16948.3	10.0174	463	86	180	1	0.0001 Colloc0 463 2383 0.256152 90.8127
