# D = 0, E = 1, I = 1, P = 1, R = -1, n = 2000, N = 1, P = 1, w = 1, a = 0.0001, b = 10000, e = 1, f = 1, g = 100, h = 0.01, r = 17275, s = 1, S = 0, x = 10, m = 100, Z = 1, z = 0, T = 1, t = 1
# 131790 tokens in 11336 sentences
#
# It	Temp	Time	-logP	-logPcorpus	-logPrior	tables	same	changed	reject	default_pya	(parent pym pyn pya pyb)*
0	1	15.6766	498667	498554	113.764	12937	0	11336	0	0.0001 Colloc0 12937 62549 0.0001 10000
10	1	222.179	384447	384432	15.0737	2992	3115	8221	4	0.0001 Colloc0 2992 52430 0.146873 440.187
20	1	359.931	369132	369117	14.6423	2152	3614	7722	7	0.0001 Colloc0 2152 51240 0.031736 405.232
30	1	497.458	361680	361665	14.4206	1931	4066	7270	3	0.0001 Colloc0 1931 50782 0.0130435 387.495
40	1	633.906	357109	357095	14.0309	1871	4219	7117	4	0.0001 Colloc0 1871 50448 0.022671 356.717
50	1	765.791	354301	354288	13.5598	1778	4417	6919	5	0.0001 Colloc0 1778 50249 0.0331091 320.277
60	1	891.788	352378	352365	13.4977	1790	4623	6713	4	0.0001 Colloc0 1790 50004 0.0255716 315.545
70	1	1020.14	349845	349832	13.2334	1807	4818	6518	4	0.0001 Colloc0 1807 49711 0.0623733 295.579
80	1	1154.49	348179	348165	13.7911	1810	4865	6471	3	0.0001 Colloc0 1810 49532 0.0302758 338.06
90	1	1288.94	346338	346325	12.8888	1798	4929	6407	3	0.0001 Colloc0 1798 49392 0.0932969 270.061
100	1	1425.85	344355	344342	12.7558	1812	5120	6216	4	0.0001 Colloc0 1812 49235 0.111804 260.379
110	1	1563.06	342529	342516	12.9189	1814	5334	6002	3	0.0001 Colloc0 1814 49065 0.0987411 272.267
120	1	1695.89	340306	340293	12.98	1777	5523	5813	4	0.0001 Colloc0 1777 48816 0.0990639 276.758
130	1	1827.49	339516	339503	12.979	1793	5558	5778	4	0.0001 Colloc0 1793 48797 0.0928361 276.683
140	1	1951.72	337877	337864	12.4651	1780	5712	5624	8	0.0001 Colloc0 1780 48643 0.116424 239.558
150	1	2086.24	336311	336298	12.6098	1797	5861	5475	5	0.0001 Colloc0 1797 48309 0.101505 249.857
160	1	2213	335165	335152	12.8864	1816	5802	5534	7	0.0001 Colloc0 1816 48138 0.0856294 269.883
170	1	2341.19	334060	334047	12.6278	1808	5951	5385	6	0.0001 Colloc0 1808 48050 0.103244 251.147
180	1	2467.92	334498	334485	12.9775	1824	5869	5467	4	0.0001 Colloc0 1824 48120 0.104356 276.573
190	1	2593.73	333831	333818	12.9177	1810	5945	5391	4	0.0001 Colloc0 1810 48013 0.0901563 272.177
200	1	2722.09	331500	331487	12.5692	1792	6149	5187	6	0.0001 Colloc0 1792 47804 0.109669 246.953
210	1	2857.92	331170	331157	12.4945	1808	6168	5168	4	0.0001 Colloc0 1808 47695 0.116052 241.639
220	1	2990.86	329600	329587	12.4919	1809	6222	5114	2	0.0001 Colloc0 1809 47630 0.135184 241.453
230	1	3115.41	328014	328002	12.2506	1815	6202	5134	6	0.0001 Colloc0 1815 47354 0.149917 224.522
240	1	3242.25	326967	326954	13.0184	1843	6321	5015	11	0.0001 Colloc0 1843 47294 0.0991693 279.589
250	1	3370.61	327716	327704	12.2135	1822	6374	4962	8	0.0001 Colloc0 1822 47264 0.147715 221.955
260	1	3503.7	327177	327165	12.5924	1813	6424	4912	7	0.0001 Colloc0 1813 47214 0.117303 248.612
270	1	3637.45	326483	326471	12.4247	1836	6549	4787	3	0.0001 Colloc0 1836 47161 0.15129 236.702
280	1	3769.76	326283	326271	12.5686	1804	6455	4881	7	0.0001 Colloc0 1804 46999 0.119211 246.909
290	1	3901.92	325547	325535	12.677	1809	6580	4756	5	0.0001 Colloc0 1809 47008 0.1266 254.685
300	1	4026.75	324969	324957	12.458	1863	6700	4636	7	0.0001 Colloc0 1863 46904 0.140196 239.052
310	1	4156.14	324890	324877	12.7271	1848	6705	4631	5	0.0001 Colloc0 1848 46894 0.136901 258.296
320	1	4284.31	323854	323841	12.6246	1895	6737	4599	5	0.0001 Colloc0 1895 46761 0.131764 250.922
330	1	4413.79	322665	322653	11.5259	1888	6910	4426	5	0.0001 Colloc0 1888 46670 0.202236 176.102
340	1	4539.16	322696	322683	12.2409	1821	7037	4299	6	0.0001 Colloc0 1821 46732 0.152854 223.847
350	1	4669.56	323037	323024	12.4548	1844	6922	4414	4	0.0001 Colloc0 1844 46680 0.132173 238.828
360	1	4802.44	322166	322154	12.0033	1830	7133	4203	4	0.0001 Colloc0 1830 46710 0.155346 207.567
370	1	4933.52	323202	323189	12.4089	1846	7000	4336	4	0.0001 Colloc0 1846 46694 0.14514 235.592
380	1	5060.98	321704	321691	12.4238	1841	7125	4211	7	0.0001 Colloc0 1841 46576 0.137688 236.643
390	1	5193.15	321315	321303	12.1593	1847	7182	4154	6	0.0001 Colloc0 1847 46563 0.157584 218.217
400	1	5319.08	321103	321090	12.1997	1851	7221	4115	5	0.0001 Colloc0 1851 46501 0.158828 220.997
410	1	5449.11	320734	320722	12.0465	1850	7226	4110	5	0.0001 Colloc0 1850 46332 0.167646 210.501
420	1	5578.48	320892	320879	12.6086	1868	7228	4108	6	0.0001 Colloc0 1868 46374 0.138768 249.773
430	1	5708.58	319975	319962	12.3472	1848	7429	3907	5	0.0001 Colloc0 1848 46309 0.131965 231.258
440	1	5832.57	319816	319804	12.138	1829	7438	3898	6	0.0001 Colloc0 1829 46337 0.159701 216.751
450	1	5961.15	319725	319712	12.669	1849	7583	3753	4	0.0001 Colloc0 1849 46350 0.107439 254.105
460	1	6094.68	319315	319302	12.7997	1840	7533	3803	4	0.0001 Colloc0 1840 46293 0.12849 263.561
470	1	6227.41	319616	319604	12.4563	1868	7561	3775	2	0.0001 Colloc0 1868 46167 0.12866 238.937
480	1	6361.17	318872	318859	12.8202	1855	7623	3713	4	0.0001 Colloc0 1855 46053 0.111013 265.054
490	1	6492.92	318036	318024	11.9929	1866	7754	3582	7	0.0001 Colloc0 1866 45996 0.176258 206.86
500	1	6624.62	317458	317446	12.3667	1827	7778	3558	6	0.0001 Colloc0 1827 45913 0.132531 232.624
510	1	6750.92	317624	317612	12.0911	1831	7820	3516	4	0.0001 Colloc0 1831 45871 0.146727 213.537
520	1	6878.23	317937	317925	12.4936	1843	7769	3567	8	0.0001 Colloc0 1843 45905 0.132731 241.573
530	1	7011.09	317313	317300	12.3601	1874	7781	3555	3	0.0001 Colloc0 1874 45692 0.155103 232.159
540	1	7141.02	316307	316295	11.9394	1843	7827	3509	6	0.0001 Colloc0 1843 45706 0.159708 203.253
550	1	7267.34	316848	316835	12.6558	1847	7664	3672	8	0.0001 Colloc0 1847 45709 0.139476 253.158
560	1	7395.13	316107	316095	11.9972	1810	7723	3613	6	0.0001 Colloc0 1810 45636 0.152645 207.152
570	1	7520.71	316017	316005	12.3379	1858	7875	3461	5	0.0001 Colloc0 1858 45574 0.148876 230.603
580	1	7650.69	316434	316421	12.8799	1863	7791	3545	6	0.0001 Colloc0 1863 45594 0.115848 269.407
590	1	7784.07	315956	315944	12.1453	1863	7863	3473	6	0.0001 Colloc0 1863 45574 0.158285 217.254
600	1	7917.33	316462	316450	12.6077	1843	7668	3668	4	0.0001 Colloc0 1843 45543 0.12238 249.705
610	1	8050.41	316703	316691	12.8705	1881	7735	3601	5	0.0001 Colloc0 1881 45553 0.128061 268.725
620	1	8182.29	316824	316812	12.4454	1884	7694	3642	5	0.0001 Colloc0 1884 45523 0.157296 238.165
630	1	8311.08	317169	317156	12.9384	1871	7467	3869	6	0.0001 Colloc0 1871 45513 0.128727 273.7
640	1	8444.83	316730	316718	12.2221	1874	7657	3679	7	0.0001 Colloc0 1874 45477 0.168645 222.547
650	1	8571.46	316359	316346	12.8427	1840	7693	3643	5	0.0001 Colloc0 1840 45482 0.111518 266.692
660	1	8702.05	316582	316570	12.4733	1900	7730	3606	8	0.0001 Colloc0 1900 45398 0.151167 240.134
670	1	8832.08	316356	316344	12.351	1906	7728	3608	5	0.0001 Colloc0 1906 45357 0.14189 231.521
680	1	8961.94	315753	315740	12.5712	1857	7886	3450	7	0.0001 Colloc0 1857 45405 0.140906 247.099
690	1	9096.46	315815	315803	12.437	1900	7938	3398	6	0.0001 Colloc0 1900 45394 0.148009 237.568
700	1	9231.04	315431	315418	12.7837	1890	8125	3211	6	0.0001 Colloc0 1890 45330 0.132762 262.399
710	1	9360.08	314932	314919	12.7482	1902	8216	3120	5	0.0001 Colloc0 1902 45317 0.134748 259.827
720	1	9484.14	314349	314336	12.5138	1854	8300	3036	5	0.0001 Colloc0 1854 45314 0.141954 243.006
730	1	9606.88	314772	314759	12.7423	1893	8238	3098	6	0.0001 Colloc0 1893 45333 0.122817 259.401
740	1	9739.32	314327	314314	12.6161	1880	8241	3095	8	0.0001 Colloc0 1880 45325 0.142336 250.311
750	1	9870.63	313791	313778	12.5979	1866	8384	2952	6	0.0001 Colloc0 1866 45303 0.128038 249.004
760	1	10000.9	313449	313437	12.0865	1882	8498	2838	8	0.0001 Colloc0 1882 45237 0.170094 213.223
770	1	10133.7	313107	313095	12.3427	1865	8483	2853	7	0.0001 Colloc0 1865 45224 0.137139 230.94
780	1	10264.1	313356	313344	12.1735	1865	8458	2878	8	0.0001 Colloc0 1865 45183 0.172952 219.189
790	1	10398.9	313650	313638	12.3942	1860	8447	2889	8	0.0001 Colloc0 1860 45222 0.142441 234.555
800	1	10532.9	313538	313526	12.3886	1853	8444	2892	7	0.0001 Colloc0 1853 45177 0.13757 234.159
810	1	10662.6	313886	313874	12.0856	1858	8402	2934	11	0.0001 Colloc0 1858 45165 0.16887 213.165
820	1	10787.3	313790	313777	12.8845	1877	8343	2993	7	0.0001 Colloc0 1877 45079 0.101859 269.749
830	1	10913.7	313769	313756	12.3686	1864	8366	2970	10	0.0001 Colloc0 1864 45198 0.152117 232.758
840	1	11046.5	313483	313469	13.0982	1861	8442	2894	11	0.0001 Colloc0 1861 45107 0.0967318 285.496
850	1	11178.3	313896	313884	12.3903	1867	8408	2928	8	0.0001 Colloc0 1867 45140 0.145013 234.283
860	1	11307.8	313674	313661	12.9733	1866	8417	2919	9	0.0001 Colloc0 1866 45153 0.112898 276.261
870	1	11439.1	313938	313925	12.3258	1871	8337	2999	5	0.0001 Colloc0 1871 45125 0.1388 229.759
880	1	11569.2	313445	313432	12.725	1876	8529	2807	6	0.0001 Colloc0 1876 45104 0.131663 258.147
890	1	11707.8	313440	313428	12.2103	1906	8394	2942	7	0.0001 Colloc0 1906 45115 0.16022 221.732
900	1	11839.2	313632	313619	12.7586	1871	8353	2983	6	0.0001 Colloc0 1871 45146 0.11849 260.581
910	1	11971.7	314006	313994	12.1471	1908	8199	3137	11	0.0001 Colloc0 1908 45100 0.167185 217.377
920	1	12103.6	311946	311934	12.5211	1884	8430	2906	6	0.0001 Colloc0 1884 44854 0.148634 243.53
930	1	12236	311890	311878	12.6642	1918	8437	2899	7	0.0001 Colloc0 1918 44818 0.133212 253.76
940	1	12369.8	311418	311406	12.343	1863	8628	2708	8	0.0001 Colloc0 1863 44801 0.146647 230.966
950	1	12503.4	311453	311440	12.8513	1848	8618	2718	6	0.0001 Colloc0 1848 44826 0.126454 267.319
960	1	12636.3	311279	311267	12.3124	1858	8547	2789	7	0.0001 Colloc0 1858 44791 0.143272 228.827
970	1	12763.5	311412	311399	12.6522	1870	8720	2616	4	0.0001 Colloc0 1870 44831 0.114943 252.902
980	1	12894.2	311064	311052	12.0978	1926	8852	2484	8	0.0001 Colloc0 1926 44789 0.149552 213.995
990	1	13027.7	310719	310707	12.4051	1893	8884	2452	6	0.0001 Colloc0 1893 44760 0.136223 235.325
1000	1	13158.3	310307	310295	12.4296	1887	8954	2382	8	0.0001 Colloc0 1887 44731 0.150626 237.05
1010	1	13285.2	310599	310586	12.1815	1854	8930	2406	6	0.0001 Colloc0 1854 44806 0.147724 219.745
1020	1	13417	310596	310583	12.5954	1841	8874	2462	6	0.0001 Colloc0 1841 44822 0.121999 248.825
1030	1	13546.2	309990	309978	12.3392	1858	8969	2367	5	0.0001 Colloc0 1858 44750 0.158544 230.697
1040	1	13679.2	310497	310485	11.912	1866	8742	2594	6	0.0001 Colloc0 1866 44773 0.167168 201.415
1050	1	13814.1	310292	310280	12.556	1847	8835	2501	9	0.0001 Colloc0 1847 44679 0.130289 246.012
1060	1	13947.8	310603	310591	12.0604	1886	8650	2686	7	0.0001 Colloc0 1886 44688 0.183726 211.447
1070	1	14079.7	310022	310009	12.752	1878	8719	2617	4	0.0001 Colloc0 1878 44606 0.112573 260.102
1080	1	14212.5	310155	310143	12.4529	1873	8721	2615	9	0.0001 Colloc0 1873 44623 0.131551 238.694
1090	1	14343.2	310178	310166	12.0286	1873	8799	2537	6	0.0001 Colloc0 1873 44585 0.168805 209.284
1100	1	14476.7	310300	310288	12.2631	1890	8743	2593	5	0.0001 Colloc0 1890 44586 0.162496 225.388
1110	1	14606.6	309804	309792	12.0646	1857	8807	2529	7	0.0001 Colloc0 1857 44572 0.161168 211.733
1120	1	14739.9	309409	309397	11.9098	1850	8926	2410	4	0.0001 Colloc0 1850 44548 0.1674 201.269
1130	1	14872.7	309175	309163	12.4594	1878	8961	2375	6	0.0001 Colloc0 1878 44518 0.15736 239.151
1140	1	15004.9	309563	309550	12.6904	1912	8851	2485	6	0.0001 Colloc0 1912 44499 0.139528 255.651
1150	1	15137.2	309044	309032	12.5676	1851	8850	2486	7	0.0001 Colloc0 1851 44478 0.138053 246.842
1160	1	15266.1	309360	309347	12.4941	1898	8714	2622	7	0.0001 Colloc0 1898 44423 0.158939 241.609
1170	1	15395	309003	308991	12.27	1875	8841	2495	8	0.0001 Colloc0 1875 44457 0.156958 225.869
1180	1	15526	309008	308995	12.5551	1865	8845	2491	6	0.0001 Colloc0 1865 44431 0.137859 245.947
1190	1	15659.3	308926	308914	12.2825	1887	8926	2410	6	0.0001 Colloc0 1887 44483 0.162619 226.737
1200	1	15788.6	309245	309233	12.0753	1925	8917	2419	8	0.0001 Colloc0 1925 44423 0.183535 212.459
1210	1	15922.1	308970	308957	12.8458	1889	8884	2452	6	0.0001 Colloc0 1889 44420 0.127769 266.921
1220	1	16056	308461	308449	12.1211	1915	9021	2315	4	0.0001 Colloc0 1915 44415 0.171078 215.595
1230	1	16189.4	308540	308528	12.3446	1923	8979	2357	7	0.0001 Colloc0 1923 44326 0.145658 231.074
1240	1	16322.7	308534	308521	12.6578	1906	8984	2352	5	0.0001 Colloc0 1906 44327 0.139698 253.305
1250	1	16456.2	308544	308531	12.6505	1888	8995	2341	5	0.0001 Colloc0 1888 44302 0.120353 252.779
1260	1	16587.8	308464	308452	12.2588	1884	8956	2380	6	0.0001 Colloc0 1884 44284 0.139331 225.094
1270	1	16719.3	308371	308359	12.0716	1881	8926	2410	5	0.0001 Colloc0 1881 44258 0.161545 212.206
1280	1	16852.1	308312	308300	12.0026	1896	8840	2496	7	0.0001 Colloc0 1896 44268 0.1748 207.519
1290	1	16984.5	308684	308671	12.5402	1889	8799	2537	7	0.0001 Colloc0 1889 44266 0.14954 244.888
1300	1	17117.3	308460	308448	12.4314	1877	8780	2556	5	0.0001 Colloc0 1877 44299 0.146947 237.172
1310	1	17250.5	308472	308459	12.4543	1871	8783	2553	6	0.0001 Colloc0 1871 44198 0.12995 238.794
1320	1	17383.5	309060	309048	12.3235	1916	8610	2726	5	0.0001 Colloc0 1916 44234 0.158944 229.596
1330	1	17515.8	308416	308404	12.4466	1896	8732	2604	5	0.0001 Colloc0 1896 44157 0.152756 238.25
1340	1	17648.9	308223	308210	12.2018	1891	8921	2415	8	0.0001 Colloc0 1891 44151 0.166211 221.141
1350	1	17782.9	308019	308007	12.1338	1927	8983	2353	6	0.0001 Colloc0 1927 44135 0.180775 216.465
1360	1	17917.5	308034	308022	12.1557	1889	9008	2328	6	0.0001 Colloc0 1889 44148 0.150969 217.967
1370	1	18048.4	308082	308069	12.3477	1886	8951	2385	8	0.0001 Colloc0 1886 44156 0.145069 231.289
1380	1	18179.6	308429	308417	12.4822	1938	8791	2545	9	0.0001 Colloc0 1938 44096 0.150298 240.767
1390	1	18309.3	308433	308421	12.491	1912	8837	2499	5	0.0001 Colloc0 1912 44058 0.145667 241.39
1400	1	18444.1	308460	308446	13.0996	1916	8736	2600	6	0.0001 Colloc0 1916 44042 0.116368 285.598
1410	1	18573.6	307815	307803	12.6866	1890	8890	2446	7	0.0001 Colloc0 1890 44015 0.139888 255.374
1420	1	18704.7	307975	307963	12.2904	1912	8861	2475	8	0.0001 Colloc0 1912 44055 0.156371 227.293
1430	1	18837.3	307520	307508	12.3527	1904	8813	2523	6	0.0001 Colloc0 1904 44012 0.159125 231.646
1440	1	18968.9	307668	307655	12.8787	1898	8938	2398	5	0.0001 Colloc0 1898 44033 0.120129 269.322
1450	1	19102.5	307640	307627	12.7417	1879	8922	2414	6	0.0001 Colloc0 1879 44004 0.136367 259.355
1460	1	19236.8	307617	307604	12.5798	1873	8891	2445	5	0.0001 Colloc0 1873 44035 0.137769 247.709
1470	1	19365.1	307620	307607	12.5622	1882	8867	2469	8	0.0001 Colloc0 1882 43991 0.13247 246.452
1480	1	19498.4	307543	307530	12.8646	1902	8912	2424	7	0.0001 Colloc0 1902 44022 0.133303 268.288
1490	1	19627.3	307414	307402	12.3942	1918	9044	2292	5	0.0001 Colloc0 1918 44002 0.144284 234.552
1500	1	19761.9	307158	307146	12.2085	1905	9188	2148	7	0.0001 Colloc0 1905 43966 0.16857 221.61
1510	1	19892.3	307437	307424	12.7994	1875	8933	2403	4	0.0001 Colloc0 1875 43967 0.124195 263.541
1520	1	20024	307451	307439	12.6112	1882	8985	2351	5	0.0001 Colloc0 1882 43956 0.137978 249.961
1530	1	20155.7	307501	307489	12.413	1894	9038	2298	6	0.0001 Colloc0 1894 43970 0.146952 235.879
1540	1	20286.3	306890	306878	11.8529	1910	9024	2312	5	0.0001 Colloc0 1910 43894 0.179438 197.468
1550	1	20417.5	306570	306557	12.9754	1924	8905	2431	6	0.0001 Colloc0 1924 43663 0.117155 276.415
1560	1	20548.4	306305	306292	13.1224	1892	9104	2232	6	0.0001 Colloc0 1892 43660 0.110632 287.294
1570	1	20679.7	306028	306016	12.1569	1897	9200	2136	6	0.0001 Colloc0 1897 43646 0.174869 218.053
1580	1	20811.2	306108	306095	12.8594	1903	9253	2083	4	0.0001 Colloc0 1903 43688 0.129074 267.911
1590	1	20943.2	306128	306115	12.6571	1911	9263	2073	5	0.0001 Colloc0 1911 43692 0.123 253.253
1600	1	21071.7	306570	306557	12.9539	1895	9013	2323	4	0.0001 Colloc0 1895 43624 0.125757 274.837
1610	1	21201.8	306574	306562	12.6745	1900	8939	2397	5	0.0001 Colloc0 1900 43664 0.133694 254.502
1620	1	21333.4	305982	305969	12.9627	1894	8982	2354	4	0.0001 Colloc0 1894 43561 0.110187 275.486
1630	1	21462	305875	305862	12.7742	1904	8997	2339	5	0.0001 Colloc0 1904 43496 0.136853 261.713
1640	1	21591.5	305519	305507	12.417	1914	9144	2192	9	0.0001 Colloc0 1914 43463 0.163644 236.163
1650	1	21724.7	305233	305221	12.2683	1906	9151	2185	7	0.0001 Colloc0 1906 43457 0.166691 225.756
1660	1	21854.3	305836	305823	12.6904	1918	9037	2299	5	0.0001 Colloc0 1918 43465 0.131196 255.647
1670	1	21985.5	305447	305434	12.8951	1892	9113	2223	8	0.0001 Colloc0 1892 43453 0.130947 270.523
1680	1	22116	305845	305833	12.8079	1905	8955	2381	4	0.0001 Colloc0 1905 43491 0.140164 264.159
1690	1	22242.2	304338	304326	12.5342	1908	9116	2220	5	0.0001 Colloc0 1908 43300 0.148009 244.463
1700	1	22374	303918	303906	12.6389	1878	9277	2059	5	0.0001 Colloc0 1878 43260 0.114254 251.947
1710	1	22503.7	304696	304683	12.5956	1897	9048	2288	6	0.0001 Colloc0 1897 43313 0.136384 248.842
1720	1	22632.5	304961	304949	12.4828	1915	8999	2337	4	0.0001 Colloc0 1915 43251 0.149755 240.808
1730	1	22755.2	305089	305076	12.6259	1882	8937	2399	5	0.0001 Colloc0 1882 43306 0.143927 251.01
1740	1	22883.7	304575	304563	12.7775	1896	9096	2240	4	0.0001 Colloc0 1896 43306 0.122128 261.946
1750	1	23007	304671	304659	12.5199	1916	9099	2237	7	0.0001 Colloc0 1916 43256 0.146362 243.444
1760	1	23137.4	304467	304455	12.5721	1896	9201	2135	4	0.0001 Colloc0 1896 43279 0.152296 247.164
1770	1	23267.1	304220	304208	12.695	1913	9238	2098	5	0.0001 Colloc0 1913 43279 0.119446 255.98
1780	1	23394.7	304154	304141	12.2793	1881	9304	2032	6	0.0001 Colloc0 1881 43278 0.158604 226.521
1790	1	23522.3	304859	304846	12.6053	1919	9099	2237	6	0.0001 Colloc0 1919 43266 0.140743 249.533
1800	1	23650.7	304669	304657	12.4514	1888	8963	2373	7	0.0001 Colloc0 1888 43259 0.148743 238.586
1810	1	23780	304691	304679	12.6956	1886	9001	2335	5	0.0001 Colloc0 1886 43298 0.123505 256.026
1820	1	23912.9	304973	304960	13.0847	1928	8912	2424	5	0.0001 Colloc0 1928 43254 0.108612 284.499
1830	1	24040.5	304230	304218	12.2666	1884	9038	2298	5	0.0001 Colloc0 1884 43239 0.158428 225.635
1840	1	24168.4	304332	304319	12.6728	1891	9027	2309	6	0.0001 Colloc0 1891 43224 0.134939 254.385
1850	1	24289.4	304457	304445	12.5035	1905	8991	2345	4	0.0001 Colloc0 1905 43219 0.149083 242.281
1860	1	24416.9	304390	304377	12.3625	1888	9035	2301	7	0.0001 Colloc0 1888 43239 0.153946 232.331
1870	1	24543.3	304302	304290	12.4041	1892	9034	2302	4	0.0001 Colloc0 1892 43207 0.139771 235.254
1880	1	24668.1	304300	304287	12.8259	1883	9042	2294	5	0.0001 Colloc0 1883 43188 0.127197 265.468
1890	1	24794.9	304384	304371	12.5029	1869	9134	2202	5	0.0001 Colloc0 1869 43223 0.148712 242.234
1900	1	24921.7	304194	304182	12.7567	1903	9171	2165	5	0.0001 Colloc0 1903 43214 0.143163 260.439
1910	1	25047.6	304210	304197	12.8935	1922	9220	2116	4	0.0001 Colloc0 1922 43171 0.127178 270.407
1920	1	25170.8	304304	304292	11.8191	1945	9127	2209	6	0.0001 Colloc0 1945 43148 0.209079 195.22
1930	1	25292.5	303927	303915	12.432	1891	9238	2098	5	0.0001 Colloc0 1891 43134 0.159058 237.22
1940	1	25415.8	304048	304036	12.3502	1920	9234	2102	4	0.0001 Colloc0 1920 43104 0.169342 231.464
1950	1	25543.9	304412	304399	12.5215	1926	9194	2142	4	0.0001 Colloc0 1926 43173 0.150741 243.556
1960	1	25673.4	304470	304458	12.3029	1921	9156	2180	3	0.0001 Colloc0 1921 43128 0.164735 228.162
1970	1	25800.7	304208	304195	12.6267	1938	9247	2089	6	0.0001 Colloc0 1938 43128 0.155911 251.066
1980	1	25924.7	304421	304409	12.3832	1920	9186	2150	4	0.0001 Colloc0 1920 43109 0.153541 233.785
1990	1	26046.1	304196	304184	12.36	1907	9229	2107	3	0.0001 Colloc0 1907 43111 0.145787 232.155
2000	1	26169	304356	304343	12.5951	1946	9177	2159	9	0.0001 Colloc0 1946 43122 0.151411 248.809
