# D = 0, E = 1, I = 1, P = 1, R = -1, n = 2000, N = 1, P = 1, w = 1, a = 0.0001, b = 10000, e = 1, f = 1, g = 100, h = 0.01, r = 19428, s = 1, S = 0, x = 10, m = 100, Z = 1, z = 0, T = 1, t = 1
# 131790 tokens in 11336 sentences
#
# It	Temp	Time	-logP	-logPcorpus	-logPrior	tables	same	changed	reject	default_pya	(parent pym pyn pya pyb)*
0	1	18.5102	594953	594839	113.764	15710	0	11336	0	0.0001 Colloc0 15710 74702 0.0001 10000
10	1	271.459	416743	416728	14.1444	3538	2453	8883	11	0.0001 Colloc0 3538 57307 0.230649 365.627
20	1	421.938	391388	391373	14.1131	2198	3041	8295	4	0.0001 Colloc0 2198 55196 0.0703046 363.169
30	1	557.25	379965	379951	13.6691	1909	3455	7881	7	0.0001 Colloc0 1909 54340 0.0453185 328.65
40	1	694.91	372676	372662	14.0994	1859	3690	7646	8	0.0001 Colloc0 1859 53458 0.0144944 362.089
50	1	828.95	368057	368042	14.3255	1851	3824	7512	5	0.0001 Colloc0 1851 52894 0.000248395 379.933
60	1	965.523	363108	363095	13.1432	1831	4145	7191	5	0.0001 Colloc0 1831 52403 0.0663295 288.84
70	1	1102.4	358685	358671	13.0524	1793	4484	6852	9	0.0001 Colloc0 1793 52058 0.0619129 282.103
80	1	1235.67	357426	357413	12.7607	1836	4421	6915	6	0.0001 Colloc0 1836 51824 0.0971728 260.73
90	1	1365.04	355445	355433	12.3946	1870	4530	6806	8	0.0001 Colloc0 1870 51497 0.128247 234.585
100	1	1501.16	352366	352353	12.6344	1766	4745	6591	7	0.0001 Colloc0 1766 51187 0.0990749 251.619
110	1	1636.64	350435	350422	12.799	1791	4924	6412	7	0.0001 Colloc0 1791 50932 0.078184 263.513
120	1	1766.73	348116	348103	13.2655	1817	5203	6133	7	0.0001 Colloc0 1817 50757 0.080906 297.992
130	1	1902.61	346674	346662	12.3047	1849	5247	6089	8	0.0001 Colloc0 1849 50528 0.144021 228.289
140	1	2037.86	342008	341996	11.8608	1831	5545	5791	10	0.0001 Colloc0 1831 49921 0.156364 197.994
150	1	2173.37	340528	340515	12.7216	1786	5684	5652	13	0.0001 Colloc0 1786 49832 0.106619 257.901
160	1	2303.51	336785	336773	12.1461	1766	5833	5503	15	0.0001 Colloc0 1766 49349 0.120164 217.304
170	1	2429.89	336781	336769	12.344	1807	5871	5465	9	0.0001 Colloc0 1807 49221 0.136908 231.036
180	1	2560.21	335877	335864	12.7446	1776	5957	5379	9	0.0001 Colloc0 1776 49154 0.0822221 259.567
190	1	2695.01	334873	334861	12.5096	1772	6050	5286	12	0.0001 Colloc0 1772 49079 0.101065 242.714
200	1	2829.58	333790	333777	12.5536	1778	6230	5106	9	0.0001 Colloc0 1778 48979 0.117088 245.846
210	1	2956.09	332522	332510	12.2343	1759	6313	5023	11	0.0001 Colloc0 1759 48826 0.126267 223.393
220	1	3085.96	333012	333000	12.0348	1783	6313	5023	10	0.0001 Colloc0 1783 48799 0.162355 209.704
230	1	3214.44	332350	332338	12.2697	1794	6347	4989	9	0.0001 Colloc0 1794 48674 0.117159 225.849
240	1	3342.86	332183	332170	12.4768	1821	6472	4864	10	0.0001 Colloc0 1821 48644 0.132602 240.385
250	1	3471.01	331348	331336	12.0867	1787	6431	4905	10	0.0001 Colloc0 1787 48531 0.117295 213.236
260	1	3604.6	330734	330722	12.4492	1796	6469	4867	9	0.0001 Colloc0 1796 48486 0.117759 238.432
270	1	3736.67	329900	329888	12.3935	1801	6646	4690	11	0.0001 Colloc0 1801 48420 0.137778 234.503
280	1	3866.14	329252	329240	11.8964	1767	6566	4770	12	0.0001 Colloc0 1767 48358 0.156705 200.367
290	1	4000.71	329113	329101	12.2916	1766	6687	4649	10	0.0001 Colloc0 1766 48274 0.1303 227.371
300	1	4134.5	328932	328920	12.1574	1782	6725	4611	10	0.0001 Colloc0 1782 48232 0.145893 218.083
310	1	4268.41	329037	329025	12.4114	1779	6575	4761	11	0.0001 Colloc0 1779 48098 0.12518 235.769
320	1	4392.97	328722	328709	12.6891	1801	6644	4692	9	0.0001 Colloc0 1801 48072 0.126627 255.559
330	1	4526.2	327695	327683	12.4174	1774	6916	4420	9	0.0001 Colloc0 1774 47975 0.112143 236.187
340	1	4660.34	327626	327614	12.2765	1821	6910	4426	8	0.0001 Colloc0 1821 47929 0.120558 226.325
350	1	4792.83	327680	327668	12.3338	1837	6974	4362	11	0.0001 Colloc0 1837 47904 0.146474 230.321
360	1	4926.97	326758	326746	12.3649	1791	7043	4293	9	0.0001 Colloc0 1791 47910 0.128476 232.5
370	1	5058.54	327056	327043	12.575	1814	7001	4335	12	0.0001 Colloc0 1814 47880 0.132622 247.373
380	1	5193.42	327268	327256	12.6222	1798	6928	4408	9	0.0001 Colloc0 1798 47867 0.0985556 250.745
390	1	5322.8	326663	326651	12.3216	1780	6937	4399	9	0.0001 Colloc0 1780 47819 0.113153 229.466
400	1	5444.92	325988	325976	12.1888	1788	7022	4314	8	0.0001 Colloc0 1788 47776 0.134568 220.246
410	1	5567.57	325791	325779	12.1191	1807	6962	4374	12	0.0001 Colloc0 1807 47719 0.138799 215.451
420	1	5693.37	324974	324961	12.5235	1808	7221	4115	10	0.0001 Colloc0 1808 47548 0.127652 243.696
430	1	5820.73	325430	325418	12.2601	1827	7116	4220	8	0.0001 Colloc0 1827 47555 0.135608 225.184
440	1	5951.75	324891	324879	11.807	1818	7313	4023	7	0.0001 Colloc0 1818 47477 0.160773 194.415
450	1	6087.56	323871	323859	11.9886	1810	7327	4009	7	0.0001 Colloc0 1810 47459 0.168713 206.575
460	1	6221.84	323028	323015	12.5975	1804	7540	3796	8	0.0001 Colloc0 1804 47372 0.139085 248.978
470	1	6355.5	322661	322648	12.4757	1804	7709	3627	8	0.0001 Colloc0 1804 47405 0.122929 240.304
480	1	6482.93	322604	322592	12.1427	1819	7754	3582	7	0.0001 Colloc0 1819 47290 0.137315 217.07
490	1	6616.85	323254	323241	12.891	1802	7507	3829	11	0.0001 Colloc0 1802 47281 0.106202 270.223
500	1	6751.32	323605	323593	12.1702	1804	7197	4139	8	0.0001 Colloc0 1804 47273 0.135382 218.963
510	1	6885.37	323424	323411	12.4332	1801	7226	4110	8	0.0001 Colloc0 1801 47207 0.127343 237.3
520	1	7018.82	323162	323150	12.3558	1793	7286	4050	7	0.0001 Colloc0 1793 47203 0.136253 231.862
530	1	7151.65	321360	321347	12.9233	1788	7290	4046	7	0.0001 Colloc0 1788 46913 0.099683 272.589
540	1	7277.48	320717	320705	12.2374	1788	7493	3843	9	0.0001 Colloc0 1788 46868 0.148079 223.61
550	1	7399.98	320796	320784	12.1417	1816	7480	3856	7	0.0001 Colloc0 1816 46853 0.134898 217.003
560	1	7531.84	320716	320704	12.1628	1818	7422	3914	10	0.0001 Colloc0 1818 46819 0.156356 218.453
570	1	7666.96	320604	320592	12.1624	1843	7417	3919	10	0.0001 Colloc0 1843 46775 0.146037 218.425
580	1	7799.23	320571	320559	12.2947	1821	7479	3857	7	0.0001 Colloc0 1821 46780 0.13816 227.592
590	1	7927.63	320645	320632	12.3177	1840	7514	3822	7	0.0001 Colloc0 1840 46739 0.138222 229.195
600	1	8060.37	320017	320005	12.4246	1837	7616	3720	7	0.0001 Colloc0 1837 46656 0.149454 236.697
610	1	8194.75	319371	319359	12.622	1802	7788	3548	5	0.0001 Colloc0 1802 46651 0.111787 250.732
620	1	8325.14	319768	319756	12.8046	1826	7737	3599	7	0.0001 Colloc0 1826 46597 0.135832 263.917
630	1	8455.42	319622	319610	12.4393	1853	7695	3641	8	0.0001 Colloc0 1853 46571 0.126882 237.735
640	1	8589.88	320390	320378	12.2034	1879	7602	3734	7	0.0001 Colloc0 1879 46585 0.151887 221.253
650	1	8719.34	320163	320151	11.9708	1844	7557	3779	5	0.0001 Colloc0 1844 46616 0.159062 205.368
660	1	8849.14	319929	319916	12.5214	1816	7554	3782	7	0.0001 Colloc0 1816 46592 0.125854 243.549
670	1	8974.23	319512	319500	12.2014	1841	7702	3634	6	0.0001 Colloc0 1841 46567 0.141199 221.119
680	1	9096.47	319793	319780	12.5788	1826	7724	3612	5	0.0001 Colloc0 1826 46562 0.131504 247.64
690	1	9225.23	320224	320211	12.6084	1854	7710	3626	4	0.0001 Colloc0 1854 46559 0.131288 249.761
700	1	9348	320170	320158	12.2897	1869	7668	3668	6	0.0001 Colloc0 1869 46536 0.166208 227.242
710	1	9470.83	320323	320311	12.5775	1866	7649	3687	7	0.0001 Colloc0 1866 46517 0.125095 247.545
720	1	9600.38	319695	319682	12.6101	1828	7742	3594	7	0.0001 Colloc0 1828 46522 0.132517 249.88
730	1	9733.88	319446	319433	12.4181	1860	7781	3555	10	0.0001 Colloc0 1860 46529 0.136536 236.241
740	1	9867.76	319142	319130	12.3416	1834	7924	3412	7	0.0001 Colloc0 1834 46433 0.153024 230.864
750	1	9996.88	318825	318813	11.839	1845	7824	3512	6	0.0001 Colloc0 1845 46326 0.172208 196.54
760	1	10125.5	318581	318569	12.0035	1854	8031	3305	5	0.0001 Colloc0 1854 46343 0.169263 207.578
770	1	10260.1	318370	318358	12.2194	1909	8041	3295	4	0.0001 Colloc0 1909 46326 0.170801 222.359
780	1	10394.5	316788	316776	12.665	1833	8261	3075	5	0.0001 Colloc0 1833 46194 0.130151 253.821
790	1	10524.3	316220	316208	12.2779	1841	8274	3062	6	0.0001 Colloc0 1841 45967 0.143098 226.422
800	1	10652.9	315134	315122	12.0891	1881	8654	2682	8	0.0001 Colloc0 1881 45913 0.165288 213.4
810	1	10787.2	314930	314918	12.5159	1833	8775	2561	8	0.0001 Colloc0 1833 45902 0.13113 243.162
820	1	10921.4	315141	315128	12.3295	1861	8553	2783	8	0.0001 Colloc0 1861 45913 0.151977 230.017
830	1	11055.6	315240	315228	12.1178	1841	8666	2670	6	0.0001 Colloc0 1841 45922 0.166386 215.366
