# D = 0, E = 1, I = 1, P = 1, R = -1, n = 2000, N = 1, P = 1, w = 1, a = 0.0001, b = 10000, e = 1, f = 1, g = 100, h = 0.01, r = 30505, s = 1, S = 0, x = 10, m = 100, Z = 1, z = 0, T = 1, t = 1
# 131790 tokens in 11336 sentences
#
# It	Temp	Time	-logP	-logPcorpus	-logPrior	tables	same	changed	reject	default_pya	(parent pym pyn pya pyb)*
0	1	14.0499	464940	464826	113.764	11421	0	11336	0	0.0001 Colloc0 11421 57559 0.0001 10000
10	1	190.726	385231	385216	15.6212	3147	2971	8365	10	0.0001 Colloc0 3147 51483 0.137376 485.278
20	1	332.924	375000	374984	15.7158	2379	3373	7963	10	0.0001 Colloc0 2379 51093 0.0242162 493.145
30	1	467.743	367315	367301	14.4133	2079	3699	7637	6	0.0001 Colloc0 2079 50632 0.0209994 386.913
40	1	605.643	363456	363441	14.5792	2053	3931	7405	8	0.0001 Colloc0 2053 50387 0.0167812 400.169
50	1	743.558	360459	360444	14.705	1995	4183	7153	6	0.0001 Colloc0 1995 50283 0.0115359 410.279
60	1	880.165	355784	355770	14.1161	1920	4516	6820	10	0.0001 Colloc0 1920 50009 0.0302166 363.401
70	1	1008.9	353632	353617	14.4704	1935	4717	6619	3	0.0001 Colloc0 1935 49726 0.0252066 391.47
80	1	1144.93	350198	350184	13.8542	1912	4948	6388	7	0.0001 Colloc0 1912 49280 0.0553341 342.946
90	1	1280.7	349061	349047	13.504	1927	5059	6277	9	0.0001 Colloc0 1927 49290 0.0645669 316.022
100	1	1416.93	347703	347689	13.3894	1968	5231	6105	10	0.0001 Colloc0 1968 49107 0.0796121 307.327
110	1	1549.44	346285	346271	13.9991	1904	5337	5999	7	0.0001 Colloc0 1904 49024 0.0321423 354.232
120	1	1678.45	345095	345082	13.2094	1878	5434	5902	8	0.0001 Colloc0 1878 48902 0.0770966 293.783
130	1	1814.53	343200	343187	13.189	1949	5456	5880	7	0.0001 Colloc0 1949 48756 0.0894006 292.262
140	1	1950.44	341108	341095	13.162	1871	5747	5589	10	0.0001 Colloc0 1871 48592 0.0902539 290.244
150	1	2085.97	339159	339146	13.0564	1906	5882	5454	10	0.0001 Colloc0 1906 48429 0.112982 282.396
160	1	2221.49	336481	336468	12.8144	1917	6085	5251	8	0.0001 Colloc0 1917 48205 0.125804 264.631
170	1	2354.6	336353	336340	13.2391	1924	6151	5185	7	0.0001 Colloc0 1924 48149 0.101803 296.009
180	1	2491.13	334418	334405	13.0722	1855	6224	5112	10	0.0001 Colloc0 1855 47928 0.0926451 283.572
190	1	2626.87	332712	332699	12.719	1852	6251	5085	10	0.0001 Colloc0 1852 47782 0.116913 257.717
200	1	2761.54	332372	332359	12.9529	1872	6201	5135	8	0.0001 Colloc0 1872 47694 0.104604 274.763
210	1	2891.64	332267	332254	12.825	1870	6244	5092	10	0.0001 Colloc0 1870 47613 0.116035 265.401
220	1	3025.54	331441	331428	12.7267	1847	6322	5014	10	0.0001 Colloc0 1847 47617 0.11657 258.271
230	1	3160.26	330547	330534	12.5677	1859	6419	4917	11	0.0001 Colloc0 1859 47516 0.125047 246.849
240	1	3289.42	329434	329421	12.4363	1858	6606	4730	9	0.0001 Colloc0 1858 47468 0.123923 237.522
250	1	3419.91	329389	329376	12.5954	1871	6620	4716	8	0.0001 Colloc0 1871 47428 0.130288 248.827
260	1	3553.37	329366	329353	12.5999	1874	6680	4656	8	0.0001 Colloc0 1874 47419 0.126632 249.148
270	1	3687.79	328867	328855	12.4702	1889	6751	4585	10	0.0001 Colloc0 1889 47333 0.13473 239.919
280	1	3820.89	327854	327841	12.9884	1838	6826	4510	11	0.0001 Colloc0 1838 47290 0.0817926 277.377
290	1	3949.03	327700	327686	13.1447	1856	6878	4458	9	0.0001 Colloc0 1856 47249 0.0930399 288.959
300	1	4083.17	328014	328001	12.7076	1880	6825	4511	8	0.0001 Colloc0 1880 47143 0.118251 256.893
310	1	4217.1	326767	326754	12.7367	1874	7012	4324	7	0.0001 Colloc0 1874 47045 0.120814 258.993
320	1	4351.79	326483	326470	12.5252	1899	7089	4247	10	0.0001 Colloc0 1899 47052 0.137574 243.821
330	1	4486.85	326060	326047	12.6104	1866	7100	4236	7	0.0001 Colloc0 1866 47034 0.121818 249.905
340	1	4621.02	325970	325957	12.8375	1887	7128	4208	10	0.0001 Colloc0 1887 46914 0.116401 266.315
350	1	4756.13	324702	324689	12.2531	1892	7121	4215	10	0.0001 Colloc0 1892 46666 0.153906 224.697
360	1	4890.24	324214	324202	12.3253	1865	7124	4212	10	0.0001 Colloc0 1865 46595 0.132692 229.728
370	1	5022.56	323651	323638	12.969	1863	7297	4039	8	0.0001 Colloc0 1863 46500 0.0973503 275.947
380	1	5156.61	323250	323237	12.7711	1861	7430	3906	9	0.0001 Colloc0 1861 46417 0.109647 261.486
390	1	5290.12	321487	321475	12.3957	1885	7518	3818	9	0.0001 Colloc0 1885 46133 0.144245 234.662
400	1	5425.87	321107	321094	12.4644	1870	7603	3733	7	0.0001 Colloc0 1870 46096 0.146777 239.506
410	1	5560.96	321324	321311	12.8483	1873	7482	3854	9	0.0001 Colloc0 1873 46181 0.118839 267.1
420	1	5695.84	321472	321459	12.778	1892	7406	3930	9	0.0001 Colloc0 1892 46026 0.131775 261.985
430	1	5830.47	321247	321234	12.9223	1910	7437	3899	10	0.0001 Colloc0 1910 45942 0.118943 272.512
440	1	5965.92	321084	321072	12.288	1885	7459	3877	8	0.0001 Colloc0 1885 45937 0.151324 227.12
450	1	6100.29	321354	321341	12.6854	1912	7337	3999	8	0.0001 Colloc0 1912 45923 0.134175 255.288
460	1	6235.49	319021	319008	13.0007	1887	7546	3790	9	0.0001 Colloc0 1887 45597 0.119536 278.28
470	1	6363.38	318401	318388	12.1423	1880	7603	3733	8	0.0001 Colloc0 1880 45601 0.165257 217.048
480	1	6485.19	318333	318321	12.395	1871	7722	3614	10	0.0001 Colloc0 1871 45582 0.146209 234.611
490	1	6606.75	318069	318057	12.3275	1878	7718	3618	10	0.0001 Colloc0 1878 45548 0.148564 229.878
500	1	6734.19	317198	317186	12.8096	1873	7805	3531	8	0.0001 Colloc0 1873 45506 0.11969 264.285
510	1	6869.12	316742	316729	12.2067	1892	8000	3336	11	0.0001 Colloc0 1892 45509 0.15626 221.48
520	1	7004.36	316473	316461	12.2916	1864	8069	3267	9	0.0001 Colloc0 1864 45535 0.135199 227.376
530	1	7136.87	316340	316327	12.8982	1891	8131	3205	11	0.0001 Colloc0 1891 45471 0.113812 270.749
540	1	7267.46	316895	316882	13.3977	1874	8044	3292	12	0.0001 Colloc0 1874 45482 0.0889189 307.955
550	1	7402.59	316291	316278	12.5641	1880	8120	3216	11	0.0001 Colloc0 1880 45424 0.134345 246.59
560	1	7527.44	316117	316104	12.7449	1865	8137	3199	10	0.0001 Colloc0 1865 45424 0.11747 259.585
570	1	7649.12	316625	316613	12.5357	1890	7929	3407	8	0.0001 Colloc0 1890 45403 0.155895 244.569
580	1	7781.49	317096	317084	12.5586	1874	7808	3528	9	0.0001 Colloc0 1874 45422 0.137712 246.2
590	1	7910.1	317198	317186	12.3816	1858	7726	3610	8	0.0001 Colloc0 1858 45428 0.136037 233.668
600	1	8040.02	316897	316884	12.5046	1877	7577	3759	7	0.0001 Colloc0 1877 45348 0.147992 242.354
610	1	8171.66	316306	316294	12.6636	1878	7781	3555	7	0.0001 Colloc0 1878 45283 0.128985 253.721
620	1	8305.46	316044	316031	12.8955	1879	7807	3529	7	0.0001 Colloc0 1879 45246 0.129328 270.554
630	1	8437.75	315839	315826	12.6873	1869	7859	3477	9	0.0001 Colloc0 1869 45222 0.129608 255.424
640	1	8571.25	315837	315825	12.4641	1883	7924	3412	8	0.0001 Colloc0 1883 45165 0.143563 239.488
650	1	8704.42	315273	315261	12.3266	1902	8009	3327	7	0.0001 Colloc0 1902 45106 0.160146 229.815
660	1	8835.28	315518	315506	12.0725	1911	8007	3329	14	0.0001 Colloc0 1911 45126 0.165999 212.271
670	1	8967.68	315345	315332	12.7365	1874	8076	3260	10	0.0001 Colloc0 1874 45108 0.118219 258.979
680	1	9100.62	315401	315388	12.6436	1916	8138	3198	11	0.0001 Colloc0 1916 45097 0.148488 252.279
690	1	9233.07	315322	315310	12.5041	1873	8082	3254	10	0.0001 Colloc0 1873 45054 0.145069 242.322
700	1	9362.43	315333	315320	12.6463	1906	8167	3169	11	0.0001 Colloc0 1906 45123 0.134939 252.473
710	1	9487.83	315090	315078	12.6098	1921	8193	3143	9	0.0001 Colloc0 1921 45020 0.15134 249.856
720	1	9610.26	315077	315064	12.5673	1913	8167	3169	11	0.0001 Colloc0 1913 45018 0.136822 246.817
730	1	9742.5	315353	315340	12.722	1903	8064	3272	10	0.0001 Colloc0 1903 45015 0.13692 257.934
740	1	9877.35	315442	315429	12.5213	1890	8003	3333	10	0.0001 Colloc0 1890 45014 0.132961 243.541
750	1	10012.8	314724	314712	12.0438	1901	7933	3403	10	0.0001 Colloc0 1901 44890 0.165521 210.312
760	1	10146.6	315195	315182	12.6698	1918	7925	3411	9	0.0001 Colloc0 1918 44893 0.136683 254.168
770	1	10279.6	314889	314877	12.7301	1903	8087	3249	9	0.0001 Colloc0 1903 44886 0.132195 258.513
780	1	10406.3	315041	315028	12.9131	1936	8009	3327	9	0.0001 Colloc0 1936 44856 0.12249 271.843
790	1	10532.2	314354	314342	12.2987	1907	8185	3151	8	0.0001 Colloc0 1907 44863 0.148022 227.869
800	1	10666	314842	314830	12.6472	1912	8126	3210	7	0.0001 Colloc0 1912 44896 0.130627 252.541
810	1	10800.8	314534	314522	12.571	1911	8137	3199	7	0.0001 Colloc0 1911 44796 0.137746 247.083
820	1	10931.3	314769	314757	12.2249	1924	8046	3290	10	0.0001 Colloc0 1924 44817 0.151664 222.739
830	1	11065.4	314438	314426	12.4418	1924	8120	3216	11	0.0001 Colloc0 1924 44763 0.150195 237.909
840	1	11199	313942	313930	12.6027	1909	8311	3025	8	0.0001 Colloc0 1909 44812 0.136825 249.347
850	1	11322.8	313476	313464	12.1651	1916	8307	3029	8	0.0001 Colloc0 1916 44762 0.173474 218.615
860	1	11458.3	313366	313354	12.0261	1909	8358	2978	9	0.0001 Colloc0 1909 44766 0.16658 209.11
870	1	11592.6	314579	314566	12.6455	1901	8017	3319	10	0.0001 Colloc0 1901 44777 0.129338 252.42
880	1	11718.8	314710	314697	12.3724	1934	8092	3244	8	0.0001 Colloc0 1934 44767 0.140792 233.027
890	1	11841.3	313734	313722	12.8621	1930	8383	2953	10	0.0001 Colloc0 1930 44791 0.12997 268.11
900	1	11968.6	314165	314153	12.7371	1937	8098	3238	9	0.0001 Colloc0 1937 44759 0.136226 259.024
910	1	12091.7	314837	314824	12.7049	1938	7961	3375	10	0.0001 Colloc0 1938 44769 0.12239 256.694
920	1	12214.1	313860	313847	12.946	1903	8130	3206	11	0.0001 Colloc0 1903 44794 0.126496 274.256
930	1	12339.6	313160	313147	12.6693	1898	8336	3000	9	0.0001 Colloc0 1898 44620 0.126042 254.132
940	1	12474.3	313072	313059	12.1892	1912	8341	2995	12	0.0001 Colloc0 1912 44642 0.163298 220.273
950	1	12608.1	312395	312382	12.7707	1919	8583	2753	8	0.0001 Colloc0 1919 44585 0.126991 261.456
960	1	12743.5	312158	312146	12.5692	1896	8565	2771	7	0.0001 Colloc0 1896 44588 0.146095 246.958
970	1	12877.8	312127	312115	12.293	1925	8463	2873	7	0.0001 Colloc0 1925 44536 0.152143 227.469
980	1	13008	311512	311499	12.8696	1923	8556	2780	10	0.0001 Colloc0 1923 44441 0.134198 268.654
990	1	13140.7	312047	312034	12.4994	1913	8433	2903	9	0.0001 Colloc0 1913 44429 0.144006 241.984
1000	1	13274.9	312192	312180	12.5878	1895	8255	3081	6	0.0001 Colloc0 1895 44416 0.134905 248.283
1010	1	13408.9	311737	311725	12.0763	1917	8396	2940	9	0.0001 Colloc0 1917 44371 0.178688 212.528
1020	1	13542.5	311807	311794	12.3961	1919	8312	3024	10	0.0001 Colloc0 1919 44330 0.163646 234.689
1030	1	13676.8	312267	312255	12.2383	1897	8188	3148	8	0.0001 Colloc0 1897 44309 0.153677 223.671
1040	1	13811.2	312019	312006	12.7455	1909	8316	3020	7	0.0001 Colloc0 1909 44303 0.123669 259.63
1050	1	13946.5	312016	312004	12.5995	1942	8332	3004	8	0.0001 Colloc0 1942 44281 0.142381 249.118
1060	1	14082	312094	312081	12.6576	1939	8358	2978	8	0.0001 Colloc0 1939 44261 0.14834 253.292
1070	1	14215.2	311260	311248	12.6055	1957	8510	2826	13	0.0001 Colloc0 1957 44266 0.149294 249.55
1080	1	14347.7	311022	311009	12.8809	1888	8528	2808	10	0.0001 Colloc0 1888 44195 0.117068 269.479
1090	1	14482.1	311191	311179	12.6026	1916	8517	2819	8	0.0001 Colloc0 1916 44208 0.158746 249.342
1100	1	14615.4	311119	311106	13.0934	1930	8502	2834	11	0.0001 Colloc0 1930 44199 0.106965 285.142
1110	1	14747.7	311693	311681	12.4866	1950	8431	2905	9	0.0001 Colloc0 1950 44180 0.159793 241.076
1120	1	14869.7	310295	310282	12.3025	1884	8613	2723	10	0.0001 Colloc0 1884 44170 0.156632 228.13
1130	1	14996.9	310820	310807	12.7077	1912	8494	2842	8	0.0001 Colloc0 1912 44177 0.133908 256.901
1140	1	15128.9	310607	310595	12.3952	1947	8555	2781	8	0.0001 Colloc0 1947 44145 0.16173 234.624
1150	1	15260.3	310161	310149	12.1913	1908	8625	2711	12	0.0001 Colloc0 1908 44129 0.164518 220.42
1160	1	15395.2	309657	309645	12.326	1870	8715	2621	9	0.0001 Colloc0 1870 44105 0.134105 229.777
1170	1	15519.7	310226	310214	12.1502	1882	8692	2644	9	0.0001 Colloc0 1882 44152 0.158365 217.589
1180	1	15646.4	310134	310122	12.7095	1914	8696	2640	8	0.0001 Colloc0 1914 44089 0.139998 257.025
1190	1	15774.7	310168	310155	12.9725	1925	8714	2622	10	0.0001 Colloc0 1925 44093 0.123792 276.201
1200	1	15909.3	310540	310527	12.7069	1908	8570	2766	9	0.0001 Colloc0 1908 44091 0.133838 256.84
1210	1	16043.8	310618	310606	12.4699	1927	8561	2775	7	0.0001 Colloc0 1927 44093 0.158275 239.899
1220	1	16178.3	310572	310559	12.771	1918	8632	2704	7	0.0001 Colloc0 1918 44084 0.139808 261.48
1230	1	16312.7	310635	310622	12.775	1919	8521	2815	8	0.0001 Colloc0 1919 44049 0.125832 261.769
1240	1	16438	310622	310610	12.6213	1902	8575	2761	8	0.0001 Colloc0 1902 44073 0.130253 250.68
1250	1	16563.8	310604	310591	12.6942	1909	8654	2682	10	0.0001 Colloc0 1909 44119 0.141091 255.923
1260	1	16697.9	310564	310551	12.7976	1934	8659	2677	10	0.0001 Colloc0 1934 44030 0.143092 263.409
1270	1	16832.7	310740	310727	13.0063	1936	8567	2769	6	0.0001 Colloc0 1936 44059 0.119836 278.699
1280	1	16968.6	309910	309897	12.7422	1905	8773	2563	8	0.0001 Colloc0 1905 44009 0.140929 259.392
1290	1	17103	309953	309940	12.3975	1893	8684	2652	8	0.0001 Colloc0 1893 44060 0.142729 234.787
1300	1	17237	310168	310156	12.5467	1920	8650	2686	8	0.0001 Colloc0 1920 44053 0.149738 245.353
1310	1	17365.5	309661	309649	12.3164	1914	8846	2490	6	0.0001 Colloc0 1914 44075 0.165287 229.101
1320	1	17492.3	309512	309500	12.6905	1926	8830	2506	6	0.0001 Colloc0 1926 44061 0.154412 255.655
1330	1	17616.8	309542	309529	12.5438	1924	8728	2608	6	0.0001 Colloc0 1924 44056 0.153662 245.144
1340	1	17749.9	309714	309702	12.5309	1943	8764	2572	9	0.0001 Colloc0 1943 44024 0.159375 244.226
1350	1	17874.4	310424	310412	12.3929	1948	8674	2662	8	0.0001 Colloc0 1948 44044 0.147741 234.461
1360	1	17996.8	310075	310062	12.4504	1958	8779	2557	9	0.0001 Colloc0 1958 43979 0.163962 238.517
1370	1	18121.8	309048	309036	12.4179	1946	8912	2424	8	0.0001 Colloc0 1946 43942 0.155961 236.223
1380	1	18247.1	309507	309495	12.346	1913	8844	2492	9	0.0001 Colloc0 1913 44016 0.150331 231.174
1390	1	18380.6	309907	309894	12.596	1927	8717	2619	9	0.0001 Colloc0 1927 44002 0.148197 248.873
1400	1	18512	309743	309730	12.5072	1907	8737	2599	9	0.0001 Colloc0 1907 43992 0.145283 242.538
1410	1	18634.3	309582	309569	12.9342	1918	8695	2641	8	0.0001 Colloc0 1918 44014 0.137323 273.388
1420	1	18757	309437	309424	13.0217	1893	8694	2642	10	0.0001 Colloc0 1893 43927 0.111726 279.835
1430	1	18878.5	309489	309477	12.3878	1938	8801	2535	8	0.0001 Colloc0 1938 43973 0.150584 234.105
1440	1	19009	308995	308983	12.3008	1952	8919	2417	7	0.0001 Colloc0 1952 43902 0.180634 228.018
1450	1	19144.4	309422	309409	12.9414	1917	8773	2563	7	0.0001 Colloc0 1917 43831 0.121796 273.916
1460	1	19280.5	308648	308635	12.7595	1913	8973	2363	9	0.0001 Colloc0 1913 43836 0.131661 260.647
1470	1	19410.4	309069	309056	13.0612	1922	8853	2483	7	0.0001 Colloc0 1922 43853 0.126633 282.751
1480	1	19533.5	309062	309049	13.0968	1949	8862	2474	9	0.0001 Colloc0 1949 43849 0.126603 285.392
1490	1	19668	309117	309105	12.9255	1925	8874	2462	8	0.0001 Colloc0 1925 43869 0.143244 272.748
1500	1	19802	309114	309101	13.0335	1914	8855	2481	8	0.0001 Colloc0 1914 43829 0.131298 280.704
1510	1	19937.6	309183	309170	12.6886	1942	8824	2512	8	0.0001 Colloc0 1942 43858 0.133068 255.522
1520	1	20071	309082	309070	12.3316	1924	8878	2458	6	0.0001 Colloc0 1924 43893 0.161064 230.164
1530	1	20203.6	309210	309197	12.5701	1951	8782	2554	7	0.0001 Colloc0 1951 43842 0.141237 247.021
1540	1	20335.7	309059	309047	12.3122	1956	8835	2501	8	0.0001 Colloc0 1956 43825 0.164215 228.809
1550	1	20469.8	309218	309205	13.0497	1941	8782	2554	9	0.0001 Colloc0 1941 43841 0.128559 281.901
1560	1	20603.5	309597	309583	13.466	1921	8743	2593	7	0.0001 Colloc0 1921 43844 0.0853614 313.128
1570	1	20737.2	309241	309228	12.7962	1933	8701	2635	11	0.0001 Colloc0 1933 43785 0.132879 263.31
1580	1	20868.2	309533	309520	12.9728	1945	8584	2752	7	0.0001 Colloc0 1945 43791 0.133082 276.228
1590	1	21003.5	308915	308902	13.0457	1922	8819	2517	10	0.0001 Colloc0 1922 43810 0.129971 281.603
1600	1	21136.5	308815	308802	12.4596	1915	8801	2535	12	0.0001 Colloc0 1915 43808 0.164072 239.165
1610	1	21257.9	309543	309530	12.5739	1926	8703	2633	10	0.0001 Colloc0 1926 43810 0.146902 247.288
1620	1	21378.6	309445	309433	12.758	1919	8744	2592	7	0.0001 Colloc0 1919 43829 0.12831 260.535
1630	1	21503.3	309068	309056	12.15	1920	8747	2589	10	0.0001 Colloc0 1920 43828 0.154761 217.578
1640	1	21637.1	309173	309159	13.2002	1937	8744	2592	9	0.0001 Colloc0 1937 43800 0.124461 293.098
1650	1	21769.7	308338	308325	12.6774	1930	8833	2503	9	0.0001 Colloc0 1930 43685 0.145995 254.713
1660	1	21901.1	308091	308079	12.4019	1925	8862	2474	7	0.0001 Colloc0 1925 43649 0.148165 235.094
1670	1	22026.7	308251	308238	13.2115	1938	8858	2478	6	0.0001 Colloc0 1938 43662 0.104057 293.942
1680	1	22149.5	308220	308207	12.9375	1941	8780	2556	6	0.0001 Colloc0 1941 43523 0.134651 273.629
1690	1	22281.1	307916	307903	12.5446	1941	8915	2421	8	0.0001 Colloc0 1941 43517 0.153288 245.204
1700	1	22410.1	307587	307574	13.022	1911	8930	2406	11	0.0001 Colloc0 1911 43561 0.111752 279.854
1710	1	22539.1	307855	307842	12.8437	1905	8852	2484	7	0.0001 Colloc0 1905 43545 0.125657 266.768
1720	1	22667.3	307722	307709	12.6494	1923	8826	2510	6	0.0001 Colloc0 1923 43521 0.142106 252.702
1730	1	22798.1	308199	308186	12.5697	1940	8641	2695	7	0.0001 Colloc0 1940 43510 0.143955 246.993
1740	1	22924.5	307921	307908	12.6756	1927	8683	2653	8	0.0001 Colloc0 1927 43489 0.127475 254.586
1750	1	23052.6	307851	307839	12.1081	1915	8556	2780	9	0.0001 Colloc0 1915 43471 0.164579 214.702
1760	1	23183.1	307735	307722	13.0671	1939	8711	2625	8	0.0001 Colloc0 1939 43440 0.114181 283.193
1770	1	23311.6	307489	307476	12.8902	1941	8896	2440	7	0.0001 Colloc0 1941 43458 0.133588 270.164
1780	1	23443.4	307540	307527	12.943	1940	8876	2460	9	0.0001 Colloc0 1940 43430 0.118676 274.032
1790	1	23563.7	307079	307066	12.8894	1913	8898	2438	8	0.0001 Colloc0 1913 43446 0.12452 270.103
1800	1	23686	307336	307323	12.4884	1938	8929	2407	7	0.0001 Colloc0 1938 43479 0.148966 241.208
1810	1	23814.5	307669	307656	12.5927	1922	8868	2468	7	0.0001 Colloc0 1922 43460 0.155445 248.637
1820	1	23941.2	307016	307003	12.8183	1935	8914	2422	7	0.0001 Colloc0 1935 43420 0.142696 264.916
1830	1	24070.6	307231	307218	12.7379	1971	8849	2487	8	0.0001 Colloc0 1971 43394 0.146839 259.08
1840	1	24200.6	307153	307140	12.6423	1958	8907	2429	8	0.0001 Colloc0 1958 43364 0.16977 252.188
1850	1	24329.8	306670	306658	12.4062	1926	9015	2321	6	0.0001 Colloc0 1926 43363 0.150924 235.4
1860	1	24456.7	307063	307050	12.8942	1949	8932	2404	10	0.0001 Colloc0 1949 43331 0.130301 270.459
1870	1	24578.4	306850	306837	12.7416	1935	8980	2356	10	0.0001 Colloc0 1935 43397 0.131868 259.347
1880	1	24697.7	307363	307350	12.9837	1952	8723	2613	6	0.0001 Colloc0 1952 43327 0.133298 277.026
1890	1	24816.8	306891	306878	13.3649	1909	8918	2418	7	0.0001 Colloc0 1909 43339 0.0893164 305.475
1900	1	24937.4	307154	307142	12.4647	1962	8885	2451	7	0.0001 Colloc0 1962 43364 0.165471 239.529
1910	1	25059.2	306658	306645	13.1269	1936	9004	2332	9	0.0001 Colloc0 1936 43366 0.117382 287.63
1920	1	25186.5	306863	306850	12.9122	1932	8969	2367	8	0.0001 Colloc0 1932 43401 0.129424 271.775
1930	1	25310.9	306658	306645	12.6061	1929	8951	2385	9	0.0001 Colloc0 1929 43373 0.150526 249.596
1940	1	25433.2	306248	306235	12.645	1904	9051	2285	12	0.0001 Colloc0 1904 43325 0.134123 252.383
1950	1	25555.1	306441	306428	12.6279	1923	9093	2243	11	0.0001 Colloc0 1923 43330 0.147693 251.157
1960	1	25682.9	305946	305933	12.6619	1931	9165	2171	7	0.0001 Colloc0 1931 43318 0.150395 253.594
1970	1	25804.1	306178	306165	12.8444	1931	9161	2175	9	0.0001 Colloc0 1931 43351 0.129493 266.815
1980	1	25927.2	305886	305873	13.2061	1933	9181	2155	10	0.0001 Colloc0 1933 43302 0.110613 293.538
1990	1	26037.1	306051	306039	12.3794	1945	9185	2151	7	0.0001 Colloc0 1945 43309 0.16716 233.512
2000	1	26140	306135	306122	13.0335	1914	9248	2088	9	0.0001 Colloc0 1914 43367 0.123421 280.707
