# D = 0, E = 1, I = 1, P = 1, R = -1, n = 2000, N = 1, P = 1, w = 1, a = 0.0001, b = 10000, e = 1, f = 1, g = 100, h = 0.01, r = 7077, s = 1, S = 0, x = 10, m = 100, Z = 1, z = 0, T = 1, t = 1
# 131790 tokens in 11336 sentences
#
# It	Temp	Time	-logP	-logPcorpus	-logPrior	tables	same	changed	reject	default_pya	(parent pym pyn pya pyb)*
0	1	14.1269	465927	465813	113.764	11272	0	11336	0	0.0001 Colloc0 11272 57920 0.0001 10000
10	1	200.27	383231	383216	15.2178	2958	3118	8218	10	0.0001 Colloc0 2958 51828 0.134124 451.974
20	1	343.47	372284	372269	15.1202	2199	3530	7806	6	0.0001 Colloc0 2199 51288 0.0107285 443.983
30	1	483.79	365755	365741	14.716	2019	3827	7509	6	0.0001 Colloc0 2019 51046 0.0140966 411.168
40	1	613.937	360270	360256	13.9127	1949	4080	7256	6	0.0001 Colloc0 1949 50597 0.0411226 347.496
50	1	743.063	357527	357514	13.6442	1915	4392	6944	3	0.0001 Colloc0 1915 50448 0.0608024 326.738
60	1	873.101	352514	352501	13.1604	1920	4774	6562	5	0.0001 Colloc0 1920 50261 0.0863757 290.126
70	1	1002.85	349362	349349	13.8219	1863	5181	6155	5	0.0001 Colloc0 1863 50064 0.0517995 340.443
80	1	1140.88	347764	347750	13.2538	1873	5318	6018	5	0.0001 Colloc0 1873 49832 0.0745332 297.112
90	1	1275.03	347465	347451	13.9781	1879	5311	6025	4	0.0001 Colloc0 1879 49810 0.0391412 352.591
100	1	1412.11	346006	345993	13.357	1841	5400	5936	6	0.0001 Colloc0 1841 49681 0.0642854 304.878
110	1	1545.16	345122	345109	13.2761	1870	5454	5882	7	0.0001 Colloc0 1870 49535 0.0806187 298.784
120	1	1677.79	341197	341183	13.2311	1868	5790	5546	5	0.0001 Colloc0 1868 49128 0.093534 295.408
130	1	1805.6	339351	339338	13.0268	1875	6082	5254	5	0.0001 Colloc0 1875 49041 0.100732 280.211
140	1	1937.54	338211	338198	12.9797	1884	6143	5193	10	0.0001 Colloc0 1884 48946 0.0918814 276.738
150	1	2071.78	337805	337792	12.7599	1871	6244	5092	7	0.0001 Colloc0 1871 48830 0.101456 260.677
160	1	2205.11	337382	337369	13.2984	1888	6289	5047	8	0.0001 Colloc0 1888 48748 0.0732519 300.461
170	1	2330.61	335954	335941	13.1319	1904	6569	4767	7	0.0001 Colloc0 1904 48669 0.0955433 288.004
180	1	2458.97	335136	335124	12.5717	1862	6640	4696	6	0.0001 Colloc0 1862 48691 0.11866 247.132
190	1	2585.57	334317	334304	12.6832	1901	6672	4664	10	0.0001 Colloc0 1901 48552 0.125194 255.132
200	1	2711.11	333951	333938	12.7913	1913	6872	4464	8	0.0001 Colloc0 1913 48525 0.119158 262.949
210	1	2846.03	333543	333530	12.9021	1904	6865	4471	6	0.0001 Colloc0 1904 48519 0.123703 271.033
220	1	2978.97	331753	331741	12.6586	1853	6917	4419	10	0.0001 Colloc0 1853 48117 0.126513 253.358
230	1	3111.88	331840	331827	12.9216	1881	6962	4374	9	0.0001 Colloc0 1881 48115 0.100202 272.467
240	1	3248.97	331078	331065	13.0858	1853	7039	4297	8	0.0001 Colloc0 1853 48009 0.083468 284.58
250	1	3384.87	330476	330464	12.4224	1844	7079	4257	6	0.0001 Colloc0 1844 47900 0.116469 236.542
260	1	3520.13	329893	329881	12.7184	1888	7009	4327	7	0.0001 Colloc0 1888 47783 0.130602 257.672
270	1	3653.91	329680	329668	12.9301	1895	7060	4276	6	0.0001 Colloc0 1895 47786 0.118345 273.085
280	1	3784.36	328559	328547	12.3928	1871	7189	4147	7	0.0001 Colloc0 1871 47716 0.127794 234.454
290	1	3915.79	329278	329265	12.6132	1888	7114	4222	5	0.0001 Colloc0 1888 47724 0.12534 250.098
300	1	4049.96	326675	326662	12.907	1828	7263	4073	9	0.0001 Colloc0 1828 47425 0.107871 271.396
310	1	4181.28	325673	325660	12.4202	1858	7311	4025	8	0.0001 Colloc0 1858 47229 0.137548 236.385
320	1	4314.54	325911	325899	12.8415	1892	7182	4154	8	0.0001 Colloc0 1892 47262 0.125675 266.608
330	1	4447.51	326409	326396	12.7141	1914	7215	4121	6	0.0001 Colloc0 1914 47209 0.110625 257.361
340	1	4580.26	325103	325091	12.7682	1861	7406	3930	7	0.0001 Colloc0 1861 47207 0.111367 261.273
350	1	4709.77	324184	324171	12.8008	1824	7571	3765	5	0.0001 Colloc0 1824 47169 0.100474 263.639
360	1	4840.17	324345	324333	12.5972	1857	7426	3910	6	0.0001 Colloc0 1857 47086 0.131685 248.959
370	1	4963.46	324334	324321	12.599	1877	7477	3859	10	0.0001 Colloc0 1877 47042 0.128013 249.084
380	1	5095.72	323960	323947	12.7346	1872	7585	3751	7	0.0001 Colloc0 1872 46966 0.112584 258.842
390	1	5230.78	322401	322388	12.417	1856	7806	3530	7	0.0001 Colloc0 1856 46862 0.147372 236.162
400	1	5357.86	322824	322811	12.8919	1838	7779	3557	7	0.0001 Colloc0 1838 46815 0.0994385 270.285
410	1	5489.2	322300	322287	12.8084	1851	7854	3482	8	0.0001 Colloc0 1851 46676 0.120482 264.195
420	1	5622.96	321722	321709	12.4429	1852	7851	3485	10	0.0001 Colloc0 1852 46657 0.134772 237.986
430	1	5756.7	321008	320996	12.415	1858	8050	3286	7	0.0001 Colloc0 1858 46653 0.13898 236.017
440	1	5888.18	320385	320373	12.1301	1871	8133	3203	9	0.0001 Colloc0 1871 46619 0.141197 216.207
450	1	6020.56	320019	320006	12.6377	1869	8335	3001	8	0.0001 Colloc0 1869 46553 0.126218 251.86
460	1	6151.91	320505	320491	13.2377	1889	8163	3173	6	0.0001 Colloc0 1889 46613 0.108535 295.905
470	1	6284.96	318918	318905	12.5485	1887	8360	2976	8	0.0001 Colloc0 1887 46350 0.144437 245.479
480	1	6417.6	318180	318167	12.3132	1862	8377	2959	10	0.0001 Colloc0 1862 46265 0.154617 228.882
490	1	6551.75	318951	318939	11.932	1862	8297	3039	7	0.0001 Colloc0 1862 46311 0.174444 202.757
500	1	6687.14	319222	319210	12.5269	1891	8261	3075	10	0.0001 Colloc0 1891 46274 0.146917 243.94
510	1	6821.24	319093	319081	12.1085	1906	8232	3104	7	0.0001 Colloc0 1906 46224 0.188387 214.727
520	1	6955.6	318490	318478	11.8006	1867	8399	2937	8	0.0001 Colloc0 1867 46195 0.183362 193.995
530	1	7088.62	319173	319160	12.6709	1844	8379	2957	8	0.0001 Colloc0 1844 46234 0.0984599 254.245
540	1	7221.5	318566	318554	12.2604	1878	8448	2888	8	0.0001 Colloc0 1878 46137 0.159479 225.206
550	1	7356.15	318649	318636	12.2601	1890	8385	2951	8	0.0001 Colloc0 1890 46164 0.135295 225.185
560	1	7484.83	318370	318358	12.4683	1905	8423	2913	10	0.0001 Colloc0 1905 46103 0.153448 239.784
570	1	7616.91	317999	317986	12.4084	1882	8492	2844	9	0.0001 Colloc0 1882 46104 0.150004 235.552
580	1	7751.08	317903	317890	12.2957	1874	8578	2758	7	0.0001 Colloc0 1874 46091 0.153266 227.659
590	1	7884.36	318425	318413	12.2796	1895	8362	2974	7	0.0001 Colloc0 1895 46078 0.149677 226.541
600	1	8019.32	318168	318155	12.3826	1944	8380	2956	6	0.0001 Colloc0 1944 45989 0.157155 233.74
610	1	8148.67	317884	317872	12.4058	1900	8449	2887	7	0.0001 Colloc0 1900 45999 0.160092 235.374
620	1	8280.59	317777	317765	12.1232	1891	8462	2874	6	0.0001 Colloc0 1891 46012 0.154842 215.738
630	1	8408.49	317305	317292	12.5835	1850	8499	2837	10	0.0001 Colloc0 1850 45987 0.111223 247.978
640	1	8541.98	317216	317204	12.3704	1857	8474	2862	8	0.0001 Colloc0 1857 45948 0.150564 232.882
650	1	8674.57	317393	317380	12.6151	1879	8454	2882	9	0.0001 Colloc0 1879 45942 0.143313 250.235
660	1	8804.95	317208	317195	12.6487	1890	8416	2920	9	0.0001 Colloc0 1890 45882 0.134389 252.647
670	1	8934.17	317152	317139	12.7618	1865	8427	2909	7	0.0001 Colloc0 1865 45883 0.120821 260.808
680	1	9065.73	317650	317638	12.4969	1904	8363	2973	7	0.0001 Colloc0 1904 45882 0.149939 241.813
690	1	9194.5	317349	317336	12.7642	1894	8367	2969	9	0.0001 Colloc0 1894 45799 0.131924 260.986
700	1	9329.09	317245	317232	12.5759	1918	8475	2861	6	0.0001 Colloc0 1918 45748 0.148235 247.43
710	1	9463.42	317475	317463	12.5257	1893	8375	2961	10	0.0001 Colloc0 1893 45808 0.12818 243.856
720	1	9597.79	316947	316935	12.6132	1915	8486	2850	7	0.0001 Colloc0 1915 45743 0.147122 250.098
730	1	9730.84	316808	316795	12.6828	1887	8520	2816	7	0.0001 Colloc0 1887 45715 0.103259 255.104
740	1	9862.27	316520	316507	12.1686	1940	8566	2770	7	0.0001 Colloc0 1940 45724 0.167026 218.857
750	1	9994.47	316779	316767	12.6992	1906	8465	2871	6	0.0001 Colloc0 1906 45676 0.13418 256.283
760	1	10127.9	316758	316745	12.3244	1953	8482	2854	6	0.0001 Colloc0 1953 45599 0.148388 229.662
770	1	10253.9	316747	316735	12.5149	1933	8477	2859	9	0.0001 Colloc0 1933 45565 0.155052 243.085
780	1	10384.4	316138	316125	12.7005	1908	8544	2792	8	0.0001 Colloc0 1908 45585 0.131708 256.378
790	1	10517.9	315808	315795	12.6662	1883	8574	2762	11	0.0001 Colloc0 1883 45590 0.133122 253.905
800	1	10649.7	315601	315588	12.604	1904	8681	2655	7	0.0001 Colloc0 1904 45571 0.138142 249.444
810	1	10782.4	314708	314696	12.4641	1903	8895	2441	8	0.0001 Colloc0 1903 45349 0.142676 239.484
820	1	10911.2	314614	314601	12.5542	1897	8785	2551	10	0.0001 Colloc0 1897 45388 0.136183 245.882
830	1	11044.5	314420	314408	12.4508	1895	8868	2468	6	0.0001 Colloc0 1895 45405 0.15227 238.544
840	1	11177.2	314670	314658	11.7735	1937	8681	2655	9	0.0001 Colloc0 1937 45237 0.190677 192.201
850	1	11311.2	314533	314520	12.5213	1921	8611	2725	8	0.0001 Colloc0 1921 45243 0.149684 243.545
860	1	11445	314385	314373	12.3836	1922	8624	2712	9	0.0001 Colloc0 1922 45237 0.141925 233.813
870	1	11574.4	314004	313991	12.5042	1920	8664	2672	8	0.0001 Colloc0 1920 45148 0.162785 242.33
880	1	11707.9	313872	313859	12.1636	1898	8709	2627	7	0.0001 Colloc0 1898 45119 0.169628 218.511
890	1	11840.6	313879	313867	12.2914	1927	8753	2583	7	0.0001 Colloc0 1927 45032 0.157625 227.357
900	1	11974.1	313869	313856	12.7242	1912	8654	2682	10	0.0001 Colloc0 1912 45039 0.146752 258.092
910	1	12103.7	313691	313678	12.8593	1911	8755	2581	8	0.0001 Colloc0 1911 45001 0.124773 267.907
920	1	12231.4	313740	313728	12.3984	1939	8666	2670	7	0.0001 Colloc0 1939 44941 0.163664 234.85
930	1	12360.9	313913	313900	13.1875	1902	8587	2749	7	0.0001 Colloc0 1902 44955 0.122181 292.149
940	1	12491.5	314057	314044	12.9125	1888	8611	2725	7	0.0001 Colloc0 1888 44990 0.117394 271.8
950	1	12619.1	313908	313895	12.6506	1925	8667	2669	7	0.0001 Colloc0 1925 44948 0.13877 252.786
960	1	12754.3	314171	314158	12.7439	1927	8502	2834	9	0.0001 Colloc0 1927 44965 0.151912 259.513
970	1	12881.4	313506	313493	12.97	1894	8582	2754	8	0.0001 Colloc0 1894 44832 0.126169 276.018
980	1	13011.6	313059	313046	12.6042	1919	8659	2677	7	0.0001 Colloc0 1919 44795 0.136075 249.46
990	1	13142.7	313327	313315	12.6316	1908	8571	2765	10	0.0001 Colloc0 1908 44769 0.148727 251.419
1000	1	13276.7	313415	313403	12.2299	1905	8674	2662	7	0.0001 Colloc0 1905 44835 0.154117 223.089
1010	1	13410.3	313451	313439	12.0455	1884	8579	2757	9	0.0001 Colloc0 1884 44796 0.159416 210.431
1020	1	13543.3	313042	313029	12.8338	1876	8718	2618	6	0.0001 Colloc0 1876 44823 0.128191 266.045
1030	1	13676.8	312909	312896	12.7464	1912	8808	2528	6	0.0001 Colloc0 1912 44805 0.134065 259.697
1040	1	13811.1	312842	312829	12.3921	1948	8843	2493	8	0.0001 Colloc0 1948 44784 0.160245 234.405
1050	1	13943.6	313261	313248	12.6757	1920	8700	2636	6	0.0001 Colloc0 1920 44773 0.136044 254.592
1060	1	14066.8	313562	313550	12.793	1926	8628	2708	7	0.0001 Colloc0 1926 44723 0.124602 263.075
1070	1	14194	313501	313489	12.6627	1971	8573	2763	7	0.0001 Colloc0 1971 44718 0.164199 253.652
1080	1	14325.7	311772	311759	12.6902	1931	8711	2625	8	0.0001 Colloc0 1931 44475 0.155436 255.635
1090	1	14459.3	311670	311658	12.6201	1915	8781	2555	7	0.0001 Colloc0 1915 44473 0.131691 250.594
1100	1	14588.5	311584	311571	13.1488	1926	8712	2624	11	0.0001 Colloc0 1926 44437 0.118834 289.264
1110	1	14714.8	311153	311140	12.8867	1919	8777	2559	6	0.0001 Colloc0 1919 44415 0.116837 269.906
1120	1	14845.5	311349	311337	12.1246	1922	8750	2586	8	0.0001 Colloc0 1922 44467 0.160088 215.835
1130	1	14975.8	311507	311494	12.7096	1927	8739	2597	8	0.0001 Colloc0 1927 44457 0.139766 257.034
1140	1	15107.1	311602	311590	12.2282	1955	8753	2583	7	0.0001 Colloc0 1955 44431 0.166244 222.973
1150	1	15240.2	311407	311395	12.5634	1918	8815	2521	11	0.0001 Colloc0 1918 44403 0.145304 246.538
1160	1	15376	311335	311322	12.8293	1951	8718	2618	9	0.0001 Colloc0 1951 44354 0.134697 265.718
1170	1	15509.4	311495	311483	12.6704	1969	8675	2661	7	0.0001 Colloc0 1969 44347 0.145145 254.21
1180	1	15642.6	311059	311046	12.5746	1941	8757	2579	7	0.0001 Colloc0 1941 44369 0.14574 247.341
1190	1	15775.2	310946	310933	12.8672	1951	8951	2385	6	0.0001 Colloc0 1951 44370 0.140375 268.48
1200	1	15906.6	310489	310476	12.572	1914	8996	2340	7	0.0001 Colloc0 1914 44359 0.13415 247.153
1210	1	16038.4	310668	310655	12.8226	1927	8957	2379	6	0.0001 Colloc0 1927 44378 0.128695 265.229
1220	1	16171.2	310520	310508	12.2772	1907	8937	2399	8	0.0001 Colloc0 1907 44358 0.158803 226.37
1230	1	16302.6	310951	310938	12.9151	1922	8817	2519	8	0.0001 Colloc0 1922 44332 0.12959 271.99
1240	1	16434.8	311431	311418	12.9221	1931	8690	2646	8	0.0001 Colloc0 1931 44348 0.114714 272.503
1250	1	16559.8	310993	310980	12.5343	1933	8759	2577	7	0.0001 Colloc0 1933 44312 0.139286 244.469
1260	1	16695.1	310819	310806	12.435	1957	8797	2539	7	0.0001 Colloc0 1957 44280 0.164379 237.426
1270	1	16830.6	310716	310703	12.7255	1934	8690	2646	7	0.0001 Colloc0 1934 44223 0.140965 258.184
1280	1	16964.8	310907	310894	12.4992	1909	8632	2704	9	0.0001 Colloc0 1909 44254 0.138844 241.97
1290	1	17096.8	310196	310183	12.8326	1961	8927	2409	8	0.0001 Colloc0 1961 44228 0.145067 265.96
1300	1	17229	309969	309957	12.3069	1920	8960	2376	10	0.0001 Colloc0 1920 44237 0.148862 228.439
1310	1	17359.7	310539	310525	13.1957	1917	8801	2535	8	0.0001 Colloc0 1917 44207 0.107178 292.762
1320	1	17493.3	310571	310558	12.5609	1941	8685	2651	8	0.0001 Colloc0 1941 44219 0.146275 246.365
1330	1	17620.3	310863	310851	12.7834	1936	8644	2692	6	0.0001 Colloc0 1936 44233 0.149948 262.377
1340	1	17754.4	310578	310565	12.5827	1897	8830	2506	6	0.0001 Colloc0 1897 44221 0.122897 247.919
1350	1	17882.6	310907	310895	12.2676	1946	8742	2594	9	0.0001 Colloc0 1946 44196 0.169763 225.704
1360	1	18006.4	310664	310652	12.7439	1961	8632	2704	9	0.0001 Colloc0 1961 44124 0.140767 259.511
1370	1	18135.7	310808	310795	12.8948	1948	8667	2669	8	0.0001 Colloc0 1948 44185 0.131724 270.503
1380	1	18269.2	311001	310988	12.8841	1962	8583	2753	7	0.0001 Colloc0 1962 44134 0.131489 269.716
1390	1	18397	311357	311344	12.4709	1954	8483	2853	8	0.0001 Colloc0 1954 44164 0.138828 239.967
1400	1	18525.9	310952	310939	12.8998	1935	8591	2745	9	0.0001 Colloc0 1935 44102 0.129961 270.865
1410	1	18658.3	310397	310385	12.4974	1927	8679	2657	12	0.0001 Colloc0 1927 44154 0.153523 241.848
1420	1	18791.8	310053	310040	13.3419	1931	8786	2550	8	0.0001 Colloc0 1931 44114 0.0982404 303.738
1430	1	18916.8	309813	309801	12.4667	1914	8964	2372	8	0.0001 Colloc0 1914 44159 0.147802 239.673
1440	1	19049.7	310361	310348	12.68	1966	8776	2560	6	0.0001 Colloc0 1966 44057 0.152468 254.898
1450	1	19179.5	310106	310093	12.5464	1939	8731	2605	8	0.0001 Colloc0 1939 44108 0.161522 245.331
1460	1	19314.2	310244	310231	12.8942	1952	8845	2491	7	0.0001 Colloc0 1952 44130 0.134577 270.455
1470	1	19443.6	309586	309574	12.3154	1922	8934	2402	10	0.0001 Colloc0 1922 44076 0.166611 229.033
1480	1	19575.3	310178	310166	12.1274	1954	8743	2593	10	0.0001 Colloc0 1954 44091 0.174642 216.02
1490	1	19709	310668	310656	12.5566	1949	8666	2670	9	0.0001 Colloc0 1949 44125 0.143898 246.058
1500	1	19840.5	310522	310509	12.5622	1913	8735	2601	14	0.0001 Colloc0 1913 44128 0.141171 246.454
1510	1	19971	310626	310613	12.735	1938	8646	2690	10	0.0001 Colloc0 1938 44080 0.130962 258.869
1520	1	20098.2	310338	310326	12.3889	1919	8739	2597	11	0.0001 Colloc0 1919 44103 0.145369 234.181
1530	1	20230.9	310637	310624	12.9054	1967	8752	2584	8	0.0001 Colloc0 1967 44109 0.126528 271.279
1540	1	20363.9	309802	309789	13.0736	1938	8886	2450	8	0.0001 Colloc0 1938 44082 0.118969 283.669
1550	1	20495.5	310158	310145	13.2336	1934	8785	2551	12	0.0001 Colloc0 1934 44091 0.109773 295.598
1560	1	20626.3	309984	309972	12.6418	1972	8860	2476	7	0.0001 Colloc0 1972 44053 0.156315 252.156
1570	1	20759	310431	310418	12.866	1965	8749	2587	7	0.0001 Colloc0 1965 44089 0.141768 268.397
1580	1	20887.1	310348	310336	12.3208	1962	8612	2724	8	0.0001 Colloc0 1962 44044 0.168677 229.41
1590	1	21017.7	310528	310515	13.1154	1968	8568	2768	9	0.0001 Colloc0 1968 44003 0.114973 286.777
1600	1	21150.8	311189	311176	12.8961	1968	8450	2886	8	0.0001 Colloc0 1968 44021 0.115333 270.592
1610	1	21277.2	311163	311150	12.9932	1988	8444	2892	7	0.0001 Colloc0 1988 43974 0.126657 277.728
1620	1	21406.2	311136	311123	12.7598	1981	8425	2911	10	0.0001 Colloc0 1981 43933 0.151894 260.668
1630	1	21537.9	310732	310719	13.1418	1933	8496	2840	11	0.0001 Colloc0 1933 43951 0.113796 288.74
1640	1	21670.6	310869	310856	12.7644	1980	8420	2916	6	0.0001 Colloc0 1980 43960 0.151049 260.996
1650	1	21802.9	310826	310813	13.1676	1954	8459	2877	10	0.0001 Colloc0 1954 43980 0.112092 290.659
1660	1	21935.4	310851	310839	12.604	1950	8426	2910	9	0.0001 Colloc0 1950 43972 0.14314 249.44
1670	1	22064.7	310447	310434	12.8774	1936	8521	2815	6	0.0001 Colloc0 1936 43957 0.130337 269.23
1680	1	22193.9	310390	310377	12.5268	1968	8434	2902	9	0.0001 Colloc0 1968 43948 0.160038 243.934
1690	1	22315.8	310469	310457	12.567	1940	8418	2918	9	0.0001 Colloc0 1940 43986 0.143032 246.802
1700	1	22436.2	311732	311719	12.8669	1987	8103	3233	9	0.0001 Colloc0 1987 43993 0.129512 268.462
1710	1	22559.5	311700	311687	12.6647	1979	8121	3215	8	0.0001 Colloc0 1979 43995 0.140854 253.797
1720	1	22684.1	311077	311065	12.7003	1970	8296	3040	7	0.0001 Colloc0 1970 43952 0.142071 256.365
1730	1	22810.6	310984	310971	13.1891	1989	8303	3033	9	0.0001 Colloc0 1989 43922 0.124088 292.269
1740	1	22936.5	310412	310399	12.7369	1937	8436	2900	8	0.0001 Colloc0 1937 43905 0.139815 259.011
1750	1	23065.2	309673	309660	12.4882	1962	8499	2837	8	0.0001 Colloc0 1962 43780 0.167028 241.194
1760	1	23192.6	309763	309750	12.8429	1969	8527	2809	7	0.0001 Colloc0 1969 43803 0.143116 266.706
1770	1	23319.2	310244	310231	12.7936	1951	8316	3020	8	0.0001 Colloc0 1951 43829 0.136643 263.121
1780	1	23443.5	310611	310599	12.703	1965	8356	2980	7	0.0001 Colloc0 1965 43857 0.134594 256.559
1790	1	23566.2	310440	310427	12.8739	1971	8236	3100	7	0.0001 Colloc0 1971 43831 0.133404 268.975
1800	1	23693.3	310633	310620	12.9456	1992	8276	3060	10	0.0001 Colloc0 1992 43820 0.119235 274.227
1810	1	23819.4	310044	310031	12.9894	1943	8388	2948	8	0.0001 Colloc0 1943 43807 0.117112 277.451
1820	1	23944.3	309697	309684	12.9033	1940	8592	2744	8	0.0001 Colloc0 1940 43811 0.134351 271.12
1830	1	24070.5	309285	309272	12.7125	1966	8728	2608	10	0.0001 Colloc0 1966 43785 0.148199 257.242
1840	1	24195.7	309390	309377	12.9743	1960	8744	2592	8	0.0001 Colloc0 1960 43835 0.112783 276.338
1850	1	24316.7	308725	308713	12.1954	1939	8944	2392	9	0.0001 Colloc0 1939 43817 0.166846 220.7
1860	1	24442.7	308671	308658	13.1611	1952	8968	2368	7	0.0001 Colloc0 1952 43836 0.113655 290.175
1870	1	24568.6	308327	308314	13.2344	1956	9030	2306	9	0.0001 Colloc0 1956 43828 0.12448 295.653
1880	1	24694.3	308489	308476	12.8211	1963	9141	2195	11	0.0001 Colloc0 1963 43797 0.139426 265.117
1890	1	24819.2	308328	308315	12.8224	1938	9159	2177	11	0.0001 Colloc0 1938 43815 0.139624 265.213
1900	1	24939.6	308601	308588	13.3769	1952	9052	2284	11	0.0001 Colloc0 1952 43799 0.106056 306.378
1910	1	25061.6	308469	308456	12.6814	1968	9019	2317	10	0.0001 Colloc0 1968 43748 0.149309 255
1920	1	25187.1	308037	308024	13.0508	1947	8890	2446	11	0.0001 Colloc0 1947 43670 0.13182 281.985
1930	1	25313.1	307761	307748	12.5654	1950	8971	2365	10	0.0001 Colloc0 1950 43626 0.145296 246.683
1940	1	25438.6	307451	307438	12.8542	1949	8992	2344	9	0.0001 Colloc0 1949 43619 0.109549 267.532
1950	1	25563.9	307007	306995	12.609	1937	9128	2208	12	0.0001 Colloc0 1937 43636 0.1462 249.8
1960	1	25690.6	307246	307233	12.4898	1932	9046	2290	8	0.0001 Colloc0 1932 43600 0.156748 241.304
1970	1	25818	307310	307298	12.6555	1933	9060	2276	8	0.0001 Colloc0 1933 43642 0.128965 253.136
1980	1	25942.5	306669	306656	12.997	1949	9200	2136	8	0.0001 Colloc0 1949 43575 0.116444 278.012
1990	1	26068.4	306828	306815	12.4385	1940	9108	2228	10	0.0001 Colloc0 1940 43599 0.158519 237.677
2000	1	26190.3	306921	306908	12.8161	1952	9119	2217	10	0.0001 Colloc0 1952 43614 0.147869 264.754
