# D = 0, E = 1, I = 1, P = 1, R = -1, n = 2000, N = 1, P = 1, w = 1, a = 0.0001, b = 10000, e = 1, f = 1, g = 100, h = 0.01, r = 24229, s = 1, S = 0, x = 10, m = 100, Z = 1, z = 0, T = 1, t = 1
# 131790 tokens in 11336 sentences
#
# It	Temp	Time	-logP	-logPcorpus	-logPrior	tables	same	changed	reject	default_pya	(parent pym pyn pya pyb)*
0	1	17.0724	540017	539903	113.764	14141	0	11336	0	0.0001 Colloc0 14141 67557 0.0001 10000
10	1	226.503	407754	407739	14.8324	3533	2488	8848	11	0.0001 Colloc0 3533 55235 0.206512 420.564
20	1	377.104	385409	385394	15.0363	2163	3086	8250	10	0.0001 Colloc0 2163 53678 0.0111041 437.13
30	1	514.075	378992	378977	14.4921	2008	3476	7860	7	0.0001 Colloc0 2008 53241 0.0085363 393.197
40	1	647.817	373989	373975	14.3793	1908	3691	7645	6	0.0001 Colloc0 1908 52889 0.00178892 384.207
50	1	785.751	370688	370674	13.6739	1858	3888	7448	7	0.0001 Colloc0 1858 52737 0.0354222 329.019
60	1	922.641	368012	367999	13.6055	1819	3944	7392	5	0.0001 Colloc0 1819 52609 0.0319575 323.776
70	1	1058.71	366156	366142	13.3365	1847	4089	7247	4	0.0001 Colloc0 1847 52343 0.053078 303.327
80	1	1195.65	363738	363725	13.5154	1823	4059	7277	6	0.0001 Colloc0 1823 52026 0.0560686 316.888
90	1	1327.18	355419	355406	13.1001	1757	4419	6917	12	0.0001 Colloc0 1757 50965 0.0502463 285.636
100	1	1461.52	352618	352604	13.3056	1779	4583	6753	8	0.0001 Colloc0 1779 50824 0.0581536 301.005
110	1	1592.76	350536	350523	12.7724	1764	4771	6565	9	0.0001 Colloc0 1764 50691 0.0883553 261.576
120	1	1723.24	346197	346184	12.7799	1757	5091	6245	10	0.0001 Colloc0 1757 50197 0.0886828 262.123
130	1	1856.05	345261	345248	12.6479	1771	5217	6119	8	0.0001 Colloc0 1771 50123 0.112152 252.593
140	1	1983.06	344226	344214	12.3496	1759	5358	5978	10	0.0001 Colloc0 1759 49980 0.114658 231.426
150	1	2117.47	342880	342868	12.5391	1764	5358	5978	12	0.0001 Colloc0 1764 49795 0.102955 244.806
160	1	2251.27	341731	341718	12.7488	1744	5474	5862	13	0.0001 Colloc0 1744 49704 0.0907888 259.87
170	1	2384.18	340537	340525	12.5721	1755	5497	5839	9	0.0001 Colloc0 1755 49412 0.101922 247.166
180	1	2517.19	338984	338972	12.5007	1744	5624	5712	8	0.0001 Colloc0 1744 49351 0.104506 242.083
190	1	2645.04	337740	337728	12.0041	1764	5767	5569	8	0.0001 Colloc0 1764 49250 0.156902 207.624
200	1	2775.57	336180	336168	12.0864	1755	5847	5489	8	0.0001 Colloc0 1755 49032 0.123155 213.218
210	1	2907.56	335485	335472	12.402	1781	5866	5470	10	0.0001 Colloc0 1781 48908 0.126445 235.102
220	1	3039.11	335181	335168	12.5435	1782	5995	5341	10	0.0001 Colloc0 1782 48809 0.118661 245.122
230	1	3172.43	334842	334830	12.4923	1795	6108	5228	11	0.0001 Colloc0 1795 48758 0.132917 241.485
240	1	3303	333413	333400	12.4506	1791	6286	5050	9	0.0001 Colloc0 1791 48666 0.126503 238.532
250	1	3433.27	331619	331606	12.4678	1770	6446	4890	8	0.0001 Colloc0 1770 48181 0.127628 239.75
260	1	3566.92	331414	331401	12.2531	1787	6402	4934	9	0.0001 Colloc0 1787 48166 0.137891 224.695
270	1	3699.58	330738	330726	12.1143	1805	6507	4829	14	0.0001 Colloc0 1805 48126 0.150981 215.125
280	1	3832.86	329342	329330	12.2201	1770	6765	4571	9	0.0001 Colloc0 1770 48044 0.130853 222.413
290	1	3966.68	329012	328999	12.4228	1751	6703	4633	9	0.0001 Colloc0 1751 47952 0.121315 236.573
300	1	4099.6	328584	328573	11.8927	1789	6816	4520	10	0.0001 Colloc0 1789 47941 0.166283 200.12
310	1	4230.21	328473	328460	12.5795	1807	6898	4438	9	0.0001 Colloc0 1807 47811 0.124642 247.691
320	1	4363.28	328932	328920	12.1937	1798	6894	4442	8	0.0001 Colloc0 1798 47797 0.131975 220.582
330	1	4494.79	326769	326757	12.3386	1819	7000	4336	9	0.0001 Colloc0 1819 47497 0.151236 230.658
340	1	4618.86	326105	326093	11.9717	1822	7154	4182	7	0.0001 Colloc0 1822 47462 0.169366 205.429
350	1	4743.97	326151	326138	12.5257	1794	7061	4275	8	0.0001 Colloc0 1794 47405 0.120987 243.856
360	1	4875.79	325070	325058	12.3107	1792	7265	4071	7	0.0001 Colloc0 1792 47448 0.138589 228.704
370	1	5008.46	325438	325426	12.0968	1770	7115	4221	8	0.0001 Colloc0 1770 47390 0.144548 213.93
380	1	5138.96	325760	325748	12.4043	1849	7097	4239	8	0.0001 Colloc0 1849 47335 0.125154 235.263
390	1	5273.21	325246	325234	11.9229	1822	7243	4093	9	0.0001 Colloc0 1822 47283 0.151613 202.144
400	1	5405.12	324940	324928	11.9351	1784	7365	3971	8	0.0001 Colloc0 1784 47230 0.149326 202.965
410	1	5536.63	324574	324562	12.3686	1839	7408	3928	6	0.0001 Colloc0 1839 47152 0.143978 232.755
420	1	5666.48	324022	324010	12.4696	1764	7295	4041	8	0.0001 Colloc0 1764 47058 0.12418 239.878
430	1	5797.97	323912	323899	12.2747	1759	7378	3958	7	0.0001 Colloc0 1759 47090 0.116287 226.201
440	1	5926.68	323573	323561	12.0781	1776	7480	3856	6	0.0001 Colloc0 1776 47096 0.155366 212.652
450	1	6059.39	323640	323628	12.0392	1805	7508	3828	7	0.0001 Colloc0 1805 47055 0.137592 210.004
460	1	6188.84	323039	323027	12.2792	1805	7882	3454	7	0.0001 Colloc0 1805 46992 0.1393 226.508
470	1	6315.2	321053	321041	12.5034	1819	8082	3254	6	0.0001 Colloc0 1819 46644 0.11738 242.271
480	1	6448.59	320810	320798	11.9478	1815	8039	3297	6	0.0001 Colloc0 1815 46674 0.164293 203.818
490	1	6579	321244	321232	12.6747	1821	7831	3505	7	0.0001 Colloc0 1821 46585 0.132629 254.518
500	1	6712.6	321285	321273	12.1197	1810	7891	3445	7	0.0001 Colloc0 1810 46567 0.159848 215.494
510	1	6835.97	321297	321284	12.7859	1823	7754	3582	8	0.0001 Colloc0 1823 46557 0.122006 262.556
520	1	6966.68	321422	321410	12.2585	1805	7763	3573	9	0.0001 Colloc0 1805 46568 0.126199 225.075
530	1	7096.72	320403	320390	12.6562	1819	8006	3330	6	0.0001 Colloc0 1819 46446 0.130259 253.19
540	1	7223.24	320778	320765	12.4178	1851	7830	3506	8	0.0001 Colloc0 1851 46460 0.141636 236.214
550	1	7353.73	321163	321150	12.8214	1826	7836	3500	9	0.0001 Colloc0 1826 46414 0.102091 265.144
560	1	7486.45	319752	319740	11.8388	1809	8038	3298	7	0.0001 Colloc0 1809 46355 0.152195 196.528
570	1	7621.42	319641	319628	12.5667	1794	8080	3256	8	0.0001 Colloc0 1794 46367 0.116106 246.774
580	1	7755.76	319771	319759	12.1487	1825	8010	3326	6	0.0001 Colloc0 1825 46306 0.157456 217.488
590	1	7890.18	319890	319877	12.6787	1824	8049	3287	7	0.0001 Colloc0 1824 46317 0.127419 254.804
600	1	8021.43	319093	319081	12.3022	1821	8049	3287	8	0.0001 Colloc0 1821 46196 0.134198 228.111
610	1	8151.98	319573	319561	12.017	1867	8102	3234	11	0.0001 Colloc0 1867 46215 0.160318 208.496
620	1	8285.7	319030	319018	12.3975	1836	8034	3302	7	0.0001 Colloc0 1836 46210 0.146473 234.788
630	1	8417.02	318902	318890	12.3238	1832	8098	3238	7	0.0001 Colloc0 1832 46150 0.142112 229.622
640	1	8548.03	318933	318921	12.2449	1831	7975	3361	8	0.0001 Colloc0 1831 46176 0.140292 224.124
650	1	8682.52	319575	319562	12.3068	1839	7905	3431	9	0.0001 Colloc0 1839 46150 0.148648 228.433
660	1	8817.59	318635	318622	12.6577	1813	7969	3367	8	0.0001 Colloc0 1813 46119 0.116092 253.298
670	1	8950.42	318148	318136	12.1627	1821	8150	3186	8	0.0001 Colloc0 1821 46017 0.151437 218.448
680	1	9083.3	318666	318654	12.3068	1846	7997	3339	7	0.0001 Colloc0 1846 45962 0.160668 228.431
690	1	9216.47	318472	318460	12.3999	1813	8024	3312	6	0.0001 Colloc0 1813 45994 0.131373 234.959
700	1	9348.62	318416	318404	12.196	1838	8051	3285	7	0.0001 Colloc0 1838 45941 0.153395 220.745
710	1	9475.95	317915	317903	12.1124	1792	8049	3287	6	0.0001 Colloc0 1792 45925 0.138602 214.996
720	1	9609.33	317672	317660	12.1449	1830	8173	3163	8	0.0001 Colloc0 1830 45943 0.152787 217.226
730	1	9742.53	318196	318183	12.8365	1831	8045	3291	7	0.0001 Colloc0 1831 45915 0.115156 266.24
740	1	9876.5	318178	318165	12.6032	1849	8041	3295	9	0.0001 Colloc0 1849 45927 0.131973 249.384
750	1	10010.2	317893	317880	12.4768	1836	8077	3259	6	0.0001 Colloc0 1836 45918 0.134216 240.384
760	1	10136.3	318284	318272	12.2859	1832	7982	3354	8	0.0001 Colloc0 1832 45976 0.144943 226.976
770	1	10265.9	318612	318599	12.486	1835	7985	3351	7	0.0001 Colloc0 1835 45904 0.136157 241.037
780	1	10392.7	318619	318606	12.3214	1838	8059	3277	7	0.0001 Colloc0 1838 45855 0.144122 229.456
790	1	10527.4	318251	318239	12.2924	1838	7999	3337	6	0.0001 Colloc0 1838 45895 0.1506 227.427
800	1	10661.7	317078	317065	12.5287	1796	8262	3074	7	0.0001 Colloc0 1796 45766 0.107711 244.067
810	1	10795.6	316158	316145	12.7082	1802	8250	3086	7	0.0001 Colloc0 1802 45606 0.117044 256.937
820	1	10929.1	316114	316101	12.4516	1815	8298	3038	8	0.0001 Colloc0 1815 45574 0.127806 238.603
830	1	11056.2	316685	316672	12.7494	1828	8171	3165	7	0.0001 Colloc0 1828 45619 0.112146 259.911
840	1	11189.9	315950	315938	12.719	1822	8316	3020	5	0.0001 Colloc0 1822 45548 0.120722 257.715
850	1	11321.4	316382	316370	12.3397	1846	8308	3028	8	0.0001 Colloc0 1846 45642 0.145367 230.733
860	1	11452.5	316114	316102	12.4551	1832	8349	2987	5	0.0001 Colloc0 1832 45698 0.123471 238.853
870	1	11583.8	315657	315645	12.3434	1804	8396	2940	7	0.0001 Colloc0 1804 45627 0.140622 230.99
880	1	11712.7	315324	315312	12.2573	1770	8324	3012	8	0.0001 Colloc0 1770 45598 0.14633 224.989
890	1	11842.2	315712	315700	12.4875	1819	8319	3017	8	0.0001 Colloc0 1819 45606 0.129838 241.146
900	1	11968.9	315542	315531	11.8891	1805	8452	2884	7	0.0001 Colloc0 1805 45575 0.177103 199.879
910	1	12100.4	315387	315375	12.0243	1821	8429	2907	8	0.0001 Colloc0 1821 45575 0.173733 208.992
920	1	12233.5	314756	314744	12.1506	1840	8609	2727	7	0.0001 Colloc0 1840 45553 0.15144 217.616
930	1	12364.7	314493	314481	11.95	1830	8651	2685	6	0.0001 Colloc0 1830 45547 0.1747 203.971
940	1	12498.2	314432	314419	12.6504	1827	8723	2613	8	0.0001 Colloc0 1827 45558 0.13705 252.768
950	1	12632.3	314550	314538	12.579	1816	8678	2658	6	0.0001 Colloc0 1816 45521 0.129929 247.653
960	1	12766.4	314203	314190	12.3458	1822	8686	2650	7	0.0001 Colloc0 1822 45536 0.13454 231.157
970	1	12897.8	314025	314012	12.4962	1827	8705	2631	9	0.0001 Colloc0 1827 45511 0.131656 241.76
980	1	13031.2	313477	313466	11.7387	1795	8782	2554	6	0.0001 Colloc0 1795 45485 0.17434 189.909
990	1	13164.4	313749	313736	12.5256	1810	8780	2556	7	0.0001 Colloc0 1810 45505 0.131281 243.848
1000	1	13288.7	314222	314210	12.3506	1844	8670	2666	6	0.0001 Colloc0 1844 45470 0.138049 231.493
1010	1	13416.6	314399	314386	12.5107	1826	8656	2680	8	0.0001 Colloc0 1826 45474 0.125325 242.792
1020	1	13545.7	314270	314258	12.2564	1824	8703	2633	5	0.0001 Colloc0 1824 45440 0.154402 224.926
1030	1	13675.6	313867	313855	11.9644	1828	8672	2664	8	0.0001 Colloc0 1828 45419 0.169812 204.94
1040	1	13807.7	314099	314087	12.6685	1824	8655	2681	6	0.0001 Colloc0 1824 45462 0.105018 254.074
1050	1	13942.5	314312	314299	12.1879	1823	8581	2755	8	0.0001 Colloc0 1823 45432 0.160494 220.188
1060	1	14076.9	314223	314212	11.9121	1849	8617	2719	8	0.0001 Colloc0 1849 45448 0.174608 201.425
1070	1	14203.9	313663	313650	12.388	1818	8702	2634	9	0.0001 Colloc0 1818 45430 0.136125 234.118
1080	1	14329.4	314453	314441	11.9043	1825	8608	2728	9	0.0001 Colloc0 1825 45465 0.158793 200.897
1090	1	14457.3	314155	314143	12.5056	1814	8644	2692	6	0.0001 Colloc0 1814 45450 0.128225 242.425
1100	1	14590.4	313907	313895	12.4343	1820	8615	2721	6	0.0001 Colloc0 1820 45391 0.133164 237.377
1110	1	14716.2	314024	314012	12.3567	1813	8585	2751	7	0.0001 Colloc0 1813 45353 0.140094 231.923
1120	1	14846.8	314353	314341	12.1481	1866	8606	2730	8	0.0001 Colloc0 1866 45329 0.151615 217.447
1130	1	14970.6	314206	314195	11.7755	1865	8495	2841	9	0.0001 Colloc0 1865 45281 0.182747 192.335
1140	1	15096.9	314320	314308	12.5265	1861	8351	2985	8	0.0001 Colloc0 1861 45259 0.129828 243.916
1150	1	15226.1	313994	313981	12.5484	1867	8396	2940	7	0.0001 Colloc0 1867 45216 0.145914 245.474
1160	1	15360.1	313849	313837	12.0281	1861	8438	2898	8	0.0001 Colloc0 1861 45155 0.173894 209.245
1170	1	15493.1	313319	313306	12.5331	1835	8565	2771	9	0.0001 Colloc0 1835 45113 0.13107 244.383
1180	1	15625.9	313406	313393	12.5712	1832	8409	2927	10	0.0001 Colloc0 1832 45121 0.146589 247.096
1190	1	15758.8	314057	314045	12.3686	1856	8385	2951	7	0.0001 Colloc0 1856 45132 0.141352 232.755
1200	1	15888.2	314173	314160	12.357	1857	8314	3022	9	0.0001 Colloc0 1857 45172 0.152063 231.941
1210	1	16021.2	313657	313645	12.3322	1849	8369	2967	9	0.0001 Colloc0 1849 45126 0.149863 230.205
1220	1	16155.1	313153	313140	12.4249	1885	8597	2739	9	0.0001 Colloc0 1885 45139 0.155173 236.719
1230	1	16284.9	314026	314014	12.032	1878	8340	2996	9	0.0001 Colloc0 1878 45095 0.157335 209.515
1240	1	16419	313715	313702	12.9709	1826	8322	3014	6	0.0001 Colloc0 1826 45139 0.0900903 276.087
1250	1	16553.3	313217	313205	12.2033	1854	8518	2818	7	0.0001 Colloc0 1854 45053 0.152446 221.246
1260	1	16684.9	313423	313410	12.3466	1847	8420	2916	9	0.0001 Colloc0 1847 45050 0.14953 231.214
1270	1	16817.4	313232	313219	12.3945	1859	8417	2919	8	0.0001 Colloc0 1859 45026 0.149875 234.579
1280	1	16944.2	313262	313250	12.2687	1851	8427	2909	7	0.0001 Colloc0 1851 44990 0.140215 225.778
1290	1	17074.3	313940	313927	12.2127	1884	8352	2984	7	0.0001 Colloc0 1884 45011 0.165126 221.896
1300	1	17207.7	313383	313371	12.0805	1877	8401	2935	8	0.0001 Colloc0 1877 44976 0.169882 212.818
1310	1	17336.9	312677	312665	12.1792	1844	8573	2763	9	0.0001 Colloc0 1844 45002 0.16287 219.586
1320	1	17465.1	312705	312693	12.1816	1854	8648	2688	7	0.0001 Colloc0 1854 44943 0.161371 219.748
1330	1	17596.4	312618	312605	12.2599	1870	8635	2701	6	0.0001 Colloc0 1870 44826 0.1576 225.171
1340	1	17727.3	312609	312597	12.5785	1842	8502	2834	7	0.0001 Colloc0 1842 44869 0.127918 247.619
1350	1	17852.6	312636	312624	12.2289	1863	8487	2849	9	0.0001 Colloc0 1863 44804 0.142711 223.016
1360	1	17983.2	312672	312659	12.0799	1889	8522	2814	10	0.0001 Colloc0 1889 44774 0.161712 212.774
1370	1	18117.7	312172	312160	12.5626	1866	8508	2828	7	0.0001 Colloc0 1866 44719 0.133531 246.486
1380	1	18250.7	312143	312131	12.1419	1900	8553	2783	9	0.0001 Colloc0 1900 44671 0.170933 217.017
1390	1	18383.6	311715	311703	12.3698	1857	8638	2698	8	0.0001 Colloc0 1857 44685 0.140377 232.841
1400	1	18512.7	311406	311394	12.278	1861	8618	2718	12	0.0001 Colloc0 1861 44594 0.150537 226.427
1410	1	18638.9	312263	312251	12.1521	1902	8512	2824	7	0.0001 Colloc0 1902 44576 0.152876 217.719
1420	1	18769	311589	311576	12.2051	1869	8613	2723	9	0.0001 Colloc0 1869 44570 0.15514 221.372
1430	1	18901.4	311643	311631	11.9294	1890	8697	2639	6	0.0001 Colloc0 1890 44606 0.17862 202.582
1440	1	19033.7	311090	311078	12.8024	1864	8723	2613	7	0.0001 Colloc0 1864 44578 0.119281 263.757
1450	1	19166	311160	311147	12.9576	1897	8754	2582	8	0.0001 Colloc0 1897 44471 0.123814 275.109
1460	1	19301.1	309519	309506	12.1156	1861	8892	2444	7	0.0001 Colloc0 1861 44296 0.170241 215.215
1470	1	19431.5	309250	309238	12.0758	1853	9101	2235	7	0.0001 Colloc0 1853 44286 0.162186 212.494
1480	1	19559.4	309284	309272	11.9783	1872	9084	2252	9	0.0001 Colloc0 1872 44282 0.182729 205.877
1490	1	19685.4	309771	309759	12.3045	1848	8906	2430	6	0.0001 Colloc0 1848 44287 0.160864 228.274
1500	1	19819.1	309847	309834	13.0191	1851	8947	2389	7	0.0001 Colloc0 1851 44310 0.0951656 279.638
1510	1	19952	309923	309910	12.9997	1871	8870	2466	7	0.0001 Colloc0 1871 44302 0.119163 278.207
1520	1	20085	310133	310120	12.4555	1876	8809	2527	10	0.0001 Colloc0 1876 44324 0.154647 238.88
1530	1	20213.3	309806	309793	12.7233	1873	8862	2474	6	0.0001 Colloc0 1873 44267 0.132504 258.026
1540	1	20344.7	309625	309612	12.6155	1878	8827	2509	6	0.0001 Colloc0 1878 44298 0.140828 250.268
1550	1	20475.6	310087	310075	12.6562	1870	8797	2539	7	0.0001 Colloc0 1870 44299 0.13314 253.191
1560	1	20605.8	309801	309789	12.3244	1870	8872	2464	8	0.0001 Colloc0 1870 44269 0.138426 229.661
1570	1	20738.5	309177	309165	12.134	1855	9008	2328	7	0.0001 Colloc0 1855 44273 0.161989 216.478
1580	1	20864.5	309508	309495	12.6871	1869	8860	2476	9	0.0001 Colloc0 1869 44319 0.128134 255.413
1590	1	20994.8	309022	309009	12.784	1856	8921	2415	10	0.0001 Colloc0 1856 44249 0.143232 262.418
1600	1	21124.1	309109	309097	12.8652	1840	8849	2487	7	0.0001 Colloc0 1840 44256 0.126807 268.336
1610	1	21252.5	309216	309204	12.5436	1861	9013	2323	9	0.0001 Colloc0 1861 44298 0.131359 245.133
1620	1	21382.6	309241	309228	12.2569	1882	8994	2342	7	0.0001 Colloc0 1882 44279 0.165052 224.957
1630	1	21514.2	309150	309138	12.2427	1858	8992	2344	8	0.0001 Colloc0 1858 44226 0.14988 223.977
1640	1	21645	309152	309140	12.3977	1850	8947	2389	6	0.0001 Colloc0 1850 44234 0.13705 234.802
1650	1	21776.5	309214	309202	12.4724	1874	8933	2403	6	0.0001 Colloc0 1874 44258 0.15228 240.071
1660	1	21908	308760	308748	12.237	1836	9059	2277	11	0.0001 Colloc0 1836 44264 0.160647 223.577
1670	1	22039.8	309405	309392	12.5149	1864	8991	2345	8	0.0001 Colloc0 1864 44285 0.14662 243.091
1680	1	22171	309232	309220	12.1534	1873	8998	2338	7	0.0001 Colloc0 1873 44246 0.16351 217.811
1690	1	22299.8	309681	309669	12.517	1867	8894	2442	7	0.0001 Colloc0 1867 44271 0.147418 243.236
1700	1	22431.3	309791	309779	12.264	1864	8775	2561	6	0.0001 Colloc0 1864 44216 0.138054 225.456
1710	1	22557.5	309420	309407	12.3829	1885	8881	2455	7	0.0001 Colloc0 1885 44215 0.152695 233.759
1720	1	22684	309916	309903	12.6428	1844	8732	2604	8	0.0001 Colloc0 1844 44222 0.117324 252.225
1730	1	22814.8	309924	309912	12.3576	1856	8775	2561	8	0.0001 Colloc0 1856 44255 0.155647 231.988
1740	1	22943.4	309239	309227	11.9116	1880	8921	2415	7	0.0001 Colloc0 1880 44202 0.176284 201.39
1750	1	23070	309556	309543	12.8003	1882	8930	2406	5	0.0001 Colloc0 1882 44261 0.12609 263.606
1760	1	23198.7	309700	309688	12.286	1870	8777	2559	7	0.0001 Colloc0 1870 44225 0.151347 226.982
1770	1	23326.4	309887	309874	12.5214	1863	8750	2586	6	0.0001 Colloc0 1863 44310 0.129614 243.552
1780	1	23455.6	310072	310059	12.7661	1864	8647	2689	7	0.0001 Colloc0 1864 44249 0.13517 261.124
1790	1	23583.4	310170	310157	12.5922	1878	8621	2715	6	0.0001 Colloc0 1878 44169 0.137472 248.6
1800	1	23712.9	309812	309799	12.6255	1859	8689	2647	5	0.0001 Colloc0 1859 44217 0.135958 250.984
1810	1	23840.9	309167	309155	12.2885	1867	8847	2489	6	0.0001 Colloc0 1867 44184 0.151621 227.155
1820	1	23969.4	308885	308873	12.5402	1869	9018	2318	5	0.0001 Colloc0 1869 44159 0.140473 244.891
1830	1	24099	309178	309166	12.3766	1899	8879	2457	9	0.0001 Colloc0 1899 44091 0.16015 233.322
1840	1	24227.9	308900	308887	12.8061	1847	8928	2408	6	0.0001 Colloc0 1847 44132 0.131003 264.028
1850	1	24356.5	308933	308920	12.6829	1853	8959	2377	7	0.0001 Colloc0 1853 44146 0.129546 255.107
1860	1	24485.5	308650	308638	12.6011	1869	9029	2307	8	0.0001 Colloc0 1869 44106 0.137795 249.237
1870	1	24613.6	308760	308748	12.6745	1873	8945	2391	8	0.0001 Colloc0 1873 44134 0.127337 254.504
1880	1	24741.8	309075	309062	12.4367	1877	8908	2428	8	0.0001 Colloc0 1877 44118 0.153033 237.549
1890	1	24869.7	309005	308992	12.745	1895	8928	2408	6	0.0001 Colloc0 1895 44090 0.151827 259.592
1900	1	24997.8	308870	308858	12.1925	1879	9046	2290	7	0.0001 Colloc0 1879 44130 0.151915 220.505
1910	1	25128.2	308682	308670	12.2555	1847	8999	2337	7	0.0001 Colloc0 1847 44116 0.149105 224.861
1920	1	25256.2	309040	309028	12.4338	1864	8847	2489	10	0.0001 Colloc0 1864 44079 0.144414 237.343
1930	1	25385.5	309103	309091	12.4916	1884	8795	2541	6	0.0001 Colloc0 1884 44078 0.14792 241.436
1940	1	25514.9	308899	308886	12.2598	1870	8862	2474	8	0.0001 Colloc0 1870 44125 0.152766 225.162
1950	1	25642.2	308626	308613	12.3372	1854	8910	2426	9	0.0001 Colloc0 1854 44145 0.13099 230.558
1960	1	25763.8	309021	309008	12.4353	1866	8859	2477	7	0.0001 Colloc0 1866 44137 0.127491 237.453
1970	1	25889.8	308864	308852	12.506	1859	8831	2505	9	0.0001 Colloc0 1859 44138 0.135492 242.457
1980	1	26012.7	308715	308703	12.584	1860	8851	2485	8	0.0001 Colloc0 1860 44101 0.127803 248.009
1990	1	26135.8	308959	308946	12.7319	1890	8749	2587	6	0.0001 Colloc0 1890 44079 0.125385 258.647
2000	1	26258.4	308843	308830	12.4281	1864	8871	2465	7	0.0001 Colloc0 1864 44080 0.157863 236.943
