# D = 0, E = 1, I = 1, P = 1, R = -1, n = 2000, N = 1, P = 1, w = 1, a = 0.0001, b = 10000, e = 1, f = 1, g = 100, h = 0.01, r = 5788, s = 1, S = 0, x = 10, m = 100, Z = 1, z = 0, T = 1, t = 1
# 131790 tokens in 11336 sentences
#
# It	Temp	Time	-logP	-logPcorpus	-logPrior	tables	same	changed	reject	default_pya	(parent pym pyn pya pyb)*
0	1	13.7689	454626	454512	113.764	11029	0	11336	0	0.0001 Colloc0 11029 56459 0.0001 10000
10	1	193.704	379425	379409	15.6685	3131	3296	8040	11	0.0001 Colloc0 3131 51113 0.134776 489.207
20	1	325.971	367118	367103	15.2266	2290	3630	7706	7	0.0001 Colloc0 2290 50373 0.0297827 452.699
30	1	463.47	360257	360243	14.3227	2082	3994	7342	8	0.0001 Colloc0 2082 49952 0.0359862 379.717
40	1	599.551	352550	352536	13.7092	2022	4374	6962	4	0.0001 Colloc0 2022 49306 0.0742709 331.739
50	1	733.301	349240	349227	13.4513	1981	4598	6738	10	0.0001 Colloc0 1981 49106 0.0840398 312.017
60	1	872.504	346459	346445	13.5274	1938	4790	6546	12	0.0001 Colloc0 1938 48914 0.0729887 317.806
70	1	1003.54	344290	344277	13.3011	1924	5072	6264	6	0.0001 Colloc0 1924 48771 0.0949132 300.66
80	1	1132.27	341947	341934	13.1208	1915	5278	6058	7	0.0001 Colloc0 1915 48559 0.100248 287.177
90	1	1258.78	341066	341053	13.4437	1912	5338	5998	10	0.0001 Colloc0 1912 48421 0.0809458 311.434
100	1	1394.87	340164	340151	13.5086	1962	5387	5949	8	0.0001 Colloc0 1962 48280 0.0746981 316.37
110	1	1529.78	338852	338839	12.8344	1966	5432	5904	15	0.0001 Colloc0 1966 48121 0.118331 266.087
120	1	1663.4	337289	337275	13.0248	1915	5764	5572	7	0.0001 Colloc0 1915 48038 0.104473 280.065
130	1	1798.64	337329	337315	13.2566	1904	5642	5694	8	0.0001 Colloc0 1904 48001 0.0914331 297.322
140	1	1931.71	335714	335701	12.8031	1911	5705	5631	10	0.0001 Colloc0 1911 47835 0.121779 263.806
150	1	2061.11	335185	335172	12.8517	1918	5732	5604	10	0.0001 Colloc0 1918 47721 0.110949 267.349
160	1	2191.59	334566	334553	13.2772	1930	5693	5643	7	0.0001 Colloc0 1930 47521 0.102497 298.865
170	1	2320.24	333402	333390	12.4975	1905	5855	5481	10	0.0001 Colloc0 1905 47426 0.136832 241.854
180	1	2450.22	332500	332488	12.7569	1897	5927	5409	7	0.0001 Colloc0 1897 47350 0.1243 260.455
190	1	2583.82	331925	331912	12.9053	1895	5986	5350	7	0.0001 Colloc0 1895 47325 0.103822 271.266
200	1	2720.06	331176	331164	12.4353	1881	6025	5311	6	0.0001 Colloc0 1881 47262 0.149697 237.45
210	1	2854.4	330276	330263	12.85	1886	6027	5309	6	0.0001 Colloc0 1886 47108 0.12011 267.223
220	1	2988.16	328991	328978	12.5414	1885	6275	5061	7	0.0001 Colloc0 1885 46933 0.137547 244.971
230	1	3117.61	328644	328631	12.5622	1859	6342	4994	10	0.0001 Colloc0 1859 46803 0.113721 246.455
240	1	3253.31	327811	327798	12.5865	1891	6439	4897	7	0.0001 Colloc0 1891 46722 0.125752 248.192
250	1	3389.6	327871	327858	12.8505	1907	6524	4812	7	0.0001 Colloc0 1907 46730 0.115635 267.265
260	1	3524.66	327851	327839	12.3363	1932	6658	4678	6	0.0001 Colloc0 1932 46709 0.161992 230.493
270	1	3661.02	326273	326261	12.1357	1907	6943	4393	6	0.0001 Colloc0 1907 46594 0.159326 216.59
280	1	3796.39	325583	325570	12.925	1869	7019	4317	6	0.0001 Colloc0 1869 46596 0.110169 272.716
290	1	3933	325601	325589	12.1769	1896	7026	4310	8	0.0001 Colloc0 1896 46572 0.157512 219.427
300	1	4069.82	324790	324778	12.6775	1879	7177	4159	9	0.0001 Colloc0 1879 46460 0.124376 254.718
310	1	4204.82	324192	324180	12.8985	1880	7275	4061	11	0.0001 Colloc0 1880 46445 0.109213 270.767
320	1	4340.86	324750	324737	12.5752	1908	7181	4155	6	0.0001 Colloc0 1908 46412 0.127143 247.387
330	1	4473.94	324067	324055	12.7244	1906	7264	4072	8	0.0001 Colloc0 1906 46380 0.12069 258.107
340	1	4607.6	324272	324259	12.7957	1880	7212	4124	5	0.0001 Colloc0 1880 46345 0.119313 263.27
350	1	4747.23	322752	322738	13.1372	1860	7269	4067	8	0.0001 Colloc0 1860 46164 0.0959271 288.399
360	1	4880.17	322671	322658	12.8041	1917	7165	4171	6	0.0001 Colloc0 1917 46113 0.138086 263.879
370	1	5012.84	322960	322947	12.6849	1885	7243	4093	5	0.0001 Colloc0 1885 46141 0.145546 255.257
380	1	5144.31	322506	322493	12.8188	1932	7274	4062	8	0.0001 Colloc0 1932 46081 0.131397 264.949
390	1	5269.12	322427	322415	12.8041	1919	7307	4029	6	0.0001 Colloc0 1919 46063 0.143244 263.879
400	1	5398.6	321904	321891	12.834	1905	7310	4026	7	0.0001 Colloc0 1905 46054 0.115444 266.056
410	1	5535.06	322283	322271	12.443	1905	7252	4084	7	0.0001 Colloc0 1905 46020 0.141472 237.995
420	1	5670.25	321680	321668	12.321	1883	7394	3942	6	0.0001 Colloc0 1883 45954 0.143222 229.427
430	1	5805.25	321863	321851	12.4723	1929	7414	3922	7	0.0001 Colloc0 1929 45935 0.161571 240.067
440	1	5939.35	321612	321599	12.7751	1927	7330	4006	9	0.0001 Colloc0 1927 45885 0.120674 261.779
450	1	6068.59	321458	321446	12.6545	1915	7359	3977	7	0.0001 Colloc0 1915 45858 0.143037 253.062
460	1	6199	320981	320968	12.8686	1902	7551	3785	8	0.0001 Colloc0 1902 45898 0.113966 268.587
470	1	6332.88	320487	320474	12.2707	1879	7628	3708	5	0.0001 Colloc0 1879 45835 0.165794 225.921
480	1	6464.94	320947	320935	12.2115	1903	7434	3902	6	0.0001 Colloc0 1903 45814 0.147264 221.818
490	1	6598.68	320313	320300	12.5421	1906	7751	3585	6	0.0001 Colloc0 1906 45766 0.129566 245.026
500	1	6735.48	320282	320270	12.4979	1902	7748	3588	8	0.0001 Colloc0 1902 45801 0.131707 241.881
510	1	6864.65	318800	318787	12.5355	1928	7816	3520	6	0.0001 Colloc0 1928 45528 0.133889 244.554
520	1	6994.17	318628	318615	12.906	1900	7723	3613	8	0.0001 Colloc0 1900 45500 0.121699 271.319
530	1	7124.68	318680	318668	12.5738	1886	7753	3583	10	0.0001 Colloc0 1886 45541 0.13141 247.282
540	1	7255.85	318355	318342	12.73	1931	7868	3468	7	0.0001 Colloc0 1931 45361 0.131407 258.507
550	1	7383.12	318689	318677	12.3569	1977	7775	3561	8	0.0001 Colloc0 1977 45343 0.163331 231.938
560	1	7512.32	317613	317601	12.4481	1949	7988	3348	6	0.0001 Colloc0 1949 45283 0.149553 238.356
570	1	7643.37	318507	318495	12.6734	1962	7874	3462	7	0.0001 Colloc0 1962 45287 0.146982 254.424
580	1	7774.51	318229	318216	12.8232	1956	7920	3416	6	0.0001 Colloc0 1956 45298 0.152607 265.271
590	1	7910.52	317537	317524	12.8193	1920	7979	3357	7	0.0001 Colloc0 1920 45293 0.121971 264.991
600	1	8042.54	317591	317578	13.2825	1898	8040	3296	7	0.0001 Colloc0 1898 45292 0.11536 299.263
610	1	8176.72	317832	317819	12.9965	1941	7915	3421	8	0.0001 Colloc0 1941 45194 0.120112 277.97
620	1	8307.78	317379	317367	12.3467	1948	8008	3328	8	0.0001 Colloc0 1948 45175 0.1692 231.224
630	1	8436.23	317828	317816	12.3082	1923	7907	3429	5	0.0001 Colloc0 1923 45136 0.150669 228.531
640	1	8567.5	317756	317743	12.867	1955	7814	3522	7	0.0001 Colloc0 1955 45117 0.133823 268.467
650	1	8699.94	317598	317586	12.6591	1947	7853	3483	7	0.0001 Colloc0 1947 45086 0.132469 253.396
660	1	8826.88	317112	317100	12.7395	1943	7958	3378	7	0.0001 Colloc0 1943 45074 0.130914 259.194
670	1	8961.14	315225	315212	12.5076	1925	7953	3383	7	0.0001 Colloc0 1925 44757 0.136459 242.572
680	1	9092.28	315197	315185	12.6141	1917	7897	3439	4	0.0001 Colloc0 1917 44791 0.146282 250.166
690	1	9226.9	315163	315150	13.0637	1914	8063	3273	5	0.0001 Colloc0 1914 44820 0.110278 282.943
700	1	9362.01	314258	314245	12.9336	1921	7986	3350	9	0.0001 Colloc0 1921 44624 0.12302 273.343
710	1	9490.48	314235	314223	12.2812	1928	8019	3317	6	0.0001 Colloc0 1928 44629 0.162272 226.646
720	1	9621.79	314702	314689	12.9383	1938	7910	3426	7	0.0001 Colloc0 1938 44660 0.11829 273.689
730	1	9756.09	314520	314507	12.8412	1945	7878	3458	4	0.0001 Colloc0 1945 44561 0.134676 266.586
740	1	9887.53	314145	314132	13.1052	1920	8016	3320	7	0.0001 Colloc0 1920 44564 0.11276 286.018
750	1	10020.5	314287	314274	13.0643	1933	8023	3313	7	0.0001 Colloc0 1933 44548 0.113183 282.985
760	1	10145.5	314035	314022	12.6213	1927	8031	3305	6	0.0001 Colloc0 1927 44556 0.133113 250.685
770	1	10279.9	313575	313563	12.2828	1975	8196	3140	7	0.0001 Colloc0 1975 44509 0.181574 226.762
780	1	10410.8	313281	313268	12.9116	1934	8159	3177	6	0.0001 Colloc0 1934 44525 0.124394 271.731
790	1	10541.1	313507	313494	13.1214	1949	8140	3196	6	0.0001 Colloc0 1949 44461 0.11206 287.219
800	1	10675.4	313544	313531	12.9792	1951	8163	3173	8	0.0001 Colloc0 1951 44428 0.12286 276.694
810	1	10809	313241	313228	13.2201	1932	8060	3276	9	0.0001 Colloc0 1932 44473 0.120927 294.584
820	1	10936.5	313770	313757	12.8482	1963	8063	3273	5	0.0001 Colloc0 1963 44439 0.141626 267.095
830	1	11067.1	313172	313159	12.702	1923	8149	3187	6	0.0001 Colloc0 1923 44430 0.121064 256.485
