# D = 0, E = 1, I = 1, P = 1, R = -1, n = 2000, N = 1, P = 1, w = 1, a = 0.0001, b = 10000, e = 1, f = 1, g = 100, h = 0.01, r = 15430, s = 1, S = 0, x = 10, m = 100, Z = 1, z = 0, T = 1, t = 1
# 131790 tokens in 11336 sentences
#
# It	Temp	Time	-logP	-logPcorpus	-logPrior	tables	same	changed	reject	default_pya	(parent pym pyn pya pyb)*
0	1	13.9619	449061	448947	113.764	10656	0	11336	0	0.0001 Colloc0 10656 55672 0.0001 10000
10	1	185.159	372808	372792	15.6794	2807	3483	7853	5	0.0001 Colloc0 2807 50274 0.091485 490.116
20	1	329.553	363632	363617	15.3821	2186	3679	7657	10	0.0001 Colloc0 2186 49810 0.00221984 465.494
30	1	467.777	357397	357382	14.5466	2030	4022	7314	8	0.0001 Colloc0 2030 49570 0.0153204 397.556
40	1	597.431	353691	353676	14.3803	1940	4383	6953	6	0.0001 Colloc0 1940 49535 0.0242198 384.29
50	1	730.37	349078	349064	14.1623	1928	4745	6591	6	0.0001 Colloc0 1928 48959 0.0195614 367.04
60	1	862.522	345959	345945	13.4855	1928	5046	6290	5	0.0001 Colloc0 1928 48735 0.0528397 314.617
70	1	998.828	342704	342691	13.744	1915	5241	6095	8	0.0001 Colloc0 1915 48467 0.0614151 334.416
80	1	1136.67	340098	340085	13.2612	1871	5541	5795	6	0.0001 Colloc0 1871 48302 0.0754117 297.666
90	1	1267.83	339422	339408	13.6251	1903	5574	5762	7	0.0001 Colloc0 1903 48134 0.0689043 325.272
100	1	1396.35	338058	338045	13.2619	1899	5702	5634	8	0.0001 Colloc0 1899 47985 0.0774148 297.717
110	1	1528.22	337336	337322	13.2265	1878	5719	5617	5	0.0001 Colloc0 1878 47976 0.0815465 295.066
120	1	1658.82	335816	335803	13.0292	1922	5947	5389	4	0.0001 Colloc0 1922 47800 0.103014 280.387
130	1	1788.34	333923	333910	12.5518	1898	6040	5296	7	0.0001 Colloc0 1898 47631 0.123069 245.717
140	1	1917.52	331828	331815	12.9462	1887	6272	5064	6	0.0001 Colloc0 1887 47475 0.103293 274.267
150	1	2052.02	329997	329984	12.7475	1900	6451	4885	5	0.0001 Colloc0 1900 47242 0.105162 259.773
160	1	2183.99	329401	329388	12.6119	1911	6651	4685	7	0.0001 Colloc0 1911 47200 0.134478 250.01
170	1	2319.74	328449	328436	12.6414	1890	6699	4637	7	0.0001 Colloc0 1890 47058 0.125853 252.126
180	1	2452.85	327970	327957	12.8814	1898	6832	4504	7	0.0001 Colloc0 1898 47029 0.109492 269.518
190	1	2583.53	327007	326994	12.9934	1928	6965	4371	5	0.0001 Colloc0 1928 46948 0.123315 277.741
200	1	2714.76	326296	326283	12.3063	1866	6921	4415	5	0.0001 Colloc0 1866 46880 0.139103 228.397
210	1	2844.54	326066	326053	12.867	1904	6960	4376	6	0.0001 Colloc0 1904 46861 0.105473 268.467
220	1	2971.87	324895	324882	12.4919	1879	7094	4242	8	0.0001 Colloc0 1879 46771 0.133091 241.454
230	1	3105.89	324416	324403	12.4997	1854	7132	4204	3	0.0001 Colloc0 1854 46776 0.140457 242.007
240	1	3237.94	323413	323400	12.6861	1846	7238	4098	3	0.0001 Colloc0 1846 46693 0.128212 255.339
250	1	3367.85	322116	322104	12.3183	1879	7415	3921	6	0.0001 Colloc0 1879 46503 0.150519 229.235
260	1	3497.99	322082	322070	12.6472	1853	7432	3904	5	0.0001 Colloc0 1853 46470 0.123484 252.538
270	1	3628.74	322439	322426	12.1272	1890	7444	3892	5	0.0001 Colloc0 1890 46436 0.165128 216.011
280	1	3762.67	322018	322006	11.9649	1893	7286	4050	5	0.0001 Colloc0 1893 46171 0.163114 204.972
290	1	3896.91	321129	321116	12.8341	1873	7556	3780	6	0.0001 Colloc0 1873 46148 0.114715 266.065
300	1	4030.81	322005	321993	12.6289	1903	7351	3985	6	0.0001 Colloc0 1903 46063 0.129646 251.226
310	1	4162.47	321474	321461	12.8759	1895	7530	3806	7	0.0001 Colloc0 1895 46055 0.108747 269.114
320	1	4292.94	319532	319520	12.4439	1875	7621	3715	5	0.0001 Colloc0 1875 45818 0.139375 238.057
330	1	4424.85	319213	319201	12.5975	1893	7627	3709	6	0.0001 Colloc0 1893 45802 0.137242 248.98
340	1	4554.33	319371	319358	12.9547	1882	7597	3739	8	0.0001 Colloc0 1882 45824 0.0987461 274.892
350	1	4688.5	317384	317371	12.7449	1862	7718	3618	7	0.0001 Colloc0 1862 45574 0.128066 259.585
360	1	4821.33	316754	316741	12.7028	1876	8009	3327	6	0.0001 Colloc0 1876 45584 0.138889 256.543
370	1	4955.21	316575	316563	12.6314	1919	8010	3326	6	0.0001 Colloc0 1919 45495 0.133543 251.409
380	1	5089.61	316683	316671	12.4699	1882	7964	3372	6	0.0001 Colloc0 1882 45471 0.121434 239.897
390	1	5221.94	315962	315949	12.8849	1858	8118	3218	5	0.0001 Colloc0 1858 45476 0.115987 269.773
400	1	5353.81	315490	315478	11.8406	1857	8285	3051	5	0.0001 Colloc0 1857 45495 0.159409 196.646
410	1	5483.53	314680	314668	12.3399	1868	8453	2883	6	0.0001 Colloc0 1868 45412 0.139024 230.748
420	1	5616.64	314950	314937	12.2455	1881	8368	2968	6	0.0001 Colloc0 1881 45380 0.163222 224.172
430	1	5744.8	315215	315202	12.6126	1875	8257	3079	4	0.0001 Colloc0 1875 45350 0.122379 250.06
440	1	5874.51	314790	314777	12.893	1888	8422	2914	4	0.0001 Colloc0 1888 45311 0.109275 270.372
450	1	6008.33	314592	314579	12.6463	1887	8378	2958	6	0.0001 Colloc0 1887 45299 0.135676 252.478
460	1	6137.81	314662	314649	13.1325	1899	8438	2898	8	0.0001 Colloc0 1899 45254 0.124109 288.048
470	1	6267.61	314080	314067	12.4776	1894	8530	2806	5	0.0001 Colloc0 1894 45281 0.144853 240.443
480	1	6399.43	313857	313844	12.5749	1878	8542	2794	10	0.0001 Colloc0 1878 45207 0.135127 247.361
490	1	6531.59	314356	314343	12.7761	1885	8452	2884	7	0.0001 Colloc0 1885 45243 0.127416 261.851
500	1	6662.49	314100	314088	12.1133	1925	8569	2767	5	0.0001 Colloc0 1925 45230 0.180676 215.061
510	1	6793.44	313025	313012	12.8456	1902	8704	2632	7	0.0001 Colloc0 1902 45103 0.113686 266.904
520	1	6925.52	313523	313510	12.7551	1884	8630	2706	4	0.0001 Colloc0 1884 45143 0.115414 260.322
530	1	7058.24	313933	313920	12.6458	1912	8494	2842	7	0.0001 Colloc0 1912 45092 0.139926 252.443
540	1	7189.16	313723	313710	12.7645	1864	8511	2825	6	0.0001 Colloc0 1864 45058 0.131336 261.01
550	1	7322	313735	313722	12.7276	1899	8535	2801	5	0.0001 Colloc0 1899 45068 0.116315 258.336
560	1	7453.49	313554	313541	12.7852	1890	8566	2770	5	0.0001 Colloc0 1890 45025 0.13087 262.509
570	1	7583.65	313730	313718	12.5127	1930	8532	2804	5	0.0001 Colloc0 1930 45029 0.161122 242.93
580	1	7713.47	313294	313282	12.4217	1941	8526	2810	4	0.0001 Colloc0 1941 44999 0.158667 236.49
590	1	7847.14	313328	313316	12.4545	1937	8601	2735	6	0.0001 Colloc0 1937 44942 0.154569 238.81
600	1	7975.4	313618	313605	13.1526	1904	8586	2750	4	0.0001 Colloc0 1904 44990 0.105143 289.541
610	1	8107.56	313949	313937	12.4305	1935	8483	2853	6	0.0001 Colloc0 1935 44987 0.148661 237.111
620	1	8240	313841	313829	12.3833	1932	8466	2870	5	0.0001 Colloc0 1932 44949 0.152796 233.793
630	1	8367.25	313773	313760	12.8004	1933	8477	2859	4	0.0001 Colloc0 1933 45022 0.133691 263.616
640	1	8495.42	313998	313986	12.3915	1929	8300	3036	7	0.0001 Colloc0 1929 44985 0.159504 234.366
650	1	8626	313806	313793	12.8359	1917	8311	3025	7	0.0001 Colloc0 1917 44985 0.125876 266.198
660	1	8758.65	314062	314049	12.6363	1969	8366	2970	4	0.0001 Colloc0 1969 44941 0.153608 251.76
670	1	8893.83	312878	312866	12.3524	1904	8637	2699	5	0.0001 Colloc0 1904 44939 0.144282 231.624
680	1	9025.6	313239	313227	12.2882	1917	8481	2855	5	0.0001 Colloc0 1917 44920 0.150534 227.14
690	1	9159.27	313220	313207	12.8211	1895	8465	2871	4	0.0001 Colloc0 1895 44898 0.131262 265.122
700	1	9291.46	312366	312353	12.4737	1920	8683	2653	6	0.0001 Colloc0 1920 44908 0.144223 240.167
710	1	9421.79	312160	312148	11.9069	1914	8704	2632	5	0.0001 Colloc0 1914 44926 0.180328 201.071
720	1	9552.43	312227	312215	12.4168	1911	8581	2755	5	0.0001 Colloc0 1911 44863 0.158296 236.148
730	1	9685.79	311782	311770	12.4847	1899	8688	2648	7	0.0001 Colloc0 1899 44838 0.143012 240.942
740	1	9817.37	312545	312532	12.6488	1908	8488	2848	9	0.0001 Colloc0 1908 44854 0.143756 252.655
750	1	9950.28	312098	312086	12.4306	1909	8606	2730	5	0.0001 Colloc0 1909 44813 0.168699 237.119
760	1	10083.7	312459	312447	12.2654	1909	8554	2782	8	0.0001 Colloc0 1909 44848 0.173955 225.55
770	1	10216.2	311837	311824	12.6947	1893	8757	2579	7	0.0001 Colloc0 1893 44841 0.135971 255.959
780	1	10349.1	311815	311802	12.6703	1903	8762	2574	7	0.0001 Colloc0 1903 44840 0.151201 254.2
790	1	10478.5	312114	312101	12.7253	1927	8790	2546	5	0.0001 Colloc0 1927 44833 0.145126 258.169
800	1	10611	311601	311589	12.4129	1906	8860	2476	4	0.0001 Colloc0 1906 44798 0.152309 235.873
810	1	10742.4	311779	311766	12.3769	1941	8818	2518	6	0.0001 Colloc0 1941 44804 0.141755 233.341
820	1	10873.8	311738	311726	12.6372	1950	8686	2650	3	0.0001 Colloc0 1950 44697 0.154152 251.822
830	1	11000.8	311393	311381	12.5629	1919	8792	2544	6	0.0001 Colloc0 1919 44727 0.145318 246.507
840	1	11128.7	311407	311395	12.5107	1914	8784	2552	5	0.0001 Colloc0 1914 44656 0.140716 242.793
850	1	11258.9	311361	311349	12.681	1924	8836	2500	4	0.0001 Colloc0 1924 44674 0.140801 254.969
860	1	11387.4	311721	311708	12.5212	1914	8729	2607	7	0.0001 Colloc0 1914 44688 0.150926 243.537
870	1	11517.8	311954	311941	12.594	1938	8553	2783	7	0.0001 Colloc0 1938 44686 0.13861 248.727
880	1	11646.7	311977	311964	12.4142	1938	8456	2880	7	0.0001 Colloc0 1938 44661 0.158994 235.963
890	1	11773.4	311518	311506	12.4355	1898	8529	2807	9	0.0001 Colloc0 1898 44616 0.152757 237.464
900	1	11906	312265	312252	12.5264	1903	8351	2985	6	0.0001 Colloc0 1903 44681 0.153815 243.906
910	1	12037.3	312274	312262	12.3575	1949	8351	2985	5	0.0001 Colloc0 1949 44628 0.161991 231.979
920	1	12169	311768	311755	12.7567	1908	8482	2854	4	0.0001 Colloc0 1908 44634 0.134546 260.445
930	1	12302.6	311192	311179	12.8875	1876	8496	2840	6	0.0001 Colloc0 1876 44523 0.117062 269.962
940	1	12434.2	311344	311331	12.6963	1920	8520	2816	6	0.0001 Colloc0 1920 44542 0.132729 256.078
950	1	12561.5	311759	311746	13.0343	1912	8424	2912	6	0.0001 Colloc0 1912 44542 0.104113 280.767
960	1	12689.2	311430	311417	12.8036	1903	8450	2886	6	0.0001 Colloc0 1903 44500 0.133121 263.848
970	1	12821.2	311697	311685	12.3018	1899	8343	2993	6	0.0001 Colloc0 1899 44504 0.148574 228.083
980	1	12951.7	311364	311351	12.1875	1895	8419	2917	5	0.0001 Colloc0 1895 44476 0.155813 220.159
990	1	13085	311224	311211	13.0194	1901	8495	2841	4	0.0001 Colloc0 1901 44495 0.117221 279.666
1000	1	13219.2	310846	310833	12.3952	1943	8623	2713	6	0.0001 Colloc0 1943 44513 0.146033 234.625
1010	1	13351.4	310317	310304	12.5407	1886	8628	2708	4	0.0001 Colloc0 1886 44496 0.144243 244.922
1020	1	13486.1	310548	310536	12.3589	1930	8583	2753	5	0.0001 Colloc0 1930 44469 0.167374 232.076
1030	1	13618.1	310686	310674	12.6369	1919	8599	2737	5	0.0001 Colloc0 1919 44447 0.150123 251.801
1040	1	13749.8	310650	310637	12.9717	1935	8569	2767	5	0.0001 Colloc0 1935 44431 0.136267 276.143
1050	1	13883.8	310036	310023	12.6683	1916	8893	2443	8	0.0001 Colloc0 1916 44414 0.128799 254.057
1060	1	14014.7	310440	310428	12.5184	1918	8622	2714	6	0.0001 Colloc0 1918 44343 0.137138 243.337
1070	1	14141.2	309177	309164	12.6726	1915	8775	2561	4	0.0001 Colloc0 1915 44209 0.131096 254.364
1080	1	14268.2	309251	309239	12.6305	1949	8840	2496	7	0.0001 Colloc0 1949 44223 0.148945 251.343
1090	1	14398.5	309054	309042	12.2572	1941	8717	2619	7	0.0001 Colloc0 1941 44224 0.182752 224.983
1100	1	14531.5	309297	309285	12.5265	1966	8683	2653	4	0.0001 Colloc0 1966 44157 0.161371 243.909
1110	1	14663.8	308967	308955	12.6156	1939	8780	2556	6	0.0001 Colloc0 1939 44181 0.149926 250.276
1120	1	14796.5	308362	308349	12.8843	1913	8838	2498	8	0.0001 Colloc0 1913 44138 0.111941 269.73
1130	1	14928	308534	308522	12.785	1896	8796	2540	7	0.0001 Colloc0 1896 44109 0.118225 262.496
1140	1	15060.1	308913	308901	12.192	1938	8656	2680	4	0.0001 Colloc0 1938 44119 0.164435 220.467
1150	1	15193.1	308750	308737	12.9577	1883	8668	2668	6	0.0001 Colloc0 1883 44137 0.109323 275.114
1160	1	15325.4	308720	308707	12.7452	1899	8729	2607	3	0.0001 Colloc0 1899 44160 0.134847 259.612
1170	1	15452.1	308488	308475	12.5389	1910	8817	2519	6	0.0001 Colloc0 1910 44118 0.146657 244.797
1180	1	15582.9	308573	308560	12.5672	1918	8739	2597	6	0.0001 Colloc0 1918 44132 0.143527 246.816
1190	1	15712.6	308408	308396	12.208	1913	8743	2593	5	0.0001 Colloc0 1913 44119 0.16368 221.572
1200	1	15841.8	308233	308220	12.9456	1870	8799	2537	8	0.0001 Colloc0 1870 44126 0.105613 274.229
1210	1	15975.1	308339	308326	12.4503	1917	8796	2540	6	0.0001 Colloc0 1917 44089 0.151461 238.508
1220	1	16104.2	308442	308429	12.7442	1893	8727	2609	5	0.0001 Colloc0 1893 44075 0.131818 259.537
1230	1	16238.1	308452	308439	12.6227	1890	8697	2639	7	0.0001 Colloc0 1890 44133 0.126315 250.785
1240	1	16372.1	308182	308170	12.2879	1899	8774	2562	7	0.0001 Colloc0 1899 44102 0.149849 227.119
1250	1	16504.5	308445	308433	12.6075	1904	8738	2598	6	0.0001 Colloc0 1904 44085 0.148882 249.691
1260	1	16638.5	308287	308274	12.5057	1914	8824	2512	7	0.0001 Colloc0 1914 44024 0.1412 242.435
1270	1	16769.8	308709	308697	12.5643	1957	8725	2611	6	0.0001 Colloc0 1957 44046 0.14603 246.602
1280	1	16898.1	308761	308749	12.2526	1936	8629	2707	7	0.0001 Colloc0 1936 44056 0.159152 224.663
1290	1	17027.8	308600	308588	12.2813	1916	8569	2767	7	0.0001 Colloc0 1916 43982 0.157052 226.656
1300	1	17159.4	308189	308177	12.5968	1899	8634	2702	5	0.0001 Colloc0 1899 43998 0.147428 248.931
1310	1	17292.4	308547	308534	12.4609	1922	8540	2796	7	0.0001 Colloc0 1922 43966 0.138808 239.262
1320	1	17425.4	308838	308825	12.9593	1948	8416	2920	7	0.0001 Colloc0 1948 43933 0.120221 275.232
1330	1	17554.7	308365	308353	12.7935	1942	8557	2779	5	0.0001 Colloc0 1942 43909 0.130151 263.11
1340	1	17681.7	308174	308161	12.6963	1934	8707	2629	6	0.0001 Colloc0 1934 43872 0.139969 256.076
1350	1	17815.6	307935	307922	12.577	1918	8678	2658	5	0.0001 Colloc0 1918 43909 0.156144 247.514
1360	1	17948.7	308107	308095	12.4581	1941	8650	2686	7	0.0001 Colloc0 1941 43946 0.143375 239.059
1370	1	18081.6	307953	307940	12.6077	1930	8658	2678	5	0.0001 Colloc0 1930 43903 0.146165 249.709
1380	1	18216.1	308211	308198	13.4538	1919	8579	2757	4	0.0001 Colloc0 1919 43870 0.0994839 312.205
1390	1	18350.3	308366	308353	12.4946	1925	8563	2773	6	0.0001 Colloc0 1925 43917 0.160646 241.649
1400	1	18482.6	308309	308297	12.4798	1928	8561	2775	6	0.0001 Colloc0 1928 43840 0.162676 240.6
1410	1	18613.7	308269	308256	12.3483	1917	8548	2788	7	0.0001 Colloc0 1917 43861 0.155475 231.334
1420	1	18746.8	308712	308699	12.428	1961	8430	2906	9	0.0001 Colloc0 1961 43853 0.159153 236.937
1430	1	18879.2	308338	308325	13.1571	1921	8435	2901	6	0.0001 Colloc0 1921 43859 0.121653 289.88
1440	1	19013.3	308486	308473	12.6538	1953	8438	2898	6	0.0001 Colloc0 1953 43807 0.135133 253.018
1450	1	19145	308553	308540	12.8653	1946	8307	3029	4	0.0001 Colloc0 1946 43804 0.143509 268.341
1460	1	19276.5	308204	308191	12.6566	1942	8388	2948	6	0.0001 Colloc0 1942 43795 0.157758 253.22
1470	1	19407.5	307735	307722	12.7719	1923	8541	2795	7	0.0001 Colloc0 1923 43731 0.145592 261.541
1480	1	19541.3	307670	307658	12.6159	1939	8537	2799	5	0.0001 Colloc0 1939 43739 0.151936 250.292
1490	1	19673.3	307394	307382	12.471	1928	8691	2645	5	0.0001 Colloc0 1928 43741 0.146335 239.972
1500	1	19805.1	307461	307448	12.5958	1943	8672	2664	6	0.0001 Colloc0 1943 43745 0.135823 248.857
1510	1	19933.7	307007	306994	12.6716	1932	8657	2679	5	0.0001 Colloc0 1932 43691 0.136351 254.295
1520	1	20065.5	306903	306891	12.016	1937	8735	2601	5	0.0001 Colloc0 1937 43693 0.191307 208.427
1530	1	20195.1	307181	307169	12.6581	1941	8745	2591	6	0.0001 Colloc0 1941 43696 0.149937 253.325
1540	1	20325.5	307110	307097	12.5233	1952	8710	2626	8	0.0001 Colloc0 1952 43687 0.162839 243.686
1550	1	20457.2	307322	307309	12.6874	1976	8576	2760	7	0.0001 Colloc0 1976 43686 0.146932 255.434
1560	1	20587.6	306247	306235	12.4747	1935	8757	2579	6	0.0001 Colloc0 1935 43613 0.161831 240.236
1570	1	20718.2	306062	306049	12.6437	1921	8825	2511	6	0.0001 Colloc0 1921 43593 0.140614 252.289
1580	1	20849.2	305726	305713	12.4179	1941	8870	2466	8	0.0001 Colloc0 1941 43578 0.165519 236.22
1590	1	20980.3	305900	305888	12.4476	1915	8936	2400	7	0.0001 Colloc0 1915 43575 0.149975 238.317
1600	1	21110.6	305942	305929	12.9371	1907	8881	2455	7	0.0001 Colloc0 1907 43526 0.126879 273.599
1610	1	21238.5	306384	306371	12.3611	1966	8717	2619	6	0.0001 Colloc0 1966 43538 0.171169 232.228
1620	1	21366.9	306334	306321	12.5182	1921	8700	2636	6	0.0001 Colloc0 1921 43527 0.14914 243.319
1630	1	21497.8	306161	306148	13.0662	1930	8769	2567	6	0.0001 Colloc0 1930 43570 0.109387 283.127
1640	1	21627.1	306113	306101	12.6464	1944	8847	2489	6	0.0001 Colloc0 1944 43548 0.159294 252.481
1650	1	21759	305969	305956	12.4118	1951	8908	2428	4	0.0001 Colloc0 1951 43489 0.16283 235.792
1660	1	21890.2	305358	305345	12.5849	1927	9014	2322	7	0.0001 Colloc0 1927 43481 0.143413 248.076
1670	1	22020.4	305245	305233	12.2508	1964	9133	2203	5	0.0001 Colloc0 1964 43435 0.165334 224.539
1680	1	22150.5	305521	305509	12.4253	1930	9004	2332	6	0.0001 Colloc0 1930 43512 0.139218 236.749
1690	1	22279.3	305472	305459	12.9782	1926	9047	2289	6	0.0001 Colloc0 1926 43518 0.112566 276.62
1700	1	22408.5	305245	305232	12.7222	1939	9117	2219	5	0.0001 Colloc0 1939 43493 0.14143 257.948
1710	1	22537	305642	305629	13.0319	1920	9051	2285	4	0.0001 Colloc0 1920 43453 0.116074 280.587
1720	1	22667.7	305321	305309	12.5638	1938	9001	2335	4	0.0001 Colloc0 1938 43422 0.151492 246.572
1730	1	22797.8	304939	304927	12.6022	1937	9102	2234	5	0.0001 Colloc0 1937 43422 0.153731 249.311
1740	1	22928.1	304906	304894	12.2992	1928	9177	2159	5	0.0001 Colloc0 1928 43423 0.147869 227.902
1750	1	23054.4	305428	305415	13.247	1930	9017	2319	6	0.0001 Colloc0 1930 43398 0.112653 296.602
1760	1	23185.3	305393	305380	12.3174	1945	8924	2412	7	0.0001 Colloc0 1945 43309 0.164817 229.174
1770	1	23313	305183	305170	12.588	1976	9005	2331	8	0.0001 Colloc0 1976 43278 0.152901 248.297
1780	1	23439.5	305368	305355	12.9012	1938	8921	2415	7	0.0001 Colloc0 1938 43290 0.134171 270.966
1790	1	23565.3	305413	305400	12.5395	1926	8956	2380	7	0.0001 Colloc0 1926 43318 0.150604 244.835
1800	1	23694.5	306205	306192	12.867	1978	8826	2510	4	0.0001 Colloc0 1978 43231 0.142342 268.466
1810	1	23822.6	306070	306056	13.1313	1960	8771	2565	4	0.0001 Colloc0 1960 43250 0.134181 287.956
1820	1	23952.8	306139	306126	12.935	1974	8777	2559	5	0.0001 Colloc0 1974 43249 0.130178 273.444
1830	1	24079.7	305315	305303	12.2666	1956	8907	2429	7	0.0001 Colloc0 1956 43184 0.157937 225.634
1840	1	24208.8	304890	304877	12.3774	1945	9005	2331	7	0.0001 Colloc0 1945 43221 0.154105 233.374
1850	1	24337.1	305357	305344	12.6807	1926	8884	2452	4	0.0001 Colloc0 1926 43238 0.139101 254.952
1860	1	24465.4	305046	305033	12.8846	1957	8998	2338	7	0.0001 Colloc0 1957 43215 0.120835 269.752
1870	1	24591.5	305098	305086	12.4925	1944	9024	2312	8	0.0001 Colloc0 1944 43234 0.144031 241.499
1880	1	24720.5	304551	304538	12.778	1944	9132	2204	6	0.0001 Colloc0 1944 43218 0.141962 261.984
1890	1	24848.7	304552	304539	12.469	1924	9104	2232	7	0.0001 Colloc0 1924 43196 0.150826 239.833
1900	1	24976.5	304745	304732	13.1332	1932	9076	2260	8	0.0001 Colloc0 1932 43227 0.118828 288.097
1910	1	25105	304679	304667	12.5563	1954	9049	2287	5	0.0001 Colloc0 1954 43153 0.154172 246.036
1920	1	25231.8	304337	304324	12.7817	1944	9063	2273	6	0.0001 Colloc0 1944 43150 0.140238 262.254
1930	1	25355.8	304622	304609	12.7967	1943	9034	2302	6	0.0001 Colloc0 1943 43161 0.136623 263.347
1940	1	25481.1	304920	304907	12.6579	1938	8997	2339	8	0.0001 Colloc0 1938 43194 0.148625 253.311
1950	1	25604.4	304928	304916	12.698	1951	8849	2487	6	0.0001 Colloc0 1951 43135 0.138406 256.199
1960	1	25729.5	304862	304849	12.6813	1964	8963	2373	5	0.0001 Colloc0 1964 43156 0.160336 254.996
1970	1	25853.7	304557	304545	12.067	1965	9087	2249	10	0.0001 Colloc0 1965 43168 0.177842 211.893
1980	1	25978.9	304313	304301	12.4608	1966	9155	2181	8	0.0001 Colloc0 1966 43153 0.140463 239.253
1990	1	26105.1	304326	304314	12.481	1942	9100	2236	6	0.0001 Colloc0 1942 43165 0.148075 240.684
2000	1	26228.3	303750	303738	12.5399	1936	9264	2072	4	0.0001 Colloc0 1936 43092 0.162238 244.866
