# D = 0, E = 1, I = 1, P = 1, R = -1, n = 2000, N = 1, P = 1, w = 1, a = 0.0001, b = 10000, e = 1, f = 1, g = 100, h = 0.01, r = 25452, s = 1, S = 0, x = 10, m = 100, Z = 1, z = 0, T = 1, t = 1
# 109414 tokens in 11336 sentences
#
# It	Temp	Time	-logP	-logPcorpus	-logPrior	tables	same	changed	reject	default_pya	(parent pym pyn pya pyb)*
0	1	10.0045	378486	378372	113.764	9559	0	11336	0	0.0001 Colloc0 9559 46940 0.0001 10000
10	1	141.265	313002	312987	14.6628	2479	3605	7731	6	0.0001 Colloc0 2479 42156 0.101041 406.882
20	1	240.312	304501	304487	13.9246	2058	4117	7219	7	0.0001 Colloc0 2058 41715 0.0709151 348.423
30	1	340.248	300705	300691	14.0329	1915	4497	6839	2	0.0001 Colloc0 1915 41602 0.0469919 356.873
40	1	440.478	297113	297100	13.2242	1898	4962	6374	7	0.0001 Colloc0 1898 41388 0.109429 294.893
50	1	537.959	292083	292070	13.207	1892	5298	6038	3	0.0001 Colloc0 1892 40970 0.100383 293.607
60	1	636.759	290094	290082	12.7269	1836	5509	5827	4	0.0001 Colloc0 1836 40850 0.128188 258.283
70	1	731.77	288134	288121	12.7668	1820	5711	5625	4	0.0001 Colloc0 1820 40645 0.128808 261.174
80	1	833.631	287426	287413	12.7436	1838	5663	5673	6	0.0001 Colloc0 1838 40516 0.114141 259.494
90	1	933.201	285799	285786	12.8356	1826	5869	5467	4	0.0001 Colloc0 1826 40314 0.123019 266.175
100	1	1036	285116	285103	12.9882	1850	5912	5424	6	0.0001 Colloc0 1850 40200 0.0963746 277.358
110	1	1136.08	284018	284005	13.0631	1782	6084	5252	5	0.0001 Colloc0 1782 40196 0.0900945 282.895
120	1	1235.61	283208	283195	12.8829	1800	6104	5232	4	0.0001 Colloc0 1800 40086 0.0954881 269.632
130	1	1336.8	281100	281088	12.4365	1801	6354	4982	5	0.0001 Colloc0 1801 39919 0.140501 237.539
140	1	1434.18	280911	280898	13.0268	1776	6415	4921	5	0.0001 Colloc0 1776 39825 0.0974544 280.209
150	1	1530.59	279933	279922	11.9979	1791	6745	4591	4	0.0001 Colloc0 1791 39841 0.165977 207.202
160	1	1626.46	278853	278841	12.1879	1754	6822	4514	3	0.0001 Colloc0 1754 39772 0.162308 220.183
170	1	1723.81	279018	279006	12.4272	1786	6754	4582	5	0.0001 Colloc0 1786 39714 0.14633 236.877
180	1	1821.12	279870	279857	12.6419	1804	6575	4761	2	0.0001 Colloc0 1804 39668 0.130999 252.161
190	1	1918.86	279255	279242	12.8305	1794	6581	4755	4	0.0001 Colloc0 1794 39610 0.116614 265.807
200	1	2013.8	278143	278130	12.8556	1763	6725	4611	5	0.0001 Colloc0 1763 39526 0.107277 267.632
210	1	2110.28	277114	277101	12.1932	1761	6775	4561	4	0.0001 Colloc0 1761 39468 0.152396 220.551
220	1	2210.62	276468	276456	12.015	1785	7014	4322	3	0.0001 Colloc0 1785 39455 0.167757 208.361
230	1	2312.44	275973	275960	12.8523	1782	6956	4380	3	0.0001 Colloc0 1782 39483 0.12247 267.393
240	1	2409.55	274583	274571	12.1081	1737	7310	4026	4	0.0001 Colloc0 1737 39436 0.144128 214.701
250	1	2507.04	274426	274414	12.106	1794	7226	4110	6	0.0001 Colloc0 1794 39344 0.157719 214.559
260	1	2605.35	274411	274399	12.0887	1779	7319	4017	2	0.0001 Colloc0 1779 39331 0.16057 213.373
270	1	2707.39	274761	274748	12.5853	1827	7231	4105	3	0.0001 Colloc0 1827 39302 0.139542 248.104
280	1	2809.21	273981	273968	12.4351	1768	7275	4061	4	0.0001 Colloc0 1768 39248 0.152744 237.433
290	1	2904.55	274783	274771	11.9306	1786	7138	4198	4	0.0001 Colloc0 1786 39231 0.152148 202.666
300	1	3005.67	274400	274388	11.9221	1822	7256	4080	4	0.0001 Colloc0 1822 39197 0.192101 202.096
310	1	3104.17	273373	273360	12.6686	1747	7440	3896	5	0.0001 Colloc0 1747 39142 0.123704 254.078
320	1	3198.07	273208	273196	12.5313	1770	7481	3855	3	0.0001 Colloc0 1770 39143 0.138369 244.252
330	1	3297.96	273452	273440	11.9495	1793	7384	3952	4	0.0001 Colloc0 1793 39149 0.175936 203.932
340	1	3398.09	273366	273353	12.3937	1799	7386	3950	3	0.0001 Colloc0 1799 39062 0.162436 234.517
350	1	3498.71	273119	273107	12.1485	1778	7397	3939	4	0.0001 Colloc0 1778 39102 0.161925 217.472
360	1	3596.76	272975	272962	12.5599	1801	7496	3840	4	0.0001 Colloc0 1801 39077 0.129035 246.292
370	1	3695.07	272567	272555	12.4326	1815	7413	3923	6	0.0001 Colloc0 1815 38929 0.151797 237.26
380	1	3795.18	272503	272490	12.7764	1817	7407	3929	6	0.0001 Colloc0 1817 38942 0.124302 261.872
390	1	3893.75	272228	272216	12.2488	1796	7291	4045	5	0.0001 Colloc0 1796 38879 0.164287 224.396
400	1	3992.13	271710	271698	12.0723	1783	7382	3954	4	0.0001 Colloc0 1783 38873 0.176442 212.255
410	1	4090.05	271564	271552	11.9881	1796	7375	3961	3	0.0001 Colloc0 1796 38811 0.17031 206.54
420	1	4187.94	269877	269865	11.9595	1756	7569	3767	6	0.0001 Colloc0 1756 38785 0.182597 204.61
430	1	4287.45	269846	269834	12.0859	1750	7641	3695	3	0.0001 Colloc0 1750 38760 0.171881 213.183
440	1	4386.37	269606	269594	12.0646	1726	7703	3633	5	0.0001 Colloc0 1726 38752 0.160701 211.732
450	1	4482.67	269238	269226	12.2284	1745	7726	3610	6	0.0001 Colloc0 1745 38719 0.146416 222.987
460	1	4578.8	269916	269903	12.5707	1761	7700	3636	5	0.0001 Colloc0 1761 38714 0.13314 247.06
470	1	4673.58	269744	269732	12.2994	1756	7661	3675	4	0.0001 Colloc0 1756 38696 0.154184 227.916
480	1	4770.54	270330	270318	12.1819	1771	7602	3734	6	0.0001 Colloc0 1771 38665 0.157667 219.77
490	1	4865.76	269382	269369	12.7998	1751	7742	3594	3	0.0001 Colloc0 1751 38659 0.127313 263.57
500	1	4964.68	269779	269767	12.4219	1788	7693	3643	4	0.0001 Colloc0 1788 38676 0.144793 236.503
510	1	5064.56	270044	270031	12.5288	1791	7585	3751	6	0.0001 Colloc0 1791 38651 0.134583 244.08
520	1	5163.96	269420	269407	12.5982	1776	7767	3569	6	0.0001 Colloc0 1776 38631 0.125578 249.029
530	1	5263.23	268272	268259	12.2748	1780	8151	3185	5	0.0001 Colloc0 1780 38583 0.161098 226.202
540	1	5357.32	268378	268366	12.1228	1798	8160	3176	3	0.0001 Colloc0 1798 38557 0.154159 215.709
550	1	5454.33	267846	267833	12.4631	1776	8124	3212	4	0.0001 Colloc0 1776 38415 0.125241 239.416
560	1	5553.07	267599	267586	12.3812	1771	8193	3143	3	0.0001 Colloc0 1771 38413 0.160133 233.643
570	1	5649.61	267606	267594	12.4644	1789	8191	3145	2	0.0001 Colloc0 1789 38397 0.126168 239.508
580	1	5747.1	267354	267342	12.2768	1777	8226	3110	2	0.0001 Colloc0 1777 38390 0.15815 226.34
590	1	5847.33	267596	267584	12.5738	1791	8171	3165	2	0.0001 Colloc0 1791 38385 0.137904 247.283
600	1	5943.26	266935	266923	12.3503	1809	8269	3067	4	0.0001 Colloc0 1809 38333 0.175157 231.472
610	1	6037.2	266660	266648	11.8882	1814	8293	3043	4	0.0001 Colloc0 1814 38330 0.196561 199.824
620	1	6136.08	266379	266368	11.4652	1808	8280	3056	4	0.0001 Colloc0 1808 38290 0.201927 172.232
630	1	6236.91	266178	266165	12.2683	1775	8110	3226	3	0.0001 Colloc0 1775 38263 0.155486 225.755
640	1	6333.26	265684	265672	12.1673	1768	8241	3095	2	0.0001 Colloc0 1768 38203 0.167979 218.767
650	1	6427.27	265887	265874	12.5786	1811	8191	3145	2	0.0001 Colloc0 1811 38187 0.139227 247.629
660	1	6524.21	266111	266099	12.1188	1797	8115	3221	3	0.0001 Colloc0 1797 38148 0.175915 215.433
670	1	6625.09	266622	266609	12.7143	1819	8008	3328	3	0.0001 Colloc0 1819 38136 0.155688 257.377
680	1	6722.5	265894	265882	11.9711	1805	8210	3126	2	0.0001 Colloc0 1805 38134 0.190359 205.39
690	1	6820.44	266054	266041	12.4267	1804	8130	3206	3	0.0001 Colloc0 1804 38132 0.162854 236.842
700	1	6918.11	266409	266397	12.5246	1810	8066	3270	3	0.0001 Colloc0 1810 38191 0.141614 243.781
710	1	7017.28	265720	265708	11.7244	1802	8227	3109	3	0.0001 Colloc0 1802 38116 0.191334 188.97
720	1	7116.78	265811	265799	12.2092	1797	8111	3225	4	0.0001 Colloc0 1797 38112 0.160595 221.655
730	1	7214.74	266434	266422	12.2149	1791	7978	3358	3	0.0001 Colloc0 1791 38129 0.160508 222.05
740	1	7310.72	266276	266264	12.0584	1799	7907	3429	3	0.0001 Colloc0 1799 38087 0.174864 211.31
750	1	7410.27	266389	266377	12.1383	1804	7926	3410	3	0.0001 Colloc0 1804 38019 0.149773 216.772
760	1	7510.11	266363	266350	12.4467	1790	7817	3519	2	0.0001 Colloc0 1790 38030 0.141321 238.259
770	1	7608.5	266327	266315	11.6577	1795	7849	3487	4	0.0001 Colloc0 1795 38057 0.190512 184.613
780	1	7707.09	265753	265741	12.515	1796	8023	3313	3	0.0001 Colloc0 1796 37958 0.122881 243.096
790	1	7805.87	265620	265608	12.0271	1811	8009	3327	2	0.0001 Colloc0 1811 37940 0.15787 209.179
800	1	7903.8	265257	265245	12.2274	1809	8199	3137	4	0.0001 Colloc0 1809 37898 0.146531 222.917
810	1	8002.78	265264	265251	12.3479	1808	8205	3131	3	0.0001 Colloc0 1808 37899 0.158344 231.306
820	1	8098.47	265556	265544	11.8298	1811	8115	3221	3	0.0001 Colloc0 1811 37904 0.187748 195.93
830	1	8192.94	265432	265419	12.5365	1839	8109	3227	2	0.0001 Colloc0 1839 37856 0.147536 244.622
840	1	8287.27	265386	265374	12.1344	1796	8130	3206	6	0.0001 Colloc0 1796 37849 0.171886 216.506
850	1	8384.97	264913	264901	12.1748	1801	8244	3092	2	0.0001 Colloc0 1801 37822 0.172158 219.284
860	1	8481.46	264611	264599	12.3078	1778	8318	3018	3	0.0001 Colloc0 1778 37833 0.156628 228.502
870	1	8576.05	264963	264950	12.3338	1792	8297	3039	2	0.0001 Colloc0 1792 37849 0.16093 230.323
880	1	8671.59	265162	265150	11.9811	1814	8220	3116	4	0.0001 Colloc0 1814 37841 0.180059 206.063
890	1	8770.39	265221	265209	12.0392	1821	8142	3194	3	0.0001 Colloc0 1821 37840 0.173599 209.999
900	1	8871.1	264574	264562	12.0407	1807	8281	3055	5	0.0001 Colloc0 1807 37800 0.167654 210.103
910	1	8967.56	264792	264779	12.5643	1800	8239	3097	6	0.0001 Colloc0 1800 37808 0.135405 246.604
920	1	9061.83	264849	264837	12.4002	1799	8211	3125	4	0.0001 Colloc0 1799 37799 0.151213 234.974
930	1	9161.51	264113	264100	12.4582	1756	8277	3059	3	0.0001 Colloc0 1756 37722 0.132041 239.067
940	1	9262.04	263927	263915	12.3641	1795	8317	3019	3	0.0001 Colloc0 1795 37674 0.16198 232.441
950	1	9360.41	264292	264280	12.4761	1802	8244	3092	2	0.0001 Colloc0 1802 37668 0.144526 240.336
960	1	9459.31	263908	263896	12.3781	1799	8379	2957	3	0.0001 Colloc0 1799 37676 0.166011 233.425
970	1	9552.71	263870	263857	12.3854	1810	8346	2990	3	0.0001 Colloc0 1810 37626 0.158 233.934
980	1	9646.07	263930	263918	12.0229	1795	8318	3018	3	0.0001 Colloc0 1795 37645 0.177064 208.893
990	1	9740.16	263847	263835	11.8891	1800	8347	2989	4	0.0001 Colloc0 1800 37639 0.184804 199.883
1000	1	9836.52	263635	263623	12.0724	1817	8481	2855	2	0.0001 Colloc0 1817 37609 0.167537 212.266
1010	1	9929.57	263417	263404	12.479	1817	8638	2698	3	0.0001 Colloc0 1817 37658 0.15548 240.542
1020	1	10027.7	263683	263671	12.0444	1828	8534	2802	3	0.0001 Colloc0 1828 37662 0.167946 210.357
1030	1	10125.4	263102	263089	12.5766	1772	8536	2800	3	0.0001 Colloc0 1772 37628 0.136906 247.486
1040	1	10225.1	263622	263610	12.2552	1794	8366	2970	4	0.0001 Colloc0 1794 37643 0.154017 224.843
1050	1	10323.5	264071	264058	12.7976	1775	8280	3056	2	0.0001 Colloc0 1775 37638 0.12836 263.407
1060	1	10421.9	264153	264140	12.2495	1800	8130	3206	2	0.0001 Colloc0 1800 37650 0.166289 224.444
1070	1	10519.1	264108	264096	11.6366	1810	8139	3197	6	0.0001 Colloc0 1810 37653 0.205444 183.236
1080	1	10617.4	263667	263655	12.2264	1818	8306	3030	2	0.0001 Colloc0 1818 37568 0.167116 222.847
1090	1	10712.9	263587	263574	12.9921	1809	8382	2954	3	0.0001 Colloc0 1809 37628 0.116561 277.647
1100	1	10809.1	262860	262848	12.2911	1769	8683	2653	4	0.0001 Colloc0 1769 37587 0.158187 227.339
1110	1	10908.4	262904	262892	12.1479	1808	8670	2666	3	0.0001 Colloc0 1808 37627 0.164415 217.428
1120	1	11007.8	263191	263179	12.1303	1826	8557	2779	2	0.0001 Colloc0 1826 37572 0.178774 216.224
