# D = 0, E = 1, I = 1, P = 1, R = -1, n = 2000, N = 1, P = 1, w = 1, a = 0.0001, b = 10000, e = 1, f = 1, g = 100, h = 0.01, r = 24563, s = 1, S = 0, x = 10, m = 100, Z = 1, z = 0, T = 1, t = 1
# 109414 tokens in 11336 sentences
#
# It	Temp	Time	-logP	-logPcorpus	-logPrior	tables	same	changed	reject	default_pya	(parent pym pyn pya pyb)*
0	1	8.85865	344308	344194	113.764	7676	0	11336	0	0.0001 Colloc0 7676 41772 0.0001 10000
10	1	128.207	299611	299595	15.4917	2345	4334	7002	4	0.0001 Colloc0 2345 39668 0.0522772 474.545
20	1	231.884	294088	294073	15.0782	2022	4796	6540	3	0.0001 Colloc0 2022 39640 0.00822051 440.554
30	1	332.775	291286	291273	13.7952	1941	5015	6321	3	0.0001 Colloc0 1941 39589 0.059376 338.373
40	1	430.699	288798	288783	14.5204	1917	5311	6025	2	0.0001 Colloc0 1917 39528 0.0347397 395.462
50	1	533.323	287187	287173	13.7076	1920	5426	5910	3	0.0001 Colloc0 1920 39423 0.0782988 331.612
60	1	636.167	284728	284715	13.7687	1885	5657	5679	3	0.0001 Colloc0 1885 39328 0.0656535 336.327
70	1	738.568	283150	283136	13.4783	1839	5726	5610	2	0.0001 Colloc0 1839 39228 0.0620053 314.065
80	1	840.588	281547	281534	13.2354	1836	5960	5376	4	0.0001 Colloc0 1836 39103 0.0911681 295.731
90	1	943.177	280245	280232	13.2087	1898	6165	5171	3	0.0001 Colloc0 1898 38966 0.114277 293.736
100	1	1045.07	280274	280261	12.9426	1862	6156	5180	7	0.0001 Colloc0 1862 38967 0.12485 274.007
110	1	1148.27	278732	278720	12.4543	1863	6346	4990	4	0.0001 Colloc0 1863 38801 0.141936 238.796
120	1	1250.43	278419	278405	13.3181	1834	6375	4961	4	0.0001 Colloc0 1834 38767 0.0882784 301.94
130	1	1352.15	277636	277623	13.1627	1822	6521	4815	3	0.0001 Colloc0 1822 38761 0.0942506 290.295
140	1	1454.84	276683	276670	12.8594	1829	6452	4884	5	0.0001 Colloc0 1829 38676 0.124744 267.913
150	1	1557.42	276373	276360	13.0759	1840	6609	4727	4	0.0001 Colloc0 1840 38584 0.111666 283.841
160	1	1660.01	276006	275993	12.8166	1844	6593	4743	4	0.0001 Colloc0 1844 38542 0.130209 264.788
170	1	1763.33	275375	275362	12.6148	1833	6768	4568	3	0.0001 Colloc0 1833 38544 0.132633 250.219
180	1	1861.78	275588	275575	12.9204	1861	6702	4634	2	0.0001 Colloc0 1861 38516 0.113487 272.373
190	1	1960.29	273452	273439	12.8405	1833	6821	4515	3	0.0001 Colloc0 1833 38147 0.117923 266.535
200	1	2062.04	273494	273481	12.4486	1830	6801	4535	2	0.0001 Colloc0 1830 38186 0.146379 238.387
210	1	2160.57	273455	273442	12.9202	1848	6819	4517	2	0.0001 Colloc0 1848 38111 0.122442 272.363
220	1	2262.51	272423	272410	13.336	1821	6956	4380	2	0.0001 Colloc0 1821 37994 0.0818254 303.293
230	1	2362.09	272279	272266	12.6666	1810	6972	4364	1	0.0001 Colloc0 1810 37999 0.127802 253.935
240	1	2460.78	272030	272017	13.5247	1846	7129	4207	1	0.0001 Colloc0 1846 37998 0.0758963 317.602
250	1	2559.68	271502	271489	13.0669	1834	7206	4130	1	0.0001 Colloc0 1834 37981 0.112967 283.179
260	1	2661.64	271011	270999	12.5215	1819	7206	4130	1	0.0001 Colloc0 1819 37903 0.142339 243.555
270	1	2763.47	270532	270520	12.6156	1828	7279	4057	1	0.0001 Colloc0 1828 37868 0.13289 250.277
280	1	2864.04	270829	270816	12.6924	1795	7112	4224	1	0.0001 Colloc0 1795 37872 0.129706 255.796
290	1	2963.57	268990	268978	12.4727	1834	7306	4030	3	0.0001 Colloc0 1834 37670 0.140244 240.098
300	1	3064.81	268847	268835	12.1329	1816	7215	4121	0	0.0001 Colloc0 1816 37681 0.177374 216.402
310	1	3166.32	268723	268711	12.7821	1817	7363	3973	1	0.0001 Colloc0 1817 37639 0.11954 262.287
320	1	3267.01	268156	268143	12.532	1817	7395	3941	1	0.0001 Colloc0 1817 37630 0.132498 244.306
330	1	3366.81	268010	267997	12.8664	1778	7518	3818	1	0.0001 Colloc0 1778 37634 0.1189 268.424
340	1	3468.35	267358	267346	12.5846	1788	7628	3708	1	0.0001 Colloc0 1788 37601 0.140012 248.058
350	1	3569.58	266817	266805	12.4025	1787	7666	3670	3	0.0001 Colloc0 1787 37571 0.142738 235.136
360	1	3670.55	266719	266706	12.8254	1794	7720	3616	2	0.0001 Colloc0 1794 37554 0.109191 265.431
370	1	3771.82	266958	266946	12.8191	1852	7716	3620	3	0.0001 Colloc0 1852 37499 0.127531 264.974
380	1	3873.76	265595	265582	12.4235	1777	8039	3297	2	0.0001 Colloc0 1777 37497 0.138384 236.617
390	1	3975.37	265289	265277	11.9846	1766	8066	3270	2	0.0001 Colloc0 1766 37495 0.16901 206.3
400	1	4075.95	265396	265383	12.1721	1777	8006	3330	2	0.0001 Colloc0 1777 37442 0.171237 219.099
410	1	4175.11	265583	265571	12.5305	1797	7972	3364	2	0.0001 Colloc0 1797 37499 0.147254 244.199
420	1	4274.79	265597	265585	12.6956	1811	7944	3392	2	0.0001 Colloc0 1811 37457 0.15062 256.022
430	1	4373.34	265574	265562	12.023	1831	7975	3361	4	0.0001 Colloc0 1831 37448 0.182423 208.899
440	1	4471.39	265399	265386	12.7301	1813	8064	3272	2	0.0001 Colloc0 1813 37401 0.125662 258.515
450	1	4569.12	265496	265484	12.7743	1812	7996	3340	2	0.0001 Colloc0 1812 37392 0.12796 261.717
460	1	4668.23	265174	265161	12.3747	1824	8042	3294	1	0.0001 Colloc0 1824 37364 0.153645 233.183
470	1	4767.03	264750	264738	12.4053	1794	7866	3470	1	0.0001 Colloc0 1794 37321 0.153057 235.338
480	1	4864.23	264487	264474	12.6188	1760	7934	3402	1	0.0001 Colloc0 1760 37270 0.12807 250.504
490	1	4961.09	265134	265122	12.0871	1790	7862	3474	3	0.0001 Colloc0 1790 37281 0.153497 213.268
500	1	5059.5	264674	264662	12.6314	1801	7986	3350	3	0.0001 Colloc0 1801 37278 0.132064 251.41
510	1	5158.03	264468	264455	12.4648	1832	8099	3237	2	0.0001 Colloc0 1832 37228 0.151903 239.536
520	1	5257.97	263958	263946	12.1096	1810	8174	3162	3	0.0001 Colloc0 1810 37225 0.161767 214.801
530	1	5358.99	263848	263836	11.9166	1810	8222	3114	2	0.0001 Colloc0 1810 37162 0.187494 201.722
540	1	5460.15	263033	263020	12.8359	1786	8492	2844	4	0.0001 Colloc0 1786 37173 0.12262 266.197
550	1	5561.58	263450	263437	12.8455	1797	8385	2951	1	0.0001 Colloc0 1797 37165 0.121914 266.899
560	1	5662.75	263339	263326	12.8609	1803	8263	3073	3	0.0001 Colloc0 1803 37140 0.125192 268.019
570	1	5763.81	263688	263676	12.5083	1827	8168	3168	1	0.0001 Colloc0 1827 37132 0.131646 242.62
580	1	5861.92	264053	264040	12.399	1826	8049	3287	3	0.0001 Colloc0 1826 37129 0.160229 234.89
590	1	5957	263140	263127	12.2369	1821	8417	2919	1	0.0001 Colloc0 1821 37106 0.158835 223.575
600	1	6051.8	262905	262893	12.0952	1832	8479	2857	4	0.0001 Colloc0 1832 37091 0.180048 213.819
610	1	6145.16	262649	262637	12.0443	1816	8359	2977	2	0.0001 Colloc0 1816 37092 0.169297 210.35
620	1	6237.84	262699	262687	12.2782	1802	8389	2947	3	0.0001 Colloc0 1802 37051 0.157171 226.442
630	1	6331.81	263081	263069	12.3226	1829	8342	2994	2	0.0001 Colloc0 1829 37071 0.156739 229.539
640	1	6424.95	262633	262620	12.1306	1821	8403	2933	4	0.0001 Colloc0 1821 37102 0.178822 216.245
650	1	6519.37	262591	262578	12.5843	1813	8419	2917	2	0.0001 Colloc0 1813 37058 0.135677 248.032
660	1	6615.25	262727	262715	12.0071	1823	8498	2838	2	0.0001 Colloc0 1823 37041 0.181491 207.823
670	1	6716.61	263258	263245	12.9598	1827	8336	3000	1	0.0001 Colloc0 1827 37095 0.124108 275.269
680	1	6818.69	262963	262950	12.4631	1851	8354	2982	2	0.0001 Colloc0 1851 37034 0.163835 239.412
690	1	6919.56	262315	262303	12.2333	1819	8571	2765	3	0.0001 Colloc0 1819 36996 0.158613 223.321
700	1	7020.5	262156	262143	12.652	1882	8704	2632	2	0.0001 Colloc0 1882 37025 0.156242 252.889
710	1	7119.41	261753	261741	12.3106	1808	8931	2405	2	0.0001 Colloc0 1808 37011 0.154499 228.698
720	1	7216.48	261067	261056	11.8744	1857	9150	2186	3	0.0001 Colloc0 1857 36978 0.189364 198.901
730	1	7310.37	261282	261270	12.3082	1835	9048	2288	3	0.0001 Colloc0 1835 36990 0.159565 228.528
740	1	7409.7	260555	260543	12.3811	1818	9241	2095	2	0.0001 Colloc0 1818 36976 0.158819 233.634
750	1	7511.8	261490	261478	12.4052	1817	9045	2291	1	0.0001 Colloc0 1817 37059 0.14339 235.326
760	1	7612.59	260788	260776	12.5583	1854	9230	2106	1	0.0001 Colloc0 1854 36965 0.151904 246.18
770	1	7713.23	260203	260191	12.2615	1835	9316	2020	2	0.0001 Colloc0 1835 36916 0.156964 225.278
780	1	7813.87	260266	260254	12.0312	1806	9262	2074	2	0.0001 Colloc0 1806 36950 0.170943 209.462
790	1	7914.19	260791	260779	12.285	1866	9155	2181	2	0.0001 Colloc0 1866 36907 0.16755 226.916
800	1	8014.06	260848	260835	12.9921	1827	9053	2283	3	0.0001 Colloc0 1827 36930 0.119403 277.649
810	1	8115.02	260725	260713	12.507	1846	9151	2185	1	0.0001 Colloc0 1846 36897 0.143488 242.53
820	1	8211.09	260717	260705	12.0907	1835	9053	2283	1	0.0001 Colloc0 1835 36858 0.1734 213.512
830	1	8304.36	260548	260535	12.3652	1796	9093	2243	3	0.0001 Colloc0 1796 36927 0.153883 232.519
840	1	8396.85	260136	260124	12.393	1821	9210	2126	1	0.0001 Colloc0 1821 36911 0.1671 234.47
850	1	8493.85	260669	260657	12.2988	1857	9046	2290	1	0.0001 Colloc0 1857 36877 0.164774 227.875
860	1	8593.37	260630	260617	12.7504	1811	9034	2302	1	0.0001 Colloc0 1811 36915 0.135923 259.985
870	1	8692.25	260272	260259	12.4152	1841	9181	2155	4	0.0001 Colloc0 1841 36868 0.155705 236.035
880	1	8790.01	260807	260794	12.468	1841	9034	2302	2	0.0001 Colloc0 1841 36869 0.158652 239.761
890	1	8888.57	260814	260802	12.1126	1797	8859	2477	2	0.0001 Colloc0 1797 36907 0.172664 215.008
900	1	8989.35	259608	259595	12.5157	1797	9206	2130	3	0.0001 Colloc0 1797 36765 0.160814 243.145
910	1	9086.93	259526	259514	12.3002	1785	9210	2126	3	0.0001 Colloc0 1785 36800 0.162561 227.976
920	1	9185	259512	259499	12.4924	1799	9093	2243	1	0.0001 Colloc0 1799 36808 0.140292 241.49
930	1	9283.38	259145	259133	11.9197	1795	9179	2157	2	0.0001 Colloc0 1795 36783 0.182369 201.931
940	1	9382.22	259096	259084	12.3094	1755	9140	2196	2	0.0001 Colloc0 1755 36758 0.14176 228.615
950	1	9478.89	259502	259490	12.308	1819	9072	2264	2	0.0001 Colloc0 1819 36757 0.158873 228.52
960	1	9577.72	259191	259179	12.1772	1780	9349	1987	3	0.0001 Colloc0 1780 36801 0.164951 219.45
970	1	9672.39	259246	259234	12.3169	1810	9295	2041	1	0.0001 Colloc0 1810 36767 0.168788 229.135
980	1	9766.94	259426	259413	12.7157	1824	9210	2126	4	0.0001 Colloc0 1824 36736 0.148657 257.473
990	1	9866.58	259902	259890	12.1615	1811	9009	2327	1	0.0001 Colloc0 1811 36743 0.162967 218.367
1000	1	9961.22	259753	259740	12.5257	1817	9139	2197	1	0.0001 Colloc0 1817 36739 0.160155 243.853
1010	1	10061.4	259588	259576	12.3119	1827	9073	2263	2	0.0001 Colloc0 1827 36707 0.165718 228.792
1020	1	10162.7	259668	259656	12.7088	1821	9149	2187	3	0.0001 Colloc0 1821 36750 0.131846 256.98
1030	1	10262.1	259469	259457	12.0066	1815	9210	2126	1	0.0001 Colloc0 1815 36692 0.17051 207.79
1040	1	10355	259167	259155	12.1492	1808	9255	2081	1	0.0001 Colloc0 1808 36683 0.166491 217.52
1050	1	10452.5	260084	260071	12.3378	1821	8937	2399	1	0.0001 Colloc0 1821 36691 0.151176 230.601
1060	1	10550.7	259584	259571	12.6356	1827	9062	2274	1	0.0001 Colloc0 1827 36695 0.12566 251.709
1070	1	10650.2	259772	259760	12.503	1827	9075	2261	3	0.0001 Colloc0 1827 36697 0.156167 242.244
1080	1	10744.7	259554	259541	12.7832	1847	9069	2267	4	0.0001 Colloc0 1847 36650 0.147516 262.367
1090	1	10839.3	259369	259357	12.5033	1835	9102	2234	1	0.0001 Colloc0 1835 36696 0.152472 242.267
1100	1	10931.2	259569	259556	12.7444	1829	9050	2286	2	0.0001 Colloc0 1829 36643 0.13957 259.552
1110	1	11024.4	259939	259927	12.5267	1827	8880	2456	2	0.0001 Colloc0 1827 36631 0.154685 243.929
