# D = 0, E = 1, I = 1, P = 1, R = -1, n = 2000, N = 1, P = 1, w = 1, a = 0.0001, b = 10000, e = 1, f = 1, g = 100, h = 0.01, r = 3630, s = 1, S = 0, x = 10, m = 100, Z = 1, z = 0, T = 1, t = 1
# 109414 tokens in 11336 sentences
#
# It	Temp	Time	-logP	-logPcorpus	-logPrior	tables	same	changed	reject	default_pya	(parent pym pyn pya pyb)*
0	1	9.55855	370446	370332	113.764	9016	0	11336	0	0.0001 Colloc0 9016 45830 0.0001 10000
10	1	128.223	312005	311990	15.2319	2607	3910	7426	8	0.0001 Colloc0 2607 41715 0.105081 453.131
20	1	233.438	302404	302390	14.1929	2095	4418	6918	9	0.0001 Colloc0 2095 41200 0.0636924 369.449
30	1	332.917	297913	297899	14.2113	1950	4800	6536	4	0.0001 Colloc0 1950 40956 0.0501374 370.902
40	1	431.56	294809	294795	14.5084	1888	5004	6332	5	0.0001 Colloc0 1888 40829 0.0162174 394.506
50	1	531.465	292420	292407	13.0899	1882	5229	6107	6	0.0001 Colloc0 1882 40684 0.10326 284.882
60	1	630.11	289171	289157	13.8731	1817	5461	5875	5	0.0001 Colloc0 1817 40345 0.0522916 344.41
70	1	731.239	288271	288258	13.3951	1873	5561	5775	3	0.0001 Colloc0 1873 40227 0.0831191 307.752
80	1	831.896	285965	285951	13.2963	1812	5840	5496	2	0.0001 Colloc0 1812 40148 0.0942217 300.305
90	1	933.384	285131	285118	12.7841	1834	5961	5375	5	0.0001 Colloc0 1834 40050 0.116713 262.426
100	1	1033.69	282315	282302	12.9874	1810	6155	5181	3	0.0001 Colloc0 1810 39794 0.108541 277.303
110	1	1131.18	281060	281047	12.7333	1785	6265	5071	6	0.0001 Colloc0 1785 39681 0.124317 258.747
120	1	1231.98	280335	280322	13.1675	1764	6433	4903	3	0.0001 Colloc0 1764 39623 0.0972977 290.655
130	1	1331.89	279550	279538	12.6999	1750	6636	4700	4	0.0001 Colloc0 1750 39597 0.100685 256.332
140	1	1432.73	278792	278779	12.6917	1760	6648	4688	5	0.0001 Colloc0 1760 39471 0.114307 255.745
150	1	1531.11	278203	278191	12.8253	1768	6818	4518	5	0.0001 Colloc0 1768 39450 0.0918118 265.427
160	1	1629.15	277328	277315	12.7791	1769	6917	4419	5	0.0001 Colloc0 1769 39334 0.12087 262.066
170	1	1725.8	276409	276396	12.9903	1753	6962	4374	5	0.0001 Colloc0 1753 39367 0.0858855 277.514
180	1	1827.08	275709	275696	12.7015	1727	7057	4279	5	0.0001 Colloc0 1727 39265 0.105649 256.448
190	1	1923.16	275881	275868	12.6719	1766	7072	4264	3	0.0001 Colloc0 1766 39217 0.124906 254.32
200	1	2023.82	275250	275237	12.5129	1786	7249	4087	6	0.0001 Colloc0 1786 39165 0.14592 242.943
210	1	2123.64	274232	274219	12.5516	1798	7381	3955	5	0.0001 Colloc0 1798 39105 0.135149 245.699
220	1	2222.21	273476	273464	12.1961	1763	7569	3767	3	0.0001 Colloc0 1763 39121 0.159015 220.751
230	1	2318.39	273535	273522	12.2324	1764	7494	3842	5	0.0001 Colloc0 1764 39099 0.152191 223.259
240	1	2417.74	273197	273185	12.005	1772	7694	3642	4	0.0001 Colloc0 1772 39085 0.166485 207.68
250	1	2519.15	272017	272005	12.4939	1746	7793	3543	3	0.0001 Colloc0 1746 38992 0.142758 241.598
260	1	2620.21	272058	272046	12.6147	1731	7783	3553	3	0.0001 Colloc0 1731 38992 0.114762 250.207
270	1	2721.18	271309	271297	12.1143	1737	7902	3434	5	0.0001 Colloc0 1737 38881 0.155293 215.124
280	1	2820.54	270905	270893	12.3917	1778	7942	3394	3	0.0001 Colloc0 1778 38822 0.139934 234.377
290	1	2916.41	271222	271210	12.1302	1782	7861	3475	4	0.0001 Colloc0 1782 38844 0.156789 216.215
300	1	3017.05	270738	270726	12.2416	1769	7921	3415	8	0.0001 Colloc0 1769 38803 0.141782 223.895
310	1	3117	271134	271122	12.1916	1760	7675	3661	5	0.0001 Colloc0 1760 38761 0.160281 220.443
320	1	3216.08	270421	270409	12.0199	1753	7649	3687	3	0.0001 Colloc0 1753 38632 0.149591 208.695
330	1	3312.07	270275	270263	11.8721	1747	7723	3613	3	0.0001 Colloc0 1747 38644 0.17094 198.745
340	1	3411.96	270559	270546	12.3252	1742	7579	3757	5	0.0001 Colloc0 1742 38547 0.134992 229.717
350	1	3509.17	270259	270246	12.6092	1802	7560	3776	3	0.0001 Colloc0 1802 38508 0.131203 249.813
360	1	3607.61	270472	270460	12.0084	1769	7444	3892	2	0.0001 Colloc0 1769 38575 0.183777 207.911
370	1	3705.52	270296	270284	12.0357	1732	7577	3759	2	0.0001 Colloc0 1732 38539 0.148 209.764
380	1	3804.7	269328	269315	13.0334	1776	7757	3579	2	0.0001 Colloc0 1776 38428 0.115455 280.695
390	1	3901.59	268994	268982	12.3542	1775	7946	3390	3	0.0001 Colloc0 1775 38435 0.145892 231.751
400	1	4001.17	268568	268556	12.605	1783	8047	3289	3	0.0001 Colloc0 1783 38404 0.149577 249.516
410	1	4099.16	268762	268750	11.7274	1783	7852	3484	4	0.0001 Colloc0 1783 38383 0.199003 189.165
420	1	4195.71	268737	268725	12.1266	1755	7874	3462	3	0.0001 Colloc0 1755 38407 0.182835 215.969
430	1	4292.22	269071	269059	11.9494	1769	7800	3536	3	0.0001 Colloc0 1769 38391 0.175035 203.93
440	1	4388.95	268071	268059	12.2245	1727	7863	3473	5	0.0001 Colloc0 1727 38295 0.14956 222.712
450	1	4487.36	268627	268614	12.3526	1768	7699	3637	3	0.0001 Colloc0 1768 38292 0.147045 231.633
460	1	4584.6	268122	268110	11.993	1739	7710	3626	3	0.0001 Colloc0 1739 38268 0.176056 206.87
470	1	4685.84	267561	267549	11.3781	1751	7875	3461	6	0.0001 Colloc0 1751 38269 0.209411 166.731
480	1	4786.18	267768	267756	12.5337	1736	7886	3450	4	0.0001 Colloc0 1736 38266 0.132415 244.421
490	1	4885.38	267536	267524	12.2898	1766	7914	3422	7	0.0001 Colloc0 1766 38230 0.146867 227.25
500	1	4983.78	267097	267085	12.2667	1747	8128	3208	5	0.0001 Colloc0 1747 38223 0.1635 225.64
510	1	5084.31	267112	267100	12.3618	1762	8201	3135	4	0.0001 Colloc0 1762 38223 0.177054 232.28
520	1	5182.23	266642	266629	12.4602	1788	8219	3117	2	0.0001 Colloc0 1788 38161 0.142689 239.21
530	1	5281.38	266650	266638	12.1932	1777	8337	2999	5	0.0001 Colloc0 1777 38183 0.170838 220.55
540	1	5381.2	266548	266537	11.7694	1771	8331	3005	2	0.0001 Colloc0 1771 38197 0.179555 191.929
550	1	5481.31	266539	266527	12.25	1771	8332	3004	4	0.0001 Colloc0 1771 38176 0.143607 224.482
560	1	5581.47	266466	266454	12.0123	1762	8200	3136	4	0.0001 Colloc0 1762 38102 0.177066 208.176
570	1	5681.79	266327	266315	11.9044	1770	8268	3068	3	0.0001 Colloc0 1770 38112 0.161469 200.907
580	1	5781.17	266469	266457	12.1981	1759	8181	3155	3	0.0001 Colloc0 1759 38118 0.169207 220.89
590	1	5880.92	266389	266377	12.0681	1793	8284	3052	3	0.0001 Colloc0 1793 38072 0.16584 211.967
600	1	5981	266688	266676	12.0247	1788	8097	3239	3	0.0001 Colloc0 1788 38062 0.184194 209.019
610	1	6079.48	265909	265897	11.9649	1769	8265	3071	3	0.0001 Colloc0 1769 38058 0.182019 204.975
620	1	6178.97	265838	265826	12.0137	1771	8521	2815	5	0.0001 Colloc0 1771 38066 0.165205 208.271
630	1	6278.33	265785	265773	12.2219	1792	8418	2918	4	0.0001 Colloc0 1792 38042 0.163366 222.537
640	1	6376.31	265998	265985	12.4101	1772	8252	3084	3	0.0001 Colloc0 1772 38050 0.140852 235.673
650	1	6476.47	265442	265429	12.1978	1769	8543	2793	4	0.0001 Colloc0 1769 38046 0.164331 220.869
660	1	6577.28	265420	265408	12.0373	1791	8573	2763	5	0.0001 Colloc0 1791 38029 0.180303 209.875
670	1	6677.48	265193	265180	12.2266	1773	8665	2671	4	0.0001 Colloc0 1773 38008 0.14146 222.862
680	1	6775.96	265572	265560	12.9334	1795	8621	2715	4	0.0001 Colloc0 1795 38026 0.136173 273.331
690	1	6874.12	265635	265623	12.068	1788	8518	2818	4	0.0001 Colloc0 1788 38020 0.184082 211.963
700	1	6974.4	265856	265844	11.9538	1786	8470	2866	6	0.0001 Colloc0 1786 38053 0.176751 204.222
710	1	7072.23	266090	266077	12.4625	1753	8389	2947	6	0.0001 Colloc0 1753 38055 0.14524 239.371
720	1	7171.97	265250	265238	11.9897	1777	8673	2663	3	0.0001 Colloc0 1777 38037 0.179838 206.645
730	1	7268.97	265481	265469	12.5066	1782	8633	2703	3	0.0001 Colloc0 1782 38000 0.158675 242.495
740	1	7368.34	265250	265238	12.0554	1777	8688	2648	4	0.0001 Colloc0 1777 38021 0.151139 211.104
750	1	7462.21	264775	264763	12.3404	1769	8813	2523	4	0.0001 Colloc0 1769 37983 0.144589 230.782
760	1	7562	265133	265121	11.8984	1774	8647	2689	6	0.0001 Colloc0 1774 38043 0.171506 200.507
770	1	7657.25	265139	265128	11.8667	1781	8598	2738	4	0.0001 Colloc0 1781 38021 0.198939 198.384
780	1	7757.37	265453	265441	12.5508	1765	8604	2732	3	0.0001 Colloc0 1765 38021 0.13127 245.644
790	1	7856.1	265540	265528	12.2355	1812	8618	2718	6	0.0001 Colloc0 1812 38036 0.168825 223.476
800	1	7956.29	265077	265064	12.2989	1773	8690	2646	3	0.0001 Colloc0 1773 37972 0.172969 227.88
810	1	8054.41	265959	265947	11.9289	1786	8423	2913	5	0.0001 Colloc0 1786 37985 0.179965 202.549
820	1	8149.04	266065	266052	12.6184	1808	8398	2938	4	0.0001 Colloc0 1808 37973 0.123057 250.473
830	1	8243.95	265656	265644	12.0429	1805	8588	2748	5	0.0001 Colloc0 1805 37983 0.164152 210.256
840	1	8344.51	265516	265504	12.1919	1759	8603	2733	4	0.0001 Colloc0 1759 37944 0.157001 220.461
850	1	8444	265209	265197	12.0268	1778	8605	2731	3	0.0001 Colloc0 1778 37921 0.169335 209.162
860	1	8543	265244	265232	12.0282	1787	8685	2651	5	0.0001 Colloc0 1787 37896 0.175391 209.255
870	1	8643.33	264887	264874	12.3253	1773	8751	2585	4	0.0001 Colloc0 1773 37914 0.155389 229.728
880	1	8743.58	265249	265236	12.6813	1811	8658	2678	4	0.0001 Colloc0 1811 37872 0.136695 254.991
890	1	8841.08	265477	265465	12.4257	1798	8658	2678	4	0.0001 Colloc0 1798 37869 0.159359 236.776
900	1	8937.57	265958	265946	12.1397	1805	8457	2879	4	0.0001 Colloc0 1805 37914 0.177786 216.868
910	1	9033.78	265694	265681	12.359	1817	8585	2751	4	0.0001 Colloc0 1817 37886 0.171651 232.085
920	1	9131.31	265102	265090	12.6823	1797	8735	2601	4	0.0001 Colloc0 1797 37873 0.131602 255.068
930	1	9229.29	265252	265240	12.053	1758	8673	2663	3	0.0001 Colloc0 1758 37898 0.174958 210.938
940	1	9322.2	265082	265070	11.7627	1801	8704	2632	4	0.0001 Colloc0 1801 37847 0.194982 191.489
950	1	9416.4	265370	265358	12.4954	1792	8605	2731	6	0.0001 Colloc0 1792 37863 0.152649 241.705
960	1	9512.7	264710	264698	11.9511	1791	8825	2511	3	0.0001 Colloc0 1791 37840 0.175833 204.043
970	1	9611.87	264671	264659	12.3348	1825	8777	2559	5	0.0001 Colloc0 1825 37807 0.157519 230.389
980	1	9710.89	264123	264110	12.6512	1767	9036	2300	5	0.0001 Colloc0 1767 37837 0.123932 252.826
990	1	9811.06	263218	263206	12.273	1779	9405	1931	5	0.0001 Colloc0 1779 37801 0.14814 226.077
1000	1	9910.4	263402	263390	12.2603	1801	9425	1911	4	0.0001 Colloc0 1801 37815 0.167517 225.197
1010	1	10010.3	263640	263628	11.987	1781	9232	2104	5	0.0001 Colloc0 1781 37798 0.166179 206.466
1020	1	10108.9	263529	263517	12.2435	1790	9295	2041	4	0.0001 Colloc0 1790 37798 0.154221 224.029
1030	1	10205	263665	263652	12.3994	1799	9258	2078	4	0.0001 Colloc0 1799 37807 0.140139 234.919
1040	1	10298.8	262859	262846	12.1152	1799	9520	1816	2	0.0001 Colloc0 1799 37785 0.169963 215.187
1050	1	10397.7	262622	262610	12.5351	1778	9553	1783	5	0.0001 Colloc0 1778 37764 0.134467 244.522
1060	1	10495.9	263160	263147	12.4876	1767	9420	1916	4	0.0001 Colloc0 1767 37809 0.129768 241.152
1070	1	10596	263128	263116	12.5499	1795	9372	1964	2	0.0001 Colloc0 1795 37776 0.145963 245.577
1080	1	10696.1	262958	262946	11.944	1785	9472	1864	4	0.0001 Colloc0 1785 37756 0.168091 203.562
1090	1	10794.9	263010	262998	12.219	1803	9470	1866	2	0.0001 Colloc0 1803 37770 0.165444 222.333
1100	1	10895.3	262547	262535	12.1392	1795	9571	1765	3	0.0001 Colloc0 1795 37735 0.171598 216.833
1110	1	10995.3	262654	262642	11.868	1786	9527	1809	2	0.0001 Colloc0 1786 37729 0.195322 198.473
