# D = 0, E = 1, I = 1, P = 1, R = -1, n = 2000, N = 1, P = 1, w = 1, a = 0.0001, b = 10000, e = 1, f = 1, g = 100, h = 0.01, r = 16643, s = 1, S = 0, x = 10, m = 100, Z = 1, z = 0, T = 1, t = 1
# 109414 tokens in 11336 sentences
#
# It	Temp	Time	-logP	-logPcorpus	-logPrior	tables	same	changed	reject	default_pya	(parent pym pyn pya pyb)*
0	1	10.4324	393358	393244	113.764	10352	0	11336	0	0.0001 Colloc0 10352 49029 0.0001 10000
10	1	149.138	316870	316855	14.659	2492	3946	7390	4	0.0001 Colloc0 2492 42700 0.112803 406.575
20	1	253.462	307512	307497	14.8453	2036	4538	6798	6	0.0001 Colloc0 2036 42189 0.0300486 421.611
30	1	353.38	303341	303328	13.5786	1911	4752	6584	1	0.0001 Colloc0 1911 42042 0.0558238 321.711
40	1	453.385	300622	300608	13.8403	1850	4953	6383	1	0.0001 Colloc0 1850 41845 0.0498948 341.872
50	1	551.623	299052	299039	13.7034	1825	5009	6327	3	0.0001 Colloc0 1825 41727 0.0435441 331.292
60	1	651.929	296437	296424	13.2581	1791	5371	5965	2	0.0001 Colloc0 1791 41504 0.067874 297.431
70	1	753.184	295691	295678	13.1713	1800	5397	5939	1	0.0001 Colloc0 1800 41444 0.0853434 290.942
80	1	854.644	292240	292227	13.0865	1808	5680	5656	3	0.0001 Colloc0 1808 41119 0.0969007 284.629
90	1	955.074	290302	290288	13.3969	1807	5919	5417	4	0.0001 Colloc0 1807 40946 0.0742005 307.893
100	1	1056.07	289121	289108	13.0382	1810	6116	5220	2	0.0001 Colloc0 1810 40803 0.08885 281.055
110	1	1157.03	287466	287453	13.4354	1806	6281	5055	6	0.0001 Colloc0 1806 40600 0.0701859 310.807
120	1	1257.23	286550	286538	12.4924	1793	6218	5118	4	0.0001 Colloc0 1793 40470 0.128128 241.492
130	1	1358.5	284819	284807	12.7264	1798	6498	4838	6	0.0001 Colloc0 1798 40438 0.105473 258.248
140	1	1458.03	282403	282390	12.9809	1783	6711	4625	2	0.0001 Colloc0 1783 40168 0.106201 276.821
150	1	1555.56	281951	281939	12.5963	1784	6705	4631	3	0.0001 Colloc0 1784 40098 0.118194 248.893
160	1	1655.8	281210	281197	12.9907	1796	6955	4381	2	0.0001 Colloc0 1796 40023 0.108451 277.546
170	1	1754.43	280976	280963	12.689	1826	6950	4386	1	0.0001 Colloc0 1826 39975 0.125269 255.546
180	1	1856.44	277944	277931	12.6324	1747	7350	3986	4	0.0001 Colloc0 1747 39777 0.107072 251.477
190	1	1955.77	277091	277078	12.9429	1775	7438	3898	6	0.0001 Colloc0 1775 39740 0.114521 274.03
200	1	2055.74	276922	276910	12.429	1787	7544	3792	5	0.0001 Colloc0 1787 39681 0.130236 237.006
210	1	2153.22	275452	275440	12.3969	1732	7874	3462	3	0.0001 Colloc0 1732 39623 0.13154 234.747
220	1	2249.17	275545	275532	12.743	1735	7724	3612	4	0.0001 Colloc0 1735 39554 0.106016 259.452
230	1	2349.38	275265	275252	13.0567	1783	7802	3534	3	0.0001 Colloc0 1783 39572 0.1117 282.42
240	1	2449.5	274747	274734	12.3513	1803	7863	3473	3	0.0001 Colloc0 1803 39509 0.166554 231.548
250	1	2549.02	275043	275031	12.7206	1768	7848	3488	1	0.0001 Colloc0 1768 39457 0.129691 257.83
260	1	2650.07	275196	275183	12.2579	1798	7746	3590	5	0.0001 Colloc0 1798 39452 0.149909 225.033
270	1	2748.2	275197	275185	12.3644	1769	7613	3723	2	0.0001 Colloc0 1769 39386 0.142201 232.463
280	1	2848.61	274808	274795	12.8385	1774	7606	3730	6	0.0001 Colloc0 1774 39325 0.126042 266.39
290	1	2948.92	274252	274239	12.6004	1760	7543	3793	3	0.0001 Colloc0 1760 39258 0.143411 249.184
300	1	3044.96	273299	273286	12.4271	1782	7626	3710	2	0.0001 Colloc0 1782 39162 0.154985 236.873
310	1	3141.61	272298	272286	12.0732	1722	7841	3495	3	0.0001 Colloc0 1722 39153 0.148091 212.316
320	1	3238.6	272405	272392	12.7566	1710	7760	3576	2	0.0001 Colloc0 1710 39134 0.10244 260.431
330	1	3336.12	272503	272491	12.1126	1712	7674	3662	3	0.0001 Colloc0 1712 39112 0.154403 215.007
340	1	3436.19	271665	271654	11.9304	1770	7797	3539	2	0.0001 Colloc0 1770 38957 0.168482 202.649
350	1	3534.97	271683	271671	12.084	1772	7827	3509	3	0.0001 Colloc0 1772 38960 0.135497 213.052
360	1	3633.68	271798	271786	12.3896	1760	7805	3531	3	0.0001 Colloc0 1760 38907 0.145586 234.234
370	1	3734.53	271482	271470	12.1186	1754	7744	3592	4	0.0001 Colloc0 1754 38877 0.171971 215.419
380	1	3832.41	271601	271588	13.0102	1781	7756	3580	1	0.0001 Colloc0 1781 38913 0.107158 278.979
390	1	3931.57	270854	270842	11.9195	1741	7899	3437	2	0.0001 Colloc0 1741 38871 0.166933 201.918
400	1	4031.32	270600	270588	12.4439	1741	7980	3356	2	0.0001 Colloc0 1741 38790 0.126227 238.059
410	1	4129.34	270105	270093	12.07	1785	7977	3359	4	0.0001 Colloc0 1785 38705 0.170883 212.098
420	1	4229.26	270079	270066	12.2781	1787	7911	3425	2	0.0001 Colloc0 1787 38602 0.146894 226.437
430	1	4329.13	269404	269391	12.7344	1730	8085	3251	2	0.0001 Colloc0 1730 38587 0.130831 258.825
440	1	4425.51	269619	269606	12.5315	1754	8029	3307	1	0.0001 Colloc0 1754 38583 0.130225 244.268
450	1	4520.09	269580	269568	12.2034	1727	7904	3432	3	0.0001 Colloc0 1727 38554 0.15047 221.252
460	1	4615.12	269490	269478	12.4783	1751	7974	3362	1	0.0001 Colloc0 1751 38495 0.122845 240.493
470	1	4709.32	269106	269094	12.2885	1758	8122	3214	3	0.0001 Colloc0 1758 38488 0.164822 227.161
480	1	4802.94	269192	269180	12.0059	1769	8142	3194	2	0.0001 Colloc0 1769 38461 0.157242 207.741
490	1	4897.86	268576	268564	12.1725	1748	8296	3040	3	0.0001 Colloc0 1748 38442 0.15194 219.123
500	1	4997.72	268309	268297	12.6489	1754	8334	3002	3	0.0001 Colloc0 1754 38409 0.124173 252.662
510	1	5097.87	268471	268459	12.2934	1758	8191	3145	5	0.0001 Colloc0 1758 38451 0.144552 227.497
520	1	5193.79	268449	268436	12.8918	1754	8142	3194	1	0.0001 Colloc0 1754 38361 0.110739 270.279
530	1	5288.49	268440	268428	12.2557	1740	8143	3193	3	0.0001 Colloc0 1740 38343 0.145942 224.879
540	1	5385.85	268652	268640	12.0392	1754	8129	3207	3	0.0001 Colloc0 1754 38375 0.154206 210.002
550	1	5486.5	268516	268503	12.4621	1746	8092	3244	3	0.0001 Colloc0 1746 38354 0.133639 239.343
560	1	5584.92	268238	268227	11.7239	1774	8172	3164	2	0.0001 Colloc0 1774 38343 0.174529 188.94
570	1	5684.56	268225	268212	12.5235	1702	8169	3167	3	0.0001 Colloc0 1702 38375 0.1207 243.701
580	1	5783.82	267906	267895	11.6337	1774	8246	3090	2	0.0001 Colloc0 1774 38297 0.201716 183.048
590	1	5883.19	267977	267965	12.2307	1765	8203	3133	3	0.0001 Colloc0 1765 38266 0.160439 223.141
600	1	5979.22	267950	267938	11.8834	1774	8257	3079	2	0.0001 Colloc0 1774 38263 0.170265 199.504
610	1	6075.6	267044	267031	12.198	1744	8505	2831	3	0.0001 Colloc0 1744 38229 0.163856 220.883
620	1	6176.43	267312	267299	12.9053	1738	8446	2890	2	0.0001 Colloc0 1738 38235 0.103433 271.268
630	1	6272.19	267435	267423	12.1322	1780	8394	2942	2	0.0001 Colloc0 1780 38179 0.1686 216.353
640	1	6371.79	267387	267374	12.4931	1736	8358	2978	2	0.0001 Colloc0 1736 38185 0.117142 241.538
650	1	6470.05	267250	267238	12.3232	1749	8416	2920	2	0.0001 Colloc0 1749 38209 0.142834 229.577
660	1	6566.61	266980	266968	12.2289	1766	8585	2751	5	0.0001 Colloc0 1766 38185 0.156331 223.019
670	1	6665.41	267541	267528	12.7252	1764	8312	3024	4	0.0001 Colloc0 1764 38164 0.133154 258.163
680	1	6762.29	266753	266741	12.4072	1756	8403	2933	3	0.0001 Colloc0 1756 38150 0.155108 235.471
690	1	6856.51	266699	266686	12.5329	1780	8495	2841	3	0.0001 Colloc0 1780 38104 0.134576 244.366
700	1	6954.21	266048	266036	12.2042	1796	8455	2881	3	0.0001 Colloc0 1796 38016 0.162165 221.311
710	1	7054.86	265711	265699	12.29	1753	8541	2795	1	0.0001 Colloc0 1753 38008 0.148529 227.261
720	1	7153.3	265876	265864	12.3854	1753	8469	2867	2	0.0001 Colloc0 1753 37986 0.131881 233.937
730	1	7251.08	266442	266429	12.212	1784	8324	3012	1	0.0001 Colloc0 1784 38004 0.153805 221.851
740	1	7348.01	265562	265550	12.2991	1752	8443	2893	2	0.0001 Colloc0 1752 37967 0.147767 227.898
750	1	7445.07	265648	265636	11.9289	1784	8498	2838	3	0.0001 Colloc0 1784 37939 0.165357 202.551
760	1	7543.72	265018	265005	12.237	1754	8575	2761	3	0.0001 Colloc0 1754 37905 0.142628 223.582
770	1	7643.11	265451	265440	11.9492	1780	8467	2869	3	0.0001 Colloc0 1780 37879 0.161842 203.913
780	1	7740.78	265448	265436	12.3971	1765	8417	2919	2	0.0001 Colloc0 1765 37904 0.15235 234.757
790	1	7840.29	265245	265233	12.2922	1761	8444	2892	2	0.0001 Colloc0 1761 37906 0.156457 227.419
800	1	7936.76	265046	265034	12.1718	1746	8443	2893	1	0.0001 Colloc0 1746 37907 0.154313 219.078
810	1	8033.99	265361	265349	12.5302	1786	8348	2988	3	0.0001 Colloc0 1786 37911 0.143214 244.177
820	1	8129.77	265752	265740	12.3424	1803	8357	2979	1	0.0001 Colloc0 1803 37889 0.16061 230.919
830	1	8229.54	266026	266013	12.4571	1758	8231	3105	1	0.0001 Colloc0 1758 37899 0.119096 238.991
840	1	8325.52	265543	265530	12.6319	1756	8356	2980	3	0.0001 Colloc0 1756 37907 0.1188 251.44
850	1	8422.6	265878	265865	12.6972	1779	8296	3040	3	0.0001 Colloc0 1779 37941 0.113704 256.14
860	1	8519.71	265091	265079	11.7937	1731	8369	2967	1	0.0001 Colloc0 1731 37862 0.189353 193.534
870	1	8618.08	265424	265412	11.8211	1767	8308	3028	2	0.0001 Colloc0 1767 37903 0.17748 195.35
880	1	8715.56	265779	265768	11.5775	1785	8198	3138	1	0.0001 Colloc0 1785 37905 0.215497 179.416
890	1	8809.86	265720	265707	12.3969	1778	8211	3125	3	0.0001 Colloc0 1778 37864 0.155561 234.748
900	1	8906.71	266214	266202	12.1372	1789	8092	3244	1	0.0001 Colloc0 1789 37915 0.187809 216.695
910	1	9006.48	265955	265943	12.3393	1741	8173	3163	3	0.0001 Colloc0 1741 37890 0.131482 230.704
920	1	9103.88	265980	265967	12.4817	1744	8102	3234	1	0.0001 Colloc0 1744 37947 0.138453 240.733
930	1	9201.74	265895	265882	12.5073	1782	8286	3050	1	0.0001 Colloc0 1782 37895 0.153116 242.549
940	1	9301.93	266180	266168	12.1248	1764	8059	3277	2	0.0001 Colloc0 1764 37907 0.172015 215.843
950	1	9401.31	265895	265882	12.4512	1776	8122	3214	3	0.0001 Colloc0 1776 37874 0.161882 238.57
960	1	9500.72	266225	266213	11.8823	1769	8125	3211	3	0.0001 Colloc0 1769 37897 0.177122 199.426
970	1	9597.87	266463	266450	12.884	1739	8041	3295	3	0.0001 Colloc0 1739 37933 0.114363 269.712
980	1	9697.15	265827	265814	12.2146	1756	8153	3183	3	0.0001 Colloc0 1756 37941 0.152982 222.03
990	1	9796.29	265599	265586	12.7491	1764	8335	3001	3	0.0001 Colloc0 1764 37858 0.130453 259.892
1000	1	9895.67	265303	265291	12.5392	1784	8527	2809	3	0.0001 Colloc0 1784 37871 0.147396 244.815
1010	1	9994.79	265967	265955	12.3283	1754	8172	3164	2	0.0001 Colloc0 1754 37867 0.138627 229.933
1020	1	10093.9	266049	266037	12.2291	1762	8175	3161	2	0.0001 Colloc0 1762 37898 0.134457 223.033
1030	1	10193	265394	265382	12.3957	1738	8216	3120	2	0.0001 Colloc0 1738 37855 0.143793 234.663
1040	1	10292.7	265485	265473	12.0907	1763	8314	3022	5	0.0001 Colloc0 1763 37891 0.167179 213.512
1050	1	10391.6	265140	265129	11.9062	1755	8377	2959	4	0.0001 Colloc0 1755 37830 0.171529 201.028
1060	1	10490.9	265630	265618	12.3619	1768	8237	3099	3	0.0001 Colloc0 1768 37835 0.135846 232.286
1070	1	10588.8	265614	265602	12.4926	1770	8175	3161	2	0.0001 Colloc0 1770 37836 0.154631 241.505
1080	1	10687.9	264875	264863	12.318	1779	8417	2919	2	0.0001 Colloc0 1779 37806 0.147419 229.212
1090	1	10787.2	264441	264429	12.4161	1760	8564	2772	3	0.0001 Colloc0 1760 37829 0.137228 236.097
1100	1	10885.6	264460	264447	12.8806	1774	8580	2756	3	0.0001 Colloc0 1774 37750 0.122707 269.461
1110	1	10982	264782	264770	12.2127	1757	8503	2833	2	0.0001 Colloc0 1757 37783 0.158298 221.9
1120	1	11079.8	264604	264591	12.2464	1756	8457	2879	3	0.0001 Colloc0 1756 37775 0.146674 224.232
1130	1	11177.2	264172	264161	11.8208	1770	8586	2750	5	0.0001 Colloc0 1770 37751 0.172802 195.331
1140	1	11271.4	264509	264497	12.4477	1779	8551	2785	2	0.0001 Colloc0 1779 37699 0.137595 238.325
1150	1	11369.2	264134	264122	11.6199	1747	8420	2916	1	0.0001 Colloc0 1747 37657 0.186647 182.157
1160	1	11466.9	264594	264582	12.0009	1752	8366	2970	1	0.0001 Colloc0 1752 37675 0.178458 207.403
1170	1	11565.4	264328	264316	12.1842	1755	8436	2900	2	0.0001 Colloc0 1755 37670 0.142047 219.933
1180	1	11664.8	264515	264503	12.5024	1795	8384	2952	2	0.0001 Colloc0 1795 37636 0.160389 242.2
1190	1	11764.4	265161	265148	12.4724	1788	8153	3183	1	0.0001 Colloc0 1788 37647 0.150773 240.077
1200	1	11864.3	264810	264798	12.0892	1758	8360	2976	2	0.0001 Colloc0 1758 37624 0.147513 213.407
1210	1	11962.5	264978	264966	12.1132	1773	8173	3163	1	0.0001 Colloc0 1773 37615 0.161705 215.049
1220	1	12060	265021	265008	12.5875	1784	8197	3139	2	0.0001 Colloc0 1784 37621 0.139143 248.266
1230	1	12156.2	264862	264849	12.2359	1808	8390	2946	1	0.0001 Colloc0 1808 37633 0.171395 223.502
1240	1	12253.8	263963	263951	12.1236	1791	8557	2779	1	0.0001 Colloc0 1791 37568 0.166603 215.764
1250	1	12353.7	264298	264285	12.6461	1785	8560	2776	3	0.0001 Colloc0 1785 37593 0.133204 252.463
1260	1	12451.9	264465	264453	12.271	1787	8520	2816	1	0.0001 Colloc0 1787 37573 0.148827 225.94
1270	1	12549	264547	264534	12.6535	1753	8430	2906	2	0.0001 Colloc0 1753 37613 0.112705 252.996
1280	1	12647.4	264584	264571	12.5782	1781	8564	2772	3	0.0001 Colloc0 1781 37566 0.123917 247.599
1290	1	12747.6	263661	263648	12.2483	1763	8806	2530	4	0.0001 Colloc0 1763 37588 0.140331 224.367
1300	1	12846.5	263645	263632	12.1778	1794	8843	2493	2	0.0001 Colloc0 1794 37565 0.162087 219.487
1310	1	12945.3	263770	263757	12.4686	1789	8764	2572	4	0.0001 Colloc0 1789 37514 0.140063 239.804
1320	1	13045.1	263354	263342	12.3575	1781	8853	2483	3	0.0001 Colloc0 1781 37503 0.140366 231.978
1330	1	13143.8	263531	263519	12.3977	1798	8873	2463	3	0.0001 Colloc0 1798 37501 0.143473 234.802
1340	1	13243.6	263406	263394	12.3933	1791	8908	2428	2	0.0001 Colloc0 1791 37474 0.150011 234.49
1350	1	13344.7	263436	263423	13.0326	1774	8947	2389	2	0.0001 Colloc0 1774 37526 0.117773 280.64
1360	1	13443.7	263163	263150	12.1912	1772	8892	2444	4	0.0001 Colloc0 1772 37515 0.154953 220.412
1370	1	13543.5	263390	263378	12.3175	1769	8859	2477	3	0.0001 Colloc0 1769 37560 0.165929 229.182
1380	1	13638.4	264032	264019	12.5322	1796	8587	2749	4	0.0001 Colloc0 1796 37538 0.144312 244.315
1390	1	13735.4	263693	263680	12.5117	1780	8664	2672	4	0.0001 Colloc0 1780 37506 0.148543 242.857
1400	1	13832.3	263853	263840	12.4936	1799	8488	2848	4	0.0001 Colloc0 1799 37481 0.150832 241.573
1410	1	13931.9	263421	263409	12.561	1792	8644	2692	2	0.0001 Colloc0 1792 37443 0.136761 246.367
1420	1	14027.5	262965	262952	12.297	1797	8797	2539	3	0.0001 Colloc0 1797 37416 0.156749 227.75
1430	1	14126.5	263057	263044	12.2858	1795	8625	2711	3	0.0001 Colloc0 1795 37411 0.154246 226.971
1440	1	14224.7	263310	263298	12.4338	1759	8413	2923	3	0.0001 Colloc0 1759 37418 0.130586 237.347
1450	1	14323.8	263215	263203	12.3752	1781	8511	2825	3	0.0001 Colloc0 1781 37421 0.145875 233.224
1460	1	14423.1	263541	263529	12.5226	1766	8375	2961	1	0.0001 Colloc0 1766 37420 0.157584 243.633
1470	1	14522.1	263354	263341	12.5962	1789	8311	3025	2	0.0001 Colloc0 1789 37369 0.14221 248.883
1480	1	14617.8	263545	263533	12.068	1794	8469	2867	2	0.0001 Colloc0 1794 37387 0.169964 211.963
1490	1	14713.6	263555	263542	12.4891	1811	8379	2957	3	0.0001 Colloc0 1811 37373 0.155695 241.257
1500	1	14811.4	263364	263351	13.0928	1765	8390	2946	2	0.0001 Colloc0 1765 37379 0.109884 285.093
1510	1	14910.7	263797	263784	12.5022	1834	8216	3120	2	0.0001 Colloc0 1834 37399 0.155035 242.189
1520	1	15008.6	263615	263602	13.0402	1801	8292	3044	2	0.0001 Colloc0 1801 37371 0.121013 281.201
1530	1	15107.7	263507	263494	12.5447	1809	8333	3003	2	0.0001 Colloc0 1809 37391 0.132587 245.211
1540	1	15204.7	263475	263462	12.2038	1799	8250	3086	2	0.0001 Colloc0 1799 37376 0.184821 221.28
1550	1	15303.4	263255	263243	12.1846	1810	8330	3006	1	0.0001 Colloc0 1810 37389 0.173728 219.956
1560	1	15401.4	263027	263014	12.3784	1780	8460	2876	4	0.0001 Colloc0 1780 37380 0.152286 233.442
1570	1	15498.5	263008	262996	12.3977	1764	8347	2989	1	0.0001 Colloc0 1764 37368 0.13752 234.802
1580	1	15597.5	263019	263007	12.0798	1787	8521	2815	1	0.0001 Colloc0 1787 37347 0.15764 212.765
1590	1	15695.5	263541	263529	12.6822	1801	8345	2991	2	0.0001 Colloc0 1801 37408 0.142351 255.055
1600	1	15794.1	263164	263152	12.1249	1764	8422	2914	2	0.0001 Colloc0 1764 37404 0.164215 215.85
1610	1	15891.8	263027	263014	13.0627	1775	8536	2800	1	0.0001 Colloc0 1775 37390 0.0996786 282.864
1620	1	15990.5	262731	262718	12.1326	1811	8790	2546	2	0.0001 Colloc0 1811 37422 0.165298 216.383
1630	1	16088.8	261914	261902	11.7957	1754	9044	2292	1	0.0001 Colloc0 1754 37410 0.172324 193.667
1640	1	16186.4	261567	261554	12.3703	1789	9260	2076	2	0.0001 Colloc0 1789 37415 0.146445 232.878
1650	1	16285.8	261788	261776	12.3508	1795	9052	2284	3	0.0001 Colloc0 1795 37386 0.166071 231.508
1660	1	16384.7	262123	262111	12.386	1791	8991	2345	3	0.0001 Colloc0 1791 37378 0.164842 233.979
1670	1	16478.7	261422	261410	12.549	1767	9231	2105	1	0.0001 Colloc0 1767 37382 0.133522 245.512
1680	1	16575.7	262036	262024	12.0278	1780	8984	2352	3	0.0001 Colloc0 1780 37404 0.167261 209.227
1690	1	16673.8	261630	261617	12.1794	1798	9166	2170	1	0.0001 Colloc0 1798 37385 0.162997 219.595
1700	1	16770.9	261475	261463	12.0098	1794	9119	2217	2	0.0001 Colloc0 1794 37359 0.185259 208.01
1710	1	16869.9	261847	261835	11.9512	1796	8989	2347	1	0.0001 Colloc0 1796 37340 0.167124 204.047
1720	1	16968.8	261437	261425	11.9481	1779	9066	2270	2	0.0001 Colloc0 1779 37300 0.172655 203.838
1730	1	17069	261258	261246	12.3899	1772	9270	2066	2	0.0001 Colloc0 1772 37332 0.139965 234.254
1740	1	17167.1	261549	261537	12.1658	1781	9084	2252	1	0.0001 Colloc0 1781 37350 0.165506 218.663
1750	1	17261.6	261806	261794	12.0925	1787	8885	2451	2	0.0001 Colloc0 1787 37324 0.162523 213.635
1760	1	17359.4	261763	261751	12.0621	1774	8820	2516	1	0.0001 Colloc0 1774 37346 0.170301 211.56
1770	1	17454.9	262121	262109	12.2955	1795	8810	2526	1	0.0001 Colloc0 1795 37348 0.157132 227.647
1780	1	17553.5	262527	262514	12.2122	1789	8654	2682	4	0.0001 Colloc0 1789 37376 0.168934 221.865
1790	1	17650.7	262027	262015	11.911	1781	8746	2590	4	0.0001 Colloc0 1781 37295 0.183854 201.349
1800	1	17749.1	261931	261919	12.2519	1796	8798	2538	3	0.0001 Colloc0 1796 37274 0.160005 224.614
1810	1	17846.8	261674	261662	12.1659	1786	8885	2451	2	0.0001 Colloc0 1786 37271 0.168406 218.668
1820	1	17947.2	261726	261714	11.8377	1796	8869	2467	2	0.0001 Colloc0 1796 37228 0.171086 196.453
1830	1	18046	261519	261507	12.1179	1762	8988	2348	3	0.0001 Colloc0 1762 37269 0.164572 215.372
1840	1	18142.5	261564	261552	12.157	1774	9055	2281	1	0.0001 Colloc0 1774 37307 0.156216 218.057
1850	1	18239.6	261457	261445	12.1322	1788	9163	2173	3	0.0001 Colloc0 1788 37286 0.166506 216.354
1860	1	18337.3	262082	262070	12.8141	1788	9042	2294	1	0.0001 Colloc0 1788 37310 0.136562 264.608
1870	1	18434.2	261622	261609	12.3104	1801	9131	2205	3	0.0001 Colloc0 1801 37260 0.143057 228.681
1880	1	18534	261483	261470	12.4714	1791	9221	2115	1	0.0001 Colloc0 1791 37323 0.152728 240.002
1890	1	18633.3	261218	261205	12.6567	1791	9274	2062	1	0.0001 Colloc0 1791 37273 0.15284 253.223
1900	1	18731.4	261405	261392	12.5864	1814	9340	1996	1	0.0001 Colloc0 1814 37243 0.142394 248.183
1910	1	18829.8	261422	261409	12.4497	1809	9160	2176	1	0.0001 Colloc0 1809 37220 0.154417 238.469
1920	1	18927.9	261036	261023	12.4889	1786	9356	1980	2	0.0001 Colloc0 1786 37260 0.144303 241.244
1930	1	19028.2	261558	261545	12.4552	1782	9121	2215	1	0.0001 Colloc0 1782 37272 0.148569 238.859
1940	1	19127.5	262019	262006	12.3516	1827	8951	2385	2	0.0001 Colloc0 1827 37239 0.147284 231.568
1950	1	19226.9	261795	261782	12.1861	1793	9005	2331	1	0.0001 Colloc0 1793 37258 0.147395 220.063
1960	1	19325.4	261626	261614	12.3812	1820	9019	2317	1	0.0001 Colloc0 1820 37228 0.158093 233.644
1970	1	19425.7	261724	261711	12.6182	1807	9050	2286	1	0.0001 Colloc0 1807 37232 0.145996 250.459
1980	1	19525.1	261857	261845	12.3127	1820	9066	2270	1	0.0001 Colloc0 1820 37231 0.150518 228.847
1990	1	19625.3	261489	261477	12.2927	1814	9101	2235	2	0.0001 Colloc0 1814 37260 0.139229 227.45
2000	1	19723.6	261093	261081	12.2754	1787	9291	2045	2	0.0001 Colloc0 1787 37227 0.158214 226.243
