# D = 0, E = 1, I = 1, P = 1, R = -1, n = 2000, N = 1, P = 1, w = 1, a = 0.0001, b = 10000, e = 1, f = 1, g = 100, h = 0.01, r = 343, s = 1, S = 0, x = 10, m = 100, Z = 1, z = 0, T = 1, t = 1
# 109414 tokens in 11336 sentences
#
# It	Temp	Time	-logP	-logPcorpus	-logPrior	tables	same	changed	reject	default_pya	(parent pym pyn pya pyb)*
0	1	10.0125	383945	383831	113.764	9652	0	11336	0	0.0001 Colloc0 9652 47778 0.0001 10000
10	1	134.021	317090	317074	15.4989	2636	4013	7323	5	0.0001 Colloc0 2636 42498 0.0831349 475.14
20	1	237.693	307468	307453	14.3642	2102	4368	6968	2	0.0001 Colloc0 2102 41981 0.0461136 383.01
30	1	333.552	303757	303742	14.7581	1910	4537	6799	5	0.0001 Colloc0 1910 41914 0.00536497 414.558
40	1	434.066	299586	299572	14.151	1827	4816	6520	3	0.0001 Colloc0 1827 41623 0.0363621 366.146
50	1	535.41	295919	295906	13.1865	1837	5069	6267	4	0.0001 Colloc0 1837 41386 0.0881904 292.07
60	1	631.599	292904	292890	13.8349	1846	5392	5944	3	0.0001 Colloc0 1846 41105 0.0663941 341.452
70	1	731.472	290614	290601	12.9985	1816	5691	5645	3	0.0001 Colloc0 1816 40865 0.0995225 278.117
80	1	834.388	289491	289478	13.462	1800	5753	5583	3	0.0001 Colloc0 1800 40854 0.0657521 312.824
90	1	937	288871	288858	12.9834	1743	5744	5592	3	0.0001 Colloc0 1743 40816 0.0842257 277.009
100	1	1038.06	288160	288147	12.9808	1767	5846	5490	2	0.0001 Colloc0 1767 40726 0.101705 276.814
110	1	1134.71	287666	287652	13.1055	1779	5939	5397	4	0.0001 Colloc0 1779 40614 0.100103 286.037
120	1	1233.82	286928	286916	12.5891	1788	5939	5397	2	0.0001 Colloc0 1788 40553 0.122477 248.379
130	1	1333.58	285008	284996	12.5951	1755	6210	5126	3	0.0001 Colloc0 1755 40477 0.125661 248.807
140	1	1433.25	284562	284549	12.4043	1761	6192	5144	3	0.0001 Colloc0 1761 40298 0.135643 235.266
150	1	1532.97	283284	283271	13.1034	1783	6337	4999	4	0.0001 Colloc0 1783 40188 0.0949886 285.887
160	1	1630.89	282248	282235	12.9183	1776	6318	5018	3	0.0001 Colloc0 1776 39993 0.0875647 272.221
170	1	1730.78	282560	282546	13.143	1810	6339	4997	3	0.0001 Colloc0 1810 40023 0.101815 288.828
180	1	1829.29	281972	281959	12.6392	1822	6442	4894	3	0.0001 Colloc0 1822 39888 0.115804 251.967
190	1	1928.96	280931	280918	12.5448	1757	6596	4740	3	0.0001 Colloc0 1757 39865 0.126299 245.216
200	1	2023.86	279577	279564	12.5508	1722	6624	4712	1	0.0001 Colloc0 1722 39674 0.115321 245.641
210	1	2123.18	278733	278720	12.7021	1771	6670	4666	3	0.0001 Colloc0 1771 39590 0.121141 256.495
220	1	2224.84	278275	278262	12.5354	1766	6881	4455	5	0.0001 Colloc0 1766 39580 0.127932 244.546
230	1	2323.65	278432	278419	13.225	1748	6855	4481	3	0.0001 Colloc0 1748 39531 0.0838449 294.95
240	1	2420.13	278130	278117	12.9913	1799	6761	4575	4	0.0001 Colloc0 1799 39451 0.0972761 277.591
250	1	2521.06	278010	277998	12.8865	1772	6744	4592	2	0.0001 Colloc0 1772 39428 0.0991341 269.891
260	1	2620.6	277439	277426	12.8233	1789	6879	4457	1	0.0001 Colloc0 1789 39363 0.106802 265.278
270	1	2722.24	277689	277677	12.7982	1793	6849	4487	1	0.0001 Colloc0 1793 39394 0.118575 263.452
280	1	2824.76	275328	275315	12.5321	1717	7164	4172	3	0.0001 Colloc0 1717 39240 0.118237 244.313
290	1	2926.72	274612	274600	12.4452	1765	7323	4013	2	0.0001 Colloc0 1765 39104 0.138612 238.147
300	1	3029.8	273697	273685	12.3861	1775	7365	3971	3	0.0001 Colloc0 1775 38986 0.153111 233.986
310	1	3125.2	273732	273719	12.6605	1770	7308	4028	2	0.0001 Colloc0 1770 38953 0.136294 253.493
320	1	3225.98	273330	273317	12.2619	1772	7402	3934	5	0.0001 Colloc0 1772 38951 0.152619 225.308
330	1	3322.73	273443	273430	12.6312	1787	7287	4049	4	0.0001 Colloc0 1787 38931 0.134009 251.391
340	1	3420.63	273106	273093	12.7257	1770	7437	3899	1	0.0001 Colloc0 1770 38911 0.118343 258.201
350	1	3517.5	272353	272341	12.3693	1791	7500	3836	2	0.0001 Colloc0 1791 38719 0.163862 232.804
360	1	3616.27	271788	271775	12.3965	1796	7474	3862	3	0.0001 Colloc0 1796 38609 0.143602 234.715
370	1	3716.03	271642	271630	11.9682	1787	7570	3766	1	0.0001 Colloc0 1787 38626 0.18136 205.194
380	1	3813.52	271306	271293	12.5621	1762	7597	3739	2	0.0001 Colloc0 1762 38624 0.12624 246.451
390	1	3911.25	270560	270548	11.9106	1762	7713	3623	2	0.0001 Colloc0 1762 38568 0.180889 201.324
400	1	4007.4	270744	270732	12.1628	1755	7659	3677	5	0.0001 Colloc0 1755 38564 0.154158 218.457
410	1	4106.27	270874	270861	12.5357	1785	7682	3654	2	0.0001 Colloc0 1785 38538 0.129049 244.567
420	1	4204.52	270748	270735	12.2739	1801	7571	3765	1	0.0001 Colloc0 1801 38468 0.150463 226.14
430	1	4303.07	270156	270143	12.4103	1753	7791	3545	2	0.0001 Colloc0 1753 38429 0.127006 235.687
440	1	4401.6	270557	270545	12.487	1790	7763	3573	3	0.0001 Colloc0 1790 38453 0.148828 241.11
450	1	4499.63	269800	269788	12.4316	1749	7892	3444	1	0.0001 Colloc0 1749 38441 0.141528 237.191
460	1	4596.29	270207	270195	12.8267	1751	7598	3738	2	0.0001 Colloc0 1751 38404 0.115256 265.526
470	1	4692.13	269916	269903	12.7298	1752	7677	3659	1	0.0001 Colloc0 1752 38408 0.117548 258.493
480	1	4787.51	268916	268904	12.054	1746	7873	3463	3	0.0001 Colloc0 1746 38336 0.162251 211.009
490	1	4884.42	268569	268557	12.1783	1743	8024	3312	3	0.0001 Colloc0 1743 38323 0.144718 219.522
500	1	4983.37	268017	268005	12.18	1764	8191	3145	3	0.0001 Colloc0 1764 38285 0.148682 219.643
510	1	5081.73	268137	268125	12.1192	1770	8192	3144	2	0.0001 Colloc0 1770 38311 0.149697 215.464
520	1	5179.95	268107	268095	12.6901	1772	8189	3147	1	0.0001 Colloc0 1772 38238 0.134543 255.627
530	1	5276.59	267623	267611	12.3883	1769	8225	3111	3	0.0001 Colloc0 1769 38250 0.152506 234.139
540	1	5376.59	267852	267840	12.045	1779	8171	3165	2	0.0001 Colloc0 1779 38205 0.154916 210.395
550	1	5475.06	267942	267930	12.5562	1772	8084	3252	4	0.0001 Colloc0 1772 38223 0.147883 246.028
560	1	5572.88	267846	267833	12.5914	1804	8204	3132	3	0.0001 Colloc0 1804 38242 0.128778 248.54
570	1	5670.1	267682	267669	12.5498	1754	8241	3095	3	0.0001 Colloc0 1754 38222 0.124693 245.575
580	1	5769.24	267679	267666	13.2512	1781	8198	3138	3	0.0001 Colloc0 1781 38188 0.104344 296.919
590	1	5868.67	267162	267149	12.9892	1751	8258	3078	2	0.0001 Colloc0 1751 38148 0.107403 277.433
600	1	5968.26	266598	266586	12.3388	1772	8431	2905	3	0.0001 Colloc0 1772 38146 0.149046 230.666
610	1	6068.73	266618	266605	12.9673	1751	8478	2858	1	0.0001 Colloc0 1751 38175 0.113657 275.821
620	1	6166.77	266699	266687	12.2009	1787	8450	2886	4	0.0001 Colloc0 1787 38121 0.170535 221.084
630	1	6260.71	267410	267397	12.3913	1782	8207	3129	2	0.0001 Colloc0 1782 38185 0.137245 234.348
640	1	6356.93	267026	267013	12.5955	1762	8263	3073	1	0.0001 Colloc0 1762 38116 0.134045 248.832
650	1	6455.03	267023	267010	12.2203	1770	8286	3050	1	0.0001 Colloc0 1770 38110 0.13255 222.426
660	1	6554.5	267201	267188	12.8948	1756	8269	3067	2	0.0001 Colloc0 1756 38113 0.111032 270.501
670	1	6654.13	267279	267267	12.2612	1744	8176	3160	2	0.0001 Colloc0 1744 38121 0.141912 225.256
680	1	6752.8	267639	267627	12.2384	1788	8166	3170	2	0.0001 Colloc0 1788 38102 0.157238 223.676
690	1	6850.99	266794	266782	12.1715	1757	8280	3056	1	0.0001 Colloc0 1757 38109 0.146829 219.056
700	1	6950.58	266598	266586	12.3584	1759	8280	3056	3	0.0001 Colloc0 1759 38059 0.1269 232.041
710	1	7049.27	266724	266712	12.5446	1782	8235	3101	1	0.0001 Colloc0 1782 38084 0.137289 245.2
720	1	7148.35	266868	266855	12.3718	1768	8416	2920	3	0.0001 Colloc0 1768 38073 0.136515 232.985
730	1	7248.49	267057	267044	12.6927	1799	8318	3018	2	0.0001 Colloc0 1799 38062 0.138234 255.814
740	1	7347.06	266670	266657	12.7368	1766	8322	3014	2	0.0001 Colloc0 1766 38029 0.128394 258.997
750	1	7447.22	267131	267118	13.0441	1751	8172	3164	4	0.0001 Colloc0 1751 38085 0.11245 281.491
760	1	7544.94	267122	267110	12.3166	1830	8238	3098	2	0.0001 Colloc0 1830 38066 0.150924 229.118
770	1	7645.46	266708	266695	12.4664	1797	8311	3025	5	0.0001 Colloc0 1797 37988 0.140565 239.646
780	1	7743.94	265668	265656	12.2547	1805	8452	2884	3	0.0001 Colloc0 1805 37875 0.153284 224.81
790	1	7843.39	265198	265186	12.1391	1782	8616	2720	3	0.0001 Colloc0 1782 37894 0.162691 216.824
800	1	7943.21	264898	264886	12.3442	1785	8690	2646	4	0.0001 Colloc0 1785 37867 0.156223 231.047
810	1	8039.03	264743	264731	12.1455	1784	8852	2484	3	0.0001 Colloc0 1784 37904 0.170045 217.265
820	1	8138.33	264944	264931	12.6353	1804	8744	2592	4	0.0001 Colloc0 1804 37875 0.13386 251.689
830	1	8235.11	264948	264935	12.1645	1798	8721	2615	3	0.0001 Colloc0 1798 37863 0.187408 218.571
840	1	8335.16	264929	264916	12.6701	1789	8743	2593	3	0.0001 Colloc0 1789 37822 0.146547 254.184
850	1	8434.08	264839	264826	12.3441	1825	8820	2516	5	0.0001 Colloc0 1825 37854 0.183131 231.038
860	1	8532.77	264694	264682	12.2921	1796	8857	2479	3	0.0001 Colloc0 1796 37869 0.150024 227.405
870	1	8630.98	264507	264494	12.444	1773	8855	2481	4	0.0001 Colloc0 1773 37850 0.128865 238.067
880	1	8727.83	264341	264329	12.1325	1811	8908	2428	3	0.0001 Colloc0 1811 37789 0.173521 216.374
890	1	8822.57	264103	264091	12.2247	1793	9008	2328	4	0.0001 Colloc0 1793 37801 0.158235 222.725
900	1	8919.56	264070	264058	12.5358	1777	9063	2273	5	0.0001 Colloc0 1777 37797 0.141037 244.572
910	1	9019.47	264312	264300	12.3338	1790	8770	2566	3	0.0001 Colloc0 1790 37764 0.143683 230.323
920	1	9119.03	264099	264087	12.2757	1815	8838	2498	3	0.0001 Colloc0 1815 37710 0.172934 226.267
930	1	9213.45	263505	263492	12.2935	1794	9036	2300	3	0.0001 Colloc0 1794 37697 0.165673 227.506
940	1	9307.81	263345	263333	12.1192	1800	9099	2237	3	0.0001 Colloc0 1800 37635 0.162602 215.463
950	1	9401.8	263388	263375	12.3731	1750	8996	2340	3	0.0001 Colloc0 1750 37644 0.13538 233.071
960	1	9499.87	263670	263658	11.9551	1781	8922	2414	3	0.0001 Colloc0 1781 37614 0.181238 204.31
970	1	9596.78	263110	263097	12.7578	1767	9262	2074	4	0.0001 Colloc0 1767 37624 0.128579 260.524
980	1	9694.14	263461	263448	12.5065	1811	9066	2270	3	0.0001 Colloc0 1811 37645 0.140821 242.491
990	1	9793.8	263897	263885	12.1832	1792	8812	2524	4	0.0001 Colloc0 1792 37608 0.151008 219.863
1000	1	9890.15	263492	263480	12.2589	1792	8834	2502	4	0.0001 Colloc0 1792 37624 0.148198 225.098
1010	1	9987.82	263347	263335	11.791	1800	8945	2391	3	0.0001 Colloc0 1800 37614 0.183676 193.355
1020	1	10086.1	263325	263313	12.0178	1802	8940	2396	3	0.0001 Colloc0 1802 37570 0.172414 208.549
1030	1	10183.5	263426	263413	12.6642	1792	8844	2492	4	0.0001 Colloc0 1792 37555 0.132334 253.765
1040	1	10283.3	263091	263078	12.6179	1772	8935	2401	3	0.0001 Colloc0 1772 37578 0.139176 250.44
1050	1	10382.7	262961	262948	12.2863	1771	8924	2412	4	0.0001 Colloc0 1771 37587 0.163559 227.005
1060	1	10477.7	263075	263062	12.4704	1765	8861	2475	3	0.0001 Colloc0 1765 37560 0.145336 239.933
1070	1	10576	263132	263120	12.4993	1787	8896	2440	3	0.0001 Colloc0 1787 37568 0.141672 241.979
1080	1	10675.4	262937	262925	12.4867	1773	8810	2526	4	0.0001 Colloc0 1773 37560 0.135112 241.086
1090	1	10775.3	262686	262674	12.1343	1770	9026	2310	3	0.0001 Colloc0 1770 37558 0.158344 216.496
1100	1	10874.7	262095	262083	12.5049	1748	8969	2367	3	0.0001 Colloc0 1748 37453 0.141538 242.38
1110	1	10974.5	262133	262120	12.8228	1734	9081	2255	3	0.0001 Colloc0 1734 37452 0.120006 265.242
1120	1	11071.8	262708	262696	12.146	1775	8896	2440	6	0.0001 Colloc0 1775 37445 0.153121 217.3
1130	1	11169.9	262635	262622	12.8428	1782	8952	2384	5	0.0001 Colloc0 1782 37432 0.115094 266.701
1140	1	11268.5	262249	262237	11.7294	1757	9037	2299	3	0.0001 Colloc0 1757 37419 0.177861 189.297
1150	1	11365.7	262405	262392	12.43	1794	8972	2364	4	0.0001 Colloc0 1794 37438 0.142314 237.079
1160	1	11463.8	262460	262448	12.0715	1756	9016	2320	5	0.0001 Colloc0 1756 37420 0.159698 212.204
1170	1	11563.6	262181	262169	12.204	1806	9167	2169	3	0.0001 Colloc0 1806 37358 0.175434 221.295
1180	1	11664.3	261701	261688	12.8055	1747	9205	2131	4	0.0001 Colloc0 1747 37356 0.119077 263.981
1190	1	11764.6	261907	261894	12.3429	1757	9189	2147	4	0.0001 Colloc0 1757 37334 0.140441 230.959
1200	1	11861	262197	262185	12.1173	1783	9090	2246	4	0.0001 Colloc0 1783 37324 0.156395 215.328
1210	1	11957.8	261942	261930	12.5128	1805	9098	2238	5	0.0001 Colloc0 1805 37293 0.134369 242.942
1220	1	12057.6	261916	261904	12.5294	1767	9135	2201	5	0.0001 Colloc0 1767 37357 0.133884 244.118
1230	1	12157.9	261973	261960	12.9592	1786	9108	2228	5	0.0001 Colloc0 1786 37321 0.123187 275.224
1240	1	12258.1	262162	262150	12.3739	1782	9088	2248	4	0.0001 Colloc0 1782 37286 0.163744 233.126
1250	1	12358.3	262372	262360	12.1472	1797	8923	2413	4	0.0001 Colloc0 1797 37277 0.161371 217.384
1260	1	12458.9	262765	262753	12.2801	1810	8857	2479	4	0.0001 Colloc0 1810 37310 0.169045 226.575
1270	1	12559.2	262564	262551	12.2546	1806	9006	2330	6	0.0001 Colloc0 1806 37266 0.170067 224.798
1280	1	12659.7	262690	262677	12.3136	1842	8964	2372	4	0.0001 Colloc0 1842 37305 0.154485 228.912
1290	1	12759.9	262565	262552	12.6732	1785	8937	2399	4	0.0001 Colloc0 1785 37320 0.130896 254.41
1300	1	12857.5	262696	262684	12.1742	1818	8835	2501	4	0.0001 Colloc0 1818 37272 0.160688 219.24
1310	1	12957	262092	262079	12.6779	1791	9059	2277	4	0.0001 Colloc0 1791 37278 0.146546 254.746
1320	1	13056.6	261535	261523	12.0343	1790	9120	2216	5	0.0001 Colloc0 1790 37267 0.177216 209.67
1330	1	13156.2	261917	261905	12.4183	1778	9132	2204	6	0.0001 Colloc0 1778 37299 0.131759 236.25
1340	1	13255.1	261700	261688	12.5457	1790	9148	2188	4	0.0001 Colloc0 1790 37290 0.157131 245.276
1350	1	13351.9	261939	261927	12.3	1794	9215	2121	6	0.0001 Colloc0 1794 37330 0.150637 227.962
1360	1	13450.7	262007	261994	12.7773	1756	9030	2306	4	0.0001 Colloc0 1756 37306 0.106867 261.934
1370	1	13550.5	261675	261663	12.1422	1767	9027	2309	5	0.0001 Colloc0 1767 37292 0.160669 217.038
1380	1	13650.4	261815	261802	12.7388	1783	8958	2378	6	0.0001 Colloc0 1783 37303 0.129924 259.146
1390	1	13744.3	261686	261674	11.9102	1789	9089	2247	4	0.0001 Colloc0 1789 37302 0.18342 201.298
1400	1	13844.5	261489	261477	12.3885	1769	9296	2040	7	0.0001 Colloc0 1769 37345 0.145443 234.157
1410	1	13944.5	261688	261676	12.1464	1779	9243	2093	3	0.0001 Colloc0 1779 37338 0.16661 217.328
1420	1	14043.4	261891	261879	11.9349	1812	9166	2170	4	0.0001 Colloc0 1812 37264 0.174105 202.955
1430	1	14143.6	262299	262287	12.3478	1784	8938	2398	4	0.0001 Colloc0 1784 37259 0.141239 231.3
1440	1	14241.1	262146	262134	12.27	1784	8874	2462	4	0.0001 Colloc0 1784 37245 0.149509 225.874
1450	1	14339.3	262165	262153	12.1764	1806	8821	2515	7	0.0001 Colloc0 1806 37240 0.169028 219.391
1460	1	14437.3	261807	261795	12.2758	1789	9081	2255	6	0.0001 Colloc0 1789 37258 0.143363 226.274
1470	1	14531.7	261598	261586	12.6205	1796	9080	2256	4	0.0001 Colloc0 1796 37212 0.128231 250.623
1480	1	14630.1	261231	261219	12.5403	1809	9323	2013	5	0.0001 Colloc0 1809 37211 0.150139 244.896
1490	1	14731	261192	261180	11.8958	1797	9258	2078	4	0.0001 Colloc0 1797 37186 0.163732 200.331
1500	1	14829.3	261263	261250	12.1207	1787	9238	2098	5	0.0001 Colloc0 1787 37206 0.178356 215.561
1510	1	14926.9	261329	261317	12.1387	1812	9171	2165	5	0.0001 Colloc0 1812 37173 0.181705 216.799
1520	1	15027	260998	260986	12.5379	1826	9449	1887	5	0.0001 Colloc0 1826 37168 0.153772 244.727
1530	1	15127.4	261122	261110	12.3566	1787	9361	1975	4	0.0001 Colloc0 1787 37179 0.141241 231.916
1540	1	15221.6	261368	261356	12.3256	1798	9200	2136	4	0.0001 Colloc0 1798 37187 0.167898 229.744
1550	1	15317.5	261623	261611	11.9994	1796	9072	2264	5	0.0001 Colloc0 1796 37194 0.191313 207.303
1560	1	15415.5	262010	261997	12.357	1814	8928	2408	5	0.0001 Colloc0 1814 37180 0.162568 231.941
1570	1	15514	261376	261364	12.629	1773	9229	2107	4	0.0001 Colloc0 1773 37197 0.136837 251.234
1580	1	15611.9	261438	261427	11.7564	1828	9244	2092	3	0.0001 Colloc0 1828 37167 0.192006 191.073
1590	1	15710.6	261415	261403	12.5986	1782	9172	2164	4	0.0001 Colloc0 1782 37223 0.138248 249.058
1600	1	15807.6	261140	261128	11.9431	1781	9297	2039	4	0.0001 Colloc0 1781 37176 0.186809 203.505
1610	1	15906.4	261141	261128	12.6048	1779	9392	1944	4	0.0001 Colloc0 1779 37209 0.134337 249.501
1620	1	16003.8	260615	260603	12.2522	1808	9568	1768	5	0.0001 Colloc0 1808 37205 0.177601 224.634
1630	1	16103	260803	260790	12.6541	1800	9501	1835	5	0.0001 Colloc0 1800 37190 0.151108 253.037
1640	1	16202	260851	260839	12.5395	1802	9490	1846	6	0.0001 Colloc0 1802 37193 0.135658 244.834
1650	1	16301.5	261355	261342	12.3411	1797	9283	2053	5	0.0001 Colloc0 1797 37182 0.15513 230.827
1660	1	16401.7	261366	261353	12.1783	1763	9148	2188	4	0.0001 Colloc0 1763 37187 0.159762 219.52
1670	1	16498.4	261787	261775	12.2583	1788	9016	2320	5	0.0001 Colloc0 1788 37166 0.165387 225.054
1680	1	16598.7	261352	261340	12.2134	1782	9124	2212	5	0.0001 Colloc0 1782 37144 0.148898 221.945
1690	1	16698.9	261307	261295	12.1968	1833	9107	2229	5	0.0001 Colloc0 1833 37132 0.158475 220.797
1700	1	16798.5	262146	262134	12.1105	1814	8917	2419	7	0.0001 Colloc0 1814 37189 0.166532 214.864
1710	1	16895.1	262068	262056	12.4255	1800	8817	2519	4	0.0001 Colloc0 1800 37137 0.160014 236.762
1720	1	16993.3	261788	261776	12.4614	1801	8954	2382	3	0.0001 Colloc0 1801 37152 0.146218 239.296
1730	1	17093.2	261869	261857	12.0889	1800	8879	2457	4	0.0001 Colloc0 1800 37141 0.177572 213.389
1740	1	17192.1	262408	262396	12.5951	1835	8715	2621	4	0.0001 Colloc0 1835 37171 0.132607 248.804
1750	1	17291.4	262120	262108	12.1093	1801	8704	2632	7	0.0001 Colloc0 1801 37177 0.171444 214.786
1760	1	17391.9	261970	261958	11.9873	1851	8832	2504	6	0.0001 Colloc0 1851 37127 0.187093 206.487
1770	1	17491.4	261589	261577	11.9821	1796	8979	2357	3	0.0001 Colloc0 1796 37088 0.1717 206.13
1780	1	17589.4	261835	261822	12.4721	1789	8859	2477	3	0.0001 Colloc0 1789 37147 0.157886 240.051
1790	1	17687.3	261998	261986	12.5934	1814	8991	2345	3	0.0001 Colloc0 1814 37154 0.132726 248.682
1800	1	17783.7	261531	261519	12.7886	1803	8986	2350	3	0.0001 Colloc0 1803 37123 0.138654 262.756
1810	1	17880.9	261356	261343	12.2221	1819	9119	2217	5	0.0001 Colloc0 1819 37115 0.165206 222.547
1820	1	17976.4	261188	261176	12.1749	1782	9139	2197	4	0.0001 Colloc0 1782 37142 0.162249 219.29
1830	1	18075.9	261124	261112	12.0237	1782	9310	2026	4	0.0001 Colloc0 1782 37166 0.180917 208.952
1840	1	18171.5	260852	260840	11.9258	1802	9384	1952	3	0.0001 Colloc0 1802 37139 0.186464 202.343
1850	1	18267	260216	260204	11.99	1794	9621	1715	4	0.0001 Colloc0 1794 37101 0.160971 206.664
1860	1	18366.6	260134	260122	12.7123	1774	9585	1751	4	0.0001 Colloc0 1774 37137 0.127147 257.228
1870	1	18466.2	260726	260714	12.0123	1794	9452	1884	3	0.0001 Colloc0 1794 37098 0.175685 208.175
1880	1	18562.6	260866	260854	12.1878	1792	9435	1901	4	0.0001 Colloc0 1792 37134 0.175416 220.18
1890	1	18659.2	260804	260791	12.1719	1816	9391	1945	4	0.0001 Colloc0 1816 37144 0.172186 219.08
1900	1	18757.6	260627	260614	12.462	1798	9509	1827	5	0.0001 Colloc0 1798 37122 0.149859 239.337
1910	1	18857.3	260669	260656	12.8375	1763	9452	1884	4	0.0001 Colloc0 1763 37143 0.12216 266.314
1920	1	18956.3	260331	260319	12.2282	1799	9471	1865	4	0.0001 Colloc0 1799 37128 0.162382 222.97
1930	1	19056.8	260380	260368	12.2047	1792	9404	1932	5	0.0001 Colloc0 1792 37088 0.165041 221.344
1940	1	19155	260715	260702	12.7484	1799	9292	2044	4	0.0001 Colloc0 1799 37118 0.136165 259.84
1950	1	19254.5	261046	261033	12.3878	1793	9151	2185	4	0.0001 Colloc0 1793 37097 0.155206 234.102
1960	1	19351.9	261397	261385	12.6448	1796	8945	2391	6	0.0001 Colloc0 1796 37094 0.152965 252.367
1970	1	19448.6	261832	261819	12.3764	1834	8911	2425	4	0.0001 Colloc0 1834 37092 0.142797 233.303
1980	1	19547.4	261634	261621	12.9523	1799	8879	2457	4	0.0001 Colloc0 1799 37091 0.115467 274.72
1990	1	19642.6	261620	261607	12.6268	1806	8800	2536	7	0.0001 Colloc0 1806 37017 0.132889 251.076
2000	1	19741.8	261065	261053	12.4711	1770	8872	2464	5	0.0001 Colloc0 1770 37025 0.149088 239.982
