# D = 0, E = 1, I = 1, P = 1, R = -1, n = 2000, N = 1, P = 1, w = 1, a = 0.0001, b = 10000, e = 1, f = 1, g = 100, h = 0.01, r = 2552, s = 1, S = 0, x = 10, m = 100, Z = 1, z = 0, T = 1, t = 1
# 109414 tokens in 11336 sentences
#
# It	Temp	Time	-logP	-logPcorpus	-logPrior	tables	same	changed	reject	default_pya	(parent pym pyn pya pyb)*
0	1	11.3323	422380	422267	113.764	11464	0	11336	0	0.0001 Colloc0 11464 52330 0.0001 10000
10	1	156.002	330162	330148	14.2655	2706	3504	7832	6	0.0001 Colloc0 2706 44543 0.150693 375.183
20	1	257.963	320196	320180	15.2083	2130	3721	7615	10	0.0001 Colloc0 2130 43973 0.0201934 451.196
30	1	360.12	312892	312878	14.3381	1930	4223	7113	4	0.0001 Colloc0 1930 43457 0.0376637 380.934
40	1	458.905	305080	305066	13.8535	1878	4577	6759	2	0.0001 Colloc0 1878 42750 0.0562693 342.889
50	1	562.003	301635	301622	13.2335	1825	4950	6386	5	0.0001 Colloc0 1825 42553 0.0723606 295.591
60	1	662.186	299438	299425	13.2716	1803	5306	6030	3	0.0001 Colloc0 1803 42383 0.0709903 298.447
70	1	761.02	297903	297890	13.0247	1787	5369	5967	2	0.0001 Colloc0 1787 42216 0.0856035 280.052
80	1	857.672	295312	295299	12.5328	1802	5725	5611	2	0.0001 Colloc0 1802 42057 0.11584 244.36
90	1	957.839	293247	293234	12.5387	1763	5933	5403	4	0.0001 Colloc0 1763 41897 0.11429 244.784
100	1	1053.99	291781	291768	13.0653	1792	6173	5163	3	0.0001 Colloc0 1792 41717 0.078869 283.059
110	1	1154.08	288271	288258	12.4414	1753	6304	5032	3	0.0001 Colloc0 1753 41199 0.118683 237.883
120	1	1253.84	286963	286950	12.9282	1742	6371	4965	5	0.0001 Colloc0 1742 41035 0.0929877 272.946
130	1	1354.24	285502	285490	12.4128	1777	6722	4614	5	0.0001 Colloc0 1777 40908 0.134155 235.864
140	1	1455.5	283443	283431	12.2228	1740	6818	4518	3	0.0001 Colloc0 1740 40751 0.136178 222.598
150	1	1554.28	282397	282384	12.8825	1757	7024	4312	5	0.0001 Colloc0 1757 40619 0.105369 269.596
160	1	1651.08	281418	281405	12.5776	1760	7188	4148	3	0.0001 Colloc0 1760 40515 0.11738 247.553
170	1	1748.42	281728	281716	12.5912	1797	7072	4264	3	0.0001 Colloc0 1797 40447 0.138861 248.526
180	1	1848.07	281938	281925	12.8649	1782	6941	4395	2	0.0001 Colloc0 1782 40422 0.0893119 268.314
190	1	1947.65	281339	281326	13.0586	1776	7076	4260	5	0.0001 Colloc0 1776 40318 0.097423 282.561
200	1	2044.91	280433	280420	13.1545	1769	7283	4053	3	0.0001 Colloc0 1769 40246 0.0878319 289.688
210	1	2140.99	279795	279782	12.7757	1738	7354	3982	2	0.0001 Colloc0 1738 40230 0.107839 261.822
220	1	2241.97	279611	279599	12.6772	1763	7462	3874	4	0.0001 Colloc0 1763 40196 0.114813 254.701
230	1	2342.3	278898	278885	12.2237	1779	7708	3628	4	0.0001 Colloc0 1779 40127 0.142141 222.658
240	1	2443.97	278604	278591	12.5744	1796	7692	3644	4	0.0001 Colloc0 1796 40028 0.129913 247.324
250	1	2545.65	277677	277665	12.1166	1777	7908	3428	3	0.0001 Colloc0 1777 40019 0.14229 215.285
260	1	2645.69	277747	277735	12.5319	1781	7972	3364	4	0.0001 Colloc0 1781 40000 0.116645 244.299
270	1	2747	277436	277423	13.0226	1788	7872	3464	4	0.0001 Colloc0 1788 39940 0.0959312 279.898
280	1	2848.02	277371	277359	12.2225	1772	7964	3372	4	0.0001 Colloc0 1772 39931 0.15181 222.577
290	1	2947.44	276918	276906	12.4431	1760	8108	3228	3	0.0001 Colloc0 1760 39915 0.131337 237.999
300	1	3044.11	276437	276425	12.0102	1779	8125	3211	3	0.0001 Colloc0 1779 39871 0.189217 208.036
310	1	3141.02	276353	276340	12.6468	1762	8185	3151	4	0.0001 Colloc0 1762 39849 0.125316 252.513
320	1	3240.98	276258	276245	12.5766	1779	8254	3082	4	0.0001 Colloc0 1779 39783 0.135714 247.487
330	1	3337.34	275871	275859	11.7279	1799	8230	3106	3	0.0001 Colloc0 1799 39719 0.185121 189.198
340	1	3439.08	275145	275133	12.4496	1768	8353	2983	2	0.0001 Colloc0 1768 39672 0.135595 238.461
350	1	3539.88	274871	274859	12.3307	1799	8380	2956	3	0.0001 Colloc0 1799 39633 0.151831 230.106
360	1	3639.26	274425	274412	12.6749	1789	8443	2893	5	0.0001 Colloc0 1789 39544 0.131411 254.531
370	1	3737.57	273905	273893	12.4809	1763	8514	2822	2	0.0001 Colloc0 1763 39575 0.134677 240.674
380	1	3837.47	273673	273660	12.2333	1778	8581	2755	4	0.0001 Colloc0 1778 39471 0.146996 223.323
390	1	3937.14	273662	273650	12.2342	1776	8723	2613	3	0.0001 Colloc0 1776 39505 0.136894 223.383
400	1	4037.47	273357	273345	12.1233	1802	8742	2594	5	0.0001 Colloc0 1802 39455 0.169866 215.74
410	1	4132.32	272284	272271	12.4103	1783	8921	2415	2	0.0001 Colloc0 1783 39380 0.155912 235.691
420	1	4230.82	271724	271711	12.2459	1790	9057	2279	5	0.0001 Colloc0 1790 39364 0.16729 224.195
430	1	4329.14	271851	271838	12.0301	1798	8995	2341	4	0.0001 Colloc0 1798 39301 0.170133 209.383
440	1	4428.51	271731	271719	12.4858	1798	9014	2322	6	0.0001 Colloc0 1798 39272 0.157177 241.024
450	1	4529.53	271791	271779	11.8151	1803	9058	2278	2	0.0001 Colloc0 1803 39270 0.180284 194.955
460	1	4626.85	272018	272006	12.5978	1774	8858	2478	2	0.0001 Colloc0 1774 39228 0.131153 249.001
470	1	4725.2	271533	271521	12.3411	1767	8843	2493	4	0.0001 Colloc0 1767 39154 0.147711 230.832
480	1	4824.58	270787	270775	11.9673	1780	8908	2428	1	0.0001 Colloc0 1780 39151 0.163832 205.136
490	1	4924.53	270879	270867	12.4269	1802	8846	2490	2	0.0001 Colloc0 1802 39104 0.147863 236.859
500	1	5024.29	270652	270640	12.3198	1761	8887	2449	1	0.0001 Colloc0 1761 39140 0.149761 229.343
510	1	5122.78	270313	270301	11.8892	1793	8988	2348	2	0.0001 Colloc0 1793 39088 0.18672 199.891
520	1	5223.51	270131	270120	11.6867	1805	8977	2359	2	0.0001 Colloc0 1805 39109 0.197684 186.499
530	1	5324.47	268979	268967	12.1302	1752	9122	2214	3	0.0001 Colloc0 1752 39071 0.147703 216.216
540	1	5422.05	268923	268910	12.2597	1756	9134	2202	3	0.0001 Colloc0 1756 39067 0.148604 225.154
550	1	5519.73	269032	269020	11.928	1731	9112	2224	1	0.0001 Colloc0 1731 39083 0.172932 202.492
560	1	5620.89	269077	269065	11.8057	1771	9167	2169	4	0.0001 Colloc0 1771 39027 0.172904 194.333
570	1	5721.23	269389	269377	12.2116	1794	9052	2284	1	0.0001 Colloc0 1794 39059 0.166242 221.824
580	1	5822.04	269232	269220	12.0385	1775	9057	2279	2	0.0001 Colloc0 1775 39023 0.152566 209.956
590	1	5919.66	268881	268869	12.2998	1783	9148	2188	1	0.0001 Colloc0 1783 39035 0.162947 227.946
600	1	6018.52	268753	268741	12.176	1743	9227	2109	1	0.0001 Colloc0 1743 39040 0.150293 219.362
610	1	6118.32	268574	268562	12.2752	1758	9213	2123	1	0.0001 Colloc0 1758 38956 0.166202 226.233
620	1	6216.83	268296	268284	11.8725	1756	9351	1985	4	0.0001 Colloc0 1756 38970 0.178671 198.771
630	1	6312.75	267953	267941	12.1272	1789	9499	1837	1	0.0001 Colloc0 1789 38910 0.167426 216.012
640	1	6409.24	267805	267793	12.5628	1761	9472	1864	4	0.0001 Colloc0 1761 38901 0.139666 246.498
650	1	6505.11	267907	267895	11.8988	1765	9389	1947	4	0.0001 Colloc0 1765 38908 0.172968 200.534
660	1	6604.82	268307	268295	12.3299	1777	9297	2039	2	0.0001 Colloc0 1777 38914 0.157367 230.044
670	1	6704.14	268434	268422	12.1096	1772	9260	2076	2	0.0001 Colloc0 1772 38877 0.16137 214.805
680	1	6803.86	266713	266701	12.3847	1756	9351	1985	2	0.0001 Colloc0 1756 38728 0.150506 233.886
690	1	6902.99	266109	266098	11.6549	1766	9387	1949	1	0.0001 Colloc0 1766 38675 0.206181 184.427
700	1	7002.72	266224	266212	12.2049	1777	9395	1941	1	0.0001 Colloc0 1777 38670 0.161356 221.36
710	1	7102.53	265964	265951	12.3189	1725	9543	1793	3	0.0001 Colloc0 1725 38724 0.132783 229.275
720	1	7197.51	266398	266386	11.8336	1759	9414	1922	3	0.0001 Colloc0 1759 38713 0.178372 196.182
730	1	7297	265962	265950	11.7147	1762	9492	1844	1	0.0001 Colloc0 1762 38619 0.190059 188.335
740	1	7397.26	265945	265933	11.9323	1759	9405	1931	4	0.0001 Colloc0 1759 38677 0.17238 202.78
750	1	7497.4	265988	265976	12.1121	1757	9420	1916	1	0.0001 Colloc0 1757 38626 0.159696 214.973
760	1	7594.88	266224	266211	12.297	1760	9212	2124	1	0.0001 Colloc0 1760 38654 0.161994 227.747
770	1	7692.3	266262	266250	11.972	1779	9314	2022	3	0.0001 Colloc0 1779 38619 0.16966 205.454
780	1	7792.34	265618	265607	11.7766	1752	9382	1954	1	0.0001 Colloc0 1752 38604 0.18522 192.406
790	1	7890.87	266512	266500	12.2192	1759	9188	2148	3	0.0001 Colloc0 1759 38585 0.158788 222.344
800	1	7988.13	266172	266160	12.0485	1750	9309	2027	4	0.0001 Colloc0 1750 38577 0.158812 210.634
810	1	8086.05	266160	266147	12.0486	1764	9226	2110	1	0.0001 Colloc0 1764 38594 0.167426 210.639
820	1	8182.51	266325	266313	12.207	1756	9235	2101	2	0.0001 Colloc0 1756 38584 0.14788 221.506
830	1	8280.16	266366	266354	12.2273	1776	9238	2098	1	0.0001 Colloc0 1776 38568 0.164306 222.911
840	1	8376.73	266839	266827	11.8685	1789	9091	2245	2	0.0001 Colloc0 1789 38593 0.187954 198.507
850	1	8476.98	266679	266667	12.2659	1762	9183	2153	2	0.0001 Colloc0 1762 38589 0.154923 225.588
860	1	8575.41	266615	266603	11.9571	1786	9056	2280	1	0.0001 Colloc0 1786 38609 0.180786 204.446
870	1	8673.22	266503	266492	11.7894	1812	9145	2191	2	0.0001 Colloc0 1812 38583 0.188641 193.252
880	1	8773.41	266304	266291	12.7085	1774	9109	2227	2	0.0001 Colloc0 1774 38548 0.109326 256.956
890	1	8871.85	266461	266449	12.3258	1785	9104	2232	1	0.0001 Colloc0 1785 38580 0.1419 229.763
900	1	8969.83	265932	265920	11.9982	1759	9134	2202	1	0.0001 Colloc0 1759 38582 0.179067 207.223
910	1	9068.94	265372	265360	12.2691	1765	9343	1993	3	0.0001 Colloc0 1765 38511 0.141814 225.81
920	1	9176.2	265372	265359	12.0397	1719	9349	1987	1	0.0001 Colloc0 1719 38458 0.160511 210.033
930	1	9272.57	265480	265468	12.0844	1745	9381	1955	2	0.0001 Colloc0 1745 38510 0.151209 213.084
940	1	9370.34	265411	265399	12.3506	1798	9285	2051	2	0.0001 Colloc0 1798 38449 0.16652 231.496
950	1	9464.82	265325	265313	12.3778	1777	9205	2131	1	0.0001 Colloc0 1777 38451 0.143777 233.4
960	1	9561.37	265573	265562	11.7889	1795	9114	2222	1	0.0001 Colloc0 1795 38408 0.198516 193.218
970	1	9660.14	265386	265374	12.304	1775	9183	2153	4	0.0001 Colloc0 1775 38363 0.162775 228.241
980	1	9759.67	265171	265159	11.954	1775	9215	2121	1	0.0001 Colloc0 1775 38358 0.190332 204.24
990	1	9857.7	264752	264740	12.1427	1768	9264	2072	2	0.0001 Colloc0 1768 38337 0.15067 217.073
1000	1	9955.26	265076	265064	12.5086	1748	9074	2262	1	0.0001 Colloc0 1748 38354 0.136565 242.642
1010	1	10053.5	265225	265213	12.2871	1759	8978	2358	1	0.0001 Colloc0 1759 38381 0.162216 227.063
1020	1	10151.8	265089	265077	11.9305	1784	8977	2359	2	0.0001 Colloc0 1784 38359 0.163276 202.656
1030	1	10251.2	265400	265388	12.1453	1797	8936	2400	3	0.0001 Colloc0 1797 38310 0.162044 217.251
1040	1	10349.7	265078	265066	12.1044	1790	9093	2243	3	0.0001 Colloc0 1790 38329 0.182542 214.446
1050	1	10448.9	264404	264391	12.3483	1769	9186	2150	1	0.0001 Colloc0 1769 38212 0.154893 231.334
1060	1	10549.5	264732	264720	12.228	1792	9168	2168	2	0.0001 Colloc0 1792 38229 0.170902 222.956
1070	1	10648.6	264930	264918	12.0549	1800	9086	2250	3	0.0001 Colloc0 1800 38180 0.167952 211.068
1080	1	10748.2	264475	264463	12.1858	1755	9143	2193	1	0.0001 Colloc0 1755 38197 0.161111 220.038
1090	1	10847.3	264469	264458	11.7352	1820	9317	2019	2	0.0001 Colloc0 1820 38193 0.202738 189.677
1100	1	10945.5	264394	264382	11.8487	1781	9199	2137	1	0.0001 Colloc0 1781 38182 0.185733 197.187
1110	1	11043.6	264151	264139	12.0656	1777	9216	2120	2	0.0001 Colloc0 1777 38180 0.161587 211.801
1120	1	11143.8	264049	264036	12.5383	1777	9255	2081	1	0.0001 Colloc0 1777 38151 0.154051 244.756
1130	1	11240.8	263597	263584	12.1186	1778	9406	1930	1	0.0001 Colloc0 1778 38151 0.167925 215.423
1140	1	11340.4	263856	263843	12.0836	1755	9354	1982	1	0.0001 Colloc0 1755 38144 0.153036 213.025
1150	1	11439	263737	263725	12.4059	1751	9331	2005	1	0.0001 Colloc0 1751 38154 0.130958 235.38
1160	1	11535.4	263616	263605	11.7358	1756	9399	1937	2	0.0001 Colloc0 1756 38135 0.195861 189.715
1170	1	11634.1	263896	263883	12.7532	1788	9267	2069	3	0.0001 Colloc0 1788 38119 0.13193 260.189
1180	1	11733.2	264163	264151	12.2126	1748	9177	2159	1	0.0001 Colloc0 1748 38161 0.142688 221.89
1190	1	11832.4	263851	263839	12.0848	1787	9280	2056	3	0.0001 Colloc0 1787 38110 0.176582 213.11
1200	1	11927.7	263770	263758	12.1361	1771	9337	1999	4	0.0001 Colloc0 1771 38087 0.179574 216.621
1210	1	12023.4	263939	263927	12.2546	1783	9298	2038	1	0.0001 Colloc0 1783 38082 0.172667 224.797
1220	1	12122.4	263341	263330	11.8769	1780	9333	2003	3	0.0001 Colloc0 1780 38000 0.177565 199.069
1230	1	12221.5	263116	263104	12.663	1769	9400	1936	2	0.0001 Colloc0 1769 38036 0.136616 253.677
1240	1	12317.3	263424	263412	11.8623	1781	9393	1943	1	0.0001 Colloc0 1781 38019 0.180102 198.093
1250	1	12422.1	263600	263588	11.9894	1767	9273	2063	2	0.0001 Colloc0 1767 38053 0.169962 206.625
1260	1	12520	263482	263470	11.6741	1772	9313	2023	2	0.0001 Colloc0 1772 38033 0.197972 185.679
1270	1	12615	264053	264040	12.5102	1792	9192	2144	1	0.0001 Colloc0 1792 38021 0.129557 242.755
1280	1	12709.4	264295	264282	12.5176	1783	9097	2239	2	0.0001 Colloc0 1783 38009 0.145231 243.277
1290	1	12807.2	263289	263277	12.0076	1788	9400	1936	4	0.0001 Colloc0 1788 37917 0.170855 207.858
1300	1	12903.4	263223	263211	12.295	1754	9434	1902	4	0.0001 Colloc0 1754 37919 0.140401 227.613
1310	1	13003.5	263176	263164	12.0917	1790	9431	1905	2	0.0001 Colloc0 1790 37859 0.166248 213.579
1320	1	13102	262624	262612	12.0511	1756	9537	1799	1	0.0001 Colloc0 1756 37839 0.138302 210.809
1330	1	13201.6	262550	262537	12.0884	1790	9631	1705	2	0.0001 Colloc0 1790 37855 0.165019 213.357
1340	1	13300.1	262230	262218	11.9562	1747	9665	1671	2	0.0001 Colloc0 1747 37848 0.163889 204.388
1350	1	13399.5	262353	262341	12.6378	1781	9650	1686	3	0.0001 Colloc0 1781 37805 0.141091 251.863
1360	1	13497.5	261853	261841	12.1643	1766	9763	1573	1	0.0001 Colloc0 1766 37864 0.160281 218.556
1370	1	13596.7	262317	262305	11.863	1763	9653	1683	4	0.0001 Colloc0 1763 37853 0.182211 198.137
1380	1	13696.3	262685	262673	11.9109	1781	9452	1884	2	0.0001 Colloc0 1781 37835 0.171933 201.341
1390	1	13794	263058	263046	12.1436	1788	9232	2104	1	0.0001 Colloc0 1788 37820 0.165421 217.134
1400	1	13891.5	262805	262793	11.8481	1759	9334	2002	4	0.0001 Colloc0 1759 37837 0.173228 197.144
1410	1	13988.8	263427	263415	11.9412	1787	9211	2125	1	0.0001 Colloc0 1787 37859 0.183974 203.377
1420	1	14087.1	263199	263187	12.2625	1771	9212	2124	0	0.0001 Colloc0 1771 37826 0.166212 225.346
1430	1	14185.7	263103	263091	12.421	1765	9210	2126	1	0.0001 Colloc0 1765 37809 0.155484 236.439
1440	1	14281.5	263020	263008	11.8903	1778	9147	2189	0	0.0001 Colloc0 1778 37807 0.187699 199.961
1450	1	14379.9	263527	263515	12.023	1765	8873	2463	1	0.0001 Colloc0 1765 37826 0.180463 208.899
1460	1	14479.6	263656	263643	12.2871	1783	8836	2500	1	0.0001 Colloc0 1783 37831 0.168759 227.059
1470	1	14577.2	263511	263499	12.1661	1779	8903	2433	0	0.0001 Colloc0 1779 37793 0.157516 218.68
1480	1	14676.7	263242	263230	12.0552	1774	9004	2332	1	0.0001 Colloc0 1774 37743 0.170483 211.093
1490	1	14775.5	263295	263283	11.8462	1777	8972	2364	0	0.0001 Colloc0 1777 37767 0.186327 197.023
1500	1	14870.6	262886	262873	12.1689	1773	9107	2229	2	0.0001 Colloc0 1773 37748 0.171878 218.876
1510	1	14966.6	262730	262718	11.7641	1782	9283	2053	0	0.0001 Colloc0 1782 37705 0.179433 191.582
1520	1	15066.9	262444	262432	12.1305	1800	9385	1951	0	0.0001 Colloc0 1800 37692 0.163465 216.237
1530	1	15167.1	262969	262957	12.1033	1791	9337	1999	4	0.0001 Colloc0 1791 37741 0.173711 214.373
1540	1	15266.4	262980	262968	11.8621	1812	9234	2102	1	0.0001 Colloc0 1812 37743 0.188865 198.08
1550	1	15365.6	262549	262537	12.0113	1757	9279	2057	2	0.0001 Colloc0 1757 37718 0.16683 208.112
1560	1	15465.9	262997	262986	11.8569	1792	9150	2186	1	0.0001 Colloc0 1792 37664 0.184697 197.733
1570	1	15566.4	263446	263434	12.1738	1756	8897	2439	0	0.0001 Colloc0 1756 37744 0.166837 219.211
1580	1	15665.1	263373	263361	12.1525	1775	8831	2505	0	0.0001 Colloc0 1775 37740 0.167609 217.748
1590	1	15765.1	263481	263469	11.9787	1788	8862	2474	2	0.0001 Colloc0 1788 37738 0.17691 205.9
1600	1	15865.1	263728	263716	12.3766	1807	8770	2566	0	0.0001 Colloc0 1807 37677 0.141333 233.316
1610	1	15962.8	263314	263302	12.2093	1819	8787	2549	1	0.0001 Colloc0 1819 37658 0.175705 221.66
1620	1	16057.7	263111	263099	12.2219	1803	8927	2409	0	0.0001 Colloc0 1803 37635 0.164339 222.533
1630	1	16153.3	262721	262709	12.0081	1786	9068	2268	6	0.0001 Colloc0 1786 37662 0.156316 207.89
1640	1	16250.9	262495	262482	12.4809	1788	9127	2209	2	0.0001 Colloc0 1788 37685 0.147529 240.674
1650	1	16346.7	262545	262532	12.1222	1765	9106	2230	0	0.0001 Colloc0 1765 37653 0.162317 215.668
1660	1	16446.6	262508	262496	11.8502	1805	9037	2299	1	0.0001 Colloc0 1805 37654 0.190147 197.287
1670	1	16546.6	262275	262263	12.5712	1775	9181	2155	1	0.0001 Colloc0 1775 37636 0.145109 247.098
1680	1	16646.3	262658	262646	12.2119	1811	9104	2232	2	0.0001 Colloc0 1811 37616 0.162825 221.843
1690	1	16745.6	262925	262914	11.9813	1811	9018	2318	1	0.0001 Colloc0 1811 37611 0.196753 206.078
1700	1	16846	262757	262745	11.6707	1801	9097	2239	1	0.0001 Colloc0 1801 37643 0.192301 185.454
1710	1	16944.5	262718	262706	12.1172	1811	9083	2253	2	0.0001 Colloc0 1811 37607 0.172332 215.324
1720	1	17042.9	262575	262562	12.2809	1779	9131	2205	1	0.0001 Colloc0 1779 37584 0.15692 226.629
1730	1	17141.6	262570	262558	11.9431	1802	9228	2108	2	0.0001 Colloc0 1802 37610 0.164062 203.505
1740	1	17238	262535	262522	12.3482	1776	9200	2136	4	0.0001 Colloc0 1776 37582 0.144312 231.324
1750	1	17337.7	262761	262749	12.1619	1789	9034	2302	2	0.0001 Colloc0 1789 37632 0.168642 218.39
1760	1	17437.3	262589	262577	12.1335	1798	9183	2153	1	0.0001 Colloc0 1798 37615 0.158299 216.445
1770	1	17537.2	262360	262348	12.0851	1776	9194	2142	0	0.0001 Colloc0 1776 37585 0.172409 213.13
1780	1	17631.7	262493	262481	12.4073	1813	9227	2109	0	0.0001 Colloc0 1813 37629 0.15988 235.475
1790	1	17726.1	262403	262391	12.0266	1777	9218	2118	1	0.0001 Colloc0 1777 37624 0.158049 209.147
1800	1	17825.4	262811	262798	12.5255	1815	9246	2090	3	0.0001 Colloc0 1815 37635 0.156063 243.838
1810	1	17924.1	262459	262447	12.0177	1778	9347	1989	1	0.0001 Colloc0 1778 37630 0.169162 208.544
1820	1	18018.4	262514	262502	11.8044	1781	9181	2155	1	0.0001 Colloc0 1781 37615 0.167377 194.241
1830	1	18117.6	262024	262012	11.7562	1800	9373	1963	2	0.0001 Colloc0 1800 37565 0.179478 191.059
1840	1	18216.2	262078	262066	12.1345	1799	9464	1872	1	0.0001 Colloc0 1799 37585 0.182846 216.514
1850	1	18316.5	262096	262084	12.4274	1832	9418	1918	2	0.0001 Colloc0 1832 37539 0.160478 236.895
1860	1	18416.6	261843	261832	11.669	1822	9506	1830	2	0.0001 Colloc0 1822 37588 0.204228 185.346
1870	1	18517	262084	262072	12.1314	1781	9343	1993	2	0.0001 Colloc0 1781 37567 0.183518 216.298
1880	1	18616.3	261733	261722	11.5165	1802	9461	1875	2	0.0001 Colloc0 1802 37604 0.20663 175.502
1890	1	18716.1	261553	261541	12.0412	1781	9586	1750	0	0.0001 Colloc0 1781 37591 0.170201 210.139
1900	1	18817.3	262388	262376	12.3619	1830	9274	2062	1	0.0001 Colloc0 1830 37592 0.159642 232.284
1910	1	18917.2	262029	262017	12.3175	1784	9370	1966	5	0.0001 Colloc0 1784 37594 0.151546 229.183
1920	1	19014.4	261657	261645	11.6562	1784	9476	1860	0	0.0001 Colloc0 1784 37583 0.18914 184.514
1930	1	19113.8	261718	261706	12.5233	1792	9497	1839	0	0.0001 Colloc0 1792 37570 0.143931 243.686
1940	1	19212.7	261764	261752	12.1633	1771	9565	1771	2	0.0001 Colloc0 1771 37602 0.153588 218.491
1950	1	19311.8	261885	261873	11.9604	1782	9576	1760	3	0.0001 Colloc0 1782 37579 0.167303 204.669
1960	1	19410.4	261721	261709	11.8633	1821	9625	1711	2	0.0001 Colloc0 1821 37572 0.184813 198.159
1970	1	19510.5	261545	261533	11.5966	1805	9645	1691	0	0.0001 Colloc0 1805 37507 0.203021 180.651
1980	1	19609.2	261793	261781	12.5486	1769	9497	1839	0	0.0001 Colloc0 1769 37519 0.127421 245.489
1990	1	19707.9	261603	261591	11.8051	1802	9559	1777	0	0.0001 Colloc0 1802 37520 0.17841 194.288
2000	1	19805.9	261490	261477	12.8145	1775	9644	1692	1	0.0001 Colloc0 1775 37532 0.121892 264.642
