# D = 0, E = 1, I = 1, P = 1, R = -1, n = 2000, N = 1, P = 1, w = 1, a = 0.0001, b = 10000, e = 1, f = 1, g = 100, h = 0.01, r = 18986, s = 1, S = 0, x = 10, m = 100, Z = 1, z = 0, T = 1, t = 1
# 109414 tokens in 11336 sentences
#
# It	Temp	Time	-logP	-logPcorpus	-logPrior	tables	same	changed	reject	default_pya	(parent pym pyn pya pyb)*
0	1	10.5034	404683	404570	113.764	10644	0	11336	0	0.0001 Colloc0 10644 50354 0.0001 10000
10	1	155.595	323536	323522	14.9486	2648	3419	7917	5	0.0001 Colloc0 2648 43623 0.107214 429.995
20	1	260.409	312918	312903	14.7284	2059	3893	7443	7	0.0001 Colloc0 2059 43014 0.0236723 412.169
30	1	360.725	307161	307147	14.6553	1912	4356	6980	6	0.0001 Colloc0 1912 42737 0.0102503 406.278
40	1	460.93	302263	302248	14.6497	1826	4775	6561	5	0.0001 Colloc0 1826 42534 0.00570543 405.829
50	1	560.489	299049	299035	14.1334	1845	5187	6149	4	0.0001 Colloc0 1845 42207 0.0274803 364.764
60	1	658.641	296614	296601	13.3921	1791	5375	5961	7	0.0001 Colloc0 1791 42038 0.0895198 307.53
70	1	756.874	294484	294471	12.7887	1749	5542	5794	5	0.0001 Colloc0 1749 41871 0.0992808 262.761
80	1	854.872	292439	292426	13.0792	1759	5721	5615	7	0.0001 Colloc0 1759 41670 0.0898675 284.087
90	1	950.774	291677	291664	13.2738	1706	5863	5473	3	0.0001 Colloc0 1706 41636 0.0488047 298.61
100	1	1051.69	290701	290688	12.9108	1759	5854	5482	5	0.0001 Colloc0 1759 41526 0.110093 271.674
110	1	1153.16	288710	288697	12.9684	1753	6067	5269	4	0.0001 Colloc0 1753 41411 0.0850458 275.899
120	1	1250.25	289083	289070	12.9684	1772	6002	5334	6	0.0001 Colloc0 1772 41309 0.0917841 275.903
130	1	1350.02	287896	287883	13.3541	1778	6157	5179	4	0.0001 Colloc0 1778 41214 0.075403 304.658
140	1	1446.43	286944	286931	12.8239	1802	6301	5035	4	0.0001 Colloc0 1802 41098 0.105762 265.321
150	1	1541.97	285537	285523	13.3905	1762	6564	4772	5	0.0001 Colloc0 1762 40996 0.0779312 307.411
160	1	1642.56	285695	285682	13.1995	1786	6522	4814	4	0.0001 Colloc0 1786 40972 0.11104 293.044
170	1	1737.04	285576	285563	12.9778	1755	6502	4834	3	0.0001 Colloc0 1755 41010 0.0983194 276.593
180	1	1839.09	284165	284152	12.5396	1776	6679	4657	4	0.0001 Colloc0 1776 40812 0.128717 244.844
190	1	1939.04	282896	282883	12.577	1766	6668	4668	6	0.0001 Colloc0 1766 40607 0.125676 247.516
200	1	2037.74	281420	281407	12.6508	1767	6806	4530	2	0.0001 Colloc0 1767 40385 0.127467 252.799
210	1	2134.7	281514	281502	12.6533	1754	6783	4553	3	0.0001 Colloc0 1754 40318 0.119225 252.98
220	1	2233.57	279904	279891	12.3041	1777	7045	4291	3	0.0001 Colloc0 1777 40273 0.142351 228.245
230	1	2332.43	279613	279601	12.305	1749	7089	4247	5	0.0001 Colloc0 1749 40231 0.14628 228.305
240	1	2432.86	279486	279474	12.2752	1785	6989	4347	3	0.0001 Colloc0 1785 40121 0.139264 226.233
250	1	2533.56	278899	278887	12.2385	1764	7017	4319	4	0.0001 Colloc0 1764 40005 0.141923 223.687
260	1	2634.46	277600	277587	12.7942	1760	7132	4204	3	0.0001 Colloc0 1760 39904 0.116998 263.163
270	1	2734.97	275850	275838	12.4259	1739	7447	3889	3	0.0001 Colloc0 1739 39769 0.128427 236.785
280	1	2834.94	276031	276019	12.3578	1734	7390	3946	2	0.0001 Colloc0 1734 39771 0.136621 232.001
290	1	2932.33	275593	275580	12.7783	1748	7506	3830	5	0.0001 Colloc0 1748 39698 0.110955 262.004
300	1	3033.07	274753	274741	12.3447	1720	7696	3640	5	0.0001 Colloc0 1720 39722 0.134499 231.082
310	1	3133.35	274358	274346	12.0565	1765	7815	3521	4	0.0001 Colloc0 1765 39657 0.173898 211.179
320	1	3230.27	273490	273478	11.8354	1736	7816	3520	5	0.0001 Colloc0 1736 39511 0.173242 196.302
330	1	3330.13	272939	272927	12.526	1759	7931	3405	4	0.0001 Colloc0 1759 39364 0.133727 243.877
340	1	3428.16	271976	271964	11.743	1755	8057	3279	6	0.0001 Colloc0 1755 39285 0.164474 190.189
350	1	3522.7	271770	271758	11.7757	1754	7980	3356	5	0.0001 Colloc0 1754 39238 0.185802 192.344
360	1	3619.71	271537	271525	11.8544	1757	8072	3264	6	0.0001 Colloc0 1757 39154 0.182102 197.567
370	1	3716.38	270530	270517	12.4047	1742	8358	2978	6	0.0001 Colloc0 1742 39128 0.139712 235.291
380	1	3812.97	269487	269475	12.1219	1696	8675	2661	4	0.0001 Colloc0 1696 39132 0.138983 215.648
390	1	3910.97	269976	269963	12.3371	1711	8501	2835	5	0.0001 Colloc0 1711 39150 0.127094 230.552
400	1	4007.28	269271	269258	12.1932	1713	8692	2644	3	0.0001 Colloc0 1713 39117 0.148965 220.554
410	1	4108.05	269436	269423	12.1725	1749	8689	2647	6	0.0001 Colloc0 1749 39073 0.162919 219.121
420	1	4201.87	269202	269190	12.0849	1757	8793	2543	3	0.0001 Colloc0 1757 39064 0.148412 213.112
430	1	4302.24	269005	268993	11.6974	1768	8794	2542	6	0.0001 Colloc0 1768 39039 0.185574 187.2
440	1	4402.3	268823	268812	11.832	1760	8821	2515	4	0.0001 Colloc0 1760 39036 0.16902 196.074
450	1	4500.96	268481	268469	12.0221	1735	8900	2436	4	0.0001 Colloc0 1735 39060 0.151352 208.844
460	1	4599.21	268930	268918	12.0464	1762	8678	2658	5	0.0001 Colloc0 1762 39018 0.15364 210.494
470	1	4693.1	268947	268935	12.008	1783	8706	2630	3	0.0001 Colloc0 1783 38971 0.170621 207.882
480	1	4788.96	267902	267890	12.2918	1756	8986	2350	6	0.0001 Colloc0 1756 38945 0.143194 227.388
490	1	4885.56	268614	268601	12.408	1773	8808	2528	5	0.0001 Colloc0 1773 38976 0.145011 235.524
500	1	4982.3	268140	268128	11.7465	1729	8786	2550	7	0.0001 Colloc0 1729 38929 0.175519 190.422
510	1	5081.9	268444	268432	11.9978	1774	8745	2591	5	0.0001 Colloc0 1774 38891 0.182122 207.197
520	1	5181.58	268629	268617	12.2014	1778	8672	2664	3	0.0001 Colloc0 1778 38847 0.162887 221.117
530	1	5276.14	268415	268403	11.9259	1758	8698	2638	6	0.0001 Colloc0 1758 38834 0.164297 202.347
540	1	5377.11	267513	267501	12.2033	1780	8886	2450	4	0.0001 Colloc0 1780 38735 0.146557 221.246
550	1	5476.83	267563	267550	12.3212	1767	8825	2511	6	0.0001 Colloc0 1767 38688 0.144791 229.436
560	1	5576.75	267257	267245	12.4937	1752	8906	2430	4	0.0001 Colloc0 1752 38729 0.12983 241.584
570	1	5677.46	266908	266896	12.4503	1726	8871	2465	4	0.0001 Colloc0 1726 38616 0.124559 238.51
580	1	5773.64	267566	267554	12.2034	1756	8588	2748	3	0.0001 Colloc0 1756 38595 0.150239 221.254
590	1	5870.11	266916	266904	11.9085	1750	8686	2650	7	0.0001 Colloc0 1750 38506 0.175258 201.18
600	1	5970.11	267249	267237	11.6903	1783	8506	2830	6	0.0001 Colloc0 1783 38489 0.20921 186.74
610	1	6064.39	267477	267464	12.6714	1755	8508	2828	5	0.0001 Colloc0 1755 38547 0.128173 254.284
620	1	6160.44	266734	266722	12.2706	1755	8764	2572	5	0.0001 Colloc0 1755 38518 0.145785 225.911
630	1	6261.23	265963	265951	12.2702	1758	8939	2397	4	0.0001 Colloc0 1758 38479 0.162434 225.885
640	1	6360.14	265953	265940	12.239	1771	9049	2287	6	0.0001 Colloc0 1771 38473 0.161605 223.72
650	1	6458.42	265861	265849	12.0407	1727	9114	2222	5	0.0001 Colloc0 1727 38515 0.157862 210.101
660	1	6555.84	265792	265780	12.4955	1736	9012	2324	4	0.0001 Colloc0 1736 38455 0.140572 241.713
670	1	6654.38	265696	265683	12.5593	1719	9095	2241	5	0.0001 Colloc0 1719 38461 0.121024 246.252
680	1	6752.83	265111	265098	12.4081	1743	9217	2119	6	0.0001 Colloc0 1743 38436 0.143852 235.533
690	1	6849.36	265150	265137	12.8716	1740	9201	2135	7	0.0001 Colloc0 1740 38431 0.121243 268.8
700	1	6948.19	265069	265057	12.4509	1729	9299	2037	6	0.0001 Colloc0 1729 38451 0.12815 238.553
710	1	7043.5	264854	264842	12.038	1739	9406	1930	5	0.0001 Colloc0 1739 38428 0.155573 209.921
720	1	7142.08	264510	264498	12.0452	1756	9451	1885	8	0.0001 Colloc0 1756 38410 0.165609 210.409
730	1	7241.98	265047	265035	11.9247	1795	9329	2007	6	0.0001 Colloc0 1795 38418 0.181989 202.267
740	1	7336.7	264112	264100	12.0172	1748	9474	1862	5	0.0001 Colloc0 1748 38357 0.166572 208.51
750	1	7434.75	264544	264532	11.9216	1773	9423	1913	4	0.0001 Colloc0 1773 38394 0.190316 202.062
760	1	7532.66	264792	264780	12.4567	1720	9277	2059	7	0.0001 Colloc0 1720 38438 0.117713 238.964
770	1	7632.57	264026	264014	12.0537	1751	9451	1885	6	0.0001 Colloc0 1751 38328 0.17633 210.991
780	1	7732.49	264750	264738	12.0807	1792	9234	2102	8	0.0001 Colloc0 1792 38359 0.159403 212.828
790	1	7832.98	264855	264842	12.6134	1770	9231	2105	6	0.0001 Colloc0 1770 38358 0.141671 250.117
800	1	7932.8	264671	264659	11.9912	1773	9175	2161	5	0.0001 Colloc0 1773 38328 0.163653 206.746
810	1	8033.27	264456	264444	11.9177	1773	9246	2090	4	0.0001 Colloc0 1773 38329 0.187369 201.797
820	1	8132.3	264888	264876	12.0926	1741	9126	2210	6	0.0001 Colloc0 1741 38337 0.165396 213.639
830	1	8231.62	264862	264850	12.2284	1739	9129	2207	4	0.0001 Colloc0 1739 38345 0.143907 222.986
840	1	8330.76	264593	264581	12.2012	1747	9250	2086	5	0.0001 Colloc0 1747 38333 0.153658 221.099
850	1	8429.93	264916	264904	11.9508	1792	9220	2116	6	0.0001 Colloc0 1792 38339 0.171507 204.023
860	1	8526.83	264406	264394	12.3177	1750	9192	2144	8	0.0001 Colloc0 1750 38321 0.151186 229.194
870	1	8625.34	264253	264241	12.0178	1771	9281	2055	4	0.0001 Colloc0 1771 38308 0.175027 208.548
880	1	8725.57	263708	263696	11.9562	1710	9483	1853	5	0.0001 Colloc0 1710 38214 0.172703 204.388
890	1	8822.52	264041	264029	12.1374	1758	9298	2038	5	0.0001 Colloc0 1758 38232 0.15306 216.707
900	1	8921.36	264092	264081	11.779	1770	9359	1977	5	0.0001 Colloc0 1770 38234 0.178545 192.566
910	1	9016.48	263941	263929	11.9248	1736	9434	1902	4	0.0001 Colloc0 1736 38261 0.151685 202.271
920	1	9116.7	264147	264135	12.2566	1781	9395	1941	4	0.0001 Colloc0 1781 38250 0.162085 224.939
930	1	9217.59	263378	263366	11.6296	1787	9525	1811	5	0.0001 Colloc0 1787 38243 0.213568 182.786
940	1	9318.76	263650	263638	12.1438	1769	9519	1817	5	0.0001 Colloc0 1769 38238 0.169672 217.146
950	1	9418.93	263329	263317	11.9528	1759	9489	1847	4	0.0001 Colloc0 1759 38191 0.163599 204.16
960	1	9518.56	263471	263458	12.3181	1740	9516	1820	4	0.0001 Colloc0 1740 38220 0.152468 229.222
970	1	9615.29	263306	263294	11.9427	1765	9468	1868	6	0.0001 Colloc0 1765 38173 0.182811 203.474
980	1	9715.77	263329	263317	11.8462	1739	9476	1860	6	0.0001 Colloc0 1739 38176 0.169889 197.019
990	1	9815.11	263886	263874	12.1535	1770	9395	1941	4	0.0001 Colloc0 1770 38219 0.174301 217.813
1000	1	9914.62	263689	263676	12.1579	1755	9389	1947	5	0.0001 Colloc0 1755 38228 0.171722 218.121
1010	1	10014.8	263585	263573	12.1435	1786	9405	1931	6	0.0001 Colloc0 1786 38181 0.163745 217.126
1020	1	10113.8	263397	263385	11.908	1777	9521	1815	6	0.0001 Colloc0 1777 38198 0.183617 201.146
1030	1	10211.7	263674	263662	12.2355	1776	9384	1952	4	0.0001 Colloc0 1776 38169 0.167437 223.477
1040	1	10311.5	263322	263311	11.6356	1769	9489	1847	4	0.0001 Colloc0 1769 38118 0.205546 183.174
1050	1	10410.5	262981	262969	12.0991	1759	9635	1701	4	0.0001 Colloc0 1759 38169 0.168261 214.082
1060	1	10511.1	263599	263587	11.8941	1788	9512	1824	5	0.0001 Colloc0 1788 38190 0.199871 200.217
1070	1	10604.4	263475	263463	12.0286	1757	9345	1991	6	0.0001 Colloc0 1757 38181 0.181884 209.28
1080	1	10698.6	263129	263117	12.2051	1739	9508	1828	5	0.0001 Colloc0 1739 38162 0.162082 221.372
1090	1	10796.7	263611	263599	12.2335	1757	9322	2014	4	0.0001 Colloc0 1757 38143 0.173298 223.336
1100	1	10898	263770	263757	12.197	1757	9302	2034	3	0.0001 Colloc0 1757 38149 0.168481 220.816
1110	1	10993.9	263774	263762	12.0092	1767	9243	2093	5	0.0001 Colloc0 1767 38183 0.158229 207.968
