# D = 0, E = 1, I = 1, P = 1, R = -1, n = 2000, N = 1, P = 1, w = 1, a = 0.0001, b = 10000, e = 1, f = 1, g = 100, h = 0.01, r = 30147, s = 1, S = 0, x = 10, m = 100, Z = 1, z = 0, T = 1, t = 1
# 131381 tokens in 11336 sentences
#
# It	Temp	Time	-logP	-logPcorpus	-logPrior	tables	same	changed	reject	default_pya	(parent pym pyn pya pyb)*
0	1	17.7373	561431	561317	113.764	14944	0	11336	0	0.0001 Colloc0 14944 69486 0.0001 10000
10	1	241.796	416826	416810	15.4938	4099	2548	8788	9	0.0001 Colloc0 4099 55352 0.22181 474.715
20	1	404.685	398800	398783	16.2066	2678	3044	8292	7	0.0001 Colloc0 2678 54020 0.0424654 534.294
30	1	559.075	387318	387303	15.1293	2526	3421	7915	10	0.0001 Colloc0 2526 53011 0.0675235 444.73
40	1	706.953	381405	381390	15.0946	2358	3856	7480	7	0.0001 Colloc0 2358 52775 0.0432925 441.888
50	1	845.944	376024	376010	14.0032	2227	4047	7289	8	0.0001 Colloc0 2227 52317 0.0756636 354.553
60	1	985.924	371398	371383	14.2851	2227	4297	7039	5	0.0001 Colloc0 2227 51790 0.0735489 376.736
70	1	1132.28	369103	369089	14.4316	2226	4602	6734	7	0.0001 Colloc0 2226 51591 0.0790798 388.373
80	1	1281.29	365187	365174	13.7363	2193	4776	6560	7	0.0001 Colloc0 2193 51140 0.0984124 333.825
90	1	1419.96	363734	363721	13.4539	2194	4996	6340	8	0.0001 Colloc0 2194 51000 0.110351 312.215
100	1	1567.8	357627	357614	13.3643	2232	5307	6029	8	0.0001 Colloc0 2232 50189 0.115914 305.429
110	1	1715.54	356257	356244	12.9836	2222	5353	5983	10	0.0001 Colloc0 2222 49979 0.153986 277.023
120	1	1860.23	355093	355080	13.1819	2199	5547	5789	8	0.0001 Colloc0 2199 49899 0.130105 291.73
130	1	2005.05	353493	353480	13.15	2277	5671	5665	5	0.0001 Colloc0 2277 49657 0.148209 289.348
140	1	2151.3	353489	353475	13.4251	2251	5727	5609	6	0.0001 Colloc0 2251 49550 0.138893 310.027
150	1	2299.27	352110	352098	12.6778	2253	5853	5483	5	0.0001 Colloc0 2253 49463 0.171709 254.743
160	1	2443.4	350114	350101	13.113	2204	6047	5289	10	0.0001 Colloc0 2204 49354 0.16045 286.6
170	1	2589.94	350495	350482	13.2133	2199	6161	5175	7	0.0001 Colloc0 2199 49370 0.120853 294.074
180	1	2736.09	349598	349585	12.6807	2247	6323	5013	5	0.0001 Colloc0 2247 49201 0.167364 254.95
190	1	2884.09	348657	348644	12.7125	2247	6408	4928	8	0.0001 Colloc0 2247 49105 0.171745 257.244
200	1	3027.26	348361	348347	13.3338	2227	6385	4951	5	0.0001 Colloc0 2227 49067 0.137999 303.128
210	1	3167.23	345735	345722	12.9849	2265	6550	4786	8	0.0001 Colloc0 2265 48659 0.165419 277.115
220	1	3311.83	344530	344517	13.1394	2241	6760	4576	8	0.0001 Colloc0 2241 48598 0.158864 288.562
230	1	3448.87	342424	342411	13.1505	2274	6788	4548	6	0.0001 Colloc0 2274 48147 0.15278 289.389
240	1	3585.18	342325	342312	12.9121	2257	6720	4616	6	0.0001 Colloc0 2257 48071 0.158868 271.77
250	1	3721.49	343137	343124	13.3609	2268	6557	4779	6	0.0001 Colloc0 2268 48063 0.155679 305.172
260	1	3859.6	343649	343636	13.1608	2249	6496	4840	6	0.0001 Colloc0 2249 48088 0.150789 290.158
270	1	4003.6	342601	342587	13.7179	2225	6587	4749	8	0.0001 Colloc0 2225 47926 0.121527 332.408
280	1	4147.57	342601	342588	13.2344	2274	6616	4720	5	0.0001 Colloc0 2274 47893 0.165738 295.659
290	1	4293.15	341081	341068	13.1546	2306	6685	4651	10	0.0001 Colloc0 2306 47615 0.158771 289.694
300	1	4430.82	340184	340171	12.9489	2306	6857	4479	7	0.0001 Colloc0 2306 47558 0.162538 274.469
310	1	4566.71	338828	338814	13.3879	2281	7028	4308	6	0.0001 Colloc0 2281 47482 0.146625 307.214
320	1	4706.07	338867	338853	13.4788	2263	6998	4338	9	0.0001 Colloc0 2263 47498 0.145432 314.108
330	1	4843.6	339079	339066	13.1811	2266	6979	4357	6	0.0001 Colloc0 2266 47461 0.153457 291.667
340	1	4985.75	337992	337978	13.3332	2253	7029	4307	5	0.0001 Colloc0 2253 47335 0.153917 303.078
350	1	5128.28	337930	337918	12.7871	2272	7038	4298	7	0.0001 Colloc0 2272 47256 0.173646 262.648
360	1	5267.77	337577	337564	12.8733	2286	7046	4290	5	0.0001 Colloc0 2286 47214 0.166238 268.926
370	1	5411.97	337463	337450	13.4662	2242	6977	4359	6	0.0001 Colloc0 2242 47176 0.136871 313.15
380	1	5556.54	336703	336690	13.2707	2263	7107	4229	5	0.0001 Colloc0 2263 47043 0.170479 298.381
390	1	5700.43	336751	336738	12.8157	2313	7203	4133	6	0.0001 Colloc0 2313 46931 0.171253 264.724
400	1	5842.22	336216	336202	13.6775	2345	7072	4264	9	0.0001 Colloc0 2345 46782 0.126949 329.3
410	1	5983.44	335810	335797	13.2455	2313	7176	4160	8	0.0001 Colloc0 2313 46749 0.160418 296.492
420	1	6125.66	334947	334934	13.0584	2301	7242	4094	6	0.0001 Colloc0 2301 46700 0.175432 282.544
430	1	6262.54	334238	334225	13.1312	2327	7366	3970	8	0.0001 Colloc0 2327 46661 0.15918 287.948
440	1	6396.33	334318	334305	13.1667	2334	7457	3879	6	0.0001 Colloc0 2334 46615 0.158595 290.593
450	1	6543.27	332957	332944	12.9662	2288	7570	3766	9	0.0001 Colloc0 2288 46519 0.167537 275.743
460	1	6688.92	332948	332935	13.1553	2306	7603	3733	5	0.0001 Colloc0 2306 46516 0.166034 289.743
470	1	6835.33	333212	333198	13.4129	2313	7636	3700	5	0.0001 Colloc0 2313 46502 0.155631 309.104
480	1	6979.91	332406	332392	13.8912	2270	7726	3610	8	0.0001 Colloc0 2270 46456 0.131191 345.818
490	1	7120.25	330041	330028	12.8689	2339	7828	3508	8	0.0001 Colloc0 2339 46018 0.191084 268.609
500	1	7256.47	329898	329884	13.2194	2301	7802	3534	8	0.0001 Colloc0 2301 45975 0.155018 294.536
510	1	7399.78	328880	328867	12.799	2306	7976	3360	6	0.0001 Colloc0 2306 45806 0.18356 263.514
520	1	7542.87	327929	327916	13.3372	2258	8045	3291	7	0.0001 Colloc0 2258 45731 0.145889 303.383
530	1	7685.45	327913	327900	13.3732	2280	8069	3267	5	0.0001 Colloc0 2280 45714 0.139112 306.102
540	1	7827.33	327229	327216	13.3056	2307	8134	3202	7	0.0001 Colloc0 2307 45665 0.174608 301.002
550	1	7972.01	326830	326817	12.9185	2281	8166	3170	10	0.0001 Colloc0 2281 45686 0.17866 272.237
560	1	8110.15	327461	327448	13.1718	2303	8067	3269	7	0.0001 Colloc0 2303 45611 0.181088 290.977
570	1	8247.07	327424	327410	13.2399	2310	7953	3383	8	0.0001 Colloc0 2310 45579 0.160838 296.066
580	1	8390.55	327042	327029	12.9101	2279	7979	3357	7	0.0001 Colloc0 2279 45455 0.167128 271.619
590	1	8533.41	326410	326397	12.8638	2267	8065	3271	8	0.0001 Colloc0 2267 45435 0.174776 268.233
600	1	8676.32	326565	326552	13.0724	2284	8096	3240	6	0.0001 Colloc0 2284 45499 0.160333 283.586
610	1	8820.44	327182	327168	13.7161	2340	8001	3335	8	0.0001 Colloc0 2340 45455 0.142043 332.271
620	1	8957.78	326749	326736	12.7754	2349	8137	3199	7	0.0001 Colloc0 2349 45383 0.179695 261.798
630	1	9101.84	326440	326427	13.0319	2385	8108	3228	7	0.0001 Colloc0 2385 45325 0.174504 280.587
640	1	9242.46	326632	326619	13.1242	2357	8162	3174	7	0.0001 Colloc0 2357 45368 0.165934 287.427
650	1	9381.13	326995	326982	13.1182	2368	8076	3260	8	0.0001 Colloc0 2368 45359 0.181476 286.986
660	1	9525.05	326520	326507	12.8245	2334	8064	3272	9	0.0001 Colloc0 2334 45336 0.178272 265.369
670	1	9669.25	326623	326609	13.18	2323	8015	3321	7	0.0001 Colloc0 2323 45310 0.167192 291.587
680	1	9811.74	326413	326400	13.4766	2336	8140	3196	7	0.0001 Colloc0 2336 45279 0.146089 313.938
690	1	9958.33	326262	326249	13.0422	2334	8130	3206	8	0.0001 Colloc0 2334 45252 0.173793 281.348
700	1	10102.8	325856	325842	13.3814	2331	8101	3235	7	0.0001 Colloc0 2331 45209 0.160636 306.718
710	1	10245.9	325318	325305	12.9915	2303	8276	3060	8	0.0001 Colloc0 2303 45236 0.178001 277.607
720	1	10387.5	326048	326035	12.9965	2393	8158	3178	8	0.0001 Colloc0 2393 45188 0.194216 277.971
730	1	10529.8	325906	325892	13.7591	2344	8146	3190	7	0.0001 Colloc0 2344 45186 0.147823 335.582
740	1	10671.9	326304	326291	12.8332	2340	8118	3218	5	0.0001 Colloc0 2340 45251 0.190508 265.999
750	1	10816.7	325930	325916	13.5225	2341	8265	3071	7	0.0001 Colloc0 2341 45216 0.154466 317.43
760	1	10953.2	326212	326199	13.1488	2337	8166	3170	9	0.0001 Colloc0 2337 45217 0.170463 289.258
770	1	11090.8	326164	326151	13.0243	2383	8146	3190	6	0.0001 Colloc0 2383 45169 0.183491 280.023
780	1	11234.3	325339	325326	13.0186	2306	8193	3143	6	0.0001 Colloc0 2306 45181 0.176691 279.6
790	1	11378	325645	325632	12.9918	2330	8179	3157	9	0.0001 Colloc0 2330 45152 0.181702 277.624
800	1	11513.8	325408	325394	13.6338	2367	8255	3081	8	0.0001 Colloc0 2367 45100 0.152341 325.945
810	1	11647.4	325510	325497	12.8956	2377	8273	3063	9	0.0001 Colloc0 2377 45181 0.191183 270.558
820	1	11785.4	324960	324946	13.3065	2330	8299	3037	9	0.0001 Colloc0 2330 45141 0.172986 301.067
830	1	11922.6	324806	324793	12.927	2317	8349	2987	9	0.0001 Colloc0 2317 45187 0.183379 272.861
840	1	12066.4	325399	325386	13.26	2340	8253	3083	6	0.0001 Colloc0 2340 45172 0.175927 297.574
850	1	12206.1	325583	325570	12.5847	2349	8196	3140	9	0.0001 Colloc0 2349 45127 0.211193 248.06
860	1	12350.4	325413	325400	13.3469	2309	8203	3133	8	0.0001 Colloc0 2309 45072 0.156284 304.117
870	1	12482.3	324763	324750	12.8436	2338	8377	2959	6	0.0001 Colloc0 2338 45089 0.179835 266.759
880	1	12616.1	324509	324496	12.5696	2365	8428	2908	5	0.0001 Colloc0 2365 45081 0.204789 246.982
890	1	12749.7	324764	324751	12.5749	2362	8378	2958	7	0.0001 Colloc0 2362 45010 0.193068 247.365
900	1	12882.8	324134	324121	13.3131	2291	8353	2983	6	0.0001 Colloc0 2291 44977 0.161706 301.57
910	1	13018.6	324494	324481	13.233	2328	8412	2924	7	0.0001 Colloc0 2328 44999 0.152475 295.554
920	1	13162.1	324530	324517	13.1366	2328	8382	2954	8	0.0001 Colloc0 2328 44952 0.173203 288.353
930	1	13302.2	324332	324319	12.9544	2358	8372	2964	8	0.0001 Colloc0 2358 44955 0.186663 274.873
940	1	13443.5	325468	325455	12.8651	2338	8145	3191	7	0.0001 Colloc0 2338 44973 0.190888 268.33
950	1	13587.8	324748	324734	13.2537	2345	8142	3194	9	0.0001 Colloc0 2345 44896 0.169604 297.104
960	1	13720.5	324305	324292	13.0466	2307	8270	3066	8	0.0001 Colloc0 2307 44986 0.187189 281.672
970	1	13859.5	322802	322789	13.3655	2302	8478	2858	10	0.0001 Colloc0 2302 44772 0.156277 305.521
980	1	13998.6	322952	322939	13.6733	2314	8424	2912	6	0.0001 Colloc0 2314 44754 0.156332 328.973
990	1	14137.8	323277	323263	13.5064	2312	8329	3007	8	0.0001 Colloc0 2312 44739 0.155391 316.208
1000	1	14281.6	323299	323286	12.7486	2322	8305	3031	6	0.0001 Colloc0 2322 44741 0.203845 259.852
1010	1	14427	323379	323366	13.3544	2310	8320	3016	7	0.0001 Colloc0 2310 44644 0.162092 304.682
1020	1	14573.4	322866	322852	13.7414	2357	8414	2922	9	0.0001 Colloc0 2357 44548 0.154608 334.217
1030	1	14714.9	323635	323622	13.1853	2362	8155	3181	7	0.0001 Colloc0 2362 44606 0.158061 291.981
1040	1	14858.7	323080	323066	13.5958	2324	8251	3085	7	0.0001 Colloc0 2324 44560 0.159624 323.031
1050	1	15003.8	322964	322951	13.3933	2336	8206	3130	7	0.0001 Colloc0 2336 44516 0.167718 307.619
1060	1	15146.8	323694	323681	13.1315	2337	8049	3287	7	0.0001 Colloc0 2337 44554 0.158771 287.97
1070	1	15288.9	323906	323892	13.2823	2313	7952	3384	9	0.0001 Colloc0 2313 44573 0.160804 299.252
1080	1	15423.7	323509	323496	13.4721	2353	8066	3270	6	0.0001 Colloc0 2353 44475 0.148774 313.593
1090	1	15558.8	323075	323062	13.0414	2362	8173	3163	9	0.0001 Colloc0 2362 44436 0.179393 281.288
1100	1	15703.1	322536	322522	13.3944	2325	8283	3053	7	0.0001 Colloc0 2325 44450 0.144104 307.699
1110	1	15841.9	322443	322430	13.4707	2341	8335	3001	6	0.0001 Colloc0 2341 44398 0.157386 313.491
1120	1	15986.4	322798	322785	13.0557	2340	8269	3067	6	0.0001 Colloc0 2340 44423 0.173199 282.349
1130	1	16131.2	322789	322776	13.3169	2380	8246	3090	7	0.0001 Colloc0 2380 44421 0.164833 301.85
1140	1	16274.6	323655	323642	12.9959	2387	8119	3217	8	0.0001 Colloc0 2387 44434 0.185247 277.931
1150	1	16419	323489	323476	13.1351	2357	8044	3292	6	0.0001 Colloc0 2357 44375 0.172055 288.242
1160	1	16560.5	323090	323077	13.4956	2357	8102	3234	7	0.0001 Colloc0 2357 44394 0.164653 315.384
1170	1	16704.1	322627	322614	13.4555	2340	8218	3118	6	0.0001 Colloc0 2340 44381 0.165995 312.33
1180	1	16844.9	321997	321983	13.7413	2331	8316	3020	9	0.0001 Colloc0 2331 44338 0.161434 334.212
1190	1	16989	321860	321846	13.2067	2341	8465	2871	7	0.0001 Colloc0 2341 44331 0.156339 293.581
1200	1	17121.5	322064	322050	13.5549	2319	8374	2962	7	0.0001 Colloc0 2319 44311 0.154475 319.904
1210	1	17258	322093	322080	13.3835	2353	8372	2964	7	0.0001 Colloc0 2353 44287 0.180497 306.877
1220	1	17399.4	322272	322259	13.1649	2327	8298	3038	5	0.0001 Colloc0 2327 44253 0.159662 290.462
1230	1	17543.3	322015	322002	13.1264	2366	8426	2910	6	0.0001 Colloc0 2366 44242 0.181762 287.592
1240	1	17687.2	322475	322462	13.2274	2397	8413	2923	8	0.0001 Colloc0 2397 44243 0.168292 295.133
1250	1	17825.7	322308	322294	13.6345	2363	8383	2953	8	0.0001 Colloc0 2363 44282 0.1435 325.994
1260	1	17961.3	322022	322008	13.3865	2335	8414	2922	6	0.0001 Colloc0 2335 44203 0.161721 307.106
1270	1	18099.8	321940	321927	13.0245	2362	8491	2845	9	0.0001 Colloc0 2362 44225 0.166962 280.039
1280	1	18240.3	321698	321685	12.9993	2351	8380	2956	7	0.0001 Colloc0 2351 44243 0.193244 278.182
1290	1	18377.1	322180	322166	13.2431	2378	8322	3014	9	0.0001 Colloc0 2378 44232 0.17702 296.311
1300	1	18517.4	321985	321972	13.6511	2367	8312	3024	6	0.0001 Colloc0 2367 44148 0.149177 327.269
1310	1	18660.6	322658	322645	12.99	2375	8226	3110	8	0.0001 Colloc0 2375 44199 0.196896 277.491
1320	1	18796.1	322033	322020	13.3635	2386	8336	3000	6	0.0001 Colloc0 2386 44132 0.168062 305.369
1330	1	18941.5	322123	322110	13.6183	2374	8297	3039	7	0.0001 Colloc0 2374 44183 0.148993 324.75
1340	1	19088.2	322358	322344	13.1947	2398	8154	3182	11	0.0001 Colloc0 2398 44157 0.186546 292.686
1350	1	19230.9	322364	322350	13.8652	2364	8178	3158	8	0.0001 Colloc0 2364 44176 0.145137 343.8
1360	1	19376.2	322162	322148	13.8909	2379	8279	3057	7	0.0001 Colloc0 2379 44202 0.161852 345.801
1370	1	19521.1	321687	321673	13.7192	2344	8345	2991	6	0.0001 Colloc0 2344 44181 0.146196 332.506
1380	1	19667	321292	321279	12.6842	2355	8426	2910	7	0.0001 Colloc0 2355 44166 0.185527 255.205
1390	1	19804.3	321336	321322	13.9735	2338	8382	2954	9	0.0001 Colloc0 2338 44110 0.141658 352.231
1400	1	19948.5	322063	322050	13.1737	2373	8230	3106	8	0.0001 Colloc0 2373 44115 0.174111 291.114
1410	1	20092.2	322220	322207	13.2463	2336	8115	3221	9	0.0001 Colloc0 2336 44170 0.159853 296.548
1420	1	20236.1	322310	322296	13.6729	2337	8071	3265	5	0.0001 Colloc0 2337 44048 0.137852 328.946
1430	1	20372	322339	322326	13.3285	2334	8045	3291	5	0.0001 Colloc0 2334 44032 0.159159 302.73
1440	1	20515.7	322416	322401	14.3056	2417	8062	3274	6	0.0001 Colloc0 2417 43996 0.125953 378.358
1450	1	20658.1	322126	322113	13.0286	2413	8082	3254	6	0.0001 Colloc0 2413 43952 0.194973 280.345
1460	1	20801.7	321990	321976	13.8207	2361	8103	3233	4	0.0001 Colloc0 2361 44034 0.124373 340.351
1470	1	20945	321816	321802	13.3374	2362	8304	3032	7	0.0001 Colloc0 2362 43958 0.160017 303.398
1480	1	21086.3	321959	321945	14.0931	2357	8145	3191	11	0.0001 Colloc0 2357 43985 0.113596 361.596
1490	1	21226.4	321685	321671	13.6233	2369	8164	3172	5	0.0001 Colloc0 2369 43933 0.166575 325.133
1500	1	21366.5	321453	321440	12.8709	2366	8246	3090	8	0.0001 Colloc0 2366 43891 0.18847 268.755
1510	1	21504.9	321635	321621	13.6587	2349	8193	3143	5	0.0001 Colloc0 2349 43857 0.154939 327.853
1520	1	21647.5	321924	321910	13.5949	2392	8164	3172	4	0.0001 Colloc0 2392 43930 0.156755 322.958
1530	1	21789.7	321839	321826	13.4711	2365	8126	3210	5	0.0001 Colloc0 2365 43915 0.160129 313.519
1540	1	21933.1	320938	320924	13.8497	2384	8273	3063	5	0.0001 Colloc0 2384 43790 0.144558 342.598
1550	1	22077.8	320592	320579	13.2224	2364	8123	3213	7	0.0001 Colloc0 2364 43759 0.168634 294.761
1560	1	22217.5	320590	320577	13.5217	2376	8208	3128	3	0.0001 Colloc0 2376 43729 0.156335 317.367
1570	1	22356.3	320806	320792	13.2021	2363	8271	3065	6	0.0001 Colloc0 2363 43772 0.1554 293.24
1580	1	22492.1	321553	321539	13.4657	2363	7974	3362	5	0.0001 Colloc0 2363 43728 0.147417 313.109
1590	1	22631.2	320907	320894	13.2444	2362	8064	3272	7	0.0001 Colloc0 2362 43655 0.176038 296.406
1600	1	22769.9	320975	320962	13.5797	2397	8115	3221	9	0.0001 Colloc0 2397 43695 0.15691 321.797
1610	1	22907.6	320621	320608	13.6529	2374	8233	3103	6	0.0001 Colloc0 2374 43671 0.161569 327.411
1620	1	23045.4	320555	320541	13.3654	2370	8151	3185	6	0.0001 Colloc0 2370 43671 0.167764 305.511
1630	1	23178.7	320050	320037	13.2915	2356	8402	2934	6	0.0001 Colloc0 2356 43716 0.16919 299.94
1640	1	23312.5	320648	320635	13.1303	2413	8211	3125	8	0.0001 Colloc0 2413 43612 0.171826 287.882
1650	1	23452.9	320939	320925	13.6842	2415	8086	3250	8	0.0001 Colloc0 2415 43656 0.164355 329.809
1660	1	23590.8	321022	321008	13.7012	2385	8108	3228	7	0.0001 Colloc0 2385 43613 0.131404 331.121
1670	1	23724.9	321116	321103	13.3571	2428	8113	3223	6	0.0001 Colloc0 2428 43613 0.166268 304.886
1680	1	23864.6	320773	320759	13.9353	2390	8226	3110	7	0.0001 Colloc0 2390 43619 0.138368 349.25
1690	1	24000.1	320207	320193	14.3217	2396	8222	3114	4	0.0001 Colloc0 2396 43565 0.144167 379.638
1700	1	24132.3	320108	320094	13.4754	2370	8197	3139	5	0.0001 Colloc0 2370 43564 0.162314 313.848
1710	1	24268	319808	319794	13.149	2380	8258	3078	4	0.0001 Colloc0 2380 43554 0.187039 289.275
1720	1	24404.7	319841	319828	13.6401	2372	8214	3122	5	0.0001 Colloc0 2372 43523 0.144723 326.423
1730	1	24544.4	319284	319271	13.4485	2357	8431	2905	6	0.0001 Colloc0 2357 43525 0.167919 311.802
1740	1	24682.7	318564	318551	13.2019	2353	8594	2742	7	0.0001 Colloc0 2353 43488 0.175765 293.221
1750	1	24817.2	318593	318580	12.869	2332	8615	2721	5	0.0001 Colloc0 2332 43483 0.188304 268.615
1760	1	24954.9	318931	318918	13.1857	2364	8532	2804	5	0.0001 Colloc0 2364 43472 0.159241 292.014
1770	1	25092.6	319314	319300	13.7127	2361	8445	2891	6	0.0001 Colloc0 2361 43484 0.144981 332.008
1780	1	25230.2	319437	319423	13.8774	2415	8474	2862	4	0.0001 Colloc0 2415 43492 0.141378 344.751
1790	1	25367.4	319628	319614	14.1078	2376	8387	2949	5	0.0001 Colloc0 2376 43508 0.134458 362.749
1800	1	25505.7	319663	319649	13.8692	2398	8385	2951	3	0.0001 Colloc0 2398 43489 0.152305 344.11
1810	1	25638.5	319299	319286	13.5149	2404	8557	2779	7	0.0001 Colloc0 2404 43469 0.156532 316.849
1820	1	25767.1	318832	318818	13.1012	2381	8520	2816	5	0.0001 Colloc0 2381 43428 0.16485 285.722
1830	1	25902.3	319184	319170	13.8766	2372	8490	2846	3	0.0001 Colloc0 2372 43471 0.137991 344.682
1840	1	26037.4	318928	318915	13.3918	2365	8543	2793	4	0.0001 Colloc0 2365 43486 0.161332 307.503
1850	1	26174.5	318738	318724	13.5335	2395	8649	2687	5	0.0001 Colloc0 2395 43422 0.158058 318.271
1860	1	26307.3	318708	318695	13.4709	2437	8674	2662	5	0.0001 Colloc0 2437 43424 0.170906 313.5
1870	1	26439.8	318313	318299	13.6021	2416	8825	2511	3	0.0001 Colloc0 2416 43442 0.16365 323.516
1880	1	26569.3	318547	318533	13.8747	2366	8634	2702	3	0.0001 Colloc0 2366 43457 0.148209 344.538
1890	1	26697.9	318365	318351	13.256	2374	8611	2725	4	0.0001 Colloc0 2374 43419 0.179748 297.277
1900	1	26823.4	318541	318528	13.5416	2388	8716	2620	5	0.0001 Colloc0 2388 43370 0.160488 318.887
1910	1	26950.4	318689	318676	13.3436	2383	8651	2685	4	0.0001 Colloc0 2383 43385 0.166554 303.869
1920	1	27075.2	318439	318426	13.2796	2384	8634	2702	3	0.0001 Colloc0 2384 43427 0.172849 299.048
1930	1	27201.4	317941	317927	13.9074	2391	8590	2746	4	0.0001 Colloc0 2391 43327 0.140192 347.084
1940	1	27326.9	317813	317799	13.7631	2401	8797	2539	4	0.0001 Colloc0 2401 43338 0.165997 335.892
1950	1	27449.5	317251	317237	13.371	2364	8919	2417	4	0.0001 Colloc0 2364 43249 0.165539 305.93
1960	1	27572.1	317720	317706	13.6632	2413	8787	2549	6	0.0001 Colloc0 2413 43230 0.171782 328.195
1970	1	27694.7	317661	317647	13.5346	2397	8699	2637	4	0.0001 Colloc0 2397 43238 0.161907 318.353
1980	1	27815.8	317774	317761	13.2237	2345	8707	2629	7	0.0001 Colloc0 2345 43272 0.156408 294.852
1990	1	27935	317611	317598	13.1241	2392	8772	2564	4	0.0001 Colloc0 2392 43288 0.168633 287.423
2000	1	28048.4	318009	317996	13.0425	2386	8651	2685	6	0.0001 Colloc0 2386 43288 0.168317 281.371
