# D = 0, E = 1, I = 1, P = 1, R = -1, n = 2000, N = 1, P = 1, w = 1, a = 0.0001, b = 10000, e = 1, f = 1, g = 100, h = 0.01, r = 23858, s = 1, S = 0, x = 10, m = 100, Z = 1, z = 0, T = 1, t = 1
# 131381 tokens in 11336 sentences
#
# It	Temp	Time	-logP	-logPcorpus	-logPrior	tables	same	changed	reject	default_pya	(parent pym pyn pya pyb)*
0	1	14.9347	484175	484061	113.764	12023	0	11336	0	0.0001 Colloc0 12023 59471 0.0001 10000
10	1	210.226	389100	389085	15.7073	3525	3367	7969	10	0.0001 Colloc0 3525 51649 0.176602 492.436
20	1	357.438	377442	377427	15.7475	2585	3794	7542	8	0.0001 Colloc0 2585 51112 0.0351653 495.79
30	1	502.222	370930	370914	15.6332	2363	4194	7142	2	0.0001 Colloc0 2363 50720 0.0326717 486.274
40	1	648.786	365190	365175	14.9435	2302	4546	6790	7	0.0001 Colloc0 2302 50224 0.0529789 429.58
50	1	788.105	362535	362520	14.6203	2321	4657	6679	5	0.0001 Colloc0 2321 50017 0.0811698 403.468
60	1	936.143	360210	360196	14.5235	2257	4758	6578	6	0.0001 Colloc0 2257 49890 0.0698858 395.713
70	1	1082.29	356808	356793	14.3908	2260	5020	6316	4	0.0001 Colloc0 2260 49603 0.0733769 385.127
80	1	1231.86	354847	354833	13.7198	2248	5145	6191	2	0.0001 Colloc0 2248 49365 0.106238 332.55
90	1	1373.84	351497	351484	13.1845	2236	5411	5925	7	0.0001 Colloc0 2236 49041 0.136202 291.923
100	1	1512.02	350427	350414	13.7376	2218	5560	5776	6	0.0001 Colloc0 2218 48984 0.109998 333.925
110	1	1652.36	348496	348482	13.6106	2225	5733	5603	5	0.0001 Colloc0 2225 48843 0.119593 324.163
120	1	1795.48	347191	347177	13.7753	2248	5945	5391	9	0.0001 Colloc0 2248 48659 0.123768 336.837
130	1	1938.46	345650	345637	13.1604	2276	6143	5193	6	0.0001 Colloc0 2276 48414 0.160922 290.128
140	1	2086.51	343517	343504	13.4067	2276	6544	4792	3	0.0001 Colloc0 2276 48139 0.138098 308.63
150	1	2228.73	342028	342015	13.4216	2234	6808	4528	4	0.0001 Colloc0 2234 48083 0.126395 309.76
160	1	2369.45	340989	340975	13.4818	2231	6902	4434	3	0.0001 Colloc0 2231 47929 0.117968 314.332
170	1	2516.12	339455	339441	13.6723	2201	6981	4355	4	0.0001 Colloc0 2201 47803 0.112879 328.896
180	1	2656.12	338407	338394	13.0113	2274	6900	4436	5	0.0001 Colloc0 2274 47517 0.165704 279.066
190	1	2796.15	337619	337606	13.7843	2245	7041	4295	3	0.0001 Colloc0 2245 47402 0.117959 337.529
200	1	2942.35	337664	337651	13.2504	2251	7070	4266	7	0.0001 Colloc0 2251 47399 0.150034 296.859
210	1	3084.29	335835	335822	13.2395	2295	7134	4202	6	0.0001 Colloc0 2295 47137 0.142336 296.042
220	1	3226.46	335106	335094	12.7572	2291	7213	4123	3	0.0001 Colloc0 2291 47000 0.183318 260.476
230	1	3367.08	334371	334358	13.0855	2308	7194	4142	5	0.0001 Colloc0 2308 46885 0.156875 284.556
240	1	3512.23	333961	333947	13.2327	2312	7293	4043	7	0.0001 Colloc0 2312 46796 0.167683 295.53
250	1	3657.67	333857	333844	12.9374	2297	7465	3871	7	0.0001 Colloc0 2297 46763 0.161876 273.625
260	1	3798.54	333361	333348	13.0026	2283	7479	3857	5	0.0001 Colloc0 2283 46672 0.171807 278.419
270	1	3939.41	332564	332551	12.9248	2285	7435	3901	5	0.0001 Colloc0 2285 46582 0.16314 272.698
280	1	4078.88	332506	332493	13.1372	2277	7326	4010	7	0.0001 Colloc0 2277 46532 0.163255 288.394
290	1	4219.56	332422	332409	12.9402	2277	7545	3791	5	0.0001 Colloc0 2277 46570 0.154408 273.826
300	1	4363.41	331723	331710	13.4573	2253	7642	3694	5	0.0001 Colloc0 2253 46539 0.141883 312.473
310	1	4503.92	332068	332054	13.3162	2297	7645	3691	4	0.0001 Colloc0 2297 46520 0.157852 301.798
320	1	4649.11	330901	330888	12.6938	2274	7807	3529	3	0.0001 Colloc0 2274 46490 0.169022 255.896
330	1	4794.16	330496	330484	12.5978	2265	7890	3446	3	0.0001 Colloc0 2265 46457 0.188061 249.003
340	1	4938.08	330585	330572	13.2436	2319	7941	3395	5	0.0001 Colloc0 2319 46360 0.160483 296.348
350	1	5083.29	331363	331350	12.7685	2317	7718	3618	6	0.0001 Colloc0 2317 46413 0.182816 261.3
360	1	5227.25	331007	330994	13.6083	2286	7799	3537	2	0.0001 Colloc0 2286 46427 0.149605 323.986
370	1	5367.57	331475	331462	13.1826	2294	7808	3528	4	0.0001 Colloc0 2294 46456 0.162131 291.78
380	1	5505.26	330690	330677	13.2865	2276	7867	3469	4	0.0001 Colloc0 2276 46400 0.152121 299.569
390	1	5648.89	330060	330047	12.9971	2284	8018	3318	5	0.0001 Colloc0 2284 46334 0.17846 278.016
400	1	5793.77	330045	330031	13.6348	2301	7951	3385	4	0.0001 Colloc0 2301 46322 0.144667 326.02
410	1	5931.48	329095	329081	13.1371	2267	8071	3265	7	0.0001 Colloc0 2267 46193 0.175201 288.386
420	1	6074.25	329499	329486	12.9962	2318	8019	3317	4	0.0001 Colloc0 2318 46176 0.179547 277.949
430	1	6219.52	328339	328326	13.3732	2301	8027	3309	5	0.0001 Colloc0 2301 46063 0.162649 306.099
440	1	6365.97	329348	329336	12.6664	2304	7905	3431	6	0.0001 Colloc0 2304 46133 0.191437 253.925
450	1	6511.62	328071	328058	13.038	2292	7916	3420	7	0.0001 Colloc0 2292 45988 0.178392 281.034
460	1	6654.82	327122	327109	12.9409	2262	8148	3188	8	0.0001 Colloc0 2262 45939 0.172751 273.882
470	1	6800.08	327265	327252	13.0059	2297	8154	3182	5	0.0001 Colloc0 2297 45899 0.17723 278.668
480	1	6944.28	327398	327385	13.0183	2265	8128	3208	7	0.0001 Colloc0 2265 45964 0.163557 279.58
490	1	7087.79	326947	326934	12.5578	2293	8194	3142	7	0.0001 Colloc0 2293 45803 0.196601 246.142
500	1	7228.05	326258	326245	13.0066	2259	8212	3124	6	0.0001 Colloc0 2259 45794 0.174026 278.714
510	1	7374.4	326736	326723	13.0248	2335	8246	3090	7	0.0001 Colloc0 2335 45789 0.163781 280.057
520	1	7518.88	326665	326652	13.0706	2278	8220	3116	8	0.0001 Colloc0 2278 45801 0.183431 283.451
530	1	7659.1	326651	326638	13.0058	2249	8190	3146	5	0.0001 Colloc0 2249 45793 0.168178 278.661
540	1	7800.68	325969	325956	13.0874	2277	8270	3066	9	0.0001 Colloc0 2277 45699 0.160368 284.698
550	1	7938	325966	325954	12.4259	2306	8194	3142	5	0.0001 Colloc0 2306 45615 0.204498 236.786
560	1	8076.61	325722	325709	13.3306	2296	8160	3176	6	0.0001 Colloc0 2296 45593 0.14449 302.882
570	1	8214.7	325787	325774	12.9523	2274	8207	3129	7	0.0001 Colloc0 2274 45567 0.167218 274.719
580	1	8352.51	325572	325559	13.1329	2258	8234	3102	4	0.0001 Colloc0 2258 45536 0.148598 288.08
590	1	8495.61	325807	325794	12.9908	2296	8160	3176	5	0.0001 Colloc0 2296 45447 0.177146 277.555
600	1	8639.63	325861	325848	12.9381	2304	8052	3284	4	0.0001 Colloc0 2304 45469 0.184615 273.674
610	1	8784.54	326133	326120	13.1583	2283	7955	3381	4	0.0001 Colloc0 2283 45478 0.165702 289.97
620	1	8924.3	325939	325925	13.6559	2260	8021	3315	9	0.0001 Colloc0 2260 45501 0.129997 327.64
630	1	9061.15	325498	325485	13.2063	2302	8108	3228	6	0.0001 Colloc0 2302 45383 0.173535 293.553
640	1	9203.26	325788	325775	13.4642	2313	8130	3206	6	0.0001 Colloc0 2313 45409 0.145267 312.992
650	1	9344.45	325168	325155	12.9427	2319	8234	3102	7	0.0001 Colloc0 2319 45339 0.175191 274.015
660	1	9488.21	324427	324414	13.2264	2295	8428	2908	4	0.0001 Colloc0 2295 45335 0.165597 295.056
670	1	9630.62	324609	324595	13.3614	2318	8336	3000	3	0.0001 Colloc0 2318 45264 0.158238 305.21
680	1	9774.9	324330	324317	12.809	2317	8380	2956	6	0.0001 Colloc0 2317 45184 0.190295 264.235
690	1	9912.75	323990	323977	13.1249	2312	8456	2880	6	0.0001 Colloc0 2312 45196 0.174605 287.485
700	1	10055.6	323903	323890	12.9338	2281	8408	2928	5	0.0001 Colloc0 2281 45180 0.186067 273.362
710	1	10198.8	323883	323870	13.3365	2283	8516	2820	6	0.0001 Colloc0 2283 45199 0.162495 303.332
720	1	10338.1	323869	323855	13.5384	2295	8522	2814	8	0.0001 Colloc0 2295 45150 0.150074 318.642
730	1	10481	324482	324469	12.9818	2317	8284	3052	4	0.0001 Colloc0 2317 45145 0.172089 276.886
740	1	10622.9	324743	324731	12.6	2356	8171	3165	6	0.0001 Colloc0 2356 45140 0.193547 249.159
750	1	10767.2	324480	324466	13.369	2323	8342	2994	5	0.0001 Colloc0 2323 45086 0.153982 305.784
760	1	10904.6	323511	323498	13.0379	2299	8448	2888	4	0.0001 Colloc0 2299 45037 0.170211 281.029
770	1	11044.2	323481	323468	13.0988	2334	8476	2860	5	0.0001 Colloc0 2334 45048 0.179818 285.544
780	1	11184.2	323610	323597	13.0646	2311	8406	2930	7	0.0001 Colloc0 2311 45044 0.181812 283.007
790	1	11330.6	323610	323596	13.2967	2331	8357	2979	6	0.0001 Colloc0 2331 44950 0.157333 300.331
800	1	11474.6	323776	323763	12.9243	2315	8305	3031	6	0.0001 Colloc0 2315 45023 0.174789 272.66
810	1	11614.3	323645	323631	13.1096	2321	8380	2956	4	0.0001 Colloc0 2321 44967 0.179445 286.344
820	1	11758.8	323561	323548	12.7185	2327	8353	2983	4	0.0001 Colloc0 2327 44965 0.187143 257.681
830	1	11902.1	323125	323111	13.3728	2258	8313	3023	4	0.0001 Colloc0 2258 44897 0.142836 306.067
840	1	12045.2	322841	322829	12.9072	2273	8414	2922	3	0.0001 Colloc0 2273 44936 0.175498 271.407
850	1	12188.3	322819	322806	12.8435	2331	8364	2972	5	0.0001 Colloc0 2331 44961 0.184225 266.748
860	1	12331.6	323181	323169	12.3615	2326	8357	2979	6	0.0001 Colloc0 2326 44859 0.20955 232.258
870	1	12474.8	323460	323446	13.3091	2339	8232	3104	5	0.0001 Colloc0 2339 44853 0.16581 301.268
880	1	12621.2	323259	323246	13.1495	2326	8350	2986	4	0.0001 Colloc0 2326 44899 0.171754 289.315
890	1	12765.1	323531	323518	13.2626	2339	8270	3066	5	0.0001 Colloc0 2339 44861 0.17494 297.772
<<<<<<< HEAD
=======
900	1	12907.5	323713	323699	13.5248	2330	8138	3198	7	0.0001 Colloc0 2330 44746 0.156799 317.608
910	1	13048.8	323128	323115	12.79	2314	8243	3093	8	0.0001 Colloc0 2314 44758 0.184502 262.859
920	1	13188.8	322541	322528	13.2022	2313	8405	2931	5	0.0001 Colloc0 2313 44704 0.155671 293.249
930	1	13330.2	322567	322555	12.8593	2343	8461	2875	5	0.0001 Colloc0 2343 44697 0.197992 267.907
940	1	13466.8	322300	322287	13.1353	2290	8498	2838	5	0.0001 Colloc0 2290 44725 0.166463 288.255
950	1	13605.5	322326	322314	12.3197	2381	8493	2843	6	0.0001 Colloc0 2381 44704 0.20774 229.336
960	1	13739.3	322230	322217	12.9931	2316	8456	2880	7	0.0001 Colloc0 2316 44704 0.188554 277.719
970	1	13878.9	322675	322662	13.5789	2338	8472	2864	3	0.0001 Colloc0 2338 44699 0.141896 321.735
980	1	14021.8	322115	322102	13.2747	2355	8474	2862	6	0.0001 Colloc0 2355 44608 0.164242 298.676
990	1	14163.4	322663	322650	13.0117	2340	8408	2928	6	0.0001 Colloc0 2340 44624 0.178588 279.094
1000	1	14309.9	322800	322787	13.052	2351	8352	2984	4	0.0001 Colloc0 2351 44617 0.188845 282.071
1010	1	14456	322986	322973	13.1648	2353	8289	3047	5	0.0001 Colloc0 2353 44569 0.172583 290.45
1020	1	14600.7	323574	323561	13.1247	2377	8154	3182	4	0.0001 Colloc0 2377 44670 0.173442 287.47
1030	1	14746.1	322735	322722	13.2507	2357	8374	2962	5	0.0001 Colloc0 2357 44596 0.176552 296.88
1040	1	14890.8	323402	323389	13.0243	2345	8228	3108	5	0.0001 Colloc0 2345 44616 0.176823 280.023
1050	1	15031.1	323524	323511	12.9508	2347	8217	3119	6	0.0001 Colloc0 2347 44612 0.171552 274.605
1060	1	15174.6	323313	323300	13.032	2317	8177	3159	5	0.0001 Colloc0 2317 44673 0.178445 280.591
1070	1	15319.4	323207	323194	13.1366	2339	8169	3167	3	0.0001 Colloc0 2339 44666 0.165537 288.351
1080	1	15461.3	322858	322845	13.598	2355	8224	3112	5	0.0001 Colloc0 2355 44611 0.157557 323.195
1090	1	15605.3	323133	323119	13.387	2319	8099	3237	3	0.0001 Colloc0 2319 44582 0.158896 307.144
1100	1	15749.2	323510	323496	13.3038	2327	8006	3330	3	0.0001 Colloc0 2327 44597 0.167301 300.866
1110	1	15893	322671	322657	13.1514	2329	8099	3237	4	0.0001 Colloc0 2329 44378 0.168298 289.457
1120	1	16026.7	322499	322485	13.8337	2324	8109	3227	5	0.0001 Colloc0 2324 44388 0.153688 341.359
1130	1	16166.2	323020	323007	13.3729	2339	8073	3263	2	0.0001 Colloc0 2339 44462 0.161435 306.074
1140	1	16303.2	322755	322742	12.9818	2361	8037	3299	3	0.0001 Colloc0 2361 44375 0.173991 276.892
1150	1	16445.8	322285	322272	13.4539	2367	8169	3167	6	0.0001 Colloc0 2367 44368 0.167644 312.212
1160	1	16588.6	321892	321878	13.551	2325	8226	3110	7	0.0001 Colloc0 2325 44365 0.152972 319.603
1170	1	16723.6	321892	321879	13.0346	2327	8230	3106	2	0.0001 Colloc0 2327 44387 0.173109 280.786
1180	1	16860.2	321278	321264	13.5538	2334	8475	2861	3	0.0001 Colloc0 2334 44316 0.141028 319.818
1190	1	17002.7	321908	321895	13.2466	2359	8187	3149	7	0.0001 Colloc0 2359 44267 0.161569 296.568
1200	1	17147.3	321778	321765	12.8495	2312	8223	3113	4	0.0001 Colloc0 2312 44315 0.179093 267.19
1210	1	17290.8	321808	321794	13.4301	2314	8219	3117	3	0.0001 Colloc0 2314 44276 0.15369 310.406
1220	1	17431.6	321819	321806	13.0853	2362	8220	3116	2	0.0001 Colloc0 2362 44314 0.175567 284.544
1230	1	17575.2	321642	321629	13.2053	2366	8303	3033	3	0.0001 Colloc0 2366 44303 0.17523 293.479
1240	1	17717.8	321439	321426	13.1252	2309	8349	2987	5	0.0001 Colloc0 2309 44383 0.175741 287.505
1250	1	17860	321332	321319	13.2803	2363	8407	2929	3	0.0001 Colloc0 2363 44203 0.181413 299.102
1260	1	17998.2	320949	320936	13.0295	2338	8555	2781	8	0.0001 Colloc0 2338 44191 0.172481 280.41
1270	1	18141.6	321366	321352	13.7699	2318	8430	2906	4	0.0001 Colloc0 2318 44234 0.132303 336.419
1280	1	18282.2	321197	321184	13.2715	2337	8426	2910	7	0.0001 Colloc0 2337 44269 0.157538 298.436
1290	1	18425.8	320795	320782	13.5514	2331	8456	2880	5	0.0001 Colloc0 2331 44215 0.142208 319.634
1300	1	18565.8	320215	320202	13.0199	2297	8709	2627	5	0.0001 Colloc0 2297 44181 0.175589 279.702
1310	1	18709.2	320047	320033	13.4713	2301	8633	2703	6	0.0001 Colloc0 2301 44141 0.156222 313.536
1320	1	18846.7	320368	320354	13.724	2332	8581	2755	4	0.0001 Colloc0 2332 44197 0.142714 332.876
1330	1	18987.6	321281	321268	13.054	2339	8396	2940	3	0.0001 Colloc0 2339 44190 0.174412 282.22
1340	1	19130.9	320966	320952	13.6405	2345	8353	2983	5	0.0001 Colloc0 2345 44160 0.140875 326.459
1350	1	19274.9	320619	320606	13.0562	2314	8414	2922	6	0.0001 Colloc0 2314 44109 0.175271 282.381
1360	1	19420	321440	321427	12.78	2362	8261	3075	4	0.0001 Colloc0 2362 44172 0.193886 262.135
1370	1	19563.3	321058	321046	12.9473	2315	8281	3055	7	0.0001 Colloc0 2315 44136 0.180272 274.351
1380	1	19707.1	321068	321055	13.0572	2377	8275	3061	2	0.0001 Colloc0 2377 44174 0.195766 282.454
1390	1	19856.2	320843	320830	13.5778	2346	8335	3001	4	0.0001 Colloc0 2346 44099 0.150795 321.656
1400	1	20019.7	321349	321335	13.8388	2310	8279	3057	5	0.0001 Colloc0 2310 44115 0.137225 341.75
1410	1	20161.9	321161	321148	13.6312	2339	8268	3068	4	0.0001 Colloc0 2339 44114 0.158998 325.746
1420	1	20304.9	320978	320965	13.353	2344	8243	3093	6	0.0001 Colloc0 2344 44084 0.159164 304.576
1430	1	20446.6	321215	321202	13.7274	2336	8161	3175	4	0.0001 Colloc0 2336 44089 0.147486 333.14
1440	1	20585.7	321246	321233	13.3408	2348	8191	3145	4	0.0001 Colloc0 2348 44065 0.167111 303.651
1450	1	20725.9	321253	321239	13.698	2336	8197	3139	3	0.0001 Colloc0 2336 44080 0.138999 330.872
1460	1	20866.8	321200	321187	13.4311	2368	8278	3058	3	0.0001 Colloc0 2368 44076 0.169723 310.48
1470	1	21010.1	321125	321112	12.9607	2360	8303	3033	5	0.0001 Colloc0 2360 44092 0.18993 275.335
1480	1	21152	321125	321111	13.7064	2352	8323	3013	5	0.0001 Colloc0 2352 44105 0.150649 331.523
1490	1	21293.6	320788	320774	13.9103	2347	8357	2979	2	0.0001 Colloc0 2347 44131 0.14151 347.305
1500	1	21435	320902	320889	13.3591	2373	8339	2997	3	0.0001 Colloc0 2373 44105 0.169959 305.034
1510	1	21577.9	321030	321016	13.6481	2360	8442	2894	3	0.0001 Colloc0 2360 44092 0.146351 327.04
1520	1	21720.4	320813	320800	13.1603	2325	8435	2901	2	0.0001 Colloc0 2325 44079 0.163225 290.116
1530	1	21861.4	320766	320753	13.2677	2354	8333	3003	2	0.0001 Colloc0 2354 44096 0.178655 298.154
1540	1	22001.2	320730	320717	13.4916	2352	8399	2937	4	0.0001 Colloc0 2352 44040 0.156781 315.077
1550	1	22137.2	320635	320621	13.2263	2366	8419	2917	4	0.0001 Colloc0 2366 44046 0.182254 295.051
1560	1	22277.8	320754	320741	13.7061	2358	8453	2883	4	0.0001 Colloc0 2358 44041 0.139623 331.502
1570	1	22412.4	320510	320497	13.2691	2341	8500	2836	4	0.0001 Colloc0 2341 44043 0.164767 298.259
1580	1	22552.8	320637	320623	13.5624	2365	8385	2951	4	0.0001 Colloc0 2365 44019 0.159817 320.477
1590	1	22690.2	320611	320598	12.9535	2333	8405	2931	7	0.0001 Colloc0 2333 43991 0.190007 274.803
1600	1	22826.1	319585	319572	13.0118	2359	8523	2813	3	0.0001 Colloc0 2359 43856 0.183229 279.104
1610	1	22968.9	319711	319698	13.0992	2368	8629	2707	3	0.0001 Colloc0 2368 43879 0.194105 285.575
1620	1	23110.4	320485	320471	13.6191	2365	8472	2864	6	0.0001 Colloc0 2365 43913 0.142106 324.817
1630	1	23250.1	319863	319850	13.2282	2414	8553	2783	2	0.0001 Colloc0 2414 43820 0.184074 295.193
1640	1	23390.2	320424	320411	13.3063	2373	8468	2868	4	0.0001 Colloc0 2373 43850 0.16736 301.054
1650	1	23529.3	320353	320339	13.3329	2383	8484	2852	2	0.0001 Colloc0 2383 43895 0.170837 303.057
1660	1	23663.9	319965	319952	13.3076	2366	8619	2717	6	0.0001 Colloc0 2366 43859 0.173059 301.154
1670	1	23800.3	319499	319485	13.6927	2380	8761	2575	2	0.0001 Colloc0 2380 43863 0.151357 330.463
1680	1	23937.3	319475	319462	13.2736	2355	8646	2690	5	0.0001 Colloc0 2355 43820 0.17495 298.598
1690	1	24077.6	318922	318908	13.4914	2362	8854	2482	4	0.0001 Colloc0 2362 43757 0.159963 315.065
1700	1	24217.8	318507	318494	12.784	2364	8911	2425	4	0.0001 Colloc0 2364 43730 0.190576 262.418
1710	1	24355.8	318607	318593	13.388	2359	8829	2507	6	0.0001 Colloc0 2359 43718 0.156488 307.217
1720	1	24495.9	319317	319303	13.4092	2367	8702	2634	3	0.0001 Colloc0 2367 43706 0.161348 308.821
1730	1	24637.8	319129	319116	13.0795	2399	8779	2557	5	0.0001 Colloc0 2399 43686 0.177014 284.107
1740	1	24773.2	319244	319231	13.3363	2388	8713	2623	3	0.0001 Colloc0 2388 43720 0.179908 303.316
1750	1	24908.3	319010	318996	13.345	2366	8746	2590	6	0.0001 Colloc0 2366 43671 0.167439 303.974
1760	1	25041.8	319186	319173	13.2865	2371	8751	2585	5	0.0001 Colloc0 2371 43714 0.172088 299.566
1770	1	25177.7	319257	319244	13.2441	2396	8706	2630	3	0.0001 Colloc0 2396 43712 0.192093 296.382
1780	1	25316	319667	319653	13.7661	2386	8593	2743	4	0.0001 Colloc0 2386 43646 0.140407 336.128
1790	1	25451.2	319196	319183	13.2602	2402	8647	2689	8	0.0001 Colloc0 2402 43642 0.180951 297.593
1800	1	25590.5	318987	318974	12.8317	2392	8755	2581	4	0.0001 Colloc0 2392 43705 0.202936 265.89
1810	1	25728.7	319734	319720	13.9782	2385	8545	2791	4	0.0001 Colloc0 2385 43685 0.13738 352.596
1820	1	25865.4	319224	319210	13.6358	2391	8655	2681	7	0.0001 Colloc0 2391 43620 0.154763 326.095
1830	1	26003.4	319367	319353	13.4926	2395	8698	2638	8	0.0001 Colloc0 2395 43617 0.169348 315.151
1840	1	26138	319453	319439	13.2029	2397	8655	2681	4	0.0001 Colloc0 2397 43692 0.175814 293.302
1850	1	26273.7	319071	319057	13.3447	2388	8729	2607	4	0.0001 Colloc0 2388 43610 0.179273 303.949
1860	1	26410.2	319327	319313	13.2746	2408	8639	2697	5	0.0001 Colloc0 2408 43612 0.173362 298.671
1870	1	26541.9	319705	319691	13.6785	2399	8541	2795	3	0.0001 Colloc0 2399 43615 0.161297 329.375
1880	1	26673.3	319313	319299	13.6574	2442	8615	2721	4	0.0001 Colloc0 2442 43607 0.159715 327.751
1890	1	26803.1	318870	318857	13.4607	2371	8703	2633	4	0.0001 Colloc0 2371 43574 0.156545 312.727
1900	1	26929.9	319482	319468	13.7172	2407	8655	2681	4	0.0001 Colloc0 2407 43645 0.16257 332.355
1910	1	27055.6	318930	318916	13.4352	2368	8714	2622	4	0.0001 Colloc0 2368 43594 0.169907 310.795
1920	1	27180.6	318817	318803	13.2655	2393	8779	2557	3	0.0001 Colloc0 2393 43532 0.164527 297.988
1930	1	27305.7	319604	319590	13.2484	2428	8533	2803	5	0.0001 Colloc0 2428 43530 0.171245 296.707
1940	1	27430.2	319575	319561	13.9053	2408	8518	2818	4	0.0001 Colloc0 2408 43535 0.1431 346.921
1950	1	27554.5	318731	318717	13.5749	2360	8677	2659	4	0.0001 Colloc0 2360 43556 0.152673 321.428
1960	1	27677.1	319308	319295	13.0523	2389	8603	2733	7	0.0001 Colloc0 2389 43542 0.177652 282.091
1970	1	27799.5	319512	319499	13.4049	2399	8522	2814	7	0.0001 Colloc0 2399 43531 0.169374 308.501
1980	1	27922.2	319880	319867	13.2404	2417	8466	2870	6	0.0001 Colloc0 2417 43601 0.18487 296.106
1990	1	28041.3	319460	319446	13.9075	2356	8572	2764	6	0.0001 Colloc0 2356 43587 0.132162 347.088
2000	1	28158.1	319773	319759	13.511	2390	8574	2762	3	0.0001 Colloc0 2390 43594 0.165733 316.553
>>>>>>> 52eb0978540bcb93521cac504da28dc0ce3a1f43
