# D = 0, E = 1, I = 1, P = 1, R = -1, n = 2000, N = 1, P = 1, w = 1, a = 0.0001, b = 10000, e = 1, f = 1, g = 100, h = 0.01, r = 6218, s = 1, S = 0, x = 10, m = 100, Z = 1, z = 0, T = 1, t = 1
# 131381 tokens in 11336 sentences
#
# It	Temp	Time	-logP	-logPcorpus	-logPrior	tables	same	changed	reject	default_pya	(parent pym pyn pya pyb)*
0	1	19.1011	588131	588017	113.764	15706	0	11336	0	0.0001 Colloc0 15706 73050 0.0001 10000
10	1	276.885	433801	433786	14.979	4300	2235	9101	3	0.0001 Colloc0 4300 58237 0.247271 432.469
20	1	442.922	411395	411379	16.2646	2609	2836	8500	7	0.0001 Colloc0 2609 56247 0.0237892 539.189
30	1	595.931	401142	401127	15.3874	2376	3179	8157	8	0.0001 Colloc0 2376 55198 0.0308528 465.924
40	1	745.14	389509	389494	15.1069	2227	3597	7739	9	0.0001 Colloc0 2227 53936 0.0133368 442.9
50	1	892.627	386095	386081	14.47	2184	3713	7623	12	0.0001 Colloc0 2184 53643 0.0657242 391.433
60	1	1040.94	381008	380993	14.1848	2164	3949	7387	7	0.0001 Colloc0 2164 53214 0.0542637 368.809
70	1	1188.73	377581	377566	14.583	2186	4271	7065	7	0.0001 Colloc0 2186 52706 0.0537103 400.471
80	1	1335.45	372099	372085	13.8123	2186	4540	6796	4	0.0001 Colloc0 2186 52281 0.0904161 339.695
90	1	1482.5	369656	369642	13.8307	2187	4702	6634	4	0.0001 Colloc0 2187 51902 0.090503 341.121
100	1	1627.75	365646	365632	13.9413	2158	4869	6467	3	0.0001 Colloc0 2158 51449 0.0834553 349.723
110	1	1774.51	360570	360557	13.4365	2195	5286	6050	5	0.0001 Colloc0 2195 50847 0.111745 310.89
120	1	1921.86	359480	359466	13.7303	2228	5425	5911	4	0.0001 Colloc0 2228 50650 0.110196 333.366
130	1	2062.45	356255	356242	12.9436	2178	5662	5674	5	0.0001 Colloc0 2178 50214 0.139123 274.078
140	1	2209.78	354319	354306	12.9214	2188	5682	5654	4	0.0001 Colloc0 2188 49974 0.151354 272.447
150	1	2354.99	354022	354009	13.2455	2181	5752	5584	2	0.0001 Colloc0 2181 49892 0.140735 296.484
160	1	2500.53	352876	352862	13.1346	2159	5733	5603	5	0.0001 Colloc0 2159 49705 0.137052 288.205
170	1	2646.56	351994	351981	13.1164	2190	5853	5483	2	0.0001 Colloc0 2190 49600 0.142269 286.851
180	1	2792.75	350021	350008	13.2233	2186	6162	5174	5	0.0001 Colloc0 2186 49474 0.127986 294.828
190	1	2938.78	349238	349225	13.4313	2175	6332	5004	2	0.0001 Colloc0 2175 49406 0.124645 310.498
200	1	3084.89	347560	347547	13.3369	2216	6575	4761	4	0.0001 Colloc0 2216 49164 0.143064 303.358
210	1	3231.41	346413	346400	13.1682	2173	6502	4834	3	0.0001 Colloc0 2173 48982 0.145884 290.704
220	1	3377.31	344870	344857	13.3164	2209	6713	4623	4	0.0001 Colloc0 2209 48700 0.138507 301.818
230	1	3517.74	344343	344330	12.5824	2216	6593	4743	1	0.0001 Colloc0 2216 48553 0.186628 247.9
240	1	3662.45	344342	344329	13.1287	2211	6491	4845	4	0.0001 Colloc0 2211 48400 0.147505 287.768
250	1	3808.47	344192	344178	13.3686	2284	6565	4771	3	0.0001 Colloc0 2284 48316 0.130536 305.754
260	1	3946.91	343394	343382	12.7048	2240	6724	4612	3	0.0001 Colloc0 2240 48271 0.178306 256.687
270	1	4089.9	340411	340398	13.1179	2235	6952	4384	6	0.0001 Colloc0 2235 47924 0.152885 286.959
280	1	4228	339703	339690	13.0325	2178	6937	4399	5	0.0001 Colloc0 2178 47896 0.1316 280.628
290	1	4372.01	339024	339011	12.7212	2178	6942	4394	9	0.0001 Colloc0 2178 47676 0.156778 257.874
300	1	4516.89	339638	339625	13.3234	2176	6941	4395	6	0.0001 Colloc0 2176 47667 0.123153 302.343
310	1	4660.97	336863	336851	12.6358	2147	7279	4057	2	0.0001 Colloc0 2147 47482 0.15391 251.725
320	1	4805.63	335339	335326	12.798	2177	7362	3974	3	0.0001 Colloc0 2177 47184 0.149822 263.439
330	1	4951.01	334746	334733	12.888	2222	7526	3810	1	0.0001 Colloc0 2222 47212 0.170838 269.999
340	1	5083.92	334539	334526	13.149	2232	7471	3865	6	0.0001 Colloc0 2232 47108 0.164717 289.275
350	1	5216.15	334023	334010	12.9019	2212	7566	3770	4	0.0001 Colloc0 2212 47050 0.172115 271.017
360	1	5357.41	334274	334262	12.5077	2255	7501	3835	4	0.0001 Colloc0 2255 47000 0.202013 242.575
370	1	5502.79	334082	334069	13.1062	2229	7479	3857	4	0.0001 Colloc0 2229 46878 0.154007 286.095
380	1	5640.95	333519	333506	13.3816	2199	7575	3761	2	0.0001 Colloc0 2199 46889 0.140519 306.733
390	1	5785.48	333805	333792	13.0251	2228	7484	3852	5	0.0001 Colloc0 2228 46875 0.160136 280.085
400	1	5929.87	333374	333361	12.8956	2226	7589	3747	3	0.0001 Colloc0 2226 46825 0.160513 270.555
410	1	6074.21	333083	333070	13.2475	2244	7586	3750	2	0.0001 Colloc0 2244 46757 0.152835 296.636
420	1	6218.09	332653	332640	13.2936	2196	7564	3772	1	0.0001 Colloc0 2196 46745 0.136475 300.102
430	1	6363.14	332366	332353	12.5653	2207	7751	3585	3	0.0001 Colloc0 2207 46708 0.18936 246.68
440	1	6507.69	332755	332742	12.7404	2251	7596	3740	1	0.0001 Colloc0 2251 46664 0.173294 259.263
450	1	6652.13	333031	333017	13.2047	2227	7605	3731	4	0.0001 Colloc0 2227 46664 0.160544 293.432
460	1	6795.17	332577	332564	13.3235	2209	7587	3749	2	0.0001 Colloc0 2209 46522 0.144998 302.354
470	1	6935.75	332697	332684	13.2304	2234	7582	3754	2	0.0001 Colloc0 2234 46473 0.149007 295.356
480	1	7080.51	332277	332264	12.9016	2266	7542	3794	1	0.0001 Colloc0 2266 46446 0.173911 270.999
490	1	7226.51	332244	332231	13.0631	2216	7636	3700	5	0.0001 Colloc0 2216 46469 0.146501 282.893
500	1	7370.06	332072	332059	13.0147	2235	7649	3687	1	0.0001 Colloc0 2235 46393 0.157742 279.317
510	1	7514.58	332421	332409	12.7478	2262	7673	3663	2	0.0001 Colloc0 2262 46407 0.175828 259.796
520	1	7653.26	331495	331482	12.8744	2249	7776	3560	2	0.0001 Colloc0 2249 46352 0.168523 269.005
530	1	7787.31	330903	330890	13.1267	2227	7849	3487	1	0.0001 Colloc0 2227 46237 0.160154 287.617
540	1	7930.23	331178	331164	13.3682	2264	7837	3499	3	0.0001 Colloc0 2264 46273 0.144111 305.722
550	1	8068.91	330557	330544	12.9891	2238	7837	3499	3	0.0001 Colloc0 2238 46250 0.175808 277.428
560	1	8210.35	329749	329736	13.0644	2248	7870	3466	4	0.0001 Colloc0 2248 46069 0.171501 282.988
570	1	8346.09	329640	329627	13.5625	2264	7924	3412	4	0.0001 Colloc0 2264 46055 0.146105 320.481
580	1	8488.28	328988	328976	12.6661	2320	8064	3272	5	0.0001 Colloc0 2320 45985 0.189033 253.901
590	1	8634.13	327494	327481	12.6338	2218	8245	3091	2	0.0001 Colloc0 2218 45883 0.172199 251.58
600	1	8779.35	328021	328008	12.3648	2271	8260	3076	3	0.0001 Colloc0 2271 45891 0.203058 232.491
610	1	8919.33	326516	326503	13.1559	2249	8269	3067	3	0.0001 Colloc0 2249 45668 0.158922 289.789
620	1	9052.41	326623	326610	13.0138	2258	8072	3264	3	0.0001 Colloc0 2258 45623 0.165147 279.249
630	1	9185	326492	326478	13.1725	2232	8110	3226	3	0.0001 Colloc0 2232 45569 0.146209 291.029
640	1	9322.56	326209	326196	13.2252	2251	8183	3153	4	0.0001 Colloc0 2251 45556 0.170463 294.969
650	1	9465.15	326227	326214	12.4262	2271	8207	3129	4	0.0001 Colloc0 2271 45507 0.208766 236.81
660	1	9606.54	325639	325626	12.8016	2225	8319	3017	3	0.0001 Colloc0 2225 45543 0.167608 263.701
670	1	9743.17	325927	325914	13.1271	2242	8360	2976	3	0.0001 Colloc0 2242 45536 0.157536 287.643
680	1	9877.62	325697	325684	12.745	2235	8323	3013	3	0.0001 Colloc0 2235 45452 0.176424 259.593
690	1	10019.8	326107	326094	12.8928	2227	8200	3136	1	0.0001 Colloc0 2227 45473 0.15816 270.353
700	1	10163.5	325641	325628	13.1569	2236	8273	3063	2	0.0001 Colloc0 2236 45430 0.159616 289.867
710	1	10305.7	325834	325821	12.8928	2251	8221	3115	3	0.0001 Colloc0 2251 45381 0.169694 270.355
720	1	10445.8	324874	324861	12.9318	2256	8345	2991	1	0.0001 Colloc0 2256 45323 0.172671 273.209
730	1	10590.7	324645	324632	12.8387	2261	8419	2917	2	0.0001 Colloc0 2261 45305 0.180761 266.404
740	1	10735.9	324330	324317	13.2398	2225	8590	2746	4	0.0001 Colloc0 2225 45314 0.136191 296.065
750	1	10879.9	324559	324545	13.3146	2263	8485	2851	1	0.0001 Colloc0 2263 45296 0.159514 301.68
760	1	11019.8	324358	324345	12.9732	2265	8577	2759	2	0.0001 Colloc0 2265 45303 0.183954 276.252
770	1	11162.5	324122	324108	13.1308	2288	8547	2789	2	0.0001 Colloc0 2288 45227 0.157959 287.922
780	1	11308.3	324027	324014	13.1546	2254	8449	2887	5	0.0001 Colloc0 2254 45147 0.152365 289.694
790	1	11452.2	323662	323649	12.6999	2240	8549	2787	3	0.0001 Colloc0 2240 45066 0.183871 256.338
800	1	11596.5	324232	324219	12.45	2276	8264	3072	5	0.0001 Colloc0 2276 45048 0.191238 238.491
810	1	11741.2	324411	324398	13.1755	2284	8178	3158	1	0.0001 Colloc0 2284 44992 0.175025 291.251
820	1	11885.5	324579	324565	13.4109	2268	8157	3179	3	0.0001 Colloc0 2268 45001 0.15273 308.954
830	1	12030.5	325038	325025	13.2532	2305	8118	3218	2	0.0001 Colloc0 2305 44994 0.165309 297.066
840	1	12173.1	324841	324828	12.6845	2294	8046	3290	1	0.0001 Colloc0 2294 44880 0.186023 255.223
850	1	12315.4	324290	324276	13.4445	2286	8162	3174	3	0.0001 Colloc0 2286 44900 0.143579 311.502
860	1	12460.7	323645	323632	12.9882	2258	8272	3064	3	0.0001 Colloc0 2258 44856 0.175966 277.36
870	1	12605.2	323714	323701	13.0279	2274	8287	3049	4	0.0001 Colloc0 2274 44864 0.159693 280.289
880	1	12747.2	323500	323487	13.0015	2250	8271	3065	1	0.0001 Colloc0 2250 44869 0.175532 278.34
890	1	12880.6	323109	323096	13.3236	2261	8375	2961	1	0.0001 Colloc0 2261 44837 0.154938 302.357
900	1	13013.9	323766	323752	13.3568	2293	8260	3076	4	0.0001 Colloc0 2293 44849 0.151886 304.859
910	1	13147	323420	323407	13.2038	2299	8403	2933	4	0.0001 Colloc0 2299 44771 0.181343 293.369
920	1	13284.1	322558	322545	12.7587	2269	8473	2863	3	0.0001 Colloc0 2269 44709 0.171883 260.584
930	1	13429.4	322258	322245	13.056	2277	8620	2716	4	0.0001 Colloc0 2277 44679 0.176326 282.367
940	1	13574	322005	321993	12.724	2251	8505	2831	4	0.0001 Colloc0 2251 44655 0.172294 258.077
950	1	13718.8	322941	322928	12.992	2269	8328	3008	4	0.0001 Colloc0 2269 44701 0.159087 277.64
960	1	13862.5	322296	322283	12.8875	2248	8493	2843	2	0.0001 Colloc0 2248 44660 0.170718 269.964
970	1	14006.2	322504	322490	13.4444	2306	8447	2889	2	0.0001 Colloc0 2306 44629 0.144174 311.491
980	1	14150.4	322056	322043	12.8469	2290	8565	2771	3	0.0001 Colloc0 2290 44605 0.182712 267.001
990	1	14293	322550	322537	12.7893	2323	8388	2948	6	0.0001 Colloc0 2323 44572 0.184868 262.805
1000	1	14437.7	322492	322479	13.2947	2291	8308	3028	3	0.0001 Colloc0 2291 44586 0.15973 300.186
1010	1	14576.3	322591	322578	13.05	2328	8303	3033	4	0.0001 Colloc0 2328 44523 0.190174 281.921
1020	1	14710	322339	322326	13.3952	2307	8352	2984	4	0.0001 Colloc0 2307 44563 0.176647 307.766
1030	1	14846.7	322544	322531	12.8084	2303	8223	3113	2	0.0001 Colloc0 2303 44529 0.176875 264.193
1040	1	14991.5	321970	321957	12.9292	2302	8399	2937	5	0.0001 Colloc0 2302 44530 0.194678 273.019
1050	1	15133.3	321251	321238	13.0568	2284	8466	2870	3	0.0001 Colloc0 2284 44406 0.158228 282.428
1060	1	15276.7	321563	321550	13.0331	2309	8447	2889	1	0.0001 Colloc0 2309 44414 0.158857 280.673
1070	1	15420.9	321635	321621	13.919	2282	8410	2926	3	0.0001 Colloc0 2282 44408 0.131494 347.982
1080	1	15566.3	319920	319907	13.0863	2300	8659	2677	3	0.0001 Colloc0 2300 44216 0.163775 284.617
1090	1	15708.8	319821	319808	12.9385	2278	8729	2607	3	0.0001 Colloc0 2278 44186 0.178188 273.708
1100	1	15849.4	320198	320185	12.7883	2313	8606	2730	3	0.0001 Colloc0 2313 44197 0.188218 262.731
1110	1	15987.2	319283	319270	13.0796	2297	8829	2507	3	0.0001 Colloc0 2297 44119 0.16956 284.118
1120	1	16134.4	319498	319485	13.5162	2258	8733	2603	3	0.0001 Colloc0 2258 44118 0.143521 316.954
1130	1	16268.2	319507	319494	13.0205	2284	8792	2544	4	0.0001 Colloc0 2284 44158 0.172962 279.742
1140	1	16409.8	319434	319421	12.7721	2313	8769	2567	3	0.0001 Colloc0 2313 44106 0.191012 261.56
1150	1	16545.7	319466	319453	13.0121	2334	8769	2567	2	0.0001 Colloc0 2334 44074 0.194188 279.122
1160	1	16690.8	319471	319459	12.909	2283	8751	2585	3	0.0001 Colloc0 2283 44130 0.176483 271.543
1170	1	16834.5	318804	318791	13.2044	2257	8880	2456	2	0.0001 Colloc0 2257 44062 0.162166 293.408
1180	1	16973.1	319046	319032	13.4921	2277	8839	2497	4	0.0001 Colloc0 2277 44133 0.149505 315.117
1190	1	17112	319268	319255	12.9887	2303	8817	2519	3	0.0001 Colloc0 2303 44102 0.191083 277.395
1200	1	17244.7	319371	319358	12.9781	2311	8742	2594	2	0.0001 Colloc0 2311 44036 0.189455 276.617
1210	1	17377.7	320001	319988	13.1515	2314	8519	2817	1	0.0001 Colloc0 2314 44031 0.180412 289.462
1220	1	17517.9	319814	319801	12.9837	2325	8538	2798	2	0.0001 Colloc0 2325 43962 0.171588 277.031
1230	1	17662.7	319914	319902	12.9138	2308	8472	2864	4	0.0001 Colloc0 2308 43986 0.191663 271.895
1240	1	17795.6	319602	319589	13.5052	2293	8534	2802	3	0.0001 Colloc0 2293 43993 0.14206 316.113
1250	1	17928.5	319238	319225	12.903	2297	8737	2599	1	0.0001 Colloc0 2297 43968 0.175474 271.102
1260	1	18064.1	319687	319674	13.3467	2313	8449	2887	2	0.0001 Colloc0 2313 43943 0.164004 304.1
1270	1	18201.1	319623	319610	13.1674	2287	8500	2836	3	0.0001 Colloc0 2287 43986 0.184888 290.646
1280	1	18346.6	319672	319659	12.9568	2359	8611	2725	4	0.0001 Colloc0 2359 43962 0.180156 275.047
1290	1	18493.8	320071	320058	13.1872	2325	8470	2866	3	0.0001 Colloc0 2325 43959 0.155355 292.122
1300	1	18641.5	319323	319310	13.1565	2317	8586	2750	1	0.0001 Colloc0 2317 43923 0.158849 289.838
1310	1	18788.4	318660	318647	13.1064	2287	8853	2483	5	0.0001 Colloc0 2287 43854 0.16794 286.105
1320	1	18933.7	319224	319211	12.6257	2344	8812	2524	1	0.0001 Colloc0 2344 43891 0.201656 250.999
1330	1	19077.5	319764	319751	13.3132	2367	8599	2737	5	0.0001 Colloc0 2367 43888 0.174761 301.574
1340	1	19224.4	319240	319226	13.3836	2316	8669	2667	3	0.0001 Colloc0 2316 43921 0.1654 306.885
1350	1	19370.6	319859	319845	13.7297	2338	8489	2847	5	0.0001 Colloc0 2338 43825 0.137382 333.317
1360	1	19514.2	319232	319218	13.0905	2383	8563	2773	3	0.0001 Colloc0 2383 43815 0.175998 284.927
1370	1	19646.2	318982	318969	12.8702	2330	8579	2757	5	0.0001 Colloc0 2330 43774 0.185589 268.699
1380	1	19785	318980	318967	12.9517	2364	8609	2727	3	0.0001 Colloc0 2364 43764 0.193218 274.677
1390	1	19930.9	319419	319406	13.0693	2322	8465	2871	2	0.0001 Colloc0 2322 43758 0.164613 283.353
1400	1	20075.1	319320	319306	13.1897	2358	8473	2863	4	0.0001 Colloc0 2358 43726 0.171265 292.311
1410	1	20215.3	318925	318911	13.2601	2335	8496	2840	1	0.0001 Colloc0 2335 43695 0.1563 297.585
1420	1	20358.3	319796	319782	13.6106	2346	8112	3224	5	0.0001 Colloc0 2346 43724 0.150759 324.161
1430	1	20500.9	319845	319832	13.2149	2369	8061	3275	4	0.0001 Colloc0 2369 43729 0.167877 294.196
1440	1	20642.1	319968	319955	13.2677	2349	8172	3164	3	0.0001 Colloc0 2349 43749 0.157441 298.15
1450	1	20784	319623	319609	13.3799	2320	8328	3008	1	0.0001 Colloc0 2320 43809 0.154318 306.605
1460	1	20924.7	319886	319873	13.2836	2377	8175	3161	4	0.0001 Colloc0 2377 43753 0.175946 299.351
1470	1	21064	318722	318708	13.6081	2303	8435	2901	2	0.0001 Colloc0 2303 43744 0.138514 323.976
1480	1	21208.2	318676	318663	13.1465	2327	8414	2922	5	0.0001 Colloc0 2327 43714 0.158822 289.092
1490	1	21351.5	318165	318152	13.0638	2318	8632	2704	3	0.0001 Colloc0 2318 43727 0.178438 282.948
1500	1	21493.5	318612	318600	12.9307	2350	8637	2699	2	0.0001 Colloc0 2350 43716 0.177074 273.13
1510	1	21636	318219	318206	12.645	2334	8661	2675	3	0.0001 Colloc0 2334 43696 0.195369 252.385
1520	1	21776.5	318184	318171	13.3358	2349	8649	2687	3	0.0001 Colloc0 2349 43691 0.174571 303.279
1530	1	21917.6	318152	318139	12.9229	2340	8610	2726	2	0.0001 Colloc0 2340 43681 0.183781 272.561
1540	1	22059.7	318596	318583	13.3556	2367	8547	2789	3	0.0001 Colloc0 2367 43653 0.17326 304.773
1550	1	22199.9	318820	318806	13.2756	2332	8518	2818	7	0.0001 Colloc0 2332 43678 0.172659 298.747
1560	1	22335.6	318189	318176	13.0981	2329	8749	2587	2	0.0001 Colloc0 2329 43694 0.181324 285.488
1570	1	22474.2	317921	317908	12.434	2340	8723	2613	3	0.0001 Colloc0 2340 43663 0.199887 237.358
1580	1	22613.7	318251	318237	13.8891	2321	8641	2695	5	0.0001 Colloc0 2321 43668 0.134246 345.66
1590	1	22752.2	317973	317960	13.2935	2339	8755	2581	6	0.0001 Colloc0 2339 43604 0.15956 300.089
1600	1	22891.7	318250	318237	12.9024	2351	8645	2691	4	0.0001 Colloc0 2351 43588 0.172373 271.054
1610	1	23027.9	318499	318486	13.2369	2395	8659	2677	4	0.0001 Colloc0 2395 43627 0.201402 295.842
1620	1	23159.8	318535	318522	13.7994	2364	8604	2732	3	0.0001 Colloc0 2364 43602 0.151253 338.699
1630	1	23294.9	318560	318546	13.5158	2327	8475	2861	6	0.0001 Colloc0 2327 43628 0.15322 316.92
1640	1	23433.2	318346	318333	12.9586	2317	8527	2809	6	0.0001 Colloc0 2317 43594 0.174241 275.179
1650	1	23574	318580	318566	13.1926	2366	8500	2836	3	0.0001 Colloc0 2366 43568 0.179421 292.532
1660	1	23712.6	318922	318909	12.678	2385	8423	2913	4	0.0001 Colloc0 2385 43566 0.211288 254.753
1670	1	23850.9	317937	317924	12.8639	2335	8600	2736	4	0.0001 Colloc0 2335 43562 0.183439 268.241
1680	1	23989.5	317570	317557	13.0363	2322	8632	2704	3	0.0001 Colloc0 2322 43465 0.173121 280.912
1690	1	24124.3	317899	317885	13.374	2319	8708	2628	4	0.0001 Colloc0 2319 43504 0.170248 306.158
1700	1	24254.7	318181	318168	13.1358	2325	8691	2645	3	0.0001 Colloc0 2325 43580 0.164031 288.293
1710	1	24387.9	317857	317844	12.642	2366	8767	2569	3	0.0001 Colloc0 2366 43530 0.21097 252.168
1720	1	24526.2	317962	317948	13.3108	2368	8642	2694	5	0.0001 Colloc0 2368 43510 0.167512 301.393
1730	1	24664	317712	317699	12.9629	2349	8590	2746	6	0.0001 Colloc0 2349 43455 0.177856 275.496
1740	1	24799.9	317735	317722	13.0758	2356	8531	2805	3	0.0001 Colloc0 2356 43451 0.185769 283.839
1750	1	24935.8	318072	318059	13.3928	2343	8547	2789	4	0.0001 Colloc0 2343 43494 0.166928 307.582
1760	1	25075.6	318340	318327	12.6882	2367	8457	2879	3	0.0001 Colloc0 2367 43472 0.180827 255.49
1770	1	25212.2	318292	318279	12.8453	2363	8388	2948	5	0.0001 Colloc0 2363 43498 0.184082 266.882
1780	1	25349.7	318620	318607	13.1039	2385	8506	2830	2	0.0001 Colloc0 2385 43469 0.179075 285.924
1790	1	25487.6	318429	318416	13.0653	2371	8406	2930	3	0.0001 Colloc0 2371 43426 0.179581 283.058
1800	1	25625.2	317829	317816	13.4759	2353	8470	2866	3	0.0001 Colloc0 2353 43402 0.169329 313.882
1810	1	25760.9	317778	317765	13.2387	2357	8504	2832	5	0.0001 Colloc0 2357 43431 0.179593 295.982
1820	1	25895.1	317886	317874	12.9091	2387	8473	2863	5	0.0001 Colloc0 2387 43377 0.188945 271.548
1830	1	26025	317691	317678	13.2519	2377	8557	2779	4	0.0001 Colloc0 2377 43412 0.170147 296.965
1840	1	26153.5	318100	318087	13.5847	2385	8317	3019	3	0.0001 Colloc0 2385 43427 0.172694 322.183
1850	1	26282.9	317245	317232	13.4272	2340	8611	2725	3	0.0001 Colloc0 2340 43398 0.164928 310.186
1860	1	26409.3	317452	317439	13.4841	2330	8663	2673	4	0.0001 Colloc0 2330 43434 0.16192 314.504
1870	1	26533.4	316716	316703	12.9636	2364	8862	2474	3	0.0001 Colloc0 2364 43332 0.182593 275.548
1880	1	26657.7	316985	316972	13.0206	2348	8736	2600	3	0.0001 Colloc0 2348 43382 0.179003 279.749
1890	1	26783	317187	317174	12.9436	2352	8782	2554	3	0.0001 Colloc0 2352 43415 0.186178 274.08
1900	1	26908.5	316881	316868	13.2467	2323	8755	2581	4	0.0001 Colloc0 2323 43430 0.162546 296.58
1910	1	27054.8	316952	316939	13.0746	2340	8822	2514	3	0.0001 Colloc0 2340 43384 0.168806 283.747
1920	1	27176.3	316763	316750	13.3181	2360	9008	2328	6	0.0001 Colloc0 2360 43390 0.164812 301.944
1930	1	27298.5	316786	316773	12.7236	2351	8909	2427	8	0.0001 Colloc0 2351 43367 0.187976 258.045
1940	1	27419.6	317013	316999	13.3083	2375	8805	2531	4	0.0001 Colloc0 2375 43361 0.165079 301.208
1950	1	27538.4	316574	316562	12.7426	2332	8802	2534	4	0.0001 Colloc0 2332 43380 0.194274 259.424
1960	1	27653.8	316472	316459	13.2312	2334	8951	2385	5	0.0001 Colloc0 2334 43363 0.170742 295.418
1970	1	27762.2	316775	316762	13.0694	2372	8789	2547	4	0.0001 Colloc0 2372 43351 0.182628 283.36
1980	1	27868.6	316441	316428	13.3031	2374	8853	2483	7	0.0001 Colloc0 2374 43332 0.176848 300.812
1990	1	27972.4	316784	316770	13.2067	2369	8894	2442	4	0.0001 Colloc0 2369 43321 0.188378 293.586
2000	1	28076.7	316456	316443	13.8599	2366	9006	2330	5	0.0001 Colloc0 2366 43286 0.141058 343.386
