# D = 0, E = 1, I = 1, P = 1, R = -1, n = 2000, N = 1, P = 1, w = 1, a = 0.0001, b = 10000, e = 1, f = 1, g = 100, h = 0.01, r = 21214, s = 1, S = 0, x = 10, m = 100, Z = 1, z = 0, T = 1, t = 1
# 131381 tokens in 11336 sentences
#
# It	Temp	Time	-logP	-logPcorpus	-logPrior	tables	same	changed	reject	default_pya	(parent pym pyn pya pyb)*
0	1	16.5835	530048	529935	113.764	13712	0	11336	0	0.0001 Colloc0 13712 65291 0.0001 10000
10	1	247.51	414477	414461	15.694	3789	2878	8458	8	0.0001 Colloc0 3789 54717 0.189123 491.335
20	1	406.171	400875	400860	15.4242	2763	3240	8096	7	0.0001 Colloc0 2763 53983 0.0893278 468.967
30	1	560.657	393042	393027	14.9859	2518	3527	7809	6	0.0001 Colloc0 2518 53444 0.0623355 433.03
40	1	710.289	388543	388528	14.5457	2365	3741	7595	3	0.0001 Colloc0 2365 53168 0.068909 397.486
50	1	856.735	383446	383432	14.2836	2328	3958	7378	4	0.0001 Colloc0 2328 52803 0.0771312 376.617
60	1	996.056	381766	381751	14.2144	2310	4110	7226	2	0.0001 Colloc0 2310 52607 0.0863027 371.141
70	1	1144.26	379132	379118	14.1523	2383	4250	7086	7	0.0001 Colloc0 2383 52218 0.109892 366.25
80	1	1290.16	375321	375307	13.5747	2320	4596	6740	7	0.0001 Colloc0 2320 51954 0.121372 321.416
90	1	1434.81	372612	372597	14.5241	2299	4745	6591	4	0.0001 Colloc0 2299 51585 0.0759784 395.76
100	1	1581.76	367922	367909	13.5347	2302	4881	6455	5	0.0001 Colloc0 2302 50981 0.122702 318.358
110	1	1728.29	364353	364340	13.455	2265	5042	6294	4	0.0001 Colloc0 2265 50663 0.140374 312.298
120	1	1877.33	362280	362267	13.1806	2250	5204	6132	4	0.0001 Colloc0 2250 50520 0.138504 291.636
130	1	2018.57	361496	361483	13.6412	2261	5202	6134	6	0.0001 Colloc0 2261 50361 0.113287 326.512
140	1	2161.69	360828	360815	13.709	2293	5150	6186	10	0.0001 Colloc0 2293 50300 0.119877 331.724
150	1	2305.54	357690	357676	13.5542	2264	5448	5888	9	0.0001 Colloc0 2264 50115 0.122705 319.847
160	1	2452.02	357646	357632	13.7456	2266	5392	5944	3	0.0001 Colloc0 2266 49938 0.115378 334.539
170	1	2599.71	356373	356359	13.0832	2287	5372	5964	4	0.0001 Colloc0 2287 49786 0.15063 284.385
180	1	2741.74	350723	350710	13.0137	2277	5775	5561	4	0.0001 Colloc0 2277 49019 0.156294 279.243
190	1	2888.01	349310	349297	13.182	2254	6022	5314	5	0.0001 Colloc0 2254 48889 0.140655 291.735
200	1	3027.29	348638	348625	12.8896	2246	6038	5298	6	0.0001 Colloc0 2246 48803 0.153664 270.121
210	1	3173.55	347123	347110	12.8298	2277	5994	5342	7	0.0001 Colloc0 2277 48628 0.161358 265.752
220	1	3319.04	345248	345235	13.246	2271	6219	5117	4	0.0001 Colloc0 2271 48372 0.151196 296.528
230	1	3456.35	342802	342790	12.5605	2299	6432	4904	4	0.0001 Colloc0 2299 48143 0.200037 246.336
240	1	3596.37	341398	341386	12.3615	2220	6477	4859	3	0.0001 Colloc0 2220 47981 0.205245 232.257
250	1	3731	339848	339835	12.9002	2225	6569	4767	5	0.0001 Colloc0 2225 47758 0.16762 270.897
260	1	3872.72	339993	339979	13.2748	2276	6523	4813	2	0.0001 Colloc0 2276 47591 0.158356 298.684
270	1	4016.62	338602	338589	12.9216	2255	6534	4802	3	0.0001 Colloc0 2255 47350 0.177633 272.465
280	1	4162.56	338150	338137	13.1795	2274	6635	4701	3	0.0001 Colloc0 2274 47288 0.156597 291.547
290	1	4296.79	337534	337520	13.4591	2260	6756	4580	6	0.0001 Colloc0 2260 47271 0.154557 312.608
300	1	4435.23	336964	336951	13.0347	2236	6928	4408	4	0.0001 Colloc0 2236 47271 0.171497 280.791
310	1	4567.46	336934	336921	13.0063	2264	6852	4484	1	0.0001 Colloc0 2264 47146 0.176444 278.694
320	1	4700.59	336732	336719	13.0446	2229	6871	4465	2	0.0001 Colloc0 2229 47160 0.173116 281.524
330	1	4845.27	336861	336848	13.3283	2232	6759	4577	3	0.0001 Colloc0 2232 47120 0.153845 302.709
340	1	4990.29	337232	337219	13.1449	2270	6777	4559	3	0.0001 Colloc0 2270 47080 0.155899 288.973
350	1	5135.47	337003	336990	13.0916	2239	6673	4663	5	0.0001 Colloc0 2239 47081 0.15588 285.008
360	1	5280.85	336035	336022	13.0637	2260	6742	4594	2	0.0001 Colloc0 2260 46899 0.1578 282.939
370	1	5425.86	336397	336383	13.6597	2264	6663	4673	1	0.0001 Colloc0 2264 46853 0.132161 327.93
380	1	5570.15	334906	334893	12.9459	2271	6774	4562	2	0.0001 Colloc0 2271 46705 0.173181 274.25
390	1	5715.09	334454	334441	13.2485	2258	6816	4520	1	0.0001 Colloc0 2258 46636 0.165087 296.714
400	1	5859.45	334046	334033	12.9428	2243	7001	4335	0	0.0001 Colloc0 2243 46679 0.1682 274.022
410	1	6004.75	333865	333853	12.7559	2294	7024	4312	1	0.0001 Colloc0 2294 46581 0.170849 260.381
420	1	6163.08	332276	332263	12.4985	2217	7158	4178	1	0.0001 Colloc0 2217 46463 0.186018 241.921
430	1	6307.49	332257	332244	12.7486	2265	7107	4229	1	0.0001 Colloc0 2265 46357 0.169598 259.851
440	1	6451.02	331803	331790	12.705	2263	7225	4111	1	0.0001 Colloc0 2263 46327 0.180893 256.701
450	1	6590.95	332326	332312	13.0976	2253	7030	4306	1	0.0001 Colloc0 2253 46296 0.153116 285.451
460	1	6733.24	332135	332122	13.1568	2230	7080	4256	2	0.0001 Colloc0 2230 46280 0.147526 289.858
470	1	6877.28	331501	331488	12.683	2281	7173	4163	2	0.0001 Colloc0 2281 46188 0.194136 255.117
480	1	7022.44	330970	330957	12.735	2259	7307	4029	2	0.0001 Colloc0 2259 46217 0.193295 258.873
490	1	7161.97	331018	331005	13.1999	2302	7371	3965	0	0.0001 Colloc0 2302 46155 0.18218 293.072
500	1	7299.1	330359	330346	13.0175	2238	7565	3771	1	0.0001 Colloc0 2238 46155 0.16046 279.523
510	1	7431.7	330314	330301	13.1252	2251	7392	3944	0	0.0001 Colloc0 2251 46100 0.163199 287.505
520	1	7564	330873	330860	12.9119	2301	7255	4081	0	0.0001 Colloc0 2301 46048 0.168896 271.751
530	1	7697.88	330538	330525	12.6884	2271	7387	3949	2	0.0001 Colloc0 2271 46061 0.188312 255.509
540	1	7831.38	330199	330186	12.6654	2294	7581	3755	2	0.0001 Colloc0 2294 46094 0.199485 253.851
550	1	7966.24	330713	330700	12.8274	2295	7307	4029	4	0.0001 Colloc0 2295 46133 0.19301 265.575
560	1	8106.52	330375	330362	13.0212	2260	7333	4003	1	0.0001 Colloc0 2260 46000 0.17013 279.796
570	1	8246.61	330185	330172	12.9295	2295	7363	3973	2	0.0001 Colloc0 2295 46058 0.185923 273.044
580	1	8389.85	330014	330001	12.9034	2250	7275	4061	3	0.0001 Colloc0 2250 45951 0.167609 271.132
590	1	8530.89	330739	330726	13.1314	2261	7231	4105	2	0.0001 Colloc0 2261 46026 0.175839 287.967
600	1	8675.01	330919	330906	12.7148	2300	7249	4087	0	0.0001 Colloc0 2300 45979 0.181776 257.407
610	1	8818.18	330138	330124	13.1636	2240	7253	4083	2	0.0001 Colloc0 2240 46000 0.160458 290.368
620	1	8962.9	330506	330492	13.3708	2269	7294	4042	1	0.0001 Colloc0 2269 45972 0.148775 305.922
630	1	9108.18	330263	330250	12.4495	2274	7251	4085	2	0.0001 Colloc0 2274 45928 0.188834 238.454
640	1	9246.61	330725	330712	12.9642	2294	7120	4216	1	0.0001 Colloc0 2294 45973 0.161677 275.591
650	1	9385	330860	330847	13.1949	2254	7126	4210	0	0.0001 Colloc0 2254 45999 0.138181 292.701
660	1	9523.93	330288	330275	12.8765	2324	7267	4069	0	0.0001 Colloc0 2324 45906 0.185753 269.159
670	1	9668.89	329762	329749	12.9315	2296	7359	3977	6	0.0001 Colloc0 2296 45922 0.178515 273.19
680	1	9813.33	328903	328890	12.7804	2261	7449	3887	3	0.0001 Colloc0 2261 45868 0.184131 262.159
690	1	9962.92	328249	328236	13.0916	2276	7374	3962	2	0.0001 Colloc0 2276 45616 0.184758 285.004
700	1	10107.2	329067	329054	13.1404	2319	7206	4130	5	0.0001 Colloc0 2319 45645 0.171449 288.632
710	1	10249.2	327912	327899	13.0529	2237	7356	3980	3	0.0001 Colloc0 2237 45628 0.166812 282.137
720	1	10393.1	328181	328168	12.7982	2274	7286	4050	2	0.0001 Colloc0 2274 45578 0.190265 263.456
730	1	10536.7	328311	328298	13.4296	2293	7286	4050	1	0.0001 Colloc0 2293 45593 0.159458 310.367
740	1	10677.7	327857	327844	13.0457	2306	7378	3958	0	0.0001 Colloc0 2306 45584 0.171976 281.604
750	1	10821	327911	327898	12.7184	2291	7352	3984	3	0.0001 Colloc0 2291 45554 0.198551 257.672
760	1	10965.4	327763	327749	13.4736	2257	7351	3985	5	0.0001 Colloc0 2257 45558 0.131941 313.709
