# D = 0, E = 1, I = 1, P = 1, R = -1, n = 2000, N = 1, P = 1, w = 1, a = 0.0001, b = 10000, e = 1, f = 1, g = 100, h = 0.01, r = 15787, s = 1, S = 0, x = 10, m = 100, Z = 1, z = 0, T = 1, t = 1
# 131381 tokens in 11336 sentences
#
# It	Temp	Time	-logP	-logPcorpus	-logPrior	tables	same	changed	reject	default_pya	(parent pym pyn pya pyb)*
0	1	13.8189	441294	441180	113.764	10311	0	11336	0	0.0001 Colloc0 10311 53309 0.0001 10000
10	1	208.321	374945	374928	16.184	3336	3584	7752	9	0.0001 Colloc0 3336 48737 0.144684 532.383
20	1	352.748	364910	364894	16.1229	2670	3957	7379	7	0.0001 Colloc0 2670 48410 0.0517321 527.24
30	1	497.36	360661	360646	15.1921	2528	4207	7129	5	0.0001 Colloc0 2528 48204 0.0610207 449.868
40	1	645.242	356984	356968	15.182	2488	4397	6939	3	0.0001 Colloc0 2488 47915 0.0764449 449.039
50	1	789.074	353688	353674	14.0363	2403	4652	6684	4	0.0001 Colloc0 2403 47752 0.119245 357.142
60	1	934.641	351681	351666	14.647	2396	4731	6605	4	0.0001 Colloc0 2396 47698 0.079236 405.612
70	1	1079.52	348903	348889	14.0027	2416	5001	6335	5	0.0001 Colloc0 2416 47377 0.14106 354.515
80	1	1225.76	346522	346509	13.4246	2391	5175	6161	6	0.0001 Colloc0 2391 47255 0.143012 309.987
90	1	1371.23	342865	342851	13.5389	2384	5583	5753	3	0.0001 Colloc0 2384 46907 0.15677 318.68
100	1	1509.98	340319	340305	13.5187	2297	5762	5574	6	0.0001 Colloc0 2297 46773 0.142207 317.145
110	1	1648.69	338309	338296	13.0052	2337	5990	5346	3	0.0001 Colloc0 2337 46483 0.158509 278.612
120	1	1795.16	337792	337779	12.8883	2320	5997	5339	3	0.0001 Colloc0 2320 46457 0.183086 270.023
130	1	1936.89	337655	337642	13.6183	2341	5981	5355	3	0.0001 Colloc0 2341 46284 0.140924 324.757
140	1	2081.55	337559	337545	13.7241	2396	6013	5323	5	0.0001 Colloc0 2396 46165 0.159246 332.885
150	1	2224.59	336115	336102	13.5704	2338	6216	5120	7	0.0001 Colloc0 2338 46022 0.152375 321.084
160	1	2370.76	335372	335358	13.6254	2381	6264	5072	8	0.0001 Colloc0 2381 45968 0.1617 325.297
170	1	2516.39	334742	334729	12.9166	2387	6381	4955	3	0.0001 Colloc0 2387 45957 0.19258 272.097
180	1	2658.18	335131	335117	14.0249	2312	6362	4974	5	0.0001 Colloc0 2312 46002 0.108854 356.249
190	1	2800.49	334082	334069	12.917	2277	6498	4838	3	0.0001 Colloc0 2277 45958 0.156437 272.126
200	1	2943	332879	332865	13.256	2359	6750	4586	3	0.0001 Colloc0 2359 45812 0.160882 297.272
210	1	3085.75	332900	332887	13.4368	2356	6756	4580	5	0.0001 Colloc0 2356 45753 0.160734 310.913
220	1	3230.75	333072	333058	13.8542	2366	6728	4608	5	0.0001 Colloc0 2366 45684 0.139784 342.949
230	1	3376.5	332864	332850	14.1124	2309	6809	4527	3	0.0001 Colloc0 2309 45660 0.111972 363.111
240	1	3517.98	332199	332185	13.7638	2365	6887	4449	5	0.0001 Colloc0 2365 45611 0.14192 335.949
250	1	3660.8	331725	331711	13.2467	2348	6833	4503	6	0.0001 Colloc0 2348 45507 0.156725 296.579
260	1	3804.82	331086	331073	13.2372	2374	6982	4354	3	0.0001 Colloc0 2374 45477 0.163099 295.867
270	1	3950.7	330715	330701	13.1765	2390	7005	4331	3	0.0001 Colloc0 2390 45410 0.173502 291.33
280	1	4094.61	329769	329755	13.1714	2336	7235	4101	6	0.0001 Colloc0 2336 45410 0.166719 290.944
290	1	4237.72	329271	329258	13.2105	2402	7237	4099	3	0.0001 Colloc0 2402 45320 0.183138 293.864
300	1	4378.16	330052	330038	13.3149	2356	7155	4181	5	0.0001 Colloc0 2356 45382 0.166049 301.701
310	1	4519.55	328632	328618	13.3695	2339	7509	3827	3	0.0001 Colloc0 2339 45321 0.150605 305.822
320	1	4659.02	327737	327723	13.2071	2361	7622	3714	6	0.0001 Colloc0 2361 45262 0.185868 293.615
330	1	4797.52	327675	327661	13.5038	2384	7745	3591	3	0.0001 Colloc0 2384 45287 0.161391 316.006
340	1	4941.25	327297	327284	13.2843	2338	7819	3517	5	0.0001 Colloc0 2338 45195 0.17084 299.401
350	1	5086.31	327408	327394	13.7957	2400	7698	3638	3	0.0001 Colloc0 2400 45180 0.125137 338.418
360	1	5226.21	327418	327404	13.1371	2415	7779	3557	5	0.0001 Colloc0 2415 45105 0.177741 288.389
370	1	5367.13	327020	327006	13.6279	2396	7756	3580	4	0.0001 Colloc0 2396 45032 0.162043 325.486
380	1	5504.75	326551	326537	13.245	2379	7598	3738	5	0.0001 Colloc0 2379 44958 0.164044 296.452
390	1	5649.6	326239	326225	13.6102	2355	7711	3625	2	0.0001 Colloc0 2355 44934 0.144913 324.135
400	1	5794.61	325939	325926	13.238	2382	7759	3577	5	0.0001 Colloc0 2382 44872 0.181033 295.926
410	1	5938.13	326051	326038	13.2431	2399	7771	3565	4	0.0001 Colloc0 2399 44881 0.183784 296.308
420	1	6077.13	325038	325025	13.0649	2360	7846	3490	4	0.0001 Colloc0 2360 44795 0.176484 283.029
430	1	6211.25	324755	324741	13.6249	2323	7761	3575	4	0.0001 Colloc0 2323 44815 0.13854 325.263
440	1	6346.4	324370	324357	13.0051	2357	7844	3492	3	0.0001 Colloc0 2357 44654 0.191447 278.608
450	1	6488.69	324165	324152	12.8801	2412	7907	3429	8	0.0001 Colloc0 2412 44651 0.186233 269.426
460	1	6630.81	324085	324071	13.312	2347	7963	3373	3	0.0001 Colloc0 2347 44627 0.156513 301.48
470	1	6773.93	323937	323923	13.5016	2351	8043	3293	4	0.0001 Colloc0 2351 44669 0.152565 315.838
480	1	6916.5	324230	324216	13.7829	2395	7937	3399	4	0.0001 Colloc0 2395 44624 0.145608 337.425
490	1	7059.01	324418	324405	13.493	2371	7838	3498	6	0.0001 Colloc0 2371 44632 0.161858 315.183
500	1	7197.66	323866	323852	13.2572	2377	8054	3282	2	0.0001 Colloc0 2377 44605 0.158655 297.367
510	1	7338.08	323241	323228	13.5686	2364	8222	3114	8	0.0001 Colloc0 2364 44575 0.156071 320.953
520	1	7483.11	323317	323304	13.3235	2378	8176	3160	6	0.0001 Colloc0 2378 44585 0.166843 302.35
530	1	7627.69	323360	323347	13.12	2359	8035	3301	7	0.0001 Colloc0 2359 44576 0.16294 287.121
540	1	7766.05	323527	323513	13.8004	2357	8113	3223	6	0.0001 Colloc0 2357 44571 0.138806 338.778
550	1	7910.66	323573	323559	13.7436	2389	8140	3196	4	0.0001 Colloc0 2389 44537 0.144312 334.387
560	1	8054.66	323923	323910	13.4049	2406	7968	3368	7	0.0001 Colloc0 2406 44537 0.164006 308.5
570	1	8199.99	324408	324394	13.7375	2474	7864	3472	5	0.0001 Colloc0 2474 44452 0.156381 333.919
580	1	8343.61	323833	323819	13.7176	2404	7947	3389	5	0.0001 Colloc0 2404 44414 0.155234 332.385
590	1	8489.47	323278	323265	13.4685	2410	8050	3286	3	0.0001 Colloc0 2410 44364 0.172217 313.321
600	1	8634.42	323194	323181	13.1197	2386	8028	3308	5	0.0001 Colloc0 2386 44368 0.181533 287.095
610	1	8778.86	323132	323120	12.8032	2363	8137	3199	4	0.0001 Colloc0 2363 44387 0.191578 263.816
620	1	8927.04	323600	323587	13.285	2432	8009	3327	9	0.0001 Colloc0 2432 44333 0.180909 299.457
630	1	9071	323070	323057	12.8466	2406	7972	3364	5	0.0001 Colloc0 2406 44308 0.200751 266.974
640	1	9211.96	323349	323335	13.7725	2395	7986	3350	6	0.0001 Colloc0 2395 44316 0.144449 336.617
650	1	9351.36	323167	323154	13.3773	2380	7938	3398	4	0.0001 Colloc0 2380 44316 0.158723 306.412
660	1	9493.25	323566	323552	14.0145	2378	7881	3455	4	0.0001 Colloc0 2378 44334 0.146671 355.437
670	1	9631.8	323411	323397	13.7735	2397	7881	3455	3	0.0001 Colloc0 2397 44335 0.150188 336.695
680	1	9775.49	324094	324081	13.4358	2426	7746	3590	6	0.0001 Colloc0 2426 44359 0.173658 310.84
690	1	9910.15	324138	324124	13.2099	2414	7766	3570	4	0.0001 Colloc0 2414 44333 0.164599 293.82
700	1	10045.7	322867	322854	13.6633	2404	7880	3456	5	0.0001 Colloc0 2404 44154 0.154228 328.207
710	1	10187.5	322456	322443	12.9245	2372	7898	3438	5	0.0001 Colloc0 2372 44082 0.186853 272.677
720	1	10331.6	322601	322587	13.1217	2413	7902	3434	5	0.0001 Colloc0 2413 44100 0.185634 287.245
730	1	10475.9	321853	321840	13.5879	2362	7955	3381	4	0.0001 Colloc0 2362 44064 0.165802 322.425
740	1	10619.2	321955	321942	13.536	2384	7921	3415	4	0.0001 Colloc0 2384 44014 0.163257 318.458
750	1	10762.8	322066	322052	13.7736	2343	7990	3346	6	0.0001 Colloc0 2343 44034 0.137389 336.709
760	1	10907	322302	322288	13.5518	2395	7963	3373	4	0.0001 Colloc0 2395 44005 0.155307 319.663
770	1	11051.9	322169	322155	13.4703	2413	7958	3378	3	0.0001 Colloc0 2413 43868 0.168985 313.457
