# D = 0, E = 1, I = 1, P = 1, R = -1, n = 2000, N = 1, P = 1, w = 1, a = 0.0001, b = 10000, e = 1, f = 1, g = 100, h = 0.01, r = 7644, s = 1, S = 0, x = 10, m = 100, Z = 1, z = 0, T = 1, t = 1
# 131381 tokens in 11336 sentences
#
# It	Temp	Time	-logP	-logPcorpus	-logPrior	tables	same	changed	reject	default_pya	(parent pym pyn pya pyb)*
0	1	13.6309	440847	440733	113.764	10412	0	11336	0	0.0001 Colloc0 10412 52879 0.0001 10000
10	1	194.209	382934	382917	16.7377	3400	3493	7843	4	0.0001 Colloc0 3400 49316 0.111793 579.379
20	1	346.56	371391	371375	16.3907	2737	3928	7408	5	0.0001 Colloc0 2737 48761 0.0443696 549.862
30	1	496.5	365521	365505	15.6801	2551	4254	7082	1	0.0001 Colloc0 2551 48329 0.0575812 490.174
40	1	642.967	361258	361242	15.244	2539	4456	6880	4	0.0001 Colloc0 2539 47941 0.0705944 454.126
50	1	790.722	358579	358564	15.3755	2467	4606	6730	2	0.0001 Colloc0 2467 47859 0.0552023 464.95
60	1	936.654	356414	356399	14.9601	2451	4846	6490	4	0.0001 Colloc0 2451 47699 0.0783932 430.931
70	1	1084.22	353837	353822	14.6861	2419	5053	6283	3	0.0001 Colloc0 2419 47565 0.103447 408.754
80	1	1232.4	353304	353289	14.2837	2456	5128	6208	3	0.0001 Colloc0 2456 47426 0.113089 376.621
90	1	1379.34	351790	351776	13.8279	2396	5162	6174	3	0.0001 Colloc0 2396 47420 0.116962 340.906
100	1	1524.4	350448	350433	14.3771	2350	5293	6043	3	0.0001 Colloc0 2350 47343 0.0987261 384.033
110	1	1671.4	350014	350000	14.7467	2380	5416	5920	4	0.0001 Colloc0 2380 47225 0.0903126 413.642
120	1	1816.08	349189	349174	14.4812	2375	5503	5833	3	0.0001 Colloc0 2375 47231 0.0848382 392.332
130	1	1954.69	348632	348618	14.6545	2410	5655	5681	1	0.0001 Colloc0 2410 47154 0.105155 406.218
140	1	2099.24	347738	347724	14.7034	2372	5653	5683	5	0.0001 Colloc0 2372 47087 0.102991 410.152
150	1	2237.45	347659	347644	14.5592	2365	5654	5682	3	0.0001 Colloc0 2365 46938 0.0839766 398.569
160	1	2375.41	345890	345876	13.9796	2343	5815	5521	4	0.0001 Colloc0 2343 46859 0.11131 352.711
170	1	2519	345510	345495	14.2753	2393	5951	5385	3	0.0001 Colloc0 2393 46843 0.110261 375.955
180	1	2666.01	343516	343501	14.0983	2390	6116	5220	1	0.0001 Colloc0 2390 46769 0.118955 362.003
190	1	2812.38	341738	341724	14.1689	2389	6353	4983	3	0.0001 Colloc0 2389 46470 0.116917 367.559
200	1	2959.83	340919	340905	14.0687	2404	6528	4808	3	0.0001 Colloc0 2404 46342 0.118639 359.684
210	1	3105.94	340372	340359	13.5906	2419	6460	4876	2	0.0001 Colloc0 2419 46271 0.152748 322.631
220	1	3252.08	339814	339800	14.126	2387	6459	4877	3	0.0001 Colloc0 2387 46176 0.0991972 364.183
230	1	3397.21	338732	338718	14.061	2381	6711	4625	5	0.0001 Colloc0 2381 46153 0.119231 359.079
240	1	3543.42	337192	337178	14.0396	2410	6687	4649	1	0.0001 Colloc0 2410 45826 0.128577 357.4
250	1	3689.87	336343	336330	13.951	2365	6661	4675	2	0.0001 Colloc0 2365 45660 0.127031 350.473
260	1	3834.17	335980	335966	14.1188	2355	6669	4667	1	0.0001 Colloc0 2355 45666 0.115989 363.61
270	1	3979.29	335649	335635	13.9123	2380	6617	4719	2	0.0001 Colloc0 2380 45604 0.130429 347.462
280	1	4125.03	335021	335007	13.636	2354	6788	4548	4	0.0001 Colloc0 2354 45587 0.14056 326.109
290	1	4269.71	335020	335006	13.9011	2360	6776	4560	3	0.0001 Colloc0 2360 45493 0.106083 346.587
300	1	4413.93	334434	334421	13.4295	2345	6848	4488	6	0.0001 Colloc0 2345 45496 0.146992 310.361
310	1	4549.8	334157	334144	13.4615	2387	6838	4498	2	0.0001 Colloc0 2387 45399 0.147287 312.791
320	1	4684.27	333944	333930	13.5482	2375	6871	4465	2	0.0001 Colloc0 2375 45294 0.138827 319.393
330	1	4821.65	332906	332892	13.7642	2397	7032	4304	0	0.0001 Colloc0 2397 45184 0.150915 335.977
340	1	4963.99	332100	332085	14.1127	2386	7124	4212	4	0.0001 Colloc0 2386 45121 0.127111 363.132
350	1	5103.95	332004	331990	13.9453	2393	7088	4248	1	0.0001 Colloc0 2393 45083 0.13797 350.035
360	1	5238.2	331463	331449	13.9391	2310	7051	4285	6	0.0001 Colloc0 2310 45000 0.122191 349.549
370	1	5380.69	331627	331613	13.9375	2371	6940	4396	6	0.0001 Colloc0 2371 44927 0.121832 349.422
380	1	5523.41	330080	330066	13.7776	2363	7087	4249	4	0.0001 Colloc0 2363 44677 0.126303 337.014
390	1	5665.14	328474	328461	13.4905	2369	7170	4166	2	0.0001 Colloc0 2369 44524 0.151584 314.991
400	1	5807.33	327738	327725	13.3319	2369	7236	4100	1	0.0001 Colloc0 2369 44506 0.173286 302.98
410	1	5949.04	327325	327311	13.8279	2358	7216	4120	1	0.0001 Colloc0 2358 44430 0.137347 340.905
420	1	6090.98	327536	327522	13.7048	2357	7260	4076	1	0.0001 Colloc0 2357 44440 0.144539 331.401
430	1	6233.26	326264	326251	13.0943	2374	7460	3876	1	0.0001 Colloc0 2374 44342 0.184492 285.208
440	1	6376.5	326563	326550	13.8247	2321	7389	3947	0	0.0001 Colloc0 2321 44309 0.136673 340.656
450	1	6518.94	326507	326493	13.7408	2385	7444	3892	3	0.0001 Colloc0 2385 44325 0.158131 334.169
460	1	6663.03	327174	327160	13.6259	2376	7306	4030	1	0.0001 Colloc0 2376 44401 0.16528 325.335
470	1	6808.93	326978	326964	14.325	2363	7384	3952	3	0.0001 Colloc0 2363 44280 0.119759 379.9
480	1	6953.95	327024	327010	13.7769	2394	7407	3929	1	0.0001 Colloc0 2394 44282 0.136137 336.961
490	1	7100.73	326824	326811	13.7455	2393	7398	3938	3	0.0001 Colloc0 2393 44265 0.138471 334.539
500	1	7245.56	325534	325521	12.943	2366	7596	3740	4	0.0001 Colloc0 2366 44240 0.196493 274.036
510	1	7390.69	325577	325563	13.6893	2360	7615	3721	3	0.0001 Colloc0 2360 44204 0.16275 330.203
520	1	7535.35	326551	326537	13.9427	2411	7419	3917	3	0.0001 Colloc0 2411 44193 0.12639 349.829
530	1	7680.95	326594	326580	14.2245	2414	7365	3971	6	0.0001 Colloc0 2414 44171 0.124423 371.943
540	1	7825.5	326579	326565	14.2233	2369	7346	3990	2	0.0001 Colloc0 2369 44180 0.127973 371.845
550	1	7963.7	326312	326299	13.4804	2381	7370	3966	2	0.0001 Colloc0 2381 44190 0.151018 314.227
560	1	8099.74	325425	325412	13.6051	2372	7569	3767	3	0.0001 Colloc0 2372 44074 0.156348 323.743
570	1	8241.38	325125	325112	13.3658	2410	7647	3689	1	0.0001 Colloc0 2410 44051 0.176893 305.544
580	1	8384.93	326116	326102	13.6733	2409	7502	3834	5	0.0001 Colloc0 2409 44121 0.161684 328.972
590	1	8530.83	325511	325497	13.586	2407	7514	3822	5	0.0001 Colloc0 2407 44003 0.158885 322.281
600	1	8671.37	325676	325662	13.8081	2410	7455	3881	3	0.0001 Colloc0 2410 44000 0.151186 339.378
610	1	8816.91	325304	325290	13.5838	2396	7469	3867	2	0.0001 Colloc0 2396 44012 0.160411 322.108
620	1	8958.43	325196	325183	13.6281	2407	7529	3807	3	0.0001 Colloc0 2407 43997 0.172993 325.503
630	1	9101.81	325051	325037	13.89	2381	7549	3787	4	0.0001 Colloc0 2381 43948 0.136737 345.728
640	1	9245.62	325236	325222	14.2694	2396	7566	3770	1	0.0001 Colloc0 2396 43964 0.123956 375.493
650	1	9391.49	325244	325230	13.6132	2422	7414	3922	3	0.0001 Colloc0 2422 43932 0.152769 324.365
660	1	9533.84	325306	325292	13.7553	2420	7494	3842	2	0.0001 Colloc0 2420 43969 0.137974 335.293
670	1	9667.15	325263	325249	13.8267	2432	7477	3859	6	0.0001 Colloc0 2432 43955 0.159109 340.814
680	1	9819.19	324440	324427	12.8149	2399	7646	3690	1	0.0001 Colloc0 2399 43897 0.18803 264.667
690	1	9964.43	325260	325246	13.6838	2481	7436	3900	2	0.0001 Colloc0 2481 43858 0.164009 329.779
700	1	10107.6	324752	324738	14.1474	2403	7612	3724	2	0.0001 Colloc0 2403 43921 0.12633 365.862
710	1	10244.1	324606	324593	13.3644	2414	7522	3814	0	0.0001 Colloc0 2414 43865 0.164636 305.433
720	1	10378	324655	324641	13.8401	2443	7569	3767	2	0.0001 Colloc0 2443 43767 0.148872 341.853
730	1	10522.9	324759	324745	13.2762	2428	7528	3808	5	0.0001 Colloc0 2428 43834 0.170827 298.795
740	1	10668.9	324556	324542	13.695	2408	7713	3623	6	0.0001 Colloc0 2408 43859 0.149599 330.644
750	1	10814.6	324552	324538	13.7724	2446	7783	3553	3	0.0001 Colloc0 2446 43803 0.160379 336.612
760	1	10956.3	323645	323631	13.7178	2421	7903	3433	0	0.0001 Colloc0 2421 43800 0.160718 332.398
770	1	11097.3	322848	322834	13.716	2402	8119	3217	2	0.0001 Colloc0 2402 43779 0.156929 332.262
780	1	11242.2	322232	322218	13.4836	2412	8291	3045	3	0.0001 Colloc0 2412 43703 0.167731 314.467
790	1	11384.2	322805	322792	13.4258	2414	8148	3188	4	0.0001 Colloc0 2414 43738 0.169028 310.084
800	1	11528.9	323365	323352	13.5998	2453	7922	3414	2	0.0001 Colloc0 2453 43621 0.167989 323.333
810	1	11672.4	323333	323319	14.1202	2440	7958	3378	1	0.0001 Colloc0 2440 43651 0.1373 363.722
820	1	11815.2	323297	323283	13.8265	2428	7807	3529	2	0.0001 Colloc0 2428 43591 0.154062 340.797
830	1	11958.8	322966	322952	13.5976	2416	7873	3463	4	0.0001 Colloc0 2416 43558 0.155722 323.167
840	1	12104.7	323329	323315	13.2824	2466	7828	3508	2	0.0001 Colloc0 2466 43554 0.170346 299.254
850	1	12249	323412	323398	13.5162	2466	7831	3505	1	0.0001 Colloc0 2466 43517 0.167354 316.947
860	1	12394.8	323664	323650	14.1275	2417	7828	3508	2	0.0001 Colloc0 2417 43567 0.144359 364.3
870	1	12540.3	323474	323460	14.4223	2462	7752	3584	1	0.0001 Colloc0 2462 43527 0.137935 387.631
880	1	12686.2	322884	322870	14.2686	2445	7874	3462	3	0.0001 Colloc0 2445 43456 0.133296 375.429
890	1	12832.8	322900	322886	14.0223	2402	7931	3405	1	0.0001 Colloc0 2402 43447 0.132302 356.048
900	1	12975.8	323069	323055	13.9077	2464	7914	3422	1	0.0001 Colloc0 2464 43434 0.160001 347.106
910	1	13122.4	323316	323302	14.0065	2440	7688	3648	3	0.0001 Colloc0 2440 43442 0.138189 354.814
920	1	13261.7	323476	323462	13.6265	2450	7666	3670	2	0.0001 Colloc0 2450 43447 0.160638 325.382
930	1	13397.7	323339	323325	13.9417	2440	7629	3707	3	0.0001 Colloc0 2440 43424 0.145781 349.755
940	1	13543	323158	323144	14.2448	2451	7705	3631	2	0.0001 Colloc0 2451 43400 0.136129 373.545
950	1	13689.2	323522	323508	14.0912	2443	7673	3663	2	0.0001 Colloc0 2443 43467 0.140732 361.447
960	1	13836	323825	323811	13.6102	2460	7562	3774	0	0.0001 Colloc0 2460 43405 0.16914 324.129
970	1	13982.1	323516	323503	13.3902	2448	7563	3773	0	0.0001 Colloc0 2448 43399 0.163405 307.381
980	1	14122	323849	323836	13.4003	2430	7327	4009	2	0.0001 Colloc0 2430 43386 0.16449 308.147
990	1	14258.3	324043	324029	13.6072	2434	7335	4001	2	0.0001 Colloc0 2434 43440 0.14703 323.9
1000	1	14392.2	322848	322834	13.6838	2430	7590	3746	0	0.0001 Colloc0 2430 43362 0.148475 329.784
1010	1	14528.2	323164	323150	13.5149	2433	7445	3891	8	0.0001 Colloc0 2433 43368 0.167714 316.849
1020	1	14667.6	323022	323007	14.3461	2437	7511	3825	1	0.0001 Colloc0 2437 43345 0.132761 381.57
1030	1	14812.4	322107	322093	13.8515	2415	7679	3657	2	0.0001 Colloc0 2415 43315 0.148976 342.734
1040	1	14954.8	321791	321778	13.8839	2409	7708	3628	2	0.0001 Colloc0 2409 43291 0.144263 345.253
1050	1	15098.3	321927	321913	13.7882	2425	7644	3692	0	0.0001 Colloc0 2425 43297 0.147563 337.834
1060	1	15243.7	322234	322220	13.6699	2444	7619	3717	2	0.0001 Colloc0 2444 43260 0.148709 328.715
1070	1	15387.8	321353	321339	14.4204	2453	7647	3689	2	0.0001 Colloc0 2453 43109 0.111354 387.481
1080	1	15525.9	321742	321728	13.5888	2456	7566	3770	2	0.0001 Colloc0 2456 43142 0.152946 322.492
1090	1	15673.2	321703	321689	13.9864	2440	7626	3710	1	0.0001 Colloc0 2440 43128 0.145648 353.237
1100	1	15818.9	322150	322136	13.6941	2467	7610	3726	4	0.0001 Colloc0 2467 43142 0.145804 330.575
1110	1	15954.2	321353	321339	13.98	2437	7820	3516	4	0.0001 Colloc0 2437 43115 0.134709 352.74
1120	1	16092.4	321482	321468	13.414	2494	7752	3584	0	0.0001 Colloc0 2494 43105 0.177716 309.184
1130	1	16230.9	321200	321186	13.4851	2427	7749	3587	3	0.0001 Colloc0 2427 43100 0.162837 314.586
1140	1	16364.9	321644	321630	13.6707	2463	7598	3738	4	0.0001 Colloc0 2463 43095 0.172316 328.778
1150	1	16503.7	320826	320812	14.1501	2416	7710	3626	3	0.0001 Colloc0 2416 42993 0.120402 366.073
1160	1	16648.9	320705	320692	13.3204	2424	7773	3563	3	0.0001 Colloc0 2424 43010 0.173356 302.116
1170	1	16792.2	320788	320774	13.5092	2441	7806	3530	4	0.0001 Colloc0 2441 42986 0.164889 316.419
1180	1	16936.7	321218	321204	13.803	2473	7729	3607	3	0.0001 Colloc0 2473 42981 0.16992 338.981
1190	1	17082	321178	321164	13.9867	2450	7693	3643	1	0.0001 Colloc0 2450 42958 0.1463 353.263
1200	1	17222	320604	320590	13.8621	2464	7701	3635	2	0.0001 Colloc0 2464 42999 0.151963 343.56
1210	1	17359.6	320912	320898	14.0435	2483	7681	3655	3	0.0001 Colloc0 2483 42910 0.159587 357.706
1220	1	17503.9	321009	320995	14.0092	2452	7679	3657	1	0.0001 Colloc0 2452 42910 0.153262 355.023
1230	1	17648.7	320531	320517	13.6759	2455	7671	3665	2	0.0001 Colloc0 2455 42826 0.157187 329.175
1240	1	17781.4	320565	320551	14.2484	2436	7570	3766	5	0.0001 Colloc0 2436 42826 0.129769 373.832
1250	1	17915.3	320744	320730	13.773	2488	7665	3671	3	0.0001 Colloc0 2488 42831 0.151075 336.662
1260	1	18056	320864	320849	14.5645	2450	7480	3856	2	0.0001 Colloc0 2450 42814 0.117945 398.99
1270	1	18204.5	321213	321198	14.6186	2432	7271	4065	1	0.0001 Colloc0 2432 42862 0.116545 403.333
1280	1	18348.7	320703	320689	14.3301	2462	7553	3783	6	0.0001 Colloc0 2462 42865 0.143712 380.304
1290	1	18492.8	320549	320535	13.6225	2452	7620	3716	4	0.0001 Colloc0 2452 42865 0.166523 325.072
1300	1	18636.8	319941	319927	13.7815	2429	7744	3592	2	0.0001 Colloc0 2429 42851 0.149538 337.317
1310	1	18777.8	320664	320650	14.0855	2476	7546	3790	4	0.0001 Colloc0 2476 42800 0.14563 360.996
1320	1	18918.9	317945	317931	13.9322	2470	7822	3514	2	0.0001 Colloc0 2470 42587 0.161417 349.013
1330	1	19062.9	317602	317588	13.8468	2476	7861	3475	2	0.0001 Colloc0 2476 42557 0.154424 342.375
1340	1	19207.4	316988	316974	14.1135	2427	8021	3315	2	0.0001 Colloc0 2427 42574 0.147693 363.201
1350	1	19349.8	316633	316619	13.393	2412	8082	3254	3	0.0001 Colloc0 2412 42580 0.173419 307.594
1360	1	19494.1	316881	316868	13.6465	2463	8173	3163	2	0.0001 Colloc0 2463 42609 0.156312 326.914
1370	1	19637.2	316564	316551	13.3075	2433	8137	3199	1	0.0001 Colloc0 2433 42537 0.166649 301.146
1380	1	19782.6	316942	316928	13.9637	2407	7981	3355	1	0.0001 Colloc0 2407 42551 0.13702 351.467
1390	1	19918.8	317260	317246	13.6412	2459	7912	3424	2	0.0001 Colloc0 2459 42474 0.18111 326.508
1400	1	20052.1	316761	316748	13.4714	2435	7980	3356	3	0.0001 Colloc0 2435 42486 0.170405 313.539
1410	1	20196.7	316907	316894	13.8649	2443	7857	3479	2	0.0001 Colloc0 2443 42413 0.156915 343.778
1420	1	20342.5	316989	316975	14.1217	2457	7824	3512	1	0.0001 Colloc0 2457 42394 0.151865 363.845
1430	1	20485.7	317367	317354	13.6779	2439	7683	3653	4	0.0001 Colloc0 2439 42404 0.163037 329.327
1440	1	20620.5	317593	317580	13.8676	2444	7699	3637	4	0.0001 Colloc0 2444 42383 0.146649 343.983
1450	1	20753.4	317396	317383	13.9376	2426	7778	3558	2	0.0001 Colloc0 2426 42375 0.133871 349.436
1460	1	20886.6	317198	317184	13.8883	2445	7761	3575	3	0.0001 Colloc0 2445 42357 0.158068 345.598
1470	1	21030.7	317363	317349	13.6644	2473	7811	3525	1	0.0001 Colloc0 2473 42380 0.173029 328.288
1480	1	21172.3	316940	316926	14.122	2446	7920	3416	2	0.0001 Colloc0 2446 42382 0.15003 363.867
1490	1	21317.2	316890	316876	13.9092	2489	7832	3504	1	0.0001 Colloc0 2489 42374 0.161049 347.224
1500	1	21458.7	316073	316059	13.8509	2419	8014	3322	1	0.0001 Colloc0 2419 42303 0.141865 342.689
1510	1	21599.7	316205	316192	13.177	2443	7940	3396	0	0.0001 Colloc0 2443 42324 0.174129 291.367
1520	1	21743.4	316487	316474	13.5277	2442	7987	3349	1	0.0001 Colloc0 2442 42354 0.169434 317.826
1530	1	21885.6	316142	316129	13.6132	2418	8021	3315	2	0.0001 Colloc0 2418 42350 0.154289 324.365
1540	1	22026.2	315906	315892	13.4117	2461	8094	3242	2	0.0001 Colloc0 2461 42290 0.17706 309.012
1550	1	22166	315693	315679	14.0421	2421	8168	3168	1	0.0001 Colloc0 2421 42329 0.13758 357.592
1560	1	22306.2	315595	315581	13.6875	2486	8274	3062	1	0.0001 Colloc0 2486 42273 0.166274 330.066
1570	1	22448	315826	315812	13.8552	2457	8166	3170	1	0.0001 Colloc0 2457 42283 0.166368 343.025
1580	1	22589.1	315904	315890	14.533	2473	8152	3184	3	0.0001 Colloc0 2473 42250 0.116268 396.469
1590	1	22726.3	315720	315707	13.4164	2442	8236	3100	3	0.0001 Colloc0 2442 42259 0.175933 309.368
1600	1	22861.1	315951	315937	13.9504	2453	8227	3109	2	0.0001 Colloc0 2453 42278 0.142986 350.434
1610	1	22997.4	315670	315656	13.9929	2441	8249	3087	0	0.0001 Colloc0 2441 42226 0.146225 353.747
1620	1	23137.3	316243	316230	13.6136	2439	8155	3181	2	0.0001 Colloc0 2439 42300 0.170593 324.395
1630	1	23278.4	316098	316085	13.7549	2477	8183	3153	0	0.0001 Colloc0 2477 42273 0.159521 335.263
1640	1	23418	316676	316661	14.2232	2493	8035	3301	2	0.0001 Colloc0 2493 42249 0.155914 371.842
1650	1	23557.6	316586	316572	14.2112	2469	8090	3246	1	0.0001 Colloc0 2469 42265 0.131806 370.892
1660	1	23698.4	316920	316907	13.4183	2499	7928	3408	3	0.0001 Colloc0 2499 42224 0.178672 309.511
1670	1	23839.5	316717	316702	14.2467	2446	8028	3308	4	0.0001 Colloc0 2446 42266 0.131703 373.697
1680	1	23979.1	316769	316755	13.2822	2500	7928	3408	3	0.0001 Colloc0 2500 42271 0.182807 299.245
1690	1	24118.4	316240	316226	13.8454	2457	7942	3394	1	0.0001 Colloc0 2457 42266 0.165263 342.264
1700	1	24257.4	316419	316405	13.8814	2484	7840	3496	2	0.0001 Colloc0 2484 42265 0.164454 345.059
1710	1	24394.9	316980	316966	13.6766	2454	7797	3539	1	0.0001 Colloc0 2454 42255 0.170276 329.226
1720	1	24534.6	316168	316154	13.9862	2436	7960	3376	1	0.0001 Colloc0 2436 42243 0.148916 353.224
1730	1	24674.2	315721	315707	14.0079	2435	8070	3266	2	0.0001 Colloc0 2435 42246 0.14402 354.917
1740	1	24810.4	316187	316173	13.8096	2498	8069	3267	3	0.0001 Colloc0 2498 42224 0.164735 339.489
1750	1	24944.6	315929	315915	13.9636	2475	8168	3168	2	0.0001 Colloc0 2475 42224 0.146808 351.463
1760	1	25073.7	315911	315898	13.298	2436	8220	3116	0	0.0001 Colloc0 2436 42239 0.165924 300.433
1770	1	25203.8	315682	315668	13.9144	2452	8159	3177	1	0.0001 Colloc0 2452 42127 0.158069 347.626
1780	1	25340.6	315547	315534	13.6681	2458	8256	3080	4	0.0001 Colloc0 2458 42136 0.170921 328.577
1790	1	25477.8	315222	315208	13.6021	2451	8323	3013	0	0.0001 Colloc0 2451 42123 0.175801 323.509
1800	1	25614.8	314774	314760	14.0325	2444	8381	2955	2	0.0001 Colloc0 2444 42035 0.145617 356.847
1810	1	25751.6	315034	315020	13.9654	2449	8358	2978	1	0.0001 Colloc0 2449 42083 0.149198 351.601
1820	1	25887.9	315297	315283	13.9815	2465	8350	2986	3	0.0001 Colloc0 2465 42115 0.154302 352.86
1830	1	26025	315667	315654	13.4702	2460	8218	3118	6	0.0001 Colloc0 2460 42085 0.169273 313.45
1840	1	26161.3	315254	315240	13.9797	2458	8200	3136	4	0.0001 Colloc0 2458 42021 0.141727 352.716
1850	1	26297.2	315490	315476	13.6051	2478	8218	3118	3	0.0001 Colloc0 2478 42073 0.168781 323.739
1860	1	26430.5	315550	315536	13.8534	2485	8085	3251	1	0.0001 Colloc0 2485 42039 0.152953 342.884
1870	1	26561	315059	315046	13.8159	2445	8317	3019	0	0.0001 Colloc0 2445 42017 0.151235 339.98
1880	1	26690.7	315180	315167	13.667	2473	8249	3087	2	0.0001 Colloc0 2473 42001 0.151023 328.492
1890	1	26815.7	314756	314742	14.2052	2453	8354	2982	2	0.0001 Colloc0 2453 42044 0.129755 370.419
1900	1	26941.1	314643	314629	13.9727	2438	8462	2874	0	0.0001 Colloc0 2438 42044 0.141115 352.173
1910	1	27066.6	313824	313810	13.9169	2461	8636	2700	1	0.0001 Colloc0 2461 42001 0.161834 347.818
1920	1	27191.8	314042	314027	14.5244	2408	8591	2745	1	0.0001 Colloc0 2408 42053 0.113863 395.783
1930	1	27316.2	314003	313990	13.1991	2463	8597	2739	2	0.0001 Colloc0 2463 42051 0.190988 293.016
1940	1	27441.5	314339	314325	13.7007	2477	8493	2843	1	0.0001 Colloc0 2477 42008 0.156962 331.085
1950	1	27565.6	314977	314963	14.0242	2498	8351	2985	1	0.0001 Colloc0 2498 41973 0.155946 356.193
1960	1	27688.5	314216	314202	13.672	2457	8448	2888	0	0.0001 Colloc0 2457 41971 0.174314 328.875
1970	1	27809.9	313663	313649	13.8567	2457	8656	2680	1	0.0001 Colloc0 2457 42022 0.16505 343.14
1980	1	27931.3	313540	313526	13.6661	2468	8700	2636	5	0.0001 Colloc0 2468 42018 0.173983 328.421
1990	1	28048.9	313660	313646	13.8229	2444	8724	2612	1	0.0001 Colloc0 2444 41998 0.164775 340.523
2000	1	28163.7	313170	313157	13.0085	2431	8701	2635	2	0.0001 Colloc0 2431 41956 0.187193 278.86
