# D = 0, E = 1, I = 1, P = 1, R = -1, n = 2000, N = 1, P = 1, w = 1, a = 0.0001, b = 10000, e = 1, f = 1, g = 100, h = 0.01, r = 1157, s = 1, S = 0, x = 10, m = 100, Z = 1, z = 0, T = 1, t = 1
# 131381 tokens in 11336 sentences
#
# It	Temp	Time	-logP	-logPcorpus	-logPrior	tables	same	changed	reject	default_pya	(parent pym pyn pya pyb)*
0	1	16.5805	529826	529712	113.764	13789	0	11336	0	0.0001 Colloc0 13789 65854 0.0001 10000
10	1	249.153	422986	422969	16.2999	4189	2708	8628	12	0.0001 Colloc0 4189 55840 0.202434 542.176
20	1	414.057	401162	401146	15.5598	2813	3394	7942	6	0.0001 Colloc0 2813 54126 0.073504 480.182
30	1	564.208	391485	391470	14.9401	2509	3754	7582	6	0.0001 Colloc0 2509 53393 0.0725711 429.304
40	1	701.539	385562	385547	15.743	2347	3874	7462	5	0.0001 Colloc0 2347 53009 0.00848185 495.416
50	1	838.918	379711	379696	14.8556	2310	4161	7175	4	0.0001 Colloc0 2310 52374 0.0430898 422.448
60	1	977.746	371242	371228	14.631	2251	4505	6831	5	0.0001 Colloc0 2251 51417 0.0530057 404.326
70	1	1111.88	369658	369644	14.6881	2264	4459	6877	4	0.0001 Colloc0 2264 51143 0.0567467 408.918
80	1	1245.04	365591	365577	14.4533	2204	4859	6477	8	0.0001 Colloc0 2204 50850 0.0501679 390.106
90	1	1380.21	363322	363307	14.5643	2217	4957	6379	6	0.0001 Colloc0 2217 50489 0.0535467 398.975
100	1	1526.57	361610	361596	14.0662	2229	5101	6235	7	0.0001 Colloc0 2229 50331 0.0924171 359.486
110	1	1671.43	358644	358630	13.4436	2262	5441	5895	5	0.0001 Colloc0 2262 50103 0.150017 311.432
120	1	1814.66	358432	358419	13.4252	2231	5525	5811	6	0.0001 Colloc0 2231 49979 0.134207 310.037
130	1	1962.29	357443	357429	13.4699	2244	5463	5873	4	0.0001 Colloc0 2244 49880 0.125083 313.424
140	1	2108.61	356647	356634	13.6855	2270	5464	5872	8	0.0001 Colloc0 2270 49706 0.115466 329.913
150	1	2255.41	353916	353902	13.7174	2266	5693	5643	6	0.0001 Colloc0 2266 49265 0.115353 332.37
160	1	2398.34	352339	352324	14.0847	2208	5846	5490	6	0.0001 Colloc0 2208 49133 0.0884287 360.934
170	1	2543.5	350768	350754	13.2474	2242	5704	5632	8	0.0001 Colloc0 2242 48851 0.131202 296.628
180	1	2691.02	350115	350102	13.4945	2280	5762	5574	8	0.0001 Colloc0 2280 48691 0.134031 315.3
190	1	2827.82	350511	350497	13.8432	2276	5761	5575	10	0.0001 Colloc0 2276 48661 0.113863 342.092
200	1	2973.39	350434	350420	13.9121	2260	5749	5587	8	0.0001 Colloc0 2260 48584 0.109845 347.446
210	1	3119.37	348290	348276	13.4573	2301	6105	5231	10	0.0001 Colloc0 2301 48397 0.153375 312.473
220	1	3262.86	347829	347816	13.2186	2303	6193	5143	8	0.0001 Colloc0 2303 48341 0.151872 294.47
230	1	3407.7	345517	345504	13.6869	2291	6193	5143	9	0.0001 Colloc0 2291 47979 0.134941 330.02
240	1	3549.62	344194	344181	13.5982	2308	6362	4974	10	0.0001 Colloc0 2308 47930 0.134718 323.213
250	1	3695.68	343062	343049	13.2437	2252	6405	4931	8	0.0001 Colloc0 2252 47891 0.151962 296.353
260	1	3840.39	343252	343238	13.7542	2277	6354	4982	7	0.0001 Colloc0 2277 47807 0.132419 335.208
270	1	3985.54	343565	343552	13.4331	2301	6315	5021	8	0.0001 Colloc0 2301 47715 0.145726 310.633
280	1	4131.35	341918	341905	13.3701	2308	6398	4938	8	0.0001 Colloc0 2308 47492 0.131538 305.862
290	1	4270.82	340343	340329	13.4911	2225	6661	4675	10	0.0001 Colloc0 2225 47372 0.119781 315.038
300	1	4415.57	338514	338501	13.4871	2228	6859	4477	6	0.0001 Colloc0 2228 47166 0.134064 314.737
310	1	4554.75	338053	338039	13.98	2266	6761	4575	7	0.0001 Colloc0 2266 47021 0.0956311 352.743
320	1	4696.72	337151	337138	13.2286	2239	6868	4468	9	0.0001 Colloc0 2239 47023 0.149176 295.22
330	1	4833.85	337511	337497	13.7736	2240	6881	4455	8	0.0001 Colloc0 2240 47070 0.127997 336.705
340	1	4972.33	337808	337795	13.0423	2278	6796	4540	5	0.0001 Colloc0 2278 46959 0.170342 281.358
350	1	5116.91	337824	337810	13.6538	2279	6765	4571	6	0.0001 Colloc0 2279 47001 0.130612 327.478
360	1	5252.73	337175	337162	13.0889	2250	6820	4516	5	0.0001 Colloc0 2250 46898 0.157158 284.808
370	1	5398.11	336839	336826	13.5229	2274	6798	4538	4	0.0001 Colloc0 2274 46768 0.139753 317.458
380	1	5535.7	336173	336160	12.7221	2290	6966	4370	4	0.0001 Colloc0 2290 46816 0.176546 257.934
390	1	5680.74	335622	335608	13.5232	2252	7042	4294	9	0.0001 Colloc0 2252 46702 0.13524 317.488
400	1	5820.97	334300	334286	13.4233	2323	6866	4470	6	0.0001 Colloc0 2323 46298 0.150805 309.891
410	1	5963.06	333667	333654	13.0106	2344	6934	4402	7	0.0001 Colloc0 2344 46186 0.14741 279.015
420	1	6116.09	331634	331621	13.4176	2329	7078	4258	4	0.0001 Colloc0 2329 46039 0.180732 309.458
430	1	6263.32	331460	331446	13.5429	2302	7170	4166	9	0.0001 Colloc0 2302 45934 0.139525 318.985
440	1	6406.47	330903	330891	12.5851	2310	7174	4162	5	0.0001 Colloc0 2310 45965 0.193488 248.093
450	1	6545.79	330460	330446	13.2771	2334	7323	4013	7	0.0001 Colloc0 2334 45873 0.157765 298.863
460	1	6691.07	330247	330234	12.7443	2336	7357	3979	8	0.0001 Colloc0 2336 45871 0.202188 259.546
470	1	6836.32	329449	329435	13.257	2316	7427	3909	7	0.0001 Colloc0 2316 45804 0.157107 297.349
480	1	6979.83	327716	327703	13.4895	2310	7648	3688	4	0.0001 Colloc0 2310 45549 0.150621 314.915
490	1	7118.33	327859	327846	13.176	2277	7593	3743	5	0.0001 Colloc0 2277 45582 0.163291 291.287
500	1	7261.72	328178	328165	12.8941	2309	7561	3775	4	0.0001 Colloc0 2309 45531 0.18382 270.451
510	1	7400.57	328294	328281	13.058	2309	7505	3831	5	0.0001 Colloc0 2309 45494 0.16493 282.514
520	1	7542.01	328351	328338	13.1959	2330	7423	3913	7	0.0001 Colloc0 2330 45491 0.178756 292.778
530	1	7682.74	328269	328255	13.3112	2330	7451	3885	7	0.0001 Colloc0 2330 45464 0.153856 301.424
540	1	7825.72	328524	328511	12.8578	2352	7417	3919	6	0.0001 Colloc0 2352 45450 0.187612 267.797
550	1	7970.85	327695	327683	12.937	2303	7516	3820	5	0.0001 Colloc0 2303 45366 0.186526 273.597
560	1	8114.15	327509	327496	13.4309	2323	7525	3811	11	0.0001 Colloc0 2323 45348 0.14612 310.471
570	1	8257.64	327047	327034	13.0666	2340	7694	3642	8	0.0001 Colloc0 2340 45220 0.163077 283.156
580	1	8391.13	326980	326966	13.2272	2367	7538	3798	7	0.0001 Colloc0 2367 45187 0.174383 295.118
590	1	8531.58	327165	327152	13.3832	2401	7529	3807	7	0.0001 Colloc0 2401 45066 0.167023 306.852
600	1	8671.08	327381	327367	13.1718	2358	7452	3884	7	0.0001 Colloc0 2358 45132 0.181445 290.974
610	1	8811.8	326979	326966	13.0155	2360	7449	3887	6	0.0001 Colloc0 2360 45077 0.186463 279.371
620	1	8952.87	326825	326811	13.4399	2379	7516	3820	6	0.0001 Colloc0 2379 45092 0.170142 311.151
630	1	9088.79	326813	326800	13.4111	2342	7534	3802	7	0.0001 Colloc0 2342 45023 0.154893 308.969
640	1	9223.93	326399	326386	13.0989	2359	7642	3694	8	0.0001 Colloc0 2359 45033 0.176679 285.549
650	1	9357.09	326648	326635	12.7398	2379	7581	3755	7	0.0001 Colloc0 2379 45047 0.194002 259.219
660	1	9496.9	326515	326502	12.8133	2370	7537	3799	8	0.0001 Colloc0 2370 44971 0.18331 264.551
670	1	9634.02	326788	326774	13.4024	2361	7566	3770	5	0.0001 Colloc0 2361 45039 0.151604 308.311
680	1	9776.54	325445	325432	12.7175	2362	7686	3650	7	0.0001 Colloc0 2362 44850 0.193884 257.604
690	1	9918.62	324937	324924	13.0733	2381	7807	3529	5	0.0001 Colloc0 2381 44793 0.203813 283.652
700	1	10061	324687	324675	12.8512	2363	7920	3416	6	0.0001 Colloc0 2363 44665 0.186952 267.314
710	1	10204.8	323189	323176	12.8197	2343	8038	3298	7	0.0001 Colloc0 2343 44526 0.191138 265.015
720	1	10343.8	322372	322359	13.2087	2378	8392	2944	9	0.0001 Colloc0 2378 44358 0.163019 293.736
730	1	10483	322603	322590	13.0597	2377	8347	2989	6	0.0001 Colloc0 2377 44324 0.167778 282.639
740	1	10625.8	322429	322416	13.2136	2409	8403	2933	7	0.0001 Colloc0 2409 44336 0.18342 294.1
750	1	10767.9	321959	321946	12.8077	2352	8433	2903	8	0.0001 Colloc0 2352 44257 0.187902 264.141
760	1	10911.2	321902	321888	13.6844	2345	8501	2835	9	0.0001 Colloc0 2345 44199 0.135513 329.825
