# D = 0, E = 1, I = 1, P = 1, R = -1, n = 2000, N = 1, P = 1, w = 1, a = 0.0001, b = 10000, e = 1, f = 1, g = 100, h = 0.01, r = 26574, s = 1, S = 0, x = 10, m = 100, Z = 1, z = 0, T = 1, t = 1
# 131381 tokens in 11336 sentences
#
# It	Temp	Time	-logP	-logPcorpus	-logPrior	tables	same	changed	reject	default_pya	(parent pym pyn pya pyb)*
0	1	18.8631	589966	589852	113.764	15758	0	11336	0	0.0001 Colloc0 15758 73116 0.0001 10000
10	1	247.668	427674	427659	15.0224	4227	2558	8778	9	0.0001 Colloc0 4227 57184 0.249238 435.999
20	1	410.795	403628	403612	15.9077	2690	3176	8160	5	0.0001 Colloc0 2690 55036 0.0525035 509.174
30	1	563.928	393824	393809	15.0099	2472	3639	7697	2	0.0001 Colloc0 2472 54348 0.0693491 434.98
40	1	711.341	382780	382766	13.754	2279	4020	7316	4	0.0001 Colloc0 2279 53303 0.0990003 335.19
50	1	851.553	376582	376568	13.7444	2228	4419	6917	7	0.0001 Colloc0 2228 52747 0.095121 334.452
60	1	988.657	372489	372474	14.597	2187	4590	6746	6	0.0001 Colloc0 2187 52243 0.0502429 401.596
70	1	1132.13	369577	369563	13.5283	2190	4728	6608	5	0.0001 Colloc0 2190 51910 0.108208 317.871
80	1	1274.21	366547	366534	13.2286	2187	4786	6550	6	0.0001 Colloc0 2187 51463 0.152391 295.222
90	1	1409.71	365065	365052	13.2253	2268	4954	6382	6	0.0001 Colloc0 2268 51283 0.149416 294.977
100	1	1554.22	362981	362968	13.3027	2244	5185	6151	5	0.0001 Colloc0 2244 50964 0.140076 300.785
110	1	1699.97	358841	358828	13.2763	2244	5417	5919	4	0.0001 Colloc0 2244 50486 0.149468 298.797
120	1	1842.15	357270	357257	12.8182	2242	5642	5694	4	0.0001 Colloc0 2242 50442 0.174809 264.906
130	1	1984.95	357196	357183	12.9569	2285	5702	5634	6	0.0001 Colloc0 2285 50269 0.163247 275.058
140	1	2135.39	355667	355654	13.2439	2288	5878	5458	6	0.0001 Colloc0 2288 50073 0.158513 296.371
150	1	2273.01	355041	355028	13.0984	2303	5670	5666	8	0.0001 Colloc0 2303 49997 0.172996 285.516
160	1	2413.34	353747	353734	12.9251	2256	5813	5523	4	0.0001 Colloc0 2256 49939 0.156899 272.719
170	1	2553.98	351341	351328	13.1892	2255	6164	5172	6	0.0001 Colloc0 2255 49656 0.156352 292.277
180	1	2699.91	351972	351959	13.3288	2240	6053	5283	5	0.0001 Colloc0 2240 49590 0.145471 302.748
190	1	2847.44	349642	349629	12.9753	2237	6290	5046	7	0.0001 Colloc0 2237 49386 0.149699 276.411
200	1	2994.45	349651	349638	12.8101	2252	6272	5064	8	0.0001 Colloc0 2252 49355 0.176528 264.32
210	1	3138.04	349092	349078	13.1109	2224	6213	5123	6	0.0001 Colloc0 2224 49352 0.152455 286.441
220	1	3272.56	348371	348358	12.7857	2275	6398	4938	7	0.0001 Colloc0 2275 49317 0.168567 262.544
230	1	3408.64	347669	347656	12.7756	2226	6546	4790	6	0.0001 Colloc0 2226 49226 0.160478 261.809
240	1	3546.51	347462	347448	13.5546	2274	6540	4796	5	0.0001 Colloc0 2274 49100 0.130724 319.883
250	1	3686.66	347529	347516	12.6256	2283	6623	4713	7	0.0001 Colloc0 2283 49093 0.202635 250.987
260	1	3828.85	346500	346487	12.8463	2270	6583	4753	5	0.0001 Colloc0 2270 49005 0.177191 266.959
270	1	3965.96	346317	346304	12.3496	2258	6720	4616	6	0.0001 Colloc0 2258 48966 0.191348 231.428
280	1	4106.37	345593	345580	13.073	2207	6755	4581	6	0.0001 Colloc0 2207 48866 0.147031 283.631
290	1	4240.03	345234	345222	12.8951	2188	6739	4597	6	0.0001 Colloc0 2188 48810 0.155504 270.524
300	1	4381	345154	345141	12.6537	2230	6756	4580	9	0.0001 Colloc0 2230 48786 0.167874 253.005
310	1	4528.68	343924	343911	12.6929	2235	6910	4426	5	0.0001 Colloc0 2235 48505 0.189331 255.828
320	1	4668.37	342332	342319	13.219	2245	7132	4204	6	0.0001 Colloc0 2245 48411 0.161806 294.502
330	1	4808.51	342012	342000	12.6122	2250	7166	4170	4	0.0001 Colloc0 2250 48367 0.18843 250.03
340	1	4952.43	341051	341038	13.0669	2241	7266	4070	6	0.0001 Colloc0 2241 48334 0.16566 283.179
350	1	5096.83	340450	340438	12.6304	2203	7439	3897	3	0.0001 Colloc0 2203 48289 0.183817 251.334
360	1	5238.01	339587	339574	12.6889	2210	7558	3778	4	0.0001 Colloc0 2210 48183 0.163866 255.54
370	1	5383.27	339112	339099	13.0652	2203	7596	3740	3	0.0001 Colloc0 2203 48217 0.162685 283.048
380	1	5527.75	339655	339642	12.5277	2229	7392	3944	3	0.0001 Colloc0 2229 48158 0.173118 243.995
390	1	5666.88	338133	338121	12.6068	2255	7584	3752	6	0.0001 Colloc0 2255 48020 0.186952 249.644
400	1	5806.87	337620	337607	12.8418	2209	7561	3775	3	0.0001 Colloc0 2209 47905 0.176023 266.627
410	1	5943.61	338263	338250	13.0202	2252	7537	3799	4	0.0001 Colloc0 2252 47846 0.168726 279.723
420	1	6082.44	338045	338032	12.9439	2216	7480	3856	5	0.0001 Colloc0 2216 47881 0.166637 274.099
430	1	6224.46	337369	337355	13.4714	2232	7507	3829	6	0.0001 Colloc0 2232 47596 0.140825 313.545
440	1	6362.67	338324	338311	12.9551	2243	7407	3929	5	0.0001 Colloc0 2243 47646 0.168404 274.923
450	1	6497.45	334379	334366	12.4831	2257	7633	3703	3	0.0001 Colloc0 2257 47042 0.19208 240.833
460	1	6640.66	333865	333852	12.8831	2262	7731	3605	4	0.0001 Colloc0 2262 46972 0.18561 269.646
470	1	6784.27	333361	333348	12.8451	2278	7855	3481	4	0.0001 Colloc0 2278 46927 0.176032 266.871
480	1	6925.43	333386	333373	12.6991	2282	7832	3504	4	0.0001 Colloc0 2282 46801 0.183751 256.278
490	1	7069.64	333277	333264	13.0302	2258	7792	3544	5	0.0001 Colloc0 2258 46834 0.165256 280.457
500	1	7214.83	331863	331850	13.3715	2239	7976	3360	2	0.0001 Colloc0 2239 46679 0.142124 305.971
510	1	7357.79	331243	331230	12.495	2249	7997	3339	5	0.0001 Colloc0 2249 46564 0.184888 241.677
520	1	7499.87	330234	330221	12.6591	2221	8089	3247	5	0.0001 Colloc0 2221 46487 0.189315 253.399
530	1	7639.52	329849	329837	12.7057	2211	8149	3187	4	0.0001 Colloc0 2211 46484 0.176425 256.75
540	1	7782.72	330525	330512	13.1185	2262	7997	3339	7	0.0001 Colloc0 2262 46428 0.164954 287.004
550	1	7925.92	330321	330308	12.7578	2245	8020	3316	2	0.0001 Colloc0 2245 46402 0.170063 260.522
560	1	8070.25	330561	330547	13.3007	2244	8042	3294	3	0.0001 Colloc0 2244 46376 0.154342 300.637
570	1	8212.46	330317	330304	13.0565	2227	8029	3307	2	0.0001 Colloc0 2227 46400 0.160159 282.405
580	1	8354.89	330348	330335	12.6707	2271	8177	3159	3	0.0001 Colloc0 2271 46329 0.181809 254.232
590	1	8493.31	329614	329602	12.3745	2283	8176	3160	2	0.0001 Colloc0 2283 46192 0.208384 233.173
600	1	8638.01	329130	329117	13.091	2267	8196	3140	3	0.0001 Colloc0 2267 46210 0.166599 284.962
610	1	8777.04	328805	328792	12.7062	2282	8312	3024	4	0.0001 Colloc0 2282 46207 0.205079 256.789
620	1	8918.83	328627	328615	12.7029	2281	8223	3113	3	0.0001 Colloc0 2281 46102 0.188375 256.55
630	1	9059.24	328489	328476	13.0562	2282	8179	3157	3	0.0001 Colloc0 2282 46092 0.176092 282.386
640	1	9198.07	327611	327598	12.9568	2233	8247	3089	3	0.0001 Colloc0 2233 46049 0.179069 275.051
650	1	9332.1	327675	327662	12.7367	2262	8352	2984	3	0.0001 Colloc0 2262 46051 0.191469 258.997
660	1	9476.19	327348	327335	12.8806	2284	8200	3136	5	0.0001 Colloc0 2284 45938 0.172454 269.464
670	1	9620.1	327076	327063	13.0961	2272	8296	3040	2	0.0001 Colloc0 2272 45897 0.176539 285.343
680	1	9764.47	327010	326998	12.8938	2267	8231	3105	4	0.0001 Colloc0 2267 45842 0.174998 270.426
690	1	9906.96	326119	326106	12.9841	2255	8337	2999	4	0.0001 Colloc0 2255 45717 0.177255 277.062
700	1	10053.2	325840	325827	12.7365	2300	8460	2876	7	0.0001 Colloc0 2300 45685 0.185924 258.979
710	1	10195.2	325372	325359	12.7649	2250	8347	2989	4	0.0001 Colloc0 2250 45683 0.199166 261.035
720	1	10330.1	325484	325471	12.632	2258	8426	2910	5	0.0001 Colloc0 2258 45632 0.189025 251.45
730	1	10462.8	325837	325824	12.9659	2258	8228	3108	6	0.0001 Colloc0 2258 45669 0.17058 275.718
740	1	10601.6	325598	325586	12.6068	2294	8360	2976	5	0.0001 Colloc0 2294 45625 0.203714 249.641
750	1	10746.1	325811	325798	12.4077	2300	8103	3233	3	0.0001 Colloc0 2300 45598 0.204758 235.505
760	1	10891.8	326471	326458	12.876	2255	8056	3280	5	0.0001 Colloc0 2255 45659 0.182457 269.123
770	1	11039.3	326997	326984	13.0434	2288	7880	3456	6	0.0001 Colloc0 2288 45612 0.155588 281.436
